10000 10 182.927 -12275.666 -224.564 0.1732 0 0 0 0.0 0.0 0.0 0.0 0.0 
20000 20 332.392 -24564.947 -408.21 0.3181 0 0 0 0.0 0.0 0.0 0.0 0.0 
30000 30 454.516 -37326.127 -567.994 1.5532 0 0 0 0.014646 1.851993 0.2676017 0.15595 0.1277642 
40000 40 554.3 -50046.813 -696.75 2.6521 0 0 0 0.0098815 3.5913718 0.3727454 0.1101417 0.0888311 
50000 50 635.83 -63197.891 -810.227 3.5077 0 0 0 0.0080408 5.2346481 0.4255329 0.0989504 0.0729207 
60000 60 702.447 -69404.59 -772.538 4.2279 0 0 0 0.009575 5.8714526 0.7878869 0.0917088 0.0876645 
70000 70 756.877 -78272.519 -796.06 4.8126 0 0 0 0.0083318 5.4715616 0.8499231 0.0890996 0.0757077 
80000 80 801.351 -85099.59 -772.151 5.3004 0 0 0 0.0094714 5.2229878 1.3834865 0.0839726 0.0865758 
90000 90 837.689 -86704.596 -657.944 5.7252 0 0 0 0.0094369 4.1130011 1.7216088 0.0921189 0.0865719 
100000 100 867.38 -86287.499 -531.007 6.0346 0 0 0 0.0095383 2.3226913 1.5853136 0.0935095 0.0880432 
110000 110 891.64 -88897.871 -481.335 6.2946 0 0 0 0.0100636 0.4756725 1.9693719 0.0851822 0.0907967 
120000 120 911.462 -90989.049 -429.922 6.5175 0 0 0 0.0092239 -1.8489221 1.8170712 0.0840113 0.0848922 
130000 130 927.658 -87165.373 -279.913 6.7067 0 0 0 0.0083078 -4.4742446 1.5483169 0.0771455 0.077297 
140000 140 940.891 -86006.837 -206.488 6.8553 0 0 0 0.008469 -6.5818612 1.5009327 0.0782143 0.0758469 
150000 150 951.704 -84840.145 -151.324 6.9755 0 0 0 0.0075036 -8.9901799 1.3607253 0.0711354 0.0678621 
160000 160 960.539 -81873.249 -70.772 7.0829 0 0 0 0.0072726 -11.0528126 1.8570191 0.0687765 0.0669769 
170000 170 967.757 -84856.401 -114.315 7.2048 0 0 0 0.0071179 -13.2091267 1.6638378 0.0679661 0.0652071 
180000 180 973.655 -80125.05 -6.723 7.2764 0 0 0 0.0069376 -15.8660837 1.8333978 0.0628507 0.0625602 
190000 190 978.474 -75192.902 84.743 7.32 0 0 0 0.0065888 -18.2276017 1.5718756 0.0605907 0.05853 
200000 200 982.412 -72520.237 118.539 7.3597 0 0 0 0.0064667 -20.6601532 1.4025308 0.0626051 0.059226 
210000 210 985.629 -67127.943 195.64 7.394 0 0 0 0.0059232 -23.0183837 1.8964466 0.0686967 0.0530165 
220000 220 988.258 -61907.546 255.713 7.4248 0 0 0 0.0056396 -25.8184035 2.6285052 0.0619539 0.0492686 
230000 230 990.406 -56858.098 301.524 7.4597 0 0 0 0.0053504 -28.2486992 1.7437255 0.0615073 0.0479642 
240000 240 992.161 -51156.888 350.934 7.4777 0 0 0 0.0054289 -30.946007 1.6711231 0.0622087 0.0487669 
250000 250 993.595 -45066.069 398.427 7.4927 0 0 0 0.0055279 -33.3364707 2.4849272 0.060733 0.0492836 
260000 260 994.767 -38695.346 442.517 7.4998 0 0 0 0.0048745 -35.4143648 1.7457597 0.0571734 0.0438305 
270000 270 995.724 -31873.288 485.941 7.533 0 0 0 0.0047505 -37.4972046 1.0134795 0.0616451 0.0438919 
280000 280 996.506 -25583.176 512.259 7.5382 0 0 0 0.0048578 -39.7434929 1.444678 0.0640577 0.0434885 
290000 290 997.145 -17573.971 564.52 7.5241 0 0 0 0.0044368 -41.6879594 1.4996129 0.0530352 0.0399132 
300000 300 997.667 -9961.53 600.728 7.5346 0 0 0 0.0049771 -42.9856224 4.3181063 0.0552038 0.0423294 
310000 310 998.094 -1388.315 647.998 7.5484 0 0 0 0.0048518 -44.7676358 3.007662 0.0536809 0.0407524 
320000 320 998.443 4893.838 644.71 7.5765 0 0 0 0.0048112 -46.6578236 3.9431362 0.0611308 0.0417146 
330000 330 998.728 10169.384 623.407 7.5851 0 0 0 0.004836 -48.61137 1.9166111 0.0543524 0.042934 
340000 340 998.96 15640.132 609.626 7.6205 0 0 0 0.0052729 -50.6090053 2.8776095 0.0521347 0.0469628 
350000 350 999.151 22675.991 626.734 7.6322 0 0 0 0.0057353 -52.2127164 2.4774762 0.0661608 0.0504057 
360000 360 999.306 29382.646 634.95 7.643 0 0 0 0.0056397 -54.5775636 2.3623977 0.0635785 0.0499204 
370000 370 999.433 36983.573 658.043 7.6337 0 0 0 0.0063777 -57.0109425 3.8613451 0.0618681 0.0571012 
380000 380 999.537 45275.169 690.134 7.6424 0 0 0 0.0068496 -59.1299565 2.8279969 0.0624465 0.0601115 
390000 390 999.621 53484.432 714.015 7.6415 0 0 0 0.0071047 -61.3772943 4.0118897 0.0628455 0.0616732 
400000 400 999.691 60352.718 708.451 7.6434 0 0 0 0.0069646 -63.7788066 6.6285262 0.0673677 0.0608488 
410000 410 999.747 70115.841 757.271 7.6536 0 0 0 0.0064237 -65.980277 6.1882845 0.0658183 0.0569578 
420000 420 999.793 79945.466 799.328 7.6465 0 0 0 0.0063922 -68.2249771 4.4512012 0.0635065 0.0563554 
430000 430 999.831 89221.193 823.457 7.6343 0 0 0 0.0073376 -70.3765003 6.7706747 0.0685478 0.0645466 
440000 440 999.862 98822.339 848.306 7.6302 0 0 0 0.0072365 -72.5139047 8.0451019 0.0681671 0.0645742 
450000 450 999.887 108535.25 871.129 7.6312 0 0 0 0.0071277 -74.2995971 7.7809682 0.0636886 0.063602 
460000 460 999.908 118979.053 902.914 7.6315 0 0 0 0.0075629 -76.1207453 8.0307254 0.06734 0.0662753 
470000 470 999.925 129318.244 926.654 7.6205 0 0 0 0.0074006 -77.9949132 5.6045686 0.066556 0.0663237 
480000 480 999.939 139226.053 938.751 7.6065 0 0 0 0.0071248 -79.6358129 10.3710616 0.0698744 0.0640423 
490000 490 999.95 149620.577 957.099 7.6274 0 0 0 0.0073765 -81.2299177 8.5126435 0.0684969 0.0651403 
500000 500 999.959 159267.902 958.358 7.6506 0 0 0 0.0074536 -83.1311195 7.1695403 0.0695708 0.0670178 
510000 510 999.966 169132.295 963.385 7.6437 0 0 0 0.0077156 -84.5517523 11.3006774 0.0629039 0.0689302 
520000 520 999.973 178300.0 954.913 7.6831 0 0 0 0.0072659 -86.3169594 8.6107507 0.0643164 0.0655237 
530000 530 999.978 187504.166 948.144 7.7053 0 0 0 0.0073085 -88.037739 7.009186 0.0657971 0.0652546 
540000 540 999.982 196243.044 934.371 7.7124 0 0 0 0.0074587 -89.3018194 14.6717877 0.0691899 0.0657477 
550000 550 999.985 205350.602 930.281 7.6932 0 0 0 0.0074084 -90.9684165 4.621886 0.0655721 0.0662325 
560000 560 999.988 214671.533 930.771 7.6836 0 0 0 0.0070709 -92.2590345 11.5526464 0.0662974 0.0613156 
570000 570 999.99 224490.216 940.569 7.6804 0 0 0 0.0065908 -93.5853467 9.9597398 0.0670815 0.0586987 
580000 580 999.992 234639.508 954.102 7.6771 0 0 0 0.0065058 -94.6330149 11.0165973 0.0643243 0.0583413 
590000 590 999.993 245954.086 986.731 7.6572 0 0 0 0.007248 -95.6314553 11.8280877 0.0657149 0.0617745 
600000 600 999.995 256487.423 999.648 7.6643 0 0 0 0.0068887 -96.8671113 10.9971964 0.0636782 0.0615103 
610000 610 999.996 266890.191 1008.288 7.6721 0 0 0 0.0063524 -97.9385373 4.0431583 0.0652958 0.0575095 
620000 620 999.996 277966.937 1027.02 7.6814 0 0 0 0.0066059 -99.1969748 7.6296292 0.0694832 0.0593958 
630000 630 999.997 289166.927 1043.823 7.6645 0 0 0 0.0065155 -100.4556276 9.6276216 0.0657182 0.0569829 
640000 640 999.998 298627.412 1025.692 7.6732 0 0 0 0.0065341 -101.5228596 14.9554728 0.0636636 0.0580143 
650000 650 999.998 307562.371 1000.502 7.6589 0 0 0 0.0063029 -102.5468097 10.5505678 0.0657601 0.0562625 
660000 660 999.998 318242.001 1012.905 7.6643 0 0 0 0.0065625 -103.663483 17.1639248 0.060874 0.0582712 
670000 670 999.999 328480.492 1015.11 7.6548 0 0 0 0.0065932 -104.572449 11.2721974 0.0639893 0.0574604 
680000 680 999.999 339475.745 1030.657 7.6421 0 0 0 0.0065607 -105.7043466 12.2073525 0.0626357 0.0573862 
690000 690 999.999 351121.018 1055.95 7.6336 0 0 0 0.0062188 -106.7797103 14.0614348 0.0652578 0.0560306 
700000 700 999.999 363089.701 1081.692 7.6495 0 0 0 0.0062907 -107.9165155 7.9337497 0.0628636 0.0565329 
710000 710 999.999 374800.649 1098.07 7.6421 0 0 0 0.0062038 -109.1577313 10.9521827 0.0652903 0.0551197 
720000 720 1000.0 386596.94 1112.932 7.653 0 0 0 0.0071659 -110.0454747 15.8436774 0.058606 0.0595408 
730000 730 1000.0 398573.732 1128.484 7.6591 0 0 0 0.0061866 -111.6391551 17.4712595 0.0634543 0.0550932 
740000 740 1000.0 410249.519 1135.322 7.6806 0 0 0 0.0064013 -112.7114803 11.562638 0.0640154 0.0557912 
750000 750 1000.0 421558.339 1134.081 7.6812 0 0 0 0.0062469 -113.9785086 14.8365211 0.0600762 0.0550429 
760000 760 1000.0 432918.37 1134.468 7.6601 0 0 0 0.0061234 -115.2066495 13.6594755 0.0615719 0.0557976 
770000 770 1000.0 444045.685 1130.119 7.6469 0 0 0 0.006111 -116.2719554 17.8684916 0.0567044 0.0539306 
780000 780 1000.0 456015.968 1142.277 7.6306 0 0 0 0.0059749 -117.342308 8.5627187 0.0592453 0.0542997 
790000 790 1000.0 468039.436 1153.424 7.6273 0 0 0 0.0063396 -118.2858341 16.8154666 0.0578642 0.0565713 
800000 800 1000.0 480675.454 1173.399 7.6338 0 0 0 0.0062484 -119.4810532 15.0691378 0.0572947 0.0535334 
810000 810 1000.0 493226.139 1188.616 7.6332 0 0 0 0.006146 -120.6049924 26.0738464 0.0591778 0.0540654 
820000 820 1000.0 507284.658 1228.472 7.6294 0 0 0 0.0064259 -121.9150748 27.9250351 0.0585665 0.0570325 
830000 830 1000.0 521091.433 1256.006 7.6261 0 0 0 0.0058829 -123.1466633 21.9782548 0.0557205 0.0525129 
840000 840 1000.0 536045.33 1299.842 7.5984 0 0 0 0.0062039 -124.6811217 22.8810866 0.0601544 0.0552 
850000 850 1000.0 550553.439 1327.664 7.6204 0 0 0 0.0067188 -126.1256453 23.5687119 0.0570288 0.0572212 
860000 860 1000.0 565609.614 1359.8 7.656 0 0 0 0.0058537 -127.7979025 5.784912 0.0588234 0.0533167 
870000 870 1000.0 579994.374 1374.139 7.622 0 0 0 0.0062501 -129.2217955 12.6360408 0.058729 0.0570466 
880000 880 1000.0 594910.135 1395.485 7.6256 0 0 0 0.0062492 -130.5490566 20.959745 0.0567052 0.0562037 
890000 890 1000.0 609255.47 1402.656 7.6418 0 0 0 0.0061015 -132.0607011 14.1955136 0.0577269 0.0547929 
900000 900 1000.0 624059.75 1416.662 7.6454 0 0 0 0.0063417 -133.4364451 13.7328684 0.0551602 0.0569818 
910000 910 1000.0 638711.342 1425.624 7.6327 0 0 0 0.0062372 -134.6623375 29.1945948 0.0539472 0.0567711 
920000 920 1000.0 653475.11 1435.186 7.6455 0 0 0 0.0059766 -136.371427 19.5672376 0.0523633 0.0536486 
930000 930 1000.0 668072.121 1439.098 7.6457 0 0 0 0.0057427 -137.5494098 11.351283 0.0526351 0.0528905 
940000 940 1000.0 682685.09 1443.003 7.6344 0 0 0 0.0058252 -138.806082 5.9880672 0.0539075 0.0537302 
950000 950 1000.0 697009.997 1440.997 7.6466 0 0 0 0.0062598 -139.8087142 42.4469302 0.0507889 0.0538533 
960000 960 1000.0 711526.959 1442.577 7.6438 0 0 0 0.0059188 -141.0874466 28.2142098 0.0516778 0.0543503 
970000 970 1000.0 725313.783 1430.309 7.6561 0 0 0 0.0063154 -142.3630101 36.6161123 0.0514361 0.0559909 
980000 980 1000.0 740042.516 1437.955 7.6241 0 0 0 0.0059037 -143.8581618 17.3107669 0.0481022 0.053077 
990000 990 1000.0 755165.813 1451.087 7.6431 0 0 0 0.0058775 -145.0283121 27.8779988 0.0503648 0.0519676 
1000000 1000 1000.0 769550.998 1448.449 7.6512 0 0 0 0.0054921 -145.977182 21.795718 0.0486509 0.0502754 
1010000 1010 1000.0 783639.385 1441.036 7.6617 0 0 0 0.0057421 -147.0742888 31.5712983 0.049958 0.0524057 
1020000 1020 1000.0 796768.95 1417.928 7.6762 0 0 0 0.0057413 -147.9408725 24.4458537 0.0498389 0.0510593 
1030000 1030 1000.0 810554.341 1410.834 7.6996 0 0 0 0.0056514 -148.6500775 26.1358226 0.0492234 0.051093 
1040000 1040 1000.0 823599.391 1391.658 7.6971 0 0 0 0.0057564 -149.4610741 19.6260258 0.0483977 0.0528375 
1050000 1050 1000.0 836856.568 1380.086 7.69 0 0 0 0.0054907 -150.0866225 22.0565907 0.0489277 0.0503769 
1060000 1060 1000.0 850134.681 1370.679 7.6885 0 0 0 0.0055194 -150.5052749 26.229159 0.0495137 0.0507752 
1070000 1070 1000.0 863458.43 1364.063 7.6932 0 0 0 0.0057096 -151.0651087 30.0335566 0.0491592 0.0511078 
1080000 1080 1000.0 876922.67 1360.166 7.711 0 0 0 0.0054822 -151.7835246 21.8935177 0.0513768 0.0499368 
1090000 1090 1000.0 890239.701 1355.093 7.7406 0 0 0 0.0053894 -152.684556 7.7322598 0.0486475 0.0498609 
1100000 1100 1000.0 904445.109 1367.164 7.7309 0 0 0 0.0053452 -153.2499463 16.9990812 0.0504538 0.0482963 
1110000 1110 1000.0 917990.884 1364.523 7.7529 0 0 0 0.005395 -153.696982 20.7169156 0.0513002 0.0490924 
1120000 1120 1000.0 932216.176 1374.879 7.7531 0 0 0 0.0056603 -154.2677057 19.8211834 0.0515181 0.0517519 
1130000 1130 1000.0 946921.454 1392.481 7.7483 0 0 0 0.0056613 -154.751765 31.3116073 0.0518207 0.0499117 
1140000 1140 1000.0 961352.778 1402.363 7.766 0 0 0 0.0053957 -155.6103838 17.9185681 0.0505072 0.0488521 
1150000 1150 1000.0 975211.088 1398.681 7.7394 0 0 0 0.0057051 -155.9912586 30.6736724 0.0511581 0.0495884 
1160000 1160 1000.0 990119.028 1416.41 7.7236 0 0 0 0.0056919 -156.5820787 27.2113596 0.0503039 0.0511726 
1170000 1170 1000.0 1005415.736 1437.303 7.7133 0 0 0 0.0052391 -157.4762401 18.3222954 0.0497134 0.0466761 
1180000 1180 1000.0 1020554.535 1450.98 7.6769 0 0 0 0.0055041 -157.8812657 36.7695925 0.0500873 0.0481422 
1190000 1190 1000.0 1035388.86 1457.352 7.6786 0 0 0 0.0052409 -158.3654568 27.9508357 0.0491281 0.0476097 
1200000 1200 1000.0 1050058.859 1459.293 7.6842 0 0 0 0.005162 -159.1290631 8.6481576 0.0496778 0.0462028 
1210000 1210 1000.0 1064296.844 1452.41 7.6995 0 0 0 0.0056332 -159.4036537 56.9730046 0.0499088 0.0480423 
1220000 1220 1000.0 1079242.854 1460.005 7.6981 0 0 0 0.0053114 -159.907379 48.2654342 0.0489057 0.045771 
1230000 1230 1000.0 1093621.847 1456.545 7.6863 0 0 0 0.0049531 -160.7047482 20.610682 0.0484954 0.044937 
1240000 1240 1000.0 1108107.538 1455.341 7.6981 0 0 0 0.0050105 -161.4975797 9.9414055 0.0479452 0.0449548 
1250000 1250 1000.0 1122561.286 1453.375 7.6819 0 0 0 0.005469 -162.1131139 32.4968636 0.0465055 0.0462983 
1260000 1260 1000.0 1136617.193 1444.078 7.6936 0 0 0 0.0050411 -162.6518006 19.668697 0.047619 0.0443332 
1270000 1270 1000.0 1150801.971 1439.146 7.684 0 0 0 0.0050427 -163.0221748 24.2022214 0.0476126 0.0438128 
1280000 1280 1000.0 1165084.518 1437.059 7.6633 0 0 0 0.0045418 -163.4662391 31.7302775 0.0470081 0.0411901 
1290000 1290 1000.0 1179360.838 1435.051 7.6907 0 0 0 0.004616 -163.9724294 36.9490072 0.0472535 0.0413163 
1300000 1300 1000.0 1193994.73 1440.549 7.6833 0 0 0 0.0046709 -164.2306295 32.1776892 0.0463499 0.040747 
1310000 1310 1000.0 1208590.632 1444.039 7.6584 0 0 0 0.0045643 -164.5282885 25.3760053 0.0458874 0.0404456 
1320000 1320 1000.0 1223165.974 1446.402 7.6694 0 0 0 0.0043092 -165.0519244 20.9042704 0.0464283 0.0384667 
1330000 1330 1000.0 1238201.528 1456.556 7.6466 0 0 0 0.0045586 -165.4371641 13.0486072 0.0465063 0.0407354 
1340000 1340 1000.0 1253134.367 1463.19 7.6351 0 0 0 0.0042688 -165.7775926 26.2379371 0.0461991 0.0376787 
1350000 1350 1000.0 1268948.697 1485.058 7.6197 0 0 0 0.0044363 -166.3533852 29.0198047 0.0472085 0.039611 
1360000 1360 1000.0 1284491.636 1497.466 7.6296 0 0 0 0.0048791 -166.738025 28.4730017 0.0454245 0.0405198 
1370000 1370 1000.0 1299878.507 1504.814 7.6256 0 0 0 0.0044977 -166.9956206 12.9456559 0.0452409 0.0395061 
1380000 1380 1000.0 1315499.639 1515.373 7.5948 0 0 0 0.004321 -167.3555355 33.9268775 0.0451738 0.0387112 
1390000 1390 1000.0 1331016.56 1521.96 7.62 0 0 0 0.0046792 -167.8144329 24.9634819 0.0468851 0.0400305 
1400000 1400 1000.0 1346112.521 1519.977 7.6687 0 0 0 0.0043118 -168.1509894 23.4195046 0.0466981 0.0384045 
1410000 1410 1000.0 1361164.792 1516.448 7.6776 0 0 0 0.0040362 -168.6758045 9.9936088 0.0457625 0.0356474 
1420000 1420 1000.0 1376186.61 1513.755 7.68 0 0 0 0.0047082 -168.7182849 59.6875891 0.046924 0.03949 
1430000 1430 1000.0 1391004.478 1507.937 7.6695 0 0 0 0.0040698 -169.2471201 9.2476578 0.0462313 0.0363996 
1440000 1440 1000.0 1405458.027 1496.419 7.6567 0 0 0 0.0044064 -169.3007633 32.1275659 0.0464242 0.038766 
1450000 1450 1000.0 1420417.514 1496.549 7.6589 0 0 0 0.0043701 -169.6030973 23.9516062 0.0461202 0.0385049 
1460000 1460 1000.0 1435459.532 1498.201 7.6539 0 0 0 0.0042081 -170.1198169 14.3090489 0.0455533 0.0374543 
1470000 1470 1000.0 1449900.424 1488.044 7.6576 0 0 0 0.004599 -170.4391647 28.2056138 0.0452943 0.0382142 
1480000 1480 1000.0 1464021.444 1474.588 7.6587 0 0 0 0.0045156 -170.8552062 38.6502379 0.046261 0.0394817 
1490000 1490 1000.0 1478757.691 1474.371 7.6636 0 0 0 0.0041635 -171.1496177 14.9600961 0.0436714 0.0366666 
1500000 1500 1000.0 1494013.52 1483.835 7.6651 0 0 0 0.00482 -171.4435043 31.7211468 0.045719 0.0413886 
1510000 1510 1000.0 1509345.23 1493.445 7.6839 0 0 0 0.0049378 -171.8043982 29.0174649 0.048043 0.0418268 
1520000 1520 1000.0 1524987.505 1506.018 7.6866 0 0 0 0.0039819 -172.2973892 10.6994953 0.047025 0.0373618 
1530000 1530 1000.0 1541096.923 1525.652 7.687 0 0 0 0.0049587 -172.5208638 33.6793485 0.0470928 0.0409901 
1540000 1540 1000.0 1558110.549 1557.645 7.6705 0 0 0 0.0047138 -172.9468753 36.5028088 0.0484491 0.0415058 
1550000 1550 1000.0 1575613.299 1593.1 7.666 0 0 0 0.0052144 -173.6235909 42.1147788 0.0472339 0.0414548 
1560000 1560 1000.0 1591594.353 1593.373 7.6757 0 0 0 0.0047571 -174.4228049 29.4347799 0.0467267 0.0412085 
1570000 1570 1000.0 1606819.173 1580.123 7.7033 0 0 0 0.0044788 -175.0887853 19.2835093 0.0470748 0.0404625 
1580000 1580 1000.0 1623233.052 1591.42 7.7129 0 0 0 0.0056254 -175.7107662 58.9707153 0.0461238 0.0434676 
1590000 1590 1000.0 1640618.989 1618.467 7.7274 0 0 0 0.0045814 -176.4276145 38.7404677 0.0471636 0.0409534 
1600000 1600 1000.0 1657262.941 1627.427 7.6599 0 0 0 0.0046174 -177.4819249 43.1903482 0.0474427 0.0403719 
1610000 1610 1000.0 1673332.597 1624.227 7.3144 0 0 0 0.0049927 -178.4034026 40.4861256 0.0475969 0.0435375 
1620000 1620 1000.0 1690573.146 1644.123 7.0347 0 0 0 0.0048496 -178.9692646 29.1353293 0.0486707 0.0431281 
1630000 1630 1000.0 1707561.559 1652.978 6.7864 0 0 0 0.0046677 -179.9980878 36.1065864 0.0451633 0.0418644 
1640000 1640 1000.0 1723664.348 1644.558 6.8751 0 0 0 0.0043962 -180.7537478 31.5845855 0.0469217 0.0397452 
1650000 1650 1000.0 1740346.197 1648.446 6.9794 0 0 0 0.0052679 -181.4519934 48.8822727 0.0478353 0.0449203 
1660000 1660 1000.0 1756500.579 1641.898 7.0771 0 0 0 0.0045567 -182.4105116 24.8235456 0.0445621 0.0409976 
1670000 1670 1000.0 1772241.93 1629.343 7.1766 0 0 0 0.0051073 -183.2680622 30.311579 0.0461119 0.0445635 
1680000 1680 1000.0 1788804.98 1634.077 7.2691 0 0 0 0.0047105 -183.8935717 24.2935771 0.0461495 0.0422197 
1690000 1690 1000.0 1805331.06 1636.934 7.3559 0 0 0 0.0047877 -184.6416217 24.7591501 0.0437897 0.0419306 
1700000 1700 1000.0 1820945.645 1622.476 7.4412 0 0 0 0.005051 -184.9594375 47.9108248 0.0451806 0.0445788 
1710000 1710 1000.0 1836850.882 1617.292 7.4953 0 0 0 0.0047977 -185.5585591 37.0352359 0.0465831 0.0434986 
1720000 1720 1000.0 1853204.456 1621.09 7.523 0 0 0 0.0046889 -186.1164141 47.1398721 0.0478632 0.0414475 
1730000 1730 1000.0 1868650.015 1607.604 7.5555 0 0 0 0.0050228 -186.2664413 53.2152825 0.0473192 0.0439647 
1740000 1740 1000.0 1884817.591 1609.585 7.6038 0 0 0 0.005127 -186.4822896 53.4863529 0.0448809 0.0439676 
1750000 1750 1000.0 1901845.607 1626.683 7.6144 0 0 0 0.0046981 -187.1908433 25.7013685 0.0452035 0.0413823 
1760000 1760 1000.0 1919152.96 1646.038 7.6519 0 0 0 0.0052809 -187.2340398 52.4096723 0.0453263 0.044157 
1770000 1770 1000.0 1937007.053 1671.879 7.6838 0 0 0 0.0043426 -187.8874668 18.8427725 0.0477263 0.0402671 
1780000 1780 1000.0 1954587.325 1687.083 7.695 0 0 0 0.0052528 -188.2423943 57.207967 0.0475815 0.0462737 
1790000 1790 1000.0 1972018.991 1697.527 7.6973 0 0 0 0.0044659 -188.4122562 39.7909931 0.0474099 0.0400891 
1800000 1800 1000.0 1989335.646 1703.829 7.7163 0 0 0 0.0044928 -188.9912438 41.3695657 0.0472543 0.0402418 
1810000 1810 1000.0 2006913.182 1713.659 7.7227 0 0 0 0.0044449 -189.2373002 54.2999139 0.0445483 0.0392122 
1820000 1820 1000.0 2024628.282 1724.66 7.7191 0 0 0 0.0042148 -189.9669745 19.3966659 0.0453303 0.0392392 
1830000 1830 1000.0 2042411.808 1734.937 7.6945 0 0 0 0.0047542 -190.0074117 39.2482696 0.0468143 0.042491 
1840000 1840 1000.0 2059845.035 1736.694 7.7058 0 0 0 0.0049313 -190.8459463 33.2106648 0.048235 0.0416628 
1850000 1850 1000.0 2077095.605 1733.504 7.7003 0 0 0 0.0044332 -191.1064964 23.4059052 0.0458315 0.0391583 
1860000 1860 1000.0 2095456.224 1752.304 7.6838 0 0 0 0.0046746 -191.1110816 50.3592817 0.0456992 0.0408979 
1870000 1870 1000.0 2112043.846 1735.642 7.6455 0 0 0 0.0046692 -191.6075649 63.8825516 0.0440611 0.0402608 
1880000 1880 1000.0 2129348.651 1734.39 7.6464 0 0 0 0.0044462 -192.0430184 39.4249911 0.0468883 0.0391332 
1890000 1890 1000.0 2147468.599 1749.205 7.6494 0 0 0 0.0046397 -192.5885488 41.5450975 0.0484376 0.0402413 
1900000 1900 1000.0 2165870.593 1764.952 7.6693 0 0 0 0.004104 -193.3401829 26.4148463 0.0468538 0.0376216 
1910000 1910 1000.0 2181703.811 1732.005 7.674 0 0 0 0.0044348 -194.053778 18.2630153 0.045005 0.0397015 
1920000 1920 1000.0 2199587.43 1742.886 7.7022 0 0 0 0.0048195 -194.2518041 63.5637958 0.0479152 0.0419339 
1930000 1930 1000.0 2217893.465 1759.493 7.5623 0 0 0 0.0046077 -194.7069099 42.8648241 0.0471767 0.0401444 
1940000 1940 1000.0 2237098.169 1789.222 7.2131 0 0 0 0.0043673 -195.1444858 25.136059 0.0444901 0.0385738 
1950000 1950 1000.0 2255508.834 1798.446 6.9428 0 0 0 0.0046847 -195.7157458 53.5076526 0.0441223 0.0406749 
1960000 1960 1000.0 2273766.945 1803.851 6.7136 0 0 0 0.0043113 -196.2459407 13.1144122 0.0445435 0.0380097 
1970000 1970 1000.0 2292622.636 1819.169 6.5314 0 0 0 0.0043119 -196.808723 30.4844023 0.0461939 0.0388155 
1980000 1980 1000.0 2311788.362 1837.171 6.4212 0 0 0 0.0042655 -197.2638394 34.5853311 0.0451776 0.038761 
1990000 1990 1000.0 2330490.115 1843.396 6.3258 0 0 0 0.0040843 -197.5832965 36.3706267 0.0450698 0.0373636 
2000000 2000 1000.0 2349017.174 1844.743 6.2101 0 0 0 0.0043856 -198.2987794 26.3274172 0.0449943 0.0385716 
2010000 2010 1000.0 2367157.585 1839.547 6.1555 0 0 0 0.0039567 -198.4542576 36.0833781 0.044918 0.0362695 
2020000 2020 1000.0 2384996.026 1828.585 6.3848 0 0 0 0.004212 -199.1086709 36.8151892 0.0453673 0.0384492 
2030000 2030 1000.0 2401996.028 1805.254 6.6135 0 0 0 0.0046546 -199.2758438 50.9337329 0.0473829 0.040445 
2040000 2040 1000.0 2420307.181 1809.303 6.8099 0 0 0 0.004223 -199.6811329 35.1274757 0.0457058 0.0385459 
2050000 2050 1000.0 2438991.678 1819.798 6.9554 0 0 0 0.0043782 -200.3041518 48.795084 0.0452636 0.0386221 
2060000 2060 1000.0 2457112.484 1818.58 7.0699 0 0 0 0.0042594 -200.6350793 20.2454163 0.0455171 0.0383699 
2070000 2070 1000.0 2477077.438 1851.538 7.1541 0 0 0 0.0043568 -201.2015323 23.4760925 0.0454349 0.0390947 
2080000 2080 1000.0 2496655.17 1870.637 7.2669 0 0 0 0.0040408 -201.7555593 27.9278725 0.0459292 0.037768 
2090000 2090 1000.0 2516666.537 1894.392 7.3504 0 0 0 0.0049095 -202.089721 40.364445 0.0457277 0.0423356 
2100000 2100 1000.0 2537197.023 1923.883 7.4263 0 0 0 0.0043251 -202.5603091 51.5029363 0.0448393 0.0380216 
2110000 2110 1000.0 2557471.469 1942.637 7.4734 0 0 0 0.0044421 -203.2668218 53.1740767 0.0443082 0.0379832 
2120000 2120 1000.0 2578284.209 1968.572 7.505 0 0 0 0.0043525 -204.1229011 55.9256887 0.0454003 0.0371186 
2130000 2130 1000.0 2599687.771 2000.433 7.529 0 0 0 0.0041583 -205.0131439 26.6154439 0.0454115 0.0369066 
2140000 2140 1000.0 2620821.187 2021.107 7.5602 0 0 0 0.0040619 -205.4334804 47.3572722 0.0457944 0.0358787 
2150000 2150 1000.0 2642112.958 2040.475 7.6074 0 0 0 0.0035967 -206.1682554 27.471497 0.0447291 0.0330421 
2160000 2160 1000.0 2664091.459 2069.418 7.631 0 0 0 0.0040705 -207.130773 40.8451114 0.044292 0.0356019 
2170000 2170 1000.0 2686240.132 2095.713 7.6461 0 0 0 0.0041247 -207.8025469 55.7480286 0.0432751 0.0359814 
2180000 2180 1000.0 2707925.784 2108.96 7.6415 0 0 0 0.0036719 -208.8127817 25.2897992 0.0432 0.0339173 
2190000 2190 1000.0 2729920.292 2125.196 7.6652 0 0 0 0.0034784 -209.5499693 10.4576149 0.0437445 0.032741 
2200000 2200 1000.0 2752271.954 2145.75 7.6603 0 0 0 0.0041651 -210.5128315 63.9027136 0.0416115 0.0357806 
2210000 2210 1000.0 2774876.287 2166.683 7.6537 0 0 0 0.0039979 -211.6829895 47.9004538 0.0413726 0.0354619 
2220000 2220 1000.0 2796959.795 2174.679 7.6523 0 0 0 0.0039441 -212.932292 29.6445014 0.0419599 0.0342289 
2230000 2230 1000.0 2818764.606 2175.536 7.6325 0 0 0 0.0042133 -213.8939457 84.9501375 0.0430571 0.0349994 
2240000 2240 1000.0 2841922.973 2201.342 7.6169 0 0 0 0.0037365 -215.200447 44.4318809 0.0411428 0.0332826 
2250000 2250 1000.0 2863644.607 2195.688 7.6412 0 0 0 0.0035087 -216.1883415 47.4666961 0.0408997 0.0317003 
2260000 2260 1000.0 2886336.267 2208.962 7.6526 0 0 0 0.0034635 -217.3875439 33.5250538 0.0404282 0.0311452 
2270000 2270 1000.0 2908538.321 2211.32 7.6594 0 0 0 0.0040567 -218.2016463 89.2055142 0.0414711 0.0343128 
2280000 2280 1000.0 2931376.373 2224.894 7.6458 0 0 0 0.0038626 -219.4707463 46.9500523 0.0402642 0.0349669 
2290000 2290 1000.0 2953711.547 2226.136 7.6323 0 0 0 0.0033095 -220.7766433 49.0755141 0.0390809 0.028902 
2300000 2300 1000.0 2976430.254 2234.559 7.6253 0 0 0 0.0039184 -221.5345494 92.958011 0.0392443 0.0332531 
2310000 2310 1000.0 2999350.133 2245.326 7.6204 0 0 0 0.0041509 -222.3269951 82.1330346 0.0386681 0.0352408 
2320000 2320 1000.0 3021733.377 2243.508 7.6344 0 0 0 0.0034383 -223.352426 33.418632 0.0403572 0.031167 
2330000 2330 1000.0 3043699.18 2235.178 7.6445 0 0 0 0.0040461 -224.0714753 65.116288 0.0374947 0.0345847 
2340000 2340 1000.0 3066290.712 2239.452 7.6634 0 0 0 0.0037548 -224.7346096 57.0489349 0.0384738 0.0328846 
2350000 2350 1000.0 3088890.388 2243.161 7.6675 0 0 0 0.0035908 -225.9139656 43.5766252 0.0382131 0.0327719 
2360000 2360 1000.0 3108994.407 2199.848 7.6757 0 0 0 0.0039994 -226.1553058 98.0799023 0.0390965 0.0338365 
2370000 2370 1000.0 3129165.895 2166.173 7.6976 0 0 0 0.0038381 -226.665353 100.757097 0.0383885 0.0323573 
2380000 2380 1000.0 3149632.537 2145.103 7.7142 0 0 0 0.0037128 -226.8572315 31.3711503 0.0388831 0.0330668 
2390000 2390 1000.0 3171029.234 2144.496 7.7081 0 0 0 0.004245 -227.7436492 41.0740083 0.0400838 0.0355445 
2400000 2400 1000.0 3194291.405 2178.072 7.7054 0 0 0 0.0039825 -228.3454437 85.1544037 0.0386641 0.0345255 
2410000 2410 1000.0 3216734.942 2189.953 7.7242 0 0 0 0.0037876 -228.9705243 44.9861811 0.0386251 0.0336935 
2420000 2420 1000.0 3238822.125 2193.23 7.7015 0 0 0 0.0040014 -229.4458821 84.6380068 0.0400336 0.0348162 
2430000 2430 1000.0 3260042.586 2180.329 7.6985 0 0 0 0.0037969 -230.3077929 38.0522791 0.0389327 0.0337084 
2440000 2440 1000.0 3281302.381 2170.535 7.6922 0 0 0 0.0038504 -230.8017793 34.8224054 0.0375923 0.0344412 
2450000 2450 1000.0 3303688.879 2182.46 7.6913 0 0 0 0.0040791 -231.1105998 55.3349266 0.0385512 0.0353661 
2460000 2460 1000.0 3325917.029 2190.075 7.6805 0 0 0 0.003677 -231.9939735 42.5719895 0.0391526 0.0333227 
2470000 2470 1000.0 3348933.856 2211.076 7.6843 0 0 0 0.0035841 -232.609602 31.4248545 0.039761 0.0320253 
2480000 2480 1000.0 3372010.229 2228.822 7.6704 0 0 0 0.0039848 -232.9385432 66.5888416 0.0392703 0.035267 
2490000 2490 1000.0 3395393.78 2248.684 7.6774 0 0 0 0.004294 -233.4462157 45.7708109 0.0389316 0.0360672 
2500000 2500 1000.0 3417689.043 2245.201 7.6807 0 0 0 0.0040675 -234.1499633 56.6300299 0.0396295 0.0349289 
2510000 2510 1000.0 3441254.005 2265.364 7.694 0 0 0 0.0038997 -234.8085807 46.7370629 0.0375434 0.0336809 
2520000 2520 1000.0 3464966.172 2284.816 7.7233 0 0 0 0.0043842 -234.9647382 105.8040358 0.0400111 0.0365537 
2530000 2530 1000.0 3488632.206 2299.388 7.7265 0 0 0 0.003947 -235.7514347 66.6250921 0.0392241 0.0338656 
2540000 2540 1000.0 3511266.999 2292.835 7.7026 0 0 0 0.0038046 -236.2318601 72.1279235 0.0405384 0.0327785 
2550000 2550 1000.0 3533398.678 2277.987 7.7079 0 0 0 0.0039163 -236.824809 91.8915652 0.0392592 0.0326907 
2560000 2560 1000.0 3555714.726 2269.584 7.7162 0 0 0 0.0036975 -238.0258123 74.1796781 0.0396752 0.0328733 
2570000 2570 1000.0 3578266.828 2267.385 7.709 0 0 0 0.0038337 -238.2773459 101.9940717 0.0385462 0.0332168 
2580000 2580 1000.0 3600456.08 2258.204 7.72 0 0 0 0.0040555 -239.2281754 40.1957338 0.0395179 0.0348809 
2590000 2590 1000.0 3623482.0 2266.425 7.7333 0 0 0 0.004299 -239.7605569 82.7736296 0.0392443 0.0356705 
2600000 2600 1000.0 3645482.52 2254.215 7.7557 0 0 0 0.0045839 -239.8156975 109.4691099 0.039944 0.0369676 
2610000 2610 1000.0 3667088.729 2236.915 7.7428 0 0 0 0.0042701 -240.2270844 82.5552332 0.0390857 0.0348206 
2620000 2620 1000.0 3688677.077 2223.165 7.7187 0 0 0 0.004299 -240.8139607 72.7783838 0.0405928 0.03645 
2630000 2630 1000.0 3710704.732 2218.838 7.6862 0 0 0 0.0042119 -241.049495 89.1434737 0.0397046 0.0355598 
2640000 2640 1000.0 3733617.998 2232.649 7.7013 0 0 0 0.0041654 -241.6531542 79.0251928 0.0404162 0.0352364 
2650000 2650 1000.0 3756126.485 2236.092 7.7063 0 0 0 0.0043612 -242.2970233 60.1599678 0.0414214 0.0363475 
2660000 2660 1000.0 3779442.719 2252.953 7.691 0 0 0 0.0040579 -242.6727625 65.8776694 0.0395987 0.0355295 
2670000 2670 1000.0 3801824.683 2250.269 7.6976 0 0 0 0.0037178 -243.1896662 25.1580744 0.04036 0.0342519 
2680000 2680 1000.0 3824931.415 2261.657 7.6968 0 0 0 0.0043701 -243.3185784 94.924186 0.0404801 0.036513 
2690000 2690 1000.0 3848128.782 2272.611 7.7002 0 0 0 0.0048585 -243.5971236 31.2217561 0.0405927 0.0375542 
2700000 2700 1000.0 3871886.4 2291.489 7.6819 0 0 0 0.004165 -244.371806 19.8232013 0.0409965 0.0358057 
2710000 2710 1000.0 3895285.787 2299.83 7.6844 0 0 0 0.0039302 -244.643272 42.669469 0.0403296 0.0337236 
2720000 2720 1000.0 3918127.69 2296.548 7.6809 0 0 0 0.0041724 -244.6470526 78.576932 0.0402067 0.0340051 
2730000 2730 1000.0 3940858.009 2292.349 7.701 0 0 0 0.00399 -244.837043 66.8139668 0.0400688 0.0339067 
2740000 2740 1000.0 3963699.166 2290.505 7.7194 0 0 0 0.004091 -245.3471695 42.2855785 0.0401847 0.0347847 
2750000 2750 1000.0 3986574.159 2290.005 7.6958 0 0 0 0.0036721 -245.4966653 50.8536824 0.039419 0.0322785 
2760000 2760 1000.0 4010474.894 2308.041 7.7004 0 0 0 0.0036655 -246.1700051 35.9556323 0.0395168 0.0322706 
2770000 2770 1000.0 4033362.282 2304.235 7.7106 0 0 0 0.0040943 -246.5855154 43.7526807 0.039511 0.0346569 
2780000 2780 1000.0 4056540.755 2306.359 7.6925 0 0 0 0.0039949 -246.8570376 48.9295655 0.040212 0.0344707 
2790000 2790 1000.0 4079109.747 2297.132 7.6663 0 0 0 0.0038027 -247.0991104 54.5922271 0.0399074 0.0333239 
2800000 2800 1000.0 4101999.289 2295.795 7.6617 0 0 0 0.0035702 -247.5522481 35.439054 0.0392229 0.0314603 
2810000 2810 1000.0 4125302.043 2302.156 7.6536 0 0 0 0.0036872 -248.0559201 63.6226095 0.0391546 0.0311505 
2820000 2820 1000.0 4148218.134 2300.62 7.6502 0 0 0 0.0035617 -248.5038518 32.2161617 0.0399114 0.030217 
2830000 2830 1000.0 4171676.73 2309.054 7.6461 0 0 0 0.0036917 -248.9075763 71.025128 0.0402027 0.0317217 
2840000 2840 1000.0 4194580.938 2305.83 7.6397 0 0 0 0.0034167 -249.2636788 33.3254547 0.0392966 0.0303534 
2850000 2850 1000.0 4217208.533 2297.775 7.6218 0 0 0 0.0035975 -249.4831057 44.800868 0.0398347 0.0307611 
2860000 2860 1000.0 4240294.335 2299.878 7.5962 0 0 0 0.0037428 -249.7164118 51.623728 0.0394329 0.0323381 
2870000 2870 1000.0 4263704.362 2307.312 7.6044 0 0 0 0.0035784 -250.0159423 52.8042577 0.0396809 0.0306171 
2880000 2880 1000.0 4287459.613 2319.703 7.6055 0 0 0 0.0038246 -250.3207638 65.5917331 0.0384207 0.0318151 
2890000 2890 1000.0 4311142.314 2328.559 7.6076 0 0 0 0.0032278 -250.3664363 72.7672524 0.0388997 0.0281764 
2900000 2900 1000.0 4335167.769 2342.524 7.5893 0 0 0 0.0034361 -250.7239758 88.522992 0.0382308 0.0284427 
2910000 2910 1000.0 4358945.296 2348.77 7.5847 0 0 0 0.0029155 -251.0795405 26.9812594 0.039158 0.0264653 
2920000 2920 1000.0 4382048.504 2341.564 7.6078 0 0 0 0.0034649 -251.3760331 19.0616588 0.0401996 0.0303774 
2930000 2930 1000.0 4406171.47 2354.577 7.6142 0 0 0 0.0036722 -251.5918884 64.3936857 0.0389765 0.0306697 
2940000 2940 1000.0 4429894.603 2358.124 7.6385 0 0 0 0.0034307 -251.9547199 30.5577624 0.0387412 0.0293221 
2950000 2950 1000.0 4453648.101 2360.904 7.6383 0 0 0 0.003308 -252.0951212 103.5093707 0.0398879 0.0285582 
2960000 2960 1000.0 4476961.841 2355.464 7.6428 0 0 0 0.0034959 -252.6595941 75.4610362 0.0387282 0.0297062 
2970000 2970 1000.0 4499834.7 2342.562 7.6601 0 0 0 0.0037571 -252.7776325 63.7773849 0.0389428 0.0294778 
2980000 2980 1000.0 4523433.163 2345.357 7.6498 0 0 0 0.0033925 -253.05281 77.1463262 0.0385761 0.0293012 
2990000 2990 1000.0 4546913.754 2345.701 7.6549 0 0 0 0.0031732 -253.4421155 78.6762762 0.0378099 0.0279411 
3000000 3000 1000.0 4569774.847 2334.71 7.6585 0 0 0 0.0039118 -253.4992144 90.358249 0.0385235 0.0316185 
3010000 3010 1000.0 4592955.522 2332.008 7.6803 0 0 0 0.0032487 -253.7272856 62.8007904 0.0367076 0.0281112 
3020000 3020 1000.0 4616661.149 2339.02 7.7062 0 0 0 0.0035353 -254.4670401 57.4625513 0.0375686 0.0291619 
3030000 3030 1000.0 4640017.13 2337.622 7.7098 0 0 0 0.0035725 -254.3165256 58.353959 0.0374799 0.0301127 
3040000 3040 1000.0 4663475.905 2339.428 7.6978 0 0 0 0.0036976 -254.520537 90.81905 0.0399208 0.0293344 
3050000 3050 1000.0 4686829.24 2338.626 7.6872 0 0 0 0.0031748 -254.7662549 36.945585 0.0381571 0.027546 
3060000 3060 1000.0 4709525.969 2326.22 7.6732 0 0 0 0.0035286 -254.8879079 67.6156167 0.0381665 0.0299526 
3070000 3070 1000.0 4732526.12 2321.548 7.6562 0 0 0 0.0032536 -255.3485709 44.4590301 0.0381426 0.0289733 
3080000 3080 1000.0 4755242.563 2312.114 7.674 0 0 0 0.0035722 -254.9393841 86.6042814 0.0396601 0.0301423 
3090000 3090 1000.0 4777480.071 2296.71 7.6847 0 0 0 0.0037424 -255.1102494 93.4137749 0.0400706 0.0308304 
3100000 3100 1000.0 4800945.352 2305.829 7.6906 0 0 0 0.0033778 -255.0768528 68.6074675 0.0392985 0.0285168 
3110000 3110 1000.0 4824021.138 2306.605 7.7116 0 0 0 0.0035014 -255.1131098 38.132003 0.0388106 0.0294397 
3120000 3120 1000.0 4846581.941 2296.848 7.7177 0 0 0 0.0037591 -254.9612489 66.4173004 0.0386624 0.0298942 
3130000 3130 1000.0 4869823.09 2302.042 7.728 0 0 0 0.0037809 -255.357563 49.7902198 0.039901 0.0321523 
3140000 3140 1000.0 4892567.066 2297.184 7.7085 0 0 0 0.0042387 -254.9209158 135.6537168 0.0397508 0.0339279 
3150000 3150 1000.0 4914583.417 2280.471 7.6976 0 0 0 0.0037039 -255.169423 68.6986895 0.0411828 0.0300061 
3160000 3160 1000.0 4937907.519 2290.1 7.7089 0 0 0 0.0036218 -254.7509815 94.6965752 0.0406903 0.0304861 
3170000 3170 1000.0 4960454.412 2283.057 7.6897 0 0 0 0.0033983 -255.3696426 41.1631443 0.0414885 0.0293815 
3180000 3180 1000.0 4982727.858 2272.291 7.6916 0 0 0 0.0035928 -254.6066797 71.4833834 0.0419585 0.0307289 
3190000 3190 1000.0 5005350.349 2270.001 7.6866 0 0 0 0.0037365 -254.924861 87.5215914 0.0408128 0.0321145 
3200000 3200 1000.0 5028619.444 2280.763 7.6999 0 0 0 0.0037687 -255.1795894 34.6493611 0.0424804 0.0319792 
3210000 3210 1000.0 5051781.151 2286.95 7.6983 0 0 0 0.0035492 -255.0993712 47.6602506 0.0416522 0.0304063 
3220000 3220 1000.0 5074128.191 2277.176 7.6833 0 0 0 0.0038172 -254.9370542 82.4902137 0.0412402 0.0325899 
3230000 3230 1000.0 5096967.322 2278.719 7.6888 0 0 0 0.0039454 -254.8551974 52.3274699 0.0413921 0.0320491 
3240000 3240 1000.0 5120356.769 2290.115 7.6807 0 0 0 0.0036294 -255.4018285 81.1208355 0.041559 0.0317871 
3250000 3250 1000.0 5144345.329 2310.227 7.6769 0 0 0 0.0037405 -255.5613659 84.7343187 0.0430322 0.0309955 
3260000 3260 1000.0 5168500.604 2329.382 7.6676 0 0 0 0.0034159 -255.5222059 51.5375526 0.0419713 0.0296076 
3270000 3270 1000.0 5192608.658 2344.532 7.6748 0 0 0 0.0034987 -256.0473381 47.1384896 0.0408963 0.030965 
3280000 3280 1000.0 5216598.341 2354.608 7.6807 0 0 0 0.0033189 -255.7880606 64.392787 0.042431 0.0292664 
3290000 3290 1000.0 5240985.969 2370.12 7.6931 0 0 0 0.0033648 -256.505862 24.2967584 0.0414765 0.0293627 
3300000 3300 1000.0 5265334.681 2381.673 7.6811 0 0 0 0.0037516 -256.3349123 68.7191715 0.0415171 0.0306947 
3310000 3310 1000.0 5289063.484 2379.556 7.6863 0 0 0 0.0030423 -256.8979584 45.5286435 0.0416685 0.0277539 
3320000 3320 1000.0 5313058.726 2383.256 7.6925 0 0 0 0.0035683 -257.2554031 31.4669868 0.0415781 0.030199 
3330000 3330 1000.0 5336634.538 2378.778 7.6889 0 0 0 0.00337 -256.9800808 58.3316002 0.0416594 0.0294971 
3340000 3340 1000.0 5360620.805 2382.667 7.679 0 0 0 0.0033763 -257.5247509 33.7625443 0.041086 0.0286826 
3350000 3350 1000.0 5384654.702 2386.441 7.6774 0 0 0 0.0032208 -257.8885819 76.6727072 0.0415982 0.0281543 
3360000 3360 1000.0 5408658.712 2389.19 7.6674 0 0 0 0.0037008 -258.099061 78.3363914 0.040901 0.0313777 
3370000 3370 1000.0 5431865.696 2376.285 7.6553 0 0 0 0.0032164 -258.4313143 35.5317148 0.039422 0.0282925 
3380000 3380 1000.0 5455557.146 2375.052 7.6612 0 0 0 0.0035833 -258.7830292 97.9125878 0.0410017 0.0296147 
3390000 3390 1000.0 5479066.791 2370.573 7.6763 0 0 0 0.0032938 -259.146964 78.479687 0.0405228 0.0285003 
3400000 3400 1000.0 5502408.398 2364.133 7.7008 0 0 0 0.0031629 -259.5026065 33.872615 0.0394856 0.0280339 
3410000 3410 1000.0 5525397.286 2351.747 7.7084 0 0 0 0.0029811 -259.6559147 60.5911233 0.0401182 0.0257848 
3420000 3420 1000.0 5548880.814 2350.922 7.697 0 0 0 0.0033411 -260.159237 54.9357424 0.0390623 0.0278374 
3430000 3430 1000.0 5572314.879 2349.668 7.7125 0 0 0 0.0034738 -260.1206769 46.498202 0.0386209 0.0285167 
3440000 3440 1000.0 5596043.882 2353.801 7.7221 0 0 0 0.0039163 -260.0607118 86.7404415 0.0393851 0.0303432 
3450000 3450 1000.0 5619288.645 2348.471 7.7264 0 0 0 0.0032274 -260.6216097 48.5252823 0.0393924 0.0272264 
3460000 3460 1000.0 5642462.115 2343.242 7.7055 0 0 0 0.0038299 -260.5126287 83.1719466 0.0388152 0.0306743 
3470000 3470 1000.0 5666204.274 2348.995 7.699 0 0 0 0.0032989 -260.8522449 32.0669982 0.0389027 0.0283509 
3480000 3480 1000.0 5690002.299 2354.613 7.676 0 0 0 0.003328 -260.9496167 64.9319755 0.0387583 0.0285269 
3490000 3490 1000.0 5713202.121 2348.563 7.6617 0 0 0 0.0032875 -260.8424354 40.1514295 0.0400673 0.0285179 
3500000 3500 1000.0 5736142.456 2338.226 7.6478 0 0 0 0.0034756 -260.7657733 105.5823541 0.0396907 0.0283408 
3510000 3510 1000.0 5759688.499 2341.104 7.6354 0 0 0 0.0032108 -261.1576748 24.7726282 0.0410238 0.0284875 
3520000 3520 1000.0 5783238.623 2343.694 7.6245 0 0 0 0.0032332 -261.110761 53.4133918 0.0410361 0.0282613 
3530000 3530 1000.0 5806545.921 2341.224 7.6025 0 0 0 0.0036306 -260.921419 74.1079281 0.0399462 0.0300842 
3540000 3540 1000.0 5829319.12 2329.821 7.6211 0 0 0 0.0035051 -261.0992654 102.0812565 0.038419 0.0286661 
3550000 3550 1000.0 5852139.126 2320.917 7.6148 0 0 0 0.0034784 -261.2103304 53.5826697 0.0383001 0.0297401 
3560000 3560 1000.0 5875838.918 2330.328 7.6115 0 0 0 0.0035416 -260.9306058 97.3774504 0.0397427 0.0292886 
3570000 3570 1000.0 5899356.364 2334.025 7.614 0 0 0 0.003333 -261.258696 27.6252578 0.0394533 0.0291465 
3580000 3580 1000.0 5923856.414 2355.228 7.6114 0 0 0 0.0033587 -261.6105454 56.5887206 0.0416204 0.0288315 
3590000 3590 1000.0 5948377.017 2372.704 7.5953 0 0 0 0.003541 -261.5335854 43.1828366 0.0417147 0.0292563 
3600000 3600 1000.0 5972544.453 2380.518 7.5832 0 0 0 0.0035152 -261.5790722 57.2013783 0.0413286 0.0305396 
3610000 3610 1000.0 5996047.345 2375.168 7.5847 0 0 0 0.0035144 -261.5721756 73.931391 0.0401147 0.0300538 
3620000 3620 1000.0 6019832.826 2375.448 7.5885 0 0 0 0.0035475 -261.6283399 53.4337017 0.0404688 0.0302663 
3630000 3630 1000.0 6043989.605 2382.867 7.5796 0 0 0 0.0033731 -261.848985 121.1245272 0.0408239 0.0286035 
3640000 3640 1000.0 6067207.393 2371.55 7.5932 0 0 0 0.0030996 -262.4560428 27.4757384 0.0392123 0.0278968 
3650000 3650 1000.0 6090105.09 2357.257 7.6212 0 0 0 0.0036066 -261.972341 82.5295749 0.0389454 0.0292682 
3660000 3660 1000.0 6114000.387 2363.201 7.6319 0 0 0 0.0036016 -262.1192115 82.4651599 0.0401224 0.0305303 
3670000 3670 1000.0 6137950.459 2368.547 7.6174 0 0 0 0.0033108 -262.1290749 75.7766138 0.0392922 0.0282248 
3680000 3680 1000.0 6161625.328 2368.172 7.6142 0 0 0 0.0035188 -262.5814272 69.781265 0.0406469 0.0293937 
3690000 3690 1000.0 6185173.227 2365.637 7.6182 0 0 0 0.00346 -262.2883084 88.7214909 0.0393396 0.0294456 
3700000 3700 1000.0 6209550.588 2378.899 7.6307 0 0 0 0.0029626 -263.0276309 16.50566 0.03984 0.0272221 
3710000 3710 1000.0 6233688.578 2384.956 7.6327 0 0 0 0.0032568 -262.631697 41.4409834 0.0396903 0.028359 
3720000 3720 1000.0 6257337.6 2381.008 7.6528 0 0 0 0.0035039 -262.7020022 81.5001466 0.0396313 0.0286826 
3730000 3730 1000.0 6281440.39 2386.897 7.6507 0 0 0 0.0031705 -262.9674716 37.298722 0.0396709 0.0283159 
3740000 3740 1000.0 6306036.936 2399.888 7.6454 0 0 0 0.002883 -263.2379486 30.5828392 0.0397562 0.0256471 
3750000 3750 1000.0 6330658.492 2411.339 7.6392 0 0 0 0.0032523 -263.2929934 57.7630831 0.0391666 0.02744 
3760000 3760 1000.0 6354387.796 2403.576 7.62 0 0 0 0.0038632 -263.2990609 87.306483 0.0380537 0.0293604 
3770000 3770 1000.0 6378341.424 2402.3 7.6133 0 0 0 0.0032834 -263.2900676 91.8272759 0.0386065 0.0275529 
3780000 3780 1000.0 6402229.829 2399.614 7.6087 0 0 0 0.0031609 -263.1999503 81.3451111 0.0394888 0.0272927 
3790000 3790 1000.0 6425053.757 2378.157 7.6142 0 0 0 0.0031929 -262.9073183 92.3593088 0.0379677 0.0270961 
3800000 3800 1000.0 6448734.179 2376.608 7.5978 0 0 0 0.0032251 -262.8136432 26.2590005 0.0399278 0.0276972 
3810000 3810 1000.0 6472381.256 2374.048 7.591 0 0 0 0.0033155 -263.0240462 90.6350877 0.0405064 0.0286453 
3820000 3820 1000.0 6496127.534 2374.327 7.6143 0 0 0 0.0035283 -262.7900134 124.2166571 0.0381829 0.0293335 
3830000 3830 1000.0 6519328.756 2364.818 7.6085 0 0 0 0.0039033 -262.7732373 118.4683946 0.0413348 0.0305108 
3840000 3840 1000.0 6542784.972 2361.611 7.6185 0 0 0 0.00319 -262.854789 61.8024945 0.0414568 0.0275393 
3850000 3850 1000.0 6565870.027 2351.872 7.6121 0 0 0 0.0035802 -262.9144437 98.9154833 0.0413226 0.0289307 
3860000 3860 1000.0 6589251.685 2349.597 7.5942 0 0 0 0.0032877 -262.7998856 65.359282 0.0407084 0.0284769 
3870000 3870 1000.0 6612602.687 2347.003 7.6173 0 0 0 0.003655 -262.6518704 40.8816791 0.0398504 0.0301851 
3880000 3880 1000.0 6636683.603 2358.875 7.6098 0 0 0 0.0034746 -262.7577343 48.5002057 0.0395518 0.0285448 
3890000 3890 1000.0 6660182.896 2357.112 7.6317 0 0 0 0.0032728 -262.6876347 68.8496104 0.039069 0.0278285 
3900000 3900 1000.0 6683264.439 2347.757 7.6519 0 0 0 0.0037534 -262.5530846 88.387115 0.0405272 0.0305174 
3910000 3910 1000.0 6706047.096 2334.828 7.6489 0 0 0 0.0037528 -262.5695374 48.1147588 0.0401545 0.0306845 
3920000 3920 1000.0 6728854.263 2325.263 7.6562 0 0 0 0.0035992 -262.5755944 48.0134503 0.0392539 0.0304864 
3930000 3930 1000.0 6752463.088 2331.774 7.6856 0 0 0 0.003593 -262.1783339 53.2228886 0.0400887 0.0301047 
3940000 3940 1000.0 6776282.802 2340.687 7.669 0 0 0 0.0036086 -262.3100803 67.6040115 0.0399835 0.0296499 
3950000 3950 1000.0 6799173.735 2331.35 7.6701 0 0 0 0.0039467 -262.2481045 87.1602895 0.0408485 0.0313807 
3960000 3960 1000.0 6822878.625 2338.689 7.6718 0 0 0 0.003685 -261.9544927 129.7958618 0.0406763 0.0298449 
3970000 3970 1000.0 6847216.044 2356.15 7.6714 0 0 0 0.0038869 -262.2727159 92.7967495 0.039418 0.0303694 
3980000 3980 1000.0 6870905.375 2358.425 7.6773 0 0 0 0.0036163 -262.983498 36.8981983 0.0409353 0.0299901 
3990000 3990 1000.0 6895027.947 2368.396 7.6744 0 0 0 0.0032686 -263.000057 23.1935837 0.0402579 0.0262264 
4000000 4000 1000.0 6918960.167 2372.858 7.6598 0 0 0 0.0035237 -263.2222556 49.5013238 0.0408461 0.0289946 
4010000 4010 1000.0 6943026.959 2379.485 7.6453 0 0 0 0.0034312 -263.4799311 84.7867037 0.0411199 0.0292342 
4020000 4020 1000.0 6967288.202 2387.606 7.6509 0 0 0 0.0033247 -263.5234652 76.7729954 0.0412786 0.0285811 
4030000 4030 1000.0 6991121.174 2387.232 7.6668 0 0 0 0.0038242 -263.4915729 104.1842942 0.0429691 0.0305567 
4040000 4040 1000.0 7014490.687 2377.755 7.6576 0 0 0 0.0044222 -263.0230934 139.4123527 0.0412444 0.0327116 
4050000 4050 1000.0 7037995.78 2372.295 7.6626 0 0 0 0.0038449 -263.2619 89.1650522 0.0418601 0.0312446 
4060000 4060 1000.0 7062350.278 2383.953 7.6438 0 0 0 0.0036264 -263.5014862 89.0449042 0.0413054 0.0276644 
4070000 4070 1000.0 7086885.494 2396.383 7.6514 0 0 0 0.003575 -263.9807528 67.9639863 0.042317 0.0294109 
4080000 4080 1000.0 7111161.678 2402.012 7.6357 0 0 0 0.0033979 -264.2828508 94.7114828 0.0417495 0.0285579 
4090000 4090 1000.0 7135128.625 2400.868 7.6474 0 0 0 0.0043234 -264.3687945 104.6669425 0.0427738 0.0324214 
4100000 4100 1000.0 7159059.906 2399.455 7.6583 0 0 0 0.0034095 -264.6400803 79.2584065 0.0424352 0.028816 
4110000 4110 1000.0 7183287.686 2403.564 7.6602 0 0 0 0.0032249 -264.8296095 33.3707121 0.040761 0.0276182 
4120000 4120 1000.0 7207537.096 2407.676 7.6613 0 0 0 0.0033781 -265.0614877 68.8319519 0.0391556 0.027938 
4130000 4130 1000.0 7232029.356 2415.479 7.6759 0 0 0 0.003785 -265.1946455 66.5955992 0.038683 0.0312538 
4140000 4140 1000.0 7256313.294 2417.507 7.6807 0 0 0 0.0037054 -265.553274 87.2206695 0.039213 0.0305476 
4150000 4150 1000.0 7280747.848 2422.443 7.6762 0 0 0 0.0034166 -265.8383921 56.5101921 0.0402302 0.0291415 
4160000 4160 1000.0 7304491.428 2413.492 7.6851 0 0 0 0.0037376 -265.881652 54.2179559 0.0413252 0.0305166 
4170000 4170 1000.0 7328042.421 2402.654 7.6851 0 0 0 0.0036069 -265.423432 117.6838497 0.0395044 0.0294876 
4180000 4180 1000.0 7351885.221 2399.138 7.6894 0 0 0 0.0035683 -265.953137 58.8335412 0.0379928 0.0295572 
4190000 4190 1000.0 7375766.091 2397.15 7.6882 0 0 0 0.0033063 -265.8030313 59.6720998 0.0380095 0.0273201 
4200000 4200 1000.0 7400126.857 2404.276 7.7019 0 0 0 0.0038261 -265.8555291 93.1857026 0.0385739 0.0306611 
4210000 4210 1000.0 7423905.364 2399.599 7.6835 0 0 0 0.0037913 -265.9589062 78.1450686 0.0390563 0.0294109 
4220000 4220 1000.0 7447645.466 2395.193 7.6689 0 0 0 0.0034381 -265.9325569 114.879318 0.0380816 0.0280459 
4230000 4230 1000.0 7471384.699 2391.2 7.6712 0 0 0 0.0034452 -266.1178876 73.8009804 0.0372453 0.0285905 
4240000 4240 1000.0 7495159.8 2388.909 7.6833 0 0 0 0.0035766 -266.1010132 90.4669505 0.0361278 0.0287239 
4250000 4250 1000.0 7518912.114 2386.757 7.6683 0 0 0 0.003289 -266.3494353 51.4310702 0.036657 0.028351 
4260000 4260 1000.0 7542289.52 2378.084 7.6483 0 0 0 0.0036551 -265.559946 113.1453508 0.037747 0.0291164 
4270000 4270 1000.0 7566236.64 2380.774 7.6344 0 0 0 0.0030605 -265.9596226 70.8808943 0.0366152 0.0267774 
4280000 4280 1000.0 7589889.1 2378.036 7.6259 0 0 0 0.0035594 -265.6287697 106.9426349 0.0374765 0.0297319 
4290000 4290 1000.0 7614184.143 2387.385 7.6259 0 0 0 0.0034905 -265.8211582 46.5957595 0.0377587 0.029511 
4300000 4300 1000.0 7638574.181 2396.575 7.622 0 0 0 0.0035567 -265.5134456 41.4244678 0.0375262 0.0279878 
4310000 4310 1000.0 7663154.117 2407.917 7.6227 0 0 0 0.0031583 -265.235187 105.9904683 0.0376285 0.0273227 
4320000 4320 1000.0 7687320.359 2409.435 7.6372 0 0 0 0.0032196 -265.3146811 87.1877196 0.0372618 0.0272808 
4330000 4330 1000.0 7710707.562 2396.723 7.6342 0 0 0 0.0033128 -265.1349118 27.3624584 0.037786 0.0275346 
4340000 4340 1000.0 7734065.366 2385.65 7.6289 0 0 0 0.003239 -264.8820622 61.087358 0.037913 0.0283439 
4350000 4350 1000.0 7757305.991 2374.778 7.6617 0 0 0 0.0031963 -264.6485435 62.749309 0.0376797 0.0277613 
4360000 4360 1000.0 7781494.491 2382.374 7.68 0 0 0 0.0034077 -264.2744892 69.0164541 0.038806 0.028947 
4370000 4370 1000.0 7804062.43 2359.271 7.6581 0 0 0 0.003129 -264.0042083 82.1222879 0.0396089 0.0267464 
4380000 4380 1000.0 7826803.491 2344.503 7.6568 0 0 0 0.0038043 -263.8667353 65.507452 0.0390662 0.0296196 
4390000 4390 1000.0 7850097.027 2341.696 7.6696 0 0 0 0.0035886 -264.0489835 78.56974 0.038674 0.0287208 
4400000 4400 1000.0 7872934.218 2330.646 7.6742 0 0 0 0.003377 -263.6843179 69.1274065 0.0382815 0.0295042 
4410000 4410 1000.0 7895594.726 2319.104 7.6738 0 0 0 0.0035043 -263.7760791 42.4454131 0.0395632 0.0293378 
4420000 4420 1000.0 7919673.755 2335.195 7.6605 0 0 0 0.0037762 -263.5020041 52.5166786 0.0387129 0.0307899 
4430000 4430 1000.0 7943443.443 2342.706 7.6624 0 0 0 0.0034268 -263.6778186 36.3175971 0.0386234 0.030186 
4440000 4440 1000.0 7966869.022 2343.18 7.6735 0 0 0 0.0033834 -263.1979409 99.6743299 0.0390669 0.0284778 
4450000 4450 1000.0 7990346.761 2343.989 7.6702 0 0 0 0.0036166 -263.1301421 84.0400605 0.0393673 0.0303088 
4460000 4460 1000.0 8013158.932 2332.747 7.6688 0 0 0 0.0032863 -263.2586026 32.808849 0.0396533 0.0293405 
4470000 4470 1000.0 8033117.332 2272.502 7.6597 0 0 0 0.00368 -263.1135721 34.2511699 0.0395084 0.0320229 
4480000 4480 1000.0 8056545.108 2285.74 7.6665 0 0 0 0.0037292 -262.8829459 52.7888492 0.0397699 0.0302087 
4490000 4490 1000.0 8079379.128 2284.802 7.6592 0 0 0 0.0035994 -262.691592 83.2376126 0.0390091 0.0301633 
4500000 4500 1000.0 8102615.382 2291.424 7.6673 0 0 0 0.0035798 -262.5132166 58.3427431 0.0403566 0.0305798 
4510000 4510 1000.0 8125762.01 2295.873 7.6728 0 0 0 0.0035861 -262.3192796 35.5496589 0.039174 0.0296314 
4520000 4520 1000.0 8148901.244 2299.091 7.6841 0 0 0 0.0041383 -262.2301141 91.235349 0.0398677 0.0332471 
4530000 4530 1000.0 8172927.151 2318.13 7.6714 0 0 0 0.0036764 -262.5924641 35.2621529 0.039407 0.0303809 
4540000 4540 1000.0 8196684.293 2328.717 7.671 0 0 0 0.0039589 -262.4714467 73.7697608 0.0398089 0.0321907 
4550000 4550 1000.0 8220615.023 2340.306 7.6632 0 0 0 0.0037417 -262.7630691 41.3480216 0.0388353 0.0323125 
4560000 4560 1000.0 8244187.669 2343.636 7.6658 0 0 0 0.0037319 -262.5390859 58.2189132 0.0386387 0.0300809 
4570000 4570 1000.0 8267361.17 2339.668 7.6685 0 0 0 0.003789 -262.6358287 78.5348756 0.038465 0.031136 
4580000 4580 1000.0 8291109.906 2345.75 7.6668 0 0 0 0.004281 -262.6576983 91.2043309 0.040113 0.0348729 
4590000 4590 1000.0 8315034.451 2354.353 7.6558 0 0 0 0.0034806 -262.9933711 105.9595301 0.0389961 0.0299586 
4600000 4600 1000.0 8338951.137 2361.113 7.6483 0 0 0 0.0034357 -262.9985195 73.8171502 0.0389127 0.0305199 
4610000 4610 1000.0 8362937.356 2367.96 7.6709 0 0 0 0.0036583 -263.2283615 83.5005111 0.0375989 0.031656 
4620000 4620 1000.0 8386101.963 2358.436 7.6638 0 0 0 0.0036696 -262.6098 85.7021166 0.0374445 0.0308863 
4630000 4630 1000.0 8409015.863 2346.449 7.6769 0 0 0 0.0034393 -262.7857284 49.8739713 0.0367506 0.0287455 
4640000 4640 1000.0 8432558.251 2347.886 7.6823 0 0 0 0.0036658 -262.6262307 95.5605641 0.0382032 0.0295453 
4650000 4650 1000.0 8456497.557 2356.507 7.6639 0 0 0 0.0029302 -262.7370286 11.8797858 0.0385956 0.026144 
4660000 4660 1000.0 8480685.377 2367.808 7.6602 0 0 0 0.0036519 -262.4980401 81.3507858 0.0376566 0.0303176 
4670000 4670 1000.0 8504826.148 2375.755 7.6752 0 0 0 0.0035266 -262.5323104 80.9457318 0.0379746 0.0297404 
4680000 4680 1000.0 8528757.622 2379.21 7.688 0 0 0 0.0033639 -262.8003056 77.1673324 0.0368642 0.0282804 
4690000 4690 1000.0 8552393.802 2375.713 7.7182 0 0 0 0.003717 -263.052744 87.5152838 0.0369749 0.0297286 
4700000 4700 1000.0 8575694.476 2367.32 7.4962 0 0 0 0.0036435 -262.9368569 97.9931937 0.0358574 0.0300882 
4710000 4710 1000.0 8598843.778 2357.918 7.1816 0 0 0 0.0034546 -262.8400168 72.2798399 0.0370623 0.0285823 
4720000 4720 1000.0 8621473.868 2339.959 6.9161 0 0 0 0.0037291 -262.8414143 120.2496161 0.0357434 0.0292424 
4730000 4730 1000.0 8644890.136 2340.643 6.7033 0 0 0 0.0034466 -262.6440655 109.9246663 0.036928 0.0292084 
4740000 4740 1000.0 8667769.822 2330.646 6.6517 0 0 0 0.0035749 -262.3679125 92.932999 0.0361947 0.0304334 
4750000 4750 1000.0 8691521.886 2338.966 6.8217 0 0 0 0.0033308 -263.0121614 42.6684357 0.0364874 0.0289385 
4760000 4760 1000.0 8714648.176 2334.253 6.9788 0 0 0 0.0031944 -262.7218556 38.7925362 0.035345 0.0280982 
4770000 4770 1000.0 8737810.166 2330.985 7.0978 0 0 0 0.0034526 -263.0305162 84.4254526 0.034356 0.0295934 
4780000 4780 1000.0 8760774.406 2324.476 7.2009 0 0 0 0.0035646 -262.3332718 92.6198436 0.0348517 0.0291974 
4790000 4790 1000.0 8784192.948 2327.76 7.2764 0 0 0 0.003325 -262.2963206 67.4429572 0.0351539 0.0282446 
4800000 4800 1000.0 8807868.499 2335.336 7.3661 0 0 0 0.0033807 -261.8568781 97.8576944 0.0359905 0.0287139 
4810000 4810 1000.0 8831354.242 2337.473 7.4285 0 0 0 0.0036071 -261.8891841 86.9162434 0.0355158 0.0299486 
4820000 4820 1000.0 8853820.072 2321.447 7.4779 0 0 0 0.0037066 -261.8122832 59.2427969 0.0359137 0.030327 
4830000 4830 1000.0 8876521.619 2311.921 7.5155 0 0 0 0.00346 -261.6792354 29.7585977 0.0368496 0.03025 
4840000 4840 1000.0 8898909.151 2299.192 7.5947 0 0 0 0.003524 -261.2688342 71.1331629 0.0368786 0.0305275 
4850000 4850 1000.0 8922422.602 2309.173 7.6074 0 0 0 0.0035243 -261.3154173 69.1441843 0.0359694 0.0286567 
4860000 4860 1000.0 8946324.844 2324.269 7.6287 0 0 0 0.0034823 -261.4250055 57.3235922 0.0360388 0.0290386 
4870000 4870 1000.0 8969761.011 2327.66 7.606 0 0 0 0.0038139 -260.9493407 108.059075 0.036784 0.0318272 
4880000 4880 1000.0 8993451.343 2334.884 7.6321 0 0 0 0.0038692 -261.1755458 123.7846115 0.0363535 0.0306576 
4890000 4890 1000.0 9017332.255 2344.396 7.6037 0 0 0 0.0033121 -261.3587705 62.1543532 0.036508 0.0283638 
4900000 4900 1000.0 9041088.12 2350.268 7.5973 0 0 0 0.0035169 -261.0416074 66.5641442 0.0362518 0.0300169 
4910000 4910 1000.0 9064507.073 2349.412 7.6066 0 0 0 0.0034222 -260.9966659 82.6792801 0.0360639 0.0293166 
4920000 4920 1000.0 9087637.564 2343.163 7.6138 0 0 0 0.0032735 -261.5139338 50.5375471 0.0361007 0.027497 
4930000 4930 1000.0 9109425.774 2312.907 7.6241 0 0 0 0.0037142 -260.9857789 67.2341386 0.0374171 0.031124 
4940000 4940 1000.0 9131465.162 2293.011 7.6336 0 0 0 0.0034163 -260.9735656 100.3358378 0.0361409 0.0288064 
4950000 4950 1000.0 9154449.779 2294.377 7.6308 0 0 0 0.0032037 -260.876899 62.3932183 0.0366813 0.0277141 
4960000 4960 1000.0 9177139.857 2289.649 7.6631 0 0 0 0.0034267 -261.0435045 55.6974183 0.0364383 0.0279781 
4970000 4970 1000.0 9199998.816 2289.071 7.6636 0 0 0 0.0033329 -260.6818263 83.8352021 0.0375431 0.0285391 
4980000 4980 1000.0 9223657.959 2303.11 7.6528 0 0 0 0.0035893 -260.9766764 92.6668425 0.0378432 0.0286657 
4990000 4990 1000.0 9247158.37 2311.679 7.6551 0 0 0 0.0033215 -261.070804 66.4046439 0.0369349 0.0282561 
5000000 5000 1000.0 9269919.228 2305.436 7.616 0 0 0 0.0033768 -260.6833261 83.3563303 0.0379152 0.0289552 
5010000 5010 1000.0 9292851.028 2302.714 7.5911 0 0 0 0.0032444 -260.2199026 119.0418073 0.0374778 0.0277883 
5020000 5020 1000.0 9316315.416 2310.694 7.606 0 0 0 0.0032578 -260.1999926 66.4426264 0.0380061 0.0283485 
5030000 5030 1000.0 9339607.336 2314.116 7.5984 0 0 0 0.0045563 -259.8843797 162.908753 0.0381772 0.0332574 
5040000 5040 1000.0 9363382.146 2326.01 7.5937 0 0 0 0.0032341 -260.0790881 98.7974367 0.0377603 0.0275339 
5050000 5050 1000.0 9386288.142 2320.031 7.5909 0 0 0 0.0034904 -260.017124 80.4749058 0.0371594 0.0292984 
5060000 5060 1000.0 9409320.559 2317.008 7.6221 0 0 0 0.0031568 -259.8752764 46.0380422 0.0376839 0.0263836 
5070000 5070 1000.0 9432897.778 2324.68 7.6 0 0 0 0.0031336 -259.823181 40.5061752 0.0358537 0.0278171 
5080000 5080 1000.0 9455986.197 2321.851 7.6002 0 0 0 0.0028612 -259.435002 43.9126962 0.0359927 0.0256353 
5090000 5090 1000.0 9479045.364 2319.151 7.5939 0 0 0 0.0030172 -258.8508501 69.0943775 0.0358451 0.0265091 
5100000 5100 1000.0 9502010.758 2315.031 7.5794 0 0 0 0.0028875 -258.9004741 24.9063666 0.0368216 0.0258861 
5110000 5110 1000.0 9525692.153 2324.875 7.5826 0 0 0 0.0031492 -259.0156192 43.3231019 0.0367038 0.0260848 
5120000 5120 1000.0 9548859.912 2323.563 7.5569 0 0 0 0.0031542 -259.2299488 55.9143103 0.0357721 0.0261808 
5130000 5130 1000.0 9572299.673 2326.972 7.5878 0 0 0 0.0029946 -259.2530078 53.3740123 0.0370727 0.0260736 
5140000 5140 1000.0 9595364.597 2323.398 7.5987 0 0 0 0.0034662 -259.1706806 86.6062087 0.0364157 0.0280069 
5150000 5150 1000.0 9618074.782 2313.315 7.6088 0 0 0 0.0033394 -258.7227866 138.5075888 0.0363872 0.0268298 
5160000 5160 1000.0 9640971.854 2308.964 7.5978 0 0 0 0.0030295 -258.5186014 60.7975049 0.0361496 0.0263223 
5170000 5170 1000.0 9664263.803 2312.423 7.6079 0 0 0 0.0026832 -258.892094 22.4521539 0.0352619 0.0239447 
5180000 5180 1000.0 9687565.566 2315.92 7.6206 0 0 0 0.0032902 -258.6298538 117.9126026 0.0361223 0.0261973 
5190000 5190 1000.0 9711201.664 2324.016 7.6285 0 0 0 0.003031 -258.4668244 58.4979711 0.0364906 0.0256673 
5200000 5200 1000.0 9734703.364 2328.926 7.6358 0 0 0 0.0030239 -258.548802 54.0271574 0.0363417 0.0255139 
5210000 5210 1000.0 9758382.285 2336.698 7.6316 0 0 0 0.0031648 -258.9596446 73.595503 0.0356908 0.0270851 
5220000 5220 1000.0 9782061.576 2342.721 7.643 0 0 0 0.00381 -258.7945143 80.1497238 0.036558 0.0299069 
5230000 5230 1000.0 9805811.416 2348.372 7.6388 0 0 0 0.0031926 -259.0518696 41.0332645 0.0361794 0.0259164 
5240000 5240 1000.0 9828897.764 2341.213 7.623 0 0 0 0.00295 -258.9078615 54.2984662 0.0357646 0.0250391 
5250000 5250 1000.0 9852470.465 2344.159 7.6548 0 0 0 0.0031097 -258.9137084 43.5413029 0.0349288 0.0269293 
5260000 5260 1000.0 9875474.286 2335.393 7.6485 0 0 0 0.0031325 -259.1577135 63.7668599 0.0353232 0.0264014 
5270000 5270 1000.0 9898862.207 2336.355 7.6805 0 0 0 0.0026785 -259.1687484 12.2630743 0.0346109 0.0240303 
5280000 5280 1000.0 9922454.944 2340.664 7.6891 0 0 0 0.0032648 -259.1576599 33.8451424 0.0349946 0.0280738 
5290000 5290 1000.0 9945916.475 2341.537 7.6961 0 0 0 0.0035073 -259.1978675 76.5291442 0.0364784 0.0285958 
5300000 5300 1000.0 9969015.73 2335.653 7.6664 0 0 0 0.0033051 -259.4114453 94.4689647 0.0359742 0.0271022 
5310000 5310 1000.0 9992131.066 2331.926 7.651 0 0 0 0.0032207 -259.1138841 41.6239207 0.0351178 0.0269722 
5320000 5320 1000.0 10016140.937 2344.853 7.6481 0 0 0 0.0034212 -259.1236052 47.8998182 0.0349433 0.0278988 
5330000 5330 1000.0 10038926.878 2332.777 7.6565 0 0 0 0.0035472 -259.2180629 67.668057 0.0357625 0.0290778 
5340000 5340 1000.0 10062620.575 2339.335 7.6427 0 0 0 0.0031556 -258.5917175 111.7286627 0.0356536 0.026519 
5350000 5350 1000.0 10085490.049 2329.097 7.6558 0 0 0 0.0034744 -259.0716097 51.8260013 0.0350144 0.0279728 
5360000 5360 1000.0 10108949.262 2332.023 7.6742 0 0 0 0.0032442 -259.6234119 32.9151716 0.0350004 0.0274333 
5370000 5370 1000.0 10132419.949 2334.993 7.6851 0 0 0 0.0033004 -259.3446229 78.7027792 0.0348677 0.0286773 
5380000 5380 1000.0 10155909.829 2337.803 7.6736 0 0 0 0.0033343 -259.3051721 81.2985457 0.0354017 0.0271589 
5390000 5390 1000.0 10180145.0 2353.637 7.6635 0 0 0 0.0032322 -259.3518219 64.3274179 0.0351926 0.027679 
5400000 5400 1000.0 10204629.504 2371.146 7.6644 0 0 0 0.0032938 -259.3247196 71.2386142 0.0365274 0.027314 
5410000 5410 1000.0 10229079.417 2384.532 7.653 0 0 0 0.0034797 -259.768123 75.2980953 0.0354257 0.0289494 
5420000 5420 1000.0 10253102.706 2387.56 7.6647 0 0 0 0.0037926 -259.8649407 89.9100036 0.036044 0.0283296 
5430000 5430 1000.0 10276765.609 2383.749 7.657 0 0 0 0.0036724 -259.7293671 47.1209462 0.0358357 0.0294716 
5440000 5440 1000.0 10299832.623 2369.568 7.6588 0 0 0 0.0030539 -259.6792766 47.2029022 0.035736 0.0265143 
5450000 5450 1000.0 10322790.44 2355.524 7.6878 0 0 0 0.0035566 -259.1628809 86.3830119 0.0348797 0.0283361 
5460000 5460 1000.0 10345045.84 2331.25 7.701 0 0 0 0.0031763 -259.30206 78.4877551 0.0348246 0.0274161 
5470000 5470 1000.0 10366891.44 2304.76 7.7067 0 0 0 0.0032573 -259.5908904 46.4675265 0.0351967 0.0270982 
5480000 5480 1000.0 10389532.506 2296.732 7.7227 0 0 0 0.0033142 -259.2732293 48.5661688 0.0346612 0.0285013 
5490000 5490 1000.0 10411717.245 2282.866 7.7222 0 0 0 0.0038571 -258.5923155 95.7013258 0.0362147 0.0307768 
5500000 5500 1000.0 10434624.93 2284.524 7.7056 0 0 0 0.0033162 -258.5784997 73.6894818 0.0364833 0.0283834 
5510000 5510 1000.0 10457705.667 2288.776 7.5774 0 0 0 0.0037036 -258.7162329 21.8666869 0.0355046 0.0310693 
5520000 5520 1000.0 10480335.826 2284.106 7.2318 0 0 0 0.0038095 -258.3368804 108.5468781 0.0369712 0.0297534 
5530000 5530 1000.0 10502812.788 2277.634 7.2448 0 0 0 0.0037562 -258.2702267 66.1622696 0.0369732 0.0291693 
5540000 5540 1000.0 10524437.85 2257.096 7.3448 0 0 0 0.0034805 -258.1463795 66.514112 0.0372551 0.0293772 
5550000 5550 1000.0 10546080.203 2240.18 7.3978 0 0 0 0.0033787 -257.6470023 48.0113905 0.0368524 0.0287164 
5560000 5560 1000.0 10567872.426 2228.936 7.4429 0 0 0 0.0037756 -257.6315533 54.3867015 0.0371746 0.0310722 
5570000 5570 1000.0 10589812.082 2222.288 7.4778 0 0 0 0.0039867 -257.211478 92.1511631 0.0367595 0.0316844 
5580000 5580 1000.0 10611366.786 2210.477 7.5036 0 0 0 0.0031207 -256.9579036 62.286338 0.037497 0.0282867 
5590000 5590 1000.0 10633845.891 2216.768 7.5469 0 0 0 0.0032361 -256.8443608 71.7645098 0.037459 0.0282573 
5600000 5600 1000.0 10656210.371 2219.912 7.5768 0 0 0 0.0038648 -256.5120412 90.4464662 0.0386798 0.0319615 
5610000 5610 1000.0 10678789.198 2227.312 7.58 0 0 0 0.0037959 -256.0597453 138.2504956 0.038194 0.0305146 
5620000 5620 1000.0 10701246.692 2229.925 7.5996 0 0 0 0.0033747 -255.7419453 78.4138215 0.0379222 0.0293468 
5630000 5630 1000.0 10724129.319 2240.571 7.5847 0 0 0 0.0034751 -255.8527585 65.671976 0.0383109 0.0296323 
5640000 5640 1000.0 10746808.481 2245.076 7.6194 0 0 0 0.0032167 -255.5013046 85.8755824 0.0393906 0.0281036 
5650000 5650 1000.0 10769233.096 2244.452 7.6285 0 0 0 0.0038165 -255.1731848 150.2941475 0.0394675 0.0304308 
5660000 5660 1000.0 10791646.205 2244.024 7.62 0 0 0 0.0031854 -255.8877628 55.2141727 0.0393128 0.0283789 
5670000 5670 1000.0 10813191.325 2226.772 7.6147 0 0 0 0.0035483 -255.3732832 49.432154 0.0405947 0.0300639 
5680000 5680 1000.0 10834366.147 2206.894 7.6024 0 0 0 0.003344 -255.559004 42.8441064 0.0397944 0.0290295 
5690000 5690 1000.0 10856986.232 2217.172 7.6223 0 0 0 0.0035014 -255.3617413 80.7883514 0.0400914 0.0297708 
5700000 5700 1000.0 10878855.405 2211.177 7.6116 0 0 0 0.0035215 -255.0687163 55.1652938 0.0395832 0.0294333 
5710000 5710 1000.0 10902413.747 2237.832 7.5859 0 0 0 0.003461 -255.1821518 89.7032266 0.039596 0.029508 
5720000 5720 1000.0 10925097.195 2243.611 7.5785 0 0 0 0.0037252 -255.0021832 89.9879389 0.038858 0.029923 
5730000 5730 1000.0 10948100.467 2254.201 7.5867 0 0 0 0.0031579 -255.338836 57.7263334 0.0392033 0.026994 
5740000 5740 1000.0 10970821.41 2257.406 7.5769 0 0 0 0.0033637 -256.2192954 28.9269334 0.0390986 0.0286331 
5750000 5750 1000.0 10993573.127 2260.413 7.4533 0 0 0 0.0038169 -256.046204 51.0659592 0.03961 0.0310848 
5760000 5760 1000.0 11016063.75 2258.617 7.1223 0 0 0 0.0037446 -256.0698934 56.016284 0.0390208 0.0306593 
5770000 5770 1000.0 11038591.927 2257.396 6.8757 0 0 0 0.0033596 -256.4847782 39.2651958 0.0385678 0.0290164 
5780000 5780 1000.0 11061948.332 2271.753 6.6886 0 0 0 0.0035795 -256.5386892 102.0452827 0.0388406 0.0298016 
5790000 5790 1000.0 11085047.226 2278.616 6.5065 0 0 0 0.0036635 -256.7250397 73.7983322 0.0376885 0.0301461 
5800000 5800 1000.0 11108227.545 2286.197 6.3575 0 0 0 0.0032421 -257.0071752 70.7890447 0.0374195 0.0272831 
5810000 5810 1000.0 11131695.232 2296.606 6.2262 0 0 0 0.002948 -257.4957582 29.789156 0.0377095 0.0258401 
5820000 5820 1000.0 11154958.383 2302.092 6.4024 0 0 0 0.0031547 -257.4018021 57.3628648 0.0373542 0.0269908 
5830000 5830 1000.0 11178842.626 2318.841 6.6193 0 0 0 0.0034556 -257.8525625 50.3086547 0.0372677 0.0290344 
5840000 5840 1000.0 11202275.309 2322.918 6.8194 0 0 0 0.0031296 -257.5872606 65.5348816 0.0374221 0.0273085 
5850000 5850 1000.0 11226128.126 2334.152 7.0024 0 0 0 0.003463 -258.2298646 50.8047104 0.0374433 0.0288131 
5860000 5860 1000.0 11250251.71 2348.341 7.1173 0 0 0 0.0036337 -258.3043183 87.6289006 0.0370294 0.0307942 
5870000 5870 1000.0 11274011.403 2352.628 7.2124 0 0 0 0.0040422 -258.9098774 71.882384 0.0384523 0.0301792 
5880000 5880 1000.0 11297076.62 2343.966 7.2639 0 0 0 0.0033677 -258.8683685 106.5276572 0.0380664 0.027967 
5890000 5890 1000.0 11320306.026 2339.981 7.329 0 0 0 0.0032691 -259.2092176 51.5103862 0.0366013 0.0285274 
5900000 5900 1000.0 11343244.751 2331.49 7.3765 0 0 0 0.003423 -259.171746 83.7377062 0.0355651 0.0286208 
5910000 5910 1000.0 11367076.536 2341.109 7.4034 0 0 0 0.0029685 -259.3868747 75.3510799 0.0361356 0.0258699 
5920000 5920 1000.0 11390770.723 2345.962 7.4685 0 0 0 0.0033253 -259.9002687 55.7758035 0.035592 0.028315 
5930000 5930 1000.0 11414836.249 2357.638 7.4953 0 0 0 0.0034873 -260.1526001 68.490855 0.0353341 0.0282186 
5940000 5940 1000.0 11438783.711 2364.516 7.514 0 0 0 0.0032556 -260.0244674 113.4009077 0.0353209 0.0268639 
5950000 5950 1000.0 11462668.925 2368.878 7.5362 0 0 0 0.0030562 -260.583252 71.0587047 0.0349762 0.0264094 
5960000 5960 1000.0 11486490.412 2371.318 7.5593 0 0 0 0.0028846 -260.864614 20.8458535 0.0350217 0.0254518 
5970000 5970 1000.0 11510603.436 2378.69 7.6317 0 0 0 0.0030734 -261.2053478 44.9593126 0.0346312 0.0261754 
5980000 5980 1000.0 11534725.072 2384.568 7.6131 0 0 0 0.0030175 -261.5305813 29.6409799 0.0349616 0.02603 
5990000 5990 1000.0 11558410.553 2381.014 7.6196 0 0 0 0.0030531 -261.2507521 65.7878486 0.0359815 0.026178 
6000000 6000 1000.0 11582053.899 2378.515 7.664 0 0 0 0.003138 -261.4792942 93.9875693 0.0354878 0.0262487 
