10000 255 40.449 -24.131 -0.098 0.1913 0 0 0 
20000 495 43.856 -48.044 -0.106 0.2039 0 0 0 
30000 641 84.32 -47.86 0.014 0.5386 0 0 0 
40000 736 105.122 -45.234 0.023 0.6611 0 0 0 
50000 874 60.933 -45.944 -0.008 0.4065 0 0 0 
60000 1128 36.75 -48.713 -0.005 0.2739 0 0 0 
70000 1409 35.214 -41.639 0.027 0.266 0 0 0 
80000 1666 44.108 -36.749 0.019 0.3109 0 0 0 
90000 1920 39.256 -31.059 0.024 0.2896 0 0 0 
100000 2175 39.318 -25.23 0.009 0.2865 0 0 0 
110000 2385 63.163 -23.921 0.004 0.4175 0 0 0 
120000 2420 175.56 -24.513 -0.006 1.0448 0 0 0 
130000 2467 202.458 -24.018 0.004 1.1808 0 0 0 
140000 2521 185.524 -23.637 0.005 1.0916 0 0 0 
150000 2570 192.578 -26.763 -0.043 1.1346 0 0 0 
160000 2668 112.599 -29.115 -0.015 0.6929 0 0 0 
170000 2803 75.679 -23.127 0.046 0.4869 0 0 0 
180000 2931 79.558 -16.011 0.059 0.5117 0 0 0 
190000 3054 81.291 -8.897 0.06 0.5185 0 0 0 
200000 3173 83.586 -2.749 0.055 0.5346 0 0 0 
210000 3288 88.19 2.208 0.05 0.5516 0 0 0 
220000 3403 89.523 8.865 0.059 0.5691 0 0 0 
230000 3518 87.445 17.569 0.075 0.5579 0 0 0 
240000 3634 86.464 24.704 0.065 0.5492 0 0 0 
250000 3721 114.171 32.966 0.09 0.7084 0 0 0 
260000 3838 88.414 47.134 0.117 0.563 0 0 0 
270000 3959 83.328 62.717 0.132 0.5369 0 0 0 
280000 4068 94.402 75.781 0.118 0.5965 0 0 0 
290000 4178 94.691 88.94 0.115 0.5998 0 0 0 
300000 4271 112.15 101.079 0.137 0.6839 0 0 0 
310000 4359 108.096 114.658 0.148 0.6646 0 0 0 
320000 4433 137.971 128.17 0.195 0.8299 0 0 0 
330000 4494 152.646 141.276 0.204 0.9138 0 0 0 
340000 4545 179.303 151.656 0.201 1.0626 0 0 0 
350000 4594 184.1 162.427 0.206 1.089 0 0 0 
360000 4649 183.335 174.624 0.222 1.0914 0 0 0 
370000 4709 170.817 186.575 0.206 1.0217 0 0 0 
380000 4775 156.296 199.907 0.207 0.9417 0 0 0 
390000 4865 119.059 214.969 0.166 0.7304 0 0 0 
400000 4955 110.718 228.41 0.15 0.6898 0 0 0 
410000 5040 112.927 240.953 0.15 0.7038 0 0 0 
420000 5117 127.168 254.194 0.172 0.7867 0 0 0 
430000 5194 131.578 267.773 0.183 0.8082 0 0 0 
440000 5266 138.393 282.053 0.203 0.8463 0 0 0 
450000 5326 158.542 295.759 0.226 0.9629 0 0 0 
460000 5377 186.706 309.913 0.249 1.111 0 0 0 
470000 5451 146.414 327.271 0.249 0.8914 0 0 0 
480000 5521 146.395 343.684 0.248 0.89 0 0 0 
490000 5581 158.327 358.931 0.251 0.9536 0 0 0 
500000 5652 138.645 375.201 0.225 0.8457 0 0 0 
510000 5715 160.587 391.552 0.261 0.9688 0 0 0 
520000 5764 192.433 408.382 0.32 1.1517 0 0 0 
530000 5811 199.161 425.954 0.347 1.1844 0 0 0 
540000 5858 210.133 443.806 0.376 1.2444 0 0 0 
550000 5919 176.888 463.631 0.342 1.0598 0 0 0 
560000 5983 159.727 482.834 0.305 0.9664 0 0 0 
570000 6042 161.844 500.834 0.297 0.9763 0 0 0 
580000 6102 168.333 518.949 0.307 1.0139 0 0 0 
590000 6159 174.479 533.556 0.274 1.0492 0 0 0 
600000 6208 193.765 548.567 0.292 1.1546 0 0 0 
610000 6264 182.115 564.175 0.28 1.0883 0 0 0 
620000 6307 212.848 577.323 0.301 1.2616 0 0 0 
630000 6360 190.753 593.42 0.295 1.1351 0 0 0 
640000 6399 224.397 608.315 0.34 1.3219 0 0 0 
650000 6431 266.913 622.65 0.396 1.5693 0 0 0 
660000 6472 255.957 638.829 0.398 1.5078 0 0 0 
670000 6507 269.699 654.988 0.427 1.5884 0 0 0 
680000 6552 236.296 677.048 0.454 1.3954 0 0 0 
690000 6599 221.413 696.944 0.432 1.3106 0 0 0 
700000 6651 194.371 717.748 0.394 1.1561 0 0 0 
710000 6705 188.674 738.981 0.39 1.1278 0 0 0 
720000 6758 189.189 759.892 0.395 1.1235 0 0 0 
730000 6801 211.448 781.062 0.452 1.2451 0 0 0 
740000 6837 251.608 800.342 0.507 1.4695 0 0 0 
750000 6878 243.735 821.75 0.509 1.4296 0 0 0 
760000 6927 212.645 845.892 0.482 1.257 0 0 0 
770000 6970 230.391 868.242 0.516 1.358 0 0 0 
780000 7021 203.124 890.858 0.457 1.2026 0 0 0 
790000 7080 175.161 914.723 0.406 1.0515 0 0 0 
800000 7136 173.999 941.114 0.442 1.0451 0 0 0 
810000 7188 184.205 968.328 0.492 1.0983 0 0 0 
820000 7245 178.862 994.661 0.478 1.0718 0 0 0 
830000 7303 171.02 1019.272 0.43 1.0231 0 0 0 
840000 7378 149.947 1043.31 0.365 0.9094 0 0 0 
850000 7445 148.912 1066.016 0.347 0.9049 0 0 0 
860000 7509 156.123 1092.456 0.399 0.9449 0 0 0 
870000 7574 158.059 1116.568 0.387 0.9537 0 0 0 
880000 7623 183.125 1140.139 0.442 1.0883 0 0 0 
890000 7685 163.229 1165.837 0.411 0.9773 0 0 0 
900000 7735 187.3 1187.747 0.428 1.114 0 0 0 
910000 7787 193.018 1211.654 0.456 1.1506 0 0 0 
920000 7841 187.805 1236.791 0.459 1.1316 0 0 0 
930000 7896 183.518 1259.779 0.432 1.1055 0 0 0 
940000 7953 176.714 1282.365 0.401 1.0664 0 0 0 
950000 8011 170.73 1304.587 0.381 1.0354 0 0 0 
960000 8069 175.641 1323.983 0.348 1.0585 0 0 0 
970000 8128 164.814 1342.241 0.316 0.9986 0 0 0 
980000 8192 158.989 1362.262 0.313 0.957 0 0 0 
990000 8253 165.307 1384.958 0.361 0.9962 0 0 0 
1000000 8314 163.993 1406.359 0.352 0.99 0 0 0 
1010000 8377 166.848 1427.758 0.358 1.0092 0 0 0 
1020000 8443 155.798 1451.185 0.358 0.9386 0 0 0 
1030000 8505 159.919 1474.683 0.377 0.9617 0 0 0 
1040000 8548 203.674 1499.134 0.487 1.2117 0 0 0 
1050000 8587 238.11 1523.329 0.576 1.4188 0 0 0 
1060000 8633 226.432 1545.746 0.525 1.3574 0 0 0 
1070000 8674 236.02 1568.504 0.536 1.405 0 0 0 
1080000 8717 234.902 1591.529 0.539 1.3998 0 0 0 
1090000 8755 253.993 1614.37 0.576 1.506 0 0 0 
1100000 8792 263.34 1636.654 0.595 1.5531 0 0 0 
1110000 8822 295.447 1655.228 0.612 1.7361 0 0 0 
1120000 8850 319.47 1674.061 0.634 1.8808 0 0 0 
1130000 8872 361.416 1691.276 0.68 2.1214 0 0 0 
1140000 8900 359.877 1709.8 0.671 2.1069 0 0 0 
1150000 8931 339.361 1724.644 0.587 1.9978 0 0 0 
1160000 8976 266.297 1739.31 0.425 1.5826 0 0 0 
1170000 9015 253.307 1755.825 0.416 1.5062 0 0 0 
1180000 9041 315.336 1772.421 0.522 1.8606 0 0 0 
1190000 9069 334.423 1793.463 0.621 1.9747 0 0 0 
1200000 9089 387.152 1814.182 0.753 2.2755 0 0 0 
1210000 9103 467.06 1836.57 0.966 2.7336 0 0 0 
1220000 9120 501.896 1855.912 1.013 2.9271 0 0 0 
1230000 9139 506.136 1873.064 0.977 2.9486 0 0 0 
1240000 9153 558.276 1890.604 1.04 3.2322 0 0 0 
1250000 9168 600.384 1906.493 1.069 3.4617 0 0 0 
1260000 9190 533.258 1927.336 0.993 3.0831 0 0 0 
1270000 9215 475.112 1950.011 0.945 2.7484 0 0 0 
1280000 9238 466.733 1974.157 1.004 2.7013 0 0 0 
1290000 9262 436.728 1997.91 0.972 2.5234 0 0 0 
1300000 9292 386.96 2024.946 0.931 2.2425 0 0 0 
1310000 9316 405.33 2050.692 1.013 2.3463 0 0 0 
1320000 9329 488.839 2075.989 1.23 2.764 0 0 0 
1330000 9342 552.037 2100.939 1.387 3.1404 0 0 0 
1340000 9358 565.73 2128.984 1.473 3.2352 0 0 0 
1350000 9369 632.703 2155.117 1.648 3.6323 0 0 0 
1360000 9383 652.852 2184.324 1.749 3.7615 0 0 0 
1370000 9394 705.352 2216.11 1.972 4.0652 0 0 0 
1380000 9407 718.569 2248.321 2.092 4.1461 0 0 0 
1390000 9419 745.408 2279.818 2.222 4.2964 0 0 0 
1400000 9436 695.624 2308.219 2.046 4.0068 0 0 0 
1410000 9455 636.778 2350.021 2.06 3.669 0 0 0 
1420000 9476 575.607 2384.458 1.903 3.3204 0 0 0 
1430000 9500 515.733 2417.83 1.714 2.9784 0 0 0 
1440000 9528 449.931 2449.928 1.477 2.6065 0 0 0 
1450000 9553 428.045 2478.807 1.335 2.4868 0 0 0 
1460000 9583 385.888 2505.865 1.155 2.2464 0 0 0 
1470000 9614 362.339 2531.338 1.027 2.1132 0 0 0 
1480000 9638 378.242 2554.851 0.998 2.2113 0 0 0 
1490000 9659 410.504 2584.343 1.125 2.389 0 0 0 
1500000 9676 462.178 2615.218 1.325 2.6861 0 0 0 
1510000 9692 505.13 2650.118 1.543 2.9315 0 0 0 
1520000 9710 528.025 2685.216 1.711 3.0592 0 0 0 
1530000 9726 547.916 2719.07 1.802 3.177 0 0 0 
1540000 9738 608.622 2752.983 2.027 3.5179 0 0 0 
1550000 9753 624.737 2790.617 2.162 3.6116 0 0 0 
1560000 9770 614.173 2825.8 2.118 3.5595 0 0 0 
1570000 9784 637.934 2859.267 2.194 3.7074 0 0 0 
1580000 9801 625.338 2894.616 2.17 3.6327 0 0 0 
1590000 9814 661.801 2933.591 2.369 3.8331 0 0 0 
1600000 9829 659.739 2975.147 2.459 3.8194 0 0 0 
1610000 9841 695.314 3018.042 2.668 4.0181 0 0 0 
1620000 9854 710.115 3057.412 2.762 4.0921 0 0 0 
1630000 9865 751.555 3096.374 2.938 4.322 0 0 0 
1640000 9877 770.166 3143.777 3.141 4.4257 0 0 0 
1650000 9889 783.82 3186.199 3.227 4.4978 0 0 0 
1660000 9902 780.916 3223.645 3.146 4.4774 0 0 0 
1670000 9916 762.683 3268.238 3.141 4.3663 0 0 0 
1680000 9931 739.431 3310.955 3.066 4.2729 0 0 0 
1690000 9946 718.692 3351.064 2.967 4.1541 0 0 0 
1700000 9959 729.027 3392.972 3.013 4.2129 0 0 0 
1710000 9973 724.268 3433.233 2.988 4.1718 0 0 0 
1720000 9985 747.931 3477.809 3.14 4.3047 0 0 0 
1730000 9997 766.276 3520.862 3.217 4.4035 0 0 0 
1740000 10012 738.348 3570.187 3.243 4.2452 0 0 0 
1750000 10025 746.762 3620.608 3.386 4.2866 0 0 0 
1760000 10040 725.577 3661.654 3.242 4.1648 0 0 0 
1770000 10052 747.551 3703.647 3.278 4.2947 0 0 0 
1780000 10067 727.329 3750.418 3.245 4.1705 0 0 0 
1790000 10081 722.414 3802.462 3.353 4.1399 0 0 0 
1800000 10093 745.541 3854.193 3.557 4.2713 0 0 0 
1810000 10104 777.793 3905.369 3.773 4.4572 0 0 0 
1820000 10116 792.197 3951.924 3.792 4.5397 0 0 0 
1830000 10133 733.084 4002.552 3.573 4.2094 0 0 0 
1840000 10143 782.093 4057.372 3.922 4.4843 0 0 0 
1850000 10154 807.896 4108.49 4.07 4.6274 0 0 0 
1860000 10164 843.22 4156.226 4.196 4.8284 0 0 0 
1870000 10176 841.962 4215.693 4.36 4.8137 0 0 0 
1880000 10190 806.959 4263.339 4.108 4.6192 0 0 0 
1890000 10203 799.163 4320.804 4.188 4.5834 0 0 0 
1900000 10213 834.884 4369.239 4.302 4.7848 0 0 0 
1910000 10224 850.977 4420.361 4.381 4.8823 0 0 0 
1920000 10234 878.42 4470.703 4.505 5.0422 0 0 0 
1930000 10246 868.156 4518.028 4.374 4.9752 0 0 0 
1940000 10256 892.457 4566.982 4.467 5.1126 0 0 0 
1950000 10270 849.219 4618.29 4.283 4.8651 0 0 0 
1960000 10281 861.48 4665.177 4.272 4.9508 0 0 0 
1970000 10291 887.002 4716.815 4.426 5.0931 0 0 0 
1980000 10305 842.051 4768.218 4.224 4.8258 0 0 0 
1990000 10315 871.127 4824.686 4.48 4.9815 0 0 0 
2000000 10325 894.884 4882.776 4.727 5.1134 0 0 0 
2010000 10337 865.614 4945.016 4.684 4.9386 0 0 0 
2020000 10347 890.38 5011.287 5.108 5.0597 0 0 0 
2030000 10360 861.688 5067.871 4.885 4.8921 0 0 0 
2040000 10370 885.688 5127.583 5.136 5.0174 0 0 0 
2050000 10380 906.782 5181.591 5.116 5.1311 0 0 0 
2060000 10392 893.372 5232.497 5.001 5.0517 0 0 0 
2070000 10404 877.344 5291.626 4.932 4.9579 0 0 0 
2080000 10419 819.228 5342.326 4.517 4.6369 0 0 0 
2090000 10432 804.568 5395.191 4.374 4.5541 0 0 0 
2100000 10443 825.644 5449.799 4.529 4.668 0 0 0 
2110000 10455 825.914 5501.641 4.448 4.6756 0 0 0 
2120000 10466 842.302 5554.809 4.542 4.7782 0 0 0 
2130000 10478 839.701 5609.868 4.538 4.7835 0 0 0 
2140000 10490 837.927 5679.696 4.805 4.7743 0 0 0 
2150000 10502 837.615 5735.324 4.815 4.7723 0 0 0 
2160000 10513 861.712 5789.493 4.847 4.9238 0 0 0 
2170000 10523 877.554 5834.306 4.727 5.028 0 0 0 
2180000 10534 883.103 5879.308 4.618 5.06 0 0 0 
2190000 10547 858.161 5928.447 4.451 4.9236 0 0 0 
2200000 10558 867.881 5976.935 4.367 4.9913 0 0 0 
2210000 10570 862.549 6025.578 4.372 4.9494 0 0 0 
2220000 10580 887.876 6076.687 4.448 5.103 0 0 0 
2230000 10590 908.569 6145.684 4.934 5.2178 0 0 0 
2240000 10601 908.961 6209.297 5.092 5.2152 0 0 0 
2250000 10611 925.797 6264.193 5.186 5.3047 0 0 0 
2260000 10621 939.554 6332.383 5.474 5.3766 0 0 0 
2270000 10632 932.074 6390.895 5.413 5.3436 0 0 0 
2280000 10642 944.683 6445.187 5.435 5.4212 0 0 0 
2290000 10654 920.119 6491.934 5.122 5.2821 0 0 0 
2300000 10665 916.949 6540.907 4.935 5.2628 0 0 0 
2310000 10675 932.324 6587.458 4.909 5.3522 0 0 0 
2320000 10685 944.887 6638.953 4.945 5.4239 0 0 0 
2330000 10695 955.151 6697.938 5.109 5.4864 0 0 0 
2340000 10705 963.538 6754.365 5.225 5.5295 0 0 0 
2350000 10715 970.391 6803.971 5.195 5.5701 0 0 0 
2360000 10725 975.99 6852.694 5.084 5.6071 0 0 0 
2370000 10739 908.222 6891.919 4.548 5.2392 0 0 0 
2380000 10754 843.107 6933.49 4.056 4.8825 0 0 0 
2390000 10764 871.99 6984.501 4.235 5.0366 0 0 0 
2400000 10774 895.589 7019.041 4.075 5.1821 0 0 0 
2410000 10784 914.872 7062.877 4.155 5.2987 0 0 0 
2420000 10794 930.627 7099.319 4.083 5.3779 0 0 0 
2430000 10804 943.5 7145.006 4.124 5.4614 0 0 0 
2440000 10814 954.018 7195.135 4.305 5.5308 0 0 0 
2450000 10824 962.613 7240.788 4.354 5.5914 0 0 0 
2460000 10835 952.941 7296.036 4.49 5.5285 0 0 0 
2470000 10845 961.732 7346.133 4.589 5.5775 0 0 0 
2480000 10855 968.915 7388.544 4.528 5.6259 0 0 0 
2490000 10865 974.784 7430.62 4.446 5.661 0 0 0 
2500000 10875 979.58 7475.217 4.454 5.6837 0 0 0 
2510000 10885 983.498 7515.186 4.383 5.7018 0 0 0 
2520000 10895 986.7 7554.401 4.289 5.7234 0 0 0 
2530000 10905 989.316 7601.169 4.347 5.7296 0 0 0 
2540000 10915 991.453 7647.845 4.419 5.7321 0 0 0 
2550000 10925 993.199 7692.235 4.439 5.7325 0 0 0 
2560000 10935 994.626 7739.778 4.497 5.7342 0 0 0 
2570000 10946 976.305 7789.274 4.471 5.6248 0 0 0 
2580000 10957 963.673 7829.256 4.316 5.5506 0 0 0 
2590000 10967 970.501 7867.095 4.231 5.5871 0 0 0 
2600000 10977 976.08 7907.654 4.187 5.6181 0 0 0 
2610000 10987 980.639 7946.056 4.123 5.6445 0 0 0 
2620000 10997 984.363 7989.534 4.161 5.6606 0 0 0 
2630000 11007 987.407 8029.954 4.16 5.6788 0 0 0 
2640000 11017 989.893 8071.055 4.138 5.6986 0 0 0 
2650000 11027 991.925 8118.411 4.255 5.7081 0 0 0 
2660000 11037 993.585 8163.033 4.284 5.7199 0 0 0 
2670000 11047 994.941 8206.209 4.3 5.7269 0 0 0 
2680000 11057 996.05 8252.314 4.349 5.7354 0 0 0 
2690000 11067 996.955 8302.823 4.472 5.7373 0 0 0 
2700000 11077 997.695 8351.535 4.544 5.7392 0 0 0 
2710000 11087 998.3 8411.311 4.813 5.7336 0 0 0 
2720000 11099 962.427 8463.243 4.714 5.5369 0 0 0 
2730000 11109 969.483 8512.442 4.752 5.5714 0 0 0 
2740000 11119 975.248 8568.6 4.906 5.5931 0 0 0 
2750000 11131 943.599 8616.515 4.706 5.4212 0 0 0 
2760000 11141 954.099 8664.369 4.731 5.4765 0 0 0 
2770000 11151 962.678 8717.687 4.838 5.5118 0 0 0 
2780000 11162 953.725 8767.196 4.788 5.4677 0 0 0 
2790000 11172 962.373 8818.646 4.862 5.5221 0 0 0 
2800000 11182 969.439 8874.116 4.988 5.5625 0 0 0 
2810000 11192 975.212 8936.102 5.201 5.5937 0 0 0 
2820000 11202 979.929 8993.078 5.287 5.6188 0 0 0 
2830000 11212 983.784 9036.381 5.113 5.65 0 0 0 
2840000 11222 986.933 9087.571 5.106 5.6904 0 0 0 
2850000 11232 989.506 9134.31 5.027 5.7178 0 0 0 
2860000 11243 972.754 9189.552 5.025 5.6125 0 0 0 
2870000 11253 977.921 9238.726 5.006 5.6347 0 0 0 
2880000 11263 982.143 9292.643 5.081 5.6534 0 0 0 
2890000 11273 985.592 9344.792 5.106 5.6687 0 0 0 
2900000 11283 988.411 9396.826 5.128 5.6928 0 0 0 
2910000 11293 990.714 9457.172 5.304 5.6974 0 0 0 
2920000 11303 992.595 9509.256 5.286 5.7026 0 0 0 
2930000 11313 994.133 9558.856 5.229 5.7192 0 0 0 
2940000 11323 995.389 9612.402 5.251 5.7283 0 0 0 
2950000 11333 996.415 9665.642 5.269 5.7224 0 0 0 
2960000 11343 997.254 9726.714 5.42 5.7153 0 0 0 
2970000 11353 997.939 9777.793 5.365 5.7179 0 0 0 
2980000 11363 998.499 9835.121 5.428 5.7122 0 0 0 
2990000 11374 980.237 9893.353 5.406 5.6047 0 0 0 
3000000 11384 984.035 9946.975 5.395 5.6306 0 0 0 
3010000 11393 986.856 9992.647 5.257 5.6487 0 0 0 
3020000 11403 989.443 10035.978 5.082 5.6698 0 0 0 
3030000 11414 972.251 10090.053 5.005 5.5726 0 0 0 
3040000 11424 977.51 10142.617 5.079 5.5938 0 0 0 
3050000 11434 981.807 10182.713 4.902 5.6275 0 0 0 
3060000 11444 985.318 10226.899 4.8 5.6646 0 0 0 
3070000 11455 971.147 10272.852 4.711 5.5839 0 0 0 
3080000 11465 976.608 10321.914 4.736 5.6127 0 0 0 
3090000 11475 981.07 10368.865 4.708 5.646 0 0 0 
3100000 11485 984.716 10419.257 4.764 5.6612 0 0 0 
3110000 11495 987.694 10467.268 4.774 5.6777 0 0 0 
3120000 11505 990.128 10520.525 4.892 5.6801 0 0 0 
3130000 11515 992.117 10565.826 4.818 5.6957 0 0 0 
3140000 11525 993.742 10623.043 4.934 5.7068 0 0 0 
3150000 11535 995.07 10674.893 5.015 5.7067 0 0 0 
3160000 11546 977.796 10729.483 5.037 5.6063 0 0 0 
3170000 11556 982.041 10777.447 4.997 5.6293 0 0 0 
3180000 11566 985.509 10825.038 4.928 5.6457 0 0 0 
3190000 11576 988.343 10879.033 5.007 5.6675 0 0 0 
3200000 11586 990.658 10926.061 4.957 5.6793 0 0 0 
3210000 11596 992.55 10972.948 4.95 5.6933 0 0 0 
3220000 11607 975.076 11024.643 4.893 5.5952 0 0 0 
3230000 11617 979.818 11067.992 4.765 5.6237 0 0 0 
3240000 11627 983.693 11122.314 4.908 5.6466 0 0 0 
3250000 11637 986.859 11174.014 4.951 5.6568 0 0 0 
3260000 11650 948.531 11227.014 4.81 5.4289 0 0 0 
3270000 11660 946.14 11284.538 4.931 5.4118 0 0 0 
3280000 11671 941.332 11334.196 4.84 5.3801 0 0 0 
3290000 11682 931.675 11391.679 4.907 5.3279 0 0 0 
3300000 11692 944.356 11453.464 5.169 5.3956 0 0 0 
3310000 11705 903.666 11504.707 4.853 5.1654 0 0 0 
3320000 11717 888.045 11552.044 4.654 5.0815 0 0 0 
3330000 11728 893.18 11606.798 4.757 5.111 0 0 0 
3340000 11739 897.442 11655.487 4.697 5.1452 0 0 0 
3350000 11750 898.207 11706.234 4.637 5.1526 0 0 0 
3360000 11763 870.537 11763.1 4.598 4.9981 0 0 0 
3370000 11773 894.402 11815.74 4.758 5.1293 0 0 0 
3380000 11783 913.902 11871.937 4.895 5.2418 0 0 0 
3390000 11793 929.834 11924.282 4.972 5.3433 0 0 0 
3400000 11807 887.835 11979.299 4.78 5.1097 0 0 0 
3410000 11820 849.919 12028.107 4.47 4.8945 0 0 0 
3420000 11836 796.007 12086.51 4.297 4.5857 0 0 0 
3430000 11849 785.482 12144.498 4.312 4.5218 0 0 0 
3440000 11862 783.892 12200.282 4.302 4.5071 0 0 0 
3450000 11873 807.605 12253.561 4.415 4.6479 0 0 0 
3460000 11883 842.982 12306.929 4.584 4.8453 0 0 0 
3470000 11895 840.556 12357.982 4.511 4.8313 0 0 0 
3480000 11906 853.41 12397.177 4.322 4.9174 0 0 0 
3490000 11916 880.408 12441.798 4.353 5.0685 0 0 0 
3500000 11928 871.065 12493.343 4.34 5.0116 0 0 0 
3510000 11940 864.461 12543.302 4.313 4.9674 0 0 0 
3520000 11954 826.172 12585.452 3.994 4.7499 0 0 0 
3530000 11964 858.152 12631.915 4.121 4.9376 0 0 0 
3540000 11974 884.283 12679.493 4.233 5.0812 0 0 0 
3550000 11985 887.63 12723.899 4.177 5.1107 0 0 0 
3560000 11998 858.824 12766.394 3.968 4.9431 0 0 0 
3570000 12011 838.827 12810.489 3.838 4.8326 0 0 0 
3580000 12024 822.599 12862.016 3.882 4.7455 0 0 0 
3590000 12037 807.09 12917.877 3.947 4.6545 0 0 0 
3600000 12053 757.866 12967.154 3.707 4.3669 0 0 0 
3610000 12066 758.121 13019.655 3.776 4.3697 0 0 0 
3620000 12078 775.877 13065.056 3.788 4.4673 0 0 0 
3630000 12090 786.083 13109.823 3.769 4.5252 0 0 0 
3640000 12104 770.43 13154.637 3.638 4.4365 0 0 0 
3650000 12117 769.523 13197.758 3.558 4.4343 0 0 0 
3660000 12129 782.189 13238.831 3.532 4.5117 0 0 0 
3670000 12141 795.827 13288.25 3.668 4.5828 0 0 0 
3680000 12154 789.832 13332.527 3.611 4.5507 0 0 0 
3690000 12167 786.976 13374.249 3.536 4.533 0 0 0 
3700000 12178 811.954 13419.716 3.651 4.6799 0 0 0 
3710000 12188 846.536 13461.902 3.762 4.8769 0 0 0 
3720000 12199 858.101 13503.432 3.753 4.9481 0 0 0 
3730000 12210 866.653 13547.5 3.803 4.9976 0 0 0 
3740000 12221 875.156 13597.92 3.953 5.0387 0 0 0 
3750000 12232 883.604 13645.79 4.043 5.0733 0 0 0 
3760000 12245 858.112 13690.204 3.91 4.9394 0 0 0 
3770000 12256 869.307 13739.296 4.018 5.0082 0 0 0 
3780000 12267 875.671 13793.55 4.199 5.0352 0 0 0 
3790000 12277 898.597 13847.96 4.428 5.1603 0 0 0 
3800000 12289 885.648 13902.365 4.474 5.0853 0 0 0 
3810000 12302 856.844 13954.016 4.345 4.9283 0 0 0 
3820000 12316 822.897 14003.607 4.149 4.7399 0 0 0 
3830000 12326 855.477 14054.302 4.316 4.9117 0 0 0 
3840000 12338 853.127 14096.467 4.153 4.9013 0 0 0 
3850000 12350 851.22 14148.019 4.198 4.8741 0 0 0 
3860000 12361 861.559 14197.465 4.251 4.931 0 0 0 
3870000 12371 887.066 14241.277 4.278 5.08 0 0 0 
3880000 12382 891.716 14287.875 4.268 5.1198 0 0 0 
3890000 12393 894.119 14332.128 4.22 5.1463 0 0 0 
3900000 12404 897.463 14384.708 4.335 5.1599 0 0 0 
3910000 12414 916.403 14435.104 4.461 5.2599 0 0 0 
3920000 12425 914.577 14478.786 4.369 5.2562 0 0 0 
3930000 12437 897.82 14527.142 4.305 5.1663 0 0 0 
3940000 12447 916.695 14579.518 4.472 5.278 0 0 0 
3950000 12457 932.116 14626.02 4.507 5.3526 0 0 0 
3960000 12467 944.717 14678.073 4.629 5.4181 0 0 0 
3970000 12477 955.013 14727.133 4.681 5.48 0 0 0 
3980000 12487 963.425 14772.165 4.643 5.5189 0 0 0 
3990000 12497 970.299 14816.209 4.592 5.5663 0 0 0 
4000000 12507 975.915 14863.66 4.624 5.5914 0 0 0 
4010000 12517 962.859 14918.943 4.672 5.5064 0 0 0 
4020000 12527 969.836 14965.906 4.701 5.5467 0 0 0 
4030000 12537 975.536 15010.223 4.651 5.5892 0 0 0 
4040000 12547 980.194 15063.198 4.76 5.6076 0 0 0 
4050000 12557 984.0 15109.385 4.747 5.6178 0 0 0 
4060000 12568 971.688 15154.264 4.598 5.5471 0 0 0 
4070000 12578 973.448 15202.022 4.62 5.5696 0 0 0 
4080000 12588 978.488 15250.601 4.7 5.592 0 0 0 
4090000 12598 982.606 15301.552 4.757 5.6045 0 0 0 
4100000 12608 985.971 15347.315 4.734 5.6358 0 0 0 
4110000 12618 988.72 15393.304 4.701 5.645 0 0 0 
4120000 12628 990.966 15436.779 4.659 5.6595 0 0 0 
4130000 12638 992.802 15486.546 4.672 5.6615 0 0 0 
4140000 12648 994.301 15544.627 4.882 5.6649 0 0 0 
4150000 12658 995.527 15592.516 4.895 5.6803 0 0 0 
4160000 12668 996.528 15648.074 4.977 5.6838 0 0 0 
4170000 12678 997.346 15704.568 5.137 5.6817 0 0 0 
4180000 12688 998.014 15758.151 5.152 5.676 0 0 0 
4190000 12698 998.561 15812.459 5.227 5.6781 0 0 0 
4200000 12708 999.007 15864.502 5.205 5.6738 0 0 0 
4210000 12718 999.371 15912.867 5.149 5.6844 0 0 0 
4220000 12728 999.669 15975.425 5.317 5.6846 0 0 0 
4230000 12738 999.913 16032.023 5.394 5.6854 0 0 0 
4240000 12748 1000.112 16088.127 5.466 5.687 0 0 0 
4250000 12758 1000.274 16130.387 5.264 5.6856 0 0 0 
4260000 12769 982.751 16180.42 5.096 5.5855 0 0 0 
4270000 12780 968.707 16220.776 4.826 5.5271 0 0 0 
4280000 12791 958.467 16272.814 4.805 5.4696 0 0 0 
4290000 12801 966.247 16327.209 4.919 5.5122 0 0 0 
4300000 12811 972.605 16376.295 4.941 5.5593 0 0 0 
4310000 12821 977.799 16425.792 4.93 5.595 0 0 0 
4320000 12834 930.843 16473.741 4.631 5.3393 0 0 0 
4330000 12846 909.204 16529.139 4.633 5.2129 0 0 0 
4340000 12860 864.534 16579.591 4.413 4.9592 0 0 0 
4350000 12873 840.211 16629.587 4.264 4.8229 0 0 0 
4360000 12886 826.069 16688.73 4.334 4.7537 0 0 0 
4370000 12899 811.989 16750.146 4.456 4.663 0 0 0 
4380000 12913 791.456 16804.979 4.331 4.5292 0 0 0 
4390000 12924 813.67 16855.965 4.376 4.6592 0 0 0 
4400000 12939 773.845 16910.204 4.149 4.434 0 0 0 
4410000 12952 772.358 16959.293 4.081 4.4265 0 0 0 
4420000 12964 787.101 17004.321 4.019 4.517 0 0 0 
4430000 12977 781.202 17056.655 4.028 4.4793 0 0 0 
4440000 12989 792.355 17101.061 3.964 4.5457 0 0 0 
4450000 13002 784.997 17150.449 3.912 4.5048 0 0 0 
4460000 13013 809.593 17201.925 4.045 4.6537 0 0 0 
4470000 13024 829.353 17253.813 4.201 4.7556 0 0 0 
4480000 13034 860.752 17305.342 4.372 4.943 0 0 0 
4490000 13044 886.407 17353.801 4.449 5.091 0 0 0 
4500000 13057 860.652 17399.222 4.236 4.9499 0 0 0 
4510000 13067 886.326 17448.285 4.362 5.1002 0 0 0 
4520000 13077 907.303 17496.885 4.452 5.2245 0 0 0 
4530000 13087 924.443 17548.842 4.599 5.3127 0 0 0 
4540000 13097 938.447 17602.203 4.728 5.3864 0 0 0 
4550000 13108 934.055 17652.415 4.713 5.3632 0 0 0 
4560000 13119 930.605 17702.785 4.692 5.3397 0 0 0 
4570000 13129 943.482 17748.752 4.684 5.3983 0 0 0 
4580000 13140 936.936 17801.047 4.686 5.3629 0 0 0 
4590000 13150 948.655 17851.58 4.758 5.4216 0 0 0 
4600000 13161 939.86 17904.779 4.757 5.3733 0 0 0 
4610000 13171 951.044 17963.956 4.978 5.4388 0 0 0 
4620000 13181 960.182 18030.328 5.28 5.4756 0 0 0 
4630000 13191 967.649 18100.241 5.595 5.5124 0 0 0 
4640000 13201 973.75 18174.497 5.926 5.5387 0 0 0 
4650000 13211 978.735 18242.362 6.085 5.5699 0 0 0 
4660000 13221 982.808 18312.387 6.272 5.6035 0 0 0 
4670000 13231 986.135 18384.415 6.44 5.6139 0 0 0 
4680000 13241 988.855 18454.627 6.538 5.6286 0 0 0 
4690000 13251 991.076 18524.149 6.618 5.6436 0 0 0 
4700000 13261 992.892 18591.356 6.637 5.6631 0 0 0 
4710000 13271 994.375 18655.721 6.596 5.673 0 0 0 
4720000 13281 995.587 18727.81 6.704 5.6758 0 0 0 
4730000 13291 996.577 18797.162 6.752 5.6903 0 0 0 
4740000 13301 997.386 18859.602 6.659 5.6982 0 0 0 
4750000 13311 998.047 18923.139 6.612 5.7126 0 0 0 
4760000 13321 998.587 18994.33 6.695 5.7111 0 0 0 
4770000 13331 999.029 19063.569 6.738 5.7184 0 0 0 
4780000 13341 999.389 19134.935 6.817 5.7264 0 0 0 
4790000 13351 999.684 19202.779 6.815 5.7203 0 0 0 
4800000 13361 999.925 19270.568 6.796 5.7268 0 0 0 
4810000 13371 1000.121 19324.949 6.552 5.7255 0 0 0 
4820000 13381 1000.282 19379.592 6.352 5.7341 0 0 0 
4830000 13391 1000.413 19438.22 6.267 5.7307 0 0 0 
4840000 13401 1000.521 19498.099 6.212 5.73 0 0 0 
4850000 13411 1000.608 19564.379 6.298 5.7206 0 0 0 
4860000 13421 1000.68 19634.442 6.437 5.7245 0 0 0 
4870000 13431 1000.739 19705.366 6.549 5.7355 0 0 0 
4880000 13441 1000.786 19770.475 6.55 5.7337 0 0 0 
4890000 13451 1000.825 19842.997 6.667 5.7389 0 0 0 
4900000 13461 1000.857 19910.831 6.685 5.7388 0 0 0 
4910000 13471 1000.883 19974.944 6.639 5.7407 0 0 0 
4920000 13481 1000.905 20044.609 6.699 5.7447 0 0 0 
4930000 13491 1000.922 20114.405 6.749 5.7438 0 0 0 
4940000 13501 1000.936 20181.911 6.755 5.745 0 0 0 
4950000 13511 1000.948 20246.527 6.701 5.7439 0 0 0 
4960000 13521 1000.958 20312.542 6.684 5.737 0 0 0 
4970000 13531 1000.965 20378.976 6.677 5.7406 0 0 0 
4980000 13541 1000.972 20445.385 6.666 5.7467 0 0 0 
4990000 13551 1000.977 20508.76 6.61 5.7567 0 0 0 
5000000 13561 1000.981 20576.847 6.649 5.7731 0 0 0 
5010000 13570 1000.984 20644.086 6.666 5.7847 0 0 0 
5020000 13580 1000.987 20713.575 6.694 5.7949 0 0 0 
5030000 13590 1000.989 20783.732 6.783 5.8124 0 0 0 
5040000 13602 964.103 20845.732 6.42 5.5941 0 0 0 
5050000 13612 970.852 20916.978 6.532 5.6384 0 0 0 
5060000 13624 940.664 20975.286 6.19 5.4574 0 0 0 
5070000 13634 951.701 21047.347 6.378 5.5225 0 0 0 
5080000 13644 960.719 21115.689 6.452 5.5685 0 0 0 
5090000 13654 968.088 21186.794 6.592 5.6082 0 0 0 
5100000 13664 974.108 21260.0 6.703 5.6466 0 0 0 
5110000 13674 979.027 21322.619 6.639 5.6693 0 0 0 
5120000 13684 983.047 21385.889 6.549 5.6848 0 0 0 
5130000 13695 967.951 21449.988 6.427 5.597 0 0 0 
5140000 13705 973.997 21511.098 6.376 5.6343 0 0 0 
5150000 13715 978.936 21574.517 6.365 5.6683 0 0 0 
5160000 13725 982.972 21638.33 6.377 5.6876 0 0 0 
5170000 13735 986.27 21702.519 6.378 5.7119 0 0 0 
5180000 13746 972.265 21762.991 6.231 5.628 0 0 0 
5190000 13756 977.522 21824.49 6.204 5.6523 0 0 0 
5200000 13766 981.816 21888.778 6.234 5.6743 0 0 0 
5210000 13779 932.433 21948.963 5.891 5.3962 0 0 0 
5220000 13789 944.976 22015.243 5.994 5.4725 0 0 0 
5230000 13800 938.788 22080.15 6.041 5.4381 0 0 0 
5240000 13810 950.168 22151.229 6.196 5.5267 0 0 0 
5250000 13820 959.467 22220.668 6.332 5.5788 0 0 0 
5260000 13830 967.064 22288.788 6.422 5.63 0 0 0 
5270000 13840 973.272 22359.35 6.53 5.6589 0 0 0 
5280000 13850 978.344 22431.112 6.68 5.6936 0 0 0 
5290000 13860 982.489 22499.541 6.707 5.7372 0 0 0 
5300000 13870 985.875 22571.609 6.775 5.7581 0 0 0 
5310000 13880 988.642 22648.431 6.948 5.7874 0 0 0 
5320000 13890 990.902 22713.209 6.853 5.7958 0 0 0 
5330000 13900 992.749 22773.274 6.695 5.8073 0 0 0 
5340000 13910 994.259 22842.025 6.735 5.8138 0 0 0 
5350000 13920 995.492 22910.039 6.743 5.8144 0 0 0 
5360000 13930 996.499 22976.69 6.719 5.8147 0 0 0 
5370000 13940 997.323 23044.604 6.769 5.8063 0 0 0 
5380000 13951 981.041 23103.55 6.48 5.6988 0 0 0 
5390000 13961 984.692 23167.708 6.456 5.7091 0 0 0 
5400000 13971 987.675 23221.454 6.273 5.7264 0 0 0 
5410000 13981 990.113 23279.687 6.185 5.7421 0 0 0 
5420000 13991 992.104 23338.76 6.14 5.7562 0 0 0 
5430000 14001 993.732 23393.287 6.022 5.769 0 0 0 
5440000 14011 995.061 23455.26 6.043 5.7715 0 0 0 
5450000 14021 996.148 23519.404 6.125 5.7809 0 0 0 
5460000 14031 997.035 23581.568 6.134 5.7804 0 0 0 
5470000 14041 997.76 23643.979 6.162 5.7859 0 0 0 
5480000 14051 998.353 23708.539 6.207 5.7879 0 0 0 
5490000 14061 998.837 23770.607 6.199 5.7868 0 0 0 
5500000 14071 999.233 23839.387 6.329 5.7833 0 0 0 
5510000 14081 999.556 23909.365 6.462 5.7942 0 0 0 
5520000 14091 999.82 23973.017 6.439 5.7918 0 0 0 
5530000 14101 1000.036 24036.385 6.427 5.7913 0 0 0 
5540000 14111 1000.212 24105.025 6.506 5.803 0 0 0 
5550000 14121 1000.356 24170.017 6.503 5.7949 0 0 0 
5560000 14131 1000.474 24238.967 6.583 5.8074 0 0 0 
5570000 14141 1000.57 24299.46 6.49 5.8105 0 0 0 
5580000 14151 1000.649 24356.597 6.341 5.8114 0 0 0 
5590000 14161 1000.713 24420.908 6.366 5.8218 0 0 0 
5600000 14171 1000.766 24485.397 6.372 5.8271 0 0 0 
5610000 14181 1000.809 24545.509 6.321 5.8252 0 0 0 
5620000 14191 1000.844 24607.585 6.3 5.8347 0 0 0 
5630000 14201 1000.872 24669.206 6.272 5.8286 0 0 0 
5640000 14211 1000.896 24726.989 6.187 5.8247 0 0 0 
5650000 14221 1000.915 24784.751 6.118 5.8293 0 0 0 
5660000 14231 1000.93 24841.113 6.029 5.8217 0 0 0 
5670000 14241 1000.943 24892.467 5.87 5.8221 0 0 0 
5680000 14251 1000.953 24944.517 5.748 5.8076 0 0 0 
5690000 14261 1000.962 24998.256 5.669 5.8092 0 0 0 
5700000 14271 1000.969 25046.405 5.523 5.8074 0 0 0 
5710000 14281 1000.975 25099.636 5.476 5.8088 0 0 0 
5720000 14291 1000.979 25156.091 5.513 5.8087 0 0 0 
5730000 14301 1000.983 25210.158 5.491 5.8097 0 0 0 
5740000 14311 1000.986 25260.898 5.43 5.8082 0 0 0 
5750000 14321 1000.989 25319.359 5.494 5.8213 0 0 0 
5760000 14331 1000.991 25379.493 5.596 5.8143 0 0 0 
5770000 14341 1000.992 25432.061 5.542 5.804 0 0 0 
5780000 14351 1000.994 25487.955 5.55 5.8014 0 0 0 
5790000 14362 983.071 25539.836 5.372 5.703 0 0 0 
5800000 14373 967.454 25595.827 5.31 5.6187 0 0 0 
5810000 14383 973.591 25648.448 5.312 5.6524 0 0 0 
5820000 14393 978.605 25698.108 5.252 5.6678 0 0 0 
5830000 14403 982.701 25752.284 5.277 5.6722 0 0 0 
5840000 14413 986.049 25801.797 5.225 5.6856 0 0 0 
5850000 14424 972.373 25860.378 5.247 5.6179 0 0 0 
5860000 14434 977.61 25922.365 5.43 5.6561 0 0 0 
5870000 14445 965.71 25976.111 5.331 5.589 0 0 0 
5880000 14455 972.165 26027.769 5.296 5.6295 0 0 0 
5890000 14465 977.44 26086.231 5.402 5.6577 0 0 0 
5900000 14475 981.75 26140.799 5.409 5.6875 0 0 0 
5910000 14485 985.271 26190.958 5.34 5.705 0 0 0 
5920000 14495 988.148 26242.259 5.307 5.7277 0 0 0 
5930000 14505 990.499 26292.061 5.25 5.7416 0 0 0 
5940000 14515 992.42 26342.956 5.222 5.7648 0 0 0 
5950000 14525 993.99 26396.506 5.248 5.7651 0 0 0 
5960000 14535 995.272 26445.522 5.185 5.7743 0 0 0 
5970000 14545 996.32 26493.754 5.12 5.7761 0 0 0 
5980000 14555 997.176 26549.8 5.206 5.7812 0 0 0 
5990000 14565 997.875 26603.566 5.238 5.7842 0 0 0 
6000000 14575 998.447 26654.481 5.217 5.7878 0 0 0 
