1000 12 17.374 -484.15 -8.627 0.0171 0 0 0 
2000 25 31.129 -893.708 -13.95 0.0304 0 0 0 
3000 36 42.101 -1379.551 -19.222 0.0412 0 0 0 
4000 47 52.268 -1867.253 -24.899 0.0537 0 0 0 
5000 52 55.189 -2111.092 -26.175 0.0563 0 0 0 
6000 61 74.815 -2466.882 -29.529 0.0984 0 0 0 
7000 73 75.731 -2969.281 -31.765 0.094 0 0 0 
8000 85 76.962 -3409.039 -32.729 0.0912 0 0 0 
9000 96 80.331 -3907.28 -35.462 0.0917 0 0 0 
10000 107 83.267 -4448.426 -38.629 0.0925 0 0 0 
11000 118 85.017 -4919.612 -39.449 0.0924 0 0 0 
12000 129 85.851 -5394.869 -40.18 0.0922 0 0 0 
13000 141 84.85 -5916.277 -40.88 0.0905 0 0 0 
14000 152 86.086 -6451.598 -42.35 0.0913 0 0 0 
15000 164 85.074 -6978.019 -42.109 0.0895 0 0 0 
16000 175 85.843 -7393.053 -41.291 0.0898 0 0 0 
17000 188 85.313 -7718.033 -38.086 0.1182 0 0 0 
18000 198 87.184 -7834.125 -33.197 0.1607 0 0 0 
19000 206 92.505 -7898.428 -29.319 0.2057 0 0 0 
20000 214 97.931 -8025.991 -27.404 0.2476 0 0 0 
21000 221 103.841 -8080.173 -24.798 0.2869 0 0 0 
22000 228 108.035 -8120.064 -22.278 0.3175 0 0 0 
23000 236 109.063 -8109.444 -18.784 0.3354 0 0 0 
24000 243 116.616 -8156.048 -17.159 0.3781 0 0 0 
25000 250 120.326 -8219.894 -16.12 0.4021 0 0 0 
26000 257 122.626 -8232.994 -14.223 0.4202 0 0 0 
27000 263 127.407 -8234.004 -12.605 0.4463 0 0 0 
28000 267 136.463 -8309.885 -13.106 0.4894 0 0 0 
29000 270 149.011 -8401.44 -14.144 0.5587 0 0 0 
30000 273 156.557 -8437.663 -13.872 0.5939 0 0 0 
31000 277 163.466 -8515.092 -14.234 0.6265 0 0 0 
32000 281 171.159 -8596.718 -14.773 0.6627 0 0 0 
33000 287 171.899 -8670.224 -14.692 0.6697 0 0 0 
34000 291 174.884 -8717.081 -14.325 0.6863 0 0 0 
35000 296 179.725 -8807.116 -14.703 0.71 0 0 0 
36000 300 183.54 -8831.605 -14.058 0.7286 0 0 0 
37000 302 195.334 -8834.412 -13.574 0.7924 0 0 0 
38000 306 201.523 -8853.977 -12.912 0.8211 0 0 0 
39000 309 204.746 -8908.668 -13.234 0.8371 0 0 0 
40000 311 220.238 -8896.781 -12.492 0.9384 0 0 0 
41000 312 235.834 -8906.91 -12.402 1.0249 0 0 0 
42000 316 237.391 -8940.381 -12.069 1.0281 0 0 0 
43000 320 240.605 -8973.879 -11.783 1.043 0 0 0 
44000 322 238.898 -8989.51 -11.783 1.0349 0 0 0 
45000 324 255.818 -8984.672 -11.01 1.1357 0 0 0 
46000 326 266.247 -8979.497 -10.488 1.1923 0 0 0 
47000 328 264.368 -8991.558 -10.175 1.1819 0 0 0 
48000 331 276.024 -9024.456 -10.326 1.2581 0 0 0 
49000 333 287.967 -9037.789 -10.294 1.3287 0 0 0 
50000 334 288.947 -9026.685 -9.945 1.3319 0 0 0 
51000 335 303.168 -9023.721 -9.616 1.404 0 0 0 
52000 336 317.105 -9009.461 -9.352 1.4809 0 0 0 
53000 339 326.732 -8997.313 -8.561 1.5317 0 0 0 
54000 340 340.198 -8988.482 -8.032 1.6184 0 0 0 
55000 342 351.126 -8978.847 -7.478 1.6715 0 0 0 
56000 343 364.103 -8981.529 -7.331 1.7569 0 0 0 
57000 344 363.621 -8990.827 -7.441 1.7521 0 0 0 
58000 348 370.854 -8986.419 -6.764 1.7866 0 0 0 
59000 350 365.569 -8964.038 -6.211 1.7554 0 0 0 
60000 351 378.257 -8958.078 -5.86 1.8174 0 0 0 
61000 353 388.918 -8951.993 -5.477 1.8775 0 0 0 
62000 354 388.58 -8944.925 -5.377 1.8743 0 0 0 
63000 355 400.808 -8928.876 -5.083 1.9437 0 0 0 
64000 356 412.792 -8918.211 -4.63 2.0008 0 0 0 
65000 358 426.226 -8912.86 -4.292 2.0663 0 0 0 
66000 360 434.147 -8921.642 -4.132 2.1115 0 0 0 
67000 361 445.464 -8916.48 -3.922 2.1775 0 0 0 
68000 362 444.235 -8928.199 -4.309 2.1706 0 0 0 
69000 364 456.743 -8922.224 -3.942 2.3845 0 0 0 
70000 365 463.368 -8916.23 -3.736 2.4751 0 0 0 
71000 367 470.499 -8908.049 -3.301 2.5026 0 0 0 
72000 369 462.904 -8919.725 -3.478 2.4676 0 0 0 
73000 371 471.465 -8909.087 -3.207 2.5218 0 0 0 
74000 372 482.036 -8907.447 -3.053 2.6015 0 0 0 
75000 374 480.402 -8895.461 -2.617 2.5884 0 0 0 
76000 375 481.194 -8890.89 -2.558 2.5841 0 0 0 
77000 377 489.739 -8890.004 -2.442 2.6271 0 0 0 
78000 378 490.004 -8889.039 -2.446 2.6306 0 0 0 
79000 379 498.084 -8880.105 -2.219 2.6827 0 0 0 
80000 384 487.177 -8881.982 -1.874 2.6176 0 0 0 
81000 389 459.889 -8894.387 -1.95 2.4576 0 0 0 
82000 394 433.148 -8925.288 -2.351 2.308 0 0 0 
83000 399 410.602 -8937.305 -2.406 2.1851 0 0 0 
84000 400 422.389 -8928.799 -2.154 2.2497 0 0 0 
85000 405 402.335 -8956.214 -2.484 2.1211 0 0 0 
86000 411 374.805 -8976.431 -2.543 1.9575 0 0 0 
87000 416 356.472 -8997.576 -2.739 1.8445 0 0 0 
88000 421 342.662 -9005.705 -2.676 1.7599 0 0 0 
89000 424 339.836 -9023.734 -2.819 1.7357 0 0 0 
90000 427 339.606 -9038.267 -3.017 1.7286 0 0 0 
91000 430 336.916 -9039.874 -2.75 1.7296 0 0 0 
92000 433 340.387 -9038.137 -2.707 1.7521 0 0 0 
93000 436 335.802 -9045.029 -2.532 1.7211 0 0 0 
94000 437 345.746 -9059.758 -2.659 1.7963 0 0 0 
95000 439 357.239 -9070.724 -2.89 1.8553 0 0 0 
96000 440 364.834 -9082.975 -3.006 1.8989 0 0 0 
97000 442 377.214 -9093.346 -3.166 1.9791 0 0 0 
98000 443 382.53 -9100.754 -3.243 2.0132 0 0 0 
99000 444 394.88 -9110.768 -3.339 2.1099 0 0 0 
100000 445 406.982 -9111.115 -3.401 2.1841 0 0 0 
101000 446 413.002 -9123.162 -3.505 2.2095 0 0 0 
102000 448 431.467 -9117.985 -3.315 2.3613 0 0 0 
103000 449 442.838 -9135.373 -3.56 2.4209 0 0 0 
104000 450 453.981 -9150.238 -3.8 2.4909 0 0 0 
105000 451 464.142 -9155.378 -3.806 2.5476 0 0 0 
106000 452 474.859 -9159.327 -3.78 2.61 0 0 0 
107000 453 484.582 -9172.508 -4.035 2.6599 0 0 0 
108000 454 494.89 -9179.656 -4.157 2.7112 0 0 0 
109000 455 504.992 -9188.804 -4.163 2.7941 0 0 0 
110000 456 509.852 -9192.011 -4.136 2.8217 0 0 0 
111000 457 519.655 -9198.927 -4.176 2.8822 0 0 0 
112000 458 529.262 -9198.636 -4.15 2.9273 0 0 0 
113000 459 538.677 -9204.132 -4.145 2.9792 0 0 0 
114000 460 547.903 -9209.896 -4.219 3.0195 0 0 0 
