10000 10 182.927 -13581.753 -248.543 0.1829 0 0 0 0.0 0.0 0.0 0.0 0.0 
20000 20 332.392 -27207.058 -452.377 0.3311 0 0 0 0.0 0.0 0.0 0.0 0.0 
30000 30 454.516 -40530.032 -613.059 1.8051 0 0 0 0.0110761 2.6328732 0.0751773 0.1101407 0.0429564 
40000 40 554.3 -54181.116 -750.535 3.0047 0 0 0 0.0088194 4.9092835 0.1316649 0.0925907 0.0340602 
50000 50 635.83 -62214.174 -753.637 3.9841 0 0 0 0.0080071 6.3062789 0.2247979 0.0837483 0.0297665 
60000 60 702.447 -69382.161 -750.55 4.7914 0 0 0 0.0070778 7.3321287 0.4257777 0.0783264 0.0281868 
70000 70 756.877 -80953.768 -823.61 5.4461 0 0 0 0.0079134 8.5168625 0.8527561 0.080637 0.0309226 
80000 80 801.351 -84692.296 -740.794 5.9781 0 0 0 0.0099514 8.0954597 1.2344119 0.086548 0.0341647 
90000 90 837.689 -92720.468 -755.048 6.4189 0 0 0 0.0116442 7.8012952 2.0260089 0.0935472 0.0390801 
100000 100 867.38 -101590.193 -779.041 6.7868 0 0 0 0.0126276 7.4249774 2.0510291 0.104427 0.0467449 
110000 110 891.64 -106712.943 -728.798 7.0765 0 0 0 0.0127785 7.0364247 2.2715787 0.1053313 0.0475266 
120000 120 911.462 -112723.955 -698.832 7.3157 0 0 0 0.0115572 6.4719465 2.2063824 0.1053619 0.0490687 
130000 130 927.658 -109033.747 -504.473 7.5171 0 0 0 0.0115367 4.6661939 2.4549133 0.09873 0.0447404 
140000 140 940.891 -104981.278 -337.47 7.69 0 0 0 0.0100023 2.8072362 2.295128 0.0942466 0.0428367 
150000 150 951.704 -101348.582 -209.424 7.823 0 0 0 0.0097197 0.2763136 2.4416951 0.0895759 0.0399182 
160000 160 960.539 -96847.629 -89.139 7.9361 0 0 0 0.009132 -2.3637918 2.3218175 0.0865049 0.0382435 
170000 170 967.757 -94356.451 -30.787 8.0277 0 0 0 0.0087641 -4.8781127 2.1103246 0.083841 0.0378671 
180000 180 973.655 -90012.583 54.31 8.1011 0 0 0 0.0077935 -7.3158478 1.6804629 0.0793728 0.0342821 
190000 190 978.474 -87070.921 96.803 8.1664 0 0 0 0.0081501 -9.462437 1.7135121 0.0798168 0.0357779 
200000 200 982.412 -82721.141 158.304 8.2255 0 0 0 0.007613 -11.659842 2.0688989 0.0774465 0.0335625 
210000 210 985.629 -78263.071 210.676 8.2779 0 0 0 0.0075603 -14.7821334 1.7415237 0.0763955 0.0337652 
220000 220 988.258 -73873.286 252.469 8.3292 0 0 0 0.0073558 -18.1045806 2.1473238 0.0720512 0.0321777 
230000 230 990.406 -69291.364 290.186 8.3661 0 0 0 0.0070784 -20.7154903 2.1326116 0.0692592 0.0308956 
240000 240 992.161 -64806.389 319.236 8.3855 0 0 0 0.0062602 -23.6120386 1.6733245 0.0666091 0.0294275 
250000 250 993.595 -60475.017 340.296 8.3977 0 0 0 0.0069893 -25.5693974 2.5347387 0.0682543 0.0307242 
260000 260 994.767 -55405.843 370.542 8.4059 0 0 0 0.0061101 -27.2881113 1.2425007 0.0643076 0.029098 
270000 270 995.724 -53057.057 344.076 8.4473 0 0 0 0.0061908 -29.3015272 2.1542535 0.0641376 0.0297556 
280000 280 996.506 -55939.57 227.171 8.4475 0 0 0 0.0059573 -30.3126778 2.370154 0.0587089 0.026343 
290000 290 997.145 -50461.893 285.909 8.4619 0 0 0 0.0047592 -31.9558579 1.4756992 0.0512707 0.0220949 
300000 300 997.667 -45588.213 322.84 8.4668 0 0 0 0.0048403 -33.2209505 2.3539656 0.0491434 0.0212516 
310000 310 998.094 -40792.833 351.36 8.474 0 0 0 0.0041745 -34.693338 1.0325478 0.0434347 0.0179531 
320000 320 998.443 -35923.538 375.389 8.4755 0 0 0 0.0036278 -36.052859 0.9630979 0.0411833 0.0163045 
330000 330 998.728 -32252.865 374.771 8.4799 0 0 0 0.0046194 -37.0891371 2.0864042 0.0473216 0.0201989 
340000 340 998.96 -27318.768 396.698 8.4841 0 0 0 0.0042157 -38.0624792 1.9347828 0.0457252 0.0184814 
350000 350 999.151 -22978.607 402.96 8.4796 0 0 0 0.004721 -38.9853798 1.7283649 0.0514009 0.0211203 
360000 360 999.306 -17510.927 429.329 8.479 0 0 0 0.0043447 -40.0373097 2.1176598 0.0521591 0.0214264 
370000 370 999.433 -12004.35 451.306 8.4749 0 0 0 0.0047129 -40.9203534 2.9424162 0.0548139 0.022835 
380000 380 999.537 -6095.837 477.039 8.476 0 0 0 0.0045594 -42.0365463 2.5436425 0.0552841 0.0228383 
390000 390 999.621 237.218 505.711 8.483 0 0 0 0.0043998 -42.7874251 3.3958838 0.0567297 0.0233979 
400000 400 999.691 6195.013 522.038 8.4912 0 0 0 0.0041307 -43.7333695 3.3415435 0.056459 0.0232914 
410000 410 999.747 12040.878 533.422 8.497 0 0 0 0.0039723 -44.5613222 2.0644115 0.0563343 0.0229263 
420000 420 999.793 17938.138 543.689 8.4924 0 0 0 0.003947 -45.299358 2.1515848 0.0585108 0.0235794 
430000 430 999.831 23701.673 549.954 8.5005 0 0 0 0.004279 -46.0194093 2.2608748 0.0596504 0.0245974 
440000 440 999.862 29689.069 558.758 8.4988 0 0 0 0.0042609 -46.9779184 2.1932082 0.0596951 0.0241676 
450000 450 999.887 35615.516 565.115 8.5035 0 0 0 0.0038545 -47.9530474 3.1724487 0.0587558 0.0242682 
460000 460 999.908 41420.04 568.311 8.5077 0 0 0 0.0043136 -48.874933 3.4451582 0.0624014 0.02468 
470000 470 999.925 47401.507 573.501 8.552 0 0 0 0.0038657 -49.6624521 2.8982416 0.0645133 0.0268111 
480000 480 999.939 53288.632 576.22 8.6224 0 0 0 0.0039051 -50.6608646 2.7422771 0.0622028 0.0247476 
490000 490 999.95 59692.054 588.074 8.6792 0 0 0 0.0042193 -51.7209173 2.6589059 0.0659352 0.0261026 
500000 500 999.959 65411.692 584.448 8.7239 0 0 0 0.0040839 -52.902684 2.7301022 0.0662747 0.0264492 
510000 510 999.966 70297.328 566.686 8.7587 0 0 0 0.0048547 -53.9098342 4.6072616 0.0702281 0.0291601 
520000 520 999.973 73580.587 521.806 8.784 0 0 0 0.0049852 -55.0329801 2.6678364 0.0710374 0.0293689 
530000 530 999.978 79296.446 531.738 8.8097 0 0 0 0.004355 -55.8845005 2.6309493 0.0685117 0.0267311 
540000 540 999.982 85608.343 550.352 8.7993 0 0 0 0.0044697 -56.7363659 3.8178737 0.0698084 0.0275397 
550000 550 999.985 91331.452 554.334 8.7806 0 0 0 0.0043813 -57.744708 3.3325368 0.0693713 0.0276168 
560000 560 999.988 96917.451 554.535 8.75 0 0 0 0.0041224 -58.6154588 3.8338768 0.0679734 0.0270057 
570000 570 999.99 102554.932 556.457 8.704 0 0 0 0.0041922 -59.7473683 4.3221508 0.0671147 0.0263073 
580000 580 999.992 108393.716 561.079 8.6709 0 0 0 0.0037705 -60.7318574 1.4815882 0.0664083 0.0259862 
590000 590 999.993 114539.596 571.099 8.6395 0 0 0 0.0041428 -61.6506884 8.178258 0.0674745 0.0267925 
600000 600 999.995 120838.603 581.803 8.6137 0 0 0 0.0042941 -62.5820525 5.2576603 0.0687007 0.0278899 
610000 610 999.996 127629.816 599.349 8.5988 0 0 0 0.0042997 -63.3877675 7.2200744 0.0676588 0.0274633 
620000 620 999.996 133988.821 605.895 8.5831 0 0 0 0.0038156 -64.4629124 4.4125904 0.0659158 0.0262632 
630000 630 999.997 139971.398 604.838 8.5669 0 0 0 0.0040469 -65.4996792 7.0805703 0.0699127 0.0281916 
640000 640 999.998 146916.355 621.389 8.5615 0 0 0 0.0040364 -66.47563 7.4268178 0.0708894 0.0288821 
650000 650 999.998 153235.568 623.171 8.5499 0 0 0 0.0040077 -67.2370784 5.5582274 0.0711604 0.0292097 
660000 660 999.998 159401.414 621.728 8.5435 0 0 0 0.0039795 -68.2258964 6.1195425 0.0726881 0.0305179 
670000 670 999.999 166290.358 634.986 8.5298 0 0 0 0.0039958 -69.3340722 2.061185 0.0709467 0.0290542 
680000 680 999.999 172957.353 640.192 8.5182 0 0 0 0.0042464 -70.1722123 3.0908094 0.0738453 0.0310603 
690000 690 999.999 179516.3 643.25 8.5105 0 0 0 0.003938 -71.2144655 4.3043144 0.0743191 0.0325653 
700000 700 999.999 186104.995 646.245 8.5053 0 0 0 0.0044769 -72.0053741 7.2758765 0.0731175 0.031869 
710000 710 999.999 193188.112 657.335 8.4973 0 0 0 0.0039652 -72.9422709 4.744091 0.0714666 0.0313827 
720000 720 1000.0 199706.994 655.809 8.4965 0 0 0 0.0041388 -73.5626123 5.4923583 0.0730735 0.0322634 
730000 730 1000.0 206881.261 667.693 8.4943 0 0 0 0.004233 -74.4021916 6.9427571 0.0754928 0.0343217 
740000 740 1000.0 214074.329 677.435 8.5001 0 0 0 0.0038144 -75.2802088 2.00347 0.0727782 0.0321019 
750000 750 1000.0 221397.485 687.727 8.5071 0 0 0 0.0039656 -75.9577623 3.4021183 0.0749719 0.0342023 
760000 760 1000.0 228725.56 696.147 8.5078 0 0 0 0.0039564 -76.8287682 7.3678966 0.0761779 0.034439 
770000 770 1000.0 236282.363 707.498 8.5132 0 0 0 0.0042213 -77.7733586 6.7894771 0.0798073 0.0368036 
780000 780 1000.0 243236.128 704.172 8.5073 0 0 0 0.0043734 -78.774966 6.4699332 0.0806778 0.0377129 
790000 790 1000.0 250255.74 703.599 8.495 0 0 0 0.0045093 -79.3979853 2.0461146 0.0835499 0.0388607 
800000 800 1000.0 258016.766 716.662 8.4912 0 0 0 0.0048985 -80.1721223 8.6044319 0.0859774 0.0406413 
810000 810 1000.0 266640.274 743.704 8.4844 0 0 0 0.0044773 -81.0056943 5.6642674 0.0871735 0.0401204 
820000 820 1000.0 275578.832 771.149 8.4786 0 0 0 0.004588 -81.8843346 4.6051414 0.0886114 0.0418895 
830000 830 1000.0 284172.778 787.283 8.4742 0 0 0 0.004441 -82.3873863 5.3619658 0.0919184 0.0435051 
840000 840 1000.0 292531.479 796.554 8.4823 0 0 0 0.004868 -83.0017008 6.5208121 0.0940505 0.0444343 
850000 850 1000.0 301416.658 813.644 8.4794 0 0 0 0.0050169 -84.0238788 6.6464437 0.0966672 0.0462644 
860000 860 1000.0 310290.175 827.179 8.478 0 0 0 0.0053276 -84.8034603 10.5619033 0.1035465 0.0513398 
870000 870 1000.0 319338.068 841.515 8.477 0 0 0 0.005456 -85.8436405 7.4137158 0.1056725 0.0525456 
880000 880 1000.0 328986.199 864.222 8.4775 0 0 0 0.005176 -86.5622578 3.9609652 0.1033342 0.051018 
890000 890 1000.0 338133.124 873.642 8.4771 0 0 0 0.005134 -87.3853485 7.0676059 0.1077327 0.0536071 
900000 900 1000.0 347141.511 879.36 8.4771 0 0 0 0.0054214 -88.3292634 7.6413648 0.1083274 0.0531536 
910000 910 1000.0 355552.129 871.583 8.475 0 0 0 0.0053475 -89.1458558 9.7054706 0.1101912 0.0548486 
920000 920 1000.0 364740.266 880.191 8.4803 0 0 0 0.0056877 -90.1333759 12.4452075 0.1138604 0.0580315 
930000 930 1000.0 375579.996 917.547 8.486 0 0 0 0.0056131 -91.2583731 6.2178779 0.114935 0.0569696 
940000 940 1000.0 386025.246 941.664 8.4845 0 0 0 0.0057127 -92.3382279 6.5927217 0.1182896 0.0596062 
950000 950 1000.0 396636.147 963.289 8.4857 0 0 0 0.0057797 -93.4789657 8.5257802 0.1221624 0.0610271 
960000 960 1000.0 407037.133 976.506 8.4834 0 0 0 0.0060592 -94.6623418 11.2730451 0.123823 0.0630647 
970000 970 1000.0 417358.8 986.733 8.4873 0 0 0 0.0057671 -95.9448298 11.3182577 0.1267862 0.0651587 
980000 980 1000.0 428153.209 1004.47 8.4834 0 0 0 0.0058649 -97.1552106 10.7919784 0.1282756 0.0655941 
990000 990 1000.0 438561.543 1011.883 8.4855 0 0 0 0.0058217 -98.6073324 6.5600251 0.1290373 0.0659005 
1000000 1000 1000.0 449873.542 1033.748 8.476 0 0 0 0.0060751 -99.8374678 10.6025937 0.1305228 0.0662413 
1010000 1010 1000.0 461366.023 1054.651 8.4761 0 0 0 0.0058593 -101.2655337 3.5355837 0.1335068 0.0681847 
1020000 1020 1000.0 472814.815 1070.994 8.4751 0 0 0 0.0060786 -102.5478891 9.649511 0.1357845 0.0690238 
1030000 1030 1000.0 484315.655 1085.462 8.4795 0 0 0 0.0062481 -103.9604565 7.6329516 0.1347651 0.0681798 
1040000 1040 1000.0 495589.961 1092.892 8.4735 0 0 0 0.0063331 -105.0736939 10.908825 0.1357396 0.0683694 
1050000 1050 1000.0 506442.233 1091.786 8.4782 0 0 0 0.0069101 -106.5985757 10.5176472 0.1398027 0.0707001 
1060000 1060 1000.0 517755.588 1098.747 8.487 0 0 0 0.0064671 -107.7895033 13.6457304 0.1374555 0.0689262 
1070000 1070 1000.0 529450.166 1111.769 8.4888 0 0 0 0.0063756 -109.099026 14.1502985 0.1365045 0.0673664 
1080000 1080 1000.0 540776.135 1115.814 8.487 0 0 0 0.0065139 -110.5175996 5.7862213 0.1403056 0.0693342 
1090000 1090 1000.0 552619.821 1128.406 8.4934 0 0 0 0.0068732 -111.8076123 22.7580595 0.1396472 0.0688639 
1100000 1100 1000.0 565300.766 1154.2 8.494 0 0 0 0.0068117 -113.3440954 16.6715742 0.1418655 0.0706343 
1110000 1110 1000.0 578130.845 1177.635 8.491 0 0 0 0.0072661 -114.8392889 14.6656456 0.1434116 0.0703663 
1120000 1120 1000.0 590093.225 1180.83 8.4877 0 0 0 0.0070863 -116.1440834 14.4350379 0.1443785 0.0708323 
1130000 1130 1000.0 602298.017 1188.563 8.4933 0 0 0 0.0072813 -117.6595016 12.3566763 0.1472078 0.0728432 
1140000 1140 1000.0 613841.904 1182.255 8.4897 0 0 0 0.0073233 -119.0664586 20.5570902 0.1484998 0.0736244 
1150000 1150 1000.0 625773.911 1183.991 8.4966 0 0 0 0.0075816 -120.5071884 22.0532979 0.1479999 0.073764 
1160000 1160 1000.0 637656.785 1184.105 8.4999 0 0 0 0.0073579 -121.9980539 8.9152415 0.1495552 0.0754193 
1170000 1170 1000.0 648687.211 1168.406 8.5004 0 0 0 0.0078807 -123.1091722 20.4452897 0.1518303 0.0768331 
1180000 1180 1000.0 661522.077 1188.922 8.5023 0 0 0 0.0074438 -124.3444901 23.1898451 0.1499706 0.075945 
1190000 1190 1000.0 672628.511 1174.117 8.498 0 0 0 0.0074287 -126.1115458 3.890623 0.1510352 0.0760781 
1200000 1200 1000.0 683565.026 1159.362 8.4985 0 0 0 0.0074347 -127.3361812 18.7218578 0.1512945 0.0772517 
1210000 1210 1000.0 695268.361 1161.837 8.4994 0 0 0 0.0083663 -128.5587719 23.7560873 0.1530176 0.0789284 
1220000 1220 1000.0 707935.405 1180.852 8.4971 0 0 0 0.0085182 -129.7490794 18.8602272 0.1535303 0.0799544 
1230000 1230 1000.0 720921.98 1203.179 8.4974 0 0 0 0.0080175 -131.2661584 14.0472324 0.1543318 0.0802297 
1240000 1240 1000.0 732101.539 1191.681 8.4946 0 0 0 0.0087286 -132.1950137 22.8998637 0.1543961 0.0812849 
1250000 1250 1000.0 746168.26 1230.638 8.4975 0 0 0 0.0079748 -133.9349086 13.6451048 0.1527208 0.0797199 
1260000 1260 1000.0 757597.932 1213.644 8.4965 0 0 0 0.0080028 -135.5224529 12.4589574 0.1519438 0.0793924 
1270000 1270 1000.0 769932.163 1215.933 8.5056 0 0 0 0.0083994 -136.7725462 19.2070675 0.1508942 0.0788686 
1280000 1280 1000.0 783539.57 1242.929 8.5017 0 0 0 0.0083293 -137.9751696 27.3468648 0.151493 0.079494 
1290000 1290 1000.0 798375.881 1286.748 8.4991 0 0 0 0.0086311 -139.8715054 22.9463491 0.1489231 0.0773824 
1300000 1300 1000.0 813021.346 1320.323 8.4991 0 0 0 0.0080475 -141.3863181 32.6660799 0.1490763 0.0777275 
1310000 1310 1000.0 827457.515 1342.601 8.4979 0 0 0 0.0081829 -142.8817237 12.5730022 0.1496622 0.0774258 
1320000 1320 1000.0 842274.726 1367.953 8.5011 0 0 0 0.0081336 -144.951425 27.8734702 0.150049 0.0780746 
1330000 1330 1000.0 856260.717 1373.245 8.505 0 0 0 0.0083848 -146.0860802 27.1123026 0.1491518 0.0776859 
1340000 1340 1000.0 869685.256 1367.723 8.5082 0 0 0 0.0078827 -147.744282 12.0260103 0.1490369 0.0769712 
1350000 1350 1000.0 883866.471 1376.653 8.5007 0 0 0 0.0081728 -149.2232127 34.5821041 0.149493 0.0785309 
1360000 1360 1000.0 897838.55 1380.396 8.5037 0 0 0 0.0081207 -150.8880274 15.7253129 0.1488481 0.0775912 
1370000 1370 1000.0 911790.047 1383.334 8.5036 0 0 0 0.0079839 -152.3849433 20.0510228 0.1483045 0.0768486 
1380000 1380 1000.0 925252.074 1377.489 8.4982 0 0 0 0.0080679 -153.3208697 28.9768446 0.1491866 0.0775991 
1390000 1390 1000.0 940014.284 1395.301 8.4965 0 0 0 0.0083333 -154.817205 35.775704 0.1503934 0.0790096 
1400000 1400 1000.0 954305.238 1401.016 8.5036 0 0 0 0.0077154 -156.7267525 15.5178373 0.1499086 0.0783916 
1410000 1410 1000.0 968611.216 1406.386 8.5094 0 0 0 0.0080174 -158.2353272 24.1327147 0.1493346 0.0783409 
1420000 1420 1000.0 981383.21 1382.672 8.5102 0 0 0 0.0083458 -159.2874135 27.855516 0.1506244 0.0790893 
1430000 1430 1000.0 995370.718 1385.302 8.5048 0 0 0 0.0084333 -160.2856973 50.8249 0.1510491 0.0796269 
1440000 1440 1000.0 1008874.066 1378.671 8.502 0 0 0 0.0083304 -161.9186881 65.0136676 0.1529663 0.0806916 
1450000 1450 1000.0 1022735.304 1379.341 8.4978 0 0 0 0.0075146 -163.2309704 20.5820077 0.1511803 0.0793273 
1460000 1460 1000.0 1037067.489 1388.722 8.5044 0 0 0 0.0078181 -164.6648342 22.7863085 0.1530361 0.0803263 
1470000 1470 1000.0 1051571.233 1399.575 8.503 0 0 0 0.0081058 -165.484539 48.004188 0.1531103 0.0806726 
1480000 1480 1000.0 1066285.18 1413.268 8.5005 0 0 0 0.0075049 -166.6842888 36.1474281 0.1530353 0.079895 
1490000 1490 1000.0 1080122.729 1406.972 8.4978 0 0 0 0.0077388 -167.664602 40.3851863 0.1567832 0.0838465 
1500000 1500 1000.0 1094653.556 1415.434 8.4897 0 0 0 0.007813 -168.9885318 33.3275504 0.1549249 0.0824049 
1510000 1510 1000.0 1109069.6 1420.494 8.4706 0 0 0 0.007757 -169.9077702 36.2308092 0.1552282 0.0815041 
1520000 1520 1000.0 1121387.578 1384.095 8.4708 0 0 0 0.0078346 -171.0098449 38.8939246 0.1546003 0.0820643 
1530000 1530 1000.0 1130639.715 1303.063 8.4701 0 0 0 0.0078774 -171.2270519 30.9483411 0.1543146 0.0816582 
1540000 1540 1000.0 1143763.503 1304.314 8.4658 0 0 0 0.0070953 -171.8707877 28.4134561 0.1543292 0.0826726 
1550000 1550 1000.0 1157920.078 1323.632 8.4583 0 0 0 0.0075563 -173.0746134 33.5291542 0.1541064 0.0832712 
1560000 1560 1000.0 1172098.718 1340.901 8.4625 0 0 0 0.0069886 -174.1361836 28.4603443 0.1527925 0.0822531 
1570000 1570 1000.0 1185086.665 1331.574 8.4644 0 0 0 0.007527 -174.7659204 53.7492402 0.1530934 0.0833229 
1580000 1580 1000.0 1199390.941 1349.562 8.4574 0 0 0 0.0072358 -175.956457 34.9271442 0.1539307 0.0838389 
1590000 1590 1000.0 1210798.654 1306.778 8.453 0 0 0 0.0077413 -176.687524 37.9889422 0.1561399 0.0868308 
1600000 1600 1000.0 1225506.931 1337.269 8.454 0 0 0 0.0073364 -177.2907927 20.7693223 0.1543085 0.0845184 
1610000 1610 1000.0 1239310.435 1344.809 8.4463 0 0 0 0.0071647 -177.8175834 17.3770877 0.1549749 0.084867 
1620000 1620 1000.0 1254264.209 1372.535 8.4493 0 0 0 0.0075806 -178.572312 71.8954316 0.1567154 0.0879763 
1630000 1630 1000.0 1269101.212 1393.007 8.4472 0 0 0 0.0075277 -179.5081111 33.0640452 0.1563877 0.0857396 
1640000 1640 1000.0 1284301.755 1416.006 8.4528 0 0 0 0.0074578 -179.9826747 55.9755677 0.1569761 0.0870502 
1650000 1650 1000.0 1298547.234 1417.424 8.4683 0 0 0 0.0077539 -180.7963531 24.3224515 0.1598639 0.0894626 
1660000 1660 1000.0 1313952.444 1440.673 8.471 0 0 0 0.00712 -181.913215 29.1465599 0.1569495 0.0875051 
1670000 1670 1000.0 1329143.57 1454.604 8.4701 0 0 0 0.0073642 -182.6231307 40.6778125 0.1591216 0.0899194 
1680000 1680 1000.0 1344509.361 1469.468 8.4672 0 0 0 0.0072189 -183.2418394 40.8300851 0.1566823 0.0871628 
1690000 1690 1000.0 1359772.045 1480.439 8.4691 0 0 0 0.0076842 -184.0280189 45.8313662 0.1585527 0.0893452 
1700000 1700 1000.0 1373258.745 1456.461 8.4666 0 0 0 0.0076587 -184.3722916 30.2782091 0.1588459 0.0896967 
1710000 1710 1000.0 1387612.216 1452.17 8.467 0 0 0 0.0074836 -184.8656376 46.7074403 0.1589721 0.0897715 
1720000 1720 1000.0 1403068.518 1469.496 8.4524 0 0 0 0.008088 -186.2560665 39.879025 0.1599002 0.0904889 
1730000 1730 1000.0 1417613.899 1466.302 8.4525 0 0 0 0.0072174 -186.8768571 44.6433088 0.1614019 0.0904466 
1740000 1740 1000.0 1432021.94 1462.074 8.453 0 0 0 0.0076641 -187.5030878 34.6719594 0.1635728 0.0939702 
1750000 1750 1000.0 1447293.362 1473.553 8.4544 0 0 0 0.0074644 -187.8687222 24.6932473 0.1631722 0.0924169 
1760000 1760 1000.0 1462516.842 1482.779 8.4675 0 0 0 0.0072582 -188.8661894 47.5822329 0.160689 0.0893093 
1770000 1770 1000.0 1478339.977 1501.154 8.4713 0 0 0 0.0071976 -189.0366764 34.4295092 0.1608304 0.0896344 
1780000 1780 1000.0 1494287.459 1517.953 8.4667 0 0 0 0.0070537 -190.0884903 40.8008045 0.1610342 0.0901217 
1790000 1790 1000.0 1509899.524 1525.597 8.4598 0 0 0 0.0071895 -190.6452106 70.4585366 0.1624879 0.0910187 
1800000 1800 1000.0 1526219.186 1545.268 8.4606 0 0 0 0.006928 -191.9263167 29.5778594 0.1624415 0.0900683 
1810000 1810 1000.0 1542724.515 1564.415 8.4685 0 0 0 0.0073714 -192.2286433 60.540729 0.1610839 0.0886189 
1820000 1820 1000.0 1557908.326 1556.385 8.4713 0 0 0 0.0073995 -192.89967 41.6126169 0.1615312 0.0884654 
1830000 1830 1000.0 1573103.103 1549.16 8.469 0 0 0 0.0067983 -193.4708093 26.2474847 0.1603236 0.0882457 
1840000 1840 1000.0 1588411.985 1545.558 8.4776 0 0 0 0.0070662 -194.1748304 51.5475896 0.1600785 0.087621 
1850000 1850 1000.0 1603892.12 1546.276 8.4732 0 0 0 0.0066344 -194.9142975 21.1664857 0.1602225 0.0879438 
1860000 1860 1000.0 1619503.955 1549.026 8.466 0 0 0 0.0070061 -195.0706507 52.1090495 0.160061 0.0873496 
1870000 1870 1000.0 1634770.036 1544.877 8.4662 0 0 0 0.0068833 -195.7703314 63.0846026 0.1628997 0.0903057 
1880000 1880 1000.0 1650353.005 1547.061 8.4685 0 0 0 0.007392 -196.1622407 37.7948992 0.1622446 0.0889038 
1890000 1890 1000.0 1664587.77 1526.093 8.4783 0 0 0 0.0064612 -196.8023751 40.2281079 0.1617297 0.08882 
1900000 1900 1000.0 1680077.31 1530.554 8.4926 0 0 0 0.0068707 -197.0978693 39.7249135 0.1643632 0.0918657 
1910000 1910 1000.0 1695768.855 1537.406 8.482 0 0 0 0.0070716 -198.0469647 54.78084 0.1620648 0.0885092 
1920000 1920 1000.0 1711199.23 1537.491 8.474 0 0 0 0.0067955 -198.2647378 38.0596743 0.1626412 0.0892609 
1930000 1930 1000.0 1726561.584 1537.399 8.4671 0 0 0 0.0072128 -198.7211179 45.6575874 0.1637564 0.0892042 
1940000 1940 1000.0 1741549.518 1530.318 8.4704 0 0 0 0.006583 -199.3782623 26.3830443 0.1635882 0.0896062 
1950000 1950 1000.0 1756189.653 1517.851 8.4674 0 0 0 0.0074964 -200.3040385 61.5831776 0.1670096 0.0943986 
1960000 1960 1000.0 1770834.083 1507.362 8.4641 0 0 0 0.0069641 -200.4731032 52.3315939 0.1666956 0.0941556 
1970000 1970 1000.0 1785581.839 1500.637 8.4695 0 0 0 0.0070443 -201.3084161 43.7240583 0.1678858 0.0957264 
1980000 1980 1000.0 1801151.565 1510.559 8.4626 0 0 0 0.00674 -201.1812832 41.3417039 0.1665879 0.0936687 
1990000 1990 1000.0 1816240.99 1511.519 8.4541 0 0 0 0.0069892 -201.4498948 36.6622502 0.1705001 0.0980267 
2000000 2000 1000.0 1831039.827 1505.176 8.4542 0 0 0 0.007025 -202.229007 44.3340535 0.1729065 0.0998832 
2010000 2010 1000.0 1846854.197 1518.743 8.4572 0 0 0 0.0072745 -202.6416138 51.0932449 0.1708325 0.0973369 
2020000 2020 1000.0 1861836.452 1514.876 8.4687 0 0 0 0.0074314 -203.4124781 18.921407 0.1698618 0.0984026 
2030000 2030 1000.0 1874797.959 1475.817 8.4698 0 0 0 0.0079457 -203.3373867 20.4959644 0.1738418 0.1032417 
2040000 2040 1000.0 1889513.896 1475.082 8.4708 0 0 0 0.0075974 -203.6622701 41.6635443 0.1732955 0.1024994 
2050000 2050 1000.0 1903809.684 1466.353 8.4694 0 0 0 0.0073834 -204.0970993 41.7184273 0.1718737 0.1003886 
2060000 2060 1000.0 1918979.624 1475.263 8.4776 0 0 0 0.0069592 -203.8555985 22.5407825 0.1726757 0.1009316 
2070000 2070 1000.0 1933672.935 1474.13 8.4763 0 0 0 0.0083473 -204.0577371 58.6455811 0.1751329 0.104173 
2080000 2080 1000.0 1949520.396 1494.287 8.4801 0 0 0 0.0077171 -204.8927808 90.1041678 0.1767734 0.1056591 
2090000 2090 1000.0 1964939.483 1502.67 8.4771 0 0 0 0.0080003 -205.1088229 69.0505474 0.1767821 0.10573 
2100000 2100 1000.0 1980127.063 1504.905 8.4744 0 0 0 0.0071653 -205.6874236 49.8372088 0.1773922 0.1065924 
2110000 2110 1000.0 1995915.181 1518.49 8.4633 0 0 0 0.0076379 -206.072476 60.4739779 0.1737188 0.1023267 
2120000 2120 1000.0 2011813.211 1531.853 8.4649 0 0 0 0.0077532 -206.6321558 42.6965669 0.1762171 0.1047674 
2130000 2130 1000.0 2027323.01 1535.64 8.4625 0 0 0 0.0073839 -207.1763716 60.6901438 0.1757328 0.1053048 
2140000 2140 1000.0 2042792.078 1537.725 8.4674 0 0 0 0.0078185 -207.0070612 62.694393 0.1790152 0.1078863 
2150000 2150 1000.0 2058526.274 1544.832 8.4717 0 0 0 0.0073557 -207.9432271 39.2637924 0.1747995 0.1030559 
2160000 2160 1000.0 2074711.969 1558.059 8.4711 0 0 0 0.0072798 -208.5491201 30.0248042 0.1761157 0.1039905 
2170000 2170 1000.0 2090574.465 1563.342 8.4741 0 0 0 0.0077506 -208.5940839 59.8503816 0.1785435 0.1074454 
2180000 2180 1000.0 2105911.221 1557.901 8.4789 0 0 0 0.0072455 -209.2525354 33.2088782 0.1792928 0.1077628 
2190000 2190 1000.0 2119625.512 1522.37 8.481 0 0 0 0.0079471 -209.5641038 18.9700719 0.1747 0.1018205 
2200000 2200 1000.0 2135725.034 1538.593 8.4753 0 0 0 0.0080318 -209.563328 66.9819067 0.1759864 0.1036688 
2210000 2210 1000.0 2151399.477 1543.737 8.4732 0 0 0 0.0075642 -210.3873544 53.3506403 0.1765563 0.1049948 
2220000 2220 1000.0 2166615.311 1539.202 8.474 0 0 0 0.0070836 -211.1256876 23.8478962 0.1800048 0.1080224 
2230000 2230 1000.0 2182158.677 1542.812 8.4778 0 0 0 0.0078392 -211.5941555 32.5451655 0.1773738 0.1050014 
2240000 2240 1000.0 2198079.382 1551.788 8.483 0 0 0 0.0075304 -212.007209 51.4015789 0.1770823 0.105541 
2250000 2250 1000.0 2213762.327 1555.379 8.4805 0 0 0 0.008198 -212.8832776 54.4308121 0.1788129 0.1053541 
2260000 2260 1000.0 2229339.815 1556.214 8.4749 0 0 0 0.0076134 -213.4034213 51.7723539 0.1788575 0.1060077 
2270000 2270 1000.0 2244070.533 1541.203 8.4723 0 0 0 0.0077823 -213.3579646 54.7310489 0.1807714 0.1077092 
2280000 2280 1000.0 2260402.42 1557.768 8.4842 0 0 0 0.0077689 -214.4786456 67.3622026 0.1814578 0.1088856 
2290000 2290 1000.0 2275728.544 1553.242 8.4772 0 0 0 0.0079819 -214.5084864 94.1251811 0.178698 0.1051908 
2300000 2300 1000.0 2290880.532 1545.33 8.4791 0 0 0 0.0078874 -214.9202452 45.6712362 0.1805643 0.1091711 
2310000 2310 1000.0 2306548.734 1548.846 8.4716 0 0 0 0.0077159 -215.3741899 50.7861467 0.1827254 0.1112525 
2320000 2320 1000.0 2322124.109 1550.316 8.4682 0 0 0 0.0081132 -215.2943903 61.3432953 0.1805297 0.1085451 
2330000 2330 1000.0 2338189.884 1560.223 8.4639 0 0 0 0.0081889 -215.868759 49.8241694 0.1803946 0.107705 
2340000 2340 1000.0 2353892.792 1561.496 8.4635 0 0 0 0.0070156 -215.528496 33.6772316 0.1822029 0.1114282 
2350000 2350 1000.0 2368485.291 1543.078 8.4699 0 0 0 0.0067948 -216.3695071 56.5913496 0.1830053 0.1119189 
2360000 2360 1000.0 2383143.436 1531.189 8.4758 0 0 0 0.0077265 -215.9129528 82.0880548 0.1837674 0.1120514 
2370000 2370 1000.0 2396376.639 1494.32 8.474 0 0 0 0.0075641 -215.9342806 66.5264108 0.1831854 0.1118775 
2380000 2380 1000.0 2413081.835 1526.967 8.4741 0 0 0 0.0074265 -216.5112997 61.67069 0.1835544 0.1123399 
2390000 2390 1000.0 2429394.301 1546.769 8.4722 0 0 0 0.0073353 -216.8325176 28.3997876 0.1866074 0.1146229 
2400000 2400 1000.0 2446082.348 1568.968 8.4796 0 0 0 0.0075072 -216.7012537 64.962625 0.1843269 0.1131 
2410000 2410 1000.0 2461193.774 1556.09 8.4749 0 0 0 0.0067204 -217.1231322 38.5272093 0.1821958 0.1094692 
2420000 2420 1000.0 2475222.018 1529.65 8.4835 0 0 0 0.0070985 -216.9894271 62.7146071 0.1811414 0.1097957 
2430000 2430 1000.0 2492576.732 1567.392 8.4884 0 0 0 0.0071419 -217.6980399 46.7498926 0.183314 0.1123252 
2440000 2440 1000.0 2509363.215 1587.53 8.4987 0 0 0 0.0067573 -217.7214023 63.4079921 0.1818382 0.1111837 
2450000 2450 1000.0 2525761.889 1596.84 8.4896 0 0 0 0.0071056 -217.9578272 41.9011485 0.1807603 0.1097215 
2460000 2460 1000.0 2542177.054 1604.238 8.4852 0 0 0 0.0070034 -217.9540891 83.5539298 0.1839639 0.1135915 
2470000 2470 1000.0 2558326.315 1605.457 8.4781 0 0 0 0.0072398 -218.3347362 34.8879754 0.1843727 0.1169769 
2480000 2480 1000.0 2574799.418 1612.858 8.4755 0 0 0 0.0069503 -218.7357808 54.4685731 0.1847316 0.1159637 
2490000 2490 1000.0 2590965.918 1614.349 8.4768 0 0 0 0.0070335 -219.176001 53.9563276 0.1860485 0.118231 
2500000 2500 1000.0 2606782.734 1608.158 8.4757 0 0 0 0.0066888 -220.0791874 45.7793007 0.184452 0.1159135 
2510000 2510 1000.0 2622520.157 1603.235 8.4813 0 0 0 0.0068826 -220.0223755 56.3502745 0.1837872 0.1139485 
2520000 2520 1000.0 2638436.249 1600.938 8.4746 0 0 0 0.0068668 -220.3338475 57.2862924 0.1837886 0.1158298 
2530000 2530 1000.0 2654778.937 1606.405 8.471 0 0 0 0.007 -220.1025237 71.6865589 0.1848791 0.1183226 
2540000 2540 1000.0 2671235.354 1613.878 8.4737 0 0 0 0.0070278 -220.3401478 44.2088379 0.1846498 0.1177636 
2550000 2550 1000.0 2686127.452 1589.919 8.4723 0 0 0 0.0064757 -220.7690477 47.6904204 0.1823273 0.1144906 
2560000 2560 1000.0 2702213.856 1594.044 8.4711 0 0 0 0.0072629 -221.2830278 71.8740286 0.1829292 0.1176019 
2570000 2570 1000.0 2718631.722 1603.095 8.4745 0 0 0 0.0067473 -221.1909019 73.9579719 0.1858465 0.1194268 
2580000 2580 1000.0 2734086.445 1592.507 8.4711 0 0 0 0.0065755 -221.5726938 55.8582589 0.1847377 0.1185624 
2590000 2590 1000.0 2749790.232 1588.921 8.4709 0 0 0 0.0070746 -221.6971981 99.5469758 0.1830263 0.1152851 
2600000 2600 1000.0 2765635.82 1588.499 8.4727 0 0 0 0.0068875 -221.9864008 53.0188165 0.1829603 0.117133 
2610000 2610 1000.0 2782480.349 1605.893 8.4721 0 0 0 0.0070223 -221.8078664 59.2148969 0.1858054 0.1183128 
2620000 2620 1000.0 2798021.221 1596.444 8.4739 0 0 0 0.0068429 -222.1275941 58.1973622 0.1844681 0.1159531 
2630000 2630 1000.0 2813752.138 1592.092 8.4755 0 0 0 0.0069951 -222.1521083 38.6480241 0.1875221 0.1195767 
2640000 2640 1000.0 2830461.782 1605.952 8.4739 0 0 0 0.0069202 -222.1205725 112.3287667 0.1834448 0.1145274 
2650000 2650 1000.0 2847881.882 1631.027 8.4741 0 0 0 0.0070495 -222.2628336 60.659552 0.1842192 0.1159392 
2660000 2660 1000.0 2864143.718 1630.898 8.4745 0 0 0 0.0069717 -222.6954244 34.0637624 0.1846211 0.1163934 
2670000 2670 1000.0 2880315.525 1628.394 8.4728 0 0 0 0.0064778 -223.0393572 43.5696633 0.1824513 0.1113103 
2680000 2680 1000.0 2896743.641 1631.747 8.4841 0 0 0 0.0068351 -223.1844789 47.0128594 0.1824111 0.1127855 
2690000 2690 1000.0 2912415.477 1619.842 8.4794 0 0 0 0.0067937 -222.9672273 76.9195579 0.1850568 0.1169892 
2700000 2700 1000.0 2929410.427 1634.264 8.4813 0 0 0 0.0066266 -223.57302 27.3392854 0.1855033 0.1164563 
2710000 2710 1000.0 2947060.492 1658.47 8.4879 0 0 0 0.0071125 -223.4894736 79.0899476 0.1844921 0.1155547 
2720000 2720 1000.0 2964220.845 1668.755 8.4839 0 0 0 0.0064273 -223.9937268 26.8040486 0.18432 0.1140969 
2730000 2730 1000.0 2981285.266 1675.246 8.4872 0 0 0 0.0066911 -224.1150746 83.6454114 0.1834812 0.1127566 
2740000 2740 1000.0 2998751.767 1688.56 8.4857 0 0 0 0.0068481 -224.4264347 60.1593102 0.1850104 0.1142876 
2750000 2750 1000.0 3016306.566 1700.267 8.4824 0 0 0 0.0067909 -224.7913201 55.670806 0.183584 0.1130696 
2760000 2760 1000.0 3033361.75 1701.583 8.4818 0 0 0 0.0064958 -224.7090433 48.6703124 0.1839238 0.1127214 
2770000 2770 1000.0 3050824.949 1709.943 8.4795 0 0 0 0.0061821 -224.9142774 50.5077235 0.1822301 0.1118298 
2780000 2780 1000.0 3067389.569 1699.701 8.4772 0 0 0 0.0069318 -225.7389043 45.8043023 0.1836809 0.1119576 
2790000 2790 1000.0 3084309.378 1697.961 8.48 0 0 0 0.006142 -226.0843691 47.4253361 0.1830362 0.1109542 
2800000 2800 1000.0 3101851.131 1708.082 8.4768 0 0 0 0.0066852 -226.4731039 82.4952429 0.1817262 0.1103302 
2810000 2810 1000.0 3120118.597 1729.084 8.4736 0 0 0 0.0063132 -227.2887579 33.4888543 0.1800227 0.1084329 
2820000 2820 1000.0 3137406.329 1729.507 8.4647 0 0 0 0.0061974 -227.8076431 72.2356645 0.1805 0.1105949 
2830000 2830 1000.0 3155136.983 1737.706 8.4728 0 0 0 0.0064193 -228.0292276 58.2312453 0.1810317 0.1112676 
2840000 2840 1000.0 3173238.829 1751.862 8.4786 0 0 0 0.0066327 -228.6825603 84.8559658 0.1811601 0.1116994 
2850000 2850 1000.0 3190849.31 1752.712 8.4862 0 0 0 0.0065619 -228.8991682 55.3438827 0.1819928 0.1146537 
2860000 2860 1000.0 3208510.891 1755.745 8.4886 0 0 0 0.0061898 -229.6628473 37.8199821 0.1811512 0.1122592 
2870000 2870 1000.0 3226831.2 1770.691 8.4945 0 0 0 0.0060233 -230.1625515 27.7055589 0.177494 0.1072702 
2880000 2880 1000.0 3244001.515 1760.92 8.487 0 0 0 0.0064103 -230.4220254 81.9938726 0.1784938 0.1061284 
2890000 2890 1000.0 3262382.153 1775.501 8.4866 0 0 0 0.0064764 -230.9845756 52.8737167 0.1815951 0.1128663 
2900000 2900 1000.0 3279353.522 1759.96 8.4885 0 0 0 0.006018 -231.0675831 33.8035674 0.1773716 0.1077177 
2910000 2910 1000.0 3297480.741 1768.522 8.4824 0 0 0 0.0063298 -231.5266005 69.2934732 0.1773555 0.106402 
2920000 2920 1000.0 3314003.186 1747.698 8.4861 0 0 0 0.0060475 -231.4890148 91.6835739 0.1765376 0.1057514 
2930000 2930 1000.0 3332480.332 1765.932 8.4895 0 0 0 0.0063944 -231.9758801 90.3024126 0.1791608 0.1116263 
2940000 2940 1000.0 3350458.113 1771.499 8.4831 0 0 0 0.0061387 -233.0321143 79.8654513 0.1756138 0.1060301 
2950000 2950 1000.0 3368336.916 1774.738 8.4919 0 0 0 0.0060883 -233.1109679 50.6860028 0.1777393 0.1067359 
2960000 2960 1000.0 3386498.035 1782.897 8.4921 0 0 0 0.0062755 -233.2292783 76.7692537 0.1783913 0.1078167 
2970000 2970 1000.0 3403980.693 1776.626 8.4912 0 0 0 0.0062504 -233.9099169 64.6716693 0.1774421 0.1076193 
2980000 2980 1000.0 3421242.637 1768.454 8.4928 0 0 0 0.0063006 -234.2040265 57.3544747 0.1758643 0.1051951 
2990000 2990 1000.0 3438183.204 1754.373 8.513 0 0 0 0.0060573 -234.5955669 54.4348201 0.1797685 0.1101244 
3000000 3000 1000.0 3455601.197 1752.139 8.5184 0 0 0 0.0061128 -235.1108443 93.0629933 0.1763174 0.1047066 
3010000 3010 1000.0 3473406.011 1757.724 8.5123 0 0 0 0.0062224 -235.1567839 80.0092165 0.1766724 0.1057669 
3020000 3020 1000.0 3490646.372 1751.55 8.5114 0 0 0 0.0063479 -235.6362779 37.8588011 0.17941 0.1090278 
3030000 3030 1000.0 3507721.008 1744.098 8.5135 0 0 0 0.0061589 -235.6058509 62.3740105 0.1797512 0.1087928 
3040000 3040 1000.0 3525344.245 1747.168 8.5088 0 0 0 0.0063937 -235.9166312 44.2629286 0.183647 0.1125514 
3050000 3050 1000.0 3542477.664 1741.336 8.4956 0 0 0 0.0061726 -236.1363063 55.6729428 0.1815872 0.1100381 
3060000 3060 1000.0 3559390.424 1732.031 8.4805 0 0 0 0.0063415 -236.5805844 32.6719661 0.1828765 0.111672 
3070000 3070 1000.0 3577036.868 1738.106 8.4758 0 0 0 0.0069204 -236.3868315 86.086714 0.1804358 0.1089014 
3080000 3080 1000.0 3595262.583 1754.126 8.4736 0 0 0 0.0063075 -237.430172 62.9570383 0.1831998 0.1109724 
3090000 3090 1000.0 3612879.865 1755.935 8.4775 0 0 0 0.0061256 -237.6192288 29.4372491 0.1830243 0.1115035 
3100000 3100 1000.0 3631305.11 1772.527 8.4773 0 0 0 0.0063302 -237.9228344 73.8116508 0.1837795 0.1111486 
3110000 3110 1000.0 3650195.166 1793.819 8.4723 0 0 0 0.0061593 -238.0763327 63.7873658 0.1869454 0.116083 
3120000 3120 1000.0 3668686.495 1803.888 8.4656 0 0 0 0.0067388 -238.8368492 51.4395739 0.1846045 0.1109298 
3130000 3130 1000.0 3687622.825 1819.815 8.4701 0 0 0 0.0062146 -239.3237801 37.1118598 0.1828907 0.1095536 
3140000 3140 1000.0 3706339.076 1829.058 8.4753 0 0 0 0.0067395 -239.1594713 91.103811 0.1837908 0.1116516 
3150000 3150 1000.0 3725323.749 1841.08 8.4805 0 0 0 0.0068579 -239.3755482 73.8273689 0.1865195 0.1124996 
3160000 3160 1000.0 3743684.884 1840.942 8.4793 0 0 0 0.0061116 -240.4619359 56.7177001 0.1842124 0.1118721 
3170000 3170 1000.0 3762055.552 1840.084 8.4808 0 0 0 0.0063956 -240.4327951 65.1781549 0.1856303 0.1119865 
3180000 3180 1000.0 3781319.743 1855.995 8.4739 0 0 0 0.0061468 -241.1732435 49.8575777 0.1859077 0.1112147 
3190000 3190 1000.0 3799220.996 1843.787 8.4762 0 0 0 0.0062656 -241.3159797 72.7140011 0.185263 0.110264 
3200000 3200 1000.0 3817728.944 1845.931 8.3997 0 0 0 0.0065007 -242.0822954 26.4062699 0.1840572 0.1085811 
3210000 3210 1000.0 3835975.849 1842.31 8.3328 0 0 0 0.0060574 -241.943208 62.246323 0.183457 0.1088163 
3220000 3220 1000.0 3854192.006 1838.696 8.3234 0 0 0 0.0060952 -242.5889331 40.8790261 0.1841003 0.1084987 
3230000 3230 1000.0 3872545.956 1838.655 8.325 0 0 0 0.0061401 -242.8684013 46.8917818 0.1848804 0.1093458 
3240000 3240 1000.0 3890981.514 1839.36 8.3441 0 0 0 0.0062096 -242.7139782 64.2722446 0.1829006 0.1084062 
3250000 3250 1000.0 3909527.684 1842.215 8.3422 0 0 0 0.0061121 -243.1617448 88.2078233 0.1867952 0.1127396 
3260000 3260 1000.0 3927758.694 1839.603 8.314 0 0 0 0.0060551 -244.2193176 111.4752256 0.1858723 0.1116659 
3270000 3270 1000.0 3946666.938 1848.751 8.3047 0 0 0 0.006088 -244.47057 76.3629902 0.1836217 0.108019 
3280000 3280 1000.0 3965231.918 1849.937 8.2944 0 0 0 0.0061843 -244.4143726 108.8629933 0.1857225 0.1113266 
3290000 3290 1000.0 3984669.763 1866.795 8.2941 0 0 0 0.006214 -244.708549 36.6727175 0.1838609 0.1100872 
3300000 3300 1000.0 4002379.991 1848.532 8.269 0 0 0 0.006755 -244.7905929 100.3043237 0.1845148 0.109299 
3310000 3310 1000.0 4020679.863 1845.213 8.2449 0 0 0 0.0054795 -244.8704759 47.5893685 0.1855639 0.1101305 
3320000 3320 1000.0 4039336.514 1848.741 8.2248 0 0 0 0.0066282 -245.5078645 122.7437621 0.1849028 0.1082045 
3330000 3330 1000.0 4057452.021 1842.649 8.2182 0 0 0 0.006166 -245.3207179 68.0565534 0.185813 0.1101592 
3340000 3340 1000.0 4074567.366 1818.468 8.2397 0 0 0 0.0063595 -245.1677784 67.9966434 0.1851734 0.1094617 
3350000 3350 1000.0 4091593.422 1797.492 8.2591 0 0 0 0.0058068 -245.5412023 39.9369171 0.1857009 0.1102262 
3360000 3360 1000.0 4110373.049 1813.298 8.2643 0 0 0 0.0057827 -245.814663 69.2363579 0.1865098 0.1127698 
3370000 3370 1000.0 4128350.016 1810.084 8.2787 0 0 0 0.0056815 -246.1906785 62.1734062 0.1844803 0.1085229 
3380000 3380 1000.0 4146843.054 1817.274 8.2988 0 0 0 0.006159 -245.8639487 104.6506664 0.1865587 0.1100938 
3390000 3390 1000.0 4164863.393 1813.849 8.309 0 0 0 0.0056034 -246.3320257 43.6565904 0.1883654 0.1122381 
3400000 3400 1000.0 4183088.277 1815.058 8.3176 0 0 0 0.0059786 -246.6242998 74.855191 0.1852221 0.1092499 
3410000 3410 1000.0 4200653.603 1804.472 8.3252 0 0 0 0.0058603 -246.7305933 43.7702447 0.1852126 0.1092931 
3420000 3420 1000.0 4218536.018 1801.891 8.3324 0 0 0 0.0058304 -246.485953 53.3297779 0.187151 0.1107872 
3430000 3430 1000.0 4236764.642 1805.747 8.341 0 0 0 0.0060414 -246.972122 51.7234786 0.187641 0.1103446 
3440000 3440 1000.0 4254966.657 1809.325 8.3408 0 0 0 0.0060026 -246.9814459 81.5315969 0.1901727 0.1135221 
3450000 3450 1000.0 4273099.162 1810.129 8.3481 0 0 0 0.0057099 -246.9830733 55.7516574 0.1886147 0.1124619 
3460000 3460 1000.0 4290349.194 1794.29 8.3479 0 0 0 0.0059815 -246.9572821 64.7074396 0.1892378 0.1133392 
3470000 3470 1000.0 4308044.309 1790.051 8.3437 0 0 0 0.0063782 -247.249428 35.0805188 0.1893946 0.1136944 
3480000 3480 1000.0 4325612.23 1783.264 8.3473 0 0 0 0.0060126 -246.6039815 55.5745904 0.1874809 0.1109788 
3490000 3490 1000.0 4342867.674 1773.699 8.3448 0 0 0 0.0059979 -246.6852383 69.396779 0.1880654 0.1123955 
3500000 3500 1000.0 4361601.827 1792.011 8.3467 0 0 0 0.0057898 -246.401972 69.9629448 0.1900672 0.1142601 
3510000 3510 1000.0 4378896.601 1781.524 8.3473 0 0 0 0.005693 -246.5448789 72.3726806 0.1861166 0.109685 
3520000 3520 1000.0 4397214.051 1790.657 8.3498 0 0 0 0.0061261 -246.5327438 42.8556827 0.18988 0.113082 
3530000 3530 1000.0 4415909.495 1804.637 8.3464 0 0 0 0.0063365 -246.6169789 60.7134771 0.1904993 0.1153651 
3540000 3540 1000.0 4434460.795 1813.874 8.3449 0 0 0 0.0054733 -246.4871896 54.2767688 0.1892389 0.1135727 
3550000 3550 1000.0 4452586.766 1813.227 8.3453 0 0 0 0.0060203 -246.8807899 124.7130827 0.1869119 0.1117289 
3560000 3560 1000.0 4470563.101 1810.842 8.3418 0 0 0 0.006058 -246.6431176 42.4233553 0.1895417 0.1146521 
3570000 3570 1000.0 4488689.817 1811.395 8.3419 0 0 0 0.006132 -246.64014 109.6970364 0.1896912 0.1144266 
3580000 3580 1000.0 4507439.779 1822.992 8.3434 0 0 0 0.0059175 -246.6337107 65.3035705 0.1875032 0.1139033 
3590000 3590 1000.0 4525572.516 1821.35 8.3444 0 0 0 0.0057578 -246.8111083 56.2151957 0.1883483 0.1134652 
3600000 3600 1000.0 4544341.194 1831.283 8.3512 0 0 0 0.0059086 -247.1727915 33.7245397 0.1871052 0.1127419 
3610000 3610 1000.0 4563586.101 1848.729 8.3506 0 0 0 0.0059835 -246.5567373 67.8694537 0.1888505 0.1157701 
3620000 3620 1000.0 4582329.187 1853.456 8.3663 0 0 0 0.0059388 -247.3948516 70.0239845 0.1866106 0.1120339 
3630000 3630 1000.0 4601083.913 1857.192 8.3703 0 0 0 0.0055461 -247.0819785 70.4869706 0.1866115 0.1136174 
3640000 3640 1000.0 4620032.209 1864.102 8.3711 0 0 0 0.0057338 -247.7933581 59.5820279 0.1858032 0.1126855 
3650000 3650 1000.0 4638786.969 1866.182 8.376 0 0 0 0.0058978 -248.0167243 41.0517683 0.1868908 0.1127411 
3660000 3660 1000.0 4657132.679 1860.67 8.3896 0 0 0 0.0058871 -247.8848899 48.8592684 0.185641 0.1100201 
3670000 3670 1000.0 4675957.248 1864.118 8.3963 0 0 0 0.005705 -248.3417794 39.1729711 0.186638 0.1131854 
3680000 3680 1000.0 4693937.324 1852.013 8.39 0 0 0 0.0062142 -248.4755762 77.9965468 0.1849214 0.1122133 
3690000 3690 1000.0 4712731.678 1856.511 8.3889 0 0 0 0.0060683 -248.4213409 47.290999 0.1867177 0.1143788 
3700000 3700 1000.0 4730926.079 1850.409 8.3868 0 0 0 0.0057086 -248.2617429 58.839431 0.1867771 0.1139506 
3710000 3710 1000.0 4749495.772 1851.149 8.387 0 0 0 0.0063013 -248.5158921 105.2289666 0.1887969 0.1152415 
3720000 3720 1000.0 4767957.628 1850.637 8.3802 0 0 0 0.0056394 -249.2688037 18.2211626 0.1885767 0.1145895 
3730000 3730 1000.0 4786235.818 1846.849 8.3793 0 0 0 0.0058262 -249.1729218 39.4449164 0.1861363 0.1130643 
3740000 3740 1000.0 4806128.07 1872.634 8.3739 0 0 0 0.0059305 -249.5312331 70.525421 0.1860973 0.1147486 
3750000 3750 1000.0 4824776.707 1871.143 8.3758 0 0 0 0.0058562 -249.6935356 78.5386479 0.1881493 0.1164122 
3760000 3760 1000.0 4844355.791 1887.055 8.3811 0 0 0 0.0058008 -250.5274725 74.9806183 0.1872368 0.1141292 
3770000 3770 1000.0 4863321.876 1888.546 8.387 0 0 0 0.0064354 -250.3935127 67.8341374 0.1866713 0.1148543 
3780000 3780 1000.0 4882935.363 1901.751 8.3851 0 0 0 0.0060997 -250.8504398 47.8374193 0.1870521 0.1152535 
3790000 3790 1000.0 4902040.022 1903.321 8.3955 0 0 0 0.0057752 -251.0522523 34.3446539 0.1892349 0.1164932 
3800000 3800 1000.0 4921004.386 1902.455 8.3968 0 0 0 0.0066022 -250.9002617 129.8181741 0.1870073 0.1142732 
3810000 3810 1000.0 4939768.09 1897.718 8.3989 0 0 0 0.0059545 -251.4926725 103.2807079 0.1858304 0.1131816 
3820000 3820 1000.0 4959641.101 1913.846 8.4015 0 0 0 0.0054305 -251.9228113 67.3370148 0.1864482 0.1130622 
3830000 3830 1000.0 4978159.374 1902.151 8.395 0 0 0 0.0057878 -252.0305116 53.0139631 0.1860156 0.1133392 
3840000 3840 1000.0 4996543.377 1890.696 8.3901 0 0 0 0.0057238 -252.3669368 62.3966048 0.1878808 0.114477 
3850000 3850 1000.0 5015558.753 1891.849 8.3872 0 0 0 0.0059204 -252.7210731 51.2403331 0.1877816 0.1153197 
3860000 3860 1000.0 5034318.139 1888.864 8.3944 0 0 0 0.0058797 -252.9217121 86.3004881 0.1859744 0.1142228 
3870000 3870 1000.0 5052698.327 1879.32 8.3907 0 0 0 0.0055563 -253.1645377 52.956061 0.1881195 0.1172243 
3880000 3880 1000.0 5072157.166 1892.18 8.3928 0 0 0 0.0058901 -253.1258966 55.9624896 0.1891664 0.1150593 
3890000 3890 1000.0 5090279.429 1877.706 8.394 0 0 0 0.0054576 -253.5268684 77.1421095 0.1892556 0.1166692 
3900000 3900 1000.0 5109341.008 1883.505 8.3944 0 0 0 0.0058239 -253.6562682 61.9639112 0.1899054 0.1174651 
3910000 3910 1000.0 5127575.35 1872.145 8.4059 0 0 0 0.0058095 -254.1025815 44.2639032 0.1910117 0.1181069 
3920000 3920 1000.0 5145851.209 1864.161 8.401 0 0 0 0.0059572 -253.9008032 109.875793 0.1861728 0.1122937 
3930000 3930 1000.0 5164573.493 1865.597 8.4038 0 0 0 0.0056614 -253.624831 76.9946042 0.1884798 0.1155156 
3940000 3940 1000.0 5183273.169 1866.323 8.4142 0 0 0 0.005763 -254.1879894 78.4366004 0.1848613 0.1111851 
3950000 3950 1000.0 5202051.292 1868.934 8.4084 0 0 0 0.0055655 -254.2104875 23.6347118 0.1838094 0.1091608 
3960000 3960 1000.0 5220400.175 1863.272 8.4038 0 0 0 0.005814 -254.115986 51.3075244 0.1869982 0.1131047 
3970000 3970 1000.0 5238383.666 1852.152 8.391 0 0 0 0.0059578 -254.1283136 44.2395785 0.1844894 0.1103169 
3980000 3980 1000.0 5255866.567 1833.09 8.3888 0 0 0 0.0059813 -253.53108 106.7281694 0.1863475 0.1119697 
3990000 3990 1000.0 5274187.218 1833.164 8.3872 0 0 0 0.00563 -254.1204038 62.8437141 0.1871904 0.1125693 
4000000 4000 1000.0 5289923.453 1782.913 8.3886 0 0 0 0.0059286 -253.3352566 65.780109 0.1869143 0.1125688 
4010000 4010 1000.0 5308438.775 1796.114 8.3948 0 0 0 0.0056193 -253.6209639 69.8013267 0.1858123 0.1124765 
4020000 4020 1000.0 5326830.1 1804.786 8.3933 0 0 0 0.0057145 -253.9997889 38.6509145 0.1851265 0.1117668 
4030000 4030 1000.0 5345362.274 1813.152 8.3936 0 0 0 0.0055791 -253.4167625 29.6676513 0.1847793 0.1118361 
4040000 4040 1000.0 5364217.071 1826.36 8.3826 0 0 0 0.0061103 -253.0897481 53.0860938 0.1861478 0.1136035 
4050000 4050 1000.0 5381892.953 1815.156 8.3912 0 0 0 0.0061413 -253.4166168 60.5008281 0.1825491 0.1093721 
4060000 4060 1000.0 5400145.98 1817.073 8.3826 0 0 0 0.0059321 -252.9182369 94.7056858 0.183462 0.1111561 
4070000 4070 1000.0 5418365.734 1817.882 8.3824 0 0 0 0.0060526 -252.5719886 72.8049768 0.1855648 0.1132855 
4080000 4080 1000.0 5437202.305 1830.066 8.3886 0 0 0 0.0060874 -252.7480887 53.6375535 0.1830638 0.1092024 
4090000 4090 1000.0 5455090.387 1822.188 8.3925 0 0 0 0.0059574 -252.3623031 56.5285947 0.1837548 0.1109214 
4100000 4100 1000.0 5474057.499 1835.892 8.3941 0 0 0 0.0062933 -252.2872293 72.6658034 0.1838556 0.1127948 
4110000 4110 1000.0 5493324.362 1852.583 8.3971 0 0 0 0.0060658 -252.5510748 48.2107247 0.185292 0.1129449 
4120000 4120 1000.0 5511329.067 1843.285 8.3999 0 0 0 0.0057126 -252.5107557 71.935767 0.1846822 0.1116192 
4130000 4130 1000.0 5529355.491 1835.828 8.3911 0 0 0 0.005996 -252.3181367 78.8108574 0.1861468 0.1139893 
4140000 4140 1000.0 5547492.855 1832.617 8.3918 0 0 0 0.0058576 -252.5709206 49.8434055 0.1854722 0.1124482 
4150000 4150 1000.0 5565272.797 1822.838 8.3823 0 0 0 0.0054209 -252.8071518 50.0126564 0.1849714 0.1123686 
4160000 4160 1000.0 5583226.096 1817.756 8.3871 0 0 0 0.0059405 -252.3307893 49.4940856 0.187184 0.1144298 
4170000 4170 1000.0 5599932.197 1791.427 8.3935 0 0 0 0.0057854 -252.3095979 69.1634638 0.1872586 0.1153384 
4180000 4180 1000.0 5617147.501 1778.229 8.3912 0 0 0 0.005836 -252.8759717 50.4608946 0.1883148 0.1169081 
4190000 4190 1000.0 5634423.178 1769.386 8.3957 0 0 0 0.005815 -251.9338194 38.247661 0.1875717 0.1148004 
4200000 4200 1000.0 5651951.35 1767.314 8.398 0 0 0 0.0063965 -252.0839173 95.3798158 0.1899653 0.1176587 
4210000 4210 1000.0 5669559.802 1765.759 8.4007 0 0 0 0.0057956 -251.7823495 63.6933178 0.1885008 0.1165019 
4220000 4220 1000.0 5686965.388 1761.229 8.4012 0 0 0 0.0057346 -251.776214 29.694125 0.1870669 0.1145639 
4230000 4230 1000.0 5706338.577 1793.913 8.3993 0 0 0 0.0057237 -251.8873503 81.0224865 0.1879118 0.1155181 
4240000 4240 1000.0 5724664.575 1800.343 8.3967 0 0 0 0.0059147 -251.6128755 39.7401074 0.1909559 0.1203611 
4250000 4250 1000.0 5742466.53 1796.472 8.4015 0 0 0 0.0060337 -251.9827521 40.8587632 0.1890736 0.1181854 
4260000 4260 1000.0 5760621.487 1799.962 8.391 0 0 0 0.0061043 -251.4643698 103.9460554 0.1893273 0.1157719 
4270000 4270 1000.0 5778434.237 1797.298 8.3982 0 0 0 0.0059967 -252.1582021 91.5852852 0.1876169 0.1148696 
4280000 4280 1000.0 5797153.496 1811.061 8.4026 0 0 0 0.0059664 -252.124287 63.8545738 0.1871304 0.1148453 
4290000 4290 1000.0 5813535.9 1777.547 8.407 0 0 0 0.0060231 -251.8466986 41.3339782 0.1900528 0.1166786 
4300000 4300 1000.0 5832981.713 1807.02 8.4142 0 0 0 0.0057515 -251.962887 51.3455278 0.1906069 0.119539 
4310000 4310 1000.0 5850731.14 1801.787 8.4085 0 0 0 0.0060194 -251.5308451 78.9908731 0.194068 0.1224278 
4320000 4320 1000.0 5868916.81 1805.106 8.4062 0 0 0 0.0057604 -251.5000466 86.55553 0.191904 0.1210925 
4330000 4330 1000.0 5887172.023 1809.069 8.4019 0 0 0 0.006128 -252.0050677 43.6713005 0.192267 0.1210592 
4340000 4340 1000.0 5905051.734 1805.954 8.3959 0 0 0 0.0063568 -252.1788911 27.5566155 0.1921552 0.1204818 
4350000 4350 1000.0 5923264.196 1808.311 8.3912 0 0 0 0.0063331 -251.8452546 65.4422729 0.1888503 0.1176893 
4360000 4360 1000.0 5942251.028 1826.15 8.3862 0 0 0 0.0057032 -252.1440131 62.5467783 0.1947504 0.1254438 
4370000 4370 1000.0 5960233.841 1820.8 8.3908 0 0 0 0.0061499 -252.7600439 63.2546981 0.1920633 0.121015 
4380000 4380 1000.0 5978570.777 1823.032 8.3934 0 0 0 0.0060903 -252.9079573 42.8041981 0.1938354 0.1216945 
4390000 4390 1000.0 5996131.26 1810.831 8.399 0 0 0 0.0060359 -252.955741 50.2514678 0.1935082 0.1226716 
4400000 4400 1000.0 6014002.138 1807.232 8.3941 0 0 0 0.0062217 -253.2397744 69.2095605 0.1941683 0.1234043 
4410000 4410 1000.0 6031429.325 1795.093 8.3956 0 0 0 0.0061735 -253.5135116 50.7843486 0.1963027 0.1234954 
4420000 4420 1000.0 6049126.894 1791.147 8.4 0 0 0 0.0062957 -253.8581681 78.2280865 0.1954681 0.1221948 
4430000 4430 1000.0 6065987.709 1768.321 8.4084 0 0 0 0.0059594 -253.9364743 52.3697642 0.1993618 0.1286331 
4440000 4440 1000.0 6083953.079 1774.159 8.4044 0 0 0 0.0065173 -253.5286776 108.5726187 0.2011552 0.1293804 
4450000 4450 1000.0 6102107.797 1782.083 8.4119 0 0 0 0.0065428 -254.4063617 93.6957542 0.2000006 0.1289506 
4460000 4460 1000.0 6120809.667 1798.596 8.4099 0 0 0 0.005788 -254.7597475 34.8954607 0.1965599 0.1235489 
4470000 4470 1000.0 6138801.842 1798.095 8.4185 0 0 0 0.0067424 -254.3286972 94.1788601 0.2010059 0.1297547 
4480000 4480 1000.0 6156834.904 1799.019 8.4186 0 0 0 0.0064539 -254.9556294 26.9807583 0.2021075 0.130175 
4490000 4490 1000.0 6175544.518 1811.932 8.424 0 0 0 0.0059032 -254.5789745 55.0776468 0.1983517 0.1239336 
4500000 4500 1000.0 6193398.865 1806.213 8.42 0 0 0 0.0059665 -254.4120763 40.425653 0.2003966 0.1257101 
4510000 4510 1000.0 6211962.055 1815.167 8.4357 0 0 0 0.0063755 -254.5654248 54.5166969 0.1979731 0.1239557 
4520000 4520 1000.0 6230389.963 1820.979 8.4396 0 0 0 0.0064851 -254.8136585 109.1197161 0.1994021 0.1260106 
4530000 4530 1000.0 6249011.225 1828.77 8.4414 0 0 0 0.0058114 -254.4729163 46.3383487 0.1989669 0.1259348 
4540000 4540 1000.0 6264190.503 1771.671 8.4328 0 0 0 0.0063238 -254.0464703 53.732081 0.2001264 0.1268428 
4550000 4550 1000.0 6282094.668 1775.989 8.4419 0 0 0 0.0062313 -253.2368022 131.9041156 0.1983015 0.124464 
4560000 4560 1000.0 6301051.619 1798.718 8.4466 0 0 0 0.006214 -254.0642273 42.9880913 0.2006614 0.1272169 
4570000 4570 1000.0 6319871.084 1814.263 8.45 0 0 0 0.0061703 -253.46422 108.3834981 0.1997194 0.1262236 
4580000 4580 1000.0 6337841.237 1811.559 8.4557 0 0 0 0.0059898 -253.4121662 46.7161481 0.2010479 0.1276474 
4590000 4590 1000.0 6357104.072 1832.759 8.456 0 0 0 0.0056248 -253.6790839 69.3891616 0.1969606 0.1227961 
4600000 4600 1000.0 6375503.434 1834.356 8.4497 0 0 0 0.006133 -253.4993966 85.4470948 0.1987437 0.1261583 
4610000 4610 1000.0 6393873.076 1835.373 8.4446 0 0 0 0.0061574 -253.2803111 89.8380611 0.1988193 0.1270108 
4620000 4620 1000.0 6412778.173 1845.074 8.4433 0 0 0 0.0057106 -253.8481209 58.089541 0.1949728 0.1226074 
4630000 4630 1000.0 6431775.539 1855.754 8.4371 0 0 0 0.006204 -253.571078 114.2426273 0.1963559 0.124346 
4640000 4640 1000.0 6451059.545 1869.664 8.441 0 0 0 0.005703 -253.7782311 106.4436929 0.1957866 0.1222788 
4650000 4650 1000.0 6470551.711 1883.525 8.4387 0 0 0 0.0055817 -253.4659348 76.8043355 0.1969667 0.1251196 
4660000 4660 1000.0 6489956.239 1892.579 8.4361 0 0 0 0.0062044 -253.6106202 94.4019459 0.1986807 0.1265102 
4670000 4670 1000.0 6508416.686 1884.152 8.4404 0 0 0 0.0059579 -253.8762239 42.2736286 0.1960584 0.1231248 
4680000 4680 1000.0 6527181.162 1882.34 8.4272 0 0 0 0.0058988 -254.4637327 70.5061357 0.1975301 0.1260178 
4690000 4690 1000.0 6546094.642 1884.306 8.418 0 0 0 0.0056751 -253.8940208 98.9101284 0.1960094 0.1239942 
4700000 4700 1000.0 6564808.102 1882.084 8.4213 0 0 0 0.0055994 -254.0312437 70.6740145 0.196037 0.1234229 
4710000 4710 1000.0 6583389.862 1877.685 8.4222 0 0 0 0.0060879 -254.1136589 56.070069 0.194367 0.1221906 
4720000 4720 1000.0 6601654.515 1868.615 8.4162 0 0 0 0.0058754 -254.8309864 58.1151691 0.1976367 0.1239712 
4730000 4730 1000.0 6619945.811 1861.983 8.4105 0 0 0 0.0060914 -254.314917 101.5009233 0.1963782 0.123782 
4740000 4740 1000.0 6638838.61 1866.463 8.4108 0 0 0 0.0058542 -254.5083772 49.0819748 0.1976769 0.1259462 
4750000 4750 1000.0 6658130.72 1877.739 8.4092 0 0 0 0.0063946 -254.8387223 68.7217669 0.1964894 0.1244345 
4760000 4760 1000.0 6676296.505 1867.16 8.4153 0 0 0 0.0060948 -254.8380601 81.0295421 0.1972076 0.1233611 
4770000 4770 1000.0 6694458.558 1858.004 8.4076 0 0 0 0.0057614 -255.0687871 73.5537483 0.1977046 0.1272687 
4780000 4780 1000.0 6712361.501 1844.785 8.4073 0 0 0 0.0058552 -254.9696675 68.2622133 0.1983276 0.1260082 
4790000 4790 1000.0 6731614.317 1859.959 8.4032 0 0 0 0.0054354 -254.8381269 55.7160238 0.1970142 0.1252843 
4800000 4800 1000.0 6749822.465 1853.015 8.4021 0 0 0 0.0057427 -254.4221091 66.4411725 0.1959306 0.1244997 
4810000 4810 1000.0 6768911.166 1863.574 8.4086 0 0 0 0.0061423 -254.6263408 120.4770074 0.1960618 0.1236521 
4820000 4820 1000.0 6788202.817 1876.552 8.4054 0 0 0 0.0059344 -254.341682 93.1303061 0.1981198 0.1263654 
4830000 4830 1000.0 6806789.647 1873.989 8.4144 0 0 0 0.0057105 -255.0719897 85.8650244 0.1959508 0.1261279 
4840000 4840 1000.0 6823484.5 1837.225 8.4144 0 0 0 0.0058978 -254.6435591 74.3885047 0.1977608 0.1262825 
4850000 4850 1000.0 6841960.063 1839.437 8.4252 0 0 0 0.0062879 -254.9065552 68.2269295 0.1965882 0.1267762 
4860000 4860 1000.0 6860605.499 1843.487 8.4322 0 0 0 0.0057981 -254.6650847 118.1953571 0.1982672 0.1274703 
4870000 4870 1000.0 6879356.501 1849.413 8.4299 0 0 0 0.0057953 -255.0791183 46.7042101 0.2004628 0.1293605 
4880000 4880 1000.0 6898035.176 1853.311 8.4352 0 0 0 0.0062835 -254.529753 89.3210558 0.2008703 0.1312395 
4890000 4890 1000.0 6917113.009 1862.797 8.4484 0 0 0 0.0052814 -255.1177485 34.6641869 0.1978845 0.1266519 
4900000 4900 1000.0 6935712.277 1862.582 8.4399 0 0 0 0.0058526 -254.5877724 83.8020277 0.1983451 0.1281632 
4910000 4910 1000.0 6954213.767 1859.893 8.4401 0 0 0 0.0058008 -254.861654 82.1562744 0.1999594 0.1293016 
4920000 4920 1000.0 6973302.693 1869.123 8.4417 0 0 0 0.0059144 -255.0007101 67.6839882 0.2004555 0.1300847 
4930000 4930 1000.0 6992154.967 1872.002 8.441 0 0 0 0.0062003 -255.3510082 105.7619434 0.1993916 0.1304325 
4940000 4940 1000.0 7011607.213 1885.229 8.4444 0 0 0 0.0063651 -255.5351529 64.8176511 0.1986797 0.1281774 
4950000 4950 1000.0 7030744.569 1890.254 8.4477 0 0 0 0.0058489 -255.0536893 69.1552598 0.2005399 0.1300841 
4960000 4960 1000.0 7050290.022 1901.627 8.4461 0 0 0 0.0061102 -255.5009371 55.3088238 0.198992 0.128855 
4970000 4970 1000.0 7068579.423 1889.059 8.4548 0 0 0 0.0055412 -255.7094576 69.5326637 0.2001201 0.1304241 
4980000 4980 1000.0 7088096.298 1900.382 8.4652 0 0 0 0.0056564 -256.5147465 49.1070686 0.1985131 0.1291379 
4990000 4990 1000.0 7107509.774 1907.925 8.4642 0 0 0 0.0059511 -256.3243463 59.9953453 0.2012925 0.1321862 
5000000 5000 1000.0 7126005.096 1896.782 8.4698 0 0 0 0.0061374 -256.647009 57.9903758 0.1990379 0.129441 
5010000 5010 1000.0 7144739.81 1891.347 8.4718 0 0 0 0.0057491 -256.3319801 97.6376986 0.2012236 0.130075 
5020000 5020 1000.0 7163668.485 1891.555 8.461 0 0 0 0.0061757 -256.6909837 57.4172569 0.201253 0.1329617 
5030000 5030 1000.0 7182247.799 1885.87 8.4619 0 0 0 0.005352 -256.7706885 59.8810692 0.2001189 0.131365 
5040000 5040 1000.0 7201499.457 1892.804 8.4645 0 0 0 0.0060224 -256.6063775 74.5515594 0.1984777 0.1283015 
5050000 5050 1000.0 7220456.755 1893.031 8.4695 0 0 0 0.0061989 -257.2660179 74.9040798 0.2012061 0.1320004 
5060000 5060 1000.0 7239235.205 1890.025 8.4681 0 0 0 0.0058221 -257.1084958 92.3203202 0.1980983 0.127724 
5070000 5070 1000.0 7258260.453 1892.544 8.4659 0 0 0 0.0056095 -257.2963813 40.2517822 0.1969522 0.1271705 
5080000 5080 1000.0 7276785.972 1885.012 8.4574 0 0 0 0.0055701 -257.1755826 77.1432383 0.1991471 0.1304723 
5090000 5090 1000.0 7295984.646 1891.008 8.4522 0 0 0 0.0055354 -257.6508869 45.1045762 0.199921 0.1296882 
5100000 5100 1000.0 7315092.511 1894.368 8.4606 0 0 0 0.0060729 -257.5015541 61.4899048 0.19596 0.1253195 
5110000 5110 1000.0 7334809.142 1908.274 8.4536 0 0 0 0.0059688 -257.6561467 65.8249421 0.1988939 0.127552 
5120000 5120 1000.0 7353971.233 1910.541 8.4467 0 0 0 0.0054468 -257.8832982 57.1465855 0.1982687 0.1271732 
5130000 5130 1000.0 7372438.681 1898.847 8.4439 0 0 0 0.0060059 -257.6974859 128.8579778 0.1988696 0.1288556 
5140000 5140 1000.0 7391111.598 1892.579 8.4435 0 0 0 0.005686 -257.7178505 62.587213 0.1962377 0.1244457 
5150000 5150 1000.0 7410056.451 1892.285 8.4335 0 0 0 0.0053609 -258.3059684 53.2963241 0.196543 0.1249809 
5160000 5160 1000.0 7428847.702 1889.993 8.4423 0 0 0 0.0051583 -257.8428008 82.4961476 0.1946601 0.1237362 
5170000 5170 1000.0 7447589.187 1887.404 8.4452 0 0 0 0.0055605 -257.9007418 27.0397313 0.197091 0.1254663 
5180000 5180 1000.0 7466253.564 1883.86 8.4426 0 0 0 0.0054145 -257.9661894 38.1280496 0.1965111 0.1247852 
5190000 5190 1000.0 7485418.219 1889.828 8.4353 0 0 0 0.0051001 -257.534177 73.6462877 0.1958962 0.1253623 
5200000 5200 1000.0 7504096.054 1885.512 8.4321 0 0 0 0.0057486 -257.9574041 92.5536568 0.1936232 0.1228746 
5210000 5210 1000.0 7522878.947 1884.306 8.434 0 0 0 0.0059078 -258.0723773 109.5450351 0.1946522 0.1227532 
5220000 5220 1000.0 7541167.503 1873.821 8.4417 0 0 0 0.0055503 -258.0093076 57.8864536 0.1917592 0.1189545 
5230000 5230 1000.0 7560610.992 1887.026 8.4387 0 0 0 0.0053114 -258.0195756 51.0271812 0.1925742 0.1195811 
5240000 5240 1000.0 7579563.842 1887.936 8.4451 0 0 0 0.0058244 -258.1877455 127.0803908 0.1914674 0.1186249 
5250000 5250 1000.0 7598028.547 1880.702 8.4501 0 0 0 0.00572 -257.6661283 83.3135543 0.1948678 0.1207544 
5260000 5260 1000.0 7617994.37 1902.046 8.4562 0 0 0 0.0054708 -258.1072112 66.5528997 0.1937243 0.1223846 
5270000 5270 1000.0 7636809.563 1897.841 8.4466 0 0 0 0.0051807 -257.9605931 71.7856781 0.192106 0.1197783 
5280000 5280 1000.0 7656392.944 1909.5 8.4538 0 0 0 0.0052679 -258.4526814 54.5012783 0.1914222 0.1187161 
5290000 5290 1000.0 7676097.693 1920.909 8.4551 0 0 0 0.0056429 -258.5046207 111.5072452 0.1923558 0.1193277 
5300000 5300 1000.0 7695767.053 1930.0 8.4564 0 0 0 0.0060129 -258.2469202 129.3888726 0.1905786 0.1178612 
5310000 5310 1000.0 7714444.452 1919.542 8.4726 0 0 0 0.0050199 -257.8135893 96.3481572 0.1911313 0.1186654 
5320000 5320 1000.0 7733797.491 1921.65 8.4713 0 0 0 0.0053942 -258.0965315 82.1337313 0.1918956 0.1186977 
5330000 5330 1000.0 7752667.61 1915.336 8.4666 0 0 0 0.0057996 -258.0773158 97.1088733 0.1929261 0.1184773 
5340000 5340 1000.0 7770898.514 1899.201 8.4693 0 0 0 0.0054043 -258.503162 69.0349288 0.1888669 0.1154585 
5350000 5350 1000.0 7789051.15 1883.411 8.4727 0 0 0 0.0054892 -257.6508219 82.924139 0.1913959 0.1174902 
5360000 5360 1000.0 7807545.717 1877.153 8.4782 0 0 0 0.0049088 -258.1575659 74.887805 0.1906956 0.1175835 
5370000 5370 1000.0 7826008.645 1871.538 8.479 0 0 0 0.0050524 -257.9859437 65.2629801 0.1911178 0.1174856 
5380000 5380 1000.0 7844993.876 1875.98 8.4689 0 0 0 0.0053043 -257.9337454 60.5519745 0.1922781 0.1187033 
5390000 5390 1000.0 7862310.934 1849.14 8.4582 0 0 0 0.0051439 -258.2226221 28.4981342 0.1923842 0.1200614 
5400000 5400 1000.0 7880250.4 1839.96 8.4633 0 0 0 0.0051505 -257.6147948 64.0612237 0.1929913 0.1197543 
5410000 5410 1000.0 7897284.829 1815.614 8.4593 0 0 0 0.0052189 -258.0931589 30.8355014 0.1957828 0.1227721 
5420000 5420 1000.0 7915211.142 1810.649 8.4618 0 0 0 0.0054892 -257.3872526 102.8034314 0.1942821 0.1219466 
5430000 5430 1000.0 7933957.021 1822.35 8.4684 0 0 0 0.005869 -256.9329396 114.2496547 0.1953928 0.1212405 
5440000 5440 1000.0 7952562.251 1829.63 8.4744 0 0 0 0.0051374 -256.850725 64.2318362 0.1953309 0.1226727 
5450000 5450 1000.0 7971609.864 1843.916 8.4792 0 0 0 0.0052505 -257.0040099 71.3648885 0.1926448 0.1189705 
5460000 5460 1000.0 7991070.139 1863.149 8.4717 0 0 0 0.0049861 -257.1462075 67.4342469 0.1957678 0.1227928 
5470000 5470 1000.0 8010086.796 1870.301 8.4836 0 0 0 0.0056457 -256.8094195 65.8664566 0.1946441 0.1200874 
5480000 5480 1000.0 8028135.387 1858.78 8.4832 0 0 0 0.0055533 -256.5274869 94.7930253 0.1941543 0.1213117 
5490000 5490 1000.0 8046296.371 1850.597 8.488 0 0 0 0.0053663 -256.3191776 55.0884215 0.1944398 0.1212432 
5500000 5500 1000.0 8064488.3 1844.913 8.4878 0 0 0 0.0053657 -255.9182702 32.4977463 0.1957275 0.1238439 
5510000 5510 1000.0 8083345.184 1852.56 8.4869 0 0 0 0.0056782 -255.4798244 73.90298 0.1931241 0.1193116 
5520000 5520 1000.0 8101146.339 1837.724 8.481 0 0 0 0.0055567 -255.469674 63.2591075 0.1937037 0.1217256 
5530000 5530 1000.0 8117927.915 1808.845 8.4767 0 0 0 0.0059004 -254.834786 125.1682666 0.1918404 0.1173284 
5540000 5540 1000.0 8136727.714 1821.703 8.4678 0 0 0 0.0057633 -255.3409018 77.8107864 0.1923581 0.118961 
5550000 5550 1000.0 8155218.609 1827.072 8.4646 0 0 0 0.0053272 -254.7151107 66.9478826 0.1901002 0.116653 
5560000 5560 1000.0 8172107.297 1803.069 8.4611 0 0 0 0.0056073 -254.8592381 43.2351374 0.1910814 0.1178813 
5570000 5570 1000.0 8189342.305 1786.911 8.458 0 0 0 0.0054673 -254.064205 46.5618257 0.1905196 0.1181046 
5580000 5580 1000.0 8208541.818 1811.913 8.4533 0 0 0 0.0052439 -254.1519264 56.2400901 0.1903949 0.1173112 
5590000 5590 1000.0 8226598.799 1811.311 8.4495 0 0 0 0.005524 -254.2821909 73.169832 0.1913219 0.1204231 
5600000 5600 1000.0 8245201.472 1820.254 8.4462 0 0 0 0.0051124 -254.3929777 46.7717365 0.1898508 0.1175009 
5610000 5610 1000.0 8263149.227 1815.401 8.443 0 0 0 0.0056763 -254.4710068 100.0984443 0.1918332 0.1199463 
5620000 5620 1000.0 8280612.129 1803.768 8.4422 0 0 0 0.0053735 -254.1093445 85.3347104 0.1905545 0.1187261 
5630000 5630 1000.0 8298834.425 1806.971 8.4457 0 0 0 0.0055746 -253.8110279 70.7867409 0.190257 0.1175723 
5640000 5640 1000.0 8317443.046 1816.987 8.4476 0 0 0 0.0051732 -253.8027956 92.7916547 0.1887609 0.1171082 
5650000 5650 1000.0 8334785.655 1801.949 8.4576 0 0 0 0.0052698 -253.3497538 80.2186536 0.1889277 0.1154998 
5660000 5660 1000.0 8353092.165 1807.176 8.4591 0 0 0 0.0057452 -253.33343 103.6402234 0.1906044 0.1175041 
5670000 5670 1000.0 8370880.92 1801.757 8.4576 0 0 0 0.0055155 -253.5900802 76.257848 0.1931997 0.1219238 
5680000 5680 1000.0 8389459.891 1812.438 8.4574 0 0 0 0.0053289 -253.6404836 33.813929 0.192442 0.1205884 
5690000 5690 1000.0 8408117.922 1821.88 8.4622 0 0 0 0.0049821 -253.4292215 66.3047093 0.1934016 0.1219636 
5700000 5700 1000.0 8427145.028 1836.058 8.4659 0 0 0 0.0053985 -254.0144202 43.3420544 0.193438 0.1202255 
5710000 5710 1000.0 8445416.85 1835.216 8.4798 0 0 0 0.0053694 -253.8630839 40.9188121 0.1943268 0.1209834 
5720000 5720 1000.0 8463874.093 1836.708 8.4801 0 0 0 0.0052999 -253.9082977 61.2669562 0.1941283 0.1222557 
5730000 5730 1000.0 8481719.974 1827.278 8.486 0 0 0 0.005664 -254.1169643 39.5003543 0.1960249 0.1230002 
5740000 5740 1000.0 8499035.575 1809.582 8.4929 0 0 0 0.0051579 -254.146104 59.3407815 0.193446 0.1217034 
5750000 5750 1000.0 8517298.247 1812.467 8.4942 0 0 0 0.0050973 -253.2180475 45.0836286 0.1961669 0.1233381 
5760000 5760 1000.0 8535001.602 1804.921 8.4851 0 0 0 0.0053894 -253.903572 66.5860219 0.1970983 0.1245964 
5770000 5770 1000.0 8552228.483 1788.693 8.487 0 0 0 0.0054446 -253.5047157 78.0226303 0.1961897 0.1234131 
5780000 5780 1000.0 8569537.037 1777.806 8.4803 0 0 0 0.0054003 -253.0957195 93.5194078 0.1944483 0.1229928 
5790000 5790 1000.0 8586871.499 1770.145 8.4736 0 0 0 0.0055625 -253.0557143 77.7400893 0.1941856 0.1227391 
5800000 5800 1000.0 8605255.641 1782.431 8.4754 0 0 0 0.0056147 -252.7441958 81.7695749 0.1981771 0.1274607 
5810000 5810 1000.0 8623227.844 1784.857 8.4703 0 0 0 0.0056532 -253.0292754 103.7128386 0.1968171 0.1256012 
5820000 5820 1000.0 8640912.939 1781.99 8.4621 0 0 0 0.0051268 -252.9643599 43.2307657 0.1939682 0.1214759 
5830000 5830 1000.0 8658599.605 1779.687 8.4641 0 0 0 0.0056432 -252.9014024 80.8110536 0.195408 0.1227769 
5840000 5840 1000.0 8676622.34 1784.295 8.4607 0 0 0 0.0052579 -252.6747255 43.7405461 0.1962427 0.1238189 
5850000 5850 1000.0 8694363.235 1783.587 8.4488 0 0 0 0.0053731 -252.7769875 52.0719656 0.1935721 0.1213179 
5860000 5860 1000.0 8712736.422 1793.571 8.4406 0 0 0 0.0051198 -252.7687842 74.7800158 0.1955669 0.1224761 
5870000 5870 1000.0 8731108.817 1801.904 8.4474 0 0 0 0.005641 -252.5661497 86.5050781 0.1945459 0.1230827 
5880000 5880 1000.0 8748935.285 1798.715 8.4482 0 0 0 0.0060027 -252.5906295 97.4818539 0.1945664 0.1223218 
5890000 5890 1000.0 8767183.462 1803.402 8.4434 0 0 0 0.0053735 -252.5107409 58.6361703 0.1938865 0.121653 
5900000 5900 1000.0 8786193.552 1822.101 8.459 0 0 0 0.0056046 -251.7615943 107.1553219 0.1947058 0.1222477 
5910000 5910 1000.0 8804948.76 1831.89 8.4726 0 0 0 0.0055491 -251.7283939 66.0171491 0.1951842 0.1227185 
5920000 5920 1000.0 8823791.261 1841.172 8.4677 0 0 0 0.005694 -252.1823039 40.3209338 0.1954517 0.1232933 
5930000 5930 1000.0 8843298.522 1861.06 8.4694 0 0 0 0.0055209 -251.749996 90.4790159 0.196036 0.1242866 
5940000 5940 1000.0 8862882.818 1878.737 8.4673 0 0 0 0.0053148 -252.614469 136.6631667 0.1937785 0.1221 
5950000 5950 1000.0 8881652.565 1878.228 8.4731 0 0 0 0.0054134 -252.5976945 79.5788234 0.1950668 0.1228124 
5960000 5960 1000.0 8900737.007 1882.878 8.4707 0 0 0 0.0056913 -252.7839719 79.456546 0.1972031 0.1247453 
5970000 5970 1000.0 8919422.96 1880.3 8.4673 0 0 0 0.0051651 -253.0920085 89.7175032 0.1963923 0.1244516 
5980000 5980 1000.0 8938084.962 1877.081 8.4692 0 0 0 0.0053247 -253.4231167 77.0717281 0.199585 0.1279231 
5990000 5990 1000.0 8956404.401 1868.997 8.4744 0 0 0 0.0055895 -253.2120564 126.0865543 0.1976484 0.1270237 
6000000 6000 1000.0 8974112.11 1850.727 8.4634 0 0 0 0.0056397 -252.9710446 98.7791736 0.1978348 0.1269331 
