10000 10 182.927 -13154.548 -240.567 0.183 0 0 0 
20000 20 332.392 -26067.661 -432.69 0.3321 0 0 0 
30000 30 454.516 -39146.281 -592.816 0.8165 0 0 0 
40000 40 554.3 -51714.729 -713.508 1.2153 0 0 0 
50000 50 635.83 -64735.468 -821.56 1.5346 0 0 0 
60000 60 702.447 -77683.004 -908.736 1.8073 0 0 0 
70000 70 756.877 -87986.388 -930.099 2.0292 0 0 0 
80000 80 801.351 -99522.345 -971.054 2.2122 0 0 0 
90000 90 837.689 -110191.524 -990.175 2.3626 0 0 0 
100000 100 867.38 -119133.883 -972.952 2.4817 0 0 0 
110000 110 891.64 -127187.775 -942.364 2.584 0 0 0 
120000 120 911.462 -133520.476 -885.151 2.6605 0 0 0 
130000 130 927.658 -138227.705 -809.541 2.7283 0 0 0 
140000 140 940.891 -143366.307 -755.835 2.7739 0 0 0 
150000 150 951.704 -148470.585 -710.903 2.8219 0 0 0 
160000 160 960.539 -152513.873 -655.172 2.8578 0 0 0 
170000 170 967.757 -156358.588 -605.741 2.8904 0 0 0 
180000 180 973.655 -157429.156 -514.444 2.9196 0 0 0 
190000 190 978.474 -157997.016 -429.213 2.9506 0 0 0 
200000 200 982.412 -158214.587 -355.914 2.9597 0 0 0 
210000 210 985.629 -154919.043 -228.452 2.9653 0 0 0 
220000 220 988.258 -150593.027 -107.291 2.9804 0 0 0 
230000 230 990.406 -146690.385 -15.278 2.9839 0 0 0 
240000 240 992.161 -141262.59 86.999 2.9863 0 0 0 
250000 250 993.595 -135509.377 176.766 2.9892 0 0 0 
260000 260 994.767 -129965.572 245.364 2.9987 0 0 0 
270000 270 995.724 -125068.227 289.815 3.0067 0 0 0 
280000 280 996.506 -120653.849 316.534 3.0101 0 0 0 
290000 290 997.145 -117468.36 316.835 3.0114 0 0 0 
300000 300 997.667 -115453.039 297.032 3.0081 0 0 0 
310000 310 998.094 -113998.151 271.287 3.0054 0 0 0 
320000 320 998.443 -113658.197 226.711 3.0109 0 0 0 
330000 330 998.728 -111284.688 231.227 3.0125 0 0 0 
340000 340 998.96 -105421.619 296.07 3.0018 0 0 0 
350000 350 999.151 -99114.031 357.432 2.9967 0 0 0 
360000 360 999.306 -92164.393 419.464 2.9896 0 0 0 
370000 370 999.433 -85156.757 470.89 2.9902 0 0 0 
380000 380 999.537 -77546.978 523.953 2.9391 0 0 0 
390000 390 999.621 -70029.319 565.329 2.8872 0 0 0 
400000 400 999.691 -63179.561 587.234 2.902 0 0 0 
410000 410 999.747 -55922.662 612.686 2.9238 0 0 0 
420000 420 999.793 -48521.94 635.775 2.9486 0 0 0 
430000 430 999.831 -41919.326 639.98 2.9647 0 0 0 
440000 440 999.862 -34571.938 657.379 2.9791 0 0 0 
450000 450 999.887 -27528.226 666.215 2.9993 0 0 0 
460000 460 999.908 -20971.628 664.172 3.0115 0 0 0 
470000 470 999.925 -13942.304 671.572 3.0271 0 0 0 
480000 480 999.939 -6773.343 679.845 3.0378 0 0 0 
490000 490 999.95 756.191 693.452 3.0459 0 0 0 
500000 500 999.959 8886.522 715.595 3.0515 0 0 0 
510000 510 999.966 16345.893 720.845 3.0419 0 0 0 
520000 520 999.973 24733.546 742.713 3.038 0 0 0 
530000 530 999.978 34078.838 777.915 3.03 0 0 0 
540000 540 999.982 43781.791 813.056 3.0254 0 0 0 
550000 550 999.985 53388.542 840.089 3.0146 0 0 0 
560000 560 999.988 62069.869 845.359 3.011 0 0 0 
570000 570 999.99 72531.804 882.12 3.0059 0 0 0 
580000 580 999.992 82871.908 909.873 3.0105 0 0 0 
590000 590 999.993 93091.338 930.493 3.014 0 0 0 
600000 600 999.995 103008.782 941.737 3.0129 0 0 0 
610000 610 999.996 113230.764 956.529 3.0097 0 0 0 
620000 620 999.996 123721.207 973.625 3.0166 0 0 0 
630000 630 999.997 134819.673 998.503 3.0143 0 0 0 
640000 640 999.998 146024.082 1020.766 3.0105 0 0 0 
650000 650 999.998 157248.823 1039.128 2.9979 0 0 0 
660000 660 999.998 169059.015 1065.07 2.9977 0 0 0 
670000 670 999.999 180754.088 1084.237 3.0066 0 0 0 
680000 680 999.999 192158.102 1094.034 3.0068 0 0 0 
690000 690 999.999 203040.81 1092.923 3.0106 0 0 0 
700000 700 999.999 214524.342 1102.717 3.0126 0 0 0 
710000 710 999.999 226495.426 1120.089 3.008 0 0 0 
720000 720 1000.0 238374.976 1132.601 3.0087 0 0 0 
730000 730 1000.0 250791.302 1152.778 3.0061 0 0 0 
740000 740 1000.0 261466.338 1136.98 3.0098 0 0 0 
750000 750 1000.0 274096.821 1160.581 3.0083 0 0 0 
760000 760 1000.0 286817.361 1181.4 3.0014 0 0 0 
770000 770 1000.0 299841.095 1203.671 3.0076 0 0 0 
780000 780 1000.0 312574.706 1216.481 3.0199 0 0 0 
790000 790 1000.0 325253.015 1225.786 3.0316 0 0 0 
800000 800 1000.0 337310.422 1222.3 3.0417 0 0 0 
810000 810 1000.0 349450.43 1220.444 3.0494 0 0 0 
820000 820 1000.0 361708.522 1221.045 3.0493 0 0 0 
830000 830 1000.0 373894.109 1220.514 3.0501 0 0 0 
840000 840 1000.0 386294.674 1224.431 3.0477 0 0 0 
850000 850 1000.0 399589.787 1243.858 3.0475 0 0 0 
860000 860 1000.0 413931.458 1278.604 3.043 0 0 0 
870000 870 1000.0 428315.114 1307.899 3.0345 0 0 0 
880000 880 1000.0 442177.306 1321.988 3.0247 0 0 0 
890000 890 1000.0 456789.77 1347.389 3.0147 0 0 0 
900000 900 1000.0 471854.164 1376.902 3.0194 0 0 0 
910000 910 1000.0 485993.462 1384.036 3.0168 0 0 0 
920000 920 1000.0 499775.191 1382.671 3.0213 0 0 0 
930000 930 1000.0 515058.873 1409.792 3.0168 0 0 0 
940000 940 1000.0 531524.614 1453.233 3.0201 0 0 0 
950000 950 1000.0 548352.81 1494.811 3.0186 0 0 0 
960000 960 1000.0 564625.84 1518.828 3.0225 0 0 0 
970000 970 1000.0 581596.364 1551.419 3.0219 0 0 0 
980000 980 1000.0 598733.744 1581.052 3.0255 0 0 0 
990000 990 1000.0 615708.497 1602.246 3.0273 0 0 0 
1000000 1000 1000.0 632648.819 1619.358 3.0332 0 0 0 
1010000 1010 1000.0 648629.141 1615.381 3.0385 0 0 0 
1020000 1020 1000.0 664827.464 1616.427 3.0353 0 0 0 
1030000 1030 1000.0 681133.89 1619.278 3.0278 0 0 0 
1040000 1040 1000.0 697464.667 1621.43 3.0303 0 0 0 
1050000 1050 1000.0 714241.856 1631.782 3.0245 0 0 0 
1060000 1060 1000.0 730872.395 1637.714 3.0172 0 0 0 
1070000 1070 1000.0 747873.951 1649.415 3.0257 0 0 0 
1080000 1080 1000.0 765117.981 1663.152 3.0253 0 0 0 
1090000 1090 1000.0 781713.947 1662.087 3.0234 0 0 0 
1100000 1100 1000.0 798393.097 1663.511 3.0278 0 0 0 
1110000 1110 1000.0 815884.633 1679.085 3.0304 0 0 0 
1120000 1120 1000.0 833749.867 1698.608 3.0354 0 0 0 
1130000 1130 1000.0 851653.631 1715.216 3.0344 0 0 0 
1140000 1140 1000.0 869518.023 1727.928 3.0274 0 0 0 
1150000 1150 1000.0 887793.367 1746.137 3.0308 0 0 0 
1160000 1160 1000.0 905962.655 1758.758 3.0257 0 0 0 
1170000 1170 1000.0 923339.073 1754.967 3.0248 0 0 0 
1180000 1180 1000.0 940843.836 1753.893 3.024 0 0 0 
1190000 1190 1000.0 958662.926 1758.495 3.0265 0 0 0 
1200000 1200 1000.0 976002.268 1754.249 3.0204 0 0 0 
1210000 1210 1000.0 993993.804 1762.391 3.0212 0 0 0 
1220000 1220 1000.0 1011787.527 1765.67 3.0254 0 0 0 
1230000 1230 1000.0 1029992.559 1775.951 3.024 0 0 0 
1240000 1240 1000.0 1048100.124 1782.932 3.0277 0 0 0 
1250000 1250 1000.0 1066338.514 1790.354 3.0231 0 0 0 
1260000 1260 1000.0 1084227.603 1790.138 3.0198 0 0 0 
1270000 1270 1000.0 1101781.084 1783.502 3.0215 0 0 0 
1280000 1280 1000.0 1119092.42 1774.183 3.0213 0 0 0 
1290000 1290 1000.0 1137060.697 1778.684 3.0292 0 0 0 
1300000 1300 1000.0 1155630.39 1792.535 3.0316 0 0 0 
1310000 1310 1000.0 1173843.648 1797.813 3.0336 0 0 0 
1320000 1320 1000.0 1192868.242 1816.423 3.0375 0 0 0 
1330000 1330 1000.0 1211390.637 1823.283 3.0336 0 0 0 
1340000 1340 1000.0 1229997.899 1829.858 3.0358 0 0 0 
1350000 1350 1000.0 1248383.067 1831.946 3.0294 0 0 0 
1360000 1360 1000.0 1266263.953 1823.786 3.0336 0 0 0 
1370000 1370 1000.0 1285091.588 1834.718 3.0303 0 0 0 
1380000 1380 1000.0 1304078.979 1846.721 3.0353 0 0 0 
1390000 1390 1000.0 1322094.506 1838.559 3.0385 0 0 0 
1400000 1400 1000.0 1340171.127 1833.281 3.0354 0 0 0 
1410000 1410 1000.0 1358512.449 1833.481 3.0384 0 0 0 
1420000 1420 1000.0 1377251.987 1841.05 3.0366 0 0 0 
1430000 1430 1000.0 1395818.319 1844.468 3.0359 0 0 0 
1440000 1440 1000.0 1414621.512 1851.203 3.034 0 0 0 
1450000 1450 1000.0 1433047.675 1849.205 3.0322 0 0 0 
1460000 1460 1000.0 1451384.371 1845.983 3.0307 0 0 0 
1470000 1470 1000.0 1469721.13 1843.486 3.0346 0 0 0 
1480000 1480 1000.0 1487806.51 1836.642 3.0303 0 0 0 
1490000 1490 1000.0 1506133.221 1835.912 3.0249 0 0 0 
1500000 1500 1000.0 1525158.278 1848.683 3.0268 0 0 0 
1510000 1510 1000.0 1543886.064 1853.349 3.0231 0 0 0 
1520000 1520 1000.0 1561955.418 1844.893 3.025 0 0 0 
1530000 1530 1000.0 1580370.846 1843.865 3.0261 0 0 0 
1540000 1540 1000.0 1598902.077 1845.644 3.0249 0 0 0 
1550000 1550 1000.0 1617324.49 1845.285 3.0186 0 0 0 
1560000 1560 1000.0 1636085.321 1850.775 3.0199 0 0 0 
1570000 1570 1000.0 1654331.805 1846.239 3.0197 0 0 0 
1580000 1580 1000.0 1673117.574 1852.205 3.0283 0 0 0 
1590000 1590 1000.0 1691012.845 1840.733 3.0327 0 0 0 
1600000 1600 1000.0 1708870.657 1830.54 3.032 0 0 0 
1610000 1610 1000.0 1726881.137 1825.892 3.037 0 0 0 
1620000 1620 1000.0 1744492.833 1813.429 3.0542 0 0 0 
1630000 1630 1000.0 1762274.855 1807.021 3.0573 0 0 0 
1640000 1640 1000.0 1780144.182 1803.651 3.0542 0 0 0 
1650000 1650 1000.0 1797450.372 1789.391 3.0475 0 0 0 
1660000 1660 1000.0 1814742.542 1778.558 3.0488 0 0 0 
1670000 1670 1000.0 1833375.445 1794.056 3.0493 0 0 0 
1680000 1680 1000.0 1851626.852 1799.815 3.0426 0 0 0 
1690000 1690 1000.0 1870121.642 1809.775 3.0356 0 0 0 
1700000 1700 1000.0 1888799.248 1820.543 3.0281 0 0 0 
1710000 1710 1000.0 1907424.81 1828.724 3.0345 0 0 0 
1720000 1720 1000.0 1926068.647 1835.014 3.031 0 0 0 
1730000 1730 1000.0 1943363.495 1815.185 3.0253 0 0 0 
1740000 1740 1000.0 1960731.702 1801.361 3.0268 0 0 0 
1750000 1750 1000.0 1978627.967 1799.027 3.0296 0 0 0 
1760000 1760 1000.0 1996934.917 1804.658 3.0313 0 0 0 
1770000 1770 1000.0 2014706.797 1799.217 3.0324 0 0 0 
1780000 1780 1000.0 2032444.02 1794.274 3.0333 0 0 0 
1790000 1790 1000.0 2050056.951 1788.376 3.0327 0 0 0 
1800000 1800 1000.0 2068920.956 1806.559 3.0321 0 0 0 
1810000 1810 1000.0 2088306.786 1830.566 3.0362 0 0 0 
1820000 1820 1000.0 2107905.299 1853.969 3.0258 0 0 0 
1830000 1830 1000.0 2127547.26 1873.797 3.0217 0 0 0 
1840000 1840 1000.0 2147724.132 1899.879 3.0247 0 0 0 
1850000 1850 1000.0 2167109.813 1907.033 3.0224 0 0 0 
1860000 1860 1000.0 2186921.39 1920.583 3.0182 0 0 0 
1870000 1870 1000.0 2206469.259 1926.484 3.0168 0 0 0 
1880000 1880 1000.0 2226033.862 1932.14 3.0201 0 0 0 
1890000 1890 1000.0 2245795.874 1940.844 3.0263 0 0 0 
1900000 1900 1000.0 2266306.66 1960.78 3.0335 0 0 0 
1910000 1910 1000.0 2286665.376 1974.722 3.0355 0 0 0 
1920000 1920 1000.0 2307126.21 1987.918 3.0332 0 0 0 
1930000 1930 1000.0 2327268.487 1993.234 3.0326 0 0 0 
1940000 1940 1000.0 2347682.405 2002.218 3.03 0 0 0 
1950000 1950 1000.0 2368103.494 2009.422 3.0202 0 0 0 
1960000 1960 1000.0 2387889.214 2003.939 3.0179 0 0 0 
1970000 1970 1000.0 2407784.041 2001.333 3.021 0 0 0 
1980000 1980 1000.0 2428872.216 2020.572 3.0222 0 0 0 
1990000 1990 1000.0 2449388.917 2026.513 3.0276 0 0 0 
2000000 2000 1000.0 2470413.308 2040.2 3.0271 0 0 0 
2010000 2010 1000.0 2490134.549 2028.152 3.0253 0 0 0 
2020000 2020 1000.0 2509487.358 2011.061 3.0161 0 0 0 
2030000 2030 1000.0 2530239.736 2023.087 3.0185 0 0 0 
2040000 2040 1000.0 2552137.244 2053.592 3.0205 0 0 0 
2050000 2050 1000.0 2574068.642 2079.24 3.021 0 0 0 
2060000 2060 1000.0 2595605.083 2092.668 3.0194 0 0 0 
2070000 2070 1000.0 2617701.522 2114.082 3.0165 0 0 0 
2080000 2080 1000.0 2639295.5 2122.429 3.0239 0 0 0 
2090000 2090 1000.0 2660920.817 2129.412 3.0264 0 0 0 
2100000 2100 1000.0 2682045.878 2126.286 3.0235 0 0 0 
2110000 2110 1000.0 2703400.564 2128.193 3.0198 0 0 0 
2120000 2120 1000.0 2724657.874 2127.903 3.0183 0 0 0 
2130000 2130 1000.0 2745585.742 2121.413 3.019 0 0 0 
2140000 2140 1000.0 2766736.307 2120.145 3.0227 0 0 0 
2150000 2150 1000.0 2787897.765 2119.345 3.0222 0 0 0 
2160000 2160 1000.0 2809328.309 2123.97 3.0243 0 0 0 
2170000 2170 1000.0 2830562.362 2123.569 3.0304 0 0 0 
2180000 2180 1000.0 2851652.163 2120.709 3.0363 0 0 0 
2190000 2190 1000.0 2873609.315 2134.573 3.0412 0 0 0 
2200000 2200 1000.0 2895233.854 2139.468 3.0361 0 0 0 
2210000 2210 1000.0 2916377.755 2134.727 3.0327 0 0 0 
2220000 2220 1000.0 2938840.191 2154.622 3.0277 0 0 0 
2230000 2230 1000.0 2960490.966 2156.29 3.0258 0 0 0 
2240000 2240 1000.0 2981636.157 2148.766 3.0241 0 0 0 
2250000 2250 1000.0 3002692.373 2140.359 3.0254 0 0 0 
2260000 2260 1000.0 3023415.993 2127.196 3.0334 0 0 0 
2270000 2270 1000.0 3044017.909 2114.444 3.03 0 0 0 
2280000 2280 1000.0 3064275.814 2098.527 3.0362 0 0 0 
2290000 2290 1000.0 3084800.458 2090.149 3.0366 0 0 0 
2300000 2300 1000.0 3104875.529 2075.046 3.0354 0 0 0 
2310000 2310 1000.0 3126751.569 2095.944 3.0296 0 0 0 
2320000 2320 1000.0 3148756.878 2115.633 3.0282 0 0 0 
2330000 2330 1000.0 3170906.174 2133.505 3.0278 0 0 0 
2340000 2340 1000.0 3193171.7 2150.45 3.0277 0 0 0 
2350000 2350 1000.0 3215473.625 2164.976 3.0177 0 0 0 
2360000 2360 1000.0 3238195.681 2184.242 3.0169 0 0 0 
2370000 2370 1000.0 3260596.865 2193.934 3.0158 0 0 0 
2380000 2380 1000.0 3281398.146 2172.559 3.02 0 0 0 
2390000 2390 1000.0 3302903.805 2168.195 3.022 0 0 0 
2400000 2400 1000.0 3323747.476 2153.042 3.0149 0 0 0 
2410000 2410 1000.0 3344980.125 2147.924 3.0177 0 0 0 
2420000 2420 1000.0 3366135.571 2142.178 3.0147 0 0 0 
2430000 2430 1000.0 3388587.489 2161.199 3.0133 0 0 0 
2440000 2440 1000.0 3410673.78 2169.853 3.0128 0 0 0 
2450000 2450 1000.0 3432313.829 2169.018 3.017 0 0 0 
2460000 2460 1000.0 3453634.645 2161.957 3.0145 0 0 0 
2470000 2470 1000.0 3474881.019 2154.555 3.0158 0 0 0 
2480000 2480 1000.0 3496362.932 2152.891 3.0222 0 0 0 
2490000 2490 1000.0 3518559.455 2165.549 3.0258 0 0 0 
2500000 2500 1000.0 3539552.719 2153.147 3.0286 0 0 0 
2510000 2510 1000.0 3561199.647 2156.015 3.0343 0 0 0 
2520000 2520 1000.0 3583195.433 2163.459 3.0307 0 0 0 
2530000 2530 1000.0 3605241.899 2171.175 3.0306 0 0 0 
2540000 2540 1000.0 3628042.0 2190.895 3.0319 0 0 0 
2550000 2550 1000.0 3649830.207 2187.88 3.0279 0 0 0 
2560000 2560 1000.0 3671826.497 2191.167 3.0282 0 0 0 
2570000 2570 1000.0 3694503.629 2205.16 3.0289 0 0 0 
2580000 2580 1000.0 3716788.719 2209.277 3.033 0 0 0 
2590000 2590 1000.0 3738288.872 2198.367 3.0387 0 0 0 
2600000 2600 1000.0 3760000.633 2193.544 3.0323 0 0 0 
2610000 2610 1000.0 3782374.353 2201.21 3.0377 0 0 0 
2620000 2620 1000.0 3804528.931 2203.453 3.0402 0 0 0 
2630000 2630 1000.0 3826166.606 2195.096 3.0414 0 0 0 
2640000 2640 1000.0 3845945.585 2155.388 3.0412 0 0 0 
2650000 2650 1000.0 3866965.701 2146.204 3.0362 0 0 0 
2660000 2660 1000.0 3888455.549 2146.426 3.0378 0 0 0 
2670000 2670 1000.0 3909829.482 2144.151 3.0374 0 0 0 
2680000 2680 1000.0 3931017.843 2139.361 3.0351 0 0 0 
2690000 2690 1000.0 3952670.489 2144.544 3.0414 0 0 0 
2700000 2700 1000.0 3974181.874 2145.321 3.0464 0 0 0 
2710000 2710 1000.0 3994709.694 2128.197 3.0514 0 0 0 
2720000 2720 1000.0 4015957.058 2128.146 3.0552 0 0 0 
2730000 2730 1000.0 4037064.127 2124.734 3.0613 0 0 0 
2740000 2740 1000.0 4057830.283 2116.808 3.0649 0 0 0 
2750000 2750 1000.0 4075983.471 2056.183 3.0553 0 0 0 
2760000 2760 1000.0 4097732.154 2078.18 3.0514 0 0 0 
2770000 2770 1000.0 4118616.415 2079.199 3.062 0 0 0 
2780000 2780 1000.0 4138215.051 2056.939 3.0591 0 0 0 
2790000 2790 1000.0 4157874.4 2040.201 3.0646 0 0 0 
2800000 2800 1000.0 4178488.583 2044.681 3.0601 0 0 0 
2810000 2810 1000.0 4199252.471 2050.859 3.0701 0 0 0 
2820000 2820 1000.0 4220368.369 2062.181 3.0609 0 0 0 
2830000 2830 1000.0 4241621.244 2073.573 3.0524 0 0 0 
2840000 2840 1000.0 4262925.069 2084.195 3.0517 0 0 0 
2850000 2850 1000.0 4285263.708 2111.626 3.0411 0 0 0 
2860000 2860 1000.0 4306333.666 2110.86 3.0368 0 0 0 
2870000 2870 1000.0 4328167.227 2124.725 3.0345 0 0 0 
2880000 2880 1000.0 4349567.326 2127.524 3.0341 0 0 0 
2890000 2890 1000.0 4371163.45 2132.743 3.0356 0 0 0 
2900000 2900 1000.0 4392901.109 2139.555 3.0359 0 0 0 
2910000 2910 1000.0 4414419.64 2141.881 3.0394 0 0 0 
2920000 2920 1000.0 4436104.697 2147.17 3.0445 0 0 0 
2930000 2930 1000.0 4458368.607 2162.076 3.0486 0 0 0 
2940000 2940 1000.0 4480987.905 2179.51 3.0495 0 0 0 
2950000 2950 1000.0 4502058.966 2167.104 3.0339 0 0 0 
2960000 2960 1000.0 4523944.955 2170.439 3.042 0 0 0 
2970000 2970 1000.0 4546445.657 2184.567 3.0385 0 0 0 
2980000 2980 1000.0 4568437.78 2187.216 3.0401 0 0 0 
2990000 2990 1000.0 4591506.578 2209.41 3.0398 0 0 0 
3000000 3000 1000.0 4613454.115 2206.649 3.0357 0 0 0 
3010000 3010 1000.0 4635792.294 2211.989 3.0271 0 0 0 
3020000 3020 1000.0 4658902.015 2230.249 3.1584 0 0 0 
3030000 3030 1000.0 4682399.637 2251.896 3.1352 0 0 0 
3040000 3040 1000.0 4706360.93 2278.774 3.1169 0 0 0 
3050000 3050 1000.0 4729584.335 2286.788 3.1079 0 0 0 
3060000 3060 1000.0 4753306.897 2302.171 3.0859 0 0 0 
3070000 3070 1000.0 4776135.236 2298.276 3.0804 0 0 0 
3080000 3080 1000.0 4798277.09 2282.655 3.0713 0 0 0 
3090000 3090 1000.0 4820472.522 2270.831 3.075 0 0 0 
3100000 3100 1000.0 4842455.828 2258.336 3.0726 0 0 0 
3110000 3110 1000.0 4863294.543 2226.016 3.068 0 0 0 
3120000 3120 1000.0 4886038.023 2234.885 3.0638 0 0 0 
3130000 3130 1000.0 4907920.819 2224.845 3.0598 0 0 0 
3140000 3140 1000.0 4928623.071 2197.675 3.0501 0 0 0 
3150000 3150 1000.0 4950046.679 2188.388 3.0464 0 0 0 
3160000 3160 1000.0 4971958.152 2189.537 3.0398 0 0 0 
3170000 3170 1000.0 4994887.556 2208.304 3.0362 0 0 0 
3180000 3180 1000.0 5016721.177 2202.897 3.032 0 0 0 
3190000 3190 1000.0 5039802.076 2221.727 3.0349 0 0 0 
3200000 3200 1000.0 5061364.957 2209.563 3.026 0 0 0 
3210000 3210 1000.0 5083076.137 2202.699 3.0358 0 0 0 
3220000 3220 1000.0 5105170.53 2204.181 3.0393 0 0 0 
3230000 3230 1000.0 5127547.78 2209.934 3.03 0 0 0 
3240000 3240 1000.0 5149998.54 2216.796 3.0322 0 0 0 
3250000 3250 1000.0 5173146.984 2235.052 3.023 0 0 0 
3260000 3260 1000.0 5196375.93 2251.023 3.0334 0 0 0 
3270000 3270 1000.0 5219619.818 2264.578 3.0322 0 0 0 
3280000 3280 1000.0 5242926.663 2276.709 3.0287 0 0 0 
3290000 3290 1000.0 5265898.426 2280.642 3.0341 0 0 0 
3300000 3300 1000.0 5289348.052 2292.672 3.0332 0 0 0 
3310000 3310 1000.0 5312010.8 2287.584 3.0336 0 0 0 
3320000 3320 1000.0 5335151.95 2292.394 3.0349 0 0 0 
3330000 3330 1000.0 5357662.412 2284.364 3.0327 0 0 0 
3340000 3340 1000.0 5380610.674 2286.49 3.0318 0 0 0 
3350000 3350 1000.0 5403685.48 2289.734 3.0317 0 0 0 
3360000 3360 1000.0 5426083.627 2280.797 3.0277 0 0 0 
3370000 3370 1000.0 5448512.288 2273.744 3.0306 0 0 0 
3380000 3380 1000.0 5471271.013 2274.838 3.037 0 0 0 
3390000 3390 1000.0 5494205.179 2277.644 3.0407 0 0 0 
3400000 3400 1000.0 5516643.819 2271.441 3.0355 0 0 0 
3410000 3410 1000.0 5539110.954 2267.024 3.0329 0 0 0 
3420000 3420 1000.0 5561218.209 2255.769 3.0366 0 0 0 
3430000 3430 1000.0 5582381.004 2229.722 3.0386 0 0 0 
3440000 3440 1000.0 5603928.036 2215.934 3.0411 0 0 0 
3450000 3450 1000.0 5626655.121 2226.597 3.0377 0 0 0 
3460000 3460 1000.0 5649611.279 2239.16 3.032 0 0 0 
3470000 3470 1000.0 5672225.3 2242.941 3.0349 0 0 0 
3480000 3480 1000.0 5693255.186 2217.641 3.0396 0 0 0 
3490000 3490 1000.0 5716184.576 2231.502 3.0376 0 0 0 
3500000 3500 1000.0 5739333.952 2247.017 3.0404 0 0 0 
3510000 3510 1000.0 5761919.858 2248.852 3.0363 0 0 0 
3520000 3520 1000.0 5784998.776 2259.248 3.0344 0 0 0 
3530000 3530 1000.0 5808281.64 2272.371 3.0411 0 0 0 
3540000 3540 1000.0 5830837.334 2269.223 3.0413 0 0 0 
3550000 3550 1000.0 5854876.628 2293.76 3.0439 0 0 0 
3560000 3560 1000.0 5878649.609 2308.942 3.0469 0 0 0 
3570000 3570 1000.0 5902388.21 2320.469 3.0483 0 0 0 
3580000 3580 1000.0 5925551.541 2319.373 3.049 0 0 0 
3590000 3590 1000.0 5949142.333 2327.006 3.0503 0 0 0 
3600000 3600 1000.0 5972455.887 2328.096 3.0526 0 0 0 
3610000 3610 1000.0 5995643.98 2325.794 3.0396 0 0 0 
3620000 3620 1000.0 6017136.065 2292.923 3.0455 0 0 0 
3630000 3630 1000.0 6038859.975 2271.392 3.0452 0 0 0 
3640000 3640 1000.0 6060310.658 2248.497 3.0518 0 0 0 
3650000 3650 1000.0 6081673.283 2229.024 3.041 0 0 0 
3660000 3660 1000.0 6103886.25 2227.344 3.0467 0 0 0 
3670000 3670 1000.0 6127095.857 2244.835 3.0504 0 0 0 
3680000 3680 1000.0 6150524.578 2262.656 3.0452 0 0 0 
3690000 3690 1000.0 6173516.249 2269.614 3.0402 0 0 0 
3700000 3700 1000.0 6196622.35 2277.11 3.0388 0 0 0 
3710000 3710 1000.0 6219478.002 2279.29 3.0387 0 0 0 
3720000 3720 1000.0 6242236.025 2278.778 3.0483 0 0 0 
3730000 3730 1000.0 6264805.162 2274.698 3.0508 0 0 0 
3740000 3740 1000.0 6287565.817 2274.734 3.0531 0 0 0 
3750000 3750 1000.0 6310123.857 2271.642 3.0515 0 0 0 
3760000 3760 1000.0 6333091.608 2276.958 3.0443 0 0 0 
3770000 3770 1000.0 6356221.636 2283.283 3.047 0 0 0 
3780000 3780 1000.0 6379638.801 2293.46 3.0406 0 0 0 
3790000 3790 1000.0 6404104.1 2321.137 3.0409 0 0 0 
3800000 3800 1000.0 6427987.029 2333.346 3.0405 0 0 0 
3810000 3810 1000.0 6451658.144 2339.415 3.041 0 0 0 
3820000 3820 1000.0 6476163.424 2359.949 3.039 0 0 0 
3830000 3830 1000.0 6500281.253 2368.997 3.0299 0 0 0 
3840000 3840 1000.0 6524528.305 2379.198 3.0335 0 0 0 
3850000 3850 1000.0 6547361.384 2361.623 3.0434 0 0 0 
3860000 3860 1000.0 6571030.183 2362.018 3.0434 0 0 0 
3870000 3870 1000.0 6594722.419 2363.915 3.0508 0 0 0 
3880000 3880 1000.0 6617099.987 2341.119 3.0515 0 0 0 
3890000 3890 1000.0 6640445.913 2340.365 3.0485 0 0 0 
3900000 3900 1000.0 6663930.679 2342.395 3.0462 0 0 0 
3910000 3910 1000.0 6688543.696 2363.742 3.0447 0 0 0 
3920000 3920 1000.0 6712835.15 2375.37 3.0408 0 0 0 
3930000 3930 1000.0 6736434.324 2373.18 3.0468 0 0 0 
3940000 3940 1000.0 6760870.175 2386.573 3.0435 0 0 0 
3950000 3950 1000.0 6785571.106 2401.845 3.0402 0 0 0 
3960000 3960 1000.0 6809373.512 2397.76 3.037 0 0 0 
3970000 3970 1000.0 6833111.325 2393.335 3.0448 0 0 0 
3980000 3980 1000.0 6856955.499 2391.441 3.0481 0 0 0 
3990000 3990 1000.0 6881260.008 2399.272 3.0474 0 0 0 
4000000 4000 1000.0 6905968.186 2411.922 3.0448 0 0 0 
4010000 4010 1000.0 6930616.835 2421.97 3.0446 0 0 0 
4020000 4020 1000.0 6954958.603 2424.179 3.0444 0 0 0 
4030000 4030 1000.0 6980177.152 2441.74 3.0472 0 0 0 
4040000 4040 1000.0 7004913.759 2447.243 3.0451 0 0 0 
4050000 4050 1000.0 7029322.0 2446.283 3.0297 0 0 0 
4060000 4060 1000.0 7053944.638 2449.573 3.0221 0 0 0 
4070000 4070 1000.0 7078329.528 2447.034 3.0193 0 0 0 
4080000 4080 1000.0 7102200.015 2436.214 3.0221 0 0 0 
4090000 4090 1000.0 7125829.836 2423.249 3.0227 0 0 0 
4100000 4100 1000.0 7150468.994 2431.481 3.0202 0 0 0 
4110000 4110 1000.0 7174735.144 2430.104 3.0241 0 0 0 
4120000 4120 1000.0 7198994.164 2429.129 3.0234 0 0 0 
4130000 4130 1000.0 7222725.781 2418.641 3.0333 0 0 0 
4140000 4140 1000.0 7247123.62 2422.923 3.0386 0 0 0 
4150000 4150 1000.0 7271143.526 2419.288 3.0423 0 0 0 
4160000 4160 1000.0 7296131.333 2433.505 3.0462 0 0 0 
4170000 4170 1000.0 7321096.026 2445.646 3.0451 0 0 0 
4180000 4180 1000.0 7345179.615 2437.948 3.0431 0 0 0 
4190000 4190 1000.0 7366893.579 2389.019 3.0423 0 0 0 
4200000 4200 1000.0 7389216.52 2361.957 3.0402 0 0 0 
4210000 4210 1000.0 7412843.532 2361.624 3.0419 0 0 0 
4220000 4220 1000.0 7436327.954 2359.94 3.0586 0 0 0 
4230000 4230 1000.0 7460848.181 2376.45 3.0486 0 0 0 
4240000 4240 1000.0 7485377.798 2389.798 3.0506 0 0 0 
4250000 4250 1000.0 7508155.235 2368.737 3.0478 0 0 0 
4260000 4260 1000.0 7530641.189 2347.373 3.0546 0 0 0 
4270000 4270 1000.0 7553680.585 2339.772 3.0499 0 0 0 
4280000 4280 1000.0 7576549.108 2329.862 3.0448 0 0 0 
4290000 4290 1000.0 7598919.475 2313.041 3.0384 0 0 0 
4300000 4300 1000.0 7622056.649 2313.29 3.0468 0 0 0 
4310000 4310 1000.0 7645478.369 2318.449 3.0526 0 0 0 
4320000 4320 1000.0 7668759.235 2320.107 3.056 0 0 0 
4330000 4330 1000.0 7691367.215 2309.178 3.0492 0 0 0 
4340000 4340 1000.0 7713903.464 2298.707 3.0503 0 0 0 
4350000 4350 1000.0 7736423.498 2290.584 3.0467 0 0 0 
4360000 4360 1000.0 7758662.704 2278.193 3.0443 0 0 0 
4370000 4370 1000.0 7780680.23 2264.57 3.0556 0 0 0 
4380000 4380 1000.0 7801335.489 2227.601 3.0584 0 0 0 
4390000 4390 1000.0 7821924.22 2196.931 3.0516 0 0 0 
4400000 4400 1000.0 7843899.887 2196.921 3.0362 0 0 0 
4410000 4410 1000.0 7866229.257 2203.256 3.0309 0 0 0 
4420000 4420 1000.0 7888916.977 2215.893 3.0228 0 0 0 
4430000 4430 1000.0 7910643.958 2208.252 3.0215 0 0 0 
4440000 4440 1000.0 7933242.052 2217.562 3.0133 0 0 0 
4450000 4450 1000.0 7953535.802 2180.028 3.0182 0 0 0 
4460000 4460 1000.0 7976600.625 2203.63 3.0183 0 0 0 
4470000 4470 1000.0 7999787.547 2224.429 3.026 0 0 0 
4480000 4480 1000.0 8022840.433 2238.907 3.0198 0 0 0 
4490000 4490 1000.0 8045865.068 2250.48 3.0201 0 0 0 
4500000 4500 1000.0 8068718.166 2256.878 3.0135 0 0 0 
4510000 4510 1000.0 8091797.654 2266.524 3.0169 0 0 0 
4520000 4520 1000.0 8115095.841 2278.537 3.0132 0 0 0 
4530000 4530 1000.0 8137681.869 2274.709 3.0104 0 0 0 
4540000 4540 1000.0 8158812.018 2245.472 3.0061 0 0 0 
4550000 4550 1000.0 8182060.283 2259.545 3.0129 0 0 0 
4560000 4560 1000.0 8205291.852 2270.689 3.0207 0 0 0 
4570000 4570 1000.0 8228931.271 2287.679 3.0243 0 0 0 
4580000 4580 1000.0 8251915.797 2289.43 3.0195 0 0 0 
4590000 4590 1000.0 8274864.9 2290.197 3.0212 0 0 0 
4600000 4600 1000.0 8298180.783 2298.007 3.0187 0 0 0 
4610000 4610 1000.0 8320717.095 2288.856 3.0233 0 0 0 
4620000 4620 1000.0 8344170.692 2300.47 3.0262 0 0 0 
4630000 4630 1000.0 8367481.976 2305.068 3.0359 0 0 0 
4640000 4640 1000.0 8388489.234 2266.949 3.0391 0 0 0 
4650000 4650 1000.0 8410340.24 2251.655 3.0366 0 0 0 
4660000 4660 1000.0 8433014.054 2254.869 3.0442 0 0 0 
4670000 4670 1000.0 8456203.841 2267.322 3.0364 0 0 0 
4680000 4680 1000.0 8479503.596 2278.867 3.0415 0 0 0 
4690000 4690 1000.0 8502789.402 2287.637 3.0389 0 0 0 
4700000 4700 1000.0 8525840.98 2291.204 3.0351 0 0 0 
4710000 4710 1000.0 8548851.813 2293.113 3.0306 0 0 0 
4720000 4720 1000.0 8571726.102 2291.782 3.0343 0 0 0 
4730000 4730 1000.0 8595088.634 2300.277 3.0361 0 0 0 
4740000 4740 1000.0 8618265.28 2303.997 3.0345 0 0 0 
4750000 4750 1000.0 8641798.766 2312.849 3.0306 0 0 0 
4760000 4760 1000.0 8665795.085 2328.859 3.0338 0 0 0 
4770000 4770 1000.0 8689722.932 2340.898 3.0349 0 0 0 
4780000 4780 1000.0 8714152.76 2359.671 3.047 0 0 0 
4790000 4790 1000.0 8738008.973 2364.43 3.0476 0 0 0 
4800000 4800 1000.0 8762058.481 2371.775 3.039 0 0 0 
4810000 4810 1000.0 8785640.294 2369.328 3.0417 0 0 0 
4820000 4820 1000.0 8808119.805 2348.251 3.0313 0 0 0 
4830000 4830 1000.0 8832214.928 2359.159 3.0326 0 0 0 
4840000 4840 1000.0 8856350.54 2369.851 3.0385 0 0 0 
4850000 4850 1000.0 8880618.434 2380.157 3.0316 0 0 0 
4860000 4860 1000.0 8904031.913 2372.646 3.0244 0 0 0 
4870000 4870 1000.0 8927208.877 2362.539 3.0143 0 0 0 
4880000 4880 1000.0 8950647.877 2359.028 3.019 0 0 0 
4890000 4890 1000.0 8974371.962 2362.052 3.0219 0 0 0 
4900000 4900 1000.0 8998480.112 2371.193 3.0227 0 0 0 
4910000 4910 1000.0 9021833.403 2364.552 3.0216 0 0 0 
4920000 4920 1000.0 9045576.499 2366.385 3.0229 0 0 0 
4930000 4930 1000.0 9070093.216 2381.903 3.032 0 0 0 
4940000 4940 1000.0 9094655.754 2394.878 3.0335 0 0 0 
4950000 4950 1000.0 9118149.574 2386.876 3.0348 0 0 0 
4960000 4960 1000.0 9142564.576 2396.739 3.0434 0 0 0 
4970000 4970 1000.0 9167472.312 2413.556 3.0303 0 0 0 
4980000 4980 1000.0 9191214.733 2406.068 3.0171 0 0 0 
4990000 4990 1000.0 9215269.324 2406.118 3.0211 0 0 0 
5000000 5000 1000.0 9238301.685 2388.333 3.004 0 0 0 
5010000 5010 1000.0 9262026.401 2385.441 3.0099 0 0 0 
5020000 5020 1000.0 9285746.085 2383.898 3.0113 0 0 0 
5030000 5030 1000.0 9310225.378 2395.271 3.0163 0 0 0 
5040000 5040 1000.0 9334329.788 2398.298 3.0203 0 0 0 
5050000 5050 1000.0 9358901.707 2408.783 3.0231 0 0 0 
5060000 5060 1000.0 9383217.318 2413.116 3.0233 0 0 0 
5070000 5070 1000.0 9407911.559 2423.282 3.0248 0 0 0 
5080000 5080 1000.0 9432645.362 2432.214 3.0327 0 0 0 
5090000 5090 1000.0 9456737.406 2428.148 3.0243 0 0 0 
5100000 5100 1000.0 9480917.129 2426.053 3.0217 0 0 0 
5110000 5110 1000.0 9504960.039 2421.653 3.022 0 0 0 
5120000 5120 1000.0 9528887.558 2416.459 3.0228 0 0 0 
5130000 5130 1000.0 9552956.422 2414.822 3.0253 0 0 0 
5140000 5140 1000.0 9576840.388 2410.14 3.0332 0 0 0 
5150000 5150 1000.0 9600493.209 2401.88 3.0385 0 0 0 
5160000 5160 1000.0 9624290.264 2397.392 3.0388 0 0 0 
5170000 5170 1000.0 9648241.263 2396.2 3.038 0 0 0 
5180000 5180 1000.0 9672542.013 2402.461 3.0435 0 0 0 
5190000 5190 1000.0 9696337.957 2399.121 3.0459 0 0 0 
5200000 5200 1000.0 9720574.51 2404.137 3.0424 0 0 0 
5210000 5210 1000.0 9744747.036 2406.066 3.0435 0 0 0 
5220000 5220 1000.0 9767640.708 2384.533 3.0416 0 0 0 
5230000 5230 1000.0 9790172.412 2359.829 3.0396 0 0 0 
5240000 5240 1000.0 9813445.461 2354.476 3.0367 0 0 0 
5250000 5250 1000.0 9836258.619 2341.348 3.0441 0 0 0 
5260000 5260 1000.0 9859472.223 2338.084 3.042 0 0 0 
5270000 5270 1000.0 9883745.477 2354.859 3.0408 0 0 0 
5280000 5280 1000.0 9908161.676 2370.705 3.034 0 0 0 
5290000 5290 1000.0 9932676.359 2385.062 3.0342 0 0 0 
5300000 5300 1000.0 9956418.813 2383.07 3.0418 0 0 0 
5310000 5310 1000.0 9980103.343 2380.904 3.0416 0 0 0 
5320000 5320 1000.0 10003173.762 2367.45 3.0415 0 0 0 
5330000 5330 1000.0 10026577.406 2362.311 3.0467 0 0 0 
5340000 5340 1000.0 10050839.783 2374.041 3.048 0 0 0 
5350000 5350 1000.0 10074323.61 2369.636 3.0536 0 0 0 
5360000 5360 1000.0 10098078.276 2371.041 3.0534 0 0 0 
5370000 5370 1000.0 10121828.041 2371.349 3.0475 0 0 0 
5380000 5380 1000.0 10145622.249 2372.413 3.0445 0 0 0 
5390000 5390 1000.0 10168985.08 2365.265 3.0499 0 0 0 
5400000 5400 1000.0 10191961.185 2352.354 3.0476 0 0 0 
5410000 5410 1000.0 10214791.209 2339.663 3.0316 0 0 0 
5420000 5420 1000.0 10238485.561 2344.867 3.0419 0 0 0 
5430000 5430 1000.0 10262546.912 2356.325 3.0404 0 0 0 
5440000 5440 1000.0 10287275.759 2377.845 3.0366 0 0 0 
5450000 5450 1000.0 10311817.947 2391.958 3.0423 0 0 0 
5460000 5460 1000.0 10335952.949 2395.099 3.0392 0 0 0 
5470000 5470 1000.0 10359489.154 2387.115 3.036 0 0 0 
5480000 5480 1000.0 10382475.357 2371.391 3.03 0 0 0 
5490000 5490 1000.0 10405717.822 2363.188 3.0395 0 0 0 
5500000 5500 1000.0 10429707.359 2369.892 3.0547 0 0 0 
5510000 5510 1000.0 10453635.163 2373.694 3.0515 0 0 0 
5520000 5520 1000.0 10476965.472 2366.06 3.0394 0 0 0 
5530000 5530 1000.0 10499915.631 2353.328 3.0363 0 0 0 
5540000 5540 1000.0 10523063.961 2345.507 3.0343 0 0 0 
5550000 5550 1000.0 10545352.68 2324.179 3.0431 0 0 0 
5560000 5560 1000.0 10569750.694 2345.538 3.0375 0 0 0 
5570000 5570 1000.0 10593779.596 2356.664 3.0371 0 0 0 
5580000 5580 1000.0 10618183.63 2372.291 3.0426 0 0 0 
5590000 5590 1000.0 10642998.654 2392.157 3.0396 0 0 0 
5600000 5600 1000.0 10667593.665 2404.189 3.0417 0 0 0 
5610000 5610 1000.0 10691229.947 2396.63 3.0416 0 0 0 
5620000 5620 1000.0 10715692.065 2405.957 3.0464 0 0 0 
5630000 5630 1000.0 10739976.177 2409.9 3.0427 0 0 0 
5640000 5640 1000.0 10764736.632 2422.153 3.0509 0 0 0 
5650000 5650 1000.0 10788851.49 2420.387 3.0504 0 0 0 
5660000 5660 1000.0 10812929.22 2417.356 3.0504 0 0 0 
5670000 5670 1000.0 10836932.065 2414.579 3.0481 0 0 0 
5680000 5680 1000.0 10860490.92 2403.794 3.0514 0 0 0 
5690000 5690 1000.0 10884146.71 2396.501 3.0493 0 0 0 
5700000 5700 1000.0 10907287.004 2381.713 3.0535 0 0 0 
5710000 5710 1000.0 10930899.297 2378.259 3.0481 0 0 0 
5720000 5720 1000.0 10953995.676 2365.987 3.0473 0 0 0 
5730000 5730 1000.0 10977399.402 2361.619 3.0504 0 0 0 
5740000 5740 1000.0 11000765.207 2356.664 3.0427 0 0 0 
5750000 5750 1000.0 11024394.85 2357.873 3.0405 0 0 0 
5760000 5760 1000.0 11048314.629 2364.094 3.044 0 0 0 
5770000 5770 1000.0 11071410.366 2354.084 3.0426 0 0 0 
5780000 5780 1000.0 11094984.365 2355.041 3.0457 0 0 0 
5790000 5790 1000.0 11118776.158 2359.022 3.0399 0 0 0 
5800000 5800 1000.0 11141925.349 2350.926 3.0408 0 0 0 
5810000 5810 1000.0 11165033.96 2343.285 3.05 0 0 0 
5820000 5820 1000.0 11188468.58 2343.058 3.0399 0 0 0 
5830000 5830 1000.0 11212178.784 2348.526 3.04 0 0 0 
5840000 5840 1000.0 11235506.14 2345.353 3.0438 0 0 0 
5850000 5850 1000.0 11258571.273 2338.315 3.0447 0 0 0 
5860000 5860 1000.0 11281680.112 2332.974 3.048 0 0 0 
5870000 5870 1000.0 11305157.968 2335.851 3.0502 0 0 0 
5880000 5880 1000.0 11328252.697 2331.466 3.0485 0 0 0 
5890000 5890 1000.0 11351631.276 2332.975 3.0605 0 0 0 
5900000 5900 1000.0 11375651.671 2346.035 3.0572 0 0 0 
5910000 5910 1000.0 11399419.682 2352.069 3.0572 0 0 0 
5920000 5920 1000.0 11423469.047 2362.018 3.0597 0 0 0 
5930000 5930 1000.0 11447599.941 2371.21 3.0412 0 0 0 
5940000 5940 1000.0 11471809.779 2380.441 3.0348 0 0 0 
5950000 5950 1000.0 11495655.181 2381.771 3.0288 0 0 0 
5960000 5960 1000.0 11519631.799 2384.097 3.0395 0 0 0 
5970000 5970 1000.0 11543036.676 2375.785 3.049 0 0 0 
5980000 5980 1000.0 11566209.492 2364.958 3.0521 0 0 0 
5990000 5990 1000.0 11589927.556 2367.122 3.0567 0 0 0 
6000000 6000 1000.0 11614055.629 2375.203 3.0586 0 0 0 
