10000.0 11.25 -2.75 -6.7656 1.2656 -0.0003 -0.0007 0.0001 -0.0492 -0.122 0.0235 
20000.0 22.375 -5.125 -11.8791 1.6291 -0.0003 -0.0006 0.0001 -0.0899 -0.1943 0.0146 
30000.0 111.75 -33.5 -53.5097 -13.4903 -0.0011 -0.0018 -0.0004 -0.2168 -0.3079 -0.1256 
40000.0 171.5 -22.75 -39.2344 -6.2656 -0.0006 -0.001 -0.0002 0.1129 -0.1164 0.3421 
50000.0 195.25 7.875 -22.0569 37.8069 0.0002 -0.0004 0.0008 0.5418 0.0348 1.0487 
60000.0 238.75 29.75 -16.4051 75.9051 0.0005 -0.0003 0.0013 0.5285 -0.056 1.113 
70000.0 268.125 60.5 -8.6786 129.6786 0.0009 -0.0001 0.0019 0.6529 -0.0322 1.3379 
80000.0 296.25 101.125 5.4031 196.8469 0.0013 0.0001 0.0025 1.0763 0.1687 1.9838 
90000.0 328.875 137.375 15.1435 259.6065 0.0015 0.0002 0.0029 1.3085 0.2309 2.3861 
100000.0 347.125 185.125 40.2051 330.0449 0.0019 0.0004 0.0033 1.739 0.5717 2.9063 
110000.0 367.0 234.625 69.5532 399.6968 0.0021 0.0006 0.0036 1.8738 0.7736 2.9739 
120000.0 393.25 302.0 112.3251 491.6749 0.0025 0.0009 0.0041 2.1579 1.0047 3.3111 
130000.0 432.125 352.875 130.7102 575.0398 0.0027 0.001 0.0044 2.3211 0.9378 3.7045 
140000.0 463.25 415.0 163.7379 666.2621 0.003 0.0012 0.0048 2.5648 1.0807 4.0488 
150000.0 490.5 474.625 202.0844 747.1656 0.0032 0.0013 0.005 2.5986 1.1494 4.0479 
160000.0 518.25 540.375 256.9099 823.8401 0.0034 0.0016 0.0051 2.6454 1.4445 3.8463 
170000.0 541.125 608.75 309.5867 907.9133 0.0036 0.0018 0.0053 2.8278 1.7428 3.9127 
180000.0 562.5 677.25 363.5463 990.9537 0.0038 0.002 0.0055 2.9429 1.8002 4.0856 
190000.0 583.5 742.875 414.8106 1070.9394 0.0039 0.0022 0.0056 3.091 2.0203 4.1617 
200000.0 603.25 813.5 475.2203 1151.7797 0.0041 0.0024 0.0058 3.2766 2.2403 4.3129 
210000.0 626.625 888.75 531.3989 1246.1011 0.0042 0.0025 0.0059 3.343 2.2717 4.4143 
220000.0 644.75 970.125 589.1388 1351.1112 0.0044 0.0027 0.0061 3.6681 2.5184 4.8178 
230000.0 661.25 1043.25 652.064 1434.436 0.0045 0.0028 0.0062 3.9269 2.7351 5.1186 
240000.0 678.75 1137.0 730.6675 1543.3325 0.0047 0.003 0.0064 4.3719 3.0873 5.6565 
250000.0 698.75 1229.875 805.9559 1653.7941 0.0049 0.0032 0.0066 4.4979 3.2201 5.7756 
260000.0 719.125 1330.0 883.1063 1776.8937 0.0051 0.0034 0.0068 4.6494 3.3404 5.9583 
270000.0 738.875 1428.75 961.1646 1896.3354 0.0053 0.0036 0.007 4.7602 3.366 6.1545 
280000.0 760.75 1544.0 1041.8917 2046.1083 0.0055 0.0037 0.0073 4.895 3.4571 6.3329 
290000.0 784.75 1661.375 1127.925 2194.825 0.0057 0.0039 0.0076 4.9007 3.3464 6.4551 
300000.0 804.375 1773.25 1212.4209 2334.0791 0.0059 0.004 0.0078 5.1585 3.6697 6.6473 
310000.0 823.25 1884.75 1293.773 2475.727 0.0061 0.0042 0.008 5.4035 3.8765 6.9305 
320000.0 847.5 2018.0 1384.691 2651.309 0.0063 0.0043 0.0083 5.4729 3.7156 7.2302 
330000.0 870.0 2137.375 1469.1971 2805.5529 0.0065 0.0045 0.0085 5.4533 3.6658 7.2407 
340000.0 890.625 2256.625 1546.1834 2967.0666 0.0066 0.0045 0.0087 5.5029 3.6386 7.3671 
350000.0 916.875 2389.625 1635.2253 3144.0247 0.0068 0.0047 0.009 5.3076 3.509 7.1062 
360000.0 940.75 2520.875 1724.0454 3317.7046 0.007 0.0048 0.0092 5.3441 3.57 7.1182 
370000.0 966.875 2666.125 1825.8435 3506.4065 0.0072 0.0049 0.0095 5.4165 3.5756 7.2574 
380000.0 989.875 2810.875 1925.9662 3695.7838 0.0074 0.0051 0.0097 5.6669 3.7444 7.5894 
390000.0 1012.625 2952.0 2017.9047 3886.0953 0.0076 0.0052 0.01 5.8143 3.8139 7.8146 
400000.0 1033.5 3069.375 2095.0906 4043.6594 0.0077 0.0052 0.0101 5.7286 3.8633 7.594 
410000.0 1055.875 3196.375 2179.0464 4213.7036 0.0078 0.0053 0.0103 5.6104 3.7204 7.5004 
420000.0 1076.625 3332.125 2273.6821 4390.5679 0.0079 0.0054 0.0105 5.9009 3.9608 7.841 
430000.0 1099.375 3481.5 2384.0284 4578.9716 0.0081 0.0055 0.0106 6.0891 4.2382 7.94 
440000.0 1122.625 3647.625 2508.7821 4786.4679 0.0083 0.0057 0.0109 6.3922 4.5486 8.2359 
450000.0 1146.125 3793.75 2621.8008 4965.6992 0.0084 0.0058 0.011 6.214 4.4654 7.9626 
460000.0 1169.875 3945.75 2733.1359 5158.3641 0.0086 0.0059 0.0112 6.2245 4.4009 8.0481 
470000.0 1192.0 4100.0 2849.2741 5350.7259 0.0087 0.0061 0.0114 6.3877 4.5826 8.1929 
480000.0 1217.625 4266.5 2970.0898 5562.9102 0.0089 0.0062 0.0116 6.3461 4.5451 8.1472 
490000.0 1240.625 4432.625 3085.3682 5779.8818 0.009 0.0063 0.0118 6.6153 4.7908 8.4397 
500000.0 1265.0 4617.875 3213.0731 6022.6769 0.0092 0.0064 0.012 6.8726 4.9601 8.7851 
510000.0 1287.625 4793.0 3336.9511 6249.0489 0.0094 0.0065 0.0123 7.1084 5.1677 9.049 
520000.0 1309.125 4957.5 3449.7518 6465.2482 0.0095 0.0066 0.0124 7.195 5.202 9.188 
530000.0 1333.125 5135.0 3570.8067 6699.1933 0.0097 0.0067 0.0126 7.1849 5.1406 9.2292 
540000.0 1359.125 5312.75 3690.9989 6934.5011 0.0098 0.0068 0.0128 6.9428 4.905 8.9805 
550000.0 1382.75 5485.25 3810.6666 7159.8334 0.01 0.0069 0.013 6.9696 4.9925 8.9468 
560000.0 1406.875 5657.375 3937.3149 7377.4351 0.0101 0.007 0.0132 6.9476 4.9772 8.918 
570000.0 1432.375 5851.0 4077.3431 7624.6569 0.0103 0.0072 0.0134 7.1668 5.2025 9.131 
580000.0 1456.875 6031.0 4208.1706 7853.8294 0.0104 0.0073 0.0135 7.1564 5.319 8.9938 
590000.0 1481.5 6212.0 4333.6622 8090.3378 0.0105 0.0073 0.0137 7.1289 5.258 8.9998 
600000.0 1505.25 6387.375 4461.8073 8312.9427 0.0106 0.0074 0.0139 7.162 5.2644 9.0596 
610000.0 1529.0 6564.25 4599.7699 8528.7301 0.0108 0.0075 0.014 7.1986 5.4265 8.9707 
620000.0 1552.125 6744.5 4723.7571 8765.2429 0.0109 0.0076 0.0141 7.3515 5.4993 9.2037 
630000.0 1576.75 6916.25 4856.9118 8975.5882 0.011 0.0077 0.0142 7.1855 5.3584 9.0126 
640000.0 1601.125 7099.5 4993.3756 9205.6244 0.0111 0.0078 0.0144 7.2896 5.446 9.1333 
650000.0 1625.5 7267.375 5124.8589 9409.8911 0.0112 0.0079 0.0145 7.0099 5.3193 8.7004 
660000.0 1651.625 7471.375 5275.8702 9666.8798 0.0113 0.008 0.0146 7.2215 5.5259 8.9171 
670000.0 1674.875 7652.875 5414.0184 9891.7316 0.0114 0.0081 0.0148 7.3451 5.6913 8.999 
680000.0 1698.625 7830.25 5548.1692 10112.3308 0.0115 0.0082 0.0149 7.2929 5.6837 8.902 
690000.0 1723.875 8022.375 5696.6541 10348.0959 0.0116 0.0083 0.015 7.3281 5.9135 8.7427 
700000.0 1747.0 8199.625 5832.4256 10566.8244 0.0117 0.0083 0.0151 7.4299 6.0148 8.845 
710000.0 1772.625 8394.625 5978.6603 10810.5897 0.0118 0.0084 0.0152 7.4185 5.976 8.861 
720000.0 1796.625 8588.625 6129.4166 11047.8334 0.0119 0.0085 0.0153 7.5088 6.1144 8.9031 
730000.0 1821.0 8779.625 6279.9541 11279.2959 0.012 0.0086 0.0155 7.5644 6.2115 8.9172 
740000.0 1844.375 8966.875 6429.897 11503.853 0.0121 0.0087 0.0155 7.6121 6.3509 8.8734 
750000.0 1868.75 9162.25 6575.6759 11748.8241 0.0122 0.0088 0.0157 7.762 6.4793 9.0447 
760000.0 1891.375 9348.875 6717.7167 11980.0333 0.0123 0.0088 0.0158 7.8459 6.4676 9.2241 
770000.0 1913.25 9523.0 6853.9123 12192.0877 0.0124 0.0089 0.0158 7.7989 6.5008 9.0969 
780000.0 1938.0 9722.0 7011.095 12432.905 0.0125 0.009 0.0159 7.785 6.5388 9.0312 
790000.0 1961.375 9908.5 7157.5864 12659.4136 0.0125 0.0091 0.016 7.7619 6.6204 8.9033 
800000.0 1985.0 10101.625 7310.1278 12893.1222 0.0126 0.0091 0.0161 7.8486 6.7265 8.9708 
810000.0 2007.375 10290.625 7456.8159 13124.4341 0.0127 0.0092 0.0162 8.0144 6.9276 9.1012 
820000.0 2031.125 10486.875 7613.2226 13360.5274 0.0128 0.0093 0.0163 8.0362 7.081 8.9915 
830000.0 2055.125 10680.375 7763.6267 13597.1233 0.0129 0.0094 0.0164 7.996 7.1462 8.8458 
840000.0 2076.875 10855.375 7909.638 13801.112 0.0129 0.0094 0.0164 7.947 7.1192 8.7748 
850000.0 2100.0 11042.875 8061.1954 14024.5546 0.013 0.0095 0.0165 7.9714 7.0272 8.9156 
860000.0 2122.5 11226.375 8213.848 14238.902 0.0131 0.0096 0.0166 7.9709 7.2087 8.733 
870000.0 2146.375 11417.125 8370.2719 14463.9781 0.0131 0.0096 0.0166 7.9812 7.2115 8.751 
880000.0 2169.75 11608.75 8524.0935 14693.4065 0.0132 0.0097 0.0167 8.033 7.1542 8.9118 
890000.0 2192.125 11795.375 8675.9431 14914.8069 0.0133 0.0097 0.0168 8.0574 7.2701 8.8447 
900000.0 2216.5 11986.875 8829.8695 15143.8805 0.0133 0.0098 0.0168 7.9619 7.1272 8.7965 
910000.0 2241.875 12189.125 8992.9553 15385.2947 0.0134 0.0099 0.0169 7.9487 7.1009 8.7966 
920000.0 2266.5 12392.5 9153.1174 15631.8826 0.0135 0.0099 0.017 7.9744 6.9935 8.9552 
930000.0 2291.625 12588.25 9313.532 15862.968 0.0135 0.01 0.0171 7.921 6.8167 9.0253 
940000.0 2314.75 12775.5 9471.1465 16079.8535 0.0136 0.0101 0.0171 7.932 6.8823 8.9817 
950000.0 2339.875 12977.625 9644.6795 16310.5705 0.0137 0.0102 0.0172 7.945 7.1062 8.7838 
960000.0 2365.375 13183.625 9818.6046 16548.6454 0.0137 0.0102 0.0172 7.9958 7.1837 8.8078 
970000.0 2390.75 13389.5 10002.2756 16776.7244 0.0138 0.0103 0.0173 8.0169 7.3506 8.6831 
980000.0 2415.5 13590.25 10171.3653 17009.1347 0.0139 0.0104 0.0174 8.002 7.379 8.625 
990000.0 2439.0 13775.25 10327.7608 17222.7392 0.0139 0.0104 0.0174 7.955 7.3489 8.5611 
1000000.0 2461.75 13966.5 10488.1294 17444.8706 0.014 0.0105 0.0174 8.12 7.5161 8.7239 
1010000.0 2485.25 14159.875 10653.0631 17666.6869 0.014 0.0105 0.0175 8.1844 7.5194 8.8494 
1020000.0 2511.5 14361.0 10820.2027 17901.7973 0.0141 0.0106 0.0176 7.9555 7.2931 8.6179 
1030000.0 2535.75 14567.375 11000.8295 18133.9205 0.0141 0.0107 0.0176 8.0959 7.6005 8.5913 
1040000.0 2559.75 14758.5 11171.3151 18345.6849 0.0142 0.0107 0.0176 8.0661 7.6101 8.5222 
1050000.0 2585.875 14974.625 11353.4286 18595.8214 0.0143 0.0108 0.0177 8.1564 7.5828 8.73 
1060000.0 2610.5 15187.0 11539.8836 18834.1164 0.0143 0.0109 0.0178 8.2775 7.6833 8.8717 
1070000.0 2635.625 15390.375 11713.9759 19066.7741 0.0144 0.0109 0.0178 8.2869 7.6983 8.8755 
1080000.0 2659.0 15593.125 11890.941 19295.309 0.0144 0.011 0.0179 8.408 7.8342 8.9818 
1090000.0 2682.375 15789.25 12058.0238 19520.4762 0.0145 0.0111 0.0179 8.413 7.7651 9.0609 
1100000.0 2707.5 16001.75 12237.8724 19765.6276 0.0145 0.0111 0.018 8.4052 7.8288 8.9817 
1110000.0 2733.0 16213.625 12413.8865 20013.3635 0.0146 0.0112 0.018 8.3955 7.8595 8.9315 
1120000.0 2757.125 16420.875 12588.8138 20252.9362 0.0147 0.0112 0.0181 8.4456 8.0215 8.8697 
1130000.0 2780.625 16618.0 12756.0235 20479.9765 0.0147 0.0113 0.0181 8.4155 7.8826 8.9484 
1140000.0 2804.125 16818.875 12922.36 20715.39 0.0148 0.0113 0.0182 8.4354 7.9419 8.9289 
1150000.0 2828.75 17027.375 13101.7233 20953.0267 0.0148 0.0114 0.0182 8.425 7.9315 8.9185 
1160000.0 2853.5 17238.25 13285.609 21190.891 0.0149 0.0115 0.0183 8.4797 8.0311 8.9284 
1170000.0 2878.5 17454.5 13466.6574 21442.3426 0.0149 0.0115 0.0183 8.5471 8.126 8.9683 
1180000.0 2903.375 17659.75 13651.5954 21667.9046 0.015 0.0116 0.0184 8.4205 8.0022 8.8388 
1190000.0 2928.0 17871.625 13832.1354 21911.1146 0.015 0.0116 0.0184 8.4499 8.0312 8.8686 
1200000.0 2952.875 18082.125 14008.1573 22156.0927 0.0151 0.0117 0.0185 8.4449 7.9678 8.922 
1210000.0 2978.25 18299.0 14199.0877 22398.9123 0.0151 0.0117 0.0185 8.4931 7.9874 8.9988 
1220000.0 3002.875 18519.25 14403.3626 22635.1374 0.0152 0.0118 0.0186 8.6596 8.2846 9.0347 
1230000.0 3026.875 18723.375 14590.3424 22856.4076 0.0152 0.0119 0.0186 8.613 8.2654 8.9606 
1240000.0 3050.375 18927.0 14770.089 23083.911 0.0153 0.0119 0.0186 8.6065 8.1182 9.0948 
1250000.0 3075.875 19139.0 14953.178 23324.822 0.0153 0.012 0.0187 8.514 8.1836 8.8444 
1260000.0 3100.875 19361.25 15154.7027 23567.7973 0.0154 0.012 0.0187 8.6295 8.1744 9.0846 
1270000.0 3125.25 19580.5 15354.6138 23806.3862 0.0154 0.0121 0.0187 8.7768 8.4603 9.0932 
1280000.0 3151.0 19783.625 15534.8257 24032.4243 0.0155 0.0121 0.0188 8.4476 7.9874 8.9079 
1290000.0 3175.0 19993.375 15727.8673 24258.8827 0.0155 0.0122 0.0188 8.5315 8.2787 8.7843 
1300000.0 3198.75 20198.375 15915.0016 24481.7484 0.0155 0.0122 0.0188 8.5613 8.2907 8.8318 
1310000.0 3220.875 20386.625 16092.1295 24681.1205 0.0156 0.0123 0.0188 8.5625 8.3308 8.7942 
1320000.0 3244.75 20588.0 16286.994 24889.006 0.0156 0.0123 0.0189 8.5291 8.1996 8.8586 
1330000.0 3270.625 20801.875 16482.9549 25120.7951 0.0156 0.0124 0.0189 8.4208 8.1425 8.699 
1340000.0 3293.75 21005.125 16667.5431 25342.7069 0.0157 0.0124 0.0189 8.5442 8.243 8.8455 
1350000.0 3317.375 21203.875 16854.835 25552.915 0.0157 0.0125 0.0189 8.539 8.2712 8.8068 
1360000.0 3341.875 21411.125 17053.3218 25768.9282 0.0157 0.0125 0.0189 8.4843 8.2241 8.7444 
1370000.0 3364.75 21603.25 17235.5099 25970.9901 0.0158 0.0126 0.019 8.4574 8.0409 8.8738 
1380000.0 3389.875 21821.625 17450.0307 26193.2193 0.0158 0.0126 0.019 8.5346 8.1561 8.9132 
1390000.0 3413.5 22023.875 17643.414 26404.336 0.0158 0.0127 0.019 8.5244 8.1898 8.859 
1400000.0 3439.375 22249.125 17867.4848 26630.7652 0.0159 0.0128 0.019 8.6342 8.3753 8.8932 
1410000.0 3461.875 22443.75 18053.749 26833.751 0.0159 0.0128 0.019 8.6216 8.414 8.8293 
1420000.0 3487.5 22665.375 18281.226 27049.524 0.016 0.0129 0.019 8.6334 8.3798 8.887 
1430000.0 3511.5 22871.375 18483.2354 27259.5146 0.016 0.0129 0.0191 8.6188 8.4256 8.8119 
1440000.0 3536.25 23089.375 18701.5298 27477.2202 0.016 0.013 0.0191 8.6958 8.5479 8.8436 
1450000.0 3561.375 23303.0 18907.9814 27698.0186 0.0161 0.013 0.0191 8.655 8.4651 8.8449 
1460000.0 3584.375 23498.875 19093.4368 27904.3132 0.0161 0.0131 0.0191 8.6028 8.3945 8.811 
1470000.0 3608.125 23705.0 19304.5523 28105.4477 0.0161 0.0131 0.0191 8.5938 8.4275 8.76 
1480000.0 3633.125 23931.0 19517.9444 28344.0556 0.0162 0.0132 0.0192 8.7931 8.5378 9.0485 
1490000.0 3657.625 24146.125 19729.5397 28562.7103 0.0162 0.0132 0.0192 8.7684 8.5499 8.9868 
1500000.0 3682.375 24363.625 19949.3171 28777.9329 0.0162 0.0133 0.0192 8.7769 8.5556 8.9981 
1510000.0 3705.625 24568.375 20142.9222 28993.8278 0.0163 0.0133 0.0192 8.7404 8.4775 9.0033 
1520000.0 3728.875 24779.625 20357.1187 29202.1313 0.0163 0.0134 0.0192 8.8844 8.63 9.1388 
1530000.0 3754.5 24999.25 20591.0974 29407.4026 0.0163 0.0135 0.0192 8.7876 8.5706 9.0047 
1540000.0 3777.5 25208.5 20792.5119 29624.4881 0.0164 0.0135 0.0192 8.9169 8.6063 9.2275 
1550000.0 3801.25 25424.0 21010.1788 29837.8212 0.0164 0.0136 0.0193 8.9249 8.6116 9.2381 
1560000.0 3824.875 25635.375 21229.6365 30041.1135 0.0164 0.0136 0.0193 8.9335 8.5546 9.3124 
1570000.0 3847.0 25839.25 21439.0243 30239.4757 0.0165 0.0137 0.0193 9.0241 8.7574 9.2909 
1580000.0 3871.25 26051.0 21637.1075 30464.8925 0.0165 0.0137 0.0193 8.9318 8.6675 9.196 
1590000.0 3895.0 26269.375 21836.058 30702.692 0.0165 0.0137 0.0193 9.0272 8.8429 9.2116 
1600000.0 3919.5 26488.375 22047.4816 30929.2684 0.0166 0.0138 0.0193 9.0201 8.8404 9.1999 
1610000.0 3945.25 26717.75 22263.5317 31171.9683 0.0166 0.0138 0.0194 8.9576 8.6606 9.2547 
1620000.0 3969.375 26926.5 22443.2358 31409.7642 0.0166 0.0139 0.0194 8.8156 8.4574 9.1738 
1630000.0 3992.375 27131.375 22622.1933 31640.5567 0.0166 0.0139 0.0194 8.8004 8.4613 9.1394 
1640000.0 4017.875 27351.625 22817.9722 31885.2778 0.0167 0.0139 0.0194 8.7289 8.3912 9.0665 
1650000.0 4042.5 27566.0 23038.556 32093.444 0.0167 0.014 0.0195 8.7356 8.3447 9.1266 
1660000.0 4065.75 27779.75 23247.1324 32312.3676 0.0167 0.014 0.0195 8.9096 8.5406 9.2787 
1670000.0 4090.625 28004.375 23467.522 32541.228 0.0168 0.0141 0.0195 8.916 8.6194 9.2126 
1680000.0 4115.5 28231.75 23699.4868 32764.0132 0.0168 0.0141 0.0195 8.988 8.7155 9.2605 
1690000.0 4141.25 28463.625 23932.674 32994.576 0.0168 0.0142 0.0195 8.9966 8.7035 9.2898 
1700000.0 4166.625 28697.125 24166.0783 33228.1717 0.0169 0.0142 0.0195 9.056 8.7993 9.3127 
1710000.0 4191.5 28921.0 24366.2181 33475.7819 0.0169 0.0142 0.0196 9.0209 8.7164 9.3253 
1720000.0 4215.75 29133.125 24573.4989 33692.7511 0.0169 0.0143 0.0196 8.9086 8.596 9.2213 
1730000.0 4239.875 29339.75 24779.5228 33899.9772 0.017 0.0143 0.0196 8.759 8.4328 9.0852 
1740000.0 4265.0 29564.125 25002.9671 34125.2829 0.017 0.0144 0.0196 8.8615 8.629 9.094 
1750000.0 4290.375 29792.0 25217.2742 34366.7258 0.017 0.0144 0.0196 8.8774 8.6646 9.0902 
1760000.0 4314.875 30002.125 25417.7846 34586.4654 0.017 0.0144 0.0197 8.8092 8.5523 9.0662 
1770000.0 4339.125 30225.5 25623.804 34827.196 0.0171 0.0145 0.0197 8.9434 8.7381 9.1487 
1780000.0 4363.5 30449.75 25854.8843 35044.6157 0.0171 0.0145 0.0197 9.0259 8.8699 9.1819 
1790000.0 4390.875 30688.875 26083.4947 35294.2553 0.0171 0.0146 0.0197 8.9116 8.6633 9.16 
1800000.0 4415.125 30900.5 26289.6573 35511.3427 0.0172 0.0146 0.0197 8.8121 8.6419 8.9823 
1810000.0 4438.875 31102.625 26489.4869 35715.7631 0.0172 0.0146 0.0197 8.74 8.4244 9.0556 
1820000.0 4462.625 31313.0 26682.9782 35943.0218 0.0172 0.0147 0.0197 8.7828 8.5733 8.9922 
1830000.0 4489.125 31549.875 26925.4645 36174.2855 0.0172 0.0147 0.0198 8.8259 8.5526 9.0992 
1840000.0 4513.75 31772.25 27156.119 36388.381 0.0173 0.0148 0.0198 8.8732 8.5346 9.2119 
1850000.0 4538.25 31986.25 27364.1861 36608.3139 0.0173 0.0148 0.0198 8.8664 8.5774 9.1553 
1860000.0 4563.875 32217.75 27576.2 36859.3 0.0173 0.0148 0.0198 8.9206 8.6677 9.1735 
1870000.0 4589.875 32453.125 27802.3952 37103.8548 0.0174 0.0149 0.0198 8.9164 8.6907 9.1421 
1880000.0 4615.75 32686.625 28033.3828 37339.8672 0.0174 0.0149 0.0199 8.981 8.7529 9.2091 
1890000.0 4641.125 32917.25 28251.0691 37583.4309 0.0174 0.0149 0.0199 9.0283 8.7467 9.3098 
1900000.0 4667.875 33157.375 28486.8612 37827.8888 0.0175 0.015 0.0199 8.9831 8.6178 9.3484 
1910000.0 4694.875 33401.25 28722.9653 38079.5347 0.0175 0.015 0.0199 9.0162 8.7259 9.3066 
1920000.0 4720.75 33634.125 28961.1911 38307.0589 0.0175 0.0151 0.02 9.0042 8.6881 9.3204 
1930000.0 4746.25 33861.0 29168.8478 38553.1522 0.0175 0.0151 0.02 8.9932 8.8215 9.165 
1940000.0 4771.625 34097.125 29390.5201 38803.7299 0.0176 0.0151 0.02 9.1089 8.8297 9.3881 
1950000.0 4795.875 34320.5 29595.7519 39045.2481 0.0176 0.0152 0.02 9.1012 8.8935 9.309 
1960000.0 4821.5 34554.875 29826.0375 39283.7125 0.0176 0.0152 0.02 9.1209 8.8772 9.3645 
1970000.0 4848.625 34797.125 30062.9809 39531.2691 0.0177 0.0153 0.0201 9.0648 8.8092 9.3203 
1980000.0 4874.25 35022.125 30274.2846 39769.9654 0.0177 0.0153 0.0201 8.9738 8.74 9.2075 
1990000.0 4902.0 35271.375 30521.8251 40020.9249 0.0177 0.0153 0.0201 8.9628 8.7225 9.203 
2000000.0 4927.125 35504.375 30741.2791 40267.4709 0.0178 0.0154 0.0201 9.0774 8.9075 9.2473 
2010000.0 4953.125 35740.25 30971.3215 40509.1785 0.0178 0.0154 0.0202 9.0915 8.9825 9.2005 
2020000.0 4980.5 35984.5 31220.0963 40748.9037 0.0178 0.0155 0.0202 9.0558 8.9077 9.2038 
2030000.0 5005.0 36207.125 31449.066 40965.184 0.0178 0.0155 0.0202 9.0275 8.7642 9.2908 
2040000.0 5031.125 36443.875 31676.2422 41211.5078 0.0179 0.0155 0.0202 9.0211 8.8267 9.2156 
2050000.0 5057.125 36676.75 31898.727 41454.773 0.0179 0.0156 0.0202 9.0206 8.8803 9.161 
2060000.0 5082.875 36913.5 32134.7186 41692.2814 0.0179 0.0156 0.0202 9.1164 8.9906 9.2421 
2070000.0 5108.375 37143.625 32373.7947 41913.4553 0.0179 0.0156 0.0202 9.0409 8.8606 9.2212 
2080000.0 5135.875 37390.25 32607.6906 42172.8094 0.018 0.0157 0.0203 9.0536 8.9773 9.13 
2090000.0 5161.75 37618.5 32829.745 42407.255 0.018 0.0157 0.0203 8.9276 8.6997 9.1555 
2100000.0 5187.0 37853.0 33056.6442 42649.3558 0.018 0.0157 0.0203 9.0963 8.907 9.2855 
2110000.0 5211.375 38070.625 33250.0195 42891.2305 0.018 0.0158 0.0203 8.987 8.8179 9.1561 
2120000.0 5236.5 38299.125 33452.8642 43145.3858 0.0181 0.0158 0.0204 9.0574 8.9718 9.143 
2130000.0 5260.5 38520.375 33658.4434 43382.3066 0.0181 0.0158 0.0204 9.1242 8.9615 9.287 
2140000.0 5284.375 38735.875 33840.3453 43631.4047 0.0181 0.0158 0.0204 9.0516 8.8732 9.23 
2150000.0 5310.875 38974.375 34054.5236 43894.2264 0.0181 0.0158 0.0204 9.0326 8.8265 9.2387 
2160000.0 5335.375 39187.875 34266.0788 44109.6712 0.0181 0.0159 0.0204 8.9211 8.6294 9.2128 
2170000.0 5360.625 39410.375 34479.0711 44341.6789 0.0182 0.0159 0.0204 8.8809 8.5684 9.1933 
2180000.0 5384.875 39627.5 34670.8828 44584.1172 0.0182 0.0159 0.0205 8.9108 8.6269 9.1946 
2190000.0 5410.5 39857.875 34892.3555 44823.3945 0.0182 0.0159 0.0205 8.9322 8.7089 9.1556 
2200000.0 5436.5 40081.0 35107.5167 45054.4833 0.0182 0.016 0.0205 8.8195 8.5162 9.1228 
2210000.0 5460.75 40293.625 35289.5955 45297.6545 0.0182 0.016 0.0205 8.7875 8.4825 9.0925 
2220000.0 5486.625 40525.25 35491.6292 45558.8708 0.0183 0.016 0.0205 8.8401 8.5341 9.1461 
2230000.0 5513.25 40768.625 35694.6858 45842.5642 0.0183 0.016 0.0206 8.9781 8.7089 9.2474 
2240000.0 5538.625 40994.5 35879.0188 46109.9812 0.0183 0.016 0.0206 8.9181 8.6181 9.2182 
2250000.0 5565.125 41239.625 36103.5913 46375.6587 0.0183 0.016 0.0206 9.0525 8.8008 9.3042 
2260000.0 5589.125 41460.625 36293.7806 46627.4694 0.0183 0.0161 0.0206 9.0484 8.8166 9.2802 
2270000.0 5614.625 41692.0 36510.3138 46873.6862 0.0184 0.0161 0.0206 9.0794 8.8943 9.2645 
2280000.0 5641.875 41933.375 36728.1217 47138.6283 0.0184 0.0161 0.0207 8.9811 8.7562 9.206 
2290000.0 5665.375 42143.875 36922.5673 47365.1827 0.0184 0.0161 0.0207 8.9589 8.7397 9.178 
2300000.0 5691.375 42380.0 37137.781 47622.219 0.0184 0.0161 0.0207 8.9858 8.7787 9.1928 
2310000.0 5717.125 42614.375 37371.8611 47856.8889 0.0184 0.0162 0.0207 9.0394 8.8732 9.2055 
2320000.0 5742.125 42843.5 37577.5199 48109.4801 0.0185 0.0162 0.0207 9.0875 8.911 9.264 
2330000.0 5766.875 43068.5 37785.5619 48351.4381 0.0185 0.0162 0.0208 9.1146 8.9407 9.2886 
2340000.0 5792.875 43305.125 38020.0754 48590.1746 0.0185 0.0162 0.0208 9.1244 8.9668 9.282 
2350000.0 5817.875 43537.875 38243.8509 48831.8991 0.0185 0.0163 0.0208 9.2029 9.0176 9.3882 
2360000.0 5843.25 43770.25 38467.5801 49072.9199 0.0185 0.0163 0.0208 9.1576 8.8935 9.4217 
2370000.0 5867.75 43994.625 38669.5893 49319.6607 0.0186 0.0163 0.0208 9.1478 8.9223 9.3732 
2380000.0 5894.0 44222.125 38873.9857 49570.2643 0.0186 0.0163 0.0208 8.9929 8.6738 9.312 
2390000.0 5920.625 44465.5 39117.7263 49813.2737 0.0186 0.0164 0.0208 9.0039 8.7741 9.2337 
2400000.0 5945.75 44692.375 39340.9284 50043.8216 0.0186 0.0164 0.0209 9.0018 8.7758 9.2277 
2410000.0 5969.125 44903.125 39552.9515 50253.2985 0.0186 0.0164 0.0209 9.027 8.7652 9.2888 
2420000.0 5994.75 45133.0 39762.0362 50503.9638 0.0186 0.0164 0.0209 8.9779 8.6133 9.3425 
2430000.0 6020.0 45358.25 39983.6531 50732.8469 0.0187 0.0165 0.0209 8.9647 8.7414 9.1881 
2440000.0 6044.625 45578.25 40208.7599 50947.7401 0.0187 0.0165 0.0209 8.9794 8.7799 9.1789 
2450000.0 6070.5 45808.875 40412.7507 51204.9993 0.0187 0.0165 0.0209 8.9178 8.6489 9.1866 
2460000.0 6096.0 46030.875 40626.5393 51435.2107 0.0187 0.0165 0.0209 8.8144 8.607 9.0217 
2470000.0 6120.0 46244.0 40832.2836 51655.7164 0.0187 0.0165 0.0209 8.892 8.6629 9.1211 
2480000.0 6144.5 46461.0 41042.447 51879.553 0.0187 0.0165 0.0209 8.8758 8.6013 9.1502 
2490000.0 6169.125 46683.625 41254.1155 52113.1345 0.0187 0.0166 0.0209 8.9639 8.6415 9.2863 
2500000.0 6193.5 46908.625 41448.7729 52368.4771 0.0188 0.0166 0.0209 9.0058 8.6339 9.3776 
2510000.0 6219.25 47135.875 41654.6728 52617.0772 0.0188 0.0166 0.021 8.9913 8.6913 9.2912 
2520000.0 6244.0 47363.625 41876.0922 52851.1578 0.0188 0.0166 0.021 9.0578 8.7856 9.3299 
2530000.0 6269.125 47591.5 42088.8489 53094.1511 0.0188 0.0166 0.021 9.0214 8.768 9.2748 
2540000.0 6294.125 47812.75 42292.247 53333.253 0.0188 0.0167 0.021 8.962 8.7347 9.1893 
2550000.0 6319.625 48041.75 42528.8432 53554.6568 0.0188 0.0167 0.021 8.9832 8.7672 9.1993 
2560000.0 6344.25 48260.75 42744.1574 53777.3426 0.0189 0.0167 0.021 8.9479 8.7258 9.1699 
2570000.0 6369.25 48486.75 42965.8899 54007.6101 0.0189 0.0167 0.021 8.9732 8.7178 9.2287 
2580000.0 6393.75 48712.375 43191.3275 54233.4225 0.0189 0.0167 0.021 9.0374 8.7051 9.3696 
2590000.0 6419.375 48950.875 43415.1462 54486.6038 0.0189 0.0168 0.021 9.1612 8.9172 9.4053 
2600000.0 6443.625 49173.125 43621.998 54724.252 0.0189 0.0168 0.021 9.1788 8.8811 9.4764 
2610000.0 6469.375 49414.625 43851.583 54977.667 0.0189 0.0168 0.0211 9.2332 8.9575 9.509 
2620000.0 6494.75 49641.25 44079.1344 55203.3656 0.0189 0.0168 0.0211 9.1332 8.7954 9.4711 
2630000.0 6520.625 49879.625 44299.7211 55459.5289 0.019 0.0168 0.0211 9.181 8.9059 9.4561 
2640000.0 6546.375 50115.875 44520.3669 55711.3831 0.019 0.0169 0.0211 9.149 8.8745 9.4235 
2650000.0 6572.75 50353.875 44750.1962 55957.5538 0.019 0.0169 0.0211 9.1004 8.8536 9.3471 
2660000.0 6598.5 50587.25 44964.3818 56210.1182 0.019 0.0169 0.0211 9.0784 8.834 9.3228 
2670000.0 6623.375 50817.125 45190.9727 56443.2773 0.019 0.0169 0.0211 9.1165 8.9187 9.3143 
2680000.0 6648.375 51047.5 45399.62 56695.38 0.019 0.0169 0.0212 9.1518 8.9161 9.3874 
2690000.0 6674.625 51282.375 45611.2874 56953.4626 0.0191 0.017 0.0212 9.0781 8.7296 9.4267 
2700000.0 6699.625 51514.125 45828.0973 57200.1527 0.0191 0.017 0.0212 9.1896 8.8768 9.5025 
2710000.0 6726.125 51752.5 46055.151 57449.849 0.0191 0.017 0.0212 9.073 8.7729 9.3731 
2720000.0 6752.875 52000.875 46295.1017 57706.6483 0.0191 0.017 0.0212 9.1381 8.9381 9.3382 
2730000.0 6778.375 52233.625 46512.2042 57955.0458 0.0191 0.017 0.0212 9.159 8.9798 9.3382 
2740000.0 6803.75 52469.5 46730.6454 58208.3546 0.0191 0.0171 0.0212 9.2295 9.0939 9.3651 
2750000.0 6829.0 52697.875 46947.8031 58447.9469 0.0192 0.0171 0.0213 9.1298 9.0007 9.2588 
2760000.0 6854.75 52937.375 47166.658 58708.092 0.0192 0.0171 0.0213 9.1751 9.0295 9.3207 
2770000.0 6881.0 53177.5 47402.0766 58952.9234 0.0192 0.0171 0.0213 9.172 9.0099 9.3341 
2780000.0 6906.375 53408.625 47629.648 59187.602 0.0192 0.0171 0.0213 9.1431 8.9526 9.3337 
2790000.0 6933.25 53653.25 47861.3651 59445.1349 0.0192 0.0172 0.0213 9.1126 8.9173 9.308 
2800000.0 6959.125 53886.5 48082.7268 59690.2732 0.0192 0.0172 0.0213 9.0785 8.7996 9.3574 
2810000.0 6983.375 54104.875 48290.1298 59919.6202 0.0193 0.0172 0.0213 9.0564 8.8434 9.2694 
2820000.0 7008.375 54337.125 48512.1159 60162.1341 0.0193 0.0172 0.0213 9.1254 8.914 9.3368 
2830000.0 7035.25 54586.875 48750.1108 60423.6392 0.0193 0.0172 0.0214 9.1722 9.006 9.3385 
2840000.0 7060.125 54814.875 48977.6299 60652.1201 0.0193 0.0172 0.0214 9.1803 9.0151 9.3454 
2850000.0 7084.625 55039.875 49197.7214 60882.0286 0.0193 0.0173 0.0214 9.1616 8.9572 9.366 
2860000.0 7109.375 55253.25 49396.1457 61110.3543 0.0193 0.0173 0.0214 9.0276 8.8199 9.2354 
2870000.0 7136.75 55499.625 49632.0735 61367.1765 0.0193 0.0173 0.0214 8.9881 8.7284 9.2478 
2880000.0 7160.5 55717.75 49835.3789 61600.1211 0.0193 0.0173 0.0214 9.0344 8.8371 9.2317 
2890000.0 7185.375 55944.25 50053.8141 61834.6859 0.0194 0.0173 0.0214 9.0186 8.7714 9.2658 
2900000.0 7212.25 56186.5 50290.0974 62082.9026 0.0194 0.0173 0.0214 9.0198 8.75 9.2895 
2910000.0 7237.875 56425.125 50530.9991 62319.2509 0.0194 0.0174 0.0214 9.1407 8.922 9.3595 
2920000.0 7262.875 56655.75 50751.8285 62559.6715 0.0194 0.0174 0.0214 9.1621 8.9309 9.3933 
2930000.0 7289.75 56899.375 50978.8889 62819.8611 0.0194 0.0174 0.0214 9.1644 8.9512 9.3775 
2940000.0 7316.125 57143.25 51210.338 63076.162 0.0194 0.0174 0.0215 9.1872 9.0354 9.3391 
2950000.0 7340.75 57370.25 51428.3624 63312.1376 0.0194 0.0174 0.0215 9.1621 8.9036 9.4206 
2960000.0 7366.75 57614.25 51660.9492 63567.5508 0.0195 0.0175 0.0215 9.2354 9.0397 9.431 
2970000.0 7391.75 57844.75 51877.5121 63811.9879 0.0195 0.0175 0.0215 9.2659 9.12 9.4118 
2980000.0 7417.875 58089.75 52114.8582 64064.6418 0.0195 0.0175 0.0215 9.3196 9.1756 9.4637 
2990000.0 7442.625 58320.625 52330.9053 64310.3447 0.0195 0.0175 0.0215 9.2866 9.1058 9.4675 
3000000.0 7469.75 58570.75 52584.1501 64557.3499 0.0195 0.0175 0.0215 9.247 9.0186 9.4754 
3010000.0 7496.0 58807.5 52808.5868 64806.4132 0.0195 0.0175 0.0215 9.1861 8.9642 9.408 
3020000.0 7522.75 59053.25 53044.9066 65061.5934 0.0196 0.0176 0.0215 9.1911 8.9325 9.4497 
3030000.0 7547.625 59282.5 53266.7899 65298.2101 0.0196 0.0176 0.0216 9.1735 8.8794 9.4676 
3040000.0 7573.5 59518.25 53506.1513 65530.3487 0.0196 0.0176 0.0216 9.1564 8.7707 9.5421 
3050000.0 7598.25 59740.0 53704.5808 65775.4192 0.0196 0.0176 0.0216 9.0699 8.6634 9.4764 
3060000.0 7625.25 59993.125 53942.9096 66043.3404 0.0196 0.0176 0.0216 9.2244 8.9248 9.5239 
3070000.0 7651.375 60236.875 54175.8675 66297.8825 0.0196 0.0176 0.0216 9.2692 9.0088 9.5297 
3080000.0 7677.0 60473.625 54402.8554 66544.3946 0.0196 0.0177 0.0216 9.2115 8.985 9.438 
3090000.0 7701.5 60701.875 54623.838 66779.912 0.0196 0.0177 0.0216 9.2714 9.0465 9.4962 
3100000.0 7727.25 60931.125 54838.1906 67024.0594 0.0197 0.0177 0.0216 9.1584 8.9419 9.3749 
3110000.0 7752.25 61161.75 55062.6677 67260.8323 0.0197 0.0177 0.0216 9.1476 8.8868 9.4085 
3120000.0 7778.0 61397.25 55279.9429 67514.5571 0.0197 0.0177 0.0216 9.1759 9.028 9.3238 
3130000.0 7804.75 61651.5 55514.8051 67788.1949 0.0197 0.0177 0.0217 9.2956 9.2013 9.3899 
3140000.0 7831.375 61894.75 55755.6542 68033.8458 0.0197 0.0178 0.0217 9.2486 9.0639 9.4334 
3150000.0 7857.375 62136.625 55980.5342 68292.7158 0.0197 0.0178 0.0217 9.2476 8.9927 9.5026 
3160000.0 7883.375 62384.375 56212.9322 68555.8178 0.0197 0.0178 0.0217 9.3349 9.1629 9.5068 
3170000.0 7909.625 62621.625 56440.2778 68802.9722 0.0198 0.0178 0.0217 9.2292 9.0843 9.3742 
3180000.0 7936.125 62871.75 56676.2124 69067.2876 0.0198 0.0178 0.0217 9.2861 9.1478 9.4245 
3190000.0 7963.75 63124.625 56914.2359 69335.0141 0.0198 0.0178 0.0217 9.2795 9.1171 9.4419 
3200000.0 7987.375 63346.0 57128.6843 69563.3157 0.0198 0.0179 0.0217 9.2938 9.0967 9.4908 
3210000.0 8014.5 63598.25 57375.5221 69820.9779 0.0198 0.0179 0.0218 9.2626 9.0252 9.5 
3220000.0 8041.25 63845.0 57616.9261 70073.0739 0.0198 0.0179 0.0218 9.2819 9.1423 9.4215 
3230000.0 8068.0 64093.125 57860.7673 70325.4827 0.0198 0.0179 0.0218 9.2769 9.0932 9.4606 
3240000.0 8093.125 64325.5 58077.904 70573.096 0.0199 0.0179 0.0218 9.2254 9.0502 9.4006 
3250000.0 8118.625 64561.875 58293.1113 70830.6387 0.0199 0.0179 0.0218 9.2055 9.0494 9.3616 
3260000.0 8144.625 64799.125 58509.3187 71088.9313 0.0199 0.0179 0.0218 9.2035 9.0348 9.3722 
3270000.0 8170.125 65034.5 58726.1947 71342.8053 0.0199 0.018 0.0218 9.2176 9.0102 9.4251 
3280000.0 8196.875 65283.0 58967.2825 71598.7175 0.0199 0.018 0.0218 9.2512 9.0364 9.4661 
3290000.0 8223.75 65526.125 59192.5649 71859.6851 0.0199 0.018 0.0218 9.1689 8.9453 9.3925 
3300000.0 8250.875 65774.75 59429.8578 72119.6422 0.0199 0.018 0.0219 9.1744 8.9539 9.3948 
3310000.0 8277.75 66025.375 59674.636 72376.114 0.0199 0.018 0.0219 9.2264 9.0515 9.4013 
3320000.0 8305.75 66282.25 59915.8703 72648.6297 0.02 0.018 0.0219 9.2611 9.0734 9.4488 
3330000.0 8332.5 66521.25 60147.9311 72894.5689 0.02 0.0181 0.0219 9.1205 8.8451 9.3959 
3340000.0 8358.125 66759.25 60382.008 73136.492 0.02 0.0181 0.0219 9.1526 8.9125 9.3928 
3350000.0 8383.75 66992.125 60608.811 73375.439 0.02 0.0181 0.0219 9.153 8.9108 9.3952 
3360000.0 8410.0 67233.25 60846.736 73619.764 0.02 0.0181 0.0219 9.1614 8.9438 9.379 
3370000.0 8437.75 67484.375 61081.4832 73887.2668 0.02 0.0181 0.0219 9.1349 8.8542 9.4156 
3380000.0 8464.75 67733.25 61319.6515 74146.8485 0.02 0.0181 0.0219 9.1829 8.9645 9.4013 
3390000.0 8491.625 67981.375 61555.3613 74407.3887 0.0201 0.0182 0.0219 9.2236 9.0438 9.4034 
3400000.0 8517.875 68221.0 61784.5193 74657.4807 0.0201 0.0182 0.022 9.1893 8.9798 9.3987 
3410000.0 8544.375 68459.875 62018.9391 74900.8109 0.0201 0.0182 0.022 9.0984 8.8502 9.3466 
3420000.0 8571.5 68710.75 62259.3452 75162.1548 0.0201 0.0182 0.022 9.1315 8.8906 9.3724 
3430000.0 8600.5 68981.875 62538.9807 75424.7693 0.0201 0.0182 0.022 9.247 9.0105 9.4835 
3440000.0 8629.25 69251.75 62791.1645 75712.3355 0.0201 0.0183 0.022 9.304 9.0418 9.5662 
3450000.0 8656.25 69499.75 63041.7214 75957.7786 0.0201 0.0183 0.022 9.2926 8.9729 9.6124 
3460000.0 8683.0 69747.25 63276.1701 76218.3299 0.0202 0.0183 0.022 9.2698 9.077 9.4625 
3470000.0 8709.375 69992.25 63511.55 76472.95 0.0202 0.0183 0.022 9.262 9.0458 9.4782 
3480000.0 8736.75 70243.0 63750.1433 76735.8567 0.0202 0.0183 0.0221 9.2136 9.0267 9.4006 
3490000.0 8764.25 70497.375 63993.6578 77001.0922 0.0202 0.0183 0.0221 9.2585 9.0185 9.4985 
3500000.0 8791.375 70748.875 64244.8816 77252.8684 0.0202 0.0184 0.0221 9.2212 9.037 9.4055 
3510000.0 8818.625 71005.625 64502.0065 77509.2435 0.0202 0.0184 0.0221 9.304 9.0789 9.5291 
3520000.0 8846.0 71250.875 64735.8237 77765.9263 0.0202 0.0184 0.0221 9.1905 8.9208 9.4602 
3530000.0 8872.125 71497.25 64982.788 78011.712 0.0203 0.0184 0.0221 9.2635 8.9442 9.5828 
3540000.0 8899.375 71747.625 65214.6462 78280.6038 0.0203 0.0184 0.0221 9.2305 8.9268 9.5342 
3550000.0 8925.875 71985.75 65460.1187 78511.3813 0.0203 0.0184 0.0221 9.1106 8.7153 9.506 
3560000.0 8951.875 72231.5 65711.4868 78751.5132 0.0203 0.0185 0.0221 9.2551 8.9578 9.5524 
3570000.0 8979.125 72482.5 65956.9346 79008.0654 0.0203 0.0185 0.0221 9.2525 9.014 9.491 
3580000.0 9005.875 72733.75 66192.43 79275.07 0.0203 0.0185 0.0221 9.3118 9.0688 9.5547 
3590000.0 9033.75 72996.125 66442.8114 79549.4386 0.0203 0.0185 0.0222 9.346 9.1208 9.5712 
3600000.0 9060.25 73239.25 66671.1851 79807.3149 0.0203 0.0185 0.0222 9.2572 8.9686 9.5459 
3610000.0 9087.125 73486.5 66914.657 80058.343 0.0204 0.0185 0.0222 9.2158 8.9618 9.4697 
3620000.0 9114.375 73737.0 67140.2737 80333.7263 0.0204 0.0185 0.0222 9.2308 8.9358 9.5257 
3630000.0 9141.375 73980.25 67378.8384 80581.6616 0.0204 0.0186 0.0222 9.123 8.8345 9.4115 
3640000.0 9167.75 74225.5 67613.4604 80837.5396 0.0204 0.0186 0.0222 9.1739 8.8268 9.521 
3650000.0 9192.625 74452.125 67827.0108 81077.2392 0.0204 0.0186 0.0222 9.147 8.9078 9.3862 
3660000.0 9220.0 74701.25 68058.1287 81344.3713 0.0204 0.0186 0.0222 9.1412 8.8349 9.4476 
3670000.0 9245.125 74937.75 68280.4007 81595.0993 0.0204 0.0186 0.0222 9.24 9.0116 9.4684 
3680000.0 9272.5 75188.5 68512.507 81864.493 0.0204 0.0186 0.0222 9.1858 8.8806 9.4909 
3690000.0 9299.375 75436.125 68745.8614 82126.3886 0.0204 0.0186 0.0223 9.1849 8.9269 9.4428 
3700000.0 9326.25 75691.875 68995.588 82388.162 0.0205 0.0186 0.0223 9.2825 9.1263 9.4387 
3710000.0 9353.5 75940.5 69218.4805 82662.5195 0.0205 0.0187 0.0223 9.2634 9.1301 9.3966 
3720000.0 9378.625 76181.0 69453.5624 82908.4376 0.0205 0.0187 0.0223 9.3626 9.2301 9.4951 
3730000.0 9406.0 76434.5 69698.1851 83170.8149 0.0205 0.0187 0.0223 9.32 9.1729 9.4671 
3740000.0 9432.125 76676.5 69909.3428 83443.6572 0.0205 0.0187 0.0223 9.296 9.0872 9.5048 
3750000.0 9460.375 76945.375 70165.5571 83725.1929 0.0205 0.0187 0.0223 9.3506 9.1683 9.533 
3760000.0 9488.0 77200.25 70401.1515 83999.3485 0.0205 0.0187 0.0223 9.3095 9.0981 9.5209 
3770000.0 9514.875 77450.25 70640.3617 84260.1383 0.0205 0.0187 0.0224 9.3227 9.1708 9.4747 
3780000.0 9541.875 77699.375 70878.1177 84520.6323 0.0206 0.0188 0.0224 9.2779 9.1093 9.4465 
3790000.0 9569.125 77950.125 71108.9626 84791.2874 0.0206 0.0188 0.0224 9.244 8.9688 9.5192 
3800000.0 9594.875 78188.125 71337.7502 85038.4998 0.0206 0.0188 0.0224 9.2585 9.0471 9.4699 
3810000.0 9622.5 78444.625 71578.9671 85310.2829 0.0206 0.0188 0.0224 9.2859 9.066 9.5058 
3820000.0 9649.375 78696.125 71799.2003 85593.0497 0.0206 0.0188 0.0224 9.3186 9.1715 9.4657 
3830000.0 9677.375 78961.0 72054.1668 85867.8332 0.0206 0.0188 0.0224 9.3855 9.1895 9.5815 
3840000.0 9703.375 79201.0 72289.5825 86112.4175 0.0206 0.0188 0.0224 9.3038 9.1342 9.4733 
3850000.0 9730.75 79452.25 72519.2951 86385.2049 0.0206 0.0188 0.0224 9.2472 9.0602 9.4343 
3860000.0 9758.875 79705.75 72767.5285 86643.9715 0.0206 0.0189 0.0224 9.1708 8.9171 9.4244 
3870000.0 9784.5 79938.375 72982.6523 86894.0977 0.0207 0.0189 0.0225 9.1159 8.8463 9.3854 
3880000.0 9811.625 80187.0 73232.816 87141.184 0.0207 0.0189 0.0225 9.146 8.8595 9.4325 
3890000.0 9836.625 80420.0 73469.3282 87370.6718 0.0207 0.0189 0.0225 9.2518 9.0416 9.4619 
3900000.0 9863.0 80668.125 73704.917 87631.333 0.0207 0.0189 0.0225 9.2929 9.1163 9.4694 
3910000.0 9891.875 80938.125 73969.098 87907.152 0.0207 0.0189 0.0225 9.3405 9.2036 9.4774 
3920000.0 9917.5 81178.375 74200.6127 88156.1373 0.0207 0.0189 0.0225 9.3398 9.1628 9.5167 
3930000.0 9942.5 81416.5 74433.5543 88399.4457 0.0207 0.0189 0.0225 9.412 9.2341 9.5899 
3940000.0 9968.75 81661.125 74671.4394 88650.8106 0.0207 0.019 0.0225 9.3716 9.2308 9.5124 
3950000.0 9994.0 81897.75 74898.0945 88897.4055 0.0207 0.019 0.0225 9.3327 9.1499 9.5156 
3960000.0 10019.0 82127.125 75125.67 89128.58 0.0207 0.019 0.0225 9.2945 9.0701 9.5189 
3970000.0 10047.0 82391.75 75363.2779 89420.2221 0.0208 0.019 0.0225 9.35 9.1714 9.5286 
3980000.0 10074.5 82651.25 75594.9691 89707.5309 0.0208 0.019 0.0225 9.3539 9.1884 9.5194 
3990000.0 10101.125 82898.75 75822.5873 89974.9127 0.0208 0.019 0.0226 9.3503 9.1716 9.5289 
4000000.0 10128.5 83155.125 76065.7713 90244.4787 0.0208 0.019 0.0226 9.3308 9.1295 9.532 
