10000 12 162.351 -7.0 -0.145 0.4747 0 0 0 
20000 23 315.961 -14.0 -0.241 0.921 0 0 0 
30000 152 79.548 -48.0 -0.268 0.4079 0 0 0 
40000 223 144.543 2.0 0.599 0.821 0 0 0 
50000 241 274.245 67.0 1.506 1.5481 0 0 0 
60000 278 275.595 112.0 1.351 1.5615 0 0 0 
70000 325 230.954 178.0 1.324 1.3159 0 0 0 
80000 348 302.47 242.0 1.939 1.7241 0 0 0 
90000 372 350.304 309.0 2.312 2.0 0 0 0 
100000 388 419.31 380.0 2.825 2.381 0 0 0 
110000 403 485.257 450.0 3.348 2.7495 0 0 0 
120000 417 529.634 531.0 3.803 2.9907 0 0 0 
130000 434 552.779 596.0 3.858 3.1136 0 0 0 
140000 449 583.183 670.0 4.239 3.2667 0 0 0 
150000 464 597.957 741.0 4.362 3.3342 0 0 0 
160000 479 627.47 805.0 4.39 3.5172 0 0 0 
170000 494 620.948 888.0 4.504 3.4659 0 0 0 
180000 507 661.486 965.0 4.879 3.6805 0 0 0 
190000 523 654.127 1036.0 4.792 3.6376 0 0 0 
200000 536 681.086 1123.0 5.21 3.7703 0 0 0 
210000 552 664.683 1216.0 5.442 3.6726 0 0 0 
220000 568 637.091 1325.0 5.756 3.5399 0 0 0 
230000 582 658.352 1424.0 6.046 3.6948 0 0 0 
240000 601 619.941 1574.0 6.723 3.4816 0 0 0 
250000 616 631.588 1674.0 6.629 3.5344 0 0 0 
260000 636 588.793 1798.0 6.532 3.2786 0 0 0 
270000 654 579.088 1915.0 6.561 3.2152 0 0 0 
280000 685 451.644 2064.0 5.632 2.5085 0 0 0 
290000 721 348.306 2204.0 4.478 1.9421 0 0 0 
300000 747 368.706 2377.0 5.47 2.048 0 0 0 
310000 766 412.212 2501.0 5.775 2.2921 0 0 0 
320000 805 334.511 2676.0 5.236 1.8639 0 0 0 
330000 833 336.5 2840.0 5.487 1.8754 0 0 0 
340000 862 340.277 3000.0 5.423 1.8939 0 0 0 
350000 895 320.224 3222.0 6.067 1.7804 0 0 0 
360000 919 351.363 3417.0 6.805 1.9516 0 0 0 
370000 946 358.835 3626.0 7.203 1.9968 0 0 0 
380000 973 364.09 3840.0 7.513 2.0247 0 0 0 
390000 996 389.234 4055.0 8.204 2.1598 0 0 0 
400000 1023 377.1 4237.0 7.568 2.0935 0 0 0 
410000 1048 387.531 4383.0 6.855 2.1531 0 0 0 
420000 1071 406.789 4575.0 7.456 2.2468 0 0 0 
430000 1099 383.756 4754.0 6.915 2.1226 0 0 0 
440000 1126 380.908 4927.0 6.689 2.0982 0 0 0 
450000 1156 362.92 5087.0 6.064 1.9841 0 0 0 
460000 1177 397.242 5212.0 6.06 2.1537 0 0 0 
470000 1199 410.049 5367.0 6.31 2.2149 0 0 0 
480000 1225 402.085 5557.0 6.76 2.1691 0 0 0 
490000 1252 389.014 5766.0 7.148 2.1039 0 0 0 
500000 1280 371.267 5995.0 7.568 2.0144 0 0 0 
510000 1306 381.828 6198.0 7.79 2.0799 0 0 0 
520000 1333 371.531 6402.0 7.64 2.0114 0 0 0 
530000 1358 376.788 6597.0 7.57 2.0463 0 0 0 
540000 1384 380.54 6820.0 8.02 2.0764 0 0 0 
550000 1412 368.543 7057.0 8.163 2.0112 0 0 0 
560000 1433 405.466 7226.0 8.093 2.2094 0 0 0 
570000 1459 395.067 7471.0 8.671 2.1591 0 0 0 
580000 1486 374.386 7670.0 8.093 2.0496 0 0 0 
590000 1515 353.205 7921.0 8.339 1.9436 0 0 0 
600000 1540 379.303 8133.0 8.479 2.0976 0 0 0 
610000 1563 393.412 8348.0 8.718 2.2227 0 0 0 
620000 1588 389.491 8583.0 8.932 2.2075 0 0 0 
630000 1614 390.881 8804.0 8.784 2.1985 0 0 0 
640000 1636 410.225 9006.0 8.894 2.2971 0 0 0 
650000 1658 433.025 9161.0 8.296 2.4297 0 0 0 
660000 1683 416.55 9381.0 8.481 2.3301 0 0 0 
670000 1704 436.815 9549.0 8.283 2.4443 0 0 0 
680000 1727 436.777 9748.0 8.454 2.4408 0 0 0 
690000 1754 409.81 9968.0 8.338 2.2859 0 0 0 
700000 1779 404.357 10157.0 8.019 2.2301 0 0 0 
710000 1804 398.895 10383.0 8.351 2.1913 0 0 0 
720000 1830 390.109 10593.0 8.274 2.1738 0 0 0 
730000 1858 377.372 10818.0 8.15 2.1035 0 0 0 
740000 1883 382.68 11050.0 8.561 2.1226 0 0 0 
750000 1907 389.873 11282.0 8.947 2.1623 0 0 0 
760000 1930 414.332 11483.0 8.966 2.3065 0 0 0 
770000 1958 381.674 11690.0 8.34 2.1368 0 0 0 
780000 1980 416.912 11871.0 8.222 2.346 0 0 0 
790000 2007 400.565 12093.0 8.279 2.2629 0 0 0 
800000 2031 403.135 12302.0 8.335 2.2814 0 0 0 
810000 2054 419.805 12512.0 8.71 2.3756 0 0 0 
820000 2079 411.925 12726.0 8.586 2.3318 0 0 0 
830000 2106 392.641 12965.0 8.684 2.2175 0 0 0 
840000 2125 424.13 13128.0 8.593 2.3904 0 0 0 
850000 2145 455.857 13280.0 8.31 2.582 0 0 0 
860000 2174 404.827 13512.0 8.216 2.3148 0 0 0 
870000 2196 423.116 13726.0 8.727 2.4237 0 0 0 
880000 2219 425.918 13936.0 8.976 2.444 0 0 0 
890000 2243 420.171 14148.0 8.84 2.426 0 0 0 
900000 2267 426.632 14332.0 8.557 2.4575 0 0 0 
910000 2295 392.99 14580.0 8.604 2.2709 0 0 0 
920000 2324 372.488 14819.0 8.405 2.1527 0 0 0 
930000 2349 380.067 15028.0 8.385 2.1897 0 0 0 
940000 2373 391.158 15217.0 8.224 2.2555 0 0 0 
950000 2401 376.368 15445.0 8.26 2.1712 0 0 0 
960000 2432 346.618 15667.0 7.648 1.9917 0 0 0 
970000 2456 369.07 15850.0 7.594 2.1059 0 0 0 
980000 2483 374.502 16087.0 8.159 2.1219 0 0 0 
990000 2509 375.685 16302.0 8.191 2.1208 0 0 0 
1000000 2537 365.166 16537.0 8.301 2.059 0 0 0 
1010000 2561 392.337 16737.0 8.463 2.1964 0 0 0 
1020000 2593 350.517 16988.0 8.041 1.9648 0 0 0 
1030000 2620 354.614 17227.0 8.328 1.989 0 0 0 
1040000 2645 379.42 17418.0 8.162 2.1245 0 0 0 
1050000 2668 400.605 17616.0 8.284 2.2236 0 0 0 
1060000 2693 398.018 17836.0 8.381 2.1972 0 0 0 
1070000 2721 384.397 18042.0 8.03 2.1193 0 0 0 
1080000 2744 398.443 18244.0 8.251 2.1989 0 0 0 
1090000 2767 407.589 18464.0 8.632 2.2584 0 0 0 
1100000 2791 418.394 18645.0 8.335 2.3112 0 0 0 
1110000 2820 380.824 18886.0 8.259 2.1023 0 0 0 
1120000 2848 375.095 19121.0 8.389 2.0668 0 0 0 
1130000 2873 390.269 19317.0 8.193 2.1517 0 0 0 
1140000 2893 418.784 19493.0 8.251 2.3025 0 0 0 
1150000 2921 398.525 19721.0 8.336 2.191 0 0 0 
1160000 2952 360.84 19963.0 8.141 1.9757 0 0 0 
1170000 2982 347.952 20225.0 8.302 1.9152 0 0 0 
1180000 3010 347.697 20432.0 7.823 1.9258 0 0 0 
1190000 3039 345.704 20638.0 7.499 1.9002 0 0 0 
1200000 3070 334.159 20862.0 7.456 1.8308 0 0 0 
1210000 3100 324.515 21082.0 7.256 1.7761 0 0 0 
1220000 3125 357.03 21304.0 7.862 1.9508 0 0 0 
1230000 3152 358.132 21509.0 7.852 1.9508 0 0 0 
1240000 3177 378.304 21690.0 7.51 2.1118 0 0 0 
1250000 3205 373.99 21950.0 8.296 2.1159 0 0 0 
1260000 3226 405.096 22160.0 8.822 2.2984 0 0 0 
1270000 3252 397.05 22386.0 8.805 2.2302 0 0 0 
1280000 3276 413.879 22576.0 8.54 2.3101 0 0 0 
1290000 3299 419.319 22776.0 8.553 2.3287 0 0 0 
1300000 3325 406.754 22978.0 8.238 2.2547 0 0 0 
1310000 3348 417.595 23177.0 8.363 2.3066 0 0 0 
1320000 3375 400.773 23411.0 8.618 2.2157 0 0 0 
1330000 3397 423.33 23597.0 8.555 2.3431 0 0 0 
1340000 3417 446.601 23772.0 8.495 2.4456 0 0 0 
1350000 3442 425.986 23981.0 8.465 2.3201 0 0 0 
1360000 3464 438.542 24169.0 8.533 2.3749 0 0 0 
1370000 3485 455.216 24336.0 8.426 2.4617 0 0 0 
1380000 3506 456.207 24538.0 8.715 2.463 0 0 0 
1390000 3527 460.367 24730.0 8.83 2.4857 0 0 0 
1400000 3550 456.139 24912.0 8.637 2.4667 0 0 0 
1410000 3571 460.837 25105.0 8.814 2.493 0 0 0 
1420000 3591 478.888 25275.0 8.664 2.5888 0 0 0 
1430000 3609 495.809 25434.0 8.677 2.6824 0 0 0 
1440000 3634 461.666 25649.0 8.836 2.5013 0 0 0 
1450000 3654 475.718 25810.0 8.603 2.5875 0 0 0 
1460000 3676 465.663 26004.0 8.604 2.5389 0 0 0 
1470000 3696 471.298 26174.0 8.526 2.5667 0 0 0 
1480000 3718 474.881 26362.0 8.528 2.5865 0 0 0 
1490000 3738 489.56 26542.0 8.826 2.6622 0 0 0 
1500000 3760 473.184 26745.0 8.95 2.576 0 0 0 
1510000 3781 474.158 26934.0 8.887 2.5894 0 0 0 
1520000 3801 480.844 27110.0 8.865 2.6121 0 0 0 
1530000 3826 441.383 27314.0 8.568 2.3955 0 0 0 
1540000 3847 447.718 27505.0 8.752 2.4228 0 0 0 
1550000 3870 443.123 27712.0 8.858 2.3955 0 0 0 
1560000 3889 471.525 27870.0 8.665 2.5483 0 0 0 
1570000 3907 499.933 28029.0 8.782 2.6871 0 0 0 
1580000 3929 485.645 28224.0 8.921 2.6066 0 0 0 
1590000 3948 489.47 28399.0 8.893 2.6263 0 0 0 
1600000 3968 496.015 28558.0 8.605 2.6641 0 0 0 
1610000 3990 478.696 28733.0 8.331 2.5914 0 0 0 
1620000 4012 477.188 28916.0 8.488 2.6192 0 0 0 
1630000 4030 494.422 29088.0 8.698 2.7308 0 0 0 
1640000 4056 443.152 29315.0 8.662 2.4492 0 0 0 
1650000 4070 506.694 29413.0 8.279 2.8065 0 0 0 
1660000 4090 516.859 29590.0 8.57 2.8626 0 0 0 
1670000 4113 482.55 29799.0 8.683 2.676 0 0 0 
1680000 4130 515.057 29947.0 8.763 2.8569 0 0 0 
1690000 4149 514.63 30116.0 8.782 2.8665 0 0 0 
1700000 4169 510.759 30291.0 8.82 2.8574 0 0 0 
1710000 4189 499.838 30466.0 8.687 2.8086 0 0 0 
1720000 4209 505.702 30649.0 8.838 2.8142 0 0 0 
1730000 4228 513.259 30811.0 8.822 2.8455 0 0 0 
1740000 4250 491.592 31013.0 8.936 2.7182 0 0 0 
1750000 4272 480.856 31205.0 8.832 2.6473 0 0 0 
1760000 4291 493.638 31385.0 9.032 2.7054 0 0 0 
1770000 4312 485.147 31575.0 9.018 2.662 0 0 0 
1780000 4333 491.488 31762.0 9.053 2.6902 0 0 0 
1790000 4357 460.796 31966.0 8.856 2.5221 0 0 0 
1800000 4375 480.074 32130.0 8.914 2.6235 0 0 0 
1810000 4397 479.817 32308.0 8.645 2.63 0 0 0 
1820000 4420 461.991 32525.0 8.881 2.5327 0 0 0 
1830000 4437 491.911 32671.0 8.743 2.681 0 0 0 
1840000 4456 499.947 32843.0 8.84 2.7266 0 0 0 
1850000 4481 468.044 33063.0 8.893 2.5589 0 0 0 
1860000 4504 456.308 33270.0 8.859 2.497 0 0 0 
1870000 4527 444.359 33466.0 8.699 2.4251 0 0 0 
1880000 4549 452.482 33649.0 8.626 2.4836 0 0 0 
1890000 4568 475.229 33812.0 8.601 2.6061 0 0 0 
1900000 4589 467.24 34018.0 8.894 2.5528 0 0 0 
1910000 4612 453.965 34226.0 8.976 2.4798 0 0 0 
1920000 4637 438.845 34431.0 8.745 2.397 0 0 0 
1930000 4659 440.124 34629.0 8.707 2.4069 0 0 0 
1940000 4678 461.787 34782.0 8.462 2.5245 0 0 0 
1950000 4701 459.981 34985.0 8.662 2.5202 0 0 0 
1960000 4727 420.497 35220.0 8.69 2.292 0 0 0 
1970000 4752 414.403 35432.0 8.591 2.2623 0 0 0 
1980000 4772 441.007 35612.0 8.755 2.3967 0 0 0 
1990000 4794 452.609 35811.0 8.92 2.4505 0 0 0 
2000000 4815 450.436 36005.0 8.941 2.4341 0 0 0 
2010000 4836 461.441 36201.0 9.119 2.499 0 0 0 
2020000 4859 448.622 36401.0 8.935 2.4301 0 0 0 
2030000 4882 445.91 36614.0 9.095 2.4105 0 0 0 
2040000 4900 477.921 36765.0 8.751 2.5869 0 0 0 
2050000 4924 451.989 36983.0 8.936 2.4473 0 0 0 
2060000 4946 456.829 37176.0 8.948 2.4666 0 0 0 
2070000 4971 428.879 37406.0 8.891 2.3315 0 0 0 
2080000 4994 429.827 37614.0 8.971 2.3479 0 0 0 
2090000 5014 450.923 37797.0 9.009 2.4719 0 0 0 
2100000 5037 455.471 38012.0 9.229 2.4857 0 0 0 
2110000 5060 444.482 38217.0 9.052 2.4291 0 0 0 
2120000 5084 437.532 38424.0 9.074 2.3913 0 0 0 
2130000 5110 411.214 38679.0 9.239 2.2466 0 0 0 
2140000 5132 425.253 38873.0 9.125 2.3387 0 0 0 
2150000 5157 409.521 39100.0 9.073 2.265 0 0 0 
2160000 5182 411.861 39321.0 8.996 2.2514 0 0 0 
2170000 5206 415.831 39529.0 9.015 2.273 0 0 0 
2180000 5230 412.502 39749.0 8.941 2.2565 0 0 0 
2190000 5259 381.478 39991.0 8.747 2.0823 0 0 0 
2200000 5285 377.925 40220.0 8.665 2.0542 0 0 0 
2210000 5306 422.674 40398.0 8.723 2.2957 0 0 0 
2220000 5327 432.688 40602.0 8.966 2.3501 0 0 0 
2230000 5353 416.456 40846.0 9.205 2.2586 0 0 0 
2240000 5375 432.433 41033.0 8.996 2.3421 0 0 0 
2250000 5398 433.055 41250.0 9.089 2.3462 0 0 0 
2260000 5422 423.035 41477.0 9.196 2.3109 0 0 0 
2270000 5447 420.361 41703.0 9.141 2.3091 0 0 0 
2280000 5471 413.605 41919.0 9.125 2.2633 0 0 0 
2290000 5495 421.355 42128.0 9.083 2.292 0 0 0 
2300000 5520 401.904 42378.0 9.301 2.18 0 0 0 
2310000 5540 436.006 42562.0 9.328 2.3499 0 0 0 
2320000 5566 413.96 42793.0 9.127 2.2303 0 0 0 
2330000 5589 418.288 42992.0 8.944 2.259 0 0 0 
2340000 5614 414.579 43222.0 9.09 2.2446 0 0 0 
2350000 5635 434.866 43415.0 9.212 2.3573 0 0 0 
2360000 5658 432.155 43638.0 9.342 2.341 0 0 0 
2370000 5686 399.553 43891.0 9.228 2.1665 0 0 0 
2380000 5709 416.513 44098.0 9.208 2.2569 0 0 0 
2390000 5735 396.289 44352.0 9.278 2.1534 0 0 0 
2400000 5762 392.656 44577.0 8.954 2.1303 0 0 0 
2410000 5784 417.911 44781.0 9.125 2.2665 0 0 0 
2420000 5806 426.527 44988.0 9.142 2.312 0 0 0 
2430000 5828 440.004 45162.0 8.844 2.3977 0 0 0 
2440000 5853 419.795 45398.0 8.977 2.2856 0 0 0 
2450000 5877 418.275 45613.0 8.915 2.2851 0 0 0 
2460000 5903 404.647 45840.0 8.836 2.21 0 0 0 
2470000 5926 420.53 46047.0 9.054 2.2916 0 0 0 
2480000 5949 424.175 46256.0 9.047 2.311 0 0 0 
2490000 5972 421.265 46488.0 9.331 2.2941 0 0 0 
2500000 5997 406.814 46725.0 9.384 2.2256 0 0 0 
2510000 6025 392.365 46983.0 9.41 2.1617 0 0 0 
2520000 6051 391.656 47228.0 9.427 2.1566 0 0 0 
2530000 6076 390.532 47474.0 9.533 2.1588 0 0 0 
2540000 6101 398.034 47683.0 9.071 2.1985 0 0 0 
2550000 6126 393.606 47915.0 9.17 2.1763 0 0 0 
2560000 6147 421.541 48096.0 8.974 2.3343 0 0 0 
2570000 6171 417.384 48312.0 9.04 2.3177 0 0 0 
2580000 6191 450.475 48506.0 9.155 2.4923 0 0 0 
2590000 6214 441.602 48718.0 9.24 2.4438 0 0 0 
2600000 6234 463.474 48905.0 9.27 2.5579 0 0 0 
2610000 6258 443.397 49133.0 9.354 2.4521 0 0 0 
2620000 6279 445.547 49312.0 9.088 2.4616 0 0 0 
2630000 6301 451.186 49511.0 8.991 2.4953 0 0 0 
2640000 6325 437.211 49724.0 8.966 2.422 0 0 0 
2650000 6347 447.071 49922.0 9.029 2.4703 0 0 0 
2660000 6368 459.711 50115.0 9.141 2.5119 0 0 0 
2670000 6392 439.622 50342.0 9.125 2.397 0 0 0 
2680000 6417 419.214 50557.0 8.92 2.2959 0 0 0 
2690000 6439 432.546 50763.0 9.071 2.3764 0 0 0 
2700000 6465 411.468 51008.0 9.228 2.2605 0 0 0 
2710000 6488 424.948 51180.0 8.638 2.3549 0 0 0 
2720000 6512 416.939 51406.0 8.854 2.308 0 0 0 
2730000 6535 424.622 51618.0 8.975 2.3509 0 0 0 
2740000 6555 451.891 51800.0 9.026 2.4923 0 0 0 
2750000 6578 442.481 52001.0 8.87 2.4468 0 0 0 
2760000 6596 474.658 52160.0 8.848 2.6294 0 0 0 
2770000 6618 465.739 52352.0 8.841 2.5712 0 0 0 
2780000 6636 495.473 52508.0 8.837 2.7352 0 0 0 
2790000 6659 471.187 52707.0 8.739 2.6045 0 0 0 
2800000 6683 444.536 52910.0 8.576 2.4513 0 0 0 
2810000 6704 458.74 53101.0 8.904 2.5148 0 0 0 
2820000 6729 430.391 53334.0 8.938 2.3587 0 0 0 
2830000 6754 422.483 53551.0 8.968 2.3194 0 0 0 
2840000 6771 464.148 53716.0 9.041 2.5466 0 0 0 
2850000 6794 444.155 53923.0 9.034 2.4407 0 0 0 
2860000 6823 411.734 54159.0 8.732 2.267 0 0 0 
2870000 6849 403.398 54373.0 8.536 2.226 0 0 0 
2880000 6867 447.921 54532.0 8.57 2.4562 0 0 0 
2890000 6890 439.256 54727.0 8.414 2.402 0 0 0 
2900000 6916 412.285 54952.0 8.506 2.261 0 0 0 
2910000 6938 428.099 55149.0 8.679 2.3382 0 0 0 
2920000 6964 409.452 55374.0 8.672 2.2257 0 0 0 
2930000 6989 409.762 55591.0 8.743 2.2065 0 0 0 
2940000 7012 416.466 55801.0 8.925 2.236 0 0 0 
2950000 7028 474.941 55943.0 8.748 2.5533 0 0 0 
2960000 7052 449.068 56161.0 8.88 2.419 0 0 0 
2970000 7075 445.828 56365.0 8.975 2.4207 0 0 0 
2980000 7099 435.046 56595.0 9.25 2.3615 0 0 0 
2990000 7118 459.025 56779.0 9.278 2.4989 0 0 0 
3000000 7142 443.817 57002.0 9.303 2.436 0 0 0 
3010000 7168 422.253 57241.0 9.298 2.3433 0 0 0 
3020000 7190 425.826 57428.0 8.915 2.3668 0 0 0 
3030000 7209 463.385 57599.0 8.963 2.5933 0 0 0 
3040000 7235 425.495 57849.0 9.17 2.3771 0 0 0 
3050000 7255 453.984 58018.0 8.963 2.5236 0 0 0 
3060000 7276 456.006 58218.0 9.156 2.5238 0 0 0 
3070000 7296 472.801 58397.0 9.128 2.617 0 0 0 
3080000 7319 458.531 58598.0 8.983 2.5347 0 0 0 
3090000 7341 458.493 58805.0 9.151 2.5223 0 0 0 
3100000 7364 453.667 59006.0 9.141 2.5235 0 0 0 
3110000 7390 422.406 59254.0 9.211 2.3708 0 0 0 
3120000 7413 427.234 59459.0 9.135 2.3838 0 0 0 
3130000 7438 412.758 59707.0 9.386 2.3375 0 0 0 
3140000 7467 386.727 59972.0 9.362 2.2117 0 0 0 
3150000 7489 409.742 60187.0 9.432 2.3515 0 0 0 
3160000 7511 423.931 60404.0 9.572 2.4134 0 0 0 
3170000 7535 425.841 60618.0 9.441 2.3723 0 0 0 
3180000 7563 395.457 60882.0 9.436 2.1845 0 0 0 
3190000 7586 402.542 61102.0 9.373 2.2155 0 0 0 
3200000 7604 452.492 61259.0 9.31 2.4757 0 0 0 
3210000 7626 446.884 61484.0 9.509 2.443 0 0 0 
3220000 7648 456.1 61682.0 9.402 2.4859 0 0 0 
3230000 7675 425.546 61926.0 9.333 2.3112 0 0 0 
3240000 7691 473.071 62062.0 9.03 2.5728 0 0 0 
3250000 7715 442.742 62286.0 9.059 2.4141 0 0 0 
3260000 7738 442.528 62503.0 9.24 2.4111 0 0 0 
3270000 7763 429.068 62721.0 9.119 2.3369 0 0 0 
3280000 7790 400.867 62979.0 9.21 2.1798 0 0 0 
3290000 7816 399.898 63212.0 9.115 2.176 0 0 0 
3300000 7843 389.017 63467.0 9.196 2.1179 0 0 0 
3310000 7870 381.903 63722.0 9.347 2.1004 0 0 0 
3320000 7896 384.775 63964.0 9.378 2.1269 0 0 0 
3330000 7923 369.111 64222.0 9.411 2.0407 0 0 0 
3340000 7947 386.659 64453.0 9.454 2.1414 0 0 0 
3350000 7972 396.635 64693.0 9.535 2.1976 0 0 0 
3360000 7998 390.553 64931.0 9.373 2.1685 0 0 0 
3370000 8024 385.239 65149.0 9.042 2.1427 0 0 0 
3380000 8051 378.623 65405.0 9.26 2.0968 0 0 0 
3390000 8075 394.136 65645.0 9.507 2.1838 0 0 0 
3400000 8101 392.873 65874.0 9.272 2.1681 0 0 0 
3410000 8124 403.541 66105.0 9.457 2.2261 0 0 0 
3420000 8151 391.74 66351.0 9.31 2.1598 0 0 0 
3430000 8178 386.125 66610.0 9.472 2.1235 0 0 0 
3440000 8204 383.58 66858.0 9.449 2.1247 0 0 0 
3450000 8233 363.47 67137.0 9.543 2.041 0 0 0 
3460000 8263 350.519 67410.0 9.343 1.9498 0 0 0 
3470000 8287 372.464 67642.0 9.36 2.0623 0 0 0 
3480000 8314 375.295 67888.0 9.284 2.0713 0 0 0 
3490000 8339 388.068 68128.0 9.343 2.132 0 0 0 
3500000 8364 388.467 68344.0 9.045 2.1391 0 0 0 
3510000 8393 366.376 68600.0 9.001 2.0112 0 0 0 
3520000 8416 394.19 68808.0 9.021 2.1476 0 0 0 
3530000 8445 370.476 69080.0 9.19 2.0129 0 0 0 
3540000 8468 398.739 69285.0 9.089 2.155 0 0 0 
3550000 8492 401.253 69507.0 9.157 2.1686 0 0 0 
3560000 8518 381.25 69748.0 9.268 2.0604 0 0 0 
3570000 8548 368.235 69999.0 8.967 1.9889 0 0 0 
3580000 8571 389.069 70217.0 9.061 2.1306 0 0 0 
3590000 8595 405.957 70422.0 8.937 2.2564 0 0 0 
3600000 8625 370.235 70694.0 9.01 2.0732 0 0 0 
3610000 8652 368.305 70955.0 9.207 2.0745 0 0 0 
3620000 8679 374.142 71204.0 9.299 2.1353 0 0 0 
3630000 8701 397.423 71383.0 8.871 2.2545 0 0 0 
3640000 8726 392.796 71619.0 9.02 2.197 0 0 0 
3650000 8748 408.702 71829.0 9.206 2.2541 0 0 0 
3660000 8772 416.926 72044.0 9.094 2.2897 0 0 0 
3670000 8796 425.181 72257.0 9.116 2.3337 0 0 0 
3680000 8820 419.979 72486.0 9.238 2.2969 0 0 0 
3690000 8842 430.682 72691.0 9.241 2.3588 0 0 0 
3700000 8866 423.389 72914.0 9.217 2.3252 0 0 0 
3710000 8891 417.809 73150.0 9.328 2.2886 0 0 0 
3720000 8918 403.498 73410.0 9.51 2.213 0 0 0 
3730000 8945 386.659 73673.0 9.518 2.123 0 0 0 
3740000 8968 410.974 73883.0 9.469 2.2555 0 0 0 
3750000 8993 403.56 74135.0 9.581 2.2134 0 0 0 
3760000 9022 375.884 74404.0 9.456 2.0678 0 0 0 
3770000 9046 392.569 74622.0 9.329 2.1703 0 0 0 
3780000 9071 391.848 74868.0 9.503 2.1648 0 0 0 
3790000 9097 385.882 75103.0 9.292 2.118 0 0 0 
3800000 9125 376.921 75375.0 9.539 2.0615 0 0 0 
3810000 9149 384.916 75611.0 9.641 2.1005 0 0 0 
3820000 9174 391.685 75836.0 9.396 2.1411 0 0 0 
3830000 9203 372.389 76103.0 9.37 2.044 0 0 0 
3840000 9225 400.752 76308.0 9.314 2.207 0 0 0 
3850000 9249 401.01 76530.0 9.261 2.2155 0 0 0 
3860000 9274 400.214 76749.0 9.065 2.2145 0 0 0 
3870000 9297 404.491 76973.0 9.29 2.2375 0 0 0 
3880000 9323 410.955 77204.0 9.292 2.3425 0 0 0 
3890000 9345 417.0 77414.0 9.272 2.3754 0 0 0 
3900000 9370 415.874 77654.0 9.478 2.3401 0 0 0 
3910000 9396 402.321 77900.0 9.472 2.245 0 0 0 
3920000 9424 385.582 78159.0 9.444 2.1389 0 0 0 
3930000 9448 400.595 78385.0 9.422 2.2168 0 0 0 
3940000 9476 377.718 78650.0 9.33 2.0896 0 0 0 
3950000 9502 379.551 78894.0 9.417 2.0992 0 0 0 
3960000 9523 416.925 79081.0 9.219 2.3021 0 0 0 
3970000 9548 410.551 79312.0 9.233 2.2713 0 0 0 
3980000 9573 404.352 79548.0 9.235 2.2539 0 0 0 
3990000 9603 372.912 79807.0 8.991 2.0595 0 0 0 
4000000 9628 384.543 80035.0 9.061 2.1197 0 0 0 
