10000 115 67.107 3342.391 22.668 0.1191 0 0 0 
20000 235 81.335 6872.256 28.97 0.1443 0 0 0 
30000 268 196.471 9331.639 54.146 0.7065 0 0 0 
40000 355 160.158 13017.734 60.632 0.6144 0 0 0 
50000 394 225.552 19111.733 118.172 0.8731 0 0 0 
60000 415 296.518 26080.23 181.245 1.1543 0 0 0 
70000 438 346.139 32900.325 224.751 1.3455 0 0 0 
80000 452 443.27 38666.048 274.013 1.771 0 0 0 
90000 469 467.248 44456.185 283.995 1.8677 0 0 0 
100000 480 555.299 50498.18 333.586 2.1973 0 0 0 
110000 491 628.554 56593.803 380.258 2.4756 0 0 0 
120000 507 627.484 62825.896 383.073 2.4783 0 0 0 
130000 519 666.278 68958.971 409.303 2.6204 0 0 0 
140000 530 714.318 74719.637 431.302 2.8262 0 0 0 
150000 546 696.5 79583.226 398.639 2.7546 0 0 0 
160000 557 745.09 85427.738 428.585 2.9473 0 0 0 
170000 567 782.582 91677.357 459.522 3.1091 0 0 0 
180000 577 822.354 97215.717 479.067 3.252 0 0 0 
190000 587 854.85 103092.868 496.577 3.3902 0 0 0 
200000 597 881.402 108865.458 508.598 3.5231 0 0 0 
210000 608 886.768 114936.501 519.422 3.5324 0 0 0 
220000 621 851.684 120580.475 496.604 3.4404 0 0 0 
230000 633 852.94 126157.548 494.063 3.442 0 0 0 
240000 643 879.842 131706.255 504.079 3.5698 0 0 0 
250000 653 901.822 135190.105 475.146 3.6655 0 0 0 
260000 663 919.781 140578.879 488.204 3.7144 0 0 0 
270000 674 917.714 146457.624 495.526 3.6977 0 0 0 
280000 684 932.767 152474.424 514.225 3.7624 0 0 0 
290000 697 906.418 157136.362 486.631 3.6472 0 0 0 
300000 707 923.537 161671.879 479.94 3.7026 0 0 0 
310000 717 937.524 164238.495 439.394 3.7512 0 0 0 
320000 728 932.91 168093.32 422.525 3.7541 0 0 0 
330000 738 929.562 171930.326 411.148 3.7374 0 0 0 
340000 748 942.447 176704.149 420.192 3.7787 0 0 0 
350000 759 946.028 180977.6 419.218 3.7753 0 0 0 
360000 769 955.901 185891.031 431.075 3.8355 0 0 0 
370000 779 963.968 190505.4 436.477 3.8541 0 0 0 
380000 789 970.559 196206.59 460.208 3.8812 0 0 0 
390000 800 965.054 201946.926 476.873 3.8642 0 0 0 
400000 810 971.446 206446.165 471.615 3.8927 0 0 0 
410000 820 976.669 211851.776 484.775 3.9027 0 0 0 
420000 830 980.937 217402.04 497.219 3.9097 0 0 0 
430000 840 984.424 222862.771 506.105 3.9186 0 0 0 
440000 850 987.274 228877.682 523.761 3.9197 0 0 0 
450000 860 989.602 234574.726 532.408 3.9255 0 0 0 
460000 870 991.504 240495.2 543.635 3.9708 0 0 0 
470000 880 993.058 245749.231 540.575 3.9758 0 0 0 
480000 891 970.371 251950.506 540.77 3.8897 0 0 0 
490000 901 975.791 258202.742 556.888 3.9062 0 0 0 
500000 911 980.22 264352.846 568.52 3.9138 0 0 0 
510000 923 944.401 269757.614 538.861 3.7933 0 0 0 
520000 935 916.405 275623.033 527.613 3.6878 0 0 0 
530000 945 931.697 280762.402 522.324 3.8034 0 0 0 
540000 955 939.851 286724.749 535.899 3.8376 0 0 0 
550000 965 950.854 292282.825 538.957 3.869 0 0 0 
560000 975 959.844 297612.996 540.689 3.9006 0 0 0 
570000 985 967.189 302366.772 526.918 3.9232 0 0 0 
580000 995 973.191 307455.205 522.628 3.942 0 0 0 
590000 1005 978.095 312859.263 528.4 3.9594 0 0 0 
600000 1015 982.102 317780.418 518.12 3.9764 0 0 0 
610000 1025 985.376 323642.493 532.669 3.9884 0 0 0 
620000 1035 988.051 329219.088 536.346 4.0354 0 0 0 
630000 1045 990.237 335326.799 548.357 4.039 0 0 0 
640000 1056 982.222 340275.164 534.426 4.016 0 0 0 
650000 1066 979.32 345752.708 534.041 3.9969 0 0 0 
660000 1078 954.125 351639.045 526.201 3.8787 0 0 0 
670000 1088 962.517 356941.71 527.407 3.8963 0 0 0 
680000 1098 962.467 362288.938 524.302 3.891 0 0 0 
690000 1109 957.35 368732.327 539.501 3.8737 0 0 0 
700000 1119 958.723 373997.564 535.677 3.8702 0 0 0 
710000 1129 965.238 380158.425 546.872 3.8928 0 0 0 
720000 1139 971.597 385815.777 553.396 3.9315 0 0 0 
730000 1149 976.793 391983.154 562.166 3.9374 0 0 0 
740000 1159 981.038 398307.885 575.545 3.9808 0 0 0 
750000 1170 978.737 403694.953 565.529 3.9734 0 0 0 
760000 1180 982.626 409969.303 577.73 4.0243 0 0 0 
770000 1190 985.804 416262.793 587.886 4.0103 0 0 0 
780000 1203 940.977 421808.178 553.929 3.8263 0 0 0 
790000 1213 951.774 427166.928 550.474 3.862 0 0 0 
800000 1223 943.622 433433.637 551.426 3.8089 0 0 0 
810000 1233 953.935 440146.846 575.589 3.8956 0 0 0 
820000 1243 962.362 446371.219 584.941 3.9071 0 0 0 
830000 1253 969.247 451960.052 581.444 3.9261 0 0 0 
840000 1264 972.135 457623.246 574.952 3.947 0 0 0 
850000 1274 968.36 462916.042 559.655 3.9146 0 0 0 
860000 1284 974.148 468796.407 565.394 3.9369 0 0 0 
870000 1294 978.877 474405.229 563.544 3.9403 0 0 0 
880000 1305 967.685 479347.345 543.977 3.8953 0 0 0 
890000 1316 957.981 484946.02 536.289 3.8572 0 0 0 
900000 1328 936.536 491064.626 535.068 3.7792 0 0 0 
910000 1338 948.145 496730.275 541.374 3.8161 0 0 0 
920000 1348 957.631 503088.549 557.637 3.8421 0 0 0 
930000 1358 965.381 509116.61 565.929 3.8776 0 0 0 
940000 1368 971.714 515427.524 577.949 3.936 0 0 0 
950000 1378 976.888 522415.929 600.588 3.9609 0 0 0 
960000 1388 966.377 528510.265 592.233 3.904 0 0 0 
970000 1398 972.527 534547.303 593.514 3.9455 0 0 0 
980000 1408 977.553 540140.248 591.045 3.9688 0 0 0 
990000 1418 981.659 546466.016 595.678 3.9911 0 0 0 
1000000 1428 985.014 553566.134 618.099 3.9868 0 0 0 
1010000 1438 987.755 559739.698 619.049 3.9929 0 0 0 
1020000 1448 989.995 565984.453 616.057 4.0049 0 0 0 
1030000 1458 991.825 572977.794 632.668 4.0215 0 0 0 
1040000 1468 993.321 579662.203 639.784 4.0144 0 0 0 
1050000 1478 994.543 585595.578 631.201 4.0155 0 0 0 
1060000 1488 995.541 591802.807 634.366 4.0169 0 0 0 
1070000 1498 996.357 598836.939 640.166 4.0062 0 0 0 
1080000 1508 997.023 606040.123 656.002 3.9984 0 0 0 
1090000 1518 997.568 613399.077 669.798 3.9952 0 0 0 
1100000 1528 998.013 621243.063 692.087 3.988 0 0 0 
1110000 1538 998.376 629307.693 710.48 3.9809 0 0 0 
1120000 1548 998.673 636643.554 720.123 3.9946 0 0 0 
1130000 1558 998.916 643691.617 717.781 4.0031 0 0 0 
1140000 1568 999.114 651207.773 719.452 4.0155 0 0 0 
1150000 1578 999.276 658365.51 721.101 4.0077 0 0 0 
1160000 1588 999.409 666564.308 737.87 4.0115 0 0 0 
1170000 1598 999.517 673469.789 731.389 4.0139 0 0 0 
1180000 1608 999.605 681160.9 738.936 4.0443 0 0 0 
1190000 1618 999.677 688680.686 737.489 4.0297 0 0 0 
1200000 1628 999.736 696041.608 741.799 4.0351 0 0 0 
1210000 1638 999.785 702440.263 719.276 4.0477 0 0 0 
1220000 1648 999.824 710637.671 737.933 4.0392 0 0 0 
1230000 1658 999.856 719124.133 755.253 4.0266 0 0 0 
1240000 1668 999.883 727427.126 773.544 4.0272 0 0 0 
1250000 1678 999.904 735064.803 769.909 4.021 0 0 0 
1260000 1688 999.922 742530.906 767.305 4.0189 0 0 0 
1270000 1698 999.936 750241.617 769.726 4.0388 0 0 0 
1280000 1708 999.948 757814.042 766.414 4.032 0 0 0 
1290000 1718 999.957 764268.395 746.96 4.0238 0 0 0 
1300000 1728 999.965 771162.193 732.124 4.0328 0 0 0 
1310000 1738 999.971 779513.688 757.63 4.0244 0 0 0 
1320000 1748 999.977 787876.98 764.235 4.0161 0 0 0 
1330000 1758 999.981 795844.394 769.942 4.0256 0 0 0 
1340000 1768 999.984 804772.224 796.99 4.0188 0 0 0 
1350000 1778 999.987 813235.889 805.169 4.0421 0 0 0 
1360000 1788 999.99 820979.927 800.144 4.0708 0 0 0 
1370000 1798 999.992 828200.366 779.569 4.0865 0 0 0 
1380000 1808 999.993 835157.91 768.928 4.0703 0 0 0 
1390000 1818 999.994 843711.444 783.679 4.0652 0 0 0 
1400000 1828 999.995 853198.71 809.491 4.064 0 0 0 
1410000 1838 999.996 864494.091 867.339 4.0651 0 0 0 
1420000 1848 999.997 875727.426 916.032 4.0689 0 0 0 
1430000 1858 999.997 885444.46 927.486 4.0752 0 0 0 
1440000 1868 999.998 895286.847 933.733 4.0757 0 0 0 
1450000 1878 999.998 905366.015 948.254 4.0632 0 0 0 
1460000 1888 999.999 915129.587 962.576 4.0667 0 0 0 
1470000 1898 999.999 923928.207 941.932 4.1031 0 0 0 
1480000 1908 998.411 933952.216 948.574 4.1152 0 0 0 
1490000 1919 983.17 943091.662 929.021 4.0563 0 0 0 
1500000 1929 986.248 952958.874 946.597 4.0627 0 0 0 
1510000 1939 988.764 963390.978 956.533 4.0573 0 0 0 
1520000 1949 990.819 974126.834 982.611 4.0451 0 0 0 
1530000 1959 992.499 983655.1 978.878 4.0758 0 0 0 
1540000 1969 993.871 994926.556 1003.101 4.0657 0 0 0 
1550000 1979 994.992 1007098.527 1044.423 4.0605 0 0 0 
1560000 1989 995.908 1017932.895 1053.446 4.049 0 0 0 
1570000 1999 996.657 1029384.878 1066.721 4.0717 0 0 0 
1580000 2009 997.268 1040595.85 1077.131 4.0986 0 0 0 
1590000 2019 997.768 1052316.112 1091.486 4.0846 0 0 0 
1600000 2029 998.176 1064590.197 1116.625 4.0755 0 0 0 
1610000 2039 998.51 1076691.966 1142.58 4.0799 0 0 0 
1620000 2049 998.782 1088223.784 1136.694 4.0875 0 0 0 
1630000 2059 999.005 1100382.625 1152.639 4.0689 0 0 0 
1640000 2069 999.187 1110906.901 1132.626 4.0643 0 0 0 
1650000 2079 999.336 1121648.268 1121.761 4.092 0 0 0 
1660000 2089 999.457 1131760.843 1100.089 4.0742 0 0 0 
1670000 2099 999.557 1143870.611 1120.088 4.0696 0 0 0 
1680000 2109 999.638 1157370.438 1164.76 4.0722 0 0 0 
1690000 2119 999.704 1171203.008 1205.433 4.0566 0 0 0 
1700000 2129 999.758 1184467.515 1226.145 4.0444 0 0 0 
1710000 2139 999.802 1197391.168 1238.098 4.0575 0 0 0 
1720000 2149 999.839 1210635.279 1253.13 4.0886 0 0 0 
1730000 2159 999.868 1224563.908 1278.108 4.0833 0 0 0 
1740000 2169 999.892 1237843.025 1285.256 4.0877 0 0 0 
1750000 2179 999.912 1251542.58 1301.519 4.0782 0 0 0 
1760000 2189 999.928 1262967.003 1271.075 4.069 0 0 0 
1770000 2199 999.941 1275993.266 1276.943 4.0603 0 0 0 
1780000 2209 999.952 1287123.293 1254.834 4.0476 0 0 0 
1790000 2219 999.961 1295693.804 1182.931 4.0632 0 0 0 
1800000 2229 999.968 1307734.438 1183.002 4.0685 0 0 0 
1810000 2239 999.974 1319076.881 1176.159 4.0609 0 0 0 
1820000 2249 999.979 1330680.028 1168.181 4.0671 0 0 0 
1830000 2259 999.983 1342453.364 1172.536 4.0812 0 0 0 
1840000 2269 999.986 1355380.409 1192.064 4.0746 0 0 0 
1850000 2279 999.988 1368078.519 1204.022 4.067 0 0 0 
1860000 2289 999.99 1379500.19 1198.04 4.0749 0 0 0 
1870000 2299 999.992 1389133.788 1158.798 4.0781 0 0 0 
1880000 2309 999.994 1400199.784 1136.322 4.0668 0 0 0 
1890000 2319 999.995 1412904.636 1162.299 4.0576 0 0 0 
1900000 2329 999.996 1425593.549 1179.615 4.0472 0 0 0 
1910000 2340 987.134 1437870.163 1175.039 3.99 0 0 0 
1920000 2350 989.488 1452351.922 1224.303 4.0067 0 0 0 
1930000 2360 991.411 1466214.161 1255.307 4.0235 0 0 0 
1940000 2370 992.982 1479702.83 1270.717 4.027 0 0 0 
1950000 2380 994.266 1494885.284 1316.472 4.0422 0 0 0 
1960000 2390 995.315 1508435.72 1323.868 4.0648 0 0 0 
1970000 2400 996.172 1522233.846 1334.032 4.147 0 0 0 
1980000 2410 996.872 1535862.743 1343.6 4.1496 0 0 0 
1990000 2420 997.444 1550168.663 1356.797 4.1183 0 0 0 
2000000 2430 997.912 1561363.158 1312.3 4.097 0 0 0 
2010000 2440 998.294 1575160.276 1328.677 4.1175 0 0 0 
2020000 2450 998.606 1589049.088 1340.805 4.0968 0 0 0 
2030000 2460 998.861 1601339.809 1319.296 4.0781 0 0 0 
2040000 2470 999.069 1612307.054 1279.746 4.0869 0 0 0 
2050000 2480 999.24 1624272.991 1265.354 4.1128 0 0 0 
2060000 2490 999.379 1635366.262 1238.801 4.1108 0 0 0 
2070000 2500 999.492 1647838.276 1237.769 4.091 0 0 0 
2080000 2510 999.585 1660237.611 1240.685 4.1182 0 0 0 
2090000 2520 999.661 1672807.242 1240.33 4.1217 0 0 0 
2100000 2530 999.723 1687786.624 1285.991 4.1288 0 0 0 
2110000 2540 999.774 1701375.778 1300.238 4.12 0 0 0 
2120000 2550 999.815 1715157.047 1315.285 4.1119 0 0 0 
2130000 2560 999.849 1727481.176 1300.859 4.1163 0 0 0 
2140000 2570 999.877 1740879.441 1308.599 4.1036 0 0 0 
2150000 2580 999.899 1754498.889 1319.068 4.0888 0 0 0 
2160000 2590 999.918 1769112.742 1344.028 4.0743 0 0 0 
2170000 2600 999.933 1783592.628 1363.857 4.0687 0 0 0 
2180000 2610 999.945 1796809.624 1355.565 4.0773 0 0 0 
2190000 2620 999.955 1810603.051 1363.388 4.0713 0 0 0 
2200000 2630 999.963 1824071.779 1360.666 4.0596 0 0 0 
2210000 2640 999.97 1835935.752 1331.123 4.0813 0 0 0 
2220000 2650 999.975 1848381.769 1313.392 4.0708 0 0 0 
2230000 2660 999.98 1862603.213 1334.108 4.0775 0 0 0 
2240000 2670 999.984 1875889.852 1332.925 4.0723 0 0 0 
2250000 2680 999.987 1888333.916 1315.842 4.0668 0 0 0 
2260000 2690 999.989 1899939.342 1286.927 4.0753 0 0 0 
2270000 2700 999.991 1910687.932 1249.931 4.098 0 0 0 
2280000 2710 999.993 1923319.987 1253.99 4.1003 0 0 0 
2290000 2720 999.994 1937490.929 1282.978 4.0983 0 0 0 
2300000 2730 999.995 1950719.248 1291.823 4.0892 0 0 0 
2310000 2740 999.996 1964245.734 1298.855 4.0762 0 0 0 
2320000 2750 999.997 1978123.066 1319.176 4.0614 0 0 0 
2330000 2760 999.997 1989007.564 1271.833 4.065 0 0 0 
2340000 2770 999.998 2004046.51 1312.408 4.0556 0 0 0 
2350000 2780 999.998 2018518.598 1336.88 4.0462 0 0 0 
2360000 2790 999.999 2031499.55 1332.723 4.0483 0 0 0 
2370000 2800 999.999 2044619.315 1325.162 4.063 0 0 0 
2380000 2810 999.999 2054569.039 1263.639 4.087 0 0 0 
2390000 2820 999.999 2067658.445 1277.697 4.0805 0 0 0 
2400000 2830 999.999 2079281.083 1253.893 4.0871 0 0 0 
2410000 2840 999.999 2094126.319 1294.212 4.0728 0 0 0 
2420000 2850 1000.0 2108829.867 1327.044 4.0649 0 0 0 
2430000 2860 1000.0 2122043.234 1325.704 4.0697 0 0 0 
2440000 2870 1000.0 2135667.919 1332.242 4.0652 0 0 0 
2450000 2880 1000.0 2150621.709 1362.502 4.0671 0 0 0 
2460000 2890 1000.0 2164135.806 1362.713 4.0848 0 0 0 
2470000 2900 1000.0 2176669.738 1342.379 4.0765 0 0 0 
2480000 2910 1000.0 2191078.135 1359.849 4.0679 0 0 0 
2490000 2921 986.04 2204511.387 1335.277 4.0391 0 0 0 
2500000 2931 988.594 2218786.475 1352.162 4.0356 0 0 0 
2510000 2941 990.68 2233690.746 1377.695 4.0336 0 0 0 
2520000 2951 982.017 2249505.803 1399.285 4.008 0 0 0 
2530000 2961 985.306 2262831.068 1387.359 4.0169 0 0 0 
2540000 2971 987.994 2276637.022 1398.325 4.0217 0 0 0 
2550000 2981 990.19 2291740.133 1407.715 4.0465 0 0 0 
2560000 2991 991.985 2304303.949 1378.618 4.0531 0 0 0 
2570000 3001 993.451 2316997.537 1359.571 4.0444 0 0 0 
2580000 3012 986.861 2330812.029 1353.925 4.0163 0 0 0 
2590000 3022 989.264 2344552.793 1359.344 4.026 0 0 0 
2600000 3032 991.228 2360370.419 1399.343 4.0406 0 0 0 
2610000 3042 992.833 2376419.226 1435.666 4.0545 0 0 0 
2620000 3052 994.144 2392891.432 1476.746 4.0553 0 0 0 
2630000 3062 995.215 2408465.598 1491.18 4.0484 0 0 0 
2640000 3072 996.09 2423077.174 1485.896 4.0375 0 0 0 
2650000 3082 996.806 2437342.698 1476.775 4.0492 0 0 0 
2660000 3092 997.39 2452477.169 1480.297 4.0381 0 0 0 
2670000 3102 997.867 2467194.325 1478.565 4.0542 0 0 0 
2680000 3112 998.258 2481952.556 1478.808 4.0694 0 0 0 
2690000 3122 998.576 2496540.379 1475.149 4.0745 0 0 0 
2700000 3132 998.837 2510667.12 1461.789 4.0693 0 0 0 
2710000 3142 999.05 2526906.187 1490.394 4.1033 0 0 0 
2720000 3152 999.223 2543552.308 1523.823 4.0885 0 0 0 
2730000 3162 999.365 2559883.488 1544.901 4.1073 0 0 0 
2740000 3172 999.482 2575192.446 1543.123 4.1163 0 0 0 
2750000 3182 992.481 2590345.998 1523.16 4.0716 0 0 0 
2760000 3192 993.857 2607618.053 1562.783 4.0981 0 0 0 
2770000 3202 994.98 2624481.365 1582.686 4.0956 0 0 0 
2780000 3212 995.899 2641014.324 1595.304 4.0934 0 0 0 
2790000 3222 996.649 2657118.673 1598.683 4.0831 0 0 0 
2800000 3232 997.262 2674129.795 1616.589 4.0732 0 0 0 
2810000 3242 997.763 2691466.213 1635.021 4.072 0 0 0 
2820000 3252 998.172 2706844.201 1618.145 4.0759 0 0 0 
2830000 3262 998.506 2722349.555 1606.576 4.0991 0 0 0 
2840000 3272 998.78 2736401.792 1571.16 4.0873 0 0 0 
2850000 3282 999.003 2748518.768 1512.912 4.0762 0 0 0 
2860000 3292 999.185 2760565.123 1460.025 4.0783 0 0 0 
2870000 3302 999.334 2773108.124 1416.915 4.0773 0 0 0 
2880000 3312 999.456 2787557.971 1420.216 4.0682 0 0 0 
2890000 3322 999.556 2800581.005 1401.927 4.1311 0 0 0 
2900000 3332 999.637 2814988.766 1404.772 4.1264 0 0 0 
2910000 3342 999.703 2830068.44 1424.195 4.1141 0 0 0 
2920000 3352 999.758 2845129.642 1448.995 4.1076 0 0 0 
2930000 3362 999.802 2859599.867 1438.859 4.1333 0 0 0 
2940000 3372 999.838 2873765.261 1434.24 4.1206 0 0 0 
2950000 3382 999.868 2886990.126 1417.645 4.1126 0 0 0 
2960000 3392 999.892 2899794.628 1391.663 4.1018 0 0 0 
2970000 3402 999.912 2911460.79 1358.674 4.1301 0 0 0 
2980000 3412 999.928 2923297.889 1316.609 4.1265 0 0 0 
2990000 3422 999.941 2934216.255 1279.733 4.1274 0 0 0 
3000000 3432 999.952 2950446.614 1342.113 4.127 0 0 0 
3010000 3442 999.961 2965610.989 1371.695 4.1303 0 0 0 
3020000 3452 999.968 2981242.097 1407.927 4.121 0 0 0 
3030000 3462 999.974 2997472.804 1445.063 4.111 0 0 0 
3040000 3472 999.979 3011704.708 1444.815 4.1376 0 0 0 
3050000 3482 999.982 3025801.349 1438.477 4.1249 0 0 0 
3060000 3492 999.986 3039877.67 1428.977 4.1051 0 0 0 
3070000 3502 999.988 3054451.17 1433.007 4.1085 0 0 0 
3080000 3512 999.99 3067092.179 1402.018 4.0923 0 0 0 
3090000 3522 999.992 3080114.814 1385.61 4.1117 0 0 0 
3100000 3532 999.994 3093833.184 1394.536 4.0938 0 0 0 
3110000 3542 999.995 3108308.666 1392.428 4.0952 0 0 0 
3120000 3552 999.996 3125102.765 1448.036 4.0953 0 0 0 
3130000 3562 999.997 3141557.567 1484.03 4.0843 0 0 0 
3140000 3572 999.997 3157385.822 1499.111 4.0826 0 0 0 
3150000 3583 976.273 3172378.408 1463.49 3.9993 0 0 0 
3160000 3593 980.614 3188184.389 1490.876 4.009 0 0 0 
3170000 3603 984.16 3202331.066 1474.465 4.017 0 0 0 
3180000 3613 987.058 3218658.716 1499.792 4.0548 0 0 0 
3190000 3624 974.466 3234693.04 1496.429 3.9934 0 0 0 
3200000 3634 979.137 3249733.891 1510.63 3.9963 0 0 0 
3210000 3644 982.953 3263862.757 1482.154 4.0074 0 0 0 
3220000 3654 982.887 3279473.803 1491.226 4.0171 0 0 0 
3230000 3664 986.017 3294209.291 1485.836 4.0548 0 0 0 
3240000 3674 988.575 3306362.689 1455.779 4.0468 0 0 0 
3250000 3684 990.665 3318772.164 1402.116 4.0564 0 0 0 
3260000 3695 983.949 3331197.128 1364.786 4.019 0 0 0 
3270000 3705 986.886 3343667.417 1340.972 4.0375 0 0 0 
3280000 3715 989.285 3358057.845 1360.596 4.0437 0 0 0 
3290000 3725 991.245 3373322.205 1392.321 4.0515 0 0 0 
3300000 3735 992.846 3388933.52 1423.465 4.082 0 0 0 
3310000 3745 994.155 3404255.677 1444.607 4.0822 0 0 0 
3320000 3755 995.224 3420072.714 1475.589 4.066 0 0 0 
3330000 3765 996.098 3435899.165 1488.128 4.0703 0 0 0 
3340000 3775 996.812 3450733.609 1488.929 4.0873 0 0 0 
3350000 3785 997.395 3466503.466 1504.618 4.0749 0 0 0 
3360000 3795 997.871 3480130.023 1479.578 4.0675 0 0 0 
3370000 3805 998.261 3495643.517 1490.632 4.0913 0 0 0 
3380000 3815 998.579 3511485.24 1511.041 4.0973 0 0 0 
3390000 3825 998.839 3528468.168 1544.173 4.0832 0 0 0 
3400000 3835 999.051 3545141.119 1566.302 4.0901 0 0 0 
3410000 3845 999.225 3559109.277 1537.712 4.1013 0 0 0 
3420000 3855 999.367 3573171.622 1514.987 4.0861 0 0 0 
3430000 3865 999.482 3589668.239 1539.581 4.0711 0 0 0 
3440000 3875 999.577 3604179.262 1522.189 4.0633 0 0 0 
3450000 3885 999.655 3619006.282 1516.387 4.0719 0 0 0 
3460000 3895 999.718 3634455.792 1518.398 4.0621 0 0 0 
3470000 3905 999.769 3648978.954 1507.104 4.0521 0 0 0 
3480000 3915 999.812 3664433.765 1514.433 4.064 0 0 0 
3490000 3925 999.846 3680367.065 1528.059 4.067 0 0 0 
3500000 3935 999.874 3696222.784 1539.986 4.0748 0 0 0 
3510000 3945 999.897 3710381.641 1516.044 4.0963 0 0 0 
3520000 3955 999.916 3725523.511 1520.365 4.0861 0 0 0 
3530000 3965 999.931 3741881.073 1538.286 4.0971 0 0 0 
3540000 3975 999.944 3759643.26 1581.444 4.1114 0 0 0 
3550000 3985 999.954 3775885.075 1588.02 4.1012 0 0 0 
3560000 3995 999.963 3792451.041 1601.406 4.1318 0 0 0 
3570000 4005 999.969 3808588.305 1604.851 4.1289 0 0 0 
3580000 4015 999.975 3824240.258 1593.822 4.132 0 0 0 
3590000 4025 999.98 3840222.622 1598.178 4.1097 0 0 0 
3600000 4035 999.983 3854468.572 1561.535 4.1107 0 0 0 
3610000 4045 999.986 3869146.041 1544.966 4.0948 0 0 0 
3620000 4055 999.989 3881505.727 1494.258 4.0914 0 0 0 
3630000 4065 996.764 3894735.953 1456.213 4.0683 0 0 0 
3640000 4075 997.356 3908199.092 1433.628 4.0975 0 0 0 
3650000 4085 997.84 3922129.478 1428.495 4.1033 0 0 0 
3660000 4095 998.235 3937054.806 1442.657 4.0914 0 0 0 
3670000 4105 994.344 3952067.268 1447.59 4.0745 0 0 0 
3680000 4116 988.391 3965911.602 1426.079 4.0406 0 0 0 
3690000 4126 989.727 3979506.592 1413.748 4.0547 0 0 0 
3700000 4136 983.472 3994065.424 1406.75 4.0165 0 0 0 
3710000 4147 973.83 4008567.522 1398.658 3.978 0 0 0 
3720000 4157 978.085 4024162.756 1427.907 3.9869 0 0 0 
3730000 4167 982.094 4041592.881 1486.56 3.9985 0 0 0 
3740000 4177 985.37 4058811.305 1529.676 4.0102 0 0 0 
3750000 4187 986.221 4074948.326 1539.821 4.0299 0 0 0 
3760000 4197 988.742 4089726.756 1524.705 4.0329 0 0 0 
3770000 4207 990.801 4106944.092 1561.367 4.0636 0 0 0 
3780000 4217 981.84 4124480.751 1574.911 4.0338 0 0 0 
3790000 4227 985.162 4142398.348 1620.57 4.0605 0 0 0 
3800000 4237 987.876 4160386.019 1651.875 4.0559 0 0 0 
3810000 4247 990.094 4176264.96 1636.525 4.0624 0 0 0 
3820000 4257 991.906 4191758.664 1621.595 4.0606 0 0 0 
3830000 4267 993.387 4208580.654 1631.982 4.0541 0 0 0 
3840000 4277 994.596 4223002.782 1599.204 4.0539 0 0 0 
3850000 4287 995.585 4238772.698 1592.478 4.0473 0 0 0 
3860000 4297 996.392 4255728.84 1610.044 4.0599 0 0 0 
3870000 4307 997.052 4272056.39 1615.336 4.0575 0 0 0 
3880000 4317 997.592 4289237.494 1632.242 4.0808 0 0 0 
3890000 4327 998.032 4306860.123 1657.116 4.0705 0 0 0 
3900000 4337 998.392 4325010.493 1687.409 4.0749 0 0 0 
3910000 4347 998.686 4340959.968 1668.175 4.0718 0 0 0 
3920000 4357 998.927 4359355.027 1697.603 4.0744 0 0 0 
3930000 4367 999.123 4377490.097 1721.095 4.0772 0 0 0 
3940000 4377 999.283 4396807.558 1760.801 4.0774 0 0 0 
3950000 4387 999.414 4412371.62 1723.447 4.0716 0 0 0 
3960000 4397 999.522 4430006.388 1732.624 4.0758 0 0 0 
3970000 4407 999.609 4448283.286 1748.661 4.0794 0 0 0 
3980000 4417 999.681 4465583.305 1746.376 4.0853 0 0 0 
3990000 4427 999.739 4480659.603 1701.284 4.0823 0 0 0 
4000000 4437 999.787 4497992.658 1704.751 4.1042 0 0 0 
