10000 10 182.927 -11111.547 -203.501 0.1886 0 0 0 
20000 20 332.392 -22461.881 -373.779 0.3416 0 0 0 
30000 30 454.516 -35208.737 -537.473 0.8363 0 0 0 
40000 40 554.3 -47249.682 -658.109 1.2383 0 0 0 
50000 50 635.83 -60566.886 -781.954 1.569 0 0 0 
60000 60 702.447 -74510.394 -893.238 1.841 0 0 0 
70000 70 756.877 -82175.694 -867.697 2.0566 0 0 0 
80000 80 801.351 -91425.571 -875.599 2.237 0 0 0 
90000 90 837.689 -93438.038 -747.364 2.3737 0 0 0 
100000 100 867.38 -92075.943 -587.051 2.4816 0 0 0 
110000 110 891.64 -90897.808 -457.722 2.5749 0 0 0 
120000 120 911.462 -93411.102 -421.556 2.6494 0 0 0 
130000 130 927.658 -96674.912 -406.452 2.7146 0 0 0 
140000 140 940.891 -98678.596 -368.597 2.7667 0 0 0 
150000 150 951.704 -100066.214 -325.612 2.8056 0 0 0 
160000 160 960.539 -98540.177 -237.395 2.839 0 0 0 
170000 170 967.757 -99420.889 -208.223 2.8663 0 0 0 
180000 180 973.655 -96718.929 -125.247 2.8891 0 0 0 
190000 190 978.474 -91677.39 -10.396 2.8956 0 0 0 
200000 200 982.412 -87865.115 58.957 2.8937 0 0 0 
210000 210 985.629 -83342.557 129.689 2.913 0 0 0 
220000 220 988.258 -80764.659 153.053 2.9286 0 0 0 
230000 230 990.406 -76625.256 201.744 2.9441 0 0 0 
240000 240 992.161 -70480.948 277.01 2.9613 0 0 0 
250000 250 993.595 -66590.338 295.068 2.9698 0 0 0 
260000 260 994.767 -62452.869 314.402 2.9745 0 0 0 
270000 270 995.724 -57596.565 346.173 2.978 0 0 0 
280000 280 996.506 -51948.334 386.592 2.9921 0 0 0 
290000 290 997.145 -46434.832 416.792 2.9921 0 0 0 
300000 300 997.667 -40210.609 454.488 2.9984 0 0 0 
310000 310 998.094 -34172.305 481.352 2.9866 0 0 0 
320000 320 998.443 -28464.044 497.803 2.9817 0 0 0 
330000 330 998.728 -21720.162 530.156 2.9851 0 0 0 
340000 340 998.96 -15060.469 554.966 2.9865 0 0 0 
350000 350 999.151 -7610.953 589.739 2.9917 0 0 0 
360000 360 999.306 302.718 626.228 2.9933 0 0 0 
370000 370 999.433 7398.252 640.671 2.9879 0 0 0 
380000 380 999.537 13144.039 629.147 2.9874 0 0 0 
390000 390 999.621 17308.815 587.275 2.9863 0 0 0 
400000 400 999.691 21911.138 564.471 2.9879 0 0 0 
410000 410 999.747 28911.815 589.166 2.9881 0 0 0 
420000 420 999.793 36296.085 616.522 2.9966 0 0 0 
430000 430 999.831 44969.362 662.523 3.0051 0 0 0 
440000 440 999.862 54551.013 716.559 3.0068 0 0 0 
450000 450 999.887 62952.136 739.451 3.0022 0 0 0 
460000 460 999.908 71988.348 769.333 3.0142 0 0 0 
470000 470 999.925 81631.785 805.636 3.017 0 0 0 
480000 480 999.939 92717.403 861.368 3.018 0 0 0 
490000 490 999.95 105404.727 935.922 3.026 0 0 0 
500000 500 999.959 118711.036 1008.61 3.0223 0 0 0 
510000 510 999.966 132158.247 1070.202 3.0139 0 0 0 
520000 520 999.973 146186.414 1130.49 2.9923 0 0 0 
530000 530 999.978 159571.836 1168.158 2.9872 0 0 0 
540000 540 999.982 171856.784 1178.329 2.9863 0 0 0 
550000 550 999.985 185250.688 1207.996 2.9807 0 0 0 
560000 560 999.988 198308.794 1226.223 2.9742 0 0 0 
570000 570 999.99 209220.039 1202.662 2.9793 0 0 0 
580000 580 999.992 221863.456 1213.529 2.9784 0 0 0 
590000 590 999.993 234138.012 1215.495 2.9746 0 0 0 
600000 600 999.995 244918.742 1191.36 2.9802 0 0 0 
610000 610 999.996 257401.788 1201.892 2.9767 0 0 0 
620000 620 999.996 270869.915 1228.424 2.9777 0 0 0 
630000 630 999.997 284288.441 1249.767 2.9804 0 0 0 
640000 640 999.998 298227.554 1276.321 2.9808 0 0 0 
650000 650 999.998 312472.88 1303.467 2.9828 0 0 0 
660000 660 999.998 326441.296 1320.458 2.9852 0 0 0 
670000 670 999.999 340280.337 1332.768 2.9845 0 0 0 
680000 680 999.999 354784.811 1354.279 2.9801 0 0 0 
690000 690 999.999 369670.69 1378.546 2.9767 0 0 0 
700000 700 999.999 383730.072 1384.426 2.9812 0 0 0 
710000 710 999.999 398393.241 1399.626 2.9795 0 0 0 
720000 720 1000.0 412304.673 1398.452 2.9868 0 0 0 
730000 730 1000.0 425774.34 1388.671 2.9847 0 0 0 
740000 740 1000.0 439669.298 1388.677 2.984 0 0 0 
750000 750 1000.0 454888.907 1413.369 2.9364 0 0 0 
760000 760 1000.0 470193.08 1434.949 2.8965 0 0 0 
770000 770 1000.0 484496.481 1432.707 2.9093 0 0 0 
780000 780 1000.0 498355.502 1423.869 2.915 0 0 0 
790000 790 1000.0 512314.714 1417.875 2.9245 0 0 0 
800000 800 1000.0 527200.398 1430.754 2.9384 0 0 0 
810000 810 1000.0 542020.518 1439.545 2.9529 0 0 0 
820000 820 1000.0 557667.939 1462.64 2.9779 0 0 0 
830000 830 1000.0 573389.464 1482.801 2.9886 0 0 0 
840000 840 1000.0 589230.979 1501.535 3.0042 0 0 0 
850000 850 1000.0 605371.381 1521.654 3.0154 0 0 0 
860000 860 1000.0 621221.478 1533.176 3.0189 0 0 0 
870000 870 1000.0 636966.669 1539.764 3.0232 0 0 0 
880000 880 1000.0 652761.355 1547.172 3.0275 0 0 0 
890000 890 1000.0 668097.899 1543.81 3.0215 0 0 0 
900000 900 1000.0 684023.442 1553.144 3.0237 0 0 0 
910000 910 1000.0 700346.737 1567.605 3.016 0 0 0 
920000 920 1000.0 716329.347 1573.05 3.0067 0 0 0 
930000 930 1000.0 732627.189 1583.531 2.9986 0 0 0 
940000 940 1000.0 749450.617 1601.81 2.9974 0 0 0 
950000 950 1000.0 765943.462 1610.99 2.9992 0 0 0 
960000 960 1000.0 782370.526 1616.638 2.9981 0 0 0 
970000 970 1000.0 798730.991 1620.013 2.9937 0 0 0 
980000 980 1000.0 812489.494 1572.857 2.991 0 0 0 
990000 990 1000.0 829651.635 1599.09 2.9932 0 0 0 
1000000 1000 1000.0 846589.622 1616.244 2.9945 0 0 0 
1010000 1010 1000.0 861078.115 1583.27 2.991 0 0 0 
1020000 1020 1000.0 878784.843 1617.559 2.9795 0 0 0 
1030000 1030 1000.0 896010.981 1637.045 2.9781 0 0 0 
1040000 1040 1000.0 912003.009 1629.017 2.9795 0 0 0 
1050000 1050 1000.0 928389.652 1628.796 2.9753 0 0 0 
1060000 1060 1000.0 944446.592 1624.358 2.9764 0 0 0 
1070000 1070 1000.0 961145.14 1632.365 2.9743 0 0 0 
1080000 1080 1000.0 977918.848 1641.325 2.9775 0 0 0 
1090000 1090 1000.0 994994.333 1653.131 2.985 0 0 0 
1100000 1100 1000.0 1010010.473 1623.785 2.9868 0 0 0 
1110000 1110 1000.0 1027438.184 1645.628 2.981 0 0 0 
1120000 1120 1000.0 1044269.781 1652.874 2.9777 0 0 0 
1130000 1130 1000.0 1062398.126 1681.703 2.9792 0 0 0 
1140000 1140 1000.0 1079808.434 1692.161 2.9849 0 0 0 
1150000 1150 1000.0 1098179.963 1719.144 2.9773 0 0 0 
1160000 1160 1000.0 1116447.754 1738.568 2.9792 0 0 0 
1170000 1170 1000.0 1134105.531 1743.027 2.9835 0 0 0 
1180000 1180 1000.0 1150616.173 1725.707 2.9823 0 0 0 
1190000 1190 1000.0 1167646.841 1721.38 2.9808 0 0 0 
1200000 1200 1000.0 1185700.502 1737.189 2.9852 0 0 0 
1210000 1210 1000.0 1203577.38 1746.931 2.9813 0 0 0 
1220000 1220 1000.0 1221391.928 1753.568 2.9873 0 0 0 
1230000 1230 1000.0 1239538.052 1764.824 2.988 0 0 0 
1240000 1240 1000.0 1256125.737 1746.111 2.9826 0 0 0 
1250000 1250 1000.0 1274715.831 1766.933 2.9841 0 0 0 
1260000 1260 1000.0 1293211.14 1782.57 2.9917 0 0 0 
1270000 1270 1000.0 1311029.979 1781.956 3.0029 0 0 0 
1280000 1280 1000.0 1328757.719 1780.917 2.9992 0 0 0 
1290000 1290 1000.0 1346781.527 1785.316 2.994 0 0 0 
1300000 1300 1000.0 1364788.643 1787.917 2.9923 0 0 0 
1310000 1310 1000.0 1382857.808 1791.54 2.9966 0 0 0 
1320000 1320 1000.0 1401632.832 1807.555 2.9972 0 0 0 
1330000 1330 1000.0 1420337.595 1818.243 2.998 0 0 0 
1340000 1340 1000.0 1438483.156 1817.597 2.9943 0 0 0 
1350000 1350 1000.0 1456525.83 1814.977 2.9903 0 0 0 
1360000 1360 1000.0 1474349.937 1808.19 2.9869 0 0 0 
1370000 1370 1000.0 1490989.255 1781.571 2.9889 0 0 0 
1380000 1380 1000.0 1509357.289 1792.27 2.9845 0 0 0 
1390000 1390 1000.0 1527012.167 1787.62 2.986 0 0 0 
1400000 1400 1000.0 1545301.277 1794.227 2.9879 0 0 0 
1410000 1410 1000.0 1562397.629 1779.297 2.9848 0 0 0 
1420000 1420 1000.0 1578660.566 1751.292 2.9767 0 0 0 
1430000 1430 1000.0 1597161.477 1769.8 2.975 0 0 0 
1440000 1440 1000.0 1615514.941 1781.658 2.9753 0 0 0 
1450000 1450 1000.0 1633351.514 1782.154 2.9751 0 0 0 
1460000 1460 1000.0 1651476.519 1787.809 2.9801 0 0 0 
1470000 1470 1000.0 1669821.265 1796.614 2.9815 0 0 0 
1480000 1480 1000.0 1687248.173 1786.69 2.9858 0 0 0 
1490000 1490 1000.0 1704860.704 1782.499 2.9885 0 0 0 
1500000 1500 1000.0 1721629.208 1763.635 2.9974 0 0 0 
1510000 1510 1000.0 1739034.116 1759.048 2.9963 0 0 0 
1520000 1520 1000.0 1756589.437 1758.17 2.9938 0 0 0 
1530000 1530 1000.0 1774328.014 1760.953 2.9874 0 0 0 
1540000 1540 1000.0 1791752.735 1757.043 2.9869 0 0 0 
1550000 1550 1000.0 1809825.134 1765.997 2.9862 0 0 0 
1560000 1560 1000.0 1827769.408 1771.571 2.9879 0 0 0 
1570000 1570 1000.0 1845145.94 1765.145 2.9894 0 0 0 
1580000 1580 1000.0 1862055.875 1751.322 2.9908 0 0 0 
1590000 1590 1000.0 1879420.764 1748.691 2.9907 0 0 0 
1600000 1600 1000.0 1897042.079 1751.64 2.9914 0 0 0 
1610000 1610 1000.0 1915550.519 1770.761 2.9845 0 0 0 
1620000 1620 1000.0 1934150.52 1787.086 2.9867 0 0 0 
1630000 1630 1000.0 1951759.633 1782.229 2.9897 0 0 0 
1640000 1640 1000.0 1970062.0 1791.432 2.986 0 0 0 
1650000 1650 1000.0 1988870.634 1807.804 2.9861 0 0 0 
1660000 1660 1000.0 2007639.237 1820.056 2.9885 0 0 0 
1670000 1670 1000.0 2025790.69 1819.325 2.9843 0 0 0 
1680000 1680 1000.0 2044212.772 1823.775 2.9857 0 0 0 
1690000 1690 1000.0 2062583.679 1826.257 2.9897 0 0 0 
1700000 1700 1000.0 2081120.856 1831.119 2.9892 0 0 0 
1710000 1710 1000.0 2100402.658 1848.645 2.9906 0 0 0 
1720000 1720 1000.0 2119270.225 1855.741 2.9936 0 0 0 
1730000 1730 1000.0 2137910.773 1857.254 2.9948 0 0 0 
1740000 1740 1000.0 2157118.095 1869.149 2.9901 0 0 0 
1750000 1750 1000.0 2177440.083 1899.807 2.9916 0 0 0 
1760000 1760 1000.0 2196894.606 1907.581 2.9974 0 0 0 
1770000 1770 1000.0 2216787.372 1922.85 2.9981 0 0 0 
1780000 1780 1000.0 2236678.208 1935.945 2.9909 0 0 0 
1790000 1790 1000.0 2257119.084 1956.723 2.9883 0 0 0 
1800000 1800 1000.0 2278421.301 1988.101 2.9873 0 0 0 
1810000 1810 1000.0 2298338.998 1988.966 2.9856 0 0 0 
1820000 1820 1000.0 2318813.338 1999.604 2.9884 0 0 0 
1830000 1830 1000.0 2338925.078 2001.352 2.9906 0 0 0 
1840000 1840 1000.0 2359145.449 2004.848 2.9805 0 0 0 
1850000 1850 1000.0 2379382.284 2008.85 2.974 0 0 0 
1860000 1860 1000.0 2398385.951 1989.07 2.9796 0 0 0 
1870000 1870 1000.0 2417975.331 1983.105 2.9797 0 0 0 
1880000 1880 1000.0 2438034.449 1987.943 2.9795 0 0 0 
1890000 1890 1000.0 2457740.157 1984.415 2.988 0 0 0 
1900000 1900 1000.0 2476483.847 1964.27 2.989 0 0 0 
1910000 1910 1000.0 2495985.31 1961.65 2.9867 0 0 0 
1920000 1920 1000.0 2516064.184 1969.964 2.9866 0 0 0 
1930000 1930 1000.0 2535569.148 1966.781 2.9858 0 0 0 
1940000 1940 1000.0 2554614.327 1954.623 2.984 0 0 0 
1950000 1950 1000.0 2573740.198 1947.402 2.9863 0 0 0 
1960000 1960 1000.0 2593522.276 1953.678 2.9911 0 0 0 
1970000 1970 1000.0 2612869.175 1949.476 2.9871 0 0 0 
1980000 1980 1000.0 2631695.315 1937.532 2.9893 0 0 0 
1990000 1990 1000.0 2650392.07 1924.745 2.9834 0 0 0 
2000000 2000 1000.0 2667819.711 1890.743 2.9893 0 0 0 
2010000 2010 1000.0 2686943.754 1895.107 2.9922 0 0 0 
2020000 2020 1000.0 2707137.534 1918.03 2.9919 0 0 0 
2030000 2030 1000.0 2726506.702 1921.869 2.9897 0 0 0 
2040000 2040 1000.0 2746302.425 1932.815 2.9871 0 0 0 
2050000 2050 1000.0 2766985.551 1957.713 2.9844 0 0 0 
2060000 2060 1000.0 2786213.808 1950.766 2.9837 0 0 0 
2070000 2070 1000.0 2805698.508 1949.634 2.9867 0 0 0 
2080000 2080 1000.0 2824483.4 1937.214 2.9847 0 0 0 
2090000 2090 1000.0 2843094.413 1924.303 2.9904 0 0 0 
2100000 2100 1000.0 2859312.111 1865.588 2.9896 0 0 0 
2110000 2110 1000.0 2877469.066 1857.357 2.9938 0 0 0 
2120000 2120 1000.0 2896224.663 1861.363 2.9966 0 0 0 
2130000 2130 1000.0 2913736.371 1841.087 2.9918 0 0 0 
2140000 2140 1000.0 2928795.884 1781.74 2.9908 0 0 0 
2150000 2150 1000.0 2947264.65 1794.47 2.9898 0 0 0 
2160000 2160 1000.0 2967495.795 1836.751 2.9814 0 0 0 
2170000 2170 1000.0 2987767.356 1871.78 2.9833 0 0 0 
2180000 2180 1000.0 3005003.188 1841.565 2.9851 0 0 0 
2190000 2190 1000.0 3021719.355 1812.669 2.9861 0 0 0 
2200000 2200 1000.0 3041623.996 1845.602 2.9805 0 0 0 
2210000 2210 1000.0 3061092.037 1864.008 2.9761 0 0 0 
2220000 2220 1000.0 3082407.318 1913.598 2.9716 0 0 0 
2230000 2230 1000.0 3103012.956 1939.402 2.9735 0 0 0 
2240000 2240 1000.0 3123532.062 1960.395 2.9762 0 0 0 
2250000 2250 1000.0 3144360.292 1982.438 2.9806 0 0 0 
2260000 2260 1000.0 3165091.314 1999.307 2.9755 0 0 0 
2270000 2270 1000.0 3185330.389 2004.202 2.9774 0 0 0 
2280000 2280 1000.0 3206634.231 2027.063 2.9793 0 0 0 
2290000 2290 1000.0 3227568.256 2038.817 2.9798 0 0 0 
2300000 2300 1000.0 3249043.226 2058.656 2.9782 0 0 0 
2310000 2310 1000.0 3271745.22 2097.296 2.9768 0 0 0 
2320000 2320 1000.0 3292804.946 2098.489 2.976 0 0 0 
2330000 2330 1000.0 3312284.161 2070.917 2.9743 0 0 0 
2340000 2340 1000.0 3332696.866 2065.618 2.9732 0 0 0 
2350000 2350 1000.0 3353858.261 2074.681 2.973 0 0 0 
2360000 2360 1000.0 3375011.704 2081.938 2.9749 0 0 0 
2370000 2370 1000.0 3396085.657 2086.425 2.972 0 0 0 
2380000 2380 1000.0 3417260.875 2091.766 2.9735 0 0 0 
2390000 2390 1000.0 3438654.541 2100.824 2.9694 0 0 0 
2400000 2400 1000.0 3460109.781 2109.254 2.9715 0 0 0 
2410000 2410 1000.0 3481886.096 2121.707 2.9691 0 0 0 
2420000 2420 1000.0 3502854.551 2116.898 2.9682 0 0 0 
2430000 2430 1000.0 3523346.674 2104.865 2.9699 0 0 0 
2440000 2440 1000.0 3543784.774 2093.424 2.9713 0 0 0 
2450000 2450 1000.0 3563961.318 2079.822 2.9694 0 0 0 
2460000 2460 1000.0 3583942.391 2065.404 2.97 0 0 0 
2470000 2470 1000.0 3604865.576 2070.352 2.9629 0 0 0 
2480000 2480 1000.0 3625596.543 2070.548 2.9602 0 0 0 
2490000 2490 1000.0 3646551.162 2074.703 2.9694 0 0 0 
2500000 2500 1000.0 3666464.008 2059.555 2.9705 0 0 0 
2510000 2510 1000.0 3686863.891 2055.687 2.9667 0 0 0 
2520000 2520 1000.0 3706860.516 2045.656 2.9665 0 0 0 
2530000 2530 1000.0 3726792.367 2036.748 2.9724 0 0 0 
2540000 2540 1000.0 3747785.223 2047.984 2.9758 0 0 0 
2550000 2550 1000.0 3768504.408 2052.399 2.9802 0 0 0 
2560000 2560 1000.0 3789644.67 2063.6 2.9887 0 0 0 
2570000 2570 1000.0 3810247.06 2063.311 2.9962 0 0 0 
2580000 2580 1000.0 3831665.526 2077.979 2.9929 0 0 0 
2590000 2590 1000.0 3852756.222 2083.388 2.9948 0 0 0 
2600000 2600 1000.0 3873750.321 2086.468 3.0008 0 0 0 
2610000 2610 1000.0 3895400.463 2100.968 2.9974 0 0 0 
2620000 2620 1000.0 3916851.659 2109.215 2.9979 0 0 0 
2630000 2630 1000.0 3938887.721 2126.729 2.9914 0 0 0 
2640000 2640 1000.0 3961180.771 2145.025 2.9932 0 0 0 
2650000 2650 1000.0 3983454.61 2160.33 2.9963 0 0 0 
2660000 2660 1000.0 4006030.863 2178.147 2.9896 0 0 0 
2670000 2670 1000.0 4027638.866 2175.132 2.9971 0 0 0 
2680000 2680 1000.0 4049244.065 2172.627 3.0073 0 0 0 
2690000 2690 1000.0 4070155.416 2157.598 3.0056 0 0 0 
2700000 2700 1000.0 4091569.388 2154.768 3.0107 0 0 0 
2710000 2710 1000.0 4113374.051 2159.161 3.0059 0 0 0 
2720000 2720 1000.0 4135395.709 2167.01 3.0035 0 0 0 
2730000 2730 1000.0 4156766.717 2161.115 3.0048 0 0 0 
2740000 2740 1000.0 4178027.522 2155.03 3.0067 0 0 0 
2750000 2750 1000.0 4199247.609 2149.271 3.0063 0 0 0 
2760000 2760 1000.0 4220666.283 2147.731 3.0056 0 0 0 
2770000 2770 1000.0 4242526.272 2154.68 3.0066 0 0 0 
2780000 2780 1000.0 4263737.833 2148.74 3.002 0 0 0 
2790000 2790 1000.0 4285718.434 2157.713 2.9881 0 0 0 
2800000 2800 1000.0 4306827.067 2148.63 2.9912 0 0 0 
2810000 2810 1000.0 4327580.086 2134.783 2.9961 0 0 0 
2820000 2820 1000.0 4348588.241 2128.814 3.0033 0 0 0 
2830000 2830 1000.0 4369726.724 2125.761 2.9997 0 0 0 
2840000 2840 1000.0 4391001.564 2126.004 2.9995 0 0 0 
2850000 2850 1000.0 4411268.888 2107.759 3.0032 0 0 0 
2860000 2860 1000.0 4431441.899 2090.643 2.9983 0 0 0 
2870000 2870 1000.0 4451377.71 2073.89 2.9953 0 0 0 
2880000 2880 1000.0 4471998.092 2070.8 2.9959 0 0 0 
2890000 2890 1000.0 4493168.24 2079.352 3.002 0 0 0 
2900000 2900 1000.0 4515139.145 2100.911 3.0106 0 0 0 
2910000 2910 1000.0 4536130.728 2101.176 3.0103 0 0 0 
2920000 2920 1000.0 4557850.699 2114.544 3.0045 0 0 0 
2930000 2930 1000.0 4580276.518 2138.236 3.0064 0 0 0 
2940000 2940 1000.0 4602446.778 2152.666 2.9973 0 0 0 
2950000 2950 1000.0 4624433.878 2160.684 2.9964 0 0 0 
2960000 2960 1000.0 4644987.003 2141.464 2.9911 0 0 0 
2970000 2970 1000.0 4665342.029 2122.452 2.9951 0 0 0 
2980000 2980 1000.0 4686255.277 2116.768 2.9999 0 0 0 
2990000 2990 1000.0 4707557.749 2119.369 3.0034 0 0 0 
3000000 3000 1000.0 4728932.572 2123.103 3.0061 0 0 0 
3010000 3010 1000.0 4750610.097 2131.207 3.0033 0 0 0 
3020000 3020 1000.0 4771765.306 2128.104 2.9991 0 0 0 
3030000 3030 1000.0 4792823.163 2123.546 3.0047 0 0 0 
3040000 3040 1000.0 4812903.265 2102.724 3.0042 0 0 0 
3050000 3050 1000.0 4834350.418 2110.509 3.0031 0 0 0 
3060000 3060 1000.0 4855835.071 2117.874 3.0101 0 0 0 
3070000 3070 1000.0 4876849.783 2114.248 3.0054 0 0 0 
3080000 3080 1000.0 4896954.454 2095.04 3.0036 0 0 0 
3090000 3090 1000.0 4918120.015 2098.34 3.0069 0 0 0 
3100000 3100 1000.0 4939825.336 2111.571 3.008 0 0 0 
3110000 3110 1000.0 4961493.049 2121.203 3.0131 0 0 0 
3120000 3120 1000.0 4983024.369 2126.994 3.017 0 0 0 
3130000 3130 1000.0 5003783.604 2116.751 3.0091 0 0 0 
3140000 3140 1000.0 5025184.73 2121.562 3.0047 0 0 0 
3150000 3150 1000.0 5046848.852 2129.273 3.0002 0 0 0 
3160000 3160 1000.0 5067555.04 2118.289 2.9973 0 0 0 
3170000 3170 1000.0 5082246.535 1997.454 3.0039 0 0 0 
3180000 3180 1000.0 5102172.679 1997.04 3.0099 0 0 0 
3190000 3190 1000.0 5120863.97 1978.35 3.0122 0 0 0 
3200000 3200 1000.0 5142465.718 2012.193 3.013 0 0 0 
3210000 3210 1000.0 5162638.312 2012.5 3.0194 0 0 0 
3220000 3220 1000.0 5182867.634 2014.666 3.0173 0 0 0 
3230000 3230 1000.0 5203174.305 2018.627 3.0163 0 0 0 
3240000 3240 1000.0 5224008.131 2030.094 3.0119 0 0 0 
3250000 3250 1000.0 5244092.79 2025.745 3.0128 0 0 0 
3260000 3260 1000.0 5264716.757 2032.968 3.0118 0 0 0 
3270000 3270 1000.0 5286253.764 2054.427 3.0088 0 0 0 
3280000 3280 1000.0 5306744.59 2053.254 3.0054 0 0 0 
3290000 3290 1000.0 5327474.288 2056.642 3.006 0 0 0 
3300000 3300 1000.0 5348307.978 2061.583 3.0019 0 0 0 
3310000 3310 1000.0 5368906.733 2061.545 2.9955 0 0 0 
3320000 3320 1000.0 5389698.635 2064.17 2.9963 0 0 0 
3330000 3330 1000.0 5410509.995 2067.2 2.9941 0 0 0 
3340000 3340 1000.0 5431060.677 2064.387 2.9933 0 0 0 
3350000 3350 1000.0 5452548.56 2079.711 2.9896 0 0 0 
3360000 3360 1000.0 5474026.017 2092.147 2.993 0 0 0 
3370000 3370 1000.0 5495020.97 2092.956 2.9904 0 0 0 
3380000 3380 1000.0 5515192.848 2079.618 2.9982 0 0 0 
3390000 3390 1000.0 5534474.886 2050.231 3.0037 0 0 0 
3400000 3400 1000.0 5555426.652 2058.173 3.0082 0 0 0 
3410000 3410 1000.0 5576996.301 2075.817 3.0122 0 0 0 
3420000 3420 1000.0 5598445.029 2088.875 3.0061 0 0 0 
3430000 3430 1000.0 5619606.758 2094.237 3.0061 0 0 0 
3440000 3440 1000.0 5641278.221 2107.852 3.0073 0 0 0 
3450000 3450 1000.0 5662921.075 2118.299 3.0149 0 0 0 
3460000 3460 1000.0 5685036.386 2135.516 3.0113 0 0 0 
3470000 3470 1000.0 5706974.404 2146.636 3.0103 0 0 0 
3480000 3480 1000.0 5729079.487 2158.069 3.008 0 0 0 
3490000 3490 1000.0 5751181.742 2167.634 3.0081 0 0 0 
3500000 3500 1000.0 5773340.96 2176.663 3.0012 0 0 0 
3510000 3510 1000.0 5795142.869 2177.408 2.9937 0 0 0 
3520000 3520 1000.0 5814481.277 2133.869 2.9952 0 0 0 
3530000 3530 1000.0 5836568.433 2147.388 2.9953 0 0 0 
3540000 3540 1000.0 5858497.742 2155.883 2.9882 0 0 0 
3550000 3550 1000.0 5880203.749 2158.693 2.9919 0 0 0 
3560000 3560 1000.0 5901712.563 2157.602 2.9944 0 0 0 
3570000 3570 1000.0 5921535.941 2128.578 2.9939 0 0 0 
3580000 3580 1000.0 5942890.209 2129.742 2.9939 0 0 0 
3590000 3590 1000.0 5964749.153 2139.658 2.995 0 0 0 
3600000 3600 1000.0 5986159.393 2139.878 2.9944 0 0 0 
3610000 3610 1000.0 6007391.753 2137.209 2.9887 0 0 0 
3620000 3620 1000.0 6029091.484 2143.28 2.988 0 0 0 
3630000 3630 1000.0 6050528.873 2143.389 2.9842 0 0 0 
3640000 3640 1000.0 6072918.715 2161.016 2.9901 0 0 0 
3650000 3650 1000.0 6094403.643 2158.283 2.989 0 0 0 
3660000 3660 1000.0 6115860.365 2156.394 2.9926 0 0 0 
3670000 3670 1000.0 6136979.24 2148.2 2.9949 0 0 0 
3680000 3680 1000.0 6158228.31 2144.39 2.9891 0 0 0 
3690000 3690 1000.0 6179217.052 2135.679 2.9836 0 0 0 
3700000 3700 1000.0 6199310.501 2111.514 2.9901 0 0 0 
3710000 3710 1000.0 6219495.243 2094.095 2.9949 0 0 0 
3720000 3720 1000.0 6239923.912 2084.989 2.9939 0 0 0 
3730000 3730 1000.0 6259163.053 2055.756 2.9935 0 0 0 
3740000 3740 1000.0 6278694.994 2036.604 2.9959 0 0 0 
3750000 3750 1000.0 6298000.913 2017.54 2.9958 0 0 0 
3760000 3760 1000.0 6317621.024 2007.115 2.992 0 0 0 
3770000 3770 1000.0 6337007.794 1994.305 2.9875 0 0 0 
3780000 3780 1000.0 6356837.639 1992.527 2.993 0 0 0 
3790000 3790 1000.0 6376601.068 1989.558 2.9905 0 0 0 
3800000 3800 1000.0 6395817.264 1976.305 2.9941 0 0 0 
3810000 3810 1000.0 6415205.507 1969.075 2.9964 0 0 0 
3820000 3820 1000.0 6435243.722 1976.585 3.0015 0 0 0 
3830000 3830 1000.0 6456530.029 2003.865 3.0006 0 0 0 
3840000 3840 1000.0 6476702.004 2006.782 3.0029 0 0 0 
3850000 3850 1000.0 6497098.405 2012.237 3.0032 0 0 0 
3860000 3860 1000.0 6516135.973 1992.385 3.0028 0 0 0 
3870000 3870 1000.0 6535318.736 1979.139 3.0062 0 0 0 
3880000 3880 1000.0 6555316.449 1982.793 3.0141 0 0 0 
3890000 3890 1000.0 6575155.53 1983.289 3.014 0 0 0 
3900000 3900 1000.0 6595092.729 1985.368 3.0149 0 0 0 
3910000 3910 1000.0 6615466.519 1995.303 3.022 0 0 0 
3920000 3920 1000.0 6636123.168 2008.432 3.0171 0 0 0 
3930000 3930 1000.0 6656803.097 2019.466 3.0189 0 0 0 
3940000 3940 1000.0 6677486.568 2027.943 3.0188 0 0 0 
3950000 3950 1000.0 6697539.289 2023.8 3.0182 0 0 0 
3960000 3960 1000.0 6715300.176 1979.199 3.0183 0 0 0 
3970000 3970 1000.0 6734943.42 1976.657 3.0183 0 0 0 
3980000 3980 1000.0 6755294.025 1987.983 3.0193 0 0 0 
3990000 3990 1000.0 6775833.788 1999.975 3.0132 0 0 0 
4000000 4000 1000.0 6796940.037 2020.615 3.0151 0 0 0 
4010000 4010 1000.0 6817154.493 2020.758 3.0026 0 0 0 
4020000 4020 1000.0 6838547.77 2042.412 3.0033 0 0 0 
4030000 4030 1000.0 6859865.155 2058.552 2.9992 0 0 0 
4040000 4040 1000.0 6881161.201 2071.571 2.9953 0 0 0 
4050000 4050 1000.0 6902321.807 2079.49 2.995 0 0 0 
4060000 4060 1000.0 6923159.433 2080.652 2.9951 0 0 0 
4070000 4070 1000.0 6943961.88 2080.497 3.0011 0 0 0 
4080000 4080 1000.0 6965308.702 2090.741 2.9986 0 0 0 
4090000 4090 1000.0 6987039.557 2105.385 2.9938 0 0 0 
4100000 4100 1000.0 7008135.263 2106.031 2.9955 0 0 0 
4110000 4110 1000.0 7029209.966 2106.17 2.9983 0 0 0 
4120000 4120 1000.0 7050887.223 2117.686 2.9931 0 0 0 
4130000 4130 1000.0 7071616.119 2108.521 2.9952 0 0 0 
4140000 4140 1000.0 7093339.538 2120.013 2.9944 0 0 0 
4150000 4150 1000.0 7114895.703 2126.93 2.9982 0 0 0 
4160000 4160 1000.0 7136116.297 2125.726 3.004 0 0 0 
4170000 4170 1000.0 7157550.937 2128.775 3.0093 0 0 0 
4180000 4180 1000.0 7179247.041 2136.128 3.0061 0 0 0 
4190000 4190 1000.0 7200811.775 2139.599 3.0055 0 0 0 
4200000 4200 1000.0 7221734.817 2130.901 3.0081 0 0 0 
4210000 4210 1000.0 7242955.298 2129.367 3.0025 0 0 0 
4220000 4220 1000.0 7264782.352 2139.164 3.0004 0 0 0 
4230000 4230 1000.0 7285372.775 2124.275 2.998 0 0 0 
4240000 4240 1000.0 7306631.196 2125.032 3.0055 0 0 0 
4250000 4250 1000.0 7327341.704 2115.167 3.0082 0 0 0 
4260000 4260 1000.0 7348626.622 2117.321 3.0037 0 0 0 
4270000 4270 1000.0 7369968.015 2120.488 3.0042 0 0 0 
4280000 4280 1000.0 7390796.023 2112.782 3.0141 0 0 0 
4290000 4290 1000.0 7411506.709 2105.465 3.0123 0 0 0 
4300000 4300 1000.0 7432010.591 2094.789 3.0171 0 0 0 
4310000 4310 1000.0 7452736.426 2091.088 3.0092 0 0 0 
4320000 4320 1000.0 7473667.668 2091.633 3.0147 0 0 0 
4330000 4330 1000.0 7494043.752 2081.96 3.0188 0 0 0 
4340000 4340 1000.0 7514765.717 2079.294 3.0186 0 0 0 
4350000 4350 1000.0 7535456.63 2077.718 3.0159 0 0 0 
4360000 4360 1000.0 7556547.261 2083.898 3.0125 0 0 0 
4370000 4370 1000.0 7577848.196 2092.935 3.0162 0 0 0 
4380000 4380 1000.0 7598782.54 2092.819 3.0109 0 0 0 
4390000 4390 1000.0 7618932.605 2078.801 3.0087 0 0 0 
4400000 4400 1000.0 7639557.501 2076.392 3.0129 0 0 0 
4410000 4410 1000.0 7656389.72 2005.289 3.0214 0 0 0 
4420000 4420 1000.0 7677176.73 2018.933 3.0226 0 0 0 
4430000 4430 1000.0 7697281.179 2017.857 3.0251 0 0 0 
4440000 4440 1000.0 7717038.856 2010.569 3.0315 0 0 0 
4450000 4450 1000.0 7738087.272 2027.803 3.0248 0 0 0 
4460000 4460 1000.0 7759464.389 2047.74 3.0218 0 0 0 
4470000 4470 1000.0 7780707.955 2061.672 3.0138 0 0 0 
4480000 4480 1000.0 7801100.853 2058.23 3.0132 0 0 0 
4490000 4490 1000.0 7822022.885 2063.899 3.0201 0 0 0 
4500000 4500 1000.0 7842026.57 2050.854 3.0151 0 0 0 
4510000 4510 1000.0 7861598.91 2033.222 3.0122 0 0 0 
4520000 4520 1000.0 7881322.545 2023.319 3.0042 0 0 0 
4530000 4530 1000.0 7902524.415 2040.281 3.0062 0 0 0 
4540000 4540 1000.0 7922017.503 2023.122 3.0086 0 0 0 
4550000 4550 1000.0 7941318.577 2005.501 3.0009 0 0 0 
4560000 4560 1000.0 7960301.297 1986.249 3.0082 0 0 0 
4570000 4570 1000.0 7979676.139 1977.54 3.0075 0 0 0 
4580000 4580 1000.0 7999290.163 1974.055 3.0126 0 0 0 
4590000 4590 1000.0 8019336.431 1979.673 3.0025 0 0 0 
4600000 4600 1000.0 8038825.904 1973.816 3.0005 0 0 0 
4610000 4610 1000.0 8057780.622 1960.523 2.9995 0 0 0 
4620000 4620 1000.0 8077587.128 1963.784 2.9952 0 0 0 
4630000 4630 1000.0 8097613.987 1971.241 2.995 0 0 0 
4640000 4640 1000.0 8116714.246 1959.688 2.9972 0 0 0 
4650000 4650 1000.0 8135803.886 1950.251 3.0023 0 0 0 
4660000 4660 1000.0 8155968.478 1962.413 2.9966 0 0 0 
4670000 4670 1000.0 8176877.856 1986.08 2.9987 0 0 0 
4680000 4680 1000.0 8197816.774 2005.286 2.9978 0 0 0 
4690000 4690 1000.0 8218324.38 2013.473 2.9919 0 0 0 
4700000 4700 1000.0 8238177.033 2008.559 2.9911 0 0 0 
4710000 4710 1000.0 8258482.469 2012.987 2.9918 0 0 0 
4720000 4720 1000.0 8278914.816 2018.936 2.9984 0 0 0 
4730000 4730 1000.0 8299488.194 2026.509 3.0119 0 0 0 
4740000 4740 1000.0 8319567.339 2023.286 3.0024 0 0 0 
4750000 4750 1000.0 8340167.715 2030.244 3.0055 0 0 0 
4760000 4760 1000.0 8360638.125 2032.755 3.0062 0 0 0 
4770000 4770 1000.0 8380641.659 2026.989 3.0111 0 0 0 
4780000 4780 1000.0 8401486.738 2037.539 3.0108 0 0 0 
4790000 4790 1000.0 8422138.22 2042.383 3.0058 0 0 0 
4800000 4800 1000.0 8443283.066 2055.574 3.006 0 0 0 
4810000 4810 1000.0 8464932.582 2075.54 3.0079 0 0 0 
4820000 4820 1000.0 8486220.041 2085.122 3.0048 0 0 0 
4830000 4830 1000.0 8506400.861 2073.113 3.0106 0 0 0 
4840000 4840 1000.0 8527136.399 2073.317 3.019 0 0 0 
4850000 4850 1000.0 8547799.454 2072.143 3.0192 0 0 0 
4860000 4860 1000.0 8568613.176 2073.453 3.018 0 0 0 
4870000 4870 1000.0 8588915.155 2065.112 3.0144 0 0 0 
4880000 4880 1000.0 8609114.657 2056.708 3.0207 0 0 0 
4890000 4890 1000.0 8628772.346 2040.389 3.0265 0 0 0 
4900000 4900 1000.0 8648861.428 2034.375 3.0232 0 0 0 
4910000 4910 1000.0 8669140.66 2032.997 3.0302 0 0 0 
4920000 4920 1000.0 8689016.959 2024.558 3.0311 0 0 0 
4930000 4930 1000.0 8709812.455 2034.41 3.0299 0 0 0 
4940000 4940 1000.0 8729869.209 2028.887 3.0264 0 0 0 
4950000 4950 1000.0 8749280.515 2011.919 3.0281 0 0 0 
4960000 4960 1000.0 8768225.678 1989.888 3.0255 0 0 0 
4970000 4970 1000.0 8786290.685 1955.272 3.0251 0 0 0 
4980000 4980 1000.0 8805723.588 1952.597 3.0249 0 0 0 
4990000 4990 1000.0 8823589.281 1921.672 3.0276 0 0 0 
5000000 5000 1000.0 8841713.827 1901.796 3.0189 0 0 0 
5010000 5010 1000.0 8861613.892 1917.741 3.0181 0 0 0 
5020000 5020 1000.0 8880671.748 1915.221 3.0169 0 0 0 
5030000 5030 1000.0 8900160.097 1921.406 3.0155 0 0 0 
5040000 5040 1000.0 8920860.039 1949.257 3.0177 0 0 0 
5050000 5050 1000.0 8940840.375 1957.366 3.0185 0 0 0 
5060000 5060 1000.0 8960917.965 1966.732 3.0188 0 0 0 
5070000 5070 1000.0 8981912.893 1991.196 3.0239 0 0 0 
5080000 5080 1000.0 9002550.909 2004.147 3.0239 0 0 0 
5090000 5090 1000.0 9023621.025 2023.163 3.0243 0 0 0 
5100000 5100 1000.0 9044372.338 2033.008 3.0231 0 0 0 
5110000 5110 1000.0 9065166.716 2041.955 3.0251 0 0 0 
5120000 5120 1000.0 9086003.298 2049.51 3.0246 0 0 0 
5130000 5130 1000.0 9106365.169 2047.234 3.0282 0 0 0 
5140000 5140 1000.0 9126764.873 2045.972 3.0294 0 0 0 
5150000 5150 1000.0 9147895.868 2058.403 3.0303 0 0 0 
5160000 5160 1000.0 9168659.316 2061.592 3.034 0 0 0 
5170000 5170 1000.0 9188740.328 2051.847 3.0339 0 0 0 
5180000 5180 1000.0 9210258.352 2070.205 3.0305 0 0 0 
5190000 5190 1000.0 9231041.396 2071.719 3.0319 0 0 0 
5200000 5200 1000.0 9252431.286 2083.169 3.0363 0 0 0 
5210000 5210 1000.0 9273900.532 2094.927 3.0434 0 0 0 
5220000 5220 1000.0 9295256.373 2102.576 3.0387 0 0 0 
5230000 5230 1000.0 9316637.007 2108.822 3.0421 0 0 0 
5240000 5240 1000.0 9338468.203 2123.011 3.041 0 0 0 
5250000 5250 1000.0 9360268.662 2133.489 3.0283 0 0 0 
5260000 5260 1000.0 9381798.896 2137.069 3.0245 0 0 0 
5270000 5270 1000.0 9403024.535 2134.506 3.0247 0 0 0 
5280000 5280 1000.0 9424380.409 2134.841 3.0214 0 0 0 
5290000 5290 1000.0 9445121.625 2123.421 3.0253 0 0 0 
5300000 5300 1000.0 9466059.572 2117.841 3.0302 0 0 0 
5310000 5310 1000.0 9486859.749 2111.323 3.0307 0 0 0 
5320000 5320 1000.0 9508537.156 2121.417 3.0327 0 0 0 
5330000 5330 1000.0 9529577.979 2117.46 3.0289 0 0 0 
5340000 5340 1000.0 9550616.904 2115.392 3.025 0 0 0 
5350000 5350 1000.0 9571781.168 2115.088 3.021 0 0 0 
5360000 5360 1000.0 9593059.261 2117.471 3.0274 0 0 0 
5370000 5370 1000.0 9614468.757 2121.521 3.0277 0 0 0 
5380000 5380 1000.0 9636239.394 2131.777 3.0257 0 0 0 
5390000 5390 1000.0 9657410.269 2128.887 3.0257 0 0 0 
5400000 5400 1000.0 9678914.353 2132.532 3.0326 0 0 0 
5410000 5410 1000.0 9700673.316 2139.874 3.0418 0 0 0 
5420000 5420 1000.0 9721439.63 2128.225 3.0452 0 0 0 
5430000 5430 1000.0 9742718.092 2127.978 3.048 0 0 0 
5440000 5440 1000.0 9763035.466 2110.107 3.0425 0 0 0 
5450000 5450 1000.0 9784490.371 2116.605 3.0376 0 0 0 
5460000 5460 1000.0 9806032.95 2123.711 3.0402 0 0 0 
5470000 5470 1000.0 9827396.348 2126.271 3.0367 0 0 0 
5480000 5480 1000.0 9848224.815 2118.261 3.0352 0 0 0 
5490000 5490 1000.0 9869399.843 2118.26 3.0315 0 0 0 
5500000 5500 1000.0 9890382.882 2114.686 3.0295 0 0 0 
5510000 5510 1000.0 9911081.029 2106.13 3.0338 0 0 0 
5520000 5520 1000.0 9932055.207 2104.605 3.0313 0 0 0 
5530000 5530 1000.0 9953090.076 2104.71 3.0351 0 0 0 
5540000 5540 1000.0 9974546.257 2112.12 3.0358 0 0 0 
5550000 5550 1000.0 9995689.299 2112.467 3.0335 0 0 0 
5560000 5560 1000.0 10016280.419 2102.82 3.0323 0 0 0 
5570000 5570 1000.0 10037045.228 2097.995 3.0283 0 0 0 
5580000 5580 1000.0 10056971.787 2079.164 3.0235 0 0 0 
5590000 5590 1000.0 10076900.804 2062.868 3.0135 0 0 0 
5600000 5600 1000.0 10097173.247 2056.424 3.0103 0 0 0 
5610000 5610 1000.0 10117817.881 2057.765 3.0189 0 0 0 
5620000 5620 1000.0 10136447.568 2021.175 3.0209 0 0 0 
5630000 5630 1000.0 10154095.217 1977.544 3.0231 0 0 0 
5640000 5640 1000.0 10173886.26 1977.656 3.0184 0 0 0 
5650000 5650 1000.0 10194314.567 1989.282 3.0217 0 0 0 
5660000 5660 1000.0 10214681.026 1997.962 3.0261 0 0 0 
5670000 5670 1000.0 10234641.033 1998.06 3.0305 0 0 0 
5680000 5680 1000.0 10255139.465 2007.289 3.0298 0 0 0 
5690000 5690 1000.0 10275860.985 2019.308 3.0252 0 0 0 
5700000 5700 1000.0 10296401.262 2025.704 3.0288 0 0 0 
5710000 5710 1000.0 10316479.544 2022.213 3.0172 0 0 0 
5720000 5720 1000.0 10335978.309 2009.268 3.022 0 0 0 
5730000 5730 1000.0 10353741.944 1969.184 3.02 0 0 0 
5740000 5740 1000.0 10372485.917 1951.34 3.0239 0 0 0 
5750000 5750 1000.0 10391494.651 1942.07 3.0217 0 0 0 
5760000 5760 1000.0 10410797.685 1940.544 3.0236 0 0 0 
5770000 5770 1000.0 10430456.171 1945.5 3.0254 0 0 0 
5780000 5780 1000.0 10451094.458 1967.049 3.0279 0 0 0 
5790000 5790 1000.0 10470983.835 1970.56 3.0335 0 0 0 
5800000 5800 1000.0 10491208.835 1979.803 3.033 0 0 0 
5810000 5810 1000.0 10511609.751 1990.557 3.0349 0 0 0 
5820000 5820 1000.0 10531889.346 1997.573 3.0333 0 0 0 
5830000 5830 1000.0 10551701.894 1995.303 3.0353 0 0 0 
5840000 5840 1000.0 10572085.507 2003.123 3.0424 0 0 0 
5850000 5850 1000.0 10592916.421 2018.165 3.037 0 0 0 
5860000 5860 1000.0 10613796.46 2031.157 3.0412 0 0 0 
5870000 5870 1000.0 10634111.637 2031.255 3.0405 0 0 0 
5880000 5880 1000.0 10653940.21 2022.746 3.0392 0 0 0 
5890000 5890 1000.0 10673941.321 2019.347 3.0406 0 0 0 
5900000 5900 1000.0 10693682.702 2010.393 3.0381 0 0 0 
5910000 5910 1000.0 10713019.526 1996.437 3.0383 0 0 0 
5920000 5920 1000.0 10733071.044 1997.949 3.0396 0 0 0 
5930000 5930 1000.0 10753347.743 2003.796 3.0434 0 0 0 
5940000 5940 1000.0 10773595.613 2007.124 3.048 0 0 0 
5950000 5950 1000.0 10793913.377 2011.202 3.0522 0 0 0 
5960000 5960 1000.0 10814053.512 2011.791 3.0444 0 0 0 
5970000 5970 1000.0 10834179.968 2011.703 3.0409 0 0 0 
5980000 5980 1000.0 10855442.981 2032.925 3.0329 0 0 0 
5990000 5990 1000.0 10876093.068 2038.869 3.0332 0 0 0 
6000000 6000 1000.0 10896276.86 2035.487 3.0276 0 0 0 
