10000 12 150.802 1952.6 30.862 1.6706 12 19434.0 956.0919 0.0 0.0 0.0 0.0 
20000 23 309.447 3700.2 56.965 3.4292 23 36866.0 1355.7447 0.0 0.0 0.0 0.0 
30000 33 440.963 5588.0 82.871 4.8897 33 55615.0 1773.9693 0.0 0.0 0.0 0.0 
40000 55 449.002 9007.2 108.809 10.1581 55 91404.0 1647.0082 0.0005024 0.0294544 0.0190145 0.0024261 
50000 80 429.234 13082.2 130.055 14.6201 80 135962.0 1715.9043 0.0003432 0.0091884 0.0197785 0.0024734 
60000 116 349.133 18228.4 136.98 14.6955 116 192647.0 1628.2763 0.0002978 0.0176617 0.0218232 0.0028384 
70000 149 328.831 23493.2 148.327 15.5381 149 250906.0 1832.9042 0.0002879 0.0309136 0.0239267 0.0030783 
80000 187 295.864 29279.8 151.777 14.8871 187 314846.0 1689.7655 0.0002662 0.0294939 0.0261826 0.0033037 
90000 221 292.743 34625.5 154.187 15.1214 221 373964.0 1769.7774 0.0002571 0.0299995 0.0272787 0.0034515 
100000 263 250.13 40865.0 145.111 13.1254 263 443284.0 1297.4712 0.0003465 0.0377325 0.028286 0.0038637 
110000 313 223.229 46629.2 128.752 11.8582 313 507111.0 1378.241 0.0002849 0.0419346 0.0272412 0.00361 
120000 359 215.982 51669.2 114.878 11.5045 359 562782.0 1004.7563 0.0002829 0.0399866 0.026893 0.0035014 
130000 392 259.143 55689.3 118.282 13.7752 392 607649.0 1363.9883 0.0002044 0.0550417 0.0236426 0.003045 
140000 428 263.594 61384.0 136.212 14.0256 428 671312.0 1589.4061 0.0001983 0.0479979 0.0235116 0.0029617 
150000 483 211.599 67244.1 118.295 11.2524 483 736419.0 1334.9636 0.0001828 0.0580617 0.023495 0.0029979 
160000 524 227.471 71857.9 115.114 12.173 524 786894.0 1347.8825 0.0001982 0.0808983 0.024066 0.0030291 
170000 544 293.461 75253.4 130.751 15.7394 544 824551.0 1753.1983 0.0002024 0.0762217 0.0229519 0.0028782 
180000 555 417.739 76815.8 134.617 22.2762 555 841833.0 1627.3471 0.0001576 0.0782698 0.0182735 0.0022992 
190000 563 564.29 78207.6 139.86 30.0965 563 857198.0 1791.2512 0.0001097 0.0866561 0.0143555 0.0018157 
200000 567 678.978 78766.8 140.19 36.1263 567 863497.0 1735.5292 6.94e-05 0.0320611 0.0100945 0.0011507 
210000 573 817.648 79614.0 142.056 43.6296 573 873006.0 1756.2592 5.72e-05 0.040967 0.0082253 0.0011023 
220000 587 796.523 81827.1 146.649 42.5019 587 897942.0 1794.3056 6.32e-05 0.0852773 0.0092991 0.001102 
230000 598 815.614 83367.2 145.091 43.5922 598 915299.0 1626.2821 6.3e-05 0.0682674 0.0093198 0.0012456 
240000 613 769.388 85769.3 147.752 41.0774 613 942438.0 1668.846 7.88e-05 0.1708507 0.0114595 0.0015536 
250000 638 632.881 89828.9 154.074 33.7089 638 987911.0 1863.2045 9.65e-05 0.1405198 0.0147605 0.0020741 
260000 643 753.2 90542.4 152.185 40.1911 643 996153.0 1722.8671 8.89e-05 0.13757 0.0139976 0.00179 
270000 654 800.713 91948.1 148.674 42.788 654 1012184.0 1632.8726 8.11e-05 0.1392262 0.0122396 0.0016611 
280000 678 654.441 96598.1 166.894 34.9501 678 1064458.0 2277.481 9.55e-05 0.1326437 0.0140916 0.0019672 
290000 694 641.416 99259.1 167.088 34.1936 694 1094297.0 1932.33 0.0001178 0.1620765 0.0151582 0.0022347 
300000 704 706.325 101356.2 174.358 37.5888 704 1117903.0 2224.4743 0.0001205 0.0986547 0.0175221 0.002399 
310000 714 758.94 103454.5 179.081 40.3503 714 1141608.0 2246.2774 0.0001017 0.104558 0.0146785 0.0019964 
320000 718 846.397 104165.1 179.533 45.0488 718 1149778.0 2178.2613 9.25e-05 0.1009488 0.0110902 0.0016715 
330000 724 973.715 105174.0 179.085 51.9088 724 1161268.0 2101.0514 0.000119 0.0901016 0.0092139 0.0013026 
340000 736 939.049 107946.8 186.353 50.1064 736 1192616.0 2355.7417 9.34e-05 0.0891478 0.0103373 0.0013852 
350000 748 918.126 110058.0 188.9 48.9266 748 1216577.0 2221.5048 0.0001319 0.1126786 0.0121003 0.0016733 
360000 759 916.456 112388.5 191.317 48.7756 759 1243314.0 2238.3737 9.08e-05 0.1376247 0.0130709 0.0016945 
370000 772 892.539 115401.7 202.566 47.5096 772 1277382.0 2525.632 0.0001219 0.1107759 0.0147958 0.0019498 
380000 784 849.329 117640.1 199.183 45.2035 784 1302852.0 2235.2806 0.000203 0.1217556 0.0151883 0.0021641 
390000 794 867.721 119569.1 195.859 46.1333 794 1324683.0 2118.6458 9.64e-05 0.221647 0.0135797 0.0018106 
400000 802 962.013 121198.0 198.138 51.0835 802 1343241.0 2289.1679 7.96e-05 0.1086824 0.0118118 0.0016918 
410000 816 865.575 124188.4 200.422 45.9746 816 1377041.0 2334.8942 9.15e-05 0.102934 0.011949 0.0017012 
420000 838 739.687 128880.8 201.945 39.4614 838 1430264.0 2449.3794 0.0002389 0.198099 0.0169995 0.002683 
430000 865 563.842 134813.4 211.768 30.1218 865 1497268.0 2512.3424 0.0001929 0.2101353 0.023765 0.0035858 
440000 874 680.914 137510.8 227.472 36.437 874 1527399.0 3080.0337 0.0002458 0.2621357 0.0259435 0.0045924 
450000 888 687.296 140383.7 222.401 36.7409 888 1560116.0 2547.3654 0.0001809 0.1968977 0.0215256 0.0033563 
460000 896 751.327 142115.7 218.66 40.1034 896 1579929.0 2361.483 9.2e-05 0.1188953 0.0152624 0.0023244 
470000 900 857.095 142999.3 220.02 45.7073 900 1589894.0 2466.8544 7.66e-05 0.14582 0.0116868 0.0016072 
480000 903 978.465 143792.7 221.184 52.1921 903 1599071.0 2547.3579 3.93e-05 0.0709274 0.0075551 0.0010006 
490000 912 1064.579 145387.7 217.73 56.6649 912 1617417.0 2379.6923 4.47e-05 0.1272994 0.0071817 0.0009711 
500000 917 1168.537 146268.0 211.587 62.2454 917 1627535.0 2135.3517 4.04e-05 0.1092239 0.0070849 0.0010336 
510000 922 1205.487 147478.9 213.306 64.1928 922 1641494.0 2312.7576 4.78e-05 0.0700398 0.0073537 0.0009918 
520000 926 1306.881 148017.5 209.23 69.6158 926 1647901.0 2167.8238 4.27e-05 0.0596526 0.0067404 0.0009179 
530000 935 1257.302 149851.7 209.579 66.9651 935 1669116.0 2396.1879 5e-05 0.1220289 0.0078877 0.0012203 
540000 941 1327.174 150553.1 200.561 70.6146 941 1677355.0 1990.9427 4.5e-05 0.1101954 0.00689 0.0009545 
550000 955 1206.052 153447.6 200.482 64.1392 955 1710506.0 2237.7796 4.82e-05 0.1202137 0.0105705 0.0014433 
560000 967 1099.136 155701.1 196.617 58.4081 967 1736487.0 2136.4928 5.43e-05 0.1713621 0.010187 0.0016137 
570000 979 1044.402 157740.2 191.649 55.4223 979 1759900.0 2106.3017 8.1e-05 0.1194294 0.0127839 0.0018438 
580000 988 1045.251 159293.2 187.474 55.3808 988 1777754.0 1990.883 4.81e-05 0.0833516 0.0112707 0.0015454 
590000 1001 1014.286 161590.5 184.479 53.7225 1001 1803608.0 2063.1956 6.97e-05 0.2548482 0.0125821 0.0019099 
600000 1003 1112.939 161826.5 185.259 58.925 1003 1806485.0 2101.0984 4.8e-05 0.0867475 0.0086335 0.0011673 
610000 1007 1253.551 162273.1 180.787 66.5336 1007 1811852.0 1915.9198 3.25e-05 0.0578137 0.0068742 0.0009802 
620000 1017 1230.611 164069.3 180.517 65.4377 1017 1832655.0 2037.4786 3.14e-05 0.077301 0.0068944 0.0011112 
630000 1032 1084.991 166724.8 180.035 57.7268 1032 1863307.0 2088.9452 3.13e-05 0.1380186 0.0090743 0.0012392 
640000 1038 1136.523 167508.0 174.23 60.5362 1038 1872422.0 1782.9513 2.97e-05 0.0528447 0.0100121 0.0013502 
650000 1052 1046.635 169900.8 174.143 55.607 1052 1900030.0 2025.5005 4.27e-05 0.1245489 0.010926 0.001584 
660000 1066 917.297 172369.5 173.162 48.6726 1066 1928551.0 2006.6612 4.3e-05 0.0572245 0.0106948 0.001417 
670000 1098 665.329 176707.6 154.921 35.4074 1098 1978206.0 1473.7615 7.44e-05 0.1780041 0.0143688 0.0020286 
680000 1116 607.765 180146.2 165.586 32.3241 1116 2017865.0 2074.9143 6.59e-05 0.1559015 0.0154759 0.0020081 
690000 1130 640.134 182284.1 159.77 34.061 1130 2042480.0 1766.7708 6.28e-05 0.1071703 0.0143167 0.0018328 
700000 1135 706.022 183091.5 163.501 37.5818 1135 2051983.0 1972.9855 3.47e-05 0.0758992 0.0113068 0.0014828 
710000 1149 763.886 185755.5 168.632 40.5722 1149 2082787.0 2104.0097 3.44e-05 0.0684844 0.0108161 0.0015149 
720000 1165 710.007 188734.3 172.433 37.744 1165 2116980.0 2088.307 5.31e-05 0.0883793 0.0119503 0.0015823 
730000 1189 608.766 192670.2 169.848 32.292 1189 2161809.0 1859.3336 4.53e-05 0.0997112 0.0139616 0.0020421 
740000 1212 550.624 197145.6 179.715 29.189 1212 2213180.0 2246.2727 6.97e-05 0.0842306 0.0178838 0.0023036 
750000 1226 588.012 199852.3 179.755 31.2091 1226 2244279.0 2072.857 9.32e-05 0.146105 0.0183561 0.0024817 
760000 1237 590.135 202033.5 185.962 31.2724 1237 2269502.0 2286.3469 4.58e-05 0.06067 0.0159823 0.0020508 
770000 1253 654.602 205321.2 191.3 34.6977 1253 2307115.0 2317.8413 4.32e-05 0.1510555 0.0142679 0.0019551 
780000 1271 590.83 208446.9 184.806 31.3376 1271 2342761.0 2112.086 6.38e-05 0.1468754 0.0145492 0.0019834 
790000 1280 707.987 210157.2 186.425 37.4382 1280 2362537.0 2209.3348 4.85e-05 0.1459 0.0134456 0.0017792 
800000 1289 781.487 211923.2 186.66 41.3647 1289 2382848.0 2211.1532 5.69e-05 0.3181379 0.0122052 0.0015998 
810000 1296 861.395 213332.8 189.843 45.6476 1296 2399045.0 2328.6428 4.5e-05 0.0942089 0.0087418 0.0013084 
820000 1303 922.413 214804.0 192.923 48.9263 1303 2416058.0 2364.7147 3.05e-05 0.0967045 0.0092665 0.0012013 
830000 1308 1038.378 215796.8 192.408 55.0668 1308 2427612.0 2301.1482 4.06e-05 0.1070833 0.0085461 0.0010884 
840000 1312 1125.996 216602.1 194.474 59.6599 1312 2437106.0 2398.1024 3.55e-05 0.1236514 0.0081804 0.0010416 
850000 1314 1241.822 217086.1 195.697 65.7919 1314 2442789.0 2447.1729 3.02e-05 0.0577007 0.0058495 0.0007357 
860000 1317 1409.508 217733.7 197.351 74.7173 1317 2450464.0 2508.0681 1.83e-05 0.0330612 0.0047447 0.000686 
870000 1322 1477.905 218713.9 195.87 78.3561 1322 2461909.0 2344.6669 2.61e-05 0.0610105 0.0054207 0.0006709 
880000 1325 1519.919 219338.1 196.852 80.5507 1325 2469273.0 2379.5672 1.79e-05 0.0298442 0.0050635 0.0006455 
890000 1328 1591.873 220028.1 198.359 84.312 1328 2477430.0 2444.3605 3.72e-05 0.1089722 0.005692 0.0008482 
900000 1331 1777.52 220623.2 199.915 94.1864 1331 2484447.0 2505.7468 3.62e-05 0.0772448 0.0057074 0.0011326 
910000 1336 1786.046 221543.9 200.48 94.6388 1336 2494923.0 2438.0135 2.93e-05 0.0543615 0.0058803 0.0009616 
920000 1340 1837.212 222433.2 202.076 97.2972 1340 2505247.0 2489.636 3.43e-05 0.1566061 0.0055507 0.0007068 
930000 1348 1720.155 224518.2 207.637 91.1094 1348 2528613.0 2647.2054 3.5e-05 0.1082206 0.0078877 0.0010275 
940000 1353 1789.919 225413.7 205.281 94.8301 1353 2538875.0 2414.195 3.37e-05 0.0696035 0.0075984 0.0009533 
950000 1362 1688.282 227022.9 201.323 89.4197 1362 2557373.0 2226.736 4.28e-05 0.0685984 0.0095626 0.0013506 
960000 1379 1363.302 230877.8 207.769 72.3101 1379 2601581.0 2448.2688 5.38e-05 0.2160739 0.0112979 0.0016993 
970000 1390 1286.865 233155.4 211.289 68.2599 1390 2627575.0 2531.7401 6.48e-05 0.2836539 0.0127725 0.0017899 
980000 1398 1180.473 235680.1 222.237 62.6918 1398 2656583.0 2953.7047 5.73e-05 0.2096718 0.0144488 0.0019251 
990000 1402 1375.077 236649.8 224.278 72.9176 1402 2667728.0 2909.7485 4.08e-05 0.1258836 0.0117302 0.0015635 
1000000 1406 1364.659 237557.6 224.106 72.3465 1406 2678105.0 2776.9751 4.68e-05 0.0795266 0.0097666 0.001594 
1010000 1415 1339.84 239809.1 227.816 71.0231 1415 2703965.0 2810.6753 4.53e-05 0.1187831 0.0084331 0.0012328 
1020000 1419 1485.093 240776.2 231.586 78.6873 1419 2715281.0 2950.4325 4.18e-05 0.0671508 0.0087056 0.0012728 
1030000 1424 1559.172 242081.8 234.637 82.6691 1424 2730364.0 2986.3274 4.68e-05 0.0456175 0.0090494 0.0012535 
1040000 1431 1525.721 243536.5 233.474 80.9163 1431 2747148.0 2793.5112 5.06e-05 0.1192181 0.0084361 0.0012487 
1050000 1440 1475.035 245514.3 230.706 78.2493 1440 2769966.0 2598.9739 5.06e-05 0.1695155 0.0095156 0.0013332 
1060000 1451 1353.794 248107.8 228.887 71.9585 1451 2799787.0 2549.8212 0.0001304 0.2486725 0.0124576 0.0019029 
1070000 1458 1352.551 249616.3 226.09 71.9206 1458 2817319.0 2470.1941 5.21e-05 0.280978 0.0104397 0.0014399 
1080000 1465 1351.29 250760.6 222.138 71.8892 1465 2830436.0 2357.5144 4.62e-05 0.0946607 0.0096613 0.0013775 
1090000 1468 1464.38 251672.4 222.555 77.9409 1468 2841079.0 2447.866 3.67e-05 0.0548607 0.0078598 0.0010616 
1100000 1473 1539.897 252926.1 225.585 81.8614 1473 2855817.0 2668.3018 4.32e-05 0.1089589 0.0080009 0.0012066 
1110000 1476 1642.536 253732.5 229.091 87.2957 1476 2865330.0 2853.812 3.27e-05 0.0348421 0.0074862 0.0009979 
1120000 1480 1715.121 254613.7 229.149 91.0594 1480 2875652.0 2789.403 4.09e-05 0.0877462 0.0075314 0.0010509 
1130000 1489 1581.898 256459.5 223.971 84.0378 1489 2896840.0 2449.3916 3.3e-05 0.0952969 0.0074942 0.0009823 
1140000 1500 1462.281 258884.2 222.432 77.6285 1500 2924898.0 2464.4786 4.44e-05 0.1895959 0.0097962 0.0013321 
1150000 1513 1325.235 261713.9 224.66 70.3396 1513 2957890.0 2670.1482 4.86e-05 0.2822797 0.0120072 0.0015704 
1160000 1526 1187.005 265149.5 231.041 63.0511 1526 2997865.0 2846.564 5.62e-05 0.2351103 0.014554 0.0020835 
1170000 1531 1238.749 266344.5 231.364 65.709 1531 3011812.0 2812.256 5.68e-05 0.4420446 0.012308 0.0017438 
1180000 1552 974.943 271187.7 234.023 51.7406 1552 3067769.0 2711.1603 6e-05 0.3296115 0.0164775 0.0022208 
1190000 1571 845.117 275372.0 229.788 44.8948 1571 3116361.0 2584.1955 6.7e-05 0.4195081 0.0165975 0.0021818 
1200000 1593 687.321 281091.7 237.949 36.5709 1593 3182338.0 2869.3791 6.97e-05 0.2934075 0.0219615 0.0029406 
1210000 1605 729.561 284164.5 242.82 38.8657 1605 3217661.0 2968.3911 7.36e-05 0.4082203 0.0219729 0.0031175 
1220000 1622 675.678 288206.0 243.106 35.9309 1622 3264102.0 2906.4054 0.0001032 0.6898248 0.0235305 0.0032807 
1230000 1636 686.941 291243.5 236.383 36.4478 1636 3299342.0 2607.8015 7.89e-05 0.3551476 0.0193639 0.0028158 
1240000 1659 565.861 296010.6 224.255 30.0524 1659 3354382.0 2394.9525 7.8e-05 0.4473766 0.0210614 0.0031262 
1250000 1677 582.491 300764.9 235.932 31.0014 1677 3408804.0 2938.9831 9.8e-05 0.4109607 0.0214863 0.0031332 
1260000 1696 571.301 305902.4 246.444 30.3919 1696 3467701.0 3068.7943 0.0001288 0.4457718 0.0251482 0.003572 
1270000 1704 669.954 308443.5 256.942 35.5736 1704 3496554.0 3390.7693 0.0001262 0.307392 0.0221822 0.0033934 
