10000 209 54.752 2954.174 17.173 0.0588 0 0 0 
20000 431 57.057 5772.204 17.837 0.0612 0 0 0 
30000 476 175.851 7685.814 33.881 0.5622 0 0 0 
40000 499 286.334 11171.933 79.913 0.9642 0 0 0 
50000 510 419.623 15744.873 152.051 1.4193 0 0 0 
60000 520 525.789 19640.943 195.116 1.794 0 0 0 
70000 532 576.302 23682.582 221.164 1.9675 0 0 0 
80000 546 613.001 27040.21 223.272 2.1104 0 0 0 
90000 556 683.794 29903.938 237.782 2.3555 0 0 0 
100000 566 741.636 33449.413 258.762 2.556 0 0 0 
110000 576 788.898 37855.303 288.327 2.7195 0 0 0 
120000 586 827.514 42746.104 328.821 2.8467 0 0 0 
130000 596 859.067 47103.401 345.767 2.9465 0 0 0 
140000 606 884.847 51009.351 353.531 3.0324 0 0 0 
150000 616 905.912 55308.779 372.652 3.1121 0 0 0 
160000 626 923.123 59616.894 379.888 3.161 0 0 0 
170000 637 928.056 63893.025 386.077 3.1823 0 0 0 
180000 647 941.217 67499.914 381.856 3.2351 0 0 0 
190000 657 951.97 71676.548 387.582 3.2649 0 0 0 
200000 667 960.756 75724.936 390.501 3.2973 0 0 0 
210000 677 959.635 80243.437 399.51 3.3029 0 0 0 
220000 687 967.019 85060.564 413.066 3.3346 0 0 0 
230000 697 973.052 90167.206 429.86 3.3685 0 0 0 
240000 707 977.981 95431.595 448.959 3.3931 0 0 0 
250000 717 982.009 100255.086 454.979 3.4133 0 0 0 
260000 727 985.3 105263.747 465.312 3.4232 0 0 0 
270000 742 908.047 108911.302 409.45 3.1662 0 0 0 
280000 752 924.868 113542.696 418.882 3.237 0 0 0 
290000 765 882.704 118674.416 410.43 3.0889 0 0 0 
300000 776 878.915 122710.206 401.046 3.0806 0 0 0 
310000 787 890.921 126569.364 389.347 3.1321 0 0 0 
320000 797 910.875 130542.177 391.337 3.186 0 0 0 
330000 816 788.463 134950.853 341.224 2.7597 0 0 0 
340000 832 732.89 139367.463 319.225 2.5717 0 0 0 
350000 842 781.751 144341.186 350.331 2.7432 0 0 0 
360000 852 821.675 149178.889 377.531 2.8862 0 0 0 
370000 862 854.296 154397.371 402.898 2.9988 0 0 0 
380000 872 880.949 158955.886 414.352 3.0935 0 0 0 
390000 883 888.535 163477.678 414.148 3.1307 0 0 0 
400000 896 871.105 168107.352 405.04 3.0691 0 0 0 
410000 906 878.892 172748.451 407.615 3.0971 0 0 0 
420000 918 885.159 177262.2 409.215 3.1194 0 0 0 
430000 928 906.166 181548.75 413.07 3.1888 0 0 0 
440000 938 918.441 186742.951 429.913 3.2226 0 0 0 
450000 954 826.04 191539.958 388.838 2.8946 0 0 0 
460000 973 736.483 196846.987 357.08 2.5831 0 0 0 
470000 984 758.895 201868.683 369.328 2.6483 0 0 0 
480000 997 765.742 205890.3 359.237 2.6801 0 0 0 
490000 1010 756.785 209403.106 337.316 2.6434 0 0 0 
500000 1020 801.275 212837.22 336.681 2.8012 0 0 0 
510000 1030 837.628 217150.527 353.968 2.9218 0 0 0 
520000 1046 775.395 222165.866 338.811 2.6973 0 0 0 
530000 1060 772.97 227109.497 349.514 2.7059 0 0 0 
540000 1072 780.707 232363.468 364.102 2.7385 0 0 0 
550000 1082 820.822 237249.309 390.364 2.8918 0 0 0 
560000 1093 849.008 242629.124 413.455 3.0031 0 0 0 
570000 1103 876.629 247191.668 421.519 3.1007 0 0 0 
580000 1113 899.197 253149.136 453.912 3.1565 0 0 0 
590000 1123 917.636 257485.435 449.087 3.2157 0 0 0 
600000 1133 916.684 262010.994 441.897 3.2042 0 0 0 
610000 1145 906.768 267376.689 446.104 3.1695 0 0 0 
620000 1155 923.822 272791.923 463.989 3.2249 0 0 0 
630000 1165 937.757 277973.528 475.495 3.2562 0 0 0 
640000 1175 949.143 282592.846 471.481 3.3016 0 0 0 
650000 1186 947.695 287774.329 475.161 3.3023 0 0 0 
660000 1196 941.846 293124.899 478.373 3.285 0 0 0 
670000 1208 918.111 298439.184 470.911 3.2132 0 0 0 
680000 1218 933.09 304280.525 492.299 3.2716 0 0 0 
690000 1228 945.33 310257.375 509.275 3.3212 0 0 0 
700000 1238 955.331 316211.774 524.945 3.3586 0 0 0 
710000 1248 963.502 322107.129 537.132 3.3788 0 0 0 
720000 1258 970.178 328455.101 553.157 3.379 0 0 0 
730000 1268 975.634 333639.679 551.994 3.3957 0 0 0 
740000 1278 980.091 339914.413 564.373 3.4057 0 0 0 
750000 1289 968.818 346078.958 561.859 3.3739 0 0 0 
760000 1303 905.213 352187.791 530.145 3.1512 0 0 0 
770000 1318 849.435 358540.051 507.937 2.9627 0 0 0 
780000 1331 829.946 363941.97 485.653 2.8995 0 0 0 
790000 1341 851.978 369549.471 495.089 2.982 0 0 0 
800000 1357 799.257 375625.944 469.592 2.8015 0 0 0 
810000 1370 783.548 380726.282 443.644 2.7407 0 0 0 
820000 1380 823.143 386182.034 463.352 2.8829 0 0 0 
830000 1391 843.452 391582.798 472.895 2.9469 0 0 0 
840000 1404 821.842 397036.577 456.241 2.8696 0 0 0 
850000 1414 854.432 402587.616 473.614 2.9852 0 0 0 
860000 1424 881.06 408840.607 501.215 3.0829 0 0 0 
870000 1435 898.161 415582.804 531.28 3.1466 0 0 0 
880000 1445 916.79 421478.412 542.369 3.2091 0 0 0 
890000 1455 932.012 427291.318 550.324 3.2586 0 0 0 
900000 1465 944.449 433643.329 564.091 3.3056 0 0 0 
910000 1475 954.61 440328.948 582.542 3.3334 0 0 0 
920000 1485 962.913 446811.596 594.844 3.3601 0 0 0 
930000 1495 969.698 453993.15 618.613 3.3872 0 0 0 
940000 1505 975.241 461934.063 648.62 3.4027 0 0 0 
950000 1515 979.77 469137.418 662.169 3.4145 0 0 0 
960000 1525 983.47 477259.887 691.631 3.4267 0 0 0 
970000 1535 986.494 484435.526 695.322 3.4396 0 0 0 
980000 1545 988.965 491088.098 688.784 3.455 0 0 0 
990000 1555 990.983 497432.804 679.265 3.4555 0 0 0 
1000000 1565 992.633 503838.772 673.824 3.463 0 0 0 
1010000 1576 964.788 510059.483 640.517 3.3666 0 0 0 
1020000 1588 949.596 516586.928 630.667 3.3194 0 0 0 
1030000 1598 953.715 523221.331 632.108 3.3293 0 0 0 
1040000 1608 961.03 531288.391 666.72 3.3502 0 0 0 
1050000 1618 967.942 540080.92 702.296 3.3692 0 0 0 
1060000 1628 973.806 547831.822 716.022 3.3894 0 0 0 
1070000 1639 966.702 555302.442 714.341 3.3585 0 0 0 
1080000 1649 972.793 564954.345 760.551 3.3749 0 0 0 
1090000 1659 977.77 575009.813 806.362 3.3938 0 0 0 
1100000 1669 981.836 583245.566 808.473 3.4067 0 0 0 
1110000 1679 985.159 595344.223 882.829 3.4145 0 0 0 
1120000 1689 987.874 609715.805 982.853 3.4123 0 0 0 
1130000 1699 990.092 621974.55 1028.453 3.4162 0 0 0 
1140000 1709 991.904 633701.96 1055.55 3.419 0 0 0 
1150000 1719 993.385 647839.477 1119.887 3.4194 0 0 0 
1160000 1729 994.595 657216.772 1087.652 3.4231 0 0 0 
1170000 1739 995.584 667955.849 1086.525 3.4253 0 0 0 
1180000 1749 996.392 678190.799 1074.645 3.4323 0 0 0 
1190000 1759 997.052 689603.368 1086.226 3.4286 0 0 0 
1200000 1769 997.591 700183.053 1082.212 3.4313 0 0 0 
1210000 1779 998.032 709669.518 1059.056 3.4367 0 0 0 
1220000 1789 998.392 717891.504 1015.825 3.4487 0 0 0 
1230000 1799 998.686 725907.636 978.635 3.4484 0 0 0 
1240000 1809 998.926 732493.156 918.369 3.4529 0 0 0 
1250000 1819 999.123 740717.594 898.179 3.4553 0 0 0 
1260000 1829 999.283 749700.078 899.405 3.4592 0 0 0 
1270000 1839 999.414 756814.612 865.676 3.461 0 0 0 
1280000 1849 999.521 766157.922 878.149 3.4695 0 0 0 
1290000 1859 999.609 771866.357 821.319 3.4779 0 0 0 
1300000 1869 999.681 781340.941 842.039 3.4832 0 0 0 
1310000 1879 993.119 792779.921 887.968 3.4547 0 0 0 
1320000 1889 994.378 808088.898 1005.674 3.4536 0 0 0 
1330000 1899 995.406 823439.598 1107.573 3.4638 0 0 0 
1340000 1909 996.247 834171.269 1105.058 3.4646 0 0 0 
1350000 1919 996.933 844130.295 1084.849 3.4672 0 0 0 
1360000 1929 997.494 856350.959 1110.413 3.4737 0 0 0 
1370000 1939 997.953 868320.866 1123.931 3.4832 0 0 0 
1380000 1949 998.327 883933.564 1202.543 3.4743 0 0 0 
1390000 1959 998.633 897625.15 1236.919 3.4653 0 0 0 
1400000 1969 998.883 909099.852 1221.072 3.4673 0 0 0 
1410000 1979 999.087 921628.237 1221.123 3.4746 0 0 0 
1420000 1989 999.254 931901.481 1184.009 3.476 0 0 0 
1430000 1999 999.391 948023.852 1266.792 3.4731 0 0 0 
1440000 2009 999.502 960215.34 1257.332 3.4746 0 0 0 
1450000 2019 999.593 975217.45 1300.191 3.4745 0 0 0 
1460000 2029 999.668 990439.138 1340.24 3.4778 0 0 0 
1470000 2039 999.728 1007330.313 1400.838 3.48 0 0 0 
1480000 2049 999.778 1025348.292 1476.576 3.4785 0 0 0 
1490000 2059 999.819 1043258.545 1534.588 3.4657 0 0 0 
1500000 2069 999.852 1060567.855 1571.677 3.4666 0 0 0 
1510000 2079 999.879 1080529.693 1648.018 3.4583 0 0 0 
1520000 2089 999.901 1099096.709 1685.459 3.4716 0 0 0 
1530000 2099 999.919 1117799.578 1718.819 3.4707 0 0 0 
1540000 2109 999.934 1135168.908 1724.955 3.4624 0 0 0 
1550000 2119 999.946 1149098.734 1668.633 3.4624 0 0 0 
1560000 2129 999.956 1163400.482 1619.665 3.4778 0 0 0 
1570000 2139 999.964 1177671.307 1584.738 3.4759 0 0 0 
1580000 2149 999.971 1194316.157 1595.2 3.4769 0 0 0 
1590000 2159 999.976 1210284.891 1596.798 3.4761 0 0 0 
1600000 2169 999.98 1227870.837 1627.896 3.4713 0 0 0 
1610000 2179 999.984 1247033.73 1680.667 3.4628 0 0 0 
1620000 2189 999.987 1265309.316 1708.137 3.4527 0 0 0 
1630000 2199 999.989 1285235.655 1759.77 3.4423 0 0 0 
1640000 2209 999.991 1304936.562 1798.762 3.4392 0 0 0 
1650000 2219 999.993 1323705.818 1814.613 3.4431 0 0 0 
1660000 2229 999.994 1343799.88 1850.943 3.443 0 0 0 
1670000 2239 999.995 1360546.394 1816.264 3.4447 0 0 0 
1680000 2249 999.996 1380853.426 1856.741 3.4472 0 0 0 
1690000 2259 999.997 1401742.662 1899.476 3.4266 0 0 0 
1700000 2269 999.997 1420018.596 1885.759 3.4211 0 0 0 
1710000 2279 999.998 1439934.202 1903.034 3.4243 0 0 0 
1720000 2289 999.998 1460150.888 1925.475 3.4313 0 0 0 
1730000 2299 999.999 1476610.763 1875.144 3.4342 0 0 0 
1740000 2309 999.999 1494099.411 1850.267 3.4293 0 0 0 
1750000 2319 999.999 1513488.626 1864.63 3.4285 0 0 0 
1760000 2329 999.999 1534118.778 1901.156 3.4227 0 0 0 
1770000 2339 999.999 1554391.256 1926.62 3.4279 0 0 0 
1780000 2349 999.999 1569501.803 1853.939 3.4384 0 0 0 
1790000 2359 1000.0 1588630.291 1858.033 3.4466 0 0 0 
1800000 2369 1000.0 1608705.019 1884.159 3.45 0 0 0 
1810000 2379 1000.0 1627177.411 1876.567 3.4642 0 0 0 
1820000 2389 1000.0 1647851.286 1910.384 3.4702 0 0 0 
1830000 2399 1000.0 1669371.677 1955.32 3.4613 0 0 0 
1840000 2409 1000.0 1687964.246 1937.122 3.4563 0 0 0 
1850000 2419 1000.0 1707331.553 1935.989 3.4592 0 0 0 
1860000 2429 1000.0 1723076.91 1870.158 3.4563 0 0 0 
1870000 2439 1000.0 1739574.225 1826.226 3.4529 0 0 0 
1880000 2449 1000.0 1756235.2 1804.371 3.4673 0 0 0 
1890000 2459 1000.0 1775379.88 1818.875 3.469 0 0 0 
1900000 2469 1000.0 1789581.938 1746.348 3.477 0 0 0 
1910000 2479 1000.0 1805101.831 1708.071 3.4728 0 0 0 
1920000 2489 1000.0 1822488.815 1723.407 3.4832 0 0 0 
1930000 2499 1000.0 1838432.035 1698.852 3.4898 0 0 0 
1940000 2509 1000.0 1855617.732 1699.553 3.487 0 0 0 
1950000 2519 1000.0 1874751.714 1739.911 3.4827 0 0 0 
1960000 2529 1000.0 1893360.837 1758.957 3.4769 0 0 0 
1970000 2539 1000.0 1910417.072 1751.5 3.4737 0 0 0 
1980000 2549 1000.0 1927813.959 1751.431 3.4774 0 0 0 
1990000 2559 992.313 1948319.471 1789.016 3.4479 0 0 0 
2000000 2569 993.719 1968625.692 1831.792 3.446 0 0 0 
2010000 2579 994.868 1986598.074 1824.54 3.4425 0 0 0 
2020000 2589 995.807 2006066.534 1847.621 3.4392 0 0 0 
2030000 2599 996.574 2023689.142 1831.309 3.4478 0 0 0 
2040000 2609 997.201 2045153.792 1887.848 3.4402 0 0 0 
2050000 2619 997.713 2064266.233 1903.867 3.4305 0 0 0 
2060000 2629 998.131 2085091.512 1920.103 3.4354 0 0 0 
2070000 2639 998.473 2098789.409 1844.06 3.4383 0 0 0 
2080000 2649 998.752 2116595.028 1818.362 3.4341 0 0 0 
2090000 2659 998.981 2136362.428 1848.143 3.44 0 0 0 
2100000 2669 999.167 2153227.663 1811.258 3.4366 0 0 0 
2110000 2679 999.319 2173762.56 1855.775 3.4391 0 0 0 
2120000 2689 999.444 2194326.983 1892.318 3.4392 0 0 0 
2130000 2699 999.546 2215666.259 1936.28 3.4355 0 0 0 
2140000 2709 999.629 2234849.713 1955.402 3.4311 0 0 0 
2150000 2719 999.697 2254726.018 1942.006 3.423 0 0 0 
2160000 2729 999.752 2276871.938 1989.503 3.4372 0 0 0 
2170000 2739 999.797 2296873.496 1991.885 3.4523 0 0 0 
2180000 2749 999.835 2315109.722 1964.367 3.4597 0 0 0 
2190000 2759 999.865 2334235.373 1952.715 3.4619 0 0 0 
2200000 2769 999.89 2354969.401 1980.404 3.4595 0 0 0 
2210000 2779 999.91 2376159.056 2001.94 3.4651 0 0 0 
2220000 2789 999.926 2395444.492 1992.938 3.4655 0 0 0 
2230000 2799 999.94 2417394.087 2027.207 3.4773 0 0 0 
2240000 2809 999.951 2438181.522 2035.23 3.4761 0 0 0 
2250000 2819 999.96 2459802.526 2061.933 3.4732 0 0 0 
2260000 2829 999.967 2480547.691 2066.34 3.4755 0 0 0 
2270000 2839 999.973 2501506.954 2092.035 3.4802 0 0 0 
2280000 2849 999.978 2520768.477 2043.547 3.4785 0 0 0 
2290000 2859 999.982 2541499.02 2044.75 3.4723 0 0 0 
2300000 2869 999.985 2559997.353 2012.243 3.4593 0 0 0 
2310000 2879 999.988 2580321.602 2013.313 3.4614 0 0 0 
2320000 2889 999.99 2600555.214 2011.342 3.456 0 0 0 
2330000 2899 999.992 2619866.238 1997.405 3.4513 0 0 0 
2340000 2909 999.993 2637928.846 1960.599 3.4555 0 0 0 
2350000 2919 999.995 2653532.532 1882.698 3.4514 0 0 0 
2360000 2929 999.996 2672981.588 1894.085 3.4541 0 0 0 
2370000 2939 999.996 2689648.248 1849.348 3.4576 0 0 0 
2380000 2949 999.997 2705434.942 1810.542 3.4605 0 0 0 
2390000 2959 999.998 2723552.034 1808.192 3.4612 0 0 0 
2400000 2969 999.998 2741492.633 1802.748 3.4586 0 0 0 
2410000 2979 999.998 2760790.624 1839.617 3.462 0 0 0 
2420000 2989 999.999 2779524.651 1832.525 3.468 0 0 0 
2430000 2999 999.999 2797018.333 1819.446 3.4775 0 0 0 
2440000 3009 999.999 2816261.056 1835.691 3.471 0 0 0 
2450000 3019 999.999 2832501.379 1796.437 3.4714 0 0 0 
2460000 3029 999.999 2854220.165 1867.393 3.4732 0 0 0 
2470000 3039 1000.0 2875266.309 1915.262 3.4738 0 0 0 
2480000 3049 1000.0 2894181.357 1904.184 3.4691 0 0 0 
2490000 3060 988.514 2914029.847 1901.023 3.413 0 0 0 
2500000 3070 990.615 2931926.49 1879.477 3.4217 0 0 0 
2510000 3080 992.332 2950332.27 1870.699 3.4292 0 0 0 
2520000 3090 993.735 2968550.34 1871.529 3.4387 0 0 0 
2530000 3100 994.881 2987412.757 1864.92 3.4374 0 0 0 
2540000 3113 933.772 3001444.616 1666.243 3.2308 0 0 0 
2550000 3124 933.646 3015798.249 1613.298 3.2291 0 0 0 
2560000 3134 945.784 3032618.421 1616.515 3.2719 0 0 0 
2570000 3144 955.701 3051090.386 1661.925 3.313 0 0 0 
2580000 3154 963.805 3068798.656 1680.737 3.3486 0 0 0 
2590000 3164 970.426 3085763.059 1690.038 3.3753 0 0 0 
2600000 3174 975.836 3104602.222 1714.807 3.396 0 0 0 
2610000 3184 980.256 3124629.095 1766.507 3.4223 0 0 0 
2620000 3194 983.868 3146096.015 1838.417 3.4403 0 0 0 
2630000 3204 986.819 3166169.135 1872.739 3.4511 0 0 0 
2640000 3214 989.23 3185542.402 1893.952 3.4507 0 0 0 
2650000 3224 991.2 3204067.168 1875.567 3.4453 0 0 0 
2660000 3234 992.81 3224193.769 1902.493 3.451 0 0 0 
2670000 3244 994.125 3244834.699 1930.597 3.4573 0 0 0 
2680000 3254 995.2 3266007.945 1963.457 3.4613 0 0 0 
2690000 3264 996.078 3286986.54 1989.256 3.4602 0 0 0 
2700000 3274 996.795 3304996.68 1965.884 3.4601 0 0 0 
2710000 3284 997.382 3318750.377 1844.578 3.4664 0 0 0 
2720000 3294 997.861 3338585.32 1873.13 3.4679 0 0 0 
2730000 3304 998.252 3358068.652 1883.231 3.4678 0 0 0 
2740000 3314 998.572 3374666.293 1843.485 3.4723 0 0 0 
2750000 3324 998.833 3394117.161 1867.705 3.4454 0 0 0 
2760000 3334 999.046 3411618.161 1860.504 3.4345 0 0 0 
2770000 3344 999.221 3424945.046 1749.227 3.4431 0 0 0 
2780000 3354 999.363 3445898.806 1809.635 3.4546 0 0 0 
2790000 3365 985.101 3464870.742 1804.457 3.4216 0 0 0 
2800000 3375 987.827 3485192.326 1850.873 3.4344 0 0 0 
2810000 3385 990.054 3507099.53 1909.154 3.4363 0 0 0 
2820000 3395 991.873 3528991.736 1963.616 3.4397 0 0 0 
2830000 3405 993.36 3548667.417 1962.721 3.4395 0 0 0 
2840000 3415 994.574 3569186.676 1980.443 3.4452 0 0 0 
2850000 3425 995.567 3586905.932 1954.562 3.44 0 0 0 
2860000 3435 996.378 3603317.406 1887.466 3.4446 0 0 0 
2870000 3445 997.04 3625361.811 1944.045 3.4501 0 0 0 
2880000 3455 997.582 3645708.761 1961.559 3.447 0 0 0 
2890000 3465 998.024 3667321.678 1998.946 3.4515 0 0 0 
2900000 3475 998.386 3687712.047 2008.634 3.4506 0 0 0 
2910000 3485 998.681 3708349.24 2018.268 3.4598 0 0 0 
2920000 3495 998.922 3729193.442 2029.807 3.458 0 0 0 
2930000 3505 999.119 3749177.835 2025.574 3.4571 0 0 0 
2940000 3515 999.28 3767629.146 1992.367 3.459 0 0 0 
2950000 3525 999.412 3788392.377 2006.218 3.4549 0 0 0 
2960000 3535 999.52 3809291.095 2023.663 3.4484 0 0 0 
2970000 3545 999.607 3829866.06 2031.089 3.451 0 0 0 
2980000 3555 999.679 3851521.807 2052.026 3.4567 0 0 0 
2990000 3565 999.738 3872096.36 2051.112 3.4572 0 0 0 
3000000 3575 999.786 3893100.231 2061.523 3.46 0 0 0 
3010000 3585 999.825 3914518.547 2077.016 3.4566 0 0 0 
3020000 3595 999.857 3932756.91 2032.738 3.4648 0 0 0 
3030000 3605 999.883 3952728.402 2024.04 3.475 0 0 0 
3040000 3615 999.905 3969708.681 1965.325 3.4802 0 0 0 
3050000 3625 999.922 3988068.883 1941.709 3.4741 0 0 0 
3060000 3635 999.936 4005720.166 1907.493 3.4706 0 0 0 
3070000 3645 999.948 4026013.255 1928.918 3.4678 0 0 0 
3080000 3655 999.957 4045863.458 1942.341 3.4612 0 0 0 
3090000 3665 999.965 4066278.641 1959.824 3.4622 0 0 0 
3100000 3675 999.972 4084418.628 1940.426 3.4532 0 0 0 
3110000 3685 999.977 4103510.656 1927.645 3.4574 0 0 0 
3120000 3695 999.981 4122443.044 1923.412 3.468 0 0 0 
3130000 3705 999.985 4142316.248 1931.781 3.4782 0 0 0 
3140000 3715 999.987 4162246.884 1945.246 3.48 0 0 0 
3150000 3725 999.99 4179835.005 1912.329 3.4767 0 0 0 
3160000 3735 999.992 4197846.441 1889.751 3.4765 0 0 0 
3170000 3745 999.993 4214253.707 1845.48 3.4776 0 0 0 
3180000 3755 999.994 4231347.065 1816.059 3.483 0 0 0 
3190000 3765 999.995 4246350.069 1759.938 3.489 0 0 0 
3200000 3775 999.996 4263408.019 1750.319 3.4767 0 0 0 
3210000 3785 999.997 4279617.108 1728.229 3.4748 0 0 0 
3220000 3795 999.997 4297990.411 1746.558 3.4713 0 0 0 
3230000 3805 999.998 4314258.093 1728.054 3.4816 0 0 0 
3240000 3815 999.998 4331604.651 1728.113 3.4741 0 0 0 
3250000 3825 999.999 4346840.152 1702.371 3.4697 0 0 0 
3260000 3835 999.999 4361079.191 1644.686 3.472 0 0 0 
3270000 3845 998.007 4377837.61 1648.529 3.4646 0 0 0 
3280000 3855 998.371 4396099.035 1679.152 3.4656 0 0 0 
3290000 3865 998.669 4408847.772 1615.825 3.4689 0 0 0 
3300000 3875 998.913 4421300.219 1538.899 3.4667 0 0 0 
3310000 3885 999.112 4432966.392 1474.88 3.461 0 0 0 
3320000 3895 999.274 4451233.287 1531.777 3.4682 0 0 0 
3330000 3905 999.407 4465387.129 1515.649 3.4646 0 0 0 
3340000 3915 999.515 4482243.174 1535.548 3.4636 0 0 0 
3350000 3925 999.604 4496293.211 1512.688 3.4643 0 0 0 
3360000 3936 981.843 4514447.841 1541.911 3.4006 0 0 0 
3370000 3946 985.164 4529314.759 1541.739 3.4143 0 0 0 
3380000 3956 977.843 4538931.488 1409.801 3.3995 0 0 0 
3390000 3966 981.896 4555755.668 1457.074 3.4104 0 0 0 
3400000 3977 984.255 4573382.837 1519.907 3.4166 0 0 0 
3410000 3987 987.135 4591671.647 1575.386 3.4344 0 0 0 
3420000 3997 989.489 4610176.629 1625.837 3.4371 0 0 0 
3430000 4007 991.411 4626945.65 1637.235 3.4542 0 0 0 
3440000 4017 992.982 4646276.012 1688.345 3.4539 0 0 0 
3450000 4027 994.266 4664949.869 1723.626 3.4557 0 0 0 
3460000 4037 995.315 4685861.155 1789.077 3.4422 0 0 0 
3470000 4047 996.172 4704840.16 1806.906 3.4437 0 0 0 
3480000 4057 996.872 4722614.189 1800.184 3.4454 0 0 0 
3490000 4067 997.444 4741738.875 1820.374 3.4531 0 0 0 
3500000 4077 997.912 4757945.61 1779.839 3.4573 0 0 0 
3510000 4087 993.937 4774217.156 1746.284 3.4509 0 0 0 
3520000 4097 995.046 4791229.648 1734.493 3.449 0 0 0 
3530000 4107 995.952 4808731.139 1737.01 3.4506 0 0 0 
3540000 4117 996.693 4826750.319 1747.931 3.4562 0 0 0 
3550000 4127 997.298 4843604.542 1737.309 3.4667 0 0 0 
3560000 4137 997.792 4863516.846 1784.562 3.4679 0 0 0 
3570000 4147 998.196 4883442.725 1822.322 3.4658 0 0 0 
3580000 4157 998.526 4900820.004 1804.754 3.4602 0 0 0 
3590000 4167 998.796 4919939.851 1823.514 3.4588 0 0 0 
3600000 4177 999.016 4941269.985 1879.775 3.4581 0 0 0 
3610000 4187 999.196 4960500.224 1889.498 3.4635 0 0 0 
3620000 4197 999.343 4980533.687 1909.034 3.4645 0 0 0 
3630000 4207 999.463 4999540.925 1905.034 3.4631 0 0 0 
3640000 4217 999.561 5016288.843 1862.327 3.4472 0 0 0 
3650000 4227 999.642 5033920.637 1849.384 3.4476 0 0 0 
3660000 4237 999.707 5053952.391 1874.297 3.4497 0 0 0 
3670000 4247 999.761 5073092.242 1888.543 3.449 0 0 0 
3680000 4257 999.805 5090692.862 1860.045 3.4567 0 0 0 
3690000 4267 999.84 5109188.474 1860.173 3.459 0 0 0 
3700000 4277 999.869 5129134.19 1883.864 3.4608 0 0 0 
3710000 4287 999.893 5147169.868 1870.041 3.4571 0 0 0 
3720000 4297 999.913 5163893.824 1835.421 3.4548 0 0 0 
3730000 4307 999.929 5182615.719 1842.581 3.4562 0 0 0 
3740000 4317 999.942 5198764.971 1797.959 3.466 0 0 0 
3750000 4327 999.952 5217890.831 1819.025 3.4712 0 0 0 
3760000 4337 999.961 5235905.536 1814.669 3.4731 0 0 0 
3770000 4347 999.968 5255191.47 1834.971 3.47 0 0 0 
3780000 4357 999.974 5272884.347 1823.723 3.4635 0 0 0 
3790000 4367 999.979 5293313.597 1864.4 3.4685 0 0 0 
3800000 4377 999.983 5313078.962 1884.552 3.4745 0 0 0 
3810000 4387 999.986 5332471.208 1895.074 3.4789 0 0 0 
3820000 4397 999.988 5351121.125 1896.377 3.4805 0 0 0 
3830000 4407 991.882 5368767.779 1850.44 3.4599 0 0 0 
3840000 4417 990.453 5386983.87 1862.492 3.4501 0 0 0 
3850000 4427 992.199 5403575.957 1799.979 3.4602 0 0 0 
3860000 4438 988.798 5420519.869 1780.817 3.4515 0 0 0 
3870000 4448 990.847 5439168.248 1796.046 3.4587 0 0 0 
3880000 4458 992.521 5457266.071 1799.299 3.4684 0 0 0 
3890000 4468 993.889 5473233.933 1762.504 3.466 0 0 0 
3900000 4478 995.007 5491060.77 1765.582 3.4721 0 0 0 
3910000 4488 995.921 5506350.493 1723.222 3.4712 0 0 0 
3920000 4498 996.667 5521702.24 1691.78 3.4847 0 0 0 
3930000 4508 997.277 5541591.33 1749.635 3.4818 0 0 0 
3940000 4518 997.775 5560642.368 1776.397 3.4782 0 0 0 
3950000 4528 998.182 5580536.195 1814.269 3.4766 0 0 0 
3960000 4538 998.514 5599604.221 1832.158 3.4695 0 0 0 
3970000 4548 998.786 5620704.502 1883.832 3.4612 0 0 0 
3980000 4558 999.008 5638755.385 1869.687 3.4519 0 0 0 
3990000 4568 999.19 5655575.148 1835.532 3.4472 0 0 0 
4000000 4578 999.338 5676185.497 1877.741 3.4468 0 0 0 
