10000 10 182.927 -13728.397 -251.11 0.1852 0 0 0 0.0 0.0 0.0 0.0 0.0 
20000 20 332.392 -27515.742 -457.378 0.336 0 0 0 0.0 0.0 0.0 0.0 0.0 
30000 30 454.516 -40190.466 -603.822 1.9531 0 0 0 0.0112463 2.3170703 0.0883114 0.1241023 0.0449494 
40000 40 554.3 -52204.024 -713.777 3.2585 0 0 0 0.0093905 4.1536198 0.2378093 0.0996349 0.0351501 
50000 50 635.83 -64238.039 -802.19 4.3312 0 0 0 0.0085187 5.6677703 0.517537 0.0906256 0.0323151 
60000 60 702.447 -74686.664 -844.25 5.213 0 0 0 0.0079254 6.2213035 0.8134489 0.0842845 0.0298443 
70000 70 756.877 -86131.965 -897.507 5.9347 0 0 0 0.0082611 6.5903337 1.1733082 0.0833899 0.029861 
80000 80 801.351 -96694.174 -925.443 6.5165 0 0 0 0.0083009 6.7188682 1.6246613 0.0845805 0.0297817 
90000 90 837.689 -106603.178 -937.491 6.9852 0 0 0 0.0092425 6.7605372 1.8584964 0.0897188 0.03367 
100000 100 867.38 -114229.72 -904.195 7.3722 0 0 0 0.0093891 6.2264428 1.7255534 0.0908732 0.0353163 
110000 110 891.64 -114644.762 -745.055 7.6803 0 0 0 0.0096933 4.2983472 2.443598 0.0949603 0.0379626 
120000 120 911.462 -115384.247 -622.122 7.9388 0 0 0 0.0096273 1.9380501 2.4316499 0.0970724 0.0391331 
130000 130 927.658 -115698.537 -514.195 8.1475 0 0 0 0.0099611 -1.35325 2.7149338 0.1006833 0.0410693 
140000 140 940.891 -114593.256 -399.42 8.3257 0 0 0 0.0099538 -4.5459911 2.882023 0.1038299 0.043728 
150000 150 951.704 -113093.516 -298.642 8.4649 0 0 0 0.0100919 -7.2689013 2.8310851 0.1079539 0.0468537 
160000 160 960.539 -109232.747 -172.455 8.588 0 0 0 0.0104009 -10.2138881 2.9402408 0.1105375 0.0489422 
170000 170 967.757 -105700.316 -75.771 8.6927 0 0 0 0.0105094 -13.0681197 3.2929931 0.110417 0.0480833 
180000 180 973.655 -102160.908 3.308 8.7697 0 0 0 0.0102771 -15.783902 3.1599262 0.1140194 0.0510237 
190000 190 978.474 -100198.182 39.281 8.8378 0 0 0 0.0104929 -18.5096649 2.974145 0.1158994 0.0524013 
200000 200 982.412 -98998.441 53.176 8.889 0 0 0 0.010803 -21.0385405 3.1717863 0.1186523 0.0544749 
210000 210 985.629 -98078.268 61.69 8.9255 0 0 0 0.0105412 -22.3258847 3.3577512 0.1207944 0.057261 
220000 220 988.258 -95264.768 100.317 8.9692 0 0 0 0.0108211 -23.2361566 3.4043924 0.1243435 0.0598004 
230000 230 990.406 -92421.018 134.406 9.002 0 0 0 0.0104359 -25.6199094 3.2321399 0.1258648 0.0611805 
240000 240 992.161 -88471.43 181.825 9.039 0 0 0 0.0110935 -28.5013734 3.6274149 0.1289464 0.0618598 
250000 250 993.595 -83866.921 231.803 9.0605 0 0 0 0.0105037 -31.8650073 3.3229176 0.1325799 0.0648462 
260000 260 994.767 -79848.665 263.041 9.0721 0 0 0 0.011114 -34.4769031 3.2916719 0.1374472 0.0681436 
270000 270 995.724 -75363.287 297.155 9.077 0 0 0 0.0108945 -36.8456124 3.318454 0.1422725 0.0709419 
280000 280 996.506 -70126.52 339.186 9.0857 0 0 0 0.0106871 -39.4195028 3.2150229 0.1420771 0.070897 
290000 290 997.145 -63774.033 392.406 9.0889 0 0 0 0.0108021 -41.8552748 3.1905192 0.1456255 0.0728076 
300000 300 997.667 -56258.098 458.387 9.0913 0 0 0 0.0106103 -44.8469373 2.9979266 0.1460155 0.0741037 
310000 310 998.094 -48869.492 509.277 9.1025 0 0 0 0.0098731 -47.8437517 3.5057074 0.1418385 0.070818 
320000 320 998.443 -42937.923 524.487 9.1013 0 0 0 0.010123 -50.791693 5.7799017 0.1408446 0.0709222 
330000 330 998.728 -36919.138 540.511 9.1136 0 0 0 0.0099821 -53.8894895 4.89399 0.1367314 0.0679202 
340000 340 998.96 -30365.881 561.903 9.1194 0 0 0 0.00887 -56.9739908 2.7373758 0.1341999 0.0671061 
350000 350 999.151 -25389.338 549.406 9.1307 0 0 0 0.0091427 -59.7095966 5.6120029 0.1329804 0.0654847 
360000 360 999.306 -21100.183 524.766 9.1322 0 0 0 0.009201 -61.6277738 5.9187855 0.1315757 0.0656254 
370000 370 999.433 -14526.857 549.736 9.1419 0 0 0 0.0089564 -64.1871158 5.5540278 0.1300124 0.0641884 
380000 380 999.537 -9605.264 537.354 9.1436 0 0 0 0.0081682 -66.6661754 7.563025 0.1280132 0.0622924 
390000 390 999.621 -2200.927 575.095 9.1403 0 0 0 0.0081525 -69.0663605 5.6267654 0.1273725 0.0621157 
400000 400 999.691 4862.727 598.78 9.1271 0 0 0 0.0076988 -71.9346341 6.5417784 0.125185 0.0602493 
410000 410 999.747 11206.342 606.286 9.059 0 0 0 0.0075251 -73.8830046 5.4471907 0.1221321 0.0573055 
420000 420 999.793 16901.933 599.508 9.0791 0 0 0 0.0074858 -75.5453832 7.5307647 0.1198551 0.0552892 
430000 430 999.831 26197.257 660.143 9.0901 0 0 0 0.0074417 -77.6844575 4.8497359 0.122348 0.0574431 
440000 440 999.862 35840.913 716.215 9.0874 0 0 0 0.0081958 -79.5077984 6.1359907 0.1259912 0.0597682 
450000 450 999.887 46808.58 786.231 9.0998 0 0 0 0.0083267 -81.7919854 8.391353 0.1262684 0.0597277 
460000 460 999.908 57627.218 839.737 9.1102 0 0 0 0.0081354 -84.3002656 13.2062271 0.1240995 0.0585809 
470000 470 999.925 67512.887 867.208 9.1149 0 0 0 0.0072579 -86.6216158 8.0435727 0.1234643 0.0585902 
480000 480 999.939 73954.764 828.411 9.1211 0 0 0 0.0072888 -88.8787473 5.4202415 0.1192608 0.0548386 
490000 490 999.95 83394.971 849.153 9.1449 0 0 0 0.0075763 -90.6736513 9.2089661 0.1223628 0.0587672 
500000 500 999.959 92548.842 860.317 9.2153 0 0 0 0.008141 -92.7124963 14.2997766 0.1233892 0.0582872 
510000 510 999.966 102459.181 884.413 9.2778 0 0 0 0.0081035 -94.6803764 9.0165434 0.1275524 0.0613946 
520000 520 999.973 111644.104 889.828 9.363 0 0 0 0.0074536 -96.0266937 6.3526305 0.1311414 0.0639252 
530000 530 999.978 121019.928 898.574 9.4012 0 0 0 0.0076011 -97.7235291 6.9043087 0.13067 0.0633194 
540000 540 999.982 132000.225 935.731 9.4192 0 0 0 0.0080933 -99.9366879 14.2467029 0.1350361 0.0646175 
550000 550 999.985 144323.684 989.782 9.4271 0 0 0 0.0083287 -101.6421193 7.2686661 0.1381843 0.0675928 
560000 560 999.988 156036.396 1022.757 9.4329 0 0 0 0.0080145 -104.0672054 10.549467 0.13767 0.0673273 
570000 570 999.99 167209.703 1041.341 9.4138 0 0 0 0.0085422 -105.4834386 16.1578801 0.1414923 0.0700392 
580000 580 999.992 177825.553 1043.997 9.3809 0 0 0 0.0081619 -107.1841985 10.4489292 0.1423397 0.0703015 
590000 590 999.993 189496.535 1066.765 9.3418 0 0 0 0.0077995 -109.1527113 11.7737534 0.143853 0.0713649 
600000 600 999.995 201086.442 1083.496 9.2969 0 0 0 0.0077754 -110.2566568 15.2601485 0.1465194 0.0734479 
610000 610 999.996 210348.728 1053.266 9.2728 0 0 0 0.0076254 -112.2457145 11.9458483 0.1481884 0.0749274 
620000 620 999.996 218537.304 1013.891 9.2461 0 0 0 0.0084634 -114.4280742 23.8828073 0.1504588 0.0764459 
630000 630 999.997 229688.487 1032.456 9.2335 0 0 0 0.0083615 -115.9903317 26.422442 0.1527782 0.0778155 
640000 640 999.998 239407.623 1021.586 9.2191 0 0 0 0.0081311 -117.6361852 21.7847214 0.1535546 0.0775567 
650000 650 999.998 248577.337 1001.827 9.2117 0 0 0 0.0079645 -119.0399436 16.8536709 0.1511056 0.0759439 
660000 660 999.998 258154.441 995.132 9.2022 0 0 0 0.0084207 -120.3699897 17.4673814 0.1523042 0.0765179 
670000 670 999.999 269372.687 1017.943 9.1975 0 0 0 0.0079743 -121.8996703 8.4315285 0.1534115 0.0776127 
680000 680 999.999 280772.613 1039.824 9.1925 0 0 0 0.0079924 -123.4552911 22.8769259 0.1553617 0.0786425 
690000 690 999.999 293610.86 1084.686 9.1822 0 0 0 0.0073374 -125.270339 16.5725392 0.1537322 0.0769139 
700000 700 999.999 306025.228 1112.649 9.1788 0 0 0 0.0078321 -126.5774943 30.8945888 0.1529058 0.0763503 
710000 710 999.999 316932.893 1109.337 9.1678 0 0 0 0.0076877 -128.3638244 11.3315694 0.1526917 0.0753134 
720000 720 1000.0 328466.057 1117.756 9.165 0 0 0 0.0075966 -129.794358 16.1229571 0.1559103 0.0784298 
730000 730 1000.0 340063.197 1125.574 9.1582 0 0 0 0.0074301 -131.0423152 12.7792404 0.1568074 0.0785102 
740000 740 1000.0 352488.927 1146.736 9.152 0 0 0 0.0083707 -132.2638395 35.2084572 0.1596373 0.0805984 
750000 750 1000.0 365333.579 1172.309 9.1528 0 0 0 0.007324 -133.5137719 15.4299137 0.1596299 0.0803401 
760000 760 1000.0 378159.764 1192.296 9.141 0 0 0 0.0075204 -134.5514219 30.6171989 0.1600525 0.0804159 
770000 770 1000.0 390760.284 1203.653 9.1424 0 0 0 0.0075906 -136.0982817 14.1577995 0.1606872 0.0820286 
780000 780 1000.0 404052.423 1226.651 9.1393 0 0 0 0.007471 -137.1795738 12.8613046 0.1615785 0.0826266 
790000 790 1000.0 416623.028 1231.105 9.1467 0 0 0 0.0072625 -138.6116937 15.7954925 0.160671 0.0816772 
800000 800 1000.0 430120.447 1252.668 9.1522 0 0 0 0.0076718 -139.6582233 24.2836445 0.1592791 0.0804974 
810000 810 1000.0 443125.416 1261.268 9.1407 0 0 0 0.0071859 -141.1858003 22.2053358 0.160032 0.0817908 
820000 820 1000.0 454629.116 1239.387 9.1438 0 0 0 0.0071307 -142.1187861 23.99219 0.1588606 0.0806692 
830000 830 1000.0 467436.386 1247.283 9.155 0 0 0 0.007114 -143.4218653 13.9905007 0.1571594 0.07976 
840000 840 1000.0 480541.068 1259.009 9.1556 0 0 0 0.0072696 -144.7298346 31.8498435 0.1573922 0.0798031 
850000 850 1000.0 493654.58 1268.353 9.1517 0 0 0 0.0074096 -145.9605993 15.3508525 0.1561182 0.0779403 
860000 860 1000.0 506751.406 1275.87 9.1505 0 0 0 0.0070994 -147.3583573 21.2356502 0.1569594 0.0790707 
870000 870 1000.0 520147.772 1287.883 9.1561 0 0 0 0.0070906 -148.3073318 15.6905511 0.1553021 0.0774769 
880000 880 1000.0 534095.263 1307.823 9.1535 0 0 0 0.0070492 -149.8201112 15.0930397 0.1568301 0.0779243 
890000 890 1000.0 547989.095 1323.276 9.1457 0 0 0 0.0071697 -150.5363818 20.3309824 0.1569026 0.0788984 
900000 900 1000.0 561548.229 1329.306 9.1461 0 0 0 0.0071046 -151.652109 13.3904236 0.1574517 0.078619 
910000 910 1000.0 575005.161 1332.857 9.1492 0 0 0 0.0072044 -152.6099504 21.7045382 0.1566868 0.0778536 
920000 920 1000.0 586337.022 1296.463 9.1645 0 0 0 0.0069733 -153.367539 12.9029768 0.1559532 0.0777109 
930000 930 1000.0 599043.139 1292.668 9.1634 0 0 0 0.0072524 -154.4194363 37.6080107 0.1551674 0.0769447 
940000 940 1000.0 611262.87 1278.691 9.1586 0 0 0 0.0068032 -154.82042 25.5292705 0.1556024 0.0770087 
950000 950 1000.0 624992.632 1296.215 9.1529 0 0 0 0.0067964 -156.1550695 21.1743747 0.1551997 0.0765754 
960000 960 1000.0 639862.209 1330.576 9.1518 0 0 0 0.0064063 -157.1111782 8.3117251 0.1513432 0.0733267 
970000 970 1000.0 653433.633 1333.346 9.1491 0 0 0 0.0069964 -158.2068561 22.0254638 0.1501796 0.0726335 
980000 980 1000.0 667393.467 1345.082 9.1519 0 0 0 0.0063635 -159.41101 21.3764032 0.1518992 0.0736107 
990000 990 1000.0 681891.401 1363.931 9.1566 0 0 0 0.006697 -160.1060609 22.3365697 0.1530264 0.0752659 
1000000 1000 1000.0 694466.453 1343.558 9.1533 0 0 0 0.0072152 -161.0993123 26.7752401 0.1570142 0.0788941 
1010000 1010 1000.0 706171.284 1311.58 9.1426 0 0 0 0.0069637 -161.1418946 32.7590016 0.15649 0.078125 
1020000 1020 1000.0 720317.598 1330.785 9.1453 0 0 0 0.0068073 -162.7754422 25.575662 0.1583521 0.079902 
1030000 1030 1000.0 734753.173 1351.78 9.1367 0 0 0 0.007412 -164.0614033 30.2103741 0.1570054 0.0780999 
1040000 1040 1000.0 749594.131 1376.327 9.1291 0 0 0 0.0074695 -165.1053214 24.0971243 0.160785 0.0810009 
1050000 1050 1000.0 765215.994 1410.485 9.1282 0 0 0 0.0067003 -166.2252018 20.7776964 0.1588321 0.0788895 
1060000 1060 1000.0 780297.504 1428.346 9.1308 0 0 0 0.006869 -167.114906 21.3755578 0.1554558 0.077152 
1070000 1070 1000.0 795799.584 1450.963 9.1395 0 0 0 0.0066603 -168.0327648 35.3672871 0.1580255 0.0785722 
1080000 1080 1000.0 811812.4 1478.061 9.1359 0 0 0 0.0066947 -169.2844359 18.5049684 0.1596628 0.079188 
1090000 1090 1000.0 827590.985 1496.382 9.134 0 0 0 0.0070757 -170.3360774 47.375846 0.1592317 0.0785334 
1100000 1100 1000.0 843345.442 1511.116 9.1319 0 0 0 0.0064039 -171.4290264 31.145334 0.1588113 0.0794104 
1110000 1110 1000.0 859700.349 1533.621 9.1307 0 0 0 0.0063584 -172.4940337 24.3472292 0.1591871 0.0793751 
1120000 1120 1000.0 875568.824 1543.121 9.1423 0 0 0 0.0067809 -173.6911753 33.884009 0.1573924 0.0778566 
1130000 1130 1000.0 892241.762 1565.839 9.144 0 0 0 0.0064536 -174.8319062 23.6244567 0.1565683 0.0770527 
1140000 1140 1000.0 908610.321 1578.685 9.1396 0 0 0 0.0062475 -176.2229436 49.22777 0.1588416 0.078568 
1150000 1150 1000.0 922143.932 1536.193 9.1389 0 0 0 0.0060566 -177.3936591 27.2494859 0.1561693 0.0767029 
1160000 1160 1000.0 938081.193 1546.89 9.1276 0 0 0 0.0066897 -178.21322 41.0170839 0.1553419 0.0764236 
1170000 1170 1000.0 953775.286 1550.78 9.1329 0 0 0 0.006752 -178.8596751 53.5096865 0.1575063 0.0783926 
1180000 1180 1000.0 966914.482 1507.386 9.1343 0 0 0 0.0063278 -180.281472 35.8152244 0.1545592 0.0762086 
1190000 1190 1000.0 977443.602 1421.21 9.13 0 0 0 0.0060287 -181.0413552 33.8228633 0.1525074 0.0741742 
1200000 1200 1000.0 987645.345 1353.467 9.1284 0 0 0 0.0061932 -181.5585358 44.0638852 0.1488439 0.0714292 
1210000 1210 1000.0 1002949.044 1386.958 9.1315 0 0 0 0.0061469 -182.6349552 32.3512498 0.1510296 0.0730144 
1220000 1220 1000.0 1018697.708 1422.098 9.1258 0 0 0 0.0054077 -183.6736812 18.983116 0.149205 0.0711748 
1230000 1230 1000.0 1034719.778 1455.348 9.1295 0 0 0 0.0063497 -184.6894473 30.1998987 0.1489936 0.0708501 
1240000 1240 1000.0 1051519.896 1495.899 9.1366 0 0 0 0.0057107 -185.0974621 33.3109834 0.1495623 0.0713215 
1250000 1250 1000.0 1067515.054 1514.407 9.1375 0 0 0 0.005932 -185.8040997 43.195616 0.1487105 0.0712782 
1260000 1260 1000.0 1085247.952 1561.88 9.1488 0 0 0 0.005242 -186.9710881 24.4617836 0.1482007 0.0701804 
1270000 1270 1000.0 1102123.844 1585.21 9.1482 0 0 0 0.0055036 -187.837919 17.1064164 0.148395 0.0708001 
1280000 1280 1000.0 1118571.527 1596.192 9.1446 0 0 0 0.0055584 -188.3942977 56.3599542 0.1473106 0.0703885 
1290000 1290 1000.0 1135447.046 1613.031 9.1435 0 0 0 0.0058172 -189.2902023 29.1876235 0.1463896 0.0690133 
1300000 1300 1000.0 1152225.885 1625.399 9.1383 0 0 0 0.0058131 -189.8969646 46.6694467 0.1465734 0.0698356 
1310000 1310 1000.0 1168930.14 1633.691 9.1401 0 0 0 0.0053307 -190.3556116 36.5384238 0.148496 0.0710753 
1320000 1320 1000.0 1185689.449 1641.36 9.1308 0 0 0 0.0056686 -190.8099382 82.8164661 0.1462101 0.0691436 
1330000 1330 1000.0 1202016.099 1640.373 9.1385 0 0 0 0.0055631 -191.5470283 63.0166981 0.1477181 0.0708895 
1340000 1340 1000.0 1218188.757 1635.928 9.1394 0 0 0 0.0052754 -192.0874328 43.6691638 0.1446413 0.0677578 
1350000 1350 1000.0 1234567.33 1636.481 9.141 0 0 0 0.0056751 -192.8147547 36.6852156 0.1464502 0.0694323 
1360000 1360 1000.0 1251657.788 1649.255 9.1348 0 0 0 0.0055424 -193.7798099 25.0351474 0.1465368 0.068572 
1370000 1370 1000.0 1268923.668 1663.497 9.1391 0 0 0 0.0053441 -194.5446706 17.5358948 0.1463262 0.0689644 
1380000 1380 1000.0 1285644.217 1664.276 9.1452 0 0 0 0.0053565 -195.5953057 35.4306252 0.145107 0.0669105 
1390000 1390 1000.0 1301795.478 1654.412 9.1501 0 0 0 0.0051722 -196.6409541 26.6984428 0.1475492 0.0691632 
1400000 1400 1000.0 1318771.333 1662.162 9.1613 0 0 0 0.0056001 -197.9023429 48.031014 0.1501287 0.0707748 
1410000 1410 1000.0 1335950.967 1672.388 9.1541 0 0 0 0.0056948 -198.3740692 48.1137934 0.1529995 0.0728177 
1420000 1420 1000.0 1352089.998 1662.382 9.1523 0 0 0 0.0052863 -199.2259932 22.4664332 0.1512491 0.0712715 
1430000 1430 1000.0 1369161.765 1670.441 9.1576 0 0 0 0.0051384 -200.1239156 26.7584462 0.1501878 0.0703571 
1440000 1440 1000.0 1385557.322 1664.928 9.1631 0 0 0 0.0058196 -200.2910384 56.5494275 0.1520723 0.0720082 
1450000 1450 1000.0 1402080.768 1662.773 9.1538 0 0 0 0.0055473 -201.1657802 39.7091606 0.1523174 0.0721602 
1460000 1460 1000.0 1418678.716 1662.393 9.1561 0 0 0 0.0053283 -201.5055114 45.6836466 0.1525866 0.0721679 
1470000 1470 1000.0 1435144.344 1659.032 9.1532 0 0 0 0.0052089 -202.1238231 27.3009261 0.1531423 0.0720429 
1480000 1480 1000.0 1452286.98 1669.348 9.1637 0 0 0 0.0054897 -202.3345915 49.6029743 0.1516484 0.071753 
1490000 1490 1000.0 1469068.371 1670.893 9.1702 0 0 0 0.0056413 -203.3765798 33.4966413 0.1530524 0.0730856 
1500000 1500 1000.0 1485195.978 1660.636 9.1696 0 0 0 0.005697 -203.425551 83.222982 0.153267 0.0726848 
1510000 1510 1000.0 1501568.582 1656.254 9.1695 0 0 0 0.0052317 -203.7000439 52.3681693 0.1525061 0.0720533 
1520000 1520 1000.0 1516681.051 1630.756 9.1679 0 0 0 0.0052156 -204.3341872 31.7762667 0.1538687 0.0733324 
1530000 1530 1000.0 1533892.899 1647.636 9.1619 0 0 0 0.0055615 -204.812656 63.2814785 0.1521711 0.0721898 
1540000 1540 1000.0 1551363.634 1665.854 9.1608 0 0 0 0.0051099 -205.0637697 54.4711532 0.1527222 0.072576 
1550000 1550 1000.0 1569208.645 1687.554 9.1686 0 0 0 0.0051314 -205.7338728 35.1518841 0.1538952 0.073249 
1560000 1560 1000.0 1586010.64 1686.232 9.1749 0 0 0 0.0052541 -205.9884692 53.002998 0.1526538 0.0721581 
1570000 1570 1000.0 1603596.424 1699.706 9.167 0 0 0 0.005559 -206.6125817 102.5507184 0.1520242 0.0719869 
1580000 1580 1000.0 1620689.578 1700.828 9.167 0 0 0 0.0054178 -207.1736294 50.1788099 0.1523535 0.0724114 
1590000 1590 1000.0 1638578.454 1716.711 9.1697 0 0 0 0.0047554 -208.0278059 12.2599523 0.1527484 0.0718169 
1600000 1600 1000.0 1655782.301 1717.237 9.171 0 0 0 0.0050398 -208.5508063 47.3253183 0.1505807 0.0709359 
1610000 1610 1000.0 1669912.025 1659.55 9.1657 0 0 0 0.0049934 -208.0996269 32.1672634 0.1510115 0.0724845 
1620000 1620 1000.0 1687355.008 1675.169 9.1681 0 0 0 0.005389 -208.7210148 93.7544735 0.1502509 0.07161 
1630000 1630 1000.0 1704736.318 1686.878 9.1665 0 0 0 0.0050399 -209.1188474 45.1645223 0.151289 0.0723857 
1640000 1640 1000.0 1722221.785 1697.771 9.1685 0 0 0 0.0047323 -209.6683217 28.2452083 0.1471393 0.0689177 
1650000 1650 1000.0 1739489.44 1703.306 9.1679 0 0 0 0.0047325 -210.1873909 26.2941842 0.1494472 0.0713822 
1660000 1660 1000.0 1756983.295 1712.296 9.1727 0 0 0 0.0050741 -210.1962091 57.9159154 0.1486979 0.0706953 
1670000 1670 1000.0 1774248.69 1714.769 9.178 0 0 0 0.0047599 -210.8211548 75.8236339 0.1495673 0.071689 
1680000 1680 1000.0 1791816.332 1722.911 9.1799 0 0 0 0.0046523 -211.4748688 19.9877378 0.1488126 0.0710317 
1690000 1690 1000.0 1808511.633 1712.817 9.176 0 0 0 0.0051018 -211.534574 63.0666082 0.1500022 0.0722112 
1700000 1700 1000.0 1825626.617 1712.99 9.1723 0 0 0 0.0050303 -212.1623934 50.8652768 0.1474391 0.069833 
1710000 1710 1000.0 1842328.921 1705.528 9.1705 0 0 0 0.0053138 -212.3010721 56.0116793 0.1502426 0.0715112 
1720000 1720 1000.0 1859203.833 1702.337 9.1678 0 0 0 0.0050011 -213.2795888 16.6370339 0.1497198 0.0714126 
1730000 1730 1000.0 1875807.765 1694.128 9.1687 0 0 0 0.0055165 -213.3848149 67.2395912 0.1499592 0.0722034 
1740000 1740 1000.0 1893346.899 1704.775 9.1594 0 0 0 0.0049662 -213.5470139 62.4017145 0.1512427 0.073119 
1750000 1750 1000.0 1910606.185 1709.244 9.1666 0 0 0 0.0046696 -214.0058376 28.6660462 0.1484454 0.0701872 
1760000 1760 1000.0 1928139.108 1717.448 9.174 0 0 0 0.0050118 -214.2828537 52.4703679 0.1499747 0.0721482 
1770000 1770 1000.0 1945405.753 1719.405 9.174 0 0 0 0.004886 -214.7006926 67.2075239 0.149831 0.0717466 
1780000 1780 1000.0 1962804.837 1723.091 9.1697 0 0 0 0.0050303 -215.0137538 74.1030705 0.147778 0.0705628 
1790000 1790 1000.0 1979780.501 1718.739 9.1753 0 0 0 0.0054513 -215.091899 67.3428547 0.1509845 0.0731015 
1800000 1800 1000.0 1997388.274 1726.403 9.1833 0 0 0 0.0049907 -215.3664699 90.2696236 0.149168 0.0719798 
1810000 1810 1000.0 2015240.378 1736.708 9.1928 0 0 0 0.0046574 -216.5239488 43.7789055 0.1461342 0.0682601 
1820000 1820 1000.0 2031474.31 1713.712 9.1978 0 0 0 0.0051407 -216.1640936 71.420011 0.14975 0.0717526 
1830000 1830 1000.0 2048916.29 1719.664 9.2033 0 0 0 0.004895 -216.6926783 46.9718931 0.1478326 0.070419 
1840000 1840 1000.0 2065848.058 1714.973 9.2039 0 0 0 0.0053525 -216.6605654 91.1677944 0.1486215 0.0712673 
1850000 1850 1000.0 2082616.587 1708.063 9.1968 0 0 0 0.0047344 -217.6602403 24.9291699 0.1470597 0.0694164 
1860000 1860 1000.0 2099607.834 1705.883 9.1933 0 0 0 0.0046207 -217.9625226 20.5086543 0.1463751 0.0692865 
1870000 1870 1000.0 2113725.914 1649.817 9.1882 0 0 0 0.0052712 -217.5636494 29.6234668 0.1485414 0.0714496 
1880000 1880 1000.0 2117932.494 1421.991 9.1956 0 0 0 0.0053181 -216.7422046 68.9100371 0.1460344 0.069142 
1890000 1890 1000.0 2132500.022 1430.767 9.1913 0 0 0 0.0052903 -216.7344978 57.4071045 0.1454163 0.0687974 
1900000 1900 1000.0 2149963.291 1488.672 9.1831 0 0 0 0.0048902 -216.7199253 38.1024557 0.1465405 0.0708615 
1910000 1910 1000.0 2167936.258 1544.928 9.1791 0 0 0 0.0049435 -217.3534357 18.1591256 0.1434642 0.0671033 
1920000 1920 1000.0 2185571.913 1585.018 9.1785 0 0 0 0.0053376 -217.0749065 52.3878247 0.1436748 0.0671952 
1930000 1930 1000.0 2203590.682 1624.452 9.1902 0 0 0 0.0050973 -217.6385144 58.2671923 0.1424119 0.0667085 
1940000 1940 1000.0 2221588.679 1657.012 9.1918 0 0 0 0.005049 -217.6895306 42.0984649 0.141332 0.0657646 
1950000 1950 1000.0 2239037.305 1673.08 9.1866 0 0 0 0.0047639 -217.5524151 59.8834732 0.1444492 0.068083 
1960000 1960 1000.0 2255691.326 1670.937 9.1914 0 0 0 0.0050786 -218.2440069 58.5697418 0.1442434 0.0677017 
1970000 1970 1000.0 2272775.812 1677.45 9.1914 0 0 0 0.0048809 -218.2694332 60.9478825 0.1420539 0.0658686 
1980000 1980 1000.0 2290995.755 1704.407 9.1766 0 0 0 0.0051152 -218.3814396 47.6819249 0.1447336 0.0671335 
1990000 1990 1000.0 2308881.368 1720.25 9.1856 0 0 0 0.0049565 -218.5092943 39.0320641 0.1450282 0.0687552 
2000000 2000 1000.0 2326688.066 1730.808 9.1863 0 0 0 0.0049036 -218.4845575 45.6172471 0.1451221 0.0683876 
2010000 2010 1000.0 2344040.812 1731.568 9.1878 0 0 0 0.0052359 -218.6242473 33.1205979 0.143506 0.0670074 
2020000 2020 1000.0 2360314.911 1711.164 9.1925 0 0 0 0.0048264 -218.7857897 39.364703 0.1436635 0.0669528 
2030000 2030 1000.0 2377055.367 1704.801 9.1785 0 0 0 0.0051571 -218.6410657 28.7194925 0.1459666 0.0681442 
2040000 2040 1000.0 2394640.146 1714.725 9.1873 0 0 0 0.0048289 -218.4846235 69.6371532 0.1445402 0.0675073 
2050000 2050 1000.0 2411552.382 1711.072 9.1852 0 0 0 0.0048662 -218.8164281 42.3259545 0.1438003 0.0667609 
2060000 2060 1000.0 2428901.92 1715.734 9.1845 0 0 0 0.0048686 -219.1092877 48.9304039 0.1442264 0.0669561 
2070000 2070 1000.0 2446198.653 1718.486 9.1822 0 0 0 0.0055248 -218.8178013 74.5825987 0.1458344 0.068368 
2080000 2080 1000.0 2463529.384 1721.578 9.1871 0 0 0 0.0046274 -219.8814408 39.8865515 0.1438441 0.066015 
2090000 2090 1000.0 2480391.567 1715.143 9.172 0 0 0 0.004593 -220.5867419 53.3807978 0.1456907 0.0678032 
2100000 2100 1000.0 2497495.624 1714.324 9.1775 0 0 0 0.0045692 -220.5340988 26.3198881 0.1467825 0.0682683 
2110000 2110 1000.0 2515409.08 1728.352 9.1713 0 0 0 0.004708 -220.2700602 66.0600774 0.1485425 0.0698583 
2120000 2120 1000.0 2533094.359 1735.602 9.1746 0 0 0 0.004772 -220.7854555 45.5921055 0.1477114 0.0692933 
2130000 2130 1000.0 2550808.47 1742.047 9.1798 0 0 0 0.0046136 -220.799673 37.778854 0.1486222 0.0703558 
2140000 2140 1000.0 2567895.041 1736.586 9.1787 0 0 0 0.0050152 -220.6439877 64.577604 0.1481033 0.0696546 
2150000 2150 1000.0 2585649.238 1743.528 9.1744 0 0 0 0.0046985 -220.6846516 30.8070432 0.1471262 0.0688162 
2160000 2160 1000.0 2603002.562 1741.724 9.1789 0 0 0 0.0047977 -221.0285443 68.2685612 0.1483104 0.069681 
2170000 2170 1000.0 2617310.796 1682.655 9.1826 0 0 0 0.0048276 -221.0587795 57.735052 0.1469579 0.0683949 
2180000 2180 1000.0 2634866.777 1695.328 9.1839 0 0 0 0.0045404 -220.8442179 43.935123 0.1453583 0.0674446 
2190000 2190 1000.0 2652194.898 1701.721 9.1838 0 0 0 0.0045988 -220.8679304 65.554293 0.1460623 0.0683938 
2200000 2200 1000.0 2669871.208 1713.668 9.1855 0 0 0 0.0048769 -220.9419946 84.8339648 0.1466796 0.0684485 
2210000 2210 1000.0 2687775.631 1727.738 9.1929 0 0 0 0.0047402 -220.938661 61.8316913 0.1455579 0.0676604 
2220000 2220 1000.0 2704975.422 1726.379 9.1825 0 0 0 0.0045657 -221.3401934 62.4533893 0.1445816 0.0670523 
2230000 2230 1000.0 2722151.427 1724.669 9.1738 0 0 0 0.0046007 -221.2375843 52.0566241 0.1463301 0.0684665 
2240000 2240 1000.0 2739588.239 1728.46 9.1752 0 0 0 0.0048415 -221.3599268 65.8219904 0.1468768 0.0693778 
2250000 2250 1000.0 2757174.57 1734.207 9.1784 0 0 0 0.0047461 -221.6974568 20.0664094 0.14838 0.0700348 
2260000 2260 1000.0 2775201.166 1746.858 9.1737 0 0 0 0.0045911 -221.3303889 35.9171983 0.1493778 0.0709971 
2270000 2270 1000.0 2791996.923 1734.44 9.1723 0 0 0 0.0047059 -221.8570968 34.0414698 0.1494621 0.0709237 
2280000 2280 1000.0 2810245.595 1751.1 9.1694 0 0 0 0.0043743 -221.805285 36.2676272 0.1492361 0.0708931 
2290000 2290 1000.0 2828100.648 1757.019 9.1682 0 0 0 0.0045169 -221.8864926 45.9143071 0.1483276 0.0707079 
2300000 2300 1000.0 2845864.901 1760.313 9.1729 0 0 0 0.0046154 -221.8360984 83.3862394 0.1479953 0.0709672 
2310000 2310 1000.0 2864114.532 1772.646 9.1728 0 0 0 0.0047558 -221.9949319 58.7706578 0.1487754 0.0712402 
2320000 2320 1000.0 2881274.971 1761.629 9.1729 0 0 0 0.0049099 -222.1165549 59.5198052 0.1497832 0.0721442 
2330000 2330 1000.0 2898496.31 1755.244 9.1753 0 0 0 0.0046768 -222.03314 42.0898287 0.1504409 0.0728875 
2340000 2340 1000.0 2911731.517 1677.953 9.1663 0 0 0 0.0047389 -221.7193761 36.0821355 0.14931 0.0722907 
2350000 2350 1000.0 2929351.389 1693.456 9.1654 0 0 0 0.0046205 -221.3565909 65.9185667 0.1491632 0.0721447 
2360000 2360 1000.0 2946707.772 1700.751 9.1729 0 0 0 0.0046515 -222.0852568 60.7508213 0.1520391 0.0747578 
2370000 2370 1000.0 2964552.167 1716.499 9.1695 0 0 0 0.0048305 -222.3449655 37.9572016 0.1520059 0.0742018 
2380000 2380 1000.0 2981782.87 1718.073 9.1671 0 0 0 0.0047083 -222.8980428 36.1044891 0.1512229 0.0733296 
2390000 2390 1000.0 2999544.583 1729.232 9.1745 0 0 0 0.0047377 -222.7559944 44.4387077 0.1539713 0.076698 
2400000 2400 1000.0 3016890.462 1730.664 9.1708 0 0 0 0.0047066 -222.9486704 42.3566074 0.1500413 0.0732387 
2410000 2410 1000.0 3033549.758 1716.313 9.1741 0 0 0 0.0052509 -222.6480805 82.9420173 0.1529723 0.0753842 
2420000 2420 1000.0 3051953.075 1738.425 9.1667 0 0 0 0.0049801 -222.6411488 66.2162854 0.1536025 0.0760537 
2430000 2430 1000.0 3069685.54 1744.928 9.1673 0 0 0 0.0044927 -222.5617444 46.8011751 0.1509735 0.0741257 
2440000 2440 1000.0 3085929.276 1722.313 9.1607 0 0 0 0.0047774 -222.7460966 47.2311813 0.1496981 0.0732015 
2450000 2450 1000.0 3103244.132 1724.531 9.1649 0 0 0 0.0044899 -222.4090987 57.5341909 0.1493677 0.0727554 
2460000 2460 1000.0 3120905.422 1732.216 9.1593 0 0 0 0.0047605 -222.5932295 92.9095363 0.149496 0.0722752 
2470000 2470 1000.0 3138618.402 1739.334 9.1667 0 0 0 0.0045317 -222.7321235 40.4997416 0.14909 0.072361 
2480000 2480 1000.0 3156629.348 1750.252 9.161 0 0 0 0.004569 -223.2690159 50.1451398 0.1482902 0.071452 
2490000 2490 1000.0 3175370.594 1771.933 9.1641 0 0 0 0.0041752 -223.4847726 21.9471913 0.1486009 0.0719249 
2500000 2500 1000.0 3193175.819 1773.558 9.1717 0 0 0 0.0043744 -223.5418237 43.3856991 0.1479262 0.0707966 
2510000 2510 1000.0 3212160.52 1796.239 9.1721 0 0 0 0.0043027 -223.9301907 37.4782301 0.1473693 0.0698337 
2520000 2520 1000.0 3229792.998 1790.594 9.1711 0 0 0 0.0048714 -224.2793404 106.0010716 0.149837 0.0722104 
2530000 2530 1000.0 3248410.497 1803.754 9.1736 0 0 0 0.0043656 -224.2799844 53.2186369 0.1459256 0.0694809 
2540000 2540 1000.0 3264903.375 1776.116 9.1693 0 0 0 0.0047385 -224.7937921 55.8661559 0.1474579 0.0701793 
2550000 2550 1000.0 3283815.892 1797.616 9.1765 0 0 0 0.0044144 -224.6844291 46.0072315 0.147609 0.0704179 
2560000 2560 1000.0 3302168.211 1804.287 9.1759 0 0 0 0.0044018 -225.3395598 51.3397226 0.1467961 0.0700667 
2570000 2570 1000.0 3318745.55 1778.513 9.1796 0 0 0 0.004622 -225.3095117 64.9496154 0.1460561 0.0682915 
2580000 2580 1000.0 3334966.092 1749.85 9.1695 0 0 0 0.0043938 -224.6165935 37.5507356 0.1468353 0.0697167 
2590000 2590 1000.0 3350621.601 1715.164 9.1732 0 0 0 0.0045559 -224.1981903 92.9801726 0.1442751 0.0681557 
2600000 2600 1000.0 3366804.777 1697.112 9.1787 0 0 0 0.0048201 -224.1063098 67.3671114 0.1463615 0.0699631 
2610000 2610 1000.0 3385321.354 1724.976 9.1712 0 0 0 0.0043723 -224.4792425 67.889623 0.1479618 0.0700887 
2620000 2620 1000.0 3403623.1 1744.875 9.1715 0 0 0 0.004565 -224.856482 66.5783361 0.147321 0.0698053 
2630000 2630 1000.0 3420901.68 1741.958 9.1674 0 0 0 0.0044585 -224.9966705 58.659228 0.1460626 0.0690312 
2640000 2640 1000.0 3438278.479 1741.149 9.1697 0 0 0 0.0047452 -225.023453 91.5199393 0.1496677 0.0719706 
2650000 2650 1000.0 3456358.485 1753.362 9.1708 0 0 0 0.0045426 -225.3084158 43.7570444 0.1470086 0.0694783 
2660000 2660 1000.0 3473432.578 1743.536 9.1717 0 0 0 0.0047253 -224.9941136 51.3891376 0.1493829 0.0711873 
2670000 2670 1000.0 3491387.236 1753.57 9.1715 0 0 0 0.0046445 -225.6412683 56.9495396 0.1494589 0.0704564 
2680000 2680 1000.0 3509223.49 1759.707 9.1679 0 0 0 0.0041884 -225.5858611 25.6562526 0.1482992 0.0693993 
2690000 2690 1000.0 3527054.823 1764.445 9.1701 0 0 0 0.0048188 -225.1188948 56.6258345 0.1508117 0.0724357 
2700000 2700 1000.0 3545060.096 1771.439 9.1616 0 0 0 0.0050632 -224.5444222 126.5260774 0.1505501 0.0730981 
2710000 2710 1000.0 3562480.107 1765.701 9.1597 0 0 0 0.0048241 -224.3849582 71.481141 0.1492516 0.0714979 
2720000 2720 1000.0 3579400.638 1752.4 9.1683 0 0 0 0.0041793 -225.078037 21.1176365 0.1486437 0.0706943 
2730000 2730 1000.0 3596724.558 1749.262 9.175 0 0 0 0.0042862 -225.6516797 40.5307588 0.1480342 0.0700475 
2740000 2740 1000.0 3613791.862 1740.673 9.1807 0 0 0 0.0043532 -226.1463648 66.2113272 0.1478417 0.0705685 
2750000 2750 1000.0 3627136.83 1664.947 9.1807 0 0 0 0.0044706 -225.3621004 57.9624915 0.1477813 0.0696924 
2760000 2760 1000.0 3642265.236 1638.855 9.1724 0 0 0 0.0045894 -224.8581404 65.2666984 0.1485434 0.0706108 
2770000 2770 1000.0 3658912.676 1643.688 9.1674 0 0 0 0.0044018 -225.2748273 54.0222713 0.1456171 0.0689471 
2780000 2780 1000.0 3676380.969 1662.336 9.1647 0 0 0 0.0045568 -226.3287642 56.6030123 0.1460735 0.0686031 
2790000 2790 1000.0 3694038.983 1681.316 9.1622 0 0 0 0.0039736 -226.5654548 23.2898617 0.1459596 0.0689354 
2800000 2800 1000.0 3709463.332 1654.844 9.1601 0 0 0 0.0044699 -226.4021909 45.7158186 0.1475361 0.0695917 
2810000 2810 1000.0 3725087.28 1638.244 9.1579 0 0 0 0.0039106 -225.3076451 19.9870739 0.1452007 0.0687076 
2820000 2820 1000.0 3742783.888 1662.106 9.1674 0 0 0 0.0043922 -225.1826335 41.1628621 0.1454354 0.068834 
2830000 2830 1000.0 3759513.683 1662.792 9.1651 0 0 0 0.003889 -225.8285179 31.4388138 0.1447303 0.0682245 
2840000 2840 1000.0 3776140.489 1664.635 9.1583 0 0 0 0.0045003 -224.8159353 70.3097973 0.1432864 0.0669661 
2850000 2850 1000.0 3794330.881 1692.365 9.1597 0 0 0 0.004468 -225.843618 80.9640435 0.1455392 0.0684181 
2860000 2860 1000.0 3812612.15 1717.5 9.1597 0 0 0 0.0040164 -225.7256398 48.4718029 0.1441924 0.0673584 
2870000 2870 1000.0 3830824.009 1736.341 9.1658 0 0 0 0.0042967 -225.5696015 49.4105764 0.1441302 0.0677405 
2880000 2880 1000.0 3848064.324 1734.453 9.164 0 0 0 0.0042353 -225.2330283 52.437384 0.1441446 0.0680891 
2890000 2890 1000.0 3866219.782 1749.184 9.1574 0 0 0 0.0044588 -226.0771147 37.2893594 0.1438276 0.067399 
2900000 2900 1000.0 3884024.208 1754.281 9.1576 0 0 0 0.0042737 -226.0890245 69.2518107 0.1431499 0.0668911 
2910000 2910 1000.0 3902512.769 1771.637 9.1641 0 0 0 0.003876 -226.1769422 53.6172943 0.1423364 0.0666675 
2920000 2920 1000.0 3920158.695 1769.286 9.1602 0 0 0 0.0043857 -226.8717702 55.5767315 0.1416481 0.0657614 
2930000 2930 1000.0 3938438.299 1780.207 9.1506 0 0 0 0.0043225 -226.1408062 99.5429916 0.1441981 0.0671603 
2940000 2940 1000.0 3957378.328 1800.76 9.1561 0 0 0 0.004071 -226.9050478 37.0771875 0.1434167 0.0663289 
2950000 2950 1000.0 3975561.828 1803.916 9.1535 0 0 0 0.004153 -226.6112506 50.0780729 0.1448559 0.0671672 
2960000 2960 1000.0 3994058.915 1812.437 9.1609 0 0 0 0.0042116 -228.1291509 51.6032297 0.1452909 0.0680882 
2970000 2970 1000.0 4012279.2 1814.247 9.1679 0 0 0 0.0043887 -228.1631708 107.6052539 0.1465435 0.0690142 
2980000 2980 1000.0 4030788.742 1821.149 9.1643 0 0 0 0.0037635 -228.3588088 88.5080841 0.1444531 0.0675491 
2990000 2990 1000.0 4049410.234 1828.708 9.1606 0 0 0 0.0043555 -228.6594571 68.9520902 0.1462401 0.0685733 
3000000 3000 1000.0 4067675.062 1828.106 9.1658 0 0 0 0.0043278 -228.9167901 99.0250085 0.1451028 0.0669685 
3010000 3010 1000.0 4085303.237 1815.781 9.1603 0 0 0 0.0038545 -230.433513 49.15558 0.146234 0.0681489 
3020000 3020 1000.0 4103075.562 1808.606 9.1637 0 0 0 0.0040987 -230.5091735 77.139119 0.1437135 0.0661172 
3030000 3030 1000.0 4121147.534 1807.899 9.1622 0 0 0 0.0042423 -230.7340471 66.3421849 0.1451718 0.0667686 
3040000 3040 1000.0 4138610.622 1796.339 9.1635 0 0 0 0.0042092 -231.2754665 85.3637407 0.1456691 0.0672488 
3050000 3050 1000.0 4156478.091 1794.381 9.1673 0 0 0 0.0040476 -231.102898 95.9316137 0.1485889 0.0705803 
3060000 3060 1000.0 4173601.422 1777.845 9.1832 0 0 0 0.0040381 -231.3268566 16.0786323 0.1470756 0.0679188 
3070000 3070 1000.0 4191147.072 1773.934 9.182 0 0 0 0.0041587 -231.0237817 64.6270995 0.147983 0.069754 
3080000 3080 1000.0 4209244.618 1780.653 9.187 0 0 0 0.0038937 -231.8375014 51.5681756 0.1469431 0.0684599 
3090000 3090 1000.0 4227431.047 1787.418 9.1865 0 0 0 0.003974 -231.6126551 65.9362644 0.1490888 0.0697965 
3100000 3100 1000.0 4246541.187 1809.994 9.1824 0 0 0 0.0040577 -232.2943958 65.0356371 0.1472726 0.0687136 
3110000 3110 1000.0 4264826.582 1813.723 9.1802 0 0 0 0.0040213 -231.9954433 9.5160199 0.1477353 0.069567 
3120000 3120 1000.0 4283750.651 1828.659 9.1807 0 0 0 0.0041388 -232.1888488 51.8746048 0.1494712 0.0704198 
3130000 3130 1000.0 4303116.44 1848.626 9.1828 0 0 0 0.0038981 -232.1586042 49.6473004 0.1484963 0.0693237 
3140000 3140 1000.0 4321776.998 1852.097 9.1905 0 0 0 0.0042612 -231.850166 54.0678323 0.1476025 0.0692894 
3150000 3150 1000.0 4340376.914 1852.997 9.1878 0 0 0 0.0039568 -232.1760943 40.8833905 0.1482473 0.0700734 
3160000 3160 1000.0 4358610.054 1847.463 9.1899 0 0 0 0.0040471 -232.3343726 60.4084682 0.1497641 0.071177 
3170000 3170 1000.0 4376612.528 1838.715 9.1818 0 0 0 0.0039044 -232.1364844 51.7765786 0.1494992 0.0713726 
3180000 3180 1000.0 4395243.623 1843.384 9.1733 0 0 0 0.0042809 -232.5449925 62.4679461 0.1480722 0.0703216 
3190000 3190 1000.0 4413520.987 1840.816 9.1863 0 0 0 0.0041089 -232.2335418 80.6838867 0.1500257 0.0721887 
3200000 3200 1000.0 4432330.379 1848.14 9.1852 0 0 0 0.0039277 -232.9013092 43.1117765 0.1487518 0.0716147 
3210000 3210 1000.0 4450707.352 1846.433 9.1925 0 0 0 0.0040439 -232.930268 27.9627024 0.150355 0.0725133 
3220000 3220 1000.0 4469073.021 1844.443 9.1801 0 0 0 0.0046315 -232.5432385 101.2064741 0.1494549 0.0720435 
3230000 3230 1000.0 4486965.265 1834.052 9.1708 0 0 0 0.0041765 -233.1918181 40.9238229 0.1481865 0.0704576 
3240000 3240 1000.0 4505275.683 1833.77 9.1727 0 0 0 0.004099 -233.549587 23.7365009 0.150044 0.0723034 
3250000 3250 1000.0 4523881.754 1838.334 9.1713 0 0 0 0.0038101 -233.6663564 27.3591898 0.1496095 0.072172 
3260000 3260 1000.0 4541340.756 1821.127 9.1694 0 0 0 0.0036975 -234.0503022 41.0077988 0.149576 0.0725135 
3270000 3270 1000.0 4559177.97 1813.96 9.1772 0 0 0 0.0043091 -233.5298231 79.3249797 0.1496197 0.0730018 
3280000 3280 1000.0 4576615.142 1801.421 9.1822 0 0 0 0.0039565 -233.7302588 37.411362 0.1485847 0.0715755 
3290000 3290 1000.0 4595297.434 1812.961 9.1832 0 0 0 0.0042304 -233.4115279 72.541229 0.1533496 0.0763307 
3300000 3300 1000.0 4613265.914 1810.534 9.1824 0 0 0 0.0040298 -233.5696992 31.5315517 0.1514318 0.0740422 
3310000 3310 1000.0 4631378.004 1810.431 9.1829 0 0 0 0.0039907 -233.6924159 33.853002 0.1504408 0.0727389 
3320000 3320 1000.0 4649430.618 1808.784 9.1821 0 0 0 0.0041096 -233.236999 78.4387395 0.1490414 0.072054 
3330000 3330 1000.0 4667923.413 1816.397 9.1882 0 0 0 0.0041949 -233.2166534 49.2917912 0.1507598 0.0732009 
3340000 3340 1000.0 4686013.418 1814.118 9.1994 0 0 0 0.0038447 -233.2632078 23.9883849 0.1514511 0.0743834 
3350000 3350 1000.0 4704344.294 1817.322 9.1941 0 0 0 0.004071 -233.0649887 64.4672612 0.1515263 0.0745495 
3360000 3360 1000.0 4719824.625 1766.969 9.1814 0 0 0 0.0041685 -232.2355639 54.6724982 0.1517031 0.0746614 
3370000 3370 1000.0 4731778.464 1658.348 9.1763 0 0 0 0.0040693 -231.7978779 29.5978848 0.1515028 0.0750718 
3380000 3380 1000.0 4749393.144 1677.162 9.1806 0 0 0 0.0041037 -231.2657839 71.6983563 0.1511384 0.0749588 
3390000 3390 1000.0 4767072.05 1693.273 9.1792 0 0 0 0.0042919 -231.1300479 40.632767 0.1512621 0.0743627 
3400000 3400 1000.0 4781561.794 1651.854 9.1777 0 0 0 0.0041477 -230.7067902 34.0696536 0.1507422 0.0744152 
3410000 3410 1000.0 4799466.505 1677.215 9.173 0 0 0 0.0041801 -229.726136 41.1207876 0.1491464 0.0725646 
3420000 3420 1000.0 4815427.604 1665.344 9.1604 0 0 0 0.0045227 -229.116291 77.0803319 0.1514416 0.0746792 
3430000 3430 1000.0 4832893.035 1680.057 9.164 0 0 0 0.0043352 -228.8564102 50.8164593 0.1506747 0.0735125 
3440000 3440 1000.0 4850963.482 1703.711 9.1717 0 0 0 0.00412 -229.2176331 65.451338 0.1483851 0.0727904 
3450000 3450 1000.0 4867548.971 1697.177 9.1747 0 0 0 0.0043311 -229.1026463 69.568966 0.1519682 0.0746532 
3460000 3460 1000.0 4884608.047 1698.346 9.1736 0 0 0 0.0041078 -228.9810898 43.520479 0.1494949 0.0736179 
3470000 3470 1000.0 4901843.766 1703.176 9.1851 0 0 0 0.004153 -227.5310791 34.9752286 0.1461131 0.069748 
3480000 3480 1000.0 4919580.404 1716.34 9.175 0 0 0 0.0041996 -228.4574794 39.8418934 0.1484169 0.0721753 
3490000 3490 1000.0 4937794.832 1735.677 9.1656 0 0 0 0.0045797 -228.4298283 42.9756241 0.148233 0.072214 
3500000 3500 1000.0 4955446.893 1741.104 9.1687 0 0 0 0.0043736 -228.1903235 75.2689483 0.1493045 0.0724801 
3510000 3510 1000.0 4973591.55 1754.195 9.1687 0 0 0 0.0039489 -227.9568749 81.0574023 0.1486528 0.0728256 
3520000 3520 1000.0 4991445.782 1760.132 9.1753 0 0 0 0.004208 -228.0129042 67.1724916 0.1477023 0.071125 
3530000 3530 1000.0 5009425.152 1766.639 9.1743 0 0 0 0.0041033 -227.8806163 39.7409591 0.1465137 0.0702911 
3540000 3540 1000.0 5026678.157 1759.152 9.1903 0 0 0 0.0042705 -227.9500675 86.3006616 0.1478639 0.0714318 
3550000 3550 1000.0 5044466.556 1763.146 9.1926 0 0 0 0.0043577 -227.2888668 56.1958887 0.1493683 0.0718557 
3560000 3560 1000.0 5062120.812 1764.192 9.1855 0 0 0 0.0042032 -228.0898933 76.832957 0.1493649 0.0726802 
3570000 3570 1000.0 5080359.816 1775.28 9.1873 0 0 0 0.0039083 -229.352963 41.4382899 0.147014 0.0701052 
3580000 3580 1000.0 5098603.966 1784.656 9.1839 0 0 0 0.0043361 -228.9375419 88.3426985 0.1474544 0.0704497 
3590000 3590 1000.0 5116609.035 1787.712 9.1763 0 0 0 0.0038283 -228.6562236 66.7942213 0.1468579 0.0701761 
3600000 3600 1000.0 5134084.336 1780.69 9.1717 0 0 0 0.003928 -229.6999023 42.7830256 0.1482617 0.0711286 
3610000 3610 1000.0 5152145.598 1785.507 9.1634 0 0 0 0.0041357 -230.0877425 35.1885315 0.1478507 0.0701946 
3620000 3620 1000.0 5170388.545 1792.853 9.1704 0 0 0 0.0038271 -230.8970836 41.8792715 0.1471535 0.069567 
3630000 3630 1000.0 5188731.698 1800.558 9.1764 0 0 0 0.003924 -231.059401 43.6517494 0.148714 0.0713459 
3640000 3640 1000.0 5206669.177 1798.778 9.1919 0 0 0 0.0042035 -230.4426525 40.8833738 0.1488692 0.0716054 
3650000 3650 1000.0 5224675.447 1798.976 9.1948 0 0 0 0.0037251 -231.6001123 59.7911728 0.1470241 0.069863 
3660000 3660 1000.0 5242529.668 1796.364 9.2015 0 0 0 0.0038905 -231.5037053 47.8639496 0.1480488 0.0705417 
3670000 3670 1000.0 5260225.287 1791.119 9.2074 0 0 0 0.0041452 -231.3112571 47.1276651 0.1479334 0.0705779 
3680000 3680 1000.0 5277350.3 1776.902 9.2074 0 0 0 0.0043642 -231.4587977 48.0902282 0.1495814 0.0722569 
3690000 3690 1000.0 5295110.581 1776.264 9.2046 0 0 0 0.0043418 -230.9378317 91.5417474 0.1495525 0.0720568 
3700000 3700 1000.0 5313651.693 1790.404 9.2031 0 0 0 0.004065 -231.3794638 76.9376498 0.1478126 0.0711704 
3710000 3710 1000.0 5331130.111 1782.156 9.1887 0 0 0 0.0038724 -231.524089 41.4996201 0.1485994 0.0716173 
3720000 3720 1000.0 5348989.184 1783.256 9.1897 0 0 0 0.0040963 -231.3028953 73.3758845 0.1474375 0.0707043 
3730000 3730 1000.0 5366772.658 1782.227 9.1814 0 0 0 0.0044721 -231.182853 64.8938953 0.1485793 0.0720605 
3740000 3740 1000.0 5384027.985 1771.871 9.1755 0 0 0 0.0039954 -230.6764438 81.0457076 0.1480205 0.0716104 
3750000 3750 1000.0 5401739.906 1771.87 9.1731 0 0 0 0.0042705 -231.0143793 78.9256306 0.148812 0.0722934 
3760000 3760 1000.0 5418962.558 1762.789 9.1818 0 0 0 0.0038295 -230.5811283 68.8915836 0.146696 0.0703668 
3770000 3770 1000.0 5435254.598 1738.626 9.1846 0 0 0 0.0042689 -230.4170857 43.9954069 0.1485954 0.0712778 
3780000 3780 1000.0 5452825.427 1742.273 9.1766 0 0 0 0.0043404 -230.3173987 63.3103416 0.1487419 0.0721111 
3790000 3790 1000.0 5470850.049 1753.468 9.1699 0 0 0 0.0039466 -230.2415255 32.0464717 0.148134 0.0716932 
3800000 3800 1000.0 5488487.983 1755.666 9.175 0 0 0 0.003653 -230.4459478 31.0991418 0.1489603 0.0720963 
3810000 3810 1000.0 5506268.186 1759.238 9.1778 0 0 0 0.0043445 -230.1887688 63.9842037 0.1482367 0.0714797 
3820000 3820 1000.0 5524407.647 1769.459 9.174 0 0 0 0.003809 -230.3943506 16.6307213 0.1471873 0.0713235 
3830000 3830 1000.0 5541176.303 1752.118 9.1728 0 0 0 0.0039604 -229.9938143 79.4217008 0.1485268 0.0722678 
3840000 3840 1000.0 5556969.069 1722.488 9.1749 0 0 0 0.0038518 -229.5058174 35.5911434 0.1480847 0.071702 
3850000 3850 1000.0 5574075.376 1721.054 9.1854 0 0 0 0.004222 -228.9398209 45.0116743 0.1478537 0.0721421 
3860000 3860 1000.0 5591128.251 1718.738 9.1854 0 0 0 0.0042636 -229.1132779 94.4529485 0.1490966 0.0733141 
3870000 3870 1000.0 5608000.854 1712.64 9.193 0 0 0 0.0038408 -229.0386331 29.9612207 0.1470697 0.0715282 
3880000 3880 1000.0 5623831.589 1688.856 9.197 0 0 0 0.0039586 -228.652242 79.0089354 0.1468243 0.0714968 
3890000 3890 1000.0 5641000.76 1693.578 9.1984 0 0 0 0.003859 -228.7202994 50.4141232 0.1457011 0.0700419 
3900000 3900 1000.0 5655767.049 1654.804 9.1953 0 0 0 0.0038329 -227.7232552 60.9725426 0.1470501 0.0715941 
3910000 3910 1000.0 5673189.414 1670.695 9.207 0 0 0 0.0041007 -227.4976816 82.6129577 0.1473446 0.0711324 
3920000 3920 1000.0 5690764.16 1687.246 9.2106 0 0 0 0.0038756 -227.4270757 59.9242435 0.1471432 0.0709948 
3930000 3930 1000.0 5708745.24 1707.637 9.2012 0 0 0 0.0038936 -227.6529011 73.3766241 0.1457481 0.0699394 
3940000 3940 1000.0 5727046.394 1729.355 9.2004 0 0 0 0.0035396 -227.6647394 34.3387628 0.1456274 0.0696047 
3950000 3950 1000.0 5745427.488 1748.85 9.1968 0 0 0 0.0039438 -227.7879393 40.9658406 0.1453022 0.0698154 
3960000 3960 1000.0 5762862.855 1747.981 9.1908 0 0 0 0.0040143 -227.7846716 26.788071 0.1476809 0.0706772 
3970000 3970 1000.0 5779556.201 1733.929 9.186 0 0 0 0.0036827 -227.778781 50.2897817 0.1460492 0.0691377 
3980000 3980 1000.0 5797208.518 1739.25 9.183 0 0 0 0.0038829 -227.4139241 68.12009 0.1438174 0.0678921 
3990000 3990 1000.0 5814383.07 1734.57 9.1868 0 0 0 0.0036885 -228.1050766 30.4150275 0.1452837 0.0691784 
4000000 4000 1000.0 5831748.9 1734.56 9.195 0 0 0 0.003857 -228.2099258 39.5556135 0.1464763 0.0698043 
4010000 4010 1000.0 5849030.046 1733.347 9.2051 0 0 0 0.0037696 -227.2390806 74.9988867 0.1446853 0.069324 
4020000 4020 1000.0 5866773.837 1740.83 9.2132 0 0 0 0.0037047 -227.4042223 57.0881286 0.1451989 0.0692456 
4030000 4030 1000.0 5884365.701 1744.004 9.2022 0 0 0 0.004397 -227.2972851 70.255574 0.1476119 0.0705601 
4040000 4040 1000.0 5901522.991 1737.01 9.2086 0 0 0 0.0041447 -227.7244135 59.7837551 0.1472189 0.0697258 
4050000 4050 1000.0 5919530.247 1748.819 9.2147 0 0 0 0.0038399 -227.7904447 80.2340802 0.1460568 0.0689151 
4060000 4060 1000.0 5937873.038 1764.66 9.2153 0 0 0 0.0037587 -227.8095042 49.8826646 0.1445403 0.0673845 
4070000 4070 1000.0 5956738.956 1787.254 9.2188 0 0 0 0.0036317 -228.3812853 42.361915 0.1466082 0.0688035 
4080000 4080 1000.0 5975111.891 1796.917 9.211 0 0 0 0.0037631 -228.7656765 51.3716654 0.1456761 0.0681286 
4090000 4090 1000.0 5992773.551 1791.497 9.2139 0 0 0 0.0037738 -228.2591966 67.63657 0.1467317 0.0689121 
4100000 4100 1000.0 6010454.431 1787.394 9.2124 0 0 0 0.0039395 -229.3490692 87.2308791 0.1490469 0.0717036 
4110000 4110 1000.0 6028538.246 1791.015 9.209 0 0 0 0.0037896 -229.4679862 47.7812045 0.1475346 0.0699306 
4120000 4120 1000.0 6046467.772 1791.218 9.2065 0 0 0 0.0035591 -229.5450151 52.9677419 0.1464237 0.0692152 
4130000 4130 1000.0 6064192.102 1787.841 9.206 0 0 0 0.0039241 -229.2686766 38.8103057 0.1463145 0.0684486 
4140000 4140 1000.0 6082227.302 1790.728 9.2049 0 0 0 0.0039172 -229.5371579 87.0299949 0.1469578 0.0692721 
4150000 4150 1000.0 6100036.318 1788.502 9.2131 0 0 0 0.003682 -229.5921998 29.1256477 0.1458242 0.0685244 
4160000 4160 1000.0 6117801.636 1786.167 9.2023 0 0 0 0.0039007 -229.1268279 66.0736652 0.1459534 0.0685014 
4170000 4170 1000.0 6135337.517 1780.661 9.2015 0 0 0 0.0039522 -229.4530911 51.875201 0.1472978 0.0692492 
4180000 4180 1000.0 6152720.318 1773.525 9.2055 0 0 0 0.0038062 -229.6298701 22.8497216 0.1480961 0.0695406 
4190000 4190 1000.0 6168881.597 1743.903 9.1951 0 0 0 0.0036436 -229.0850996 47.6047389 0.1463499 0.0690383 
4200000 4200 1000.0 6186918.803 1754.896 9.1864 0 0 0 0.0040085 -228.5140171 72.1277827 0.1446505 0.0668324 
4210000 4210 1000.0 6204646.799 1758.536 9.1949 0 0 0 0.0038409 -228.6325096 26.5424542 0.1455214 0.0683335 
4220000 4220 1000.0 6222288.574 1759.677 9.203 0 0 0 0.0040377 -228.3371836 55.7006846 0.1452097 0.0687001 
4230000 4230 1000.0 6240411.771 1769.229 9.2033 0 0 0 0.0038378 -228.1608259 46.7446703 0.1464437 0.0691382 
4240000 4240 1000.0 6257671.536 1761.436 9.2064 0 0 0 0.0039475 -227.9096496 94.1999931 0.1467891 0.0693934 
4250000 4250 1000.0 6271720.665 1698.997 9.2011 0 0 0 0.0039937 -227.4791259 33.9987202 0.1486315 0.0714792 
4260000 4260 1000.0 6289279.112 1708.57 9.2002 0 0 0 0.0040097 -227.2012595 64.971514 0.1453661 0.0686864 
4270000 4270 1000.0 6306594.407 1712.699 9.1912 0 0 0 0.0041567 -227.3456566 84.0946029 0.1479018 0.0710537 
4280000 4280 1000.0 6324030.407 1718.926 9.1902 0 0 0 0.0039945 -227.1232818 42.7392439 0.1485496 0.0711189 
4290000 4290 1000.0 6341488.103 1724.271 9.1927 0 0 0 0.0035862 -227.4793441 44.4360346 0.1463128 0.0696029 
4300000 4300 1000.0 6359490.194 1737.978 9.1909 0 0 0 0.004083 -226.7787943 52.4273933 0.1490858 0.0712874 
4310000 4310 1000.0 6377499.076 1749.854 9.1848 0 0 0 0.0041841 -226.8178727 67.4257813 0.1466171 0.0685676 
4320000 4320 1000.0 6395934.086 1766.725 9.1836 0 0 0 0.0039146 -227.1539019 67.7443512 0.1469372 0.0696199 
4330000 4330 1000.0 6414214.589 1777.736 9.1865 0 0 0 0.0040327 -226.8799102 53.893832 0.1496261 0.0722713 
4340000 4340 1000.0 6431861.351 1775.543 9.1867 0 0 0 0.0043739 -226.9645796 77.0465585 0.1494456 0.0713567 
4350000 4350 1000.0 6450297.948 1788.113 9.1826 0 0 0 0.0040722 -226.9864134 77.2976624 0.1480994 0.0701042 
4360000 4360 1000.0 6467670.129 1779.134 9.188 0 0 0 0.0041305 -227.111912 70.3174776 0.1492795 0.0711423 
4370000 4370 1000.0 6485971.564 1788.032 9.1893 0 0 0 0.0040993 -226.9981285 54.2581921 0.149891 0.0720877 
4380000 4380 1000.0 6503679.285 1785.006 9.1917 0 0 0 0.0037992 -226.5112794 72.2491619 0.1489805 0.0710772 
4390000 4390 1000.0 6521603.988 1786.764 9.1836 0 0 0 0.0041298 -227.6305743 60.3163993 0.149357 0.0703046 
4400000 4400 1000.0 6538834.489 1775.101 9.1801 0 0 0 0.0040106 -227.3887933 47.457354 0.1493024 0.0709803 
4410000 4410 1000.0 6556633.443 1776.726 9.1936 0 0 0 0.0037147 -227.4253701 31.9976699 0.1492785 0.0709913 
4420000 4420 1000.0 6575081.022 1789.742 9.1963 0 0 0 0.0040851 -227.398901 51.708931 0.1486486 0.0702305 
4430000 4430 1000.0 6593525.85 1799.859 9.2006 0 0 0 0.0040613 -227.0839801 57.3891858 0.1488969 0.0706915 
4440000 4440 1000.0 6609388.902 1758.591 9.2082 0 0 0 0.0038685 -226.7131871 63.5680791 0.1481576 0.0699055 
4450000 4450 1000.0 6627689.387 1771.7 9.2095 0 0 0 0.003775 -227.5418712 49.8753182 0.1483434 0.0704175 
4460000 4460 1000.0 6646109.066 1784.86 9.2051 0 0 0 0.0037833 -227.549418 69.9411622 0.1464697 0.06782 
4470000 4470 1000.0 6664337.727 1792.064 9.2039 0 0 0 0.0038502 -228.3835289 29.2870654 0.1480832 0.0688821 
4480000 4480 1000.0 6683059.025 1806.904 9.1315 0 0 0 0.0039323 -228.5932344 40.966465 0.1468785 0.0683826 
4490000 4490 1000.0 6701201.372 1808.151 9.1531 0 0 0 0.0038565 -228.4279642 60.200937 0.1472871 0.0690232 
4500000 4500 1000.0 6719205.483 1807.071 9.1649 0 0 0 0.0036149 -228.4738018 65.2999638 0.1480647 0.0694103 
4510000 4510 1000.0 6737523.253 1811.433 9.1705 0 0 0 0.00411 -228.3220959 87.9167091 0.1490317 0.0696987 
4520000 4520 1000.0 6756097.394 1820.138 9.1803 0 0 0 0.0034124 -228.6746096 38.2184032 0.1460417 0.0679359 
4530000 4530 1000.0 6775193.295 1836.001 9.1872 0 0 0 0.0037516 -228.7009072 46.0002152 0.1453705 0.0672621 
4540000 4540 1000.0 6793665.315 1837.597 9.199 0 0 0 0.0038312 -228.6152683 68.3843212 0.1456059 0.0674184 
4550000 4550 1000.0 6812410.371 1844.687 9.2044 0 0 0 0.0039161 -229.0719073 69.8350075 0.1463706 0.0673943 
4560000 4560 1000.0 6830650.311 1840.711 9.2049 0 0 0 0.0038583 -229.0044743 41.9214906 0.1465294 0.0675635 
4570000 4570 1000.0 6849375.235 1846.717 9.204 0 0 0 0.0036406 -229.4760049 60.511514 0.1456351 0.0671116 
4580000 4580 1000.0 6866737.237 1827.257 9.2076 0 0 0 0.0036705 -228.9499578 47.5641189 0.1450386 0.0673675 
4590000 4590 1000.0 6885831.901 1842.419 9.2132 0 0 0 0.0035453 -229.3045918 53.0295132 0.1450105 0.0666146 
4600000 4600 1000.0 6904379.908 1844.918 9.207 0 0 0 0.0035926 -229.6193948 51.2307739 0.1450019 0.0662533 
4610000 4610 1000.0 6923212.065 1851.318 9.209 0 0 0 0.0038666 -229.8273753 36.0980968 0.1444448 0.0656848 
4620000 4620 1000.0 6941717.779 1850.589 9.2147 0 0 0 0.0035793 -229.9517434 75.5798001 0.1425849 0.0644855 
4630000 4630 1000.0 6960038.441 1847.225 9.2092 0 0 0 0.0038513 -229.6483883 64.3182589 0.1439322 0.0649147 
4640000 4640 1000.0 6978100.1 1839.02 9.2017 0 0 0 0.0034709 -230.9285732 40.4740078 0.1429376 0.0645005 
4650000 4650 1000.0 6996843.545 1845.404 9.2077 0 0 0 0.0038679 -230.8423926 78.1265652 0.144743 0.065587 
4660000 4660 1000.0 7015606.329 1850.731 9.2046 0 0 0 0.0034364 -230.867941 27.1294029 0.142948 0.0645785 
4670000 4670 1000.0 7034302.462 1853.975 9.2064 0 0 0 0.0035726 -230.8164731 52.4931253 0.1425149 0.0643509 
4680000 4680 1000.0 7053032.87 1857.31 9.2004 0 0 0 0.0033714 -230.8022996 31.2658538 0.143479 0.0649154 
4690000 4690 1000.0 7071575.434 1857.244 9.1951 0 0 0 0.003456 -230.633142 41.1412088 0.1440955 0.0652524 
4700000 4700 1000.0 7089561.316 1846.465 9.1949 0 0 0 0.0038111 -230.3508906 83.407666 0.1461404 0.0675025 
4710000 4710 1000.0 7108179.647 1849.587 9.2089 0 0 0 0.0035228 -230.8809809 47.64699 0.1452045 0.0664661 
4720000 4720 1000.0 7126754.886 1850.387 9.2031 0 0 0 0.0037579 -230.6805571 59.5592493 0.142571 0.0638837 
4730000 4730 1000.0 7144704.655 1839.844 9.2145 0 0 0 0.0038286 -230.5272963 101.1023112 0.1453452 0.066523 
4740000 4740 1000.0 7162310.006 1825.627 9.2046 0 0 0 0.0040374 -230.478421 82.9770519 0.1445219 0.0661989 
4750000 4750 1000.0 7180558.997 1825.3 9.2094 0 0 0 0.0039003 -230.1332653 97.8385633 0.1449419 0.0662051 
4760000 4760 1000.0 7198974.605 1828.691 9.219 0 0 0 0.0039562 -229.927804 101.6287449 0.1447197 0.0663103 
4770000 4770 1000.0 7217748.392 1837.472 9.2154 0 0 0 0.003785 -230.2401938 60.6450834 0.145196 0.0671827 
4780000 4780 1000.0 7236105.669 1837.516 9.2123 0 0 0 0.0036323 -230.3811117 53.3756153 0.1441342 0.0654705 
4790000 4790 1000.0 7254763.963 1842.893 9.2183 0 0 0 0.0035958 -230.1700988 26.6966274 0.1465319 0.0672793 
4800000 4800 1000.0 7272641.814 1832.363 9.2176 0 0 0 0.0039545 -229.9291512 85.0285337 0.1455223 0.0668581 
4810000 4810 1000.0 7291214.054 1836.443 9.234 0 0 0 0.0039695 -230.0457128 48.3511354 0.1456773 0.0674503 
4820000 4820 1000.0 7306971.703 1788.977 9.2335 0 0 0 0.003538 -229.0143064 48.5888776 0.1459058 0.0671041 
4830000 4830 1000.0 7325301.445 1797.312 9.237 0 0 0 0.0035696 -229.5307138 31.8826236 0.1448965 0.067223 
4840000 4840 1000.0 7342462.387 1782.476 9.234 0 0 0 0.0038545 -228.3589564 33.4820337 0.1451864 0.0674938 
4850000 4850 1000.0 7360820.946 1792.428 9.2288 0 0 0 0.0033271 -228.8394554 27.567236 0.1463705 0.0682347 
4860000 4860 1000.0 7380077.552 1816.768 9.2216 0 0 0 0.0036603 -228.7088343 26.9347146 0.147626 0.0693459 
4870000 4870 1000.0 7398180.563 1815.569 9.2294 0 0 0 0.0038679 -228.4717719 60.2033281 0.1496889 0.071814 
4880000 4880 1000.0 7414971.467 1788.293 9.2279 0 0 0 0.0036326 -227.3339463 44.6594997 0.1466679 0.0691652 
4890000 4890 1000.0 7432040.613 1772.692 9.2216 0 0 0 0.0038724 -227.3374482 49.3326416 0.1476834 0.0700827 
4900000 4900 1000.0 7449465.715 1767.117 9.2244 0 0 0 0.0044527 -227.9488563 89.0249209 0.1501228 0.0720877 
4910000 4910 1000.0 7467872.644 1780.41 9.2241 0 0 0 0.0036707 -227.3328168 66.1678857 0.1470209 0.069774 
4920000 4920 1000.0 7485640.673 1779.974 9.2322 0 0 0 0.0039077 -227.4854445 35.8916622 0.1488619 0.0704026 
4930000 4930 1000.0 7504092.076 1792.007 9.2312 0 0 0 0.0037992 -227.5275231 72.5278193 0.1483895 0.0706246 
4940000 4940 1000.0 7521942.599 1791.013 9.2314 0 0 0 0.0038391 -228.0772695 63.7188826 0.1471619 0.069539 
4950000 4950 1000.0 7539750.421 1789.177 9.23 0 0 0 0.0037203 -227.9665341 24.2140229 0.148304 0.0706615 
4960000 4960 1000.0 7557191.918 1781.248 9.2283 0 0 0 0.003719 -227.6113527 21.1634439 0.1480314 0.0699047 
4970000 4970 1000.0 7575200.146 1785.11 9.2272 0 0 0 0.0038366 -227.751924 42.0051698 0.1499982 0.0718005 
4980000 4980 1000.0 7593088.426 1786.089 9.2247 0 0 0 0.0039441 -227.6188153 72.5834701 0.1511228 0.0731592 
4990000 4990 1000.0 7611038.058 1787.644 9.219 0 0 0 0.0041063 -227.5012585 64.9226587 0.150229 0.0725814 
5000000 5000 1000.0 7629055.988 1790.215 9.2202 0 0 0 0.0036996 -227.2874016 48.5763796 0.1501369 0.0724439 
5010000 5010 1000.0 7647181.491 1793.923 9.2083 0 0 0 0.0040383 -228.0446033 90.0527041 0.1501176 0.0723377 
5020000 5020 1000.0 7665670.486 1803.531 9.206 0 0 0 0.004069 -228.6282322 74.8771449 0.1492142 0.0714518 
5030000 5030 1000.0 7683555.939 1800.29 9.2009 0 0 0 0.0037732 -228.6924654 57.2357681 0.1496697 0.0729699 
5040000 5040 1000.0 7699304.43 1760.502 9.2058 0 0 0 0.0037882 -228.1502245 47.632117 0.1509344 0.0737079 
5050000 5050 1000.0 7717342.034 1768.454 9.2018 0 0 0 0.0039851 -227.9668652 49.4414561 0.1514091 0.0737683 
5060000 5060 1000.0 7735525.73 1777.961 9.2063 0 0 0 0.0038138 -227.5261633 73.9105521 0.1498101 0.0727078 
5070000 5070 1000.0 7754116.909 1792.423 9.2155 0 0 0 0.0041614 -227.5460418 106.0564177 0.148739 0.0708678 
5080000 5080 1000.0 7772701.071 1804.386 9.2229 0 0 0 0.0038644 -228.6434305 37.234189 0.1506483 0.0728969 
5090000 5090 1000.0 7790800.438 1804.854 9.2323 0 0 0 0.0038454 -228.7750066 69.3192214 0.1499376 0.0717662 
5100000 5100 1000.0 7808450.926 1797.931 9.2384 0 0 0 0.0038083 -228.4108186 53.4727593 0.1486003 0.0708247 
5110000 5110 1000.0 7826894.913 1806.36 9.2339 0 0 0 0.0039918 -228.8452046 75.4237685 0.1476806 0.0701834 
5120000 5120 1000.0 7845459.367 1815.358 9.2275 0 0 0 0.0037687 -228.4320712 56.4901012 0.1481755 0.0700204 
5130000 5130 1000.0 7863240.807 1808.5 9.2263 0 0 0 0.0038502 -228.5131759 73.2110205 0.1487212 0.0715508 
5140000 5140 1000.0 7880789.678 1798.785 9.2247 0 0 0 0.003935 -228.7571029 59.0627071 0.1483037 0.069805 
5150000 5150 1000.0 7898154.641 1787.533 9.2299 0 0 0 0.0037149 -228.5630342 39.7553526 0.147384 0.069041 
5160000 5160 1000.0 7916440.9 1795.148 9.2276 0 0 0 0.0035399 -228.4044944 41.0973666 0.1461607 0.0689926 
5170000 5170 1000.0 7934920.895 1804.599 9.2257 0 0 0 0.0035088 -229.2376099 29.8536745 0.1447154 0.0669026 
5180000 5180 1000.0 7953581.225 1816.18 9.228 0 0 0 0.0034071 -229.0476882 17.624521 0.1462095 0.0690742 
5190000 5190 1000.0 7971122.806 1805.003 9.2258 0 0 0 0.0036306 -228.9657578 64.5688818 0.1453803 0.0679187 
5200000 5200 1000.0 7989157.111 1804.509 9.2258 0 0 0 0.0038534 -228.4351795 60.5435021 0.1466687 0.0684997 
5210000 5210 1000.0 8006570.674 1793.258 9.2346 0 0 0 0.0034125 -228.4388015 42.2468656 0.146328 0.068127 
5220000 5220 1000.0 8025085.12 1803.912 9.2328 0 0 0 0.0037269 -228.5606419 55.7294587 0.1460435 0.0676048 
5230000 5230 1000.0 8043385.58 1808.377 9.2326 0 0 0 0.0034221 -228.7695808 64.6819198 0.1462685 0.0673616 
5240000 5240 1000.0 8060931.166 1798.608 9.2411 0 0 0 0.0036221 -229.4030008 61.8512052 0.1450764 0.0665205 
5250000 5250 1000.0 8077776.354 1777.323 9.2397 0 0 0 0.0036111 -229.0340515 58.2767478 0.1459905 0.0682166 
5260000 5260 1000.0 8095099.051 1768.606 9.2446 0 0 0 0.0033626 -228.9767294 53.7569599 0.144512 0.0661891 
5270000 5270 1000.0 8112444.825 1761.633 9.2487 0 0 0 0.0033556 -228.7787233 25.7206292 0.1438694 0.0658837 
5280000 5280 1000.0 8130361.822 1766.699 9.2602 0 0 0 0.0037402 -228.7314679 41.9022954 0.1459249 0.0679339 
5290000 5290 1000.0 8147588.16 1758.61 9.2539 0 0 0 0.0034092 -228.3899946 49.7609119 0.1441608 0.0667232 
5300000 5300 1000.0 8165858.218 1770.867 9.2655 0 0 0 0.0036732 -228.0862967 51.543007 0.145886 0.0685259 
5310000 5310 1000.0 8184283.481 1783.502 9.2582 0 0 0 0.0034776 -228.4186187 44.9006464 0.1449667 0.0669242 
5320000 5320 1000.0 8203230.541 1803.89 9.2556 0 0 0 0.0033565 -228.485339 43.8516182 0.144596 0.0668625 
5330000 5330 1000.0 8221703.6 1811.775 9.2575 0 0 0 0.003259 -228.8865855 15.6587168 0.1425521 0.065017 
5340000 5340 1000.0 8239970.026 1815.005 9.2549 0 0 0 0.0037122 -228.1645375 70.1637462 0.144904 0.0681374 
5350000 5350 1000.0 8258558.738 1823.011 9.2534 0 0 0 0.0034304 -228.6168427 21.6651531 0.1430644 0.0652418 
5360000 5360 1000.0 8276905.704 1824.898 9.2573 0 0 0 0.0035356 -228.5938975 63.5362424 0.1419776 0.0648488 
5370000 5370 1000.0 8294837.927 1818.742 9.2526 0 0 0 0.0033472 -228.4691195 25.955546 0.1418383 0.0650364 
5380000 5380 1000.0 8311948.601 1799.014 9.2566 0 0 0 0.0038558 -227.5989026 87.3926535 0.1441766 0.067193 
5390000 5390 1000.0 8330285.791 1805.76 9.251 0 0 0 0.0037322 -227.9383945 102.7848723 0.1440152 0.0671802 
5400000 5400 1000.0 8348586.868 1810.915 9.2374 0 0 0 0.0035746 -228.0800347 43.3404207 0.1437043 0.0662906 
5410000 5410 1000.0 8366678.496 1810.386 9.2341 0 0 0 0.0035951 -228.0324615 57.5026229 0.1440407 0.0670677 
5420000 5420 1000.0 8384664.418 1809.351 9.2348 0 0 0 0.0037249 -228.0745577 31.8459951 0.1438397 0.066263 
5430000 5430 1000.0 8402538.035 1805.493 9.2385 0 0 0 0.0036782 -228.0130488 54.7163581 0.1424407 0.064896 
5440000 5440 1000.0 8421006.076 1812.752 9.2396 0 0 0 0.0036361 -227.9927747 60.4833346 0.142927 0.065905 
5450000 5450 1000.0 8438216.144 1795.101 9.2339 0 0 0 0.0038301 -227.6712817 106.7625115 0.1440018 0.0667114 
5460000 5460 1000.0 8454451.101 1760.22 9.2334 0 0 0 0.0037767 -227.5881495 45.7264423 0.1446745 0.0669593 
5470000 5470 1000.0 8473438.066 1785.895 9.239 0 0 0 0.0040693 -227.7279284 108.2260446 0.1428272 0.0661066 
5480000 5480 1000.0 8491514.714 1789.203 9.2335 0 0 0 0.0038667 -227.9664081 74.1846713 0.1463782 0.068344 
5490000 5490 1000.0 8509957.972 1799.612 9.2379 0 0 0 0.0037227 -228.4460349 62.4291958 0.1431864 0.0657695 
5500000 5500 1000.0 8528147.191 1802.685 9.2375 0 0 0 0.0039201 -227.765503 97.7666746 0.1455693 0.0678687 
5510000 5510 1000.0 8546208.821 1804.0 9.2316 0 0 0 0.0039649 -227.9843756 77.0024835 0.144561 0.0669867 
5520000 5520 1000.0 8565020.864 1818.019 9.234 0 0 0 0.0041824 -228.0477902 63.1286795 0.1451338 0.0665136 
5530000 5530 1000.0 8582916.333 1812.405 9.24 0 0 0 0.0038375 -227.8191054 26.9487552 0.1481965 0.0699796 
5540000 5540 1000.0 8599578.488 1785.242 9.2435 0 0 0 0.0034519 -227.7538638 22.7460483 0.1456375 0.0679452 
5550000 5550 1000.0 8618174.182 1798.816 9.242 0 0 0 0.0045239 -227.604201 63.1874844 0.1462039 0.0689734 
5560000 5560 1000.0 8633172.085 1740.597 9.239 0 0 0 0.0041102 -226.333769 38.4184105 0.1464535 0.0687802 
5570000 5570 1000.0 8651062.152 1749.726 9.2302 0 0 0 0.004038 -227.2043317 46.5487498 0.1471614 0.0700613 
5580000 5580 1000.0 8668243.899 1742.395 9.2378 0 0 0 0.0040122 -226.4307009 81.6803628 0.1475451 0.0701888 
5590000 5590 1000.0 8687280.85 1771.57 9.2486 0 0 0 0.0041672 -226.493266 49.9843823 0.1472012 0.0692192 
5600000 5600 1000.0 8706490.093 1799.306 9.2394 0 0 0 0.0040568 -226.587482 23.3288651 0.1450077 0.068146 
5610000 5610 1000.0 8725853.953 1825.117 9.2335 0 0 0 0.0040712 -226.8875814 37.1316886 0.1493864 0.0715037 
5620000 5620 1000.0 8745431.743 1849.739 9.2336 0 0 0 0.0036426 -227.1136562 54.8273627 0.1462403 0.0692661 
5630000 5630 1000.0 8762133.406 1820.132 9.2337 0 0 0 0.0036096 -226.6465598 58.8664761 0.1461904 0.0692854 
5640000 5640 1000.0 8781458.973 1841.006 9.2291 0 0 0 0.0038041 -227.1706069 54.9062993 0.1469414 0.0697089 
5650000 5650 1000.0 8800091.092 1844.332 9.2267 0 0 0 0.003725 -227.6522412 66.6897708 0.1479083 0.0710732 
5660000 5660 1000.0 8818298.373 1839.854 9.2206 0 0 0 0.0039398 -227.6238997 75.7167095 0.1475199 0.0710076 
5670000 5670 1000.0 8836575.781 1837.734 9.2215 0 0 0 0.0040532 -228.7195057 65.0651267 0.1463198 0.069965 
5680000 5680 1000.0 8854858.916 1835.384 9.2289 0 0 0 0.0036122 -228.5562905 56.5163773 0.1487799 0.0726898 
5690000 5690 1000.0 8873219.522 1835.396 9.2254 0 0 0 0.0034648 -228.6525498 17.8406033 0.1458687 0.0694677 
5700000 5700 1000.0 8892361.755 1850.555 9.2252 0 0 0 0.004459 -228.5531246 94.4671491 0.1520435 0.074332 
5710000 5710 1000.0 8910741.06 1847.775 9.2314 0 0 0 0.0038817 -228.3478946 29.4579353 0.1500292 0.0739041 
5720000 5720 1000.0 8929976.605 1862.004 9.2177 0 0 0 0.0034579 -229.2607008 55.8549448 0.146922 0.0704219 
5730000 5730 1000.0 8948487.484 1859.984 9.213 0 0 0 0.0037247 -229.441248 28.5375109 0.148898 0.0725569 
5740000 5740 1000.0 8967446.872 1866.529 9.2239 0 0 0 0.0035418 -229.6780208 34.4209317 0.1468914 0.0705805 
5750000 5750 1000.0 8986251.099 1869.417 9.2258 0 0 0 0.0038529 -229.7060898 65.6821346 0.148572 0.0718605 
5760000 5760 1000.0 9005538.024 1880.172 9.2333 0 0 0 0.0038616 -230.5701801 55.1576395 0.1480708 0.0712113 
5770000 5770 1000.0 9024503.294 1882.518 9.2296 0 0 0 0.0039701 -231.1122871 70.3420601 0.148899 0.071859 
5780000 5780 1000.0 9042942.796 1875.121 9.2293 0 0 0 0.003591 -231.9258246 42.770467 0.1488662 0.0724177 
5790000 5790 1000.0 9062054.251 1882.556 9.2154 0 0 0 0.003405 -231.5586607 42.6571695 0.1502874 0.0741527 
5800000 5800 1000.0 9080628.303 1878.421 9.2185 0 0 0 0.0036198 -231.6906846 79.5874364 0.1480585 0.0715367 
5810000 5810 1000.0 9099471.212 1879.756 9.2192 0 0 0 0.0036491 -231.9681683 46.3226141 0.1479201 0.07151 
5820000 5820 1000.0 9118225.105 1879.202 9.2236 0 0 0 0.0037073 -231.7313189 63.3230627 0.1497648 0.0730229 
5830000 5830 1000.0 9137021.988 1879.222 9.2176 0 0 0 0.0036605 -232.0242372 45.3027314 0.1509483 0.073688 
5840000 5840 1000.0 9155781.856 1878.966 9.2173 0 0 0 0.0035492 -231.6529926 69.4928773 0.1483063 0.0715201 
5850000 5850 1000.0 9174827.426 1883.414 9.23 0 0 0 0.0036192 -232.2242305 40.3089676 0.1490476 0.0724612 
5860000 5860 1000.0 9193359.332 1877.242 9.2342 0 0 0 0.0039415 -232.204963 94.8767225 0.1485432 0.072287 
5870000 5870 1000.0 9211536.161 1866.821 9.2321 0 0 0 0.0038397 -231.8789661 99.2940053 0.1506914 0.0750145 
5880000 5880 1000.0 9230180.349 1866.378 9.2294 0 0 0 0.0034709 -232.6628951 43.6397214 0.1498068 0.0733267 
5890000 5890 1000.0 9249207.427 1872.684 9.2186 0 0 0 0.0033749 -232.7823868 61.5811281 0.148678 0.0723068 
5900000 5900 1000.0 9267296.892 1861.094 9.217 0 0 0 0.0032892 -232.8711376 21.4288263 0.1473177 0.0711774 
5910000 5910 1000.0 9286116.438 1864.781 9.2199 0 0 0 0.0034813 -232.6159649 70.6555297 0.1507708 0.0746296 
5920000 5920 1000.0 9303986.483 1850.448 9.2156 0 0 0 0.0035106 -232.5743936 32.6433234 0.1491335 0.0724193 
5930000 5930 1000.0 9322421.506 1849.551 9.2061 0 0 0 0.0035413 -232.3282007 60.408108 0.148055 0.0718782 
5940000 5940 1000.0 9341777.074 1865.488 9.211 0 0 0 0.0039054 -231.8625403 112.2250793 0.1473452 0.0709982 
5950000 5950 1000.0 9360339.679 1863.265 9.2133 0 0 0 0.0037557 -232.3164489 83.2468402 0.1492304 0.0727308 
5960000 5960 1000.0 9378693.594 1857.562 9.2111 0 0 0 0.0033938 -232.3146607 56.2942357 0.1478659 0.0721072 
5970000 5970 1000.0 9397426.175 1859.723 9.2147 0 0 0 0.0037558 -232.0399849 65.1135289 0.1493347 0.0721699 
5980000 5980 1000.0 9414627.841 1832.583 9.2206 0 0 0 0.0038686 -231.671359 64.9875285 0.1496023 0.0727998 
5990000 5990 1000.0 9433409.498 1840.893 9.228 0 0 0 0.0032088 -232.0499267 39.1148068 0.1474687 0.0720123 
6000000 6000 1000.0 9452285.253 1849.163 9.2271 0 0 0 0.0035008 -232.1028163 36.1322221 0.1479627 0.0715865 
