10000 10 182.927 -14187.394 -259.294 0.1833 0 0 0 0.0 0.0 0.0 0.0 0.0 
20000 20 332.392 -28353.192 -471.065 0.3329 0 0 0 0.0 0.0 0.0 0.0 0.0 
30000 30 454.516 -42888.63 -650.618 1.808 0 0 0 0.0085486 2.7515773 0.1003783 0.0899593 0.033237 
40000 40 554.3 -56659.211 -783.521 2.9934 0 0 0 0.0065509 5.140404 0.2020808 0.0733079 0.0256519 
50000 50 635.83 -70577.182 -895.134 3.9888 0 0 0 0.006578 7.3776672 0.4230562 0.0680513 0.0244117 
60000 60 702.447 -84216.071 -980.978 4.8034 0 0 0 0.0065907 9.2271437 0.5828061 0.0667362 0.0241194 
70000 70 756.877 -95453.857 -1006.346 5.4606 0 0 0 0.0084518 10.7896245 0.8282785 0.0756012 0.0285232 
80000 80 801.351 -105615.952 -1008.79 6.0131 0 0 0 0.0099983 11.1284596 1.2087014 0.0839333 0.0352454 
90000 90 837.689 -117503.985 -1043.876 6.4551 0 0 0 0.0102671 11.0958654 1.369693 0.0864364 0.0364544 
100000 100 867.38 -124456.059 -976.774 6.8275 0 0 0 0.0105082 10.4332092 1.8650638 0.0884629 0.0375242 
110000 110 891.64 -125286.271 -812.548 7.1231 0 0 0 0.0097079 9.0672409 2.0662674 0.0850694 0.0359485 
120000 120 911.462 -123013.297 -620.362 7.3606 0 0 0 0.0092421 6.8388872 2.2146562 0.0849613 0.0369252 
130000 130 927.658 -121240.32 -478.062 7.5632 0 0 0 0.0092806 4.6884152 2.2519675 0.0823851 0.0363317 
140000 140 940.891 -127942.617 -518.55 7.7219 0 0 0 0.0089368 2.6429844 2.350995 0.0832072 0.0363374 
150000 150 951.704 -139370.414 -631.899 7.8643 0 0 0 0.0092821 0.9740178 2.5308869 0.0849777 0.0373199 
160000 160 960.539 -149869.959 -706.224 7.9742 0 0 0 0.009734 -0.2831849 2.3837455 0.0857897 0.0371861 
170000 170 967.757 -154450.93 -661.185 8.0647 0 0 0 0.009982 -2.0858893 2.3492935 0.0917374 0.0423049 
180000 180 973.655 -152050.645 -496.609 8.142 0 0 0 0.0096279 -3.5971678 1.9256142 0.0896624 0.0411017 
190000 190 978.474 -146905.519 -311.297 8.1956 0 0 0 0.0093716 -5.6016944 2.0960038 0.0885238 0.0410134 
200000 200 982.412 -143305.833 -191.228 8.2392 0 0 0 0.0087416 -7.8144412 1.9972943 0.0851169 0.0382035 
210000 210 985.629 -140252.936 -97.955 8.2856 0 0 0 0.0080723 -9.6407534 1.8724039 0.0851256 0.0387439 
220000 220 988.258 -134310.243 29.554 8.3349 0 0 0 0.00748 -12.2306339 2.0412998 0.0832902 0.0379488 
230000 230 990.406 -127445.376 149.747 8.3735 0 0 0 0.0080537 -15.6203676 2.414842 0.0817052 0.0366084 
240000 240 992.161 -120687.367 246.032 8.4007 0 0 0 0.0073478 -19.5366798 2.0045452 0.0780889 0.0340651 
250000 250 993.595 -113767.012 327.57 8.4184 0 0 0 0.007415 -23.3670087 2.5193973 0.0799508 0.035902 
260000 260 994.767 -107499.925 381.823 8.4334 0 0 0 0.0074788 -27.1251406 2.4779379 0.0780074 0.0350449 
270000 270 995.724 -103641.557 380.753 8.4402 0 0 0 0.0070485 -30.1900625 2.5408457 0.0770344 0.0347786 
280000 280 996.506 -103051.328 316.89 8.4505 0 0 0 0.0070197 -32.4681493 2.6148023 0.0770576 0.0362552 
290000 290 997.145 -97594.683 359.05 8.4534 0 0 0 0.0059052 -34.1391444 2.4324155 0.0732009 0.0335592 
300000 300 997.667 -91779.448 399.981 8.4306 0 0 0 0.0061713 -36.1504484 2.9356021 0.0712494 0.0328233 
310000 310 998.094 -86377.507 425.911 8.4037 0 0 0 0.0058599 -37.903691 2.7640797 0.0709923 0.0331349 
320000 320 998.443 -81336.806 440.318 8.3907 0 0 0 0.0057605 -39.4538235 2.7801047 0.0727893 0.0336635 
330000 330 998.728 -75903.979 459.005 8.3683 0 0 0 0.005893 -41.4167517 2.4452595 0.0734278 0.03335 
340000 340 998.96 -69852.845 486.768 8.3586 0 0 0 0.0053029 -44.0620766 2.596037 0.0690118 0.0309281 
350000 350 999.151 -62634.398 530.03 8.3507 0 0 0 0.0052452 -46.9908849 3.9378251 0.07003 0.0312296 
360000 360 999.306 -56778.994 539.07 8.3408 0 0 0 0.0047648 -49.7259137 2.3004071 0.0697003 0.0315039 
370000 370 999.433 -50196.55 560.57 8.3374 0 0 0 0.0047471 -51.2081533 3.6418183 0.06738 0.0277799 
380000 380 999.537 -45782.826 539.91 8.3589 0 0 0 0.0052124 -52.87898 3.4122557 0.070966 0.0305163 
390000 390 999.621 -39635.143 552.997 8.3806 0 0 0 0.0051224 -54.3307747 3.2238821 0.0749711 0.0327174 
400000 400 999.691 -34718.421 542.745 8.4042 0 0 0 0.0050407 -55.3556109 2.3122176 0.0776046 0.0338333 
410000 410 999.747 -27707.916 571.353 8.4166 0 0 0 0.0054695 -56.5455688 4.5078321 0.0792919 0.0348174 
420000 420 999.793 -18711.698 631.446 8.4317 0 0 0 0.0053815 -57.8399866 2.3867039 0.0850218 0.0379054 
430000 430 999.831 -9105.778 692.325 8.4363 0 0 0 0.0055583 -59.7833391 4.9229979 0.0879879 0.0387142 
440000 440 999.862 294.691 737.203 8.44 0 0 0 0.0058684 -61.6884786 3.1899917 0.0922384 0.041017 
450000 450 999.887 9107.826 763.764 8.4185 0 0 0 0.006183 -63.595126 5.8755464 0.0959777 0.0431387 
460000 460 999.908 16543.017 759.636 8.4199 0 0 0 0.0066646 -66.0211831 6.5122721 0.1011339 0.0463577 
470000 470 999.925 25925.098 792.598 8.4327 0 0 0 0.0062778 -68.101785 4.7014334 0.1009046 0.0456688 
480000 480 999.939 34785.668 809.493 8.4363 0 0 0 0.0064322 -70.6693933 3.1845156 0.1039932 0.0471216 
490000 490 999.95 43183.806 815.339 8.52 0 0 0 0.0067017 -72.6354489 10.335664 0.1082972 0.0495838 
500000 500 999.959 52186.728 831.434 8.5978 0 0 0 0.0069988 -74.6287891 9.6959866 0.1119606 0.0522006 
510000 510 999.966 60656.936 834.591 8.6607 0 0 0 0.0066556 -76.8622013 2.8762406 0.1149791 0.0535332 
520000 520 999.973 69691.548 846.69 8.6947 0 0 0 0.0071173 -78.8238847 6.5986458 0.1179431 0.0560744 
530000 530 999.978 78326.798 851.112 8.7317 0 0 0 0.0073747 -80.9365268 10.1808585 0.1205252 0.0571451 
540000 540 999.982 86881.319 852.309 8.7602 0 0 0 0.0070904 -82.8145753 7.5459482 0.1215349 0.0579365 
550000 550 999.985 95350.377 850.747 8.769 0 0 0 0.0073391 -84.6060349 9.7220548 0.1212968 0.0580089 
560000 560 999.988 105056.009 872.719 8.7517 0 0 0 0.0070143 -86.5270147 10.2397371 0.121235 0.0578569 
570000 570 999.99 114040.236 877.255 8.7213 0 0 0 0.0069026 -88.6010431 9.6010398 0.1238386 0.0610452 
580000 580 999.992 122540.575 871.797 8.6874 0 0 0 0.0070462 -90.8521709 7.8887972 0.1216816 0.0585602 
590000 590 999.993 131992.475 885.507 8.6469 0 0 0 0.0069348 -92.5796266 12.295049 0.1235569 0.060012 
600000 600 999.995 142674.608 919.124 8.6211 0 0 0 0.0075053 -95.0409734 6.6797705 0.1260902 0.0610992 
610000 610 999.996 153619.565 951.135 8.5948 0 0 0 0.0076971 -97.4244164 8.1152595 0.1299371 0.0633884 
620000 620 999.996 164970.778 985.211 8.5729 0 0 0 0.0075526 -99.3294759 10.136577 0.1336497 0.0671225 
630000 630 999.997 175772.995 1002.3 8.5521 0 0 0 0.0080711 -101.5460293 12.8951844 0.1374101 0.0698064 
640000 640 999.998 184880.563 984.142 8.5379 0 0 0 0.0081606 -103.2824016 12.0831864 0.1385063 0.0702035 
650000 650 999.998 193492.762 963.535 8.5305 0 0 0 0.0085606 -104.9476138 11.5449794 0.1406962 0.0721145 
660000 660 999.998 204822.942 994.735 8.5253 0 0 0 0.0084252 -106.316983 27.6095497 0.1427584 0.0734677 
670000 670 999.999 216838.405 1032.667 8.5154 0 0 0 0.0084144 -108.5317231 18.3039572 0.1422613 0.0725056 
680000 680 999.999 228818.287 1062.818 8.5041 0 0 0 0.0079726 -110.0489915 13.2556437 0.1424789 0.0727695 
690000 690 999.999 240358.121 1078.852 8.4904 0 0 0 0.0080206 -111.8194644 10.6496626 0.1461567 0.0758017 
700000 700 999.999 250306.173 1064.386 8.4845 0 0 0 0.0089214 -113.3457819 21.9208391 0.1448004 0.0749425 
710000 710 999.999 261082.954 1066.631 8.4873 0 0 0 0.0084377 -115.0689892 19.2655898 0.1476529 0.0765489 
720000 720 1000.0 271999.266 1070.604 8.4841 0 0 0 0.0088403 -116.8359604 12.5163286 0.1492028 0.0770388 
730000 730 1000.0 283158.275 1078.668 8.468 0 0 0 0.0088979 -118.4867921 21.7313616 0.153987 0.0811428 
740000 740 1000.0 294156.048 1083.0 8.4694 0 0 0 0.0091225 -120.2084744 10.6385784 0.155787 0.0820403 
750000 750 1000.0 305082.521 1084.432 8.4737 0 0 0 0.0091388 -121.7936389 13.6127187 0.1590492 0.0844583 
760000 760 1000.0 317633.19 1115.819 8.4786 0 0 0 0.0091439 -123.254891 13.0702952 0.1594355 0.0845732 
770000 770 1000.0 330889.288 1154.075 8.4589 0 0 0 0.0091196 -124.9264793 8.7746167 0.1629628 0.086339 
780000 780 1000.0 344708.989 1196.078 8.4512 0 0 0 0.0092321 -127.1645135 10.8759067 0.1632381 0.0869142 
790000 790 1000.0 357894.999 1218.465 8.4191 0 0 0 0.0096889 -128.4763631 29.2054329 0.1642757 0.0878842 
800000 800 1000.0 370884.586 1233.417 8.3964 0 0 0 0.0093991 -130.3360124 12.7620294 0.1641829 0.0877043 
810000 810 1000.0 382759.665 1224.676 8.3837 0 0 0 0.0091861 -131.7896831 22.7683231 0.1628856 0.0859467 
820000 820 1000.0 395232.376 1228.867 8.3832 0 0 0 0.0088636 -133.2766111 8.2591627 0.1630936 0.0860518 
830000 830 1000.0 408141.614 1240.634 8.406 0 0 0 0.0093611 -134.636291 28.9624895 0.1607795 0.0847366 
840000 840 1000.0 421234.256 1252.817 8.4165 0 0 0 0.0089744 -136.4211075 14.5609 0.1645278 0.0874053 
850000 850 1000.0 435003.211 1275.835 8.4363 0 0 0 0.0083389 -138.2276279 23.615249 0.1645327 0.0874271 
860000 860 1000.0 448360.229 1286.873 8.4393 0 0 0 0.0086171 -139.6025631 14.5197838 0.1633734 0.0857932 
870000 870 1000.0 462098.508 1302.694 8.4483 0 0 0 0.0092197 -140.7950352 33.9375506 0.1662424 0.0898698 
880000 880 1000.0 475879.369 1316.662 8.4524 0 0 0 0.0089934 -142.4251578 25.2191703 0.1677974 0.0904913 
890000 890 1000.0 489774.781 1329.788 8.4543 0 0 0 0.0088023 -143.7347062 14.4945587 0.1676525 0.0905763 
900000 900 1000.0 504579.065 1357.395 8.461 0 0 0 0.0085995 -145.3475152 22.0866998 0.1684179 0.0919637 
910000 910 1000.0 517742.672 1347.334 8.4647 0 0 0 0.0089605 -146.5211994 31.9440219 0.1684417 0.0919939 
920000 920 1000.0 532295.695 1366.49 8.4617 0 0 0 0.0091883 -147.8863988 28.6485375 0.1681348 0.0912724 
930000 930 1000.0 547179.845 1389.286 8.4529 0 0 0 0.0090623 -149.7208421 35.291518 0.1702288 0.0929676 
940000 940 1000.0 561873.001 1403.732 8.4631 0 0 0 0.0081544 -151.2138874 21.214079 0.1685174 0.0915364 
950000 950 1000.0 574466.096 1375.897 8.4675 0 0 0 0.0083735 -152.6163736 28.9780882 0.1673883 0.090261 
960000 960 1000.0 589309.719 1395.461 8.4713 0 0 0 0.0086554 -153.8252377 13.5923061 0.1677279 0.0906421 
970000 970 1000.0 602144.305 1372.834 8.4665 0 0 0 0.0086929 -154.7329885 40.9611989 0.1653158 0.0893291 
980000 980 1000.0 612188.14 1305.144 8.4491 0 0 0 0.0078199 -155.657711 19.4726547 0.1647052 0.0883075 
990000 990 1000.0 622786.906 1257.449 8.4384 0 0 0 0.0084198 -156.0544353 56.7067726 0.1642497 0.0888691 
1000000 1000 1000.0 632094.255 1196.182 8.4415 0 0 0 0.0080222 -156.2784275 27.9537568 0.1625244 0.0883253 
1010000 1010 1000.0 644433.386 1203.057 8.4264 0 0 0 0.0077815 -157.1773602 41.1535131 0.1612202 0.0868564 
1020000 1020 1000.0 657260.666 1217.288 8.4073 0 0 0 0.0078243 -157.9833577 14.642284 0.161703 0.0866901 
1030000 1030 1000.0 671929.99 1262.891 8.3798 0 0 0 0.0080806 -159.2654228 22.2252235 0.1624403 0.0894034 
1040000 1040 1000.0 684903.492 1271.82 8.355 0 0 0 0.0077415 -160.1174637 19.9092722 0.163514 0.0898135 
1050000 1050 1000.0 699807.317 1311.829 8.3373 0 0 0 0.0079884 -161.2796359 35.4181097 0.1627604 0.0900005 
1060000 1060 1000.0 714100.23 1332.56 8.3289 0 0 0 0.0078611 -163.1343846 22.5676216 0.1628139 0.0888362 
1070000 1070 1000.0 729224.48 1365.368 8.3409 0 0 0 0.0080294 -164.0793912 19.7390819 0.1644711 0.0907568 
1080000 1080 1000.0 742977.475 1367.534 8.3564 0 0 0 0.0078262 -164.6039939 12.5717135 0.1624493 0.0890652 
1090000 1090 1000.0 758054.661 1394.642 8.3643 0 0 0 0.0079811 -165.8456826 43.1368705 0.1594852 0.0863681 
1100000 1100 1000.0 775274.683 1455.459 8.3827 0 0 0 0.0076662 -166.6390065 35.0444986 0.1614087 0.0896699 
1110000 1110 1000.0 791382.653 1483.235 8.3986 0 0 0 0.0071715 -168.5347511 12.3771333 0.159709 0.0878819 
1120000 1120 1000.0 807089.551 1499.054 8.4182 0 0 0 0.0071727 -169.0515084 15.5351581 0.1592098 0.087439 
1130000 1130 1000.0 821591.997 1490.375 8.4322 0 0 0 0.0075948 -170.2266949 16.3028275 0.1588891 0.0855457 
1140000 1140 1000.0 836827.867 1496.609 8.4391 0 0 0 0.0083487 -170.5639417 62.5612555 0.1625297 0.0909682 
1150000 1150 1000.0 850761.115 1478.424 8.4425 0 0 0 0.0077618 -172.3406482 55.6099047 0.1615808 0.0888776 
1160000 1160 1000.0 864808.095 1465.77 8.4482 0 0 0 0.0075638 -173.0543738 33.6114657 0.1635913 0.0909231 
1170000 1170 1000.0 876659.244 1414.488 8.459 0 0 0 0.0083257 -173.7387701 39.1090801 0.1658104 0.0933942 
1180000 1180 1000.0 892318.671 1442.013 8.4612 0 0 0 0.0078813 -175.4403347 49.8157072 0.1648492 0.0925924 
1190000 1190 1000.0 908271.698 1469.574 8.4665 0 0 0 0.0077927 -176.9831999 25.9016989 0.1663269 0.0932853 
1200000 1200 1000.0 924057.091 1489.998 8.4647 0 0 0 0.0076066 -179.4269267 57.9316487 0.1683143 0.0951238 
1210000 1210 1000.0 939524.381 1499.673 8.4702 0 0 0 0.0074943 -180.5260913 47.0883465 0.1681818 0.0953497 
1220000 1220 1000.0 952323.745 1458.128 8.4734 0 0 0 0.0078333 -181.8681685 14.7510935 0.1713172 0.097474 
1230000 1230 1000.0 967098.743 1462.092 8.4712 0 0 0 0.007417 -182.665929 38.5643501 0.1717389 0.0978554 
1240000 1240 1000.0 980817.003 1443.893 8.4632 0 0 0 0.0083399 -183.4573262 53.688217 0.1724491 0.0986107 
1250000 1250 1000.0 996235.928 1462.085 8.4635 0 0 0 0.0078578 -184.5109768 35.4741604 0.170229 0.0963883 
1260000 1260 1000.0 1012567.07 1492.734 8.462 0 0 0 0.0077911 -185.1847328 62.627837 0.1688061 0.0939976 
1270000 1270 1000.0 1028214.783 1505.866 8.4667 0 0 0 0.0077068 -185.4482235 44.116182 0.1728949 0.0991577 
1280000 1280 1000.0 1044406.067 1526.423 8.4643 0 0 0 0.0079549 -187.1522924 48.8004837 0.1728866 0.0980382 
1290000 1290 1000.0 1060746.081 1546.501 8.4627 0 0 0 0.0079422 -188.4161952 24.7503755 0.1742348 0.0987126 
1300000 1300 1000.0 1077573.21 1571.411 8.4571 0 0 0 0.0073104 -189.2471526 30.3051217 0.1735749 0.0981675 
1310000 1310 1000.0 1094130.058 1586.659 8.4539 0 0 0 0.0073489 -190.0844809 41.8385391 0.1690625 0.0940203 
1320000 1320 1000.0 1110722.885 1599.75 8.4485 0 0 0 0.0070934 -191.3791794 29.3837519 0.173819 0.0984689 
1330000 1330 1000.0 1127840.801 1620.533 8.4489 0 0 0 0.0072987 -192.5292657 30.3706069 0.1711773 0.0951963 
1340000 1340 1000.0 1144228.656 1623.593 8.4328 0 0 0 0.0075045 -193.2702161 50.3259608 0.1699538 0.0946413 
1350000 1350 1000.0 1161171.313 1636.814 8.4361 0 0 0 0.0070488 -194.1668872 23.1217943 0.1687118 0.0926039 
1360000 1360 1000.0 1177460.903 1635.24 8.4451 0 0 0 0.0071841 -195.644359 51.0154879 0.1670385 0.0904279 
1370000 1370 1000.0 1193417.029 1627.441 8.4553 0 0 0 0.0071381 -196.7730933 44.6320384 0.1709686 0.0940484 
1380000 1380 1000.0 1209795.63 1629.393 8.4609 0 0 0 0.006914 -197.7335484 45.8328295 0.1676887 0.0910959 
1390000 1390 1000.0 1227287.004 1650.868 8.4427 0 0 0 0.0068639 -198.4832748 42.1838402 0.1723097 0.0953079 
1400000 1400 1000.0 1243791.832 1651.071 8.4418 0 0 0 0.0065572 -199.3449084 25.0629579 0.1706195 0.0936559 
1410000 1410 1000.0 1260163.088 1648.34 8.4528 0 0 0 0.0067024 -199.4132916 42.8597183 0.1720521 0.0956224 
1420000 1420 1000.0 1276607.025 1647.967 8.4622 0 0 0 0.0067594 -201.0367486 36.3893471 0.1720896 0.0955416 
1430000 1430 1000.0 1293194.539 1650.391 8.4741 0 0 0 0.0067454 -202.0269303 33.8706407 0.168523 0.0921467 
1440000 1440 1000.0 1309962.766 1655.014 8.4741 0 0 0 0.0063724 -202.535276 49.1644735 0.1715599 0.0950668 
1450000 1450 1000.0 1327079.261 1665.839 8.4594 0 0 0 0.0061088 -203.7118673 29.8625896 0.1698501 0.0930915 
1460000 1460 1000.0 1344740.826 1684.718 8.44 0 0 0 0.0066502 -204.3497761 64.1243506 0.1674863 0.0906839 
1470000 1470 1000.0 1362844.155 1707.761 8.4173 0 0 0 0.0062444 -205.0750973 37.9331983 0.1659221 0.0898458 
1480000 1480 1000.0 1381255.1 1732.293 8.4305 0 0 0 0.0061189 -205.823074 32.278272 0.1685486 0.0917963 
1490000 1490 1000.0 1399428.853 1747.918 8.4157 0 0 0 0.0059455 -206.5091718 25.4598429 0.1691948 0.0920609 
1500000 1500 1000.0 1417086.621 1751.524 8.4034 0 0 0 0.0060432 -206.9153458 38.7763671 0.1686593 0.0913663 
1510000 1510 1000.0 1434927.276 1757.577 8.4224 0 0 0 0.0064252 -207.992572 13.7757117 0.1689009 0.0923615 
1520000 1520 1000.0 1453039.729 1767.171 8.4432 0 0 0 0.0061861 -208.3006195 45.2531193 0.1680489 0.0920793 
1530000 1530 1000.0 1470285.509 1759.148 8.4527 0 0 0 0.0064259 -208.6567141 43.4669118 0.1704556 0.0934639 
1540000 1540 1000.0 1487033.322 1743.943 8.4541 0 0 0 0.0057726 -209.8229508 20.9272049 0.1670756 0.0900738 
1550000 1550 1000.0 1504640.253 1747.164 8.4541 0 0 0 0.0058687 -210.0171433 37.1611178 0.164025 0.0873578 
1560000 1560 1000.0 1521882.377 1743.057 8.4585 0 0 0 0.0062193 -210.5109918 45.3469827 0.1668383 0.0903092 
1570000 1570 1000.0 1538284.761 1724.228 8.4598 0 0 0 0.0066153 -210.5071588 34.9378172 0.1685257 0.0919137 
1580000 1580 1000.0 1555373.256 1721.696 8.4673 0 0 0 0.0060943 -211.2202701 57.3055949 0.1667294 0.0908954 
1590000 1590 1000.0 1572022.232 1710.986 8.4675 0 0 0 0.0062068 -211.7430424 23.4338795 0.1674397 0.0913031 
1600000 1600 1000.0 1588586.831 1701.547 8.4725 0 0 0 0.0056572 -211.967777 22.0846011 0.164813 0.0889624 
1610000 1610 1000.0 1605419.11 1697.803 8.4749 0 0 0 0.0058059 -212.1808179 41.8247267 0.1631811 0.087166 
1620000 1620 1000.0 1622032.691 1692.01 8.4769 0 0 0 0.0062628 -212.7726355 50.96902 0.1644828 0.0880701 
1630000 1630 1000.0 1639577.073 1703.537 8.4814 0 0 0 0.0059404 -213.3970682 40.6705093 0.1654315 0.0887822 
1640000 1640 1000.0 1656463.833 1701.416 8.4892 0 0 0 0.0060111 -213.6272119 69.4742673 0.1639453 0.087 
1650000 1650 1000.0 1672992.586 1692.31 8.4886 0 0 0 0.005448 -214.2785597 22.8516837 0.1612451 0.0833166 
1660000 1660 1000.0 1688984.681 1675.306 8.4877 0 0 0 0.0058003 -213.8022535 46.7557987 0.1636379 0.0872261 
1670000 1670 1000.0 1706829.123 1695.556 8.487 0 0 0 0.005923 -214.259185 22.9266181 0.164708 0.0885841 
1680000 1680 1000.0 1724269.106 1703.986 8.4922 0 0 0 0.0053866 -214.4055413 20.0452182 0.1626548 0.0854219 
1690000 1690 1000.0 1740790.317 1695.09 8.4869 0 0 0 0.0058065 -214.496393 52.6180546 0.162981 0.0870713 
1700000 1700 1000.0 1757467.684 1689.581 8.4858 0 0 0 0.0055662 -215.0276131 59.2241013 0.1639012 0.0882697 
1710000 1710 1000.0 1773967.548 1682.704 8.4798 0 0 0 0.0054172 -214.8958432 31.0710813 0.1619292 0.0858466 
1720000 1720 1000.0 1790653.619 1680.593 8.4849 0 0 0 0.0054482 -214.8674376 92.4244133 0.1662597 0.0898633 
1730000 1730 1000.0 1807372.928 1678.186 8.4901 0 0 0 0.005553 -215.1677094 51.5523996 0.1661411 0.0892852 
1740000 1740 1000.0 1823914.354 1674.078 8.4894 0 0 0 0.0053354 -215.5511913 43.0932573 0.1631254 0.0864213 
1750000 1750 1000.0 1840621.757 1674.034 8.4925 0 0 0 0.0059234 -215.6457051 39.1346202 0.1627274 0.0864214 
1760000 1760 1000.0 1858013.71 1686.355 8.5011 0 0 0 0.0062405 -215.5745255 36.827804 0.1631334 0.0872272 
1770000 1770 1000.0 1875646.432 1700.048 8.504 0 0 0 0.0050198 -216.2932173 26.1325141 0.1626474 0.0870173 
1780000 1780 1000.0 1893234.069 1711.027 8.5153 0 0 0 0.0055561 -216.3019235 42.3040622 0.1620035 0.0862275 
1790000 1790 1000.0 1911497.68 1732.384 8.5201 0 0 0 0.0050366 -216.7583492 33.2519569 0.1615759 0.0862685 
1800000 1800 1000.0 1929618.57 1747.006 8.5138 0 0 0 0.0052698 -217.3928688 47.525778 0.1582632 0.0823686 
1810000 1810 1000.0 1947374.267 1752.273 8.5128 0 0 0 0.0052906 -217.4851969 33.274975 0.1593881 0.0836072 
1820000 1820 1000.0 1965382.612 1760.589 8.5224 0 0 0 0.005261 -217.3877397 73.6420273 0.1634961 0.0873917 
1830000 1830 1000.0 1982672.44 1754.131 8.5215 0 0 0 0.0055118 -217.6063358 35.7832858 0.1618611 0.0858235 
1840000 1840 1000.0 2000568.167 1760.621 8.5213 0 0 0 0.0056349 -218.1736226 43.250694 0.1625694 0.0860062 
1850000 1850 1000.0 2017392.063 1745.461 8.5263 0 0 0 0.0053682 -218.2782012 48.6169867 0.1620378 0.086579 
1860000 1860 1000.0 2034646.042 1741.799 8.5113 0 0 0 0.0048961 -219.0012695 42.4007983 0.1585574 0.0822029 
1870000 1870 1000.0 2051967.611 1739.894 8.5065 0 0 0 0.0050281 -218.8409959 67.5538212 0.1626774 0.086168 
1880000 1880 1000.0 2069780.088 1747.26 8.5118 0 0 0 0.0050088 -219.5808128 56.867096 0.1606739 0.0850566 
1890000 1890 1000.0 2086511.192 1736.215 8.5103 0 0 0 0.0049345 -219.8206446 38.253034 0.1590203 0.0827975 
1900000 1900 1000.0 2103673.31 1733.984 8.5047 0 0 0 0.0050675 -219.7652903 44.9681942 0.1611733 0.0853291 
1910000 1910 1000.0 2121204.25 1737.189 8.5117 0 0 0 0.0047145 -220.6000251 28.0128564 0.158032 0.0823695 
1920000 1920 1000.0 2138823.061 1741.361 8.5153 0 0 0 0.0052499 -220.4612172 64.5282053 0.1606163 0.084896 
1930000 1930 1000.0 2155933.368 1735.691 8.5179 0 0 0 0.00519 -220.6526218 68.2281856 0.1561958 0.0804468 
1940000 1940 1000.0 2173310.064 1736.357 8.5199 0 0 0 0.0053086 -220.9906171 54.4261918 0.1577943 0.0817005 
1950000 1950 1000.0 2190960.48 1741.493 8.5234 0 0 0 0.0052285 -221.0865766 62.229658 0.1571605 0.0812838 
1960000 1960 1000.0 2208566.381 1745.108 8.5342 0 0 0 0.0050935 -220.8902725 100.3446604 0.1581356 0.0821739 
1970000 1970 1000.0 2226416.955 1752.304 8.5387 0 0 0 0.0050342 -221.714937 61.0850311 0.1579246 0.0832907 
1980000 1980 1000.0 2243375.218 1741.628 8.5364 0 0 0 0.0049575 -221.6117001 34.9905195 0.1581357 0.0828741 
1990000 1990 1000.0 2261029.63 1745.927 8.5331 0 0 0 0.0054733 -221.6161091 44.4519373 0.1604017 0.0845618 
2000000 2000 1000.0 2278613.779 1747.845 8.5311 0 0 0 0.0051304 -221.7940385 60.3382731 0.1579228 0.0822747 
2010000 2010 1000.0 2296025.641 1745.721 8.5347 0 0 0 0.0050876 -222.1580283 44.5415895 0.1599748 0.0837143 
2020000 2020 1000.0 2313154.462 1739.45 8.5229 0 0 0 0.0049909 -222.1058749 53.8301827 0.1607874 0.0853001 
2030000 2030 1000.0 2331077.25 1749.398 8.5197 0 0 0 0.0051463 -222.6009046 35.6080841 0.1605562 0.0854567 
2040000 2040 1000.0 2348839.466 1754.601 8.5163 0 0 0 0.0044481 -222.8866029 15.1403646 0.1591935 0.0840771 
2050000 2050 1000.0 2366798.226 1762.206 8.5173 0 0 0 0.0049645 -223.0441128 47.2843951 0.1632368 0.087962 
2060000 2060 1000.0 2384813.77 1769.082 8.5194 0 0 0 0.0050142 -223.0085832 46.4710789 0.1610634 0.0857647 
2070000 2070 1000.0 2402469.328 1768.596 8.5122 0 0 0 0.0058419 -223.2603957 47.652816 0.1632674 0.0881088 
2080000 2080 1000.0 2420170.361 1769.092 8.5173 0 0 0 0.0054613 -223.3892233 59.4647047 0.1642375 0.0888957 
2090000 2090 1000.0 2437828.38 1768.491 8.5393 0 0 0 0.0052682 -223.6528423 36.9520991 0.1663178 0.0908336 
2100000 2100 1000.0 2454564.078 1750.871 8.528 0 0 0 0.0053176 -223.4443112 87.3085686 0.1684088 0.0923696 
2110000 2110 1000.0 2471405.021 1739.41 8.5298 0 0 0 0.0056772 -223.5004717 55.5233042 0.1676327 0.0916693 
2120000 2120 1000.0 2488712.485 1738.219 8.5286 0 0 0 0.0057854 -223.6837829 62.981886 0.1705315 0.094046 
2130000 2130 1000.0 2505674.998 1729.97 8.5227 0 0 0 0.005225 -224.1153928 46.9940931 0.1698595 0.0925492 
2140000 2140 1000.0 2523304.418 1736.336 8.5157 0 0 0 0.0048811 -224.1344247 33.5046549 0.1714827 0.0957027 
2150000 2150 1000.0 2539975.027 1723.936 8.5239 0 0 0 0.005374 -224.2936828 57.8171761 0.1707908 0.0946252 
2160000 2160 1000.0 2557537.141 1730.166 8.5204 0 0 0 0.0051955 -224.4646752 31.4543595 0.1699873 0.0935094 
2170000 2170 1000.0 2575321.066 1738.694 8.5146 0 0 0 0.0061503 -224.0634487 98.1457535 0.1725403 0.0959235 
2180000 2180 1000.0 2593253.443 1749.022 8.5173 0 0 0 0.0051855 -224.8166687 27.8091747 0.174391 0.0976786 
2190000 2190 1000.0 2611721.953 1766.76 8.5226 0 0 0 0.0051493 -225.0502558 19.7488409 0.1748669 0.0989388 
2200000 2200 1000.0 2629717.369 1772.802 8.5257 0 0 0 0.0056689 -225.2944032 38.2475923 0.1735237 0.0970947 
2210000 2210 1000.0 2647559.029 1774.69 8.5264 0 0 0 0.0053543 -225.7751032 26.577912 0.1758892 0.099421 
2220000 2220 1000.0 2665369.673 1775.909 8.5223 0 0 0 0.0057124 -225.6768228 78.9167521 0.1769705 0.0999472 
2230000 2230 1000.0 2683270.028 1778.16 8.5219 0 0 0 0.0053771 -226.312767 82.597834 0.1741282 0.0974652 
2240000 2240 1000.0 2701508.879 1786.453 8.5241 0 0 0 0.0055477 -226.2789901 56.8978012 0.1760364 0.0990267 
2250000 2250 1000.0 2719389.961 1786.923 8.5119 0 0 0 0.0052966 -226.4546524 67.8292493 0.173811 0.0979377 
2260000 2260 1000.0 2737435.432 1790.532 8.4906 0 0 0 0.0054335 -226.8660576 44.4572366 0.1764347 0.1000679 
2270000 2270 1000.0 2755720.005 1797.104 8.4698 0 0 0 0.0053142 -227.0550663 49.6946342 0.1776626 0.1007024 
2280000 2280 1000.0 2774305.687 1808.361 8.4625 0 0 0 0.0053367 -227.6387246 30.7141065 0.1788888 0.1026121 
2290000 2290 1000.0 2792640.549 1812.924 8.4596 0 0 0 0.0050726 -228.1214297 22.1874116 0.1753478 0.0977585 
2300000 2300 1000.0 2810842.495 1814.506 8.4682 0 0 0 0.0056507 -227.9819081 92.2376519 0.1795444 0.1041359 
2310000 2310 1000.0 2828927.915 1813.388 8.4813 0 0 0 0.0050623 -228.8816304 22.3175607 0.1756078 0.0980998 
2320000 2320 1000.0 2846754.246 1807.808 8.4909 0 0 0 0.005385 -228.9117113 63.0124998 0.1760253 0.0996681 
2330000 2330 1000.0 2864203.549 1796.664 8.4966 0 0 0 0.0052197 -229.3516483 83.543177 0.1780684 0.1016498 
2340000 2340 1000.0 2883041.648 1813.098 8.5006 0 0 0 0.0054588 -229.7201672 58.5709863 0.178859 0.102268 
2350000 2350 1000.0 2902182.255 1832.192 8.5011 0 0 0 0.0050498 -230.5843133 65.1117366 0.1749855 0.0997724 
2360000 2360 1000.0 2920393.258 1829.689 8.5073 0 0 0 0.0047379 -230.8231019 26.147267 0.1786608 0.1022996 
2370000 2370 1000.0 2938823.603 1832.059 8.5008 0 0 0 0.0051739 -231.4182022 30.2977623 0.1753524 0.0997211 
2380000 2380 1000.0 2957779.902 1843.847 8.5019 0 0 0 0.0053004 -231.6974046 71.4431224 0.1740826 0.0983205 
2390000 2390 1000.0 2975755.164 1835.692 8.5023 0 0 0 0.0048742 -231.8323207 42.5866843 0.1732009 0.0977852 
2400000 2400 1000.0 2995007.561 1851.883 8.5048 0 0 0 0.0052517 -232.1014539 73.9900048 0.176133 0.1014982 
2410000 2410 1000.0 3013383.72 1849.485 8.5032 0 0 0 0.0050837 -232.4274172 50.4150908 0.1751886 0.0987007 
2420000 2420 1000.0 3031912.704 1850.658 8.5082 0 0 0 0.0054124 -233.0737194 38.9263763 0.1731911 0.0982842 
2430000 2430 1000.0 3050462.619 1851.666 8.4994 0 0 0 0.0052385 -233.3112708 56.1459997 0.1734805 0.0986793 
2440000 2440 1000.0 3068938.14 1850.793 8.4905 0 0 0 0.0047492 -233.6542453 18.588798 0.1733165 0.0986086 
2450000 2450 1000.0 3087286.14 1847.933 8.4973 0 0 0 0.0054016 -233.3017787 95.4443235 0.1729782 0.0988859 
2460000 2460 1000.0 3105804.718 1848.57 8.4162 0 0 0 0.0051228 -233.9894393 57.0971454 0.1753755 0.101123 
2470000 2470 1000.0 3124328.557 1849.545 8.3427 0 0 0 0.004734 -233.8711334 54.9931343 0.1718168 0.0994227 
2480000 2480 1000.0 3143107.403 1854.684 8.3475 0 0 0 0.004429 -234.3507987 29.8789854 0.1727257 0.0991523 
2490000 2490 1000.0 3162155.734 1863.71 8.3631 0 0 0 0.0048169 -234.3188419 76.2541009 0.1721995 0.0987315 
2500000 2500 1000.0 3180829.355 1864.379 8.3975 0 0 0 0.0052504 -234.4834637 59.2695927 0.1727588 0.0993558 
2510000 2510 1000.0 3200095.604 1875.606 8.4179 0 0 0 0.0051537 -234.8392881 52.1662261 0.1705653 0.0968484 
2520000 2520 1000.0 3219002.381 1878.559 8.4272 0 0 0 0.0052966 -234.7060568 137.0492837 0.1738242 0.0998664 
2530000 2530 1000.0 3237966.978 1882.548 8.4328 0 0 0 0.0046843 -235.5827513 42.5227483 0.1702911 0.0962522 
2540000 2540 1000.0 3256453.736 1876.28 8.437 0 0 0 0.0053796 -235.5919462 43.195983 0.1750079 0.1017943 
2550000 2550 1000.0 3275990.17 1890.59 8.4445 0 0 0 0.0052065 -235.8226939 34.1362191 0.1729063 0.0998597 
2560000 2560 1000.0 3295579.593 1903.625 8.4536 0 0 0 0.0049275 -236.3442283 55.2390843 0.1733078 0.1006504 
2570000 2570 1000.0 3315444.158 1918.985 8.4576 0 0 0 0.0052001 -236.5850732 60.8878992 0.1735707 0.1004599 
2580000 2580 1000.0 3335064.973 1926.816 8.4504 0 0 0 0.0049723 -237.0850075 27.169862 0.1728487 0.1002244 
2590000 2590 1000.0 3354470.907 1929.372 8.4585 0 0 0 0.0049702 -237.4904053 59.790077 0.1750429 0.102679 
2600000 2600 1000.0 3373670.014 1928.55 8.4563 0 0 0 0.0049747 -237.5419922 71.2033066 0.1714191 0.0985357 
2610000 2610 1000.0 3392941.73 1928.409 8.4487 0 0 0 0.004888 -238.01838 29.6788112 0.1712166 0.0985112 
2620000 2620 1000.0 3411375.509 1912.723 8.4513 0 0 0 0.0050564 -238.074601 63.2000426 0.1721474 0.0988047 
2630000 2630 1000.0 3430464.336 1911.335 8.4511 0 0 0 0.0051121 -237.8061359 78.3131853 0.1738053 0.1006851 
2640000 2640 1000.0 3449363.508 1907.175 8.464 0 0 0 0.0053802 -238.1627919 89.2636551 0.1747323 0.1019726 
2650000 2650 1000.0 3468306.061 1904.828 8.4709 0 0 0 0.0050048 -238.6115784 37.4420546 0.1734964 0.1002289 
2660000 2660 1000.0 3486379.445 1887.53 8.4751 0 0 0 0.0049426 -238.58125 44.4295243 0.1761535 0.1033432 
2670000 2670 1000.0 3504538.788 1874.249 8.4894 0 0 0 0.004941 -238.8671098 35.5504463 0.1732275 0.0990185 
2680000 2680 1000.0 3522577.453 1861.385 8.4843 0 0 0 0.0046708 -238.8678084 19.6027503 0.1747169 0.1004826 
2690000 2690 1000.0 3541560.225 1868.379 8.485 0 0 0 0.004991 -238.6798621 28.2098251 0.1729281 0.1001061 
2700000 2700 1000.0 3561088.226 1883.863 8.4811 0 0 0 0.0054923 -239.1687678 45.9228028 0.1783336 0.1059392 
2710000 2710 1000.0 3580758.197 1898.752 8.4839 0 0 0 0.0050286 -239.1373927 62.1002476 0.1785618 0.1053658 
2720000 2720 1000.0 3599376.737 1891.247 8.4792 0 0 0 0.0048429 -239.9952213 63.0882898 0.176892 0.1041655 
2730000 2730 1000.0 3618110.696 1887.935 8.47 0 0 0 0.0051379 -239.9391415 48.9486705 0.1762172 0.1040851 
2740000 2740 1000.0 3636037.847 1870.14 8.46 0 0 0 0.0051937 -239.9507085 79.149992 0.1759671 0.1023744 
2750000 2750 1000.0 3654417.496 1865.116 8.4612 0 0 0 0.0050341 -240.2305353 46.6714871 0.175591 0.1024906 
2760000 2760 1000.0 3672793.031 1859.384 8.462 0 0 0 0.0051576 -239.6866688 67.1188918 0.1739183 0.1009595 
2770000 2770 1000.0 3690965.384 1851.48 8.4761 0 0 0 0.0055902 -240.1502563 118.3006973 0.1729644 0.0999681 
2780000 2780 1000.0 3709061.002 1843.169 8.4634 0 0 0 0.0054521 -239.9601973 57.1462163 0.1753942 0.1026863 
2790000 2790 1000.0 3727358.301 1840.393 8.4539 0 0 0 0.005456 -239.5688453 70.0707871 0.1813534 0.1088036 
2800000 2800 1000.0 3743875.28 1803.919 8.4467 0 0 0 0.0063471 -239.5439689 99.5949211 0.1775756 0.1056357 
2810000 2810 1000.0 3762732.878 1819.34 8.4402 0 0 0 0.0063281 -239.2678498 71.667057 0.1779931 0.1054965 
2820000 2820 1000.0 3781915.224 1837.589 8.4428 0 0 0 0.0054568 -239.763687 75.4278191 0.1751506 0.1039824 
2830000 2830 1000.0 3802459.5 1877.273 8.4389 0 0 0 0.0055301 -240.1271471 53.3284687 0.1740563 0.1016326 
2840000 2840 1000.0 3822138.913 1893.488 8.4377 0 0 0 0.0056328 -239.9548205 83.0009789 0.1752344 0.1040287 
2850000 2850 1000.0 3840532.668 1883.866 8.4376 0 0 0 0.0055091 -240.2159561 73.4232992 0.1721204 0.0996184 
2860000 2860 1000.0 3857401.657 1847.808 8.4455 0 0 0 0.0054771 -239.8961445 78.7601356 0.1753567 0.1041568 
2870000 2870 1000.0 3875690.902 1844.119 8.4624 0 0 0 0.0055526 -239.8788588 62.4036401 0.1740447 0.1032016 
2880000 2880 1000.0 3894867.932 1858.106 8.4673 0 0 0 0.0054265 -240.3867191 46.9558474 0.1741508 0.102091 
2890000 2890 1000.0 3913913.413 1865.908 8.4571 0 0 0 0.0052595 -240.446194 32.432758 0.1719508 0.1008762 
2900000 2900 1000.0 3933427.633 1881.595 8.4479 0 0 0 0.0058552 -240.5345259 41.2742435 0.1750266 0.1031295 
2910000 2910 1000.0 3953237.853 1899.721 8.4486 0 0 0 0.0050753 -240.5330195 73.9364874 0.1741289 0.1034749 
2920000 2920 1000.0 3972907.876 1911.957 8.4478 0 0 0 0.0050868 -240.7545499 37.9151522 0.1753112 0.103093 
2930000 2930 1000.0 3991778.015 1907.491 8.4342 0 0 0 0.0051341 -240.8600117 45.4249796 0.1717552 0.0995876 
2940000 2940 1000.0 4010845.105 1907.168 8.4296 0 0 0 0.0051046 -240.8451918 69.9422415 0.1722688 0.1004482 
2950000 2950 1000.0 4029994.603 1908.824 8.4212 0 0 0 0.0048876 -241.6482313 47.9487741 0.1749675 0.1034937 
2960000 2960 1000.0 4049010.94 1907.472 8.4235 0 0 0 0.0056707 -241.2115788 65.7268781 0.1773796 0.1055737 
2970000 2970 1000.0 4067743.904 1901.432 8.4237 0 0 0 0.0051451 -241.2099489 84.468639 0.1751442 0.1036702 
2980000 2980 1000.0 4086703.92 1900.653 8.4181 0 0 0 0.0053031 -241.3571858 73.9483035 0.174599 0.1039314 
2990000 2990 1000.0 4104927.566 1886.448 8.412 0 0 0 0.005239 -241.8573483 58.9551319 0.1746303 0.102652 
3000000 3000 1000.0 4123654.204 1883.454 8.4159 0 0 0 0.0049413 -242.301545 69.9818624 0.1704609 0.0981574 
3010000 3010 1000.0 4142540.803 1884.701 8.4129 0 0 0 0.0047384 -242.6117175 35.8448691 0.1731679 0.1012461 
3020000 3020 1000.0 4162174.881 1899.232 8.412 0 0 0 0.0046615 -242.4574473 79.6120771 0.1734669 0.1015624 
3030000 3030 1000.0 4181395.419 1902.893 8.4248 0 0 0 0.0049766 -242.5521597 42.1376048 0.1755762 0.1039701 
3040000 3040 1000.0 4200120.16 1897.799 8.4344 0 0 0 0.0047329 -243.0231733 28.1627326 0.1735114 0.0999839 
3050000 3050 1000.0 4219042.95 1896.655 8.439 0 0 0 0.004972 -242.9654029 63.1975476 0.1718376 0.0990653 
3060000 3060 1000.0 4238328.512 1902.503 8.4482 0 0 0 0.0049411 -243.5626194 40.6576626 0.1740675 0.1024051 
3070000 3070 1000.0 4257433.64 1903.894 8.4402 0 0 0 0.004698 -243.7848051 58.2218618 0.1727555 0.0996743 
3080000 3080 1000.0 4275957.875 1894.406 8.4495 0 0 0 0.0048423 -244.0352544 43.3666382 0.1745129 0.1023404 
3090000 3090 1000.0 4295475.389 1905.139 8.4543 0 0 0 0.0051817 -243.7269492 51.1686202 0.1754259 0.1030059 
3100000 3100 1000.0 4315213.55 1917.998 8.4522 0 0 0 0.0053775 -243.8273122 95.6211306 0.1742665 0.1013966 
3110000 3110 1000.0 4335282.428 1934.086 8.4461 0 0 0 0.0049893 -244.0523223 59.1178267 0.1750656 0.1013448 
3120000 3120 1000.0 4354812.201 1937.099 8.4499 0 0 0 0.0045775 -244.2464065 34.511553 0.1730594 0.1005985 
3130000 3130 1000.0 4374440.356 1941.783 8.4466 0 0 0 0.0050965 -244.1749033 38.1850867 0.1750867 0.1011816 
3140000 3140 1000.0 4393972.607 1943.81 8.4442 0 0 0 0.0043556 -244.3723204 42.5212273 0.1746612 0.1014209 
3150000 3150 1000.0 4413697.759 1948.946 8.4398 0 0 0 0.0048432 -244.7836 47.1854209 0.1749544 0.1022058 
3160000 3160 1000.0 4432709.979 1940.523 8.451 0 0 0 0.0046689 -244.4397047 76.3268299 0.174075 0.1014994 
3170000 3170 1000.0 4451335.121 1927.296 8.4531 0 0 0 0.0044767 -244.8567818 45.6234758 0.1775235 0.1049115 
3180000 3180 1000.0 4470218.978 1920.747 8.4536 0 0 0 0.0052394 -244.296617 116.0351304 0.1767827 0.1045318 
3190000 3190 1000.0 4489147.86 1915.616 8.4585 0 0 0 0.0054275 -244.883774 47.401904 0.176758 0.1037122 
3200000 3200 1000.0 4508316.79 1916.32 8.4605 0 0 0 0.0049144 -244.4685771 72.3830754 0.1761954 0.1031168 
3210000 3210 1000.0 4527464.788 1916.091 8.4709 0 0 0 0.0046713 -244.7696223 76.6757397 0.1750446 0.1025524 
3220000 3220 1000.0 4545952.065 1903.811 8.4743 0 0 0 0.0049312 -244.4703991 72.771472 0.1760447 0.1024554 
3230000 3230 1000.0 4563820.179 1882.148 8.4857 0 0 0 0.0045502 -244.2542216 29.9321333 0.1734079 0.0995921 
3240000 3240 1000.0 4582953.473 1887.704 8.4808 0 0 0 0.0047694 -244.3538669 49.7348925 0.17468 0.1015788 
3250000 3250 1000.0 4601655.288 1884.547 8.4803 0 0 0 0.0048798 -244.2412973 57.3748231 0.1755576 0.1023427 
3260000 3260 1000.0 4620692.504 1887.844 8.4827 0 0 0 0.0047188 -244.1974701 76.0978147 0.1747712 0.1013731 
3270000 3270 1000.0 4640128.736 1897.832 8.4852 0 0 0 0.0050094 -243.98895 104.6568622 0.1772065 0.1036252 
3280000 3280 1000.0 4659260.873 1900.878 8.4816 0 0 0 0.0045028 -244.1326221 66.3007375 0.1750027 0.1025437 
3290000 3290 1000.0 4678286.67 1901.105 8.49 0 0 0 0.0044475 -244.224525 70.0386801 0.1769376 0.105617 
3300000 3300 1000.0 4697847.775 1911.397 8.4903 0 0 0 0.0045292 -244.485841 21.8739134 0.1742475 0.1008156 
3310000 3310 1000.0 4716928.409 1910.447 8.4947 0 0 0 0.004754 -243.7356985 47.7753851 0.1755909 0.1027162 
3320000 3320 1000.0 4736282.808 1914.875 8.4997 0 0 0 0.0050134 -243.6958782 92.5028107 0.1776854 0.1057813 
3330000 3330 1000.0 4755185.895 1910.351 8.5044 0 0 0 0.0047633 -243.9307303 51.4873629 0.1775593 0.1070665 
3340000 3340 1000.0 4774879.903 1921.377 8.5027 0 0 0 0.0047053 -243.5784372 65.8089293 0.1764318 0.104486 
3350000 3350 1000.0 4794179.944 1922.9 8.5056 0 0 0 0.0043272 -243.4199556 37.5624307 0.1785227 0.1066343 
3360000 3360 1000.0 4813483.978 1924.106 8.4986 0 0 0 0.0044432 -243.9170871 54.1420677 0.1759466 0.1048791 
3370000 3370 1000.0 4833032.627 1930.034 8.501 0 0 0 0.0045822 -243.929455 88.8485832 0.1772392 0.1061215 
3380000 3380 1000.0 4852485.083 1932.727 8.5087 0 0 0 0.0044633 -243.8076195 70.9959965 0.1754893 0.1033668 
3390000 3390 1000.0 4872325.859 1942.473 8.5101 0 0 0 0.0045627 -243.7846269 111.0220966 0.1746734 0.1033443 
3400000 3400 1000.0 4892194.987 1950.58 8.5131 0 0 0 0.0044645 -243.8149838 74.4497257 0.1756893 0.1045035 
3410000 3410 1000.0 4911854.578 1953.424 8.5068 0 0 0 0.0044916 -243.4915654 79.2200661 0.1731518 0.1012734 
3420000 3420 1000.0 4930705.187 1940.575 8.5186 0 0 0 0.0046148 -243.6038733 93.6983778 0.1729497 0.1010504 
3430000 3430 1000.0 4950589.879 1949.393 8.5257 0 0 0 0.0045964 -244.1331803 62.605071 0.175022 0.1034083 
3440000 3440 1000.0 4970494.839 1956.892 8.5167 0 0 0 0.0044346 -244.2485451 86.9085902 0.1727431 0.1012566 
3450000 3450 1000.0 4989302.042 1943.06 8.5107 0 0 0 0.0044142 -244.400835 53.6419104 0.1732901 0.1021866 
3460000 3460 1000.0 5008144.58 1932.81 8.519 0 0 0 0.0043232 -244.5678794 43.1062842 0.1712889 0.0990327 
3470000 3470 1000.0 5028118.108 1944.601 8.5186 0 0 0 0.0043167 -244.5452992 84.6751243 0.1754756 0.1050907 
3480000 3480 1000.0 5047171.931 1937.182 8.5188 0 0 0 0.0042935 -244.7447511 19.9784889 0.169904 0.0979899 
3490000 3490 1000.0 5066392.851 1934.363 8.528 0 0 0 0.004401 -244.4727751 71.8993406 0.1701412 0.099021 
3500000 3500 1000.0 5086029.689 1940.274 8.535 0 0 0 0.0045023 -244.457318 54.2175937 0.1708907 0.0974145 
3510000 3510 1000.0 5106044.987 1950.968 8.5431 0 0 0 0.0044448 -244.7682377 52.8721119 0.1715914 0.100616 
3520000 3520 1000.0 5125921.109 1958.137 8.5414 0 0 0 0.0044642 -244.6486313 76.4544346 0.1715509 0.1004743 
3530000 3530 1000.0 5145775.877 1963.097 8.5397 0 0 0 0.004283 -244.8174874 66.4966976 0.1773653 0.107432 
3540000 3540 1000.0 5165598.21 1966.909 8.5369 0 0 0 0.0049397 -244.8375548 97.0744895 0.174282 0.1021926 
3550000 3550 1000.0 5185303.611 1968.139 8.5269 0 0 0 0.0046294 -244.9148718 98.2718271 0.1721485 0.0997518 
3560000 3560 1000.0 5204702.346 1962.383 8.5275 0 0 0 0.0043205 -244.8743307 31.4697874 0.1734831 0.1012331 
3570000 3570 1000.0 5224277.981 1961.735 8.5279 0 0 0 0.0044026 -245.002184 51.4334367 0.1738218 0.1021887 
3580000 3580 1000.0 5244444.915 1971.854 8.5221 0 0 0 0.0040446 -245.0813409 61.5366916 0.1747456 0.103051 
3590000 3590 1000.0 5265651.74 1999.038 8.5115 0 0 0 0.0043369 -245.1072797 59.1483319 0.1715715 0.0980531 
3600000 3600 1000.0 5286645.339 2017.185 8.5074 0 0 0 0.0043142 -245.5176665 83.3733848 0.1695955 0.0972657 
3610000 3610 1000.0 5307590.695 2031.827 8.5127 0 0 0 0.0037758 -246.0329328 29.1582986 0.172679 0.0998703 
3620000 3620 1000.0 5328514.811 2042.417 8.5149 0 0 0 0.0040115 -246.1401739 74.7151921 0.1706379 0.0981509 
3630000 3630 1000.0 5349788.008 2058.506 8.5277 0 0 0 0.0044281 -246.1369187 92.3988766 0.1741638 0.1011486 
3640000 3640 1000.0 5371286.591 2075.453 8.5273 0 0 0 0.0042139 -246.7253443 15.27096 0.1727838 0.0990866 
3650000 3650 1000.0 5392718.152 2087.354 8.528 0 0 0 0.0037019 -247.3818602 63.2004965 0.1726548 0.0999301 
3660000 3660 1000.0 5413920.934 2093.559 8.5232 0 0 0 0.0040458 -247.8349964 53.9686656 0.1708452 0.0981081 
3670000 3670 1000.0 5433739.929 2073.451 8.5218 0 0 0 0.0038057 -247.9600764 38.4123143 0.1709467 0.097605 
3680000 3680 1000.0 5454495.824 2073.257 8.5184 0 0 0 0.003758 -248.7315461 63.9774037 0.1712724 0.0989371 
3690000 3690 1000.0 5474074.099 2051.55 8.5228 0 0 0 0.0038455 -248.953325 68.5174746 0.1712588 0.0976911 
3700000 3700 1000.0 5493773.982 2037.262 8.5272 0 0 0 0.0039879 -249.0775702 66.7088169 0.1730821 0.0996921 
3710000 3710 1000.0 5513275.181 2020.892 8.5249 0 0 0 0.0039413 -249.0906322 63.5334831 0.1697255 0.095897 
3720000 3720 1000.0 5532608.359 2004.907 8.5245 0 0 0 0.0040514 -249.1796471 71.9644196 0.174028 0.1010778 
3730000 3730 1000.0 5552183.061 1996.553 8.5218 0 0 0 0.0038485 -249.5798225 57.8129874 0.1713194 0.0984201 
3740000 3740 1000.0 5571668.981 1987.66 8.5194 0 0 0 0.0041287 -249.4048168 99.8165421 0.1708014 0.0980097 
3750000 3750 1000.0 5591106.601 1980.333 8.5121 0 0 0 0.0037348 -249.9442667 55.1414975 0.1677551 0.0958207 
3760000 3760 1000.0 5610036.011 1963.637 8.5102 0 0 0 0.0036207 -249.5331465 56.3576685 0.1699252 0.0967477 
3770000 3770 1000.0 5629690.597 1964.693 8.5104 0 0 0 0.0039025 -249.9007652 43.2693461 0.1720733 0.099993 
3780000 3780 1000.0 5650533.832 1986.837 8.516 0 0 0 0.0038397 -250.5595567 37.0420339 0.1694939 0.097477 
3790000 3790 1000.0 5670637.668 1991.303 8.5178 0 0 0 0.0037305 -250.1695725 78.7282229 0.1703898 0.0984441 
3800000 3800 1000.0 5690972.03 1999.149 8.5175 0 0 0 0.0041853 -250.3471794 28.8051698 0.1716775 0.0996279 
3810000 3810 1000.0 5710081.98 1981.959 8.5219 0 0 0 0.0037498 -250.0894552 55.2360616 0.1689144 0.0963252 
3820000 3820 1000.0 5728442.958 1954.78 8.523 0 0 0 0.0042893 -249.5809864 82.36517 0.1714047 0.0997229 
3830000 3830 1000.0 5747102.468 1937.639 8.5233 0 0 0 0.0038724 -249.4166494 70.6577553 0.172703 0.1027044 
3840000 3840 1000.0 5767740.207 1961.712 8.5195 0 0 0 0.0042454 -249.5933179 58.4670197 0.1690313 0.096531 
3850000 3850 1000.0 5788192.824 1976.965 8.5167 0 0 0 0.004411 -249.0695158 111.6720363 0.1704272 0.0983636 
3860000 3860 1000.0 5808119.316 1979.754 8.5138 0 0 0 0.0039916 -249.3120933 67.0485307 0.1719762 0.0989435 
3870000 3870 1000.0 5828166.822 1984.489 8.5105 0 0 0 0.0041614 -249.3439239 87.7242154 0.1706029 0.0978063 
3880000 3880 1000.0 5848250.129 1988.612 8.511 0 0 0 0.0042509 -249.6493111 77.5267145 0.1712942 0.0994212 
3890000 3890 1000.0 5867965.826 1985.699 8.5122 0 0 0 0.0045176 -249.8820175 29.8893929 0.1682153 0.0948372 
3900000 3900 1000.0 5888368.029 1995.642 8.5112 0 0 0 0.004027 -249.7790266 40.3605236 0.1722762 0.0987154 
3910000 3910 1000.0 5908215.521 1993.572 8.5135 0 0 0 0.0040155 -249.8024032 47.9675931 0.1726059 0.1002856 
3920000 3920 1000.0 5928141.528 1993.583 8.5166 0 0 0 0.0040344 -250.0268416 76.1278702 0.1723013 0.0991644 
3930000 3930 1000.0 5949118.748 2012.546 8.524 0 0 0 0.0042119 -250.3573713 50.368811 0.1705565 0.0965562 
3940000 3940 1000.0 5970482.421 2035.172 8.5251 0 0 0 0.0041958 -250.5092204 80.7054798 0.1700188 0.0964691 
3950000 3950 1000.0 5992083.276 2058.586 8.5215 0 0 0 0.0039125 -251.2708548 38.5243172 0.170208 0.0955414 
3960000 3960 1000.0 6013597.867 2075.247 8.5238 0 0 0 0.0041849 -251.7107851 44.7614861 0.1716599 0.0972807 
3970000 3970 1000.0 6035172.56 2090.208 8.5275 0 0 0 0.0038066 -252.2815876 39.2571819 0.1697428 0.0952077 
3980000 3980 1000.0 6056796.029 2103.212 8.5373 0 0 0 0.0038396 -252.4823705 75.9809608 0.1730423 0.0995096 
3990000 3990 1000.0 6077916.543 2104.869 8.5378 0 0 0 0.0043392 -253.2146918 89.1017273 0.1729892 0.0992059 
4000000 4000 1000.0 6098700.882 2099.91 8.5364 0 0 0 0.0040942 -253.1172504 91.7495493 0.1727547 0.098927 
4010000 4010 1000.0 6120128.385 2107.677 8.5336 0 0 0 0.0038225 -253.7139243 69.2738966 0.1689849 0.0940602 
4020000 4020 1000.0 6140374.567 2091.393 8.5373 0 0 0 0.0038898 -254.3865434 50.5359778 0.1728992 0.0985462 
4030000 4030 1000.0 6161200.512 2089.708 8.5431 0 0 0 0.0041233 -254.564467 97.6357396 0.1727562 0.0987336 
4040000 4040 1000.0 6182158.862 2090.562 8.5451 0 0 0 0.0041431 -254.620064 78.7869549 0.1734254 0.0984685 
4050000 4050 1000.0 6203702.499 2102.307 8.5365 0 0 0 0.004075 -255.380915 54.9804977 0.1738993 0.0980218 
4060000 4060 1000.0 6224498.792 2098.32 8.5355 0 0 0 0.003373 -255.5921344 71.7086421 0.1729566 0.0970211 
4070000 4070 1000.0 6245230.194 2093.492 8.5355 0 0 0 0.0036773 -255.3795795 71.9821217 0.1747172 0.0998971 
4080000 4080 1000.0 6266179.023 2093.725 8.5344 0 0 0 0.0038644 -255.5760348 57.9109594 0.1736543 0.0973519 
4090000 4090 1000.0 6287222.987 2095.643 8.5355 0 0 0 0.0035539 -256.1028847 89.7131181 0.1730396 0.0977867 
4100000 4100 1000.0 6308000.101 2092.557 8.5314 0 0 0 0.0034627 -256.5363219 53.2377235 0.1730006 0.0971836 
4110000 4110 1000.0 6329124.905 2095.671 8.5308 0 0 0 0.003876 -257.0209974 79.6816748 0.1724914 0.0961586 
4120000 4120 1000.0 6348718.114 2071.032 8.5398 0 0 0 0.0034341 -256.9827882 41.4111425 0.1725898 0.0969883 
4130000 4130 1000.0 6368108.893 2047.484 8.5354 0 0 0 0.0036037 -256.9631249 50.6238406 0.1731973 0.0967435 
4140000 4140 1000.0 6388554.745 2046.741 8.5437 0 0 0 0.0036208 -256.6245911 50.1878073 0.175448 0.0994099 
4150000 4150 1000.0 6408699.115 2041.244 8.5436 0 0 0 0.0035651 -256.8704026 46.7452421 0.1720632 0.095847 
4160000 4160 1000.0 6428917.502 2037.786 8.5417 0 0 0 0.0040499 -256.5044441 69.9298663 0.1744573 0.0986626 
4170000 4170 1000.0 6449630.155 2043.63 8.5446 0 0 0 0.0037452 -256.6712899 64.4476008 0.1741267 0.0973176 
4180000 4180 1000.0 6469511.598 2032.809 8.5428 0 0 0 0.0043333 -256.0767832 152.6599573 0.1751773 0.0999239 
4190000 4190 1000.0 6489793.363 2032.302 8.5434 0 0 0 0.0040051 -255.9193258 139.9995702 0.1757685 0.1011271 
4200000 4200 1000.0 6510136.33 2032.939 8.5461 0 0 0 0.0039258 -255.9675156 76.9309512 0.1780452 0.1024329 
4210000 4210 1000.0 6530677.364 2037.099 8.5394 0 0 0 0.0038066 -256.2638427 27.8732806 0.1755102 0.0999628 
4220000 4220 1000.0 6551338.843 2042.022 8.5401 0 0 0 0.0035954 -256.2709649 60.3476195 0.1748834 0.0987767 
4230000 4230 1000.0 6572194.581 2050.674 8.5412 0 0 0 0.0038261 -256.0925519 79.4207011 0.1738853 0.0982553 
4240000 4240 1000.0 6593227.087 2060.512 8.5441 0 0 0 0.0039536 -256.1305846 111.4924018 0.176025 0.1011054 
4250000 4250 1000.0 6614423.007 2070.922 8.5384 0 0 0 0.003758 -256.1860191 52.9031468 0.174862 0.0991708 
4260000 4260 1000.0 6635451.638 2076.514 8.5352 0 0 0 0.0041594 -256.4557286 73.1714247 0.1772482 0.1025651 
4270000 4270 1000.0 6656659.096 2084.767 8.536 0 0 0 0.0038606 -256.708232 48.5420779 0.1781841 0.1028409 
4280000 4280 1000.0 6677818.707 2090.576 8.5313 0 0 0 0.0038044 -257.0558901 26.0716306 0.1763884 0.1010223 
4290000 4290 1000.0 6698716.149 2090.322 8.5274 0 0 0 0.0041495 -257.0160485 93.3002791 0.1757151 0.1015204 
4300000 4300 1000.0 6719893.251 2095.144 8.5322 0 0 0 0.0044612 -256.7552106 122.0533578 0.1796743 0.1049208 
4310000 4310 1000.0 6740597.764 2090.374 8.5349 0 0 0 0.0038452 -257.1165102 62.2894981 0.1760271 0.0997041 
4320000 4320 1000.0 6761343.738 2087.652 8.5269 0 0 0 0.0041934 -257.7085274 48.6618644 0.1802094 0.1060584 
4330000 4330 1000.0 6781665.144 2077.579 8.5201 0 0 0 0.0036939 -257.5080867 65.4024257 0.179149 0.1032426 
4340000 4340 1000.0 6802389.414 2076.908 8.5226 0 0 0 0.0037724 -257.7098938 59.0311365 0.1767638 0.101506 
4350000 4350 1000.0 6822829.198 2070.954 8.5197 0 0 0 0.0039388 -258.1789233 56.4338833 0.1769472 0.1016651 
4360000 4360 1000.0 6843249.175 2065.88 8.5163 0 0 0 0.0041183 -257.6628498 114.5190491 0.1784843 0.1028886 
4370000 4370 1000.0 6863386.634 2056.689 8.515 0 0 0 0.0040847 -258.2019495 75.5444543 0.1781594 0.1027805 
4380000 4380 1000.0 6883427.648 2046.454 8.5124 0 0 0 0.0039017 -258.2771556 60.4114272 0.1764539 0.1007316 
4390000 4390 1000.0 6902469.136 2020.595 8.5088 0 0 0 0.0045261 -258.3837346 127.0964058 0.1771347 0.1009253 
4400000 4400 1000.0 6921596.549 2000.485 8.513 0 0 0 0.0038795 -258.5288061 69.8932834 0.1787633 0.1033839 
4410000 4410 1000.0 6940479.357 1979.947 8.5148 0 0 0 0.0040376 -258.7548894 60.5313292 0.1780859 0.1014294 
4420000 4420 1000.0 6960270.833 1980.175 8.5131 0 0 0 0.0037793 -258.5773274 47.8068492 0.1789497 0.1029096 
4430000 4430 1000.0 6981110.851 1999.227 8.5059 0 0 0 0.0042444 -258.4301508 91.8304817 0.177034 0.1019971 
4440000 4440 1000.0 7001907.924 2013.778 8.5027 0 0 0 0.0039956 -258.619335 59.7812011 0.1793835 0.1048558 
4450000 4450 1000.0 7022849.011 2028.538 8.5047 0 0 0 0.0039901 -258.9710277 49.2087582 0.1799029 0.1041587 
4460000 4460 1000.0 7043670.981 2038.777 8.5114 0 0 0 0.0038557 -258.9011915 65.1284543 0.176396 0.1010442 
4470000 4470 1000.0 7063614.763 2030.834 8.5122 0 0 0 0.003759 -258.8092083 58.9751619 0.1777039 0.1037623 
4480000 4480 1000.0 7084241.429 2036.468 8.5144 0 0 0 0.0039717 -258.8021133 46.0593297 0.1798466 0.1061351 
4490000 4490 1000.0 7104408.756 2032.982 8.5145 0 0 0 0.0036843 -259.1351259 37.2417978 0.1778834 0.1030772 
4500000 4500 1000.0 7125173.639 2040.775 8.5186 0 0 0 0.0040049 -258.753889 62.4045381 0.179663 0.1058119 
4510000 4510 1000.0 7145694.532 2043.632 8.5103 0 0 0 0.0042347 -258.8530717 76.5800173 0.1801833 0.1079831 
4520000 4520 1000.0 7166159.322 2044.064 8.5117 0 0 0 0.00412 -258.8445332 84.7546544 0.1787354 0.1064217 
4530000 4530 1000.0 7186563.203 2042.959 8.5164 0 0 0 0.0039423 -259.2303009 38.4791403 0.1752951 0.1037389 
4540000 4540 1000.0 7206959.159 2042.22 8.5078 0 0 0 0.0036786 -259.0529861 47.971827 0.1745612 0.1015443 
4550000 4550 1000.0 7227348.602 2041.53 8.5061 0 0 0 0.0039786 -258.9592544 41.3961547 0.1758105 0.1041175 
4560000 4560 1000.0 7248008.078 2046.306 8.5049 0 0 0 0.0040385 -258.5916044 79.2945152 0.1778904 0.1050081 
4570000 4570 1000.0 7268771.882 2051.798 8.5012 0 0 0 0.0037127 -258.6013509 78.0601343 0.1741441 0.1018743 
4580000 4580 1000.0 7289259.903 2050.976 8.5069 0 0 0 0.004232 -258.19166 64.4364036 0.1754006 0.1027432 
4590000 4590 1000.0 7309409.126 2044.405 8.5015 0 0 0 0.0037828 -258.6071865 45.5666308 0.1745429 0.1025903 
4600000 4600 1000.0 7329904.828 2045.458 8.5025 0 0 0 0.0040177 -258.5449792 70.5845724 0.1752964 0.1036683 
4610000 4610 1000.0 7350428.01 2046.148 8.5021 0 0 0 0.0042427 -258.6007064 117.6601201 0.1728113 0.1022276 
4620000 4620 1000.0 7370670.659 2042.19 8.5029 0 0 0 0.0037198 -258.6633355 73.5957514 0.1743318 0.1049871 
4630000 4630 1000.0 7391227.558 2044.86 8.5086 0 0 0 0.0037293 -258.6270508 48.616251 0.1735873 0.1045268 
4640000 4640 1000.0 7412050.889 2052.261 8.5121 0 0 0 0.00408 -258.2128287 80.1687721 0.1741863 0.1054044 
4650000 4650 1000.0 7433184.724 2062.885 8.5026 0 0 0 0.0035439 -258.8762972 30.6640394 0.1746012 0.106404 
4660000 4660 1000.0 7453247.82 2052.242 8.5159 0 0 0 0.0039 -257.9880713 77.6670767 0.1686097 0.0989856 
4670000 4670 1000.0 7473276.285 2043.578 8.5122 0 0 0 0.0040755 -258.1839879 78.4274859 0.1669306 0.0973807 
4680000 4680 1000.0 7493815.31 2045.314 8.5128 0 0 0 0.0037756 -258.2434182 59.2513057 0.1685258 0.0990208 
4690000 4690 1000.0 7514586.314 2051.047 8.5112 0 0 0 0.0037506 -258.0060235 80.4356702 0.1711058 0.1013423 
4700000 4700 1000.0 7534383.311 2037.952 8.5174 0 0 0 0.0039462 -257.9346868 110.3143211 0.1727896 0.1036135 
4710000 4710 1000.0 7554430.167 2031.497 8.5148 0 0 0 0.0038518 -258.1456934 70.4294949 0.1721343 0.1032867 
4720000 4720 1000.0 7574923.144 2034.866 8.5194 0 0 0 0.0036839 -258.467608 74.9814218 0.1716063 0.100626 
4730000 4730 1000.0 7595279.341 2034.953 8.5204 0 0 0 0.0039539 -258.2555108 67.6424944 0.1702738 0.0993543 
4740000 4740 1000.0 7616123.869 2043.949 8.5236 0 0 0 0.0036495 -258.0973698 60.1938732 0.1693455 0.0992127 
4750000 4750 1000.0 7637012.973 2051.592 8.5256 0 0 0 0.0039372 -257.9546692 79.6604547 0.1717222 0.1010695 
4760000 4760 1000.0 7657239.949 2046.69 8.5257 0 0 0 0.0040404 -257.7496218 81.527424 0.1725852 0.1019437 
4770000 4770 1000.0 7677738.582 2047.066 8.5263 0 0 0 0.0035338 -257.9012849 44.7450709 0.1709243 0.1010703 
4780000 4780 1000.0 7698060.304 2044.751 8.5227 0 0 0 0.0037565 -258.0202636 50.3771396 0.1713443 0.1007691 
4790000 4790 1000.0 7718477.929 2043.952 8.52 0 0 0 0.0036613 -257.8319299 60.4617543 0.1708948 0.101849 
4800000 4800 1000.0 7738556.555 2037.08 8.5241 0 0 0 0.0039112 -258.0341805 58.5053263 0.1701309 0.0997247 
4810000 4810 1000.0 7758758.028 2034.134 8.5231 0 0 0 0.0036664 -257.8073269 57.6838368 0.1713772 0.0997083 
4820000 4820 1000.0 7779657.887 2044.629 8.5177 0 0 0 0.0036449 -257.6881324 46.7253863 0.1703381 0.099437 
4830000 4830 1000.0 7801447.135 2068.865 8.5146 0 0 0 0.0033764 -257.9822423 17.0077211 0.1683041 0.0969815 
4840000 4840 1000.0 7823126.148 2086.683 8.5127 0 0 0 0.0037955 -257.9402573 43.9200929 0.1710741 0.1012533 
4850000 4850 1000.0 7843603.835 2079.396 8.5098 0 0 0 0.0033744 -257.9430199 30.7274216 0.1705358 0.1008183 
4860000 4860 1000.0 7864178.586 2075.399 8.5178 0 0 0 0.0032134 -258.0531108 17.8823081 0.1693542 0.0988263 
4870000 4870 1000.0 7885431.173 2084.521 8.52 0 0 0 0.004164 -257.7839659 130.9186897 0.1746976 0.1063787 
4880000 4880 1000.0 7906594.367 2090.751 8.522 0 0 0 0.0039638 -257.6523222 95.8251096 0.1770353 0.1077305 
4890000 4890 1000.0 7927945.284 2099.041 8.5247 0 0 0 0.0040063 -257.8581594 108.8794439 0.1704611 0.1008694 
4900000 4900 1000.0 7949357.159 2106.778 8.5241 0 0 0 0.0037624 -258.011629 51.88703 0.1718666 0.1018875 
4910000 4910 1000.0 7970674.271 2111.276 8.5255 0 0 0 0.0038753 -257.9634344 92.6813577 0.1708192 0.1008593 
4920000 4920 1000.0 7991880.588 2112.777 8.5254 0 0 0 0.0039575 -257.8462123 93.8659629 0.1707116 0.1006199 
4930000 4930 1000.0 8013271.837 2117.219 8.5245 0 0 0 0.0034995 -258.3833146 49.8346181 0.1699783 0.1002619 
4940000 4940 1000.0 8034334.405 2115.426 8.5211 0 0 0 0.0032071 -258.5160404 24.0010103 0.1684409 0.0976806 
4950000 4950 1000.0 8054927.548 2105.224 8.527 0 0 0 0.0036681 -257.8853681 120.8641034 0.1679803 0.1002187 
4960000 4960 1000.0 8074605.412 2079.944 8.5229 0 0 0 0.0038128 -258.0365152 93.6784 0.1671471 0.09774 
4970000 4970 1000.0 8095383.974 2079.459 8.5308 0 0 0 0.0035903 -257.8639465 73.4761502 0.1663928 0.0967404 
4980000 4980 1000.0 8116095.646 2078.515 8.5247 0 0 0 0.0037611 -257.7805922 35.5599547 0.1655534 0.0952689 
4990000 4990 1000.0 8137265.118 2085.234 8.5227 0 0 0 0.0034695 -257.9704933 93.6392894 0.1652086 0.0953847 
5000000 5000 1000.0 8157797.434 2078.882 8.5323 0 0 0 0.0038276 -257.888799 66.8683183 0.1664957 0.0956644 
5010000 5010 1000.0 8178480.164 2077.131 8.5327 0 0 0 0.0035868 -257.6563782 85.5097605 0.1664622 0.0960246 
5020000 5020 1000.0 8199040.232 2073.636 8.5243 0 0 0 0.0032557 -257.8889387 44.9918965 0.1694462 0.0999112 
5030000 5030 1000.0 8219222.203 2063.013 8.5236 0 0 0 0.0032246 -257.7687089 34.7414437 0.1664432 0.0956767 
5040000 5040 1000.0 8239974.467 2065.051 8.5194 0 0 0 0.00358 -257.563623 65.2534875 0.1657262 0.0951292 
5050000 5050 1000.0 8260240.12 2057.652 8.5206 0 0 0 0.0033766 -257.7367888 64.9742942 0.164086 0.0929469 
5060000 5060 1000.0 8281701.578 2074.183 8.5174 0 0 0 0.0035355 -257.7138936 75.8940425 0.1676849 0.0957708 
5070000 5070 1000.0 8303434.492 2092.471 8.5161 0 0 0 0.0034496 -258.3037485 52.208098 0.1675749 0.0967592 
5080000 5080 1000.0 8324795.903 2100.426 8.5179 0 0 0 0.0033444 -258.0306902 80.0084324 0.1687694 0.0980489 
5090000 5090 1000.0 8346744.803 2117.649 8.5193 0 0 0 0.003315 -258.3512903 56.622108 0.1685762 0.09713 
5100000 5100 1000.0 8368342.587 2125.235 8.5262 0 0 0 0.0035399 -258.9830291 46.9139988 0.1665381 0.0949394 
5110000 5110 1000.0 8390125.192 2134.526 8.5271 0 0 0 0.0033021 -258.8489576 99.8269058 0.1694013 0.0991672 
5120000 5120 1000.0 8411924.905 2143.391 8.5325 0 0 0 0.0037475 -259.1026882 88.2645281 0.1678864 0.0961461 
5130000 5130 1000.0 8433439.671 2144.748 8.5318 0 0 0 0.0034552 -259.1906955 82.5705226 0.1708557 0.0998932 
5140000 5140 1000.0 8455005.908 2146.722 8.5319 0 0 0 0.0035067 -259.1173716 107.1873824 0.1733454 0.1025003 
5150000 5150 1000.0 8476328.864 2144.468 8.5362 0 0 0 0.003419 -259.5840333 69.7025521 0.1737656 0.1031219 
5160000 5160 1000.0 8498010.537 2149.106 8.5305 0 0 0 0.0035397 -260.0161504 68.0220767 0.1716915 0.1000915 
5170000 5170 1000.0 8519657.753 2151.955 8.533 0 0 0 0.0037105 -260.0413666 97.2976682 0.177724 0.1074345 
5180000 5180 1000.0 8541590.178 2159.556 8.5316 0 0 0 0.0037632 -260.6859661 51.2270633 0.1761577 0.1043598 
5190000 5190 1000.0 8563722.844 2169.554 8.5298 0 0 0 0.0034861 -260.8630301 71.4732695 0.1756314 0.1048416 
5200000 5200 1000.0 8585450.815 2170.165 8.5286 0 0 0 0.0032994 -261.2831763 77.4998654 0.1771414 0.1073142 
5210000 5210 1000.0 8607177.176 2170.647 8.5297 0 0 0 0.0035856 -261.4304142 26.3990706 0.1750077 0.1015723 
5220000 5220 1000.0 8628904.749 2171.356 8.5286 0 0 0 0.0034634 -261.7613256 87.6684041 0.1735707 0.1012794 
5230000 5230 1000.0 8650122.337 2161.803 8.5236 0 0 0 0.0036699 -262.0754038 70.6154049 0.1731629 0.1012502 
5240000 5240 1000.0 8669917.646 2128.863 8.5274 0 0 0 0.0033957 -262.2666652 62.8219537 0.1760353 0.1049266 
5250000 5250 1000.0 8690002.024 2107.59 8.5248 0 0 0 0.003757 -262.3043014 41.9033469 0.1785558 0.1082142 
5260000 5260 1000.0 8711851.217 2121.593 8.5258 0 0 0 0.0036623 -262.296596 111.9763876 0.1768903 0.1058633 
5270000 5270 1000.0 8733550.039 2130.873 8.5156 0 0 0 0.0037736 -262.635871 92.8637182 0.1776569 0.1071952 
5280000 5280 1000.0 8755613.1 2144.666 8.4822 0 0 0 0.0036118 -262.7448656 100.8334654 0.1767051 0.1065248 
5290000 5290 1000.0 8777299.95 2149.632 8.4508 0 0 0 0.0037664 -262.9313594 51.8684692 0.1765743 0.1053471 
5300000 5300 1000.0 8798914.992 2151.125 8.425 0 0 0 0.0033475 -263.2762921 40.160429 0.1755979 0.1050803 
5310000 5310 1000.0 8818181.385 2109.517 8.4362 0 0 0 0.0035936 -262.6628236 63.5292035 0.1757662 0.1059335 
5320000 5320 1000.0 8838488.971 2094.967 8.4561 0 0 0 0.0034452 -262.7626196 45.2475014 0.1766218 0.1076587 
5330000 5330 1000.0 8859394.833 2094.236 8.4651 0 0 0 0.0031868 -262.8178761 29.6088389 0.1746228 0.1048489 
5340000 5340 1000.0 8881137.608 2108.592 8.4738 0 0 0 0.0035715 -262.5730601 82.3741657 0.175735 0.1061433 
5350000 5350 1000.0 8903045.928 2123.831 8.4859 0 0 0 0.003433 -262.7862126 50.2236189 0.1746867 0.1044595 
5360000 5360 1000.0 8924952.068 2135.971 8.4979 0 0 0 0.0033164 -263.0239733 44.4780265 0.1742397 0.1044543 
5370000 5370 1000.0 8946090.94 2131.663 8.5135 0 0 0 0.0033962 -263.1601886 53.7304372 0.1731939 0.1035117 
5380000 5380 1000.0 8967070.076 2125.104 8.5241 0 0 0 0.0034559 -263.3164029 99.2135987 0.1699103 0.1006518 
5390000 5390 1000.0 8988018.704 2119.598 8.5385 0 0 0 0.003441 -263.0599634 47.4116974 0.1746963 0.1066597 
5400000 5400 1000.0 9009606.371 2127.148 8.5451 0 0 0 0.0037137 -262.4743529 109.4846566 0.1732585 0.1052436 
5410000 5410 1000.0 9031117.978 2131.391 8.5569 0 0 0 0.0032416 -262.938932 59.6430161 0.1724964 0.104088 
5420000 5420 1000.0 9052653.425 2134.932 8.5686 0 0 0 0.0033149 -263.2155852 27.921937 0.173121 0.1043703 
5430000 5430 1000.0 9074629.676 2146.381 8.5777 0 0 0 0.0034927 -263.2359313 54.1191871 0.1699849 0.1016432 
5440000 5440 1000.0 9096242.384 2148.995 8.5677 0 0 0 0.0035417 -263.2565501 89.6410398 0.1702463 0.101214 
5450000 5450 1000.0 9117889.361 2151.889 8.5638 0 0 0 0.0032997 -263.3929108 52.2692127 0.169711 0.0997774 
5460000 5460 1000.0 9138877.831 2142.237 8.5647 0 0 0 0.0037222 -263.3873516 84.4987424 0.1702991 0.1012132 
5470000 5470 1000.0 9160814.428 2151.865 8.5658 0 0 0 0.0034144 -263.0843881 90.9192515 0.1695397 0.1005745 
5480000 5480 1000.0 9182538.422 2155.578 8.5553 0 0 0 0.0032892 -263.467358 25.3113887 0.1688926 0.0996249 
5490000 5490 1000.0 9204318.224 2159.811 8.5471 0 0 0 0.0035096 -263.3279266 74.6751044 0.1698604 0.1016644 
5500000 5500 1000.0 9225656.358 2155.1 8.5455 0 0 0 0.0034853 -263.4147989 44.5721343 0.1712404 0.1015702 
5510000 5510 1000.0 9246352.12 2138.89 8.5503 0 0 0 0.0034486 -263.8296314 67.1151281 0.1678658 0.0966938 
5520000 5520 1000.0 9267054.823 2126.326 8.5554 0 0 0 0.0037422 -263.4995491 143.7498312 0.175259 0.1062918 
5530000 5530 1000.0 9288499.067 2129.673 8.5536 0 0 0 0.0031705 -263.8962487 42.9039099 0.1711254 0.1017668 
5540000 5540 1000.0 9309619.686 2126.8 8.5496 0 0 0 0.0032928 -264.2909772 72.4996384 0.1702726 0.1004882 
5550000 5550 1000.0 9330867.323 2126.391 8.5502 0 0 0 0.0035621 -264.0768444 74.8967603 0.1714047 0.1022596 
5560000 5560 1000.0 9352335.455 2129.866 8.5537 0 0 0 0.0039444 -264.1405559 50.1308049 0.1705877 0.0994606 
5570000 5570 1000.0 9374146.81 2139.222 8.5496 0 0 0 0.0036741 -264.2912276 71.1701188 0.1714274 0.1014512 
5580000 5580 1000.0 9395428.696 2137.367 8.5487 0 0 0 0.0035379 -264.4295595 75.1215401 0.1734488 0.1026448 
5590000 5590 1000.0 9416673.134 2134.738 8.5428 0 0 0 0.0036617 -264.0649009 83.9804989 0.1716305 0.0995559 
5600000 5600 1000.0 9437871.633 2132.297 8.5409 0 0 0 0.0038129 -264.2154743 83.8042204 0.1755722 0.1044625 
5610000 5610 1000.0 9459714.307 2140.844 8.5408 0 0 0 0.0038668 -264.4470673 92.7747917 0.17141 0.10031 
5620000 5620 1000.0 9480929.87 2136.891 8.4894 0 0 0 0.003811 -264.1594358 124.4359944 0.1706131 0.1013435 
5630000 5630 1000.0 9501744.442 2126.246 8.4961 0 0 0 0.0041609 -264.1217 106.5343803 0.1746119 0.1051206 
5640000 5640 1000.0 9522542.899 2117.565 8.5018 0 0 0 0.0033292 -264.2354206 53.4079202 0.1747898 0.1059496 
5650000 5650 1000.0 9543175.089 2107.863 8.5137 0 0 0 0.0039562 -263.5365822 100.9309263 0.1750883 0.1048105 
5660000 5660 1000.0 9563951.893 2102.047 8.5167 0 0 0 0.0038286 -263.9358706 107.233016 0.1732017 0.1032655 
5670000 5670 1000.0 9584133.698 2087.566 8.5345 0 0 0 0.0038818 -263.9223734 93.104797 0.1777665 0.1083774 
5680000 5680 1000.0 9605072.377 2088.421 8.5332 0 0 0 0.0037653 -263.928365 34.4153013 0.1763075 0.1058897 
5690000 5690 1000.0 9625487.605 2080.307 8.5286 0 0 0 0.0038836 -263.5825069 74.3396321 0.1796817 0.1126392 
5700000 5700 1000.0 9646500.527 2084.597 8.5247 0 0 0 0.0038785 -263.6644347 58.251878 0.1759751 0.10653 
5710000 5710 1000.0 9668103.157 2098.443 8.5337 0 0 0 0.0038137 -263.4547274 51.3755099 0.1811953 0.1135184 
5720000 5720 1000.0 9689830.872 2111.822 8.5383 0 0 0 0.0036601 -263.6820509 63.8973724 0.1827194 0.1154967 
5730000 5730 1000.0 9710955.363 2111.942 8.5333 0 0 0 0.0035326 -263.6674849 45.9194295 0.1848953 0.1185758 
5740000 5740 1000.0 9732473.366 2119.035 8.5408 0 0 0 0.0039104 -263.5715764 77.1166239 0.1843731 0.1183733 
5750000 5750 1000.0 9753544.56 2116.481 8.5474 0 0 0 0.0035827 -263.6851548 51.5595394 0.1842648 0.1172514 
5760000 5760 1000.0 9774846.329 2118.816 8.5569 0 0 0 0.0037753 -264.0932064 67.2164403 0.1856854 0.1216841 
5770000 5770 1000.0 9795975.983 2117.767 8.5543 0 0 0 0.0037521 -263.8547447 40.4002248 0.185353 0.1203418 
5780000 5780 1000.0 9816848.146 2112.195 8.5563 0 0 0 0.0038974 -263.9578909 84.200478 0.1828338 0.1154495 
5790000 5790 1000.0 9837152.556 2097.402 8.5569 0 0 0 0.0038411 -263.9273291 61.8492724 0.1836896 0.1177258 
5800000 5800 1000.0 9858065.392 2096.378 8.5647 0 0 0 0.0039623 -264.0260133 29.1041386 0.1845413 0.1175388 
5810000 5810 1000.0 9879703.448 2108.382 8.5576 0 0 0 0.0043217 -263.972405 109.8845672 0.1874734 0.122981 
5820000 5820 1000.0 9900032.67 2094.908 8.5561 0 0 0 0.0034847 -264.0897717 57.174411 0.1877895 0.1234843 
5830000 5830 1000.0 9920275.379 2082.146 8.5542 0 0 0 0.0043265 -263.8513002 142.5483634 0.1911 0.1282384 
5840000 5840 1000.0 9940573.424 2072.453 8.5598 0 0 0 0.0041145 -263.8550296 69.5247293 0.1908188 0.127773 
5850000 5850 1000.0 9960549.704 2059.105 8.5537 0 0 0 0.0040353 -263.9688618 66.5040999 0.1919686 0.1290878 
5860000 5860 1000.0 9981346.455 2062.845 8.5531 0 0 0 0.0040954 -264.0763815 59.0789019 0.1866717 0.1210457 
5870000 5870 1000.0 10001694.206 2057.227 8.5495 0 0 0 0.0037968 -263.6795798 35.5344662 0.1897245 0.1241355 
5880000 5880 1000.0 10020735.473 2029.031 8.5496 0 0 0 0.0040327 -263.6023435 67.3765462 0.1856057 0.1187512 
5890000 5890 1000.0 10039958.535 2010.106 8.5557 0 0 0 0.0039274 -263.6158126 36.6687086 0.1857224 0.1175383 
5900000 5900 1000.0 10059922.456 2007.851 8.5455 0 0 0 0.0039105 -263.3196297 41.9955694 0.1888389 0.1213393 
5910000 5910 1000.0 10080507.688 2017.253 8.5372 0 0 0 0.0042337 -263.0040973 71.4180931 0.1882506 0.1218785 
5920000 5920 1000.0 10101368.721 2029.422 8.5382 0 0 0 0.0039224 -263.2044818 61.5771918 0.1861147 0.1174846 
5930000 5930 1000.0 10121047.403 2018.002 8.5397 0 0 0 0.0040897 -262.9175334 45.6107333 0.1878437 0.1210277 
5940000 5940 1000.0 10140465.797 2004.35 8.5376 0 0 0 0.0041078 -262.3572467 42.9454306 0.1842286 0.1155199 
5950000 5950 1000.0 10160736.687 2008.328 8.5352 0 0 0 0.0040312 -262.1517202 60.7438802 0.1857165 0.1181238 
5960000 5960 1000.0 10181673.564 2023.875 8.5328 0 0 0 0.0042861 -261.4368243 125.1777493 0.1840834 0.1150247 
5970000 5970 1000.0 10201691.158 2020.107 8.5289 0 0 0 0.0038332 -261.41722 62.4267073 0.1834984 0.1157001 
5980000 5980 1000.0 10222620.395 2033.534 8.5328 0 0 0 0.0038572 -261.5382139 36.9510096 0.1829621 0.1161557 
5990000 5990 1000.0 10243075.716 2035.228 8.5356 0 0 0 0.0037091 -261.5482815 56.3973532 0.1825643 0.1153457 
6000000 6000 1000.0 10263627.859 2038.756 8.5368 0 0 0 0.0039481 -261.3535526 68.3069785 0.1773792 0.1078758 
