10000 10 182.927 -13849.034 -253.386 0.2899 0 0 0 
20000 20 332.392 -27672.659 -459.961 0.5249 0 0 0 
30000 30 454.516 -41124.157 -622.036 1.1747 0 0 0 
40000 40 554.3 -55051.028 -763.394 1.7108 0 0 0 
50000 50 635.83 -68759.922 -873.773 2.0935 0 0 0 
60000 60 702.447 -81817.093 -952.464 2.45 0 0 0 
70000 70 756.877 -95563.762 -1029.738 2.7209 0 0 0 
80000 80 801.351 -104731.666 -1008.05 2.9873 0 0 0 
90000 90 837.689 -112479.236 -964.719 3.1261 0 0 0 
100000 100 867.38 -114142.282 -817.588 3.2563 0 0 0 
110000 110 891.64 -117051.648 -720.089 3.3481 0 0 0 
120000 120 911.462 -130035.538 -824.604 3.4517 0 0 0 
130000 130 927.658 -141308.731 -882.405 3.5513 0 0 0 
140000 140 940.891 -152572.585 -926.162 3.6322 0 0 0 
150000 150 951.704 -160748.807 -906.416 3.6699 0 0 0 
160000 160 960.539 -166288.956 -841.623 3.7007 0 0 0 
170000 170 967.757 -165465.169 -670.791 3.7641 0 0 0 
180000 180 973.655 -166397.728 -569.897 3.8244 0 0 0 
190000 190 978.474 -166363.669 -462.997 3.8491 0 0 0 
200000 200 982.412 -164930.027 -353.226 3.8977 0 0 0 
210000 210 985.629 -166380.661 -313.043 3.9062 0 0 0 
220000 220 988.258 -172701.044 -374.032 3.9035 0 0 0 
230000 230 990.406 -175242.45 -349.081 3.9086 0 0 0 
240000 240 992.161 -175339.691 -284.862 3.9554 0 0 0 
250000 250 993.595 -174288.884 -211.355 3.9431 0 0 0 
260000 260 994.767 -172794.645 -145.433 3.9892 0 0 0 
270000 270 995.724 -170277.451 -72.543 4.0088 0 0 0 
280000 280 996.506 -169838.749 -52.984 4.0343 0 0 0 
290000 290 997.145 -165024.963 44.589 4.004 0 0 0 
300000 300 997.667 -160245.582 123.963 4.0079 0 0 0 
310000 310 998.094 -154934.356 198.525 3.9964 0 0 0 
320000 320 998.443 -149364.04 264.04 4.017 0 0 0 
330000 330 998.728 -144474.235 304.244 4.0334 0 0 0 
340000 340 998.96 -140478.494 322.415 4.0237 0 0 0 
350000 350 999.151 -136208.422 340.884 3.9945 0 0 0 
360000 360 999.306 -131659.745 361.005 3.9848 0 0 0 
370000 370 999.433 -127352.453 373.63 3.9718 0 0 0 
380000 380 999.537 -122768.131 389.275 3.9725 0 0 0 
390000 390 999.621 -118602.948 393.78 3.9736 0 0 0 
400000 400 999.691 -114219.163 402.066 3.986 0 0 0 
410000 410 999.747 -109964.007 406.362 4.0011 0 0 0 
420000 420 999.793 -106233.616 400.229 4.0152 0 0 0 
430000 430 999.831 -102432.102 397.956 4.0509 0 0 0 
440000 440 999.862 -97420.403 417.541 4.0464 0 0 0 
450000 450 999.887 -92141.269 437.543 4.0518 0 0 0 
460000 460 999.908 -86246.032 465.302 4.0527 0 0 0 
470000 470 999.925 -80643.576 482.646 4.0687 0 0 0 
480000 480 999.939 -76220.948 474.686 4.0687 0 0 0 
490000 490 999.95 -70651.806 489.19 4.067 0 0 0 
500000 500 999.959 -64748.533 507.965 4.0694 0 0 0 
510000 510 999.966 -58988.069 520.484 4.066 0 0 0 
520000 520 999.973 -53252.266 529.999 4.0696 0 0 0 
530000 530 999.978 -49315.186 504.823 4.0505 0 0 0 
540000 540 999.982 -44581.951 499.47 4.0431 0 0 0 
550000 550 999.985 -39974.591 491.314 4.0236 0 0 0 
560000 560 999.988 -37305.215 447.46 4.0122 0 0 0 
570000 570 999.99 -35281.93 405.111 4.0291 0 0 0 
580000 580 999.992 -32717.429 378.832 4.0324 0 0 0 
590000 590 999.993 -29614.369 369.369 4.0147 0 0 0 
600000 600 999.995 -24380.08 398.236 4.0202 0 0 0 
610000 610 999.996 -19960.29 405.19 4.0415 0 0 0 
620000 620 999.996 -14285.035 434.771 4.0461 0 0 0 
630000 630 999.997 -8399.312 462.831 4.0462 0 0 0 
640000 640 999.998 -3541.868 466.82 4.0539 0 0 0 
650000 650 999.998 2378.902 489.799 4.0503 0 0 0 
660000 660 999.998 8165.416 506.053 4.05 0 0 0 
670000 670 999.999 13965.37 520.168 4.0586 0 0 0 
680000 680 999.999 19931.994 533.965 4.0483 0 0 0 
690000 690 999.999 26000.199 547.364 4.0542 0 0 0 
700000 700 999.999 31609.662 549.923 4.0639 0 0 0 
710000 710 999.999 37373.991 554.668 4.0625 0 0 0 
720000 720 1000.0 41878.166 535.447 4.0573 0 0 0 
730000 730 1000.0 47506.303 539.838 4.0649 0 0 0 
740000 740 1000.0 51779.715 519.328 4.0612 0 0 0 
750000 750 1000.0 56330.936 507.207 4.0667 0 0 0 
760000 760 1000.0 61146.988 502.941 4.0705 0 0 0 
770000 770 1000.0 66469.221 507.866 4.0651 0 0 0 
780000 780 1000.0 69841.362 479.579 4.0661 0 0 0 
790000 790 1000.0 74077.342 470.664 4.0803 0 0 0 
800000 800 1000.0 78430.167 462.384 4.0878 0 0 0 
810000 810 1000.0 81993.178 445.599 4.1021 0 0 0 
820000 820 1000.0 87729.804 469.094 4.1061 0 0 0 
830000 830 1000.0 92899.683 477.836 4.1225 0 0 0 
840000 840 1000.0 98031.302 484.424 4.1226 0 0 0 
850000 850 1000.0 104625.978 516.514 4.123 0 0 0 
860000 860 1000.0 111000.4 537.85 4.147 0 0 0 
870000 870 1000.0 115924.181 528.654 4.1527 0 0 0 
880000 880 1000.0 120766.596 519.538 4.1449 0 0 0 
890000 890 1000.0 124140.071 487.752 4.1706 0 0 0 
900000 900 1000.0 131556.835 534.618 4.1756 0 0 0 
910000 910 1000.0 137947.762 553.112 4.166 0 0 0 
920000 920 1000.0 146253.36 604.159 4.163 0 0 0 
930000 930 1000.0 154262.893 639.672 4.161 0 0 0 
940000 940 1000.0 162130.832 667.095 4.1674 0 0 0 
950000 950 1000.0 168581.765 662.387 4.1687 0 0 0 
960000 960 1000.0 176753.642 690.606 4.166 0 0 0 
970000 970 1000.0 184919.762 714.099 4.1617 0 0 0 
980000 980 1000.0 193135.561 734.146 4.2067 0 0 0 
990000 990 1000.0 202044.177 762.78 4.2266 0 0 0 
1000000 1000 1000.0 210672.408 781.363 4.2195 0 0 0 
1010000 1010 1000.0 219592.937 801.494 4.2045 0 0 0 
1020000 1020 1000.0 228959.201 826.199 4.2064 0 0 0 
1030000 1030 1000.0 238383.437 847.409 4.2114 0 0 0 
1040000 1040 1000.0 247802.75 864.665 4.2161 0 0 0 
1050000 1050 1000.0 257109.401 877.068 4.2292 0 0 0 
1060000 1060 1000.0 266896.44 895.58 4.2546 0 0 0 
1070000 1070 1000.0 276185.672 901.514 4.2419 0 0 0 
1080000 1080 1000.0 285573.19 908.3 4.2503 0 0 0 
1090000 1090 1000.0 294961.369 913.909 4.2559 0 0 0 
1100000 1100 1000.0 304450.687 919.833 4.2399 0 0 0 
1110000 1110 1000.0 313846.921 923.88 4.2272 0 0 0 
1120000 1120 1000.0 323123.523 924.857 4.236 0 0 0 
1130000 1130 1000.0 333498.514 945.097 4.2374 0 0 0 
1140000 1140 1000.0 344633.459 976.328 4.2402 0 0 0 
1150000 1150 1000.0 355605.228 998.628 4.3028 0 0 0 
1160000 1160 1000.0 366497.806 1015.196 4.3149 0 0 0 
1170000 1170 1000.0 377493.805 1030.933 4.3135 0 0 0 
1180000 1180 1000.0 388798.882 1049.265 4.3045 0 0 0 
1190000 1190 1000.0 399906.54 1060.298 4.3188 0 0 0 
1200000 1200 1000.0 410585.145 1061.671 4.3031 0 0 0 
1210000 1210 1000.0 421530.615 1067.767 4.2985 0 0 0 
1220000 1220 1000.0 433343.386 1088.496 4.4801 0 0 0 
1230000 1230 1000.0 444605.21 1095.384 4.7212 0 0 0 
1240000 1240 1000.0 456019.373 1103.424 4.8847 0 0 0 
1250000 1250 1000.0 466855.805 1099.493 5.0935 0 0 0 
1260000 1260 1000.0 478271.214 1107.309 5.4866 0 0 0 
1270000 1270 1000.0 487147.973 1062.267 5.7164 0 0 0 
1280000 1280 1000.0 491197.376 949.209 5.4569 0 0 0 
1290000 1290 1000.0 496349.371 866.048 5.2404 0 0 0 
1300000 1300 1000.0 506518.299 894.488 5.0586 0 0 0 
1310000 1310 1000.0 519057.53 960.066 4.9329 0 0 0 
1320000 1320 1000.0 531737.643 1016.396 4.8219 0 0 0 
1330000 1330 1000.0 544343.449 1060.793 4.7336 0 0 0 
1340000 1340 1000.0 556954.128 1097.205 4.6766 0 0 0 
1350000 1350 1000.0 569528.442 1126.734 4.6232 0 0 0 
1360000 1360 1000.0 582042.084 1149.854 4.5641 0 0 0 
1370000 1370 1000.0 594746.589 1171.756 4.5028 0 0 0 
1380000 1380 1000.0 607231.902 1185.95 4.4909 0 0 0 
1390000 1390 1000.0 619938.136 1201.471 4.4394 0 0 0 
1400000 1400 1000.0 632528.065 1211.76 4.3926 0 0 0 
1410000 1410 1000.0 644554.614 1209.844 4.3805 0 0 0 
1420000 1420 1000.0 657087.721 1217.756 4.3534 0 0 0 
1430000 1430 1000.0 669772.814 1227.166 4.3311 0 0 0 
1440000 1440 1000.0 682657.371 1238.537 4.3083 0 0 0 
1450000 1450 1000.0 694915.322 1236.123 4.2964 0 0 0 
1460000 1460 1000.0 706960.048 1230.678 4.2846 0 0 0 
1470000 1470 1000.0 719267.121 1230.531 4.2695 0 0 0 
1480000 1480 1000.0 732211.215 1242.27 4.2712 0 0 0 
1490000 1490 1000.0 744723.976 1244.203 4.2718 0 0 0 
1500000 1500 1000.0 757686.08 1253.695 4.2666 0 0 0 
1510000 1510 1000.0 770190.456 1253.656 4.2639 0 0 0 
1520000 1520 1000.0 783903.451 1275.477 4.2474 0 0 0 
1530000 1530 1000.0 797358.204 1288.041 4.2388 0 0 0 
1540000 1540 1000.0 810096.536 1285.74 4.2327 0 0 0 
1550000 1550 1000.0 823054.276 1286.851 4.2483 0 0 0 
1560000 1560 1000.0 837537.188 1316.158 4.2463 0 0 0 
1570000 1570 1000.0 849364.339 1289.362 4.256 0 0 0 
1580000 1580 1000.0 860951.504 1266.886 4.2802 0 0 0 
1590000 1590 1000.0 874554.618 1284.321 4.2982 0 0 0 
1600000 1600 1000.0 888472.793 1303.836 4.2829 0 0 0 
1610000 1610 1000.0 902679.554 1324.867 4.2969 0 0 0 
1620000 1620 1000.0 916496.348 1335.05 4.2875 0 0 0 
1630000 1630 1000.0 930386.678 1345.22 4.2833 0 0 0 
1640000 1640 1000.0 944250.585 1352.64 4.2667 0 0 0 
1650000 1650 1000.0 957947.361 1356.038 4.2483 0 0 0 
1660000 1660 1000.0 971658.465 1358.528 4.257 0 0 0 
1670000 1670 1000.0 985144.083 1356.767 4.2455 0 0 0 
1680000 1680 1000.0 998361.246 1350.756 4.2455 0 0 0 
1690000 1690 1000.0 1012188.402 1356.81 4.2572 0 0 0 
1700000 1700 1000.0 1026130.655 1363.681 4.2817 0 0 0 
1710000 1710 1000.0 1039920.649 1366.361 4.2986 0 0 0 
1720000 1720 1000.0 1053999.194 1374.458 4.3114 0 0 0 
1730000 1730 1000.0 1067860.783 1376.347 4.3038 0 0 0 
1740000 1740 1000.0 1081643.131 1376.703 4.311 0 0 0 
1750000 1750 1000.0 1095408.478 1376.407 4.3089 0 0 0 
1760000 1760 1000.0 1109391.588 1380.532 4.3592 0 0 0 
1770000 1770 1000.0 1123113.502 1379.392 4.501 0 0 0 
1780000 1780 1000.0 1136972.302 1380.911 4.4732 0 0 0 
1790000 1790 1000.0 1151098.038 1386.684 4.4336 0 0 0 
1800000 1800 1000.0 1165310.475 1393.171 4.3994 0 0 0 
1810000 1810 1000.0 1179267.237 1393.778 4.3853 0 0 0 
1820000 1820 1000.0 1193403.667 1397.176 4.3642 0 0 0 
1830000 1830 1000.0 1207416.07 1397.907 4.3661 0 0 0 
1840000 1840 1000.0 1221539.068 1400.777 4.3505 0 0 0 
1850000 1850 1000.0 1235637.142 1402.565 4.3595 0 0 0 
1860000 1860 1000.0 1250061.739 1409.661 4.3602 0 0 0 
1870000 1870 1000.0 1264282.445 1411.974 4.3653 0 0 0 
1880000 1880 1000.0 1278697.383 1417.438 4.3499 0 0 0 
1890000 1890 1000.0 1293219.735 1424.206 4.34 0 0 0 
1900000 1900 1000.0 1307839.9 1430.99 4.3424 0 0 0 
1910000 1910 1000.0 1322365.43 1435.035 4.3461 0 0 0 
1920000 1920 1000.0 1336893.239 1438.25 4.3409 0 0 0 
1930000 1930 1000.0 1351210.899 1436.97 4.3246 0 0 0 
1940000 1940 1000.0 1365589.281 1436.899 4.331 0 0 0 
1950000 1950 1000.0 1380248.128 1442.028 4.3385 0 0 0 
1960000 1960 1000.0 1394630.78 1441.162 4.3745 0 0 0 
1970000 1970 1000.0 1409033.51 1440.946 4.3699 0 0 0 
1980000 1980 1000.0 1423387.676 1439.902 4.3561 0 0 0 
1990000 1990 1000.0 1438138.058 1446.201 4.3399 0 0 0 
2000000 2000 1000.0 1452349.644 1441.646 4.3555 0 0 0 
2010000 2010 1000.0 1466772.985 1441.335 4.3653 0 0 0 
2020000 2020 1000.0 1480891.738 1435.953 4.3649 0 0 0 
2030000 2030 1000.0 1495491.942 1440.33 4.3594 0 0 0 
2040000 2040 1000.0 1509864.546 1439.858 4.3551 0 0 0 
2050000 2050 1000.0 1524366.299 1441.802 4.341 0 0 0 
2060000 2060 1000.0 1539145.179 1448.698 4.3625 0 0 0 
2070000 2070 1000.0 1553965.011 1454.646 4.3625 0 0 0 
2080000 2080 1000.0 1568520.479 1455.035 4.3813 0 0 0 
2090000 2090 1000.0 1582951.668 1452.8 4.3661 0 0 0 
2100000 2100 1000.0 1597335.917 1450.579 4.3591 0 0 0 
2110000 2110 1000.0 1612158.497 1456.188 4.354 0 0 0 
2120000 2120 1000.0 1626377.846 1449.501 4.3392 0 0 0 
2130000 2130 1000.0 1640330.364 1439.671 4.3282 0 0 0 
2140000 2140 1000.0 1655091.25 1446.805 4.3518 0 0 0 
2150000 2150 1000.0 1670165.334 1457.764 4.343 0 0 0 
2160000 2160 1000.0 1685247.426 1466.955 4.3378 0 0 0 
2170000 2170 1000.0 1700321.555 1474.204 4.3389 0 0 0 
2180000 2180 1000.0 1715380.326 1479.706 4.3389 0 0 0 
2190000 2190 1000.0 1730499.381 1485.588 4.3461 0 0 0 
2200000 2200 1000.0 1744969.602 1478.353 4.3692 0 0 0 
2210000 2210 1000.0 1759575.997 1475.01 4.3785 0 0 0 
2220000 2220 1000.0 1774180.242 1472.179 4.3743 0 0 0 
2230000 2230 1000.0 1788750.24 1469.282 4.3747 0 0 0 
2240000 2240 1000.0 1803390.036 1468.45 4.3624 0 0 0 
2250000 2250 1000.0 1818641.971 1478.791 4.373 0 0 0 
2260000 2260 1000.0 1833477.34 1479.49 4.3728 0 0 0 
2270000 2270 1000.0 1848378.63 1481.297 4.3606 0 0 0 
2280000 2280 1000.0 1863189.738 1481.089 4.3758 0 0 0 
2290000 2290 1000.0 1877653.526 1474.82 4.3637 0 0 0 
2300000 2300 1000.0 1892065.309 1468.786 4.3485 0 0 0 
2310000 2310 1000.0 1906321.711 1461.061 4.3535 0 0 0 
2320000 2320 1000.0 1920513.56 1453.094 4.3613 0 0 0 
2330000 2330 1000.0 1935300.462 1458.126 4.3624 0 0 0 
2340000 2340 1000.0 1949074.37 1443.097 4.353 0 0 0 
2350000 2350 1000.0 1963438.24 1441.812 4.3443 0 0 0 
2360000 2360 1000.0 1977628.619 1437.57 4.3431 0 0 0 
2370000 2370 1000.0 1992033.665 1438.6 4.3401 0 0 0 
2380000 2380 1000.0 2006894.912 1447.002 4.3385 0 0 0 
2390000 2390 1000.0 2022057.474 1459.925 4.3423 0 0 0 
2400000 2400 1000.0 2036478.251 1456.887 4.3465 0 0 0 
2410000 2410 1000.0 2050628.49 1448.846 4.3495 0 0 0 
2420000 2420 1000.0 2064876.8 1444.428 4.3528 0 0 0 
2430000 2430 1000.0 2079497.246 1447.389 4.3493 0 0 0 
2440000 2440 1000.0 2093891.837 1446.355 4.356 0 0 0 
2450000 2450 1000.0 2108968.576 1457.351 4.363 0 0 0 
2460000 2460 1000.0 2124098.492 1467.548 4.397 0 0 0 
2470000 2470 1000.0 2138468.397 1461.707 4.3804 0 0 0 
2480000 2480 1000.0 2153362.73 1466.877 4.3945 0 0 0 
2490000 2490 1000.0 2167979.356 1465.717 4.3966 0 0 0 
2500000 2500 1000.0 2182005.693 1454.316 4.3853 0 0 0 
2510000 2510 1000.0 2195628.905 1438.149 4.3785 0 0 0 
2520000 2520 1000.0 2208022.696 1400.845 4.4054 0 0 0 
2530000 2530 1000.0 2221710.306 1395.607 4.4094 0 0 0 
2540000 2540 1000.0 2235903.601 1400.347 4.4144 0 0 0 
2550000 2550 1000.0 2250374.002 1408.82 4.4236 0 0 0 
2560000 2560 1000.0 2264874.558 1416.765 4.4237 0 0 0 
2570000 2570 1000.0 2280032.841 1434.578 4.4271 0 0 0 
2580000 2580 1000.0 2294552.711 1438.441 4.4178 0 0 0 
2590000 2590 1000.0 2308922.111 1438.409 4.4283 0 0 0 
2600000 2600 1000.0 2324097.946 1452.779 4.4144 0 0 0 
2610000 2610 1000.0 2338554.193 1451.375 4.4078 0 0 0 
2620000 2620 1000.0 2352844.411 1447.325 4.3988 0 0 0 
2630000 2630 1000.0 2367238.153 1445.943 4.4309 0 0 0 
2640000 2640 1000.0 2381593.597 1443.837 4.4483 0 0 0 
2650000 2650 1000.0 2395977.769 1442.407 4.4624 0 0 0 
2660000 2660 1000.0 2410266.153 1440.456 4.4718 0 0 0 
2670000 2670 1000.0 2425099.145 1448.569 4.4483 0 0 0 
2680000 2680 1000.0 2440449.428 1464.26 4.429 0 0 0 
2690000 2690 1000.0 2456057.359 1481.923 4.4513 0 0 0 
2700000 2700 1000.0 2471803.552 1498.879 4.4488 0 0 0 
2710000 2710 1000.0 2487446.17 1510.886 4.4358 0 0 0 
2720000 2720 1000.0 2503488.513 1527.737 4.4392 0 0 0 
2730000 2730 1000.0 2519104.763 1533.811 4.4258 0 0 0 
2740000 2740 1000.0 2534147.564 1528.249 4.4274 0 0 0 
2750000 2750 1000.0 2548669.478 1514.532 4.44 0 0 0 
2760000 2760 1000.0 2563499.555 1508.609 4.4398 0 0 0 
2770000 2770 1000.0 2578609.7 1508.922 4.4294 0 0 0 
2780000 2780 1000.0 2593794.025 1510.588 4.436 0 0 0 
2790000 2790 1000.0 2608026.074 1494.139 4.451 0 0 0 
2800000 2800 1000.0 2622763.698 1490.158 4.442 0 0 0 
2810000 2810 1000.0 2637010.755 1478.987 4.4523 0 0 0 
2820000 2820 1000.0 2652052.382 1484.057 4.445 0 0 0 
2830000 2830 1000.0 2667283.979 1490.988 4.4444 0 0 0 
2840000 2840 1000.0 2681722.893 1482.265 4.4357 0 0 0 
2850000 2850 1000.0 2696124.58 1474.391 4.4238 0 0 0 
2860000 2860 1000.0 2709946.869 1457.774 4.4274 0 0 0 
2870000 2870 1000.0 2724327.601 1454.204 4.4196 0 0 0 
2880000 2880 1000.0 2738866.232 1454.209 4.4502 0 0 0 
2890000 2890 1000.0 2752981.579 1446.14 4.4491 0 0 0 
2900000 2900 1000.0 2767454.26 1446.707 4.4654 0 0 0 
2910000 2910 1000.0 2782168.644 1451.749 4.45 0 0 0 
2920000 2920 1000.0 2796528.686 1448.986 4.4387 0 0 0 
2930000 2930 1000.0 2809946.812 1429.129 4.4469 0 0 0 
2940000 2940 1000.0 2824408.309 1432.503 4.4646 0 0 0 
2950000 2950 1000.0 2839494.534 1446.636 4.4902 0 0 0 
2960000 2960 1000.0 2854652.046 1459.408 4.4877 0 0 0 
2970000 2970 1000.0 2869092.975 1456.478 4.5052 0 0 0 
2980000 2980 1000.0 2881924.769 1422.668 4.4881 0 0 0 
2990000 2990 1000.0 2896108.562 1421.764 4.4819 0 0 0 
3000000 3000 1000.0 2910252.471 1420.332 4.4537 0 0 0 
3010000 3010 1000.0 2924518.78 1421.339 4.4638 0 0 0 
3020000 3020 1000.0 2939071.136 1427.341 4.4629 0 0 0 
3030000 3030 1000.0 2952578.313 1413.227 4.4301 0 0 0 
3040000 3040 1000.0 2965941.037 1398.776 4.4392 0 0 0 
3050000 3050 1000.0 2979481.001 1390.353 4.4104 0 0 0 
3060000 3060 1000.0 2992663.733 1377.062 4.3976 0 0 0 
3070000 3070 1000.0 3005382.879 1356.888 4.3827 0 0 0 
3080000 3080 1000.0 3018309.746 1345.368 4.3693 0 0 0 
3090000 3090 1000.0 3032916.634 1367.188 4.3582 0 0 0 
3100000 3100 1000.0 3047279.055 1379.864 4.3699 0 0 0 
3110000 3110 1000.0 3060168.836 1362.855 4.3651 0 0 0 
3120000 3120 1000.0 3074339.951 1373.382 4.3653 0 0 0 
3130000 3130 1000.0 3088189.516 1375.365 4.3743 0 0 0 
3140000 3140 1000.0 3102464.074 1385.105 4.3581 0 0 0 
3150000 3150 1000.0 3115952.641 1378.898 4.3453 0 0 0 
3160000 3160 1000.0 3130264.304 1388.825 4.3437 0 0 0 
3170000 3170 1000.0 3144108.582 1387.998 4.3619 0 0 0 
3180000 3180 1000.0 3157091.673 1370.747 4.3633 0 0 0 
3190000 3190 1000.0 3169920.417 1353.723 4.4081 0 0 0 
3200000 3200 1000.0 3183150.808 1348.785 4.3941 0 0 0 
3210000 3210 1000.0 3197602.854 1366.604 4.4024 0 0 0 
3220000 3220 1000.0 3212087.577 1381.44 4.4061 0 0 0 
3230000 3230 1000.0 3225533.777 1374.612 4.4081 0 0 0 
3240000 3240 1000.0 3239751.97 1383.168 4.417 0 0 0 
3250000 3250 1000.0 3253788.254 1387.655 4.4014 0 0 0 
3260000 3260 1000.0 3267537.159 1385.477 4.4153 0 0 0 
3270000 3270 1000.0 3281102.268 1380.085 4.4091 0 0 0 
3280000 3280 1000.0 3294570.769 1373.621 4.396 0 0 0 
3290000 3290 1000.0 3308362.597 1374.931 4.3841 0 0 0 
3300000 3300 1000.0 3322498.012 1381.955 4.3753 0 0 0 
3310000 3310 1000.0 3336258.968 1380.567 4.3962 0 0 0 
3320000 3320 1000.0 3349757.57 1375.125 4.4082 0 0 0 
3330000 3330 1000.0 3363955.638 1383.265 4.4427 0 0 0 
3340000 3340 1000.0 3377767.045 1383.266 4.4467 0 0 0 
3350000 3350 1000.0 3391666.259 1384.459 4.4481 0 0 0 
3360000 3360 1000.0 3405701.728 1387.67 4.4427 0 0 0 
3370000 3370 1000.0 3419220.654 1381.168 4.4324 0 0 0 
3380000 3380 1000.0 3433387.271 1387.436 4.4448 0 0 0 
3390000 3390 1000.0 3447170.158 1385.791 4.4379 0 0 0 
3400000 3400 1000.0 3460160.577 1369.568 4.438 0 0 0 
3410000 3410 1000.0 3473318.492 1359.832 4.4266 0 0 0 
3420000 3420 1000.0 3486763.187 1356.958 4.4493 0 0 0 
3430000 3430 1000.0 3499732.409 1346.204 4.4464 0 0 0 
3440000 3440 1000.0 3513215.273 1346.361 4.442 0 0 0 
3450000 3450 1000.0 3527104.774 1354.87 4.4485 0 0 0 
3460000 3460 1000.0 3541161.81 1364.413 4.4459 0 0 0 
3470000 3470 1000.0 3555271.376 1373.209 4.4559 0 0 0 
3480000 3480 1000.0 3569950.656 1390.704 4.4655 0 0 0 
3490000 3490 1000.0 3584853.191 1408.691 4.4506 0 0 0 
3500000 3500 1000.0 3598862.756 1407.55 4.4784 0 0 0 
3510000 3510 1000.0 3613158.441 1411.36 4.4965 0 0 0 
3520000 3520 1000.0 3627214.97 1409.819 4.4744 0 0 0 
3530000 3530 1000.0 3640924.769 1403.483 4.471 0 0 0 
3540000 3540 1000.0 3654809.518 1400.436 4.4726 0 0 0 
3550000 3550 1000.0 3669112.376 1405.966 4.4659 0 0 0 
3560000 3560 1000.0 3682975.83 1402.326 4.4564 0 0 0 
3570000 3570 1000.0 3697411.702 1409.971 4.4566 0 0 0 
3580000 3580 1000.0 3711350.088 1407.041 4.4589 0 0 0 
3590000 3590 1000.0 3725436.02 1407.522 4.4806 0 0 0 
3600000 3600 1000.0 3739605.002 1409.116 4.4964 0 0 0 
3610000 3610 1000.0 3753982.723 1414.534 4.5017 0 0 0 
3620000 3620 1000.0 3768491.047 1421.476 4.4852 0 0 0 
3630000 3630 1000.0 3783146.275 1429.621 4.4678 0 0 0 
3640000 3640 1000.0 3797714.83 1434.845 4.4595 0 0 0 
3650000 3650 1000.0 3811956.495 1432.779 4.4463 0 0 0 
3660000 3660 1000.0 3824061.958 1392.072 4.4478 0 0 0 
3670000 3670 1000.0 3836297.71 1360.284 4.4397 0 0 0 
3680000 3680 1000.0 3848568.23 1337.278 4.4452 0 0 0 
3690000 3690 1000.0 3862058.718 1339.398 4.4264 0 0 0 
3700000 3700 1000.0 3875359.571 1337.652 4.4323 0 0 0 
3710000 3710 1000.0 3888195.363 1327.734 4.4096 0 0 0 
3720000 3720 1000.0 3900987.639 1318.04 4.3893 0 0 0 
3730000 3730 1000.0 3914159.442 1318.17 4.388 0 0 0 
3740000 3740 1000.0 3928276.343 1335.07 4.4024 0 0 0 
3750000 3750 1000.0 3942343.415 1348.094 4.4042 0 0 0 
3760000 3760 1000.0 3956286.991 1356.267 4.3915 0 0 0 
3770000 3770 1000.0 3970568.19 1369.607 4.3807 0 0 0 
3780000 3780 1000.0 3985186.697 1386.692 4.3658 0 0 0 
3790000 3790 1000.0 3999523.059 1394.765 4.3616 0 0 0 
3800000 3800 1000.0 4013962.07 1404.192 4.3664 0 0 0 
3810000 3810 1000.0 4028640.793 1415.899 4.3648 0 0 0 
3820000 3820 1000.0 4043296.668 1424.831 4.3847 0 0 0 
3830000 3830 1000.0 4058051.404 1434.292 4.387 0 0 0 
3840000 3840 1000.0 4073075.683 1446.558 4.3751 0 0 0 
3850000 3850 1000.0 4087641.662 1448.748 4.3647 0 0 0 
3860000 3860 1000.0 4102874.834 1462.418 4.3643 0 0 0 
3870000 3870 1000.0 4117852.178 1468.722 4.3559 0 0 0 
3880000 3880 1000.0 4132561.715 1469.421 4.3418 0 0 0 
3890000 3890 1000.0 4147038.584 1465.226 4.3437 0 0 0 
3900000 3900 1000.0 4161418.129 1460.162 4.3398 0 0 0 
3910000 3910 1000.0 4176552.853 1470.109 4.346 0 0 0 
3920000 3920 1000.0 4191334.846 1471.827 4.3454 0 0 0 
3930000 3930 1000.0 4206460.64 1479.379 4.3582 0 0 0 
3940000 3940 1000.0 4220965.855 1473.52 4.3723 0 0 0 
3950000 3950 1000.0 4235072.193 1461.905 4.3978 0 0 0 
3960000 3960 1000.0 4249590.376 1460.651 4.3867 0 0 0 
3970000 3970 1000.0 4264452.806 1465.608 4.3831 0 0 0 
3980000 3980 1000.0 4279789.265 1478.344 4.3913 0 0 0 
3990000 3990 1000.0 4295333.947 1492.315 4.4003 0 0 0 
4000000 4000 1000.0 4310441.79 1495.527 4.391 0 0 0 
