10000 11 177.568 -6.42 -0.119 0.5256 0 0 0 
20000 21 328.013 -12.493 -0.208 0.9628 0 0 0 
30000 38 409.83 -18.318 -0.251 1.6697 0 0 0 
40000 97 248.423 -61.058 -0.592 1.2048 0 0 0 
50000 114 344.084 -74.21 -0.645 1.7895 0 0 0 
60000 128 436.169 -81.828 -0.623 2.3638 0 0 0 
70000 179 294.639 -100.242 -0.48 1.6709 0 0 0 
80000 206 329.464 -96.316 -0.215 1.8943 0 0 0 
90000 221 406.218 -99.232 -0.215 2.3494 0 0 0 
100000 235 484.468 -105.164 -0.268 2.8202 0 0 0 
110000 251 536.195 -111.397 -0.303 3.1043 0 0 0 
120000 273 506.482 -110.938 -0.192 2.9433 0 0 0 
130000 294 501.574 -113.415 -0.174 2.9285 0 0 0 
140000 315 477.155 -101.588 0.071 2.7958 0 0 0 
150000 349 377.415 -81.327 0.352 2.2098 0 0 0 
160000 380 358.118 -63.679 0.474 2.1049 0 0 0 
170000 430 264.6 -35.443 0.549 1.5556 0 0 0 
180000 494 175.201 -5.323 0.491 1.0256 0 0 0 
190000 592 108.212 39.197 0.537 0.6306 0 0 0 
200000 719 72.779 128.677 0.645 0.4194 0 0 0 
210000 835 86.316 225.308 0.8 0.4889 0 0 0 
220000 960 72.654 324.571 0.823 0.4125 0 0 0 
230000 1085 76.442 438.581 0.934 0.4339 0 0 0 
240000 1228 66.489 582.524 1.014 0.3811 0 0 0 
250000 1395 68.655 748.66 0.996 0.3924 0 0 0 
260000 1569 61.129 919.664 0.975 0.3634 0 0 0 
270000 1703 79.427 1052.355 0.996 0.47 0 0 0 
280000 1846 70.478 1182.339 0.881 0.416 0 0 0 
290000 2008 57.723 1303.729 0.754 0.3434 0 0 0 
300000 2155 83.437 1419.291 0.781 0.4918 0 0 0 
310000 2281 84.851 1532.537 0.879 0.5011 0 0 0 
320000 2371 99.644 1620.028 0.974 0.5895 0 0 0 
330000 2506 80.124 1744.303 0.914 0.4826 0 0 0 
340000 2623 102.559 1854.953 0.926 0.6076 0 0 0 
350000 2754 72.815 1979.653 0.931 0.4313 0 0 0 
360000 2917 59.812 2144.362 1.023 0.3528 0 0 0 
370000 3127 43.709 2357.729 0.999 0.2602 0 0 0 
380000 3301 76.186 2531.234 1.001 0.4479 0 0 0 
390000 3426 75.089 2658.157 1.018 0.4387 0 0 0 
400000 3596 68.703 2825.921 0.947 0.407 0 0 0 
410000 3740 76.155 2967.932 1.006 0.4438 0 0 0 
420000 3863 78.291 3089.159 0.996 0.4526 0 0 0 
430000 4050 52.36 3273.881 1.007 0.3073 0 0 0 
440000 4254 45.202 3475.371 0.972 0.2669 0 0 0 
450000 4480 44.66 3704.574 1.019 0.2652 0 0 0 
460000 4713 41.684 3932.781 1.011 0.2512 0 0 0 
470000 4939 55.903 4149.919 0.956 0.3423 0 0 0 
480000 5182 40.646 4395.996 0.999 0.2498 0 0 0 
490000 5418 45.812 4633.063 1.02 0.2783 0 0 0 
500000 5636 44.375 4848.493 0.995 0.2695 0 0 0 
510000 5884 41.461 5099.701 1.016 0.2528 0 0 0 
520000 6127 44.5 5345.699 0.99 0.2717 0 0 0 
530000 6377 38.689 5600.779 1.019 0.2351 0 0 0 
540000 6641 37.804 5865.92 0.98 0.2306 0 0 0 
550000 6906 35.925 6132.122 0.995 0.2189 0 0 0 
560000 7176 36.584 6403.365 1.019 0.2237 0 0 0 
570000 7433 39.503 6665.466 1.02 0.2452 0 0 0 
580000 7689 36.498 6924.579 1.018 0.2212 0 0 0 
590000 7910 40.555 7148.551 1.018 0.2432 0 0 0 
600000 8119 40.769 7360.467 1.02 0.2424 0 0 0 
610000 8353 36.871 7593.774 0.986 0.2204 0 0 0 
620000 8594 40.501 7837.81 0.983 0.2414 0 0 0 
630000 8852 37.131 8098.963 1.009 0.2217 0 0 0 
640000 9085 43.225 8336.89 1.021 0.2571 0 0 0 
650000 9328 40.733 8584.928 1.021 0.2429 0 0 0 
660000 9576 40.59 8838.092 1.021 0.2393 0 0 0 
670000 9830 36.884 9097.212 1.019 0.2211 0 0 0 
680000 10068 38.407 9336.143 1.015 0.2368 0 0 0 
690000 10318 37.594 9587.293 1.014 0.2325 0 0 0 
700000 10545 44.078 9819.203 1.021 0.2758 0 0 0 
710000 10787 40.246 10066.144 1.021 0.2539 0 0 0 
720000 11016 41.585 10296.209 1.018 0.2625 0 0 0 
730000 11206 60.487 10487.489 1.009 0.3761 0 0 0 
740000 11453 39.289 10739.504 1.02 0.2455 0 0 0 
750000 11696 39.344 10985.466 1.01 0.2463 0 0 0 
760000 11908 46.44 11188.635 0.941 0.2917 0 0 0 
770000 12168 38.659 11453.741 1.019 0.2446 0 0 0 
780000 12391 40.219 11674.099 0.965 0.2493 0 0 0 
790000 12611 52.368 11891.106 0.988 0.3228 0 0 0 
800000 12867 39.274 12144.266 0.972 0.2431 0 0 0 
810000 13111 39.562 12393.379 1.02 0.2436 0 0 0 
820000 13328 40.004 12611.251 1.009 0.2457 0 0 0 
830000 13548 44.894 12832.354 1.016 0.2747 0 0 0 
840000 13809 37.946 13096.55 1.017 0.2341 0 0 0 
850000 14059 39.332 13349.755 1.02 0.2434 0 0 0 
860000 14292 47.733 13585.894 1.014 0.2917 0 0 0 
870000 14513 41.042 13808.024 1.002 0.2538 0 0 0 
880000 14733 54.338 14027.201 1.02 0.3349 0 0 0 
890000 14973 42.474 14272.255 1.021 0.2623 0 0 0 
900000 15228 41.115 14532.333 1.02 0.2541 0 0 0 
910000 15480 38.366 14789.456 1.02 0.2376 0 0 0 
920000 15721 42.568 15029.501 1.005 0.2635 0 0 0 
930000 15922 47.81 15231.221 1.0 0.2942 0 0 0 
940000 16136 43.767 15446.131 1.015 0.2696 0 0 0 
950000 16359 51.374 15672.236 1.016 0.3157 0 0 0 
960000 16589 40.475 15907.334 1.02 0.2513 0 0 0 
970000 16846 37.666 16167.469 1.013 0.2268 0 0 0 
980000 17096 38.778 16422.585 1.02 0.2343 0 0 0 
990000 17314 43.337 16639.558 0.962 0.2599 0 0 0 
1000000 17559 41.678 16889.741 1.021 0.2494 0 0 0 
