10000.0 52.0 485.0 nan nan 0.0485 nan nan 5.919 nan nan 
20000.0 108.0 961.0 nan nan 0.048 nan nan 7.541 nan nan 
30000.0 162.0 1395.0 nan nan 0.0465 nan nan 8.05 nan nan 
40000.0 217.0 1924.0 nan nan 0.0481 nan nan 9.345 nan nan 
50000.0 270.0 2395.0 nan nan 0.0479 nan nan 8.895 nan nan 
60000.0 316.0 2909.0 nan nan 0.0485 nan nan 10.933 nan nan 
70000.0 363.0 3299.0 nan nan 0.0471 nan nan 9.275 nan nan 
80000.0 410.0 3762.0 nan nan 0.047 nan nan 9.533 nan nan 
90000.0 455.0 4304.0 nan nan 0.0478 nan nan 11.341 nan nan 
100000.0 500.0 4957.0 nan nan 0.0496 nan nan 12.611 nan nan 
110000.0 543.0 5493.0 nan nan 0.0499 nan nan 12.282 nan nan 
120000.0 594.0 6172.0 nan nan 0.0514 nan nan 12.83 nan nan 
130000.0 637.0 6814.0 nan nan 0.0524 nan nan 14.188 nan nan 
140000.0 677.0 7530.0 nan nan 0.0538 nan nan 16.346 nan nan 
150000.0 717.0 8404.0 nan nan 0.056 nan nan 19.806 nan nan 
160000.0 762.0 9348.0 nan nan 0.0584 nan nan 20.115 nan nan 
170000.0 806.0 10390.0 nan nan 0.0611 nan nan 22.413 nan nan 
180000.0 846.0 11447.0 nan nan 0.0636 nan nan 24.267 nan nan 
190000.0 892.0 12346.0 nan nan 0.065 nan nan 20.935 nan nan 
200000.0 929.0 13249.0 nan nan 0.0662 nan nan 22.145 nan nan 
210000.0 971.0 14250.0 nan nan 0.0679 nan nan 23.153 nan nan 
220000.0 1011.0 15362.0 nan nan 0.0698 nan nan 25.652 nan nan 
230000.0 1052.0 16593.0 nan nan 0.0721 nan nan 27.729 nan nan 
240000.0 1088.0 17766.0 nan nan 0.074 nan nan 30.941 nan nan 
250000.0 1128.0 19000.0 nan nan 0.076 nan nan 31.211 nan nan 
260000.0 1165.0 20279.0 nan nan 0.078 nan nan 33.546 nan nan 
270000.0 1204.0 21576.0 nan nan 0.0799 nan nan 33.162 nan nan 
280000.0 1242.0 22946.0 nan nan 0.082 nan nan 34.643 nan nan 
290000.0 1275.0 24218.0 nan nan 0.0835 nan nan 35.73 nan nan 
300000.0 1309.0 25559.0 nan nan 0.0852 nan nan 38.772 nan nan 
310000.0 1342.0 26879.0 nan nan 0.0867 nan nan 39.003 nan nan 
320000.0 1377.0 28190.0 nan nan 0.0881 nan nan 38.199 nan nan 
330000.0 1411.0 29598.0 nan nan 0.0897 nan nan 40.323 nan nan 
340000.0 1446.0 30996.0 nan nan 0.0912 nan nan 39.467 nan nan 
350000.0 1486.0 32435.0 nan nan 0.0927 nan nan 37.489 nan nan 
360000.0 1522.0 33841.0 nan nan 0.094 nan nan 38.292 nan nan 
370000.0 1557.0 35254.0 nan nan 0.0953 nan nan 39.193 nan nan 
380000.0 1590.0 36583.0 nan nan 0.0963 nan nan 39.112 nan nan 
390000.0 1626.0 37954.0 nan nan 0.0973 nan nan 39.033 nan nan 
400000.0 1659.0 39448.0 nan nan 0.0986 nan nan 40.471 nan nan 
410000.0 1690.0 40808.0 nan nan 0.0995 nan nan 43.702 nan nan 
420000.0 1722.0 42146.0 nan nan 0.1003 nan nan 43.159 nan nan 
430000.0 1756.0 43554.0 nan nan 0.1013 nan nan 41.216 nan nan 
440000.0 1787.0 44859.0 nan nan 0.102 nan nan 41.147 nan nan 
450000.0 1824.0 46209.0 nan nan 0.1027 nan nan 38.363 nan nan 
460000.0 1857.0 47444.0 nan nan 0.1031 nan nan 38.9 nan nan 
470000.0 1889.0 48812.0 nan nan 0.1039 nan nan 40.727 nan nan 
480000.0 1917.0 50036.0 nan nan 0.1042 nan nan 41.904 nan nan 
490000.0 1945.0 51386.0 nan nan 0.1049 nan nan 44.607 nan nan 
500000.0 1977.0 52714.0 nan nan 0.1054 nan nan 43.4 nan nan 
510000.0 2010.0 54110.0 nan nan 0.1061 nan nan 41.912 nan nan 
520000.0 2046.0 55546.0 nan nan 0.1068 nan nan 40.983 nan nan 
530000.0 2077.0 56849.0 nan nan 0.1073 nan nan 41.745 nan nan 
540000.0 2108.0 58213.0 nan nan 0.1078 nan nan 42.416 nan nan 
550000.0 2140.0 59620.0 nan nan 0.1084 nan nan 43.672 nan nan 
560000.0 2170.0 60928.0 nan nan 0.1088 nan nan 44.138 nan nan 
570000.0 2199.0 62216.0 nan nan 0.1092 nan nan 42.503 nan nan 
580000.0 2228.0 63455.0 nan nan 0.1094 nan nan 43.521 nan nan 
590000.0 2259.0 64831.0 nan nan 0.1099 nan nan 44.39 nan nan 
600000.0 2286.0 66130.0 nan nan 0.1102 nan nan 45.249 nan nan 
610000.0 2309.0 67279.0 nan nan 0.1103 nan nan 47.21 nan nan 
620000.0 2336.0 68521.0 nan nan 0.1105 nan nan 46.898 nan nan 
630000.0 2364.0 69864.0 nan nan 0.1109 nan nan 45.666 nan nan 
640000.0 2392.0 71114.0 nan nan 0.1111 nan nan 45.618 nan nan 
650000.0 2419.0 72360.0 nan nan 0.1113 nan nan 46.895 nan nan 
660000.0 2451.0 73588.0 nan nan 0.1115 nan nan 43.212 nan nan 
670000.0 2480.0 74949.0 nan nan 0.1119 nan nan 44.859 nan nan 
680000.0 2508.0 76225.0 nan nan 0.1121 nan nan 44.382 nan nan 
690000.0 2538.0 77532.0 nan nan 0.1124 nan nan 44.54 nan nan 
700000.0 2564.0 78804.0 nan nan 0.1126 nan nan 46.054 nan nan 
710000.0 2593.0 80138.0 nan nan 0.1129 nan nan 45.894 nan nan 
720000.0 2622.0 81405.0 nan nan 0.1131 nan nan 44.457 nan nan 
730000.0 2655.0 82729.0 nan nan 0.1133 nan nan 42.79 nan nan 
740000.0 2687.0 84059.0 nan nan 0.1136 nan nan 42.288 nan nan 
750000.0 2717.0 85402.0 nan nan 0.1139 nan nan 43.715 nan nan 
760000.0 2748.0 86779.0 nan nan 0.1142 nan nan 43.427 nan nan 
770000.0 2779.0 88126.0 nan nan 0.1144 nan nan 43.718 nan nan 
780000.0 2810.0 89496.0 nan nan 0.1147 nan nan 44.578 nan nan 
790000.0 2838.0 90845.0 nan nan 0.115 nan nan 44.048 nan nan 
800000.0 2868.0 92196.0 nan nan 0.1152 nan nan 45.305 nan nan 
810000.0 2896.0 93465.0 nan nan 0.1154 nan nan 45.839 nan nan 
820000.0 2923.0 94834.0 nan nan 0.1157 nan nan 47.9 nan nan 
830000.0 2956.0 96089.0 nan nan 0.1158 nan nan 42.325 nan nan 
840000.0 2985.0 97406.0 nan nan 0.116 nan nan 42.849 nan nan 
850000.0 3015.0 98679.0 nan nan 0.1161 nan nan 41.32 nan nan 
860000.0 3042.0 99821.0 nan nan 0.1161 nan nan 42.777 nan nan 
870000.0 3069.0 101135.0 nan nan 0.1162 nan nan 44.139 nan nan 
880000.0 3099.0 102400.0 nan nan 0.1164 nan nan 43.788 nan nan 
890000.0 3127.0 103673.0 nan nan 0.1165 nan nan 45.229 nan nan 
900000.0 3158.0 104907.0 nan nan 0.1166 nan nan 43.174 nan nan 
910000.0 3189.0 106320.0 nan nan 0.1168 nan nan 43.335 nan nan 
920000.0 3221.0 107752.0 nan nan 0.1171 nan nan 43.818 nan nan 
930000.0 3248.0 108957.0 nan nan 0.1172 nan nan 44.381 nan nan 
940000.0 3273.0 110162.0 nan nan 0.1172 nan nan 45.443 nan nan 
950000.0 3300.0 111404.0 nan nan 0.1173 nan nan 45.546 nan nan 
960000.0 3330.0 112734.0 nan nan 0.1174 nan nan 45.627 nan nan 
970000.0 3355.0 114000.0 nan nan 0.1175 nan nan 47.695 nan nan 
980000.0 3386.0 115318.0 nan nan 0.1177 nan nan 45.69 nan nan 
990000.0 3414.0 116648.0 nan nan 0.1178 nan nan 45.591 nan nan 
1000000.0 3439.0 117856.0 nan nan 0.1179 nan nan 47.343 nan nan 
1010000.0 3468.0 119104.0 nan nan 0.1179 nan nan 45.054 nan nan 
1020000.0 3501.0 120384.0 nan nan 0.118 nan nan 41.866 nan nan 
1030000.0 3536.0 121627.0 nan nan 0.1181 nan nan 38.166 nan nan 
1040000.0 3561.0 122934.0 nan nan 0.1182 nan nan 42.247 nan nan 
1050000.0 3588.0 124140.0 nan nan 0.1182 nan nan 43.796 nan nan 
1060000.0 3617.0 125452.0 nan nan 0.1184 nan nan 44.434 nan nan 
1070000.0 3644.0 126764.0 nan nan 0.1185 nan nan 45.044 nan nan 
1080000.0 3674.0 128116.0 nan nan 0.1186 nan nan 45.378 nan nan 
1090000.0 3699.0 129423.0 nan nan 0.1187 nan nan 46.776 nan nan 
1100000.0 3727.0 130628.0 nan nan 0.1188 nan nan 45.728 nan nan 
1110000.0 3756.0 131995.0 nan nan 0.1189 nan nan 45.611 nan nan 
1120000.0 3785.0 133274.0 nan nan 0.119 nan nan 45.758 nan nan 
1130000.0 3812.0 134661.0 nan nan 0.1192 nan nan 47.69 nan nan 
1140000.0 3837.0 135867.0 nan nan 0.1192 nan nan 46.126 nan nan 
1150000.0 3866.0 136970.0 nan nan 0.1191 nan nan 43.921 nan nan 
1160000.0 3894.0 138179.0 nan nan 0.1191 nan nan 43.379 nan nan 
1170000.0 3928.0 139594.0 nan nan 0.1193 nan nan 41.706 nan nan 
1180000.0 3961.0 140898.0 nan nan 0.1194 nan nan 40.435 nan nan 
1190000.0 3989.0 142210.0 nan nan 0.1195 nan nan 43.541 nan nan 
1200000.0 4015.0 143494.0 nan nan 0.1196 nan nan 46.177 nan nan 
1210000.0 4044.0 144832.0 nan nan 0.1197 nan nan 45.232 nan nan 
1220000.0 4074.0 146139.0 nan nan 0.1198 nan nan 45.596 nan nan 
1230000.0 4101.0 147436.0 nan nan 0.1199 nan nan 45.741 nan nan 
1240000.0 4128.0 148781.0 nan nan 0.12 nan nan 46.352 nan nan 
1250000.0 4156.0 150091.0 nan nan 0.1201 nan nan 47.826 nan nan 
1260000.0 4182.0 151343.0 nan nan 0.1201 nan nan 46.73 nan nan 
1270000.0 4211.0 152631.0 nan nan 0.1202 nan nan 46.586 nan nan 
1280000.0 4237.0 153861.0 nan nan 0.1202 nan nan 47.055 nan nan 
1290000.0 4263.0 155075.0 nan nan 0.1202 nan nan 45.931 nan nan 
1300000.0 4293.0 156388.0 nan nan 0.1203 nan nan 45.891 nan nan 
1310000.0 4322.0 157765.0 nan nan 0.1204 nan nan 46.538 nan nan 
1320000.0 4351.0 159131.0 nan nan 0.1206 nan nan 46.615 nan nan 
1330000.0 4380.0 160430.0 nan nan 0.1206 nan nan 45.761 nan nan 
1340000.0 4410.0 161727.0 nan nan 0.1207 nan nan 45.009 nan nan 
1350000.0 4438.0 163093.0 nan nan 0.1208 nan nan 46.224 nan nan 
1360000.0 4464.0 164278.0 nan nan 0.1208 nan nan 45.963 nan nan 
1370000.0 4492.0 165618.0 nan nan 0.1209 nan nan 46.374 nan nan 
1380000.0 4520.0 166878.0 nan nan 0.1209 nan nan 46.654 nan nan 
1390000.0 4548.0 168164.0 nan nan 0.121 nan nan 45.839 nan nan 
1400000.0 4576.0 169459.0 nan nan 0.121 nan nan 46.214 nan nan 
1410000.0 4604.0 170767.0 nan nan 0.1211 nan nan 46.045 nan nan 
1420000.0 4631.0 172020.0 nan nan 0.1211 nan nan 46.285 nan nan 
1430000.0 4658.0 173248.0 nan nan 0.1212 nan nan 45.874 nan nan 
1440000.0 4682.0 174432.0 nan nan 0.1211 nan nan 47.282 nan nan 
1450000.0 4709.0 175594.0 nan nan 0.1211 nan nan 45.747 nan nan 
1460000.0 4734.0 176785.0 nan nan 0.1211 nan nan 45.003 nan nan 
1470000.0 4759.0 177938.0 nan nan 0.121 nan nan 46.949 nan nan 
1480000.0 4791.0 179274.0 nan nan 0.1211 nan nan 44.432 nan nan 
1490000.0 4821.0 180650.0 nan nan 0.1212 nan nan 43.678 nan nan 
1500000.0 4851.0 181985.0 nan nan 0.1213 nan nan 44.479 nan nan 
1510000.0 4881.0 183395.0 nan nan 0.1215 nan nan 44.268 nan nan 
1520000.0 4905.0 184713.0 nan nan 0.1215 nan nan 47.626 nan nan 
1530000.0 4932.0 185906.0 nan nan 0.1215 nan nan 46.398 nan nan 
1540000.0 4956.0 187123.0 nan nan 0.1215 nan nan 46.766 nan nan 
1550000.0 4983.0 188262.0 nan nan 0.1215 nan nan 46.681 nan nan 
1560000.0 5011.0 189605.0 nan nan 0.1215 nan nan 45.852 nan nan 
1570000.0 5034.0 190780.0 nan nan 0.1215 nan nan 46.378 nan nan 
1580000.0 5048.0 191363.0 nan nan 0.1211 nan nan 47.717 nan nan 
1590000.0 5071.0 192441.0 nan nan 0.121 nan nan 47.329 nan nan 
1600000.0 5089.0 193377.0 nan nan 0.1209 nan nan 49.207 nan nan 
1610000.0 5109.0 194508.0 nan nan 0.1208 nan nan 50.149 nan nan 
1620000.0 5133.0 195580.0 nan nan 0.1207 nan nan 49.523 nan nan 
1630000.0 5157.0 196799.0 nan nan 0.1207 nan nan 48.75 nan nan 
1640000.0 5184.0 197988.0 nan nan 0.1207 nan nan 47.155 nan nan 
1650000.0 5208.0 199087.0 nan nan 0.1207 nan nan 46.646 nan nan 
1660000.0 5238.0 200403.0 nan nan 0.1207 nan nan 44.364 nan nan 
1670000.0 5268.0 201726.0 nan nan 0.1208 nan nan 44.076 nan nan 
1680000.0 5295.0 203015.0 nan nan 0.1208 nan nan 44.718 nan nan 
1690000.0 5324.0 204270.0 nan nan 0.1209 nan nan 45.384 nan nan 
1700000.0 5351.0 205489.0 nan nan 0.1209 nan nan 45.286 nan nan 
1710000.0 5376.0 206686.0 nan nan 0.1209 nan nan 45.574 nan nan 
1720000.0 5401.0 207839.0 nan nan 0.1208 nan nan 46.168 nan nan 
1730000.0 5430.0 209102.0 nan nan 0.1209 nan nan 45.109 nan nan 
1740000.0 5457.0 210419.0 nan nan 0.1209 nan nan 45.318 nan nan 
1750000.0 5479.0 211462.0 nan nan 0.1208 nan nan 47.094 nan nan 
1760000.0 5500.0 212498.0 nan nan 0.1207 nan nan 48.443 nan nan 
1770000.0 5519.0 213309.0 nan nan 0.1205 nan nan 46.892 nan nan 
1780000.0 5543.0 214425.0 nan nan 0.1205 nan nan 46.272 nan nan 
1790000.0 5562.0 215356.0 nan nan 0.1203 nan nan 45.891 nan nan 
1800000.0 5581.0 216266.0 nan nan 0.1201 nan nan 47.305 nan nan 
1810000.0 5606.0 217399.0 nan nan 0.1201 nan nan 47.229 nan nan 
1820000.0 5629.0 218641.0 nan nan 0.1201 nan nan 49.827 nan nan 
1830000.0 5656.0 219884.0 nan nan 0.1202 nan nan 48.66 nan nan 
1840000.0 5676.0 220866.0 nan nan 0.12 nan nan 47.176 nan nan 
1850000.0 5702.0 221991.0 nan nan 0.12 nan nan 47.102 nan nan 
1860000.0 5731.0 223328.0 nan nan 0.1201 nan nan 46.796 nan nan 
1870000.0 5754.0 224535.0 nan nan 0.1201 nan nan 48.047 nan nan 
1880000.0 5779.0 225665.0 nan nan 0.12 nan nan 47.128 nan nan 
1890000.0 5807.0 226937.0 nan nan 0.1201 nan nan 47.278 nan nan 
1900000.0 5834.0 228174.0 nan nan 0.1201 nan nan 46.79 nan nan 
1910000.0 5858.0 229348.0 nan nan 0.1201 nan nan 47.61 nan nan 
1920000.0 5880.0 230449.0 nan nan 0.12 nan nan 48.146 nan nan 
1930000.0 5900.0 231427.0 nan nan 0.1199 nan nan 48.56 nan nan 
1940000.0 5924.0 232570.0 nan nan 0.1199 nan nan 48.298 nan nan 
1950000.0 5950.0 233825.0 nan nan 0.1199 nan nan 48.601 nan nan 
1960000.0 5974.0 234966.0 nan nan 0.1199 nan nan 48.349 nan nan 
1970000.0 6003.0 236247.0 nan nan 0.1199 nan nan 46.421 nan nan 
1980000.0 6028.0 237472.0 nan nan 0.1199 nan nan 46.095 nan nan 
1990000.0 6054.0 238653.0 nan nan 0.1199 nan nan 45.971 nan nan 
2000000.0 6084.0 239929.0 nan nan 0.12 nan nan 44.879 nan nan 
2010000.0 6112.0 241261.0 nan nan 0.12 nan nan 45.86 nan nan 
2020000.0 6141.0 242473.0 nan nan 0.12 nan nan 43.654 nan nan 
2030000.0 6164.0 243579.0 nan nan 0.12 nan nan 45.739 nan nan 
2040000.0 6189.0 244772.0 nan nan 0.12 nan nan 45.039 nan nan 
2050000.0 6213.0 245849.0 nan nan 0.1199 nan nan 45.901 nan nan 
2060000.0 6234.0 246889.0 nan nan 0.1198 nan nan 46.751 nan nan 
2070000.0 6260.0 248058.0 nan nan 0.1198 nan nan 46.79 nan nan 
2080000.0 6285.0 249284.0 nan nan 0.1198 nan nan 46.349 nan nan 
2090000.0 6312.0 250457.0 nan nan 0.1198 nan nan 45.444 nan nan 
2100000.0 6336.0 251586.0 nan nan 0.1198 nan nan 44.779 nan nan 
2110000.0 6358.0 252610.0 nan nan 0.1197 nan nan 47.063 nan nan 
2120000.0 6386.0 253851.0 nan nan 0.1197 nan nan 45.793 nan nan 
2130000.0 6408.0 254979.0 nan nan 0.1197 nan nan 46.596 nan nan 
2140000.0 6432.0 256094.0 nan nan 0.1197 nan nan 47.007 nan nan 
2150000.0 6456.0 257292.0 nan nan 0.1197 nan nan 47.255 nan nan 
2160000.0 6483.0 258529.0 nan nan 0.1197 nan nan 47.28 nan nan 
2170000.0 6507.0 259721.0 nan nan 0.1197 nan nan 47.597 nan nan 
2180000.0 6528.0 260755.0 nan nan 0.1196 nan nan 47.42 nan nan 
2190000.0 6552.0 261815.0 nan nan 0.1196 nan nan 47.077 nan nan 
2200000.0 6576.0 262994.0 nan nan 0.1195 nan nan 46.76 nan nan 
2210000.0 6603.0 264266.0 nan nan 0.1196 nan nan 46.167 nan nan 
2220000.0 6630.0 265475.0 nan nan 0.1196 nan nan 45.878 nan nan 
2230000.0 6653.0 266555.0 nan nan 0.1195 nan nan 46.872 nan nan 
2240000.0 6678.0 267821.0 nan nan 0.1196 nan nan 47.15 nan nan 
2250000.0 6705.0 269034.0 nan nan 0.1196 nan nan 46.534 nan nan 
2260000.0 6727.0 270109.0 nan nan 0.1195 nan nan 47.849 nan nan 
2270000.0 6749.0 271088.0 nan nan 0.1194 nan nan 47.025 nan nan 
2280000.0 6771.0 272314.0 nan nan 0.1194 nan nan 48.551 nan nan 
2290000.0 6792.0 273418.0 nan nan 0.1194 nan nan 50.118 nan nan 
2300000.0 6822.0 274711.0 nan nan 0.1194 nan nan 47.134 nan nan 
2310000.0 6849.0 276095.0 nan nan 0.1195 nan nan 48.849 nan nan 
2320000.0 6875.0 277376.0 nan nan 0.1196 nan nan 50.513 nan nan 
2330000.0 6899.0 278424.0 nan nan 0.1195 nan nan 47.914 nan nan 
2340000.0 6921.0 279648.0 nan nan 0.1195 nan nan 49.51 nan nan 
2350000.0 6948.0 280806.0 nan nan 0.1195 nan nan 47.435 nan nan 
2360000.0 6972.0 282018.0 nan nan 0.1195 nan nan 47.349 nan nan 
2370000.0 6997.0 283191.0 nan nan 0.1195 nan nan 47.683 nan nan 
2380000.0 7020.0 284251.0 nan nan 0.1194 nan nan 46.602 nan nan 
2390000.0 7041.0 285226.0 nan nan 0.1193 nan nan 46.905 nan nan 
2400000.0 7063.0 286300.0 nan nan 0.1193 nan nan 47.251 nan nan 
2410000.0 7081.0 287202.0 nan nan 0.1192 nan nan 47.261 nan nan 
2420000.0 7107.0 288372.0 nan nan 0.1192 nan nan 46.929 nan nan 
2430000.0 7125.0 289285.0 nan nan 0.119 nan nan 46.671 nan nan 
2440000.0 7151.0 290447.0 nan nan 0.119 nan nan 46.775 nan nan 
2450000.0 7169.0 291305.0 nan nan 0.1189 nan nan 47.163 nan nan 
2460000.0 7196.0 292516.0 nan nan 0.1189 nan nan 46.463 nan nan 
2470000.0 7214.0 293367.0 nan nan 0.1188 nan nan 45.098 nan nan 
2480000.0 7239.0 294663.0 nan nan 0.1188 nan nan 46.602 nan nan 
2490000.0 7263.0 295771.0 nan nan 0.1188 nan nan 46.705 nan nan 
2500000.0 7282.0 296669.0 nan nan 0.1187 nan nan 48.407 nan nan 
2510000.0 7302.0 297680.0 nan nan 0.1186 nan nan 47.158 nan nan 
2520000.0 7324.0 298703.0 nan nan 0.1185 nan nan 48.163 nan nan 
2530000.0 7352.0 299879.0 nan nan 0.1185 nan nan 46.14 nan nan 
2540000.0 7375.0 301040.0 nan nan 0.1185 nan nan 47.591 nan nan 
2550000.0 7402.0 302264.0 nan nan 0.1185 nan nan 45.962 nan nan 
2560000.0 7426.0 303408.0 nan nan 0.1185 nan nan 47.49 nan nan 
2570000.0 7442.0 304174.0 nan nan 0.1184 nan nan 47.932 nan nan 
2580000.0 7463.0 305171.0 nan nan 0.1183 nan nan 47.868 nan nan 
2590000.0 7491.0 306473.0 nan nan 0.1183 nan nan 45.545 nan nan 
2600000.0 7514.0 307614.0 nan nan 0.1183 nan nan 47.294 nan nan 
2610000.0 7533.0 308621.0 nan nan 0.1182 nan nan 48.808 nan nan 
2620000.0 7554.0 309676.0 nan nan 0.1182 nan nan 48.531 nan nan 
2630000.0 7578.0 310790.0 nan nan 0.1182 nan nan 47.121 nan nan 
2640000.0 7599.0 311666.0 nan nan 0.1181 nan nan 46.753 nan nan 
2650000.0 7621.0 312767.0 nan nan 0.118 nan nan 47.765 nan nan 
2660000.0 7643.0 313746.0 nan nan 0.1179 nan nan 47.01 nan nan 
2670000.0 7658.0 314503.0 nan nan 0.1178 nan nan 47.994 nan nan 
2680000.0 7677.0 315391.0 nan nan 0.1177 nan nan 47.351 nan nan 
2690000.0 7698.0 316433.0 nan nan 0.1176 nan nan 46.934 nan nan 
2700000.0 7717.0 317368.0 nan nan 0.1175 nan nan 48.452 nan nan 
2710000.0 7728.0 317935.0 nan nan 0.1173 nan nan 47.113 nan nan 
2720000.0 7757.0 319152.0 nan nan 0.1173 nan nan 46.529 nan nan 
2730000.0 7783.0 320410.0 nan nan 0.1174 nan nan 45.946 nan nan 
2740000.0 7812.0 321596.0 nan nan 0.1174 nan nan 44.135 nan nan 
2750000.0 7835.0 322725.0 nan nan 0.1174 nan nan 46.301 nan nan 
2760000.0 7857.0 323729.0 nan nan 0.1173 nan nan 45.524 nan nan 
2770000.0 7879.0 324767.0 nan nan 0.1172 nan nan 45.157 nan nan 
2780000.0 7905.0 325888.0 nan nan 0.1172 nan nan 44.393 nan nan 
2790000.0 7923.0 326709.0 nan nan 0.1171 nan nan 45.522 nan nan 
2800000.0 7944.0 327778.0 nan nan 0.1171 nan nan 45.819 nan nan 
2810000.0 7963.0 328717.0 nan nan 0.117 nan nan 48.474 nan nan 
2820000.0 7989.0 329779.0 nan nan 0.1169 nan nan 45.48 nan nan 
2830000.0 8010.0 330895.0 nan nan 0.1169 nan nan 45.707 nan nan 
2840000.0 8030.0 331738.0 nan nan 0.1168 nan nan 46.724 nan nan 
2850000.0 8052.0 332787.0 nan nan 0.1168 nan nan 45.962 nan nan 
2860000.0 8070.0 333652.0 nan nan 0.1167 nan nan 46.699 nan nan 
2870000.0 8085.0 334527.0 nan nan 0.1166 nan nan 49.586 nan nan 
2880000.0 8105.0 335527.0 nan nan 0.1165 nan nan 50.0 nan nan 
2890000.0 8122.0 336524.0 nan nan 0.1164 nan nan 51.18 nan nan 
2900000.0 8140.0 337332.0 nan nan 0.1163 nan nan 50.412 nan nan 
2910000.0 8166.0 338602.0 nan nan 0.1164 nan nan 47.778 nan nan 
2920000.0 8196.0 339822.0 nan nan 0.1164 nan nan 45.952 nan nan 
2930000.0 8212.0 340662.0 nan nan 0.1163 nan nan 48.247 nan nan 
2940000.0 8226.0 341445.0 nan nan 0.1161 nan nan 47.974 nan nan 
2950000.0 8251.0 342529.0 nan nan 0.1161 nan nan 48.123 nan nan 
2960000.0 8271.0 343743.0 nan nan 0.1161 nan nan 51.288 nan nan 
2970000.0 8289.0 344717.0 nan nan 0.1161 nan nan 52.936 nan nan 
2980000.0 8309.0 345873.0 nan nan 0.1161 nan nan 54.784 nan nan 
2990000.0 8333.0 346954.0 nan nan 0.116 nan nan 50.164 nan nan 
3000000.0 8361.0 348238.0 nan nan 0.1161 nan nan 47.692 nan nan 
3010000.0 8390.0 349488.0 nan nan 0.1161 nan nan 45.767 nan nan 
3020000.0 8411.0 350534.0 nan nan 0.1161 nan nan 47.635 nan nan 
3030000.0 8436.0 351788.0 nan nan 0.1161 nan nan 47.066 nan nan 
3040000.0 8458.0 352842.0 nan nan 0.1161 nan nan 48.399 nan nan 
3050000.0 8482.0 353984.0 nan nan 0.1161 nan nan 48.07 nan nan 
3060000.0 8505.0 355024.0 nan nan 0.116 nan nan 47.155 nan nan 
3070000.0 8530.0 356278.0 nan nan 0.1161 nan nan 47.213 nan nan 
3080000.0 8547.0 357176.0 nan nan 0.116 nan nan 49.624 nan nan 
3090000.0 8564.0 358045.0 nan nan 0.1159 nan nan 50.282 nan nan 
3100000.0 8592.0 359241.0 nan nan 0.1159 nan nan 46.998 nan nan 
3110000.0 8608.0 360322.0 nan nan 0.1159 nan nan 52.903 nan nan 
3120000.0 8631.0 361389.0 nan nan 0.1158 nan nan 49.568 nan nan 
3130000.0 8656.0 362491.0 nan nan 0.1158 nan nan 47.65 nan nan 
3140000.0 8675.0 363474.0 nan nan 0.1158 nan nan 49.172 nan nan 
3150000.0 8696.0 364499.0 nan nan 0.1157 nan nan 48.74 nan nan 
3160000.0 8711.0 365239.0 nan nan 0.1156 nan nan 49.162 nan nan 
3170000.0 8729.0 366120.0 nan nan 0.1155 nan nan 49.172 nan nan 
3180000.0 8749.0 367126.0 nan nan 0.1154 nan nan 49.204 nan nan 
3190000.0 8765.0 367979.0 nan nan 0.1154 nan nan 51.395 nan nan 
3200000.0 8783.0 368828.0 nan nan 0.1153 nan nan 50.155 nan nan 
3210000.0 8798.0 369687.0 nan nan 0.1152 nan nan 50.045 nan nan 
3220000.0 8821.0 370826.0 nan nan 0.1152 nan nan 51.042 nan nan 
3230000.0 8839.0 371661.0 nan nan 0.1151 nan nan 50.322 nan nan 
3240000.0 8856.0 372499.0 nan nan 0.115 nan nan 48.444 nan nan 
3250000.0 8877.0 373473.0 nan nan 0.1149 nan nan 48.06 nan nan 
3260000.0 8893.0 374401.0 nan nan 0.1148 nan nan 51.698 nan nan 
3270000.0 8913.0 375298.0 nan nan 0.1148 nan nan 49.404 nan nan 
3280000.0 8929.0 376171.0 nan nan 0.1147 nan nan 50.464 nan nan 
3290000.0 8949.0 377051.0 nan nan 0.1146 nan nan 48.77 nan nan 
3300000.0 8975.0 378268.0 nan nan 0.1146 nan nan 47.878 nan nan 
3310000.0 8998.0 379386.0 nan nan 0.1146 nan nan 48.025 nan nan 
3320000.0 9022.0 380467.0 nan nan 0.1146 nan nan 46.612 nan nan 
3330000.0 9046.0 381637.0 nan nan 0.1146 nan nan 48.405 nan nan 
3340000.0 9071.0 382742.0 nan nan 0.1146 nan nan 45.242 nan nan 
3350000.0 9096.0 383908.0 nan nan 0.1146 nan nan 46.465 nan nan 
3360000.0 9118.0 384991.0 nan nan 0.1146 nan nan 47.681 nan nan 
3370000.0 9143.0 386119.0 nan nan 0.1146 nan nan 46.933 nan nan 
3380000.0 9163.0 387273.0 nan nan 0.1146 nan nan 49.948 nan nan 
3390000.0 9183.0 388197.0 nan nan 0.1145 nan nan 48.792 nan nan 
3400000.0 9201.0 389139.0 nan nan 0.1145 nan nan 48.495 nan nan 
3410000.0 9227.0 390278.0 nan nan 0.1145 nan nan 48.572 nan nan 
3420000.0 9246.0 391231.0 nan nan 0.1144 nan nan 47.799 nan nan 
3430000.0 9268.0 392398.0 nan nan 0.1144 nan nan 50.167 nan nan 
3440000.0 9289.0 393426.0 nan nan 0.1144 nan nan 50.233 nan nan 
3450000.0 9309.0 394316.0 nan nan 0.1143 nan nan 48.539 nan nan 
3460000.0 9330.0 395311.0 nan nan 0.1143 nan nan 47.37 nan nan 
3470000.0 9354.0 396392.0 nan nan 0.1142 nan nan 46.526 nan nan 
3480000.0 9374.0 397354.0 nan nan 0.1142 nan nan 47.031 nan nan 
3490000.0 9392.0 398359.0 nan nan 0.1141 nan nan 49.654 nan nan 
3500000.0 9416.0 399491.0 nan nan 0.1141 nan nan 48.842 nan nan 
3510000.0 9435.0 400691.0 nan nan 0.1142 nan nan 52.205 nan nan 
3520000.0 9464.0 401943.0 nan nan 0.1142 nan nan 47.801 nan nan 
3530000.0 9489.0 403123.0 nan nan 0.1142 nan nan 47.799 nan nan 
3540000.0 9513.0 404235.0 nan nan 0.1142 nan nan 47.256 nan nan 
3550000.0 9535.0 405434.0 nan nan 0.1142 nan nan 48.706 nan nan 
3560000.0 9555.0 406424.0 nan nan 0.1142 nan nan 49.16 nan nan 
3570000.0 9579.0 407570.0 nan nan 0.1142 nan nan 48.168 nan nan 
3580000.0 9602.0 408525.0 nan nan 0.1141 nan nan 46.835 nan nan 
3590000.0 9623.0 409589.0 nan nan 0.1141 nan nan 47.938 nan nan 
3600000.0 9647.0 410701.0 nan nan 0.1141 nan nan 47.319 nan nan 
3610000.0 9671.0 411822.0 nan nan 0.1141 nan nan 47.268 nan nan 
3620000.0 9691.0 412948.0 nan nan 0.1141 nan nan 50.784 nan nan 
3630000.0 9715.0 414033.0 nan nan 0.1141 nan nan 48.807 nan nan 
3640000.0 9735.0 414956.0 nan nan 0.114 nan nan 47.262 nan nan 
3650000.0 9762.0 416136.0 nan nan 0.114 nan nan 45.953 nan nan 
3660000.0 9783.0 417170.0 nan nan 0.114 nan nan 46.874 nan nan 
3670000.0 9803.0 418169.0 nan nan 0.1139 nan nan 48.096 nan nan 
3680000.0 9820.0 419089.0 nan nan 0.1139 nan nan 49.306 nan nan 
3690000.0 9841.0 420151.0 nan nan 0.1139 nan nan 49.522 nan nan 
3700000.0 9855.0 421033.0 nan nan 0.1138 nan nan 52.172 nan nan 
3710000.0 9879.0 422011.0 nan nan 0.1137 nan nan 48.788 nan nan 
3720000.0 9899.0 422949.0 nan nan 0.1137 nan nan 47.842 nan nan 
3730000.0 9921.0 423984.0 nan nan 0.1137 nan nan 46.644 nan nan 
3740000.0 9945.0 425100.0 nan nan 0.1137 nan nan 47.055 nan nan 
3750000.0 9963.0 426095.0 nan nan 0.1136 nan nan 49.962 nan nan 
3760000.0 9989.0 427286.0 nan nan 0.1136 nan nan 48.398 nan nan 
3770000.0 10013.0 428412.0 nan nan 0.1136 nan nan 47.888 nan nan 
3780000.0 10030.0 429260.0 nan nan 0.1136 nan nan 48.78 nan nan 
3790000.0 10054.0 430420.0 nan nan 0.1136 nan nan 48.633 nan nan 
3800000.0 10081.0 431571.0 nan nan 0.1136 nan nan 46.363 nan nan 
3810000.0 10101.0 432750.0 nan nan 0.1136 nan nan 50.375 nan nan 
3820000.0 10129.0 434023.0 nan nan 0.1136 nan nan 47.759 nan nan 
3830000.0 10150.0 435055.0 nan nan 0.1136 nan nan 48.726 nan nan 
3840000.0 10177.0 436365.0 nan nan 0.1136 nan nan 46.857 nan nan 
3850000.0 10203.0 437555.0 nan nan 0.1137 nan nan 46.61 nan nan 
3860000.0 10227.0 438745.0 nan nan 0.1137 nan nan 46.786 nan nan 
3870000.0 10248.0 439787.0 nan nan 0.1136 nan nan 49.514 nan nan 
3880000.0 10269.0 440900.0 nan nan 0.1136 nan nan 48.623 nan nan 
3890000.0 10293.0 442018.0 nan nan 0.1136 nan nan 47.795 nan nan 
3900000.0 10317.0 443026.0 nan nan 0.1136 nan nan 47.011 nan nan 
3910000.0 10338.0 444270.0 nan nan 0.1136 nan nan 49.066 nan nan 
3920000.0 10360.0 445344.0 nan nan 0.1136 nan nan 49.833 nan nan 
3930000.0 10380.0 446564.0 nan nan 0.1136 nan nan 52.053 nan nan 
3940000.0 10399.0 447531.0 nan nan 0.1136 nan nan 53.919 nan nan 
3950000.0 10417.0 448434.0 nan nan 0.1135 nan nan 52.636 nan nan 
3960000.0 10433.0 449421.0 nan nan 0.1135 nan nan 54.932 nan nan 
3970000.0 10452.0 450298.0 nan nan 0.1134 nan nan 52.408 nan nan 
3980000.0 10474.0 451408.0 nan nan 0.1134 nan nan 51.068 nan nan 
3990000.0 10488.0 452171.0 nan nan 0.1133 nan nan 52.623 nan nan 
4000000.0 10510.0 453289.0 nan nan 0.1133 nan nan 51.325 nan nan 
4010000.0 10527.0 454325.0 nan nan 0.1133 nan nan 52.664 nan nan 
4020000.0 10544.0 455363.0 nan nan 0.1133 nan nan 56.57 nan nan 
4030000.0 10560.0 456250.0 nan nan 0.1132 nan nan 55.355 nan nan 
4040000.0 10578.0 457241.0 nan nan 0.1132 nan nan 55.452 nan nan 
4050000.0 10599.0 458255.0 nan nan 0.1131 nan nan 52.872 nan nan 
4060000.0 10621.0 459419.0 nan nan 0.1132 nan nan 52.076 nan nan 
4070000.0 10638.0 460397.0 nan nan 0.1131 nan nan 51.269 nan nan 
4080000.0 10659.0 461258.0 nan nan 0.1131 nan nan 49.455 nan nan 
4090000.0 10676.0 462104.0 nan nan 0.113 nan nan 50.091 nan nan 
4100000.0 10687.0 462855.0 nan nan 0.1129 nan nan 53.686 nan nan 
4110000.0 10701.0 463533.0 nan nan 0.1128 nan nan 50.676 nan nan 
4120000.0 10719.0 464592.0 nan nan 0.1128 nan nan 52.507 nan nan 
4130000.0 10739.0 465503.0 nan nan 0.1127 nan nan 51.725 nan nan 
4140000.0 10759.0 466437.0 nan nan 0.1127 nan nan 49.972 nan nan 
4150000.0 10782.0 467564.0 nan nan 0.1127 nan nan 49.197 nan nan 
4160000.0 10806.0 468813.0 nan nan 0.1127 nan nan 48.242 nan nan 
4170000.0 10833.0 469961.0 nan nan 0.1127 nan nan 46.146 nan nan 
4180000.0 10853.0 470859.0 nan nan 0.1126 nan nan 47.665 nan nan 
4190000.0 10869.0 471621.0 nan nan 0.1126 nan nan 47.18 nan nan 
4200000.0 10883.0 472340.0 nan nan 0.1125 nan nan 48.577 nan nan 
4210000.0 10904.0 473322.0 nan nan 0.1124 nan nan 47.935 nan nan 
4220000.0 10922.0 474238.0 nan nan 0.1124 nan nan 48.933 nan nan 
4230000.0 10939.0 475226.0 nan nan 0.1123 nan nan 51.073 nan nan 
4240000.0 10951.0 475840.0 nan nan 0.1122 nan nan 52.026 nan nan 
4250000.0 10969.0 476836.0 nan nan 0.1122 nan nan 52.555 nan nan 
4260000.0 10983.0 477507.0 nan nan 0.1121 nan nan 50.713 nan nan 
4270000.0 11004.0 478522.0 nan nan 0.1121 nan nan 49.142 nan nan 
4280000.0 11025.0 479538.0 nan nan 0.112 nan nan 48.522 nan nan 
4290000.0 11044.0 480452.0 nan nan 0.112 nan nan 50.019 nan nan 
4300000.0 11060.0 481181.0 nan nan 0.1119 nan nan 48.958 nan nan 
4310000.0 11076.0 481924.0 nan nan 0.1118 nan nan 48.291 nan nan 
4320000.0 11088.0 482634.0 nan nan 0.1117 nan nan 48.53 nan nan 
4330000.0 11109.0 483711.0 nan nan 0.1117 nan nan 50.779 nan nan 
4340000.0 11130.0 484724.0 nan nan 0.1117 nan nan 48.726 nan nan 
4350000.0 11154.0 485799.0 nan nan 0.1117 nan nan 48.169 nan nan 
4360000.0 11173.0 486821.0 nan nan 0.1117 nan nan 50.146 nan nan 
4370000.0 11188.0 487727.0 nan nan 0.1116 nan nan 52.569 nan nan 
4380000.0 11210.0 488735.0 nan nan 0.1116 nan nan 50.044 nan nan 
4390000.0 11232.0 489836.0 nan nan 0.1116 nan nan 50.22 nan nan 
4400000.0 11258.0 491081.0 nan nan 0.1116 nan nan 48.787 nan nan 
4410000.0 11270.0 491992.0 nan nan 0.1116 nan nan 54.752 nan nan 
4420000.0 11288.0 492850.0 nan nan 0.1115 nan nan 52.08 nan nan 
4430000.0 11304.0 493752.0 nan nan 0.1115 nan nan 51.375 nan nan 
4440000.0 11328.0 494804.0 nan nan 0.1114 nan nan 49.219 nan nan 
4450000.0 11351.0 495892.0 nan nan 0.1114 nan nan 49.584 nan nan 
4460000.0 11368.0 496909.0 nan nan 0.1114 nan nan 52.893 nan nan 
4470000.0 11388.0 497968.0 nan nan 0.1114 nan nan 51.071 nan nan 
4480000.0 11409.0 498999.0 nan nan 0.1114 nan nan 51.895 nan nan 
4490000.0 11425.0 499850.0 nan nan 0.1113 nan nan 52.021 nan nan 
4500000.0 11441.0 500737.0 nan nan 0.1113 nan nan 53.847 nan nan 
4510000.0 11460.0 501657.0 nan nan 0.1112 nan nan 52.088 nan nan 
4520000.0 11479.0 502615.0 nan nan 0.1112 nan nan 51.162 nan nan 
4530000.0 11503.0 503880.0 nan nan 0.1112 nan nan 51.694 nan nan 
4540000.0 11526.0 504974.0 nan nan 0.1112 nan nan 48.869 nan nan 
4550000.0 11549.0 506027.0 nan nan 0.1112 nan nan 49.143 nan nan 
4560000.0 11567.0 506909.0 nan nan 0.1112 nan nan 49.207 nan nan 
4570000.0 11586.0 507855.0 nan nan 0.1111 nan nan 48.554 nan nan 
4580000.0 11607.0 508957.0 nan nan 0.1111 nan nan 48.573 nan nan 
4590000.0 11631.0 510018.0 nan nan 0.1111 nan nan 47.381 nan nan 
4600000.0 11649.0 510906.0 nan nan 0.1111 nan nan 47.906 nan nan 
4610000.0 11661.0 511774.0 nan nan 0.111 nan nan 51.534 nan nan 
4620000.0 11683.0 512807.0 nan nan 0.111 nan nan 51.809 nan nan 
4630000.0 11710.0 514035.0 nan nan 0.111 nan nan 49.848 nan nan 
4640000.0 11733.0 515188.0 nan nan 0.111 nan nan 47.977 nan nan 
4650000.0 11756.0 516220.0 nan nan 0.111 nan nan 48.458 nan nan 
4660000.0 11777.0 517291.0 nan nan 0.111 nan nan 49.377 nan nan 
4670000.0 11801.0 518486.0 nan nan 0.111 nan nan 49.116 nan nan 
4680000.0 11826.0 519698.0 nan nan 0.111 nan nan 47.919 nan nan 
4690000.0 11855.0 521013.0 nan nan 0.1111 nan nan 47.415 nan nan 
4700000.0 11876.0 522185.0 nan nan 0.1111 nan nan 50.826 nan nan 
4710000.0 11895.0 523301.0 nan nan 0.1111 nan nan 52.24 nan nan 
4720000.0 11912.0 524418.0 nan nan 0.1111 nan nan 57.236 nan nan 
4730000.0 11928.0 525198.0 nan nan 0.111 nan nan 54.278 nan nan 
4740000.0 11949.0 526238.0 nan nan 0.111 nan nan 51.639 nan nan 
4750000.0 11968.0 527168.0 nan nan 0.111 nan nan 50.996 nan nan 
4760000.0 11989.0 528137.0 nan nan 0.111 nan nan 49.789 nan nan 
4770000.0 12009.0 529093.0 nan nan 0.1109 nan nan 49.237 nan nan 
4780000.0 12030.0 530250.0 nan nan 0.1109 nan nan 50.465 nan nan 
4790000.0 12051.0 531375.0 nan nan 0.1109 nan nan 49.164 nan nan 
4800000.0 12066.0 532135.0 nan nan 0.1109 nan nan 51.637 nan nan 
4810000.0 12084.0 533252.0 nan nan 0.1109 nan nan 52.874 nan nan 
4820000.0 12101.0 534027.0 nan nan 0.1108 nan nan 52.574 nan nan 
4830000.0 12125.0 535176.0 nan nan 0.1108 nan nan 51.038 nan nan 
4840000.0 12150.0 536346.0 nan nan 0.1108 nan nan 49.094 nan nan 
4850000.0 12174.0 537520.0 nan nan 0.1108 nan nan 47.833 nan nan 
4860000.0 12192.0 538349.0 nan nan 0.1108 nan nan 47.631 nan nan 
4870000.0 12213.0 539439.0 nan nan 0.1108 nan nan 49.135 nan nan 
4880000.0 12234.0 540412.0 nan nan 0.1107 nan nan 47.804 nan nan 
4890000.0 12258.0 541579.0 nan nan 0.1108 nan nan 46.287 nan nan 
4900000.0 12280.0 542647.0 nan nan 0.1107 nan nan 47.679 nan nan 
4910000.0 12291.0 543244.0 nan nan 0.1106 nan nan 47.343 nan nan 
4920000.0 12312.0 544115.0 nan nan 0.1106 nan nan 47.516 nan nan 
4930000.0 12332.0 545065.0 nan nan 0.1106 nan nan 47.491 nan nan 
4940000.0 12349.0 545946.0 nan nan 0.1105 nan nan 47.285 nan nan 
4950000.0 12359.0 546378.0 nan nan 0.1104 nan nan 47.989 nan nan 
4960000.0 12368.0 546780.0 nan nan 0.1102 nan nan 47.022 nan nan 
4970000.0 12391.0 547765.0 nan nan 0.1102 nan nan 45.937 nan nan 
4980000.0 12414.0 548730.0 nan nan 0.1102 nan nan 44.411 nan nan 
4990000.0 12435.0 549761.0 nan nan 0.1102 nan nan 44.519 nan nan 
5000000.0 12459.0 550945.0 nan nan 0.1102 nan nan 45.637 nan nan 
5010000.0 12475.0 551858.0 nan nan 0.1102 nan nan 50.675 nan nan 
5020000.0 12499.0 552908.0 nan nan 0.1101 nan nan 47.658 nan nan 
5030000.0 12517.0 553749.0 nan nan 0.1101 nan nan 47.002 nan nan 
5040000.0 12540.0 554815.0 nan nan 0.1101 nan nan 46.988 nan nan 
5050000.0 12557.0 555644.0 nan nan 0.11 nan nan 47.924 nan nan 
5060000.0 12582.0 556747.0 nan nan 0.11 nan nan 46.399 nan nan 
5070000.0 12598.0 557624.0 nan nan 0.11 nan nan 48.372 nan nan 
5080000.0 12617.0 558510.0 nan nan 0.1099 nan nan 47.585 nan nan 
5090000.0 12635.0 559553.0 nan nan 0.1099 nan nan 50.074 nan nan 
5100000.0 12655.0 560562.0 nan nan 0.1099 nan nan 49.244 nan nan 
5110000.0 12676.0 561625.0 nan nan 0.1099 nan nan 50.182 nan nan 
5120000.0 12693.0 562491.0 nan nan 0.1099 nan nan 49.841 nan nan 
5130000.0 12717.0 563557.0 nan nan 0.1099 nan nan 47.357 nan nan 
5140000.0 12736.0 564480.0 nan nan 0.1098 nan nan 48.91 nan nan 
5150000.0 12759.0 565450.0 nan nan 0.1098 nan nan 45.642 nan nan 
5160000.0 12782.0 566542.0 nan nan 0.1098 nan nan 46.68 nan nan 
5170000.0 12807.0 567681.0 nan nan 0.1098 nan nan 45.392 nan nan 
5180000.0 12830.0 568726.0 nan nan 0.1098 nan nan 46.558 nan nan 
5190000.0 12849.0 569743.0 nan nan 0.1098 nan nan 46.47 nan nan 
5200000.0 12868.0 570729.0 nan nan 0.1098 nan nan 50.377 nan nan 
5210000.0 12885.0 571696.0 nan nan 0.1097 nan nan 50.482 nan nan 
5220000.0 12903.0 572517.0 nan nan 0.1097 nan nan 50.01 nan nan 
5230000.0 12924.0 573723.0 nan nan 0.1097 nan nan 52.141 nan nan 
5240000.0 12940.0 574847.0 nan nan 0.1097 nan nan 56.241 nan nan 
5250000.0 12959.0 575774.0 nan nan 0.1097 nan nan 54.906 nan nan 
5260000.0 12977.0 576883.0 nan nan 0.1097 nan nan 55.606 nan nan 
5270000.0 12994.0 577881.0 nan nan 0.1097 nan nan 55.676 nan nan 
5280000.0 13013.0 578831.0 nan nan 0.1096 nan nan 54.457 nan nan 
5290000.0 13036.0 580022.0 nan nan 0.1096 nan nan 53.737 nan nan 
5300000.0 13057.0 581010.0 nan nan 0.1096 nan nan 49.84 nan nan 
5310000.0 13071.0 581758.0 nan nan 0.1096 nan nan 50.547 nan nan 
5320000.0 13090.0 582633.0 nan nan 0.1095 nan nan 49.932 nan nan 
5330000.0 13107.0 583372.0 nan nan 0.1095 nan nan 47.039 nan nan 
5340000.0 13123.0 584230.0 nan nan 0.1094 nan nan 49.908 nan nan 
5350000.0 13140.0 585058.0 nan nan 0.1094 nan nan 48.161 nan nan 
5360000.0 13161.0 586118.0 nan nan 0.1094 nan nan 48.202 nan nan 
5370000.0 13183.0 587131.0 nan nan 0.1093 nan nan 48.753 nan nan 
5380000.0 13198.0 587956.0 nan nan 0.1093 nan nan 51.175 nan nan 
5390000.0 13219.0 588975.0 nan nan 0.1093 nan nan 50.45 nan nan 
5400000.0 13237.0 590009.0 nan nan 0.1093 nan nan 52.331 nan nan 
5410000.0 13259.0 590987.0 nan nan 0.1092 nan nan 50.181 nan nan 
5420000.0 13278.0 592037.0 nan nan 0.1092 nan nan 50.867 nan nan 
5430000.0 13299.0 593124.0 nan nan 0.1092 nan nan 50.714 nan nan 
5440000.0 13318.0 594208.0 nan nan 0.1092 nan nan 53.29 nan nan 
5450000.0 13332.0 595089.0 nan nan 0.1092 nan nan 55.067 nan nan 
5460000.0 13349.0 595915.0 nan nan 0.1091 nan nan 53.406 nan nan 
5470000.0 13364.0 596749.0 nan nan 0.1091 nan nan 53.719 nan nan 
5480000.0 13384.0 597701.0 nan nan 0.1091 nan nan 51.321 nan nan 
5490000.0 13398.0 598413.0 nan nan 0.109 nan nan 50.58 nan nan 
5500000.0 13416.0 599342.0 nan nan 0.109 nan nan 51.682 nan nan 
5510000.0 13438.0 600472.0 nan nan 0.109 nan nan 49.748 nan nan 
5520000.0 13461.0 601566.0 nan nan 0.109 nan nan 49.437 nan nan 
5530000.0 13486.0 602724.0 nan nan 0.109 nan nan 48.968 nan nan 
5540000.0 13506.0 603578.0 nan nan 0.1089 nan nan 46.723 nan nan 
5550000.0 13527.0 604730.0 nan nan 0.109 nan nan 47.23 nan nan 
5560000.0 13553.0 605844.0 nan nan 0.109 nan nan 47.622 nan nan 
5570000.0 13574.0 606988.0 nan nan 0.109 nan nan 49.527 nan nan 
5580000.0 13596.0 608031.0 nan nan 0.109 nan nan 48.822 nan nan 
5590000.0 13615.0 609035.0 nan nan 0.109 nan nan 48.398 nan nan 
5600000.0 13638.0 610044.0 nan nan 0.1089 nan nan 47.898 nan nan 
5610000.0 13656.0 610933.0 nan nan 0.1089 nan nan 48.089 nan nan 
5620000.0 13677.0 612007.0 nan nan 0.1089 nan nan 48.953 nan nan 
5630000.0 13699.0 613177.0 nan nan 0.1089 nan nan 50.189 nan nan 
5640000.0 13722.0 614232.0 nan nan 0.1089 nan nan 48.102 nan nan 
5650000.0 13742.0 615195.0 nan nan 0.1089 nan nan 48.746 nan nan 
5660000.0 13758.0 615958.0 nan nan 0.1088 nan nan 48.094 nan nan 
5670000.0 13776.0 616805.0 nan nan 0.1088 nan nan 47.827 nan nan 
5680000.0 13798.0 617927.0 nan nan 0.1088 nan nan 47.211 nan nan 
5690000.0 13825.0 619125.0 nan nan 0.1088 nan nan 47.237 nan nan 
5700000.0 13848.0 620254.0 nan nan 0.1088 nan nan 48.371 nan nan 
5710000.0 13863.0 621192.0 nan nan 0.1088 nan nan 51.653 nan nan 
5720000.0 13887.0 622328.0 nan nan 0.1088 nan nan 48.26 nan nan 
5730000.0 13909.0 623414.0 nan nan 0.1088 nan nan 49.483 nan nan 
5740000.0 13926.0 624261.0 nan nan 0.1088 nan nan 48.365 nan nan 
5750000.0 13948.0 625298.0 nan nan 0.1087 nan nan 48.401 nan nan 
5760000.0 13963.0 626193.0 nan nan 0.1087 nan nan 52.553 nan nan 
5770000.0 13984.0 627334.0 nan nan 0.1087 nan nan 53.984 nan nan 
5780000.0 14001.0 628301.0 nan nan 0.1087 nan nan 53.42 nan nan 
5790000.0 14022.0 629276.0 nan nan 0.1087 nan nan 51.503 nan nan 
5800000.0 14038.0 630137.0 nan nan 0.1086 nan nan 52.31 nan nan 
5810000.0 14058.0 631054.0 nan nan 0.1086 nan nan 49.918 nan nan 
5820000.0 14079.0 632118.0 nan nan 0.1086 nan nan 49.987 nan nan 
5830000.0 14103.0 633304.0 nan nan 0.1086 nan nan 47.776 nan nan 
5840000.0 14130.0 634497.0 nan nan 0.1086 nan nan 47.069 nan nan 
5850000.0 14147.0 635337.0 nan nan 0.1086 nan nan 48.643 nan nan 
5860000.0 14171.0 636489.0 nan nan 0.1086 nan nan 48.46 nan nan 
5870000.0 14193.0 637645.0 nan nan 0.1086 nan nan 47.696 nan nan 
5880000.0 14206.0 638397.0 nan nan 0.1086 nan nan 52.501 nan nan 
5890000.0 14223.0 639317.0 nan nan 0.1085 nan nan 52.033 nan nan 
5900000.0 14243.0 640300.0 nan nan 0.1085 nan nan 51.38 nan nan 
5910000.0 14264.0 641308.0 nan nan 0.1085 nan nan 50.08 nan nan 
5920000.0 14285.0 642335.0 nan nan 0.1085 nan nan 49.952 nan nan 
5930000.0 14307.0 643346.0 nan nan 0.1085 nan nan 47.816 nan nan 
5940000.0 14325.0 644447.0 nan nan 0.1085 nan nan 50.573 nan nan 
5950000.0 14347.0 645569.0 nan nan 0.1085 nan nan 52.255 nan nan 
5960000.0 14366.0 646547.0 nan nan 0.1085 nan nan 52.195 nan nan 
5970000.0 14388.0 647607.0 nan nan 0.1085 nan nan 50.088 nan nan 
5980000.0 14403.0 648432.0 nan nan 0.1084 nan nan 51.964 nan nan 
5990000.0 14423.0 649425.0 nan nan 0.1084 nan nan 51.532 nan nan 
6000000.0 14446.0 650540.0 nan nan 0.1084 nan nan 50.11 nan nan 
6010000.0 14467.0 651424.0 nan nan 0.1084 nan nan 47.646 nan nan 
6020000.0 14490.0 652589.0 nan nan 0.1084 nan nan 46.847 nan nan 
6030000.0 14508.0 653481.0 nan nan 0.1084 nan nan 47.414 nan nan 
6040000.0 14529.0 654527.0 nan nan 0.1084 nan nan 47.85 nan nan 
6050000.0 14544.0 655165.0 nan nan 0.1083 nan nan 48.005 nan nan 
6060000.0 14562.0 656167.0 nan nan 0.1083 nan nan 49.531 nan nan 
6070000.0 14585.0 657306.0 nan nan 0.1083 nan nan 50.051 nan nan 
6080000.0 14608.0 658551.0 nan nan 0.1083 nan nan 51.639 nan nan 
6090000.0 14625.0 659499.0 nan nan 0.1083 nan nan 51.112 nan nan 
6100000.0 14643.0 660416.0 nan nan 0.1083 nan nan 52.967 nan nan 
6110000.0 14662.0 661508.0 nan nan 0.1083 nan nan 52.649 nan nan 
6120000.0 14679.0 662345.0 nan nan 0.1082 nan nan 52.32 nan nan 
6130000.0 14698.0 663388.0 nan nan 0.1082 nan nan 53.756 nan nan 
6140000.0 14724.0 664539.0 nan nan 0.1082 nan nan 49.633 nan nan 
6150000.0 14744.0 665541.0 nan nan 0.1082 nan nan 50.142 nan nan 
6160000.0 14766.0 666525.0 nan nan 0.1082 nan nan 48.181 nan nan 
6170000.0 14785.0 667620.0 nan nan 0.1082 nan nan 49.913 nan nan 
6180000.0 14800.0 668552.0 nan nan 0.1082 nan nan 54.078 nan nan 
6190000.0 14823.0 669758.0 nan nan 0.1082 nan nan 52.967 nan nan 
6200000.0 14840.0 670634.0 nan nan 0.1082 nan nan 52.625 nan nan 
6210000.0 14856.0 671658.0 nan nan 0.1082 nan nan 53.4 nan nan 
6220000.0 14875.0 672538.0 nan nan 0.1081 nan nan 52.024 nan nan 
6230000.0 14895.0 673471.0 nan nan 0.1081 nan nan 50.899 nan nan 
6240000.0 14912.0 674433.0 nan nan 0.1081 nan nan 50.503 nan nan 
6250000.0 14931.0 675651.0 nan nan 0.1081 nan nan 54.415 nan nan 
6260000.0 14949.0 676647.0 nan nan 0.1081 nan nan 54.676 nan nan 
6270000.0 14965.0 677499.0 nan nan 0.1081 nan nan 56.472 nan nan 
6280000.0 14984.0 678503.0 nan nan 0.108 nan nan 54.059 nan nan 
6290000.0 15008.0 679675.0 nan nan 0.1081 nan nan 53.048 nan nan 
6300000.0 15029.0 680748.0 nan nan 0.1081 nan nan 52.513 nan nan 
6310000.0 15051.0 681837.0 nan nan 0.1081 nan nan 49.052 nan nan 
6320000.0 15069.0 682746.0 nan nan 0.108 nan nan 51.161 nan nan 
6330000.0 15082.0 683536.0 nan nan 0.108 nan nan 53.806 nan nan 
6340000.0 15102.0 684581.0 nan nan 0.108 nan nan 53.016 nan nan 
6350000.0 15121.0 685621.0 nan nan 0.108 nan nan 54.215 nan nan 
6360000.0 15142.0 686708.0 nan nan 0.108 nan nan 53.55 nan nan 
6370000.0 15165.0 687830.0 nan nan 0.108 nan nan 50.793 nan nan 
6380000.0 15187.0 688960.0 nan nan 0.108 nan nan 51.597 nan nan 
6390000.0 15204.0 689815.0 nan nan 0.108 nan nan 50.434 nan nan 
6400000.0 15220.0 690844.0 nan nan 0.1079 nan nan 55.302 nan nan 
6410000.0 15239.0 691991.0 nan nan 0.108 nan nan 56.836 nan nan 
6420000.0 15259.0 693095.0 nan nan 0.108 nan nan 55.551 nan nan 
6430000.0 15281.0 694177.0 nan nan 0.108 nan nan 53.67 nan nan 
6440000.0 15304.0 695271.0 nan nan 0.108 nan nan 51.081 nan nan 
6450000.0 15325.0 696461.0 nan nan 0.108 nan nan 53.179 nan nan 
6460000.0 15350.0 697600.0 nan nan 0.108 nan nan 49.881 nan nan 
6470000.0 15369.0 698863.0 nan nan 0.108 nan nan 54.565 nan nan 
6480000.0 15387.0 699788.0 nan nan 0.108 nan nan 53.73 nan nan 
6490000.0 15407.0 700894.0 nan nan 0.108 nan nan 55.357 nan nan 
6500000.0 15426.0 701938.0 nan nan 0.108 nan nan 52.747 nan nan 
6510000.0 15441.0 703082.0 nan nan 0.108 nan nan 58.889 nan nan 
6520000.0 15462.0 704170.0 nan nan 0.108 nan nan 57.577 nan nan 
6530000.0 15486.0 705382.0 nan nan 0.108 nan nan 54.949 nan nan 
6540000.0 15504.0 706499.0 nan nan 0.108 nan nan 55.002 nan nan 
6550000.0 15529.0 707714.0 nan nan 0.108 nan nan 54.384 nan nan 
6560000.0 15549.0 708743.0 nan nan 0.108 nan nan 51.887 nan nan 
6570000.0 15571.0 709922.0 nan nan 0.1081 nan nan 53.744 nan nan 
6580000.0 15593.0 711072.0 nan nan 0.1081 nan nan 53.31 nan nan 
6590000.0 15615.0 712187.0 nan nan 0.1081 nan nan 50.872 nan nan 
6600000.0 15637.0 713286.0 nan nan 0.1081 nan nan 50.865 nan nan 
6610000.0 15657.0 714461.0 nan nan 0.1081 nan nan 52.529 nan nan 
6620000.0 15677.0 715337.0 nan nan 0.1081 nan nan 51.784 nan nan 
6630000.0 15701.0 716466.0 nan nan 0.1081 nan nan 50.216 nan nan 
6640000.0 15719.0 717492.0 nan nan 0.1081 nan nan 52.863 nan nan 
6650000.0 15740.0 718497.0 nan nan 0.108 nan nan 50.958 nan nan 
6660000.0 15757.0 719519.0 nan nan 0.108 nan nan 54.225 nan nan 
6670000.0 15778.0 720641.0 nan nan 0.108 nan nan 50.632 nan nan 
6680000.0 15796.0 721636.0 nan nan 0.108 nan nan 55.341 nan nan 
6690000.0 15813.0 722684.0 nan nan 0.108 nan nan 56.743 nan nan 
6700000.0 15834.0 723878.0 nan nan 0.108 nan nan 54.769 nan nan 
6710000.0 15855.0 724901.0 nan nan 0.108 nan nan 52.095 nan nan 
6720000.0 15870.0 725810.0 nan nan 0.108 nan nan 51.795 nan nan 
6730000.0 15891.0 726977.0 nan nan 0.108 nan nan 54.101 nan nan 
6740000.0 15904.0 727874.0 nan nan 0.108 nan nan 60.135 nan nan 
6750000.0 15921.0 728801.0 nan nan 0.108 nan nan 57.505 nan nan 
6760000.0 15941.0 729728.0 nan nan 0.1079 nan nan 54.265 nan nan 
6770000.0 15960.0 730871.0 nan nan 0.108 nan nan 55.049 nan nan 
6780000.0 15981.0 732020.0 nan nan 0.108 nan nan 53.904 nan nan 
6790000.0 16002.0 733013.0 nan nan 0.108 nan nan 52.017 nan nan 
6800000.0 16024.0 734134.0 nan nan 0.108 nan nan 50.65 nan nan 
6810000.0 16040.0 735199.0 nan nan 0.108 nan nan 57.336 nan nan 
6820000.0 16059.0 736307.0 nan nan 0.108 nan nan 56.527 nan nan 
6830000.0 16090.0 737598.0 nan nan 0.108 nan nan 51.134 nan nan 
6840000.0 16110.0 738580.0 nan nan 0.108 nan nan 50.196 nan nan 
6850000.0 16131.0 739805.0 nan nan 0.108 nan nan 51.142 nan nan 
6860000.0 16150.0 740776.0 nan nan 0.108 nan nan 53.098 nan nan 
6870000.0 16166.0 741774.0 nan nan 0.108 nan nan 55.444 nan nan 
6880000.0 16181.0 742654.0 nan nan 0.1079 nan nan 55.306 nan nan 
6890000.0 16207.0 743899.0 nan nan 0.108 nan nan 53.442 nan nan 
6900000.0 16227.0 744846.0 nan nan 0.1079 nan nan 49.451 nan nan 
6910000.0 16248.0 745793.0 nan nan 0.1079 nan nan 48.86 nan nan 
6920000.0 16264.0 746745.0 nan nan 0.1079 nan nan 52.276 nan nan 
6930000.0 16287.0 747804.0 nan nan 0.1079 nan nan 49.465 nan nan 
6940000.0 16302.0 748643.0 nan nan 0.1079 nan nan 51.988 nan nan 
6950000.0 16322.0 749650.0 nan nan 0.1079 nan nan 51.245 nan nan 
6960000.0 16341.0 750613.0 nan nan 0.1078 nan nan 50.929 nan nan 
6970000.0 16359.0 751525.0 nan nan 0.1078 nan nan 49.729 nan nan 
6980000.0 16377.0 752551.0 nan nan 0.1078 nan nan 53.177 nan nan 
6990000.0 16390.0 753437.0 nan nan 0.1078 nan nan 55.392 nan nan 
7000000.0 16411.0 754507.0 nan nan 0.1078 nan nan 53.799 nan nan 
7010000.0 16428.0 755400.0 nan nan 0.1078 nan nan 53.08 nan nan 
7020000.0 16445.0 756182.0 nan nan 0.1077 nan nan 52.0 nan nan 
7030000.0 16464.0 757173.0 nan nan 0.1077 nan nan 49.833 nan nan 
7040000.0 16482.0 758047.0 nan nan 0.1077 nan nan 51.773 nan nan 
7050000.0 16498.0 759098.0 nan nan 0.1077 nan nan 55.695 nan nan 
7060000.0 16520.0 760213.0 nan nan 0.1077 nan nan 53.949 nan nan 
7070000.0 16542.0 761320.0 nan nan 0.1077 nan nan 50.859 nan nan 
7080000.0 16563.0 762267.0 nan nan 0.1077 nan nan 50.157 nan nan 
7090000.0 16581.0 763179.0 nan nan 0.1076 nan nan 49.568 nan nan 
7100000.0 16596.0 764135.0 nan nan 0.1076 nan nan 51.263 nan nan 
7110000.0 16614.0 765121.0 nan nan 0.1076 nan nan 51.781 nan nan 
7120000.0 16638.0 766165.0 nan nan 0.1076 nan nan 49.574 nan nan 
7130000.0 16654.0 766977.0 nan nan 0.1076 nan nan 51.187 nan nan 
7140000.0 16669.0 767850.0 nan nan 0.1075 nan nan 52.299 nan nan 
7150000.0 16683.0 768641.0 nan nan 0.1075 nan nan 52.981 nan nan 
7160000.0 16698.0 769669.0 nan nan 0.1075 nan nan 57.144 nan nan 
7170000.0 16714.0 770466.0 nan nan 0.1075 nan nan 56.451 nan nan 
7180000.0 16737.0 771605.0 nan nan 0.1075 nan nan 51.747 nan nan 
7190000.0 16749.0 772460.0 nan nan 0.1074 nan nan 56.529 nan nan 
7200000.0 16764.0 773402.0 nan nan 0.1074 nan nan 59.295 nan nan 
7210000.0 16778.0 774415.0 nan nan 0.1074 nan nan 60.155 nan nan 
7220000.0 16793.0 775286.0 nan nan 0.1074 nan nan 61.179 nan nan 
7230000.0 16809.0 776247.0 nan nan 0.1074 nan nan 58.435 nan nan 
7240000.0 16825.0 777093.0 nan nan 0.1073 nan nan 56.957 nan nan 
7250000.0 16841.0 777829.0 nan nan 0.1073 nan nan 55.938 nan nan 
7260000.0 16859.0 778700.0 nan nan 0.1073 nan nan 53.989 nan nan 
7270000.0 16876.0 779747.0 nan nan 0.1073 nan nan 56.401 nan nan 
7280000.0 16896.0 780789.0 nan nan 0.1073 nan nan 53.531 nan nan 
7290000.0 16913.0 781596.0 nan nan 0.1072 nan nan 52.959 nan nan 
7300000.0 16933.0 782713.0 nan nan 0.1072 nan nan 54.11 nan nan 
7310000.0 16950.0 783520.0 nan nan 0.1072 nan nan 51.144 nan nan 
7320000.0 16974.0 784737.0 nan nan 0.1072 nan nan 49.501 nan nan 
7330000.0 16995.0 785771.0 nan nan 0.1072 nan nan 50.578 nan nan 
7340000.0 17015.0 786765.0 nan nan 0.1072 nan nan 49.964 nan nan 
7350000.0 17037.0 787844.0 nan nan 0.1072 nan nan 48.818 nan nan 
7360000.0 17059.0 788919.0 nan nan 0.1072 nan nan 49.818 nan nan 
7370000.0 17074.0 789797.0 nan nan 0.1072 nan nan 52.196 nan nan 
7380000.0 17093.0 790921.0 nan nan 0.1072 nan nan 54.704 nan nan 
7390000.0 17114.0 791889.0 nan nan 0.1072 nan nan 51.743 nan nan 
7400000.0 17134.0 792986.0 nan nan 0.1072 nan nan 52.482 nan nan 
7410000.0 17160.0 794175.0 nan nan 0.1072 nan nan 49.455 nan nan 
7420000.0 17180.0 795163.0 nan nan 0.1072 nan nan 49.975 nan nan 
7430000.0 17198.0 796093.0 nan nan 0.1071 nan nan 50.509 nan nan 
7440000.0 17223.0 797280.0 nan nan 0.1072 nan nan 48.736 nan nan 
7450000.0 17244.0 798285.0 nan nan 0.1072 nan nan 48.733 nan nan 
7460000.0 17267.0 799530.0 nan nan 0.1072 nan nan 50.327 nan nan 
7470000.0 17282.0 800285.0 nan nan 0.1071 nan nan 51.072 nan nan 
7480000.0 17296.0 801157.0 nan nan 0.1071 nan nan 53.747 nan nan 
7490000.0 17315.0 802032.0 nan nan 0.1071 nan nan 50.567 nan nan 
7500000.0 17332.0 802920.0 nan nan 0.1071 nan nan 51.486 nan nan 
7510000.0 17352.0 803950.0 nan nan 0.1071 nan nan 49.477 nan nan 
7520000.0 17372.0 804942.0 nan nan 0.107 nan nan 51.938 nan nan 
7530000.0 17389.0 805798.0 nan nan 0.107 nan nan 51.386 nan nan 
7540000.0 17412.0 807014.0 nan nan 0.107 nan nan 50.943 nan nan 
7550000.0 17434.0 808084.0 nan nan 0.107 nan nan 49.929 nan nan 
7560000.0 17451.0 808917.0 nan nan 0.107 nan nan 49.08 nan nan 
7570000.0 17471.0 809875.0 nan nan 0.107 nan nan 49.765 nan nan 
7580000.0 17489.0 810779.0 nan nan 0.107 nan nan 49.859 nan nan 
7590000.0 17511.0 811839.0 nan nan 0.107 nan nan 48.838 nan nan 
7600000.0 17529.0 812731.0 nan nan 0.1069 nan nan 49.186 nan nan 
7610000.0 17550.0 813833.0 nan nan 0.1069 nan nan 49.034 nan nan 
7620000.0 17569.0 814962.0 nan nan 0.107 nan nan 52.977 nan nan 
7630000.0 17587.0 815970.0 nan nan 0.1069 nan nan 54.258 nan nan 
7640000.0 17601.0 816941.0 nan nan 0.1069 nan nan 56.794 nan nan 
7650000.0 17619.0 817832.0 nan nan 0.1069 nan nan 54.261 nan nan 
7660000.0 17633.0 818657.0 nan nan 0.1069 nan nan 57.039 nan nan 
7670000.0 17645.0 819514.0 nan nan 0.1068 nan nan 60.237 nan nan 
7680000.0 17662.0 820487.0 nan nan 0.1068 nan nan 58.215 nan nan 
7690000.0 17682.0 821315.0 nan nan 0.1068 nan nan 53.733 nan nan 
7700000.0 17702.0 822310.0 nan nan 0.1068 nan nan 52.038 nan nan 
7710000.0 17721.0 823328.0 nan nan 0.1068 nan nan 51.876 nan nan 
7720000.0 17738.0 824284.0 nan nan 0.1068 nan nan 54.128 nan nan 
7730000.0 17760.0 825408.0 nan nan 0.1068 nan nan 50.696 nan nan 
7740000.0 17780.0 826381.0 nan nan 0.1068 nan nan 51.552 nan nan 
7750000.0 17801.0 827395.0 nan nan 0.1068 nan nan 50.699 nan nan 
7760000.0 17820.0 828537.0 nan nan 0.1068 nan nan 51.347 nan nan 
7770000.0 17842.0 829575.0 nan nan 0.1068 nan nan 51.859 nan nan 
7780000.0 17861.0 830609.0 nan nan 0.1068 nan nan 52.717 nan nan 
7790000.0 17871.0 831486.0 nan nan 0.1067 nan nan 56.439 nan nan 
7800000.0 17892.0 832581.0 nan nan 0.1067 nan nan 55.529 nan nan 
7810000.0 17909.0 833392.0 nan nan 0.1067 nan nan 54.536 nan nan 
7820000.0 17928.0 834330.0 nan nan 0.1067 nan nan 51.663 nan nan 
7830000.0 17946.0 835348.0 nan nan 0.1067 nan nan 52.827 nan nan 
7840000.0 17964.0 836259.0 nan nan 0.1067 nan nan 51.494 nan nan 
7850000.0 17985.0 837289.0 nan nan 0.1067 nan nan 49.33 nan nan 
7860000.0 18000.0 838025.0 nan nan 0.1066 nan nan 49.01 nan nan 
7870000.0 18022.0 839023.0 nan nan 0.1066 nan nan 49.448 nan nan 
7880000.0 18037.0 840149.0 nan nan 0.1066 nan nan 56.167 nan nan 
7890000.0 18060.0 841243.0 nan nan 0.1066 nan nan 51.196 nan nan 
7900000.0 18080.0 842171.0 nan nan 0.1066 nan nan 51.408 nan nan 
7910000.0 18099.0 843271.0 nan nan 0.1066 nan nan 51.223 nan nan 
7920000.0 18117.0 844337.0 nan nan 0.1066 nan nan 53.183 nan nan 
7930000.0 18134.0 845240.0 nan nan 0.1066 nan nan 54.374 nan nan 
7940000.0 18150.0 846152.0 nan nan 0.1066 nan nan 53.338 nan nan 
7950000.0 18175.0 847296.0 nan nan 0.1066 nan nan 52.303 nan nan 
7960000.0 18195.0 848388.0 nan nan 0.1066 nan nan 51.023 nan nan 
7970000.0 18216.0 849421.0 nan nan 0.1066 nan nan 50.777 nan nan 
7980000.0 18239.0 850460.0 nan nan 0.1066 nan nan 49.894 nan nan 
7990000.0 18253.0 851349.0 nan nan 0.1066 nan nan 53.123 nan nan 
8000000.0 18273.0 852387.0 nan nan 0.1065 nan nan 51.385 nan nan 
8010000.0 18291.0 853308.0 nan nan 0.1065 nan nan 52.667 nan nan 
8020000.0 18305.0 854257.0 nan nan 0.1065 nan nan 56.27 nan nan 
8030000.0 18325.0 855273.0 nan nan 0.1065 nan nan 54.819 nan nan 
8040000.0 18344.0 856311.0 nan nan 0.1065 nan nan 55.06 nan nan 
8050000.0 18364.0 857300.0 nan nan 0.1065 nan nan 52.905 nan nan 
8060000.0 18387.0 858332.0 nan nan 0.1065 nan nan 49.672 nan nan 
8070000.0 18407.0 859321.0 nan nan 0.1065 nan nan 50.152 nan nan 
8080000.0 18426.0 860229.0 nan nan 0.1065 nan nan 48.994 nan nan 
8090000.0 18447.0 861294.0 nan nan 0.1065 nan nan 48.878 nan nan 
8100000.0 18465.0 862286.0 nan nan 0.1065 nan nan 48.771 nan nan 
8110000.0 18487.0 863355.0 nan nan 0.1065 nan nan 50.512 nan nan 
8120000.0 18510.0 864355.0 nan nan 0.1064 nan nan 47.927 nan nan 
8130000.0 18532.0 865430.0 nan nan 0.1064 nan nan 48.601 nan nan 
8140000.0 18549.0 866458.0 nan nan 0.1064 nan nan 49.832 nan nan 
8150000.0 18570.0 867462.0 nan nan 0.1064 nan nan 48.516 nan nan 
8160000.0 18585.0 868322.0 nan nan 0.1064 nan nan 51.777 nan nan 
8170000.0 18603.0 869392.0 nan nan 0.1064 nan nan 53.387 nan nan 
8180000.0 18619.0 870426.0 nan nan 0.1064 nan nan 55.996 nan nan 
8190000.0 18642.0 871456.0 nan nan 0.1064 nan nan 53.246 nan nan 
8200000.0 18667.0 872630.0 nan nan 0.1064 nan nan 50.204 nan nan 
8210000.0 18690.0 873769.0 nan nan 0.1064 nan nan 48.806 nan nan 
8220000.0 18714.0 874872.0 nan nan 0.1064 nan nan 47.812 nan nan 
8230000.0 18732.0 875797.0 nan nan 0.1064 nan nan 48.635 nan nan 
8240000.0 18753.0 876701.0 nan nan 0.1064 nan nan 48.105 nan nan 
8250000.0 18777.0 877769.0 nan nan 0.1064 nan nan 46.03 nan nan 
8260000.0 18795.0 878751.0 nan nan 0.1064 nan nan 46.776 nan nan 
8270000.0 18808.0 879763.0 nan nan 0.1064 nan nan 55.659 nan nan 
8280000.0 18828.0 880750.0 nan nan 0.1064 nan nan 52.08 nan nan 
8290000.0 18846.0 881764.0 nan nan 0.1064 nan nan 52.199 nan nan 
8300000.0 18867.0 882678.0 nan nan 0.1063 nan nan 50.817 nan nan 
8310000.0 18893.0 883804.0 nan nan 0.1064 nan nan 48.755 nan nan 
8320000.0 18917.0 885030.0 nan nan 0.1064 nan nan 49.904 nan nan 
8330000.0 18941.0 886172.0 nan nan 0.1064 nan nan 48.98 nan nan 
8340000.0 18964.0 887366.0 nan nan 0.1064 nan nan 49.436 nan nan 
8350000.0 18978.0 888063.0 nan nan 0.1064 nan nan 49.672 nan nan 
8360000.0 18999.0 889153.0 nan nan 0.1064 nan nan 48.893 nan nan 
8370000.0 19023.0 890204.0 nan nan 0.1064 nan nan 47.308 nan nan 
8380000.0 19044.0 891387.0 nan nan 0.1064 nan nan 49.262 nan nan 
8390000.0 19063.0 892255.0 nan nan 0.1063 nan nan 49.782 nan nan 
8400000.0 19084.0 893256.0 nan nan 0.1063 nan nan 49.778 nan nan 
8410000.0 19104.0 894295.0 nan nan 0.1063 nan nan 49.271 nan nan 
8420000.0 19125.0 895215.0 nan nan 0.1063 nan nan 48.402 nan nan 
8430000.0 19143.0 896209.0 nan nan 0.1063 nan nan 48.304 nan nan 
8440000.0 19159.0 897090.0 nan nan 0.1063 nan nan 52.537 nan nan 
8450000.0 19178.0 898126.0 nan nan 0.1063 nan nan 52.905 nan nan 
8460000.0 19198.0 899098.0 nan nan 0.1063 nan nan 50.392 nan nan 
8470000.0 19221.0 900102.0 nan nan 0.1063 nan nan 48.5 nan nan 
8480000.0 19241.0 901119.0 nan nan 0.1063 nan nan 49.229 nan nan 
8490000.0 19262.0 902112.0 nan nan 0.1063 nan nan 48.645 nan nan 
8500000.0 19284.0 903212.0 nan nan 0.1063 nan nan 47.766 nan nan 
8510000.0 19301.0 904150.0 nan nan 0.1062 nan nan 50.348 nan nan 
8520000.0 19317.0 905097.0 nan nan 0.1062 nan nan 52.491 nan nan 
8530000.0 19338.0 906064.0 nan nan 0.1062 nan nan 50.473 nan nan 
8540000.0 19356.0 907090.0 nan nan 0.1062 nan nan 49.869 nan nan 
8550000.0 19377.0 908084.0 nan nan 0.1062 nan nan 49.509 nan nan 
8560000.0 19399.0 909211.0 nan nan 0.1062 nan nan 50.912 nan nan 
8570000.0 19422.0 910313.0 nan nan 0.1062 nan nan 49.634 nan nan 
8580000.0 19447.0 911401.0 nan nan 0.1062 nan nan 46.687 nan nan 
8590000.0 19471.0 912536.0 nan nan 0.1062 nan nan 47.939 nan nan 
8600000.0 19491.0 913640.0 nan nan 0.1062 nan nan 49.318 nan nan 
8610000.0 19508.0 914479.0 nan nan 0.1062 nan nan 50.311 nan nan 
8620000.0 19531.0 915540.0 nan nan 0.1062 nan nan 47.568 nan nan 
8630000.0 19550.0 916441.0 nan nan 0.1062 nan nan 48.351 nan nan 
8640000.0 19573.0 917552.0 nan nan 0.1062 nan nan 48.67 nan nan 
8650000.0 19597.0 918717.0 nan nan 0.1062 nan nan 48.874 nan nan 
8660000.0 19617.0 919869.0 nan nan 0.1062 nan nan 49.678 nan nan 
8670000.0 19634.0 920917.0 nan nan 0.1062 nan nan 54.645 nan nan 
8680000.0 19652.0 921789.0 nan nan 0.1062 nan nan 52.867 nan nan 
8690000.0 19677.0 923065.0 nan nan 0.1062 nan nan 50.296 nan nan 
8700000.0 19697.0 924019.0 nan nan 0.1062 nan nan 51.109 nan nan 
8710000.0 19716.0 924971.0 nan nan 0.1062 nan nan 49.429 nan nan 
8720000.0 19739.0 925979.0 nan nan 0.1062 nan nan 48.879 nan nan 
8730000.0 19763.0 927112.0 nan nan 0.1062 nan nan 47.538 nan nan 
8740000.0 19783.0 928122.0 nan nan 0.1062 nan nan 49.136 nan nan 
8750000.0 19804.0 929224.0 nan nan 0.1062 nan nan 50.283 nan nan 
8760000.0 19827.0 930374.0 nan nan 0.1062 nan nan 48.65 nan nan 
8770000.0 19854.0 931586.0 nan nan 0.1062 nan nan 46.236 nan nan 
8780000.0 19875.0 932565.0 nan nan 0.1062 nan nan 46.866 nan nan 
8790000.0 19900.0 933725.0 nan nan 0.1062 nan nan 48.056 nan nan 
8800000.0 19919.0 934616.0 nan nan 0.1062 nan nan 47.608 nan nan 
8810000.0 19938.0 935607.0 nan nan 0.1062 nan nan 46.965 nan nan 
8820000.0 19961.0 936631.0 nan nan 0.1062 nan nan 48.007 nan nan 
8830000.0 19982.0 937636.0 nan nan 0.1062 nan nan 47.49 nan nan 
8840000.0 19998.0 938392.0 nan nan 0.1062 nan nan 47.464 nan nan 
8850000.0 20018.0 939391.0 nan nan 0.1061 nan nan 48.257 nan nan 
8860000.0 20034.0 940230.0 nan nan 0.1061 nan nan 47.919 nan nan 
8870000.0 20052.0 941040.0 nan nan 0.1061 nan nan 48.015 nan nan 
8880000.0 20066.0 941769.0 nan nan 0.1061 nan nan 49.084 nan nan 
8890000.0 20084.0 942665.0 nan nan 0.106 nan nan 49.431 nan nan 
8900000.0 20109.0 943847.0 nan nan 0.1061 nan nan 47.946 nan nan 
8910000.0 20128.0 944820.0 nan nan 0.106 nan nan 49.467 nan nan 
8920000.0 20147.0 945798.0 nan nan 0.106 nan nan 50.06 nan nan 
8930000.0 20166.0 946858.0 nan nan 0.106 nan nan 50.546 nan nan 
8940000.0 20187.0 947839.0 nan nan 0.106 nan nan 49.394 nan nan 
8950000.0 20211.0 948995.0 nan nan 0.106 nan nan 48.041 nan nan 
8960000.0 20228.0 949942.0 nan nan 0.106 nan nan 51.449 nan nan 
8970000.0 20248.0 951063.0 nan nan 0.106 nan nan 52.848 nan nan 
8980000.0 20267.0 951952.0 nan nan 0.106 nan nan 51.427 nan nan 
8990000.0 20293.0 952970.0 nan nan 0.106 nan nan 46.71 nan nan 
9000000.0 20316.0 954028.0 nan nan 0.106 nan nan 44.343 nan nan 
9010000.0 20334.0 954856.0 nan nan 0.106 nan nan 45.974 nan nan 
9020000.0 20349.0 955877.0 nan nan 0.106 nan nan 49.562 nan nan 
9030000.0 20365.0 956628.0 nan nan 0.1059 nan nan 51.427 nan nan 
9040000.0 20384.0 957596.0 nan nan 0.1059 nan nan 51.403 nan nan 
9050000.0 20400.0 958578.0 nan nan 0.1059 nan nan 51.916 nan nan 
9060000.0 20416.0 959402.0 nan nan 0.1059 nan nan 54.362 nan nan 
9070000.0 20432.0 960542.0 nan nan 0.1059 nan nan 58.686 nan nan 
9080000.0 20448.0 961471.0 nan nan 0.1059 nan nan 57.678 nan nan 
9090000.0 20469.0 962497.0 nan nan 0.1059 nan nan 53.887 nan nan 
9100000.0 20483.0 963477.0 nan nan 0.1059 nan nan 59.321 nan nan 
9110000.0 20504.0 964491.0 nan nan 0.1059 nan nan 54.674 nan nan 
9120000.0 20525.0 965493.0 nan nan 0.1059 nan nan 53.083 nan nan 
9130000.0 20544.0 966582.0 nan nan 0.1059 nan nan 52.647 nan nan 
9140000.0 20563.0 967540.0 nan nan 0.1059 nan nan 53.325 nan nan 
9150000.0 20583.0 968434.0 nan nan 0.1058 nan nan 50.514 nan nan 
9160000.0 20602.0 969573.0 nan nan 0.1058 nan nan 53.641 nan nan 
9170000.0 20616.0 970414.0 nan nan 0.1058 nan nan 53.171 nan nan 
9180000.0 20635.0 971371.0 nan nan 0.1058 nan nan 54.331 nan nan 
9190000.0 20657.0 972437.0 nan nan 0.1058 nan nan 51.992 nan nan 
9200000.0 20669.0 973291.0 nan nan 0.1058 nan nan 56.514 nan nan 
9210000.0 20686.0 974318.0 nan nan 0.1058 nan nan 57.748 nan nan 
9220000.0 20708.0 975403.0 nan nan 0.1058 nan nan 54.783 nan nan 
9230000.0 20730.0 976564.0 nan nan 0.1058 nan nan 51.988 nan nan 
9240000.0 20754.0 977707.0 nan nan 0.1058 nan nan 50.106 nan nan 
9250000.0 20776.0 978743.0 nan nan 0.1058 nan nan 50.785 nan nan 
9260000.0 20802.0 979882.0 nan nan 0.1058 nan nan 47.548 nan nan 
9270000.0 20818.0 980725.0 nan nan 0.1058 nan nan 49.089 nan nan 
9280000.0 20837.0 981635.0 nan nan 0.1058 nan nan 49.137 nan nan 
9290000.0 20851.0 982513.0 nan nan 0.1058 nan nan 50.19 nan nan 
9300000.0 20868.0 983356.0 nan nan 0.1057 nan nan 50.317 nan nan 
9310000.0 20884.0 984260.0 nan nan 0.1057 nan nan 53.359 nan nan 
9320000.0 20904.0 985162.0 nan nan 0.1057 nan nan 50.488 nan nan 
9330000.0 20919.0 985969.0 nan nan 0.1057 nan nan 50.277 nan nan 
9340000.0 20934.0 986899.0 nan nan 0.1057 nan nan 52.973 nan nan 
9350000.0 20955.0 987940.0 nan nan 0.1057 nan nan 52.53 nan nan 
9360000.0 20970.0 988758.0 nan nan 0.1056 nan nan 51.165 nan nan 
9370000.0 20984.0 989634.0 nan nan 0.1056 nan nan 56.58 nan nan 
9380000.0 21001.0 990493.0 nan nan 0.1056 nan nan 54.371 nan nan 
9390000.0 21022.0 991519.0 nan nan 0.1056 nan nan 53.2 nan nan 
9400000.0 21038.0 992249.0 nan nan 0.1056 nan nan 51.213 nan nan 
9410000.0 21058.0 993376.0 nan nan 0.1056 nan nan 53.237 nan nan 
9420000.0 21073.0 994282.0 nan nan 0.1056 nan nan 55.218 nan nan 
9430000.0 21088.0 995011.0 nan nan 0.1055 nan nan 53.766 nan nan 
9440000.0 21107.0 995933.0 nan nan 0.1055 nan nan 52.168 nan nan 
9450000.0 21124.0 996962.0 nan nan 0.1055 nan nan 54.027 nan nan 
9460000.0 21145.0 997963.0 nan nan 0.1055 nan nan 51.976 nan nan 
9470000.0 21165.0 998939.0 nan nan 0.1055 nan nan 50.032 nan nan 
9480000.0 21185.0 1000009.0 nan nan 0.1055 nan nan 51.835 nan nan 
9490000.0 21203.0 1000880.0 nan nan 0.1055 nan nan 51.739 nan nan 
9500000.0 21219.0 1001908.0 nan nan 0.1055 nan nan 53.756 nan nan 
9510000.0 21237.0 1002947.0 nan nan 0.1055 nan nan 55.367 nan nan 
9520000.0 21257.0 1004177.0 nan nan 0.1055 nan nan 57.309 nan nan 
9530000.0 21282.0 1005351.0 nan nan 0.1055 nan nan 53.54 nan nan 
9540000.0 21301.0 1006289.0 nan nan 0.1055 nan nan 52.362 nan nan 
9550000.0 21323.0 1007333.0 nan nan 0.1055 nan nan 50.486 nan nan 
9560000.0 21340.0 1008226.0 nan nan 0.1055 nan nan 49.598 nan nan 
9570000.0 21357.0 1009209.0 nan nan 0.1055 nan nan 51.362 nan nan 
9580000.0 21373.0 1009995.0 nan nan 0.1054 nan nan 50.197 nan nan 
9590000.0 21392.0 1010962.0 nan nan 0.1054 nan nan 52.703 nan nan 
9600000.0 21408.0 1011950.0 nan nan 0.1054 nan nan 53.158 nan nan 
9610000.0 21426.0 1012750.0 nan nan 0.1054 nan nan 51.826 nan nan 
9620000.0 21447.0 1013787.0 nan nan 0.1054 nan nan 50.677 nan nan 
9630000.0 21469.0 1014908.0 nan nan 0.1054 nan nan 50.907 nan nan 
9640000.0 21489.0 1015880.0 nan nan 0.1054 nan nan 49.122 nan nan 
9650000.0 21508.0 1016856.0 nan nan 0.1054 nan nan 50.541 nan nan 
9660000.0 21520.0 1017772.0 nan nan 0.1054 nan nan 56.631 nan nan 
9670000.0 21539.0 1018639.0 nan nan 0.1053 nan nan 53.145 nan nan 
9680000.0 21561.0 1019628.0 nan nan 0.1053 nan nan 50.166 nan nan 
9690000.0 21576.0 1020593.0 nan nan 0.1053 nan nan 52.308 nan nan 
9700000.0 21596.0 1021501.0 nan nan 0.1053 nan nan 51.66 nan nan 
9710000.0 21616.0 1022653.0 nan nan 0.1053 nan nan 53.794 nan nan 
9720000.0 21635.0 1023639.0 nan nan 0.1053 nan nan 53.092 nan nan 
9730000.0 21652.0 1024575.0 nan nan 0.1053 nan nan 53.419 nan nan 
9740000.0 21672.0 1025689.0 nan nan 0.1053 nan nan 51.96 nan nan 
9750000.0 21695.0 1026847.0 nan nan 0.1053 nan nan 53.312 nan nan 
9760000.0 21712.0 1027878.0 nan nan 0.1053 nan nan 55.858 nan nan 
9770000.0 21732.0 1028848.0 nan nan 0.1053 nan nan 52.1 nan nan 
9780000.0 21750.0 1029911.0 nan nan 0.1053 nan nan 52.914 nan nan 
9790000.0 21774.0 1031049.0 nan nan 0.1053 nan nan 52.493 nan nan 
9800000.0 21795.0 1032214.0 nan nan 0.1053 nan nan 51.051 nan nan 
9810000.0 21819.0 1033360.0 nan nan 0.1053 nan nan 50.831 nan nan 
9820000.0 21843.0 1034468.0 nan nan 0.1053 nan nan 49.128 nan nan 
9830000.0 21865.0 1035520.0 nan nan 0.1053 nan nan 48.968 nan nan 
9840000.0 21890.0 1036656.0 nan nan 0.1054 nan nan 46.277 nan nan 
9850000.0 21912.0 1037724.0 nan nan 0.1054 nan nan 47.738 nan nan 
9860000.0 21928.0 1038722.0 nan nan 0.1053 nan nan 50.214 nan nan 
9870000.0 21952.0 1039836.0 nan nan 0.1054 nan nan 50.048 nan nan 
9880000.0 21971.0 1040715.0 nan nan 0.1053 nan nan 49.193 nan nan 
9890000.0 21991.0 1041688.0 nan nan 0.1053 nan nan 49.086 nan nan 
9900000.0 22007.0 1042599.0 nan nan 0.1053 nan nan 51.315 nan nan 
9910000.0 22029.0 1043670.0 nan nan 0.1053 nan nan 49.299 nan nan 
9920000.0 22048.0 1044733.0 nan nan 0.1053 nan nan 52.283 nan nan 
9930000.0 22071.0 1045841.0 nan nan 0.1053 nan nan 49.478 nan nan 
9940000.0 22089.0 1046707.0 nan nan 0.1053 nan nan 49.742 nan nan 
9950000.0 22107.0 1047555.0 nan nan 0.1053 nan nan 49.268 nan nan 
9960000.0 22128.0 1048560.0 nan nan 0.1053 nan nan 48.186 nan nan 
9970000.0 22149.0 1049764.0 nan nan 0.1053 nan nan 50.42 nan nan 
9980000.0 22171.0 1050780.0 nan nan 0.1053 nan nan 49.467 nan nan 
9990000.0 22192.0 1051744.0 nan nan 0.1053 nan nan 48.944 nan nan 
10000000.0 22209.0 1052591.0 nan nan 0.1053 nan nan 47.413 nan nan 
