10000.0 57.0 529.0 nan nan 0.0529 nan nan 6.24 nan nan 
20000.0 109.0 1032.0 nan nan 0.0516 nan nan 8.355 nan nan 
30000.0 162.0 1524.0 nan nan 0.0508 nan nan 8.922 nan nan 
40000.0 213.0 1989.0 nan nan 0.0497 nan nan 8.93 nan nan 
50000.0 264.0 2479.0 nan nan 0.0496 nan nan 9.389 nan nan 
60000.0 311.0 2995.0 nan nan 0.0499 nan nan 9.955 nan nan 
70000.0 359.0 3504.0 nan nan 0.0501 nan nan 10.162 nan nan 
80000.0 409.0 4073.0 nan nan 0.0509 nan nan 11.019 nan nan 
90000.0 458.0 4755.0 nan nan 0.0528 nan nan 12.659 nan nan 
100000.0 501.0 5445.0 nan nan 0.0544 nan nan 13.893 nan nan 
110000.0 549.0 6263.0 nan nan 0.0569 nan nan 15.803 nan nan 
120000.0 592.0 7152.0 nan nan 0.0596 nan nan 19.27 nan nan 
130000.0 627.0 8063.0 nan nan 0.062 nan nan 22.227 nan nan 
140000.0 669.0 9101.0 nan nan 0.065 nan nan 23.781 nan nan 
150000.0 713.0 10165.0 nan nan 0.0678 nan nan 23.905 nan nan 
160000.0 752.0 11270.0 nan nan 0.0704 nan nan 26.666 nan nan 
170000.0 793.0 12460.0 nan nan 0.0733 nan nan 27.71 nan nan 
180000.0 832.0 13604.0 nan nan 0.0756 nan nan 28.58 nan nan 
190000.0 866.0 14803.0 nan nan 0.0779 nan nan 32.469 nan nan 
200000.0 902.0 16081.0 nan nan 0.0804 nan nan 33.664 nan nan 
210000.0 936.0 17352.0 nan nan 0.0826 nan nan 35.526 nan nan 
220000.0 973.0 18656.0 nan nan 0.0848 nan nan 35.52 nan nan 
230000.0 1008.0 19912.0 nan nan 0.0866 nan nan 35.916 nan nan 
240000.0 1046.0 21319.0 nan nan 0.0888 nan nan 36.418 nan nan 
250000.0 1082.0 22584.0 nan nan 0.0903 nan nan 35.951 nan nan 
260000.0 1122.0 23900.0 nan nan 0.0919 nan nan 32.727 nan nan 
270000.0 1158.0 25100.0 nan nan 0.093 nan nan 34.003 nan nan 
280000.0 1198.0 26399.0 nan nan 0.0943 nan nan 33.938 nan nan 
290000.0 1234.0 27815.0 nan nan 0.0959 nan nan 36.243 nan nan 
300000.0 1270.0 29216.0 nan nan 0.0974 nan nan 38.205 nan nan 
310000.0 1302.0 30613.0 nan nan 0.0988 nan nan 39.853 nan nan 
320000.0 1336.0 31956.0 nan nan 0.0999 nan nan 40.33 nan nan 
330000.0 1375.0 33329.0 nan nan 0.101 nan nan 37.435 nan nan 
340000.0 1414.0 34761.0 nan nan 0.1022 nan nan 36.546 nan nan 
350000.0 1448.0 36057.0 nan nan 0.103 nan nan 37.029 nan nan 
360000.0 1481.0 37351.0 nan nan 0.1038 nan nan 37.595 nan nan 
370000.0 1518.0 38683.0 nan nan 0.1045 nan nan 36.313 nan nan 
380000.0 1557.0 40048.0 nan nan 0.1054 nan nan 35.634 nan nan 
390000.0 1596.0 41452.0 nan nan 0.1063 nan nan 35.369 nan nan 
400000.0 1629.0 42771.0 nan nan 0.1069 nan nan 36.452 nan nan 
410000.0 1665.0 44189.0 nan nan 0.1078 nan nan 38.009 nan nan 
420000.0 1704.0 45590.0 nan nan 0.1085 nan nan 36.761 nan nan 
430000.0 1738.0 46941.0 nan nan 0.1092 nan nan 38.874 nan nan 
440000.0 1770.0 48204.0 nan nan 0.1096 nan nan 39.076 nan nan 
450000.0 1805.0 49641.0 nan nan 0.1103 nan nan 40.052 nan nan 
460000.0 1842.0 50967.0 nan nan 0.1108 nan nan 36.451 nan nan 
470000.0 1882.0 52366.0 nan nan 0.1114 nan nan 36.607 nan nan 
480000.0 1917.0 53756.0 nan nan 0.112 nan nan 36.292 nan nan 
490000.0 1953.0 55089.0 nan nan 0.1124 nan nan 37.583 nan nan 
500000.0 1982.0 56437.0 nan nan 0.1129 nan nan 41.499 nan nan 
510000.0 2014.0 57787.0 nan nan 0.1133 nan nan 41.837 nan nan 
520000.0 2046.0 59138.0 nan nan 0.1137 nan nan 41.84 nan nan 
530000.0 2075.0 60507.0 nan nan 0.1142 nan nan 44.25 nan nan 
540000.0 2110.0 61992.0 nan nan 0.1148 nan nan 43.972 nan nan 
550000.0 2144.0 63337.0 nan nan 0.1152 nan nan 42.043 nan nan 
560000.0 2173.0 64693.0 nan nan 0.1155 nan nan 44.822 nan nan 
570000.0 2205.0 65986.0 nan nan 0.1158 nan nan 42.685 nan nan 
580000.0 2238.0 67319.0 nan nan 0.1161 nan nan 41.431 nan nan 
590000.0 2268.0 68644.0 nan nan 0.1163 nan nan 42.475 nan nan 
600000.0 2298.0 70020.0 nan nan 0.1167 nan nan 42.159 nan nan 
610000.0 2336.0 71469.0 nan nan 0.1172 nan nan 41.119 nan nan 
620000.0 2369.0 72864.0 nan nan 0.1175 nan nan 42.071 nan nan 
630000.0 2403.0 74243.0 nan nan 0.1178 nan nan 41.306 nan nan 
640000.0 2436.0 75664.0 nan nan 0.1182 nan nan 41.089 nan nan 
650000.0 2472.0 77032.0 nan nan 0.1185 nan nan 40.359 nan nan 
660000.0 2502.0 78389.0 nan nan 0.1188 nan nan 41.935 nan nan 
670000.0 2533.0 79759.0 nan nan 0.119 nan nan 42.784 nan nan 
680000.0 2564.0 81118.0 nan nan 0.1193 nan nan 43.943 nan nan 
690000.0 2594.0 82432.0 nan nan 0.1195 nan nan 43.88 nan nan 
700000.0 2627.0 83849.0 nan nan 0.1198 nan nan 43.318 nan nan 
710000.0 2658.0 85221.0 nan nan 0.12 nan nan 43.391 nan nan 
720000.0 2691.0 86627.0 nan nan 0.1203 nan nan 42.122 nan nan 
730000.0 2720.0 87923.0 nan nan 0.1204 nan nan 44.04 nan nan 
740000.0 2752.0 89310.0 nan nan 0.1207 nan nan 43.874 nan nan 
750000.0 2787.0 90784.0 nan nan 0.121 nan nan 42.381 nan nan 
760000.0 2817.0 92197.0 nan nan 0.1213 nan nan 43.003 nan nan 
770000.0 2850.0 93618.0 nan nan 0.1216 nan nan 44.24 nan nan 
780000.0 2882.0 94986.0 nan nan 0.1218 nan nan 43.549 nan nan 
790000.0 2917.0 96353.0 nan nan 0.122 nan nan 41.551 nan nan 
800000.0 2949.0 97849.0 nan nan 0.1223 nan nan 42.982 nan nan 
810000.0 2983.0 99234.0 nan nan 0.1225 nan nan 41.766 nan nan 
820000.0 3010.0 100533.0 nan nan 0.1226 nan nan 44.568 nan nan 
830000.0 3038.0 101789.0 nan nan 0.1226 nan nan 45.42 nan nan 
840000.0 3072.0 103213.0 nan nan 0.1229 nan nan 43.729 nan nan 
850000.0 3105.0 104647.0 nan nan 0.1231 nan nan 43.006 nan nan 
860000.0 3135.0 105926.0 nan nan 0.1232 nan nan 42.923 nan nan 
870000.0 3163.0 107229.0 nan nan 0.1233 nan nan 44.755 nan nan 
880000.0 3194.0 108530.0 nan nan 0.1233 nan nan 43.758 nan nan 
890000.0 3227.0 109874.0 nan nan 0.1235 nan nan 42.995 nan nan 
900000.0 3259.0 111292.0 nan nan 0.1237 nan nan 42.929 nan nan 
910000.0 3292.0 112732.0 nan nan 0.1239 nan nan 43.812 nan nan 
920000.0 3317.0 113899.0 nan nan 0.1238 nan nan 45.511 nan nan 
930000.0 3345.0 115202.0 nan nan 0.1239 nan nan 45.368 nan nan 
940000.0 3376.0 116591.0 nan nan 0.124 nan nan 45.549 nan nan 
950000.0 3410.0 117933.0 nan nan 0.1241 nan nan 42.642 nan nan 
960000.0 3441.0 119317.0 nan nan 0.1243 nan nan 41.845 nan nan 
970000.0 3471.0 120612.0 nan nan 0.1243 nan nan 42.664 nan nan 
980000.0 3505.0 122091.0 nan nan 0.1246 nan nan 43.846 nan nan 
990000.0 3531.0 123399.0 nan nan 0.1246 nan nan 44.808 nan nan 
1000000.0 3564.0 124725.0 nan nan 0.1247 nan nan 43.647 nan nan 
1010000.0 3594.0 126045.0 nan nan 0.1248 nan nan 43.417 nan nan 
1020000.0 3623.0 127317.0 nan nan 0.1248 nan nan 44.41 nan nan 
1030000.0 3652.0 128632.0 nan nan 0.1249 nan nan 45.047 nan nan 
1040000.0 3684.0 129938.0 nan nan 0.1249 nan nan 42.646 nan nan 
1050000.0 3712.0 131292.0 nan nan 0.125 nan nan 45.331 nan nan 
1060000.0 3744.0 132668.0 nan nan 0.1252 nan nan 42.877 nan nan 
1070000.0 3769.0 133868.0 nan nan 0.1251 nan nan 47.165 nan nan 
1080000.0 3801.0 135214.0 nan nan 0.1252 nan nan 44.223 nan nan 
1090000.0 3830.0 136558.0 nan nan 0.1253 nan nan 45.824 nan nan 
1100000.0 3861.0 137825.0 nan nan 0.1253 nan nan 42.876 nan nan 
1110000.0 3891.0 139131.0 nan nan 0.1253 nan nan 43.275 nan nan 
1120000.0 3921.0 140480.0 nan nan 0.1254 nan nan 43.579 nan nan 
1130000.0 3952.0 141808.0 nan nan 0.1255 nan nan 43.403 nan nan 
1140000.0 3979.0 143167.0 nan nan 0.1256 nan nan 46.498 nan nan 
1150000.0 4012.0 144584.0 nan nan 0.1257 nan nan 44.315 nan nan 
1160000.0 4046.0 145956.0 nan nan 0.1258 nan nan 43.535 nan nan 
1170000.0 4074.0 147218.0 nan nan 0.1258 nan nan 43.908 nan nan 
1180000.0 4108.0 148688.0 nan nan 0.126 nan nan 43.728 nan nan 
1190000.0 4140.0 150061.0 nan nan 0.1261 nan nan 42.333 nan nan 
1200000.0 4172.0 151492.0 nan nan 0.1262 nan nan 44.09 nan nan 
1210000.0 4204.0 152950.0 nan nan 0.1264 nan nan 44.883 nan nan 
1220000.0 4234.0 154319.0 nan nan 0.1265 nan nan 45.664 nan nan 
1230000.0 4263.0 155635.0 nan nan 0.1265 nan nan 43.915 nan nan 
1240000.0 4299.0 157040.0 nan nan 0.1266 nan nan 42.312 nan nan 
1250000.0 4329.0 158495.0 nan nan 0.1268 nan nan 43.359 nan nan 
1260000.0 4360.0 159882.0 nan nan 0.1269 nan nan 46.045 nan nan 
1270000.0 4392.0 161253.0 nan nan 0.127 nan nan 44.691 nan nan 
1280000.0 4419.0 162534.0 nan nan 0.127 nan nan 45.858 nan nan 
1290000.0 4447.0 163895.0 nan nan 0.1271 nan nan 46.179 nan nan 
1300000.0 4478.0 165289.0 nan nan 0.1271 nan nan 46.196 nan nan 
1310000.0 4506.0 166625.0 nan nan 0.1272 nan nan 46.065 nan nan 
1320000.0 4530.0 167838.0 nan nan 0.1272 nan nan 46.429 nan nan 
1330000.0 4563.0 169164.0 nan nan 0.1272 nan nan 44.627 nan nan 
1340000.0 4592.0 170544.0 nan nan 0.1273 nan nan 45.756 nan nan 
1350000.0 4624.0 171966.0 nan nan 0.1274 nan nan 43.838 nan nan 
1360000.0 4655.0 173305.0 nan nan 0.1274 nan nan 44.136 nan nan 
1370000.0 4686.0 174659.0 nan nan 0.1275 nan nan 43.889 nan nan 
1380000.0 4715.0 176040.0 nan nan 0.1276 nan nan 44.856 nan nan 
1390000.0 4748.0 177446.0 nan nan 0.1277 nan nan 44.14 nan nan 
1400000.0 4777.0 178794.0 nan nan 0.1277 nan nan 45.172 nan nan 
1410000.0 4806.0 180074.0 nan nan 0.1277 nan nan 44.458 nan nan 
1420000.0 4836.0 181424.0 nan nan 0.1278 nan nan 42.785 nan nan 
1430000.0 4864.0 182746.0 nan nan 0.1278 nan nan 45.447 nan nan 
1440000.0 4899.0 184199.0 nan nan 0.1279 nan nan 43.115 nan nan 
1450000.0 4929.0 185541.0 nan nan 0.128 nan nan 44.387 nan nan 
1460000.0 4959.0 186891.0 nan nan 0.128 nan nan 44.277 nan nan 
1470000.0 4987.0 188215.0 nan nan 0.128 nan nan 46.564 nan nan 
1480000.0 5016.0 189517.0 nan nan 0.1281 nan nan 45.209 nan nan 
1490000.0 5046.0 190910.0 nan nan 0.1281 nan nan 44.814 nan nan 
1500000.0 5076.0 192282.0 nan nan 0.1282 nan nan 45.461 nan nan 
1510000.0 5104.0 193596.0 nan nan 0.1282 nan nan 45.393 nan nan 
1520000.0 5134.0 194898.0 nan nan 0.1282 nan nan 44.759 nan nan 
1530000.0 5166.0 196270.0 nan nan 0.1283 nan nan 44.577 nan nan 
1540000.0 5195.0 197607.0 nan nan 0.1283 nan nan 45.26 nan nan 
1550000.0 5229.0 199036.0 nan nan 0.1284 nan nan 43.575 nan nan 
1560000.0 5258.0 200416.0 nan nan 0.1285 nan nan 45.436 nan nan 
1570000.0 5291.0 201804.0 nan nan 0.1285 nan nan 44.199 nan nan 
1580000.0 5320.0 203114.0 nan nan 0.1286 nan nan 44.933 nan nan 
1590000.0 5352.0 204465.0 nan nan 0.1286 nan nan 43.628 nan nan 
1600000.0 5382.0 205855.0 nan nan 0.1287 nan nan 43.332 nan nan 
1610000.0 5417.0 207172.0 nan nan 0.1287 nan nan 40.097 nan nan 
1620000.0 5448.0 208545.0 nan nan 0.1287 nan nan 41.193 nan nan 
1630000.0 5479.0 209965.0 nan nan 0.1288 nan nan 44.85 nan nan 
1640000.0 5508.0 211235.0 nan nan 0.1288 nan nan 43.956 nan nan 
1650000.0 5542.0 212634.0 nan nan 0.1289 nan nan 42.904 nan nan 
1660000.0 5571.0 213889.0 nan nan 0.1288 nan nan 42.726 nan nan 
1670000.0 5604.0 215231.0 nan nan 0.1289 nan nan 42.042 nan nan 
1680000.0 5637.0 216671.0 nan nan 0.129 nan nan 42.863 nan nan 
1690000.0 5664.0 217950.0 nan nan 0.129 nan nan 42.425 nan nan 
1700000.0 5694.0 219277.0 nan nan 0.129 nan nan 43.811 nan nan 
1710000.0 5722.0 220606.0 nan nan 0.129 nan nan 45.428 nan nan 
1720000.0 5752.0 221916.0 nan nan 0.129 nan nan 45.458 nan nan 
1730000.0 5781.0 223155.0 nan nan 0.129 nan nan 43.436 nan nan 
1740000.0 5811.0 224503.0 nan nan 0.129 nan nan 44.625 nan nan 
1750000.0 5838.0 225871.0 nan nan 0.1291 nan nan 45.399 nan nan 
1760000.0 5872.0 227228.0 nan nan 0.1291 nan nan 44.515 nan nan 
1770000.0 5903.0 228652.0 nan nan 0.1292 nan nan 45.147 nan nan 
1780000.0 5931.0 229959.0 nan nan 0.1292 nan nan 45.454 nan nan 
1790000.0 5958.0 231325.0 nan nan 0.1292 nan nan 45.379 nan nan 
1800000.0 5988.0 232586.0 nan nan 0.1292 nan nan 44.719 nan nan 
1810000.0 6016.0 233896.0 nan nan 0.1292 nan nan 46.533 nan nan 
1820000.0 6045.0 235281.0 nan nan 0.1293 nan nan 46.254 nan nan 
1830000.0 6072.0 236591.0 nan nan 0.1293 nan nan 45.888 nan nan 
1840000.0 6099.0 237889.0 nan nan 0.1293 nan nan 46.662 nan nan 
1850000.0 6130.0 239231.0 nan nan 0.1293 nan nan 45.525 nan nan 
1860000.0 6156.0 240481.0 nan nan 0.1293 nan nan 46.665 nan nan 
1870000.0 6183.0 241812.0 nan nan 0.1293 nan nan 45.817 nan nan 
1880000.0 6214.0 243108.0 nan nan 0.1293 nan nan 44.607 nan nan 
1890000.0 6243.0 244339.0 nan nan 0.1293 nan nan 44.672 nan nan 
1900000.0 6271.0 245624.0 nan nan 0.1293 nan nan 44.194 nan nan 
1910000.0 6301.0 247029.0 nan nan 0.1293 nan nan 46.189 nan nan 
1920000.0 6330.0 248341.0 nan nan 0.1293 nan nan 45.501 nan nan 
1930000.0 6355.0 249663.0 nan nan 0.1294 nan nan 48.783 nan nan 
1940000.0 6385.0 251046.0 nan nan 0.1294 nan nan 47.684 nan nan 
1950000.0 6414.0 252350.0 nan nan 0.1294 nan nan 46.246 nan nan 
1960000.0 6443.0 253681.0 nan nan 0.1294 nan nan 46.444 nan nan 
1970000.0 6473.0 255002.0 nan nan 0.1294 nan nan 45.296 nan nan 
1980000.0 6502.0 256341.0 nan nan 0.1295 nan nan 45.809 nan nan 
1990000.0 6528.0 257565.0 nan nan 0.1294 nan nan 45.055 nan nan 
2000000.0 6557.0 258872.0 nan nan 0.1294 nan nan 46.531 nan nan 
2010000.0 6585.0 260188.0 nan nan 0.1294 nan nan 45.9 nan nan 
2020000.0 6611.0 261413.0 nan nan 0.1294 nan nan 46.899 nan nan 
2030000.0 6638.0 262664.0 nan nan 0.1294 nan nan 46.86 nan nan 
2040000.0 6663.0 263890.0 nan nan 0.1294 nan nan 46.754 nan nan 
2050000.0 6685.0 264995.0 nan nan 0.1293 nan nan 49.047 nan nan 
2060000.0 6711.0 266154.0 nan nan 0.1292 nan nan 47.098 nan nan 
2070000.0 6738.0 267517.0 nan nan 0.1292 nan nan 46.401 nan nan 
2080000.0 6763.0 268672.0 nan nan 0.1292 nan nan 47.775 nan nan 
2090000.0 6789.0 269801.0 nan nan 0.1291 nan nan 46.58 nan nan 
2100000.0 6813.0 271007.0 nan nan 0.1291 nan nan 46.584 nan nan 
2110000.0 6838.0 272148.0 nan nan 0.129 nan nan 47.403 nan nan 
2120000.0 6866.0 273340.0 nan nan 0.1289 nan nan 45.59 nan nan 
2130000.0 6895.0 274681.0 nan nan 0.129 nan nan 45.173 nan nan 
2140000.0 6921.0 275854.0 nan nan 0.1289 nan nan 45.043 nan nan 
2150000.0 6948.0 277142.0 nan nan 0.1289 nan nan 45.596 nan nan 
2160000.0 6976.0 278444.0 nan nan 0.1289 nan nan 46.884 nan nan 
2170000.0 7004.0 279738.0 nan nan 0.1289 nan nan 46.643 nan nan 
2180000.0 7033.0 281073.0 nan nan 0.1289 nan nan 45.5 nan nan 
2190000.0 7062.0 282452.0 nan nan 0.129 nan nan 46.308 nan nan 
2200000.0 7085.0 283643.0 nan nan 0.1289 nan nan 48.29 nan nan 
2210000.0 7112.0 284919.0 nan nan 0.1289 nan nan 48.873 nan nan 
2220000.0 7141.0 286299.0 nan nan 0.129 nan nan 48.26 nan nan 
2230000.0 7165.0 287443.0 nan nan 0.1289 nan nan 47.197 nan nan 
2240000.0 7190.0 288610.0 nan nan 0.1288 nan nan 47.941 nan nan 
2250000.0 7218.0 289968.0 nan nan 0.1289 nan nan 46.71 nan nan 
2260000.0 7245.0 291109.0 nan nan 0.1288 nan nan 45.137 nan nan 
2270000.0 7269.0 292228.0 nan nan 0.1287 nan nan 45.702 nan nan 
2280000.0 7294.0 293524.0 nan nan 0.1287 nan nan 47.205 nan nan 
2290000.0 7327.0 294816.0 nan nan 0.1287 nan nan 44.261 nan nan 
2300000.0 7358.0 296197.0 nan nan 0.1288 nan nan 43.605 nan nan 
2310000.0 7387.0 297551.0 nan nan 0.1288 nan nan 44.178 nan nan 
2320000.0 7419.0 298932.0 nan nan 0.1288 nan nan 44.523 nan nan 
2330000.0 7448.0 300232.0 nan nan 0.1289 nan nan 45.024 nan nan 
2340000.0 7473.0 301453.0 nan nan 0.1288 nan nan 45.337 nan nan 
2350000.0 7501.0 302760.0 nan nan 0.1288 nan nan 46.892 nan nan 
2360000.0 7527.0 303954.0 nan nan 0.1288 nan nan 45.534 nan nan 
2370000.0 7552.0 305170.0 nan nan 0.1288 nan nan 47.78 nan nan 
2380000.0 7580.0 306427.0 nan nan 0.1288 nan nan 46.602 nan nan 
2390000.0 7605.0 307679.0 nan nan 0.1287 nan nan 46.063 nan nan 
2400000.0 7632.0 308834.0 nan nan 0.1287 nan nan 46.477 nan nan 
2410000.0 7658.0 310017.0 nan nan 0.1286 nan nan 46.001 nan nan 
2420000.0 7691.0 311386.0 nan nan 0.1287 nan nan 43.863 nan nan 
2430000.0 7713.0 312521.0 nan nan 0.1286 nan nan 45.095 nan nan 
2440000.0 7743.0 313757.0 nan nan 0.1286 nan nan 44.319 nan nan 
2450000.0 7768.0 315027.0 nan nan 0.1286 nan nan 46.355 nan nan 
2460000.0 7794.0 316146.0 nan nan 0.1285 nan nan 45.14 nan nan 
2470000.0 7823.0 317420.0 nan nan 0.1285 nan nan 44.817 nan nan 
2480000.0 7849.0 318687.0 nan nan 0.1285 nan nan 44.546 nan nan 
2490000.0 7878.0 319999.0 nan nan 0.1285 nan nan 45.495 nan nan 
2500000.0 7904.0 321198.0 nan nan 0.1285 nan nan 46.623 nan nan 
2510000.0 7927.0 322366.0 nan nan 0.1284 nan nan 48.329 nan nan 
2520000.0 7956.0 323703.0 nan nan 0.1285 nan nan 45.806 nan nan 
2530000.0 7984.0 324903.0 nan nan 0.1284 nan nan 45.819 nan nan 
2540000.0 8007.0 326009.0 nan nan 0.1284 nan nan 45.762 nan nan 
2550000.0 8032.0 327145.0 nan nan 0.1283 nan nan 46.504 nan nan 
2560000.0 8059.0 328479.0 nan nan 0.1283 nan nan 48.119 nan nan 
2570000.0 8088.0 329716.0 nan nan 0.1283 nan nan 45.369 nan nan 
2580000.0 8115.0 330967.0 nan nan 0.1283 nan nan 45.331 nan nan 
2590000.0 8148.0 332386.0 nan nan 0.1283 nan nan 44.116 nan nan 
2600000.0 8175.0 333749.0 nan nan 0.1284 nan nan 45.243 nan nan 
2610000.0 8207.0 335089.0 nan nan 0.1284 nan nan 45.288 nan nan 
2620000.0 8235.0 336382.0 nan nan 0.1284 nan nan 44.694 nan nan 
2630000.0 8264.0 337673.0 nan nan 0.1284 nan nan 45.606 nan nan 
2640000.0 8289.0 338846.0 nan nan 0.1284 nan nan 46.251 nan nan 
2650000.0 8318.0 340216.0 nan nan 0.1284 nan nan 46.699 nan nan 
2660000.0 8346.0 341565.0 nan nan 0.1284 nan nan 45.734 nan nan 
2670000.0 8370.0 342673.0 nan nan 0.1283 nan nan 46.632 nan nan 
2680000.0 8398.0 344031.0 nan nan 0.1284 nan nan 47.736 nan nan 
2690000.0 8421.0 345217.0 nan nan 0.1283 nan nan 49.426 nan nan 
2700000.0 8448.0 346575.0 nan nan 0.1284 nan nan 48.206 nan nan 
2710000.0 8476.0 347850.0 nan nan 0.1284 nan nan 48.612 nan nan 
2720000.0 8502.0 349124.0 nan nan 0.1284 nan nan 47.052 nan nan 
2730000.0 8530.0 350444.0 nan nan 0.1284 nan nan 48.276 nan nan 
2740000.0 8555.0 351621.0 nan nan 0.1283 nan nan 47.377 nan nan 
2750000.0 8580.0 352791.0 nan nan 0.1283 nan nan 47.357 nan nan 
2760000.0 8607.0 354118.0 nan nan 0.1283 nan nan 46.496 nan nan 
2770000.0 8635.0 355432.0 nan nan 0.1283 nan nan 47.989 nan nan 
2780000.0 8661.0 356683.0 nan nan 0.1283 nan nan 46.642 nan nan 
2790000.0 8687.0 357925.0 nan nan 0.1283 nan nan 47.995 nan nan 
2800000.0 8712.0 359162.0 nan nan 0.1283 nan nan 46.959 nan nan 
2810000.0 8738.0 360337.0 nan nan 0.1282 nan nan 47.565 nan nan 
2820000.0 8765.0 361631.0 nan nan 0.1282 nan nan 47.911 nan nan 
2830000.0 8791.0 362884.0 nan nan 0.1282 nan nan 48.383 nan nan 
2840000.0 8818.0 364112.0 nan nan 0.1282 nan nan 47.235 nan nan 
2850000.0 8847.0 365463.0 nan nan 0.1282 nan nan 46.026 nan nan 
2860000.0 8878.0 366843.0 nan nan 0.1283 nan nan 46.047 nan nan 
2870000.0 8901.0 368057.0 nan nan 0.1282 nan nan 46.564 nan nan 
2880000.0 8929.0 369373.0 nan nan 0.1283 nan nan 48.018 nan nan 
2890000.0 8958.0 370702.0 nan nan 0.1283 nan nan 46.666 nan nan 
2900000.0 8982.0 371985.0 nan nan 0.1283 nan nan 48.799 nan nan 
2910000.0 9012.0 373290.0 nan nan 0.1283 nan nan 46.052 nan nan 
2920000.0 9037.0 374490.0 nan nan 0.1282 nan nan 47.329 nan nan 
2930000.0 9066.0 375791.0 nan nan 0.1283 nan nan 46.403 nan nan 
2940000.0 9093.0 377078.0 nan nan 0.1283 nan nan 44.913 nan nan 
2950000.0 9120.0 378319.0 nan nan 0.1282 nan nan 45.487 nan nan 
2960000.0 9144.0 379619.0 nan nan 0.1282 nan nan 47.414 nan nan 
2970000.0 9171.0 380856.0 nan nan 0.1282 nan nan 47.375 nan nan 
2980000.0 9200.0 382210.0 nan nan 0.1283 nan nan 48.13 nan nan 
2990000.0 9226.0 383483.0 nan nan 0.1283 nan nan 48.571 nan nan 
3000000.0 9253.0 384754.0 nan nan 0.1283 nan nan 48.346 nan nan 
3010000.0 9278.0 385952.0 nan nan 0.1282 nan nan 48.217 nan nan 
3020000.0 9303.0 387133.0 nan nan 0.1282 nan nan 47.568 nan nan 
3030000.0 9329.0 388378.0 nan nan 0.1282 nan nan 47.939 nan nan 
3040000.0 9354.0 389670.0 nan nan 0.1282 nan nan 47.172 nan nan 
3050000.0 9382.0 390925.0 nan nan 0.1282 nan nan 48.525 nan nan 
3060000.0 9411.0 392295.0 nan nan 0.1282 nan nan 46.027 nan nan 
3070000.0 9439.0 393540.0 nan nan 0.1282 nan nan 47.13 nan nan 
3080000.0 9466.0 394800.0 nan nan 0.1282 nan nan 47.48 nan nan 
3090000.0 9493.0 396054.0 nan nan 0.1282 nan nan 47.22 nan nan 
3100000.0 9516.0 397215.0 nan nan 0.1281 nan nan 46.724 nan nan 
3110000.0 9534.0 398266.0 nan nan 0.1281 nan nan 49.377 nan nan 
3120000.0 9560.0 399405.0 nan nan 0.128 nan nan 49.056 nan nan 
3130000.0 9588.0 400759.0 nan nan 0.128 nan nan 47.367 nan nan 
3140000.0 9613.0 401974.0 nan nan 0.128 nan nan 49.317 nan nan 
3150000.0 9642.0 403238.0 nan nan 0.128 nan nan 46.888 nan nan 
3160000.0 9668.0 404504.0 nan nan 0.128 nan nan 47.902 nan nan 
3170000.0 9696.0 405849.0 nan nan 0.128 nan nan 47.068 nan nan 
3180000.0 9724.0 407241.0 nan nan 0.1281 nan nan 49.339 nan nan 
3190000.0 9751.0 408505.0 nan nan 0.1281 nan nan 48.645 nan nan 
3200000.0 9777.0 409747.0 nan nan 0.128 nan nan 46.674 nan nan 
3210000.0 9801.0 410799.0 nan nan 0.128 nan nan 46.953 nan nan 
3220000.0 9825.0 412032.0 nan nan 0.128 nan nan 46.906 nan nan 
3230000.0 9845.0 412960.0 nan nan 0.1279 nan nan 47.527 nan nan 
3240000.0 9873.0 414341.0 nan nan 0.1279 nan nan 47.341 nan nan 
3250000.0 9900.0 415653.0 nan nan 0.1279 nan nan 46.789 nan nan 
3260000.0 9921.0 416598.0 nan nan 0.1278 nan nan 47.436 nan nan 
3270000.0 9945.0 417863.0 nan nan 0.1278 nan nan 48.331 nan nan 
3280000.0 9964.0 418821.0 nan nan 0.1277 nan nan 50.185 nan nan 
3290000.0 9985.0 419811.0 nan nan 0.1276 nan nan 49.624 nan nan 
3300000.0 10008.0 420897.0 nan nan 0.1275 nan nan 48.137 nan nan 
3310000.0 10029.0 422045.0 nan nan 0.1275 nan nan 48.28 nan nan 
3320000.0 10045.0 422934.0 nan nan 0.1274 nan nan 52.588 nan nan 
3330000.0 10062.0 423897.0 nan nan 0.1273 nan nan 52.163 nan nan 
3340000.0 10083.0 425005.0 nan nan 0.1272 nan nan 52.684 nan nan 
3350000.0 10107.0 426030.0 nan nan 0.1272 nan nan 49.853 nan nan 
3360000.0 10128.0 427221.0 nan nan 0.1271 nan nan 51.911 nan nan 
3370000.0 10157.0 428553.0 nan nan 0.1272 nan nan 49.064 nan nan 
3380000.0 10183.0 429785.0 nan nan 0.1272 nan nan 48.793 nan nan 
3390000.0 10207.0 431091.0 nan nan 0.1272 nan nan 50.925 nan nan 
3400000.0 10232.0 432245.0 nan nan 0.1271 nan nan 49.388 nan nan 
3410000.0 10257.0 433392.0 nan nan 0.1271 nan nan 48.116 nan nan 
3420000.0 10279.0 434545.0 nan nan 0.1271 nan nan 49.504 nan nan 
3430000.0 10305.0 435854.0 nan nan 0.1271 nan nan 47.652 nan nan 
3440000.0 10331.0 437062.0 nan nan 0.1271 nan nan 48.78 nan nan 
3450000.0 10359.0 438445.0 nan nan 0.1271 nan nan 48.087 nan nan 
3460000.0 10386.0 439697.0 nan nan 0.1271 nan nan 47.547 nan nan 
3470000.0 10411.0 440878.0 nan nan 0.1271 nan nan 47.884 nan nan 
3480000.0 10433.0 442069.0 nan nan 0.127 nan nan 48.718 nan nan 
3490000.0 10458.0 443244.0 nan nan 0.127 nan nan 48.56 nan nan 
3500000.0 10488.0 444513.0 nan nan 0.127 nan nan 45.152 nan nan 
3510000.0 10512.0 445794.0 nan nan 0.127 nan nan 46.318 nan nan 
3520000.0 10538.0 447033.0 nan nan 0.127 nan nan 48.37 nan nan 
3530000.0 10564.0 448312.0 nan nan 0.127 nan nan 48.922 nan nan 
3540000.0 10589.0 449563.0 nan nan 0.127 nan nan 49.129 nan nan 
3550000.0 10616.0 450842.0 nan nan 0.127 nan nan 47.881 nan nan 
3560000.0 10646.0 452126.0 nan nan 0.127 nan nan 45.799 nan nan 
3570000.0 10669.0 453279.0 nan nan 0.127 nan nan 47.725 nan nan 
3580000.0 10692.0 454321.0 nan nan 0.1269 nan nan 46.914 nan nan 
3590000.0 10716.0 455558.0 nan nan 0.1269 nan nan 47.344 nan nan 
3600000.0 10740.0 456794.0 nan nan 0.1269 nan nan 49.838 nan nan 
3610000.0 10765.0 458031.0 nan nan 0.1269 nan nan 49.835 nan nan 
3620000.0 10788.0 459182.0 nan nan 0.1268 nan nan 48.747 nan nan 
3630000.0 10814.0 460345.0 nan nan 0.1268 nan nan 47.799 nan nan 
3640000.0 10839.0 461533.0 nan nan 0.1268 nan nan 46.767 nan nan 
3650000.0 10867.0 462838.0 nan nan 0.1268 nan nan 47.472 nan nan 
3660000.0 10888.0 463849.0 nan nan 0.1267 nan nan 47.671 nan nan 
3670000.0 10914.0 465166.0 nan nan 0.1267 nan nan 47.493 nan nan 
3680000.0 10942.0 466471.0 nan nan 0.1268 nan nan 48.003 nan nan 
3690000.0 10971.0 467718.0 nan nan 0.1268 nan nan 46.046 nan nan 
3700000.0 10995.0 468878.0 nan nan 0.1267 nan nan 46.663 nan nan 
3710000.0 11016.0 470156.0 nan nan 0.1267 nan nan 49.717 nan nan 
3720000.0 11043.0 471378.0 nan nan 0.1267 nan nan 48.37 nan nan 
3730000.0 11062.0 472629.0 nan nan 0.1267 nan nan 53.049 nan nan 
3740000.0 11086.0 473818.0 nan nan 0.1267 nan nan 53.695 nan nan 
3750000.0 11119.0 475269.0 nan nan 0.1267 nan nan 49.476 nan nan 
3760000.0 11145.0 476488.0 nan nan 0.1267 nan nan 47.18 nan nan 
3770000.0 11174.0 477825.0 nan nan 0.1267 nan nan 47.584 nan nan 
3780000.0 11200.0 479086.0 nan nan 0.1267 nan nan 48.091 nan nan 
3790000.0 11227.0 480276.0 nan nan 0.1267 nan nan 46.775 nan nan 
3800000.0 11258.0 481646.0 nan nan 0.1267 nan nan 45.708 nan nan 
3810000.0 11283.0 482880.0 nan nan 0.1267 nan nan 46.165 nan nan 
3820000.0 11308.0 484137.0 nan nan 0.1267 nan nan 48.079 nan nan 
3830000.0 11333.0 485292.0 nan nan 0.1267 nan nan 47.575 nan nan 
3840000.0 11352.0 486329.0 nan nan 0.1266 nan nan 47.632 nan nan 
3850000.0 11379.0 487545.0 nan nan 0.1266 nan nan 47.084 nan nan 
3860000.0 11404.0 488746.0 nan nan 0.1266 nan nan 49.161 nan nan 
3870000.0 11432.0 489971.0 nan nan 0.1266 nan nan 47.097 nan nan 
3880000.0 11455.0 491118.0 nan nan 0.1266 nan nan 48.438 nan nan 
3890000.0 11476.0 492159.0 nan nan 0.1265 nan nan 49.061 nan nan 
3900000.0 11503.0 493406.0 nan nan 0.1265 nan nan 46.893 nan nan 
3910000.0 11529.0 494589.0 nan nan 0.1265 nan nan 46.938 nan nan 
3920000.0 11552.0 495683.0 nan nan 0.1264 nan nan 47.165 nan nan 
3930000.0 11575.0 496835.0 nan nan 0.1264 nan nan 48.293 nan nan 
3940000.0 11598.0 498104.0 nan nan 0.1264 nan nan 49.787 nan nan 
3950000.0 11626.0 499342.0 nan nan 0.1264 nan nan 48.347 nan nan 
3960000.0 11649.0 500482.0 nan nan 0.1264 nan nan 49.277 nan nan 
3970000.0 11671.0 501692.0 nan nan 0.1264 nan nan 50.708 nan nan 
3980000.0 11698.0 502899.0 nan nan 0.1264 nan nan 48.078 nan nan 
3990000.0 11724.0 504307.0 nan nan 0.1264 nan nan 49.484 nan nan 
4000000.0 11751.0 505576.0 nan nan 0.1264 nan nan 48.847 nan nan 
4010000.0 11775.0 506817.0 nan nan 0.1264 nan nan 48.566 nan nan 
4020000.0 11793.0 507924.0 nan nan 0.1263 nan nan 52.162 nan nan 
4030000.0 11820.0 509267.0 nan nan 0.1264 nan nan 52.171 nan nan 
4040000.0 11846.0 510497.0 nan nan 0.1264 nan nan 49.939 nan nan 
4050000.0 11871.0 511792.0 nan nan 0.1264 nan nan 48.143 nan nan 
4060000.0 11899.0 513055.0 nan nan 0.1264 nan nan 49.096 nan nan 
4070000.0 11928.0 514343.0 nan nan 0.1264 nan nan 45.584 nan nan 
4080000.0 11954.0 515536.0 nan nan 0.1264 nan nan 46.481 nan nan 
4090000.0 11976.0 516795.0 nan nan 0.1264 nan nan 48.238 nan nan 
4100000.0 11998.0 517814.0 nan nan 0.1263 nan nan 49.719 nan nan 
4110000.0 12022.0 518989.0 nan nan 0.1263 nan nan 49.009 nan nan 
4120000.0 12045.0 520140.0 nan nan 0.1262 nan nan 47.841 nan nan 
4130000.0 12074.0 521387.0 nan nan 0.1262 nan nan 47.411 nan nan 
4140000.0 12099.0 522526.0 nan nan 0.1262 nan nan 46.27 nan nan 
4150000.0 12122.0 523764.0 nan nan 0.1262 nan nan 49.585 nan nan 
4160000.0 12147.0 524953.0 nan nan 0.1262 nan nan 47.819 nan nan 
4170000.0 12170.0 526071.0 nan nan 0.1262 nan nan 48.893 nan nan 
4180000.0 12198.0 527337.0 nan nan 0.1262 nan nan 45.92 nan nan 
4190000.0 12222.0 528442.0 nan nan 0.1261 nan nan 46.332 nan nan 
4200000.0 12244.0 529552.0 nan nan 0.1261 nan nan 48.957 nan nan 
4210000.0 12261.0 530406.0 nan nan 0.126 nan nan 47.503 nan nan 
4220000.0 12280.0 531426.0 nan nan 0.1259 nan nan 51.247 nan nan 
4230000.0 12300.0 532416.0 nan nan 0.1259 nan nan 48.787 nan nan 
4240000.0 12327.0 533664.0 nan nan 0.1259 nan nan 49.239 nan nan 
4250000.0 12351.0 534899.0 nan nan 0.1259 nan nan 47.745 nan nan 
4260000.0 12377.0 536028.0 nan nan 0.1258 nan nan 47.536 nan nan 
4270000.0 12398.0 537037.0 nan nan 0.1258 nan nan 47.663 nan nan 
4280000.0 12417.0 538014.0 nan nan 0.1257 nan nan 47.348 nan nan 
4290000.0 12439.0 539063.0 nan nan 0.1257 nan nan 48.908 nan nan 
4300000.0 12465.0 540365.0 nan nan 0.1257 nan nan 49.018 nan nan 
4310000.0 12489.0 541579.0 nan nan 0.1257 nan nan 48.305 nan nan 
4320000.0 12509.0 542672.0 nan nan 0.1256 nan nan 51.872 nan nan 
4330000.0 12531.0 543842.0 nan nan 0.1256 nan nan 50.364 nan nan 
4340000.0 12555.0 544952.0 nan nan 0.1256 nan nan 49.6 nan nan 
4350000.0 12577.0 546083.0 nan nan 0.1255 nan nan 50.351 nan nan 
4360000.0 12597.0 547224.0 nan nan 0.1255 nan nan 50.817 nan nan 
4370000.0 12615.0 548227.0 nan nan 0.1255 nan nan 53.265 nan nan 
4380000.0 12640.0 549502.0 nan nan 0.1255 nan nan 53.125 nan nan 
4390000.0 12668.0 550820.0 nan nan 0.1255 nan nan 50.566 nan nan 
4400000.0 12694.0 552012.0 nan nan 0.1255 nan nan 47.353 nan nan 
4410000.0 12714.0 552955.0 nan nan 0.1254 nan nan 48.373 nan nan 
4420000.0 12740.0 554179.0 nan nan 0.1254 nan nan 47.328 nan nan 
4430000.0 12765.0 555458.0 nan nan 0.1254 nan nan 47.828 nan nan 
4440000.0 12787.0 556516.0 nan nan 0.1253 nan nan 49.117 nan nan 
4450000.0 12810.0 557669.0 nan nan 0.1253 nan nan 47.728 nan nan 
4460000.0 12836.0 558864.0 nan nan 0.1253 nan nan 48.683 nan nan 
4470000.0 12861.0 560061.0 nan nan 0.1253 nan nan 47.151 nan nan 
4480000.0 12882.0 561239.0 nan nan 0.1253 nan nan 51.035 nan nan 
4490000.0 12907.0 562464.0 nan nan 0.1253 nan nan 50.581 nan nan 
4500000.0 12930.0 563631.0 nan nan 0.1253 nan nan 48.958 nan nan 
4510000.0 12954.0 564747.0 nan nan 0.1252 nan nan 48.721 nan nan 
4520000.0 12980.0 565982.0 nan nan 0.1252 nan nan 49.062 nan nan 
4530000.0 13003.0 567077.0 nan nan 0.1252 nan nan 47.328 nan nan 
4540000.0 13023.0 568073.0 nan nan 0.1251 nan nan 47.894 nan nan 
4550000.0 13043.0 569043.0 nan nan 0.1251 nan nan 49.098 nan nan 
4560000.0 13062.0 570046.0 nan nan 0.125 nan nan 47.885 nan nan 
4570000.0 13084.0 571088.0 nan nan 0.125 nan nan 49.789 nan nan 
4580000.0 13104.0 572130.0 nan nan 0.1249 nan nan 50.701 nan nan 
4590000.0 13128.0 573304.0 nan nan 0.1249 nan nan 49.595 nan nan 
4600000.0 13155.0 574507.0 nan nan 0.1249 nan nan 47.954 nan nan 
4610000.0 13176.0 575630.0 nan nan 0.1249 nan nan 47.974 nan nan 
4620000.0 13199.0 576664.0 nan nan 0.1248 nan nan 48.196 nan nan 
4630000.0 13223.0 577846.0 nan nan 0.1248 nan nan 48.281 nan nan 
4640000.0 13251.0 579191.0 nan nan 0.1248 nan nan 46.828 nan nan 
4650000.0 13276.0 580392.0 nan nan 0.1248 nan nan 48.757 nan nan 
4660000.0 13298.0 581416.0 nan nan 0.1248 nan nan 47.811 nan nan 
4670000.0 13326.0 582659.0 nan nan 0.1248 nan nan 45.89 nan nan 
4680000.0 13347.0 583834.0 nan nan 0.1248 nan nan 48.284 nan nan 
4690000.0 13374.0 585001.0 nan nan 0.1247 nan nan 47.625 nan nan 
4700000.0 13395.0 586280.0 nan nan 0.1247 nan nan 49.803 nan nan 
4710000.0 13419.0 587551.0 nan nan 0.1247 nan nan 50.988 nan nan 
4720000.0 13448.0 588829.0 nan nan 0.1248 nan nan 49.129 nan nan 
4730000.0 13471.0 589978.0 nan nan 0.1247 nan nan 49.921 nan nan 
4740000.0 13494.0 591082.0 nan nan 0.1247 nan nan 48.355 nan nan 
4750000.0 13517.0 592194.0 nan nan 0.1247 nan nan 48.789 nan nan 
4760000.0 13542.0 593327.0 nan nan 0.1246 nan nan 47.558 nan nan 
4770000.0 13567.0 594679.0 nan nan 0.1247 nan nan 49.287 nan nan 
4780000.0 13591.0 595867.0 nan nan 0.1247 nan nan 50.08 nan nan 
4790000.0 13614.0 597028.0 nan nan 0.1246 nan nan 49.675 nan nan 
4800000.0 13639.0 598268.0 nan nan 0.1246 nan nan 50.344 nan nan 
4810000.0 13664.0 599443.0 nan nan 0.1246 nan nan 49.422 nan nan 
4820000.0 13689.0 600682.0 nan nan 0.1246 nan nan 49.849 nan nan 
4830000.0 13707.0 601893.0 nan nan 0.1246 nan nan 52.443 nan nan 
4840000.0 13728.0 602943.0 nan nan 0.1246 nan nan 53.287 nan nan 
4850000.0 13755.0 604265.0 nan nan 0.1246 nan nan 50.984 nan nan 
4860000.0 13780.0 605538.0 nan nan 0.1246 nan nan 51.678 nan nan 
4870000.0 13802.0 606739.0 nan nan 0.1246 nan nan 52.743 nan nan 
4880000.0 13828.0 608047.0 nan nan 0.1246 nan nan 52.029 nan nan 
4890000.0 13851.0 609182.0 nan nan 0.1246 nan nan 49.83 nan nan 
4900000.0 13871.0 610241.0 nan nan 0.1245 nan nan 52.566 nan nan 
4910000.0 13897.0 611518.0 nan nan 0.1245 nan nan 50.699 nan nan 
4920000.0 13920.0 612543.0 nan nan 0.1245 nan nan 48.571 nan nan 
4930000.0 13943.0 613843.0 nan nan 0.1245 nan nan 51.318 nan nan 
4940000.0 13964.0 614797.0 nan nan 0.1245 nan nan 49.544 nan nan 
4950000.0 13987.0 615895.0 nan nan 0.1244 nan nan 48.737 nan nan 
4960000.0 14013.0 617107.0 nan nan 0.1244 nan nan 46.66 nan nan 
4970000.0 14040.0 618368.0 nan nan 0.1244 nan nan 46.161 nan nan 
4980000.0 14060.0 619446.0 nan nan 0.1244 nan nan 50.116 nan nan 
4990000.0 14082.0 620615.0 nan nan 0.1244 nan nan 51.302 nan nan 
5000000.0 14102.0 621596.0 nan nan 0.1243 nan nan 50.794 nan nan 
5010000.0 14125.0 622745.0 nan nan 0.1243 nan nan 50.768 nan nan 
5020000.0 14143.0 623631.0 nan nan 0.1242 nan nan 50.613 nan nan 
5030000.0 14165.0 624617.0 nan nan 0.1242 nan nan 48.744 nan nan 
5040000.0 14183.0 625511.0 nan nan 0.1241 nan nan 47.104 nan nan 
5050000.0 14208.0 626718.0 nan nan 0.1241 nan nan 47.614 nan nan 
5060000.0 14235.0 627987.0 nan nan 0.1241 nan nan 47.231 nan nan 
5070000.0 14265.0 629254.0 nan nan 0.1241 nan nan 45.393 nan nan 
5080000.0 14288.0 630405.0 nan nan 0.1241 nan nan 47.323 nan nan 
5090000.0 14313.0 631691.0 nan nan 0.1241 nan nan 48.429 nan nan 
5100000.0 14336.0 632885.0 nan nan 0.1241 nan nan 49.751 nan nan 
5110000.0 14360.0 634075.0 nan nan 0.1241 nan nan 49.618 nan nan 
5120000.0 14379.0 635171.0 nan nan 0.1241 nan nan 52.39 nan nan 
5130000.0 14400.0 636302.0 nan nan 0.124 nan nan 52.245 nan nan 
5140000.0 14421.0 637369.0 nan nan 0.124 nan nan 50.734 nan nan 
5150000.0 14448.0 638600.0 nan nan 0.124 nan nan 49.199 nan nan 
5160000.0 14468.0 639635.0 nan nan 0.124 nan nan 49.578 nan nan 
5170000.0 14490.0 640878.0 nan nan 0.124 nan nan 50.662 nan nan 
5180000.0 14513.0 641965.0 nan nan 0.1239 nan nan 50.648 nan nan 
5190000.0 14535.0 643167.0 nan nan 0.1239 nan nan 51.29 nan nan 
5200000.0 14554.0 644135.0 nan nan 0.1239 nan nan 52.148 nan nan 
5210000.0 14574.0 645314.0 nan nan 0.1239 nan nan 54.158 nan nan 
5220000.0 14595.0 646297.0 nan nan 0.1238 nan nan 52.157 nan nan 
5230000.0 14616.0 647613.0 nan nan 0.1238 nan nan 53.89 nan nan 
5240000.0 14637.0 648737.0 nan nan 0.1238 nan nan 53.282 nan nan 
5250000.0 14664.0 650045.0 nan nan 0.1238 nan nan 52.421 nan nan 
5260000.0 14688.0 651305.0 nan nan 0.1238 nan nan 49.526 nan nan 
5270000.0 14709.0 652333.0 nan nan 0.1238 nan nan 49.451 nan nan 
5280000.0 14730.0 653318.0 nan nan 0.1237 nan nan 48.812 nan nan 
5290000.0 14752.0 654495.0 nan nan 0.1237 nan nan 51.595 nan nan 
5300000.0 14774.0 655750.0 nan nan 0.1237 nan nan 51.773 nan nan 
5310000.0 14799.0 657044.0 nan nan 0.1237 nan nan 50.839 nan nan 
5320000.0 14825.0 658124.0 nan nan 0.1237 nan nan 49.131 nan nan 
5330000.0 14848.0 659380.0 nan nan 0.1237 nan nan 50.659 nan nan 
5340000.0 14866.0 660436.0 nan nan 0.1237 nan nan 53.289 nan nan 
5350000.0 14890.0 661673.0 nan nan 0.1237 nan nan 52.216 nan nan 
5360000.0 14916.0 662897.0 nan nan 0.1237 nan nan 49.711 nan nan 
5370000.0 14933.0 663999.0 nan nan 0.1236 nan nan 54.356 nan nan 
5380000.0 14956.0 665129.0 nan nan 0.1236 nan nan 51.888 nan nan 
5390000.0 14979.0 666461.0 nan nan 0.1236 nan nan 53.04 nan nan 
5400000.0 15000.0 667554.0 nan nan 0.1236 nan nan 54.601 nan nan 
5410000.0 15032.0 668909.0 nan nan 0.1236 nan nan 48.251 nan nan 
5420000.0 15055.0 670030.0 nan nan 0.1236 nan nan 47.909 nan nan 
5430000.0 15079.0 671206.0 nan nan 0.1236 nan nan 49.351 nan nan 
5440000.0 15103.0 672507.0 nan nan 0.1236 nan nan 50.903 nan nan 
5450000.0 15122.0 673626.0 nan nan 0.1236 nan nan 53.491 nan nan 
5460000.0 15146.0 674795.0 nan nan 0.1236 nan nan 51.6 nan nan 
5470000.0 15169.0 676111.0 nan nan 0.1236 nan nan 53.478 nan nan 
5480000.0 15195.0 677356.0 nan nan 0.1236 nan nan 50.28 nan nan 
5490000.0 15217.0 678624.0 nan nan 0.1236 nan nan 51.631 nan nan 
5500000.0 15236.0 679712.0 nan nan 0.1236 nan nan 55.194 nan nan 
5510000.0 15258.0 680866.0 nan nan 0.1236 nan nan 52.314 nan nan 
5520000.0 15278.0 681758.0 nan nan 0.1235 nan nan 51.635 nan nan 
5530000.0 15302.0 683010.0 nan nan 0.1235 nan nan 51.649 nan nan 
5540000.0 15322.0 684053.0 nan nan 0.1235 nan nan 51.465 nan nan 
5550000.0 15342.0 685148.0 nan nan 0.1235 nan nan 48.923 nan nan 
5560000.0 15361.0 686193.0 nan nan 0.1234 nan nan 53.96 nan nan 
5570000.0 15380.0 687266.0 nan nan 0.1234 nan nan 55.31 nan nan 
5580000.0 15398.0 688491.0 nan nan 0.1234 nan nan 58.458 nan nan 
5590000.0 15419.0 689639.0 nan nan 0.1234 nan nan 58.386 nan nan 
5600000.0 15439.0 690704.0 nan nan 0.1233 nan nan 56.778 nan nan 
5610000.0 15465.0 691859.0 nan nan 0.1233 nan nan 51.955 nan nan 
5620000.0 15492.0 693141.0 nan nan 0.1233 nan nan 49.14 nan nan 
5630000.0 15510.0 694143.0 nan nan 0.1233 nan nan 50.589 nan nan 
5640000.0 15534.0 695328.0 nan nan 0.1233 nan nan 48.944 nan nan 
5650000.0 15552.0 696383.0 nan nan 0.1233 nan nan 51.272 nan nan 
5660000.0 15579.0 697602.0 nan nan 0.1233 nan nan 49.314 nan nan 
5670000.0 15599.0 698773.0 nan nan 0.1232 nan nan 52.63 nan nan 
5680000.0 15619.0 699999.0 nan nan 0.1232 nan nan 56.546 nan nan 
5690000.0 15638.0 701110.0 nan nan 0.1232 nan nan 57.245 nan nan 
5700000.0 15657.0 702102.0 nan nan 0.1232 nan nan 54.246 nan nan 
5710000.0 15684.0 703338.0 nan nan 0.1232 nan nan 51.802 nan nan 
5720000.0 15706.0 704590.0 nan nan 0.1232 nan nan 51.794 nan nan 
5730000.0 15731.0 705822.0 nan nan 0.1232 nan nan 51.692 nan nan 
5740000.0 15759.0 707159.0 nan nan 0.1232 nan nan 48.98 nan nan 
5750000.0 15780.0 708147.0 nan nan 0.1232 nan nan 48.844 nan nan 
5760000.0 15806.0 709372.0 nan nan 0.1232 nan nan 48.365 nan nan 
5770000.0 15830.0 710475.0 nan nan 0.1231 nan nan 47.715 nan nan 
5780000.0 15855.0 711614.0 nan nan 0.1231 nan nan 46.91 nan nan 
5790000.0 15881.0 713021.0 nan nan 0.1231 nan nan 49.883 nan nan 
5800000.0 15910.0 714304.0 nan nan 0.1232 nan nan 46.757 nan nan 
5810000.0 15936.0 715654.0 nan nan 0.1232 nan nan 47.177 nan nan 
5820000.0 15963.0 716958.0 nan nan 0.1232 nan nan 47.317 nan nan 
5830000.0 15981.0 718061.0 nan nan 0.1232 nan nan 50.685 nan nan 
5840000.0 16008.0 719178.0 nan nan 0.1231 nan nan 47.81 nan nan 
5850000.0 16024.0 720208.0 nan nan 0.1231 nan nan 52.756 nan nan 
5860000.0 16044.0 721343.0 nan nan 0.1231 nan nan 52.649 nan nan 
5870000.0 16068.0 722327.0 nan nan 0.1231 nan nan 49.595 nan nan 
5880000.0 16091.0 723518.0 nan nan 0.123 nan nan 48.147 nan nan 
5890000.0 16113.0 724629.0 nan nan 0.123 nan nan 50.437 nan nan 
5900000.0 16131.0 725904.0 nan nan 0.123 nan nan 54.113 nan nan 
5910000.0 16153.0 727014.0 nan nan 0.123 nan nan 54.522 nan nan 
5920000.0 16174.0 728172.0 nan nan 0.123 nan nan 55.775 nan nan 
5930000.0 16195.0 729304.0 nan nan 0.123 nan nan 55.939 nan nan 
5940000.0 16216.0 730486.0 nan nan 0.123 nan nan 56.052 nan nan 
5950000.0 16241.0 731670.0 nan nan 0.123 nan nan 52.306 nan nan 
5960000.0 16258.0 732741.0 nan nan 0.1229 nan nan 54.85 nan nan 
5970000.0 16280.0 733865.0 nan nan 0.1229 nan nan 54.816 nan nan 
5980000.0 16300.0 735006.0 nan nan 0.1229 nan nan 55.26 nan nan 
5990000.0 16325.0 736240.0 nan nan 0.1229 nan nan 51.975 nan nan 
6000000.0 16356.0 737569.0 nan nan 0.1229 nan nan 47.662 nan nan 
6010000.0 16380.0 738789.0 nan nan 0.1229 nan nan 47.273 nan nan 
6020000.0 16404.0 739907.0 nan nan 0.1229 nan nan 46.989 nan nan 
6030000.0 16427.0 741116.0 nan nan 0.1229 nan nan 50.951 nan nan 
6040000.0 16449.0 742300.0 nan nan 0.1229 nan nan 51.842 nan nan 
6050000.0 16473.0 743574.0 nan nan 0.1229 nan nan 52.926 nan nan 
6060000.0 16489.0 744428.0 nan nan 0.1228 nan nan 52.604 nan nan 
6070000.0 16508.0 745443.0 nan nan 0.1228 nan nan 53.353 nan nan 
6080000.0 16530.0 746526.0 nan nan 0.1228 nan nan 49.427 nan nan 
6090000.0 16549.0 747588.0 nan nan 0.1228 nan nan 53.897 nan nan 
6100000.0 16574.0 748676.0 nan nan 0.1227 nan nan 50.151 nan nan 
6110000.0 16596.0 749966.0 nan nan 0.1227 nan nan 53.302 nan nan 
6120000.0 16618.0 751330.0 nan nan 0.1228 nan nan 55.682 nan nan 
6130000.0 16641.0 752425.0 nan nan 0.1227 nan nan 52.98 nan nan 
6140000.0 16663.0 753525.0 nan nan 0.1227 nan nan 51.996 nan nan 
6150000.0 16685.0 754833.0 nan nan 0.1227 nan nan 54.49 nan nan 
6160000.0 16707.0 755877.0 nan nan 0.1227 nan nan 51.474 nan nan 
6170000.0 16727.0 757091.0 nan nan 0.1227 nan nan 54.631 nan nan 
6180000.0 16746.0 758098.0 nan nan 0.1227 nan nan 52.384 nan nan 
6190000.0 16768.0 759168.0 nan nan 0.1226 nan nan 52.967 nan nan 
6200000.0 16790.0 760193.0 nan nan 0.1226 nan nan 50.793 nan nan 
6210000.0 16809.0 761295.0 nan nan 0.1226 nan nan 52.127 nan nan 
6220000.0 16829.0 762390.0 nan nan 0.1226 nan nan 53.173 nan nan 
6230000.0 16851.0 763634.0 nan nan 0.1226 nan nan 54.292 nan nan 
6240000.0 16875.0 764904.0 nan nan 0.1226 nan nan 51.493 nan nan 
6250000.0 16897.0 765958.0 nan nan 0.1226 nan nan 52.02 nan nan 
6260000.0 16921.0 767220.0 nan nan 0.1226 nan nan 52.52 nan nan 
6270000.0 16942.0 768262.0 nan nan 0.1225 nan nan 51.741 nan nan 
6280000.0 16965.0 769532.0 nan nan 0.1225 nan nan 51.48 nan nan 
6290000.0 16985.0 770485.0 nan nan 0.1225 nan nan 51.892 nan nan 
6300000.0 17011.0 771766.0 nan nan 0.1225 nan nan 51.284 nan nan 
6310000.0 17037.0 772960.0 nan nan 0.1225 nan nan 48.513 nan nan 
6320000.0 17058.0 774114.0 nan nan 0.1225 nan nan 51.123 nan nan 
6330000.0 17081.0 775434.0 nan nan 0.1225 nan nan 53.65 nan nan 
6340000.0 17100.0 776471.0 nan nan 0.1225 nan nan 51.549 nan nan 
6350000.0 17122.0 777597.0 nan nan 0.1225 nan nan 53.689 nan nan 
6360000.0 17142.0 778539.0 nan nan 0.1224 nan nan 51.036 nan nan 
6370000.0 17159.0 779546.0 nan nan 0.1224 nan nan 54.209 nan nan 
6380000.0 17184.0 780780.0 nan nan 0.1224 nan nan 49.814 nan nan 
6390000.0 17206.0 781843.0 nan nan 0.1224 nan nan 51.367 nan nan 
6400000.0 17229.0 782923.0 nan nan 0.1223 nan nan 49.032 nan nan 
6410000.0 17251.0 784079.0 nan nan 0.1223 nan nan 51.215 nan nan 
6420000.0 17268.0 784983.0 nan nan 0.1223 nan nan 49.741 nan nan 
6430000.0 17287.0 786058.0 nan nan 0.1222 nan nan 53.506 nan nan 
6440000.0 17307.0 787201.0 nan nan 0.1222 nan nan 52.484 nan nan 
6450000.0 17331.0 788381.0 nan nan 0.1222 nan nan 51.101 nan nan 
6460000.0 17352.0 789400.0 nan nan 0.1222 nan nan 50.282 nan nan 
6470000.0 17372.0 790525.0 nan nan 0.1222 nan nan 53.318 nan nan 
6480000.0 17391.0 791722.0 nan nan 0.1222 nan nan 54.663 nan nan 
6490000.0 17413.0 792925.0 nan nan 0.1222 nan nan 56.968 nan nan 
6500000.0 17438.0 794093.0 nan nan 0.1222 nan nan 53.486 nan nan 
6510000.0 17459.0 795144.0 nan nan 0.1221 nan nan 52.363 nan nan 
6520000.0 17484.0 796444.0 nan nan 0.1222 nan nan 50.366 nan nan 
6530000.0 17508.0 797733.0 nan nan 0.1222 nan nan 51.073 nan nan 
6540000.0 17532.0 798956.0 nan nan 0.1222 nan nan 50.325 nan nan 
6550000.0 17559.0 800121.0 nan nan 0.1222 nan nan 49.064 nan nan 
6560000.0 17583.0 801382.0 nan nan 0.1222 nan nan 48.384 nan nan 
6570000.0 17608.0 802569.0 nan nan 0.1222 nan nan 49.584 nan nan 
6580000.0 17629.0 803565.0 nan nan 0.1221 nan nan 49.18 nan nan 
6590000.0 17649.0 804672.0 nan nan 0.1221 nan nan 49.121 nan nan 
6600000.0 17673.0 805747.0 nan nan 0.1221 nan nan 48.162 nan nan 
6610000.0 17691.0 806728.0 nan nan 0.122 nan nan 50.809 nan nan 
6620000.0 17715.0 807919.0 nan nan 0.122 nan nan 49.187 nan nan 
6630000.0 17735.0 809111.0 nan nan 0.122 nan nan 53.333 nan nan 
6640000.0 17757.0 810376.0 nan nan 0.122 nan nan 53.383 nan nan 
6650000.0 17781.0 811510.0 nan nan 0.122 nan nan 51.174 nan nan 
6660000.0 17802.0 812469.0 nan nan 0.122 nan nan 49.768 nan nan 
6670000.0 17826.0 813656.0 nan nan 0.122 nan nan 49.741 nan nan 
6680000.0 17850.0 814912.0 nan nan 0.122 nan nan 49.642 nan nan 
6690000.0 17873.0 816034.0 nan nan 0.122 nan nan 50.055 nan nan 
6700000.0 17897.0 817182.0 nan nan 0.122 nan nan 49.28 nan nan 
6710000.0 17918.0 818228.0 nan nan 0.1219 nan nan 49.419 nan nan 
6720000.0 17945.0 819496.0 nan nan 0.1219 nan nan 48.673 nan nan 
6730000.0 17969.0 820674.0 nan nan 0.1219 nan nan 48.908 nan nan 
6740000.0 17988.0 821793.0 nan nan 0.1219 nan nan 50.369 nan nan 
6750000.0 18012.0 823145.0 nan nan 0.1219 nan nan 52.337 nan nan 
6760000.0 18034.0 824311.0 nan nan 0.1219 nan nan 54.06 nan nan 
6770000.0 18060.0 825443.0 nan nan 0.1219 nan nan 50.578 nan nan 
6780000.0 18085.0 826735.0 nan nan 0.1219 nan nan 51.138 nan nan 
6790000.0 18112.0 828010.0 nan nan 0.1219 nan nan 49.933 nan nan 
6800000.0 18137.0 829301.0 nan nan 0.122 nan nan 50.472 nan nan 
6810000.0 18160.0 830444.0 nan nan 0.1219 nan nan 50.41 nan nan 
6820000.0 18183.0 831531.0 nan nan 0.1219 nan nan 48.715 nan nan 
6830000.0 18208.0 832748.0 nan nan 0.1219 nan nan 49.531 nan nan 
6840000.0 18234.0 833926.0 nan nan 0.1219 nan nan 45.86 nan nan 
6850000.0 18256.0 835104.0 nan nan 0.1219 nan nan 50.947 nan nan 
6860000.0 18276.0 836141.0 nan nan 0.1219 nan nan 51.643 nan nan 
6870000.0 18296.0 837311.0 nan nan 0.1219 nan nan 53.685 nan nan 
6880000.0 18317.0 838471.0 nan nan 0.1219 nan nan 54.311 nan nan 
6890000.0 18341.0 839701.0 nan nan 0.1219 nan nan 53.342 nan nan 
6900000.0 18361.0 840964.0 nan nan 0.1219 nan nan 57.03 nan nan 
6910000.0 18380.0 842013.0 nan nan 0.1219 nan nan 56.173 nan nan 
6920000.0 18406.0 843297.0 nan nan 0.1219 nan nan 53.445 nan nan 
6930000.0 18430.0 844473.0 nan nan 0.1219 nan nan 50.833 nan nan 
6940000.0 18455.0 845632.0 nan nan 0.1218 nan nan 50.044 nan nan 
6950000.0 18480.0 846891.0 nan nan 0.1219 nan nan 49.091 nan nan 
6960000.0 18500.0 848007.0 nan nan 0.1218 nan nan 52.508 nan nan 
6970000.0 18523.0 849134.0 nan nan 0.1218 nan nan 50.279 nan nan 
6980000.0 18549.0 850434.0 nan nan 0.1218 nan nan 49.126 nan nan 
6990000.0 18576.0 851646.0 nan nan 0.1218 nan nan 48.41 nan nan 
7000000.0 18600.0 852724.0 nan nan 0.1218 nan nan 46.998 nan nan 
7010000.0 18623.0 854046.0 nan nan 0.1218 nan nan 50.131 nan nan 
7020000.0 18646.0 855391.0 nan nan 0.1219 nan nan 51.198 nan nan 
7030000.0 18668.0 856534.0 nan nan 0.1218 nan nan 52.895 nan nan 
7040000.0 18691.0 857751.0 nan nan 0.1218 nan nan 51.87 nan nan 
7050000.0 18713.0 858814.0 nan nan 0.1218 nan nan 51.411 nan nan 
7060000.0 18735.0 859957.0 nan nan 0.1218 nan nan 49.71 nan nan 
7070000.0 18761.0 861180.0 nan nan 0.1218 nan nan 50.08 nan nan 
7080000.0 18783.0 862283.0 nan nan 0.1218 nan nan 48.845 nan nan 
7090000.0 18807.0 863463.0 nan nan 0.1218 nan nan 48.424 nan nan 
7100000.0 18831.0 864718.0 nan nan 0.1218 nan nan 50.866 nan nan 
7110000.0 18855.0 865910.0 nan nan 0.1218 nan nan 49.351 nan nan 
7120000.0 18876.0 866928.0 nan nan 0.1218 nan nan 49.448 nan nan 
7130000.0 18899.0 868043.0 nan nan 0.1217 nan nan 49.804 nan nan 
7140000.0 18923.0 869311.0 nan nan 0.1218 nan nan 50.751 nan nan 
7150000.0 18950.0 870543.0 nan nan 0.1218 nan nan 48.3 nan nan 
7160000.0 18976.0 871796.0 nan nan 0.1218 nan nan 47.82 nan nan 
7170000.0 18997.0 872859.0 nan nan 0.1217 nan nan 49.142 nan nan 
7180000.0 19018.0 873939.0 nan nan 0.1217 nan nan 50.639 nan nan 
7190000.0 19041.0 875154.0 nan nan 0.1217 nan nan 50.128 nan nan 
7200000.0 19065.0 876431.0 nan nan 0.1217 nan nan 50.582 nan nan 
7210000.0 19095.0 877739.0 nan nan 0.1217 nan nan 47.47 nan nan 
7220000.0 19113.0 879052.0 nan nan 0.1218 nan nan 54.149 nan nan 
7230000.0 19140.0 880329.0 nan nan 0.1218 nan nan 51.095 nan nan 
7240000.0 19161.0 881324.0 nan nan 0.1217 nan nan 50.397 nan nan 
7250000.0 19179.0 882582.0 nan nan 0.1217 nan nan 54.319 nan nan 
7260000.0 19203.0 883742.0 nan nan 0.1217 nan nan 53.38 nan nan 
7270000.0 19230.0 885140.0 nan nan 0.1218 nan nan 50.568 nan nan 
7280000.0 19254.0 886289.0 nan nan 0.1217 nan nan 49.027 nan nan 
7290000.0 19272.0 887337.0 nan nan 0.1217 nan nan 51.695 nan nan 
7300000.0 19293.0 888407.0 nan nan 0.1217 nan nan 53.63 nan nan 
7310000.0 19309.0 889350.0 nan nan 0.1217 nan nan 55.096 nan nan 
7320000.0 19329.0 890470.0 nan nan 0.1216 nan nan 54.174 nan nan 
7330000.0 19353.0 891713.0 nan nan 0.1217 nan nan 51.606 nan nan 
7340000.0 19378.0 892987.0 nan nan 0.1217 nan nan 51.841 nan nan 
7350000.0 19399.0 894300.0 nan nan 0.1217 nan nan 57.335 nan nan 
7360000.0 19423.0 895566.0 nan nan 0.1217 nan nan 54.875 nan nan 
7370000.0 19440.0 896520.0 nan nan 0.1216 nan nan 55.487 nan nan 
7380000.0 19464.0 897774.0 nan nan 0.1216 nan nan 54.67 nan nan 
7390000.0 19488.0 898982.0 nan nan 0.1216 nan nan 52.243 nan nan 
7400000.0 19511.0 900222.0 nan nan 0.1217 nan nan 53.088 nan nan 
7410000.0 19536.0 901468.0 nan nan 0.1217 nan nan 50.435 nan nan 
7420000.0 19563.0 902653.0 nan nan 0.1217 nan nan 48.286 nan nan 
7430000.0 19587.0 903872.0 nan nan 0.1217 nan nan 47.944 nan nan 
7440000.0 19611.0 905272.0 nan nan 0.1217 nan nan 51.243 nan nan 
7450000.0 19635.0 906474.0 nan nan 0.1217 nan nan 50.123 nan nan 
7460000.0 19659.0 907552.0 nan nan 0.1217 nan nan 49.393 nan nan 
7470000.0 19678.0 908729.0 nan nan 0.1217 nan nan 52.493 nan nan 
7480000.0 19705.0 910022.0 nan nan 0.1217 nan nan 52.068 nan nan 
7490000.0 19727.0 911299.0 nan nan 0.1217 nan nan 53.863 nan nan 
7500000.0 19751.0 912530.0 nan nan 0.1217 nan nan 51.97 nan nan 
7510000.0 19772.0 913737.0 nan nan 0.1217 nan nan 55.164 nan nan 
7520000.0 19795.0 914818.0 nan nan 0.1217 nan nan 51.511 nan nan 
7530000.0 19816.0 915986.0 nan nan 0.1216 nan nan 52.909 nan nan 
7540000.0 19842.0 917234.0 nan nan 0.1216 nan nan 50.176 nan nan 
7550000.0 19863.0 918289.0 nan nan 0.1216 nan nan 51.129 nan nan 
7560000.0 19887.0 919485.0 nan nan 0.1216 nan nan 50.039 nan nan 
7570000.0 19912.0 920833.0 nan nan 0.1216 nan nan 52.527 nan nan 
7580000.0 19935.0 922061.0 nan nan 0.1216 nan nan 51.237 nan nan 
7590000.0 19957.0 923152.0 nan nan 0.1216 nan nan 51.412 nan nan 
7600000.0 19979.0 924272.0 nan nan 0.1216 nan nan 50.502 nan nan 
7610000.0 20004.0 925549.0 nan nan 0.1216 nan nan 49.599 nan nan 
7620000.0 20029.0 926838.0 nan nan 0.1216 nan nan 52.248 nan nan 
7630000.0 20048.0 927875.0 nan nan 0.1216 nan nan 53.606 nan nan 
7640000.0 20074.0 929111.0 nan nan 0.1216 nan nan 51.12 nan nan 
7650000.0 20097.0 930148.0 nan nan 0.1216 nan nan 49.041 nan nan 
7660000.0 20114.0 931051.0 nan nan 0.1215 nan nan 50.133 nan nan 
7670000.0 20136.0 932274.0 nan nan 0.1215 nan nan 49.915 nan nan 
7680000.0 20159.0 933326.0 nan nan 0.1215 nan nan 49.34 nan nan 
7690000.0 20182.0 934556.0 nan nan 0.1215 nan nan 51.699 nan nan 
7700000.0 20202.0 935607.0 nan nan 0.1215 nan nan 52.153 nan nan 
7710000.0 20226.0 936777.0 nan nan 0.1215 nan nan 50.32 nan nan 
7720000.0 20248.0 937931.0 nan nan 0.1215 nan nan 51.375 nan nan 
7730000.0 20271.0 939058.0 nan nan 0.1215 nan nan 48.547 nan nan 
7740000.0 20295.0 940226.0 nan nan 0.1215 nan nan 48.659 nan nan 
7750000.0 20318.0 941481.0 nan nan 0.1215 nan nan 52.225 nan nan 
7760000.0 20344.0 942717.0 nan nan 0.1215 nan nan 49.826 nan nan 
7770000.0 20367.0 943985.0 nan nan 0.1215 nan nan 51.798 nan nan 
7780000.0 20393.0 945266.0 nan nan 0.1215 nan nan 50.362 nan nan 
7790000.0 20415.0 946289.0 nan nan 0.1215 nan nan 49.142 nan nan 
7800000.0 20432.0 947408.0 nan nan 0.1215 nan nan 53.663 nan nan 
7810000.0 20455.0 948643.0 nan nan 0.1215 nan nan 53.625 nan nan 
7820000.0 20478.0 949885.0 nan nan 0.1215 nan nan 53.319 nan nan 
7830000.0 20502.0 951054.0 nan nan 0.1215 nan nan 50.777 nan nan 
7840000.0 20525.0 952167.0 nan nan 0.1214 nan nan 51.219 nan nan 
7850000.0 20547.0 953363.0 nan nan 0.1214 nan nan 51.619 nan nan 
7860000.0 20568.0 954581.0 nan nan 0.1214 nan nan 53.289 nan nan 
7870000.0 20586.0 955631.0 nan nan 0.1214 nan nan 56.481 nan nan 
7880000.0 20607.0 956745.0 nan nan 0.1214 nan nan 54.727 nan nan 
7890000.0 20628.0 957851.0 nan nan 0.1214 nan nan 52.783 nan nan 
7900000.0 20651.0 958928.0 nan nan 0.1214 nan nan 51.779 nan nan 
7910000.0 20676.0 960092.0 nan nan 0.1214 nan nan 49.587 nan nan 
7920000.0 20699.0 961398.0 nan nan 0.1214 nan nan 50.187 nan nan 
7930000.0 20720.0 962531.0 nan nan 0.1214 nan nan 52.858 nan nan 
7940000.0 20741.0 963795.0 nan nan 0.1214 nan nan 53.283 nan nan 
7950000.0 20766.0 965050.0 nan nan 0.1214 nan nan 52.168 nan nan 
7960000.0 20789.0 966253.0 nan nan 0.1214 nan nan 52.774 nan nan 
7970000.0 20811.0 967434.0 nan nan 0.1214 nan nan 51.472 nan nan 
7980000.0 20834.0 968748.0 nan nan 0.1214 nan nan 54.357 nan nan 
7990000.0 20859.0 970036.0 nan nan 0.1214 nan nan 52.862 nan nan 
8000000.0 20881.0 971186.0 nan nan 0.1214 nan nan 53.101 nan nan 
8010000.0 20901.0 972266.0 nan nan 0.1214 nan nan 52.15 nan nan 
8020000.0 20922.0 973346.0 nan nan 0.1214 nan nan 51.774 nan nan 
8030000.0 20941.0 974423.0 nan nan 0.1213 nan nan 54.732 nan nan 
8040000.0 20963.0 975488.0 nan nan 0.1213 nan nan 52.958 nan nan 
8050000.0 20989.0 976752.0 nan nan 0.1213 nan nan 50.023 nan nan 
8060000.0 21015.0 978074.0 nan nan 0.1213 nan nan 51.101 nan nan 
8070000.0 21036.0 979232.0 nan nan 0.1213 nan nan 50.068 nan nan 
8080000.0 21058.0 980422.0 nan nan 0.1213 nan nan 54.274 nan nan 
8090000.0 21083.0 981614.0 nan nan 0.1213 nan nan 51.947 nan nan 
8100000.0 21107.0 982869.0 nan nan 0.1213 nan nan 52.355 nan nan 
8110000.0 21130.0 984165.0 nan nan 0.1214 nan nan 54.393 nan nan 
8120000.0 21155.0 985324.0 nan nan 0.1213 nan nan 51.412 nan nan 
8130000.0 21176.0 986457.0 nan nan 0.1213 nan nan 52.301 nan nan 
8140000.0 21201.0 987746.0 nan nan 0.1213 nan nan 51.788 nan nan 
8150000.0 21222.0 988801.0 nan nan 0.1213 nan nan 50.226 nan nan 
8160000.0 21246.0 989942.0 nan nan 0.1213 nan nan 49.364 nan nan 
8170000.0 21267.0 991149.0 nan nan 0.1213 nan nan 51.444 nan nan 
8180000.0 21291.0 992362.0 nan nan 0.1213 nan nan 51.7 nan nan 
8190000.0 21313.0 993614.0 nan nan 0.1213 nan nan 53.165 nan nan 
8200000.0 21333.0 994779.0 nan nan 0.1213 nan nan 52.82 nan nan 
8210000.0 21358.0 995905.0 nan nan 0.1213 nan nan 51.701 nan nan 
8220000.0 21383.0 997138.0 nan nan 0.1213 nan nan 49.86 nan nan 
8230000.0 21408.0 998318.0 nan nan 0.1213 nan nan 49.286 nan nan 
8240000.0 21432.0 999506.0 nan nan 0.1213 nan nan 48.433 nan nan 
8250000.0 21453.0 1000519.0 nan nan 0.1213 nan nan 48.46 nan nan 
8260000.0 21473.0 1001625.0 nan nan 0.1213 nan nan 50.808 nan nan 
8270000.0 21498.0 1002906.0 nan nan 0.1213 nan nan 49.51 nan nan 
8280000.0 21523.0 1004113.0 nan nan 0.1213 nan nan 50.158 nan nan 
8290000.0 21548.0 1005382.0 nan nan 0.1213 nan nan 50.693 nan nan 
8300000.0 21567.0 1006568.0 nan nan 0.1213 nan nan 54.477 nan nan 
8310000.0 21591.0 1007730.0 nan nan 0.1213 nan nan 51.876 nan nan 
8320000.0 21615.0 1008911.0 nan nan 0.1213 nan nan 50.391 nan nan 
8330000.0 21634.0 1010044.0 nan nan 0.1213 nan nan 53.475 nan nan 
8340000.0 21659.0 1011228.0 nan nan 0.1213 nan nan 51.346 nan nan 
8350000.0 21676.0 1012245.0 nan nan 0.1212 nan nan 53.753 nan nan 
8360000.0 21699.0 1013319.0 nan nan 0.1212 nan nan 50.471 nan nan 
8370000.0 21721.0 1014521.0 nan nan 0.1212 nan nan 52.541 nan nan 
8380000.0 21744.0 1015704.0 nan nan 0.1212 nan nan 50.045 nan nan 
8390000.0 21772.0 1016977.0 nan nan 0.1212 nan nan 50.395 nan nan 
8400000.0 21795.0 1018317.0 nan nan 0.1212 nan nan 52.231 nan nan 
8410000.0 21820.0 1019580.0 nan nan 0.1212 nan nan 52.422 nan nan 
8420000.0 21846.0 1020892.0 nan nan 0.1212 nan nan 50.513 nan nan 
8430000.0 21867.0 1021912.0 nan nan 0.1212 nan nan 50.16 nan nan 
8440000.0 21892.0 1023104.0 nan nan 0.1212 nan nan 49.381 nan nan 
8450000.0 21916.0 1024267.0 nan nan 0.1212 nan nan 49.226 nan nan 
8460000.0 21941.0 1025554.0 nan nan 0.1212 nan nan 50.364 nan nan 
8470000.0 21963.0 1026812.0 nan nan 0.1212 nan nan 50.726 nan nan 
8480000.0 21990.0 1028011.0 nan nan 0.1212 nan nan 48.997 nan nan 
8490000.0 22015.0 1029241.0 nan nan 0.1212 nan nan 49.695 nan nan 
8500000.0 22044.0 1030594.0 nan nan 0.1212 nan nan 47.301 nan nan 
8510000.0 22069.0 1031840.0 nan nan 0.1213 nan nan 48.958 nan nan 
8520000.0 22094.0 1032992.0 nan nan 0.1212 nan nan 48.542 nan nan 
8530000.0 22116.0 1034064.0 nan nan 0.1212 nan nan 47.856 nan nan 
8540000.0 22135.0 1035065.0 nan nan 0.1212 nan nan 50.178 nan nan 
8550000.0 22161.0 1036266.0 nan nan 0.1212 nan nan 48.136 nan nan 
8560000.0 22185.0 1037529.0 nan nan 0.1212 nan nan 47.929 nan nan 
8570000.0 22206.0 1038498.0 nan nan 0.1212 nan nan 47.757 nan nan 
8580000.0 22230.0 1039637.0 nan nan 0.1212 nan nan 48.452 nan nan 
8590000.0 22252.0 1040871.0 nan nan 0.1212 nan nan 51.712 nan nan 
8600000.0 22275.0 1042144.0 nan nan 0.1212 nan nan 51.275 nan nan 
8610000.0 22296.0 1043307.0 nan nan 0.1212 nan nan 54.922 nan nan 
8620000.0 22315.0 1044527.0 nan nan 0.1212 nan nan 58.162 nan nan 
8630000.0 22339.0 1045748.0 nan nan 0.1212 nan nan 55.456 nan nan 
8640000.0 22362.0 1046844.0 nan nan 0.1212 nan nan 52.277 nan nan 
8650000.0 22384.0 1048122.0 nan nan 0.1212 nan nan 55.052 nan nan 
8660000.0 22408.0 1049416.0 nan nan 0.1212 nan nan 54.651 nan nan 
8670000.0 22428.0 1050589.0 nan nan 0.1212 nan nan 53.728 nan nan 
8680000.0 22449.0 1051750.0 nan nan 0.1212 nan nan 54.202 nan nan 
8690000.0 22473.0 1052939.0 nan nan 0.1212 nan nan 53.707 nan nan 
8700000.0 22492.0 1054096.0 nan nan 0.1212 nan nan 53.53 nan nan 
8710000.0 22515.0 1055272.0 nan nan 0.1212 nan nan 52.854 nan nan 
8720000.0 22542.0 1056428.0 nan nan 0.1212 nan nan 49.882 nan nan 
8730000.0 22566.0 1057641.0 nan nan 0.1212 nan nan 48.351 nan nan 
8740000.0 22590.0 1058761.0 nan nan 0.1211 nan nan 48.389 nan nan 
8750000.0 22617.0 1059976.0 nan nan 0.1211 nan nan 47.442 nan nan 
8760000.0 22641.0 1061278.0 nan nan 0.1212 nan nan 47.746 nan nan 
8770000.0 22668.0 1062471.0 nan nan 0.1211 nan nan 47.245 nan nan 
8780000.0 22697.0 1063782.0 nan nan 0.1212 nan nan 47.209 nan nan 
8790000.0 22722.0 1065039.0 nan nan 0.1212 nan nan 46.879 nan nan 
8800000.0 22744.0 1066297.0 nan nan 0.1212 nan nan 52.168 nan nan 
8810000.0 22768.0 1067509.0 nan nan 0.1212 nan nan 51.86 nan nan 
8820000.0 22796.0 1068783.0 nan nan 0.1212 nan nan 49.255 nan nan 
8830000.0 22821.0 1070047.0 nan nan 0.1212 nan nan 47.681 nan nan 
8840000.0 22848.0 1071308.0 nan nan 0.1212 nan nan 47.077 nan nan 
8850000.0 22873.0 1072514.0 nan nan 0.1212 nan nan 48.347 nan nan 
8860000.0 22901.0 1073790.0 nan nan 0.1212 nan nan 48.115 nan nan 
8870000.0 22924.0 1074952.0 nan nan 0.1212 nan nan 49.228 nan nan 
8880000.0 22950.0 1076147.0 nan nan 0.1212 nan nan 47.849 nan nan 
8890000.0 22974.0 1077440.0 nan nan 0.1212 nan nan 47.714 nan nan 
8900000.0 22998.0 1078675.0 nan nan 0.1212 nan nan 48.817 nan nan 
8910000.0 23020.0 1079865.0 nan nan 0.1212 nan nan 52.7 nan nan 
8920000.0 23043.0 1080946.0 nan nan 0.1212 nan nan 50.181 nan nan 
8930000.0 23067.0 1082201.0 nan nan 0.1212 nan nan 50.314 nan nan 
8940000.0 23091.0 1083444.0 nan nan 0.1212 nan nan 51.757 nan nan 
8950000.0 23113.0 1084771.0 nan nan 0.1212 nan nan 53.582 nan nan 
8960000.0 23137.0 1086059.0 nan nan 0.1212 nan nan 54.161 nan nan 
8970000.0 23154.0 1087075.0 nan nan 0.1212 nan nan 54.482 nan nan 
8980000.0 23176.0 1088300.0 nan nan 0.1212 nan nan 56.378 nan nan 
8990000.0 23202.0 1089591.0 nan nan 0.1212 nan nan 52.886 nan nan 
9000000.0 23226.0 1090796.0 nan nan 0.1212 nan nan 51.807 nan nan 
9010000.0 23250.0 1091992.0 nan nan 0.1212 nan nan 50.566 nan nan 
9020000.0 23274.0 1093301.0 nan nan 0.1212 nan nan 52.044 nan nan 
9030000.0 23292.0 1094195.0 nan nan 0.1212 nan nan 51.014 nan nan 
9040000.0 23317.0 1095399.0 nan nan 0.1212 nan nan 50.727 nan nan 
9050000.0 23343.0 1096659.0 nan nan 0.1212 nan nan 49.155 nan nan 
9060000.0 23373.0 1098026.0 nan nan 0.1212 nan nan 47.203 nan nan 
9070000.0 23397.0 1099210.0 nan nan 0.1212 nan nan 47.91 nan nan 
9080000.0 23424.0 1100546.0 nan nan 0.1212 nan nan 47.264 nan nan 
9090000.0 23449.0 1101758.0 nan nan 0.1212 nan nan 49.555 nan nan 
9100000.0 23472.0 1102758.0 nan nan 0.1212 nan nan 46.986 nan nan 
9110000.0 23495.0 1104006.0 nan nan 0.1212 nan nan 49.462 nan nan 
9120000.0 23517.0 1105261.0 nan nan 0.1212 nan nan 50.429 nan nan 
9130000.0 23543.0 1106440.0 nan nan 0.1212 nan nan 49.695 nan nan 
9140000.0 23562.0 1107496.0 nan nan 0.1212 nan nan 50.265 nan nan 
9150000.0 23586.0 1108710.0 nan nan 0.1212 nan nan 49.267 nan nan 
9160000.0 23608.0 1109748.0 nan nan 0.1212 nan nan 50.027 nan nan 
9170000.0 23630.0 1110865.0 nan nan 0.1211 nan nan 50.327 nan nan 
9180000.0 23655.0 1112167.0 nan nan 0.1212 nan nan 49.694 nan nan 
9190000.0 23673.0 1113363.0 nan nan 0.1211 nan nan 53.763 nan nan 
9200000.0 23695.0 1114449.0 nan nan 0.1211 nan nan 54.028 nan nan 
9210000.0 23716.0 1115603.0 nan nan 0.1211 nan nan 54.696 nan nan 
9220000.0 23734.0 1116664.0 nan nan 0.1211 nan nan 56.393 nan nan 
9230000.0 23757.0 1117880.0 nan nan 0.1211 nan nan 54.532 nan nan 
9240000.0 23783.0 1119144.0 nan nan 0.1211 nan nan 52.634 nan nan 
9250000.0 23804.0 1120391.0 nan nan 0.1211 nan nan 54.646 nan nan 
9260000.0 23826.0 1121502.0 nan nan 0.1211 nan nan 51.963 nan nan 
9270000.0 23848.0 1122772.0 nan nan 0.1211 nan nan 54.301 nan nan 
9280000.0 23874.0 1124122.0 nan nan 0.1211 nan nan 51.52 nan nan 
9290000.0 23898.0 1125252.0 nan nan 0.1211 nan nan 49.856 nan nan 
9300000.0 23919.0 1126356.0 nan nan 0.1211 nan nan 52.072 nan nan 
9310000.0 23945.0 1127618.0 nan nan 0.1211 nan nan 51.2 nan nan 
9320000.0 23967.0 1128742.0 nan nan 0.1211 nan nan 48.751 nan nan 
9330000.0 23990.0 1129801.0 nan nan 0.1211 nan nan 49.979 nan nan 
9340000.0 24012.0 1130965.0 nan nan 0.1211 nan nan 49.462 nan nan 
9350000.0 24029.0 1132042.0 nan nan 0.1211 nan nan 54.46 nan nan 
9360000.0 24052.0 1133354.0 nan nan 0.1211 nan nan 56.068 nan nan 
9370000.0 24076.0 1134521.0 nan nan 0.1211 nan nan 51.664 nan nan 
9380000.0 24103.0 1135773.0 nan nan 0.1211 nan nan 50.516 nan nan 
9390000.0 24128.0 1136991.0 nan nan 0.1211 nan nan 49.817 nan nan 
9400000.0 24148.0 1138119.0 nan nan 0.1211 nan nan 52.536 nan nan 
9410000.0 24173.0 1139309.0 nan nan 0.1211 nan nan 50.205 nan nan 
9420000.0 24197.0 1140474.0 nan nan 0.1211 nan nan 49.729 nan nan 
9430000.0 24225.0 1141776.0 nan nan 0.1211 nan nan 47.929 nan nan 
9440000.0 24252.0 1143081.0 nan nan 0.1211 nan nan 47.99 nan nan 
9450000.0 24276.0 1144295.0 nan nan 0.1211 nan nan 47.367 nan nan 
9460000.0 24300.0 1145391.0 nan nan 0.1211 nan nan 47.356 nan nan 
9470000.0 24327.0 1146855.0 nan nan 0.1211 nan nan 50.567 nan nan 
9480000.0 24351.0 1147973.0 nan nan 0.1211 nan nan 48.614 nan nan 
9490000.0 24375.0 1149238.0 nan nan 0.1211 nan nan 47.85 nan nan 
9500000.0 24402.0 1150384.0 nan nan 0.1211 nan nan 45.728 nan nan 
9510000.0 24428.0 1151590.0 nan nan 0.1211 nan nan 47.016 nan nan 
9520000.0 24448.0 1152746.0 nan nan 0.1211 nan nan 48.314 nan nan 
9530000.0 24472.0 1154028.0 nan nan 0.1211 nan nan 52.349 nan nan 
9540000.0 24493.0 1155064.0 nan nan 0.1211 nan nan 51.777 nan nan 
9550000.0 24516.0 1156108.0 nan nan 0.1211 nan nan 49.475 nan nan 
9560000.0 24543.0 1157339.0 nan nan 0.1211 nan nan 47.573 nan nan 
9570000.0 24571.0 1158670.0 nan nan 0.1211 nan nan 47.103 nan nan 
9580000.0 24596.0 1160001.0 nan nan 0.1211 nan nan 49.619 nan nan 
9590000.0 24621.0 1161294.0 nan nan 0.1211 nan nan 48.242 nan nan 
9600000.0 24647.0 1162455.0 nan nan 0.1211 nan nan 48.734 nan nan 
9610000.0 24669.0 1163532.0 nan nan 0.1211 nan nan 48.383 nan nan 
9620000.0 24688.0 1164772.0 nan nan 0.1211 nan nan 53.587 nan nan 
9630000.0 24712.0 1165944.0 nan nan 0.1211 nan nan 51.993 nan nan 
9640000.0 24738.0 1167120.0 nan nan 0.1211 nan nan 48.684 nan nan 
9650000.0 24759.0 1168240.0 nan nan 0.1211 nan nan 48.363 nan nan 
9660000.0 24784.0 1169417.0 nan nan 0.1211 nan nan 50.379 nan nan 
9670000.0 24807.0 1170512.0 nan nan 0.121 nan nan 48.52 nan nan 
9680000.0 24827.0 1171650.0 nan nan 0.121 nan nan 52.596 nan nan 
9690000.0 24849.0 1172694.0 nan nan 0.121 nan nan 50.582 nan nan 
9700000.0 24872.0 1173862.0 nan nan 0.121 nan nan 50.076 nan nan 
9710000.0 24896.0 1175043.0 nan nan 0.121 nan nan 49.97 nan nan 
9720000.0 24915.0 1176093.0 nan nan 0.121 nan nan 49.239 nan nan 
9730000.0 24941.0 1177201.0 nan nan 0.121 nan nan 48.742 nan nan 
9740000.0 24958.0 1178240.0 nan nan 0.121 nan nan 51.305 nan nan 
9750000.0 24981.0 1179505.0 nan nan 0.121 nan nan 51.939 nan nan 
9760000.0 25002.0 1180485.0 nan nan 0.121 nan nan 50.807 nan nan 
9770000.0 25021.0 1181447.0 nan nan 0.1209 nan nan 51.734 nan nan 
9780000.0 25047.0 1182622.0 nan nan 0.1209 nan nan 49.205 nan nan 
9790000.0 25065.0 1183801.0 nan nan 0.1209 nan nan 51.594 nan nan 
9800000.0 25090.0 1184967.0 nan nan 0.1209 nan nan 51.903 nan nan 
9810000.0 25110.0 1186096.0 nan nan 0.1209 nan nan 51.596 nan nan 
9820000.0 25135.0 1187374.0 nan nan 0.1209 nan nan 54.109 nan nan 
9830000.0 25161.0 1188673.0 nan nan 0.1209 nan nan 50.492 nan nan 
9840000.0 25187.0 1189856.0 nan nan 0.1209 nan nan 50.356 nan nan 
9850000.0 25211.0 1191005.0 nan nan 0.1209 nan nan 49.514 nan nan 
9860000.0 25233.0 1192118.0 nan nan 0.1209 nan nan 47.906 nan nan 
9870000.0 25259.0 1193296.0 nan nan 0.1209 nan nan 48.224 nan nan 
9880000.0 25284.0 1194602.0 nan nan 0.1209 nan nan 49.656 nan nan 
9890000.0 25303.0 1195779.0 nan nan 0.1209 nan nan 54.134 nan nan 
9900000.0 25324.0 1196900.0 nan nan 0.1209 nan nan 54.704 nan nan 
9910000.0 25347.0 1197995.0 nan nan 0.1209 nan nan 51.97 nan nan 
9920000.0 25373.0 1199250.0 nan nan 0.1209 nan nan 50.702 nan nan 
9930000.0 25398.0 1200547.0 nan nan 0.1209 nan nan 49.358 nan nan 
9940000.0 25424.0 1201730.0 nan nan 0.1209 nan nan 47.897 nan nan 
9950000.0 25449.0 1202997.0 nan nan 0.1209 nan nan 47.885 nan nan 
9960000.0 25473.0 1204069.0 nan nan 0.1209 nan nan 47.777 nan nan 
9970000.0 25491.0 1204963.0 nan nan 0.1209 nan nan 48.283 nan nan 
9980000.0 25515.0 1206055.0 nan nan 0.1208 nan nan 46.769 nan nan 
9990000.0 25537.0 1207294.0 nan nan 0.1209 nan nan 50.199 nan nan 
10000000.0 25559.0 1208551.0 nan nan 0.1209 nan nan 52.358 nan nan 
