10000 10 172.598 4876.884 82.668 0.3035 0 0 0 
20000 20 323.953 9535.076 154.174 0.5668 0 0 0 
30000 54 286.985 12771.887 118.251 0.771 0 0 0 
40000 72 370.751 19150.357 191.268 1.2324 0 0 0 
50000 316 62.317 23517.29 28.389 0.2404 0 0 0 
60000 399 111.142 29314.143 61.399 0.4296 0 0 0 
70000 411 276.863 35250.73 160.542 1.0807 0 0 0 
80000 424 393.023 40860.531 224.626 1.541 0 0 0 
90000 434 504.056 47070.702 294.943 1.9688 0 0 0 
100000 444 594.777 52875.419 348.495 2.3146 0 0 0 
110000 454 662.484 58485.08 384.758 2.5887 0 0 0 
120000 464 716.94 64099.544 412.758 2.8359 0 0 0 
130000 474 768.719 69396.442 433.482 3.0565 0 0 0 
140000 484 811.027 74479.357 449.24 3.2186 0 0 0 
150000 494 845.595 79665.718 461.308 3.3384 0 0 0 
160000 508 811.18 85109.41 442.442 3.1916 0 0 0 
170000 520 824.553 91248.719 460.062 3.2524 0 0 0 
180000 530 856.647 96617.951 474.699 3.4002 0 0 0 
190000 540 882.87 102537.866 497.819 3.4994 0 0 0 
200000 550 904.296 107879.473 502.463 3.5721 0 0 0 
210000 560 919.323 113524.119 513.152 3.6458 0 0 0 
220000 572 903.184 118931.003 500.994 3.5749 0 0 0 
230000 582 920.894 125342.334 525.948 3.642 0 0 0 
240000 592 929.602 130705.374 525.885 3.6849 0 0 0 
250000 602 942.48 136790.157 540.407 3.7318 0 0 0 
260000 612 953.002 142500.044 545.217 3.779 0 0 0 
270000 623 954.997 148170.21 546.235 3.798 0 0 0 
280000 633 963.23 153545.444 544.1 3.8304 0 0 0 
290000 643 969.956 159791.694 559.77 3.865 0 0 0 
300000 653 975.452 164780.597 549.193 3.8877 0 0 0 
310000 663 979.942 170021.769 545.661 3.9066 0 0 0 
320000 673 983.611 176211.637 558.701 3.9532 0 0 0 
330000 684 968.397 182677.524 564.595 3.8897 0 0 0 
340000 694 974.178 188792.514 572.764 3.9073 0 0 0 
350000 704 978.902 194478.897 572.304 3.9255 0 0 0 
360000 714 982.761 199655.111 562.24 3.9384 0 0 0 
370000 724 985.915 205449.434 565.277 3.9467 0 0 0 
380000 734 988.491 211347.305 569.496 3.9498 0 0 0 
390000 744 990.596 217829.433 584.094 3.9464 0 0 0 
400000 754 992.317 223884.402 588.165 3.9516 0 0 0 
410000 764 993.722 229965.262 591.113 3.9653 0 0 0 
420000 774 994.871 235524.367 584.94 3.9762 0 0 0 
430000 784 995.809 240985.665 577.853 3.9899 0 0 0 
440000 794 996.576 246167.687 566.652 3.9936 0 0 0 
450000 804 997.202 251639.421 562.733 3.9869 0 0 0 
460000 814 997.714 257363.265 564.035 3.9871 0 0 0 
470000 824 998.132 263071.96 564.751 4.019 0 0 0 
480000 834 998.474 267548.283 543.836 4.018 0 0 0 
490000 844 998.753 273746.804 558.246 4.0046 0 0 0 
500000 854 998.981 279750.848 565.754 4.0261 0 0 0 
510000 864 999.167 285681.986 570.39 4.0339 0 0 0 
520000 874 999.32 291257.698 568.075 4.0364 0 0 0 
530000 884 999.444 296569.396 561.095 4.0652 0 0 0 
540000 894 999.546 303650.064 588.202 4.0593 0 0 0 
550000 904 999.629 310948.554 613.992 4.0387 0 0 0 
560000 915 971.894 317189.226 599.098 3.9104 0 0 0 
570000 926 967.353 323430.252 599.005 3.8874 0 0 0 
580000 937 952.262 329745.056 591.767 3.8298 0 0 0 
590000 948 936.656 335812.467 582.504 3.7618 0 0 0 
600000 958 946.95 342486.95 593.274 3.8111 0 0 0 
610000 968 956.655 348322.745 593.788 3.8597 0 0 0 
620000 978 964.584 354862.321 601.904 3.9214 0 0 0 
630000 989 954.126 361741.088 605.168 3.8994 0 0 0 
640000 1001 938.273 369269.135 619.634 3.8179 0 0 0 
650000 1011 949.564 376362.331 634.663 3.851 0 0 0 
660000 1021 958.79 382912.909 640.427 3.8728 0 0 0 
670000 1031 966.329 389930.907 651.763 3.8893 0 0 0 
680000 1041 967.157 395885.905 636.386 3.8871 0 0 0 
690000 1051 973.165 403113.043 652.719 3.9064 0 0 0 
700000 1061 978.074 410257.654 664.235 3.9125 0 0 0 
710000 1072 959.112 417248.098 655.295 3.825 0 0 0 
720000 1083 955.003 424641.397 662.535 3.843 0 0 0 
730000 1093 963.235 432192.508 677.555 3.8627 0 0 0 
740000 1103 969.96 439304.5 685.342 3.888 0 0 0 
750000 1113 975.455 446134.389 685.829 3.8955 0 0 0 
760000 1123 979.945 454145.711 705.255 3.9089 0 0 0 
770000 1133 983.614 460489.226 694.213 3.9159 0 0 0 
780000 1143 986.611 467410.994 692.836 3.9338 0 0 0 
790000 1153 989.06 473750.695 680.749 3.9554 0 0 0 
800000 1163 991.061 480634.664 681.739 3.9631 0 0 0 
810000 1173 992.697 488524.167 701.735 3.981 0 0 0 
820000 1184 979.012 495936.477 696.821 3.9229 0 0 0 
830000 1194 972.875 503194.995 695.657 3.9031 0 0 0 
840000 1204 977.837 509396.549 682.671 3.915 0 0 0 
850000 1214 981.891 516391.276 686.057 3.9409 0 0 0 
860000 1225 980.793 523640.449 687.87 3.9314 0 0 0 
870000 1235 977.97 531118.558 696.623 3.9433 0 0 0 
880000 1246 972.951 537769.354 682.954 3.9189 0 0 0 
890000 1257 958.717 544071.053 659.89 3.8516 0 0 0 
900000 1267 954.33 551444.325 664.356 3.8258 0 0 0 
910000 1277 962.684 556726.47 645.013 3.8882 0 0 0 
920000 1288 964.844 563418.99 641.613 3.9245 0 0 0 
930000 1298 962.806 569687.047 634.745 3.9219 0 0 0 
940000 1308 969.61 575250.995 619.781 3.9593 0 0 0 
950000 1322 909.991 582034.184 589.814 3.7188 0 0 0 
960000 1334 898.452 588524.04 581.771 3.6511 0 0 0 
970000 1344 917.028 595850.859 608.597 3.7269 0 0 0 
980000 1354 932.205 602368.391 616.993 3.7722 0 0 0 
990000 1364 944.607 608540.138 617.09 3.8455 0 0 0 
1000000 1374 941.451 614831.794 614.191 3.8182 0 0 0 
1010000 1385 944.993 622046.454 624.051 3.8547 0 0 0 
1020000 1395 955.055 628423.079 624.984 3.8994 0 0 0 
1030000 1405 963.277 635501.494 643.409 3.9222 0 0 0 
1040000 1415 969.994 642940.548 660.516 3.9553 0 0 0 
1050000 1425 975.483 650061.251 669.448 3.9685 0 0 0 
1060000 1435 979.968 657202.843 677.916 3.9694 0 0 0 
1070000 1445 983.632 664827.269 691.595 3.9774 0 0 0 
1080000 1456 973.37 672490.747 698.431 3.9295 0 0 0 
1090000 1468 931.564 680388.252 676.975 3.7539 0 0 0 
1100000 1479 928.729 687637.388 677.007 3.7552 0 0 0 
1110000 1489 941.766 695780.918 702.327 3.8151 0 0 0 
1120000 1499 952.419 704101.333 727.84 3.8496 0 0 0 
1130000 1509 961.123 712716.857 750.848 3.8989 0 0 0 
1140000 1519 968.234 721446.381 770.049 3.9112 0 0 0 
1150000 1529 974.045 729198.731 769.582 3.9356 0 0 0 
1160000 1539 977.948 737384.515 778.899 3.9407 0 0 0 
1170000 1549 981.982 744985.075 777.681 3.9655 0 0 0 
1180000 1559 985.278 751360.5 754.667 3.9753 0 0 0 
1190000 1570 979.381 759516.916 756.667 3.9489 0 0 0 
1200000 1580 983.152 766713.938 749.026 3.9744 0 0 0 
1210000 1590 986.234 774393.098 752.961 3.9738 0 0 0 
1220000 1600 988.752 781339.099 741.419 4.0125 0 0 0 
1230000 1610 990.81 789524.561 756.346 4.0191 0 0 0 
1240000 1620 992.491 800182.578 812.295 4.0342 0 0 0 
1250000 1630 981.791 809624.971 824.627 4.0027 0 0 0 
1260000 1640 985.122 819071.456 843.967 4.0218 0 0 0 
1270000 1650 987.844 828240.517 862.759 4.0192 0 0 0 
1280000 1660 990.067 837319.748 868.653 4.036 0 0 0 
1290000 1671 978.434 849129.068 910.121 3.9857 0 0 0 
1300000 1681 982.379 857431.179 898.485 4.0225 0 0 0 
1310000 1691 985.603 866925.958 903.523 4.0125 0 0 0 
1320000 1703 961.596 878327.347 925.225 3.921 0 0 0 
1330000 1713 968.621 888545.118 943.442 3.9436 0 0 0 
1340000 1723 974.361 897971.763 943.81 3.951 0 0 0 
1350000 1733 979.051 907329.614 940.879 3.9667 0 0 0 
1360000 1744 966.228 916817.588 927.509 3.9426 0 0 0 
1370000 1754 971.827 926674.411 937.261 3.9889 0 0 0 
1380000 1764 976.981 937209.861 958.442 4.1426 0 0 0 
1390000 1774 981.191 949896.808 1016.101 4.1154 0 0 0 
1400000 1784 984.632 961294.158 1038.317 4.1126 0 0 0 
1410000 1794 987.443 973821.686 1076.421 4.1049 0 0 0 
1420000 1804 989.74 987604.059 1132.899 4.1147 0 0 0 
1430000 1814 991.617 1001148.845 1171.093 4.092 0 0 0 
1440000 1824 993.15 1015195.928 1212.764 4.071 0 0 0 
1450000 1834 994.403 1026341.513 1194.851 4.0644 0 0 0 
1460000 1844 995.427 1039715.047 1222.108 4.0661 0 0 0 
1470000 1855 972.971 1049427.797 1146.992 3.9581 0 0 0 
1480000 1865 977.915 1059159.918 1118.025 3.9754 0 0 0 
1490000 1875 972.178 1068805.44 1068.706 3.9446 0 0 0 
1500000 1886 968.017 1081895.464 1108.245 3.9174 0 0 0 
1510000 1896 973.868 1096061.668 1166.06 3.9314 0 0 0 
1520000 1906 978.648 1109488.772 1200.564 3.9644 0 0 0 
1530000 1916 982.554 1123036.098 1226.322 3.9975 0 0 0 
1540000 1926 984.565 1137468.422 1261.475 4.0078 0 0 0 
1550000 1937 966.254 1152397.54 1274.983 3.924 0 0 0 
1560000 1947 972.427 1167153.506 1312.094 3.9367 0 0 0 
1570000 1957 977.471 1179128.273 1287.061 3.9472 0 0 0 
1580000 1968 972.349 1193023.872 1298.004 3.9159 0 0 0 
1590000 1978 977.407 1206548.031 1310.884 3.9399 0 0 0 
1600000 1988 981.54 1222405.656 1359.527 3.9596 0 0 0 
1610000 1998 984.917 1235010.745 1342.224 3.9742 0 0 0 
1620000 2008 987.676 1249632.334 1365.18 3.9785 0 0 0 
1630000 2018 989.93 1264716.119 1388.968 4.0057 0 0 0 
1640000 2028 991.772 1280012.496 1418.657 4.0009 0 0 0 
1650000 2038 993.277 1294310.563 1420.885 4.0012 0 0 0 
1660000 2048 994.507 1307058.143 1393.552 4.0114 0 0 0 
1670000 2058 995.512 1319641.073 1370.572 4.0703 0 0 0 
1680000 2069 980.445 1332302.88 1330.852 4.0142 0 0 0 
1690000 2079 984.022 1349270.191 1397.762 4.025 0 0 0 
1700000 2089 986.945 1362837.48 1388.81 4.023 0 0 0 
1710000 2099 989.333 1376248.503 1379.261 4.028 0 0 0 
1720000 2109 991.284 1390933.828 1394.631 4.0649 0 0 0 
1730000 2119 992.879 1400610.644 1317.53 4.0795 0 0 0 
1740000 2129 994.181 1411808.402 1280.51 4.0724 0 0 0 
1750000 2139 995.246 1423865.982 1269.576 4.0945 0 0 0 
1760000 2149 996.115 1436529.08 1268.115 4.082 0 0 0 
1770000 2159 996.826 1446039.856 1212.339 4.0768 0 0 0 
1780000 2169 997.407 1458628.624 1225.2 4.072 0 0 0 
1790000 2179 997.881 1469360.336 1199.405 4.0653 0 0 0 
1800000 2189 998.269 1487387.577 1311.052 4.0737 0 0 0 
1810000 2199 998.585 1500107.578 1307.133 4.0841 0 0 0 
1820000 2209 998.844 1516795.568 1375.968 4.0912 0 0 0 
1830000 2219 999.056 1529670.188 1355.888 4.1003 0 0 0 
1840000 2229 999.228 1542234.558 1336.124 4.1104 0 0 0 
1850000 2239 999.369 1553744.689 1306.825 4.1311 0 0 0 
1860000 2249 999.485 1568884.858 1346.134 4.1167 0 0 0 
1870000 2259 999.579 1585245.094 1400.857 4.0947 0 0 0 
1880000 2269 999.656 1598389.532 1381.357 4.1033 0 0 0 
1890000 2279 999.719 1611821.019 1376.541 4.1025 0 0 0 
1900000 2289 999.77 1624377.498 1355.902 4.0948 0 0 0 
1910000 2299 999.812 1641072.895 1409.586 4.1015 0 0 0 
1920000 2309 999.847 1657754.767 1456.594 4.1178 0 0 0 
1930000 2319 999.875 1672013.538 1452.044 4.1147 0 0 0 
1940000 2329 999.898 1689517.864 1505.27 4.0942 0 0 0 
1950000 2339 999.916 1705383.116 1519.333 4.1178 0 0 0 
1960000 2349 999.932 1720778.346 1523.163 4.1187 0 0 0 
1970000 2359 999.944 1736243.827 1532.046 4.1173 0 0 0 
1980000 2369 999.954 1752593.531 1551.724 4.127 0 0 0 
1990000 2379 999.963 1769468.899 1578.424 4.1146 0 0 0 
2000000 2389 999.97 1787605.4 1622.738 4.0941 0 0 0 
2010000 2399 999.975 1805332.64 1649.561 4.0929 0 0 0 
2020000 2409 999.98 1821398.056 1643.507 4.0958 0 0 0 
2030000 2419 999.983 1838764.634 1662.759 4.1145 0 0 0 
2040000 2429 999.986 1854526.844 1644.8 4.1199 0 0 0 
2050000 2439 999.989 1872923.184 1683.511 4.1024 0 0 0 
2060000 2449 999.991 1889561.983 1681.69 4.0896 0 0 0 
2070000 2459 999.993 1906312.549 1678.831 4.1202 0 0 0 
2080000 2469 999.994 1922716.604 1672.842 4.1055 0 0 0 
2090000 2479 999.995 1937482.54 1638.198 4.1037 0 0 0 
2100000 2489 999.996 1953329.194 1630.326 4.094 0 0 0 
2110000 2499 999.997 1966896.789 1574.648 4.0908 0 0 0 
2120000 2509 999.997 1982886.339 1575.849 4.1307 0 0 0 
2130000 2519 999.998 1998965.748 1577.894 4.1307 0 0 0 
2140000 2529 999.998 2015887.274 1598.982 4.1325 0 0 0 
2150000 2539 999.999 2034504.608 1646.878 4.1478 0 0 0 
2160000 2549 999.999 2051393.379 1657.46 4.1385 0 0 0 
2170000 2559 999.999 2067605.592 1649.631 4.1777 0 0 0 
2180000 2569 999.999 2084662.999 1659.572 4.1631 0 0 0 
2190000 2579 999.999 2103245.935 1695.94 4.1531 0 0 0 
2200000 2589 999.999 2123362.782 1752.887 4.185 0 0 0 
2210000 2599 1000.0 2143334.76 1799.534 4.189 0 0 0 
2220000 2609 1000.0 2164501.498 1858.536 4.1697 0 0 0 
2230000 2619 1000.0 2183383.475 1862.886 4.185 0 0 0 
2240000 2629 1000.0 2203563.374 1891.215 4.1685 0 0 0 
2250000 2639 1000.0 2224964.088 1937.973 4.1874 0 0 0 
2260000 2649 1000.0 2244272.873 1938.682 4.1697 0 0 0 
2270000 2659 1000.0 2261686.625 1903.035 4.1569 0 0 0 
2280000 2669 1000.0 2281169.191 1910.802 4.1399 0 0 0 
2290000 2679 1000.0 2301219.011 1927.395 4.1611 0 0 0 
2300000 2689 1000.0 2322831.148 1970.154 4.1715 0 0 0 
2310000 2699 1000.0 2343534.32 1986.868 4.1486 0 0 0 
2320000 2709 1000.0 2364425.742 2005.678 4.145 0 0 0 
2330000 2719 1000.0 2387341.369 2057.434 4.1291 0 0 0 
2340000 2729 1000.0 2409097.671 2079.172 4.1272 0 0 0 
2350000 2739 1000.0 2426582.005 2017.584 4.1205 0 0 0 
2360000 2749 1000.0 2446563.468 2015.844 4.1171 0 0 0 
2370000 2759 1000.0 2467107.744 2023.442 4.1242 0 0 0 
2380000 2769 1000.0 2486900.807 2015.116 4.1127 0 0 0 
2390000 2779 1000.0 2506826.719 2009.034 4.1097 0 0 0 
2400000 2789 1000.0 2523502.001 1947.521 4.1187 0 0 0 
2410000 2799 1000.0 2543989.425 1966.846 4.1155 0 0 0 
2420000 2809 1000.0 2564649.769 1983.296 4.1447 0 0 0 
2430000 2819 1000.0 2585390.009 1999.521 4.1359 0 0 0 
2440000 2829 1000.0 2603923.536 1976.991 4.1325 0 0 0 
2450000 2839 1000.0 2622397.25 1951.414 4.1349 0 0 0 
2460000 2849 1000.0 2638900.7 1896.13 4.145 0 0 0 
2470000 2860 966.143 2654459.239 1766.791 4.0192 0 0 0 
2480000 2870 972.336 2672252.436 1769.407 4.0505 0 0 0 
2490000 2880 977.397 2689766.104 1767.755 4.0535 0 0 0 
2500000 2890 981.531 2703940.935 1702.476 4.0881 0 0 0 
2510000 2900 984.91 2720281.026 1687.908 4.0933 0 0 0 
2520000 2910 987.67 2740990.172 1759.335 4.0874 0 0 0 
2530000 2920 989.926 2760963.058 1803.337 4.0811 0 0 0 
2540000 2930 991.768 2781258.908 1852.204 4.1117 0 0 0 
2550000 2940 993.274 2799121.188 1838.329 4.1266 0 0 0 
2560000 2950 994.505 2817833.54 1841.751 4.1164 0 0 0 
2570000 2961 988.682 2834933.442 1802.967 4.0983 0 0 0 
2580000 2971 976.832 2852348.465 1763.756 4.0503 0 0 0 
2590000 2981 981.07 2872128.816 1802.384 4.0664 0 0 0 
2600000 2991 984.533 2889289.138 1793.161 4.1075 0 0 0 
2610000 3001 987.362 2910460.754 1848.915 4.1183 0 0 0 
2620000 3011 989.674 2929948.056 1882.196 4.1061 0 0 0 
2630000 3021 991.563 2948977.295 1877.041 4.1039 0 0 0 
2640000 3031 993.106 2968504.564 1903.507 4.0953 0 0 0 
2650000 3041 994.367 2987204.622 1882.184 4.0994 0 0 0 
2660000 3051 995.398 3007431.626 1907.906 4.0903 0 0 0 
2670000 3061 996.24 3027293.682 1933.055 4.0893 0 0 0 
2680000 3071 996.928 3045583.882 1905.267 4.1089 0 0 0 
2690000 3081 997.49 3062801.292 1868.271 4.1656 0 0 0 
2700000 3091 997.949 3079261.756 1834.872 4.2124 0 0 0 
2710000 3101 998.324 3096249.551 1809.755 4.1937 0 0 0 
2720000 3111 998.631 3115827.113 1829.17 4.1885 0 0 0 
2730000 3121 998.881 3136273.107 1866.432 4.2103 0 0 0 
2740000 3131 999.086 3156416.793 1893.094 4.1945 0 0 0 
2750000 3141 999.253 3175248.467 1889.684 4.1995 0 0 0 
2760000 3151 999.39 3192856.526 1866.32 4.2033 0 0 0 
2770000 3161 999.501 3211268.648 1864.0 4.1828 0 0 0 
2780000 3171 999.593 3230542.763 1872.201 4.1692 0 0 0 
2790000 3181 999.667 3250428.892 1893.727 4.1735 0 0 0 
2800000 3191 999.728 3270890.835 1920.024 4.1734 0 0 0 
2810000 3201 999.778 3293082.727 1973.58 4.1683 0 0 0 
2820000 3211 999.818 3313284.347 1983.214 4.1708 0 0 0 
2830000 3221 999.852 3334881.318 2017.167 4.1824 0 0 0 
2840000 3231 999.879 3356043.813 2039.038 4.1762 0 0 0 
2850000 3241 999.901 3377462.938 2057.017 4.1915 0 0 0 
2860000 3251 999.919 3395970.458 2027.177 4.1731 0 0 0 
2870000 3261 999.934 3415561.727 2001.798 4.1809 0 0 0 
2880000 3271 999.946 3431902.231 1938.936 4.1823 0 0 0 
2890000 3281 999.956 3449783.558 1910.87 4.1794 0 0 0 
2900000 3291 999.964 3470256.842 1931.887 4.1879 0 0 0 
2910000 3301 999.971 3492195.659 1975.602 4.1855 0 0 0 
2920000 3311 999.976 3513906.839 2013.868 4.1694 0 0 0 
2930000 3321 999.98 3535395.138 2036.97 4.1705 0 0 0 
2940000 3331 999.984 3555992.896 2038.536 4.1775 0 0 0 
2950000 3341 999.987 3576170.343 2033.736 4.1784 0 0 0 
2960000 3351 999.989 3597990.105 2059.364 4.1757 0 0 0 
2970000 3361 999.991 3618835.583 2068.983 4.1948 0 0 0 
2980000 3371 999.993 3638972.006 2062.249 4.1892 0 0 0 
2990000 3381 999.994 3660360.723 2072.061 4.2127 0 0 0 
3000000 3391 999.995 3682096.431 2088.319 4.1998 0 0 0 
3010000 3401 999.996 3703369.933 2100.755 4.1902 0 0 0 
3020000 3411 999.997 3725057.726 2114.067 4.217 0 0 0 
3030000 3422 993.566 3745009.631 2077.555 4.1796 0 0 0 
3040000 3432 994.743 3763205.464 2031.721 4.1659 0 0 0 
3050000 3442 995.705 3784839.594 2056.459 4.1647 0 0 0 
3060000 3452 996.49 3806453.468 2075.672 4.1696 0 0 0 
3070000 3462 997.132 3828055.627 2089.015 4.1782 0 0 0 
3080000 3472 997.657 3848205.044 2075.635 4.1742 0 0 0 
3090000 3482 998.086 3868074.197 2059.116 4.1852 0 0 0 
3100000 3492 998.436 3887557.066 2035.967 4.1765 0 0 0 
3110000 3502 998.722 3906818.875 2015.878 4.1613 0 0 0 
3120000 3512 998.956 3925642.742 1988.258 4.1609 0 0 0 
3130000 3522 999.147 3947060.135 2018.459 4.1481 0 0 0 
3140000 3532 999.303 3965109.499 1975.27 4.1513 0 0 0 
3150000 3542 999.43 3985441.286 1987.281 4.159 0 0 0 
3160000 3552 999.535 4006104.374 2003.631 4.1478 0 0 0 
3170000 3562 999.62 4024912.654 1975.661 4.1377 0 0 0 
3180000 3572 999.689 4045052.551 1983.06 4.1288 0 0 0 
3190000 3582 999.746 4063821.286 1964.284 4.1402 0 0 0 
3200000 3592 999.793 4082733.482 1947.543 4.1499 0 0 0 
3210000 3602 999.831 4099187.533 1895.471 4.1415 0 0 0 
3220000 3612 999.862 4114799.888 1832.064 4.1459 0 0 0 
3230000 3622 999.887 4133657.282 1843.545 4.1362 0 0 0 
3240000 3632 999.908 4151086.435 1822.628 4.1349 0 0 0 
3250000 3642 999.924 4169790.876 1829.576 4.1438 0 0 0 
3260000 3652 999.938 4188745.732 1845.307 4.1495 0 0 0 
3270000 3662 999.95 4209893.042 1890.578 4.1626 0 0 0 
3280000 3672 999.959 4231434.901 1944.782 4.1721 0 0 0 
3290000 3682 999.966 4252372.895 1967.151 4.1817 0 0 0 
3300000 3692 999.972 4272307.381 1973.398 4.1725 0 0 0 
3310000 3702 999.978 4294360.759 2016.146 4.2003 0 0 0 
3320000 3712 999.982 4316622.828 2053.346 4.1873 0 0 0 
3330000 3722 999.985 4337325.843 2057.894 4.1853 0 0 0 
3340000 3732 999.988 4358884.847 2075.376 4.1863 0 0 0 
3350000 3742 999.99 4379730.833 2074.849 4.2001 0 0 0 
3360000 3752 999.992 4399105.493 2051.867 4.2072 0 0 0 
3370000 3762 999.993 4420359.747 2066.559 4.2097 0 0 0 
3380000 3772 999.995 4441722.594 2078.565 4.2322 0 0 0 
3390000 3782 987.115 4460606.851 2018.702 4.1904 0 0 0 
3400000 3792 989.472 4481659.62 2047.22 4.1872 0 0 0 
3410000 3802 991.398 4502725.323 2049.764 4.1804 0 0 0 
3420000 3812 992.971 4520763.181 1999.035 4.1867 0 0 0 
3430000 3823 984.288 4541126.005 1991.584 4.1615 0 0 0 
3440000 3834 973.287 4560135.624 1947.086 4.1074 0 0 0 
3450000 3844 978.174 4579139.802 1938.406 4.1149 0 0 0 
3460000 3854 982.166 4597968.957 1926.983 4.1368 0 0 0 
3470000 3864 985.429 4616881.921 1917.164 4.1601 0 0 0 
3480000 3874 988.094 4635402.873 1906.68 4.1975 0 0 0 
3490000 3884 990.272 4653830.639 1896.13 4.2325 0 0 0 
3500000 3894 992.052 4668085.375 1805.032 4.2394 0 0 0 
3510000 3904 993.506 4684734.821 1783.582 4.2311 0 0 0 
3520000 3914 994.694 4702720.469 1790.837 4.2298 0 0 0 
3530000 3924 995.664 4723708.267 1847.159 4.2083 0 0 0 
3540000 3934 996.457 4740335.989 1813.443 4.2141 0 0 0 
3550000 3944 997.105 4756774.281 1784.107 4.2071 0 0 0 
3560000 3954 997.635 4775620.507 1805.616 4.2355 0 0 0 
3570000 3964 998.068 4795057.077 1830.914 4.2087 0 0 0 
3580000 3974 998.421 4815262.823 1863.698 4.1968 0 0 0 
3590000 3984 998.71 4835920.442 1901.591 4.1946 0 0 0 
3600000 3994 998.946 4855929.464 1920.358 4.213 0 0 0 
3610000 4004 999.139 4877114.262 1956.759 4.2015 0 0 0 
3620000 4014 999.296 4896505.434 1950.505 4.1876 0 0 0 
3630000 4024 999.425 4916546.683 1960.462 4.169 0 0 0 
3640000 4034 999.53 4937000.325 1975.432 4.1633 0 0 0 
3650000 4044 999.616 4956440.062 1970.374 4.2313 0 0 0 
3660000 4054 999.686 4977655.479 1997.392 4.2095 0 0 0 
3670000 4064 999.744 4998245.463 2008.356 4.1919 0 0 0 
3680000 4074 999.791 5017956.409 2000.341 4.2212 0 0 0 
3690000 4084 999.829 5038019.244 2001.564 4.2289 0 0 0 
3700000 4094 999.86 5058211.474 2006.317 4.2193 0 0 0 
3710000 4104 999.886 5079632.391 2031.961 4.2151 0 0 0 
3720000 4114 999.907 5101323.154 2056.628 4.2218 0 0 0 
3730000 4124 999.924 5122214.172 2064.58 4.1961 0 0 0 
3740000 4134 999.938 5143399.763 2072.439 4.2248 0 0 0 
3750000 4144 999.949 5165424.659 2095.041 4.2525 0 0 0 
3760000 4154 999.958 5185532.296 2082.335 4.2538 0 0 0 
3770000 4164 999.966 5204891.981 2053.45 4.2408 0 0 0 
3780000 4174 999.972 5227446.132 2090.37 4.2147 0 0 0 
3790000 4184 999.977 5249066.341 2102.949 4.2184 0 0 0 
3800000 4194 999.981 5268787.779 2076.435 4.2137 0 0 0 
3810000 4204 996.476 5289558.984 2070.553 4.2006 0 0 0 
3820000 4214 997.121 5309423.033 2057.582 4.1888 0 0 0 
3830000 4224 993.038 5327966.261 2007.006 4.159 0 0 0 
3840000 4234 994.311 5348358.053 2018.158 4.1512 0 0 0 
3850000 4244 995.352 5367240.938 1986.523 4.1578 0 0 0 
3860000 4254 996.202 5388687.353 2019.598 4.1776 0 0 0 
3870000 4264 996.897 5409649.568 2035.515 4.162 0 0 0 
3880000 4274 997.465 5429040.84 2027.502 4.1559 0 0 0 
3890000 4284 997.928 5449411.953 2033.909 4.1705 0 0 0 
3900000 4294 998.307 5468808.331 2002.548 4.1734 0 0 0 
3910000 4304 998.617 5490933.01 2045.291 4.1756 0 0 0 
3920000 4314 998.87 5511866.812 2051.342 4.2153 0 0 0 
3930000 4324 999.077 5532192.903 2053.234 4.2079 0 0 0 
3940000 4334 999.246 5552239.483 2042.442 4.2133 0 0 0 
3950000 4344 999.384 5574019.551 2068.096 4.1997 0 0 0 
3960000 4355 984.195 5595205.44 2047.279 4.1182 0 0 0 
3970000 4365 987.086 5616219.938 2053.421 4.123 0 0 0 
3980000 4375 989.449 5634329.473 2006.04 4.1504 0 0 0 
3990000 4386 975.107 5654634.271 1982.126 4.1262 0 0 0 
4000000 4397 962.987 5676013.14 1973.176 4.0532 0 0 0 
