10000.0 19.75 -12.6122 -35.6449 10.4204 -0.0013 -0.0036 0.001 -0.1957 -0.4968 0.1053 
20000.0 38.0 -23.5742 -61.0489 13.9004 -0.0012 -0.0031 0.0007 -0.2908 -0.6124 0.0309 
30000.0 103.0 -77.1985 -151.9264 -2.4706 -0.0026 -0.0051 -0.0001 -0.6442 -0.8469 -0.4416 
40000.0 128.5 -91.2852 -166.3735 -16.197 -0.0023 -0.0042 -0.0004 -0.6005 -0.6981 -0.5029 
50000.0 157.5 -108.7222 -185.0052 -32.4393 -0.0022 -0.0037 -0.0006 -0.5938 -0.7549 -0.4326 
60000.0 188.0 -127.3572 -204.6595 -50.055 -0.0021 -0.0034 -0.0008 -0.5938 -0.7007 -0.4868 
70000.0 251.25 -173.4885 -227.5258 -119.4512 -0.0025 -0.0033 -0.0017 -0.679 -0.8504 -0.5076 
80000.0 311.25 -217.2912 -303.3778 -131.2047 -0.0027 -0.0038 -0.0016 -0.6752 -0.7771 -0.5734 
90000.0 336.25 -230.0085 -315.555 -144.462 -0.0026 -0.0035 -0.0016 -0.6118 -0.6834 -0.5401 
100000.0 373.5 -251.9205 -340.7093 -163.1317 -0.0025 -0.0034 -0.0016 -0.5933 -0.6604 -0.5261 
110000.0 419.0 -280.3895 -382.0704 -178.7086 -0.0025 -0.0035 -0.0016 -0.6072 -0.672 -0.5425 
120000.0 455.0 -301.2422 -407.2556 -195.2289 -0.0025 -0.0034 -0.0016 -0.6103 -0.7061 -0.5144 
130000.0 491.75 -318.0312 -429.6429 -206.4196 -0.0024 -0.0033 -0.0016 -0.5288 -0.6799 -0.3776 
140000.0 531.5 -337.056 -460.0614 -214.0506 -0.0024 -0.0033 -0.0015 -0.5018 -0.749 -0.2545 
150000.0 566.0 -350.8772 -470.124 -231.6305 -0.0023 -0.0031 -0.0015 -0.447 -0.5959 -0.2981 
160000.0 602.75 -370.29 -484.6556 -255.9244 -0.0023 -0.003 -0.0016 -0.4982 -0.5737 -0.4228 
170000.0 632.0 -379.787 -493.5423 -266.0317 -0.0022 -0.0029 -0.0016 -0.4282 -0.5886 -0.2679 
180000.0 667.75 -397.644 -504.9765 -290.3115 -0.0022 -0.0028 -0.0016 -0.4622 -0.5303 -0.3942 
190000.0 697.25 -404.6357 -512.3419 -296.9296 -0.0021 -0.0027 -0.0016 -0.373 -0.6522 -0.0938 
200000.0 723.75 -412.0173 -528.2323 -295.8022 -0.0021 -0.0026 -0.0015 -0.327 -0.6115 -0.0425 
210000.0 756.5 -424.894 -549.8308 -299.9572 -0.002 -0.0026 -0.0014 -0.3702 -0.6097 -0.1308 
220000.0 795.25 -436.3618 -563.2217 -309.5018 -0.002 -0.0026 -0.0014 -0.332 -0.4652 -0.1988 
230000.0 827.75 -445.812 -580.1774 -311.4466 -0.0019 -0.0025 -0.0014 -0.307 -0.5622 -0.0518 
240000.0 862.0 -462.1085 -602.3159 -321.9011 -0.0019 -0.0025 -0.0013 -0.3785 -0.6371 -0.1199 
250000.0 892.0 -472.195 -610.4802 -333.9098 -0.0019 -0.0024 -0.0013 -0.3642 -0.5727 -0.1558 
260000.0 929.25 -488.7222 -615.8182 -361.6263 -0.0019 -0.0024 -0.0014 -0.4155 -0.6127 -0.2183 
270000.0 966.75 -502.9315 -616.1295 -389.7335 -0.0019 -0.0023 -0.0014 -0.3755 -0.6193 -0.1317 
280000.0 1008.0 -516.3242 -620.1876 -412.4609 -0.0018 -0.0022 -0.0015 -0.3262 -0.6186 -0.0339 
290000.0 1039.0 -533.1752 -626.5644 -439.7861 -0.0018 -0.0022 -0.0015 -0.4188 -0.6869 -0.1506 
300000.0 1072.5 -548.5332 -637.4637 -459.6028 -0.0018 -0.0021 -0.0015 -0.4138 -0.7273 -0.1002 
310000.0 1104.75 -563.4037 -649.3422 -477.4653 -0.0018 -0.0021 -0.0015 -0.4412 -0.7112 -0.1713 
320000.0 1141.25 -578.497 -677.1747 -479.8193 -0.0018 -0.0021 -0.0015 -0.4245 -0.5274 -0.3216 
330000.0 1171.25 -591.749 -698.6993 -484.7987 -0.0018 -0.0021 -0.0015 -0.42 -0.5898 -0.2502 
340000.0 1205.25 -606.1052 -718.5078 -493.7027 -0.0018 -0.0021 -0.0015 -0.4198 -0.5759 -0.2636 
350000.0 1241.0 -626.2798 -746.0277 -506.5318 -0.0018 -0.0021 -0.0014 -0.4878 -0.6573 -0.3182 
360000.0 1270.25 -643.878 -769.6588 -518.0972 -0.0018 -0.0021 -0.0014 -0.5435 -0.7403 -0.3467 
370000.0 1305.0 -657.9648 -782.6973 -533.2322 -0.0018 -0.0021 -0.0014 -0.4785 -0.6898 -0.2672 
380000.0 1336.25 -670.1645 -805.0351 -535.2939 -0.0018 -0.0021 -0.0014 -0.433 -0.7707 -0.0953 
390000.0 1370.25 -693.3478 -839.2204 -547.4751 -0.0018 -0.0022 -0.0014 -0.516 -0.9365 -0.0955 
400000.0 1399.5 -711.104 -860.9749 -561.2331 -0.0018 -0.0022 -0.0014 -0.54 -0.8252 -0.2548 
410000.0 1423.25 -722.7158 -882.8214 -562.6101 -0.0018 -0.0022 -0.0014 -0.5195 -0.8689 -0.1701 
420000.0 1454.75 -735.1868 -906.4593 -563.9142 -0.0018 -0.0022 -0.0013 -0.4918 -0.8774 -0.1061 
430000.0 1483.5 -741.6285 -921.6539 -561.6031 -0.0017 -0.0021 -0.0013 -0.3938 -0.8182 0.0307 
440000.0 1511.25 -751.812 -944.4436 -559.1804 -0.0017 -0.0021 -0.0013 -0.4035 -0.8749 0.0679 
450000.0 1535.0 -762.418 -959.9446 -564.8914 -0.0017 -0.0021 -0.0013 -0.4025 -0.7281 -0.0769 
460000.0 1564.25 -769.5302 -968.6227 -570.4378 -0.0017 -0.0021 -0.0012 -0.33 -0.5528 -0.1072 
470000.0 1592.25 -778.7618 -978.1405 -579.383 -0.0017 -0.0021 -0.0012 -0.3232 -0.5015 -0.145 
480000.0 1615.5 -786.8332 -995.2776 -578.3889 -0.0016 -0.0021 -0.0012 -0.3273 -0.6496 -0.0049 
490000.0 1640.0 -795.074 -998.2 -591.948 -0.0016 -0.002 -0.0012 -0.3167 -0.5343 -0.0992 
500000.0 1666.5 -805.279 -1010.4604 -600.0976 -0.0016 -0.002 -0.0012 -0.3468 -0.5867 -0.1068 
510000.0 1692.75 -814.141 -1031.9331 -596.3489 -0.0016 -0.002 -0.0012 -0.3585 -0.6958 -0.0212 
520000.0 1720.75 -819.9262 -1048.3463 -591.5062 -0.0016 -0.002 -0.0011 -0.285 -0.6411 0.0711 
530000.0 1750.5 -829.516 -1066.2725 -592.7595 -0.0016 -0.002 -0.0011 -0.328 -0.6295 -0.0265 
540000.0 1777.5 -839.7665 -1074.9522 -604.5808 -0.0016 -0.002 -0.0011 -0.3548 -0.5136 -0.1959 
550000.0 1806.25 -844.5645 -1083.6377 -605.4913 -0.0015 -0.002 -0.0011 -0.2758 -0.4649 -0.0866 
560000.0 1839.5 -846.7442 -1094.0403 -599.4482 -0.0015 -0.002 -0.0011 -0.1995 -0.4611 0.0621 
570000.0 1873.25 -856.0682 -1100.753 -611.3835 -0.0015 -0.0019 -0.0011 -0.248 -0.5231 0.0271 
580000.0 1907.0 -858.4205 -1106.7139 -610.1271 -0.0015 -0.0019 -0.0011 -0.204 -0.4376 0.0296 
590000.0 1945.0 -856.1515 -1105.7518 -606.5512 -0.0015 -0.0019 -0.001 -0.0792 -0.3091 0.1506 
600000.0 1975.75 -851.394 -1112.6431 -590.1449 -0.0014 -0.0019 -0.001 -0.004 -0.416 0.408 
610000.0 2009.75 -849.872 -1106.2396 -593.5044 -0.0014 -0.0018 -0.001 0.0042 -0.3767 0.3852 
620000.0 2045.5 -851.262 -1118.9621 -583.5619 -0.0014 -0.0018 -0.0009 -0.0218 -0.2565 0.213 
630000.0 2093.5 -850.624 -1137.8653 -563.3827 -0.0014 -0.0018 -0.0009 -0.0488 -0.3301 0.2326 
640000.0 2133.0 -853.6875 -1152.7063 -554.6687 -0.0013 -0.0018 -0.0009 -0.083 -0.3867 0.2207 
650000.0 2179.75 -842.4252 -1172.3698 -512.4807 -0.0013 -0.0018 -0.0008 0.069 -0.4074 0.5454 
660000.0 2232.5 -826.3242 -1188.4764 -464.1721 -0.0013 -0.0018 -0.0007 0.121 -0.3578 0.5998 
670000.0 2279.0 -815.8418 -1207.7183 -423.9652 -0.0012 -0.0018 -0.0006 0.138 -0.3422 0.6182 
680000.0 2337.25 -806.7078 -1226.3025 -387.113 -0.0012 -0.0018 -0.0006 0.0718 -0.3853 0.5288 
690000.0 2385.0 -804.2348 -1248.9469 -359.5226 -0.0012 -0.0018 -0.0005 -0.0067 -0.4656 0.4521 
700000.0 2445.75 -795.2945 -1266.8867 -323.7023 -0.0011 -0.0018 -0.0005 0.0185 -0.446 0.483 
710000.0 2510.75 -777.936 -1290.2688 -265.6032 -0.0011 -0.0018 -0.0004 0.1052 -0.5988 0.8093 
720000.0 2572.0 -760.4327 -1304.5151 -216.3504 -0.0011 -0.0018 -0.0003 0.1105 -0.4702 0.6912 
730000.0 2637.0 -743.903 -1320.9342 -166.8718 -0.001 -0.0018 -0.0002 0.153 -0.3596 0.6656 
740000.0 2701.25 -729.8445 -1348.0526 -111.6364 -0.001 -0.0018 -0.0002 0.0638 -0.475 0.6025 
750000.0 2769.5 -710.7693 -1354.3245 -67.214 -0.0009 -0.0018 -0.0001 0.0845 -0.4063 0.5753 
760000.0 2843.25 -683.7272 -1366.9904 -0.4641 -0.0009 -0.0018 -0.0 0.2042 -0.2897 0.6982 
770000.0 2931.25 -651.1832 -1388.9467 86.5802 -0.0008 -0.0018 0.0001 0.2228 -0.2192 0.6647 
780000.0 3020.25 -612.89 -1419.9026 194.1226 -0.0008 -0.0018 0.0002 0.2702 -0.3865 0.927 
790000.0 3116.5 -572.876 -1430.429 284.677 -0.0007 -0.0018 0.0004 0.2678 -0.1043 0.6398 
800000.0 3208.25 -533.4418 -1444.1947 377.3112 -0.0007 -0.0018 0.0005 0.3388 0.0503 0.6272 
810000.0 3314.5 -489.8718 -1461.5419 481.7984 -0.0006 -0.0018 0.0006 0.322 0.0556 0.5884 
820000.0 3404.0 -455.7012 -1480.7136 569.3111 -0.0006 -0.0018 0.0007 0.305 0.0153 0.5947 
830000.0 3509.25 -419.089 -1496.209 658.031 -0.0005 -0.0018 0.0008 0.2378 -0.1306 0.6061 
840000.0 3622.25 -366.6252 -1534.0458 800.7953 -0.0004 -0.0018 0.001 0.3022 -0.3518 0.9563 
850000.0 3731.25 -323.3085 -1562.3634 915.7464 -0.0004 -0.0018 0.0011 0.2365 -0.4473 0.9203 
860000.0 3851.5 -265.7342 -1572.1227 1040.6542 -0.0003 -0.0018 0.0012 0.3472 -0.4011 1.0956 
870000.0 3973.25 -211.86 -1587.5535 1163.8335 -0.0002 -0.0018 0.0013 0.2978 -0.2505 0.846 
880000.0 4083.75 -161.213 -1590.5437 1268.1177 -0.0002 -0.0018 0.0014 0.3183 -0.0718 0.7083 
890000.0 4193.75 -113.8365 -1601.6421 1373.9691 -0.0001 -0.0018 0.0015 0.3385 -0.0098 0.6868 
900000.0 4314.5 -61.9225 -1596.8236 1472.9786 -0.0001 -0.0018 0.0016 0.356 0.0629 0.6491 
910000.0 4409.75 -13.768 -1604.3895 1576.8535 -0.0 -0.0018 0.0017 0.3978 -0.1471 0.9426 
920000.0 4512.75 32.3922 -1596.9568 1661.7413 0.0 -0.0017 0.0018 0.3515 -0.0404 0.7434 
930000.0 4620.5 79.4822 -1608.6084 1767.5729 0.0001 -0.0017 0.0019 0.316 -0.0589 0.6909 
940000.0 4721.25 127.7432 -1586.4435 1841.93 0.0001 -0.0017 0.002 0.4072 -0.0147 0.8292 
950000.0 4830.0 182.8922 -1592.5688 1958.3533 0.0002 -0.0017 0.0021 0.453 0.0423 0.8637 
960000.0 4962.5 245.4188 -1577.3559 2068.1934 0.0003 -0.0016 0.0022 0.4168 0.1415 0.692 
970000.0 5088.25 308.5442 -1548.9339 2166.0224 0.0003 -0.0016 0.0022 0.4635 0.2578 0.6692 
980000.0 5206.25 364.0037 -1554.0102 2282.0177 0.0004 -0.0016 0.0023 0.4045 0.1555 0.6535 
990000.0 5330.75 425.132 -1547.3341 2397.5981 0.0004 -0.0016 0.0024 0.4548 0.1642 0.7453 
1000000.0 5465.75 494.173 -1513.5806 2501.9266 0.0005 -0.0015 0.0025 0.516 0.4385 0.5935 
1010000.0 5595.25 563.6288 -1494.2998 2621.5573 0.0006 -0.0015 0.0026 0.4962 0.3723 0.6202 
1020000.0 5728.0 633.8592 -1470.2507 2737.9692 0.0006 -0.0014 0.0027 0.5372 0.2822 0.7923 
1030000.0 5840.25 690.4822 -1453.4639 2834.4284 0.0007 -0.0014 0.0028 0.465 0.2925 0.6375 
1040000.0 5944.5 739.2595 -1428.5497 2907.0687 0.0007 -0.0014 0.0028 0.45 0.285 0.615 
1050000.0 6077.25 817.0712 -1401.5751 3035.7176 0.0008 -0.0013 0.0029 0.5758 0.3915 0.76 
1060000.0 6212.75 891.5642 -1374.5949 3157.7234 0.0008 -0.0013 0.003 0.497 0.251 0.743 
1070000.0 6336.5 967.239 -1325.1378 3259.6158 0.0009 -0.0012 0.003 0.6038 0.4722 0.7353 
1080000.0 6453.0 1022.5285 -1297.7407 3342.7977 0.0009 -0.0012 0.0031 0.487 0.4614 0.5126 
1090000.0 6572.75 1085.246 -1280.4409 3450.9329 0.001 -0.0012 0.0032 0.4888 0.3074 0.6701 
1100000.0 6696.25 1151.9498 -1221.2856 3525.1851 0.001 -0.0011 0.0032 0.566 0.3883 0.7437 
1110000.0 6827.5 1210.3682 -1194.7483 3615.4848 0.0011 -0.0011 0.0033 0.4667 0.16 0.7735 
1120000.0 6958.0 1273.714 -1183.2184 3730.6464 0.0011 -0.0011 0.0033 0.4505 0.2015 0.6995 
1130000.0 7071.5 1332.2008 -1141.446 3805.8475 0.0012 -0.001 0.0034 0.542 0.2897 0.7943 
1140000.0 7188.25 1393.8122 -1119.0776 3906.7021 0.0012 -0.001 0.0034 0.4725 0.3315 0.6135 
1150000.0 7308.75 1459.8145 -1061.4563 3981.0853 0.0013 -0.0009 0.0035 0.5568 0.3669 0.7466 
1160000.0 7436.5 1530.5105 -990.0366 4051.0576 0.0013 -0.0009 0.0035 0.5452 0.3354 0.7551 
1170000.0 7534.75 1577.9852 -951.7915 4107.762 0.0013 -0.0008 0.0035 0.5268 0.2667 0.7868 
1180000.0 7659.75 1640.4383 -901.7486 4182.6251 0.0014 -0.0008 0.0035 0.521 0.3326 0.7094 
1190000.0 7780.0 1691.8845 -869.4357 4253.2047 0.0014 -0.0007 0.0036 0.4 0.1473 0.6527 
1200000.0 7900.0 1756.2805 -794.055 4306.616 0.0015 -0.0007 0.0036 0.5112 0.4798 0.5427 
1210000.0 8007.75 1808.8665 -749.67 4367.403 0.0015 -0.0006 0.0036 0.524 0.4252 0.6228 
1220000.0 8136.75 1877.6602 -678.9723 4434.2928 0.0015 -0.0006 0.0036 0.555 0.258 0.852 
1230000.0 8277.25 1957.7232 -588.0743 4503.5208 0.0016 -0.0005 0.0037 0.5598 0.4317 0.6878 
1240000.0 8409.5 2025.6778 -515.8024 4567.1579 0.0016 -0.0004 0.0037 0.4855 0.3406 0.6304 
1250000.0 8558.5 2105.3352 -457.7544 4668.4249 0.0017 -0.0004 0.0037 0.543 0.2696 0.8164 
1260000.0 8704.5 2190.969 -390.9991 4772.9371 0.0017 -0.0003 0.0038 0.5492 0.3504 0.7481 
1270000.0 8827.25 2263.269 -333.3486 4859.8866 0.0018 -0.0003 0.0038 0.585 0.5002 0.6698 
1280000.0 8960.25 2335.7005 -284.2024 4955.6034 0.0018 -0.0002 0.0039 0.5108 0.4283 0.5932 
1290000.0 9094.0 2403.935 -239.1745 5047.0445 0.0019 -0.0002 0.0039 0.535 0.4895 0.5805 
1300000.0 9199.75 2464.1258 -207.7558 5136.0073 0.0019 -0.0002 0.004 0.539 0.3726 0.7054 
1310000.0 9331.0 2533.4608 -147.2399 5214.1614 0.0019 -0.0001 0.004 0.549 0.4091 0.6889 
1320000.0 9448.5 2595.9092 -115.0321 5306.8506 0.002 -0.0001 0.004 0.5435 0.4357 0.6513 
1330000.0 9583.25 2678.183 -35.1776 5391.5436 0.002 -0.0 0.0041 0.6213 0.5555 0.687 
1340000.0 9722.5 2756.8588 21.7563 5491.9612 0.0021 0.0 0.0041 0.6045 0.4834 0.7256 
1350000.0 9837.0 2823.725 82.361 5565.089 0.0021 0.0001 0.0041 0.5608 0.3734 0.7481 
1360000.0 9981.75 2902.8095 141.8052 5663.8138 0.0021 0.0001 0.0042 0.541 0.3846 0.6974 
1370000.0 10111.25 2972.6542 187.6153 5757.6932 0.0022 0.0001 0.0042 0.5755 0.5121 0.6389 
1380000.0 10239.75 3043.1515 269.1177 5817.1853 0.0022 0.0002 0.0042 0.588 0.4694 0.7066 
1390000.0 10370.75 3127.6165 335.8119 5919.4211 0.0023 0.0002 0.0043 0.632 0.4643 0.7997 
1400000.0 10503.25 3199.3983 397.5084 6001.2881 0.0023 0.0003 0.0043 0.5468 0.2843 0.8092 
1410000.0 10652.25 3282.4115 458.167 6106.656 0.0023 0.0003 0.0043 0.61 0.466 0.754 
1420000.0 10786.5 3362.4525 521.2775 6203.6275 0.0024 0.0004 0.0044 0.6182 0.554 0.6825 
1430000.0 10923.75 3440.913 557.0138 6324.8122 0.0024 0.0004 0.0044 0.5397 0.335 0.7445 
1440000.0 11056.25 3520.4818 621.2127 6419.7508 0.0024 0.0004 0.0045 0.563 0.3699 0.7561 
1450000.0 11181.0 3593.3305 668.775 6517.886 0.0025 0.0005 0.0045 0.5532 0.4118 0.6947 
1460000.0 11328.25 3678.013 734.5189 6621.5071 0.0025 0.0005 0.0045 0.5752 0.4572 0.6933 
1470000.0 11459.0 3752.8155 781.0033 6724.6277 0.0026 0.0005 0.0046 0.5825 0.4495 0.7155 
1480000.0 11619.25 3857.748 836.0714 6879.4246 0.0026 0.0006 0.0046 0.6092 0.4221 0.7964 
1490000.0 11748.5 3924.8188 881.649 6967.9885 0.0026 0.0006 0.0047 0.4938 0.3959 0.5916 
1500000.0 11895.5 4002.5085 940.7095 7064.3075 0.0027 0.0006 0.0047 0.5345 0.261 0.808 
1510000.0 12020.25 4067.5357 1009.4664 7125.6051 0.0027 0.0007 0.0047 0.5302 0.4118 0.6487 
1520000.0 12161.25 4141.8838 1079.5295 7204.238 0.0027 0.0007 0.0047 0.5278 0.4519 0.6036 
1530000.0 12304.75 4214.831 1144.5564 7285.1056 0.0028 0.0007 0.0048 0.5175 0.2917 0.7433 
1540000.0 12453.25 4299.9375 1217.3341 7382.5409 0.0028 0.0008 0.0048 0.5908 0.4382 0.7433 
1550000.0 12603.0 4396.2508 1291.6221 7500.8794 0.0028 0.0008 0.0048 0.669 0.5948 0.7432 
1560000.0 12758.5 4479.603 1340.1336 7619.0724 0.0029 0.0009 0.0049 0.5702 0.2924 0.8481 
1570000.0 12893.0 4560.9882 1376.7899 7745.1866 0.0029 0.0009 0.0049 0.5828 0.3528 0.8127 
1580000.0 13020.5 4627.4792 1398.6829 7856.2756 0.0029 0.0009 0.005 0.5108 0.2638 0.7577 
1590000.0 13161.25 4710.15 1445.1969 7975.1031 0.003 0.0009 0.005 0.614 0.4598 0.7682 
1600000.0 13308.25 4791.5592 1493.071 8090.0475 0.003 0.0009 0.0051 0.5522 0.3988 0.7057 
1610000.0 13460.5 4881.3152 1567.4264 8195.2041 0.003 0.001 0.0051 0.612 0.5085 0.7155 
1620000.0 13596.0 4953.086 1630.8405 8275.3315 0.0031 0.001 0.0051 0.5058 0.3004 0.7111 
1630000.0 13741.5 5037.3258 1687.1602 8387.4913 0.0031 0.001 0.0051 0.6187 0.3571 0.8804 
1640000.0 13895.75 5123.482 1747.5155 8499.4485 0.0031 0.0011 0.0052 0.5395 0.4029 0.6761 
1650000.0 14020.75 5193.8005 1803.6932 8583.9078 0.0031 0.0011 0.0052 0.571 0.4545 0.6875 
1660000.0 14156.25 5269.9935 1857.7642 8682.2228 0.0032 0.0011 0.0052 0.5538 0.4915 0.616 
1670000.0 14275.75 5342.6185 1907.5338 8777.7032 0.0032 0.0011 0.0053 0.6365 0.482 0.791 
1680000.0 14426.0 5426.1398 1998.209 8854.0705 0.0032 0.0012 0.0053 0.5815 0.4455 0.7175 
1690000.0 14549.5 5495.8962 2038.7962 8952.9963 0.0033 0.0012 0.0053 0.5655 0.4215 0.7095 
1700000.0 14680.75 5567.0432 2061.5033 9072.5832 0.0033 0.0012 0.0053 0.538 0.3299 0.7461 
1710000.0 14821.25 5653.2045 2122.6288 9183.7802 0.0033 0.0012 0.0054 0.5925 0.432 0.753 
1720000.0 14960.75 5735.9878 2177.9156 9294.0599 0.0033 0.0013 0.0054 0.6345 0.4901 0.7789 
1730000.0 15098.25 5818.2808 2205.4112 9431.1503 0.0034 0.0013 0.0055 0.582 0.413 0.751 
1740000.0 15243.75 5910.9782 2295.2669 9526.6896 0.0034 0.0013 0.0055 0.599 0.4731 0.7249 
1750000.0 15400.0 5998.4652 2382.6769 9614.2536 0.0034 0.0014 0.0055 0.5718 0.4721 0.6714 
1760000.0 15522.75 6065.4875 2426.2258 9704.7492 0.0034 0.0014 0.0055 0.535 0.4577 0.6123 
1770000.0 15667.75 6147.3732 2526.8082 9767.9383 0.0035 0.0014 0.0055 0.599 0.4673 0.7307 
1780000.0 15822.5 6249.45 2632.8144 9866.0856 0.0035 0.0015 0.0055 0.6658 0.5639 0.7676 
1790000.0 15969.25 6342.098 2709.1153 9975.0807 0.0035 0.0015 0.0056 0.627 0.471 0.783 
1800000.0 16126.25 6434.2015 2798.1837 10070.2193 0.0036 0.0016 0.0056 0.567 0.3919 0.7421 
1810000.0 16275.0 6521.3147 2911.985 10130.6445 0.0036 0.0016 0.0056 0.5678 0.492 0.6435 
1820000.0 16420.75 6605.8802 3019.685 10192.0755 0.0036 0.0017 0.0056 0.5435 0.4244 0.6626 
1830000.0 16589.25 6707.1458 3130.2924 10283.9991 0.0037 0.0017 0.0056 0.6448 0.4817 0.8078 
1840000.0 16731.5 6791.2472 3215.2763 10367.2182 0.0037 0.0017 0.0056 0.657 0.4461 0.8679 
1850000.0 16901.25 6891.6535 3300.0928 10483.2142 0.0037 0.0018 0.0057 0.609 0.4135 0.8045 
1860000.0 17057.0 6989.4772 3438.0408 10540.9137 0.0038 0.0018 0.0057 0.6098 0.5465 0.673 
1870000.0 17210.0 7081.5135 3533.5002 10629.5268 0.0038 0.0019 0.0057 0.6277 0.4339 0.8216 
1880000.0 17354.75 7165.1582 3642.5577 10687.7588 0.0038 0.0019 0.0057 0.574 0.4361 0.7119 
1890000.0 17503.75 7258.076 3756.3567 10759.7953 0.0038 0.002 0.0057 0.5948 0.5513 0.6382 
1900000.0 17648.25 7349.9035 3857.0961 10842.7109 0.0039 0.002 0.0057 0.6408 0.4548 0.8267 
1910000.0 17795.25 7443.7532 3953.3638 10934.1427 0.0039 0.0021 0.0057 0.658 0.5583 0.7577 
1920000.0 17954.75 7536.1762 4070.7328 11001.6197 0.0039 0.0021 0.0057 0.5595 0.441 0.678 
1930000.0 18086.75 7621.5888 4145.4619 11097.7156 0.0039 0.0021 0.0058 0.68 0.5537 0.8063 
1940000.0 18221.0 7702.1898 4208.3535 11196.026 0.004 0.0022 0.0058 0.6105 0.5173 0.7037 
1950000.0 18364.0 7784.6235 4286.752 11282.495 0.004 0.0022 0.0058 0.5905 0.4713 0.7097 
1960000.0 18487.25 7861.1505 4341.3537 11380.9473 0.004 0.0022 0.0058 0.6507 0.4611 0.8404 
1970000.0 18644.75 7969.2835 4464.7112 11473.8558 0.004 0.0023 0.0058 0.6768 0.5683 0.7852 
1980000.0 18791.5 8058.6798 4555.7102 11561.6493 0.0041 0.0023 0.0058 0.6038 0.3555 0.852 
1990000.0 18932.25 8149.8472 4663.5063 11636.1882 0.0041 0.0023 0.0058 0.6902 0.5408 0.8397 
2000000.0 19065.75 8230.3008 4763.1742 11697.4273 0.0041 0.0024 0.0058 0.5778 0.3507 0.8048 
2010000.0 19212.5 8321.7358 4843.1122 11800.3593 0.0041 0.0024 0.0059 0.6367 0.5545 0.719 
2020000.0 19365.25 8414.9902 4924.6253 11905.3552 0.0042 0.0024 0.0059 0.6295 0.5658 0.6932 
2030000.0 19515.5 8509.541 5037.5633 11981.5187 0.0042 0.0025 0.0059 0.6442 0.4357 0.8528 
2040000.0 19649.5 8593.1132 5116.8919 12069.3346 0.0042 0.0025 0.0059 0.642 0.4846 0.7994 
2050000.0 19790.75 8687.066 5216.708 12157.424 0.0042 0.0025 0.0059 0.6708 0.4898 0.8517 
2060000.0 19941.75 8777.4268 5308.9055 12245.948 0.0043 0.0026 0.0059 0.6003 0.5011 0.6994 
2070000.0 20077.0 8871.5758 5411.2802 12331.8713 0.0043 0.0026 0.006 0.7108 0.5564 0.8651 
2080000.0 20205.0 8950.451 5515.5767 12385.3253 0.0043 0.0027 0.006 0.6013 0.4059 0.7966 
2090000.0 20362.0 9048.074 5613.2796 12482.8684 0.0043 0.0027 0.006 0.623 0.3671 0.8789 
2100000.0 20504.25 9143.8352 5714.4479 12573.2226 0.0044 0.0027 0.006 0.6572 0.5209 0.7936 
2110000.0 20657.5 9245.5263 5794.837 12696.2155 0.0044 0.0027 0.006 0.668 0.4819 0.8541 
2120000.0 20810.5 9345.8862 5854.3971 12837.3754 0.0044 0.0028 0.0061 0.6208 0.4681 0.7734 
2130000.0 20972.5 9449.3705 5943.5642 12955.1768 0.0044 0.0028 0.0061 0.6468 0.5166 0.7769 
2140000.0 21126.5 9547.3393 6015.7378 13078.9407 0.0045 0.0028 0.0061 0.6555 0.3858 0.9252 
2150000.0 21275.5 9640.631 6116.0525 13165.2095 0.0045 0.0028 0.0061 0.6612 0.5171 0.8054 
2160000.0 21408.5 9723.9652 6168.43 13279.5005 0.0045 0.0029 0.0061 0.6498 0.5442 0.7553 
2170000.0 21547.75 9811.1058 6270.2377 13351.9738 0.0045 0.0029 0.0062 0.645 0.4495 0.8405 
2180000.0 21707.0 9924.4762 6347.836 13501.1165 0.0046 0.0029 0.0062 0.685 0.4983 0.8717 
2190000.0 21875.75 10034.7535 6440.1706 13629.3364 0.0046 0.0029 0.0062 0.6905 0.4455 0.9355 
2200000.0 22011.5 10120.877 6516.0669 13725.6871 0.0046 0.003 0.0062 0.6202 0.4168 0.8237 
2210000.0 22184.75 10241.4232 6624.3235 13858.523 0.0046 0.003 0.0063 0.6297 0.4516 0.8079 
2220000.0 22347.25 10349.2865 6710.5825 13987.9905 0.0047 0.003 0.0063 0.6655 0.5346 0.7964 
2230000.0 22498.5 10448.8408 6786.2536 14111.4279 0.0047 0.003 0.0063 0.6815 0.5603 0.8027 
2240000.0 22650.75 10552.8892 6901.7164 14204.0621 0.0047 0.0031 0.0063 0.6805 0.5703 0.7907 
2250000.0 22804.75 10657.3833 7005.979 14308.7875 0.0047 0.0031 0.0064 0.6752 0.5343 0.8162 
2260000.0 22957.25 10758.4552 7108.9126 14407.9979 0.0048 0.0031 0.0064 0.6313 0.4595 0.803 
2270000.0 23107.75 10857.8475 7222.3211 14493.3739 0.0048 0.0032 0.0064 0.6782 0.5479 0.8086 
2280000.0 23260.25 10960.6832 7324.1852 14597.1813 0.0048 0.0032 0.0064 0.6212 0.5564 0.6861 
2290000.0 23423.75 11066.2912 7398.3318 14734.2507 0.0048 0.0032 0.0064 0.6062 0.4552 0.7573 
2300000.0 23564.75 11166.1862 7449.8675 14882.505 0.0049 0.0032 0.0065 0.648 0.4192 0.8768 
2310000.0 23716.25 11264.5805 7527.9772 15001.1838 0.0049 0.0033 0.0065 0.615 0.4559 0.7741 
2320000.0 23880.25 11362.2053 7616.2292 15108.1813 0.0049 0.0033 0.0065 0.575 0.3801 0.7699 
2330000.0 24040.0 11469.4758 7727.9444 15211.0071 0.0049 0.0033 0.0065 0.6255 0.4748 0.7762 
2340000.0 24209.0 11570.1802 7823.5486 15316.8119 0.0049 0.0033 0.0065 0.6275 0.4474 0.8076 
2350000.0 24376.0 11680.8573 7925.3995 15436.315 0.005 0.0034 0.0066 0.6507 0.5461 0.7554 
2360000.0 24532.5 11784.3205 8020.8074 15547.8336 0.005 0.0034 0.0066 0.6812 0.5754 0.7871 
2370000.0 24684.75 11884.2493 8095.3543 15673.1442 0.005 0.0034 0.0066 0.6375 0.5685 0.7065 
2380000.0 24841.75 11987.934 8195.6553 15780.2127 0.005 0.0034 0.0066 0.6508 0.4958 0.8057 
2390000.0 25004.5 12097.2228 8284.7685 15909.677 0.0051 0.0035 0.0067 0.6972 0.4845 0.91 
2400000.0 25175.25 12195.5412 8372.2667 16018.8158 0.0051 0.0035 0.0067 0.5355 0.3093 0.7617 
2410000.0 25344.0 12304.0957 8452.7406 16155.4509 0.0051 0.0035 0.0067 0.5775 0.4263 0.7287 
2420000.0 25520.5 12415.9875 8566.4778 16265.4972 0.0051 0.0035 0.0067 0.6138 0.5426 0.6849 
2430000.0 25694.5 12541.2835 8712.2811 16370.2859 0.0052 0.0036 0.0067 0.6988 0.6603 0.7372 
2440000.0 25859.5 12641.6328 8786.5401 16496.7254 0.0052 0.0036 0.0068 0.6075 0.444 0.771 
2450000.0 25996.0 12733.279 8875.7682 16590.7898 0.0052 0.0036 0.0068 0.6902 0.6203 0.7602 
2460000.0 26169.75 12842.1868 8974.1921 16710.1814 0.0052 0.0036 0.0068 0.6605 0.5295 0.7915 
2470000.0 26330.25 12948.1505 9052.7529 16843.5481 0.0052 0.0037 0.0068 0.697 0.5861 0.8079 
2480000.0 26486.5 13053.9807 9155.6544 16952.3071 0.0053 0.0037 0.0068 0.6468 0.5406 0.7529 
2490000.0 26648.0 13161.8638 9236.9723 17086.7552 0.0053 0.0037 0.0069 0.6702 0.562 0.7785 
2500000.0 26807.75 13271.5135 9347.9818 17195.0452 0.0053 0.0037 0.0069 0.712 0.5689 0.8551 
2510000.0 26969.75 13385.7227 9454.4802 17316.9653 0.0053 0.0038 0.0069 0.717 0.5716 0.8624 
2520000.0 27113.0 13477.1942 9550.8756 17403.5129 0.0053 0.0038 0.0069 0.6213 0.3152 0.9273 
2530000.0 27272.0 13587.098 9654.4444 17519.7516 0.0054 0.0038 0.0069 0.6627 0.5552 0.7703 
2540000.0 27436.25 13698.9212 9791.4862 17606.3563 0.0054 0.0039 0.0069 0.6972 0.6442 0.7503 
2550000.0 27602.0 13811.0122 9900.5652 17721.4593 0.0054 0.0039 0.0069 0.661 0.589 0.733 
2560000.0 27776.0 13929.0502 9982.4073 17875.6932 0.0054 0.0039 0.007 0.6728 0.4795 0.866 
2570000.0 27947.0 14044.208 10097.4819 17990.9341 0.0055 0.0039 0.007 0.68 0.5978 0.7622 
2580000.0 28098.5 14150.1442 10208.1363 18092.1522 0.0055 0.004 0.007 0.7342 0.6645 0.804 
2590000.0 28254.0 14254.0075 10333.4213 18174.5937 0.0055 0.004 0.007 0.673 0.5883 0.7577 
2600000.0 28413.25 14360.3088 10429.4356 18291.1819 0.0055 0.004 0.007 0.6638 0.5489 0.7786 
2610000.0 28556.75 14452.7737 10499.5094 18406.0381 0.0055 0.004 0.0071 0.6628 0.6339 0.6916 
2620000.0 28746.75 14581.4662 10648.1356 18514.7969 0.0056 0.0041 0.0071 0.7128 0.5848 0.8407 
2630000.0 28904.75 14683.0838 10756.8358 18609.3317 0.0056 0.0041 0.0071 0.6815 0.4745 0.8885 
2640000.0 29048.5 14782.0208 10831.4568 18732.5847 0.0056 0.0041 0.0071 0.6495 0.5844 0.7146 
2650000.0 29203.5 14883.615 10946.4078 18820.8222 0.0056 0.0041 0.0071 0.6362 0.3882 0.8843 
2660000.0 29358.75 14992.6405 11038.0829 18947.1981 0.0056 0.0041 0.0071 0.6908 0.4787 0.9028 
2670000.0 29512.0 15094.1548 11134.1261 19054.1834 0.0057 0.0042 0.0071 0.6458 0.4238 0.8677 
2680000.0 29693.0 15218.8265 11255.7226 19181.9304 0.0057 0.0042 0.0072 0.668 0.5893 0.7467 
2690000.0 29837.75 15314.824 11326.0886 19303.5594 0.0057 0.0042 0.0072 0.6595 0.5018 0.8172 
2700000.0 30000.5 15424.2732 11423.1919 19425.3546 0.0057 0.0042 0.0072 0.695 0.5713 0.8187 
2710000.0 30152.75 15528.7122 11501.8749 19555.5496 0.0057 0.0042 0.0072 0.6895 0.5698 0.8092 
2720000.0 30303.25 15632.4408 11564.4667 19700.4148 0.0057 0.0043 0.0072 0.6495 0.5501 0.7489 
2730000.0 30449.25 15734.6285 11676.1564 19793.1006 0.0058 0.0043 0.0073 0.712 0.6236 0.8004 
2740000.0 30615.25 15848.2647 11806.9699 19889.5596 0.0058 0.0043 0.0073 0.6872 0.5528 0.8217 
2750000.0 30766.75 15951.2188 11895.3293 20007.1082 0.0058 0.0043 0.0073 0.7137 0.5698 0.8577 
2760000.0 30920.25 16050.7268 12005.1422 20096.3113 0.0058 0.0043 0.0073 0.6195 0.4899 0.7491 
2770000.0 31062.25 16152.5613 12083.4684 20221.6541 0.0058 0.0044 0.0073 0.694 0.5363 0.8517 
2780000.0 31218.0 16262.076 12181.6762 20342.4758 0.0058 0.0044 0.0073 0.6998 0.5523 0.8472 
2790000.0 31356.5 16371.095 12249.1316 20493.0584 0.0059 0.0044 0.0073 0.8052 0.6952 0.9153 
2800000.0 31492.5 16458.5395 12321.021 20596.058 0.0059 0.0044 0.0074 0.6808 0.5351 0.8264 
2810000.0 31636.5 16560.6945 12379.7307 20741.6583 0.0059 0.0044 0.0074 0.721 0.5225 0.9195 
2820000.0 31774.25 16657.7338 12451.5611 20863.9064 0.0059 0.0044 0.0074 0.7093 0.6031 0.8154 
2830000.0 31924.75 16757.2218 12507.0909 21007.3526 0.0059 0.0044 0.0074 0.5955 0.4434 0.7476 
2840000.0 32059.75 16844.8083 12590.314 21099.3025 0.0059 0.0044 0.0074 0.6252 0.5047 0.7458 
2850000.0 32218.5 16950.1902 12682.0716 21218.3089 0.0059 0.0044 0.0074 0.687 0.5631 0.8109 
2860000.0 32377.0 17056.5358 12753.6002 21359.4713 0.006 0.0045 0.0075 0.6828 0.5541 0.8114 
2870000.0 32519.5 17153.212 12852.9818 21453.4422 0.006 0.0045 0.0075 0.7115 0.5672 0.8558 
2880000.0 32678.0 17258.2695 12953.55 21562.989 0.006 0.0045 0.0075 0.6527 0.3868 0.9187 
2890000.0 32823.5 17353.9358 13021.7102 21686.1613 0.006 0.0045 0.0075 0.5838 0.385 0.7825 
2900000.0 32965.75 17459.941 13123.7737 21796.1083 0.006 0.0045 0.0075 0.736 0.5509 0.9211 
2910000.0 33125.0 17571.176 13184.6399 21957.7121 0.006 0.0045 0.0075 0.655 0.3953 0.9147 
2920000.0 33281.25 17673.6648 13243.4048 22103.9247 0.0061 0.0045 0.0076 0.6345 0.3862 0.8828 
2930000.0 33419.25 17771.7348 13319.8386 22223.6309 0.0061 0.0045 0.0076 0.717 0.6634 0.7706 
2940000.0 33576.5 17883.7078 13425.3842 22342.0313 0.0061 0.0046 0.0076 0.7162 0.5413 0.8912 
2950000.0 33728.5 17988.6567 13503.3446 22473.9689 0.0061 0.0046 0.0076 0.7215 0.6384 0.8046 
2960000.0 33900.25 18114.5753 13603.3092 22625.8413 0.0061 0.0046 0.0076 0.739 0.6349 0.8431 
2970000.0 34056.0 18220.4678 13677.6514 22763.2841 0.0061 0.0046 0.0077 0.6518 0.4931 0.8104 
2980000.0 34231.5 18339.7528 13764.3091 22915.1964 0.0062 0.0046 0.0077 0.6498 0.4684 0.8311 
2990000.0 34407.25 18463.262 13882.2911 23044.2329 0.0062 0.0046 0.0077 0.6905 0.4904 0.8906 
3000000.0 34563.0 18575.3862 13961.3692 23189.4033 0.0062 0.0047 0.0077 0.7178 0.5191 0.9164 
3010000.0 34719.0 18680.5665 14045.3523 23315.7807 0.0062 0.0047 0.0077 0.6482 0.514 0.7825 
3020000.0 34894.5 18796.3895 14138.2743 23454.5047 0.0062 0.0047 0.0078 0.6755 0.5764 0.7746 
3030000.0 35052.75 18899.7848 14241.3752 23558.1943 0.0062 0.0047 0.0078 0.6567 0.5595 0.754 
3040000.0 35210.25 19008.022 14313.248 23702.796 0.0063 0.0047 0.0078 0.689 0.4881 0.8899 
3050000.0 35366.5 19117.324 14409.2008 23825.4472 0.0063 0.0047 0.0078 0.673 0.5568 0.7892 
3060000.0 35520.75 19221.769 14482.1618 23961.3762 0.0063 0.0047 0.0078 0.6982 0.5143 0.8822 
3070000.0 35696.0 19340.252 14572.6654 24107.8386 0.0063 0.0047 0.0079 0.666 0.5469 0.7851 
3080000.0 35882.0 19474.3425 14690.2479 24258.4371 0.0063 0.0048 0.0079 0.76 0.6919 0.8281 
3090000.0 36036.25 19581.7905 14778.7162 24384.8648 0.0063 0.0048 0.0079 0.7225 0.5093 0.9357 
3100000.0 36182.0 19677.67 14863.2031 24492.1369 0.0063 0.0048 0.0079 0.6998 0.6149 0.7846 
3110000.0 36320.5 19770.624 14898.569 24642.679 0.0064 0.0048 0.0079 0.7 0.5773 0.8227 
3120000.0 36463.5 19870.3582 14967.9261 24772.7904 0.0064 0.0048 0.0079 0.6998 0.5411 0.8584 
3130000.0 36622.75 19984.1375 15030.7799 24937.4951 0.0064 0.0048 0.008 0.7248 0.5318 0.9177 
3140000.0 36779.25 20096.2112 15105.6287 25086.7938 0.0064 0.0048 0.008 0.6952 0.5328 0.8577 
3150000.0 36933.0 20208.2918 15193.9443 25222.6392 0.0064 0.0048 0.008 0.7288 0.5901 0.8674 
3160000.0 37074.25 20303.515 15287.4216 25319.6084 0.0064 0.0048 0.008 0.7157 0.5439 0.8876 
3170000.0 37233.25 20411.5658 15340.7612 25482.3703 0.0064 0.0048 0.008 0.6895 0.4879 0.8911 
3180000.0 37387.0 20514.9737 15448.2087 25581.7388 0.0065 0.0049 0.008 0.7292 0.679 0.7795 
3190000.0 37534.0 20610.9592 15501.9368 25719.9817 0.0065 0.0049 0.0081 0.6542 0.5495 0.759 
3200000.0 37685.5 20717.1645 15575.7802 25858.5488 0.0065 0.0049 0.0081 0.6825 0.6054 0.7596 
3210000.0 37867.0 20846.322 15681.4354 26011.2086 0.0065 0.0049 0.0081 0.7185 0.5492 0.8878 
3220000.0 38031.75 20953.557 15790.1303 26116.9837 0.0065 0.0049 0.0081 0.6455 0.5997 0.6913 
3230000.0 38196.75 21067.7485 15884.9983 26250.4987 0.0065 0.0049 0.0081 0.7175 0.6085 0.8265 
3240000.0 38371.75 21190.9002 15978.9266 26402.8739 0.0065 0.0049 0.0081 0.6728 0.5203 0.8252 
3250000.0 38517.25 21291.5122 16077.7235 26505.301 0.0066 0.0049 0.0082 0.6607 0.4376 0.8839 
3260000.0 38679.0 21400.9935 16136.0638 26665.9232 0.0066 0.0049 0.0082 0.6948 0.5314 0.8581 
3270000.0 38834.0 21510.863 16233.1361 26788.5899 0.0066 0.005 0.0082 0.719 0.5767 0.8613 
3280000.0 38977.0 21611.2575 16314.9001 26907.6149 0.0066 0.005 0.0082 0.716 0.5487 0.8833 
3290000.0 39148.75 21728.7277 16439.0046 27018.4509 0.0066 0.005 0.0082 0.656 0.4962 0.8158 
3300000.0 39322.5 21848.6705 16571.0819 27126.2591 0.0066 0.005 0.0082 0.7028 0.6057 0.7998 
3310000.0 39474.5 21957.9042 16659.1643 27256.6442 0.0066 0.005 0.0082 0.7377 0.6728 0.8027 
3320000.0 39628.0 22066.085 16749.777 27382.393 0.0066 0.005 0.0082 0.6918 0.5595 0.824 
3330000.0 39798.25 22185.6188 16847.7705 27523.467 0.0067 0.0051 0.0083 0.6638 0.5874 0.7401 
3340000.0 39957.75 22293.7478 16951.314 27636.1815 0.0067 0.0051 0.0083 0.6775 0.5205 0.8345 
3350000.0 40135.25 22414.0438 17044.1557 27783.9318 0.0067 0.0051 0.0083 0.6815 0.6067 0.7563 
3360000.0 40284.0 22528.519 17194.6596 27862.3784 0.0067 0.0051 0.0083 0.7787 0.6184 0.9391 
3370000.0 40437.75 22638.877 17298.8571 27978.8969 0.0067 0.0051 0.0083 0.6868 0.5939 0.7796 
3380000.0 40593.25 22741.0255 17384.3871 28097.6639 0.0067 0.0051 0.0083 0.6362 0.544 0.7285 
3390000.0 40741.5 22836.9053 17474.3531 28199.4574 0.0067 0.0052 0.0083 0.6842 0.5122 0.8563 
3400000.0 40901.5 22943.0945 17551.5825 28334.6065 0.0067 0.0052 0.0083 0.6418 0.5255 0.758 
3410000.0 41039.25 23036.9095 17660.2466 28413.5724 0.0068 0.0052 0.0083 0.6792 0.6135 0.745 
3420000.0 41189.0 23152.0482 17768.205 28535.8915 0.0068 0.0052 0.0083 0.7415 0.612 0.871 
3430000.0 41335.0 23248.284 17854.4755 28642.0925 0.0068 0.0052 0.0084 0.6525 0.5978 0.7072 
3440000.0 41496.25 23360.36 17948.239 28772.481 0.0068 0.0052 0.0084 0.709 0.5769 0.8411 
3450000.0 41657.25 23470.9025 18033.0956 28908.7094 0.0068 0.0052 0.0084 0.668 0.3667 0.9693 
3460000.0 41817.25 23578.3022 18122.4605 29034.144 0.0068 0.0052 0.0084 0.641 0.4867 0.7953 
3470000.0 41970.0 23684.0242 18178.5832 29189.4653 0.0068 0.0052 0.0084 0.638 0.4887 0.7873 
3480000.0 42134.25 23804.6332 18290.7893 29318.4772 0.0068 0.0053 0.0084 0.6718 0.536 0.8075 
3490000.0 42293.5 23916.5168 18411.5065 29421.527 0.0069 0.0053 0.0084 0.705 0.6302 0.7798 
3500000.0 42446.25 24027.5285 18513.22 29541.837 0.0069 0.0053 0.0084 0.7315 0.6796 0.7834 
3510000.0 42603.25 24131.7215 18604.9783 29658.4647 0.0069 0.0053 0.0084 0.6567 0.5466 0.7669 
3520000.0 42748.75 24232.7253 18688.8767 29776.5738 0.0069 0.0053 0.0085 0.6765 0.5364 0.8166 
3530000.0 42900.75 24336.4045 18820.9452 29851.8638 0.0069 0.0053 0.0085 0.6455 0.5008 0.7902 
3540000.0 43045.25 24442.6412 18912.5029 29972.7796 0.0069 0.0053 0.0085 0.734 0.6313 0.8367 
3550000.0 43188.0 24531.9445 18978.1225 30085.7665 0.0069 0.0053 0.0085 0.5938 0.3573 0.8302 
3560000.0 43337.75 24635.6965 19053.0946 30218.2984 0.0069 0.0054 0.0085 0.6972 0.5704 0.8241 
3570000.0 43490.0 24740.7525 19149.6105 30331.8945 0.0069 0.0054 0.0085 0.6233 0.4551 0.7914 
3580000.0 43656.25 24846.3998 19237.6058 30455.1937 0.0069 0.0054 0.0085 0.6902 0.5289 0.8516 
3590000.0 43832.0 24972.8808 19377.6515 30568.11 0.007 0.0054 0.0085 0.697 0.4732 0.9208 
3600000.0 43970.5 25067.1218 19462.797 30671.4465 0.007 0.0054 0.0085 0.7163 0.6087 0.8238 
3610000.0 44127.5 25167.387 19565.3786 30769.3954 0.007 0.0054 0.0085 0.6275 0.5859 0.6691 
3620000.0 44259.25 25255.3102 19641.8206 30868.7999 0.007 0.0054 0.0085 0.7138 0.6475 0.78 
3630000.0 44423.0 25368.8385 19730.345 31007.332 0.007 0.0054 0.0085 0.6808 0.466 0.8955 
3640000.0 44584.75 25486.362 19832.6868 31140.0372 0.007 0.0054 0.0086 0.7152 0.6571 0.7734 
3650000.0 44737.5 25587.2412 19943.2606 31231.2219 0.007 0.0055 0.0086 0.6315 0.5869 0.6761 
3660000.0 44905.5 25707.9683 20068.6382 31347.2983 0.007 0.0055 0.0086 0.713 0.5324 0.8936 
3670000.0 45066.0 25825.3738 20185.256 31465.4915 0.007 0.0055 0.0086 0.7148 0.6385 0.791 
3680000.0 45211.5 25922.6402 20251.9957 31593.2848 0.007 0.0055 0.0086 0.6722 0.5056 0.8389 
3690000.0 45365.5 26030.314 20382.7431 31677.8849 0.0071 0.0055 0.0086 0.7055 0.5373 0.8737 
3700000.0 45512.0 26130.607 20470.7813 31790.4327 0.0071 0.0055 0.0086 0.6355 0.5273 0.7437 
3710000.0 45658.5 26232.25 20566.4308 31898.0692 0.0071 0.0055 0.0086 0.6738 0.6141 0.7334 
3720000.0 45798.0 26328.9992 20660.8259 31997.1726 0.0071 0.0056 0.0086 0.6815 0.6105 0.7525 
3730000.0 45945.0 26429.893 20714.2856 32145.5004 0.0071 0.0056 0.0086 0.688 0.4122 0.9638 
3740000.0 46106.5 26544.1885 20805.3534 32283.0236 0.0071 0.0056 0.0086 0.7135 0.5807 0.8463 
3750000.0 46281.25 26670.1698 20924.1481 32416.1914 0.0071 0.0056 0.0086 0.6945 0.5674 0.8216 
3760000.0 46436.0 26782.4935 21034.2578 32530.7292 0.0071 0.0056 0.0087 0.7417 0.666 0.8175 
3770000.0 46594.75 26897.8875 21154.5592 32641.2158 0.0071 0.0056 0.0087 0.7042 0.5903 0.8182 
3780000.0 46764.0 27029.009 21257.4431 32800.5749 0.0072 0.0056 0.0087 0.7525 0.662 0.843 
3790000.0 46922.25 27148.4412 21378.0438 32918.8387 0.0072 0.0056 0.0087 0.7422 0.5755 0.909 
3800000.0 47075.0 27252.799 21476.7921 33028.8059 0.0072 0.0057 0.0087 0.724 0.6042 0.8438 
3810000.0 47221.0 27361.505 21565.2646 33157.7454 0.0072 0.0057 0.0087 0.726 0.5428 0.9092 
3820000.0 47390.25 27472.4865 21656.4976 33288.4754 0.0072 0.0057 0.0087 0.6988 0.6012 0.7963 
3830000.0 47542.25 27577.3812 21755.0713 33399.6912 0.0072 0.0057 0.0087 0.6642 0.536 0.7925 
3840000.0 47694.5 27695.9335 21864.7601 33527.1069 0.0072 0.0057 0.0087 0.7742 0.5818 0.9667 
3850000.0 47854.25 27814.4228 21983.1926 33645.6529 0.0072 0.0057 0.0087 0.7535 0.6775 0.8295 
3860000.0 47995.5 27913.0658 22082.0418 33744.0897 0.0072 0.0057 0.0087 0.7318 0.6443 0.8192 
3870000.0 48150.25 28030.1118 22184.6425 33875.581 0.0072 0.0057 0.0088 0.8125 0.7473 0.8777 
3880000.0 48305.75 28145.7888 22263.6183 34027.9592 0.0073 0.0057 0.0088 0.7208 0.637 0.8045 
3890000.0 48452.25 28246.1518 22348.2789 34144.0246 0.0073 0.0057 0.0088 0.6505 0.5276 0.7734 
3900000.0 48602.5 28345.273 22428.4106 34262.1354 0.0073 0.0058 0.0088 0.6872 0.5926 0.7819 
3910000.0 48755.25 28455.308 22514.3559 34396.2601 0.0073 0.0058 0.0088 0.7188 0.5911 0.8464 
3920000.0 48920.5 28561.7858 22623.5272 34500.0443 0.0073 0.0058 0.0088 0.6562 0.5884 0.7241 
3930000.0 49066.75 28659.9488 22678.3285 34641.569 0.0073 0.0058 0.0088 0.6472 0.5613 0.7332 
3940000.0 49229.25 28775.7535 22761.5057 34790.0013 0.0073 0.0058 0.0088 0.6958 0.5922 0.7993 
3950000.0 49377.0 28879.0967 22828.3974 34929.7961 0.0073 0.0058 0.0088 0.703 0.4386 0.9674 
3960000.0 49526.0 28981.3818 22926.6631 35036.1004 0.0073 0.0058 0.0088 0.717 0.6286 0.8054 
3970000.0 49680.0 29087.0605 23032.8288 35141.2922 0.0073 0.0058 0.0089 0.7075 0.5748 0.8402 
3980000.0 49829.5 29187.7965 23115.6372 35259.9558 0.0073 0.0058 0.0089 0.6615 0.568 0.755 
3990000.0 49976.75 29287.6848 23212.1602 35363.2093 0.0073 0.0058 0.0089 0.6935 0.5711 0.8159 
4000000.0 50120.75 29384.575 23300.1838 35468.9662 0.0073 0.0058 0.0089 0.7333 0.5622 0.9043 
