10000 10 182.927 -12657.401 -231.598 1.948 0 0 0 0.0062948 0.0 0.0 0.0177156 0.0062932 
20000 20 332.392 -25535.228 -425.041 3.5283 0 0 0 0.0040441 0.0 0.0 0.0167208 0.004043 
30000 30 454.516 -39414.663 -601.021 5.2237 0 0 0 0.0023105 2.6595301 0.2314561 0.0064941 0.0023098 
40000 40 554.3 -52258.498 -725.651 6.6085 0 0 0 0.000397 4.559281 0.5070281 0.0098116 0.0003969 
50000 50 635.83 -49404.771 -539.269 7.7267 0 0 0 0.022865 4.6419728 0.7304427 0.0184661 0.0228199 
60000 60 702.447 -47721.441 -410.545 8.7476 0 0 0 0.0001333 4.300073 0.8920879 0.0085007 0.0001333 
70000 70 756.877 -42665.866 -242.214 9.7662 0 0 0 0.0047174 3.1406954 0.9699336 0.0073926 0.0047147 
80000 80 801.351 -39637.569 -143.479 10.746 0 0 0 0.0011599 1.6251076 1.3529967 0.0044536 0.0011482 
90000 90 837.689 -40134.514 -122.75 11.5851 0 0 0 0.0360215 0.8280676 1.5494822 0.008667 0.035913 
100000 100 867.38 -41290.481 -122.099 12.2398 0 0 0 0.0040987 -0.2053226 1.5185926 0.0170119 0.0040932 
110000 110 891.64 -37822.738 -36.229 12.7631 0 0 0 0.0092606 -1.6509648 1.5204935 0.0048879 0.0092154 
120000 120 911.462 -32342.406 70.959 13.1983 0 0 0 0.0002127 -3.148395 1.3743993 0.0024666 0.0002127 
130000 130 927.658 -26306.206 168.356 13.5615 0 0 0 3.81e-05 -4.6883054 1.2899916 0.0029967 3.81e-05 
140000 140 940.891 -20497.791 243.733 13.8532 0 0 0 0.0122524 -6.6689526 1.0334162 0.0037973 0.0108133 
150000 150 951.704 -14906.349 301.468 14.1323 0 0 0 8.93e-05 -8.6864764 0.8935906 0.0026003 8.93e-05 
160000 160 960.539 -9112.291 352.657 14.37 0 0 0 7.55e-05 -10.4230163 0.8535106 0.0031674 7.55e-05 
170000 170 967.757 -2991.341 400.386 14.5205 0 0 0 7.55e-05 -11.5944251 1.1029255 0.0029151 7.55e-05 
180000 180 973.655 2983.701 436.578 14.6526 0 0 0 0.0005518 -13.3274847 0.9099533 0.0033077 0.0005514 
190000 190 978.474 8982.01 466.521 14.7777 0 0 0 0.0004156 -14.971478 0.9598017 0.0030495 0.0004148 
200000 200 982.412 15193.233 494.681 14.9148 0 0 0 0.0082683 -16.5354963 0.9139977 0.0058886 0.008259 
210000 210 985.629 20948.567 509.394 15.0403 0 0 0 0.022915 -18.4316967 0.8873599 0.0069149 0.0226501 
220000 220 988.258 26484.679 517.27 15.0905 0 0 0 7.3e-06 -20.3980135 0.7609111 0.0013441 7.3e-06 
230000 230 990.406 32019.421 523.823 15.1333 0 0 0 8.45e-05 -23.1422327 0.721116 0.0018429 8.45e-05 
240000 240 992.161 37078.179 520.398 15.2577 0 0 0 1.98e-05 -25.2649534 1.253401 0.0015416 1.98e-05 
250000 250 993.595 41991.299 514.858 15.3505 0 0 0 1.25e-05 -26.2112482 0.9389113 0.0015591 1.25e-05 
260000 260 994.767 47352.676 518.727 15.4291 0 0 0 6.69e-05 -27.6719814 1.002205 0.0013111 6.69e-05 
270000 270 995.724 53185.143 530.725 15.4691 0 0 0 0.0008915 -28.8619203 1.2149587 0.0025448 0.0008913 
280000 280 996.506 59603.342 551.145 15.4645 0 0 0 0.0133709 -30.2435452 1.1019392 0.0079418 0.0133571 
290000 290 997.145 65015.044 549.664 15.4694 0 0 0 0.0191248 -31.9696101 0.8260878 0.0072787 0.0190285 
300000 300 997.667 70882.112 556.213 15.4305 0 0 0 0.0002172 -33.4652721 1.305185 0.0028251 0.0002172 
310000 310 998.094 76179.266 551.384 15.3675 0 0 0 0.0181126 -35.067951 1.6048865 0.00675 0.0180753 
320000 320 998.443 82921.723 574.539 15.2611 0 0 0 0.0024501 -37.0873676 1.3707511 0.0067447 0.0024499 
330000 330 998.728 89818.262 595.349 15.1673 0 0 0 0.0016845 -38.4614485 1.8405678 0.0062181 0.0016843 
340000 340 998.96 97015.477 618.158 15.0555 0 0 0 0.0010144 -39.8459901 0.9086264 0.0067203 0.0010144 
350000 350 999.151 102989.113 614.805 14.9692 0 0 0 0.005759 -41.1260724 1.3987912 0.0084023 0.0057534 
360000 360 999.306 109975.339 630.518 14.8845 0 0 0 0.004796 -42.6440308 1.1494288 0.0069264 0.004795 
370000 370 999.433 117533.542 653.25 14.8187 0 0 0 0.016633 -44.0339479 1.7153703 0.0084564 0.0161687 
380000 380 999.537 124989.84 670.284 14.7312 0 0 0 0.0118204 -45.5168279 2.299332 0.0098519 0.0118109 
390000 390 999.621 132263.055 680.559 14.6567 0 0 0 0.0096762 -46.6785847 3.2146309 0.0066483 0.0096728 
400000 400 999.691 139507.355 688.637 14.5564 0 0 0 0.0116737 -48.0505887 3.2005649 0.0074245 0.0116663 
410000 410 999.747 146864.048 697.572 14.468 0 0 0 0.008595 -49.5647369 2.4214876 0.0061678 0.0085736 
420000 420 999.793 155093.477 720.66 14.4198 0 0 0 0.0114251 -50.8584167 4.0579349 0.0079107 0.0114195 
430000 430 999.831 164010.873 752.312 14.3583 0 0 0 0.0087892 -52.3152853 3.5600867 0.0086539 0.0087862 
440000 440 999.862 172546.219 770.688 14.3336 0 0 0 0.0117783 -53.7531804 2.9965092 0.0079331 0.0117704 
450000 450 999.887 181525.534 793.82 14.3135 0 0 0 0.0082679 -55.1213156 4.5634967 0.0068024 0.0082657 
460000 460 999.908 190902.803 820.006 14.292 0 0 0 0.0113139 -56.3910374 3.9138605 0.0064607 0.0113077 
470000 470 999.925 199530.795 828.029 14.2859 0 0 0 0.0130663 -57.7866969 4.3889229 0.0077625 0.0130611 
480000 480 999.939 208238.327 835.995 14.263 0 0 0 0.0113874 -59.2031149 4.2546668 0.0073367 0.0113814 
490000 490 999.95 217818.349 858.24 14.2545 0 0 0 0.0138464 -60.6370064 5.4449445 0.0082822 0.0137027 
500000 500 999.959 227293.49 874.666 14.2597 0 0 0 0.0085887 -62.2219411 6.6406307 0.0065695 0.0085867 
510000 510 999.966 236532.457 883.646 14.2523 0 0 0 0.0130043 -63.9369856 7.9040111 0.0070324 0.0129974 
520000 520 999.973 245214.574 880.816 14.2454 0 0 0 0.0009202 -66.0966715 4.8450923 0.006811 0.0009198 
530000 530 999.978 252616.232 854.404 14.2547 0 0 0 0.0082449 -67.8595588 3.4426655 0.0074831 0.0082412 
540000 540 999.982 260440.183 841.055 14.2579 0 0 0 0.0073881 -69.4724154 4.1224237 0.0069174 0.0073853 
550000 550 999.985 268280.843 831.627 14.282 0 0 0 0.0074882 -71.0579447 5.4773937 0.0052032 0.007435 
560000 560 999.988 277732.807 852.603 14.2727 0 0 0 0.0072181 -72.8673167 7.2507416 0.0075722 0.0072164 
570000 570 999.99 287803.165 880.573 14.2559 0 0 0 0.0099795 -74.3699624 6.4406484 0.0073451 0.0099752 
580000 580 999.992 297248.48 890.985 14.2838 0 0 0 0.0043777 -75.8572356 6.6502796 0.0038734 0.0043763 
