10000 10 182.927 -14306.046 -261.593 0.1797 0 0 0 0.0 0.0 0.0 0.0 0.0 
20000 20 332.392 -28673.178 -476.377 0.3237 0 0 0 0.0 0.0 0.0 0.0 0.0 
30000 30 454.516 -40497.508 -606.304 1.2782 0 0 0 0.0086826 2.3928527 0.1308186 0.1348962 0.0783891 
40000 40 554.3 -51405.817 -695.475 2.0623 0 0 0 0.0076394 3.9856305 0.368216 0.1106618 0.0688534 
50000 50 635.83 -50180.582 -545.882 2.6893 0 0 0 0.0082989 3.9590494 0.7092669 0.0960595 0.0723453 
60000 60 702.447 -53742.875 -515.568 3.2063 0 0 0 0.0076001 3.9071675 1.1415736 0.0834075 0.0674866 
70000 70 756.877 -64018.119 -608.097 3.6198 0 0 0 0.0087278 4.462633 1.5300149 0.0783543 0.0796108 
80000 80 801.351 -70633.309 -620.36 3.9626 0 0 0 0.0096496 3.7611383 2.0796403 0.0786394 0.0888186 
90000 90 837.689 -81351.92 -704.292 4.2379 0 0 0 0.0118839 3.9656055 2.4789699 0.073707 0.1072023 
100000 100 867.38 -93751.908 -806.227 4.4723 0 0 0 0.010733 3.8503951 2.0871956 0.069604 0.0968537 
110000 110 891.64 -89997.379 -589.467 4.6599 0 0 0 0.0098993 2.1445024 2.0081369 0.0692046 0.0882414 
120000 120 911.462 -85627.698 -402.04 4.831 0 0 0 0.0093132 -0.015567 2.1047657 0.0612956 0.0846289 
130000 130 927.658 -80903.537 -242.011 4.9639 0 0 0 0.0086536 -1.9416215 2.116484 0.0553773 0.0764782 
140000 140 940.891 -75939.613 -106.905 5.0847 0 0 0 0.0077426 -4.1089782 1.8338386 0.0527016 0.0700238 
150000 150 951.704 -70919.385 4.767 5.1826 0 0 0 0.0072164 -6.2340783 2.0154135 0.0475054 0.0652059 
160000 160 960.539 -67568.593 65.529 5.2514 0 0 0 0.0073619 -8.431497 2.0027079 0.0480874 0.0644401 
170000 170 967.757 -63028.76 136.452 5.3004 0 0 0 0.007302 -10.154487 2.1266193 0.0457884 0.0641828 
180000 180 973.655 -57960.48 204.653 5.33 0 0 0 0.0064536 -12.4724725 1.7971644 0.0407651 0.0570951 
190000 190 978.474 -52885.647 259.762 5.3737 0 0 0 0.006192 -14.5179297 1.9002922 0.0407646 0.0561398 
200000 200 982.412 -49224.562 278.125 5.3952 0 0 0 0.0063189 -16.4669622 1.6522578 0.0403202 0.0561235 
210000 210 985.629 -46879.512 269.693 5.4233 0 0 0 0.0065974 -18.3861525 2.1069005 0.0376057 0.055145 
220000 220 988.258 -51159.106 144.024 5.4552 0 0 0 0.0060064 -20.3808297 1.8829274 0.0401303 0.0533861 
230000 230 990.406 -50701.509 129.755 5.471 0 0 0 0.0058314 -22.1599707 1.651315 0.0469623 0.0519779 
240000 240 992.161 -46323.535 186.528 5.4728 0 0 0 0.0061127 -24.4468057 2.1196132 0.0410054 0.0528179 
250000 250 993.595 -43833.892 199.296 5.486 0 0 0 0.005519 -25.6297587 1.7189343 0.0441427 0.0481609 
260000 260 994.767 -39765.52 239.162 5.509 0 0 0 0.0054886 -27.5588572 2.3636746 0.040329 0.0458266 
270000 270 995.724 -34055.234 300.042 5.5195 0 0 0 0.0047055 -29.6799026 2.1078831 0.0387519 0.0413526 
280000 280 996.506 -28510.174 346.303 5.5382 0 0 0 0.0042804 -31.4437368 2.2496282 0.04924 0.0364779 
290000 290 997.145 -22850.79 384.821 5.5482 0 0 0 0.0033377 -33.7123 2.4380324 0.0407942 0.0266755 
300000 300 997.667 -18307.22 399.699 5.5576 0 0 0 0.0030206 -35.4253498 1.856601 0.0363602 0.0248292 
310000 310 998.094 -12549.177 431.734 5.5644 0 0 0 0.0025617 -36.6969644 1.470672 0.0330028 0.0224529 
320000 320 998.443 -8211.284 433.485 5.5726 0 0 0 0.002687 -37.6023147 2.1475897 0.0350635 0.0232047 
330000 330 998.728 -3159.315 447.982 5.5894 0 0 0 0.0026577 -38.9361334 2.1998104 0.0357755 0.0233016 
340000 340 998.96 1744.456 456.603 5.5928 0 0 0 0.0025904 -40.1737185 3.1057827 0.0356292 0.0224549 
350000 350 999.151 5684.926 442.943 5.5916 0 0 0 0.0025487 -41.3556612 2.8143478 0.034502 0.0217928 
360000 360 999.306 8927.077 422.923 5.5881 0 0 0 0.0020833 -42.1909152 1.5965885 0.0343521 0.0189312 
370000 370 999.433 14520.051 448.532 5.5792 0 0 0 0.0021437 -43.2742218 1.1037165 0.0338963 0.0194155 
380000 380 999.537 20865.746 482.895 5.5826 0 0 0 0.002345 -44.4300693 2.2376057 0.0380859 0.0199708 
390000 390 999.621 26906.697 505.143 5.5735 0 0 0 0.0022201 -45.3778457 1.8945133 0.0416326 0.0192105 
400000 400 999.691 33005.693 524.173 5.5715 0 0 0 0.0019145 -46.6512942 2.7689014 0.0416017 0.0168956 
410000 410 999.747 39147.881 540.629 5.5813 0 0 0 0.0020685 -48.1140327 2.7026032 0.0464651 0.0177783 
420000 420 999.793 44847.226 545.097 5.6015 0 0 0 0.0017909 -49.3470311 2.3436493 0.0369155 0.01583 
430000 430 999.831 51294.36 563.319 5.6199 0 0 0 0.0017637 -50.3573307 3.4887702 0.0382536 0.0149733 
440000 440 999.862 57599.902 575.467 5.6194 0 0 0 0.0016399 -50.9779439 2.9488682 0.0362496 0.0143114 
450000 450 999.887 62661.544 562.661 5.6133 0 0 0 0.0017707 -51.8495954 4.5285992 0.0396244 0.0151085 
460000 460 999.908 68744.364 570.994 5.6397 0 0 0 0.0015266 -53.3152217 3.250905 0.0406598 0.0134495 
470000 470 999.925 74700.203 574.767 5.6627 0 0 0 0.0017977 -54.9413187 2.5396606 0.0438839 0.0162628 
480000 480 999.939 77256.976 512.622 5.6628 0 0 0 0.0020235 -56.6377261 2.4335057 0.0446802 0.0178055 
490000 490 999.95 78225.579 438.384 5.6631 0 0 0 0.0022487 -57.7619576 5.2140233 0.0398829 0.0189428 
500000 500 999.959 80722.16 401.256 5.6654 0 0 0 0.0021875 -59.1332609 4.8410327 0.0507338 0.0188487 
510000 510 999.966 84747.496 403.497 5.6708 0 0 0 0.0023053 -60.1809338 2.8280179 0.0631597 0.0209604 
520000 520 999.973 90557.707 436.118 5.6699 0 0 0 0.0025931 -61.6423559 6.8769287 0.0704471 0.0224129 
530000 530 999.978 96028.431 456.158 5.6768 0 0 0 0.0026262 -63.479055 5.1380073 0.071257 0.023579 
540000 540 999.982 101977.743 481.934 5.6758 0 0 0 0.0024309 -65.107503 4.0334354 0.0688076 0.0225076 
550000 550 999.985 108364.522 510.849 5.6813 0 0 0 0.0025182 -67.0587527 2.3036674 0.0589123 0.022986 
560000 560 999.988 114690.481 532.886 5.6837 0 0 0 0.0030993 -68.0336686 7.0506136 0.0616651 0.0262145 
570000 570 999.99 121597.443 561.987 5.6799 0 0 0 0.0030135 -69.7548038 5.330765 0.055562 0.0278074 
580000 580 999.992 128469.648 585.007 5.6725 0 0 0 0.0032799 -70.4034099 9.0687764 0.0528893 0.0282767 
590000 590 999.993 134330.679 584.548 5.6686 0 0 0 0.0032878 -71.2858767 4.3721324 0.0581105 0.0303118 
600000 600 999.995 140275.147 587.063 5.6729 0 0 0 0.0036201 -72.1345611 8.0888165 0.0614013 0.0327995 
610000 610 999.996 146965.721 602.104 5.6778 0 0 0 0.0038035 -73.0119691 7.4233808 0.0559238 0.0344371 
620000 620 999.996 153835.218 617.682 5.6894 0 0 0 0.0034989 -74.4809197 7.0032174 0.0527004 0.0318543 
630000 630 999.997 158675.764 595.43 5.6851 0 0 0 0.0035699 -75.1955449 5.8320457 0.0515096 0.0327289 
640000 640 999.998 165079.706 603.749 5.6873 0 0 0 0.0036605 -76.3415967 4.453694 0.0484605 0.0341534 
650000 650 999.998 171286.682 607.192 5.6953 0 0 0 0.0035976 -77.1903122 2.3000063 0.0532655 0.0333623 
660000 660 999.998 178351.451 625.603 5.6868 0 0 0 0.003705 -77.8381962 6.6146676 0.0548599 0.0333579 
670000 670 999.999 185128.067 634.985 5.6819 0 0 0 0.0036737 -78.3640012 4.5895521 0.0567432 0.0332741 
680000 680 999.999 192048.804 645.494 5.6883 0 0 0 0.0034125 -78.8268903 7.2201099 0.0507761 0.0308604 
690000 690 999.999 198833.783 652.088 5.6839 0 0 0 0.0034472 -79.8231109 4.4043306 0.0509388 0.031994 
700000 700 999.999 203367.587 615.353 5.6872 0 0 0 0.0037005 -80.7140154 6.6839557 0.0552818 0.0333162 
710000 710 999.999 211369.552 649.671 5.7044 0 0 0 0.0037616 -81.6410523 3.3399105 0.0573724 0.033499 
720000 720 1000.0 218457.7 660.076 5.7079 0 0 0 0.0038175 -82.4708551 8.2644515 0.0546923 0.0343828 
730000 730 1000.0 223875.035 640.822 5.6917 0 0 0 0.0044755 -83.0434564 10.8426529 0.0507806 0.0384245 
740000 740 1000.0 231894.597 670.703 5.6973 0 0 0 0.0040814 -84.13329 10.0314799 0.0555455 0.0356199 
750000 750 1000.0 239997.807 696.167 5.7104 0 0 0 0.0043511 -84.8425141 5.5359858 0.0514431 0.0389724 
760000 760 1000.0 246908.177 693.637 5.6962 0 0 0 0.0040297 -85.564053 6.0567422 0.0551694 0.036623 
770000 770 1000.0 255251.969 719.363 5.6857 0 0 0 0.0042694 -86.6099457 6.3662575 0.0546366 0.0392336 
780000 780 1000.0 262969.909 728.692 5.7096 0 0 0 0.0046922 -87.4505411 10.3049892 0.0552531 0.0416498 
790000 790 1000.0 271195.09 745.668 5.7322 0 0 0 0.0046436 -88.4464432 7.4761974 0.0546634 0.0420351 
800000 800 1000.0 279938.669 769.581 5.7336 0 0 0 0.004703 -89.2787018 7.6646768 0.0510439 0.0433367 
810000 810 1000.0 288732.692 790.102 5.7189 0 0 0 0.0046316 -90.3181158 3.8397362 0.0525353 0.0431769 
820000 820 1000.0 295626.098 773.098 5.7142 0 0 0 0.0047617 -90.9502068 8.6033012 0.0521019 0.0426935 
830000 830 1000.0 304276.627 789.716 5.7136 0 0 0 0.0045245 -91.5361611 6.0946617 0.0516358 0.0423435 
840000 840 1000.0 312628.024 797.097 5.72 0 0 0 0.0047175 -92.1884588 9.2155117 0.0499527 0.043617 
850000 850 1000.0 321295.574 810.174 5.7549 0 0 0 0.0050269 -93.1156912 9.4746701 0.0528777 0.0452958 
860000 860 1000.0 330535.171 831.017 5.7476 0 0 0 0.0050994 -93.8662627 13.3605614 0.0536212 0.0458529 
870000 870 1000.0 339418.96 842.043 5.7326 0 0 0 0.0047657 -94.5959509 5.8725136 0.0523178 0.0446659 
880000 880 1000.0 348848.908 861.092 5.7625 0 0 0 0.0058145 -95.3731565 13.3115344 0.0520969 0.0527658 
890000 890 1000.0 357895.969 869.555 5.7982 0 0 0 0.0050794 -96.2460782 5.1877603 0.0558371 0.0478953 
900000 900 1000.0 367949.52 894.734 5.7931 0 0 0 0.0051184 -97.1280873 9.7514465 0.0541784 0.0467687 
910000 910 1000.0 378022.574 915.381 5.7622 0 0 0 0.0055764 -97.5954348 18.9004396 0.0549933 0.0495902 
920000 920 1000.0 387356.498 918.593 5.742 0 0 0 0.0052365 -98.5545872 10.0928033 0.054516 0.0480763 
930000 930 1000.0 397188.471 930.454 5.7226 0 0 0 0.0054019 -99.188294 13.3055598 0.0586291 0.0484357 
940000 940 1000.0 405785.632 917.159 5.7032 0 0 0 0.0050264 -99.8469646 5.8851357 0.062653 0.0464787 
950000 950 1000.0 415823.521 933.524 5.691 0 0 0 0.0051679 -100.4525605 11.0836589 0.0584026 0.0478509 
960000 960 1000.0 426139.359 951.631 5.6873 0 0 0 0.0051196 -101.3980974 7.8306932 0.0595081 0.0465225 
970000 970 1000.0 436758.529 972.133 5.6826 0 0 0 0.0049225 -101.993879 8.1122444 0.0609183 0.0465265 
980000 980 1000.0 447367.113 988.345 5.678 0 0 0 0.0052085 -102.7558783 7.8131924 0.0600169 0.0484301 
990000 990 1000.0 458384.519 1009.064 5.6766 0 0 0 0.0048593 -103.5450013 11.314115 0.0609768 0.045533 
1000000 1000 1000.0 466506.386 976.641 5.6743 0 0 0 0.0046233 -104.090098 9.5218708 0.061683 0.043106 
1010000 1010 1000.0 477126.243 992.17 5.6817 0 0 0 0.0051915 -104.6266912 9.5697983 0.061037 0.0474508 
1020000 1020 1000.0 486919.955 989.604 5.7158 0 0 0 0.0049319 -105.7177778 14.0349049 0.0629943 0.0457642 
1030000 1030 1000.0 496272.831 980.226 5.7223 0 0 0 0.0049079 -106.5595894 7.1023843 0.0616464 0.0455919 
1040000 1040 1000.0 506530.038 989.057 5.7207 0 0 0 0.0051047 -107.4487331 9.6347014 0.0601908 0.0468349 
1050000 1050 1000.0 516636.988 992.716 5.7099 0 0 0 0.0049253 -108.3805639 7.2013767 0.0600099 0.0457732 
1060000 1060 1000.0 527741.763 1014.722 5.7023 0 0 0 0.0048256 -109.1143791 14.220317 0.0620516 0.0448712 
1070000 1070 1000.0 538825.257 1031.831 5.6961 0 0 0 0.0052217 -110.119818 16.5095822 0.0634698 0.0473852 
1080000 1080 1000.0 550258.848 1052.418 5.6869 0 0 0 0.0049686 -111.1524666 6.3741173 0.0624858 0.0459523 
1090000 1090 1000.0 562440.805 1082.582 5.6815 0 0 0 0.0050057 -112.0315739 16.6063883 0.0635815 0.0458887 
1100000 1100 1000.0 573608.998 1088.2 5.7108 0 0 0 0.0056455 -112.8352121 26.5242706 0.0650098 0.0498496 
1110000 1110 1000.0 585034.267 1098.476 5.6943 0 0 0 0.0046837 -114.0518293 10.6534565 0.066668 0.0443625 
1120000 1120 1000.0 594952.783 1078.956 5.6876 0 0 0 0.0045915 -114.9770792 11.9997264 0.0628093 0.0424659 
1130000 1130 1000.0 606514.703 1093.172 5.6819 0 0 0 0.0050191 -116.1755395 14.8960347 0.0632414 0.046381 
1140000 1140 1000.0 619098.922 1123.321 5.6754 0 0 0 0.0049946 -117.354284 13.1313525 0.0636239 0.0459644 
1150000 1150 1000.0 631266.568 1140.397 5.6824 0 0 0 0.0050382 -118.3423295 26.6558006 0.0666042 0.0454422 
1160000 1160 1000.0 643296.308 1151.277 5.6845 0 0 0 0.0049735 -119.6264269 14.9463683 0.0624982 0.0453576 
1170000 1170 1000.0 654463.192 1145.209 5.6898 0 0 0 0.0045153 -120.6828708 8.724621 0.0619097 0.0422622 
1180000 1180 1000.0 666469.887 1155.638 5.6962 0 0 0 0.0047883 -121.6871721 9.6295004 0.0628135 0.0445616 
1190000 1190 1000.0 679336.301 1179.781 5.6925 0 0 0 0.0048028 -122.8587366 13.4609854 0.0625486 0.0443276 
1200000 1200 1000.0 692183.568 1198.919 5.7201 0 0 0 0.0047929 -124.22453 18.2740348 0.0673367 0.0448325 
1210000 1210 1000.0 705071.857 1214.963 5.7115 0 0 0 0.0047993 -125.3093809 14.9341246 0.0635083 0.0443577 
1220000 1220 1000.0 718615.516 1240.422 5.7067 0 0 0 0.0046682 -126.626304 21.7399257 0.0602816 0.0430477 
1230000 1230 1000.0 732114.488 1260.31 5.6972 0 0 0 0.0048457 -127.8520988 17.5545518 0.0627229 0.0442321 
1240000 1240 1000.0 745326.228 1271.789 5.6899 0 0 0 0.0046921 -128.9304835 16.5918128 0.065268 0.0438023 
1250000 1250 1000.0 759322.179 1295.07 5.6859 0 0 0 0.0049152 -129.9822172 9.8059066 0.0681257 0.0460737 
1260000 1260 1000.0 772627.375 1301.262 5.6901 0 0 0 0.0048587 -130.813897 20.6566532 0.0685506 0.0456221 
1270000 1270 1000.0 785927.758 1305.908 5.6748 0 0 0 0.0050699 -132.107284 34.2154438 0.0650179 0.0455428 
1280000 1280 1000.0 799520.521 1315.788 5.6606 0 0 0 0.004698 -133.3174112 14.8104829 0.0669746 0.0442101 
1290000 1290 1000.0 812838.371 1318.362 5.647 0 0 0 0.0047171 -134.1526185 18.0940875 0.0647164 0.0436191 
1300000 1300 1000.0 826086.97 1319.982 5.6479 0 0 0 0.0045468 -135.4352133 12.502868 0.0642782 0.042391 
1310000 1310 1000.0 839668.59 1326.952 5.6456 0 0 0 0.0044749 -136.7665425 7.735754 0.0620158 0.0418776 
1320000 1320 1000.0 853478.469 1336.848 5.6502 0 0 0 0.0047326 -137.8027474 23.8469378 0.0618649 0.0428939 
1330000 1330 1000.0 865975.464 1320.704 5.6469 0 0 0 0.0044706 -138.8930917 12.3452137 0.0606282 0.0408803 
1340000 1340 1000.0 878318.461 1304.884 5.6422 0 0 0 0.0047321 -139.2115171 25.3019407 0.066079 0.0440025 
1350000 1350 1000.0 890094.15 1281.89 5.6437 0 0 0 0.0044752 -140.1782401 14.6676619 0.0665226 0.0424154 
1360000 1360 1000.0 902573.808 1275.976 5.643 0 0 0 0.0047737 -141.0863972 26.6927543 0.065327 0.0437105 
1370000 1370 1000.0 916189.761 1291.4 5.6672 0 0 0 0.0050009 -141.9887266 32.3441702 0.0656595 0.0458787 
1380000 1380 1000.0 929739.39 1302.803 5.676 0 0 0 0.0048297 -143.0667261 27.8837172 0.0689264 0.043908 
1390000 1390 1000.0 943023.936 1307.451 5.6941 0 0 0 0.0046729 -143.8503815 26.795657 0.0666845 0.043122 
1400000 1400 1000.0 956555.536 1315.85 5.6819 0 0 0 0.0046468 -145.0579038 15.3830287 0.0682369 0.0432199 
1410000 1410 1000.0 970097.935 1323.017 5.6928 0 0 0 0.0046194 -145.9451333 13.2142361 0.0677672 0.0430997 
1420000 1420 1000.0 984626.316 1346.599 5.6932 0 0 0 0.0045488 -146.6062003 12.4851345 0.0686378 0.0427658 
1430000 1430 1000.0 997393.534 1334.701 5.7044 0 0 0 0.0048816 -147.2106663 30.1637212 0.066702 0.0447414 
1440000 1440 1000.0 1010985.66 1338.979 5.7068 0 0 0 0.004584 -148.1619874 27.9280624 0.0695897 0.0429735 
1450000 1450 1000.0 1025033.437 1351.194 5.7229 0 0 0 0.0047666 -148.9801079 16.1269793 0.0635858 0.0442571 
1460000 1460 1000.0 1036416.318 1308.908 5.7428 0 0 0 0.0047542 -149.8742479 24.3595955 0.0634882 0.0435731 
1470000 1470 1000.0 1045811.137 1241.303 5.7359 0 0 0 0.0045462 -150.4706781 12.918337 0.0623858 0.0426553 
1480000 1480 1000.0 1053148.021 1148.149 5.731 0 0 0 0.0046518 -150.553676 22.5967747 0.0648891 0.0430292 
1490000 1490 1000.0 1064092.785 1139.274 5.7259 0 0 0 0.0047927 -151.3418514 21.7413325 0.0619074 0.0441129 
1500000 1500 1000.0 1074817.603 1126.974 5.7308 0 0 0 0.0046682 -152.0717068 22.5205882 0.0615481 0.0428829 
1510000 1510 1000.0 1088346.858 1166.857 5.7268 0 0 0 0.0048618 -153.0201202 32.7029542 0.0632731 0.0438053 
1520000 1520 1000.0 1102800.133 1218.053 5.7289 0 0 0 0.004808 -154.3917791 38.8452203 0.0642263 0.0440481 
1530000 1530 1000.0 1116829.917 1250.935 5.739 0 0 0 0.005093 -155.2621242 25.1008184 0.0628199 0.0455848 
1540000 1540 1000.0 1130488.304 1272.358 5.7455 0 0 0 0.0049054 -155.8419508 32.1167924 0.0602988 0.0435414 
1550000 1550 1000.0 1144818.687 1301.43 5.7537 0 0 0 0.0048351 -156.7464189 25.8887706 0.056813 0.0439773 
1560000 1560 1000.0 1160061.581 1342.123 5.7672 0 0 0 0.0048934 -157.8870463 12.9357386 0.0552616 0.0449496 
1570000 1570 1000.0 1175972.107 1387.495 5.773 0 0 0 0.0047827 -158.8237835 24.0473287 0.0563196 0.0438676 
1580000 1580 1000.0 1191636.946 1420.079 5.7785 0 0 0 0.0050043 -159.5612038 35.6735504 0.0549237 0.0446267 
1590000 1590 1000.0 1207169.628 1444.566 5.777 0 0 0 0.004996 -160.9282522 33.5429376 0.0550882 0.0444022 
1600000 1600 1000.0 1221080.136 1436.177 5.7791 0 0 0 0.005068 -162.4421835 40.6035696 0.054028 0.0451433 
1610000 1610 1000.0 1232846.461 1389.675 5.8024 0 0 0 0.0057707 -162.329489 28.5784496 0.0559329 0.049346 
1620000 1620 1000.0 1247994.716 1412.502 5.8056 0 0 0 0.0049518 -163.4323472 30.129099 0.0550895 0.0442126 
1630000 1630 1000.0 1263264.263 1433.324 5.7944 0 0 0 0.0050252 -165.2454866 22.1497096 0.0544384 0.045676 
1640000 1640 1000.0 1278533.419 1450.881 5.7686 0 0 0 0.0053155 -165.7936795 18.7862853 0.0539422 0.0451298 
1650000 1650 1000.0 1294509.617 1477.963 5.7653 0 0 0 0.005325 -166.7865254 27.7085335 0.0551001 0.0486217 
1660000 1660 1000.0 1310385.251 1498.115 5.7498 0 0 0 0.0053389 -168.3816506 36.6512891 0.0526918 0.0472392 
1670000 1670 1000.0 1326679.377 1522.353 5.7403 0 0 0 0.0053432 -169.649976 12.7172588 0.0521357 0.0473568 
1680000 1680 1000.0 1341891.491 1522.453 5.7343 0 0 0 0.0051922 -170.9239458 48.3521233 0.0511681 0.0454619 
1690000 1690 1000.0 1358100.859 1540.356 5.7286 0 0 0 0.0051153 -172.3031225 28.3989152 0.0517438 0.0457348 
1700000 1700 1000.0 1374466.161 1558.224 5.7207 0 0 0 0.0053286 -173.2116672 25.7897402 0.0504606 0.0456172 
1710000 1710 1000.0 1391419.783 1583.562 5.7157 0 0 0 0.005253 -174.267739 27.4704605 0.0505603 0.0463586 
1720000 1720 1000.0 1406195.567 1563.325 5.7088 0 0 0 0.0051109 -174.9710336 26.8757472 0.0503757 0.0458305 
1730000 1730 1000.0 1422382.108 1573.406 5.7121 0 0 0 0.0051154 -175.4823104 27.7511585 0.0511072 0.0451633 
1740000 1740 1000.0 1439088.791 1591.155 5.7292 0 0 0 0.0050729 -176.7077842 23.7928445 0.0501352 0.0450608 
1750000 1750 1000.0 1455387.142 1598.062 5.7413 0 0 0 0.0048874 -177.4687675 23.7907812 0.0497814 0.0445627 
1760000 1760 1000.0 1470749.627 1587.015 5.7518 0 0 0 0.0050576 -177.8575164 29.715024 0.0484111 0.0453167 
1770000 1770 1000.0 1487543.442 1603.996 5.7574 0 0 0 0.0048691 -178.5773606 28.2935291 0.0488081 0.044003 
1780000 1780 1000.0 1503912.613 1610.256 5.7539 0 0 0 0.0048333 -179.1504708 24.9288644 0.0498114 0.043589 
1790000 1790 1000.0 1520422.286 1617.291 5.7403 0 0 0 0.004853 -179.930173 26.8605765 0.0483549 0.0437528 
1800000 1800 1000.0 1537062.874 1625.849 5.7384 0 0 0 0.004925 -180.4881897 42.9711802 0.0492276 0.0437767 
1810000 1810 1000.0 1554512.799 1648.018 5.7381 0 0 0 0.0049086 -182.1393592 42.9379459 0.0480657 0.0436652 
1820000 1820 1000.0 1570678.015 1639.79 5.7159 0 0 0 0.0047115 -182.5258945 65.6811671 0.0509039 0.0420392 
1830000 1830 1000.0 1585989.897 1621.143 5.7043 0 0 0 0.0045881 -183.0319804 36.3032252 0.0504219 0.0419195 
1840000 1840 1000.0 1602758.556 1631.156 5.7029 0 0 0 0.0047559 -183.9800424 35.2000355 0.0498627 0.0417369 
1850000 1850 1000.0 1620002.637 1648.076 5.6835 0 0 0 0.0045239 -184.3442275 21.993313 0.0502692 0.0414226 
1860000 1860 1000.0 1636941.258 1657.263 5.6631 0 0 0 0.004426 -185.2187652 13.8163321 0.0513263 0.0406378 
1870000 1870 1000.0 1654565.502 1675.709 5.6459 0 0 0 0.0045917 -185.6051363 29.7560614 0.05133 0.0408156 
1880000 1880 1000.0 1671822.086 1685.346 5.6471 0 0 0 0.0044678 -186.2866056 48.8593946 0.051319 0.0402949 
1890000 1890 1000.0 1689222.078 1694.648 5.6352 0 0 0 0.0046123 -187.0080837 53.2735709 0.0518374 0.0415811 
1900000 1900 1000.0 1706794.936 1706.197 5.6733 0 0 0 0.004331 -187.6580395 21.3317001 0.0519057 0.0403269 
1910000 1910 1000.0 1725143.37 1730.023 5.6598 0 0 0 0.0047975 -188.2941877 45.6753746 0.0511171 0.0427484 
1920000 1920 1000.0 1743486.003 1748.96 5.6446 0 0 0 0.0048789 -189.5673876 36.3491875 0.051314 0.0436206 
1930000 1930 1000.0 1761783.702 1764.069 5.6615 0 0 0 0.0044288 -190.4183006 21.8341058 0.0487971 0.040381 
1940000 1940 1000.0 1779828.461 1771.073 5.6663 0 0 0 0.0048791 -190.6140857 71.9268521 0.0505842 0.0433266 
1950000 1950 1000.0 1797487.267 1769.878 5.6811 0 0 0 0.0045894 -191.3408242 35.540511 0.0507913 0.0413532 
1960000 1960 1000.0 1816027.128 1785.026 5.6767 0 0 0 0.0047608 -192.4676772 38.4220826 0.0480648 0.0422228 
1970000 1970 1000.0 1835194.046 1808.937 5.6605 0 0 0 0.004416 -193.416582 22.3988044 0.0479871 0.0400741 
1980000 1980 1000.0 1854267.898 1827.15 5.6445 0 0 0 0.0047927 -194.0648123 55.6266317 0.0488276 0.0416617 
1990000 1990 1000.0 1870788.395 1796.362 5.6341 0 0 0 0.0045479 -194.3591907 41.2608754 0.0494201 0.0397365 
2000000 2000 1000.0 1889182.185 1804.027 5.6128 0 0 0 0.0048011 -195.040605 40.0912152 0.0490875 0.041806 
2010000 2010 1000.0 1907211.287 1803.599 5.6096 0 0 0 0.0045726 -195.7462967 35.1903097 0.0491146 0.0402488 
2020000 2020 1000.0 1925246.841 1803.514 5.5858 0 0 0 0.0047184 -196.37274 45.3338469 0.0504281 0.0419374 
2030000 2030 1000.0 1943087.884 1800.143 5.5655 0 0 0 0.0044874 -197.4192317 32.0100061 0.0500762 0.0411481 
2040000 2040 1000.0 1961622.901 1809.945 5.5772 0 0 0 0.004829 -197.9462204 33.4919747 0.0506843 0.0424714 
2050000 2050 1000.0 1979701.417 1809.858 5.5744 0 0 0 0.0046972 -198.4827632 36.9963891 0.049691 0.041345 
2060000 2060 1000.0 1997792.268 1809.74 5.5697 0 0 0 0.0046545 -199.122384 25.0880488 0.0493841 0.0410531 
2070000 2070 1000.0 2016714.829 1824.924 5.5664 0 0 0 0.0040805 -199.6874204 22.6495605 0.0483774 0.0374642 
2080000 2080 1000.0 2035319.784 1831.739 5.5754 0 0 0 0.0045376 -200.1174548 33.1683441 0.0499198 0.0400836 
2090000 2090 1000.0 2053863.399 1836.055 5.5765 0 0 0 0.0044264 -200.6788224 39.7938117 0.0490075 0.0392561 
2100000 2100 1000.0 2072939.697 1849.569 5.5915 0 0 0 0.0044059 -201.532304 36.1859088 0.047371 0.0392186 
2110000 2110 1000.0 2090460.094 1829.408 5.61 0 0 0 0.0045438 -201.7632148 49.2937674 0.0490711 0.0388512 
2120000 2120 1000.0 2109139.899 1836.305 5.6261 0 0 0 0.0045158 -202.1110208 43.2064098 0.0486989 0.0405206 
2130000 2130 1000.0 2128131.127 1847.492 5.6196 0 0 0 0.0040965 -202.5611905 36.2606457 0.04874 0.0373585 
2140000 2140 1000.0 2146492.419 1845.516 5.614 0 0 0 0.0044213 -203.2754153 66.7607953 0.0476219 0.0387404 
2150000 2150 1000.0 2164481.607 1837.375 5.6203 0 0 0 0.0040005 -203.9554031 18.6003911 0.0492551 0.0363549 
2160000 2160 1000.0 2182319.029 1827.192 5.6233 0 0 0 0.0042837 -204.4822667 41.369609 0.0503457 0.0385203 
2170000 2170 1000.0 2200167.365 1819.261 5.6228 0 0 0 0.0038276 -204.5182459 34.4032328 0.0492546 0.035142 
2180000 2180 1000.0 2217900.068 1810.766 5.6264 0 0 0 0.0040688 -204.9776574 28.4151666 0.0487906 0.0372027 
2190000 2190 1000.0 2235454.519 1801.035 5.6288 0 0 0 0.0041275 -205.540847 59.539031 0.0507723 0.0376985 
2200000 2200 1000.0 2253860.592 1808.382 5.623 0 0 0 0.004147 -206.3359029 36.7015508 0.049252 0.0370536 
2210000 2210 1000.0 2272229.394 1813.204 5.6139 0 0 0 0.004278 -206.336232 27.0565532 0.0492353 0.0371965 
2220000 2220 1000.0 2290599.568 1817.722 5.6158 0 0 0 0.0038189 -206.9184396 30.765803 0.0502022 0.0338335 
2230000 2230 1000.0 2308959.392 1820.993 5.6199 0 0 0 0.0041242 -207.1805785 57.139811 0.0488526 0.036841 
2240000 2240 1000.0 2327122.703 1819.869 5.6258 0 0 0 0.0043056 -207.3521146 56.6586069 0.0493272 0.0365213 
2250000 2250 1000.0 2344928.946 1812.316 5.6327 0 0 0 0.00407 -207.7691203 79.8916555 0.0479526 0.0354738 
2260000 2260 1000.0 2363846.879 1827.095 5.6432 0 0 0 0.0037543 -208.5555585 22.035116 0.0485996 0.0346393 
2270000 2270 1000.0 2383191.383 1846.677 5.641 0 0 0 0.0039476 -208.9274246 32.506488 0.0476729 0.0362103 
2280000 2280 1000.0 2402947.714 1870.563 5.6447 0 0 0 0.0038595 -209.5420797 35.39083 0.0479885 0.0336867 
2290000 2290 1000.0 2422886.538 1892.953 5.647 0 0 0 0.0040577 -209.7874979 51.1619232 0.0467837 0.0355081 
2300000 2300 1000.0 2442489.87 1905.166 5.6581 0 0 0 0.0040625 -210.0726095 65.5983088 0.046735 0.0354623 
2310000 2310 1000.0 2461931.822 1912.127 5.6563 0 0 0 0.0036154 -210.6198032 23.6057895 0.0474918 0.0323317 
2320000 2320 1000.0 2481970.936 1929.009 5.6451 0 0 0 0.0039198 -211.153643 57.8536474 0.0467362 0.0342597 
2330000 2330 1000.0 2501671.602 1936.827 5.6369 0 0 0 0.0041269 -211.3122967 46.1215209 0.0480777 0.0351649 
2340000 2340 1000.0 2521028.069 1936.237 5.6415 0 0 0 0.0039448 -212.2761505 20.8755684 0.0487356 0.0357788 
2350000 2350 1000.0 2540348.169 1935.461 5.6392 0 0 0 0.0039075 -212.4593406 71.6514596 0.048132 0.0337146 
2360000 2360 1000.0 2559304.462 1927.993 5.6248 0 0 0 0.0037553 -212.6612869 48.0101515 0.0485306 0.0340229 
2370000 2370 1000.0 2577990.577 1917.408 5.6177 0 0 0 0.0036032 -213.0944178 39.1294331 0.0477306 0.0325647 
2380000 2380 1000.0 2596360.791 1902.473 5.6131 0 0 0 0.0037078 -213.5878097 36.6928579 0.0496406 0.0323309 
2390000 2390 1000.0 2614662.734 1889.04 5.6212 0 0 0 0.0037028 -214.2596239 32.3933602 0.0485033 0.0323161 
2400000 2400 1000.0 2634122.235 1899.134 5.6175 0 0 0 0.0039312 -214.3152409 85.4916905 0.0489853 0.0331492 
2410000 2410 1000.0 2653207.394 1900.831 5.6361 0 0 0 0.0034843 -215.1732763 31.6526532 0.0507046 0.0314698 
2420000 2420 1000.0 2672572.279 1907.401 5.6318 0 0 0 0.0036744 -215.4118552 62.112857 0.0500393 0.0320825 
2430000 2430 1000.0 2691635.613 1907.376 5.62 0 0 0 0.0041317 -216.1807452 36.8634106 0.0487921 0.0334943 
2440000 2440 1000.0 2711074.423 1914.152 5.6144 0 0 0 0.0039756 -216.4905328 47.1208289 0.0489421 0.0343329 
2450000 2450 1000.0 2730834.945 1926.226 5.6071 0 0 0 0.0040023 -216.8874154 62.9625602 0.0464539 0.0340277 
2460000 2460 1000.0 2750157.05 1927.233 5.6096 0 0 0 0.0040424 -217.2528494 92.1628776 0.0469736 0.0341361 
2470000 2470 1000.0 2769854.131 1935.097 5.6311 0 0 0 0.0036969 -217.8740789 41.3228793 0.0478095 0.0328131 
2480000 2480 1000.0 2789083.965 1932.962 5.6418 0 0 0 0.0035789 -218.2028607 23.6290881 0.0477455 0.0318975 
2490000 2490 1000.0 2808129.072 1928.03 5.65 0 0 0 0.0038766 -218.131114 54.7881617 0.0480387 0.0333654 
2500000 2500 1000.0 2827918.1 1937.688 5.642 0 0 0 0.0039439 -218.7303907 47.4454216 0.0489404 0.0342305 
2510000 2510 1000.0 2847182.852 1935.354 5.6476 0 0 0 0.0037722 -219.4322942 16.435739 0.0497034 0.0337653 
2520000 2520 1000.0 2866972.779 1943.043 5.6535 0 0 0 0.0038736 -219.4134453 41.1805944 0.0486724 0.0329237 
2530000 2530 1000.0 2885689.852 1930.003 5.6366 0 0 0 0.0038531 -219.8726356 44.3607557 0.0475872 0.033421 
2540000 2540 1000.0 2905109.677 1931.902 5.6166 0 0 0 0.0041196 -220.3319144 26.4925115 0.0482435 0.0349232 
2550000 2550 1000.0 2924528.77 1933.834 5.5967 0 0 0 0.0040936 -220.7457645 60.3327539 0.04797 0.0346133 
2560000 2560 1000.0 2943935.736 1934.908 5.6062 0 0 0 0.0038805 -220.9037303 39.8963643 0.0479779 0.0340309 
2570000 2570 1000.0 2962967.102 1928.921 5.6003 0 0 0 0.0040194 -221.5884986 17.8605014 0.0501525 0.035543 
2580000 2580 1000.0 2982274.272 1928.829 5.5944 0 0 0 0.0041256 -221.6984931 42.8409657 0.0489713 0.0355007 
2590000 2590 1000.0 3001736.315 1932.227 5.6055 0 0 0 0.0040658 -221.7255908 62.9052584 0.0473915 0.0338887 
2600000 2600 1000.0 3020398.944 1919.951 5.6105 0 0 0 0.0043086 -222.3639274 64.573379 0.0487303 0.0360689 
2610000 2610 1000.0 3038935.775 1907.291 5.629 0 0 0 0.0046646 -222.1747811 93.1607572 0.0488058 0.037129 
2620000 2620 1000.0 3058187.162 1910.273 5.6221 0 0 0 0.0040299 -222.7104948 46.0112416 0.0506437 0.0354254 
2630000 2630 1000.0 3076989.838 1904.819 5.6387 0 0 0 0.0041478 -222.8698266 38.0408558 0.0506434 0.0360703 
2640000 2640 1000.0 3096159.308 1906.881 5.6418 0 0 0 0.0041533 -223.392209 31.5735938 0.0501501 0.034953 
2650000 2650 1000.0 3115088.769 1903.861 5.6428 0 0 0 0.0038606 -223.7442221 28.3062021 0.0514973 0.0345856 
2660000 2660 1000.0 3134989.2 1919.505 5.6433 0 0 0 0.0040841 -223.8060674 29.124274 0.0498043 0.0353236 
2670000 2670 1000.0 3154634.287 1927.967 5.6507 0 0 0 0.0038611 -224.0336592 43.4542614 0.051416 0.034451 
2680000 2680 1000.0 3174589.494 1940.259 5.6564 0 0 0 0.0035723 -224.5841682 15.3788515 0.0501381 0.0329473 
2690000 2690 1000.0 3194406.141 1948.114 5.6648 0 0 0 0.0038418 -224.8836695 25.1213059 0.0506441 0.034486 
2700000 2700 1000.0 3214064.105 1951.297 5.7003 0 0 0 0.0041761 -224.976188 78.6895732 0.0510949 0.0353028 
2710000 2710 1000.0 3234089.345 1960.75 5.7008 0 0 0 0.0039117 -225.2058331 46.6683708 0.0504302 0.0350209 
2720000 2720 1000.0 3254387.256 1973.202 5.6943 0 0 0 0.0041218 -225.4983336 23.6581226 0.0500308 0.0361429 
2730000 2730 1000.0 3271476.959 1927.383 5.696 0 0 0 0.0042348 -224.9920979 45.4348924 0.0504456 0.0362965 
2740000 2740 1000.0 3291537.432 1941.796 5.6891 0 0 0 0.0046001 -225.2331745 66.2159252 0.0503488 0.0365139 
2750000 2750 1000.0 3311432.061 1950.661 5.6822 0 0 0 0.0038927 -225.3930938 26.1047007 0.0514743 0.0343021 
2760000 2760 1000.0 3331673.068 1963.96 5.6821 0 0 0 0.0042051 -225.8625514 10.9668722 0.05039 0.0350742 
2770000 2770 1000.0 3351603.475 1969.1 5.671 0 0 0 0.0039177 -226.033332 19.1869745 0.0511857 0.036011 
2780000 2780 1000.0 3372008.058 1982.106 5.6679 0 0 0 0.0043566 -226.4377034 76.9867363 0.050925 0.0357169 
2790000 2790 1000.0 3391966.377 1985.097 5.6474 0 0 0 0.0042207 -226.5163737 47.1563491 0.0509602 0.0363476 
2800000 2800 1000.0 3412453.326 1996.937 5.6433 0 0 0 0.0038492 -227.1074478 39.6900653 0.0488844 0.0345937 
2810000 2810 1000.0 3432774.021 2003.252 5.6308 0 0 0 0.0040632 -227.0576298 56.7108435 0.0498998 0.0359334 
2820000 2820 1000.0 3453155.584 2009.572 5.6522 0 0 0 0.0039175 -227.4603672 40.6686333 0.0491144 0.0335259 
2830000 2830 1000.0 3473245.897 2009.214 5.6266 0 0 0 0.0040521 -227.7970943 46.1428182 0.0488631 0.0342473 
2840000 2840 1000.0 3493942.47 2020.321 5.6062 0 0 0 0.0040982 -228.0746576 60.5947833 0.050503 0.0357504 
2850000 2850 1000.0 3514504.914 2026.898 5.6053 0 0 0 0.0039391 -228.5451486 57.1556253 0.0495387 0.0356715 
2860000 2860 1000.0 3535037.088 2031.225 5.5958 0 0 0 0.0040452 -228.7504476 52.5763296 0.0485385 0.034346 
2870000 2870 1000.0 3554616.568 2018.167 5.6022 0 0 0 0.003824 -228.9697443 44.6674868 0.0502349 0.0336134 
2880000 2880 1000.0 3574886.874 2019.767 5.6137 0 0 0 0.0038468 -228.9984033 38.6742454 0.0493949 0.0343772 
2890000 2890 1000.0 3595003.99 2018.377 5.6245 0 0 0 0.0038666 -229.5929488 36.1437528 0.0497248 0.0340371 
2900000 2900 1000.0 3614688.268 2008.93 5.6336 0 0 0 0.0041792 -229.5685799 63.2714391 0.0501014 0.0340544 
2910000 2910 1000.0 3634455.993 2003.307 5.6156 0 0 0 0.0042035 -229.5888823 74.8820509 0.0496436 0.0351926 
2920000 2920 1000.0 3654529.428 2003.643 5.6211 0 0 0 0.0039877 -229.9509599 63.1020035 0.0503944 0.0344685 
2930000 2930 1000.0 3675343.672 2017.803 5.6305 0 0 0 0.0041205 -230.6643582 98.4775954 0.0489403 0.0356654 
2940000 2940 1000.0 3695747.601 2022.273 5.635 0 0 0 0.0042412 -231.0572093 79.1893419 0.0490953 0.0347926 
2950000 2950 1000.0 3716126.011 2025.534 5.6323 0 0 0 0.0037736 -231.044618 63.0729858 0.0506765 0.0330193 
2960000 2960 1000.0 3736066.378 2020.367 5.6238 0 0 0 0.0039765 -231.4171878 61.8539925 0.049928 0.0351915 
2970000 2970 1000.0 3755808.549 2011.542 5.6138 0 0 0 0.0036392 -231.6497664 26.4565516 0.0493857 0.0321389 
2980000 2980 1000.0 3775821.763 2009.7 5.5988 0 0 0 0.0037678 -232.079835 23.4840845 0.0498715 0.0334257 
2990000 2990 1000.0 3795142.963 1995.597 5.5835 0 0 0 0.0042988 -231.776962 91.7067578 0.0511903 0.0359583 
3000000 3000 1000.0 3814643.315 1987.164 5.5721 0 0 0 0.0034829 -232.1985442 45.5053263 0.0544955 0.0309833 
3010000 3010 1000.0 3833904.481 1976.593 5.5774 0 0 0 0.0042034 -231.9162364 87.7069674 0.0524733 0.0358641 
3020000 3020 1000.0 3853625.743 1975.344 5.5756 0 0 0 0.0041846 -232.1492578 65.6275872 0.0514868 0.0362859 
3030000 3030 1000.0 3873315.731 1974.319 5.5847 0 0 0 0.0039093 -232.5040102 44.29968 0.0509786 0.0341194 
3040000 3040 1000.0 3893153.474 1975.716 5.605 0 0 0 0.003943 -232.542431 52.0626839 0.0498203 0.0352273 
3050000 3050 1000.0 3912345.167 1965.611 5.6085 0 0 0 0.0037464 -232.485818 80.8152056 0.0507339 0.0331741 
3060000 3060 1000.0 3931722.608 1960.326 5.604 0 0 0 0.0038421 -232.3191973 49.8533256 0.0505033 0.034177 
3070000 3070 1000.0 3951116.89 1957.035 5.6018 0 0 0 0.003882 -232.6123044 65.2070559 0.0503485 0.0337054 
3080000 3080 1000.0 3969736.59 1939.874 5.5938 0 0 0 0.003859 -232.2231421 33.0127785 0.0500435 0.0342399 
3090000 3090 1000.0 3988818.46 1934.187 5.5922 0 0 0 0.0041482 -232.2626622 51.332863 0.0508694 0.0357199 
3100000 3100 1000.0 4007654.873 1925.095 5.6073 0 0 0 0.0035818 -232.5562702 40.5438924 0.0505507 0.031722 
3110000 3110 1000.0 4027099.807 1928.369 5.6159 0 0 0 0.004263 -232.2832849 113.8010016 0.0492579 0.03567 
3120000 3120 1000.0 4046540.59 1930.857 5.6092 0 0 0 0.0042879 -232.5399597 67.5305292 0.0514466 0.0367785 
3130000 3130 1000.0 4066007.067 1933.805 5.6067 0 0 0 0.0037345 -232.4849934 50.0207825 0.0491952 0.03382 
3140000 3140 1000.0 4085669.517 1939.901 5.6063 0 0 0 0.0040618 -232.4059872 58.43589 0.0498749 0.0354958 
3150000 3150 1000.0 4105465.573 1946.812 5.6076 0 0 0 0.0040056 -232.4372251 41.1339732 0.0506049 0.035143 
3160000 3160 1000.0 4125192.747 1950.781 5.6048 0 0 0 0.0045573 -232.6831887 81.8627562 0.0502835 0.0366564 
3170000 3170 1000.0 4144446.916 1945.63 5.6149 0 0 0 0.003428 -232.5940649 37.1727186 0.0494481 0.0309781 
3180000 3180 1000.0 4164130.964 1950.468 5.6117 0 0 0 0.0037422 -232.4604569 19.9141792 0.0496771 0.0337921 
3190000 3190 1000.0 4184055.373 1958.236 5.6085 0 0 0 0.004104 -232.5533537 53.2575877 0.0475959 0.0356614 
3200000 3200 1000.0 4204020.49 1965.132 5.6499 0 0 0 0.0038451 -232.498983 67.7488056 0.0486603 0.0329117 
3210000 3210 1000.0 4223803.808 1967.944 5.6703 0 0 0 0.0038332 -232.9195595 55.8865036 0.0482964 0.0333373 
3220000 3220 1000.0 4243369.705 1966.212 5.6571 0 0 0 0.0038001 -232.69389 73.5275372 0.0478504 0.0333676 
3230000 3230 1000.0 4263269.34 1971.013 5.6564 0 0 0 0.0037997 -232.8044401 58.121029 0.0489735 0.0331693 
3240000 3240 1000.0 4282666.295 1964.564 5.6412 0 0 0 0.0039185 -232.6444731 98.8805511 0.0491469 0.0337081 
3250000 3250 1000.0 4301782.688 1954.63 5.6288 0 0 0 0.0042944 -233.2363654 56.8829203 0.0491086 0.0346529 
3260000 3260 1000.0 4320450.831 1938.539 5.6215 0 0 0 0.0032102 -233.2535207 11.6086331 0.0483209 0.0295731 
3270000 3270 1000.0 4340461.694 1949.869 5.6158 0 0 0 0.0034971 -233.4048608 40.5598941 0.0501752 0.0309528 
3280000 3280 1000.0 4359474.361 1941.187 5.6082 0 0 0 0.0036411 -233.1347695 79.768137 0.0493852 0.0323013 
3290000 3290 1000.0 4378764.492 1938.966 5.6365 0 0 0 0.0040065 -233.7361013 47.8855711 0.0496223 0.0338829 
3300000 3300 1000.0 4398380.676 1943.106 5.6692 0 0 0 0.0038571 -233.3738304 85.3939422 0.049674 0.0332959 
3310000 3310 1000.0 4418012.592 1947.087 5.7041 0 0 0 0.0035629 -233.7159172 55.1169765 0.0489623 0.0318634 
3320000 3320 1000.0 4437680.467 1950.721 5.7124 0 0 0 0.0035505 -234.1419783 31.1808621 0.0494221 0.0321234 
3330000 3330 1000.0 4457212.497 1951.16 5.707 0 0 0 0.0038223 -234.0288639 23.7088617 0.0493046 0.0327539 
3340000 3340 1000.0 4475766.592 1933.452 5.7054 0 0 0 0.0037462 -234.2197322 27.9509684 0.0472401 0.0318834 
3350000 3350 1000.0 4494950.254 1930.692 5.6982 0 0 0 0.0037668 -233.8868216 43.1662437 0.0493669 0.0331919 
3360000 3360 1000.0 4515092.132 1945.826 5.6928 0 0 0 0.003616 -234.1935993 41.5313227 0.0500966 0.0325046 
3370000 3370 1000.0 4534801.767 1950.594 5.6781 0 0 0 0.0039258 -234.5835484 46.8134387 0.0498514 0.0336725 
3380000 3380 1000.0 4554167.149 1948.057 5.6845 0 0 0 0.0036294 -234.4636026 32.1553491 0.0484883 0.0318801 
3390000 3390 1000.0 4573319.34 1942.158 5.6789 0 0 0 0.0036403 -234.5209296 37.2148747 0.047929 0.0325886 
3400000 3400 1000.0 4592272.745 1934.293 5.6835 0 0 0 0.0037624 -234.4216947 50.3921717 0.0484057 0.0321094 
3410000 3410 1000.0 4611173.0 1926.672 5.6588 0 0 0 0.0036366 -234.3283375 45.0076998 0.0485035 0.0326037 
3420000 3420 1000.0 4629133.805 1900.414 5.644 0 0 0 0.0040394 -233.8542555 65.8623189 0.0492751 0.0358066 
3430000 3430 1000.0 4649094.586 1918.383 5.6456 0 0 0 0.0042978 -233.765257 84.5500549 0.0494902 0.03537 
3440000 3440 1000.0 4667929.057 1912.266 5.6607 0 0 0 0.0043448 -233.4976487 53.8747587 0.0506935 0.0357082 
3450000 3450 1000.0 4687602.081 1922.397 5.6591 0 0 0 0.004205 -233.3497273 65.300269 0.0514437 0.0357239 
3460000 3460 1000.0 4705938.414 1904.86 5.6549 0 0 0 0.0037614 -233.1931943 60.1520049 0.0501897 0.0334617 
3470000 3470 1000.0 4724711.775 1900.986 5.6476 0 0 0 0.0039866 -233.3594952 68.6591479 0.0480851 0.0347103 
3480000 3480 1000.0 4745070.555 1925.858 5.6429 0 0 0 0.0040131 -233.5832554 43.2729845 0.0507139 0.0341534 
3490000 3490 1000.0 4765833.448 1953.336 5.6456 0 0 0 0.004432 -233.2684086 37.6876604 0.0498541 0.0364301 
3500000 3500 1000.0 4786526.589 1974.553 5.6334 0 0 0 0.0038611 -233.7755624 37.6820738 0.048967 0.0338739 
3510000 3510 1000.0 4806941.309 1986.698 5.6207 0 0 0 0.0040888 -233.5627269 53.9711525 0.0492631 0.0357805 
3520000 3520 1000.0 4827754.138 2003.985 5.6087 0 0 0 0.003917 -233.6538426 37.5915501 0.0478499 0.0333212 
3530000 3530 1000.0 4848151.24 2010.374 5.5987 0 0 0 0.0039873 -233.7586143 66.4445224 0.0481364 0.0344168 
3540000 3540 1000.0 4868288.081 2010.987 5.616 0 0 0 0.0038752 -234.0814887 60.405801 0.0468269 0.034012 
3550000 3550 1000.0 4888343.08 2009.918 5.6235 0 0 0 0.0048679 -233.9295375 97.7538414 0.048639 0.0392732 
3560000 3560 1000.0 4908020.35 2002.291 5.6302 0 0 0 0.0041032 -233.962196 55.6069745 0.0487368 0.0354949 
3570000 3570 1000.0 4928560.601 2012.077 5.6341 0 0 0 0.0038642 -233.6837314 59.0109061 0.048355 0.0334598 
3580000 3580 1000.0 4949120.251 2019.772 5.6233 0 0 0 0.0038825 -234.3568045 42.5757317 0.0495108 0.0344866 
3590000 3590 1000.0 4969443.608 2022.141 5.6221 0 0 0 0.0039794 -234.3764019 61.4397983 0.048072 0.035181 
3600000 3600 1000.0 4989674.828 2021.885 5.6207 0 0 0 0.0040696 -234.4668866 63.7977271 0.0482502 0.0353863 
3610000 3610 1000.0 5009630.282 2016.836 5.6174 0 0 0 0.0038741 -234.6928736 72.9337145 0.0475904 0.0343325 
3620000 3620 1000.0 5030113.44 2022.713 5.6328 0 0 0 0.0037738 -235.3278409 34.9260533 0.0479058 0.0319862 
3630000 3630 1000.0 5050635.788 2028.373 5.6548 0 0 0 0.0038418 -235.3813971 46.8093183 0.048613 0.0344457 
3640000 3640 1000.0 5070748.851 2025.007 5.7101 0 0 0 0.0040401 -235.0516203 108.9152599 0.0488513 0.0346958 
3650000 3650 1000.0 5091483.633 2033.969 5.7118 0 0 0 0.004185 -235.5453054 46.6435581 0.0474285 0.0355276 
3660000 3660 1000.0 5111640.267 2030.782 5.7084 0 0 0 0.0040865 -235.5324312 82.4496612 0.0504683 0.0355656 
3670000 3670 1000.0 5132567.378 2042.185 5.6964 0 0 0 0.0037481 -236.1031835 44.6483275 0.0483262 0.0332891 
3680000 3680 1000.0 5153685.776 2054.895 5.7063 0 0 0 0.0037473 -236.5301802 43.1640647 0.0478623 0.0332496 
3690000 3690 1000.0 5175007.13 2068.677 5.6886 0 0 0 0.0040781 -236.2739887 67.0002596 0.0505967 0.0347407 
3700000 3700 1000.0 5193557.466 2033.705 5.6705 0 0 0 0.0039632 -236.13576 100.154014 0.0487339 0.0350517 
3710000 3710 1000.0 5214030.029 2036.051 5.6549 0 0 0 0.0038657 -236.5650537 79.3949591 0.0482254 0.0346144 
3720000 3720 1000.0 5234297.54 2034.357 5.6412 0 0 0 0.0037749 -236.4321173 41.8256352 0.0490376 0.033671 
3730000 3730 1000.0 5254743.549 2036.121 5.6262 0 0 0 0.0038703 -236.4874161 60.7611602 0.0487234 0.0339049 
3740000 3740 1000.0 5275546.2 2044.442 5.6171 0 0 0 0.0043075 -236.5711325 82.1125859 0.0483618 0.0371408 
3750000 3750 1000.0 5295946.957 2043.644 5.6289 0 0 0 0.0038193 -236.9739743 40.4044347 0.0482869 0.0343683 
3760000 3760 1000.0 5316757.065 2050.193 5.6225 0 0 0 0.0037844 -236.8268162 42.3835289 0.048411 0.033961 
3770000 3770 1000.0 5337655.194 2057.384 5.6137 0 0 0 0.0038421 -237.2167055 55.4531426 0.0482967 0.0339496 
3780000 3780 1000.0 5358272.576 2058.116 5.6067 0 0 0 0.0039549 -237.1761474 30.3297489 0.0491739 0.0334987 
3790000 3790 1000.0 5379056.11 2061.978 5.608 0 0 0 0.003945 -237.3790011 79.2643704 0.0490498 0.0348657 
3800000 3800 1000.0 5399588.204 2060.835 5.6426 0 0 0 0.0037129 -237.4106393 55.803205 0.049288 0.0328096 
3810000 3810 1000.0 5419934.472 2056.195 5.6328 0 0 0 0.0036233 -237.7283204 46.2963253 0.0487606 0.0333528 
3820000 3820 1000.0 5440078.078 2048.63 5.6335 0 0 0 0.0042721 -237.8721522 43.9004125 0.047911 0.0345868 
3830000 3830 1000.0 5460254.564 2043.301 5.6294 0 0 0 0.0036647 -237.4541438 58.7408259 0.0485009 0.0333559 
3840000 3840 1000.0 5480045.696 2031.648 5.6236 0 0 0 0.0037055 -238.0096557 31.2353691 0.0481582 0.0336855 
3850000 3850 1000.0 5500443.186 2033.547 5.6147 0 0 0 0.0036577 -237.8319768 41.2457279 0.0477944 0.0327725 
3860000 3860 1000.0 5520694.774 2032.254 5.6022 0 0 0 0.0037143 -238.0757596 41.679552 0.0497643 0.0335434 
3870000 3870 1000.0 5540552.875 2024.089 5.614 0 0 0 0.0037911 -238.0389587 79.4663882 0.0495517 0.0331543 
3880000 3880 1000.0 5560677.867 2022.465 5.6236 0 0 0 0.0043503 -238.152556 77.2965647 0.0512568 0.0362863 
3890000 3890 1000.0 5580875.148 2021.926 5.6309 0 0 0 0.0036219 -238.7425785 27.2513762 0.0502079 0.032486 
3900000 3900 1000.0 5600976.879 2019.77 5.6224 0 0 0 0.003759 -239.0348061 44.5349604 0.0507318 0.0340528 
3910000 3910 1000.0 5620942.595 2015.731 5.6171 0 0 0 0.0038683 -238.9584544 87.1366461 0.0504477 0.0324889 
3920000 3920 1000.0 5641825.372 2028.891 5.6352 0 0 0 0.0040246 -239.1566916 45.5763141 0.0503068 0.0351662 
3930000 3930 1000.0 5662624.367 2038.076 5.634 0 0 0 0.0039782 -239.1574081 69.358716 0.0488686 0.0342938 
3940000 3940 1000.0 5683318.095 2043.383 5.6283 0 0 0 0.0042186 -239.0696442 54.6849507 0.0486528 0.0356898 
3950000 3950 1000.0 5703455.486 2037.684 5.6263 0 0 0 0.0036139 -239.4947281 31.7619809 0.0500676 0.0331999 
3960000 3960 1000.0 5724153.072 2043.488 5.6271 0 0 0 0.0040233 -239.317774 61.5031841 0.0507859 0.034545 
3970000 3970 1000.0 5744974.554 2050.804 5.6285 0 0 0 0.0037513 -239.3787399 39.9012452 0.0497834 0.0336373 
3980000 3980 1000.0 5766247.376 2065.017 5.6157 0 0 0 0.0039649 -239.6015503 35.8630512 0.0498685 0.0348931 
3990000 3990 1000.0 5786589.348 2059.46 5.614 0 0 0 0.0037459 -239.583286 36.0309527 0.0488994 0.033415 
4000000 4000 1000.0 5806812.732 2052.872 5.6098 0 0 0 0.0040951 -239.8282677 64.1445811 0.0509439 0.0351573 
4010000 4010 1000.0 5826862.245 2043.811 5.6029 0 0 0 0.0038602 -239.4676689 82.9380278 0.0498674 0.0338231 
4020000 4020 1000.0 5847533.401 2048.549 5.5962 0 0 0 0.0040493 -239.7297036 52.1179127 0.0494915 0.0349529 
4030000 4030 1000.0 5868202.429 2052.277 5.5885 0 0 0 0.0038867 -239.6776005 49.1230539 0.0491708 0.0340844 
4040000 4040 1000.0 5889389.156 2064.267 5.5794 0 0 0 0.0044861 -239.9062873 85.766825 0.0493966 0.0359707 
4050000 4050 1000.0 5910520.065 2072.801 5.5704 0 0 0 0.0041634 -240.0295707 39.4584247 0.0512187 0.0356164 
4060000 4060 1000.0 5931152.33 2070.692 5.568 0 0 0 0.0035801 -240.0047256 52.7416053 0.0492802 0.0323326 
4070000 4070 1000.0 5951414.899 2062.462 5.5709 0 0 0 0.0032516 -240.7822392 25.1620282 0.0487487 0.030274 
4080000 4080 1000.0 5972269.394 2066.706 5.5688 0 0 0 0.0041922 -240.4722076 86.4599538 0.0504742 0.0344913 
4090000 4090 1000.0 5992777.788 2063.64 5.5846 0 0 0 0.0040998 -240.8601255 54.4014397 0.0502083 0.0360282 
4100000 4100 1000.0 6012412.707 2043.965 5.6326 0 0 0 0.0035375 -240.9513908 30.2443677 0.049969 0.0321083 
4110000 4110 1000.0 6032079.632 2029.344 5.6261 0 0 0 0.0038647 -240.9049787 73.7830658 0.050933 0.0345757 
4120000 4120 1000.0 6051895.427 2020.759 5.6163 0 0 0 0.0039791 -240.7729481 71.832662 0.0491225 0.0344198 
4130000 4130 1000.0 6071622.91 2012.348 5.6142 0 0 0 0.0038403 -240.7147382 85.4032534 0.0486926 0.0337028 
4140000 4140 1000.0 6091542.109 2008.588 5.6201 0 0 0 0.0039867 -240.8910898 87.663828 0.0497788 0.034176 
4150000 4150 1000.0 6111319.077 2002.958 5.6054 0 0 0 0.0037197 -241.2030283 25.1479891 0.0494815 0.0336693 
4160000 4160 1000.0 6131783.101 2010.787 5.6023 0 0 0 0.0038824 -241.04955 38.7414255 0.0493968 0.0343631 
4170000 4170 1000.0 6151495.806 2003.329 5.5958 0 0 0 0.0042687 -241.0326854 111.1936354 0.0497105 0.0350815 
4180000 4180 1000.0 6171360.337 2000.866 5.5892 0 0 0 0.0037703 -241.0167783 20.7606682 0.0490205 0.0339999 
4190000 4190 1000.0 6191457.93 2002.585 5.6118 0 0 0 0.0039078 -241.2695452 37.2384799 0.0499474 0.0342205 
4200000 4200 1000.0 6211427.038 2001.865 5.6111 0 0 0 0.0041121 -240.7600942 61.3716627 0.0485486 0.0353789 
4210000 4210 1000.0 6231451.463 2001.365 5.6052 0 0 0 0.0041008 -240.8882828 67.2662812 0.0506765 0.0355655 
4220000 4220 1000.0 6251164.018 1996.881 5.6024 0 0 0 0.0036643 -240.9338734 42.3479953 0.050021 0.0335848 
4230000 4230 1000.0 6271453.561 2002.435 5.6097 0 0 0 0.0036995 -240.8681235 41.4192962 0.0492767 0.0341706 
4240000 4240 1000.0 6291578.914 2004.02 5.6124 0 0 0 0.0040975 -240.9578887 18.2183714 0.0507827 0.0358706 
4250000 4250 1000.0 6312158.612 2013.987 5.6074 0 0 0 0.004142 -240.7678509 67.5265595 0.0497649 0.0368697 
4260000 4260 1000.0 6333025.675 2027.506 5.6087 0 0 0 0.0040458 -240.9709207 42.8464866 0.0488872 0.036305 
4270000 4270 1000.0 6353763.348 2035.73 5.6007 0 0 0 0.0042719 -240.5448525 93.7375774 0.0493302 0.0374703 
4280000 4280 1000.0 6374413.202 2040.999 5.5907 0 0 0 0.003961 -240.8864392 43.8258991 0.049463 0.0353208 
4290000 4290 1000.0 6394743.133 2039.717 5.6089 0 0 0 0.0038561 -240.9335808 27.8162216 0.0499083 0.035218 
4300000 4300 1000.0 6414916.063 2035.59 5.6241 0 0 0 0.0041932 -240.4592129 93.3588797 0.0499761 0.0359633 
4310000 4310 1000.0 6434932.492 2029.562 5.6136 0 0 0 0.0040706 -240.5898955 78.4346151 0.0480252 0.035673 
4320000 4320 1000.0 6455050.712 2025.923 5.6069 0 0 0 0.0039352 -240.9607913 43.3265605 0.0499625 0.0342229 
4330000 4330 1000.0 6474950.143 2019.389 5.645 0 0 0 0.003936 -240.6441437 65.8102081 0.0483259 0.0338002 
4340000 4340 1000.0 6494810.717 2013.02 5.6575 0 0 0 0.0037292 -240.7635374 67.4501076 0.0479417 0.0329676 
4350000 4350 1000.0 6514634.645 2007.475 5.6565 0 0 0 0.0040161 -240.7823563 66.6925912 0.0492806 0.0346608 
4360000 4360 1000.0 6535351.937 2019.216 5.6458 0 0 0 0.0045813 -240.7155628 95.8740559 0.0501886 0.0368869 
4370000 4370 1000.0 6556163.558 2030.543 5.6425 0 0 0 0.0038037 -240.4852675 50.8838509 0.0502017 0.0337078 
4380000 4380 1000.0 6576690.707 2034.22 5.6432 0 0 0 0.0038273 -240.5418028 85.8189281 0.0502523 0.0341711 
4390000 4390 1000.0 6597113.814 2035.449 5.6396 0 0 0 0.0039255 -240.6337989 56.0992472 0.0502885 0.0347905 
4400000 4400 1000.0 6617361.156 2033.626 5.6422 0 0 0 0.0041077 -240.6374756 69.3557486 0.0493965 0.035487 
4410000 4410 1000.0 6637506.917 2030.165 5.6319 0 0 0 0.0037907 -241.1244672 32.1226748 0.0495606 0.034439 
4420000 4420 1000.0 6657028.331 2015.571 5.6155 0 0 0 0.0039473 -240.6641089 74.5327129 0.0503776 0.0339045 
4430000 4430 1000.0 6676844.541 2009.147 5.6038 0 0 0 0.0036384 -240.8115236 45.1448433 0.0494214 0.0323706 
4440000 4440 1000.0 6697046.167 2010.851 5.5907 0 0 0 0.0041666 -240.7263487 74.5286329 0.0497276 0.035372 
4450000 4450 1000.0 6717306.46 2013.583 5.5906 0 0 0 0.0040095 -240.7389937 71.5419433 0.0500953 0.0339607 
4460000 4460 1000.0 6737649.069 2017.329 5.5953 0 0 0 0.0042695 -240.8887814 59.3862238 0.0485283 0.0370425 
4470000 4470 1000.0 6758543.992 2030.363 5.5873 0 0 0 0.0039246 -240.861934 73.2968685 0.0501033 0.0339926 
4480000 4480 1000.0 6779303.862 2039.124 5.596 0 0 0 0.00383 -240.7287977 57.7943843 0.0498761 0.0339247 
4490000 4490 1000.0 6800237.694 2048.986 5.607 0 0 0 0.0039883 -241.19189 45.9048857 0.0498156 0.035027 
4500000 4500 1000.0 6820159.306 2038.597 5.6114 0 0 0 0.0042109 -241.1727518 16.6490591 0.0518154 0.0354741 
4510000 4510 1000.0 6839880.184 2026.326 5.6125 0 0 0 0.0037662 -241.3075755 61.1001054 0.0504181 0.0333531 
4520000 4520 1000.0 6859379.76 2012.439 5.6264 0 0 0 0.0040522 -241.298972 37.5387608 0.0507205 0.0352032 
4530000 4530 1000.0 6879025.119 2003.831 5.6224 0 0 0 0.0037209 -241.6098528 35.6013758 0.0507099 0.0338444 
4540000 4540 1000.0 6898552.25 1994.223 5.6095 0 0 0 0.0043372 -240.9756932 87.994951 0.0505637 0.0370219 
4550000 4550 1000.0 6917297.762 1972.291 5.5957 0 0 0 0.0040365 -241.3810978 37.1022307 0.050785 0.0360837 
4560000 4560 1000.0 6937007.847 1971.727 5.582 0 0 0 0.0041938 -241.3760388 51.7709156 0.0499408 0.0364242 
4570000 4570 1000.0 6955845.59 1956.388 5.5799 0 0 0 0.0040113 -241.0941718 56.0556445 0.0514422 0.036056 
4580000 4580 1000.0 6975578.849 1959.224 5.5699 0 0 0 0.0039986 -240.5004334 60.5009722 0.0497245 0.0353551 
4590000 4590 1000.0 6994979.409 1955.976 5.5647 0 0 0 0.0043511 -240.5811598 57.3640166 0.0494984 0.0369581 
4600000 4600 1000.0 7015184.719 1968.173 5.5742 0 0 0 0.0041784 -240.3858155 57.1962792 0.0515729 0.0359931 
4610000 4610 1000.0 7035927.633 1987.98 5.5803 0 0 0 0.0038567 -240.40881 67.5997351 0.0512435 0.0337323 
4620000 4620 1000.0 7056441.96 1999.604 5.6047 0 0 0 0.0039278 -240.0951662 65.1372264 0.0509931 0.0344534 
4630000 4630 1000.0 7077425.346 2017.531 5.5902 0 0 0 0.004573 -240.5762902 94.510035 0.0506857 0.0368132 
4640000 4640 1000.0 7098092.681 2026.435 5.5775 0 0 0 0.0043992 -240.4597025 54.3279353 0.053463 0.0374765 
4650000 4650 1000.0 7118108.982 2021.808 5.5691 0 0 0 0.0038229 -240.7634873 31.8983853 0.0528536 0.0339337 
4660000 4660 1000.0 7138712.201 2029.072 5.5786 0 0 0 0.0044054 -240.4447848 74.9193706 0.050375 0.0372316 
4670000 4670 1000.0 7159583.474 2039.408 5.5683 0 0 0 0.0038817 -240.5720021 68.9252498 0.0501233 0.0333417 
4680000 4680 1000.0 7180156.904 2042.978 5.5623 0 0 0 0.0037926 -240.4702868 35.6629609 0.0513224 0.0336132 
4690000 4690 1000.0 7201135.107 2053.01 5.5551 0 0 0 0.0037583 -240.10289 91.4677056 0.0502809 0.032713 
4700000 4700 1000.0 7222146.018 2061.519 5.5506 0 0 0 0.0038604 -240.6901631 34.3651795 0.0503947 0.0342408 
4710000 4710 1000.0 7243700.848 2078.389 5.5448 0 0 0 0.0042786 -240.5141735 68.8746283 0.0499502 0.0359296 
4720000 4720 1000.0 7264232.863 2073.407 5.5483 0 0 0 0.0041347 -240.6030858 93.7837006 0.0496993 0.0353684 
4730000 4730 1000.0 7284970.878 2073.591 5.5488 0 0 0 0.0040413 -240.8983309 90.3360087 0.0509168 0.0356082 
4740000 4740 1000.0 7306029.859 2079.916 5.5477 0 0 0 0.0034464 -241.2337445 28.1384868 0.0509479 0.0310397 
4750000 4750 1000.0 7327103.877 2085.382 5.5466 0 0 0 0.0035883 -241.2720142 75.6246426 0.0499165 0.0314565 
4760000 4760 1000.0 7348401.676 2093.511 5.5451 0 0 0 0.0037894 -241.9343183 64.0935429 0.0522491 0.0328864 
4770000 4770 1000.0 7368367.008 2075.239 5.5472 0 0 0 0.003901 -241.5950801 55.1863479 0.0499933 0.0335529 
4780000 4780 1000.0 7388258.355 2059.329 5.5576 0 0 0 0.0037921 -242.2245357 60.4355251 0.0503823 0.0323413 
4790000 4790 1000.0 7409004.481 2061.854 5.5669 0 0 0 0.0034671 -242.1445925 51.7227318 0.050489 0.030826 
4800000 4800 1000.0 7430275.119 2073.421 5.5613 0 0 0 0.0038067 -242.1243479 104.4759412 0.0516953 0.03236 
4810000 4810 1000.0 7451665.319 2085.627 5.5561 0 0 0 0.003696 -242.1774563 56.3040095 0.0525556 0.0325027 
4820000 4820 1000.0 7473601.105 2105.174 5.5656 0 0 0 0.0038367 -242.4849646 58.9741945 0.0536338 0.0335416 
4830000 4830 1000.0 7494756.897 2107.085 5.5651 0 0 0 0.0036841 -242.5486968 45.7720749 0.0544416 0.0329461 
4840000 4840 1000.0 7516372.378 2116.686 5.5577 0 0 0 0.0036257 -242.9514053 49.9937959 0.0542014 0.0321997 
4850000 4850 1000.0 7537491.324 2115.872 5.5521 0 0 0 0.0039134 -242.6692742 100.3416529 0.0528499 0.0329747 
4860000 4860 1000.0 7559054.284 2123.337 5.5482 0 0 0 0.003719 -243.1467825 54.8049286 0.0533589 0.0332501 
4870000 4870 1000.0 7580530.055 2127.935 5.5547 0 0 0 0.0034195 -243.6888898 42.1994062 0.0536275 0.0311479 
4880000 4880 1000.0 7601912.456 2129.416 5.5633 0 0 0 0.0034992 -243.8343327 61.7701867 0.0536256 0.0312423 
4890000 4890 1000.0 7622935.181 2123.875 5.5567 0 0 0 0.0036388 -244.0233211 43.0352291 0.0542363 0.0324948 
4900000 4900 1000.0 7643078.907 2103.712 5.5561 0 0 0 0.0037248 -244.3488779 50.8397608 0.0547612 0.0324505 
4910000 4910 1000.0 7663269.596 2088.704 5.5632 0 0 0 0.003957 -244.2773531 52.4158044 0.053593 0.034169 
4920000 4920 1000.0 7683172.956 2070.311 5.5605 0 0 0 0.0039953 -244.4358666 53.7663697 0.0528875 0.0327055 
4930000 4930 1000.0 7703413.963 2061.576 5.5641 0 0 0 0.0035265 -244.2324137 34.8554009 0.0535834 0.0313458 
4940000 4940 1000.0 7723153.198 2045.398 5.5837 0 0 0 0.0038947 -244.5164314 43.1631886 0.0534821 0.034155 
4950000 4950 1000.0 7743118.977 2036.497 5.5987 0 0 0 0.0039436 -243.9844279 88.2040609 0.05471 0.0349195 
4960000 4960 1000.0 7762894.243 2025.158 5.6189 0 0 0 0.0041331 -244.0970461 90.9748118 0.0545662 0.0342239 
4970000 4970 1000.0 7782893.607 2020.662 5.6363 0 0 0 0.0042012 -244.4355433 64.5117816 0.0548718 0.0359062 
4980000 4980 1000.0 7802376.357 2007.169 5.6821 0 0 0 0.0038628 -244.4146785 38.4729452 0.055714 0.0341569 
4990000 4990 1000.0 7821894.611 1997.083 5.724 0 0 0 0.0039702 -244.3193585 96.2699707 0.0551509 0.0337738 
5000000 5000 1000.0 7841775.056 1995.789 5.7376 0 0 0 0.0040009 -244.1852872 71.7220321 0.0535175 0.0358242 
5010000 5010 1000.0 7861193.807 1986.202 5.7351 0 0 0 0.0036213 -244.5126893 32.1377465 0.0547312 0.0328864 
5020000 5020 1000.0 7880467.369 1975.68 5.7189 0 0 0 0.0037186 -243.8137678 47.4138602 0.0546686 0.0329079 
5030000 5030 1000.0 7900549.351 1981.989 5.702 0 0 0 0.0039747 -243.6986297 72.8561743 0.0541175 0.0334709 
5040000 5040 1000.0 7921341.044 1999.677 5.6942 0 0 0 0.0044889 -243.753551 96.8947825 0.055408 0.0363822 
5050000 5050 1000.0 7942150.074 2014.452 5.686 0 0 0 0.0036091 -243.62683 19.7469332 0.0544323 0.0330442 
5060000 5060 1000.0 7962776.109 2022.926 5.6938 0 0 0 0.0038203 -243.7161994 80.3000632 0.0551145 0.0334742 
5070000 5070 1000.0 7982594.113 2014.675 5.6926 0 0 0 0.0040771 -243.0013644 100.9646903 0.0549745 0.0344089 
5080000 5080 1000.0 8003109.777 2021.104 5.7104 0 0 0 0.0043406 -243.0304849 73.9569411 0.0524195 0.0359272 
5090000 5090 1000.0 8023242.136 2020.092 5.6907 0 0 0 0.0041342 -243.0521787 91.5780943 0.053787 0.0349931 
5100000 5100 1000.0 8043681.367 2024.122 5.6935 0 0 0 0.0036673 -242.826189 55.1938125 0.0545417 0.032621 
5110000 5110 1000.0 8063891.185 2023.162 5.6937 0 0 0 0.0037607 -242.867671 74.5697446 0.0541852 0.0322063 
5120000 5120 1000.0 8084417.887 2028.811 5.7001 0 0 0 0.0036685 -243.1421086 52.919077 0.0534398 0.032065 
5130000 5130 1000.0 8104322.87 2021.738 5.7012 0 0 0 0.0033404 -242.9595364 41.0721634 0.053592 0.0308038 
5140000 5140 1000.0 8125146.87 2033.234 5.7089 0 0 0 0.0034747 -243.1016422 21.7588767 0.0532731 0.0319431 
5150000 5150 1000.0 8145435.886 2032.252 5.7247 0 0 0 0.0035155 -242.7535897 50.6232368 0.0519999 0.0311928 
5160000 5160 1000.0 8165903.876 2034.337 5.7566 0 0 0 0.0032045 -243.0107756 44.3461023 0.0530842 0.0293958 
5170000 5170 1000.0 8186206.698 2032.949 5.7286 0 0 0 0.0037311 -242.821376 56.1113261 0.0542137 0.032877 
5180000 5180 1000.0 8206740.252 2037.216 5.7082 0 0 0 0.0038096 -242.9402164 26.688865 0.0531198 0.033895 
5190000 5190 1000.0 8226878.629 2032.913 5.6858 0 0 0 0.0037597 -242.7966437 67.956412 0.0532346 0.0330301 
5200000 5200 1000.0 8247251.439 2034.603 5.6933 0 0 0 0.0038579 -242.7238607 92.1085556 0.0531076 0.0333306 
5210000 5210 1000.0 8267570.672 2034.163 5.6912 0 0 0 0.0034287 -243.3296181 57.2037924 0.0519708 0.0306524 
5220000 5220 1000.0 8288514.485 2045.35 5.679 0 0 0 0.0037853 -243.274504 74.5019783 0.0522688 0.0328245 
5230000 5230 1000.0 8308468.416 2036.228 5.6595 0 0 0 0.0034532 -243.4538907 59.3341421 0.0526315 0.0313315 
5240000 5240 1000.0 8329317.013 2045.058 5.6508 0 0 0 0.0038251 -243.1830461 69.538847 0.0519357 0.032684 
5250000 5250 1000.0 8350823.487 2064.327 5.6392 0 0 0 0.0041587 -243.4399172 97.7377055 0.0528683 0.0339001 
5260000 5260 1000.0 8372031.675 2074.398 5.6428 0 0 0 0.0032323 -243.564892 38.8596303 0.0528129 0.0300626 
5270000 5270 1000.0 8392808.949 2074.604 5.6355 0 0 0 0.0035604 -243.6540875 42.3635269 0.0513939 0.0314236 
5280000 5280 1000.0 8413398.366 2071.869 5.6339 0 0 0 0.0037331 -243.6325003 30.6891955 0.0542148 0.033957 
5290000 5290 1000.0 8434357.761 2076.537 5.6188 0 0 0 0.0034397 -243.711202 65.9408923 0.0524661 0.0316355 
5300000 5300 1000.0 8455207.133 2078.071 5.6035 0 0 0 0.0039249 -243.8666572 94.9204036 0.0509763 0.0330018 
5310000 5310 1000.0 8475454.996 2068.025 5.598 0 0 0 0.0037739 -243.6854001 80.342467 0.0528941 0.032527 
5320000 5320 1000.0 8495127.147 2049.334 5.5915 0 0 0 0.0034658 -243.9583258 35.7454613 0.053084 0.0313211 
5330000 5330 1000.0 8514988.744 2037.86 5.5919 0 0 0 0.0039795 -243.9673845 46.0852282 0.0530691 0.0344241 
5340000 5340 1000.0 8534933.057 2030.233 5.5804 0 0 0 0.0038409 -243.6538174 79.677759 0.0527706 0.0334571 
5350000 5350 1000.0 8556251.862 2048.999 5.5741 0 0 0 0.0037513 -243.794777 54.1365696 0.0529337 0.0335261 
5360000 5360 1000.0 8576970.892 2052.643 5.5737 0 0 0 0.0035352 -244.0950548 28.3542295 0.052834 0.0312364 
5370000 5370 1000.0 8597826.711 2058.422 5.573 0 0 0 0.0036139 -243.9911514 56.4524959 0.0532089 0.0318067 
5380000 5380 1000.0 8618830.137 2065.743 5.5727 0 0 0 0.0037855 -244.2633321 64.1245329 0.0532215 0.033506 
5390000 5390 1000.0 8638857.91 2054.276 5.5744 0 0 0 0.0036958 -244.0498274 64.4458477 0.0529024 0.0323274 
5400000 5400 1000.0 8658886.988 2045.098 5.5768 0 0 0 0.0038053 -244.0129669 69.501279 0.052148 0.0330818 
5410000 5410 1000.0 8678990.308 2038.051 5.5805 0 0 0 0.003637 -244.1900289 63.7225212 0.0521434 0.0322878 
5420000 5420 1000.0 8698317.617 2018.908 5.5858 0 0 0 0.0040493 -243.6319938 85.8861053 0.0532905 0.0337964 
5430000 5430 1000.0 8718787.91 2024.395 5.5905 0 0 0 0.0037259 -243.5829244 77.2767765 0.0528175 0.0329317 
5440000 5440 1000.0 8739513.293 2033.254 5.6199 0 0 0 0.0038688 -243.7848006 68.2718411 0.0508694 0.0333135 
5450000 5450 1000.0 8760554.356 2046.664 5.6314 0 0 0 0.0036444 -243.6184277 56.2993022 0.0524936 0.0331199 
5460000 5460 1000.0 8782095.655 2066.577 5.656 0 0 0 0.0040237 -243.9158905 41.588538 0.0530484 0.0343361 
5470000 5470 1000.0 8803791.006 2085.993 5.649 0 0 0 0.0040287 -243.4281488 80.7868236 0.0528663 0.0348335 
5480000 5480 1000.0 8824900.5 2090.697 5.6616 0 0 0 0.0041735 -243.8197895 46.7609385 0.0524755 0.0339517 
5490000 5490 1000.0 8846430.813 2102.042 5.6557 0 0 0 0.003504 -243.5665101 59.5936101 0.0525991 0.0317832 
5500000 5500 1000.0 8867602.02 2104.207 5.6574 0 0 0 0.0039492 -243.5025473 72.786754 0.0545713 0.0340977 
5510000 5510 1000.0 8889301.415 2116.381 5.6613 0 0 0 0.0038068 -243.5997248 64.3154973 0.0526411 0.0331481 
5520000 5520 1000.0 8910348.961 2114.236 5.6573 0 0 0 0.0037459 -243.6663408 52.4375014 0.0530813 0.033504 
5530000 5530 1000.0 8931717.774 2118.465 5.6508 0 0 0 0.0037787 -243.7804543 47.0435737 0.0520159 0.0321606 
5540000 5540 1000.0 8952556.557 2111.911 5.646 0 0 0 0.0033981 -243.8895699 36.362674 0.052078 0.03064 
5550000 5550 1000.0 8973589.179 2110.468 5.647 0 0 0 0.003608 -243.8557155 38.846324 0.0541082 0.0321696 
5560000 5560 1000.0 8994304.285 2104.022 5.6554 0 0 0 0.0034459 -244.0497786 31.9268264 0.0528848 0.031137 
5570000 5570 1000.0 9015457.279 2106.552 5.6624 0 0 0 0.0034964 -244.0917263 69.1086155 0.0527459 0.0313849 
5580000 5580 1000.0 9036665.227 2109.097 5.6587 0 0 0 0.0036876 -244.481253 34.5388273 0.0536157 0.0325076 
5590000 5590 1000.0 9058309.119 2119.243 5.6827 0 0 0 0.0038128 -244.5571437 69.8095744 0.0526247 0.0332448 
5600000 5600 1000.0 9079464.305 2118.445 5.7088 0 0 0 0.0037635 -244.807491 32.5031839 0.0524251 0.0338141 
5610000 5610 1000.0 9100228.462 2110.5 5.6942 0 0 0 0.0037271 -244.5329578 73.9355402 0.0515579 0.032936 
5620000 5620 1000.0 9120395.804 2093.316 5.6795 0 0 0 0.0036356 -244.8637693 60.6839608 0.0527172 0.0312582 
5630000 5630 1000.0 9141331.958 2093.54 5.6703 0 0 0 0.0034668 -244.8947854 43.126845 0.0522363 0.0311345 
5640000 5640 1000.0 9162590.883 2099.796 5.6685 0 0 0 0.0031575 -244.7591327 40.7129573 0.0529855 0.0286139 
5650000 5650 1000.0 9184145.76 2110.008 5.6692 0 0 0 0.0034477 -245.0034244 87.4178427 0.0533145 0.029225 
5660000 5660 1000.0 9204993.212 2105.373 5.6691 0 0 0 0.0037792 -245.3042605 72.7446984 0.0536281 0.0333063 
5670000 5670 1000.0 9226041.917 2105.067 5.6646 0 0 0 0.0038712 -245.1930753 91.5814335 0.0540599 0.0324224 
5680000 5680 1000.0 9247683.871 2116.049 5.6604 0 0 0 0.003486 -245.2628298 43.3392252 0.0521497 0.0302885 
5690000 5690 1000.0 9268497.867 2109.376 5.6542 0 0 0 0.0034759 -245.1436106 76.8988431 0.0523708 0.0310818 
5700000 5700 1000.0 9289127.694 2101.068 5.6491 0 0 0 0.0033841 -245.6547137 54.6663229 0.0527441 0.0302025 
5710000 5710 1000.0 9310001.541 2098.6 5.6415 0 0 0 0.0036588 -245.3961282 69.9690768 0.0537197 0.032528 
5720000 5720 1000.0 9330458.048 2088.854 5.6563 0 0 0 0.0039921 -245.5371325 73.539703 0.0529713 0.0346379 
5730000 5730 1000.0 9351097.306 2084.196 5.6583 0 0 0 0.0037335 -245.5162147 83.9816598 0.0540624 0.0329333 
5740000 5740 1000.0 9371605.533 2078.631 5.6723 0 0 0 0.003506 -245.7724162 30.6460114 0.0529427 0.0317798 
5750000 5750 1000.0 9392364.325 2078.388 5.6678 0 0 0 0.0034361 -245.5254266 22.7422143 0.0544212 0.0320227 
5760000 5760 1000.0 9413308.685 2081.882 5.674 0 0 0 0.0037603 -245.8028665 39.2827226 0.0538319 0.0337298 
5770000 5770 1000.0 9434573.599 2089.777 5.6539 0 0 0 0.0035634 -245.6260108 50.0386248 0.0546649 0.0315947 
5780000 5780 1000.0 9456427.727 2107.214 5.6297 0 0 0 0.003964 -246.0365299 76.0779209 0.053871 0.0331082 
5790000 5790 1000.0 9478103.595 2118.311 5.6296 0 0 0 0.0034215 -245.8388324 44.0805049 0.0538937 0.0312403 
5800000 5800 1000.0 9499607.161 2124.338 5.6192 0 0 0 0.0038167 -246.0469815 53.3621177 0.0534769 0.033034 
5810000 5810 1000.0 9521326.92 2133.137 5.6197 0 0 0 0.0036472 -246.3603282 49.5341453 0.053988 0.0319102 
5820000 5820 1000.0 9543133.12 2142.165 5.6061 0 0 0 0.0035528 -246.2962541 42.2118863 0.0539696 0.0312944 
5830000 5830 1000.0 9564420.243 2139.092 5.5951 0 0 0 0.0040866 -246.4408579 70.853956 0.0535275 0.0339244 
5840000 5840 1000.0 9585627.246 2135.514 5.5984 0 0 0 0.0040137 -246.5815661 59.5571516 0.053326 0.0347584 
5850000 5850 1000.0 9606458.615 2125.845 5.6069 0 0 0 0.0037205 -246.9648793 53.2962598 0.0529577 0.0326757 
5860000 5860 1000.0 9626881.176 2111.02 5.6098 0 0 0 0.00393 -247.1585753 65.8646242 0.0533263 0.0346219 
5870000 5870 1000.0 9646907.714 2091.339 5.615 0 0 0 0.0038681 -247.0874765 48.8506382 0.0531008 0.0334774 
5880000 5880 1000.0 9667383.877 2083.392 5.6159 0 0 0 0.0038792 -247.1222598 45.9211142 0.0538792 0.0330098 
5890000 5890 1000.0 9687790.252 2076.2 5.6124 0 0 0 0.0036516 -247.1767279 56.9274675 0.0533314 0.0323639 
5900000 5900 1000.0 9708236.565 2070.217 5.628 0 0 0 0.0041852 -247.1431089 72.6762593 0.0542517 0.0359749 
5910000 5910 1000.0 9728651.905 2065.008 5.6519 0 0 0 0.0038878 -246.9460097 60.6704097 0.0538031 0.0336148 
5920000 5920 1000.0 9748968.71 2059.584 5.646 0 0 0 0.0043736 -246.9824704 100.9217523 0.0541562 0.0367874 
5930000 5930 1000.0 9769837.659 2064.659 5.6369 0 0 0 0.0037834 -247.4994241 25.3437934 0.0545587 0.0336579 
5940000 5940 1000.0 9790496.417 2064.42 5.6173 0 0 0 0.0038136 -247.5149067 25.6237593 0.0538162 0.0330492 
5950000 5950 1000.0 9811057.81 2062.938 5.6003 0 0 0 0.0040452 -247.2917655 74.6216375 0.0539934 0.0342738 
5960000 5960 1000.0 9832026.149 2069.378 5.584 0 0 0 0.0037361 -247.5476856 49.7500255 0.0553135 0.0333036 
5970000 5970 1000.0 9852896.021 2072.58 5.5694 0 0 0 0.0039398 -247.272402 78.4310895 0.05498 0.0337884 
5980000 5980 1000.0 9873431.753 2069.037 5.5733 0 0 0 0.0036897 -247.3435879 26.5602605 0.0535083 0.0329928 
5990000 5990 1000.0 9893862.21 2064.619 5.5737 0 0 0 0.0039294 -247.1229307 82.6198204 0.0540265 0.0332628 
6000000 6000 1000.0 9914638.335 2066.826 5.5683 0 0 0 0.0041489 -246.8712635 75.9648619 0.0550769 0.036018 
