10000 157 62.922 -157.0 -0.958 0.2874 26 -157.0 -5.6123 
20000 327 56.98 -327.0 -0.999 0.2614 54 -327.0 -5.9797 
30000 486 63.462 -486.0 -1.0 0.291 81 -486.0 -5.9988 
40000 591 113.208 -591.0 -1.0 1.1465 98 -591.0 -5.9998 
50000 678 108.78 -678.0 -1.0 1.202 113 -678.0 -6.0 
60000 764 115.693 -764.0 -1.0 1.2973 127 -764.0 -6.0 
70000 855 107.469 -855.0 -1.0 1.209 142 -855.0 -6.0 
80000 975 90.926 -975.0 -1.0 1.0278 162 -975.0 -6.0 
90000 1075 101.024 -1075.0 -1.0 1.136 179 -1075.0 -6.0 
100000 1179 112.435 -1179.0 -1.0 1.2589 196 -1179.0 -6.0 
110000 1248 140.969 -1248.0 -1.0 1.5796 208 -1248.0 -6.0 
120000 1250 178.977 -1250.0 -1.0 2.0047 208 -1250.0 -6.0 
130000 1253 444.823 -1253.0 -1.0 4.9734 208 -1253.0 -6.0 
140000 1257 666.308 -1257.0 -1.0 7.4455 209 -1257.0 -6.0 
150000 1262 689.274 -1262.0 -1.0 7.7011 210 -1262.0 -6.0 
160000 1262 689.274 -1262.0 -1.0 7.7011 210 -1262.0 -6.0 
170000 1262 689.274 -1262.0 -1.0 7.7011 210 -1262.0 -6.0 
180000 1262 689.274 -1262.0 -1.0 7.7011 210 -1262.0 -6.0 
190000 1262 689.274 -1262.0 -1.0 7.7011 210 -1262.0 -6.0 
200000 1307 771.798 -1306.0 -0.992 8.637 217 -1207.0 -0.6856 
210000 1364 322.814 -1363.0 -0.997 3.6174 227 -1264.0 -4.147 
220000 1406 258.315 -1405.0 -0.999 2.9036 234 -1306.0 -5.1137 
230000 1451 256.521 -1450.0 -1.0 2.885 241 -1351.0 -5.5761 
240000 1515 182.411 -1514.0 -1.0 2.0519 252 -1415.0 -5.867 
250000 1539 241.117 -1538.0 -1.0 2.7134 256 -1439.0 -5.9127 
260000 1553 350.618 -1552.0 -1.0 3.9416 258 -1453.0 -5.9293 
270000 1564 493.065 -1563.0 -1.0 5.5405 260 -1464.0 -5.9427 
280000 1568 617.007 -1567.0 -1.0 6.9312 261 -1468.0 -5.9485 
290000 1575 690.361 -1574.0 -1.0 7.7548 262 -1475.0 -5.9536 
300000 1579 888.836 -1578.0 -1.0 9.983 263 -1479.0 -5.9583 
310000 1588 898.394 -1587.0 -1.0 10.0903 264 -1488.0 -5.9624 
320000 1604 853.712 -1603.0 -1.0 9.5829 267 -1504.0 -5.9726 
330000 1638 541.431 -1637.0 -1.0 6.0732 273 -1538.0 -5.9854 
340000 1641 736.571 -1640.0 -1.0 8.2502 273 -1541.0 -5.9854 
350000 1651 728.572 -1650.0 -1.0 8.1569 275 -1551.0 -5.9882 
360000 1653 854.514 -1652.0 -1.0 9.5755 275 -1553.0 -5.9882 
370000 1653 854.514 -1652.0 -1.0 9.5755 275 -1553.0 -5.9882 
380000 1653 854.514 -1652.0 -1.0 9.5755 275 -1553.0 -5.9882 
390000 1653 854.514 -1652.0 -1.0 9.5755 275 -1553.0 -5.9882 
400000 1653 854.514 -1652.0 -1.0 9.5755 275 -1553.0 -5.9882 
410000 1653 854.514 -1652.0 -1.0 9.5755 275 -1553.0 -5.9882 
420000 1653 854.514 -1652.0 -1.0 9.5755 275 -1553.0 -5.9882 
430000 1653 854.514 -1652.0 -1.0 9.5755 275 -1553.0 -5.9882 
440000 1656 2285.35 -1655.0 -1.0 25.6499 276 -1556.0 -5.9894 
450000 1656 2285.35 -1655.0 -1.0 25.6499 276 -1556.0 -5.9894 
460000 1667 2252.21 -1666.0 -1.0 25.2878 277 -1567.0 -5.9904 
470000 1686 1724.902 -1685.0 -1.0 19.3692 281 -1586.0 -5.9937 
480000 1715 1114.809 -1714.0 -1.0 12.5198 285 -1615.0 -5.9959 
490000 1717 1233.349 -1716.0 -1.0 13.851 286 -1617.0 -5.9963 
500000 1723 1296.975 -1722.0 -1.0 14.565 287 -1623.0 -5.9967 
510000 1730 1336.526 -1729.0 -1.0 15.0092 288 -1630.0 -5.997 
520000 1739 1304.259 -1738.0 -1.0 14.6491 289 -1639.0 -5.9973 
530000 1750 1232.043 -1749.0 -1.0 13.8389 291 -1650.0 -5.9978 
540000 1762 1016.554 -1761.0 -1.0 11.4191 293 -1662.0 -5.9982 
550000 1797 706.79 -1796.0 -1.0 7.9411 299 -1697.0 -5.9991 
560000 1859 305.53 -1858.0 -1.0 3.4344 309 -1759.0 -5.9997 
570000 1921 197.778 -1920.0 -1.0 2.2241 320 -1821.0 -5.9999 
580000 1941 284.597 -1940.0 -1.0 3.1998 323 -1841.0 -5.9999 
590000 1949 266.701 -1948.0 -1.0 2.9982 324 -1849.0 -5.9999 
600000 1985 280.808 -1984.0 -1.0 3.1578 330 -1885.0 -6.0 
610000 2042 233.613 -2041.0 -1.0 2.6276 340 -1942.0 -6.0 
620000 2055 310.947 -2054.0 -1.0 3.4968 342 -1955.0 -6.0 
630000 2059 478.455 -2058.0 -1.0 5.3796 343 -1959.0 -6.0 
640000 2077 531.022 -2076.0 -1.0 5.9698 346 -1977.0 -6.0 
650000 2087 466.767 -2086.0 -1.0 5.2476 347 -1987.0 -6.0 
660000 2093 729.075 -2092.0 -1.0 8.1944 348 -1993.0 -6.0 
670000 2093 729.075 -2092.0 -1.0 8.1944 348 -1993.0 -6.0 
680000 2093 729.075 -2092.0 -1.0 8.1944 348 -1993.0 -6.0 
690000 2099 1202.975 -2098.0 -1.0 13.4906 349 -1999.0 -6.0 
700000 2109 1113.725 -2108.0 -1.0 12.4936 351 -2009.0 -6.0 
710000 2119 1088.463 -2118.0 -1.0 12.2147 353 -2019.0 -6.0 
720000 2137 933.956 -2136.0 -1.0 10.4844 356 -2037.0 -6.0 
730000 2165 653.958 -2164.0 -1.0 7.3502 360 -2065.0 -6.0 
740000 2165 653.958 -2164.0 -1.0 7.3502 360 -2065.0 -6.0 
750000 2167 1065.937 -2166.0 -1.0 11.9659 361 -2067.0 -6.0 
760000 2171 1130.973 -2170.0 -1.0 12.6881 361 -2071.0 -6.0 
770000 2173 1220.351 -2172.0 -1.0 13.6842 362 -2073.0 -6.0 
780000 2204 833.556 -2203.0 -1.0 9.3404 367 -2104.0 -6.0 
790000 2236 566.56 -2235.0 -1.0 6.3452 372 -2136.0 -6.0 
800000 2263 510.539 -2262.0 -1.0 5.7142 377 -2163.0 -6.0 
810000 2315 293.741 -2314.0 -1.0 3.291 385 -2215.0 -6.0 
820000 2351 218.608 -2350.0 -1.0 2.4534 391 -2251.0 -6.0 
830000 2373 348.978 -2372.0 -1.0 3.9204 395 -2273.0 -6.0 
840000 2411 310.041 -2410.0 -1.0 3.486 401 -2311.0 -6.0 
850000 2473 201.501 -2472.0 -1.0 2.2672 412 -2373.0 -6.0 
860000 2518 203.444 -2517.0 -1.0 2.289 419 -2418.0 -6.0 
870000 2538 267.695 -2537.0 -1.0 3.0114 423 -2438.0 -6.0 
880000 2568 312.757 -2567.0 -1.0 3.5163 428 -2468.0 -6.0 
890000 2597 306.205 -2596.0 -1.0 3.4425 432 -2497.0 -6.0 
900000 2632 282.656 -2631.0 -1.0 3.178 438 -2532.0 -6.0 
910000 2657 311.537 -2656.0 -1.0 3.4941 442 -2557.0 -6.0 
920000 2705 238.467 -2704.0 -1.0 2.6703 450 -2605.0 -6.0 
930000 2755 199.5 -2754.0 -1.0 2.2324 459 -2655.0 -6.0 
940000 2809 183.639 -2808.0 -1.0 2.0541 468 -2709.0 -6.0 
950000 2859 189.716 -2858.0 -1.0 2.1272 476 -2759.0 -6.0 
960000 2929 166.613 -2928.0 -1.0 1.8728 488 -2829.0 -6.0 
970000 2988 168.451 -2987.0 -1.0 1.8954 498 -2888.0 -6.0 
980000 3044 183.373 -3043.0 -1.0 2.0638 507 -2944.0 -6.0 
990000 3097 193.784 -3096.0 -1.0 2.1808 516 -2997.0 -6.0 
1000000 3155 171.391 -3154.0 -1.0 1.9292 525 -3055.0 -6.0 
1010000 3197 187.865 -3196.0 -1.0 2.1135 532 -3097.0 -6.0 
1020000 3239 197.78 -3238.0 -1.0 2.2251 539 -3139.0 -6.0 
1030000 3275 251.371 -3274.0 -1.0 2.8275 545 -3175.0 -6.0 
1040000 3323 203.193 -3322.0 -1.0 2.2856 553 -3223.0 -6.0 
1050000 3334 315.656 -3333.0 -1.0 3.549 555 -3234.0 -6.0 
1060000 3357 375.18 -3356.0 -1.0 4.218 559 -3257.0 -6.0 
1070000 3390 339.052 -3389.0 -1.0 3.812 565 -3290.0 -6.0 
1080000 3455 195.33 -3454.0 -1.0 2.1974 575 -3355.0 -6.0 
1090000 3520 166.406 -3519.0 -1.0 1.8676 586 -3420.0 -6.0 
1100000 3596 147.294 -3595.0 -1.0 1.6496 599 -3496.0 -6.0 
1110000 3649 186.184 -3648.0 -1.0 2.0834 608 -3549.0 -6.0 
1120000 3705 172.682 -3704.0 -1.0 1.9318 617 -3605.0 -6.0 
1130000 3721 171.632 -3720.0 -1.0 1.9204 620 -3621.0 -6.0 
1140000 3783 184.201 -3782.0 -1.0 2.0598 630 -3683.0 -6.0 
1150000 3837 188.106 -3836.0 -1.0 2.1032 639 -3737.0 -6.0 
1160000 3899 168.037 -3898.0 -1.0 1.8791 649 -3799.0 -6.0 
1170000 3967 149.749 -3966.0 -1.0 1.6754 661 -3867.0 -6.0 
1180000 4030 156.612 -4029.0 -1.0 1.7521 671 -3930.0 -6.0 
1190000 4098 150.615 -4097.0 -1.0 1.6857 683 -3998.0 -6.0 
1200000 4161 162.875 -4160.0 -1.0 1.8226 693 -4061.0 -6.0 
1210000 4211 176.285 -4210.0 -1.0 1.972 701 -4111.0 -6.0 
1220000 4265 189.315 -4264.0 -1.0 2.1173 710 -4165.0 -6.0 
1230000 4302 250.375 -4301.0 -1.0 2.7987 717 -4202.0 -6.0 
1240000 4363 187.282 -4362.0 -1.0 2.0948 727 -4263.0 -6.0 
1250000 4436 145.281 -4435.0 -1.0 1.631 739 -4336.0 -6.0 
1260000 4488 180.616 -4487.0 -1.0 2.0309 748 -4388.0 -6.0 
1270000 4537 194.491 -4536.0 -1.0 2.1878 756 -4437.0 -6.0 
1280000 4577 223.861 -4576.0 -1.0 2.5178 762 -4477.0 -6.0 
1290000 4631 201.947 -4630.0 -1.0 2.2721 771 -4531.0 -6.0 
1300000 4689 176.419 -4688.0 -1.0 1.9849 781 -4589.0 -6.0 
1310000 4753 157.463 -4752.0 -1.0 1.7721 792 -4653.0 -6.0 
1320000 4813 158.744 -4812.0 -1.0 1.787 802 -4713.0 -6.0 
1330000 4879 155.32 -4878.0 -1.0 1.7484 813 -4779.0 -6.0 
1340000 4936 170.152 -4935.0 -1.0 1.9152 822 -4836.0 -6.0 
1350000 5015 127.709 -5014.0 -1.0 1.4328 835 -4915.0 -6.0 
1360000 5082 133.315 -5081.0 -1.0 1.4932 847 -4982.0 -6.0 
1370000 5151 148.907 -5150.0 -1.0 1.6667 858 -5051.0 -6.0 
1380000 5209 158.825 -5208.0 -1.0 1.7772 868 -5109.0 -6.0 
1390000 5259 186.122 -5258.0 -1.0 2.0825 876 -5159.0 -6.0 
1400000 5313 176.524 -5312.0 -1.0 1.9749 885 -5213.0 -6.0 
1410000 5372 181.834 -5371.0 -1.0 2.0345 895 -5272.0 -6.0 
1420000 5433 147.131 -5432.0 -1.0 1.6463 905 -5333.0 -6.0 
1430000 5496 154.886 -5495.0 -1.0 1.7334 916 -5396.0 -6.0 
1440000 5564 152.853 -5563.0 -1.0 1.7101 927 -5464.0 -6.0 
1450000 5634 151.26 -5633.0 -1.0 1.6938 939 -5534.0 -6.0 
1460000 5705 139.529 -5704.0 -1.0 1.5618 950 -5605.0 -6.0 
1470000 5758 172.3 -5757.0 -1.0 1.9273 959 -5658.0 -6.0 
1480000 5825 152.501 -5824.0 -1.0 1.7063 970 -5725.0 -6.0 
1490000 5867 215.311 -5866.0 -1.0 2.4073 977 -5767.0 -6.0 
1500000 5934 161.761 -5933.0 -1.0 1.8096 989 -5834.0 -6.0 
1510000 5989 176.371 -5988.0 -1.0 1.9724 998 -5889.0 -6.0 
1520000 6039 188.601 -6038.0 -1.0 2.1095 1006 -5939.0 -6.0 
1530000 6113 144.115 -6112.0 -1.0 1.6127 1018 -6013.0 -6.0 
1540000 6187 138.825 -6186.0 -1.0 1.5537 1031 -6087.0 -6.0 
1550000 6241 176.91 -6240.0 -1.0 1.9792 1040 -6141.0 -6.0 
1560000 6301 167.018 -6300.0 -1.0 1.8685 1050 -6201.0 -6.0 
1570000 6360 160.048 -6359.0 -1.0 1.7906 1060 -6260.0 -6.0 
1580000 6401 188.978 -6400.0 -1.0 2.1166 1066 -6301.0 -6.0 
1590000 6439 242.499 -6438.0 -1.0 2.7224 1073 -6339.0 -6.0 
1600000 6489 200.619 -6488.0 -1.0 2.254 1081 -6389.0 -6.0 
1610000 6542 194.17 -6541.0 -1.0 2.1829 1090 -6442.0 -6.0 
1620000 6606 158.654 -6605.0 -1.0 1.786 1101 -6506.0 -6.0 
1630000 6683 133.861 -6682.0 -1.0 1.5059 1113 -6583.0 -6.0 
1640000 6760 124.684 -6759.0 -1.0 1.4031 1126 -6660.0 -6.0 
1650000 6835 111.401 -6834.0 -1.0 1.2537 1139 -6735.0 -6.0 
1660000 6910 125.052 -6909.0 -1.0 1.4073 1151 -6810.0 -6.0 
1670000 6914 161.336 -6913.0 -1.0 1.8143 1152 -6814.0 -6.0 
1680000 6941 334.777 -6940.0 -1.0 3.7461 1156 -6841.0 -6.0 
1690000 6981 282.957 -6980.0 -1.0 3.1649 1163 -6881.0 -6.0 
1700000 7039 201.224 -7038.0 -1.0 2.2508 1173 -6939.0 -6.0 
1710000 7066 174.683 -7065.0 -1.0 1.9543 1177 -6966.0 -6.0 
1720000 7111 254.995 -7110.0 -1.0 2.8504 1185 -7011.0 -6.0 
1730000 7196 138.624 -7195.0 -1.0 1.5501 1199 -7096.0 -6.0 
1740000 7262 144.659 -7261.0 -1.0 1.6241 1210 -7162.0 -6.0 
1750000 7303 196.406 -7302.0 -1.0 2.2073 1217 -7203.0 -6.0 
1760000 7367 168.59 -7366.0 -1.0 1.8971 1227 -7267.0 -6.0 
1770000 7435 144.362 -7434.0 -1.0 1.6251 1239 -7335.0 -6.0 
1780000 7494 153.663 -7493.0 -1.0 1.7295 1249 -7394.0 -6.0 
1790000 7548 182.217 -7547.0 -1.0 2.0505 1258 -7448.0 -6.0 
1800000 7598 191.824 -7597.0 -1.0 2.1587 1266 -7498.0 -6.0 
1810000 7652 198.019 -7651.0 -1.0 2.2279 1275 -7552.0 -6.0 
1820000 7704 194.621 -7703.0 -1.0 2.19 1284 -7604.0 -6.0 
1830000 7756 196.917 -7755.0 -1.0 2.2141 1292 -7656.0 -6.0 
1840000 7797 220.065 -7796.0 -1.0 2.4665 1299 -7697.0 -6.0 
1850000 7854 190.337 -7853.0 -1.0 2.1307 1309 -7754.0 -6.0 
1860000 7915 179.268 -7914.0 -1.0 2.0138 1319 -7815.0 -6.0 
1870000 7970 182.553 -7969.0 -1.0 2.0531 1328 -7870.0 -6.0 
1880000 8019 192.927 -8018.0 -1.0 2.17 1336 -7919.0 -6.0 
1890000 8092 145.422 -8091.0 -1.0 1.6372 1348 -7992.0 -6.0 
1900000 8159 147.541 -8158.0 -1.0 1.6609 1359 -8059.0 -6.0 
1910000 8214 165.188 -8213.0 -1.0 1.8589 1369 -8114.0 -6.0 
1920000 8270 177.098 -8269.0 -1.0 1.9927 1378 -8170.0 -6.0 
1930000 8327 183.289 -8326.0 -1.0 2.0616 1387 -8227.0 -6.0 
1940000 8376 200.683 -8375.0 -1.0 2.2571 1396 -8276.0 -6.0 
1950000 8444 163.064 -8443.0 -1.0 1.8353 1407 -8344.0 -6.0 
1960000 8498 183.29 -8497.0 -1.0 2.0623 1416 -8398.0 -6.0 
1970000 8544 202.391 -8543.0 -1.0 2.2771 1424 -8444.0 -6.0 
1980000 8594 202.541 -8593.0 -1.0 2.2785 1432 -8494.0 -6.0 
1990000 8662 158.858 -8661.0 -1.0 1.789 1443 -8562.0 -6.0 
2000000 8711 180.151 -8710.0 -1.0 2.0276 1451 -8611.0 -6.0 
2010000 8776 159.442 -8775.0 -1.0 1.7926 1462 -8676.0 -6.0 
2020000 8825 181.101 -8824.0 -1.0 2.0287 1470 -8725.0 -6.0 
2030000 8877 175.683 -8876.0 -1.0 1.9707 1479 -8777.0 -6.0 
2040000 8920 216.786 -8919.0 -1.0 2.4368 1486 -8820.0 -6.0 
2050000 8975 181.951 -8974.0 -1.0 2.0465 1495 -8875.0 -6.0 
2060000 9021 196.381 -9020.0 -1.0 2.2091 1503 -8921.0 -6.0 
2070000 9077 180.582 -9076.0 -1.0 2.0315 1512 -8977.0 -6.0 
2080000 9127 189.506 -9126.0 -1.0 2.1325 1521 -9027.0 -6.0 
2090000 9188 180.251 -9187.0 -1.0 2.0282 1531 -9088.0 -6.0 
2100000 9241 177.346 -9240.0 -1.0 1.9953 1540 -9141.0 -6.0 
2110000 9296 178.311 -9295.0 -1.0 2.0072 1549 -9196.0 -6.0 
2120000 9347 204.597 -9346.0 -1.0 2.3019 1557 -9247.0 -6.0 
2130000 9406 183.908 -9405.0 -1.0 2.0696 1567 -9306.0 -6.0 
2140000 9461 176.773 -9460.0 -1.0 1.9888 1576 -9361.0 -6.0 
2150000 9505 207.606 -9504.0 -1.0 2.3313 1584 -9405.0 -6.0 
2160000 9569 161.69 -9568.0 -1.0 1.8113 1594 -9469.0 -6.0 
2170000 9633 154.23 -9632.0 -1.0 1.7265 1605 -9533.0 -6.0 
2180000 9689 174.462 -9688.0 -1.0 1.9515 1614 -9589.0 -6.0 
2190000 9740 196.494 -9739.0 -1.0 2.1978 1623 -9640.0 -6.0 
2200000 9804 159.084 -9803.0 -1.0 1.7801 1634 -9704.0 -6.0 
2210000 9874 136.648 -9873.0 -1.0 1.5295 1645 -9774.0 -6.0 
2220000 9928 169.085 -9927.0 -1.0 1.8919 1654 -9828.0 -6.0 
2230000 9985 169.725 -9984.0 -1.0 1.8991 1664 -9885.0 -6.0 
2240000 10044 163.926 -10043.0 -1.0 1.8344 1674 -9944.0 -6.0 
2250000 10105 171.254 -10104.0 -1.0 1.916 1684 -10005.0 -6.0 
2260000 10159 181.097 -10158.0 -1.0 2.0265 1693 -10059.0 -6.0 
2270000 10217 170.886 -10216.0 -1.0 1.9117 1702 -10117.0 -6.0 
2280000 10286 143.765 -10285.0 -1.0 1.6091 1714 -10186.0 -6.0 
2290000 10351 153.808 -10350.0 -1.0 1.7214 1725 -10251.0 -6.0 
2300000 10401 173.601 -10400.0 -1.0 1.9425 1733 -10301.0 -6.0 
2310000 10459 178.664 -10458.0 -1.0 1.9987 1743 -10359.0 -6.0 
2320000 10491 232.659 -10490.0 -1.0 2.6019 1748 -10391.0 -6.0 
2330000 10542 223.081 -10541.0 -1.0 2.4941 1757 -10442.0 -6.0 
2340000 10593 204.108 -10592.0 -1.0 2.2889 1765 -10493.0 -6.0 
2350000 10662 154.989 -10661.0 -1.0 1.7432 1777 -10562.0 -6.0 
2360000 10705 196.024 -10704.0 -1.0 2.2054 1784 -10605.0 -6.0 
2370000 10760 185.846 -10759.0 -1.0 2.0915 1793 -10660.0 -6.0 
2380000 10798 226.823 -10797.0 -1.0 2.5524 1799 -10698.0 -6.0 
2390000 10849 202.398 -10848.0 -1.0 2.2771 1808 -10749.0 -6.0 
2400000 10897 198.68 -10896.0 -1.0 2.2325 1816 -10797.0 -6.0 
2410000 10944 188.709 -10943.0 -1.0 2.1145 1824 -10844.0 -6.0 
2420000 11003 176.761 -11002.0 -1.0 1.9783 1833 -10903.0 -6.0 
2430000 11051 196.803 -11050.0 -1.0 2.2014 1841 -10951.0 -6.0 
2440000 11093 215.062 -11092.0 -1.0 2.4056 1848 -10993.0 -6.0 
2450000 11136 226.22 -11135.0 -1.0 2.5301 1856 -11036.0 -6.0 
2460000 11182 215.088 -11181.0 -1.0 2.4058 1863 -11082.0 -6.0 
2470000 11227 213.631 -11226.0 -1.0 2.3892 1871 -11127.0 -6.0 
2480000 11286 160.105 -11285.0 -1.0 1.7914 1881 -11186.0 -6.0 
2490000 11331 201.638 -11330.0 -1.0 2.255 1888 -11231.0 -6.0 
2500000 11384 183.743 -11383.0 -1.0 2.0549 1897 -11284.0 -6.0 
2510000 11441 146.942 -11440.0 -1.0 1.6437 1906 -11341.0 -6.0 
2520000 11497 170.559 -11496.0 -1.0 1.9076 1916 -11397.0 -6.0 
2530000 11540 200.694 -11539.0 -1.0 2.2443 1923 -11440.0 -6.0 
2540000 11578 222.583 -11577.0 -1.0 2.4884 1929 -11478.0 -6.0 
2550000 11646 170.19 -11645.0 -1.0 1.9037 1941 -11546.0 -6.0 
2560000 11693 202.813 -11692.0 -1.0 2.2674 1948 -11593.0 -6.0 
2570000 11739 205.985 -11738.0 -1.0 2.3032 1956 -11639.0 -6.0 
2580000 11798 165.61 -11797.0 -1.0 1.8521 1966 -11698.0 -6.0 
2590000 11853 189.921 -11852.0 -1.0 2.1234 1975 -11753.0 -6.0 
2600000 11905 197.404 -11904.0 -1.0 2.2075 1984 -11805.0 -6.0 
2610000 11964 178.818 -11963.0 -1.0 2.0001 1994 -11864.0 -6.0 
2620000 12018 176.492 -12017.0 -1.0 1.9742 2003 -11918.0 -6.0 
2630000 12069 195.567 -12068.0 -1.0 2.1874 2011 -11969.0 -6.0 
2640000 12135 157.57 -12134.0 -1.0 1.7681 2022 -12035.0 -6.0 
2650000 12196 165.134 -12195.0 -1.0 1.8567 2032 -12096.0 -6.0 
2660000 12246 202.346 -12245.0 -1.0 2.2754 2041 -12146.0 -6.0 
2670000 12297 198.162 -12296.0 -1.0 2.2285 2049 -12197.0 -6.0 
2680000 12341 225.236 -12340.0 -1.0 2.533 2056 -12241.0 -6.0 
2690000 12383 227.395 -12382.0 -1.0 2.5569 2063 -12283.0 -6.0 
2700000 12449 176.44 -12448.0 -1.0 1.9845 2074 -12349.0 -6.0 
2710000 12514 164.006 -12513.0 -1.0 1.8388 2085 -12414.0 -6.0 
2720000 12568 181.248 -12567.0 -1.0 2.028 2094 -12468.0 -6.0 
2730000 12629 170.745 -12628.0 -1.0 1.9093 2104 -12529.0 -6.0 
2740000 12692 156.598 -12691.0 -1.0 1.7574 2115 -12592.0 -6.0 
2750000 12761 135.519 -12760.0 -1.0 1.524 2126 -12661.0 -6.0 
2760000 12810 195.339 -12809.0 -1.0 2.1965 2135 -12710.0 -6.0 
2770000 12850 219.26 -12849.0 -1.0 2.4657 2141 -12750.0 -6.0 
2780000 12912 175.588 -12911.0 -1.0 1.9757 2152 -12812.0 -6.0 
2790000 12965 179.322 -12964.0 -1.0 2.0177 2160 -12865.0 -6.0 
2800000 13037 141.367 -13036.0 -1.0 1.5901 2172 -12937.0 -6.0 
2810000 13104 147.217 -13103.0 -1.0 1.6563 2184 -13004.0 -6.0 
2820000 13157 176.815 -13156.0 -1.0 1.9882 2192 -13057.0 -6.0 
2830000 13204 197.962 -13203.0 -1.0 2.2258 2200 -13104.0 -6.0 
2840000 13260 193.602 -13259.0 -1.0 2.1771 2210 -13160.0 -6.0 
2850000 13322 181.888 -13321.0 -1.0 2.0442 2220 -13222.0 -6.0 
2860000 13383 175.943 -13382.0 -1.0 1.9701 2230 -13283.0 -6.0 
2870000 13449 160.474 -13448.0 -1.0 1.7951 2241 -13349.0 -6.0 
2880000 13502 164.649 -13501.0 -1.0 1.8414 2250 -13402.0 -6.0 
2890000 13571 147.77 -13570.0 -1.0 1.6592 2261 -13471.0 -6.0 
2900000 13607 195.687 -13606.0 -1.0 2.2002 2267 -13507.0 -6.0 
2910000 13646 234.829 -13645.0 -1.0 2.6399 2274 -13546.0 -6.0 
2920000 13708 176.385 -13707.0 -1.0 1.9835 2284 -13608.0 -6.0 
2930000 13776 149.568 -13775.0 -1.0 1.6824 2296 -13676.0 -6.0 
2940000 13823 180.715 -13822.0 -1.0 2.0316 2303 -13723.0 -6.0 
2950000 13893 154.724 -13892.0 -1.0 1.7402 2315 -13793.0 -6.0 
2960000 13959 155.064 -13958.0 -1.0 1.7441 2326 -13859.0 -6.0 
2970000 14018 158.224 -14017.0 -1.0 1.7803 2336 -13918.0 -6.0 
2980000 14070 181.18 -14069.0 -1.0 2.0383 2345 -13970.0 -6.0 
2990000 14129 161.225 -14128.0 -1.0 1.814 2354 -14029.0 -6.0 
3000000 14164 224.283 -14163.0 -1.0 2.5228 2360 -14064.0 -6.0 
3010000 14215 205.209 -14214.0 -1.0 2.3081 2369 -14115.0 -6.0 
3020000 14259 200.468 -14258.0 -1.0 2.2549 2376 -14159.0 -6.0 
3030000 14300 222.815 -14299.0 -1.0 2.5111 2383 -14200.0 -6.0 
3040000 14346 181.215 -14345.0 -1.0 2.0405 2391 -14246.0 -6.0 
3050000 14404 187.326 -14403.0 -1.0 2.108 2400 -14304.0 -6.0 
3060000 14458 186.535 -14457.0 -1.0 2.0983 2409 -14358.0 -6.0 
3070000 14517 176.987 -14516.0 -1.0 1.9912 2419 -14417.0 -6.0 
3080000 14570 167.368 -14569.0 -1.0 1.8825 2428 -14470.0 -6.0 
3090000 14612 211.738 -14611.0 -1.0 2.381 2435 -14512.0 -6.0 
3100000 14647 242.719 -14646.0 -1.0 2.7289 2441 -14547.0 -6.0 
3110000 14687 260.986 -14686.0 -1.0 2.9339 2447 -14587.0 -6.0 
3120000 14739 213.13 -14738.0 -1.0 2.3973 2456 -14639.0 -6.0 
3130000 14786 206.156 -14785.0 -1.0 2.319 2464 -14686.0 -6.0 
3140000 14840 192.796 -14839.0 -1.0 2.1687 2473 -14740.0 -6.0 
3150000 14861 217.829 -14860.0 -1.0 2.4493 2476 -14761.0 -6.0 
3160000 14921 202.523 -14920.0 -1.0 2.2767 2486 -14821.0 -6.0 
3170000 14958 245.747 -14957.0 -1.0 2.766 2493 -14858.0 -6.0 
3180000 15000 253.193 -14999.0 -1.0 2.8477 2500 -14900.0 -6.0 
3190000 15072 166.044 -15071.0 -1.0 1.8721 2512 -14972.0 -6.0 
3200000 15125 165.638 -15124.0 -1.0 1.8598 2520 -15025.0 -6.0 
3210000 15161 225.746 -15160.0 -1.0 2.5354 2526 -15061.0 -6.0 
3220000 15201 242.349 -15200.0 -1.0 2.7239 2533 -15101.0 -6.0 
3230000 15231 296.199 -15230.0 -1.0 3.3296 2538 -15131.0 -6.0 
3240000 15271 248.543 -15270.0 -1.0 2.7946 2545 -15171.0 -6.0 
3250000 15327 190.916 -15326.0 -1.0 2.1475 2554 -15227.0 -6.0 
3260000 15380 191.024 -15379.0 -1.0 2.1488 2563 -15280.0 -6.0 
3270000 15448 154.982 -15447.0 -1.0 1.7434 2574 -15348.0 -6.0 
3280000 15489 212.03 -15488.0 -1.0 2.3834 2581 -15389.0 -6.0 
3290000 15511 296.168 -15510.0 -1.0 3.3282 2585 -15411.0 -6.0 
3300000 15578 183.463 -15577.0 -1.0 2.0643 2596 -15478.0 -6.0 
3310000 15629 181.492 -15628.0 -1.0 2.0418 2604 -15529.0 -6.0 
3320000 15660 243.871 -15659.0 -1.0 2.7418 2610 -15560.0 -6.0 
3330000 15725 175.871 -15724.0 -1.0 1.9787 2620 -15625.0 -6.0 
3340000 15762 219.737 -15761.0 -1.0 2.4715 2627 -15662.0 -6.0 
3350000 15831 162.014 -15830.0 -1.0 1.8232 2638 -15731.0 -6.0 
3360000 15881 184.141 -15880.0 -1.0 2.0716 2646 -15781.0 -6.0 
3370000 15926 205.122 -15925.0 -1.0 2.307 2654 -15826.0 -6.0 
3380000 15986 183.976 -15985.0 -1.0 2.0697 2664 -15886.0 -6.0 
3390000 16019 243.552 -16018.0 -1.0 2.7387 2669 -15919.0 -6.0 
3400000 16069 214.321 -16068.0 -1.0 2.4103 2678 -15969.0 -6.0 
3410000 16127 181.433 -16126.0 -1.0 2.044 2687 -16027.0 -6.0 
3420000 16199 155.22 -16198.0 -1.0 1.7472 2699 -16099.0 -6.0 
3430000 16250 179.123 -16249.0 -1.0 2.015 2708 -16150.0 -6.0 
3440000 16281 262.181 -16280.0 -1.0 2.9492 2713 -16181.0 -6.0 
3450000 16339 190.188 -16338.0 -1.0 2.1399 2723 -16239.0 -6.0 
3460000 16377 228.7 -16376.0 -1.0 2.5724 2729 -16277.0 -6.0 
3470000 16436 191.561 -16435.0 -1.0 2.1513 2739 -16336.0 -6.0 
3480000 16481 209.396 -16480.0 -1.0 2.3538 2746 -16381.0 -6.0 
3490000 16518 236.931 -16517.0 -1.0 2.6682 2753 -16418.0 -6.0 
3500000 16568 202.812 -16567.0 -1.0 2.2825 2761 -16468.0 -6.0 
3510000 16624 190.437 -16623.0 -1.0 2.1427 2770 -16524.0 -6.0 
3520000 16659 231.809 -16658.0 -1.0 2.6085 2776 -16559.0 -6.0 
3530000 16703 231.988 -16702.0 -1.0 2.6092 2783 -16603.0 -6.0 
3540000 16744 240.823 -16743.0 -1.0 2.7095 2790 -16644.0 -6.0 
3550000 16818 152.804 -16817.0 -1.0 1.7194 2803 -16718.0 -6.0 
3560000 16878 153.391 -16877.0 -1.0 1.7263 2813 -16778.0 -6.0 
3570000 16929 185.919 -16928.0 -1.0 2.0919 2821 -16829.0 -6.0 
3580000 16970 205.215 -16969.0 -1.0 2.3079 2828 -16870.0 -6.0 
3590000 17039 155.018 -17038.0 -1.0 1.744 2839 -16939.0 -6.0 
3600000 17100 178.411 -17099.0 -1.0 2.0069 2850 -17000.0 -6.0 
3610000 17155 160.545 -17154.0 -1.0 1.8064 2859 -17055.0 -6.0 
3620000 17207 179.272 -17206.0 -1.0 2.0169 2867 -17107.0 -6.0 
3630000 17243 171.79 -17242.0 -1.0 1.9322 2873 -17143.0 -6.0 
3640000 17287 252.916 -17286.0 -1.0 2.8433 2881 -17187.0 -6.0 
3650000 17345 182.773 -17344.0 -1.0 2.0503 2890 -17245.0 -6.0 
3660000 17407 174.603 -17406.0 -1.0 1.9539 2901 -17307.0 -6.0 
3670000 17455 199.829 -17454.0 -1.0 2.2373 2909 -17355.0 -6.0 
3680000 17510 197.779 -17509.0 -1.0 2.2207 2918 -17410.0 -6.0 
3690000 17566 186.828 -17565.0 -1.0 2.0999 2927 -17466.0 -6.0 
3700000 17600 260.35 -17599.0 -1.0 2.9207 2933 -17500.0 -6.0 
3710000 17652 209.858 -17651.0 -1.0 2.3499 2942 -17552.0 -6.0 
3720000 17691 226.37 -17690.0 -1.0 2.5321 2948 -17591.0 -6.0 
3730000 17729 259.914 -17728.0 -1.0 2.913 2954 -17629.0 -6.0 
3740000 17759 249.599 -17758.0 -1.0 2.8015 2959 -17659.0 -6.0 
3750000 17801 270.198 -17800.0 -1.0 3.036 2966 -17701.0 -6.0 
3760000 17843 255.211 -17842.0 -1.0 2.8717 2973 -17743.0 -6.0 
3770000 17872 295.646 -17871.0 -1.0 3.3253 2978 -17772.0 -6.0 
3780000 17945 177.733 -17944.0 -1.0 2.0066 2990 -17845.0 -6.0 
3790000 17979 230.823 -17978.0 -1.0 2.5999 2996 -17879.0 -6.0 
3800000 18042 175.113 -18041.0 -1.0 1.9672 3007 -17942.0 -6.0 
3810000 18088 189.733 -18087.0 -1.0 2.1259 3014 -17988.0 -6.0 
3820000 18125 211.212 -18124.0 -1.0 2.3636 3020 -18025.0 -6.0 
3830000 18185 175.042 -18184.0 -1.0 1.9585 3030 -18085.0 -6.0 
3840000 18242 172.538 -18241.0 -1.0 1.9306 3040 -18142.0 -6.0 
3850000 18309 155.143 -18308.0 -1.0 1.7364 3051 -18209.0 -6.0 
3860000 18378 154.018 -18377.0 -1.0 1.7237 3063 -18278.0 -6.0 
3870000 18424 189.971 -18423.0 -1.0 2.1248 3070 -18324.0 -6.0 
3880000 18468 217.737 -18467.0 -1.0 2.4348 3078 -18368.0 -6.0 
3890000 18526 185.112 -18525.0 -1.0 2.0711 3087 -18426.0 -6.0 
3900000 18563 215.348 -18562.0 -1.0 2.4085 3093 -18463.0 -6.0 
3910000 18598 268.878 -18597.0 -1.0 3.0062 3099 -18498.0 -6.0 
3920000 18652 219.817 -18651.0 -1.0 2.4579 3108 -18552.0 -6.0 
3930000 18693 222.577 -18692.0 -1.0 2.4888 3115 -18593.0 -6.0 
3940000 18756 172.976 -18755.0 -1.0 1.9412 3126 -18656.0 -6.0 
3950000 18819 156.844 -18818.0 -1.0 1.763 3136 -18719.0 -6.0 
3960000 18878 157.274 -18877.0 -1.0 1.7688 3146 -18778.0 -6.0 
3970000 18926 172.863 -18925.0 -1.0 1.9446 3154 -18826.0 -6.0 
3980000 18973 212.895 -18972.0 -1.0 2.3945 3162 -18873.0 -6.0 
3990000 19037 157.023 -19036.0 -1.0 1.7668 3172 -18937.0 -6.0 
4000000 19076 204.427 -19075.0 -1.0 2.3011 3179 -18976.0 -6.0 
4010000 19132 170.439 -19131.0 -1.0 1.911 3188 -19032.0 -6.0 
4020000 19182 181.14 -19181.0 -1.0 2.0274 3197 -19082.0 -6.0 
4030000 19248 162.843 -19247.0 -1.0 1.8248 3208 -19148.0 -6.0 
4040000 19318 144.284 -19317.0 -1.0 1.6151 3219 -19218.0 -6.0 
4050000 19389 139.927 -19388.0 -1.0 1.5657 3231 -19289.0 -6.0 
4060000 19426 209.304 -19425.0 -1.0 2.3407 3237 -19326.0 -6.0 
4070000 19489 165.21 -19488.0 -1.0 1.8481 3248 -19389.0 -6.0 
4080000 19549 172.212 -19548.0 -1.0 1.927 3258 -19449.0 -6.0 
4090000 19600 180.232 -19599.0 -1.0 2.0158 3266 -19500.0 -6.0 
4100000 19661 167.882 -19660.0 -1.0 1.8774 3276 -19561.0 -6.0 
4110000 19701 195.613 -19700.0 -1.0 2.1881 3283 -19601.0 -6.0 
4120000 19765 163.734 -19764.0 -1.0 1.8314 3294 -19665.0 -6.0 
4130000 19837 138.363 -19836.0 -1.0 1.5551 3306 -19737.0 -6.0 
4140000 19907 150.904 -19906.0 -1.0 1.6979 3317 -19807.0 -6.0 
4150000 19979 132.591 -19978.0 -1.0 1.4927 3329 -19879.0 -6.0 
4160000 20039 150.584 -20038.0 -1.0 1.6944 3339 -19939.0 -6.0 
4170000 20098 159.171 -20097.0 -1.0 1.7911 3349 -19998.0 -6.0 
4180000 20133 224.51 -20132.0 -1.0 2.5255 3355 -20033.0 -6.0 
4190000 20180 208.042 -20179.0 -1.0 2.3403 3363 -20080.0 -6.0 
4200000 20246 169.235 -20245.0 -1.0 1.9037 3374 -20146.0 -6.0 
4210000 20308 151.938 -20307.0 -1.0 1.7096 3384 -20208.0 -6.0 
4220000 20369 159.437 -20368.0 -1.0 1.7947 3394 -20269.0 -6.0 
4230000 20408 216.622 -20407.0 -1.0 2.4315 3401 -20308.0 -6.0 
4240000 20465 170.715 -20464.0 -1.0 1.9186 3410 -20365.0 -6.0 
4250000 20517 189.887 -20516.0 -1.0 2.1348 3419 -20417.0 -6.0 
4260000 20579 174.005 -20578.0 -1.0 1.9564 3429 -20479.0 -6.0 
4270000 20621 197.136 -20620.0 -1.0 2.2173 3436 -20521.0 -6.0 
4280000 20656 252.882 -20655.0 -1.0 2.844 3442 -20556.0 -6.0 
4290000 20692 250.572 -20691.0 -1.0 2.8179 3448 -20592.0 -6.0 
4300000 20764 164.706 -20763.0 -1.0 1.8536 3460 -20664.0 -6.0 
4310000 20815 192.928 -20814.0 -1.0 2.1702 3469 -20715.0 -6.0 
4320000 20868 197.351 -20867.0 -1.0 2.2228 3478 -20768.0 -6.0 
4330000 20928 166.85 -20927.0 -1.0 1.8783 3488 -20828.0 -6.0 
4340000 20966 210.201 -20965.0 -1.0 2.3649 3494 -20866.0 -6.0 
4350000 21015 189.185 -21014.0 -1.0 2.1318 3502 -20915.0 -6.0 
4360000 21053 214.716 -21052.0 -1.0 2.4167 3508 -20953.0 -6.0 
4370000 21113 178.701 -21112.0 -1.0 2.0069 3518 -21013.0 -6.0 
4380000 21164 186.643 -21163.0 -1.0 2.0907 3527 -21064.0 -6.0 
4390000 21218 178.784 -21217.0 -1.0 2.0009 3536 -21118.0 -6.0 
4400000 21279 170.892 -21278.0 -1.0 1.9126 3546 -21179.0 -6.0 
4410000 21325 194.53 -21324.0 -1.0 2.1766 3554 -21225.0 -6.0 
4420000 21365 226.286 -21364.0 -1.0 2.5315 3560 -21265.0 -6.0 
4430000 21413 213.032 -21412.0 -1.0 2.3832 3568 -21313.0 -6.0 
4440000 21462 209.521 -21461.0 -1.0 2.3437 3577 -21362.0 -6.0 
4450000 21516 188.202 -21515.0 -1.0 2.1057 3586 -21416.0 -6.0 
4460000 21550 237.696 -21549.0 -1.0 2.6601 3591 -21450.0 -6.0 
4470000 21599 202.119 -21598.0 -1.0 2.2617 3599 -21499.0 -6.0 
4480000 21645 217.273 -21644.0 -1.0 2.4307 3607 -21545.0 -6.0 
4490000 21695 200.266 -21694.0 -1.0 2.2404 3615 -21595.0 -6.0 
4500000 21738 207.503 -21737.0 -1.0 2.3212 3623 -21638.0 -6.0 
4510000 21773 249.538 -21772.0 -1.0 2.7959 3628 -21673.0 -6.0 
4520000 21801 282.349 -21800.0 -1.0 3.1694 3633 -21701.0 -6.0 
4530000 21841 261.818 -21840.0 -1.0 2.9422 3640 -21741.0 -6.0 
4540000 21875 282.82 -21874.0 -1.0 3.1799 3645 -21775.0 -6.0 
4550000 21893 319.731 -21892.0 -1.0 3.5954 3648 -21793.0 -6.0 
4560000 21929 318.602 -21928.0 -1.0 3.5835 3654 -21829.0 -6.0 
4570000 21963 306.973 -21962.0 -1.0 3.4528 3660 -21863.0 -6.0 
4580000 22002 291.667 -22001.0 -1.0 3.2804 3667 -21902.0 -6.0 
4590000 22045 250.846 -22044.0 -1.0 2.8223 3674 -21945.0 -6.0 
4600000 22095 220.949 -22094.0 -1.0 2.4853 3682 -21995.0 -6.0 
4610000 22160 172.085 -22159.0 -1.0 1.9372 3693 -22060.0 -6.0 
4620000 22188 248.104 -22187.0 -1.0 2.7971 3698 -22088.0 -6.0 
4630000 22211 233.454 -22210.0 -1.0 2.6304 3701 -22111.0 -6.0 
4640000 22258 247.517 -22257.0 -1.0 2.7762 3709 -22158.0 -6.0 
4650000 22301 225.85 -22300.0 -1.0 2.5294 3716 -22201.0 -6.0 
4660000 22342 245.517 -22341.0 -1.0 2.7547 3723 -22242.0 -6.0 
4670000 22391 199.205 -22390.0 -1.0 2.239 3731 -22291.0 -6.0 
4680000 22430 242.644 -22429.0 -1.0 2.7294 3738 -22330.0 -6.0 
4690000 22470 232.662 -22469.0 -1.0 2.6175 3745 -22370.0 -6.0 
4700000 22507 256.865 -22506.0 -1.0 2.8896 3751 -22407.0 -6.0 
4710000 22556 224.131 -22555.0 -1.0 2.5214 3759 -22456.0 -6.0 
4720000 22607 201.526 -22606.0 -1.0 2.2668 3767 -22507.0 -6.0 
4730000 22636 273.543 -22635.0 -1.0 3.0873 3772 -22536.0 -6.0 
4740000 22678 249.337 -22677.0 -1.0 2.8088 3779 -22578.0 -6.0 
4750000 22739 191.951 -22738.0 -1.0 2.161 3789 -22639.0 -6.0 
4760000 22767 251.555 -22766.0 -1.0 2.8301 3794 -22667.0 -6.0 
4770000 22810 235.203 -22809.0 -1.0 2.6462 3801 -22710.0 -6.0 
4780000 22871 176.699 -22870.0 -1.0 1.9885 3811 -22771.0 -6.0 
4790000 22912 219.036 -22911.0 -1.0 2.4641 3818 -22812.0 -6.0 
4800000 22949 240.27 -22948.0 -1.0 2.7024 3824 -22849.0 -6.0 
4810000 22967 216.745 -22966.0 -1.0 2.438 3827 -22867.0 -6.0 
4820000 23015 231.978 -23014.0 -1.0 2.6121 3835 -22915.0 -6.0 
4830000 23045 280.826 -23044.0 -1.0 3.1588 3840 -22945.0 -6.0 
4840000 23080 298.412 -23079.0 -1.0 3.3563 3846 -22980.0 -6.0 
4850000 23126 267.348 -23125.0 -1.0 3.0066 3854 -23026.0 -6.0 
4860000 23199 170.839 -23198.0 -1.0 1.9223 3866 -23099.0 -6.0 
4870000 23248 195.72 -23247.0 -1.0 2.2042 3874 -23148.0 -6.0 
4880000 23285 222.728 -23284.0 -1.0 2.5066 3880 -23185.0 -6.0 
4890000 23341 190.825 -23340.0 -1.0 2.1479 3890 -23241.0 -6.0 
4900000 23399 173.346 -23398.0 -1.0 1.951 3899 -23299.0 -6.0 
4910000 23448 198.828 -23447.0 -1.0 2.237 3908 -23348.0 -6.0 
4920000 23470 276.899 -23469.0 -1.0 3.1119 3911 -23370.0 -6.0 
4930000 23521 228.555 -23520.0 -1.0 2.5613 3920 -23421.0 -6.0 
4940000 23563 225.316 -23562.0 -1.0 2.5217 3927 -23463.0 -6.0 
4950000 23633 165.726 -23632.0 -1.0 1.8544 3938 -23533.0 -6.0 
4960000 23687 161.498 -23686.0 -1.0 1.8069 3947 -23587.0 -6.0 
4970000 23735 211.181 -23734.0 -1.0 2.3632 3955 -23635.0 -6.0 
4980000 23771 227.996 -23770.0 -1.0 2.5588 3961 -23671.0 -6.0 
4990000 23820 211.658 -23819.0 -1.0 2.3786 3970 -23720.0 -6.0 
5000000 23868 206.141 -23867.0 -1.0 2.3191 3978 -23768.0 -6.0 
5010000 23916 212.613 -23915.0 -1.0 2.3879 3986 -23816.0 -6.0 
5020000 23957 198.478 -23956.0 -1.0 2.2244 3992 -23857.0 -6.0 
5030000 24010 195.564 -24009.0 -1.0 2.1892 4001 -23910.0 -6.0 
5040000 24046 225.452 -24045.0 -1.0 2.529 4007 -23946.0 -6.0 
5050000 24119 155.668 -24118.0 -1.0 1.7507 4019 -24019.0 -6.0 
5060000 24147 244.29 -24146.0 -1.0 2.7547 4024 -24047.0 -6.0 
5070000 24197 195.23 -24196.0 -1.0 2.1952 4032 -24097.0 -6.0 
5080000 24246 186.353 -24245.0 -1.0 2.0913 4041 -24146.0 -6.0 
5090000 24287 208.028 -24286.0 -1.0 2.3296 4047 -24187.0 -6.0 
5100000 24348 188.325 -24347.0 -1.0 2.1075 4058 -24248.0 -6.0 
5110000 24425 128.682 -24424.0 -1.0 1.4437 4070 -24325.0 -6.0 
5120000 24490 143.266 -24489.0 -1.0 1.6042 4081 -24390.0 -6.0 
5130000 24558 153.702 -24557.0 -1.0 1.7193 4093 -24458.0 -6.0 
5140000 24606 187.075 -24605.0 -1.0 2.0931 4101 -24506.0 -6.0 
5150000 24649 204.966 -24648.0 -1.0 2.2925 4108 -24549.0 -6.0 
5160000 24689 232.345 -24688.0 -1.0 2.5981 4114 -24589.0 -6.0 
5170000 24743 210.784 -24742.0 -1.0 2.3573 4123 -24643.0 -6.0 
5180000 24825 143.466 -24824.0 -1.0 1.6053 4137 -24725.0 -6.0 
5190000 24877 176.426 -24876.0 -1.0 1.9736 4146 -24777.0 -6.0 
5200000 24933 179.374 -24932.0 -1.0 2.0067 4155 -24833.0 -6.0 
5210000 24965 155.331 -24964.0 -1.0 1.7382 4160 -24865.0 -6.0 
5220000 24992 304.537 -24991.0 -1.0 3.4055 4165 -24892.0 -6.0 
5230000 25036 266.046 -25035.0 -1.0 2.9749 4172 -24936.0 -6.0 
5240000 25096 197.225 -25095.0 -1.0 2.2057 4182 -24996.0 -6.0 
5250000 25165 157.455 -25164.0 -1.0 1.7636 4194 -25065.0 -6.0 
5260000 25221 169.076 -25220.0 -1.0 1.8916 4203 -25121.0 -6.0 
5270000 25259 214.093 -25258.0 -1.0 2.3942 4209 -25159.0 -6.0 
5280000 25290 269.355 -25289.0 -1.0 3.0121 4215 -25190.0 -6.0 
5290000 25317 280.839 -25316.0 -1.0 3.1396 4219 -25217.0 -6.0 
5300000 25347 320.022 -25346.0 -1.0 3.578 4224 -25247.0 -6.0 
5310000 25403 223.564 -25402.0 -1.0 2.5038 4233 -25303.0 -6.0 
5320000 25454 207.403 -25453.0 -1.0 2.3211 4242 -25354.0 -6.0 
5330000 25522 160.43 -25521.0 -1.0 1.7983 4253 -25422.0 -6.0 
5340000 25573 181.197 -25572.0 -1.0 2.0279 4262 -25473.0 -6.0 
5350000 25594 279.152 -25593.0 -1.0 3.1218 4265 -25494.0 -6.0 
5360000 25622 319.165 -25621.0 -1.0 3.5688 4270 -25522.0 -6.0 
5370000 25660 283.886 -25659.0 -1.0 3.1752 4276 -25560.0 -6.0 
5380000 25703 234.731 -25702.0 -1.0 2.6329 4283 -25603.0 -6.0 
5390000 25745 241.376 -25744.0 -1.0 2.7125 4290 -25645.0 -6.0 
5400000 25805 170.488 -25804.0 -1.0 1.9173 4300 -25705.0 -6.0 
5410000 25823 286.803 -25822.0 -1.0 3.2324 4303 -25723.0 -6.0 
5420000 25870 237.355 -25869.0 -1.0 2.672 4311 -25770.0 -6.0 
5430000 25895 284.675 -25894.0 -1.0 3.1966 4315 -25795.0 -6.0 
5440000 25921 336.87 -25920.0 -1.0 3.7741 4320 -25821.0 -6.0 
5450000 25964 263.134 -25963.0 -1.0 2.9456 4327 -25864.0 -6.0 
5460000 26022 207.323 -26021.0 -1.0 2.3203 4337 -25922.0 -6.0 
5470000 26074 184.413 -26073.0 -1.0 2.0631 4345 -25974.0 -6.0 
5480000 26145 156.891 -26144.0 -1.0 1.7556 4357 -26045.0 -6.0 
5490000 26189 179.163 -26188.0 -1.0 2.0061 4364 -26089.0 -6.0 
5500000 26245 175.94 -26244.0 -1.0 1.9686 4374 -26145.0 -6.0 
5510000 26307 165.703 -26306.0 -1.0 1.854 4384 -26207.0 -6.0 
5520000 26350 178.85 -26349.0 -1.0 2.009 4391 -26250.0 -6.0 
5530000 26360 363.152 -26359.0 -1.0 4.08 4393 -26260.0 -6.0 
5540000 26415 242.596 -26414.0 -1.0 2.719 4402 -26315.0 -6.0 
5550000 26453 232.843 -26452.0 -1.0 2.6097 4408 -26353.0 -6.0 
5560000 26530 153.615 -26529.0 -1.0 1.7228 4421 -26430.0 -6.0 
5570000 26581 169.651 -26580.0 -1.0 1.9059 4430 -26481.0 -6.0 
5580000 26640 176.393 -26639.0 -1.0 1.9759 4440 -26540.0 -6.0 
5590000 26663 196.724 -26662.0 -1.0 2.2018 4443 -26563.0 -6.0 
5600000 26705 254.567 -26704.0 -1.0 2.8472 4450 -26605.0 -6.0 
5610000 26747 210.221 -26746.0 -1.0 2.3516 4457 -26647.0 -6.0 
5620000 26795 228.755 -26794.0 -1.0 2.558 4465 -26695.0 -6.0 
5630000 26846 211.881 -26845.0 -1.0 2.3701 4474 -26746.0 -6.0 
5640000 26881 246.638 -26880.0 -1.0 2.7579 4480 -26781.0 -6.0 
5650000 26939 191.675 -26938.0 -1.0 2.1439 4489 -26839.0 -6.0 
5660000 26982 212.87 -26981.0 -1.0 2.3812 4497 -26882.0 -6.0 
5670000 27051 158.815 -27050.0 -1.0 1.7766 4508 -26951.0 -6.0 
5680000 27112 168.284 -27111.0 -1.0 1.8848 4518 -27012.0 -6.0 
5690000 27152 200.185 -27151.0 -1.0 2.2397 4525 -27052.0 -6.0 
5700000 27185 231.679 -27184.0 -1.0 2.5908 4530 -27085.0 -6.0 
5710000 27209 288.868 -27208.0 -1.0 3.2348 4534 -27109.0 -6.0 
5720000 27258 225.565 -27257.0 -1.0 2.5249 4543 -27158.0 -6.0 
5730000 27309 210.819 -27308.0 -1.0 2.3586 4551 -27209.0 -6.0 
5740000 27359 168.325 -27358.0 -1.0 1.885 4559 -27259.0 -6.0 
5750000 27395 242.578 -27394.0 -1.0 2.7144 4565 -27295.0 -6.0 
5760000 27441 214.186 -27440.0 -1.0 2.4006 4573 -27341.0 -6.0 
5770000 27490 199.827 -27489.0 -1.0 2.2381 4581 -27390.0 -6.0 
5780000 27548 177.427 -27547.0 -1.0 1.986 4591 -27448.0 -6.0 
5790000 27592 210.552 -27591.0 -1.0 2.3561 4598 -27492.0 -6.0 
5800000 27623 239.908 -27622.0 -1.0 2.6838 4603 -27523.0 -6.0 
5810000 27667 228.042 -27666.0 -1.0 2.5505 4611 -27567.0 -6.0 
5820000 27711 239.576 -27710.0 -1.0 2.6877 4618 -27611.0 -6.0 
5830000 27755 214.99 -27754.0 -1.0 2.4085 4625 -27655.0 -6.0 
5840000 27783 294.098 -27782.0 -1.0 3.2905 4630 -27683.0 -6.0 
5850000 27826 259.155 -27825.0 -1.0 2.9033 4637 -27726.0 -6.0 
5860000 27855 305.581 -27854.0 -1.0 3.4198 4642 -27755.0 -6.0 
5870000 27903 248.237 -27902.0 -1.0 2.7767 4650 -27803.0 -6.0 
5880000 27949 232.356 -27948.0 -1.0 2.6103 4658 -27849.0 -6.0 
5890000 28001 202.705 -28000.0 -1.0 2.2792 4666 -27901.0 -6.0 
5900000 28056 177.52 -28055.0 -1.0 1.9968 4676 -27956.0 -6.0 
5910000 28108 189.966 -28107.0 -1.0 2.1389 4684 -28008.0 -6.0 
5920000 28154 214.797 -28153.0 -1.0 2.4174 4692 -28054.0 -6.0 
5930000 28205 200.394 -28204.0 -1.0 2.2544 4700 -28105.0 -6.0 
5940000 28258 182.403 -28257.0 -1.0 2.0521 4709 -28158.0 -6.0 
5950000 28314 187.083 -28313.0 -1.0 2.1046 4719 -28214.0 -6.0 
5960000 28355 206.954 -28354.0 -1.0 2.3284 4725 -28255.0 -6.0 
5970000 28415 186.807 -28414.0 -1.0 2.1021 4735 -28315.0 -6.0 
5980000 28454 224.968 -28453.0 -1.0 2.5308 4742 -28354.0 -6.0 
5990000 28497 224.364 -28496.0 -1.0 2.5237 4749 -28397.0 -6.0 
6000000 28533 251.747 -28532.0 -1.0 2.8279 4755 -28433.0 -6.0 
6010000 28574 248.699 -28573.0 -1.0 2.7904 4762 -28474.0 -6.0 
6020000 28606 272.354 -28605.0 -1.0 3.0504 4767 -28506.0 -6.0 
6030000 28655 194.951 -28654.0 -1.0 2.1824 4775 -28555.0 -6.0 
6040000 28690 257.996 -28689.0 -1.0 2.8861 4781 -28590.0 -6.0 
6050000 28729 268.478 -28728.0 -1.0 3.0021 4788 -28629.0 -6.0 
6060000 28769 256.187 -28768.0 -1.0 2.8643 4794 -28669.0 -6.0 
6070000 28805 259.322 -28804.0 -1.0 2.9033 4800 -28705.0 -6.0 
6080000 28870 180.409 -28869.0 -1.0 2.0188 4811 -28770.0 -6.0 
6090000 28922 200.606 -28921.0 -1.0 2.2441 4820 -28822.0 -6.0 
6100000 28973 179.765 -28972.0 -1.0 2.0194 4828 -28873.0 -6.0 
6110000 29035 169.363 -29034.0 -1.0 1.9056 4839 -28935.0 -6.0 
6120000 29101 160.536 -29100.0 -1.0 1.8088 4850 -29001.0 -6.0 
6130000 29159 165.31 -29158.0 -1.0 1.8569 4859 -29059.0 -6.0 
6140000 29195 221.163 -29194.0 -1.0 2.477 4865 -29095.0 -6.0 
6150000 29270 157.261 -29269.0 -1.0 1.7665 4878 -29170.0 -6.0 
6160000 29318 199.871 -29317.0 -1.0 2.2477 4886 -29218.0 -6.0 
6170000 29351 228.431 -29350.0 -1.0 2.5692 4891 -29251.0 -6.0 
6180000 29400 227.919 -29399.0 -1.0 2.5676 4900 -29300.0 -6.0 
6190000 29447 224.863 -29446.0 -1.0 2.5313 4907 -29347.0 -6.0 
6200000 29516 166.794 -29515.0 -1.0 1.8773 4919 -29416.0 -6.0 
6210000 29537 272.018 -29536.0 -1.0 3.0651 4922 -29437.0 -6.0 
6220000 29573 278.052 -29572.0 -1.0 3.1294 4928 -29473.0 -6.0 
6230000 29612 266.365 -29611.0 -1.0 2.9925 4935 -29512.0 -6.0 
6240000 29653 243.199 -29652.0 -1.0 2.7257 4942 -29553.0 -6.0 
6250000 29711 202.897 -29710.0 -1.0 2.2785 4951 -29611.0 -6.0 
6260000 29732 288.652 -29731.0 -1.0 3.2513 4955 -29632.0 -6.0 
6270000 29787 215.36 -29786.0 -1.0 2.4238 4964 -29687.0 -6.0 
6280000 29823 239.714 -29822.0 -1.0 2.6968 4970 -29723.0 -6.0 
6290000 29865 246.465 -29864.0 -1.0 2.7764 4977 -29765.0 -6.0 
6300000 29932 164.608 -29931.0 -1.0 1.8529 4988 -29832.0 -6.0 
6310000 29992 159.333 -29991.0 -1.0 1.7924 4998 -29892.0 -6.0 
6320000 30047 171.309 -30046.0 -1.0 1.923 5007 -29947.0 -6.0 
6330000 30077 230.606 -30076.0 -1.0 2.5821 5012 -29977.0 -6.0 
6340000 30099 313.634 -30098.0 -1.0 3.5087 5016 -29999.0 -6.0 
6350000 30158 215.227 -30157.0 -1.0 2.4082 5026 -30058.0 -6.0 
6360000 30216 187.754 -30215.0 -1.0 2.1002 5036 -30116.0 -6.0 
6370000 30250 226.009 -30249.0 -1.0 2.5278 5041 -30150.0 -6.0 
6380000 30318 182.952 -30317.0 -1.0 2.0462 5053 -30218.0 -6.0 
6390000 30391 146.363 -30390.0 -1.0 1.6377 5065 -30291.0 -6.0 
6400000 30433 189.621 -30432.0 -1.0 2.1205 5072 -30333.0 -6.0 
6410000 30499 170.655 -30498.0 -1.0 1.9086 5083 -30399.0 -6.0 
6420000 30548 181.882 -30547.0 -1.0 2.0401 5091 -30448.0 -6.0 
6430000 30578 242.382 -30577.0 -1.0 2.7214 5096 -30478.0 -6.0 
6440000 30643 175.914 -30642.0 -1.0 1.9752 5107 -30543.0 -6.0 
6450000 30669 257.542 -30668.0 -1.0 2.8894 5111 -30569.0 -6.0 
6460000 30707 233.234 -30706.0 -1.0 2.6286 5117 -30607.0 -6.0 
6470000 30760 227.545 -30759.0 -1.0 2.5612 5126 -30660.0 -6.0 
6480000 30836 157.866 -30835.0 -1.0 1.7777 5139 -30736.0 -6.0 
6490000 30890 154.154 -30889.0 -1.0 1.7365 5148 -30790.0 -6.0 
6500000 30935 183.534 -30934.0 -1.0 2.0656 5155 -30835.0 -6.0 
6510000 30986 188.039 -30985.0 -1.0 2.1193 5164 -30886.0 -6.0 
6520000 31019 184.569 -31018.0 -1.0 2.0781 5169 -30919.0 -6.0 
6530000 31060 242.477 -31059.0 -1.0 2.7273 5176 -30960.0 -6.0 
6540000 31091 238.045 -31090.0 -1.0 2.6895 5181 -30991.0 -6.0 
6550000 31147 204.286 -31146.0 -1.0 2.3098 5191 -31047.0 -6.0 
6560000 31206 178.684 -31205.0 -1.0 2.0139 5201 -31106.0 -6.0 
6570000 31263 179.311 -31262.0 -1.0 2.0187 5210 -31163.0 -6.0 
6580000 31309 208.991 -31308.0 -1.0 2.3521 5218 -31209.0 -6.0 
6590000 31366 180.826 -31365.0 -1.0 2.035 5227 -31266.0 -6.0 
6600000 31411 199.107 -31410.0 -1.0 2.2353 5235 -31311.0 -6.0 
6610000 31468 176.327 -31467.0 -1.0 1.9756 5244 -31368.0 -6.0 
6620000 31505 221.541 -31504.0 -1.0 2.4788 5250 -31405.0 -6.0 
6630000 31559 198.699 -31558.0 -1.0 2.23 5259 -31459.0 -6.0 
6640000 31607 213.003 -31606.0 -1.0 2.3854 5267 -31507.0 -6.0 
6650000 31667 183.836 -31666.0 -1.0 2.0575 5277 -31567.0 -6.0 
6660000 31704 224.157 -31703.0 -1.0 2.5162 5284 -31604.0 -6.0 
6670000 31709 222.4 -31708.0 -1.0 2.5007 5284 -31609.0 -6.0 
6680000 31763 258.797 -31762.0 -1.0 2.9112 5293 -31663.0 -6.0 
6690000 31821 193.378 -31820.0 -1.0 2.1761 5303 -31721.0 -6.0 
6700000 31888 160.346 -31887.0 -1.0 1.8071 5314 -31788.0 -6.0 
6710000 31913 250.66 -31912.0 -1.0 2.8217 5318 -31813.0 -6.0 
6720000 31937 301.308 -31936.0 -1.0 3.3898 5322 -31837.0 -6.0 
6730000 31970 315.802 -31969.0 -1.0 3.5533 5328 -31870.0 -6.0 
6740000 32015 241.114 -32014.0 -1.0 2.7131 5335 -31915.0 -6.0 
6750000 32052 262.003 -32051.0 -1.0 2.9599 5342 -31952.0 -6.0 
6760000 32106 207.012 -32105.0 -1.0 2.3338 5351 -32006.0 -6.0 
6770000 32145 243.183 -32144.0 -1.0 2.7371 5357 -32045.0 -6.0 
6780000 32194 220.745 -32193.0 -1.0 2.4844 5365 -32094.0 -6.0 
6790000 32227 223.717 -32226.0 -1.0 2.5173 5371 -32127.0 -6.0 
6800000 32289 194.843 -32288.0 -1.0 2.1921 5381 -32189.0 -6.0 
6810000 32329 223.285 -32328.0 -1.0 2.5167 5388 -32229.0 -6.0 
6820000 32375 218.545 -32374.0 -1.0 2.4516 5395 -32275.0 -6.0 
6830000 32405 250.275 -32404.0 -1.0 2.8027 5400 -32305.0 -6.0 
6840000 32466 198.981 -32465.0 -1.0 2.2413 5411 -32366.0 -6.0 
6850000 32523 168.449 -32522.0 -1.0 1.8963 5420 -32423.0 -6.0 
6860000 32556 253.24 -32555.0 -1.0 2.8481 5426 -32456.0 -6.0 
6870000 32591 272.025 -32590.0 -1.0 3.0644 5431 -32491.0 -6.0 
6880000 32615 328.984 -32614.0 -1.0 3.7023 5435 -32515.0 -6.0 
6890000 32657 269.9 -32656.0 -1.0 3.037 5442 -32557.0 -6.0 
6900000 32693 250.515 -32692.0 -1.0 2.8184 5448 -32593.0 -6.0 
6910000 32727 271.908 -32726.0 -1.0 3.0582 5454 -32627.0 -6.0 
6920000 32771 242.892 -32770.0 -1.0 2.7324 5461 -32671.0 -6.0 
6930000 32841 165.473 -32840.0 -1.0 1.8575 5473 -32741.0 -6.0 
6940000 32885 169.982 -32884.0 -1.0 1.9036 5480 -32785.0 -6.0 
6950000 32952 155.114 -32951.0 -1.0 1.7401 5492 -32852.0 -6.0 
6960000 32999 162.298 -32998.0 -1.0 1.817 5499 -32899.0 -6.0 
6970000 33020 297.102 -33019.0 -1.0 3.3218 5503 -32920.0 -6.0 
6980000 33059 251.674 -33058.0 -1.0 2.8188 5509 -32959.0 -6.0 
6990000 33103 231.41 -33102.0 -1.0 2.5931 5517 -33003.0 -6.0 
7000000 33144 235.454 -33143.0 -1.0 2.6432 5524 -33044.0 -6.0 
7010000 33185 236.268 -33184.0 -1.0 2.6556 5530 -33085.0 -6.0 
7020000 33219 255.345 -33218.0 -1.0 2.8711 5536 -33119.0 -6.0 
7030000 33255 283.654 -33254.0 -1.0 3.1901 5542 -33155.0 -6.0 
7040000 33299 226.174 -33298.0 -1.0 2.5495 5549 -33199.0 -6.0 
7050000 33342 235.024 -33341.0 -1.0 2.6379 5557 -33242.0 -6.0 
7060000 33379 257.778 -33378.0 -1.0 2.8858 5563 -33279.0 -6.0 
7070000 33436 203.335 -33435.0 -1.0 2.281 5572 -33336.0 -6.0 
7080000 33453 299.962 -33452.0 -1.0 3.3592 5575 -33353.0 -6.0 
7090000 33498 266.05 -33497.0 -1.0 2.9866 5583 -33398.0 -6.0 
7100000 33537 248.888 -33536.0 -1.0 2.8039 5589 -33437.0 -6.0 
7110000 33568 286.133 -33567.0 -1.0 3.21 5594 -33468.0 -6.0 
7120000 33617 200.153 -33616.0 -1.0 2.2428 5602 -33517.0 -6.0 
7130000 33649 278.741 -33648.0 -1.0 3.1319 5608 -33549.0 -6.0 
7140000 33726 179.613 -33725.0 -1.0 2.0125 5621 -33626.0 -6.0 
7150000 33755 264.355 -33754.0 -1.0 2.9567 5625 -33655.0 -6.0 
7160000 33813 211.777 -33812.0 -1.0 2.369 5635 -33713.0 -6.0 
7170000 33865 195.654 -33864.0 -1.0 2.1883 5644 -33765.0 -6.0 
7180000 33920 192.94 -33919.0 -1.0 2.1578 5653 -33820.0 -6.0 
7190000 33959 222.745 -33958.0 -1.0 2.491 5659 -33859.0 -6.0 
7200000 33995 236.135 -33994.0 -1.0 2.6403 5665 -33895.0 -6.0 
7210000 34055 175.713 -34054.0 -1.0 1.9671 5675 -33955.0 -6.0 
7220000 34100 200.281 -34099.0 -1.0 2.2495 5683 -34000.0 -6.0 
7230000 34146 207.021 -34145.0 -1.0 2.3269 5691 -34046.0 -6.0 
7240000 34201 200.235 -34200.0 -1.0 2.2606 5700 -34101.0 -6.0 
7250000 34263 175.856 -34262.0 -1.0 1.981 5710 -34163.0 -6.0 
7260000 34320 170.699 -34319.0 -1.0 1.9214 5720 -34220.0 -6.0 
7270000 34356 213.994 -34355.0 -1.0 2.4081 5726 -34256.0 -6.0 
7280000 34421 157.372 -34420.0 -1.0 1.7713 5736 -34321.0 -6.0 
7290000 34433 262.631 -34432.0 -1.0 2.9535 5738 -34333.0 -6.0 
7300000 34471 270.817 -34470.0 -1.0 3.0492 5745 -34371.0 -6.0 
7310000 34493 327.714 -34491.0 -0.987 3.6756 5748 -34293.0 2.1 
7320000 34517 348.531 -34515.0 -0.992 3.9025 5752 -34317.0 -0.6856 
7330000 34577 222.068 -34575.0 -0.998 2.488 5762 -34377.0 -4.147 
7340000 34609 246.395 -34607.0 -0.999 2.7572 5768 -34409.0 -5.0152 
7350000 34661 192.383 -34659.0 -1.0 2.152 5776 -34461.0 -5.5761 
7360000 34697 240.527 -34695.0 -1.0 2.6903 5782 -34497.0 -5.7747 
7370000 34750 211.634 -34748.0 -1.0 2.3708 5791 -34550.0 -5.9127 
7380000 34804 187.007 -34802.0 -1.0 2.0998 5800 -34604.0 -5.9662 
7390000 34866 153.996 -34864.0 -1.0 1.7317 5811 -34666.0 -5.9894 
7400000 34895 222.793 -34893.0 -1.0 2.5043 5815 -34695.0 -5.993 
7410000 34954 189.715 -34952.0 -1.0 2.1368 5825 -34754.0 -5.9976 
7420000 35003 183.342 -35001.0 -1.0 2.0632 5833 -34803.0 -5.999 
7430000 35033 262.696 -35031.0 -1.0 2.9548 5838 -34833.0 -5.9994 
7440000 35081 215.823 -35079.0 -1.0 2.4277 5846 -34881.0 -5.9997 
7450000 35138 192.764 -35136.0 -1.0 2.1678 5856 -34938.0 -5.9999 
7460000 35203 155.631 -35201.0 -1.0 1.7509 5867 -35003.0 -6.0 
7470000 35251 197.431 -35249.0 -1.0 2.2199 5875 -35051.0 -6.0 
7480000 35303 180.203 -35301.0 -1.0 2.0191 5883 -35103.0 -6.0 
7490000 35339 206.725 -35337.0 -1.0 2.3171 5889 -35139.0 -6.0 
7500000 35394 189.53 -35392.0 -1.0 2.121 5899 -35194.0 -6.0 
7510000 35471 147.761 -35469.0 -1.0 1.6518 5911 -35271.0 -6.0 
7520000 35546 142.169 -35544.0 -1.0 1.5903 5924 -35346.0 -6.0 
7530000 35613 139.68 -35611.0 -1.0 1.5627 5935 -35413.0 -6.0 
7540000 35658 180.655 -35656.0 -1.0 2.0205 5943 -35458.0 -6.0 
7550000 35735 148.72 -35733.0 -1.0 1.6643 5955 -35535.0 -6.0 
7560000 35784 175.511 -35782.0 -1.0 1.9637 5964 -35584.0 -6.0 
7570000 35825 196.365 -35823.0 -1.0 2.2105 5970 -35625.0 -6.0 
7580000 35879 163.09 -35877.0 -1.0 1.8362 5979 -35679.0 -6.0 
7590000 35945 177.044 -35943.0 -1.0 1.9925 5990 -35745.0 -6.0 
7600000 35974 241.863 -35972.0 -1.0 2.7208 5995 -35774.0 -6.0 
7610000 36036 170.338 -36034.0 -1.0 1.9168 6006 -35836.0 -6.0 
7620000 36095 173.205 -36093.0 -1.0 1.9491 6015 -35895.0 -6.0 
7630000 36112 286.899 -36110.0 -1.0 3.2273 6018 -35912.0 -6.0 
7640000 36173 199.726 -36171.0 -1.0 2.2465 6028 -35973.0 -6.0 
7650000 36230 186.854 -36228.0 -1.0 2.102 6038 -36030.0 -6.0 
7660000 36275 191.745 -36273.0 -1.0 2.1566 6045 -36075.0 -6.0 
7670000 36306 263.01 -36304.0 -1.0 2.9579 6051 -36106.0 -6.0 
7680000 36368 183.149 -36366.0 -1.0 2.0608 6061 -36168.0 -6.0 
7690000 36401 239.651 -36399.0 -1.0 2.6959 6066 -36201.0 -6.0 
7700000 36432 277.18 -36430.0 -1.0 3.1174 6072 -36232.0 -6.0 
7710000 36485 224.195 -36483.0 -1.0 2.5248 6080 -36285.0 -6.0 
7720000 36531 221.445 -36529.0 -1.0 2.4921 6088 -36331.0 -6.0 
7730000 36567 254.374 -36565.0 -1.0 2.8614 6094 -36367.0 -6.0 
7740000 36624 194.165 -36622.0 -1.0 2.1842 6104 -36424.0 -6.0 
7750000 36657 236.109 -36655.0 -1.0 2.6552 6109 -36457.0 -6.0 
7760000 36689 235.615 -36687.0 -1.0 2.6494 6114 -36489.0 -6.0 
7770000 36716 300.976 -36714.0 -1.0 3.3826 6119 -36516.0 -6.0 
7780000 36734 363.782 -36732.0 -1.0 4.0784 6122 -36534.0 -6.0 
7790000 36779 267.749 -36776.0 -0.992 2.998 6129 -36479.0 -0.6856 
7800000 36815 281.832 -36812.0 -0.996 3.1533 6135 -36515.0 -3.1757 
7810000 36839 336.955 -36836.0 -0.998 3.7688 6139 -36539.0 -4.147 
7820000 36893 229.604 -36890.0 -0.999 2.5679 6148 -36593.0 -5.2821 
7830000 36951 177.021 -36948.0 -1.0 1.9801 6158 -36651.0 -5.7497 
7840000 36977 200.664 -36974.0 -1.0 2.2442 6162 -36677.0 -5.8358 
7850000 37022 245.97 -37019.0 -1.0 2.7495 6170 -36722.0 -5.9293 
7860000 37080 184.476 -37077.0 -1.0 2.0628 6180 -36780.0 -5.9753 
7870000 37115 243.726 -37112.0 -1.0 2.7237 6185 -36815.0 -5.9854 
7880000 37157 218.602 -37154.0 -1.0 2.4436 6192 -36857.0 -5.993 
7890000 37193 242.68 -37190.0 -1.0 2.7164 6198 -36893.0 -5.9963 
7900000 37223 279.15 -37220.0 -1.0 3.1325 6203 -36923.0 -5.9978 
7910000 37241 336.495 -37238.0 -1.0 3.7692 6206 -36941.0 -5.9984 
7920000 37283 273.215 -37280.0 -1.0 3.0624 6213 -36983.0 -5.9992 
7930000 37313 296.105 -37310.0 -1.0 3.3152 6218 -37013.0 -5.9996 
7940000 37319 419.364 -37316.0 -1.0 4.6909 6219 -37019.0 -5.9996 
7950000 37344 407.711 -37341.0 -1.0 4.5641 6224 -37044.0 -5.9998 
7960000 37355 392.008 -37352.0 -1.0 4.391 6225 -37055.0 -5.9998 
7970000 37360 584.724 -37356.0 -1.0 6.5571 6226 -36960.0 -5.9998 
7980000 37391 481.28 -37387.0 -0.989 5.4015 6231 -36991.0 0.5611 
7990000 37428 362.238 -37424.0 -0.995 4.0685 6238 -37028.0 -2.8618 
8000000 37488 237.216 -37484.0 -0.998 2.6672 6248 -37088.0 -4.9058 
8010000 37525 260.729 -37521.0 -0.999 2.9324 6254 -37125.0 -5.4185 
8020000 37568 232.884 -37564.0 -1.0 2.6199 6261 -37168.0 -5.7219 
8030000 37601 226.896 -37597.0 -1.0 2.5524 6266 -37201.0 -5.8358 
8040000 37633 298.503 -37629.0 -1.0 3.3531 6272 -37233.0 -5.9127 
8050000 37668 302.548 -37664.0 -1.0 3.3996 6278 -37268.0 -5.9536 
