10000 15 160.646 -6.313 -0.111 0.4577 0 0 0 
20000 27 310.973 -14.725 -0.234 0.8836 0 0 0 
30000 71 263.351 -50.56 -0.593 1.0507 0 0 0 
40000 119 216.14 -91.258 -0.759 0.9908 0 0 0 
50000 152 252.625 -117.248 -0.774 1.2337 0 0 0 
60000 197 240.606 -140.077 -0.619 1.2097 0 0 0 
70000 217 318.113 -145.054 -0.516 1.6001 0 0 0 
80000 252 291.129 -169.968 -0.624 1.4676 0 0 0 
90000 284 298.821 -193.571 -0.68 1.5171 0 0 0 
100000 318 299.628 -208.885 -0.551 1.525 0 0 0 
110000 356 275.844 -230.516 -0.578 1.4041 0 0 0 
120000 388 289.25 -235.857 -0.387 1.4699 0 0 0 
130000 443 207.598 -272.716 -0.542 1.0607 0 0 0 
140000 468 281.926 -289.449 -0.604 1.442 0 0 0 
150000 492 329.353 -303.872 -0.6 1.6722 0 0 0 
160000 520 332.001 -309.827 -0.441 1.6913 0 0 0 
170000 549 355.266 -324.423 -0.441 1.8112 0 0 0 
180000 578 337.25 -345.14 -0.567 1.7161 0 0 0 
190000 603 354.724 -364.642 -0.658 1.8037 0 0 0 
200000 638 320.424 -389.915 -0.678 1.6304 0 0 0 
210000 677 279.95 -419.31 -0.728 1.4185 0 0 0 
220000 722 223.25 -438.598 -0.577 1.1339 0 0 0 
230000 760 264.223 -467.1 -0.68 1.3439 0 0 0 
240000 792 297.442 -489.941 -0.686 1.5108 0 0 0 
250000 815 351.188 -501.303 -0.625 1.7838 0 0 0 
260000 838 370.347 -518.739 -0.685 1.8829 0 0 0 
270000 860 413.855 -537.19 -0.737 2.1018 0 0 0 
280000 880 440.111 -551.008 -0.723 2.2413 0 0 0 
290000 899 453.807 -559.851 -0.654 2.3163 0 0 0 
300000 922 445.12 -568.866 -0.556 2.2832 0 0 0 
310000 935 524.949 -576.84 -0.565 2.6934 0 0 0 
320000 960 466.297 -591.512 -0.566 2.3975 0 0 0 
330000 987 416.165 -598.341 -0.424 2.1364 0 0 0 
340000 1004 476.101 -606.485 -0.433 2.4418 0 0 0 
350000 1025 468.918 -616.949 -0.446 2.4122 0 0 0 
360000 1049 452.929 -628.461 -0.456 2.3303 0 0 0 
370000 1067 484.858 -636.474 -0.461 2.4933 0 0 0 
380000 1086 495.337 -649.198 -0.532 2.5386 0 0 0 
390000 1125 364.615 -674.296 -0.611 1.8765 0 0 0 
400000 1158 320.009 -689.079 -0.548 1.6433 0 0 0 
410000 1189 318.822 -701.57 -0.488 1.6427 0 0 0 
420000 1212 368.806 -714.25 -0.506 1.869 0 0 0 
430000 1229 429.926 -722.533 -0.497 2.1682 0 0 0 
440000 1256 400.748 -731.348 -0.434 2.0238 0 0 0 
450000 1279 404.593 -740.181 -0.41 2.0493 0 0 0 
460000 1300 431.091 -751.188 -0.451 2.1837 0 0 0 
470000 1321 448.044 -763.526 -0.495 2.277 0 0 0 
480000 1345 432.66 -782.829 -0.617 2.2042 0 0 0 
490000 1362 475.966 -789.728 -0.553 2.4292 0 0 0 
500000 1378 520.776 -794.752 -0.488 2.6633 0 0 0 
510000 1399 497.447 -805.901 -0.514 2.5513 0 0 0 
520000 1422 478.927 -819.423 -0.549 2.4562 0 0 0 
530000 1442 468.409 -828.435 -0.514 2.4085 0 0 0 
540000 1456 533.681 -837.448 -0.54 2.7496 0 0 0 
550000 1481 474.951 -848.064 -0.491 2.4482 0 0 0 
560000 1497 508.223 -855.726 -0.493 2.6184 0 0 0 
570000 1522 469.609 -868.676 -0.513 2.4175 0 0 0 
580000 1543 469.27 -879.791 -0.505 2.4183 0 0 0 
590000 1581 342.842 -879.876 -0.237 1.77 0 0 0 
600000 1613 338.805 -873.032 -0.025 1.7516 0 0 0 
610000 1633 394.889 -872.528 -0.004 2.0409 0 0 0 
620000 1662 381.241 -876.896 -0.065 1.9721 0 0 0 
630000 1693 350.905 -881.737 -0.107 1.8127 0 0 0 
640000 1708 435.705 -890.652 -0.233 2.2462 0 0 0 
650000 1730 428.782 -893.518 -0.192 2.2178 0 0 0 
660000 1764 369.393 -895.492 -0.121 1.9107 0 0 0 
670000 1800 307.746 -899.841 -0.148 1.5946 0 0 0 
680000 1824 335.147 -891.889 0.032 1.739 0 0 0 
690000 1853 348.11 -903.858 -0.177 1.7833 0 0 0 
700000 1889 307.922 -909.401 -0.142 1.5726 0 0 0 
710000 1915 336.881 -918.073 -0.209 1.7055 0 0 0 
720000 1941 348.016 -919.946 -0.159 1.7535 0 0 0 
730000 1972 332.857 -927.415 -0.191 1.6747 0 0 0 
740000 1998 366.23 -929.633 -0.161 1.8396 0 0 0 
750000 2019 413.714 -933.71 -0.162 2.0737 0 0 0 
760000 2053 338.957 -929.774 -0.011 1.7015 0 0 0 
770000 2093 290.666 -933.688 -0.049 1.4612 0 0 0 
780000 2138 266.59 -912.745 0.218 1.3453 0 0 0 
790000 2198 184.944 -884.997 0.42 0.9347 0 0 0 
800000 2263 158.211 -892.215 0.015 0.8013 0 0 0 
810000 2339 138.083 -894.417 0.055 0.7002 0 0 0 
820000 2397 169.377 -896.644 -0.04 0.8568 0 0 0 
830000 2450 177.839 -901.224 -0.121 0.9024 0 0 0 
840000 2522 156.158 -906.709 -0.05 0.7947 0 0 0 
850000 2604 126.913 -904.317 0.032 0.647 0 0 0 
860000 2667 136.418 -885.239 0.264 0.6963 0 0 0 
870000 2736 141.241 -877.977 0.17 0.7211 0 0 0 
880000 2828 101.023 -837.167 0.418 0.52 0 0 0 
890000 2918 118.661 -820.415 0.269 0.6136 0 0 0 
900000 3010 119.426 -787.735 0.346 0.6194 0 0 0 
910000 3062 160.79 -767.993 0.4 0.8279 0 0 0 
920000 3126 143.747 -754.557 0.281 0.7381 0 0 0 
930000 3191 130.786 -741.71 0.163 0.6714 0 0 0 
940000 3272 137.672 -693.97 0.488 0.7064 0 0 0 
950000 3343 140.376 -672.89 0.356 0.727 0 0 0 
960000 3453 111.092 -634.617 0.412 0.5794 0 0 0 
970000 3535 116.314 -626.31 0.07 0.6018 0 0 0 
980000 3624 111.701 -590.854 0.334 0.5782 0 0 0 
990000 3716 114.957 -545.055 0.479 0.5939 0 0 0 
1000000 3844 69.605 -486.939 0.518 0.3661 0 0 0 
1010000 3974 66.632 -413.937 0.588 0.3531 0 0 0 
1020000 4101 63.398 -352.454 0.424 0.3363 0 0 0 
1030000 4236 61.002 -287.054 0.474 0.3245 0 0 0 
1040000 4372 66.22 -242.728 0.232 0.3487 0 0 0 
1050000 4505 69.041 -176.909 0.458 0.3642 0 0 0 
1060000 4663 70.139 -106.178 0.447 0.3692 0 0 0 
1070000 4796 59.65 -40.608 0.492 0.3174 0 0 0 
1080000 4938 58.778 19.679 0.491 0.3112 0 0 0 
1090000 5123 51.163 91.422 0.37 0.2766 0 0 0 
1100000 5303 49.111 180.081 0.515 0.2641 0 0 0 
1110000 5469 62.438 254.828 0.547 0.331 0 0 0 
1120000 5653 56.417 357.486 0.576 0.3018 0 0 0 
1130000 5820 59.342 451.262 0.547 0.3157 0 0 0 
1140000 5991 53.742 534.783 0.347 0.2868 0 0 0 
1150000 6150 77.565 618.604 0.564 0.4092 0 0 0 
1160000 6335 62.132 718.28 0.59 0.3317 0 0 0 
1170000 6475 74.637 792.704 0.444 0.3936 0 0 0 
1180000 6612 78.503 865.834 0.47 0.4138 0 0 0 
1190000 6793 55.306 963.366 0.514 0.2988 0 0 0 
1200000 6963 59.381 1051.537 0.564 0.3153 0 0 0 
1210000 7110 59.117 1124.775 0.728 0.3161 0 0 0 
1220000 7269 61.834 1205.953 0.567 0.3275 0 0 0 
1230000 7414 69.034 1285.358 0.565 0.3656 0 0 0 
1240000 7557 69.127 1368.882 0.575 0.3683 0 0 0 
1250000 7701 67.642 1475.201 0.733 0.359 0 0 0 
1260000 7855 59.013 1565.513 0.674 0.3161 0 0 0 
1270000 8002 69.816 1648.822 0.584 0.3702 0 0 0 
1280000 8147 69.887 1745.997 0.74 0.3692 0 0 0 
1290000 8259 87.931 1824.301 0.627 0.4596 0 0 0 
1300000 8454 55.477 1923.801 0.394 0.2956 0 0 0 
1310000 8573 74.259 1992.929 0.548 0.3906 0 0 0 
1320000 8754 55.8 2100.38 0.59 0.3095 0 0 0 
1330000 8893 74.163 2167.532 0.47 0.4071 0 0 0 
1340000 8987 97.825 2215.614 0.487 0.5336 0 0 0 
1350000 9151 75.642 2310.055 0.497 0.4159 0 0 0 
1360000 9266 81.578 2364.922 0.459 0.4454 0 0 0 
1370000 9374 96.708 2433.216 0.593 0.5244 0 0 0 
1380000 9490 83.04 2493.884 0.64 0.4529 0 0 0 
1390000 9603 82.017 2561.603 0.637 0.4474 0 0 0 
1400000 9699 96.574 2610.253 0.537 0.5251 0 0 0 
1410000 9865 60.128 2700.831 0.531 0.3354 0 0 0 
1420000 9985 85.112 2785.419 0.693 0.466 0 0 0 
1430000 10124 71.225 2852.632 0.561 0.3952 0 0 0 
1440000 10250 69.341 2916.831 0.475 0.3845 0 0 0 
1450000 10379 66.837 2985.943 0.563 0.3713 0 0 0 
1460000 10526 68.352 3065.238 0.536 0.3796 0 0 0 
1470000 10682 65.328 3151.527 0.478 0.3629 0 0 0 
1480000 10757 109.024 3192.718 0.536 0.5959 0 0 0 
1490000 10867 82.234 3254.988 0.572 0.4547 0 0 0 
1500000 10971 85.652 3316.745 0.639 0.4721 0 0 0 
1510000 11055 96.661 3346.947 0.515 0.5296 0 0 0 
1520000 11171 77.35 3399.429 0.54 0.4285 0 0 0 
1530000 11289 89.93 3471.508 0.596 0.4929 0 0 0 
1540000 11358 134.601 3504.699 0.524 0.7314 0 0 0 
1550000 11464 113.097 3563.25 0.535 0.6199 0 0 0 
1560000 11568 90.953 3625.85 0.602 0.4986 0 0 0 
1570000 11717 75.622 3702.922 0.5 0.4162 0 0 0 
1580000 11824 101.042 3774.332 0.59 0.5522 0 0 0 
1590000 11942 93.083 3854.824 0.668 0.5102 0 0 0 
1600000 12052 90.389 3926.85 0.598 0.496 0 0 0 
1610000 12150 90.256 3981.018 0.615 0.4952 0 0 0 
1620000 12236 89.812 4026.712 0.601 0.4921 0 0 0 
1630000 12334 111.027 4090.677 0.606 0.6079 0 0 0 
1640000 12454 83.617 4172.66 0.608 0.4588 0 0 0 
1650000 12528 111.739 4206.12 0.467 0.6072 0 0 0 
1660000 12619 99.001 4266.85 0.621 0.5395 0 0 0 
1670000 12733 76.459 4326.96 0.564 0.4214 0 0 0 
1680000 12859 74.46 4411.235 0.599 0.4103 0 0 0 
1690000 12995 68.442 4495.9 0.672 0.3787 0 0 0 
1700000 13124 84.049 4560.95 0.523 0.4615 0 0 0 
1710000 13233 87.468 4633.992 0.723 0.4816 0 0 0 
1720000 13356 78.404 4709.249 0.624 0.4314 0 0 0 
1730000 13532 60.713 4805.699 0.537 0.3383 0 0 0 
1740000 13671 88.275 4883.236 0.474 0.4858 0 0 0 
1750000 13782 89.595 4938.557 0.505 0.4929 0 0 0 
1760000 13886 78.348 5008.005 0.723 0.4314 0 0 0 
1770000 14073 49.84 5119.209 0.592 0.2808 0 0 0 
1780000 14222 67.537 5212.544 0.503 0.3771 0 0 0 
1790000 14396 48.723 5326.872 0.701 0.2747 0 0 0 
1800000 14576 61.788 5429.225 0.611 0.3438 0 0 0 
1810000 14748 51.031 5545.402 0.693 0.2863 0 0 0 
1820000 14944 63.364 5673.77 0.693 0.3527 0 0 0 
1830000 15092 87.408 5757.859 0.608 0.4796 0 0 0 
1840000 15253 61.775 5843.678 0.493 0.3434 0 0 0 
1850000 15400 61.471 5924.755 0.64 0.3433 0 0 0 
1860000 15568 58.418 6037.156 0.631 0.3264 0 0 0 
1870000 15719 67.462 6118.464 0.496 0.3733 0 0 0 
1880000 15863 64.463 6197.146 0.525 0.3587 0 0 0 
1890000 16060 46.491 6314.957 0.569 0.2629 0 0 0 
1900000 16216 57.359 6418.0 0.65 0.3211 0 0 0 
1910000 16429 47.38 6551.848 0.729 0.268 0 0 0 
1920000 16566 72.082 6624.999 0.526 0.4022 0 0 0 
1930000 16744 62.007 6719.628 0.546 0.3481 0 0 0 
1940000 16889 57.85 6796.901 0.453 0.3246 0 0 0 
1950000 17050 64.711 6894.255 0.591 0.3615 0 0 0 
1960000 17221 71.428 6998.14 0.652 0.3993 0 0 0 
1970000 17417 44.12 7090.994 0.537 0.2508 0 0 0 
1980000 17592 45.212 7202.561 0.663 0.2573 0 0 0 
1990000 17759 49.85 7280.102 0.422 0.282 0 0 0 
2000000 17954 55.312 7383.77 0.385 0.3104 0 0 0 
2010000 18148 47.867 7502.451 0.606 0.2701 0 0 0 
2020000 18328 70.599 7592.972 0.584 0.3922 0 0 0 
2030000 18474 63.917 7657.455 0.411 0.3568 0 0 0 
2040000 18644 49.993 7732.031 0.491 0.2819 0 0 0 
2050000 18841 61.092 7867.242 0.594 0.3409 0 0 0 
2060000 19003 48.369 7943.675 0.447 0.2741 0 0 0 
2070000 19222 42.275 8077.498 0.545 0.2407 0 0 0 
2080000 19379 68.167 8185.058 0.664 0.3806 0 0 0 
2090000 19507 78.162 8275.706 0.687 0.4326 0 0 0 
2100000 19689 49.9 8402.319 0.694 0.2814 0 0 0 
2110000 19888 44.817 8534.219 0.644 0.254 0 0 0 
2120000 20009 76.388 8585.331 0.5 0.422 0 0 0 
2130000 20155 75.943 8655.771 0.504 0.4181 0 0 0 
2140000 20348 48.723 8773.419 0.655 0.2752 0 0 0 
2150000 20528 46.801 8891.905 0.732 0.2643 0 0 0 
2160000 20703 51.927 8979.553 0.547 0.2918 0 0 0 
2170000 20872 56.726 9051.198 0.465 0.3172 0 0 0 
2180000 21028 59.545 9145.585 0.701 0.3334 0 0 0 
2190000 21187 56.462 9249.652 0.671 0.3158 0 0 0 
2200000 21387 44.645 9370.488 0.666 0.2532 0 0 0 
2210000 21570 61.229 9494.122 0.696 0.3392 0 0 0 
2220000 21736 60.417 9590.868 0.673 0.3372 0 0 0 
2230000 21911 54.494 9712.893 0.661 0.3059 0 0 0 
2240000 22119 43.774 9815.805 0.634 0.2483 0 0 0 
2250000 22292 63.919 9929.856 0.616 0.3551 0 0 0 
2260000 22483 51.246 10049.657 0.69 0.2884 0 0 0 
2270000 22660 51.774 10137.466 0.446 0.2903 0 0 0 
2280000 22850 42.974 10220.136 0.41 0.2439 0 0 0 
2290000 23009 58.124 10315.839 0.671 0.3247 0 0 0 
2300000 23148 77.983 10385.344 0.482 0.4344 0 0 0 
2310000 23321 55.026 10497.006 0.695 0.3096 0 0 0 
2320000 23483 56.27 10589.287 0.632 0.3159 0 0 0 
2330000 23670 47.215 10705.256 0.656 0.2665 0 0 0 
2340000 23838 49.651 10787.807 0.563 0.2798 0 0 0 
2350000 24013 48.253 10885.409 0.571 0.2731 0 0 0 
2360000 24191 47.535 10992.289 0.613 0.269 0 0 0 
2370000 24350 58.617 11068.109 0.556 0.3283 0 0 0 
2380000 24534 59.913 11155.282 0.564 0.3352 0 0 0 
2390000 24755 49.052 11305.329 0.736 0.278 0 0 0 
2400000 24987 42.084 11440.062 0.474 0.2392 0 0 0 
2410000 25151 61.74 11532.565 0.531 0.3454 0 0 0 
2420000 25320 54.15 11634.152 0.617 0.3043 0 0 0 
2430000 25491 64.061 11733.817 0.564 0.3598 0 0 0 
2440000 25691 53.961 11844.628 0.535 0.3025 0 0 0 
2450000 25851 65.22 11949.773 0.666 0.3626 0 0 0 
2460000 26059 44.332 12084.508 0.582 0.2518 0 0 0 
2470000 26187 70.098 12150.246 0.637 0.3898 0 0 0 
2480000 26303 78.538 12214.019 0.623 0.4352 0 0 0 
2490000 26469 62.83 12282.148 0.387 0.3499 0 0 0 
2500000 26677 46.971 12425.049 0.658 0.2655 0 0 0 
2510000 26821 60.194 12519.62 0.614 0.3354 0 0 0 
2520000 27021 46.311 12658.274 0.749 0.2616 0 0 0 
2530000 27155 68.616 12740.833 0.64 0.3833 0 0 0 
2540000 27318 72.479 12834.268 0.551 0.4022 0 0 0 
2550000 27496 45.884 12963.322 0.713 0.2602 0 0 0 
2560000 27675 54.73 13053.221 0.459 0.3065 0 0 0 
2570000 27840 50.589 13154.778 0.706 0.2848 0 0 0 
2580000 27970 79.775 13237.292 0.598 0.4405 0 0 0 
2590000 28123 67.015 13318.567 0.504 0.3734 0 0 0 
2600000 28281 73.664 13431.314 0.718 0.4072 0 0 0 
2610000 28444 62.345 13522.998 0.585 0.3487 0 0 0 
2620000 28611 54.373 13618.126 0.637 0.3049 0 0 0 
2630000 28763 73.907 13708.443 0.612 0.4086 0 0 0 
2640000 28974 50.027 13836.244 0.557 0.2816 0 0 0 
2650000 29171 49.723 13945.909 0.525 0.2802 0 0 0 
2660000 29346 66.715 14042.995 0.577 0.371 0 0 0 
2670000 29483 63.977 14110.371 0.482 0.3565 0 0 0 
2680000 29628 62.916 14192.207 0.494 0.3522 0 0 0 
2690000 29784 70.332 14275.043 0.47 0.39 0 0 0 
2700000 29948 59.179 14382.082 0.566 0.3311 0 0 0 
2710000 30107 56.708 14487.378 0.602 0.3184 0 0 0 
2720000 30321 51.565 14603.947 0.638 0.2894 0 0 0 
2730000 30484 57.757 14717.577 0.645 0.3243 0 0 0 
2740000 30683 44.767 14839.099 0.591 0.2536 0 0 0 
2750000 30855 55.429 14943.646 0.662 0.3109 0 0 0 
2760000 31030 56.974 15056.829 0.581 0.3185 0 0 0 
2770000 31212 53.411 15166.024 0.595 0.2987 0 0 0 
2780000 31411 47.426 15299.7 0.707 0.2682 0 0 0 
2790000 31546 65.769 15365.741 0.52 0.3653 0 0 0 
2800000 31711 50.993 15448.928 0.546 0.2867 0 0 0 
2810000 31873 70.177 15547.626 0.554 0.3882 0 0 0 
2820000 32031 50.304 15624.725 0.531 0.2827 0 0 0 
2830000 32197 54.202 15705.222 0.356 0.3044 0 0 0 
2840000 32364 68.709 15795.498 0.624 0.3809 0 0 0 
2850000 32567 46.148 15909.189 0.579 0.2598 0 0 0 
2860000 32743 49.412 16005.721 0.55 0.2782 0 0 0 
2870000 32950 46.681 16113.725 0.419 0.2628 0 0 0 
2880000 33114 52.014 16222.476 0.631 0.2925 0 0 0 
2890000 33301 46.124 16322.215 0.533 0.2612 0 0 0 
2900000 33485 46.064 16434.883 0.665 0.2605 0 0 0 
2910000 33688 46.229 16542.603 0.483 0.2614 0 0 0 
2920000 33819 69.19 16615.126 0.44 0.3824 0 0 0 
2930000 34015 42.525 16724.328 0.644 0.2413 0 0 0 
2940000 34154 74.684 16790.746 0.607 0.412 0 0 0 
2950000 34268 71.586 16855.878 0.569 0.3979 0 0 0 
2960000 34454 43.943 16932.798 0.41 0.2489 0 0 0 
2970000 34619 51.051 17030.606 0.676 0.2871 0 0 0 
2980000 34745 89.155 17095.672 0.491 0.491 0 0 0 
2990000 34906 67.589 17190.154 0.615 0.3746 0 0 0 
3000000 35087 61.665 17318.11 0.618 0.3429 0 0 0 
3010000 35251 46.313 17418.547 0.529 0.2616 0 0 0 
3020000 35406 57.68 17522.337 0.753 0.3233 0 0 0 
3030000 35608 53.825 17652.999 0.649 0.3017 0 0 0 
3040000 35771 54.234 17750.914 0.506 0.3042 0 0 0 
3050000 35911 72.253 17839.954 0.651 0.4005 0 0 0 
3060000 36086 54.523 17970.35 0.719 0.3037 0 0 0 
3070000 36253 53.179 18071.926 0.688 0.2994 0 0 0 
3080000 36406 67.123 18164.354 0.549 0.375 0 0 0 
3090000 36575 58.96 18270.072 0.607 0.3298 0 0 0 
3100000 36748 58.296 18375.367 0.553 0.3268 0 0 0 
3110000 36891 51.145 18463.192 0.608 0.2888 0 0 0 
3120000 37019 109.536 18542.599 0.681 0.6025 0 0 0 
3130000 37178 66.259 18627.822 0.439 0.3701 0 0 0 
3140000 37344 69.909 18734.689 0.655 0.3889 0 0 0 
3150000 37508 59.087 18828.906 0.532 0.3306 0 0 0 
3160000 37710 52.613 18939.908 0.558 0.2976 0 0 0 
3170000 37877 56.184 19045.576 0.532 0.3154 0 0 0 
3180000 38044 60.127 19161.878 0.661 0.3377 0 0 0 
3190000 38227 51.969 19287.642 0.769 0.2931 0 0 0 
3200000 38365 75.568 19387.139 0.714 0.418 0 0 0 
3210000 38530 65.569 19504.585 0.624 0.3664 0 0 0 
3220000 38677 62.107 19596.548 0.645 0.348 0 0 0 
3230000 38841 53.864 19697.256 0.634 0.3026 0 0 0 
3240000 39010 48.741 19804.72 0.626 0.2755 0 0 0 
3250000 39154 63.636 19901.637 0.75 0.3556 0 0 0 
3260000 39352 44.523 20034.255 0.752 0.2531 0 0 0 
3270000 39488 69.882 20116.312 0.606 0.3868 0 0 0 
3280000 39648 56.114 20221.95 0.743 0.3142 0 0 0 
3290000 39811 64.827 20307.963 0.478 0.3604 0 0 0 
3300000 39970 57.032 20401.329 0.521 0.3189 0 0 0 
3310000 40107 79.02 20466.531 0.484 0.4355 0 0 0 
3320000 40253 58.527 20541.052 0.529 0.3268 0 0 0 
3330000 40430 66.687 20656.43 0.615 0.37 0 0 0 
3340000 40599 58.212 20761.954 0.663 0.3254 0 0 0 
3350000 40751 66.385 20840.688 0.523 0.3695 0 0 0 
3360000 40887 67.521 20924.782 0.625 0.3756 0 0 0 
3370000 40990 85.763 20987.998 0.594 0.4732 0 0 0 
3380000 41106 77.156 21049.829 0.555 0.4274 0 0 0 
3390000 41255 57.676 21128.715 0.625 0.3229 0 0 0 
3400000 41402 77.144 21216.237 0.605 0.4267 0 0 0 
3410000 41595 53.497 21321.853 0.393 0.3006 0 0 0 
3420000 41767 53.698 21438.521 0.671 0.3017 0 0 0 
3430000 41966 45.644 21546.268 0.516 0.2588 0 0 0 
3440000 42125 67.163 21656.145 0.706 0.3749 0 0 0 
3450000 42278 64.194 21738.289 0.533 0.3587 0 0 0 
3460000 42426 81.128 21820.275 0.465 0.4468 0 0 0 
3470000 42571 68.496 21911.696 0.577 0.3799 0 0 0 
3480000 42712 78.102 21999.036 0.674 0.4338 0 0 0 
3490000 42874 71.971 22097.499 0.602 0.3991 0 0 0 
3500000 42985 78.064 22158.554 0.534 0.4322 0 0 0 
3510000 43133 71.093 22250.597 0.62 0.395 0 0 0 
3520000 43313 57.475 22387.207 0.757 0.3218 0 0 0 
3530000 43458 54.772 22476.186 0.694 0.308 0 0 0 
3540000 43628 67.876 22569.028 0.721 0.3772 0 0 0 
3550000 43830 41.543 22693.59 0.587 0.2367 0 0 0 
3560000 44019 51.64 22805.076 0.622 0.2912 0 0 0 
3570000 44155 76.468 22881.678 0.563 0.423 0 0 0 
3580000 44357 44.545 23006.729 0.579 0.2534 0 0 0 
3590000 44589 47.051 23157.435 0.693 0.266 0 0 0 
3600000 44764 55.827 23279.287 0.678 0.3133 0 0 0 
3610000 44938 57.088 23371.478 0.652 0.3201 0 0 0 
3620000 45155 43.354 23505.255 0.668 0.2463 0 0 0 
3630000 45340 56.102 23619.081 0.476 0.3145 0 0 0 
3640000 45533 43.753 23723.302 0.511 0.249 0 0 0 
3650000 45685 67.977 23813.819 0.573 0.3795 0 0 0 
3660000 45832 53.305 23909.56 0.622 0.2997 0 0 0 
3670000 45979 61.082 23990.918 0.564 0.3414 0 0 0 
3680000 46166 48.355 24098.374 0.484 0.2736 0 0 0 
3690000 46348 49.306 24200.942 0.462 0.2788 0 0 0 
3700000 46453 87.281 24272.826 0.682 0.4824 0 0 0 
3710000 46670 46.755 24408.982 0.597 0.2654 0 0 0 
3720000 46836 65.323 24541.803 0.752 0.3671 0 0 0 
3730000 47037 54.22 24673.242 0.624 0.3049 0 0 0 
3740000 47221 50.589 24804.079 0.721 0.2861 0 0 0 
3750000 47431 52.391 24946.885 0.697 0.2969 0 0 0 
3760000 47611 57.246 25055.471 0.735 0.322 0 0 0 
3770000 47758 70.203 25167.11 0.696 0.3909 0 0 0 
3780000 47869 86.373 25238.932 0.678 0.4781 0 0 0 
3790000 48006 77.869 25318.175 0.52 0.4302 0 0 0 
3800000 48133 71.053 25397.664 0.667 0.3949 0 0 0 
3810000 48282 75.025 25481.108 0.595 0.4162 0 0 0 
3820000 48433 70.147 25576.386 0.685 0.3908 0 0 0 
3830000 48543 78.962 25638.523 0.654 0.4359 0 0 0 
3840000 48705 55.547 25735.141 0.604 0.3112 0 0 0 
3850000 48849 65.486 25837.255 0.767 0.364 0 0 0 
3860000 49025 52.105 25951.977 0.652 0.2932 0 0 0 
3870000 49182 51.423 26037.571 0.61 0.2884 0 0 0 
3880000 49326 68.075 26124.151 0.587 0.3769 0 0 0 
3890000 49477 67.377 26223.886 0.586 0.374 0 0 0 
3900000 49602 86.89 26303.587 0.706 0.4788 0 0 0 
3910000 49714 88.107 26370.006 0.575 0.4865 0 0 0 
3920000 49830 81.267 26448.649 0.736 0.4513 0 0 0 
3930000 50001 49.705 26548.497 0.583 0.2807 0 0 0 
3940000 50139 77.828 26622.6 0.524 0.4346 0 0 0 
3950000 50266 61.484 26691.833 0.539 0.3415 0 0 0 
3960000 50448 43.128 26794.492 0.461 0.2433 0 0 0 
3970000 50634 50.282 26921.453 0.624 0.2817 0 0 0 
3980000 50756 82.101 26977.864 0.322 0.4505 0 0 0 
3990000 50924 69.587 27084.611 0.603 0.3842 0 0 0 
4000000 51065 73.558 27170.568 0.622 0.4039 0 0 0 
