10000 10 182.927 -13307.021 -243.245 0.289 0 0 0 
20000 20 332.392 -26448.178 -439.023 0.5253 0 0 0 
30000 30 454.516 -40064.288 -607.606 1.1304 0 0 0 
40000 40 554.3 -53653.908 -744.775 1.6352 0 0 0 
50000 50 635.83 -67177.427 -856.239 2.0152 0 0 0 
60000 60 702.447 -77374.34 -883.979 2.3257 0 0 0 
70000 70 756.877 -89395.876 -944.212 2.6161 0 0 0 
80000 80 801.351 -101357.314 -990.062 2.8653 0 0 0 
90000 90 837.689 -116349.752 -1083.596 3.0758 0 0 0 
100000 100 867.38 -130971.801 -1152.77 3.2257 0 0 0 
110000 110 891.64 -139281.682 -1093.922 3.3755 0 0 0 
120000 120 911.462 -148655.491 -1067.666 3.5084 0 0 0 
130000 130 927.658 -156869.566 -1019.979 3.5862 0 0 0 
140000 140 940.891 -158466.266 -861.624 3.658 0 0 0 
150000 150 951.704 -157629.487 -687.732 3.6804 0 0 0 
160000 160 960.539 -156781.082 -547.299 3.7075 0 0 0 
170000 170 967.757 -156017.011 -431.1 3.7278 0 0 0 
180000 180 973.655 -152883.531 -294.408 3.7939 0 0 0 
190000 190 978.474 -150491.259 -198.479 3.8181 0 0 0 
200000 200 982.412 -152178.234 -195.545 3.8353 0 0 0 
210000 210 985.629 -153023.73 -175.986 3.8385 0 0 0 
220000 220 988.258 -152448.699 -133.831 3.8397 0 0 0 
230000 230 990.406 -151287.507 -89.368 3.8611 0 0 0 
240000 240 992.161 -150761.644 -63.426 3.8519 0 0 0 
250000 250 993.595 -148546.948 -9.168 3.9063 0 0 0 
260000 260 994.767 -144989.624 57.84 3.9423 0 0 0 
270000 270 995.724 -142538.193 93.006 3.9527 0 0 0 
280000 280 996.506 -138597.973 147.631 3.9456 0 0 0 
290000 290 997.145 -133681.302 210.441 3.9585 0 0 0 
300000 300 997.667 -129306.239 251.91 3.9496 0 0 0 
310000 310 998.094 -124538.877 293.141 3.9433 0 0 0 
320000 320 998.443 -119451.781 332.529 3.9527 0 0 0 
330000 330 998.728 -114220.847 367.378 3.9378 0 0 0 
340000 340 998.96 -109158.635 392.573 3.9356 0 0 0 
350000 350 999.151 -104174.23 411.912 3.9358 0 0 0 
360000 360 999.306 -99494.295 422.016 3.9823 0 0 0 
370000 370 999.433 -94592.933 434.671 3.9884 0 0 0 
380000 380 999.537 -89670.005 445.234 4.0034 0 0 0 
390000 390 999.621 -84801.367 452.945 3.9871 0 0 0 
400000 400 999.691 -80748.09 444.264 4.0023 0 0 0 
410000 410 999.747 -75604.902 457.342 3.9908 0 0 0 
420000 420 999.793 -70756.027 462.621 3.985 0 0 0 
430000 430 999.831 -65978.026 465.287 3.9813 0 0 0 
440000 440 999.862 -60815.101 474.783 3.9938 0 0 0 
450000 450 999.887 -56897.89 458.558 4.0057 0 0 0 
460000 460 999.908 -52165.529 461.776 4.0121 0 0 0 
470000 470 999.925 -46640.413 478.039 4.0222 0 0 0 
480000 480 999.939 -41500.722 484.739 4.034 0 0 0 
490000 490 999.95 -34740.375 519.889 4.0351 0 0 0 
500000 500 999.959 -28112.453 545.771 4.0441 0 0 0 
510000 510 999.966 -20864.134 578.32 4.0373 0 0 0 
520000 520 999.973 -15358.32 572.9 4.0071 0 0 0 
530000 530 999.978 -10986.606 547.838 4.0136 0 0 0 
540000 540 999.982 -4776.617 560.473 3.9906 0 0 0 
550000 550 999.985 845.186 562.668 3.9735 0 0 0 
560000 560 999.988 5592.66 546.42 4.0114 0 0 0 
570000 570 999.99 9952.658 526.808 4.0019 0 0 0 
580000 580 999.992 16670.888 553.094 3.9903 0 0 0 
590000 590 999.993 23590.615 578.735 3.9831 0 0 0 
600000 600 999.995 30832.954 605.607 3.9574 0 0 0 
610000 610 999.996 38146.626 628.22 3.9746 0 0 0 
620000 620 999.996 43928.402 620.833 4.001 0 0 0 
630000 630 999.997 51194.391 640.225 3.9917 0 0 0 
640000 640 999.998 58261.312 651.719 4.0285 0 0 0 
650000 650 999.998 66057.971 675.087 4.0575 0 0 0 
660000 660 999.998 74096.044 698.784 4.061 0 0 0 
670000 670 999.999 81748.187 710.939 4.0645 0 0 0 
680000 680 999.999 89870.368 729.446 4.0839 0 0 0 
690000 690 999.999 98340.712 751.132 4.0441 0 0 0 
700000 700 999.999 106864.011 769.247 4.0452 0 0 0 
710000 710 999.999 115550.211 787.532 4.0397 0 0 0 
720000 720 1000.0 124263.657 802.974 4.0405 0 0 0 
730000 730 1000.0 133001.754 815.773 4.0158 0 0 0 
740000 740 1000.0 141456.849 821.125 4.0105 0 0 0 
750000 750 1000.0 149982.455 827.082 3.9881 0 0 0 
760000 760 1000.0 158079.141 824.156 3.969 0 0 0 
770000 770 1000.0 166926.768 835.279 3.965 0 0 0 
780000 780 1000.0 175278.588 835.751 3.9644 0 0 0 
790000 790 1000.0 184318.928 848.251 3.947 0 0 0 
800000 800 1000.0 193387.302 859.128 3.9781 0 0 0 
810000 810 1000.0 203046.729 878.685 3.9715 0 0 0 
820000 820 1000.0 212752.538 895.575 3.9666 0 0 0 
830000 830 1000.0 222235.426 905.171 3.9782 0 0 0 
840000 840 1000.0 231940.13 917.519 3.9725 0 0 0 
850000 850 1000.0 241658.528 927.419 3.9569 0 0 0 
860000 860 1000.0 251469.976 937.255 3.9556 0 0 0 
870000 870 1000.0 261376.066 947.019 3.9587 0 0 0 
880000 880 1000.0 270967.819 949.184 3.9512 0 0 0 
890000 890 1000.0 281106.873 961.343 3.9683 0 0 0 
900000 900 1000.0 290847.51 963.833 3.9679 0 0 0 
910000 910 1000.0 300938.814 971.788 3.9745 0 0 0 
920000 920 1000.0 310887.399 976.3 3.9936 0 0 0 
930000 930 1000.0 321188.539 986.021 4.0035 0 0 0 
940000 940 1000.0 331371.531 991.629 4.0122 0 0 0 
950000 950 1000.0 341829.345 1001.513 4.0273 0 0 0 
960000 960 1000.0 352505.364 1013.459 4.081 0 0 0 
970000 970 1000.0 363149.302 1022.5 4.0864 0 0 0 
980000 980 1000.0 373190.586 1019.182 4.085 0 0 0 
990000 990 1000.0 382743.632 1007.45 4.0916 0 0 0 
1000000 1000 1000.0 392894.689 1008.891 4.0924 0 0 0 
1010000 1010 1000.0 403345.581 1015.596 4.0944 0 0 0 
1020000 1020 1000.0 414293.219 1030.186 4.0942 0 0 0 
1030000 1030 1000.0 424799.531 1033.856 4.1203 0 0 0 
1040000 1040 1000.0 435548.797 1041.544 4.1131 0 0 0 
1050000 1050 1000.0 446233.051 1046.478 4.103 0 0 0 
1060000 1060 1000.0 456743.605 1047.262 4.0813 0 0 0 
1070000 1070 1000.0 466977.91 1043.064 4.092 0 0 0 
1080000 1080 1000.0 477657.516 1047.573 4.0995 0 0 0 
1090000 1090 1000.0 488223.392 1049.08 4.0756 0 0 0 
1100000 1100 1000.0 496050.118 1000.52 4.0788 0 0 0 
1110000 1110 1000.0 506887.209 1016.09 4.0701 0 0 0 
1120000 1120 1000.0 518123.195 1035.969 4.0628 0 0 0 
1130000 1130 1000.0 528961.868 1044.944 4.0637 0 0 0 
1140000 1140 1000.0 540342.711 1062.528 4.07 0 0 0 
1150000 1150 1000.0 551579.638 1073.627 4.0697 0 0 0 
1160000 1160 1000.0 563059.011 1087.08 4.0784 0 0 0 
1170000 1170 1000.0 574637.65 1099.873 4.064 0 0 0 
1180000 1180 1000.0 585431.305 1096.921 4.0899 0 0 0 
1190000 1190 1000.0 597348.126 1114.074 4.0944 0 0 0 
1200000 1200 1000.0 609086.269 1125.237 4.0871 0 0 0 
1210000 1210 1000.0 622038.47 1156.225 4.0647 0 0 0 
1220000 1220 1000.0 634512.91 1173.054 4.0768 0 0 0 
1230000 1230 1000.0 646925.474 1185.096 4.0686 0 0 0 
1240000 1240 1000.0 659232.042 1193.234 4.0616 0 0 0 
1250000 1250 1000.0 671637.158 1202.136 4.0525 0 0 0 
1260000 1260 1000.0 684302.814 1214.353 4.0506 0 0 0 
1270000 1270 1000.0 696920.183 1222.532 4.0345 0 0 0 
1280000 1280 1000.0 708387.634 1207.934 4.0763 0 0 0 
1290000 1290 1000.0 719795.797 1195.423 4.0647 0 0 0 
1300000 1300 1000.0 731916.066 1198.344 4.0932 0 0 0 
1310000 1310 1000.0 744171.281 1202.903 4.0877 0 0 0 
1320000 1320 1000.0 757428.535 1225.792 4.0909 0 0 0 
1330000 1330 1000.0 771811.212 1264.609 4.089 0 0 0 
1340000 1340 1000.0 785519.752 1284.059 4.0729 0 0 0 
1350000 1350 1000.0 799111.809 1297.819 4.1046 0 0 0 
1360000 1360 1000.0 812756.075 1310.87 4.1316 0 0 0 
1370000 1370 1000.0 827254.431 1335.859 4.1301 0 0 0 
1380000 1380 1000.0 840690.043 1337.207 4.1135 0 0 0 
1390000 1390 1000.0 854489.4 1344.986 4.1202 0 0 0 
1400000 1400 1000.0 869057.536 1365.834 4.1571 0 0 0 
1410000 1410 1000.0 883298.635 1376.874 4.1641 0 0 0 
1420000 1420 1000.0 897235.413 1381.625 4.1549 0 0 0 
1430000 1430 1000.0 910590.871 1372.713 4.1668 0 0 0 
1440000 1440 1000.0 925250.618 1390.051 4.1544 0 0 0 
1450000 1450 1000.0 939703.199 1400.099 4.1256 0 0 0 
1460000 1460 1000.0 954524.489 1414.853 4.1018 0 0 0 
1470000 1470 1000.0 968802.914 1416.927 4.1139 0 0 0 
1480000 1480 1000.0 983159.733 1421.037 4.1218 0 0 0 
1490000 1490 1000.0 997750.022 1427.862 4.1566 0 0 0 
1500000 1500 1000.0 1012294.721 1432.886 4.1425 0 0 0 
1510000 1510 1000.0 1026602.481 1432.307 4.1366 0 0 0 
1520000 1520 1000.0 1040893.789 1431.545 4.1473 0 0 0 
1530000 1530 1000.0 1056053.535 1446.741 4.1417 0 0 0 
1540000 1540 1000.0 1070966.259 1454.701 4.1264 0 0 0 
1550000 1550 1000.0 1086474.022 1472.433 4.1408 0 0 0 
1560000 1560 1000.0 1101759.262 1482.635 4.1323 0 0 0 
1570000 1570 1000.0 1116932.974 1489.422 4.1264 0 0 0 
1580000 1580 1000.0 1132234.739 1496.601 4.1111 0 0 0 
1590000 1590 1000.0 1147399.773 1500.189 4.111 0 0 0 
1600000 1600 1000.0 1163000.862 1511.084 4.0987 0 0 0 
1610000 1610 1000.0 1178830.888 1524.162 4.0822 0 0 0 
1620000 1620 1000.0 1194656.398 1535.024 4.0859 0 0 0 
1630000 1630 1000.0 1211101.372 1555.033 4.0787 0 0 0 
1640000 1640 1000.0 1227216.506 1565.252 4.102 0 0 0 
1650000 1650 1000.0 1242621.366 1560.659 4.1099 0 0 0 
1660000 1660 1000.0 1258097.497 1557.765 4.1139 0 0 0 
1670000 1670 1000.0 1273959.349 1563.377 4.1142 0 0 0 
1680000 1680 1000.0 1288931.283 1551.291 4.1323 0 0 0 
1690000 1690 1000.0 1304116.521 1545.902 4.1082 0 0 0 
1700000 1700 1000.0 1319191.011 1538.823 4.0967 0 0 0 
1710000 1710 1000.0 1334775.271 1542.42 4.0941 0 0 0 
1720000 1720 1000.0 1350025.754 1539.723 4.0881 0 0 0 
1730000 1730 1000.0 1366257.802 1555.207 4.0973 0 0 0 
1740000 1740 1000.0 1382349.622 1564.884 4.1218 0 0 0 
1750000 1750 1000.0 1397860.907 1563.015 4.1516 0 0 0 
1760000 1760 1000.0 1413908.976 1570.876 4.1425 0 0 0 
1770000 1770 1000.0 1430402.148 1585.283 4.1549 0 0 0 
1780000 1780 1000.0 1447280.994 1603.936 4.1438 0 0 0 
1790000 1790 1000.0 1464398.26 1623.423 4.1416 0 0 0 
1800000 1800 1000.0 1479993.387 1611.249 4.1424 0 0 0 
1810000 1810 1000.0 1495681.608 1604.007 4.1508 0 0 0 
1820000 1820 1000.0 1512572.577 1619.542 4.1286 0 0 0 
1830000 1830 1000.0 1529621.231 1635.532 4.1139 0 0 0 
1840000 1840 1000.0 1545961.05 1634.416 4.1239 0 0 0 
1850000 1850 1000.0 1562090.951 1630.673 4.1116 0 0 0 
1860000 1860 1000.0 1579305.526 1647.729 4.0991 0 0 0 
1870000 1870 1000.0 1596073.88 1653.313 4.1064 0 0 0 
1880000 1880 1000.0 1613563.437 1671.115 4.1326 0 0 0 
1890000 1890 1000.0 1631073.27 1686.151 4.1183 0 0 0 
1900000 1900 1000.0 1649016.302 1705.753 4.1109 0 0 0 
1910000 1910 1000.0 1667114.774 1724.971 4.1041 0 0 0 
1920000 1920 1000.0 1685068.035 1737.5 4.1086 0 0 0 
1930000 1930 1000.0 1703388.732 1754.971 4.1066 0 0 0 
1940000 1940 1000.0 1721829.327 1771.397 4.123 0 0 0 
1950000 1950 1000.0 1740032.832 1779.847 4.1383 0 0 0 
1960000 1960 1000.0 1758617.121 1793.907 4.1465 0 0 0 
1970000 1970 1000.0 1775117.955 1766.942 4.1507 0 0 0 
1980000 1980 1000.0 1792658.484 1764.86 4.1325 0 0 0 
1990000 1990 1000.0 1810701.191 1771.879 4.1267 0 0 0 
2000000 2000 1000.0 1828933.18 1781.538 4.1319 0 0 0 
2010000 2010 1000.0 1846893.343 1784.424 4.1258 0 0 0 
2020000 2020 1000.0 1864623.341 1782.641 4.1133 0 0 0 
2030000 2030 1000.0 1882763.113 1788.307 4.1137 0 0 0 
2040000 2040 1000.0 1900669.82 1789.172 4.099 0 0 0 
2050000 2050 1000.0 1919038.768 1797.961 4.0912 0 0 0 
2060000 2060 1000.0 1937993.776 1816.385 4.0886 0 0 0 
2070000 2070 1000.0 1955745.635 1808.558 4.0937 0 0 0 
2080000 2080 1000.0 1974085.157 1813.701 4.111 0 0 0 
2090000 2090 1000.0 1992333.23 1815.181 4.1088 0 0 0 
2100000 2100 1000.0 2010798.744 1821.597 4.1234 0 0 0 
2110000 2110 1000.0 2029414.356 1828.555 4.1247 0 0 0 
2120000 2120 1000.0 2047017.427 1817.037 4.1312 0 0 0 
2130000 2130 1000.0 2063972.671 1794.335 4.1231 0 0 0 
2140000 2140 1000.0 2080600.959 1770.115 4.1171 0 0 0 
2150000 2150 1000.0 2099311.659 1789.51 4.131 0 0 0 
2160000 2160 1000.0 2118663.151 1816.385 4.1311 0 0 0 
2170000 2170 1000.0 2138925.419 1854.912 4.1307 0 0 0 
2180000 2180 1000.0 2159131.746 1885.587 4.1268 0 0 0 
2190000 2190 1000.0 2179214.649 1908.102 4.1184 0 0 0 
2200000 2200 1000.0 2200222.873 1943.531 4.1172 0 0 0 
2210000 2210 1000.0 2220531.186 1959.387 4.1228 0 0 0 
2220000 2220 1000.0 2241277.301 1980.517 4.118 0 0 0 
2230000 2230 1000.0 2262317.853 2002.991 4.1287 0 0 0 
2240000 2240 1000.0 2282285.564 2001.647 4.169 0 0 0 
2250000 2250 1000.0 2302330.938 2002.028 4.16 0 0 0 
2260000 2260 1000.0 2321443.257 1985.511 4.143 0 0 0 
2270000 2270 1000.0 2341822.567 1995.286 4.1298 0 0 0 
2280000 2280 1000.0 2362653.438 2011.605 4.125 0 0 0 
2290000 2290 1000.0 2382993.239 2015.297 4.1253 0 0 0 
2300000 2300 1000.0 2403805.769 2028.0 4.1229 0 0 0 
2310000 2310 1000.0 2424706.98 2040.077 4.1483 0 0 0 
2320000 2320 1000.0 2446578.526 2066.992 4.1555 0 0 0 
2330000 2330 1000.0 2467799.696 2076.853 4.1514 0 0 0 
2340000 2340 1000.0 2489524.101 2094.247 4.1468 0 0 0 
2350000 2350 1000.0 2511235.949 2107.994 4.1607 0 0 0 
2360000 2360 1000.0 2533047.432 2121.722 4.1832 0 0 0 
2370000 2370 1000.0 2554945.976 2134.221 4.1765 0 0 0 
2380000 2380 1000.0 2575596.23 2121.5 4.1845 0 0 0 
2390000 2390 1000.0 2594340.131 2075.885 4.1789 0 0 0 
2400000 2400 1000.0 2615975.994 2091.764 4.1622 0 0 0 
2410000 2410 1000.0 2636437.829 2083.602 4.1748 0 0 0 
2420000 2420 1000.0 2657027.592 2078.858 4.1637 0 0 0 
2430000 2430 1000.0 2676587.61 2056.395 4.1515 0 0 0 
2440000 2440 1000.0 2696189.817 2039.191 4.1427 0 0 0 
2450000 2450 1000.0 2716588.767 2039.346 4.1546 0 0 0 
2460000 2460 1000.0 2736791.129 2036.275 4.1689 0 0 0 
2470000 2470 1000.0 2755740.579 2008.537 4.1747 0 0 0 
2480000 2480 1000.0 2776542.64 2021.403 4.1947 0 0 0 
2490000 2490 1000.0 2797407.803 2032.753 4.1944 0 0 0 
2500000 2500 1000.0 2817385.2 2026.549 4.1934 0 0 0 
2510000 2510 1000.0 2836678.347 2008.469 4.185 0 0 0 
2520000 2520 1000.0 2857308.611 2019.481 4.1773 0 0 0 
2530000 2530 1000.0 2878978.943 2046.695 4.182 0 0 0 
2540000 2540 1000.0 2898907.091 2036.373 4.1994 0 0 0 
2550000 2550 1000.0 2918146.677 2015.931 4.2156 0 0 0 
2560000 2560 1000.0 2938155.42 2013.323 4.2161 0 0 0 
2570000 2570 1000.0 2959700.878 2039.476 4.215 0 0 0 
2580000 2580 1000.0 2980820.759 2052.701 4.2084 0 0 0 
2590000 2590 1000.0 3002611.716 2075.92 4.2044 0 0 0 
2600000 2600 1000.0 3023209.606 2072.922 4.2046 0 0 0 
2610000 2610 1000.0 3044364.117 2080.76 4.1965 0 0 0 
2620000 2620 1000.0 3066075.991 2097.644 4.192 0 0 0 
2630000 2630 1000.0 3087630.054 2108.274 4.1888 0 0 0 
2640000 2640 1000.0 3109427.038 2122.057 4.1802 0 0 0 
2650000 2650 1000.0 3131361.358 2135.006 4.1704 0 0 0 
2660000 2660 1000.0 3152296.318 2127.999 4.1801 0 0 0 
2670000 2670 1000.0 3173995.645 2135.874 4.1852 0 0 0 
2680000 2680 1000.0 3196627.536 2159.534 4.2019 0 0 0 
2690000 2690 1000.0 3219432.13 2181.495 4.19 0 0 0 
2700000 2700 1000.0 3241680.034 2189.275 4.1935 0 0 0 
2710000 2710 1000.0 3263980.06 2196.85 4.1995 0 0 0 
2720000 2720 1000.0 3285679.434 2192.018 4.1963 0 0 0 
2730000 2730 1000.0 3307573.275 2191.277 4.2122 0 0 0 
2740000 2740 1000.0 3329292.441 2187.446 4.2137 0 0 0 
2750000 2750 1000.0 3350939.038 2183.337 4.2096 0 0 0 
2760000 2760 1000.0 3372828.207 2184.148 4.2023 0 0 0 
2770000 2770 1000.0 3394800.957 2186.817 4.2073 0 0 0 
2780000 2780 1000.0 3417560.052 2203.192 4.2043 0 0 0 
2790000 2790 1000.0 3440522.27 2220.173 4.2529 0 0 0 
2800000 2800 1000.0 3463472.18 2234.041 4.3458 0 0 0 
2810000 2810 1000.0 3486123.566 2238.985 4.3264 0 0 0 
2820000 2820 1000.0 3508323.774 2235.449 4.3096 0 0 0 
2830000 2830 1000.0 3530865.832 2239.032 4.2907 0 0 0 
2840000 2840 1000.0 3553291.316 2239.368 4.2861 0 0 0 
2850000 2850 1000.0 3574674.346 2220.22 4.2696 0 0 0 
2860000 2860 1000.0 3596184.409 2207.892 4.255 0 0 0 
2870000 2870 1000.0 3618559.7 2213.51 4.2557 0 0 0 
2880000 2880 1000.0 3641417.829 2226.472 4.2678 0 0 0 
2890000 2890 1000.0 3664588.271 2243.472 4.2808 0 0 0 
2900000 2900 1000.0 3687307.113 2248.868 4.2789 0 0 0 
2910000 2910 1000.0 3709423.716 2241.204 4.2684 0 0 0 
2920000 2920 1000.0 3730772.656 2221.706 4.294 0 0 0 
2930000 2930 1000.0 3753015.039 2222.039 4.2822 0 0 0 
2940000 2940 1000.0 3774599.388 2210.019 4.2744 0 0 0 
2950000 2950 1000.0 3796147.247 2199.904 4.273 0 0 0 
2960000 2960 1000.0 3818838.292 2212.723 4.2835 0 0 0 
2970000 2970 1000.0 3841613.685 2225.067 4.2847 0 0 0 
2980000 2980 1000.0 3863913.222 2225.487 4.2915 0 0 0 
2990000 2990 1000.0 3885751.649 2218.541 4.2962 0 0 0 
3000000 3000 1000.0 3907162.272 2203.388 4.3018 0 0 0 
3010000 3010 1000.0 3929623.97 2212.156 4.311 0 0 0 
3020000 3020 1000.0 3952889.684 2233.245 4.3065 0 0 0 
3030000 3030 1000.0 3975817.726 2244.225 4.2891 0 0 0 
3040000 3040 1000.0 3998177.236 2242.383 4.2917 0 0 0 
3050000 3050 1000.0 4020460.659 2240.473 4.3013 0 0 0 
3060000 3060 1000.0 4041503.516 2214.967 4.2956 0 0 0 
3070000 3070 1000.0 4062656.173 2197.46 4.2871 0 0 0 
3080000 3080 1000.0 4085717.464 2217.285 4.2761 0 0 0 
3090000 3090 1000.0 4107638.369 2212.591 4.2756 0 0 0 
3100000 3100 1000.0 4130238.643 2221.423 4.2695 0 0 0 
3110000 3110 1000.0 4152725.408 2226.287 4.2663 0 0 0 
3120000 3120 1000.0 4174652.925 2220.968 4.2704 0 0 0 
3130000 3130 1000.0 4196729.985 2218.631 4.254 0 0 0 
3140000 3140 1000.0 4219143.497 2223.1 4.2503 0 0 0 
3150000 3150 1000.0 4241832.867 2231.781 4.2375 0 0 0 
3160000 3160 1000.0 4264806.491 2243.531 4.2348 0 0 0 
3170000 3170 1000.0 4287236.06 2243.569 4.247 0 0 0 
3180000 3180 1000.0 4309736.068 2244.993 4.2484 0 0 0 
3190000 3190 1000.0 4332082.035 2243.214 4.2409 0 0 0 
3200000 3200 1000.0 4352750.241 2209.751 4.245 0 0 0 
3210000 3210 1000.0 4374759.921 2208.126 4.2552 0 0 0 
3220000 3220 1000.0 4396920.99 2209.674 4.2632 0 0 0 
3230000 3230 1000.0 4419312.967 2215.299 4.2742 0 0 0 
3240000 3240 1000.0 4441209.043 2210.709 4.2775 0 0 0 
3250000 3250 1000.0 4462361.377 2193.206 4.2777 0 0 0 
3260000 3260 1000.0 4483485.728 2177.998 4.2829 0 0 0 
3270000 3270 1000.0 4504401.837 2161.781 4.2792 0 0 0 
3280000 3280 1000.0 4525287.681 2148.805 4.2698 0 0 0 
3290000 3290 1000.0 4546687.451 2147.152 4.2626 0 0 0 
3300000 3300 1000.0 4568355.101 2150.305 4.2582 0 0 0 
3310000 3310 1000.0 4590478.356 2161.457 4.2561 0 0 0 
3320000 3320 1000.0 4613036.505 2178.763 4.2644 0 0 0 
3330000 3330 1000.0 4635426.541 2189.167 4.2805 0 0 0 
3340000 3340 1000.0 4658385.536 2208.267 4.2949 0 0 0 
3350000 3350 1000.0 4681351.761 2224.462 4.3003 0 0 0 
3360000 3360 1000.0 4704428.403 2239.534 4.291 0 0 0 
3370000 3370 1000.0 4726811.595 2239.262 4.3015 0 0 0 
3380000 3380 1000.0 4749563.281 2245.941 4.3069 0 0 0 
3390000 3390 1000.0 4771660.104 2238.986 4.328 0 0 0 
3400000 3400 1000.0 4790474.436 2168.677 4.3556 0 0 0 
3410000 3410 1000.0 4812500.281 2174.292 4.3418 0 0 0 
3420000 3420 1000.0 4834452.025 2178.241 4.328 0 0 0 
3430000 3430 1000.0 4855562.767 2165.639 4.3306 0 0 0 
3440000 3440 1000.0 4875525.437 2134.094 4.3383 0 0 0 
3450000 3450 1000.0 4894803.993 2096.101 4.3389 0 0 0 
3460000 3460 1000.0 4915473.667 2090.575 4.324 0 0 0 
3470000 3470 1000.0 4935486.901 2073.629 4.3274 0 0 0 
3480000 3480 1000.0 4955762.396 2066.568 4.3395 0 0 0 
3490000 3490 1000.0 4977418.459 2085.094 4.3352 0 0 0 
3500000 3500 1000.0 4999861.754 2114.406 4.319 0 0 0 
3510000 3510 1000.0 5022605.253 2143.549 4.3275 0 0 0 
3520000 3520 1000.0 5045127.464 2163.726 4.3262 0 0 0 
3530000 3530 1000.0 5067080.138 2169.56 4.3171 0 0 0 
3540000 3540 1000.0 5089773.971 2187.765 4.3135 0 0 0 
3550000 3550 1000.0 5111694.357 2188.19 4.3048 0 0 0 
3560000 3560 1000.0 5133783.129 2192.277 4.3034 0 0 0 
3570000 3570 1000.0 5156218.444 2201.571 4.2941 0 0 0 
3580000 3580 1000.0 5178072.686 2198.781 4.2942 0 0 0 
3590000 3590 1000.0 5198354.499 2167.051 4.2914 0 0 0 
3600000 3600 1000.0 5219551.581 2158.685 4.2832 0 0 0 
3610000 3610 1000.0 5241434.794 2164.812 4.2769 0 0 0 
3620000 3620 1000.0 5262388.999 2152.631 4.2884 0 0 0 
3630000 3630 1000.0 5283914.71 2152.301 4.2967 0 0 0 
3640000 3640 1000.0 5305476.794 2153.292 4.2916 0 0 0 
3650000 3650 1000.0 5327611.587 2164.114 4.3358 0 0 0 
3660000 3660 1000.0 5349848.075 2174.957 4.3431 0 0 0 
3670000 3670 1000.0 5371735.174 2177.11 4.3772 0 0 0 
3680000 3680 1000.0 5393378.73 2175.047 4.3579 0 0 0 
3690000 3690 1000.0 5414986.403 2172.795 4.3521 0 0 0 
3700000 3700 1000.0 5436813.997 2174.414 4.3582 0 0 0 
3710000 3710 1000.0 5459768.236 2196.151 4.3654 0 0 0 
3720000 3720 1000.0 5482245.732 2205.467 4.3659 0 0 0 
3730000 3730 1000.0 5505313.879 2223.716 4.3569 0 0 0 
3740000 3740 1000.0 5527853.735 2229.214 4.3556 0 0 0 
3750000 3750 1000.0 5550629.106 2238.466 4.3468 0 0 0 
3760000 3760 1000.0 5572514.893 2229.303 4.3367 0 0 0 
3770000 3770 1000.0 5594446.025 2222.635 4.3352 0 0 0 
3780000 3780 1000.0 5616131.97 2212.258 4.3238 0 0 0 
3790000 3790 1000.0 5638254.402 2212.103 4.3411 0 0 0 
3800000 3800 1000.0 5660470.142 2213.67 4.3448 0 0 0 
3810000 3810 1000.0 5683114.874 2222.651 4.3495 0 0 0 
3820000 3820 1000.0 5705317.899 2221.555 4.3411 0 0 0 
3830000 3830 1000.0 5727453.703 2220.649 4.3326 0 0 0 
3840000 3840 1000.0 5749956.531 2226.352 4.3408 0 0 0 
3850000 3850 1000.0 5772236.625 2226.551 4.3435 0 0 0 
3860000 3860 1000.0 5794916.287 2234.341 4.3555 0 0 0 
3870000 3870 1000.0 5817140.218 2232.277 4.3611 0 0 0 
3880000 3880 1000.0 5839340.232 2230.669 4.3648 0 0 0 
3890000 3890 1000.0 5861700.805 2231.604 4.3537 0 0 0 
3900000 3900 1000.0 5884693.029 2243.666 4.3459 0 0 0 
3910000 3910 1000.0 5907347.21 2246.986 4.3508 0 0 0 
3920000 3920 1000.0 5929520.009 2240.804 4.3664 0 0 0 
3930000 3930 1000.0 5950802.298 2220.329 4.3589 0 0 0 
3940000 3940 1000.0 5971922.563 2200.66 4.3742 0 0 0 
3950000 3950 1000.0 5993821.061 2198.185 4.3784 0 0 0 
3960000 3960 1000.0 6016040.33 2202.596 4.3666 0 0 0 
3970000 3970 1000.0 6038193.357 2204.643 4.3633 0 0 0 
3980000 3980 1000.0 6060707.874 2213.477 4.3673 0 0 0 
3990000 3990 1000.0 6082787.286 2212.265 4.388 0 0 0 
4000000 4000 1000.0 6103660.146 2190.009 4.4186 0 0 0 
