10000 28 150.404 4536.197 68.302 0.1674 0 0 0 0.0 0.0 0.0 0.0 0.0 
20000 50 249.743 9171.963 115.007 0.2769 0 0 0 0.0 0.0 0.0 0.0 0.0 
30000 167 143.307 11089.832 36.014 0.9996 0 0 0 0.0053705 -1.8648092 0.0636114 0.1354912 0.040464 
40000 178 287.309 15632.041 103.619 2.2233 0 0 0 0.0046647 -3.6386964 0.0802866 0.1455783 0.037702 
50000 188 417.68 20720.069 182.04 3.3341 0 0 0 0.0041792 -5.5143314 0.1476808 0.1203578 0.0313192 
60000 198 524.202 26188.472 249.079 4.2473 0 0 0 0.0035116 -7.4233854 0.1772876 0.1075179 0.0284452 
70000 209 608.539 31237.001 293.048 4.9587 0 0 0 0.0034198 -9.2964557 0.2618671 0.095741 0.0266675 
80000 220 669.057 36171.72 324.423 5.4981 0 0 0 0.0035383 -11.3166143 0.4084643 0.0889293 0.0243457 
90000 234 683.511 40735.451 326.781 5.6277 0 0 0 0.0031344 -13.215339 0.4323802 0.0839187 0.0226825 
100000 244 741.406 44261.642 331.764 6.1377 0 0 0 0.0030248 -15.0962448 0.3736771 0.0765255 0.0236479 
110000 255 778.709 48950.953 352.115 6.4348 0 0 0 0.0028098 -17.0452672 0.4253683 0.0794395 0.0209097 
120000 265 819.189 54747.42 394.423 6.7788 0 0 0 0.003496 -19.0335577 0.9317315 0.0767697 0.0233191 
130000 275 852.264 58663.659 393.018 7.0664 0 0 0 0.0022388 -20.9569886 0.4246122 0.0772044 0.0188228 
140000 285 879.289 62146.257 385.696 7.3115 0 0 0 0.0022591 -22.6671486 0.5247211 0.0734024 0.0186313 
150000 295 901.37 66551.059 395.975 7.477 0 0 0 0.0025078 -24.5290094 0.7731427 0.0690085 0.0187438 
160000 306 905.008 71597.753 409.112 7.5198 0 0 0 0.0025195 -26.3179561 1.0638795 0.0678605 0.0176889 
170000 320 847.674 76273.483 385.17 7.0774 0 0 0 0.0029493 -28.1814136 1.3207599 0.0669329 0.0195325 
180000 333 835.348 81202.455 388.507 6.9733 0 0 0 0.0039343 -29.7886229 2.7965757 0.0682383 0.0210712 
190000 343 865.468 85543.011 397.024 7.227 0 0 0 0.0026591 -31.6835849 1.2379329 0.059667 0.0186246 
200000 353 890.077 89892.311 401.404 7.4236 0 0 0 0.0023753 -33.4982486 1.3661968 0.0571614 0.0184293 
210000 364 893.881 93870.051 397.435 7.4523 0 0 0 0.0028629 -35.1156006 2.1546255 0.0566382 0.0170631 
220000 375 899.87 98221.119 397.175 7.5079 0 0 0 0.0024871 -36.9103112 1.6629036 0.054728 0.0167941 
230000 388 872.735 102236.79 377.335 7.3071 0 0 0 0.0021767 -38.3022796 0.8980978 0.0535783 0.0158007 
240000 399 867.393 106018.121 362.98 7.2606 0 0 0 0.0024975 -39.1468034 2.130755 0.0513127 0.0154046 
250000 410 878.776 110855.765 382.984 7.3579 0 0 0 0.0029402 -40.3883403 2.6856929 0.0499051 0.0176818 
260000 420 900.951 116353.977 411.391 7.5568 0 0 0 0.0018635 -41.9357973 0.5442996 0.0476783 0.0145246 
270000 430 919.07 121256.803 428.218 7.7145 0 0 0 0.0026856 -43.4381646 2.6926632 0.047944 0.017036 
280000 440 933.874 126480.563 446.079 7.8356 0 0 0 0.0022694 -44.6123922 1.5026158 0.047609 0.0168089 
290000 450 945.97 131086.046 447.411 7.9362 0 0 0 0.0025095 -46.3644107 2.7590736 0.0467361 0.0170504 
300000 460 955.854 136737.238 468.459 8.0198 0 0 0 0.0024268 -48.411458 4.081346 0.045695 0.0177096 
310000 470 963.929 142082.712 481.648 8.0917 0 0 0 0.0022111 -50.1255796 1.9524515 0.043546 0.0177737 
320000 480 970.528 147173.05 486.26 8.1588 0 0 0 0.002412 -51.7009463 1.745739 0.044911 0.0185431 
330000 491 967.684 151357.724 470.565 8.1393 0 0 0 0.0022078 -53.8451671 1.9001479 0.0437212 0.0172926 
340000 501 973.595 155882.633 465.685 8.1865 0 0 0 0.0023211 -56.2801345 3.3957534 0.043872 0.0163317 
350000 511 978.426 161143.105 475.912 8.22 0 0 0 0.0025223 -57.8237018 4.6486321 0.0428636 0.017506 
360000 521 982.372 166858.281 493.171 8.26 0 0 0 0.0020167 -59.7636102 2.9500756 0.0430641 0.0154439 
370000 531 985.597 172668.069 509.042 8.2999 0 0 0 0.0026377 -61.941747 7.9022811 0.0428263 0.0172417 
380000 541 988.231 177802.717 510.076 8.3392 0 0 0 0.0018078 -64.5468508 2.5792235 0.042779 0.0157311 
390000 551 990.384 182822.241 508.914 8.3639 0 0 0 0.0023148 -66.6856488 3.5643653 0.0405183 0.0165212 
400000 561 992.143 187767.407 506.28 8.3844 0 0 0 0.0019207 -68.5229125 2.266596 0.0403756 0.0170676 
410000 571 993.58 192939.248 508.17 8.3791 0 0 0 0.002392 -70.4104177 5.4448493 0.0413419 0.0170777 
420000 581 994.755 197565.756 499.767 8.3913 0 0 0 0.0026779 -71.7456513 11.3222884 0.0393479 0.0178664 
430000 591 995.714 202666.057 501.278 8.387 0 0 0 0.0023336 -73.8167361 8.0177554 0.0394726 0.017182 
440000 601 996.498 207648.187 500.888 8.3955 0 0 0 0.0019271 -75.4471374 3.7516129 0.0411239 0.0164286 
450000 612 981.639 213664.932 511.193 8.2637 0 0 0 0.0022075 -77.1427798 6.4277485 0.0428457 0.018249 
460000 622 984.998 218747.733 511.352 8.2713 0 0 0 0.0025444 -78.786949 4.5090847 0.0460352 0.0212389 
470000 632 987.742 224056.341 514.345 8.2979 0 0 0 0.0022068 -79.4973798 3.4994176 0.0428292 0.0195383 
480000 642 989.984 229172.119 513.671 8.3131 0 0 0 0.0024468 -81.036235 6.8530341 0.0416688 0.0207055 
490000 652 989.166 233190.2 492.257 8.2954 0 0 0 0.0024953 -81.4078431 6.0488211 0.0420733 0.0208563 
500000 663 978.634 237999.631 483.46 8.2146 0 0 0 0.0025942 -82.0930931 7.5768279 0.0415385 0.0201692 
510000 673 982.542 243558.433 496.874 8.2578 0 0 0 0.0026261 -82.5703117 5.9083946 0.0414893 0.0205605 
520000 683 969.096 248542.336 487.632 8.169 0 0 0 0.0030836 -82.7681152 9.2363734 0.041575 0.0215644 
530000 693 974.749 254039.525 497.786 8.2341 0 0 0 0.0025358 -83.0165397 7.5794526 0.0408867 0.0208403 
540000 703 979.368 259978.568 516.273 8.2912 0 0 0 0.0028518 -83.4989568 7.5181512 0.0413784 0.0215241 
550000 716 937.751 266723.842 519.672 7.9538 0 0 0 0.002245 -84.2117366 2.6252544 0.0390641 0.0197191 
560000 727 935.102 272457.819 521.553 7.9531 0 0 0 0.0030676 -84.747382 8.5887087 0.0371207 0.0223591 
570000 738 916.84 278858.126 523.778 7.8004 0 0 0 0.0036413 -85.335186 9.7248633 0.0386753 0.0227311 
580000 748 932.052 284274.149 527.844 7.9468 0 0 0 0.0023459 -86.095624 2.649518 0.0376175 0.0211967 
590000 759 942.208 290715.761 549.73 8.0194 0 0 0 0.0027354 -86.4624147 5.3426684 0.0370312 0.0213765 
600000 769 938.06 296889.586 553.597 7.9624 0 0 0 0.0026407 -87.0053196 4.9557943 0.0368496 0.0201726 
610000 779 949.391 303123.695 563.813 8.0568 0 0 0 0.0030162 -87.7165981 8.5655732 0.0366633 0.0221577 
620000 790 949.767 310382.7 590.184 8.0369 0 0 0 0.0032436 -88.6632904 10.483534 0.0364564 0.0229331 
630000 800 958.956 316502.076 592.532 8.0928 0 0 0 0.0029617 -88.9391791 5.956147 0.0355121 0.0230714 
640000 810 966.464 322623.03 596.35 8.137 0 0 0 0.0029332 -89.9383167 7.2026393 0.0365154 0.024785 
650000 820 972.599 329749.683 615.935 8.169 0 0 0 0.0025664 -90.3958321 7.5108845 0.035007 0.0208483 
660000 830 977.611 336770.98 632.7 8.2039 0 0 0 0.0031521 -91.3220187 10.9705905 0.0358402 0.0221886 
670000 840 981.707 343590.856 640.617 8.2336 0 0 0 0.002638 -92.4723493 5.7005951 0.0342086 0.0224957 
680000 850 985.053 350805.112 656.891 8.2558 0 0 0 0.0029218 -93.5444126 13.2019422 0.0336758 0.0226327 
690000 861 974.436 358361.647 665.343 8.1636 0 0 0 0.0031304 -94.8769802 7.8437331 0.0344539 0.0240313 
700000 871 979.113 365293.809 671.59 8.1763 0 0 0 0.0036591 -96.1010718 12.1089852 0.0372256 0.0260006 
710000 881 982.934 373450.404 697.358 8.1726 0 0 0 0.0035826 -97.1482249 16.3428899 0.0352913 0.024668 
720000 891 986.055 379964.364 689.202 8.1796 0 0 0 0.002599 -98.0752135 3.1892829 0.0359148 0.0241834 
730000 901 988.606 386178.808 676.145 8.2002 0 0 0 0.0032705 -98.9600539 13.5653031 0.0359216 0.02524 
740000 911 990.69 392920.012 676.983 8.2311 0 0 0 0.0028753 -99.9478073 6.5298592 0.036193 0.0254547 
750000 921 992.393 400275.354 687.526 8.2575 0 0 0 0.0036797 -100.4594128 10.3816272 0.0344427 0.0267503 
760000 931 988.159 408303.815 702.783 8.2306 0 0 0 0.0032497 -101.3709342 6.6974228 0.034984 0.0274982 
770000 941 990.325 415570.116 705.16 8.2647 0 0 0 0.0035407 -101.7911878 10.0179204 0.0331961 0.0264345 
780000 951 992.095 423433.165 723.773 8.2887 0 0 0 0.0034866 -102.6261345 11.9514446 0.0311103 0.0270921 
790000 961 993.541 430490.694 717.204 8.3123 0 0 0 0.0035379 -103.5917313 14.4814541 0.0333932 0.027939 
800000 971 994.723 438847.993 737.433 8.3192 0 0 0 0.0034836 -104.3910955 14.3948513 0.0322242 0.028457 
810000 981 995.688 447273.015 758.87 8.3227 0 0 0 0.0033092 -105.5993926 5.0996007 0.0332419 0.0291669 
820000 991 996.477 456337.144 787.164 8.3233 0 0 0 0.0041044 -106.6753387 12.0214306 0.0333034 0.0335183 
830000 1001 997.121 464409.626 789.92 8.3361 0 0 0 0.0035422 -107.4478992 9.2809472 0.0311194 0.0304901 
840000 1011 997.648 472232.102 785.712 8.3382 0 0 0 0.0035912 -108.2751683 13.8727215 0.0313024 0.029025 
850000 1021 998.078 479275.743 771.257 8.35 0 0 0 0.0035659 -108.87709 7.2505848 0.0307685 0.0310246 
860000 1031 998.43 487275.492 776.257 8.3468 0 0 0 0.0034614 -109.7249553 8.3337226 0.0303952 0.0308962 
870000 1041 998.717 495858.29 791.538 8.3537 0 0 0 0.0037745 -110.6145924 10.2142977 0.0306467 0.031802 
880000 1051 998.952 503621.968 788.641 8.3625 0 0 0 0.0034411 -111.0611633 10.1830339 0.0297965 0.03023 
890000 1061 997.155 511160.842 778.903 8.3562 0 0 0 0.0033112 -112.1286049 5.5830445 0.029396 0.0304096 
900000 1072 983.148 520924.575 805.121 8.2344 0 0 0 0.0039242 -113.3215127 17.5984366 0.0284836 0.0330909 
910000 1082 986.231 529618.469 816.957 8.2783 0 0 0 0.004029 -113.9545004 18.8840149 0.0280244 0.0333381 
920000 1092 988.749 538751.526 834.106 8.2877 0 0 0 0.0037441 -115.5205859 5.9677213 0.0281403 0.0336474 
930000 1102 990.807 548062.054 854.643 8.3052 0 0 0 0.0044451 -116.9245696 22.3883526 0.0282433 0.0361862 
940000 1113 978.382 555807.21 824.433 8.1938 0 0 0 0.0037638 -117.6345683 11.4344805 0.0273014 0.0334016 
950000 1123 982.337 564123.975 824.16 8.2222 0 0 0 0.0038475 -118.802233 11.7947811 0.026814 0.0341201 
960000 1133 985.568 571516.102 808.428 8.2545 0 0 0 0.0037989 -119.1638388 14.2324739 0.0265847 0.0338614 
970000 1143 988.208 581205.89 836.715 8.2665 0 0 0 0.004003 -120.3179974 15.3671795 0.026598 0.0349624 
980000 1155 958.418 589756.349 815.022 8.0141 0 0 0 0.0040615 -120.7017327 13.0663597 0.0253243 0.0339414 
990000 1165 966.024 599854.651 851.463 8.0727 0 0 0 0.0039577 -122.0807916 6.2148333 0.0243532 0.0357627 
1000000 1175 972.24 609527.659 871.886 8.1177 0 0 0 0.0042225 -122.8986506 24.6728444 0.0243297 0.0346969 
1010000 1185 977.318 618871.514 883.092 8.1634 0 0 0 0.0039599 -123.7272626 12.0955663 0.0236601 0.0348295 
1020000 1195 981.198 627646.266 881.85 8.2044 0 0 0 0.0038059 -123.8215324 10.7908042 0.0245134 0.0338395 
1030000 1205 984.637 637942.469 907.13 8.2247 0 0 0 0.0041977 -125.1164598 16.9552009 0.0256447 0.0355273 
1040000 1215 987.448 647757.9 920.329 8.2425 0 0 0 0.0041519 -126.2695367 11.6817645 0.0263542 0.0369862 
1050000 1225 985.392 658359.862 941.184 8.2209 0 0 0 0.004637 -127.2672747 20.3552308 0.0273427 0.0382894 
1060000 1235 988.064 669283.674 968.829 8.2421 0 0 0 0.0046221 -128.4553782 25.5353224 0.0266928 0.0385123 
1070000 1245 990.247 680799.683 1003.391 8.2547 0 0 0 0.0049768 -129.5021999 32.2315757 0.0263277 0.0388104 
1080000 1255 992.031 689919.804 983.848 8.2689 0 0 0 0.0042733 -130.4416512 15.0589703 0.0265796 0.0372058 
1090000 1265 993.188 699001.233 972.644 8.287 0 0 0 0.0045409 -130.9466665 22.1122089 0.0256663 0.0383473 
1100000 1275 994.434 710180.444 998.138 8.295 0 0 0 0.0042116 -132.0555512 4.7300957 0.026474 0.0396703 
1110000 1285 995.452 721424.823 1021.024 8.3113 0 0 0 0.0051045 -132.7170931 31.5845468 0.0257999 0.0399134 
1120000 1295 996.284 732433.726 1038.159 8.3151 0 0 0 0.0044965 -133.7613372 18.7972525 0.0268118 0.0387559 
1130000 1305 996.964 741958.227 1020.408 8.328 0 0 0 0.0044219 -133.9573558 21.6249205 0.0262442 0.0379378 
1140000 1315 994.171 753370.008 1037.694 8.2878 0 0 0 0.004444 -135.3591911 14.2492345 0.0264891 0.0399364 
1150000 1325 995.237 763095.44 1027.257 8.2913 0 0 0 0.0046827 -135.9655671 20.4471664 0.0268955 0.0384913 
1160000 1335 996.108 773289.25 1027.102 8.3104 0 0 0 0.004863 -137.1816624 24.2034758 0.0270686 0.0401107 
1170000 1345 996.82 783761.235 1025.997 8.3196 0 0 0 0.0050625 -137.5713601 31.6197076 0.0275643 0.0415717 
1180000 1355 997.402 795157.16 1050.008 8.3313 0 0 0 0.0054039 -138.3508285 24.011151 0.0282756 0.0418744 
1190000 1365 997.877 805309.964 1041.669 8.3242 0 0 0 0.0053158 -139.0815658 34.0938615 0.0288607 0.0431004 
1200000 1375 998.265 816484.029 1057.802 8.3343 0 0 0 0.0045805 -140.2327812 15.4576912 0.0285235 0.0407731 
1210000 1385 998.583 827668.083 1069.906 8.3415 0 0 0 0.0049758 -140.8555648 21.9071473 0.0284052 0.0417665 
1220000 1395 998.842 839344.832 1085.126 8.3424 0 0 0 0.0051879 -142.1330603 22.9396871 0.028054 0.0424553 
1230000 1405 999.054 851252.397 1105.362 8.3385 0 0 0 0.0044787 -143.1570261 19.9970663 0.0288915 0.039545 
1240000 1415 999.227 864024.915 1135.04 8.3477 0 0 0 0.0048294 -144.7333277 14.4551984 0.0288751 0.0426281 
1250000 1425 999.368 875626.021 1138.232 8.3467 0 0 0 0.004581 -146.1726378 12.4505714 0.0290014 0.0418389 
1260000 1435 999.484 888988.63 1178.03 8.3519 0 0 0 0.0047276 -146.9017473 19.0099088 0.0303562 0.0429731 
1270000 1446 983.833 900946.65 1164.123 8.2255 0 0 0 0.0046943 -147.5624193 13.0894637 0.0300403 0.0422386 
1280000 1456 986.79 915679.725 1220.283 8.2561 0 0 0 0.0055593 -149.5939772 34.1254009 0.0305709 0.0451535 
1290000 1466 989.207 928387.43 1227.316 8.2711 0 0 0 0.0052782 -151.0204188 28.7343312 0.0303938 0.0449601 
1300000 1476 991.181 941459.255 1242.055 8.2736 0 0 0 0.0058503 -152.0425811 35.4219166 0.0309714 0.046753 
1310000 1486 992.794 953905.816 1243.297 8.3028 0 0 0 0.0050202 -152.7914175 18.5622039 0.0312345 0.0451626 
1320000 1496 994.112 966757.183 1251.243 8.3122 0 0 0 0.0047411 -154.0950882 16.6533517 0.0309253 0.0439841 
1330000 1506 995.189 979208.867 1251.235 8.3198 0 0 0 0.0052032 -155.4325719 27.9253381 0.0304897 0.0457077 
1340000 1516 996.069 991691.653 1248.159 8.3197 0 0 0 0.0051548 -156.5513373 19.1130177 0.0312174 0.0449521 
1350000 1526 996.788 1006643.476 1293.885 8.3224 0 0 0 0.0048927 -158.2221536 17.4242586 0.0297113 0.0447483 
1360000 1536 997.376 1018987.972 1279.608 8.3331 0 0 0 0.0053492 -159.3814195 25.1646987 0.0315539 0.0479099 
1370000 1546 997.856 1030875.424 1263.926 8.3299 0 0 0 0.0054848 -160.877844 20.7449631 0.0323998 0.0484725 
1380000 1556 998.248 1046526.109 1318.522 8.3198 0 0 0 0.0053643 -161.8943725 27.3507216 0.0321481 0.048279 
1390000 1566 998.569 1059449.912 1315.281 8.3244 0 0 0 0.00571 -163.1050553 29.858852 0.0309961 0.0497423 
1400000 1576 998.83 1073670.678 1333.969 8.317 0 0 0 0.005384 -164.5161927 29.171511 0.0309779 0.0486326 
1410000 1586 999.044 1086503.514 1325.608 8.2898 0 0 0 0.0053787 -165.5044313 20.7068001 0.032523 0.0479524 
1420000 1596 999.219 1101598.752 1357.131 8.2815 0 0 0 0.0052162 -166.9217831 15.569222 0.0331115 0.0484618 
1430000 1606 999.362 1115819.6 1367.518 8.2838 0 0 0 0.0052697 -167.3942754 12.8664283 0.032379 0.0490406 
1440000 1616 999.479 1131701.465 1407.877 8.2937 0 0 0 0.0057155 -168.3416453 36.4161592 0.0321447 0.049551 
1450000 1626 999.574 1148397.458 1456.747 8.2928 0 0 0 0.0052828 -170.3602371 21.3973964 0.0342088 0.0466993 
1460000 1636 999.652 1161616.848 1433.993 8.3029 0 0 0 0.0053246 -170.7057322 39.5870439 0.0333877 0.0463015 
1470000 1646 999.716 1176237.94 1438.691 8.313 0 0 0 0.0049291 -171.9074547 19.4071913 0.0338081 0.0451895 
1480000 1656 999.768 1192049.322 1466.186 8.3134 0 0 0 0.0052229 -172.4865459 20.5930292 0.0333905 0.047894 
1490000 1666 999.81 1207226.75 1477.049 8.3245 0 0 0 0.0051793 -172.7065195 31.5352716 0.0321935 0.0461398 
1500000 1676 999.845 1221715.372 1470.29 8.3235 0 0 0 0.0052593 -173.9555703 27.5154325 0.0329678 0.0471197 
1510000 1687 986.402 1235724.368 1439.841 8.2208 0 0 0 0.0053551 -174.0286686 27.0861271 0.0329191 0.0475945 
1520000 1697 988.89 1249287.381 1424.35 8.2321 0 0 0 0.0050721 -175.1181932 17.8508192 0.033092 0.0473976 
1530000 1707 990.922 1265321.65 1458.961 8.2452 0 0 0 0.0054 -176.2472999 29.704743 0.0317138 0.0478246 
1540000 1717 992.583 1281161.736 1480.256 8.2667 0 0 0 0.0050393 -177.3810647 20.7356148 0.0326343 0.0461316 
1550000 1727 993.94 1297186.624 1503.043 8.2694 0 0 0 0.0055924 -178.1385701 41.4935889 0.0321022 0.0476559 
1560000 1737 995.048 1314396.125 1542.217 8.2643 0 0 0 0.0052168 -179.9894219 27.477292 0.0337512 0.0475841 
1570000 1747 981.814 1331700.231 1568.575 8.1621 0 0 0 0.0051207 -181.3829705 34.5840999 0.0336839 0.0452299 
1580000 1757 985.141 1350143.452 1603.198 8.1998 0 0 0 0.0050964 -182.1069295 25.8302003 0.0330956 0.0466495 
1590000 1767 987.859 1368717.304 1652.081 8.2049 0 0 0 0.0053765 -184.1744271 33.5863172 0.032625 0.0476724 
1600000 1777 990.08 1387677.382 1691.604 8.2304 0 0 0 0.0051401 -185.4158545 37.3669901 0.0326086 0.0445755 
1610000 1787 991.895 1404695.616 1701.808 8.2413 0 0 0 0.004766 -186.8519424 21.0408399 0.0330392 0.0436157 
1620000 1797 993.377 1422746.67 1718.61 8.2604 0 0 0 0.005366 -188.1941683 34.9558784 0.0330636 0.0461439 
1630000 1807 994.589 1440704.046 1727.69 8.2594 0 0 0 0.0049283 -189.8314713 38.1619038 0.032603 0.0430681 
1640000 1818 981.587 1458755.587 1719.133 8.1373 0 0 0 0.0050567 -190.4360872 18.5105293 0.0330144 0.0441092 
1650000 1828 984.955 1476575.902 1729.567 8.172 0 0 0 0.0048483 -191.9846462 35.8347752 0.0337111 0.0420755 
1660000 1838 987.707 1494765.652 1749.773 8.1838 0 0 0 0.0049786 -193.4015633 44.5568472 0.0344841 0.0430394 
1670000 1848 989.956 1512069.368 1745.231 8.2135 0 0 0 0.0045882 -194.4437763 31.5466182 0.0341415 0.0415164 
1680000 1858 991.793 1529695.185 1749.399 8.2468 0 0 0 0.0047441 -195.8827062 24.5722808 0.0339541 0.0436541 
1690000 1868 993.295 1545215.62 1710.096 8.27 0 0 0 0.0049339 -196.0968867 41.4720649 0.0338802 0.0421882 
1700000 1878 994.521 1560418.269 1672.818 8.2816 0 0 0 0.0047822 -197.7473776 41.668274 0.0341195 0.0422851 
1710000 1888 995.523 1576534.706 1660.588 8.255 0 0 0 0.0054098 -198.4389705 75.3049506 0.0325134 0.0427342 
1720000 1898 996.342 1594540.38 1686.202 8.2704 0 0 0 0.004993 -200.7196511 53.6191105 0.0319059 0.0417581 
1730000 1908 997.011 1614481.384 1740.026 8.2761 0 0 0 0.0050578 -202.0880083 50.8477509 0.032413 0.0424547 
1740000 1918 997.558 1632128.837 1751.688 8.2821 0 0 0 0.0047621 -203.3667417 58.1567394 0.0323286 0.039791 
1750000 1928 998.005 1648976.387 1736.979 8.3054 0 0 0 0.0047476 -204.0211347 53.5427141 0.0327532 0.0410545 
1760000 1938 998.37 1667645.478 1759.097 8.3263 0 0 0 0.0046785 -205.3717012 43.8237649 0.0328105 0.0404004 
1770000 1948 998.668 1684667.818 1751.685 8.3412 0 0 0 0.0047008 -205.7192708 33.4801802 0.0329936 0.0419019 
1780000 1958 998.912 1701844.603 1745.2 8.3352 0 0 0 0.004669 -206.3842989 36.7033859 0.0344321 0.0414881 
1790000 1968 999.111 1720719.389 1770.306 8.3334 0 0 0 0.0046175 -206.7736712 49.4193573 0.0348101 0.0391259 
1800000 1978 999.273 1741536.348 1823.998 8.344 0 0 0 0.0047201 -207.5325562 41.5000852 0.0321155 0.0409723 
1810000 1988 999.406 1761431.315 1853.507 8.3494 0 0 0 0.0043455 -208.835132 24.5750064 0.0321552 0.0395352 
1820000 1998 999.515 1779718.113 1850.943 8.3612 0 0 0 0.0046091 -209.7758093 58.1825039 0.0319693 0.0381305 
1830000 2008 999.604 1797988.525 1847.934 8.36 0 0 0 0.0042626 -210.3531582 29.2782168 0.0325195 0.0388557 
1840000 2018 999.676 1816443.852 1850.112 8.3653 0 0 0 0.0049991 -211.1587381 65.8067418 0.032519 0.0410123 
1850000 2028 999.735 1832509.386 1805.298 8.3747 0 0 0 0.0045976 -211.393375 57.2347909 0.0333598 0.0389888 
1860000 2038 999.784 1849475.541 1783.474 8.386 0 0 0 0.0043266 -212.0220677 41.5395002 0.0323145 0.0365681 
1870000 2048 999.823 1865739.775 1758.84 8.3818 0 0 0 0.0044347 -212.7926811 30.8797953 0.032252 0.039417 
1880000 2058 999.856 1882389.731 1739.008 8.3923 0 0 0 0.0042679 -213.0456639 27.0731799 0.0341545 0.0393575 
1890000 2068 999.882 1900644.966 1750.491 8.3776 0 0 0 0.0048362 -213.5738199 73.2997276 0.0335066 0.0392375 
1900000 2078 999.904 1918127.947 1755.445 8.3645 0 0 0 0.0046549 -214.6228579 56.406277 0.0329242 0.0391833 
1910000 2088 999.921 1935585.015 1746.991 8.3536 0 0 0 0.0044488 -215.582357 37.9996314 0.0340525 0.0392485 
1920000 2098 999.936 1953412.37 1765.549 8.3577 0 0 0 0.0043805 -216.0051254 34.7275363 0.0352016 0.0395568 
1930000 2108 999.947 1971801.186 1783.014 8.365 0 0 0 0.0048694 -216.0085059 61.3313123 0.0330865 0.0404977 
1940000 2118 999.957 1989434.104 1771.635 8.3828 0 0 0 0.0047843 -216.2863142 62.6900611 0.0326653 0.0403364 
1950000 2128 999.965 2010211.427 1826.088 8.3804 0 0 0 0.0051974 -217.1965736 91.3029241 0.0324354 0.0406913 
1960000 2138 994.078 2029010.393 1824.852 8.3265 0 0 0 0.0051218 -217.7827681 76.4303293 0.0318124 0.0402077 
1970000 2149 980.18 2044261.798 1742.032 8.2099 0 0 0 0.0048473 -217.7655022 62.4609098 0.0322089 0.0394678 
1980000 2159 983.806 2063611.841 1778.636 8.2453 0 0 0 0.0043175 -218.7262311 53.6258241 0.0322215 0.0371503 
1990000 2169 986.768 2080908.57 1770.684 8.2784 0 0 0 0.0042009 -218.8219068 26.7121032 0.0331232 0.0387189 
2000000 2179 989.189 2100300.655 1798.201 8.2924 0 0 0 0.0047951 -219.02636 73.2813999 0.0327573 0.0391824 
2010000 2189 991.166 2119402.422 1817.811 8.2967 0 0 0 0.0044476 -219.6200023 49.1551351 0.031293 0.0397491 
2020000 2199 992.782 2138020.528 1827.744 8.3045 0 0 0 0.004617 -220.1214019 43.1642109 0.0317596 0.0394871 
2030000 2209 994.103 2153873.848 1781.676 8.3332 0 0 0 0.0047217 -219.9778553 60.9223357 0.031108 0.0401162 
2040000 2219 995.181 2171413.724 1777.91 8.3345 0 0 0 0.0040122 -220.0827886 10.6813355 0.0319048 0.0388171 
2050000 2229 996.063 2187572.205 1757.024 8.3258 0 0 0 0.0051757 -219.5570942 76.0654784 0.0308708 0.0393613 
2060000 2239 996.783 2205081.168 1747.508 8.3214 0 0 0 0.0048906 -220.0127853 64.2133424 0.0317396 0.0403345 
2070000 2249 997.372 2223911.801 1775.558 8.3241 0 0 0 0.0050421 -220.5325195 46.22581 0.0317299 0.0421516 
2080000 2259 997.852 2242124.635 1781.512 8.3264 0 0 0 0.0044349 -221.3724407 34.5334372 0.0316408 0.0401359 
2090000 2269 998.245 2257533.75 1739.569 8.3278 0 0 0 0.0044649 -220.9198285 50.9065632 0.0316714 0.039066 
2100000 2279 998.566 2275378.461 1746.436 8.3183 0 0 0 0.0045981 -221.5908299 39.7956899 0.0303204 0.0411008 
2110000 2290 985.148 2292955.134 1739.911 8.2178 0 0 0 0.0041825 -222.4617861 19.8956074 0.0299129 0.0388562 
2120000 2300 987.865 2310047.758 1725.928 8.2498 0 0 0 0.0039942 -222.6053442 21.2909406 0.0306172 0.0374024 
2130000 2310 990.085 2327433.731 1725.458 8.2899 0 0 0 0.0046124 -222.3439542 49.6160058 0.0305184 0.0392463 
2140000 2320 991.899 2343589.519 1705.134 8.3037 0 0 0 0.0044608 -223.2667322 55.6712263 0.0307589 0.0387262 
2150000 2330 990.758 2361005.675 1706.261 8.3098 0 0 0 0.0042352 -222.44396 29.2033568 0.031351 0.0387756 
2160000 2340 992.449 2378605.74 1715.667 8.3276 0 0 0 0.0041715 -222.6793046 16.8687523 0.031475 0.0395 
2170000 2350 993.83 2396431.544 1730.009 8.3415 0 0 0 0.0047057 -223.4503012 56.307234 0.030957 0.0406413 
2180000 2360 994.959 2415549.103 1758.049 8.3293 0 0 0 0.0047586 -223.1995592 54.2749473 0.0312547 0.0408979 
2190000 2370 995.881 2433957.477 1775.623 8.3371 0 0 0 0.0047974 -224.2393498 53.4427709 0.0314366 0.0396143 
2200000 2380 996.635 2452347.001 1789.567 8.3317 0 0 0 0.0051176 -223.7640675 87.6525423 0.0311492 0.0404657 
2210000 2390 997.25 2469999.609 1787.672 8.3276 0 0 0 0.0047875 -224.3661943 55.6435713 0.030134 0.0396368 
2220000 2400 997.753 2486599.556 1762.336 8.3181 0 0 0 0.0047567 -223.7817188 44.9992972 0.0310505 0.0411431 
2230000 2410 998.164 2503302.064 1746.255 8.3098 0 0 0 0.0051861 -224.4359854 75.3428608 0.0295176 0.0407319 
2240000 2420 993.568 2521761.589 1758.176 8.2734 0 0 0 0.0046223 -224.8693145 52.3134804 0.03074 0.0399589 
2250000 2430 993.165 2538750.252 1736.893 8.2784 0 0 0 0.0049589 -225.5570594 86.6914904 0.0303395 0.0412921 
2260000 2440 994.415 2555622.299 1734.098 8.2724 0 0 0 0.0039747 -225.342105 19.7042653 0.0312429 0.0376168 
2270000 2450 995.437 2573661.554 1741.838 8.2561 0 0 0 0.0051043 -225.2299221 105.2654519 0.0301536 0.0394007 
2280000 2460 996.271 2593889.707 1787.73 8.2805 0 0 0 0.0049424 -226.1506874 58.5377639 0.031144 0.0413799 
2290000 2470 996.954 2614709.239 1844.086 8.2959 0 0 0 0.0044851 -228.1014167 49.9072638 0.031573 0.0384765 
2300000 2480 997.511 2634085.829 1869.565 8.3001 0 0 0 0.0044505 -228.0242321 52.8194042 0.030545 0.0386432 
2310000 2490 997.966 2650596.873 1821.181 8.2889 0 0 0 0.0045552 -228.3712841 43.9599637 0.0311999 0.0389639 
2320000 2500 998.338 2669521.25 1834.282 8.3091 0 0 0 0.0048597 -228.8474928 65.2427674 0.0307683 0.040691 
2330000 2510 998.642 2688510.527 1852.571 8.3134 0 0 0 0.004995 -229.6791424 75.285579 0.0305507 0.0404111 
2340000 2520 998.891 2703552.627 1784.864 8.3387 0 0 0 0.0045134 -229.5186592 58.250378 0.0322971 0.0384106 
2350000 2530 999.094 2720819.001 1776.189 8.3312 0 0 0 0.004045 -230.9847218 26.2408482 0.031333 0.0375874 
2360000 2540 999.259 2735784.278 1718.898 8.3079 0 0 0 0.0044803 -230.2913851 49.6734699 0.0304319 0.0376409 
2370000 2550 999.395 2756081.035 1776.5 8.3162 0 0 0 0.0047481 -230.8913104 62.7300889 0.0308985 0.0392352 
2380000 2560 999.506 2775627.83 1815.869 8.3333 0 0 0 0.0044684 -231.3326521 63.8846042 0.0314831 0.0384226 
2390000 2570 999.596 2794008.571 1811.42 8.3522 0 0 0 0.0041986 -232.5836381 25.1187067 0.0305446 0.0385097 
2400000 2580 999.67 2810845.154 1786.718 8.373 0 0 0 0.0042314 -232.4442262 40.1147398 0.032651 0.0384731 
2410000 2590 999.73 2828886.261 1815.225 8.3708 0 0 0 0.0045256 -233.0262779 51.5848731 0.0312265 0.0392439 
2420000 2601 982.464 2846198.008 1749.472 8.232 0 0 0 0.0047996 -233.5342593 70.7283416 0.0315196 0.0397185 
2430000 2612 969.142 2864367.049 1728.019 8.1266 0 0 0 0.0042932 -233.7213019 41.4644183 0.0310572 0.0378246 
2440000 2622 974.786 2882087.086 1739.189 8.1638 0 0 0 0.0041098 -234.0295609 34.300705 0.0314363 0.0364775 
2450000 2632 979.399 2901204.447 1768.556 8.2042 0 0 0 0.0045706 -234.5616782 72.9388392 0.0309344 0.0368379 
2460000 2642 983.167 2919750.086 1785.168 8.2393 0 0 0 0.0049129 -235.514719 80.1576974 0.0302144 0.0394982 
2470000 2652 986.246 2938956.18 1810.015 8.2788 0 0 0 0.0039579 -236.3397044 28.7216272 0.0306111 0.0364508 
2480000 2662 988.762 2958901.262 1843.326 8.2831 0 0 0 0.0039988 -236.6933645 37.3710357 0.0311329 0.0363641 
2490000 2672 990.818 2979313.965 1877.34 8.3147 0 0 0 0.0045452 -237.146171 93.9413871 0.0306881 0.0372956 
2500000 2682 992.498 2998257.746 1879.567 8.3202 0 0 0 0.004872 -237.2395636 89.708853 0.0305441 0.0380135 
2510000 2692 993.87 3018738.401 1916.484 8.3221 0 0 0 0.003806 -238.0975451 20.3131858 0.0312555 0.0361661 
2520000 2702 994.991 3039082.397 1933.199 8.3304 0 0 0 0.0044722 -238.2390967 77.4881042 0.0315673 0.036827 
2530000 2712 995.908 3057595.409 1919.272 8.3418 0 0 0 0.004486 -238.7369776 73.0464465 0.0325077 0.0379282 
2540000 2722 996.656 3078347.232 1948.872 8.3593 0 0 0 0.0043843 -239.8877138 60.6060567 0.0321642 0.038405 
2550000 2732 997.268 3098353.898 1959.6 8.3588 0 0 0 0.0042841 -240.6280458 69.593894 0.0313083 0.0367557 
2560000 2742 997.768 3119085.195 1983.407 8.3585 0 0 0 0.0043573 -241.3520487 45.7906065 0.0319698 0.0374072 
2570000 2752 998.176 3141684.041 2027.387 8.3801 0 0 0 0.0042772 -242.2815629 59.0959716 0.0317171 0.0373982 
2580000 2762 998.51 3163711.274 2063.765 8.3971 0 0 0 0.0043335 -242.9715879 70.8796308 0.0308812 0.0371179 
2590000 2772 998.782 3182705.12 2030.941 8.3884 0 0 0 0.0040655 -243.4420519 42.8861548 0.0309458 0.035151 
2600000 2782 999.005 3203555.715 2042.003 8.3873 0 0 0 0.0043809 -244.304507 77.9443311 0.0311258 0.0365745 
2610000 2792 999.187 3224621.565 2050.828 8.4042 0 0 0 0.0037222 -245.1355603 42.9928482 0.0309955 0.0333602 
2620000 2802 999.336 3245013.003 2048.329 8.4239 0 0 0 0.004615 -246.1679058 84.5776503 0.030723 0.0384497 
2630000 2812 999.457 3261125.198 1973.067 8.4389 0 0 0 0.0043953 -246.0502215 64.2064832 0.0318089 0.0370634 
2640000 2822 999.557 3279719.298 1952.774 8.4495 0 0 0 0.0042159 -246.4510912 75.8148338 0.0322008 0.0360423 
2650000 2832 999.638 3297454.354 1914.182 8.4503 0 0 0 0.0042964 -246.0589597 77.1064565 0.0309363 0.0351646 
2660000 2842 999.704 3317382.751 1936.061 8.4616 0 0 0 0.0050759 -245.9983119 131.9422815 0.0331265 0.0372915 
2670000 2852 999.758 3335716.002 1910.778 8.4562 0 0 0 0.0039307 -246.5667896 40.5480551 0.0317429 0.0357186 
2680000 2862 999.802 3356526.041 1938.969 8.4539 0 0 0 0.0039894 -246.6903683 61.2127379 0.0325181 0.0347898 
2690000 2872 999.839 3377252.176 1969.126 8.4565 0 0 0 0.0038929 -247.1774015 30.921666 0.0326195 0.0358449 
2700000 2882 999.868 3397983.088 1986.422 8.4613 0 0 0 0.0038072 -247.5651618 29.4912449 0.0320438 0.0353336 
2710000 2892 999.892 3419195.788 2012.299 8.4453 0 0 0 0.0040586 -248.1944445 58.0201812 0.0319108 0.0357404 
2720000 2902 999.912 3440334.431 2027.922 8.4366 0 0 0 0.0039282 -248.5067519 58.3972816 0.0324785 0.0338709 
2730000 2912 999.928 3458440.287 2005.482 8.4302 0 0 0 0.0035804 -248.6523245 20.8058023 0.0312997 0.0338675 
2740000 2922 999.941 3477126.528 1967.747 8.4561 0 0 0 0.0046123 -248.8754075 110.9239453 0.0335943 0.035639 
2750000 2932 999.952 3498284.914 1989.779 8.4546 0 0 0 0.0043222 -249.5037537 68.7517582 0.0327253 0.0345928 
2760000 2942 999.961 3518844.94 2003.577 8.4777 0 0 0 0.003677 -249.9757718 27.8178385 0.0324526 0.034106 
2770000 2952 999.968 3539828.016 2019.812 8.4795 0 0 0 0.0036343 -249.7771891 25.5819213 0.0307097 0.0339075 
2780000 2962 999.974 3556417.289 1966.267 8.472 0 0 0 0.0045144 -248.5970785 99.3521272 0.0309425 0.0357452 
2790000 2972 999.979 3573408.042 1926.517 8.4787 0 0 0 0.0050797 -248.0851753 156.4150725 0.0324984 0.0364803 
2800000 2982 999.983 3592004.937 1906.604 8.4799 0 0 0 0.0049552 -247.4384772 155.5024217 0.0309298 0.0353452 
2810000 2992 999.986 3612047.48 1918.875 8.4799 0 0 0 0.0040423 -247.4913999 86.1282128 0.0310595 0.0335555 
2820000 3002 999.988 3631311.353 1925.129 8.4583 0 0 0 0.004204 -247.3402289 63.324773 0.0308259 0.0358326 
2830000 3012 999.99 3652120.114 1954.377 8.4641 0 0 0 0.0041847 -248.6137949 97.1742846 0.0305397 0.0328455 
2840000 3022 999.992 3673293.705 1978.419 8.4489 0 0 0 0.0041871 -248.7689485 72.8012814 0.0319622 0.0340576 
2850000 3032 994.994 3691597.142 1948.454 8.4015 0 0 0 0.011478 -248.9155006 98.0676911 0.0301378 0.0343909 
2860000 3043 984.646 3710318.808 1912.236 8.3128 0 0 0 0.0038183 -249.1415053 27.5253899 0.0317366 0.034009 
2870000 3053 987.455 3730586.212 1927.035 8.3198 0 0 0 0.0039557 -249.6136579 36.1573587 0.0308894 0.033463 
2880000 3063 989.75 3748293.243 1906.149 8.3571 0 0 0 0.004085 -248.8506703 75.6667991 0.0328443 0.0340488 
2890000 3073 991.625 3768038.023 1910.253 8.3729 0 0 0 0.003997 -248.8876988 79.1429133 0.0298575 0.0329766 
2900000 3083 993.157 3787436.31 1918.994 8.39 0 0 0 0.0040931 -247.7015829 81.7148485 0.0313749 0.033236 
2910000 3093 994.409 3807187.505 1928.182 8.3907 0 0 0 0.0039344 -247.4805776 60.4323344 0.0302684 0.0331337 
2920000 3103 995.431 3825782.868 1917.519 8.39 0 0 0 0.0041872 -247.5414954 88.000598 0.0311927 0.0328666 
2930000 3113 996.267 3845195.83 1919.721 8.3842 0 0 0 0.0039328 -247.7679604 46.8544004 0.03287 0.0335742 
2940000 3123 996.95 3865939.538 1948.814 8.3779 0 0 0 0.0039732 -247.4768611 40.8111927 0.0318588 0.0334166 
2950000 3133 997.508 3883622.658 1916.989 8.3985 0 0 0 0.0039491 -247.2774297 56.0035355 0.0309056 0.0341026 
2960000 3143 997.964 3903599.629 1936.378 8.4035 0 0 0 0.0038875 -247.350406 47.3313601 0.0317281 0.0328895 
2970000 3153 998.336 3922982.804 1935.026 8.4124 0 0 0 0.0036021 -246.6932309 21.9657458 0.031236 0.033849 
2980000 3163 998.641 3942642.003 1939.716 8.4233 0 0 0 0.0043032 -246.9331622 67.4991414 0.0321842 0.0348875 
2990000 3173 998.889 3961430.548 1927.819 8.4085 0 0 0 0.004011 -247.8473785 49.4617637 0.0334139 0.0341722 
3000000 3183 999.092 3981971.337 1950.669 8.4057 0 0 0 0.0040491 -248.0948729 73.7151616 0.0331941 0.0326952 
3010000 3193 999.258 3999897.274 1916.745 8.4022 0 0 0 0.0044896 -247.4438133 102.4622705 0.0325289 0.0354611 
3020000 3203 999.394 4022121.231 1987.482 8.3939 0 0 0 0.0047399 -248.3856038 99.5378422 0.0326703 0.0359157 
3030000 3213 999.505 4045819.495 2044.784 8.3875 0 0 0 0.004398 -248.720265 106.4902471 0.0314804 0.0341019 
3040000 3223 999.596 4068876.681 2109.424 8.3884 0 0 0 0.0036522 -249.1015366 26.9840638 0.0314366 0.03371 
3050000 3233 999.669 4087651.608 2049.321 8.3985 0 0 0 0.0034308 -249.58262 14.7202206 0.0325999 0.0326524 
3060000 3243 999.73 4107264.761 2034.152 8.4142 0 0 0 0.0037003 -249.8268335 30.6685999 0.0308296 0.0339109 
3070000 3253 999.779 4126885.537 2023.17 8.4137 0 0 0 0.0035263 -249.4476625 34.5001032 0.0331438 0.0319138 
3080000 3263 999.82 4145566.532 1990.025 8.4168 0 0 0 0.004108 -249.7861786 91.5305439 0.0308803 0.032149 
3090000 3273 999.853 4166275.478 2003.806 8.4056 0 0 0 0.0041635 -249.7617326 93.3058067 0.031822 0.0337673 
3100000 3283 999.88 4187045.522 2021.795 8.4058 0 0 0 0.0044051 -250.088578 58.2802849 0.0324752 0.0348444 
3110000 3293 999.902 4207907.381 2030.38 8.395 0 0 0 0.0036788 -250.975359 45.3881955 0.032184 0.0324135 
3120000 3303 999.92 4227458.913 2017.497 8.3983 0 0 0 0.0039434 -251.0462705 46.7735298 0.0326136 0.0349972 
3130000 3313 999.934 4247015.187 2004.073 8.3908 0 0 0 0.0039733 -250.7246976 62.8216403 0.0327136 0.0340593 
3140000 3323 999.946 4264974.779 1965.541 8.3892 0 0 0 0.0037091 -250.8232512 33.3739079 0.0330749 0.0339047 
3150000 3333 999.741 4283234.581 1942.857 8.3822 0 0 0 0.0041296 -250.9814916 74.3556753 0.0312838 0.0344329 
3160000 3343 999.788 4303683.191 1962.902 8.3866 0 0 0 0.0038413 -251.3065488 38.7692331 0.0321688 0.0351528 
3170000 3353 999.827 4324091.784 1973.147 8.3807 0 0 0 0.0044021 -250.7844801 71.9474953 0.0318841 0.0340177 
3180000 3363 999.858 4343710.51 1972.704 8.3887 0 0 0 0.0041767 -251.020007 77.2279004 0.0325041 0.0350727 
3190000 3373 999.884 4362881.972 1966.653 8.3913 0 0 0 0.0042803 -250.9914828 85.3843655 0.0323104 0.0337781 
3200000 3383 999.906 4381591.172 1940.477 8.3849 0 0 0 0.0043219 -250.7950731 78.8960582 0.0324205 0.0348145 
3210000 3393 999.923 4400094.006 1925.338 8.3733 0 0 0 0.0039666 -251.2014413 58.8143029 0.0326851 0.0338452 
3220000 3403 999.937 4420062.078 1940.686 8.3761 0 0 0 0.0045553 -251.0299109 94.2296107 0.0305895 0.0360535 
3230000 3413 999.948 4438159.444 1915.609 8.3665 0 0 0 0.0045417 -249.4007075 87.9076063 0.030424 0.0354594 
3240000 3423 999.958 4457302.055 1913.477 8.3712 0 0 0 0.0049824 -248.4915562 151.7135463 0.0336341 0.0350888 
3250000 3433 999.966 4477953.564 1944.854 8.38 0 0 0 0.0039898 -249.8446668 64.5180566 0.0312057 0.0346225 
3260000 3443 999.972 4497889.471 1956.997 8.3643 0 0 0 0.004084 -249.6802918 57.7278399 0.0347191 0.035045 
3270000 3453 999.977 4517004.024 1942.464 8.3734 0 0 0 0.0040071 -249.1832574 49.0003478 0.0341164 0.0355673 
3280000 3463 999.981 4536930.568 1952.103 8.3812 0 0 0 0.0038761 -250.3175648 46.9549638 0.033869 0.0343141 
3290000 3473 999.985 4554924.493 1927.784 8.3875 0 0 0 0.0042076 -249.2859725 92.5629825 0.0325402 0.0338793 
3300000 3483 999.987 4571908.188 1890.087 8.3907 0 0 0 0.0042215 -248.6050364 46.2999355 0.0332925 0.0347761 
3310000 3493 999.99 4588632.224 1848.101 8.3906 0 0 0 0.0042903 -247.9001305 66.7586985 0.0335604 0.0359422 
3320000 3503 999.992 4603135.68 1789.289 8.394 0 0 0 0.0040862 -246.8902347 58.3087327 0.0339796 0.034907 
3330000 3513 999.993 4615205.97 1681.807 8.4181 0 0 0 0.0038443 -245.8166113 50.7148769 0.0337308 0.0331379 
3340000 3524 983.841 4633134.127 1663.368 8.2749 0 0 0 0.0039127 -246.4332242 58.0917407 0.0327909 0.0338592 
3350000 3534 986.797 4650386.908 1680.379 8.3045 0 0 0 0.0041689 -245.8514493 53.8468835 0.0328259 0.0345315 
3360000 3544 989.212 4670976.345 1750.501 8.3228 0 0 0 0.0041126 -245.5941685 50.9076142 0.0335982 0.0351511 
3370000 3554 991.185 4690097.518 1780.672 8.3528 0 0 0 0.004676 -245.8002322 84.9783529 0.0338197 0.0361558 
3380000 3564 992.798 4709935.271 1815.395 8.3745 0 0 0 0.0040602 -245.5184421 49.7415003 0.0326159 0.0342811 
3390000 3574 992.252 4729975.65 1848.651 8.3718 0 0 0 0.0046401 -246.2014811 97.4053874 0.0317194 0.0357315 
3400000 3584 993.669 4749064.716 1858.014 8.3926 0 0 0 0.0038123 -247.0352343 54.2968962 0.0319209 0.0330087 
3410000 3594 994.827 4768943.173 1889.845 8.3944 0 0 0 0.0042474 -247.135048 67.2783906 0.032798 0.03469 
3420000 3605 979.324 4788456.971 1866.143 8.2656 0 0 0 0.0042215 -247.4428115 50.4906456 0.0335582 0.0371846 
3430000 3615 983.106 4809567.214 1916.934 8.2984 0 0 0 0.004309 -247.8225664 75.5706845 0.0314817 0.0362166 
3440000 3625 986.196 4829716.452 1929.188 8.3213 0 0 0 0.00406 -248.3905735 75.1336114 0.0320565 0.0341552 
3450000 3635 988.721 4846696.884 1884.538 8.338 0 0 0 0.0040287 -247.3224453 30.7895639 0.0325459 0.0347822 
3460000 3645 990.785 4863330.414 1852.903 8.356 0 0 0 0.0041845 -246.0274358 63.5615987 0.0315811 0.0350252 
3470000 3655 981.226 4882621.388 1839.41 8.2628 0 0 0 0.0042595 -245.9941941 58.7430358 0.0327066 0.0349934 
3480000 3665 984.66 4901631.018 1848.646 8.2946 0 0 0 0.0039084 -246.0106678 51.5792351 0.0318304 0.0338961 
3490000 3675 987.466 4918910.077 1825.851 8.3104 0 0 0 0.0043297 -246.1831457 71.1677462 0.0317243 0.0356864 
3500000 3685 989.759 4941077.643 1907.437 8.3423 0 0 0 0.0040285 -247.745157 48.9172778 0.0313104 0.0337926 
3510000 3695 991.632 4963396.925 1959.561 8.3456 0 0 0 0.0035546 -249.1050849 22.6527886 0.0322798 0.0327894 
3520000 3705 993.163 4980254.209 1915.988 8.3491 0 0 0 0.0035174 -249.4035724 23.9149061 0.031471 0.0325197 
3530000 3715 994.414 4999193.551 1912.835 8.3545 0 0 0 0.0042605 -250.3892288 66.8909739 0.0318099 0.0354483 
3540000 3725 995.436 5015979.611 1883.475 8.3645 0 0 0 0.0039762 -249.96058 38.3215467 0.0321333 0.0359999 
3550000 3735 996.27 5031999.848 1841.015 8.3665 0 0 0 0.0040008 -248.8963764 42.3671343 0.0320401 0.0343652 
3560000 3745 996.953 5049561.815 1797.308 8.3788 0 0 0 0.0037788 -249.6089933 20.3856267 0.0322682 0.0340557 
3570000 3755 997.51 5068011.535 1814.803 8.3827 0 0 0 0.0037786 -249.3797732 63.2183777 0.0318913 0.0327264 
3580000 3766 985.296 5083292.35 1736.839 8.2804 0 0 0 0.0042185 -247.4624656 55.6058322 0.0319813 0.0348335 
3590000 3776 987.986 5102643.093 1768.183 8.307 0 0 0 0.0044712 -247.9401992 92.958542 0.0320643 0.0345503 
3600000 3786 990.183 5124002.254 1840.576 8.3249 0 0 0 0.0044827 -248.1536369 108.8387781 0.0312364 0.0343276 
3610000 3796 991.979 5144152.43 1874.129 8.3614 0 0 0 0.0041227 -246.9856963 63.7674697 0.0313061 0.0352166 
3620000 3806 993.446 5165167.111 1910.471 8.3801 0 0 0 0.0042987 -247.9308515 50.5471822 0.0320879 0.0346495 
3630000 3816 992.822 5184550.854 1918.499 8.3701 0 0 0 0.0044976 -247.5293527 102.2608973 0.0321029 0.0348027 
3640000 3826 994.135 5204949.436 1951.226 8.3877 0 0 0 0.0041864 -246.7776271 87.5609611 0.0322734 0.0346818 
3650000 3836 995.208 5224294.42 1938.161 8.4 0 0 0 0.0045154 -248.2016277 81.6620126 0.0326186 0.0359019 
3660000 3846 996.085 5245198.091 1961.849 8.3995 0 0 0 0.0040762 -249.7202614 56.9063948 0.0319908 0.0346543 
3670000 3856 996.801 5267698.363 2016.006 8.3959 0 0 0 0.0040409 -250.2244981 63.400823 0.0312623 0.0340432 
3680000 3866 997.386 5288736.549 2031.668 8.3954 0 0 0 0.0036928 -250.7778001 31.5050726 0.0317355 0.0343826 
3690000 3876 997.864 5307986.897 2013.262 8.3871 0 0 0 0.0043988 -250.8633549 92.2309029 0.0312333 0.0361873 
3700000 3886 998.255 5328966.266 2025.39 8.3842 0 0 0 0.0040884 -250.0532397 58.5697434 0.0309591 0.0345684 
3710000 3896 998.574 5346443.157 2000.181 8.3938 0 0 0 0.0044541 -250.3499498 88.4690605 0.0314107 0.0360882 
3720000 3906 998.835 5363795.408 1925.659 8.4016 0 0 0 0.0041452 -250.0585119 59.4033624 0.031905 0.0348645 
3730000 3917 979.246 5381201.227 1876.751 8.24 0 0 0 0.0066628 -249.5163435 45.176435 0.0328076 0.0384893 
3740000 3927 983.043 5402362.933 1896.536 8.2545 0 0 0 0.0041357 -250.6183286 65.6603571 0.0321293 0.0345345 
3750000 3937 986.145 5422586.874 1918.763 8.281 0 0 0 0.0037781 -251.5151111 23.0097874 0.0308624 0.0352854 
3760000 3947 988.679 5443087.322 1969.597 8.2912 0 0 0 0.0037043 -251.9493846 36.8565258 0.030959 0.0333659 
3770000 3957 990.75 5464417.977 1979.0 8.3093 0 0 0 0.004001 -253.2074564 44.1908351 0.0315055 0.0343174 
3780000 3967 992.442 5484258.396 1980.067 8.3313 0 0 0 0.0045622 -254.1107615 89.4362827 0.0311576 0.0342211 
3790000 3977 993.825 5506052.614 2017.005 8.3353 0 0 0 0.0039398 -254.6887368 66.7669074 0.0321666 0.0342044 
3800000 3987 994.954 5525892.922 2007.842 8.3421 0 0 0 0.0037722 -255.2737532 44.7408291 0.0304046 0.0330411 
3810000 3997 995.877 5547464.553 2042.537 8.3531 0 0 0 0.0041432 -256.0436331 66.7570116 0.0281794 0.034706 
3820000 4007 996.631 5567340.542 2032.886 8.3508 0 0 0 0.0036657 -255.1875456 57.2365849 0.0307363 0.032204 
3830000 4017 997.248 5586155.289 2005.639 8.3468 0 0 0 0.003786 -256.321392 62.7102195 0.0296424 0.0320396 
3840000 4027 997.751 5604328.762 1988.677 8.3622 0 0 0 0.003887 -255.9352208 62.7353831 0.0298769 0.0335515 
3850000 4037 998.163 5625735.195 2001.101 8.3609 0 0 0 0.0038077 -256.248116 61.3731878 0.0300464 0.0323985 
3860000 4047 998.499 5646399.778 2015.983 8.362 0 0 0 0.0034888 -256.6703266 27.5047353 0.0302705 0.0324788 
3870000 4057 998.773 5667530.299 2035.465 8.36 0 0 0 0.003953 -256.0344717 83.965334 0.0296752 0.0322129 
3880000 4067 998.998 5688748.245 2053.145 8.3617 0 0 0 0.0038453 -256.8807488 52.0667623 0.0310552 0.0323362 
3890000 4077 999.181 5710111.324 2067.036 8.3672 0 0 0 0.0039568 -257.0700521 64.1524757 0.0301049 0.0337021 
3900000 4087 999.331 5726679.836 1988.894 8.3505 0 0 0 0.0039633 -257.2145345 76.3561173 0.0320246 0.0326823 
3910000 4097 999.453 5747586.853 2006.795 8.3677 0 0 0 0.0037366 -256.3339755 60.0382162 0.0293542 0.031373 
3920000 4107 999.553 5765237.984 1981.483 8.3827 0 0 0 0.0036211 -257.1846189 40.8107224 0.0289457 0.0325473 
3930000 4117 999.635 5783161.556 1944.888 8.3994 0 0 0 0.0034984 -257.1766826 28.9198912 0.0302963 0.0327349 
3940000 4127 999.702 5802131.454 1920.083 8.4093 0 0 0 0.0046193 -256.9845599 127.1942215 0.0288311 0.0333523 
3950000 4137 999.756 5820175.873 1895.746 8.4175 0 0 0 0.0044138 -256.570038 101.783618 0.0309991 0.0329474 
3960000 4147 999.801 5841420.396 1936.435 8.4105 0 0 0 0.003999 -256.4169043 82.9974611 0.0308147 0.033363 
3970000 4157 999.837 5861480.787 1953.081 8.417 0 0 0 0.0043641 -256.2866211 97.4565546 0.0309245 0.0334235 
3980000 4167 999.247 5883238.621 1994.19 8.4066 0 0 0 0.0039799 -257.2830301 64.3532136 0.0304802 0.0341697 
3990000 4177 999.385 5905208.94 2025.959 8.4002 0 0 0 0.0042083 -256.691392 65.5719597 0.029082 0.0347188 
4000000 4187 999.497 5927079.81 2055.683 8.3992 0 0 0 0.0041679 -257.3761508 78.2688143 0.0298724 0.032288 
