10000 34 130.837 10.04 0.123 0.4672 0 0 0 
20000 85 164.478 20.669 0.171 0.6019 0 0 0 
30000 983 9.898 18.037 0.001 0.1236 0 0 0 
40000 2127 8.927 12.517 -0.005 0.1132 0 0 0 
50000 3137 10.901 4.705 -0.01 0.1275 0 0 0 
60000 3976 9.005 1.904 -0.004 0.1168 0 0 0 
70000 5094 8.98 -1.035 -0.002 0.1141 0 0 0 
80000 6149 10.259 -1.741 0.003 0.1247 0 0 0 
90000 6806 29.997 0.906 0.008 0.2366 0 0 0 
100000 7038 103.425 1.83 -0.004 0.651 0 0 0 
110000 7152 99.822 0.034 -0.015 0.6241 0 0 0 
120000 7297 88.081 -2.56 0.002 0.5543 0 0 0 
130000 7756 22.003 9.094 0.022 0.1917 0 0 0 
140000 7873 112.799 9.459 -0.016 0.6981 0 0 0 
150000 7996 49.548 9.513 0.015 0.3511 0 0 0 
160000 8252 49.574 14.643 0.015 0.3501 0 0 0 
170000 8347 110.834 15.815 0.02 0.696 0 0 0 
180000 8413 148.159 14.886 -0.012 0.8958 0 0 0 
190000 8478 152.357 10.419 -0.051 0.9316 0 0 0 
200000 8609 72.875 13.512 0.027 0.472 0 0 0 
210000 8654 159.508 16.094 0.046 0.9593 0 0 0 
220000 8677 267.639 17.968 0.059 1.5809 0 0 0 
230000 8694 359.205 20.075 0.076 2.0866 0 0 0 
240000 8758 227.788 23.933 0.068 1.3375 0 0 0 
250000 8826 170.395 29.351 0.075 1.0142 0 0 0 
260000 8876 198.625 31.084 0.051 1.1719 0 0 0 
270000 8956 134.976 35.816 0.059 0.8174 0 0 0 
280000 9084 98.232 45.95 0.095 0.609 0 0 0 
290000 9133 157.709 55.394 0.151 0.9383 0 0 0 
300000 9173 213.681 65.047 0.207 1.2414 0 0 0 
310000 9210 231.691 73.388 0.212 1.3364 0 0 0 
320000 9306 137.332 86.739 0.164 0.8192 0 0 0 
330000 9351 180.26 94.005 0.155 1.0498 0 0 0 
340000 9414 177.203 102.981 0.155 1.0302 0 0 0 
350000 9458 206.923 111.4 0.173 1.1985 0 0 0 
360000 9513 181.028 118.851 0.143 1.0565 0 0 0 
370000 9575 166.499 126.936 0.137 0.9889 0 0 0 
380000 9645 144.229 135.941 0.139 0.8629 0 0 0 
390000 9747 108.8 149.635 0.134 0.6671 0 0 0 
400000 9841 113.267 160.317 0.119 0.7008 0 0 0 
410000 9899 151.425 173.061 0.183 0.9202 0 0 0 
420000 9954 167.705 180.002 0.144 1.0093 0 0 0 
430000 9986 232.302 186.968 0.172 1.3704 0 0 0 
440000 10031 214.424 195.89 0.181 1.2628 0 0 0 
450000 10081 206.721 206.329 0.205 1.217 0 0 0 
460000 10128 210.572 217.52 0.226 1.2324 0 0 0 
470000 10165 242.314 230.164 0.29 1.4119 0 0 0 
480000 10227 179.386 246.092 0.256 1.0631 0 0 0 
490000 10309 124.602 261.971 0.189 0.7566 0 0 0 
500000 10415 109.603 277.96 0.175 0.6769 0 0 0 
510000 10454 188.392 290.19 0.252 1.1199 0 0 0 
520000 10491 225.24 302.181 0.282 1.3354 0 0 0 
530000 10517 285.475 314.625 0.363 1.6733 0 0 0 
540000 10538 350.367 326.471 0.431 2.036 0 0 0 
550000 10565 359.869 336.642 0.408 2.0817 0 0 0 
560000 10599 329.606 350.591 0.415 1.9111 0 0 0 
570000 10638 287.68 366.767 0.413 1.6849 0 0 0 
580000 10678 271.107 383.501 0.424 1.6037 0 0 0 
590000 10720 242.919 401.234 0.4 1.4397 0 0 0 
600000 10779 199.121 413.469 0.271 1.1972 0 0 0 
610000 10815 240.373 423.947 0.287 1.4311 0 0 0 
620000 10845 282.429 438.795 0.377 1.6574 0 0 0 
630000 10889 251.233 447.816 0.275 1.4995 0 0 0 
640000 10943 208.931 464.338 0.299 1.2438 0 0 0 
650000 10984 228.748 481.404 0.364 1.351 0 0 0 
660000 11019 252.553 500.072 0.444 1.4752 0 0 0 
670000 11049 283.938 514.56 0.456 1.6509 0 0 0 
680000 11078 319.17 530.655 0.508 1.8469 0 0 0 
690000 11106 332.519 545.567 0.514 1.9321 0 0 0 
700000 11132 346.529 563.328 0.575 2.0107 0 0 0 
710000 11167 315.763 587.063 0.63 1.8373 0 0 0 
720000 11191 358.747 611.749 0.789 2.0749 0 0 0 
730000 11214 382.816 638.483 0.915 2.2118 0 0 0 
740000 11238 389.306 668.479 1.021 2.242 0 0 0 
750000 11261 408.853 700.007 1.16 2.3516 0 0 0 
760000 11286 404.526 728.009 1.14 2.3304 0 0 0 
770000 11309 409.513 758.627 1.197 2.3597 0 0 0 
780000 11336 390.141 789.879 1.166 2.2553 0 0 0 
790000 11353 452.635 841.645 1.77 2.6025 0 0 0 
800000 11374 466.212 900.118 2.15 2.6832 0 0 0 
810000 11392 492.524 961.385 2.531 2.8451 0 0 0 
820000 11406 546.133 1027.384 3.06 3.153 0 0 0 
830000 11417 618.295 1092.397 3.626 3.5613 0 0 0 
840000 11434 610.314 1164.912 3.823 3.5201 0 0 0 
850000 11473 404.749 1230.229 2.544 2.3597 0 0 0 
860000 11538 218.788 1291.688 1.362 1.3037 0 0 0 
870000 11573 258.798 1360.968 1.701 1.5317 0 0 0 
880000 11589 356.558 1424.825 2.314 2.0798 0 0 0 
890000 11603 442.955 1484.378 2.774 2.5688 0 0 0 
900000 11622 467.587 1547.304 2.944 2.7102 0 0 0 
910000 11632 565.163 1610.575 3.564 3.2619 0 0 0 
920000 11642 644.889 1675.016 4.09 3.7023 0 0 0 
930000 11659 628.258 1740.762 4.029 3.6125 0 0 0 
940000 11676 614.091 1801.02 3.879 3.5277 0 0 0 
950000 11691 628.542 1865.571 3.996 3.6039 0 0 0 
960000 11704 660.427 1938.082 4.357 3.7829 0 0 0 
970000 11716 697.734 2008.864 4.694 3.9944 0 0 0 
980000 11730 701.159 2081.01 4.806 4.0214 0 0 0 
990000 11745 691.218 2143.353 4.631 3.9621 0 0 0 
1000000 11759 697.341 2217.275 4.794 3.9906 0 0 0 
1010000 11773 680.721 2286.167 4.687 3.8968 0 0 0 
1020000 11785 714.08 2352.533 4.898 4.0978 0 0 0 
1030000 11796 752.119 2423.947 5.153 4.3067 0 0 0 
1040000 11810 744.282 2498.113 5.209 4.2627 0 0 0 
1050000 11827 701.402 2573.898 4.981 4.0201 0 0 0 
1060000 11842 691.326 2641.883 4.917 3.9594 0 0 0 
1070000 11859 664.892 2713.866 4.765 3.8115 0 0 0 
1080000 11903 400.1 2772.948 2.724 2.3236 0 0 0 
1090000 11964 217.086 2826.128 1.306 1.2895 0 0 0 
1100000 12004 215.1 2887.486 1.314 1.2795 0 0 0 
1110000 12030 285.902 2954.038 1.876 1.6778 0 0 0 
1120000 12068 274.535 3027.366 1.869 1.6181 0 0 0 
1130000 12079 399.443 3101.278 2.866 2.3217 0 0 0 
1140000 12096 455.603 3168.67 3.142 2.6399 0 0 0 
1150000 12113 494.393 3243.04 3.553 2.8539 0 0 0 
1160000 12127 545.789 3295.824 3.604 3.1314 0 0 0 
1170000 12144 557.74 3363.354 3.625 3.2002 0 0 0 
1180000 12160 575.976 3430.643 3.801 3.3083 0 0 0 
1190000 12173 621.408 3493.114 4.053 3.5585 0 0 0 
1200000 12193 577.505 3550.161 3.611 3.3097 0 0 0 
1210000 12207 612.838 3607.797 3.76 3.5016 0 0 0 
1220000 12221 639.061 3662.159 3.779 3.6484 0 0 0 
1230000 12235 655.473 3724.446 3.916 3.7475 0 0 0 
1240000 12250 656.994 3779.231 3.86 3.755 0 0 0 
1250000 12274 556.411 3837.157 3.276 3.1839 0 0 0 
1260000 12303 453.343 3905.428 2.736 2.6199 0 0 0 
1270000 12319 501.374 3963.41 2.995 2.8837 0 0 0 
1280000 12334 548.612 4020.844 3.219 3.1415 0 0 0 
1290000 12355 521.492 4090.859 3.21 2.9913 0 0 0 
1300000 12373 533.561 4162.494 3.509 3.0583 0 0 0 
1310000 12387 575.622 4222.976 3.642 3.2897 0 0 0 
1320000 12402 597.011 4286.598 3.773 3.407 0 0 0 
1330000 12416 623.756 4346.665 3.891 3.554 0 0 0 
1340000 12430 644.979 4406.334 3.967 3.6761 0 0 0 
1350000 12445 647.007 4465.668 3.98 3.6769 0 0 0 
1360000 12464 606.458 4525.459 3.707 3.4493 0 0 0 
1370000 12489 514.949 4594.755 3.261 2.9408 0 0 0 
1380000 12501 580.526 4647.993 3.5 3.302 0 0 0 
1390000 12522 544.091 4702.432 3.179 3.1015 0 0 0 
1400000 12538 564.261 4766.619 3.412 3.2114 0 0 0 
1410000 12556 560.961 4826.516 3.391 3.1895 0 0 0 
1420000 12570 596.618 4887.068 3.591 3.3969 0 0 0 
1430000 12587 588.716 4937.958 3.374 3.3438 0 0 0 
1440000 12601 617.765 4990.415 3.481 3.5115 0 0 0 
1450000 12624 548.145 5058.275 3.27 3.1298 0 0 0 
1460000 12653 461.445 5112.013 2.669 2.6525 0 0 0 
1470000 12697 326.709 5180.785 2.038 1.8994 0 0 0 
1480000 12725 332.979 5255.288 2.252 1.9342 0 0 0 
1490000 12792 178.257 5315.541 1.112 1.0646 0 0 0 
1500000 12864 148.647 5377.484 0.926 0.9069 0 0 0 
1510000 12906 176.889 5444.092 1.135 1.0649 0 0 0 
1520000 12936 241.599 5515.515 1.642 1.4237 0 0 0 
1530000 12969 249.633 5568.943 1.515 1.4671 0 0 0 
1540000 13014 251.985 5636.253 1.639 1.4757 0 0 0 
1550000 13034 333.731 5704.809 2.223 1.9313 0 0 0 
1560000 13053 390.761 5757.936 2.381 2.2486 0 0 0 
1570000 13078 391.442 5811.886 2.278 2.254 0 0 0 
1580000 13096 437.285 5870.669 2.554 2.5145 0 0 0 
1590000 13115 461.376 5923.449 2.603 2.6545 0 0 0 
1600000 13142 417.448 5978.62 2.338 2.4162 0 0 0 
1610000 13167 413.174 6046.511 2.517 2.3932 0 0 0 
1620000 13182 481.34 6103.32 2.858 2.773 0 0 0 
1630000 13201 495.471 6161.752 2.925 2.8451 0 0 0 
1640000 13230 421.878 6219.391 2.471 2.4326 0 0 0 
1650000 13266 334.452 6280.495 1.987 1.942 0 0 0 
1660000 13299 315.962 6336.272 1.818 1.841 0 0 0 
1670000 13312 420.47 6390.571 2.369 2.4193 0 0 0 
1680000 13325 502.634 6448.485 2.863 2.8705 0 0 0 
1690000 13342 528.956 6501.555 2.935 3.021 0 0 0 
1700000 13357 564.923 6553.45 3.071 3.2227 0 0 0 
1710000 13370 614.078 6605.298 3.297 3.5039 0 0 0 
1720000 13381 672.31 6663.915 3.688 3.8326 0 0 0 
1730000 13392 719.327 6708.717 3.764 4.0925 0 0 0 
1740000 13403 757.096 6762.808 4.001 4.305 0 0 0 
1750000 13413 800.329 6813.031 4.182 4.5407 0 0 0 
1760000 13424 821.459 6855.859 4.12 4.6569 0 0 0 
1770000 13435 838.886 6902.131 4.136 4.7437 0 0 0 
1780000 13446 854.484 6946.312 4.123 4.8347 0 0 0 
1790000 13459 836.325 6995.458 4.058 4.732 0 0 0 
1800000 13470 849.904 7047.534 4.203 4.8026 0 0 0 
1810000 13481 861.905 7095.704 4.245 4.8711 0 0 0 
1820000 13514 579.242 7147.303 2.877 3.3055 0 0 0 
1830000 13623 143.629 7192.533 0.721 0.8776 0 0 0 
1840000 13712 155.217 7238.028 0.733 0.9466 0 0 0 
1850000 13742 232.91 7285.323 1.105 1.3845 0 0 0 
1860000 13761 326.627 7333.961 1.583 1.9068 0 0 0 
1870000 13780 389.291 7382.829 1.891 2.2473 0 0 0 
1880000 13793 477.405 7433.194 2.345 2.7379 0 0 0 
1890000 13803 573.185 7477.917 2.74 3.2789 0 0 0 
1900000 13814 640.688 7525.399 3.045 3.6462 0 0 0 
1910000 13831 621.689 7571.877 2.939 3.535 0 0 0 
1920000 13847 626.902 7618.446 2.949 3.5585 0 0 0 
1930000 13862 637.144 7664.434 2.978 3.6206 0 0 0 
1940000 13877 643.834 7718.554 3.142 3.6621 0 0 0 
1950000 13893 635.154 7762.083 3.009 3.6093 0 0 0 
1960000 13908 640.107 7805.568 2.964 3.634 0 0 0 
1970000 13924 633.972 7849.511 2.899 3.6024 0 0 0 
1980000 13942 607.0 7904.204 2.941 3.4626 0 0 0 
1990000 13990 388.634 7956.69 1.97 2.2503 0 0 0 
2000000 14040 271.113 8007.145 1.366 1.5881 0 0 0 
2010000 14251 36.449 8031.381 0.056 0.2765 0 0 0 
2020000 14387 76.274 8063.059 0.251 0.4976 0 0 0 
2030000 14440 149.853 8101.404 0.569 0.9043 0 0 0 
2040000 14477 215.923 8139.857 0.821 1.2789 0 0 0 
2050000 14492 327.384 8179.07 1.263 1.8953 0 0 0 
2060000 14527 296.286 8216.668 1.129 1.7249 0 0 0 
2070000 14566 267.799 8252.503 0.991 1.5662 0 0 0 
2080000 14587 342.851 8297.207 1.405 1.9812 0 0 0 
2090000 14606 392.927 8347.51 1.714 2.2609 0 0 0 
2100000 14643 348.251 8395.383 1.625 2.0158 0 0 0 
2110000 14653 467.656 8436.788 2.079 2.679 0 0 0 
2120000 14663 565.219 8474.064 2.385 3.2218 0 0 0 
2130000 14673 644.935 8523.733 2.82 3.6603 0 0 0 
2140000 14683 710.069 8576.67 3.286 4.0279 0 0 0 
2150000 14693 763.288 8626.769 3.597 4.3233 0 0 0 
2160000 14703 806.772 8680.845 3.957 4.575 0 0 0 
2170000 14713 842.302 8729.125 4.121 4.7694 0 0 0 
2180000 14723 871.332 8782.032 4.306 4.9361 0 0 0 
2190000 14733 895.052 8843.783 4.623 5.0638 0 0 0 
2200000 14744 897.276 8894.058 4.637 5.073 0 0 0 
2210000 14754 916.25 8950.447 4.83 5.1815 0 0 0 
2220000 14774 770.959 9004.625 4.09 4.3688 0 0 0 
2230000 14785 797.703 9055.682 4.182 4.5213 0 0 0 
2240000 14796 821.511 9105.886 4.273 4.6554 0 0 0 
2250000 14806 854.344 9161.693 4.512 4.8472 0 0 0 
2260000 14816 881.171 9217.05 4.704 4.9993 0 0 0 
2270000 14828 872.848 9272.47 4.702 4.9532 0 0 0 
2280000 14839 881.337 9332.388 4.855 5.009 0 0 0 
2290000 14853 839.303 9389.933 4.672 4.766 0 0 0 
2300000 14866 821.491 9445.421 4.573 4.6644 0 0 0 
2310000 14876 854.328 9500.845 4.747 4.8447 0 0 0 
2320000 14888 852.141 9553.812 4.688 4.8302 0 0 0 
2330000 14899 864.057 9613.565 4.828 4.9003 0 0 0 
2340000 14909 889.108 9675.106 5.095 5.0467 0 0 0 
2350000 14920 894.702 9741.861 5.296 5.0796 0 0 0 
2360000 14935 829.249 9798.203 4.848 4.711 0 0 0 
2370000 14962 629.395 9848.943 3.592 3.6001 0 0 0 
2380000 15011 355.133 9897.031 1.9 2.0656 0 0 0 
2390000 15037 372.321 9949.752 1.965 2.1573 0 0 0 
2400000 15062 386.68 9999.898 2.005 2.2334 0 0 0 
2410000 15076 465.952 10060.141 2.555 2.68 0 0 0 
2420000 15117 330.724 10110.792 1.752 1.9344 0 0 0 
2430000 15254 75.433 10145.904 0.27 0.4942 0 0 0 
2440000 15379 59.245 10184.491 0.178 0.4045 0 0 0 
2450000 15427 168.781 10241.474 0.905 1.0221 0 0 0 
2460000 15452 260.408 10286.702 1.269 1.533 0 0 0 
2470000 15491 254.425 10346.465 1.391 1.499 0 0 0 
2480000 15513 315.251 10407.787 1.821 1.8432 0 0 0 
2490000 15535 359.036 10460.375 1.993 2.0832 0 0 0 
2500000 15549 442.663 10513.635 2.416 2.5614 0 0 0 
2510000 15560 536.184 10569.489 2.958 3.0926 0 0 0 
2520000 15571 609.408 10626.285 3.385 3.5065 0 0 0 
2530000 15582 669.89 10689.122 3.842 3.8436 0 0 0 
2540000 15597 668.983 10741.176 3.755 3.8331 0 0 0 
2550000 15676 205.115 10782.367 1.008 1.2243 0 0 0 
2560000 15883 92.449 10805.837 0.341 0.5802 0 0 0 
2570000 15939 169.672 10857.412 0.849 1.0183 0 0 0 
2580000 16040 104.761 10897.203 0.433 0.6547 0 0 0 
2590000 16101 178.102 10942.46 0.837 1.0701 0 0 0 
2600000 16119 290.922 11001.818 1.574 1.7092 0 0 0 
2610000 16138 368.648 11049.034 1.877 2.1411 0 0 0 
2620000 16148 483.339 11103.547 2.531 2.7798 0 0 0 
2630000 16161 548.78 11153.239 2.823 3.1568 0 0 0 
2640000 16178 567.239 11198.653 2.817 3.2591 0 0 0 
2650000 16188 646.586 11244.047 3.132 3.7062 0 0 0 
2660000 16198 711.418 11296.856 3.533 4.0704 0 0 0 
2670000 16209 749.875 11336.938 3.546 4.288 0 0 0 
2680000 16222 755.283 11382.384 3.532 4.3136 0 0 0 
2690000 16233 785.38 11433.879 3.753 4.4723 0 0 0 
2700000 16244 809.843 11468.58 3.634 4.6109 0 0 0 
2710000 16255 830.876 11516.365 3.775 4.7271 0 0 0 
2720000 16266 846.077 11562.034 3.856 4.8027 0 0 0 
2730000 16276 873.316 11614.493 4.117 4.9563 0 0 0 
2740000 16287 879.887 11644.503 3.823 4.9928 0 0 0 
2750000 16297 902.042 11684.649 3.863 5.125 0 0 0 
2760000 16307 920.144 11734.196 4.066 5.2227 0 0 0 
2770000 16321 869.528 11780.253 3.877 4.9373 0 0 0 
2780000 16333 860.839 11828.863 3.906 4.8845 0 0 0 
2790000 16344 871.72 11878.639 4.032 4.949 0 0 0 
2800000 16359 815.389 11920.949 3.698 4.6233 0 0 0 
2810000 16375 757.625 11965.73 3.428 4.2988 0 0 0 
2820000 16388 764.687 12017.44 3.588 4.339 0 0 0 
2830000 16402 752.219 12069.168 3.605 4.2628 0 0 0 
2840000 16414 767.291 12126.833 3.856 4.3548 0 0 0 
2850000 16426 779.688 12187.592 4.105 4.4261 0 0 0 
2860000 16437 804.076 12258.141 4.547 4.5646 0 0 0 
2870000 16451 782.114 12320.655 4.53 4.431 0 0 0 
2880000 16468 726.549 12376.419 4.166 4.1208 0 0 0 
2890000 16486 673.001 12423.968 3.701 3.8302 0 0 0 
2900000 16502 658.68 12478.556 3.612 3.7498 0 0 0 
2910000 16543 429.527 12523.823 2.211 2.4687 0 0 0 
2920000 16580 341.555 12581.266 1.834 1.9823 0 0 0 
2930000 16601 383.955 12636.022 2.078 2.2139 0 0 0 
2940000 16632 360.62 12686.332 1.9 2.0882 0 0 0 
2950000 16667 321.103 12740.073 1.702 1.8664 0 0 0 
2960000 16987 29.099 12744.996 0.007 0.2356 0 0 0 
2970000 17400 23.743 12733.167 -0.03 0.2029 0 0 0 
2980000 17808 25.077 12720.977 -0.031 0.2138 0 0 0 
2990000 18207 24.867 12708.077 -0.032 0.2079 0 0 0 
3000000 18570 50.705 12710.478 0.188 0.3531 0 0 0 
3010000 18862 35.996 12723.978 0.047 0.277 0 0 0 
3020000 19244 25.795 12720.754 -0.014 0.2158 0 0 0 
3030000 19547 41.235 12737.65 0.132 0.299 0 0 0 
3040000 19629 141.957 12799.248 0.912 0.8649 0 0 0 
3050000 19719 117.561 12859.295 0.724 0.7349 0 0 0 
3060000 19741 239.314 12914.555 1.386 1.4123 0 0 0 
3070000 19752 372.61 12975.173 2.139 2.146 0 0 0 
3080000 19765 463.812 13035.286 2.769 2.6594 0 0 0 
3090000 19775 561.278 13100.848 3.452 3.205 0 0 0 
3100000 19786 630.79 13154.524 3.743 3.5955 0 0 0 
3110000 19797 686.071 13208.624 3.98 3.9017 0 0 0 
3120000 19810 707.064 13265.707 4.08 4.0218 0 0 0 
3130000 19841 505.33 13317.384 2.845 2.8959 0 0 0 
3140000 20117 24.492 13341.54 0.041 0.2118 0 0 0 
3150000 20294 66.683 13367.579 0.178 0.4496 0 0 0 
3160000 20378 108.899 13403.636 0.377 0.6882 0 0 0 
3170000 20404 210.753 13458.844 1.027 1.2614 0 0 0 
3180000 20425 310.845 13515.334 1.647 1.806 0 0 0 
3190000 20446 364.213 13566.83 1.91 2.1002 0 0 0 
3200000 20461 440.868 13610.398 2.166 2.5142 0 0 0 
3210000 20476 497.438 13651.702 2.302 2.8276 0 0 0 
3220000 20500 458.03 13683.035 1.886 2.6039 0 0 0 
3230000 20520 471.773 13720.491 1.875 2.6751 0 0 0 
3240000 20539 485.478 13769.177 2.063 2.7608 0 0 0 
3250000 20585 331.426 13813.916 1.41 1.9034 0 0 0 
3260000 20617 320.085 13869.563 1.558 1.8514 0 0 0 
3270000 20663 252.839 13918.742 1.235 1.4751 0 0 0 
3280000 20700 246.985 13982.87 1.397 1.4546 0 0 0 
3290000 20770 214.39 14033.298 1.173 1.2708 0 0 0 
3300000 20804 248.579 14086.903 1.357 1.4608 0 0 0 
3310000 20828 323.292 14140.467 1.772 1.8748 0 0 0 
3320000 20842 422.639 14192.363 2.265 2.422 0 0 0 
3330000 20863 438.332 14252.42 2.433 2.5136 0 0 0 
3340000 20889 405.872 14297.28 2.095 2.3315 0 0 0 
3350000 20934 294.652 14354.42 1.629 1.7109 0 0 0 
3360000 20964 313.985 14400.196 1.567 1.8189 0 0 0 
3370000 21024 187.567 14449.376 0.914 1.118 0 0 0 
3380000 21069 196.745 14504.818 1.033 1.1704 0 0 0 
3390000 21085 314.191 14562.797 1.74 1.8222 0 0 0 
3400000 21104 382.673 14618.1 2.128 2.2078 0 0 0 
3410000 21116 478.453 14666.659 2.55 2.7315 0 0 0 
3420000 21126 574.041 14704.511 2.76 3.2575 0 0 0 
3430000 21138 630.063 14742.297 2.848 3.5677 0 0 0 
3440000 21149 684.395 14779.22 2.944 3.873 0 0 0 
3450000 21161 715.551 14822.671 3.093 4.05 0 0 0 
3460000 21173 740.621 14859.864 3.096 4.1916 0 0 0 
3470000 21185 763.265 14901.486 3.165 4.3216 0 0 0 
3480000 21199 750.745 14957.785 3.395 4.252 0 0 0 
3490000 21226 587.021 15015.326 2.856 3.3448 0 0 0 
3500000 21247 549.812 15074.542 2.882 3.1431 0 0 0 
3510000 21262 581.98 15133.157 3.144 3.3237 0 0 0 
3520000 21273 645.843 15190.081 3.535 3.6744 0 0 0 
3530000 21285 686.349 15251.691 3.873 3.9078 0 0 0 
3540000 21298 703.497 15309.548 4.011 4.0053 0 0 0 
3550000 21318 624.798 15374.399 3.667 3.5737 0 0 0 
3560000 21333 636.362 15429.81 3.682 3.6272 0 0 0 
3570000 21362 517.885 15485.366 2.972 2.9715 0 0 0 
3580000 21424 259.669 15542.125 1.484 1.5208 0 0 0 
3590000 21451 312.01 15595.053 1.712 1.8154 0 0 0 
3600000 21468 392.473 15649.296 2.143 2.2625 0 0 0 
3610000 21613 67.371 15693.583 0.307 0.4482 0 0 0 
3620000 21779 94.733 15728.888 0.412 0.6017 0 0 0 
3630000 21913 107.925 15775.887 0.531 0.6752 0 0 0 
3640000 22209 29.274 15785.176 0.015 0.2364 0 0 0 
3650000 22620 24.783 15775.108 -0.027 0.2098 0 0 0 
3660000 23027 24.35 15765.498 -0.02 0.2069 0 0 0 
3670000 23112 142.533 15814.826 0.701 0.8641 0 0 0 
3680000 23123 296.913 15859.072 1.39 1.7206 0 0 0 
3690000 23136 404.031 15914.427 2.02 2.319 0 0 0 
3700000 23148 494.972 15965.831 2.509 2.8204 0 0 0 
3710000 23181 396.881 16023.509 2.082 2.2799 0 0 0 
3720000 23194 484.745 16072.849 2.487 2.7809 0 0 0 
3730000 23216 474.28 16118.921 2.365 2.7198 0 0 0 
3740000 23240 453.186 16162.357 2.15 2.6006 0 0 0 
3750000 23261 461.8 16209.871 2.193 2.6488 0 0 0 
3760000 23296 364.066 16268.508 1.903 2.1057 0 0 0 
3770000 23340 275.557 16330.204 1.564 1.6141 0 0 0 
3780000 23357 372.344 16395.08 2.253 2.1546 0 0 0 
3790000 23377 416.888 16459.769 2.606 2.3967 0 0 0 
3800000 23390 497.956 16523.837 3.148 2.8463 0 0 0 
3810000 23402 573.158 16590.914 3.68 3.2798 0 0 0 
3820000 23417 597.005 16666.052 4.018 3.406 0 0 0 
3830000 23433 606.351 16732.366 4.068 3.4601 0 0 0 
3840000 23449 607.385 16790.809 3.922 3.4594 0 0 0 
3850000 23465 609.629 16857.891 3.985 3.4697 0 0 0 
3860000 23479 636.485 16925.994 4.205 3.6202 0 0 0 
3870000 23497 605.57 16991.794 4.002 3.4529 0 0 0 
3880000 23521 529.022 17057.408 3.482 3.0224 0 0 0 
3890000 23548 455.467 17128.861 3.094 2.6101 0 0 0 
3900000 23632 150.262 17189.283 0.938 0.9098 0 0 0 
3910000 23795 83.314 17237.782 0.44 0.5346 0 0 0 
3920000 24018 83.094 17266.116 0.408 0.5393 0 0 0 
3930000 24090 115.722 17326.391 0.68 0.7169 0 0 0 
3940000 24241 49.093 17366.078 0.145 0.3488 0 0 0 
3950000 24448 42.978 17398.715 0.121 0.3107 0 0 0 
3960000 24785 25.821 17402.704 -0.021 0.2122 0 0 0 
3970000 25183 25.194 17391.191 -0.028 0.2115 0 0 0 
3980000 25587 24.27 17379.795 -0.027 0.2047 0 0 0 
3990000 25959 29.243 17374.258 -0.003 0.2343 0 0 0 
4000000 26363 24.289 17365.036 -0.026 0.2084 0 0 0 
4010000 26432 148.427 17429.977 0.958 0.9063 0 0 0 
4020000 26482 157.37 17486.399 0.891 0.9533 0 0 0 
4030000 26551 142.279 17529.782 0.666 0.8748 0 0 0 
4040000 26613 168.071 17548.12 0.373 1.0297 0 0 0 
4050000 26666 164.444 17553.334 0.168 1.0179 0 0 0 
4060000 26721 184.41 17553.473 0.071 1.1417 0 0 0 
4070000 26744 275.673 17608.919 0.945 1.6373 0 0 0 
4080000 26760 371.551 17681.395 1.892 2.1701 0 0 0 
4090000 26802 274.521 17739.692 1.451 1.622 0 0 0 
4100000 26847 255.525 17807.676 1.581 1.5027 0 0 0 
4110000 26880 274.997 17870.642 1.723 1.6104 0 0 0 
4120000 26903 339.864 17936.633 2.166 1.9729 0 0 0 
4130000 26923 384.179 18004.613 2.526 2.2282 0 0 0 
4140000 26941 437.841 18069.901 2.854 2.5212 0 0 0 
4150000 26956 495.648 18135.685 3.243 2.8449 0 0 0 
4160000 26966 587.007 18205.517 3.933 3.3458 0 0 0 
4170000 26979 626.644 18252.238 3.946 3.5714 0 0 0 
4180000 26994 641.236 18300.151 3.677 3.6616 0 0 0 
4190000 27011 620.863 18350.992 3.478 3.5481 0 0 0 
4200000 27024 661.281 18409.127 3.719 3.7787 0 0 0 
4210000 27034 719.223 18464.911 4.043 4.1018 0 0 0 
4220000 27045 755.872 18518.51 4.207 4.2953 0 0 0 
4230000 27064 694.014 18567.752 3.771 3.9419 0 0 0 
4240000 27082 638.143 18635.974 3.694 3.6312 0 0 0 
4250000 27126 388.241 18706.583 2.387 2.2298 0 0 0 
4260000 27152 387.057 18775.626 2.504 2.2206 0 0 0 
4270000 27169 446.22 18836.514 2.821 2.5354 0 0 0 
4280000 27183 516.111 18911.957 3.474 2.9307 0 0 0 
4290000 27204 498.797 18986.505 3.473 2.8359 0 0 0 
4300000 27215 581.48 19063.96 4.189 3.2925 0 0 0 
4310000 27228 621.385 19139.471 4.534 3.5194 0 0 0 
4320000 27257 487.816 19208.556 3.482 2.7805 0 0 0 
4330000 27271 540.658 19279.976 3.867 3.074 0 0 0 
4340000 27305 418.143 19338.238 2.802 2.394 0 0 0 
4350000 27353 270.732 19392.184 1.644 1.5812 0 0 0 
4360000 27443 144.749 19440.632 0.756 0.8758 0 0 0 
4370000 27526 111.623 19497.007 0.602 0.69 0 0 0 
4380000 27601 120.159 19559.952 0.717 0.7425 0 0 0 
4390000 27743 71.502 19596.52 0.272 0.4709 0 0 0 
4400000 27950 66.104 19621.793 0.231 0.4395 0 0 0 
4410000 27982 176.316 19693.29 1.135 1.0399 0 0 0 
4420000 28011 261.146 19763.288 1.78 1.5192 0 0 0 
4430000 28025 371.411 19835.261 2.593 2.1296 0 0 0 
4440000 28044 413.883 19912.687 3.009 2.3723 0 0 0 
4450000 28067 427.326 19986.152 3.114 2.4498 0 0 0 
4460000 28153 161.821 20050.736 1.092 0.9757 0 0 0 
4470000 28463 26.573 20063.426 -0.011 0.2231 0 0 0 
4480000 28614 119.878 20107.772 0.692 0.7396 0 0 0 
4490000 28626 270.525 20187.609 1.962 1.5729 0 0 0 
4500000 28644 356.868 20267.274 2.709 2.0587 0 0 0 
4510000 28660 431.642 20339.577 3.207 2.4857 0 0 0 
4520000 28672 517.618 20411.675 3.799 2.9583 0 0 0 
4530000 28686 567.316 20493.484 4.313 3.2374 0 0 0 
4540000 28715 455.123 20570.908 3.481 2.6118 0 0 0 
4550000 28883 78.295 20608.848 0.367 0.5079 0 0 0 
4560000 29094 31.862 20633.841 0.009 0.2469 0 0 0 
4570000 29445 24.673 20631.853 -0.03 0.2067 0 0 0 
4580000 29675 60.41 20659.529 0.265 0.4063 0 0 0 
4590000 29738 113.792 20731.202 0.73 0.7004 0 0 0 
4600000 30060 33.059 20735.862 0.032 0.2556 0 0 0 
4610000 30315 61.637 20753.394 0.241 0.4107 0 0 0 
4620000 30376 178.092 20824.447 1.278 1.0656 0 0 0 
4630000 30396 284.73 20902.256 2.149 1.6599 0 0 0 
4640000 30444 243.08 20969.426 1.748 1.4312 0 0 0 
4650000 30481 260.79 21039.975 1.861 1.542 0 0 0 
4660000 30543 187.258 21093.934 1.117 1.1357 0 0 0 
4670000 30630 122.327 21125.259 0.456 0.7675 0 0 0 
4680000 30650 252.997 21192.453 1.451 1.4904 0 0 0 
4690000 30666 357.022 21262.105 2.256 2.0694 0 0 0 
4700000 30681 439.021 21336.923 2.972 2.517 0 0 0 
4710000 30693 524.968 21414.363 3.738 2.9903 0 0 0 
4720000 30716 487.542 21488.462 3.51 2.7848 0 0 0 
4730000 30732 522.139 21566.616 3.862 2.9757 0 0 0 
4740000 30745 578.428 21642.287 4.31 3.2872 0 0 0 
4750000 30760 600.738 21719.335 4.526 3.4093 0 0 0 
4760000 30779 576.421 21793.166 4.312 3.284 0 0 0 
4770000 30798 557.723 21868.586 4.173 3.1738 0 0 0 
4780000 30816 559.278 21937.587 4.085 3.1825 0 0 0 
4790000 30839 504.018 22009.36 3.662 2.8789 0 0 0 
4800000 30867 430.951 22083.641 3.158 2.4762 0 0 0 
4810000 30896 376.404 22163.672 2.833 2.17 0 0 0 
4820000 30920 396.975 22239.43 2.991 2.2893 0 0 0 
4830000 30946 386.065 22314.671 2.902 2.2211 0 0 0 
4840000 30961 461.273 22386.454 3.405 2.6449 0 0 0 
4850000 30973 542.315 22446.249 3.754 3.0892 0 0 0 
4860000 30988 577.561 22502.652 3.765 3.2923 0 0 0 
4870000 30999 642.696 22557.379 4.008 3.6671 0 0 0 
4880000 31012 672.742 22620.185 4.2 3.8432 0 0 0 
4890000 31069 350.668 22675.084 2.088 2.0379 0 0 0 
4900000 31168 153.588 22729.316 0.935 0.9302 0 0 0 
4910000 31233 133.001 22800.663 0.873 0.812 0 0 0 
4920000 31250 261.39 22874.591 1.86 1.5334 0 0 0 
4930000 31286 284.381 22949.803 2.099 1.6503 0 0 0 
4940000 31318 301.461 23023.056 2.208 1.7555 0 0 0 
4950000 31330 414.913 23098.278 3.072 2.3817 0 0 0 
4960000 31341 513.227 23174.217 3.838 2.9286 0 0 0 
4970000 31356 554.25 23241.938 4.021 3.1555 0 0 0 
4980000 31368 616.599 23312.568 4.437 3.5146 0 0 0 
4990000 31380 665.241 23389.974 4.883 3.7876 0 0 0 
5000000 31393 690.529 23461.942 5.045 3.9325 0 0 0 
5010000 31403 729.873 23529.06 5.232 4.1458 0 0 0 
5020000 31415 752.632 23599.52 5.38 4.2742 0 0 0 
5030000 31428 756.666 23677.673 5.508 4.3006 0 0 0 
5040000 31442 748.798 23746.811 5.409 4.2523 0 0 0 
5050000 31455 753.465 23816.033 5.391 4.2801 0 0 0 
5060000 31466 784.986 23882.392 5.515 4.458 0 0 0 
5070000 31479 779.153 23955.588 5.486 4.4305 0 0 0 
5080000 31492 775.638 24027.89 5.52 4.4051 0 0 0 
5090000 31504 789.679 24101.919 5.651 4.4821 0 0 0 
5100000 31521 729.135 24166.457 5.147 4.1311 0 0 0 
5110000 31551 544.81 24228.241 3.71 3.097 0 0 0 
5120000 31597 372.154 24291.593 2.466 2.1464 0 0 0 
5130000 31623 393.23 24350.012 2.493 2.256 0 0 0 
5140000 31761 85.027 24393.645 0.396 0.5492 0 0 0 
5150000 31805 147.82 24461.703 0.914 0.8905 0 0 0 
5160000 31820 280.704 24531.406 1.885 1.632 0 0 0 
5170000 31838 363.438 24616.861 2.749 2.0966 0 0 0 
5180000 31854 430.861 24711.815 3.573 2.4709 0 0 0 
5190000 31868 510.752 24794.951 4.247 2.9239 0 0 0 
5200000 31880 568.046 24876.339 4.68 3.2455 0 0 0 
5210000 31896 592.076 24961.622 4.94 3.375 0 0 0 
5220000 31914 573.734 25051.884 4.894 3.2679 0 0 0 
5230000 31927 619.351 25143.742 5.394 3.5335 0 0 0 
5240000 31941 644.298 25232.794 5.64 3.6766 0 0 0 
5250000 31971 485.91 25319.814 4.23 2.7824 0 0 0 
5260000 31989 510.335 25414.222 4.578 2.917 0 0 0 
5270000 32007 522.043 25506.572 4.721 2.9915 0 0 0 
5280000 32019 591.061 25598.731 5.392 3.3806 0 0 0 
5290000 32029 666.05 25692.029 6.106 3.8027 0 0 0 
5300000 32039 727.322 25788.689 6.765 4.141 0 0 0 
5310000 32049 777.385 25883.734 7.251 4.4264 0 0 0 
5320000 32059 818.29 25976.881 7.635 4.6544 0 0 0 
5330000 32071 821.267 26067.068 7.591 4.6666 0 0 0 
5340000 32082 837.842 26152.488 7.646 4.7553 0 0 0 
5350000 32093 852.961 26241.367 7.729 4.8438 0 0 0 
5360000 32107 816.402 26327.432 7.324 4.6311 0 0 0 
5370000 32121 790.604 26415.038 7.046 4.4974 0 0 0 
5380000 32198 230.217 26487.395 1.852 1.3618 0 0 0 
5390000 32268 193.053 26556.322 1.447 1.1542 0 0 0 
5400000 32306 210.004 26629.51 1.537 1.252 0 0 0 
5410000 32338 261.278 26702.371 1.898 1.544 0 0 0 
5420000 32365 305.723 26785.25 2.384 1.7868 0 0 0 
5430000 32391 348.77 26871.393 2.861 2.0155 0 0 0 
5440000 32418 352.535 26955.549 2.916 2.0468 0 0 0 
5450000 32433 430.234 27043.671 3.679 2.4807 0 0 0 
5460000 32450 476.087 27132.649 4.104 2.7415 0 0 0 
5470000 32498 294.003 27210.432 2.416 1.7226 0 0 0 
5480000 32738 39.315 27220.901 0.026 0.3062 0 0 0 
5490000 32813 115.334 27290.249 0.751 0.7199 0 0 0 
5500000 32839 225.79 27380.053 1.854 1.3408 0 0 0 
5510000 32852 349.582 27473.801 3.064 2.0383 0 0 0 
5520000 32864 452.097 27566.866 4.062 2.6135 0 0 0 
5530000 32875 543.727 27656.971 4.886 3.1216 0 0 0 
5540000 32885 627.374 27745.058 5.589 3.597 0 0 0 
5550000 32903 601.544 27835.124 5.376 3.4463 0 0 0 
5560000 32917 628.156 27929.014 5.694 3.5989 0 0 0 
5570000 32928 683.973 28024.452 6.285 3.9118 0 0 0 
5580000 32940 717.38 28120.317 6.67 4.0897 0 0 0 
5590000 32954 719.081 28206.73 6.565 4.102 0 0 0 
5600000 32966 744.692 28298.313 6.805 4.2354 0 0 0 
5610000 32976 791.577 28387.718 7.206 4.4999 0 0 0 
5620000 32986 829.886 28481.564 7.608 4.7216 0 0 0 
5630000 32997 845.584 28573.324 7.757 4.8082 0 0 0 
5640000 33016 741.618 28655.366 6.634 4.2169 0 0 0 
5650000 33036 655.988 28741.458 5.81 3.7457 0 0 0 
5660000 33051 658.466 28829.265 5.806 3.7565 0 0 0 
5670000 33069 626.349 28919.127 5.554 3.5714 0 0 0 
5680000 33157 188.682 28990.545 1.493 1.1239 0 0 0 
5690000 33202 214.616 29072.53 1.758 1.2744 0 0 0 
5700000 33222 310.169 29167.545 2.752 1.8068 0 0 0 
5710000 33376 62.319 29223.706 0.337 0.4215 0 0 0 
5720000 33585 32.003 29267.442 0.046 0.2499 0 0 0 
5730000 33827 49.512 29302.873 0.24 0.3472 0 0 0 
5740000 34114 38.947 29324.3 0.101 0.2916 0 0 0 
5750000 34339 30.415 29367.537 0.053 0.2404 0 0 0 
5760000 34488 130.832 29428.159 1.044 0.8129 0 0 0 
5770000 34500 282.972 29525.467 2.559 1.6623 0 0 0 
5780000 34516 380.666 29621.527 3.549 2.2035 0 0 0 
5790000 34529 472.039 29712.978 4.373 2.7094 0 0 0 
5800000 34544 519.555 29806.511 4.813 2.9738 0 0 0 
5810000 34559 562.742 29903.126 5.292 3.2224 0 0 0 
5820000 34576 566.799 29993.231 5.258 3.2505 0 0 0 
5830000 34599 514.871 30076.821 4.638 2.9563 0 0 0 
5840000 34617 523.317 30162.292 4.63 3.0091 0 0 0 
5850000 34636 527.605 30242.245 4.52 3.0258 0 0 0 
5860000 34649 580.677 30331.736 5.04 3.334 0 0 0 
5870000 34726 218.013 30400.716 1.7 1.2964 0 0 0 
5880000 34765 247.171 30479.144 1.941 1.4545 0 0 0 
5890000 34784 342.7 30568.514 2.897 1.9887 0 0 0 
5900000 34803 402.156 30660.623 3.521 2.3205 0 0 0 
5910000 34828 394.254 30744.995 3.397 2.2771 0 0 0 
5920000 34845 458.78 30832.662 3.975 2.6452 0 0 0 
5930000 34862 489.624 30920.871 4.258 2.8312 0 0 0 
5940000 34886 460.0 31008.341 4.007 2.6626 0 0 0 
5950000 34919 378.804 31094.329 3.274 2.2044 0 0 0 
5960000 34966 265.102 31177.782 2.25 1.5568 0 0 0 
5970000 35038 144.027 31249.674 1.071 0.8839 0 0 0 
5980000 35137 148.704 31308.944 1.001 0.9074 0 0 0 
5990000 35159 255.813 31380.331 1.788 1.4961 0 0 0 
6000000 35174 362.235 31457.71 2.664 2.1039 0 0 0 
