10000 329 28.343 -248.0 -0.796 0.1287 65 -242.0 -3.9952 
20000 650 33.324 -482.0 -0.658 0.1512 130 -476.0 -3.2871 
30000 980 29.269 -731.0 -0.791 0.1336 196 -725.0 -3.9465 
40000 1299 31.279 -973.0 -0.779 0.3482 259 -967.0 -4.0213 
50000 1609 30.331 -1201.0 -0.781 0.3396 321 -1192.0 -4.0181 
60000 1945 28.025 -1465.0 -0.83 0.3145 389 -1453.0 -4.1452 
70000 2262 33.764 -1699.0 -0.676 0.3782 452 -1681.0 -3.218 
80000 2553 31.025 -1904.0 -0.77 0.348 510 -1886.0 -3.7733 
90000 2830 35.219 -2082.0 -0.672 0.3946 566 -2058.0 -3.244 
100000 3125 32.192 -2291.0 -0.761 0.3608 625 -2267.0 -3.7993 
110000 3432 33.956 -2523.0 -0.742 0.3805 686 -2499.0 -3.6403 
120000 3710 36.614 -2709.0 -0.642 0.4106 742 -2679.0 -2.9788 
130000 4019 30.194 -2936.0 -0.769 0.3389 803 -2903.0 -3.6964 
140000 4317 34.074 -3148.0 -0.701 0.3824 863 -3115.0 -3.4389 
150000 4624 32.736 -3380.0 -0.755 0.3674 924 -3347.0 -3.6638 
160000 4893 38.519 -3550.0 -0.596 0.4318 978 -3517.0 -3.1646 
170000 5203 36.475 -3778.0 -0.629 0.4088 1040 -3745.0 -3.0022 
180000 5483 39.201 -3964.0 -0.587 0.4392 1096 -3931.0 -3.0017 
190000 5776 35.904 -4168.0 -0.678 0.4005 1155 -4135.0 -3.3434 
200000 6078 35.864 -4383.0 -0.633 0.3996 1215 -4344.0 -2.8239 
210000 6301 43.819 -4483.0 -0.471 0.4878 1260 -4444.0 -2.2765 
220000 6533 43.529 -4592.0 -0.458 0.4847 1306 -4553.0 -2.4136 
230000 6754 46.857 -4686.0 -0.389 0.5215 1350 -4647.0 -1.8698 
240000 6935 45.434 -4715.0 -0.399 0.5056 1387 -4658.0 -1.6663 
250000 7052 86.05 -4633.0 0.755 0.9547 1410 -4543.0 5.8012 
260000 7146 107.874 -4511.0 1.339 1.1965 1429 -4352.0 9.6042 
270000 7241 106.055 -4387.0 1.366 1.1768 1448 -4183.0 9.9644 
280000 7319 131.774 -4231.0 2.066 1.4611 1463 -3973.0 14.1922 
290000 7384 151.521 -4055.0 2.612 1.6795 1476 -3710.0 18.2942 
300000 7452 143.383 -3873.0 2.541 1.5892 1490 -3435.0 19.2003 
310000 7510 167.846 -3687.0 3.166 1.8596 1502 -3135.0 26.0544 
320000 7571 160.798 -3502.0 2.944 1.7817 1514 -2878.0 22.2762 
330000 7628 171.791 -3301.0 3.393 1.9034 1525 -2566.0 28.2471 
340000 7671 208.221 -3094.0 4.259 2.3145 1534 -2242.0 33.2271 
350000 7717 213.394 -2873.0 4.556 2.3755 1543 -1859.0 38.2318 
360000 7761 225.809 -2654.0 4.963 2.515 1552 -1493.0 42.2561 
370000 7800 239.925 -2408.0 5.667 2.6727 1560 -1013.0 54.0515 
380000 7859 184.972 -2209.0 3.892 2.0612 1571 -706.0 33.3104 
390000 7905 209.528 -1978.0 4.757 2.3345 1581 -289.0 42.9051 
400000 7946 226.111 -1731.0 5.38 2.5176 1589 186.0 50.6755 
410000 7991 221.934 -1487.0 5.37 2.4706 1598 676.0 53.2853 
420000 8027 249.013 -1221.0 6.399 2.7712 1605 1248.0 67.4524 
430000 8071 243.351 -982.0 6.063 2.7085 1614 1697.0 58.2332 
440000 8113 241.061 -718.0 6.243 2.6832 1622 2240.0 62.1647 
450000 8150 253.575 -453.0 6.704 2.8202 1630 2859.0 75.3771 
460000 8194 236.943 -209.0 5.951 2.629 1638 3340.0 62.7147 
470000 8226 270.969 82.0 7.364 3.0018 1645 3979.0 75.9157 
480000 8263 273.754 360.0 7.42 3.0314 1652 4656.0 83.4716 
490000 8300 267.236 642.0 7.292 2.9648 1660 5364.0 85.7187 
500000 8331 290.526 949.0 8.432 3.2286 1666 6211.0 110.1723 
510000 8365 291.224 1250.0 8.575 3.2399 1673 7001.0 111.8497 
520000 8403 284.149 1570.0 8.763 3.1629 1680 7918.0 119.5335 
530000 8445 261.207 1883.0 8.079 2.9094 1689 8771.0 109.7387 
540000 8479 274.831 2183.0 8.313 3.0615 1695 9563.0 113.4681 
550000 8518 267.822 2483.0 8.123 2.9824 1703 10355.0 104.9748 
560000 8550 282.907 2854.0 9.398 3.1496 1710 11665.0 145.9978 
570000 8584 288.408 3173.0 9.269 3.2113 1716 12569.0 141.9789 
580000 8620 282.804 3500.0 9.209 3.1478 1724 13547.0 137.3839 
590000 8658 275.386 3788.0 8.419 3.0656 1731 14273.0 115.702 
600000 8691 280.751 4125.0 8.982 3.1245 1738 15345.0 139.527 
610000 8729 278.773 4444.0 9.037 3.103 1745 16288.0 119.5299 
620000 8758 311.185 4807.0 10.839 3.4632 1751 17494.0 155.6572 
630000 8785 335.284 5208.0 12.669 3.7312 1757 19020.0 228.8698 
640000 8811 353.565 5592.0 13.373 3.933 1762 20412.0 248.0739 
650000 8838 356.131 6040.0 14.147 3.9742 1767 22252.0 269.2949 
660000 8858 403.491 6413.0 15.557 4.5107 1771 23768.0 307.3148 
670000 8887 389.319 6777.0 14.859 4.3454 1777 25029.0 283.953 
680000 8910 396.515 7190.0 15.71 4.4206 1782 26708.0 306.7441 
690000 8942 355.044 7572.0 13.611 3.9572 1788 28011.0 249.8549 
700000 8966 376.981 7969.0 14.844 4.1977 1793 29545.0 287.5223 
710000 8996 361.915 8342.0 13.94 4.0299 1799 30821.0 257.2694 
720000 9015 415.622 8670.0 14.941 4.6239 1803 31911.0 267.0198 
730000 9046 371.236 9063.0 13.877 4.1302 1809 33369.0 255.6155 
740000 9071 377.188 9471.0 14.672 4.1958 1814 34947.0 281.1376 
750000 9096 378.995 9861.0 14.722 4.2158 1819 36381.0 283.1272 
760000 9130 339.879 10244.0 13.07 3.7814 1826 37835.0 240.4444 
770000 9152 385.55 10597.0 14.163 4.2811 1830 39112.0 261.9385 
780000 9174 410.052 10981.0 15.318 4.545 1834 40669.0 285.5136 
790000 9198 405.036 11368.0 15.175 4.4858 1839 42154.0 303.5374 
800000 9225 383.766 11736.0 14.457 4.2476 1845 43404.0 265.8702 
810000 9250 391.438 12107.0 14.716 4.3315 1850 44780.0 272.3671 
820000 9271 421.155 12503.0 15.775 4.6594 1854 46310.0 283.0886 
830000 9290 455.607 12811.0 16.427 5.0376 1858 47590.0 322.9771 
840000 9315 431.363 13182.0 15.69 4.7709 1863 48933.0 301.3432 
850000 9342 407.613 13560.0 15.012 4.5148 1868 50304.0 288.451 
860000 9370 387.644 13943.0 14.384 4.3008 1874 51746.0 266.0977 
870000 9393 404.341 14284.0 14.4 4.4892 1878 53053.0 276.983 
880000 9420 379.753 14667.0 13.891 4.2192 1884 54513.0 260.3851 
890000 9444 395.361 15082.0 15.361 4.3934 1888 56212.0 279.9323 
900000 9471 379.154 15458.0 14.6 4.2145 1894 57530.0 284.1568 
910000 9495 395.965 15879.0 15.789 4.4015 1899 59256.0 311.7191 
920000 9512 428.59 16177.0 15.398 4.7629 1902 60358.0 306.9422 
930000 9535 418.955 16565.0 15.355 4.6564 1907 61787.0 291.4697 
940000 9565 402.608 16927.0 14.94 4.4746 1913 63229.0 288.3142 
950000 9602 321.768 17237.0 11.07 3.5781 1920 64085.0 194.82 
960000 9621 393.676 17591.0 13.453 4.3752 1924 65375.0 239.9446 
970000 9648 384.714 17940.0 13.282 4.277 1929 66660.0 250.8116 
980000 9669 424.052 18300.0 14.85 4.7144 1933 68064.0 267.3465 
990000 9691 432.577 18650.0 15.193 4.8108 1938 69416.0 290.7837 
1000000 9710 452.943 19010.0 16.158 5.0363 1942 70805.0 309.455 
1010000 9739 394.727 19352.0 13.85 4.3909 1947 71873.0 260.933 
1020000 9762 404.846 19699.0 14.106 4.5035 1952 73087.0 254.729 
1030000 9785 416.604 20060.0 14.539 4.6342 1957 74453.0 262.9917 
1040000 9811 400.808 20482.0 14.955 4.4587 1962 76051.0 270.0592 
1050000 9839 388.266 20837.0 14.369 4.318 1967 77399.0 270.6104 
1060000 9857 437.226 21247.0 16.927 4.8604 1971 79093.0 303.716 
1070000 9878 454.768 21624.0 17.534 5.0544 1975 80616.0 330.2074 
1080000 9904 426.134 22017.0 16.513 4.7375 1980 82104.0 322.8448 
1090000 9930 401.525 22412.0 15.753 4.4652 1986 83537.0 302.6967 
1100000 9951 429.427 22757.0 16.115 4.774 1990 84869.0 315.6182 
1110000 9969 471.165 23125.0 17.427 5.2353 1993 86422.0 335.5327 
1120000 9991 462.725 23552.0 17.773 5.1424 1998 88079.0 336.8599 
1130000 10020 411.216 23891.0 15.474 4.5717 2004 89237.0 291.2118 
1140000 10043 406.092 24269.0 14.645 4.5081 2008 90752.0 286.6898 
1150000 10065 423.225 24608.0 15.449 4.6903 2013 92027.0 298.5506 
1160000 10082 476.511 24920.0 16.221 5.2751 2016 93263.0 323.3284 
1170000 10107 451.503 25261.0 15.32 5.0075 2021 94450.0 280.5573 
1180000 10126 465.95 25592.0 15.91 5.1719 2025 95765.0 311.6428 
1190000 10140 535.425 25808.0 16.113 5.9351 2028 96683.0 313.7036 
1200000 10163 496.96 26234.0 17.017 5.5144 2032 98423.0 321.796 
1210000 10185 457.021 26656.0 16.419 5.0747 2037 100084.0 324.7577 
1220000 10208 462.39 26986.0 16.406 5.1362 2041 101269.0 319.8786 
1230000 10230 454.103 27341.0 16.35 5.0354 2046 102566.0 313.7177 
1240000 10251 471.734 27724.0 17.318 5.2242 2050 104131.0 333.7991 
1250000 10270 485.226 28060.0 17.173 5.3677 2054 105427.0 337.8263 
1260000 10301 409.752 28408.0 14.422 4.5326 2060 106564.0 267.0383 
1270000 10330 383.01 28786.0 13.768 4.2362 2066 107932.0 245.455 
1280000 10363 338.208 29145.0 12.081 3.7408 2072 109170.0 223.6356 
1290000 10391 346.817 29541.0 12.949 3.8351 2078 110562.0 225.5001 
1300000 10420 349.553 29995.0 14.436 3.8651 2084 112444.0 277.5011 
1310000 10445 354.903 30389.0 14.379 3.9239 2089 113855.0 271.5685 
1320000 10470 388.373 30759.0 15.098 4.2939 2094 115401.0 292.8094 
1330000 10493 405.91 31177.0 16.422 4.4876 2098 117019.0 299.541 
1340000 10512 446.451 31537.0 16.8 4.9339 2102 118501.0 335.7954 
1350000 10539 417.28 31950.0 16.644 4.6128 2107 120162.0 323.1824 
1360000 10562 423.909 32278.0 15.837 4.6866 2112 121291.0 309.1221 
1370000 10583 442.892 32701.0 17.32 4.8959 2116 123082.0 332.6435 
1380000 10615 372.784 33090.0 14.563 4.1225 2123 124614.0 287.373 
1390000 10636 394.972 33511.0 15.519 4.3666 2127 126316.0 306.22 
1400000 10662 396.689 33903.0 15.987 4.3849 2132 127863.0 301.7717 
1410000 10687 412.984 34302.0 16.572 4.5632 2137 129507.0 319.0026 
1420000 10713 399.921 34695.0 15.839 4.4195 2142 131049.0 336.0937 
1430000 10735 412.483 35111.0 16.756 4.5576 2147 132734.0 338.7648 
1440000 10759 422.115 35465.0 16.171 4.6649 2151 134093.0 332.4126 
1450000 10774 475.271 35740.0 15.983 5.2491 2154 135019.0 289.0178 
1460000 10799 458.334 36133.0 16.395 5.0637 2159 136570.0 334.384 
1470000 10825 423.811 36518.0 15.685 4.683 2165 138035.0 301.8306 
1480000 10850 401.293 36919.0 15.14 4.4344 2170 139519.0 290.4042 
1490000 10878 396.043 37297.0 15.065 4.3764 2175 140869.0 265.0322 
1500000 10894 446.806 37631.0 16.775 4.9356 2178 142196.0 304.0445 
1510000 10913 476.199 38026.0 18.069 5.2645 2182 143821.0 339.6238 
1520000 10936 464.99 38374.0 17.084 5.1497 2187 145039.0 324.8883 
1530000 10956 476.682 38745.0 17.379 5.2831 2191 146631.0 354.1262 
1540000 10982 443.322 39159.0 16.639 4.9178 2196 148200.0 318.6968 
1550000 11006 435.963 39528.0 16.516 4.8386 2201 149679.0 332.0469 
1560000 11025 456.009 39890.0 17.128 5.0526 2205 151070.0 336.9645 
1570000 11045 465.195 40261.0 17.232 5.1484 2209 152521.0 344.6992 
1580000 11071 445.704 40698.0 17.601 4.9292 2214 154317.0 351.1693 
1590000 11095 436.727 41105.0 17.36 4.828 2219 156038.0 351.1982 
1600000 11119 417.201 41491.0 16.869 4.6119 2223 157486.0 325.1177 
1610000 11146 410.217 41845.0 15.621 4.5331 2229 158695.0 290.8722 
1620000 11170 418.169 42158.0 14.752 4.6198 2234 159845.0 278.469 
1630000 11195 408.696 42531.0 14.74 4.5156 2239 161214.0 276.5333 
1640000 11216 435.396 42912.0 15.956 4.8088 2243 162747.0 314.1121 
1650000 11240 402.585 43293.0 14.83 4.4478 2248 164097.0 282.9501 
1660000 11262 439.161 43666.0 16.579 4.8509 2252 165661.0 307.0783 
1670000 11285 432.067 44049.0 16.56 4.772 2257 167157.0 329.0385 
1680000 11308 434.447 44455.0 17.044 4.7978 2261 168763.0 334.3703 
1690000 11330 426.062 44816.0 16.255 4.705 2266 170081.0 317.3818 
1700000 11354 432.415 45222.0 16.839 4.7748 2270 171768.0 320.102 
1710000 11378 416.433 45655.0 16.379 4.6116 2275 173506.0 334.3094 
1720000 11401 428.485 46027.0 16.801 4.7509 2280 174856.0 331.9973 
1730000 11425 430.102 46442.0 17.207 4.7717 2285 176657.0 351.2472 
1740000 11445 452.481 46783.0 17.062 5.021 2289 177997.0 344.275 
1750000 11459 509.076 47159.0 19.273 5.6495 2291 179510.0 381.4128 
1760000 11481 481.859 47553.0 18.546 5.3447 2296 181035.0 378.1986 
1770000 11511 421.339 47968.0 16.727 4.6668 2302 182617.0 330.9486 
1780000 11533 426.513 48302.0 15.849 4.7187 2306 183935.0 316.8712 
1790000 11554 448.228 48687.0 16.907 4.9552 2310 185487.0 330.9709 
1800000 11576 446.254 49040.0 16.355 4.9311 2315 186782.0 318.9169 
1810000 11600 439.948 49419.0 16.245 4.8608 2320 188283.0 318.25 
1820000 11621 457.237 49787.0 16.792 5.0491 2324 189788.0 339.5023 
1830000 11643 453.2 50167.0 16.797 5.0044 2328 191227.0 330.0646 
1840000 11663 452.118 50542.0 16.297 4.9915 2332 192820.0 332.1501 
1850000 11684 466.689 50871.0 16.837 5.1595 2336 194124.0 359.0628 
1860000 11705 456.735 51296.0 17.524 5.0484 2341 195890.0 361.7815 
1870000 11730 440.622 51707.0 17.328 4.8691 2346 197612.0 357.9776 
1880000 11756 408.133 52099.0 16.016 4.51 2351 199033.0 323.6264 
1890000 11780 413.302 52502.0 16.387 4.5675 2356 200654.0 324.061 
1900000 11806 403.061 52906.0 16.135 4.4533 2361 202261.0 324.735 
1910000 11826 431.968 53281.0 16.789 4.771 2365 203806.0 346.2417 
1920000 11843 475.738 53644.0 18.125 5.2628 2368 205312.0 362.9472 
1930000 11867 444.242 54015.0 16.177 4.9221 2373 206616.0 306.1155 
1940000 11885 481.002 54330.0 17.234 5.3318 2377 207879.0 343.1703 
1950000 11906 482.228 54710.0 17.538 5.3497 2381 209423.0 359.2762 
1960000 11931 439.308 55113.0 16.211 4.8762 2386 210930.0 325.9522 
1970000 11954 448.763 55486.0 16.564 4.9826 2390 212512.0 344.5308 
1980000 11971 491.17 55829.0 17.719 5.4538 2394 213902.0 353.9722 
1990000 11996 451.033 56231.0 16.91 5.0055 2399 215534.0 346.559 
2000000 12010 518.677 56584.0 18.988 5.7449 2402 216910.0 380.1695 
2010000 12035 465.366 56987.0 17.649 5.1609 2407 218501.0 353.0331 
2020000 12055 471.861 57420.0 18.868 5.2256 2411 220218.0 377.924 
2030000 12078 459.678 57770.0 17.572 5.0851 2415 221573.0 328.3178 
2040000 12107 411.661 58131.0 15.428 4.5601 2421 222846.0 305.3758 
2050000 12136 391.734 58518.0 14.915 4.3458 2427 224277.0 284.3773 
2060000 12160 400.525 58910.0 15.492 4.4461 2432 225860.0 304.7406 
2070000 12180 432.674 59239.0 15.692 4.8033 2436 227113.0 309.2285 
2080000 12202 448.942 59651.0 17.117 4.9845 2440 228839.0 323.869 
2090000 12215 502.459 59915.0 17.098 5.5732 2443 229841.0 348.3725 
2100000 12235 511.763 60256.0 17.457 5.6655 2447 231229.0 358.0772 
2110000 12253 535.898 60545.0 17.407 5.9253 2450 232406.0 360.2303 
2120000 12277 478.175 60917.0 16.273 5.2846 2455 233828.0 333.6072 
2130000 12295 497.255 61249.0 16.816 5.4928 2459 235117.0 331.2729 
2140000 12314 512.823 61584.0 17.29 5.6633 2462 236373.0 317.2719 
2150000 12343 434.382 61980.0 15.42 4.7986 2468 237798.0 293.0085 
2160000 12365 436.033 62355.0 15.922 4.8152 2473 239268.0 306.8082 
2170000 12387 440.118 62773.0 16.265 4.8595 2477 240976.0 323.7627 
2180000 12410 438.34 63148.0 16.722 4.8401 2482 242404.0 328.4962 
2190000 12430 463.389 63515.0 17.348 5.1156 2486 243917.0 347.6834 
2200000 12445 522.171 63820.0 18.141 5.7638 2489 245122.0 363.3082 
2210000 12467 497.351 64155.0 16.929 5.4909 2493 246321.0 332.9891 
2220000 12493 451.731 64560.0 16.435 4.9882 2498 247998.0 331.1585 
2230000 12512 459.48 64917.0 16.678 5.075 2502 249450.0 314.8239 
2240000 12534 464.73 65272.0 16.97 5.1316 2506 250861.0 325.6116 
2250000 12553 492.358 65652.0 18.108 5.4367 2510 252402.0 345.4069 
2260000 12573 487.665 65981.0 17.633 5.3914 2514 253694.0 331.6396 
2270000 12591 512.252 66338.0 18.372 5.6663 2518 255119.0 345.8764 
2280000 12611 511.696 66657.0 17.739 5.6669 2522 256386.0 356.8537 
2290000 12641 424.309 67028.0 14.96 4.7049 2528 257816.0 295.3067 
2300000 12671 377.949 67403.0 13.648 4.1939 2534 259136.0 257.0814 
2310000 12695 381.237 67671.0 12.36 4.2317 2539 259923.0 212.6725 
2320000 12713 436.131 67966.0 13.56 4.8398 2542 261118.0 259.4572 
2330000 12734 447.219 68340.0 15.011 4.964 2546 262644.0 274.5676 
2340000 12765 390.398 68719.0 13.676 4.3351 2553 264067.0 256.5846 
2350000 12786 401.547 69085.0 14.187 4.4592 2557 265408.0 273.0255 
2360000 12809 425.411 69464.0 15.325 4.7231 2561 267029.0 316.2976 
2370000 12832 428.61 69883.0 16.693 4.759 2566 268753.0 311.5803 
2380000 12849 482.251 70184.0 17.156 5.3522 2569 269981.0 341.042 
2390000 12869 478.993 70582.0 17.449 5.3163 2573 271537.0 359.8234 
2400000 12887 500.08 70945.0 18.261 5.5497 2577 272923.0 351.0404 
2410000 12907 494.739 71278.0 17.846 5.4899 2581 274126.0 359.9501 
2420000 12926 511.733 71691.0 19.265 5.6699 2585 275802.0 374.8495 
2430000 12941 548.474 71954.0 18.743 6.068 2588 276965.0 386.3143 
2440000 12965 497.387 72336.0 17.676 5.5043 2593 278430.0 351.2624 
2450000 12983 501.833 72694.0 17.647 5.549 2596 279859.0 364.6993 
2460000 13007 479.973 73076.0 17.588 5.3159 2601 281339.0 347.3271 
2470000 13030 463.006 73463.0 17.217 5.1333 2606 282962.0 342.4753 
2480000 13053 450.495 73847.0 16.954 4.9987 2610 284414.0 312.683 
2490000 13074 467.856 74181.0 16.869 5.1926 2614 285738.0 317.6507 
2500000 13104 401.613 74497.0 13.775 4.4607 2620 286726.0 266.3086 
2510000 13129 405.235 74855.0 14.211 4.5023 2625 288020.0 237.6946 
2520000 13152 417.621 75239.0 15.291 4.6415 2630 289469.0 276.3528 
2530000 13176 411.011 75612.0 14.831 4.5683 2635 290931.0 275.5186 
2540000 13193 472.789 75930.0 16.558 5.2531 2638 292245.0 312.673 
2550000 13216 454.296 76258.0 15.482 5.0472 2643 293485.0 305.2165 
2560000 13235 476.718 76617.0 16.594 5.2964 2647 294918.0 327.3869 
2570000 13262 432.861 77027.0 15.838 4.8096 2652 296435.0 298.8788 
2580000 13286 421.791 77433.0 16.145 4.6872 2657 298071.0 322.5498 
2590000 13308 426.527 77834.0 16.531 4.7387 2661 299711.0 350.742 
2600000 13326 459.346 78255.0 17.813 5.1041 2665 301485.0 354.7847 
2610000 13347 477.33 78580.0 17.815 5.2981 2669 302770.0 356.3712 
2620000 13368 472.538 78984.0 17.713 5.2356 2673 304446.0 368.3107 
2630000 13390 474.8 79355.0 18.053 5.2582 2678 305978.0 371.2121 
2640000 13406 516.721 79733.0 19.659 5.7282 2681 307505.0 374.5126 
2650000 13427 500.947 80064.0 18.042 5.5575 2685 308796.0 361.033 
2660000 13444 527.796 80294.0 17.115 5.8563 2688 309689.0 368.3861 
2670000 13465 492.782 80699.0 17.094 5.47 2693 311309.0 348.7883 
2680000 13488 483.936 81103.0 17.58 5.3743 2697 313075.0 358.1817 
2690000 13507 486.904 81487.0 17.858 5.4073 2701 314599.0 371.7629 
2700000 13530 472.539 81816.0 16.94 5.2384 2706 315864.0 340.1077 
2710000 13553 464.497 82189.0 16.812 5.1419 2710 317311.0 341.3806 
2720000 13577 441.184 82569.0 16.314 4.8883 2715 318813.0 332.1606 
2730000 13599 453.375 82891.0 16.029 5.027 2719 320053.0 299.7816 
2740000 13621 442.381 83237.0 15.469 4.9084 2724 321293.0 301.2668 
2750000 13641 473.574 83628.0 17.461 5.2556 2728 322839.0 299.0836 
2760000 13663 463.09 83984.0 17.022 5.1409 2732 324128.0 302.8869 
2770000 13681 491.208 84316.0 17.494 5.4528 2736 325381.0 332.0009 
2780000 13703 471.631 84716.0 17.032 5.2362 2740 327068.0 342.2044 
2790000 13726 468.863 85053.0 16.945 5.2051 2745 328368.0 338.0658 
2800000 13749 462.097 85386.0 16.213 5.1309 2749 329493.0 293.2652 
2810000 13771 446.193 85822.0 16.902 4.9549 2754 331171.0 326.5015 
2820000 13793 461.907 86201.0 17.438 5.1292 2758 332726.0 348.7572 
2830000 13816 441.742 86619.0 16.624 4.9055 2763 334419.0 330.0537 
2840000 13837 450.819 87000.0 17.26 5.0063 2767 335910.0 342.4696 
2850000 13858 467.798 87326.0 17.32 5.1943 2771 337106.0 348.1328 
2860000 13880 462.981 87703.0 17.231 5.1409 2776 338578.0 336.5171 
2870000 13905 436.115 88152.0 17.439 4.8429 2781 340413.0 348.1509 
2880000 13925 452.283 88529.0 17.727 5.022 2785 341915.0 356.3295 
2890000 13946 458.273 88895.0 17.518 5.0882 2789 343406.0 361.1491 
2900000 13968 453.787 89251.0 16.918 5.0393 2793 344665.0 341.1695 
2910000 13986 484.734 89603.0 17.685 5.3824 2797 346079.0 346.2557 
2920000 14011 450.355 90049.0 17.651 5.0019 2802 347965.0 361.9459 
2930000 14039 401.539 90405.0 15.043 4.4604 2807 349140.0 300.2886 
2940000 14059 435.286 90839.0 17.446 4.8264 2811 350996.0 328.879 
2950000 14081 440.687 91242.0 17.785 4.8787 2816 352575.0 350.9517 
2960000 14110 399.344 91628.0 15.658 4.4174 2822 354059.0 300.0095 
2970000 14135 398.022 92038.0 15.928 4.4 2827 355732.0 314.6102 
2980000 14156 410.034 92407.0 15.839 4.5312 2831 357085.0 307.9783 
2990000 14177 434.072 92793.0 16.418 4.7951 2835 358719.0 335.6111 
3000000 14200 430.669 93172.0 16.39 4.7574 2840 360166.0 325.9355 
3010000 14219 468.627 93542.0 17.81 5.1747 2843 361733.0 344.292 
3020000 14241 464.945 93884.0 16.972 5.1352 2848 362936.0 328.6065 
3030000 14265 440.907 94319.0 17.045 4.8694 2853 364751.0 342.7769 
3040000 14290 426.897 94686.0 16.202 4.7148 2858 366126.0 312.6592 
3050000 14310 442.439 95083.0 17.172 4.8934 2862 367600.0 329.2582 
3060000 14330 449.215 95482.0 17.534 4.9764 2866 369217.0 348.5606 
3070000 14346 490.63 95846.0 18.276 5.4388 2869 370808.0 368.6617 
3080000 14363 533.112 96128.0 18.663 5.9124 2872 371834.0 387.6344 
3090000 14389 467.816 96566.0 18.24 5.1911 2877 373643.0 357.2788 
3100000 14407 501.166 96895.0 18.273 5.5624 2881 374935.0 369.1307 
3110000 14440 396.15 97247.0 14.203 4.3964 2888 376202.0 268.2292 
3120000 14465 400.054 97700.0 15.8 4.432 2893 378098.0 313.6746 
3130000 14488 410.208 98105.0 16.389 4.539 2897 379649.0 316.8743 
3140000 14508 429.09 98481.0 17.332 4.7457 2901 381201.0 325.851 
3150000 14523 498.002 98764.0 17.637 5.5073 2904 382366.0 347.0754 
3160000 14541 507.885 99086.0 17.48 5.6234 2908 383645.0 367.2459 
3170000 14564 493.343 99437.0 17.231 5.4683 2912 384992.0 333.7178 
3180000 14585 486.885 99808.0 17.35 5.4009 2917 386515.0 352.1253 
3190000 14610 446.985 100185.0 16.272 4.9614 2922 387942.0 325.2669 
3200000 14628 482.23 100580.0 17.963 5.3525 2925 389558.0 342.9496 
3210000 14645 522.737 100898.0 18.367 5.8022 2929 390860.0 375.0363 
3220000 14669 475.726 101328.0 17.768 5.2825 2933 392613.0 376.4256 
3230000 14683 529.628 101643.0 18.886 5.8798 2936 393774.0 388.1513 
3240000 14707 485.19 102034.0 17.817 5.388 2941 395329.0 361.1747 
3250000 14730 453.16 102431.0 17.148 5.0333 2946 396863.0 338.9989 
3260000 14750 479.53 102786.0 17.681 5.3262 2950 398376.0 356.4583 
3270000 14769 498.202 103134.0 18.004 5.5309 2953 399843.0 354.5971 
3280000 14783 539.237 103370.0 17.276 5.9861 2956 400700.0 350.8303 
3290000 14801 541.499 103708.0 17.784 6.0103 2960 402025.0 362.1942 
3300000 14822 511.978 104154.0 18.117 5.684 2964 403914.0 375.5912 
3310000 14845 493.621 104544.0 18.519 5.4805 2969 405510.0 378.902 
3320000 14865 499.694 104903.0 18.441 5.5484 2973 406958.0 374.4993 
3330000 14888 476.304 105297.0 18.085 5.2899 2977 408531.0 350.9737 
3340000 14913 449.667 105617.0 16.151 4.9947 2982 409616.0 286.3531 
3350000 14935 441.528 105978.0 15.968 4.9041 2987 411027.0 315.2837 
3360000 14954 471.488 106313.0 16.696 5.2362 2990 412406.0 337.6408 
3370000 14970 512.657 106637.0 17.636 5.692 2994 413786.0 357.7772 
3380000 14990 501.726 107034.0 18.061 5.5724 2998 415302.0 363.5693 
3390000 15011 491.066 107407.0 17.559 5.4535 3002 416728.0 334.5058 
3400000 15034 467.693 107761.0 17.631 5.1948 3006 418174.0 335.2623 
3410000 15053 499.371 108086.0 17.391 5.545 3010 419435.0 359.3826 
3420000 15074 492.387 108461.0 17.644 5.4685 3014 420941.0 339.2201 
3430000 15095 474.654 108827.0 17.165 5.2718 3019 422387.0 346.4219 
3440000 15114 503.881 109185.0 18.135 5.5952 3022 423945.0 358.3026 
3450000 15134 497.922 109554.0 18.194 5.5285 3026 425427.0 365.9946 
3460000 15156 490.937 109839.0 16.509 5.4517 3031 426417.0 329.8417 
3470000 15174 495.198 110207.0 17.663 5.499 3034 427949.0 341.5826 
3480000 15191 533.275 110545.0 18.19 5.9097 3038 429238.0 370.0131 
3490000 15210 522.825 110923.0 18.514 5.7871 3042 430777.0 374.4057 
3500000 15226 554.196 111224.0 18.752 6.1304 3045 431933.0 372.7137 
3510000 15246 535.807 111553.0 17.961 5.9349 3049 433258.0 363.8839 
3520000 15260 578.58 111830.0 18.279 6.4131 3052 434360.0 365.5943 
3530000 15280 534.587 112263.0 18.275 5.9293 3056 435990.0 355.6407 
3540000 15300 535.367 112525.0 17.647 5.9408 3060 436921.0 340.4426 
3550000 15313 577.806 112886.0 19.725 6.4117 3062 438302.0 364.8885 
3560000 15334 540.147 113315.0 19.968 5.9965 3066 440090.0 390.6626 
3570000 15353 535.787 113672.0 19.299 5.9494 3070 441533.0 381.7828 
3580000 15379 468.301 113994.0 16.141 5.2027 3075 442611.0 328.4768 
3590000 15400 474.234 114331.0 16.363 5.2681 3080 443854.0 309.4205 
3600000 15428 419.332 114691.0 14.546 4.6593 3085 445171.0 281.8736 
3610000 15446 466.763 114989.0 15.262 5.1847 3089 446306.0 285.62 
3620000 15470 438.859 115350.0 14.922 4.875 3094 447702.0 279.9169 
3630000 15493 438.868 115728.0 15.446 4.8746 3098 449184.0 298.1555 
3640000 15510 478.156 116046.0 16.439 5.3093 3102 450522.0 327.2088 
3650000 15532 462.097 116430.0 16.092 5.132 3106 452058.0 320.2032 
3660000 15554 465.203 116788.0 16.973 5.1665 3110 453454.0 320.1776 
3670000 15568 530.272 117099.0 18.257 5.8867 3113 454692.0 347.4225 
3680000 15589 508.582 117429.0 17.233 5.643 3117 456000.0 368.3576 
3690000 15612 476.324 117832.0 16.921 5.2782 3122 457549.0 324.4001 
3700000 15635 459.664 118173.0 16.388 5.0873 3127 458862.0 323.2396 
3710000 15657 465.35 118549.0 16.843 5.1553 3131 460327.0 334.2893 
3720000 15682 435.24 118966.0 16.598 4.8177 3136 461950.0 327.4679 
3730000 15709 415.635 119346.0 15.83 4.5983 3141 463473.0 294.0638 
3740000 15732 420.934 119638.0 14.663 4.6539 3146 464464.0 283.8704 
3750000 15748 478.322 119989.0 16.792 5.2852 3149 465955.0 306.6035 
3760000 15783 387.82 120312.0 13.136 4.2863 3156 467031.0 250.5915 
3770000 15802 422.699 120712.0 15.195 4.6716 3160 468664.0 287.5669 
3780000 15823 431.363 121019.0 15.383 4.7675 3164 469871.0 282.2739 
3790000 15845 451.623 121391.0 16.007 4.9948 3169 471410.0 318.794 
3800000 15872 415.065 121713.0 14.18 4.5995 3174 472425.0 264.3963 
3810000 15897 413.501 122094.0 14.741 4.5878 3179 473865.0 277.9672 
3820000 15917 440.281 122479.0 16.029 4.8873 3183 475420.0 309.1193 
3830000 15941 430.969 122911.0 16.797 4.7859 3188 477256.0 342.108 
3840000 15960 452.04 123233.0 16.305 5.0207 3192 478487.0 327.9048 
3850000 15983 459.329 123650.0 17.539 5.1017 3196 480260.0 351.5202 
3860000 15999 513.372 123949.0 17.905 5.695 3199 481516.0 360.5842 
3870000 16024 460.946 124309.0 16.778 5.1065 3204 482836.0 320.9025 
3880000 16050 438.458 124711.0 16.323 4.8536 3210 484450.0 326.3047 
3890000 16069 472.36 125039.0 16.749 5.2245 3213 485693.0 314.4051 
3900000 16086 503.572 125355.0 17.15 5.5676 3217 486942.0 346.8646 
3910000 16111 465.98 125709.0 15.947 5.1511 3222 488220.0 306.7049 
3920000 16132 473.831 126087.0 16.735 5.2365 3226 489819.0 336.4907 
3930000 16153 452.875 126467.0 15.921 5.0047 3230 491327.0 319.0342 
3940000 16171 493.106 126782.0 17.083 5.4487 3234 492533.0 335.1198 
3950000 16192 478.801 127156.0 17.066 5.2899 3238 493969.0 339.7723 
3960000 16212 487.104 127550.0 17.5 5.3815 3242 495707.0 359.6087 
3970000 16234 483.716 127935.0 18.194 5.3436 3246 497271.0 358.9983 
3980000 16253 493.7 128224.0 17.143 5.4601 3250 498325.0 355.0366 
3990000 16279 449.775 128628.0 16.684 4.9824 3255 499932.0 316.3508 
4000000 16302 448.504 128991.0 16.521 4.9748 3260 501300.0 327.3839 
4010000 16322 463.32 129334.0 16.62 5.1413 3264 502657.0 330.1134 
4020000 16343 469.472 129702.0 16.881 5.2116 3268 504186.0 352.762 
4030000 16355 548.9 129932.0 17.285 6.093 3271 505157.0 351.1025 
4040000 16379 483.431 130270.0 15.132 5.3675 3275 506476.0 310.8528 
4050000 16396 518.746 130552.0 16.15 5.7602 3279 507499.0 320.4253 
4060000 16418 497.29 130943.0 16.563 5.5235 3283 509063.0 335.211 
4070000 16441 467.325 131319.0 16.469 5.1917 3288 510546.0 330.2875 
4080000 16471 408.825 131688.0 14.526 4.5411 3294 511818.0 270.0925 
4090000 16495 400.98 132042.0 14.326 4.4458 3299 513123.0 265.6595 
4100000 16514 443.299 132392.0 15.73 4.9082 3302 514577.0 299.0458 
4110000 16542 412.832 132740.0 14.697 4.5686 3308 515714.0 266.1895 
4120000 16563 423.389 133161.0 16.034 4.6828 3312 517548.0 306.8898 
4130000 16587 427.495 133580.0 16.853 4.731 3317 519149.0 329.0206 
4140000 16606 455.047 133887.0 16.543 5.0432 3321 520350.0 330.8714 
4150000 16620 499.368 134236.0 17.269 5.5371 3324 521863.0 350.5133 
4160000 16649 444.744 134594.0 15.978 4.9299 3329 523175.0 315.348 
4170000 16664 499.853 134902.0 16.931 5.5319 3332 524389.0 318.0437 
4180000 16685 492.071 135256.0 17.049 5.4445 3337 525745.0 334.7158 
4190000 16706 487.885 135634.0 17.364 5.3955 3341 527119.0 333.1151 
4200000 16730 464.313 136020.0 16.931 5.1344 3346 528678.0 327.8969 
4210000 16745 512.904 136303.0 17.288 5.6692 3349 529852.0 344.1688 
4220000 16764 514.259 136698.0 18.37 5.6869 3352 531465.0 364.2171 
4230000 16785 505.319 137030.0 17.515 5.5927 3357 532688.0 344.8523 
4240000 16810 454.187 137406.0 16.303 5.0253 3362 534036.0 311.6174 
4250000 16835 427.424 137758.0 15.248 4.7357 3367 535258.0 282.7976 
4260000 16861 410.156 138153.0 15.303 4.5404 3372 536796.0 294.682 
4270000 16884 423.498 138496.0 15.316 4.685 3376 538171.0 299.5799 
4280000 16903 452.062 138797.0 15.206 4.9992 3380 539303.0 277.7524 
4290000 16925 459.925 139116.0 15.354 5.0828 3385 540621.0 300.8611 
4300000 16947 451.539 139468.0 15.606 4.991 3389 541930.0 281.7352 
4310000 16970 450.567 139833.0 15.719 4.9788 3394 543327.0 306.8288 
4320000 16990 468.531 140158.0 16.05 5.1763 3398 544639.0 316.4895 
4330000 17016 429.32 140523.0 15.144 4.7511 3403 545904.0 289.032 
4340000 17036 447.384 140877.0 15.811 4.9595 3407 547269.0 309.8536 
4350000 17054 476.694 141231.0 16.513 5.2883 3410 548721.0 329.7403 
4360000 17074 459.386 141605.0 16.544 5.1006 3414 550286.0 342.9535 
4370000 17099 460.581 141985.0 17.092 5.1155 3419 551716.0 323.6339 
4380000 17121 461.357 142373.0 17.262 5.1262 3424 553280.0 348.9711 
4390000 17141 460.72 142762.0 17.475 5.1196 3428 554842.0 360.4818 
4400000 17165 450.867 143141.0 17.141 5.0114 3433 556313.0 335.7447 
4410000 17181 489.668 143506.0 17.772 5.4411 3436 557800.0 348.9239 
4420000 17196 504.118 143787.0 17.736 5.6018 3439 558762.0 330.8015 
4430000 17217 523.051 144219.0 19.508 5.8085 3443 560484.0 364.6544 
4440000 17233 554.424 144509.0 18.902 6.1575 3446 561590.0 379.914 
4450000 17252 544.595 144832.0 18.566 6.0493 3450 562912.0 379.5721 
4460000 17270 541.076 145207.0 19.023 6.0104 3454 564490.0 386.7091 
4470000 17288 525.247 145492.0 17.968 5.8358 3457 565615.0 347.9309 
4480000 17303 585.245 145789.0 18.845 6.5005 3460 566821.0 361.6046 
4490000 17320 559.942 146158.0 18.237 6.2205 3464 568267.0 367.0138 
4500000 17342 542.326 146513.0 18.541 6.0253 3468 569690.0 375.8545 
4510000 17366 479.518 146906.0 16.845 5.3289 3473 571214.0 325.7733 
4520000 17386 483.235 147238.0 16.992 5.3699 3477 572431.0 337.4501 
4530000 17403 527.03 147522.0 17.404 5.8553 3480 573582.0 353.2531 
4540000 17420 525.712 147910.0 18.163 5.8417 3484 575173.0 363.8743 
4550000 17442 518.173 148222.0 17.403 5.7575 3488 576382.0 339.3771 
4560000 17464 493.799 148609.0 17.477 5.4884 3492 577954.0 330.1252 
4570000 17486 466.307 148999.0 17.097 5.183 3497 579436.0 345.7843 
4580000 17513 426.954 149365.0 15.513 4.7471 3502 580819.0 285.7856 
4590000 17537 423.872 149734.0 15.708 4.7128 3507 582172.0 302.476 
4600000 17559 426.641 150104.0 15.32 4.7434 3511 583697.0 305.9084 
4610000 17573 508.914 150413.0 17.786 5.6542 3514 584966.0 333.2032 
4620000 17593 505.118 150746.0 17.261 5.6116 3518 586232.0 346.8953 
4630000 17610 522.285 151087.0 17.936 5.8019 3522 587629.0 361.9635 
4640000 17633 499.386 151463.0 17.562 5.5478 3526 589013.0 354.914 
4650000 17649 531.854 151810.0 18.642 5.9003 3529 590536.0 363.6723 
4660000 17672 489.825 152148.0 16.968 5.4284 3534 591699.0 320.2755 
4670000 17694 475.75 152464.0 16.061 5.2664 3538 592939.0 317.0731 
4680000 17710 508.159 152762.0 16.639 5.6217 3542 594188.0 332.2065 
4690000 17737 454.257 153111.0 15.158 5.0246 3547 595440.0 290.8214 
4700000 17763 432.405 153600.0 16.837 4.7825 3552 597573.0 322.9687 
4710000 17784 435.651 153910.0 15.854 4.8222 3556 598768.0 308.8889 
4720000 17806 414.737 154286.0 14.998 4.5977 3561 600164.0 294.7949 
4730000 17823 484.263 154585.0 17.117 5.3714 3564 601396.0 326.6585 
4740000 17842 492.407 154936.0 16.585 5.4649 3568 602713.0 326.7623 
4750000 17865 479.673 155298.0 17.15 5.3246 3573 604155.0 339.0914 
4760000 17885 476.32 155620.0 16.411 5.2867 3577 605437.0 326.2936 
4770000 17909 449.995 156017.0 16.464 4.9978 3581 607004.0 315.143 
4780000 17926 473.782 156409.0 17.092 5.2638 3585 608620.0 342.0177 
4790000 17939 549.951 156614.0 18.156 6.1075 3587 609452.0 357.4144 
4800000 17957 556.632 156929.0 17.9 6.1738 3591 610640.0 361.088 
4810000 17976 527.929 157273.0 17.104 5.8481 3595 612058.0 352.1237 
4820000 17995 544.732 157597.0 17.718 6.0273 3599 613390.0 363.1241 
4830000 18014 534.069 157944.0 17.687 5.9049 3602 614688.0 377.8494 
4840000 18041 461.927 158316.0 15.831 5.1076 3608 615966.0 302.6263 
4850000 18061 471.961 158718.0 17.313 5.2174 3612 617514.0 301.2237 
4860000 18080 472.43 159026.0 16.546 5.2208 3616 618635.0 315.1748 
4870000 18098 507.627 159315.0 16.709 5.6173 3619 619803.0 323.4064 
4880000 18127 427.89 159743.0 15.511 4.7438 3625 621584.0 314.8411 
4890000 18146 448.079 160121.0 16.151 4.9729 3629 623060.0 307.5878 
4900000 18163 489.596 160406.0 16.898 5.4355 3632 624074.0 345.1455 
4910000 18181 501.557 160798.0 17.866 5.5703 3636 625633.0 342.5363 
4920000 18200 508.736 161132.0 18.042 5.6519 3640 627020.0 363.2603 
4930000 18222 493.282 161525.0 17.99 5.4813 3644 628607.0 367.0742 
4940000 18241 505.738 161870.0 18.085 5.6205 3648 630068.0 374.5568 
4950000 18260 491.555 162260.0 17.995 5.4636 3652 631580.0 365.1663 
4960000 18283 464.487 162635.0 17.443 5.1641 3656 633158.0 352.6676 
4970000 18297 543.525 162873.0 18.051 6.0393 3659 634059.0 368.5547 
4980000 18323 477.056 163171.0 15.199 5.3028 3664 635107.0 306.2529 
4990000 18342 490.573 163512.0 15.955 5.4532 3668 636396.0 308.7551 
5000000 18361 501.265 163824.0 16.008 5.5706 3672 637680.0 321.1787 
5010000 18382 492.32 164145.0 15.819 5.4717 3676 638838.0 313.0617 
5020000 18402 507.443 164558.0 17.737 5.6408 3680 640520.0 328.8558 
5030000 18420 501.755 164861.0 16.808 5.5775 3684 641645.0 330.2698 
5040000 18431 582.424 165149.0 18.428 6.4715 3686 642755.0 366.2885 
5050000 18459 489.713 165462.0 15.812 5.443 3691 643878.0 285.0463 
5060000 18480 467.4 165830.0 15.683 5.197 3696 645197.0 289.0987 
5070000 18500 500.539 166160.0 16.82 5.563 3700 646607.0 327.1788 
5080000 18517 528.596 166449.0 16.861 5.874 3703 647715.0 337.5473 
5090000 18537 522.948 166791.0 17.036 5.8114 3707 649005.0 332.9316 
5100000 18560 487.135 167169.0 16.772 5.4151 3712 650559.0 326.9223 
5110000 18584 458.782 167549.0 16.536 5.1 3716 651977.0 309.2248 
5120000 18602 489.113 167908.0 17.073 5.4362 3720 653458.0 333.8268 
5130000 18624 475.897 168255.0 17.272 5.2884 3724 654822.0 324.9511 
5140000 18645 484.744 168625.0 17.381 5.3882 3729 656344.0 350.4426 
5150000 18666 473.598 169034.0 17.769 5.2641 3733 657953.0 361.2681 
5160000 18689 471.508 169416.0 17.755 5.2418 3737 659607.0 356.3828 
5170000 18707 496.461 169758.0 18.115 5.518 3741 660900.0 343.319 
5180000 18725 511.471 170044.0 17.253 5.6829 3745 661987.0 345.808 
5190000 18741 544.32 170344.0 17.748 6.0413 3748 663208.0 365.134 
5200000 18769 465.425 170780.0 16.86 5.1593 3753 664985.0 325.024 
5210000 18789 480.107 171126.0 17.168 5.3151 3757 666339.0 338.8402 
5220000 18813 458.585 171520.0 16.941 5.0806 3762 667867.0 333.8281 
5230000 18826 516.505 171773.0 16.873 5.7254 3765 668846.0 339.5177 
5240000 18849 501.022 172190.0 17.923 5.5583 3769 670646.0 359.4017 
5250000 18866 524.627 172565.0 19.049 5.8219 3773 672041.0 381.9134 
5260000 18888 493.897 172924.0 18.282 5.4829 3777 673492.0 342.0174 
5270000 18912 467.167 173303.0 16.959 5.1873 3782 674819.0 323.9045 
5280000 18936 449.799 173718.0 17.102 4.9956 3787 676596.0 344.6029 
5290000 18960 427.939 174057.0 15.79 4.7531 3792 677808.0 300.8375 
5300000 18976 459.865 174430.0 17.072 5.1077 3795 679372.0 328.0655 
5310000 18994 502.524 174724.0 17.411 5.5803 3798 680458.0 353.2348 
5320000 19013 500.655 175124.0 17.96 5.56 3802 682199.0 364.4446 
5330000 19027 527.559 175373.0 18.245 5.8582 3805 683177.0 364.4291 
5340000 19047 546.195 175697.0 17.758 6.0653 3809 684482.0 372.2431 
5350000 19065 548.439 176035.0 17.978 6.0824 3813 685861.0 365.3649 
5360000 19088 489.343 176422.0 17.328 5.421 3817 687379.0 341.4461 
5370000 19105 529.048 176714.0 17.595 5.8527 3821 688577.0 355.1981 
5380000 19124 522.757 177029.0 17.186 5.7793 3824 689675.0 342.0704 
5390000 19146 500.099 177394.0 17.006 5.527 3829 690994.0 323.857 
5400000 19175 433.68 177805.0 15.811 4.7938 3835 692533.0 294.5816 
5410000 19202 407.065 178167.0 14.771 4.5006 3840 693963.0 285.4756 
5420000 19224 425.017 178541.0 15.529 4.7081 3844 695417.0 283.4674 
5430000 19240 474.064 178828.0 16.13 5.255 3848 696547.0 314.0103 
5440000 19265 446.186 179239.0 16.317 4.9504 3853 698119.0 314.8435 
5450000 19286 453.467 179602.0 16.565 5.0335 3857 699565.0 330.1873 
5460000 19311 428.955 179995.0 15.964 4.764 3862 701038.0 311.095 
5470000 19335 426.887 180421.0 16.887 4.7417 3867 702847.0 337.6961 
5480000 19355 448.998 180804.0 17.537 4.9791 3871 704430.0 357.3903 
5490000 19382 408.368 181162.0 15.471 4.5228 3876 705625.0 306.9644 
5500000 19406 413.961 181540.0 15.663 4.5818 3881 707077.0 304.1947 
5510000 19435 383.884 181926.0 14.675 4.2541 3887 708480.0 273.4516 
5520000 19450 456.54 182226.0 16.039 5.0567 3890 709728.0 312.2652 
5530000 19473 437.065 182596.0 15.228 4.8366 3894 711034.0 293.4861 
5540000 19495 450.283 182951.0 16.201 4.9797 3899 712382.0 304.7164 
5550000 19509 516.087 183266.0 17.611 5.7122 3901 713639.0 324.1003 
5560000 19534 465.135 183668.0 16.709 5.1565 3906 715127.0 340.4713 
5570000 19556 460.213 183977.0 15.793 5.106 3911 716327.0 312.9069 
5580000 19574 492.037 184304.0 16.603 5.462 3914 717551.0 334.9921 
5590000 19593 491.497 184682.0 17.129 5.4578 3918 719123.0 353.5025 
5600000 19611 516.959 185048.0 18.291 5.7424 3922 720662.0 368.0118 
5610000 19630 519.383 185393.0 18.234 5.77 3926 722141.0 371.6061 
5620000 19653 481.226 185785.0 17.548 5.3481 3930 723685.0 341.7943 
5630000 19671 520.3 186084.0 17.829 5.781 3934 724797.0 318.9371 
5640000 19690 522.19 186390.0 17.363 5.8007 3938 726063.0 351.0534 
5650000 19716 458.038 186742.0 15.428 5.0895 3943 727285.0 304.8654 
5660000 19743 433.925 187122.0 15.552 4.8231 3948 728733.0 297.2847 
5670000 19770 404.116 187495.0 14.689 4.4926 3954 730174.0 276.1849 
5680000 19785 459.611 187743.0 14.919 5.1073 3957 731016.0 274.9408 
5690000 19808 451.494 188109.0 15.12 5.0173 3961 732369.0 289.9536 
5700000 19830 455.771 188548.0 16.933 5.0655 3966 734176.0 324.2823 
5710000 19854 435.872 188966.0 16.741 4.8446 3970 735815.0 317.4113 
5720000 19870 480.468 189275.0 17.243 5.3397 3974 736967.0 337.9156 
5730000 19891 481.066 189685.0 17.673 5.3462 3978 738736.0 353.8686 
5740000 19916 457.287 190083.0 17.663 5.0813 3983 740334.0 360.9808 
5750000 19940 422.828 190447.0 16.009 4.6984 3988 741679.0 314.2994 
5760000 19967 404.13 190837.0 15.498 4.4911 3993 743137.0 305.5393 
5770000 19995 379.405 191220.0 14.607 4.2159 3999 744570.0 274.353 
5780000 20016 418.827 191580.0 15.576 4.6525 4003 746106.0 311.5418 
5790000 20042 404.506 191950.0 15.03 4.4946 4008 747358.0 285.3758 
5800000 20063 426.591 192309.0 15.688 4.7397 4012 748875.0 303.9608 
5810000 20087 425.146 192698.0 15.96 4.7237 4017 750350.0 310.8488 
5820000 20111 425.742 193055.0 15.642 4.731 4022 751664.0 297.5361 
5830000 20132 433.409 193338.0 14.75 4.8102 4026 752727.0 291.1876 
5840000 20152 451.873 193755.0 16.559 5.0075 4030 754275.0 323.062 
5850000 20178 422.143 194098.0 15.0 4.6741 4035 755566.0 296.1232 
5860000 20200 428.045 194489.0 15.743 4.7461 4040 757118.0 305.3379 
5870000 20220 456.507 194747.0 14.736 5.0637 4044 758177.0 287.5386 
5880000 20240 478.536 195115.0 16.149 5.3104 4048 759709.0 322.6994 
5890000 20276 367.707 195471.0 12.551 4.0826 4055 761049.0 249.3083 
5900000 20295 409.191 195820.0 14.013 4.5438 4059 762352.0 274.3577 
5910000 20313 466.983 196158.0 16.002 5.1855 4062 763758.0 295.9077 
5920000 20327 509.765 196450.0 16.68 5.6518 4065 764962.0 328.1497 
5930000 20350 486.019 196815.0 16.627 5.3817 4070 766431.0 338.2022 
5940000 20372 478.294 197184.0 16.157 5.2919 4074 767943.0 328.294 
5950000 20395 451.496 197570.0 16.418 4.9929 4079 769370.0 329.2042 
5960000 20413 501.226 197908.0 17.715 5.5398 4082 770890.0 348.0299 
5970000 20431 492.889 198282.0 17.247 5.4459 4086 772374.0 359.4924 
5980000 20452 500.871 198697.0 19.023 5.5335 4090 774028.0 396.0608 
5990000 20469 520.305 199048.0 19.488 5.7466 4093 775507.0 390.9223 
6000000 20490 507.331 199352.0 17.912 5.6036 4098 776714.0 362.6545 
6010000 20508 520.264 199720.0 18.741 5.7457 4101 778171.0 360.3441 
6020000 20524 551.447 200014.0 18.726 6.0892 4104 779317.0 364.6459 
6030000 20548 488.069 200443.0 18.376 5.391 4109 781039.0 357.0358 
6040000 20566 524.374 200832.0 19.782 5.7917 4113 782661.0 372.1614 
6050000 20586 495.07 201206.0 18.368 5.467 4117 784121.0 379.9545 
6060000 20604 519.132 201523.0 18.82 5.7433 4120 785419.0 384.6198 
6070000 20628 478.282 201902.0 17.566 5.2992 4125 786896.0 368.8414 
6080000 20652 456.898 202312.0 17.25 5.0685 4130 788503.0 336.4354 
6090000 20678 428.066 202703.0 16.556 4.753 4135 790001.0 308.0939 
6100000 20698 454.834 203085.0 17.718 5.0526 4139 791568.0 336.7083 
6110000 20718 471.027 203457.0 18.227 5.2321 4143 793119.0 354.0855 
6120000 20738 477.557 203782.0 17.422 5.3044 4147 794311.0 364.1285 
6130000 20762 460.514 204113.0 16.229 5.1164 4152 795437.0 314.53 
6140000 20787 438.288 204522.0 16.336 4.8707 4157 797016.0 276.8295 
6150000 20809 437.649 204890.0 16.468 4.8629 4161 798530.0 319.5609 
6160000 20831 443.721 205240.0 16.25 4.9301 4166 799831.0 320.5702 
6170000 20849 459.199 205556.0 16.734 5.0997 4169 801119.0 312.8237 
6180000 20870 473.363 205865.0 15.934 5.256 4174 802250.0 309.4501 
6190000 20897 433.559 206232.0 15.01 4.813 4179 803616.0 293.279 
6200000 20921 429.25 206630.0 15.731 4.7566 4184 805127.0 302.4075 
6210000 20949 392.755 207040.0 14.837 4.3472 4189 806755.0 294.8858 
6220000 20971 416.44 207402.0 15.426 4.6049 4194 808212.0 309.4915 
6230000 20995 416.596 207807.0 15.853 4.6097 4199 809838.0 313.6823 
6240000 21016 432.439 208211.0 17.044 4.7924 4203 811382.0 314.5814 
6250000 21032 497.629 208492.0 17.517 5.5184 4206 812557.0 336.9638 
6260000 21050 511.226 208817.0 17.582 5.6667 4210 813866.0 352.4898 
6270000 21066 542.16 209208.0 19.504 6.0019 4213 815325.0 360.124 
6280000 21084 545.087 209509.0 18.87 6.0292 4216 816610.0 371.4004 
6290000 21105 527.724 209883.0 18.538 5.8332 4221 818151.0 377.5991 
6300000 21127 494.651 210274.0 17.992 5.468 4225 819688.0 372.9448 
6310000 21146 497.201 210662.0 18.241 5.4944 4229 821363.0 363.0057 
6320000 21167 498.396 210943.0 17.25 5.5097 4233 822331.0 355.6555 
6330000 21182 534.946 211322.0 19.076 5.9228 4236 823808.0 353.3189 
6340000 21202 531.709 211687.0 18.919 5.8944 4240 825298.0 389.9997 
6350000 21228 469.326 212063.0 17.309 5.2084 4245 826760.0 327.8886 
6360000 21254 433.912 212430.0 15.739 4.8181 4250 828213.0 333.3394 
6370000 21271 461.019 212705.0 15.368 5.1189 4254 829157.0 297.6283 
6380000 21291 486.33 213145.0 18.029 5.4026 4258 831001.0 359.7924 
6390000 21315 451.369 213527.0 16.965 5.0157 4263 832394.0 328.4413 
6400000 21343 412.711 213917.0 15.563 4.5869 4268 833978.0 317.0719 
6410000 21362 437.173 214296.0 16.212 4.8574 4272 835512.0 329.2653 
6420000 21379 432.672 214555.0 16.344 4.8018 4275 836569.0 308.0524 
6430000 21392 556.064 214851.0 17.696 6.1537 4278 837771.0 337.0452 
6440000 21410 553.472 215159.0 17.538 6.1205 4282 839036.0 359.0974 
6450000 21433 515.912 215585.0 18.058 5.7028 4286 840770.0 371.1934 
6460000 21453 496.683 216008.0 19.1 5.4922 4290 842564.0 379.6533 
6470000 21471 516.359 216429.0 20.074 5.7061 4294 844224.0 421.0004 
6480000 21496 470.416 216793.0 17.82 5.1982 4299 845665.0 365.2011 
6490000 21517 472.742 217200.0 18.167 5.2236 4303 847146.0 354.9399 
6500000 21533 507.014 217504.0 17.525 5.5998 4306 848428.0 358.4482 
6510000 21558 474.954 217873.0 17.249 5.2461 4311 849784.0 349.3098 
6520000 21577 480.023 218251.0 17.345 5.3023 4315 851299.0 347.4791 
6530000 21591 534.367 218550.0 18.334 5.8994 4318 852459.0 366.7152 
6540000 21622 446.097 218941.0 16.06 4.9346 4324 853867.0 303.1944 
6550000 21644 446.076 219267.0 15.457 4.9423 4328 855111.0 305.7506 
6560000 21670 410.426 219638.0 14.518 4.5539 4334 856328.0 258.5364 
6570000 21692 435.615 219992.0 15.403 4.8363 4338 857663.0 276.8866 
6580000 21715 423.32 220382.0 15.538 4.7022 4343 859175.0 289.166 
6590000 21733 474.973 220746.0 17.32 5.2758 4346 860745.0 321.663 
6600000 21751 486.576 221082.0 17.434 5.4053 4350 862005.0 348.8666 
6610000 21770 500.676 221397.0 17.297 5.5616 4354 863169.0 333.5897 
6620000 21794 475.355 221775.0 16.935 5.2814 4358 864582.0 306.1717 
6630000 21819 450.536 222159.0 16.496 5.0068 4363 866049.0 309.12 
6640000 21838 461.154 222545.0 17.471 5.125 4367 867626.0 330.3172 
6650000 21860 466.052 222888.0 17.171 5.1774 4372 869052.0 344.6147 
6660000 21878 489.437 223309.0 18.843 5.4368 4375 870739.0 368.1011 
6670000 21906 433.459 223723.0 17.036 4.8156 4381 872254.0 329.2666 
6680000 21930 425.977 224066.0 16.135 4.7325 4386 873668.0 315.2422 
6690000 21954 424.858 224396.0 15.276 4.7196 4390 874868.0 295.5119 
6700000 21976 432.404 224791.0 16.201 4.8031 4395 876496.0 327.3022 
6710000 21996 457.457 225159.0 17.024 5.0803 4399 877899.0 338.8866 
6720000 22031 371.306 225499.0 13.295 4.1249 4406 879001.0 239.9018 
6730000 22051 420.54 225822.0 14.333 4.6712 4410 880338.0 274.5875 
6740000 22078 400.134 226214.0 14.488 4.4458 4415 881741.0 245.7623 
6750000 22101 413.295 226608.0 15.516 4.5806 4420 883362.0 306.5793 
6760000 22117 455.679 226905.0 16.12 5.0423 4423 884559.0 296.3683 
6770000 22135 497.213 227219.0 16.662 5.4953 4427 885860.0 336.6817 
6780000 22156 488.226 227580.0 16.604 5.3952 4431 887238.0 332.1838 
6790000 22175 486.702 227918.0 16.597 5.3757 4435 888548.0 328.1898 
6800000 22197 486.798 228265.0 16.702 5.3761 4439 889912.0 332.3792 
6810000 22220 453.198 228675.0 16.486 5.0052 4444 891534.0 327.1072 
6820000 22238 486.563 228993.0 17.303 5.373 4447 892932.0 342.7551 
6830000 22262 472.404 229321.0 16.177 5.2159 4452 894181.0 328.2969 
6840000 22283 468.654 229684.0 16.298 5.1745 4456 895618.0 324.1393 
6850000 22305 464.495 230073.0 16.992 5.1281 4461 897234.0 343.1814 
6860000 22331 424.117 230456.0 15.898 4.6832 4466 898610.0 317.1028 
6870000 22350 465.234 230801.0 16.846 5.1359 4470 899867.0 319.0029 
6880000 22373 458.484 231181.0 16.782 5.0623 4474 901420.0 336.4014 
6890000 22396 443.485 231572.0 16.592 4.8962 4479 903029.0 338.5525 
6900000 22416 462.183 231950.0 17.32 5.102 4483 904616.0 359.8363 
6910000 22443 431.024 232304.0 15.938 4.7589 4488 905804.0 281.75 
6920000 22464 437.139 232594.0 15.06 4.8261 4492 906889.0 295.0941 
6930000 22487 434.872 232972.0 15.285 4.8019 4497 908278.0 289.6912 
6940000 22517 385.059 233308.0 13.163 4.2534 4503 909424.0 238.8478 
6950000 22539 401.344 233615.0 13.389 4.4331 4507 910598.0 256.6108 
6960000 22556 454.992 233973.0 15.606 5.0234 4511 911976.0 297.778 
6970000 22582 424.44 234361.0 15.195 4.6872 4516 913369.0 263.7621 
6980000 22603 437.893 234731.0 15.529 4.8362 4520 914894.0 301.3555 
6990000 22622 468.461 235055.0 16.498 5.1725 4524 916100.0 325.1497 
7000000 22653 397.641 235429.0 14.161 4.3929 4530 917386.0 267.4162 
7010000 22678 397.785 235797.0 14.403 4.3941 4535 918837.0 285.1023 
7020000 22706 377.395 236151.0 13.583 4.1699 4541 920121.0 256.5907 
7030000 22731 394.7 236501.0 14.032 4.3608 4546 921413.0 262.594 
7040000 22753 425.234 236902.0 15.822 4.6977 4550 923098.0 292.0755 
7050000 22778 407.518 237223.0 14.369 4.5016 4555 924199.0 281.2371 
7060000 22801 416.339 237620.0 15.467 4.5997 4560 925823.0 302.5976 
7070000 22827 398.975 238067.0 15.927 4.4077 4565 927647.0 324.1328 
7080000 22854 389.142 238434.0 15.18 4.3001 4570 928950.0 267.5791 
7090000 22875 407.318 238806.0 15.488 4.4995 4575 930351.0 299.0747 
7100000 22897 442.747 239135.0 15.737 4.8896 4579 931697.0 317.6071 
7110000 22920 436.276 239532.0 16.121 4.8188 4584 933378.0 326.7488 
7120000 22943 441.95 239951.0 17.235 4.8813 4588 935117.0 330.6187 
7130000 22970 410.66 240319.0 15.793 4.5369 4594 936511.0 313.2587 
7140000 22990 429.909 240701.0 16.531 4.749 4598 938057.0 336.7627 
7150000 23016 424.611 241055.0 16.076 4.6906 4603 939410.0 298.8596 
7160000 23036 427.5 241402.0 15.345 4.7233 4607 940816.0 300.2122 
7170000 23057 458.507 241685.0 15.78 5.0642 4611 941984.0 330.1741 
7180000 23082 430.804 242019.0 14.744 4.7744 4616 943137.0 291.9701 
7190000 23103 447.948 242395.0 15.791 4.9686 4620 944665.0 321.04 
7200000 23123 458.995 242732.0 15.854 5.0948 4624 945953.0 316.2164 
7210000 23149 434.735 243142.0 16.114 4.8287 4629 947596.0 318.9852 
7220000 23168 456.302 243454.0 15.57 5.0676 4633 948802.0 316.0109 
7230000 23197 411.308 243818.0 14.544 4.5708 4639 950009.0 270.9725 
7240000 23219 427.78 244251.0 16.305 4.7543 4643 951891.0 313.2554 
7250000 23247 390.327 244617.0 14.652 4.3388 4649 953307.0 297.6115 
7260000 23288 308.047 244900.0 10.162 3.4258 4657 954106.0 174.4953 
7270000 23313 349.476 245303.0 12.652 3.8855 4662 955703.0 209.2042 
7280000 23339 361.762 245685.0 13.375 4.0222 4667 957132.0 264.4832 
7290000 23363 385.042 246023.0 13.8 4.2803 4672 958367.0 263.6675 
7300000 23375 483.438 246272.0 15.205 5.3704 4675 959303.0 285.7966 
7310000 23393 493.654 246618.0 16.047 5.4833 4678 960675.0 319.3327 
7320000 23412 510.354 246912.0 16.006 5.6699 4682 961791.0 309.111 
7330000 23439 455.369 247291.0 15.276 5.0603 4687 963181.0 296.1714 
7340000 23461 458.141 247673.0 16.062 5.0908 4692 964610.0 306.1961 
7350000 23481 468.123 248028.0 16.568 5.2017 4696 965889.0 302.899 
7360000 23500 487.388 248361.0 17.029 5.4156 4700 967311.0 331.3803 
7370000 23514 534.901 248651.0 17.697 5.9415 4702 968495.0 344.588 
7380000 23535 505.451 249048.0 17.608 5.6145 4707 970032.0 352.8407 
7390000 23551 532.294 249368.0 17.782 5.9116 4710 971348.0 358.7689 
7400000 23569 553.688 249695.0 18.895 6.1491 4713 972722.0 376.4615 
7410000 23594 480.828 250029.0 16.343 5.3414 4718 973899.0 314.1851 
7420000 23619 451.488 250409.0 16.444 5.0156 4723 975368.0 302.1438 
7430000 23636 494.414 250729.0 17.055 5.4842 4727 976537.0 332.1466 
7440000 23664 431.295 251139.0 15.814 4.7885 4732 978147.0 304.8244 
7450000 23704 330.366 251447.0 11.445 3.67 4740 979193.0 223.53 
7460000 23761 226.745 251659.0 6.197 2.5215 4752 979543.0 86.0246 
7470000 23803 237.155 252010.0 7.686 2.6346 4760 980773.0 130.8389 
7480000 23827 311.812 252432.0 11.578 3.4539 4765 982506.0 222.614 
7490000 23848 367.833 252819.0 13.781 4.069 4769 984111.0 278.5193 
7500000 23867 421.712 253237.0 16.692 4.6623 4773 985930.0 315.5686 
7510000 23896 390.143 253601.0 14.986 4.3122 4779 987218.0 295.5826 
7520000 23916 424.696 253965.0 15.898 4.692 4783 988590.0 308.6593 
7530000 23942 402.795 254287.0 14.338 4.4503 4788 989827.0 282.2485 
7540000 23970 384.748 254659.0 13.767 4.2516 4794 991231.0 257.2559 
7550000 24000 356.448 255003.0 12.464 3.942 4800 992298.0 214.4238 
7560000 24019 405.558 255336.0 14.05 4.4937 4803 993594.0 236.498 
7570000 24036 458.988 255700.0 15.794 5.0903 4807 995074.0 291.0209 
7580000 24056 474.952 256045.0 17.062 5.2701 4811 996439.0 296.627 
7590000 24079 463.645 256345.0 15.636 5.1455 4815 997561.0 318.684 
7600000 24100 458.059 256746.0 16.574 5.0854 4820 999108.0 323.888 
7610000 24124 445.988 257125.0 16.382 4.952 4824 1000660.0 315.8764 
7620000 24141 487.285 257452.0 17.156 5.4101 4828 1001896.0 344.7352 
7630000 24164 474.642 257872.0 17.789 5.2709 4832 1003669.0 346.1583 
7640000 24189 442.74 258247.0 16.517 4.9181 4837 1005085.0 341.0846 
7650000 24206 471.319 258563.0 16.392 5.234 4841 1006340.0 329.0852 
7660000 24233 443.3 258970.0 16.399 4.9246 4846 1007947.0 336.6755 
7670000 24256 439.677 259340.0 16.127 4.8841 4851 1009244.0 304.2974 
7680000 24284 393.456 259686.0 14.109 4.3708 4856 1010604.0 289.1997 
7690000 24310 393.689 260069.0 14.552 4.3734 4862 1012088.0 277.3474 
7700000 24325 455.464 260408.0 16.327 5.0585 4865 1013309.0 309.1252 
7710000 24342 490.304 260785.0 17.989 5.4449 4868 1014871.0 335.6613 
7720000 24360 509.456 261086.0 17.674 5.6567 4872 1016075.0 352.4182 
7730000 24383 477.66 261433.0 16.407 5.3043 4876 1017370.0 335.1859 
7740000 24401 497.391 261775.0 16.965 5.5235 4880 1018654.0 328.3255 
7750000 24427 454.873 262198.0 16.692 5.0524 4885 1020421.0 334.8077 
7760000 24446 468.479 262528.0 16.615 5.2035 4889 1021753.0 338.2537 
7770000 24464 494.67 262882.0 17.558 5.4938 4892 1023292.0 352.3409 
7780000 24488 470.444 263278.0 17.369 5.2262 4897 1024852.0 343.7312 
7790000 24512 445.79 263611.0 15.799 4.9519 4902 1026118.0 322.165 
7800000 24532 459.817 264013.0 17.216 5.108 4906 1027729.0 315.0714 
7810000 24552 462.627 264369.0 16.87 5.1389 4910 1029018.0 323.7953 
7820000 24570 480.575 264720.0 16.908 5.3381 4914 1030449.0 335.7264 
7830000 24591 491.258 265076.0 17.72 5.4566 4918 1031870.0 362.8402 
7840000 24613 476.93 265470.0 17.771 5.2977 4922 1033476.0 338.7632 
7850000 24639 441.498 265830.0 16.172 4.9045 4927 1034733.0 309.4663 
7860000 24655 493.078 266161.0 17.588 5.4757 4931 1036033.0 341.36 
7870000 24676 481.11 266546.0 17.602 5.3428 4935 1037615.0 359.1491 
7880000 24701 449.832 266906.0 16.371 4.9962 4940 1038977.0 326.2259 
7890000 24725 424.289 267225.0 14.833 4.713 4945 1039995.0 271.1352 
7900000 24752 405.965 267594.0 14.303 4.5111 4950 1041258.0 248.9442 
7910000 24771 443.887 267927.0 15.389 4.9308 4954 1042512.0 278.5269 
7920000 24794 446.615 268331.0 16.377 4.9615 4958 1044203.0 305.6243 
7930000 24819 428.418 268756.0 16.754 4.7593 4963 1045894.0 310.2914 
7940000 24838 459.055 269064.0 16.539 5.0894 4967 1047120.0 340.7088 
7950000 24858 471.741 269479.0 17.844 5.2296 4971 1048816.0 345.7585 
7960000 24881 456.337 269860.0 17.451 5.0639 4976 1050274.0 346.0954 
7970000 24901 468.972 270202.0 17.198 5.2054 4980 1051753.0 357.0967 
7980000 24924 456.529 270602.0 17.325 5.0689 4984 1053401.0 354.0814 
7990000 24941 471.929 270987.0 17.761 5.24 4988 1054881.0 348.3372 
8000000 24965 459.401 271321.0 16.815 5.1023 4993 1056040.0 320.227 
8010000 24981 490.897 271645.0 17.474 5.4504 4996 1057315.0 345.6635 
8020000 24999 505.712 271981.0 17.692 5.616 4999 1058779.0 350.0237 
8030000 25019 506.915 272344.0 17.477 5.6293 5003 1060264.0 366.6837 
8040000 25038 514.415 272755.0 19.218 5.7123 5007 1061980.0 378.9532 
8050000 25055 527.905 273076.0 18.602 5.8533 5011 1063219.0 386.492 
8060000 25076 512.342 273370.0 17.356 5.6839 5015 1064458.0 365.4628 
8070000 25094 530.913 273700.0 17.844 5.8908 5018 1065757.0 348.2354 
8080000 25109 565.078 274019.0 18.624 6.2705 5021 1067018.0 365.5736 
8090000 25123 598.53 274392.0 20.259 6.642 5024 1068585.0 407.6681 
8100000 25136 632.302 274689.0 20.412 7.0159 5027 1069806.0 411.2011 
8110000 25155 592.842 274942.0 18.423 6.5799 5031 1070716.0 373.0818 
8120000 25177 552.028 275293.0 17.821 6.1296 5035 1072084.0 360.9508 
8130000 25196 544.826 275680.0 18.436 6.0448 5039 1073638.0 344.5035 
8140000 25221 478.338 276018.0 16.437 5.3 5044 1074843.0 326.3013 
8150000 25244 459.457 276416.0 16.356 5.0939 5048 1076486.0 324.3445 
8160000 25264 480.72 276730.0 16.57 5.334 5052 1077685.0 343.8931 
8170000 25285 464.342 277078.0 16.058 5.155 5057 1078960.0 309.2394 
8180000 25302 509.053 277537.0 19.377 5.6534 5060 1080943.0 373.3135 
8190000 25330 440.917 277878.0 16.365 4.8993 5066 1082103.0 313.0386 
8200000 25344 505.195 278214.0 18.268 5.6133 5068 1083432.0 341.3813 
8210000 25362 515.761 278572.0 18.655 5.7312 5072 1084822.0 345.2925 
8220000 25380 536.107 278829.0 17.495 5.9548 5076 1085802.0 339.9772 
8230000 25401 502.675 279175.0 16.568 5.5835 5080 1087117.0 328.3444 
8240000 25430 432.108 279535.0 14.723 4.8016 5086 1088449.0 275.04 
8250000 25452 436.242 279904.0 15.29 4.8475 5090 1089850.0 295.0417 
8260000 25466 484.927 280179.0 15.33 5.3844 5093 1090911.0 297.5024 
8270000 25486 496.253 280535.0 16.645 5.5091 5097 1092362.0 327.527 
8280000 25505 512.499 280839.0 16.716 5.691 5101 1093629.0 332.379 
8290000 25528 483.551 281250.0 17.299 5.3714 5105 1095300.0 327.4237 
8300000 25551 462.187 281630.0 16.904 5.1351 5110 1096727.0 340.7894 
8310000 25573 461.52 282027.0 17.127 5.117 5114 1098393.0 339.2883 
8320000 25598 431.769 282385.0 16.033 4.7814 5119 1099762.0 338.2739 
8330000 25622 424.316 282776.0 16.343 4.6965 5124 1101221.0 286.3282 
8340000 25640 459.981 283067.0 16.352 5.0856 5128 1102268.0 312.8242 
8350000 25665 433.083 283483.0 16.381 4.7867 5133 1103944.0 320.7872 
8360000 25682 462.201 283811.0 17.479 5.1065 5136 1105235.0 323.0999 
8370000 25707 445.596 284075.0 14.703 4.9225 5141 1106039.0 271.5485 
8380000 25728 453.254 284489.0 16.311 5.0064 5145 1107827.0 308.3892 
8390000 25750 450.388 284847.0 16.355 4.9745 5150 1109190.0 322.5467 
8400000 25772 462.45 285179.0 16.133 5.1075 5154 1110428.0 313.0512 
8410000 25793 467.583 285561.0 16.974 5.1636 5158 1111989.0 311.0292 
8420000 25814 474.558 285917.0 17.151 5.2409 5162 1113389.0 326.384 
8430000 25830 509.143 286205.0 17.251 5.6208 5166 1114571.0 349.174 
8440000 25853 479.014 286538.0 16.056 5.2892 5170 1115762.0 314.3988 
8450000 25876 462.027 286887.0 15.785 5.1026 5175 1116993.0 297.5527 
8460000 25900 445.602 287257.0 15.688 4.922 5180 1118482.0 303.8368 
8470000 25924 437.888 287622.0 15.682 4.8371 5184 1119855.0 288.2607 
8480000 25950 415.245 288031.0 15.748 4.5876 5190 1121446.0 304.553 
8490000 25976 396.684 288409.0 14.716 4.3828 5195 1122817.0 263.4812 
8500000 26005 375.694 288783.0 14.404 4.152 5201 1124259.0 276.6592 
8510000 26038 339.323 289160.0 12.677 3.7506 5207 1125584.0 237.3508 
8520000 26059 381.23 289517.0 14.097 4.2125 5211 1127006.0 248.4139 
8530000 26078 425.86 289857.0 15.132 4.7053 5215 1128333.0 300.4772 
8540000 26097 437.781 290271.0 16.472 4.8357 5219 1130088.0 325.4716 
8550000 26115 485.743 290592.0 17.416 5.3647 5223 1131339.0 353.6771 
8560000 26133 491.71 290945.0 17.145 5.4311 5226 1132724.0 345.2546 
8570000 26156 477.769 291316.0 17.424 5.2883 5231 1134163.0 353.8292 
8580000 26175 496.598 291697.0 18.299 5.5008 5235 1135750.0 368.534 
8590000 26194 505.691 292086.0 18.918 5.5962 5238 1137381.0 379.3183 
8600000 26216 471.146 292444.0 17.34 5.212 5243 1138669.0 342.6182 
8610000 26245 413.189 292820.0 15.489 4.5699 5249 1139978.0 295.1579 
8620000 26272 392.829 293280.0 15.758 4.3437 5254 1141902.0 315.3391 
8630000 26296 397.701 293625.0 15.369 4.3969 5259 1143045.0 295.4165 
8640000 26320 400.633 294003.0 15.42 4.4332 5264 1144509.0 289.3309 
8650000 26345 408.358 294371.0 15.457 4.5179 5269 1145978.0 292.4837 
8660000 26365 430.47 294735.0 16.182 4.7601 5273 1147419.0 313.313 
8670000 26379 506.956 295017.0 17.349 5.6014 5275 1148622.0 328.6835 
8680000 26403 477.881 295349.0 16.177 5.2795 5280 1149878.0 326.1903 
8690000 26429 442.747 295753.0 16.1 4.8915 5285 1151419.0 292.9661 
8700000 26450 427.697 296142.0 15.653 4.7252 5290 1152897.0 301.5782 
8710000 26468 483.465 296503.0 17.848 5.339 5293 1154386.0 364.5555 
8720000 26490 467.377 296803.0 16.105 5.162 5298 1155400.0 306.7991 
8730000 26511 480.567 297153.0 16.522 5.3171 5302 1156734.0 317.0462 
8740000 26535 459.559 297587.0 17.186 5.0938 5307 1158623.0 344.6311 
8750000 26555 461.005 297928.0 16.745 5.1137 5311 1159912.0 337.0305 
8760000 26580 442.677 298289.0 16.037 4.9153 5316 1161257.0 308.8239 
8770000 26597 482.749 298592.0 16.447 5.3619 5319 1162424.0 319.9846 
8780000 26623 435.322 298931.0 14.939 4.8369 5324 1163669.0 290.9943 
8790000 26645 445.535 299344.0 16.372 4.9495 5329 1165483.0 327.4199 
8800000 26666 452.225 299689.0 16.291 5.0223 5333 1166770.0 325.3745 
8810000 26692 430.753 300099.0 16.321 4.7747 5338 1168317.0 319.4627 
8820000 26717 417.771 300468.0 15.699 4.6261 5343 1169751.0 310.9364 
8830000 26736 434.905 300820.0 15.926 4.8121 5347 1171099.0 317.1089 
8840000 26759 441.238 301158.0 15.851 4.8846 5351 1172463.0 294.7429 
8850000 26779 461.051 301546.0 17.085 5.1104 5355 1174063.0 329.7489 
8860000 26803 444.484 301939.0 16.696 4.9324 5360 1175599.0 338.3118 
8870000 26826 445.547 302331.0 17.094 4.9472 5365 1177071.0 325.0768 
8880000 26849 441.614 302678.0 16.428 4.9058 5369 1178450.0 329.0506 
8890000 26871 440.136 303070.0 16.514 4.8911 5374 1179955.0 315.4776 
8900000 26892 447.138 303433.0 16.769 4.9695 5378 1181374.0 336.504 
8910000 26909 494.817 303745.0 17.565 5.4996 5381 1182724.0 336.4684 
8920000 26933 466.743 304063.0 15.722 5.1888 5386 1183822.0 311.8748 
8930000 26950 506.746 304376.0 16.694 5.6316 5390 1185143.0 328.1076 
8940000 26976 456.716 304716.0 15.219 5.0771 5395 1186326.0 287.1693 
8950000 27001 425.373 305106.0 15.029 4.7283 5400 1187808.0 288.7377 
8960000 27024 427.009 305487.0 15.521 4.746 5404 1189239.0 281.0736 
8970000 27042 471.74 305811.0 16.321 5.2299 5408 1190526.0 326.6369 
8980000 27067 450.665 306200.0 16.42 4.9909 5413 1191983.0 286.9297 
8990000 27092 427.878 306545.0 15.348 4.7345 5418 1193222.0 275.5081 
9000000 27107 448.977 306881.0 15.114 4.9654 5421 1194593.0 301.6914 
9010000 27128 489.647 307258.0 17.709 5.4131 5425 1196161.0 337.1159 
9020000 27150 469.238 307585.0 16.619 5.1866 5430 1197496.0 331.6003 
9030000 27170 471.266 307947.0 16.813 5.207 5434 1198842.0 330.1667 
9040000 27189 486.05 308299.0 17.149 5.3699 5437 1200166.0 351.9595 
9050000 27212 456.194 308723.0 16.961 5.0502 5442 1201808.0 338.6806 
9060000 27236 442.551 309091.0 16.518 4.9075 5447 1203160.0 318.7738 
9070000 27256 451.534 309443.0 16.443 5.0119 5451 1204481.0 314.8612 
9080000 27271 486.073 309794.0 18.051 5.3979 5454 1205972.0 335.2348 
9090000 27290 517.286 310154.0 18.748 5.7455 5458 1207487.0 377.0802 
9100000 27310 509.875 310521.0 18.492 5.6645 5462 1208916.0 370.5841 
9110000 27337 449.391 310883.0 16.217 4.9944 5467 1210208.0 317.3145 
9120000 27355 477.068 311256.0 17.396 5.3024 5471 1211631.0 335.1624 
9130000 27374 498.713 311615.0 18.149 5.5411 5474 1213142.0 344.9834 
9140000 27401 438.17 311970.0 15.833 4.8709 5480 1214382.0 305.4817 
9150000 27420 466.166 312328.0 16.701 5.1809 5484 1215769.0 318.9446 
9160000 27440 478.885 312668.0 16.871 5.3217 5488 1217102.0 326.327 
9170000 27460 483.454 313016.0 16.927 5.3721 5492 1218467.0 327.9007 
9180000 27486 429.377 313443.0 15.544 4.7722 5497 1220124.0 297.3747 
9190000 27510 432.274 313809.0 16.178 4.8037 5502 1221447.0 310.5146 
9200000 27536 410.177 314163.0 15.043 4.5587 5507 1222725.0 288.3925 
9210000 27554 453.091 314538.0 16.946 5.0345 5510 1224300.0 314.9631 
9220000 27572 481.754 314922.0 18.497 5.3527 5514 1225896.0 343.397 
9230000 27593 491.251 315287.0 18.379 5.4566 5518 1227365.0 359.8228 
9240000 27616 460.399 315602.0 16.32 5.1151 5523 1228457.0 321.2129 
9250000 27645 414.299 316004.0 15.505 4.6043 5529 1230050.0 303.325 
9260000 27665 438.934 316395.0 16.718 4.8777 5533 1231635.0 334.8105 
9270000 27687 447.379 316807.0 17.677 4.9712 5537 1233331.0 343.3346 
9280000 27715 407.882 317144.0 15.455 4.5332 5543 1234664.0 308.1735 
9290000 27739 411.551 317533.0 15.745 4.5636 5547 1236157.0 317.2468 
9300000 27760 434.741 317855.0 15.574 4.8141 5552 1237358.0 302.9102 
9310000 27778 471.219 318179.0 16.255 5.2122 5555 1238597.0 328.6026 
9320000 27792 524.423 318464.0 16.973 5.7956 5558 1239833.0 350.0363 
9330000 27813 513.641 318783.0 16.57 5.6754 5562 1241031.0 330.1219 
9340000 27834 499.314 319115.0 16.435 5.5174 5566 1242311.0 304.284 
9350000 27854 498.023 319455.0 16.559 5.5022 5570 1243644.0 330.8359 
9360000 27870 514.003 319825.0 17.3 5.6793 5574 1245097.0 345.2199 
9370000 27900 435.249 320204.0 15.49 4.8104 5580 1246571.0 302.3468 
9380000 27925 415.797 320561.0 14.815 4.5966 5585 1247906.0 284.8792 
9390000 27945 434.888 320879.0 14.766 4.8057 5589 1249181.0 289.5301 
9400000 27962 482.324 321192.0 15.838 5.3291 5592 1250448.0 321.9835 
9410000 27981 496.497 321563.0 16.977 5.4851 5596 1251965.0 339.7895 
9420000 28002 476.222 321873.0 15.872 5.262 5600 1253109.0 319.9129 
9430000 28018 524.456 322238.0 17.868 5.7938 5603 1254563.0 350.9855 
9440000 28038 520.914 322568.0 17.718 5.7555 5607 1255859.0 327.3337 
9450000 28061 479.789 322932.0 16.856 5.3015 5612 1257288.0 336.9396 
9460000 28083 475.871 323338.0 17.544 5.259 5616 1258891.0 345.1939 
9470000 28101 495.164 323667.0 17.693 5.471 5620 1260297.0 361.5831 
9480000 28121 489.611 324048.0 17.847 5.4101 5624 1261866.0 371.3325 
9490000 28147 446.695 324417.0 16.389 4.9439 5629 1263189.0 329.8116 
9500000 28172 427.536 324779.0 15.625 4.7458 5634 1264451.0 300.9471 
9510000 28190 464.189 325083.0 15.945 5.1539 5638 1265637.0 300.8868 
9520000 28221 401.429 325445.0 14.09 4.4612 5644 1266875.0 260.6039 
9530000 28264 308.628 325739.0 10.068 3.4328 5652 1267778.0 173.0393 
9540000 28288 345.644 326122.0 12.043 3.8451 5657 1269238.0 218.3684 
9550000 28310 390.555 326499.0 14.017 4.3426 5662 1270764.0 266.3878 
9560000 28328 438.311 326867.0 15.876 4.8731 5665 1272149.0 275.6887 
9570000 28347 461.902 327225.0 16.631 5.1346 5669 1273698.0 346.522 
9580000 28371 443.104 327650.0 16.96 4.9265 5674 1275410.0 344.9676 
9590000 28392 438.357 327998.0 16.352 4.8637 5678 1276673.0 332.4953 
9600000 28420 405.243 328371.0 14.926 4.4902 5684 1278075.0 280.8414 
9610000 28443 417.702 328752.0 15.641 4.6233 5688 1279596.0 277.5698 
9620000 28456 492.579 328949.0 15.625 5.4465 5691 1280264.0 293.3674 
9630000 28475 496.071 329304.0 16.161 5.4823 5695 1281723.0 321.4886 
9640000 28504 436.696 329714.0 15.574 4.828 5700 1283321.0 289.0404 
9650000 28524 453.189 330108.0 16.756 5.0091 5704 1284852.0 328.1703 
9660000 28545 448.172 330458.0 16.383 4.9553 5709 1286162.0 320.5166 
9670000 28571 433.094 330817.0 15.613 4.7877 5714 1287493.0 291.4092 
9680000 28594 425.733 331172.0 15.493 4.7063 5718 1288949.0 286.8894 
9690000 28618 419.693 331550.0 15.452 4.6393 5723 1290482.0 321.8054 
9700000 28632 498.461 331861.0 17.298 5.5076 5726 1291714.0 329.2721 
9710000 28654 482.179 332224.0 17.167 5.3277 5730 1293166.0 323.7001 
9720000 28677 467.318 332590.0 16.718 5.1655 5735 1294549.0 335.6306 
9730000 28698 472.212 332968.0 17.27 5.2191 5739 1296091.0 327.5427 
9740000 28716 487.222 333254.0 16.652 5.3843 5743 1297220.0 341.9477 
9750000 28735 481.281 333642.0 16.919 5.3178 5747 1298673.0 335.905 
9760000 28764 438.813 334033.0 16.135 4.859 5752 1300186.0 312.2706 
9770000 28784 446.616 334357.0 16.238 4.9532 5756 1301452.0 300.86 
9780000 28812 412.941 334758.0 15.203 4.5852 5762 1303050.0 303.4408 
9790000 28832 439.541 335150.0 16.388 4.8834 5766 1304663.0 336.3586 
9800000 28851 458.234 335483.0 16.58 5.0928 5770 1305947.0 329.0036 
9810000 28873 465.648 335809.0 16.133 5.1664 5774 1307221.0 328.4022 
9820000 28898 429.879 336225.0 15.397 4.7642 5779 1308924.0 309.552 
9830000 28923 424.621 336644.0 16.698 4.7021 5784 1310585.0 307.1788 
9840000 28945 432.407 336995.0 16.514 4.7843 5789 1311923.0 326.3722 
9850000 28969 420.822 337408.0 16.101 4.6552 5793 1313605.0 331.9093 
9860000 28992 430.079 337790.0 16.682 4.7568 5798 1315079.0 334.9262 
9870000 29019 404.916 338201.0 16.029 4.4874 5803 1316717.0 310.6048 
9880000 29041 403.997 338575.0 15.624 4.4835 5808 1318105.0 313.6901 
9890000 29060 447.537 339022.0 18.625 4.9683 5812 1319992.0 376.2741 
9900000 29080 454.27 339417.0 18.488 5.0457 5816 1321527.0 373.8009 
9910000 29105 449.136 339794.0 17.755 4.9901 5821 1323056.0 353.9864 
9920000 29123 477.315 340051.0 16.535 5.3025 5824 1323997.0 340.1481 
9930000 29152 417.261 340359.0 13.759 4.6378 5830 1324932.0 249.954 
9940000 29186 362.393 340710.0 12.397 4.0299 5837 1326099.0 215.3797 
9950000 29212 362.399 341118.0 13.097 4.0306 5842 1327545.0 228.013 
9960000 29239 356.22 341410.0 12.163 3.9614 5847 1328530.0 225.3298 
9970000 29260 380.777 341832.0 13.703 4.2342 5852 1330215.0 250.1158 
9980000 29286 395.876 342150.0 14.198 4.4018 5857 1331319.0 265.0731 
9990000 29304 440.156 342511.0 16.039 4.8924 5860 1332865.0 297.6473 
10000000 29331 424.983 342844.0 14.863 4.7246 5866 1334041.0 282.1842 
