10000 10 182.927 -14122.793 -258.291 0.2852 0 0 0 
20000 20 332.392 -28189.25 -468.295 0.518 0 0 0 
30000 30 454.516 -41114.146 -618.719 1.1528 0 0 0 
40000 40 554.3 -54226.765 -744.741 1.6339 0 0 0 
50000 50 635.83 -66651.484 -835.358 2.0525 0 0 0 
60000 60 702.447 -77989.227 -890.677 2.3797 0 0 0 
70000 70 756.877 -89964.908 -946.19 2.6565 0 0 0 
80000 80 801.351 -101288.616 -981.364 2.9003 0 0 0 
90000 90 837.689 -112585.114 -1009.47 3.1037 0 0 0 
100000 100 867.38 -124156.084 -1036.005 3.2367 0 0 0 
110000 110 891.64 -132801.394 -1004.346 3.3884 0 0 0 
120000 120 911.462 -143574.048 -1018.135 3.4716 0 0 0 
130000 130 927.658 -150521.339 -959.642 3.5384 0 0 0 
140000 140 940.891 -158077.199 -921.451 3.5996 0 0 0 
150000 150 951.704 -160175.618 -788.72 3.657 0 0 0 
160000 160 960.539 -168741.482 -800.436 3.7356 0 0 0 
170000 170 967.757 -178151.516 -828.869 3.7625 0 0 0 
180000 180 973.655 -186595.343 -827.505 3.7818 0 0 0 
190000 190 978.474 -189407.115 -727.712 3.7932 0 0 0 
200000 200 982.412 -189228.256 -590.464 3.8326 0 0 0 
210000 210 985.629 -188511.879 -469.627 3.8434 0 0 0 
220000 220 988.258 -185819.955 -334.011 3.8351 0 0 0 
230000 230 990.406 -182193.77 -206.622 3.8774 0 0 0 
240000 240 992.161 -179024.373 -110.848 3.8824 0 0 0 
250000 250 993.595 -175519.939 -25.339 3.9501 0 0 0 
260000 260 994.767 -171893.011 45.439 4.1678 0 0 0 
270000 270 995.724 -168153.435 105.701 4.1055 0 0 0 
280000 280 996.506 -168587.001 76.329 4.0886 0 0 0 
290000 290 997.145 -168088.693 72.369 4.0501 0 0 0 
300000 300 997.667 -169790.702 25.319 4.0216 0 0 0 
310000 310 998.094 -169643.264 26.39 4.0226 0 0 0 
320000 320 998.443 -166963.521 69.302 4.0359 0 0 0 
330000 330 998.728 -163041.793 128.208 4.0324 0 0 0 
340000 340 998.96 -161757.382 128.012 4.0236 0 0 0 
350000 350 999.151 -157913.155 174.773 4.0626 0 0 0 
360000 360 999.306 -153033.563 231.987 4.0332 0 0 0 
370000 370 999.433 -147925.229 282.818 4.0312 0 0 0 
380000 380 999.537 -142714.667 326.245 4.0243 0 0 0 
390000 390 999.621 -137447.464 362.953 4.0144 0 0 0 
400000 400 999.691 -132435.053 388.583 4.0151 0 0 0 
410000 410 999.747 -127561.825 406.69 4.0084 0 0 0 
420000 420 999.793 -124391.638 389.062 4.0396 0 0 0 
430000 430 999.831 -118346.006 429.335 4.0304 0 0 0 
440000 440 999.862 -112587.302 455.971 4.0315 0 0 0 
450000 450 999.887 -106759.439 478.592 4.027 0 0 0 
460000 460 999.908 -102329.432 472.793 4.0317 0 0 0 
470000 470 999.925 -95173.543 517.21 4.0255 0 0 0 
480000 480 999.939 -87310.375 566.749 4.0147 0 0 0 
490000 490 999.95 -79628.515 603.353 4.0267 0 0 0 
500000 500 999.959 -71835.981 635.345 4.0219 0 0 0 
510000 510 999.966 -64169.244 659.461 4.0173 0 0 0 
520000 520 999.973 -56715.682 675.16 3.9942 0 0 0 
530000 530 999.978 -48208.75 707.688 3.9779 0 0 0 
540000 540 999.982 -39612.086 735.85 3.971 0 0 0 
550000 550 999.985 -30258.634 772.556 3.9596 0 0 0 
560000 560 999.988 -20658.383 806.948 3.9582 0 0 0 
570000 570 999.99 -11294.415 830.294 3.9837 0 0 0 
580000 580 999.992 -2229.71 844.198 3.9722 0 0 0 
590000 590 999.993 6094.614 842.023 3.9613 0 0 0 
600000 600 999.995 13510.634 824.524 3.9678 0 0 0 
610000 610 999.996 22155.69 831.483 3.9942 0 0 0 
620000 620 999.996 30472.622 831.315 3.9791 0 0 0 
630000 630 999.997 39228.306 839.318 3.9904 0 0 0 
640000 640 999.998 47176.436 831.234 4.0504 0 0 0 
650000 650 999.998 54473.25 811.187 4.0449 0 0 0 
660000 660 999.998 61466.385 790.645 4.0688 0 0 0 
670000 670 999.999 66757.112 741.834 4.0477 0 0 0 
680000 680 999.999 73373.854 727.034 4.0391 0 0 0 
690000 690 999.999 79999.807 714.927 4.0455 0 0 0 
700000 700 999.999 88244.132 734.79 4.0585 0 0 0 
710000 710 999.999 96643.432 755.569 4.0637 0 0 0 
720000 720 1000.0 106719.811 802.205 4.063 0 0 0 
730000 730 1000.0 117597.224 854.891 4.0403 0 0 0 
740000 740 1000.0 127931.174 887.269 4.0182 0 0 0 
750000 750 1000.0 138693.984 921.748 4.0135 0 0 0 
760000 760 1000.0 148929.764 940.621 4.0075 0 0 0 
770000 770 1000.0 158209.649 937.654 4.0041 0 0 0 
780000 780 1000.0 167933.659 945.237 3.9902 0 0 0 
790000 790 1000.0 177855.387 955.143 3.9986 0 0 0 
800000 800 1000.0 189759.0 998.392 3.9882 0 0 0 
810000 810 1000.0 203079.001 1059.011 3.9968 0 0 0 
820000 820 1000.0 214105.443 1066.378 3.9989 0 0 0 
830000 830 1000.0 222870.155 1031.819 4.056 0 0 0 
840000 840 1000.0 231582.031 1002.468 4.0325 0 0 0 
850000 850 1000.0 240666.224 985.173 4.0136 0 0 0 
860000 860 1000.0 250709.549 988.892 4.0056 0 0 0 
870000 870 1000.0 261793.338 1011.307 4.0096 0 0 0 
880000 880 1000.0 273164.978 1033.865 3.9928 0 0 0 
890000 890 1000.0 284555.722 1053.006 3.9806 0 0 0 
900000 900 1000.0 296636.819 1081.833 3.9727 0 0 0 
910000 910 1000.0 307903.137 1089.239 4.0168 0 0 0 
920000 920 1000.0 319881.225 1109.136 4.0526 0 0 0 
930000 930 1000.0 331700.079 1123.094 4.0491 0 0 0 
940000 940 1000.0 344044.726 1143.64 4.0561 0 0 0 
950000 950 1000.0 356050.683 1154.197 4.0768 0 0 0 
960000 960 1000.0 368227.251 1165.836 4.1084 0 0 0 
970000 970 1000.0 379907.733 1166.546 4.1516 0 0 0 
980000 980 1000.0 391011.566 1158.076 4.1482 0 0 0 
990000 990 1000.0 403041.727 1165.911 4.1385 0 0 0 
1000000 1000 1000.0 415456.737 1180.588 4.1174 0 0 0 
1010000 1010 1000.0 428369.89 1199.565 4.0997 0 0 0 
1020000 1020 1000.0 439736.605 1187.614 4.1114 0 0 0 
1030000 1030 1000.0 451930.143 1192.849 4.093 0 0 0 
1040000 1040 1000.0 465464.726 1222.328 4.0781 0 0 0 
1050000 1050 1000.0 477734.781 1222.521 4.0804 0 0 0 
1060000 1060 1000.0 490332.793 1229.76 4.0565 0 0 0 
1070000 1070 1000.0 502786.275 1232.358 4.0476 0 0 0 
1080000 1080 1000.0 515006.555 1230.787 4.0305 0 0 0 
1090000 1090 1000.0 526911.424 1223.709 4.0513 0 0 0 
1100000 1100 1000.0 539549.414 1232.438 4.0623 0 0 0 
1110000 1110 1000.0 551858.119 1233.681 4.0621 0 0 0 
1120000 1120 1000.0 564783.064 1243.539 4.0561 0 0 0 
1130000 1130 1000.0 578122.381 1260.102 4.0443 0 0 0 
1140000 1140 1000.0 592149.734 1286.109 4.0513 0 0 0 
1150000 1150 1000.0 607224.172 1326.77 4.0615 0 0 0 
1160000 1160 1000.0 622488.251 1363.02 4.0522 0 0 0 
1170000 1170 1000.0 636787.965 1374.979 4.0434 0 0 0 
1180000 1180 1000.0 651431.009 1391.591 4.0325 0 0 0 
1190000 1190 1000.0 665358.709 1391.439 4.0444 0 0 0 
1200000 1200 1000.0 679709.024 1399.484 4.0944 0 0 0 
1210000 1210 1000.0 695326.428 1430.171 4.0992 0 0 0 
1220000 1220 1000.0 710015.381 1438.104 4.0975 0 0 0 
1230000 1230 1000.0 726282.925 1472.476 4.1044 0 0 0 
1240000 1240 1000.0 741810.718 1487.751 4.0942 0 0 0 
1250000 1250 1000.0 757132.141 1495.477 4.0778 0 0 0 
1260000 1260 1000.0 772845.385 1510.109 4.201 0 0 0 
1270000 1270 1000.0 788582.407 1522.199 4.2355 0 0 0 
1280000 1280 1000.0 804065.107 1526.947 4.2669 0 0 0 
1290000 1290 1000.0 819778.66 1535.563 4.296 0 0 0 
1300000 1300 1000.0 835741.458 1547.109 4.3123 0 0 0 
1310000 1310 1000.0 851508.354 1552.438 4.3201 0 0 0 
1320000 1320 1000.0 867945.381 1568.971 4.3382 0 0 0 
1330000 1330 1000.0 883075.28 1557.874 4.3574 0 0 0 
1340000 1340 1000.0 898616.015 1557.612 4.376 0 0 0 
1350000 1350 1000.0 914396.35 1561.676 4.3819 0 0 0 
1360000 1360 1000.0 929897.331 1559.553 4.3964 0 0 0 
1370000 1370 1000.0 945997.737 1568.701 4.4011 0 0 0 
1380000 1380 1000.0 962314.391 1580.155 4.4133 0 0 0 
1390000 1390 1000.0 979791.17 1610.321 4.4144 0 0 0 
1400000 1400 1000.0 995946.24 1610.64 4.4225 0 0 0 
1410000 1410 1000.0 1012428.093 1618.248 4.418 0 0 0 
1420000 1420 1000.0 1029743.835 1639.369 4.4165 0 0 0 
1430000 1430 1000.0 1047292.067 1660.508 4.4006 0 0 0 
1440000 1440 1000.0 1063805.181 1656.706 4.3431 0 0 0 
1450000 1450 1000.0 1079960.102 1649.597 4.2884 0 0 0 
1460000 1460 1000.0 1097677.123 1671.795 4.2466 0 0 0 
1470000 1470 1000.0 1115598.522 1693.758 4.2092 0 0 0 
1480000 1480 1000.0 1133352.984 1708.901 4.2077 0 0 0 
1490000 1490 1000.0 1150704.131 1713.261 4.2111 0 0 0 
1500000 1500 1000.0 1167852.284 1713.161 4.1892 0 0 0 
1510000 1510 1000.0 1186087.46 1733.722 4.1759 0 0 0 
1520000 1520 1000.0 1204414.377 1751.624 4.1576 0 0 0 
1530000 1530 1000.0 1223783.96 1785.716 4.1501 0 0 0 
1540000 1540 1000.0 1243782.802 1824.185 4.135 0 0 0 
1550000 1550 1000.0 1262924.837 1840.443 4.134 0 0 0 
1560000 1560 1000.0 1282109.837 1854.584 4.1637 0 0 0 
1570000 1570 1000.0 1300534.507 1852.039 4.1443 0 0 0 
1580000 1580 1000.0 1318805.143 1847.423 4.1641 0 0 0 
1590000 1590 1000.0 1337220.195 1846.795 4.1487 0 0 0 
1600000 1600 1000.0 1356555.829 1862.79 4.1316 0 0 0 
1610000 1610 1000.0 1376597.285 1888.858 4.1396 0 0 0 
1620000 1620 1000.0 1396446.359 1906.331 4.1486 0 0 0 
1630000 1630 1000.0 1416190.115 1918.47 4.1413 0 0 0 
1640000 1640 1000.0 1435822.618 1926.726 4.1544 0 0 0 
1650000 1650 1000.0 1455465.578 1933.7 4.1893 0 0 0 
1660000 1660 1000.0 1474709.254 1932.072 4.1787 0 0 0 
1670000 1670 1000.0 1493217.062 1916.845 4.1767 0 0 0 
1680000 1680 1000.0 1510987.504 1890.187 4.1712 0 0 0 
1690000 1690 1000.0 1529066.686 1875.067 4.1793 0 0 0 
1700000 1700 1000.0 1546996.661 1860.365 4.1672 0 0 0 
1710000 1710 1000.0 1565994.616 1868.31 4.1923 0 0 0 
1720000 1720 1000.0 1584433.918 1863.11 4.1838 0 0 0 
1730000 1730 1000.0 1602775.005 1858.514 4.1706 0 0 0 
1740000 1740 1000.0 1619736.446 1826.801 4.1707 0 0 0 
1750000 1750 1000.0 1639194.634 1848.408 4.1683 0 0 0 
1760000 1760 1000.0 1658276.334 1859.601 4.1654 0 0 0 
1770000 1770 1000.0 1678335.745 1885.967 4.1805 0 0 0 
1780000 1780 1000.0 1696639.469 1875.022 4.181 0 0 0 
1790000 1790 1000.0 1715111.533 1868.719 4.1683 0 0 0 
1800000 1800 1000.0 1733821.238 1869.299 4.1606 0 0 0 
1810000 1810 1000.0 1753222.273 1882.953 4.1557 0 0 0 
1820000 1820 1000.0 1772475.832 1889.987 4.1808 0 0 0 
1830000 1830 1000.0 1792536.62 1911.531 4.1662 0 0 0 
1840000 1840 1000.0 1812322.866 1923.838 4.1784 0 0 0 
1850000 1850 1000.0 1832853.054 1947.702 4.1998 0 0 0 
1860000 1860 1000.0 1853586.977 1970.493 4.2085 0 0 0 
1870000 1870 1000.0 1874634.182 1994.905 4.228 0 0 0 
1880000 1880 1000.0 1895630.405 2014.011 4.2265 0 0 0 
1890000 1890 1000.0 1916648.915 2030.286 4.2135 0 0 0 
1900000 1900 1000.0 1937269.516 2036.275 4.1968 0 0 0 
1910000 1910 1000.0 1958227.905 2047.161 4.2014 0 0 0 
1920000 1920 1000.0 1979288.478 2057.467 4.2169 0 0 0 
1930000 1930 1000.0 2000379.762 2067.303 4.2027 0 0 0 
1940000 1940 1000.0 2021299.717 2071.963 4.212 0 0 0 
1950000 1950 1000.0 2042641.855 2083.261 4.3565 0 0 0 
1960000 1960 1000.0 2063445.752 2082.69 4.3428 0 0 0 
1970000 1970 1000.0 2084111.148 2080.221 4.3061 0 0 0 
1980000 1980 1000.0 2105233.892 2085.945 4.3013 0 0 0 
1990000 1990 1000.0 2125054.462 2067.01 4.2999 0 0 0 
2000000 2000 1000.0 2146120.653 2074.296 4.2802 0 0 0 
2010000 2010 1000.0 2167040.496 2077.651 4.2607 0 0 0 
2020000 2020 1000.0 2188176.16 2084.359 4.2391 0 0 0 
2030000 2030 1000.0 2209228.113 2088.068 4.3372 0 0 0 
2040000 2040 1000.0 2230218.482 2090.037 4.3414 0 0 0 
2050000 2050 1000.0 2249889.147 2067.413 4.3082 0 0 0 
2060000 2060 1000.0 2269729.094 2053.135 4.2801 0 0 0 
2070000 2070 1000.0 2289389.901 2036.77 4.2639 0 0 0 
2080000 2080 1000.0 2308949.617 2021.782 4.2504 0 0 0 
2090000 2090 1000.0 2330154.147 2040.149 4.2306 0 0 0 
2100000 2100 1000.0 2351459.667 2056.65 4.2131 0 0 0 
2110000 2110 1000.0 2372739.589 2069.226 4.2006 0 0 0 
2120000 2120 1000.0 2393820.253 2076.347 4.2109 0 0 0 
2130000 2130 1000.0 2414605.745 2076.798 4.1968 0 0 0 
2140000 2140 1000.0 2435513.227 2079.588 4.1968 0 0 0 
2150000 2150 1000.0 2456753.242 2087.883 4.1833 0 0 0 
2160000 2160 1000.0 2478576.911 2105.309 4.1799 0 0 0 
2170000 2170 1000.0 2499766.468 2107.355 4.1777 0 0 0 
2180000 2180 1000.0 2520801.2 2106.836 4.2094 0 0 0 
2190000 2190 1000.0 2541850.544 2106.736 4.2322 0 0 0 
2200000 2200 1000.0 2562760.882 2103.506 4.2253 0 0 0 
2210000 2210 1000.0 2583948.787 2106.259 4.2318 0 0 0 
2220000 2220 1000.0 2604879.048 2104.293 4.2128 0 0 0 
2230000 2230 1000.0 2626242.177 2109.898 4.2032 0 0 0 
2240000 2240 1000.0 2647169.916 2106.715 4.1925 0 0 0 
2250000 2250 1000.0 2667150.226 2086.514 4.2146 0 0 0 
2260000 2260 1000.0 2688234.74 2090.837 4.2131 0 0 0 
2270000 2270 1000.0 2708984.102 2087.834 4.2183 0 0 0 
2280000 2280 1000.0 2729796.944 2086.684 4.3536 0 0 0 
2290000 2290 1000.0 2750826.33 2090.313 4.3193 0 0 0 
2300000 2300 1000.0 2771856.579 2093.264 4.3055 0 0 0 
2310000 2310 1000.0 2792505.323 2087.981 4.3068 0 0 0 
2320000 2320 1000.0 2813273.556 2085.834 4.3258 0 0 0 
2330000 2330 1000.0 2833674.916 2077.735 4.3289 0 0 0 
2340000 2340 1000.0 2854611.37 2080.779 4.2978 0 0 0 
2350000 2350 1000.0 2874835.098 2069.541 4.3041 0 0 0 
2360000 2360 1000.0 2895722.989 2073.086 4.277 0 0 0 
2370000 2370 1000.0 2915944.688 2063.54 4.2825 0 0 0 
2380000 2380 1000.0 2935891.721 2051.076 4.2712 0 0 0 
2390000 2390 1000.0 2956538.795 2053.901 4.2565 0 0 0 
2400000 2400 1000.0 2976728.754 2047.332 4.2653 0 0 0 
2410000 2410 1000.0 2996758.405 2038.82 4.2617 0 0 0 
2420000 2420 1000.0 3016525.699 2027.75 4.2427 0 0 0 
2430000 2430 1000.0 3036706.335 2025.766 4.2647 0 0 0 
2440000 2440 1000.0 3057067.431 2027.316 4.2624 0 0 0 
2450000 2450 1000.0 3077917.065 2038.46 4.2559 0 0 0 
2460000 2460 1000.0 3098456.796 2041.589 4.2573 0 0 0 
2470000 2470 1000.0 3120112.893 2064.236 4.2619 0 0 0 
2480000 2480 1000.0 3141220.052 2073.128 4.2941 0 0 0 
2490000 2490 1000.0 3162040.685 2074.233 4.2689 0 0 0 
2500000 2500 1000.0 3182872.113 2074.965 4.2542 0 0 0 
2510000 2510 1000.0 3204744.686 2096.097 4.238 0 0 0 
2520000 2520 1000.0 3226351.245 2107.741 4.2141 0 0 0 
2530000 2530 1000.0 3247891.559 2115.909 4.2066 0 0 0 
2540000 2540 1000.0 3268085.351 2097.471 4.1989 0 0 0 
2550000 2550 1000.0 3289179.012 2100.249 4.2006 0 0 0 
2560000 2560 1000.0 3311394.109 2121.897 4.1911 0 0 0 
2570000 2570 1000.0 3330416.259 2080.943 4.1862 0 0 0 
2580000 2580 1000.0 3348289.927 2026.892 4.2815 0 0 0 
2590000 2590 1000.0 3362425.479 1913.32 4.2798 0 0 0 
2600000 2600 1000.0 3382287.609 1926.531 4.2518 0 0 0 
2610000 2610 1000.0 3403657.294 1964.864 4.2468 0 0 0 
2620000 2620 1000.0 3424802.983 1992.053 4.2477 0 0 0 
2630000 2630 1000.0 3446347.185 2021.95 4.2381 0 0 0 
2640000 2640 1000.0 3467116.086 2032.399 4.2202 0 0 0 
2650000 2650 1000.0 3488272.757 2048.117 4.2112 0 0 0 
2660000 2660 1000.0 3508801.115 2048.683 4.203 0 0 0 
2670000 2670 1000.0 3528951.939 2041.635 4.1972 0 0 0 
2680000 2680 1000.0 3547762.389 2011.979 4.2151 0 0 0 
2690000 2690 1000.0 3568356.429 2020.162 4.2165 0 0 0 
2700000 2700 1000.0 3589262.908 2032.586 4.2006 0 0 0 
2710000 2710 1000.0 3608983.487 2020.854 4.2267 0 0 0 
2720000 2720 1000.0 3630428.677 2043.33 4.2108 0 0 0 
2730000 2730 1000.0 3652154.0 2067.299 4.1965 0 0 0 
2740000 2740 1000.0 3673220.156 2074.193 4.186 0 0 0 
2750000 2750 1000.0 3694802.252 2090.005 4.1985 0 0 0 
2760000 2760 1000.0 3716860.693 2111.067 4.2084 0 0 0 
2770000 2770 1000.0 3738567.271 2121.315 4.2025 0 0 0 
2780000 2780 1000.0 3760167.281 2128.137 4.1977 0 0 0 
2790000 2790 1000.0 3781885.223 2136.056 4.2322 0 0 0 
2800000 2800 1000.0 3803713.178 2144.362 4.2211 0 0 0 
2810000 2810 1000.0 3825233.746 2146.336 4.2164 0 0 0 
2820000 2820 1000.0 3846979.542 2151.531 4.2067 0 0 0 
2830000 2830 1000.0 3868063.32 2144.085 4.3357 0 0 0 
2840000 2840 1000.0 3889619.262 2145.571 4.3326 0 0 0 
2850000 2850 1000.0 3910548.373 2136.12 4.3259 0 0 0 
2860000 2860 1000.0 3931872.97 2134.904 4.3034 0 0 0 
2870000 2870 1000.0 3953247.715 2135.293 4.2904 0 0 0 
2880000 2880 1000.0 3974353.739 2131.021 4.2899 0 0 0 
2890000 2890 1000.0 3995888.231 2135.306 4.273 0 0 0 
2900000 2900 1000.0 4017499.989 2140.242 4.2709 0 0 0 
2910000 2910 1000.0 4039294.751 2147.196 4.2835 0 0 0 
2920000 2920 1000.0 4060201.955 2137.503 4.3141 0 0 0 
2930000 2930 1000.0 4082187.507 2148.747 4.3434 0 0 0 
2940000 2940 1000.0 4103373.415 2143.659 4.3203 0 0 0 
2950000 2950 1000.0 4124478.108 2136.658 4.3048 0 0 0 
2960000 2960 1000.0 4144948.718 2120.55 4.2933 0 0 0 
2970000 2970 1000.0 4165439.613 2108.589 4.2949 0 0 0 
2980000 2980 1000.0 4186750.842 2112.547 4.3126 0 0 0 
2990000 2990 1000.0 4208366.835 2121.867 4.3175 0 0 0 
3000000 3000 1000.0 4229957.658 2128.759 4.3181 0 0 0 
3010000 3010 1000.0 4251827.398 2139.339 4.3311 0 0 0 
3020000 3020 1000.0 4273966.279 2152.96 4.317 0 0 0 
3030000 3030 1000.0 4295964.97 2161.66 4.3207 0 0 0 
3040000 3040 1000.0 4318282.053 2174.447 4.3032 0 0 0 
3050000 3050 1000.0 4340484.58 2182.661 4.2985 0 0 0 
3060000 3060 1000.0 4361879.395 2175.315 4.2831 0 0 0 
3070000 3070 1000.0 4383272.278 2169.061 4.406 0 0 0 
3080000 3080 1000.0 4405185.044 2172.912 4.3891 0 0 0 
3090000 3090 1000.0 4426252.735 2160.542 4.3472 0 0 0 
3100000 3100 1000.0 4448195.98 2166.918 4.3197 0 0 0 
3110000 3110 1000.0 4469160.418 2154.016 4.3057 0 0 0 
3120000 3120 1000.0 4490706.038 2153.919 4.2888 0 0 0 
3130000 3130 1000.0 4512503.924 2158.93 4.2887 0 0 0 
3140000 3140 1000.0 4534756.773 2171.236 4.3017 0 0 0 
3150000 3150 1000.0 4557113.882 2182.862 4.2799 0 0 0 
3160000 3160 1000.0 4579101.829 2185.671 4.2693 0 0 0 
3170000 3170 1000.0 4600552.657 2178.543 4.4058 0 0 0 
3180000 3180 1000.0 4622616.479 2183.424 4.3853 0 0 0 
3190000 3190 1000.0 4643035.397 2160.268 4.3674 0 0 0 
3200000 3200 1000.0 4665071.028 2168.334 4.3567 0 0 0 
3210000 3210 1000.0 4687422.856 2180.764 4.3599 0 0 0 
3220000 3220 1000.0 4709655.061 2188.129 4.3403 0 0 0 
3230000 3230 1000.0 4731923.164 2195.293 4.3181 0 0 0 
3240000 3240 1000.0 4753673.652 2191.587 4.3194 0 0 0 
3250000 3250 1000.0 4774440.768 2170.137 4.3031 0 0 0 
3260000 3260 1000.0 4794595.013 2142.272 4.289 0 0 0 
3270000 3270 1000.0 4815632.292 2135.211 4.4627 0 0 0 
3280000 3280 1000.0 4836394.301 2124.861 4.4256 0 0 0 
3290000 3290 1000.0 4858219.536 2135.599 4.3883 0 0 0 
3300000 3300 1000.0 4880842.271 2158.808 4.3455 0 0 0 
3310000 3310 1000.0 4903361.371 2175.597 4.3378 0 0 0 
3320000 3320 1000.0 4925283.317 2178.591 4.3102 0 0 0 
3330000 3330 1000.0 4947095.646 2179.181 4.2889 0 0 0 
3340000 3340 1000.0 4969096.486 2183.163 4.2708 0 0 0 
3350000 3350 1000.0 4991324.126 2190.464 4.2574 0 0 0 
3360000 3360 1000.0 5013316.06 2192.064 4.2455 0 0 0 
3370000 3370 1000.0 5034902.298 2185.617 4.249 0 0 0 
3380000 3380 1000.0 5056587.281 2182.812 4.2462 0 0 0 
3390000 3390 1000.0 5078685.07 2187.684 4.2344 0 0 0 
3400000 3400 1000.0 5100758.005 2191.286 4.2238 0 0 0 
3410000 3410 1000.0 5123126.953 2199.669 4.2257 0 0 0 
3420000 3420 1000.0 5145438.008 2205.218 4.2379 0 0 0 
3430000 3430 1000.0 5167368.797 2202.885 4.2293 0 0 0 
3440000 3440 1000.0 5189260.996 2200.559 4.3637 0 0 0 
3450000 3450 1000.0 5211579.348 2206.511 4.3599 0 0 0 
3460000 3460 1000.0 5233816.61 2209.742 4.3387 0 0 0 
3470000 3470 1000.0 5256729.075 2224.865 4.3258 0 0 0 
3480000 3480 1000.0 5279526.139 2234.986 4.3137 0 0 0 
3490000 3490 1000.0 5301584.69 2230.337 4.2988 0 0 0 
3500000 3500 1000.0 5324334.62 2238.495 4.2818 0 0 0 
3510000 3510 1000.0 5347066.803 2244.453 4.2766 0 0 0 
3520000 3520 1000.0 5369805.826 2249.925 4.3778 0 0 0 
3530000 3530 1000.0 5392206.67 2248.074 4.3564 0 0 0 
3540000 3540 1000.0 5414465.983 2244.221 4.3433 0 0 0 
3550000 3550 1000.0 5437075.27 2246.909 4.3346 0 0 0 
3560000 3560 1000.0 5458437.193 2226.495 4.3205 0 0 0 
3570000 3570 1000.0 5476341.803 2149.664 4.3163 0 0 0 
3580000 3580 1000.0 5498015.79 2152.86 4.3163 0 0 0 
3590000 3590 1000.0 5519483.322 2151.686 4.3149 0 0 0 
3600000 3600 1000.0 5541449.704 2159.366 4.3314 0 0 0 
3610000 3610 1000.0 5563336.639 2164.438 4.3294 0 0 0 
3620000 3620 1000.0 5585332.097 2170.683 4.3217 0 0 0 
3630000 3630 1000.0 5607446.383 2178.283 4.3147 0 0 0 
3640000 3640 1000.0 5629517.405 2183.904 4.3159 0 0 0 
3650000 3650 1000.0 5652077.761 2197.224 4.3161 0 0 0 
3660000 3660 1000.0 5673952.795 2194.719 4.3566 0 0 0 
3670000 3670 1000.0 5695665.032 2190.282 4.3447 0 0 0 
3680000 3680 1000.0 5717748.654 2193.564 4.3681 0 0 0 
3690000 3690 1000.0 5739194.482 2184.363 4.345 0 0 0 
3700000 3700 1000.0 5761155.344 2186.257 4.334 0 0 0 
3710000 3710 1000.0 5782617.181 2179.0 4.3362 0 0 0 
3720000 3720 1000.0 5804785.025 2185.933 4.3226 0 0 0 
3730000 3730 1000.0 5827193.621 2195.741 4.3337 0 0 0 
3740000 3740 1000.0 5849353.664 2199.776 4.3423 0 0 0 
3750000 3750 1000.0 5872065.18 2212.466 4.3308 0 0 0 
3760000 3760 1000.0 5894992.564 2227.063 4.3266 0 0 0 
3770000 3770 1000.0 5918070.418 2242.268 4.3097 0 0 0 
3780000 3780 1000.0 5941131.151 2253.908 4.3094 0 0 0 
3790000 3790 1000.0 5964091.472 2261.267 4.2952 0 0 0 
3800000 3800 1000.0 5986954.622 2265.767 4.2882 0 0 0 
3810000 3810 1000.0 6009151.678 2257.254 4.3007 0 0 0 
3820000 3820 1000.0 6030844.892 2241.287 4.3086 0 0 0 
3830000 3830 1000.0 6051889.59 2216.702 4.3253 0 0 0 
3840000 3840 1000.0 6073407.659 2204.818 4.3203 0 0 0 
3850000 3850 1000.0 6095905.959 2212.889 4.3165 0 0 0 
3860000 3860 1000.0 6118860.505 2228.154 4.3042 0 0 0 
3870000 3870 1000.0 6141390.984 2232.906 4.3238 0 0 0 
3880000 3880 1000.0 6162628.52 2212.578 4.3327 0 0 0 
3890000 3890 1000.0 6184872.827 2215.311 4.3241 0 0 0 
3900000 3900 1000.0 6207090.984 2216.109 4.3109 0 0 0 
3910000 3910 1000.0 6228553.803 2203.49 4.3058 0 0 0 
3920000 3920 1000.0 6250190.557 2196.294 4.3258 0 0 0 
3930000 3930 1000.0 6271501.35 2184.547 4.3144 0 0 0 
3940000 3940 1000.0 6292127.951 2160.881 4.3327 0 0 0 
3950000 3950 1000.0 6310622.002 2103.628 4.3259 0 0 0 
3960000 3960 1000.0 6332975.286 2127.131 4.3148 0 0 0 
3970000 3970 1000.0 6354285.537 2127.599 4.3127 0 0 0 
3980000 3980 1000.0 6376498.899 2144.749 4.2948 0 0 0 
3990000 3990 1000.0 6399269.976 2169.228 4.3045 0 0 0 
4000000 4000 1000.0 6421100.137 2171.792 4.3053 0 0 0 
