10000 10 182.927 3972.716 72.365 0.2005 0 0 0 0.0 0.0 0.0 0.0 0.0 
20000 20 332.392 7975.096 132.313 0.3644 0 0 0 0.0 0.0 0.0 0.0 0.0 
30000 87 170.889 9805.265 49.917 0.8755 0 0 0 0.004187 -1.4408607 0.0454944 0.0689806 0.0285488 
40000 103 298.647 12476.403 83.151 2.2181 0 0 0 0.0027894 -2.6412063 0.0402824 0.0548264 0.0201108 
50000 116 399.465 16585.746 133.262 3.2576 0 0 0 0.0026173 -4.0279238 0.0492869 0.0462937 0.015242 
60000 130 487.673 21762.082 196.282 4.1665 0 0 0 0.0021632 -5.5271046 0.0765456 0.0418413 0.0137671 
70000 140 581.392 26817.399 253.274 5.0813 0 0 0 0.0020807 -7.1281254 0.1108079 0.0382495 0.012446 
80000 150 657.967 31275.314 288.702 5.8279 0 0 0 0.0017719 -8.6603003 0.118455 0.0348435 0.0107105 
90000 161 707.484 35521.29 308.351 6.3344 0 0 0 0.0014945 -10.1675641 0.126742 0.0322875 0.0101247 
100000 171 760.993 39709.006 328.783 6.849 0 0 0 0.0018537 -11.7812177 0.2473075 0.0355684 0.0119769 
110000 181 804.714 43779.541 343.399 7.2647 0 0 0 0.0016389 -13.4901364 0.2077073 0.0337242 0.011013 
120000 191 840.437 47791.463 354.042 7.6195 0 0 0 0.0017208 -14.9842522 0.3487468 0.0329025 0.0111952 
130000 203 840.576 51585.745 346.268 7.6394 0 0 0 0.0019976 -16.6121999 0.4246119 0.0326255 0.0107182 
140000 214 858.046 55873.842 355.902 7.8115 0 0 0 0.0016446 -18.0195457 0.2951319 0.0334676 0.0110282 
150000 224 884.014 59497.087 356.563 8.0551 0 0 0 0.0016277 -19.6003427 0.3966217 0.0323735 0.0107863 
160000 234 905.231 63589.594 366.641 8.2631 0 0 0 0.0014964 -21.1681298 0.3794039 0.0334639 0.0116058 
170000 244 922.566 67509.649 371.102 8.4474 0 0 0 0.0016739 -22.9311623 0.5733667 0.0339229 0.0120163 
180000 254 936.731 70830.97 364.195 8.5805 0 0 0 0.0018065 -24.5227494 0.5839917 0.0343337 0.01202 
190000 266 911.113 74712.017 354.05 8.3473 0 0 0 0.0021561 -26.0397705 0.9500423 0.0342109 0.0120987 
200000 282 820.289 78438.387 315.821 7.5252 0 0 0 0.0018147 -27.4204308 0.877899 0.0342504 0.0119227 
210000 292 853.163 80906.24 303.479 7.8494 0 0 0 0.0015392 -28.5781647 0.7893176 0.0330423 0.0119685 
220000 302 880.024 83971.336 304.189 8.1184 0 0 0 0.0017791 -29.6338086 1.0830483 0.032875 0.0118661 
230000 312 901.971 86897.498 299.622 8.3336 0 0 0 0.0015059 -30.7754331 1.1190327 0.0293508 0.0104608 
240000 325 860.885 91234.651 302.711 7.9621 0 0 0 0.0015025 -31.6960002 1.1523453 0.0287721 0.0106884 
250000 335 886.333 95169.675 320.054 8.1908 0 0 0 0.0018489 -32.8242424 1.6053206 0.03046 0.0113991 
260000 345 907.126 99094.747 334.308 8.3761 0 0 0 0.0020235 -33.9768594 2.0813642 0.0308902 0.0116087 
270000 356 912.793 103712.572 353.736 8.4492 0 0 0 0.0013355 -35.0684091 1.1969516 0.0290128 0.0108311 
280000 367 911.912 107476.524 352.371 8.4519 0 0 0 0.0013058 -36.1811366 1.2252469 0.0304988 0.0110536 
290000 449 298.933 110084.824 98.999 2.7791 0 0 0 0.0014321 -37.347972 0.9175491 0.0304397 0.0108464 
300000 459 427.177 114001.305 152.451 3.9785 0 0 0 0.0016366 -38.5828935 2.1222341 0.0314914 0.012068 
310000 469 531.962 118154.397 202.672 4.9484 0 0 0 0.0021381 -39.873343 2.7733023 0.0314574 0.0115 
320000 480 613.629 121718.708 229.035 5.7134 0 0 0 0.002754 -41.0405323 3.8777837 0.033436 0.013047 
330000 490 684.307 125176.973 251.5 6.3732 0 0 0 0.0019623 -42.487654 2.6424457 0.0315407 0.0124247 
340000 501 731.849 128545.796 263.074 6.8186 0 0 0 0.0014567 -43.8692256 2.1178818 0.0294223 0.0112349 
350000 515 730.021 132582.024 269.967 6.7959 0 0 0 0.0017148 -44.8616408 3.1671168 0.0317781 0.0122535 
360000 530 710.061 135895.353 256.265 6.6063 0 0 0 0.0015389 -45.8043097 2.1409247 0.030816 0.0128049 
370000 540 763.099 140174.181 287.784 7.1048 0 0 0 0.0017731 -46.9777138 3.3295212 0.0308305 0.0120081 
380000 550 806.434 143385.013 294.111 7.503 0 0 0 0.0009279 -48.0836431 1.0481507 0.0288008 0.0109228 
390000 560 841.843 147816.538 318.431 7.8369 0 0 0 0.0015772 -49.0180958 3.0030619 0.0307303 0.0117809 
400000 570 870.774 152666.558 351.169 8.1005 0 0 0 0.0013433 -50.085144 1.5225615 0.0322852 0.0127403 
410000 580 894.413 155948.929 348.038 8.3369 0 0 0 0.0018537 -51.1083477 3.5910552 0.0322538 0.0132436 
420000 590 913.728 159412.078 347.292 8.5181 0 0 0 0.0023571 -51.9659965 5.3458343 0.0340774 0.0133877 
430000 603 880.495 163159.631 331.962 8.2096 0 0 0 0.0019717 -52.7365963 3.664954 0.0328539 0.0131507 
440000 613 896.219 167464.634 348.484 8.3581 0 0 0 0.0017835 -53.5077111 3.3943813 0.033766 0.0135885 
450000 623 915.203 171124.956 350.504 8.5241 0 0 0 0.0015391 -54.4844491 2.3964703 0.0329962 0.0127755 
460000 633 930.715 174788.577 355.898 8.6743 0 0 0 0.0017604 -55.2279883 3.3842981 0.0352113 0.0140295 
470000 644 930.544 178883.867 358.794 8.6843 0 0 0 0.001217 -56.1704541 1.4334066 0.0342156 0.013718 
480000 655 927.717 181908.519 344.983 8.6537 0 0 0 0.0022774 -56.7438167 5.1889857 0.0355725 0.0137726 
490000 667 918.766 185822.84 345.273 8.5629 0 0 0 0.0017604 -57.1828732 3.2018158 0.0336034 0.0129907 
500000 677 933.626 189881.078 356.846 8.724 0 0 0 0.0015638 -58.1664929 1.7565096 0.0347142 0.0130979 
510000 687 945.767 194215.799 371.577 8.9257 0 0 0 0.0016456 -58.9421054 1.9018111 0.0352325 0.0142112 
520000 697 944.226 198469.82 376.324 8.9642 0 0 0 0.0021009 -59.9226944 4.867795 0.035519 0.0141329 
530000 708 945.42 203210.889 390.723 9.0161 0 0 0 0.0016171 -60.8703435 2.3122224 0.0379166 0.0153332 
540000 718 944.67 207843.626 398.768 9.0481 0 0 0 0.0029512 -61.0711059 8.7787423 0.0399403 0.016067 
550000 729 947.647 211919.92 397.86 9.1089 0 0 0 0.0018705 -61.6761818 3.9539635 0.037523 0.0146178 
560000 739 957.224 214827.459 378.033 9.2084 0 0 0 0.0015749 -62.9208769 3.0981808 0.0377098 0.014712 
570000 752 910.371 219038.347 364.558 8.7603 0 0 0 0.0024931 -63.2582426 5.269181 0.0411527 0.0163157 
580000 763 916.884 222297.834 352.519 8.7964 0 0 0 0.0024014 -63.9317963 3.8283787 0.0392537 0.0157354 
590000 773 932.088 225715.639 350.364 8.9063 0 0 0 0.0021132 -64.2556363 4.155427 0.0387864 0.01563 
600000 783 944.511 229509.282 355.468 8.9907 0 0 0 0.0018334 -64.6090276 3.1653136 0.0384027 0.0155294 
610000 793 954.661 233825.171 369.951 9.0408 0 0 0 0.0026209 -64.9526701 9.0769326 0.0398293 0.0165509 
620000 803 962.955 238025.258 380.239 9.0981 0 0 0 0.0024976 -65.5195851 5.7972517 0.0410995 0.0171028 
630000 814 956.392 242833.458 392.619 9.0026 0 0 0 0.002412 -66.0279227 6.8826781 0.0408355 0.0166217 
640000 824 950.608 247355.251 395.752 8.9237 0 0 0 0.0021557 -66.6602763 3.3604217 0.0416616 0.0175027 
650000 835 946.844 252202.409 408.765 8.8707 0 0 0 0.0019413 -67.2968434 3.0241084 0.0429635 0.0176993 
660000 845 956.568 256654.422 414.13 8.9552 0 0 0 0.0020872 -68.121157 3.906272 0.0424915 0.017742 
670000 855 964.513 260887.503 416.963 9.038 0 0 0 0.0020565 -68.8306058 3.1494086 0.0428509 0.0181775 
680000 866 958.947 265520.619 419.91 8.9696 0 0 0 0.0027374 -69.5933359 7.7469761 0.0428506 0.018167 
690000 876 966.457 270345.662 432.313 9.033 0 0 0 0.002328 -70.4606483 3.3978529 0.0445369 0.0173725 
700000 886 972.593 275135.021 439.861 9.0818 0 0 0 0.0031227 -70.8934202 8.4860645 0.0439887 0.0188219 
710000 896 969.343 280596.04 455.821 9.0441 0 0 0 0.0022663 -71.1815133 3.5218974 0.0451123 0.018633 
720000 906 974.951 286278.026 475.394 9.0871 0 0 0 0.0024667 -71.5693154 5.1208845 0.0448667 0.0178439 
730000 917 964.458 291548.574 477.105 8.9772 0 0 0 0.0023889 -72.1806951 5.4230356 0.0454027 0.0185062 
740000 927 970.96 297523.133 499.839 9.0273 0 0 0 0.0024085 -72.6979532 5.8786927 0.0443454 0.0188668 
750000 937 967.105 302957.484 501.742 8.9867 0 0 0 0.0022785 -73.1971511 5.3670692 0.045223 0.0187907 
760000 947 973.122 308595.843 511.743 9.052 0 0 0 0.0022267 -74.2088585 3.7942872 0.0476255 0.019626 
770000 957 978.039 314746.127 530.661 9.0976 0 0 0 0.0023492 -74.8416026 3.8847762 0.0481144 0.020878 
780000 967 982.056 320344.663 538.383 9.1262 0 0 0 0.002126 -75.4578244 3.3648757 0.0481837 0.0196955 
790000 977 985.339 325637.004 535.703 9.1602 0 0 0 0.0027439 -76.1557276 7.7941591 0.0486016 0.0213017 
800000 987 988.021 331155.055 541.268 9.2069 0 0 0 0.0024446 -77.129883 8.135469 0.0480028 0.0204939 
810000 998 974.188 336800.647 534.169 9.0779 0 0 0 0.0027913 -77.9684061 5.9970514 0.0503221 0.0214349 
820000 1009 964.38 342545.496 534.054 8.9801 0 0 0 0.0025696 -78.7424489 7.1819201 0.0479421 0.019382 
830000 1019 970.896 348018.117 536.83 9.0494 0 0 0 0.0020937 -79.7529637 2.85497 0.0469889 0.0194337 
840000 1029 976.22 353976.875 547.02 9.0922 0 0 0 0.002022 -80.6547405 3.0504042 0.0462507 0.0194457 
850000 1039 980.57 359049.36 539.711 9.1421 0 0 0 0.0022481 -81.4315927 5.3240628 0.0453315 0.018637 
860000 1050 964.756 364578.406 530.743 8.9905 0 0 0 0.002352 -82.3287669 6.469625 0.0453344 0.018226 
870000 1060 971.203 370049.592 535.705 9.0547 0 0 0 0.0025847 -83.2956621 9.9680129 0.0448847 0.0177584 
880000 1070 976.471 375322.057 532.651 9.1088 0 0 0 0.0020248 -84.1140036 6.338202 0.0448045 0.0181234 
890000 1081 967.914 380772.421 526.752 9.0336 0 0 0 0.0024283 -84.7683165 9.3014671 0.0445871 0.0177638 
900000 1091 973.783 385939.091 525.957 9.107 0 0 0 0.0020557 -85.2925521 5.6355835 0.044951 0.0178974 
910000 1101 978.579 390399.396 509.236 9.1486 0 0 0 0.0026675 -85.9033877 10.9265511 0.0450657 0.0184473 
920000 1111 982.498 395796.61 516.129 9.1831 0 0 0 0.0019659 -86.6002478 3.666968 0.0450428 0.0174325 
930000 1121 983.269 402002.615 532.785 9.2008 0 0 0 0.0019905 -86.9494397 4.7750957 0.046026 0.0179016 
940000 1131 986.329 408076.537 547.34 9.2206 0 0 0 0.0020383 -87.6045472 4.6254548 0.0453911 0.0177434 
950000 1141 988.83 413679.392 549.29 9.2384 0 0 0 0.0021916 -88.1070892 5.6962291 0.0477243 0.0186996 
960000 1152 961.73 419552.873 543.304 8.9921 0 0 0 0.0027437 -88.4134234 8.0612941 0.0471772 0.0184235 
970000 1162 968.731 424570.745 535.344 9.0517 0 0 0 0.0022338 -88.631046 6.1917052 0.0466704 0.0190213 
980000 1173 961.034 430121.686 528.016 8.9847 0 0 0 0.0024542 -89.3171923 8.4205961 0.0480723 0.0188579 
990000 1183 968.162 436088.577 538.923 9.0418 0 0 0 0.0025772 -89.2246635 7.0409639 0.0476371 0.0186057 
1000000 1193 973.986 442033.667 553.581 9.0905 0 0 0 0.0023314 -89.7536081 7.3718157 0.0483561 0.0185462 
1010000 1203 978.745 447973.173 559.055 9.1178 0 0 0 0.0022154 -90.0443396 6.1249918 0.0477274 0.0179947 
1020000 1213 982.633 453168.626 555.074 9.1415 0 0 0 0.0025355 -90.3428009 8.1078842 0.0480623 0.0187901 
1030000 1223 985.81 458596.948 550.399 9.1749 0 0 0 0.002861 -90.3043622 13.9387447 0.047342 0.018231 
1040000 1233 988.406 464433.137 555.661 9.2115 0 0 0 0.0024616 -90.7092675 6.5499043 0.0489191 0.0193472 
1050000 1243 990.527 469833.932 552.194 9.2238 0 0 0 0.0023639 -90.6235498 7.3188039 0.0483465 0.0187431 
1060000 1253 992.259 475733.031 557.635 9.2343 0 0 0 0.0022645 -90.7255824 6.7569508 0.0480024 0.0184042 
1070000 1263 993.675 482202.136 573.611 9.2544 0 0 0 0.0020302 -91.3363338 4.9380125 0.0494224 0.0192047 
1080000 1273 994.832 488820.069 592.593 9.2689 0 0 0 0.0020967 -91.727528 3.4759672 0.0497086 0.0194301 
1090000 1283 995.778 495573.044 605.794 9.2704 0 0 0 0.0020261 -92.0840452 2.7857744 0.0486447 0.018422 
1100000 1293 996.55 502631.617 621.713 9.2763 0 0 0 0.0020792 -93.0000746 2.8626835 0.0509993 0.0190441 
1110000 1303 997.181 509827.702 641.096 9.2898 0 0 0 0.0025451 -93.7753504 6.2359607 0.0520399 0.0192607 
1120000 1313 997.697 516566.282 647.125 9.2954 0 0 0 0.0023736 -94.7704708 6.3787569 0.0514665 0.0189853 
1130000 1323 998.118 523788.656 661.646 9.2943 0 0 0 0.0027785 -95.1770151 10.7839325 0.0515024 0.0189352 
1140000 1333 998.462 530824.908 667.518 9.2885 0 0 0 0.0022388 -95.7140532 8.0161108 0.0512501 0.0196427 
1150000 1343 998.744 538147.213 682.325 9.2869 0 0 0 0.0022439 -96.4650279 6.0925476 0.0512809 0.0188595 
1160000 1353 998.973 545859.427 696.742 9.2874 0 0 0 0.0027967 -97.2603733 11.5557882 0.0536496 0.020252 
1170000 1363 999.161 553265.44 707.277 9.288 0 0 0 0.0026583 -97.9973927 11.677305 0.0556158 0.0207258 
1180000 1373 999.315 560916.542 718.063 9.2869 0 0 0 0.0028671 -98.3800867 11.8551115 0.0571117 0.0212232 
1190000 1383 999.44 566436.254 689.726 9.2878 0 0 0 0.002537 -99.1847693 6.4928354 0.0562675 0.0205929 
1200000 1393 999.542 573078.184 681.951 9.295 0 0 0 0.0028123 -100.0411138 11.5428936 0.0575308 0.0209584 
1210000 1403 999.626 579935.121 684.81 9.2987 0 0 0 0.0026881 -100.2772915 10.2358635 0.0578697 0.0213409 
1220000 1413 999.695 586956.485 686.354 9.2919 0 0 0 0.0024428 -100.935136 6.7199419 0.0586809 0.0215224 
1230000 1423 999.75 594029.257 690.657 9.3048 0 0 0 0.0026008 -101.5889028 7.8476146 0.0599174 0.0218098 
1240000 1433 999.796 600644.355 686.526 9.3086 0 0 0 0.0027243 -102.6126128 9.415445 0.0613704 0.0225914 
1250000 1443 999.833 608104.079 696.258 9.3085 0 0 0 0.0025331 -102.8042994 7.5836757 0.0623157 0.02287 
1260000 1453 999.864 616352.797 717.852 9.3015 0 0 0 0.0028319 -103.9025528 10.6710639 0.0638937 0.0238127 
1270000 1463 999.889 623948.844 734.797 9.2901 0 0 0 0.0027238 -104.3041433 11.0223117 0.0637888 0.0226023 
1280000 1473 999.909 631092.444 726.875 9.3056 0 0 0 0.0025284 -104.9391195 5.0697502 0.0641894 0.0224416 
1290000 1483 997.927 638232.501 721.889 9.2805 0 0 0 0.0027857 -105.3088467 6.8181992 0.0668316 0.0244385 
1300000 1494 990.167 646166.94 729.545 9.2061 0 0 0 0.0035731 -105.7758534 5.3268536 0.0678263 0.0251627 
1310000 1504 991.965 653527.87 731.007 9.2289 0 0 0 0.0029012 -106.2632324 9.5101948 0.0692887 0.0255736 
1320000 1515 980.163 661037.48 726.356 9.1176 0 0 0 0.0024433 -106.4946749 1.9541725 0.068422 0.0248519 
1330000 1525 983.791 667644.883 714.03 9.1547 0 0 0 0.0022399 -107.0543955 2.4227932 0.0665647 0.0238351 
1340000 1535 976.555 675018.12 708.484 9.0776 0 0 0 0.0029347 -107.1265352 8.0005865 0.0679908 0.0253148 
1350000 1545 980.844 682627.519 720.147 9.119 0 0 0 0.0029878 -107.811938 7.8590852 0.0654557 0.0240702 
1360000 1555 984.348 690446.03 728.943 9.1414 0 0 0 0.0025541 -108.7169997 6.8168169 0.0649889 0.023461 
1370000 1565 987.211 697331.987 727.625 9.1719 0 0 0 0.0025934 -108.8211897 7.8701767 0.0644602 0.0239308 
1380000 1576 977.599 704889.84 720.723 9.0871 0 0 0 0.0028555 -109.4072241 14.9209913 0.0624359 0.0228479 
1390000 1586 981.697 712555.592 729.134 9.1242 0 0 0 0.0028834 -109.5524642 14.0783869 0.0620816 0.0229168 
1400000 1596 985.045 719185.539 717.622 9.1562 0 0 0 0.0024895 -110.6389291 9.0319939 0.0622566 0.0233049 
1410000 1606 981.177 727746.804 738.419 9.1209 0 0 0 0.0029698 -111.4158879 12.4338909 0.0641444 0.0236156 
1420000 1616 984.62 734739.659 731.315 9.1604 0 0 0 0.0027275 -112.4324571 14.568943 0.0653031 0.0242008 
1430000 1626 987.433 741564.362 723.573 9.191 0 0 0 0.0029989 -112.9704629 11.4527514 0.063106 0.0232605 
1440000 1636 989.732 748022.469 712.624 9.2125 0 0 0 0.0026237 -113.3180983 12.2403042 0.0640589 0.023204 
1450000 1646 991.61 754812.972 705.236 9.2317 0 0 0 0.002602 -114.4041055 11.1537112 0.0617586 0.0223025 
1460000 1656 993.145 762349.744 711.135 9.2367 0 0 0 0.0028232 -114.9640112 11.8749739 0.0634586 0.0233972 
1470000 1666 994.399 770842.896 740.311 9.245 0 0 0 0.0024345 -114.7712637 11.0990656 0.0616292 0.0223642 
1480000 1676 995.424 780258.905 773.647 9.2598 0 0 0 0.0031494 -116.1511032 17.1302387 0.0655601 0.0241415 
1490000 1686 996.261 789178.779 798.966 9.2658 0 0 0 0.0026704 -116.3921481 8.8837109 0.0651621 0.0236893 
1500000 1696 996.945 796999.767 796.027 9.2663 0 0 0 0.0027107 -116.7327751 12.0711359 0.0657179 0.0245669 
1510000 1706 997.504 804835.8 793.048 9.2698 0 0 0 0.00266 -117.4571757 12.088458 0.0652044 0.024053 
1520000 1716 997.96 814591.581 825.365 9.2728 0 0 0 0.0031713 -118.2963606 9.6374596 0.068706 0.025569 
1530000 1726 998.333 822625.964 826.257 9.2718 0 0 0 0.0031117 -118.8943997 18.7736002 0.0678491 0.0244149 
1540000 1736 998.638 830672.721 823.411 9.2811 0 0 0 0.0026912 -119.1956688 6.5308116 0.0683095 0.0243804 
1550000 1746 998.887 840872.396 852.528 9.2823 0 0 0 0.0031473 -120.2391667 18.0540976 0.0702976 0.024902 
1560000 1756 999.091 852034.922 902.5 9.2845 0 0 0 0.0028491 -121.0575233 11.9985942 0.0710376 0.0253287 
1570000 1766 999.257 862302.056 927.304 9.2824 0 0 0 0.0033744 -122.1364708 20.692688 0.0733563 0.0256894 
1580000 1776 999.393 871015.715 913.225 9.286 0 0 0 0.0035475 -122.6661363 17.5422572 0.0762473 0.0282946 
1590000 1786 999.504 882290.319 953.699 9.2771 0 0 0 0.003 -123.5466192 17.5043693 0.0758703 0.0262397 
1600000 1796 999.595 894106.697 993.71 9.2772 0 0 0 0.0028531 -125.2510832 5.3465655 0.0793199 0.0278817 
1610000 1806 999.669 904224.574 997.49 9.2665 0 0 0 0.0033035 -126.1655993 12.8303802 0.080201 0.028702 
1620000 1816 999.729 916186.025 1034.661 9.26 0 0 0 0.0032031 -127.8802491 12.022416 0.082185 0.0289482 
1630000 1826 999.779 925807.793 1022.195 9.2615 0 0 0 0.003818 -129.2409501 23.0355803 0.0866145 0.0314021 
1640000 1836 999.819 937377.13 1043.86 9.2641 0 0 0 0.003657 -130.5418906 22.0608562 0.0880013 0.0317673 
1650000 1846 999.852 949690.554 1077.911 9.2625 0 0 0 0.0033264 -132.2411126 17.2636175 0.0892957 0.0319931 
1660000 1856 999.879 962092.629 1106.803 9.2752 0 0 0 0.0034429 -134.5663909 13.8131538 0.0913892 0.0330596 
1670000 1867 983.135 975386.802 1128.687 9.0537 0 0 0 0.0035474 -136.0303403 18.9712419 0.0946676 0.0348949 
1680000 1878 963.047 985652.943 1079.878 8.8632 0 0 0 0.0031209 -136.7133069 8.1545477 0.0943696 0.0342953 
1690000 1888 969.807 999227.688 1132.123 8.9409 0 0 0 0.0034405 -138.6431463 12.2150628 0.0954411 0.0339194 
1700000 1898 975.33 1011817.93 1155.891 9.0092 0 0 0 0.0033928 -140.3451373 12.473964 0.0971993 0.0350803 
1710000 1908 979.843 1024579.225 1176.012 9.0713 0 0 0 0.0037863 -141.9453241 15.971207 0.0998012 0.0361614 
1720000 1918 983.53 1037346.575 1197.417 9.1044 0 0 0 0.0037708 -143.4635961 30.8890503 0.0993051 0.0357116 
1730000 1928 986.543 1049617.972 1208.214 9.1358 0 0 0 0.0034555 -144.7281134 16.987963 0.1003721 0.036625 
1740000 1938 989.005 1060770.902 1185.778 9.173 0 0 0 0.003927 -146.0526483 24.2878138 0.100249 0.0360943 
1750000 1948 991.016 1074006.59 1212.451 9.1883 0 0 0 0.0035113 -147.6437186 14.3032418 0.102231 0.0363434 
1760000 1959 980.417 1084111.542 1160.075 9.0886 0 0 0 0.0042537 -147.8597222 31.0608765 0.1027326 0.0368106 
1770000 1969 983.999 1093450.245 1117.52 9.1226 0 0 0 0.0035367 -148.638291 17.7310811 0.1015696 0.0366465 
1780000 1979 986.926 1102039.518 1069.505 9.152 0 0 0 0.0036864 -149.1704367 18.6443227 0.0996612 0.03675 
1790000 1989 989.318 1111231.666 1039.795 9.1667 0 0 0 0.0034375 -150.0651213 23.1448688 0.0973867 0.0352543 
1800000 1999 991.272 1120451.469 1019.841 9.1879 0 0 0 0.0030758 -150.3368154 9.0671287 0.0963249 0.0345498 
1810000 2009 992.869 1129508.966 1000.44 9.1987 0 0 0 0.0027614 -150.3582944 7.2028559 0.0939123 0.0336496 
1820000 2019 990.766 1139557.346 992.819 9.1721 0 0 0 0.0036199 -150.5867626 31.652355 0.0942007 0.0344005 
1830000 2029 992.455 1149362.732 993.778 9.1879 0 0 0 0.0033727 -151.2196693 23.4721682 0.0940146 0.033633 
1840000 2039 993.835 1159745.379 1003.436 9.2211 0 0 0 0.0036686 -150.8256455 25.1606351 0.09133 0.0328534 
1850000 2050 981.487 1170480.226 1000.753 9.0956 0 0 0 0.0033037 -151.3039968 14.9568063 0.0915763 0.0333506 
1860000 2060 984.873 1181473.087 1016.626 9.1314 0 0 0 0.0035782 -151.5951649 24.4527688 0.0916342 0.0334804 
1870000 2070 987.64 1194470.966 1069.393 9.1561 0 0 0 0.0039887 -152.2570914 29.9746908 0.0930509 0.0343733 
1880000 2081 976.875 1207632.294 1100.383 9.0608 0 0 0 0.0029989 -153.6509294 8.3461588 0.0925331 0.0333789 
1890000 2091 981.105 1221119.287 1145.634 9.0955 0 0 0 0.0030376 -154.3399774 8.5114389 0.0931908 0.0340631 
1900000 2101 977.529 1234254.169 1163.009 9.0588 0 0 0 0.0038986 -154.7232202 29.5192439 0.0938618 0.0345724 
1910000 2111 981.639 1247130.495 1186.187 9.1054 0 0 0 0.0036152 -155.3824734 28.2622411 0.0932208 0.0337989 
1920000 2121 984.564 1261009.876 1225.112 9.1368 0 0 0 0.0034022 -155.8066646 12.3844899 0.0945039 0.0345828 
1930000 2131 987.388 1276301.186 1278.645 9.1539 0 0 0 0.0040192 -156.9872367 33.9614574 0.0949925 0.0348758 
1940000 2141 989.695 1289666.934 1288.554 9.1727 0 0 0 0.0033508 -158.062938 19.3566997 0.0957344 0.0350977 
1950000 2151 991.58 1304864.767 1333.827 9.1827 0 0 0 0.0031016 -158.8402873 14.7967403 0.0919424 0.0325392 
1960000 2161 993.12 1319407.973 1354.175 9.1953 0 0 0 0.0038422 -160.3994159 29.6780208 0.0973526 0.0351213 
1970000 2171 994.379 1331447.162 1320.712 9.2251 0 0 0 0.0034518 -161.4625288 15.1902147 0.1001761 0.0368005 
1980000 2181 995.407 1344598.791 1322.288 9.2459 0 0 0 0.0036139 -162.9962209 19.7699235 0.1038568 0.0381627 
1990000 2191 996.247 1358777.116 1338.378 9.2576 0 0 0 0.0034765 -164.18407 24.2506126 0.1029204 0.0371734 
2000000 2201 996.934 1372506.351 1355.254 9.2646 0 0 0 0.0036115 -165.8010017 21.5370023 0.1066417 0.0393925 
2010000 2211 997.495 1386912.916 1360.872 9.2687 0 0 0 0.0033668 -167.7813152 18.4590806 0.1075708 0.0387456 
2020000 2221 997.953 1399104.392 1335.221 9.2787 0 0 0 0.0038179 -168.6873125 28.1683862 0.1091166 0.0390118 
2030000 2231 998.327 1413752.241 1359.736 9.2583 0 0 0 0.0038403 -170.149352 27.9913364 0.1105906 0.0399128 
2040000 2241 998.633 1428706.637 1382.816 9.2657 0 0 0 0.0039811 -171.7653074 30.6139753 0.1143079 0.0415107 
2050000 2251 998.883 1443918.792 1407.784 9.2519 0 0 0 0.0038602 -173.3351868 24.3964116 0.1160843 0.042651 
2060000 2261 999.088 1459849.825 1441.681 9.2576 0 0 0 0.0040051 -174.2484131 41.3534639 0.115856 0.0421183 
2070000 2271 999.255 1475469.564 1463.791 9.2542 0 0 0 0.0038521 -175.6319964 32.8674532 0.1166717 0.0426691 
2080000 2281 999.391 1488689.115 1435.961 9.2592 0 0 0 0.0040594 -176.0974661 36.1313834 0.1154456 0.0420232 
2090000 2291 999.502 1504046.019 1453.02 9.2669 0 0 0 0.0035335 -177.5480159 23.1577279 0.1154476 0.0420667 
2100000 2301 999.593 1518106.198 1441.606 9.2728 0 0 0 0.0034381 -178.1498487 15.9728208 0.1164108 0.0423906 
2110000 2311 999.668 1530776.843 1409.167 9.2862 0 0 0 0.0041593 -178.6167499 37.8600615 0.1167487 0.0432245 
2120000 2321 999.729 1542942.697 1378.394 9.2854 0 0 0 0.0035493 -178.7844315 25.9223737 0.1163346 0.0425466 
2130000 2331 999.778 1554898.335 1343.05 9.3031 0 0 0 0.003733 -178.3523203 35.3611352 0.1151177 0.0415082 
2140000 2341 999.819 1566925.715 1314.186 9.3027 0 0 0 0.0037769 -178.7361206 36.9749159 0.117475 0.0437893 
2150000 2351 999.852 1581761.822 1350.547 9.3045 0 0 0 0.003758 -179.229507 28.8318955 0.1167735 0.043166 
2160000 2361 999.879 1592752.117 1305.625 9.2997 0 0 0 0.0035643 -178.4972514 22.5246206 0.1149476 0.0413294 
2170000 2371 999.901 1604988.327 1289.653 9.3024 0 0 0 0.0041606 -178.5945834 55.4821623 0.1180289 0.0438637 
2180000 2381 999.919 1617645.418 1284.652 9.3021 0 0 0 0.0039223 -178.7542482 23.3780022 0.1182981 0.0443451 
2190000 2391 999.934 1634124.696 1345.863 9.3077 0 0 0 0.0037253 -180.6857977 35.7233485 0.1177019 0.0429518 
2200000 2401 999.946 1649346.772 1378.732 9.3037 0 0 0 0.004166 -180.7735891 34.6171 0.119667 0.0436634 
2210000 2411 999.956 1666740.524 1446.205 9.3047 0 0 0 0.0034865 -181.4933475 12.5244943 0.1190546 0.0435273 
2220000 2421 999.964 1682302.773 1463.209 9.2977 0 0 0 0.0035754 -183.0637372 23.1071697 0.1212251 0.0450343 
2230000 2431 999.971 1697729.462 1481.298 9.281 0 0 0 0.0041032 -182.6948696 39.8970573 0.1215494 0.0453118 
2240000 2441 999.976 1714973.272 1524.207 9.2775 0 0 0 0.0034047 -183.586787 13.6041037 0.1221119 0.0454392 
2250000 2451 999.98 1730873.204 1535.659 9.279 0 0 0 0.0036927 -184.0798158 30.1179368 0.1205773 0.044234 
2260000 2461 999.984 1746656.243 1545.447 9.2924 0 0 0 0.0039682 -184.1124013 37.9245065 0.1217363 0.0447744 
2270000 2471 999.987 1759948.111 1506.061 9.2934 0 0 0 0.0036932 -184.6816485 33.6695274 0.1201402 0.043929 
2280000 2481 999.989 1777097.907 1543.462 9.2865 0 0 0 0.0036516 -185.6578788 37.3681902 0.1198149 0.0436062 
2290000 2491 999.991 1794333.208 1577.284 9.2846 0 0 0 0.0035748 -186.4271649 28.6854181 0.1194084 0.0440984 
2300000 2501 999.993 1811849.933 1607.873 9.2779 0 0 0 0.0031543 -187.2709397 16.658514 0.1206991 0.0439515 
2310000 2511 999.994 1829019.252 1628.378 9.2801 0 0 0 0.003528 -188.9335748 18.2246737 0.123633 0.0448541 
2320000 2521 999.995 1843963.02 1601.712 9.2754 0 0 0 0.0039529 -189.9892047 49.2122842 0.123136 0.044931 
2330000 2531 999.996 1857969.031 1561.76 9.2766 0 0 0 0.0035387 -191.4685347 30.1087306 0.1233527 0.0451141 
2340000 2541 999.997 1874863.176 1583.89 9.2808 0 0 0 0.0038667 -192.5770263 24.7033229 0.1250577 0.0464369 
2350000 2551 999.997 1892275.44 1615.034 9.2852 0 0 0 0.0032909 -194.0430036 10.8142396 0.1235321 0.0447107 
2360000 2561 999.998 1910215.166 1648.881 9.2817 0 0 0 0.0031015 -196.4197297 4.6211172 0.125169 0.0456903 
2370000 2571 999.998 1927911.299 1671.92 9.2941 0 0 0 0.0039297 -198.9271782 43.7813138 0.1266132 0.0464056 
2380000 2581 999.999 1945339.651 1684.023 9.3042 0 0 0 0.00363 -200.262775 28.7455177 0.1275596 0.0469839 
2390000 2591 994.613 1962494.004 1676.619 9.2405 0 0 0 0.0035044 -200.9580149 27.9769719 0.1260133 0.0455302 
2400000 2601 995.598 1980142.068 1693.046 9.2414 0 0 0 0.0035525 -202.1171973 46.948104 0.1266898 0.0469176 
2410000 2611 996.404 1996827.558 1689.735 9.2624 0 0 0 0.0037898 -202.7160404 57.7549741 0.1261155 0.0453827 
2420000 2621 997.061 2013411.223 1683.27 9.2614 0 0 0 0.0034757 -203.726237 36.2301774 0.1245592 0.0449912 
2430000 2631 997.599 2030167.949 1685.428 9.2703 0 0 0 0.0034688 -204.8285463 40.3997253 0.1250858 0.0449006 
2440000 2641 998.038 2045542.227 1671.794 9.2612 0 0 0 0.0038656 -205.02299 56.6246095 0.1270839 0.0463306 
2450000 2651 998.397 2059416.356 1625.831 9.2742 0 0 0 0.0037953 -205.3253197 48.8803843 0.1281345 0.047121 
2460000 2661 998.69 2074071.055 1579.968 9.274 0 0 0 0.0043406 -205.6765164 79.716605 0.1289914 0.0479005 
2470000 2671 998.93 2090027.488 1580.731 9.2682 0 0 0 0.003506 -207.0612233 29.4203175 0.1296881 0.0475741 
2480000 2681 999.126 2105920.928 1582.125 9.267 0 0 0 0.0033793 -207.2700118 20.3687822 0.1302415 0.0481699 
2490000 2691 999.286 2121202.769 1570.526 9.2674 0 0 0 0.0035702 -207.6403801 25.8507267 0.1307588 0.0483369 
2500000 2701 999.416 2137998.077 1592.21 9.2796 0 0 0 0.0036423 -208.260514 40.9021162 0.1309558 0.0489435 
2510000 2711 999.523 2155407.565 1616.121 9.2782 0 0 0 0.0034486 -208.760775 33.3579749 0.1305027 0.0486833 
2520000 2721 999.61 2172910.39 1644.754 9.2761 0 0 0 0.0035451 -209.8302694 43.8778921 0.1323298 0.04997 
2530000 2731 999.682 2186797.844 1598.233 9.2754 0 0 0 0.0044925 -210.0196762 75.119625 0.1336543 0.0501348 
2540000 2741 999.74 2201548.006 1577.898 9.282 0 0 0 0.0039036 -209.9432309 58.7213306 0.1333599 0.0518401 
2550000 2751 999.787 2215180.654 1539.918 9.2879 0 0 0 0.0037003 -210.054896 46.0904338 0.1307035 0.0485292 
2560000 2761 999.826 2230821.104 1538.802 9.2824 0 0 0 0.0033464 -210.2287724 23.0379168 0.1311509 0.0489245 
2570000 2772 991.842 2242039.003 1449.744 9.2128 0 0 0 0.0037397 -209.1829794 56.2323899 0.1284275 0.0483082 
2580000 2782 993.334 2259923.399 1518.399 9.2257 0 0 0 0.0031998 -209.7132215 20.0544787 0.1292817 0.048368 
2590000 2792 994.554 2274509.293 1505.165 9.2437 0 0 0 0.0036368 -210.0875663 49.3473334 0.1289739 0.0485482 
2600000 2802 995.55 2289296.387 1496.99 9.2585 0 0 0 0.0036584 -208.9475439 58.3186625 0.1281687 0.0479534 
2610000 2812 996.364 2297042.443 1368.728 9.2745 0 0 0 0.003548 -208.3552943 52.9691682 0.1257589 0.047195 
2620000 2822 997.029 2311130.01 1379.508 9.2727 0 0 0 0.0031663 -208.4203301 17.4766989 0.1249479 0.0469935 
2630000 2832 997.573 2328053.807 1431.688 9.2724 0 0 0 0.0033331 -207.7225007 32.6060774 0.1249551 0.0471587 
2640000 2842 998.017 2343379.77 1450.24 9.269 0 0 0 0.0034968 -208.9490553 49.1988361 0.1238136 0.0465212 
2650000 2852 998.379 2358488.239 1462.022 9.2687 0 0 0 0.003557 -209.6925559 58.0492047 0.1244648 0.046994 
2660000 2862 998.676 2375483.629 1505.652 9.2681 0 0 0 0.003422 -210.776012 64.0956418 0.1248474 0.0468122 
2670000 2872 998.918 2392434.957 1540.641 9.2643 0 0 0 0.0034249 -211.3809095 48.2298987 0.123546 0.0459972 
2680000 2882 999.116 2408008.248 1544.385 9.2697 0 0 0 0.0041039 -211.1236146 101.6163006 0.1250423 0.0472831 
2690000 2892 999.278 2423451.314 1547.524 9.2666 0 0 0 0.0043487 -211.651571 114.3946272 0.124875 0.0465623 
2700000 2902 999.41 2440729.413 1577.066 9.2664 0 0 0 0.0035611 -211.9154795 63.9986083 0.1246925 0.0472661 
2710000 2912 999.518 2456400.313 1575.587 9.2757 0 0 0 0.0033946 -211.6141549 29.391257 0.126479 0.0477119 
2720000 2922 999.606 2471801.564 1568.994 9.2724 0 0 0 0.0037647 -211.1202453 57.9981952 0.1271043 0.048206 
2730000 2932 999.678 2487922.582 1575.223 9.2772 0 0 0 0.0037371 -211.7422973 61.0775105 0.1257966 0.0473318 
2740000 2942 999.737 2503967.834 1581.019 9.2623 0 0 0 0.0037102 -212.5883411 55.498589 0.1285305 0.0486587 
2750000 2952 999.785 2520901.633 1601.527 9.2526 0 0 0 0.0038567 -212.6268103 61.6364438 0.1299334 0.0493777 
2760000 2962 999.824 2536090.149 1586.819 9.2562 0 0 0 0.0033461 -212.8355337 32.0680475 0.1298497 0.0490893 
2770000 2972 988.603 2552443.044 1576.308 9.1452 0 0 0 0.003179 -213.4227065 19.5377809 0.1308379 0.0496931 
2780000 2982 990.687 2569337.582 1596.616 9.1677 0 0 0 0.0039997 -214.2477883 64.1938728 0.1344857 0.0524712 
2790000 2992 992.391 2586249.138 1615.579 9.1859 0 0 0 0.0040201 -214.6021971 55.7047322 0.1368242 0.0535229 
2800000 3002 993.783 2601414.806 1611.076 9.2015 0 0 0 0.0035244 -215.4616579 35.5867317 0.135985 0.052922 
2810000 3012 994.92 2619038.248 1620.135 9.2155 0 0 0 0.0037662 -217.3170253 35.3892051 0.1386414 0.0534738 
2820000 3022 995.849 2637644.18 1665.716 9.2307 0 0 0 0.0036588 -218.1919474 31.9596105 0.1400946 0.0539447 
2830000 3032 996.609 2653728.03 1650.473 9.2438 0 0 0 0.0036614 -218.3068291 39.5287369 0.1414157 0.0549534 
2840000 3042 997.229 2671384.481 1675.529 9.2523 0 0 0 0.0040094 -219.8183867 50.606467 0.1423048 0.0557515 
2850000 3052 997.736 2689574.163 1699.418 9.2542 0 0 0 0.0039406 -219.7544724 44.1184966 0.1431959 0.0552909 
2860000 3062 998.15 2707346.426 1714.141 9.2583 0 0 0 0.0039201 -219.9036722 43.0988227 0.1441243 0.0568476 
2870000 3072 998.488 2725126.66 1728.005 9.2646 0 0 0 0.0041184 -220.2982853 53.9705393 0.1438565 0.0557299 
2880000 3082 998.765 2742910.542 1737.147 9.2729 0 0 0 0.0039841 -221.0462134 45.4161608 0.1425555 0.0552525 
2890000 3092 998.991 2760234.609 1734.417 9.2717 0 0 0 0.0040725 -222.1268322 42.6973558 0.148062 0.0594103 
2900000 3102 999.175 2777076.725 1726.827 9.2689 0 0 0 0.003692 -222.5013203 40.9834298 0.1430726 0.0542645 
2910000 3112 999.326 2795159.886 1743.377 9.2579 0 0 0 0.0037513 -223.947665 20.0323628 0.1423857 0.054423 
2920000 3122 999.45 2811061.005 1713.853 9.2645 0 0 0 0.0036653 -224.9192753 36.8926722 0.1436968 0.0549241 
2930000 3132 999.55 2826401.964 1683.121 9.2763 0 0 0 0.003957 -225.2105143 56.8322355 0.14452 0.0554483 
2940000 3142 999.633 2842802.821 1675.024 9.2686 0 0 0 0.004099 -226.2152512 71.5579722 0.1438061 0.0556802 
2950000 3152 999.7 2857507.763 1637.841 9.2712 0 0 0 0.0035657 -226.2367469 34.0120216 0.143747 0.0551248 
2960000 3162 999.755 2870812.29 1597.201 9.2681 0 0 0 0.0048762 -226.9333249 120.9593133 0.1461596 0.0575846 
2970000 3172 999.8 2883421.679 1522.287 9.2651 0 0 0 0.004103 -227.3393789 67.1952799 0.142789 0.054693 
2980000 3182 999.836 2897620.433 1503.334 9.2657 0 0 0 0.0039644 -226.7290818 64.2840422 0.1421296 0.0545792 
2990000 3192 999.866 2912221.367 1499.123 9.2635 0 0 0 0.0037433 -226.6733814 47.8193925 0.1421292 0.0551141 
3000000 3202 999.891 2924353.763 1443.242 9.2733 0 0 0 0.0033894 -226.8366058 19.4211526 0.1395346 0.053937 
3010000 3212 999.911 2938384.081 1452.099 9.2841 0 0 0 0.0036198 -226.2954189 39.9595647 0.138997 0.05356 
3020000 3222 999.927 2954617.241 1466.093 9.2899 0 0 0 0.0039499 -226.0146703 63.5317544 0.140426 0.0542535 
3030000 3232 999.94 2967725.94 1456.595 9.2932 0 0 0 0.0040064 -225.8255217 65.5595089 0.1406407 0.0549186 
3040000 3242 999.951 2981514.586 1436.193 9.2942 0 0 0 0.00377 -224.9592349 52.1870239 0.1386947 0.0535923 
3050000 3252 999.96 2995935.03 1430.214 9.2931 0 0 0 0.0035428 -224.3164712 27.6681077 0.138608 0.0542776 
3060000 3262 999.967 3009668.784 1422.16 9.3024 0 0 0 0.0038188 -223.8749403 46.9708984 0.1389064 0.0546664 
3070000 3272 999.973 3023570.261 1408.082 9.302 0 0 0 0.0041389 -223.6297561 60.0077428 0.1382835 0.055058 
3080000 3282 999.978 3038147.703 1417.534 9.302 0 0 0 0.0036912 -223.2412622 38.4614201 0.1377186 0.0540694 
3090000 3292 999.982 3055256.589 1476.938 9.3053 0 0 0 0.0044017 -221.9271702 78.8817316 0.1385161 0.0549788 
3100000 3302 999.985 3070459.376 1477.644 9.3168 0 0 0 0.0046607 -222.1085667 113.231519 0.1391774 0.0558606 
3110000 3312 999.988 3084515.731 1473.913 9.3035 0 0 0 0.0038951 -221.1803978 47.4074977 0.1384978 0.05553 
3120000 3322 999.99 3097391.21 1431.358 9.3082 0 0 0 0.0040222 -220.75621 72.4390842 0.1364686 0.0549223 
3130000 3332 999.992 3113188.791 1463.054 9.3013 0 0 0 0.0035736 -221.2257743 36.74676 0.1374011 0.0555187 
3140000 3342 999.994 3127856.145 1472.321 9.3069 0 0 0 0.0041392 -220.5678763 55.5329172 0.1375401 0.055666 
3150000 3352 999.995 3144778.468 1501.683 9.3123 0 0 0 0.0043627 -221.3566682 67.6311423 0.1401523 0.057406 
3160000 3362 999.996 3159133.687 1493.871 9.3056 0 0 0 0.0037458 -221.5707336 27.4076672 0.1390907 0.0564196 
3170000 3372 999.996 3174897.774 1511.939 9.3076 0 0 0 0.0042976 -221.9338625 57.8429393 0.1411337 0.0579113 
3180000 3382 999.997 3190323.673 1516.011 9.2979 0 0 0 0.0045617 -222.3208627 67.5621895 0.1437426 0.0601017 
3190000 3392 999.998 3205535.008 1514.625 9.2957 0 0 0 0.0052212 -222.5758909 105.4057474 0.1461201 0.0616296 
3200000 3402 999.998 3220791.152 1533.761 9.2869 0 0 0 0.0045266 -222.8811399 67.2826841 0.14564 0.0603366 
3210000 3412 999.998 3232485.393 1470.501 9.2831 0 0 0 0.0046467 -222.6012548 71.46097 0.1439779 0.0597075 
3220000 3422 999.999 3247530.698 1454.395 9.2832 0 0 0 0.0047096 -222.4954508 68.266411 0.1454183 0.0607889 
3230000 3432 999.999 3265972.357 1528.474 9.2843 0 0 0 0.0048534 -223.4016056 81.8535259 0.1448252 0.0597822 
3240000 3442 999.999 3283515.237 1571.95 9.2905 0 0 0 0.004643 -225.0071922 89.477656 0.1447707 0.0595703 
3250000 3452 999.999 3299337.007 1593.5 9.291 0 0 0 0.0037099 -225.6576816 27.3657639 0.1431301 0.0578506 
3260000 3462 999.999 3316331.157 1589.417 9.2914 0 0 0 0.0038073 -226.0039693 33.8335589 0.1435846 0.0577566 
3270000 3472 1000.0 3330511.608 1561.647 9.2996 0 0 0 0.0039257 -226.3887215 26.6567165 0.1440385 0.0578179 
3280000 3482 1000.0 3348527.513 1609.744 9.2882 0 0 0 0.0035923 -227.4088753 8.3966035 0.1459047 0.0591914 
3290000 3492 1000.0 3366335.17 1639.866 9.2743 0 0 0 0.0044039 -227.8239232 58.9396651 0.1474567 0.0605378 
3300000 3502 1000.0 3385103.295 1676.194 9.2749 0 0 0 0.0036584 -228.6017554 30.4322389 0.1469532 0.0594609 
3310000 3512 1000.0 3403380.027 1705.998 9.2678 0 0 0 0.0041029 -229.095849 47.5559959 0.149175 0.0606271 
3320000 3522 1000.0 3420398.515 1705.723 9.28 0 0 0 0.0036086 -229.9256479 16.4185003 0.1472095 0.0589223 
3330000 3532 1000.0 3438006.779 1718.686 9.2756 0 0 0 0.0045702 -229.536132 99.5481452 0.1490037 0.0608475 
3340000 3542 1000.0 3452420.797 1670.709 9.2718 0 0 0 0.0044763 -229.9932382 93.6682684 0.1476187 0.05956 
3350000 3552 1000.0 3468922.349 1667.116 9.2799 0 0 0 0.003885 -229.9387743 42.2259431 0.1458505 0.058317 
3360000 3562 1000.0 3487310.518 1694.501 9.2812 0 0 0 0.0042169 -230.0224665 71.8127188 0.1465144 0.0591613 
3370000 3573 993.998 3502903.717 1659.72 9.2219 0 0 0 0.0042375 -230.0904049 74.8868277 0.1460527 0.0584704 
3380000 3583 995.096 3519617.028 1662.965 9.2248 0 0 0 0.004073 -231.0637579 57.5102604 0.1439607 0.0569479 
3390000 3593 995.993 3537777.749 1692.407 9.2349 0 0 0 0.0044706 -232.0819838 94.6511057 0.1466751 0.0588997 
3400000 3603 996.726 3555243.998 1698.944 9.2417 0 0 0 0.0037839 -232.3171982 58.8634183 0.1443768 0.0565227 
3410000 3613 997.325 3571819.551 1691.65 9.251 0 0 0 0.003858 -233.4256097 68.387527 0.1454658 0.0565919 
3420000 3623 997.814 3579713.721 1530.018 9.2604 0 0 0 0.0037081 -233.0403419 44.2607507 0.1450374 0.0582818 
3430000 3633 998.214 3591280.019 1460.959 9.2676 0 0 0 0.0035996 -232.8797807 41.7855217 0.140462 0.0556939 
3440000 3643 998.541 3605840.02 1463.455 9.2699 0 0 0 0.0033397 -232.4676421 44.2801611 0.1397143 0.0552923 
3450000 3653 998.808 3619938.637 1451.105 9.2772 0 0 0 0.0042666 -232.5497903 100.8261394 0.1389282 0.0553057 
3460000 3663 999.026 3631594.238 1398.513 9.2753 0 0 0 0.00406 -231.1464855 92.2647131 0.1393859 0.0570895 
3470000 3673 999.204 3644274.844 1372.971 9.2714 0 0 0 0.0035996 -231.2004829 45.5852305 0.1348011 0.0534487 
3480000 3683 999.35 3656624.27 1348.153 9.282 0 0 0 0.0040424 -230.4221844 80.4444563 0.1342663 0.0546912 
3490000 3693 998.547 3668698.483 1319.873 9.2858 0 0 0 0.0035546 -229.4006692 48.3727272 0.132956 0.0535395 
3500000 3703 998.813 3681418.863 1312.191 9.2891 0 0 0 0.0031566 -227.8861021 29.0764712 0.1293594 0.0522112 
3510000 3713 999.03 3695209.275 1328.276 9.2875 0 0 0 0.0032959 -227.2616027 31.5641102 0.1289744 0.0515502 
3520000 3723 999.208 3707638.189 1310.754 9.3005 0 0 0 0.0041952 -226.0886484 66.370406 0.1419266 0.0690467 
3530000 3733 999.353 3718469.698 1272.235 9.3074 0 0 0 0.0030267 -225.1498085 32.9115402 0.123011 0.0479195 
3540000 3743 999.471 3732677.492 1299.505 9.2935 0 0 0 0.0032273 -225.556876 26.2512803 0.1266524 0.0520423 
3550000 3753 999.568 3746974.76 1324.134 9.2809 0 0 0 0.0037961 -224.5878536 81.0117174 0.1241296 0.0504437 
3560000 3763 999.647 3760212.571 1324.478 9.2824 0 0 0 0.0037094 -223.4193079 71.7014522 0.1227983 0.0497229 
3570000 3773 999.711 3773921.445 1334.98 9.2819 0 0 0 0.0036398 -222.8654207 84.7147604 0.124951 0.0502888 
3580000 3783 999.764 3786847.455 1327.462 9.2847 0 0 0 0.0041452 -221.3012795 61.7216821 0.1224709 0.0504513 
3590000 3793 999.807 3799430.617 1313.261 9.2854 0 0 0 0.0040716 -219.7549462 73.7159013 0.1214452 0.0504804 
3600000 3803 999.843 3810832.335 1282.137 9.2873 0 0 0 0.0033064 -219.6637548 29.3103985 0.1203449 0.0488285 
3610000 3813 999.871 3825219.189 1312.531 9.286 0 0 0 0.0032212 -218.6887526 25.5016977 0.1200502 0.0490026 
3620000 3823 999.895 3838485.528 1319.308 9.2948 0 0 0 0.0036272 -219.2032972 37.9888783 0.1268759 0.0533222 
3630000 3833 999.914 3853487.622 1345.679 9.2471 0 0 0 0.0032448 -219.3131997 27.7718367 0.1288202 0.0532658 
3640000 3843 999.93 3867988.066 1365.954 9.2664 0 0 0 0.0037155 -218.0547595 31.4846709 0.1299434 0.0540627 
3650000 3853 999.943 3886187.599 1448.701 9.289 0 0 0 0.0040884 -218.8669867 56.6804092 0.1353766 0.0576922 
3660000 3863 999.953 3904835.365 1524.044 9.3103 0 0 0 0.0037101 -219.8439954 42.4769874 0.1349479 0.0572532 
3670000 3873 999.962 3921884.917 1557.028 9.321 0 0 0 0.0039712 -220.7118685 61.5966041 0.1349778 0.0564709 
3680000 3883 999.969 3940005.762 1604.479 9.3275 0 0 0 0.0038258 -221.9518986 43.9858335 0.1364487 0.0571313 
3690000 3893 999.974 3956767.415 1619.43 9.3322 0 0 0 0.0037589 -223.3087417 30.1205495 0.1389531 0.0575076 
3700000 3903 999.979 3972694.377 1615.141 9.3366 0 0 0 0.0039744 -224.7670819 40.8919224 0.1412627 0.0594149 
3710000 3913 999.983 3989291.177 1624.29 9.3358 0 0 0 0.0041809 -226.0101352 63.6691878 0.1440744 0.0600314 
3720000 3923 999.986 4003830.053 1592.087 9.3397 0 0 0 0.0046018 -227.3446627 62.7114828 0.1475959 0.0624347 
3730000 3933 999.989 4020520.589 1603.905 9.3322 0 0 0 0.0037868 -228.7725828 29.0670068 0.1487423 0.061709 
3740000 3943 989.004 4038022.939 1609.908 9.2347 0 0 0 0.0045945 -229.6964222 66.9765499 0.153676 0.0660994 
3750000 3953 991.015 4056798.363 1656.827 9.256 0 0 0 0.0043992 -230.6096794 60.467043 0.1538151 0.0651842 
3760000 3963 992.659 4073453.973 1668.645 9.274 0 0 0 0.0039617 -231.3134973 32.7036117 0.1553348 0.0671579 
3770000 3973 994.002 4088487.83 1634.676 9.2869 0 0 0 0.0042787 -231.6925938 65.5463595 0.1550989 0.0665211 
3780000 3983 995.099 4101803.815 1581.15 9.298 0 0 0 0.0046184 -232.1668469 67.2311713 0.1557185 0.0669854 
3790000 3993 995.77 4112951.036 1508.898 9.3033 0 0 0 0.0043093 -232.2219604 55.8321616 0.15463 0.0658371 
3800000 4003 996.543 4124477.474 1442.661 9.3161 0 0 0 0.0042984 -231.4217214 48.1658993 0.1540433 0.0658242 
3810000 4013 997.176 4136886.245 1395.065 9.3178 0 0 0 0.0046331 -231.7656136 68.9335699 0.152114 0.0649945 
3820000 4023 997.028 4152354.686 1417.624 9.323 0 0 0 0.0038332 -232.0570668 33.7228033 0.1514838 0.0642786 
3830000 4033 997.572 4165293.222 1411.201 9.3243 0 0 0 0.0040953 -231.7440771 69.6279273 0.1511702 0.0639326 
3840000 4043 998.016 4178482.363 1386.014 9.341 0 0 0 0.0041047 -231.4539785 43.0159948 0.1502927 0.063911 
3850000 4053 998.379 4192942.451 1391.759 9.3442 0 0 0 0.0038557 -230.7890836 31.6760166 0.149458 0.0629142 
3860000 4063 998.676 4208216.79 1415.648 9.3356 0 0 0 0.0038022 -230.4999185 25.293802 0.1484374 0.0626328 
3870000 4074 992.303 4222839.964 1419.979 9.2814 0 0 0 0.0045309 -230.0544825 70.762477 0.1508456 0.065389 
3880000 4084 993.711 4237454.456 1426.021 9.2887 0 0 0 0.0038093 -229.5445785 37.506241 0.1482831 0.0621586 
3890000 4094 994.861 4252934.019 1446.201 9.3014 0 0 0 0.0043374 -228.7708709 56.5379286 0.1497424 0.0645627 
3900000 4104 995.801 4266037.273 1422.123 9.3194 0 0 0 0.003829 -228.4429954 42.4894913 0.1488283 0.0630432 
3910000 4114 996.569 4279652.091 1413.11 9.3248 0 0 0 0.0038251 -227.5786303 24.5357041 0.1473787 0.063109 
3920000 4124 997.197 4293660.925 1407.235 9.3349 0 0 0 0.0041551 -226.6932325 51.2747585 0.1436133 0.0604172 
3930000 4134 997.71 4310056.181 1447.828 9.3469 0 0 0 0.0037741 -226.6686376 39.3937718 0.1464792 0.0628241 
3940000 4144 998.129 4325591.121 1468.453 9.3501 0 0 0 0.0039329 -225.5275674 57.5477063 0.1432261 0.0614156 
3950000 4154 998.471 4340762.118 1477.557 9.3586 0 0 0 0.0039001 -224.8301937 45.4688107 0.1469087 0.064977 
3960000 4164 998.751 4358187.969 1526.545 9.3621 0 0 0 0.0041069 -224.581878 69.9558264 0.1437992 0.0623624 
3970000 4174 998.979 4376945.226 1592.1 9.3579 0 0 0 0.0042637 -225.9269199 51.3087742 0.1443679 0.0621151 
3980000 4184 997.912 4391361.627 1562.569 9.3474 0 0 0 0.004051 -225.5763712 48.6411945 0.1481295 0.0650658 
3990000 4194 998.294 4409133.873 1597.108 9.352 0 0 0 0.0037153 -226.8485965 33.2560512 0.1449948 0.0611676 
4000000 4204 998.606 4426983.652 1632.821 9.3588 0 0 0 0.0037234 -228.3850569 33.8405233 0.1486464 0.0628614 
