10000 10 182.927 4542.041 83.172 0.2011 0 0 0 0.0 0.0 0.0 0.0 0.0 
20000 20 318.927 8912.705 140.516 0.351 0 0 0 0.0 0.0 0.0 0.0 0.0 
30000 30 443.514 10595.26 148.225 1.8863 0 0 0 0.002668 -1.3218943 0.016905 0.0497768 0.015453 
40000 46 496.392 13340.732 156.305 2.9701 0 0 0 0.0026264 -2.4516773 0.0265747 0.0467858 0.0166534 
50000 59 565.573 17105.999 189.035 3.9394 0 0 0 0.0024154 -3.7450838 0.0338153 0.0412072 0.0141842 
60000 76 548.563 22184.51 211.365 4.1307 0 0 0 0.0025418 -5.2866167 0.0629351 0.0399133 0.0146647 
70000 87 627.283 27735.587 270.985 5.001 0 0 0 0.0020757 -6.9140025 0.088528 0.0387774 0.0127629 
80000 97 695.463 32903.814 316.959 5.7457 0 0 0 0.0020317 -8.7143433 0.0925148 0.0385431 0.0128534 
90000 109 727.933 37240.005 326.66 6.1664 0 0 0 0.0031142 -10.319824 0.2095909 0.0418076 0.0149322 
100000 119 777.701 41985.324 354.98 6.7215 0 0 0 0.0021895 -11.9421263 0.218147 0.039834 0.0142384 
110000 129 818.366 44698.102 338.883 7.1593 0 0 0 0.0022391 -13.7349046 0.2309381 0.0392329 0.0147511 
120000 144 782.304 48596.406 320.109 6.8987 0 0 0 0.0021751 -15.1544656 0.2782473 0.037391 0.0129275 
130000 159 746.682 53264.545 314.085 6.6386 0 0 0 0.002577 -16.739223 0.3538696 0.0392633 0.0151125 
140000 171 770.419 58372.603 339.584 6.8919 0 0 0 0.002426 -18.4560391 0.4245619 0.0382632 0.0141553 
150000 181 795.877 64231.25 377.435 7.1464 0 0 0 0.0029859 -20.1582184 0.7142122 0.039073 0.0157547 
160000 192 825.355 68744.316 385.705 7.4315 0 0 0 0.0026567 -21.9201388 0.6982218 0.0388361 0.0144012 
170000 203 844.302 73338.039 393.365 7.6344 0 0 0 0.0026778 -23.9927597 0.8052666 0.0412963 0.0157868 
180000 213 872.783 78300.423 412.313 7.898 0 0 0 0.002203 -25.7741465 0.5428538 0.0404067 0.015758 
190000 223 896.055 83085.935 424.661 8.1147 0 0 0 0.002146 -27.4008611 0.4722794 0.0402156 0.0160575 
200000 233 915.069 88327.721 441.888 8.2953 0 0 0 0.002316 -28.939251 0.7498684 0.0383621 0.0142973 
210000 243 930.605 93723.173 462.299 8.4549 0 0 0 0.0027607 -30.3008389 1.379233 0.0414944 0.0162525 
220000 253 943.299 98498.124 463.696 8.589 0 0 0 0.0032048 -31.697186 1.5696498 0.0406471 0.01571 
230000 264 932.845 103501.903 461.247 8.5058 0 0 0 0.0021854 -33.3944375 0.6053285 0.0415464 0.015402 
240000 274 945.129 108614.761 469.711 8.6466 0 0 0 0.002674 -34.9214364 1.2879864 0.0405582 0.0151673 
250000 284 955.167 113960.975 482.319 8.7534 0 0 0 0.002713 -36.3437848 1.6157427 0.0412343 0.0162596 
260000 295 950.544 119680.088 489.832 8.7291 0 0 0 0.0025458 -37.9490549 1.3769837 0.0434713 0.0170834 
270000 306 947.13 124908.913 490.909 8.7119 0 0 0 0.0021478 -38.7263171 0.9281398 0.0415164 0.0159434 
280000 316 955.602 130774.673 508.264 8.8005 0 0 0 0.0030992 -40.2780131 2.7822635 0.042204 0.0170805 
290000 326 963.724 135447.487 499.315 8.889 0 0 0 0.0022869 -41.8326997 2.0239132 0.0395386 0.0150633 
300000 336 970.36 140726.289 505.621 8.9602 0 0 0 0.0023786 -43.1952379 1.4246703 0.040775 0.016002 
310000 346 975.782 147373.532 533.931 9.0191 0 0 0 0.0019823 -45.0457882 0.9670721 0.0412609 0.015465 
320000 356 980.212 152825.892 535.379 9.071 0 0 0 0.0023243 -46.9408154 1.9427653 0.0438274 0.0174406 
330000 366 983.832 158414.474 541.642 9.1022 0 0 0 0.002258 -48.5471563 1.5742001 0.0439591 0.0163342 
340000 376 974.503 165422.806 563.001 9.0039 0 0 0 0.0031453 -50.5978033 3.3672868 0.0471263 0.0181887 
350000 386 979.167 172697.965 588.833 9.049 0 0 0 0.0022838 -52.3565496 1.7384595 0.0479741 0.0186639 
360000 396 982.978 180348.353 619.657 9.0821 0 0 0 0.0025926 -54.2750512 2.6368909 0.049854 0.0179512 
370000 406 986.092 190375.961 688.047 9.1098 0 0 0 0.0031685 -55.9846562 4.9738749 0.0533802 0.0197056 
380000 416 988.636 200082.032 739.909 9.1347 0 0 0 0.0028112 -58.1466189 3.8856407 0.0534544 0.0188157 
390000 426 990.715 209233.069 774.35 9.1538 0 0 0 0.0029417 -59.8702344 3.4824568 0.056224 0.020038 
400000 438 963.842 218295.503 778.33 8.9079 0 0 0 0.0029329 -61.707955 4.5763519 0.0578794 0.0200556 
410000 448 970.456 226762.31 784.821 8.9701 0 0 0 0.0031757 -63.7603691 4.6991213 0.0595129 0.0214179 
420000 458 975.861 234768.702 789.819 9.0355 0 0 0 0.0030013 -65.4008867 2.897959 0.0610026 0.0212809 
430000 468 980.276 242921.754 791.283 9.0881 0 0 0 0.0029618 -67.1466769 3.6927506 0.0598814 0.0214524 
440000 478 983.884 250506.986 790.228 9.1309 0 0 0 0.0028581 -68.7507863 3.351102 0.0617296 0.0216801 
450000 488 986.832 258291.749 785.668 9.1558 0 0 0 0.0030064 -70.277702 4.5852371 0.0614248 0.0211824 
460000 499 974.542 266160.898 778.404 9.042 0 0 0 0.0028008 -71.9676032 2.403681 0.0626767 0.0215599 
470000 509 979.199 274172.044 777.627 9.0795 0 0 0 0.0035826 -73.1675804 11.9150826 0.0662054 0.0239717 
480000 520 967.7 283033.427 784.883 8.9741 0 0 0 0.0033244 -75.2027842 5.4515934 0.0657715 0.022243 
490000 530 973.609 292115.713 808.386 9.0287 0 0 0 0.0033542 -76.8349335 3.2957657 0.0695591 0.0246574 
500000 540 978.436 301044.997 823.279 9.076 0 0 0 0.0034047 -78.1317299 3.9696682 0.070529 0.0246203 
510000 550 973.927 310646.008 842.856 9.0705 0 0 0 0.0042473 -79.6223555 12.3859635 0.0742902 0.0264661 
520000 560 978.696 321873.717 894.128 9.1906 0 0 0 0.0034904 -81.6360041 5.5119812 0.0750458 0.0259891 
530000 570 982.593 331723.324 906.456 9.289 0 0 0 0.0040736 -83.3794289 10.9993735 0.0743102 0.0257207 
540000 580 985.777 343134.033 949.246 9.3669 0 0 0 0.00385 -84.9377891 9.3914193 0.0761026 0.0258338 
550000 590 988.379 354665.025 985.844 9.4247 0 0 0 0.0035224 -86.6930905 4.0841042 0.0749617 0.0251235 
560000 600 990.505 364804.459 994.382 9.4819 0 0 0 0.0039856 -88.2140986 9.4582985 0.0769547 0.0263713 
570000 610 992.242 374181.713 985.285 9.5304 0 0 0 0.0035379 -89.501051 5.3992 0.0760852 0.0255027 
580000 620 993.661 383069.518 963.462 9.5491 0 0 0 0.0034094 -89.9576764 4.951792 0.0757838 0.0254175 
590000 630 994.821 394095.637 987.797 9.5394 0 0 0 0.003631 -91.8024349 4.8980426 0.0777801 0.0264657 
600000 640 995.768 403305.121 978.462 9.5035 0 0 0 0.0040519 -92.3149349 10.907949 0.0778854 0.0264296 
610000 650 996.542 411881.238 958.488 9.4654 0 0 0 0.0037891 -93.0634805 9.6729424 0.0777851 0.025967 
620000 660 997.175 417856.992 893.074 9.4216 0 0 0 0.004022 -93.7087557 8.1509357 0.0802998 0.0277564 
630000 670 997.692 425184.696 860.291 9.3872 0 0 0 0.0042453 -95.2828039 9.9089699 0.0839431 0.0294005 
640000 681 994.037 434524.399 873.166 9.3244 0 0 0 0.0042462 -95.9488986 4.8242885 0.084905 0.0297596 
650000 691 995.128 446223.972 926.235 9.2941 0 0 0 0.004314 -98.02748 9.835995 0.0879962 0.0310154 
660000 701 996.019 456379.516 943.281 9.2835 0 0 0 0.0041645 -98.9428252 8.2927077 0.088325 0.0303905 
670000 711 996.747 467983.533 983.46 9.2711 0 0 0 0.0041195 -100.8169455 8.037226 0.0912603 0.0310414 
680000 721 997.342 481547.621 1052.202 9.2592 0 0 0 0.0042333 -102.5604827 7.5047975 0.0912534 0.0308662 
690000 731 997.828 493809.728 1081.807 9.2582 0 0 0 0.0042847 -104.2627397 9.2633094 0.0926342 0.0314415 
700000 741 998.226 503794.179 1066.932 9.2389 0 0 0 0.0048178 -105.3020059 18.6028877 0.0921388 0.0311184 
710000 751 998.55 514133.955 1062.36 9.2363 0 0 0 0.0039616 -106.6976287 7.7203671 0.0920422 0.0310902 
720000 761 998.815 523205.555 1034.446 9.2377 0 0 0 0.0040334 -106.688264 8.1147681 0.0911013 0.0300313 
730000 771 999.032 534169.785 1044.498 9.2298 0 0 0 0.0042148 -108.2221084 10.3216321 0.0927114 0.0314954 
740000 781 999.209 545738.567 1064.576 9.2357 0 0 0 0.0039678 -109.3253103 10.7001683 0.0927226 0.0304847 
750000 791 999.354 556770.142 1071.777 9.2443 0 0 0 0.0040977 -110.469773 9.3668483 0.092766 0.0311589 
760000 801 999.472 567134.449 1065.313 9.2375 0 0 0 0.0043582 -111.1995627 8.1677524 0.0937635 0.0319608 
770000 811 999.569 579537.537 1096.574 9.2383 0 0 0 0.0045692 -112.1180834 11.8560332 0.0962553 0.0331617 
780000 821 999.648 593449.56 1151.236 9.2468 0 0 0 0.004343 -114.862257 14.7845509 0.0965204 0.032616 
790000 831 999.712 604417.53 1139.422 9.2556 0 0 0 0.0041994 -115.8363348 17.4832815 0.0965603 0.0323582 
800000 841 999.765 617974.162 1179.652 9.2437 0 0 0 0.0042283 -118.1314893 8.6690542 0.0967594 0.031862 
810000 851 999.808 631101.025 1203.501 9.2495 0 0 0 0.0042991 -119.8713043 18.3889574 0.0978374 0.0321209 
820000 861 999.843 644165.197 1221.615 9.2535 0 0 0 0.0040813 -122.3155803 15.7586014 0.0980821 0.0314377 
830000 871 999.872 656571.519 1225.24 9.2517 0 0 0 0.0044436 -123.9853159 17.3047153 0.0981436 0.0313175 
840000 881 999.895 667794.136 1207.48 9.2544 0 0 0 0.0043089 -125.3231891 17.434743 0.0982132 0.0310061 
850000 891 999.914 677857.718 1170.104 9.2468 0 0 0 0.0040308 -126.5694895 20.1592373 0.0982769 0.0307136 
860000 901 999.93 686252.368 1107.751 9.2563 0 0 0 0.0035803 -126.9956343 9.8881403 0.0943242 0.0294855 
870000 911 999.943 696384.522 1090.803 9.2701 0 0 0 0.0037094 -127.9567091 5.4950986 0.0952057 0.030208 
880000 921 999.953 705147.777 1052.028 9.2681 0 0 0 0.0039436 -127.3376717 19.9807556 0.093691 0.0298123 
890000 931 999.962 715663.746 1052.859 9.2665 0 0 0 0.0037413 -128.4455374 8.7579869 0.0950803 0.0304814 
900000 941 999.969 726771.975 1063.883 9.2597 0 0 0 0.0039632 -128.8255336 17.4885189 0.0958001 0.0305283 
910000 951 999.975 735258.246 1025.167 9.2565 0 0 0 0.0036674 -130.3020875 12.7566263 0.0957013 0.0302193 
920000 961 999.979 745692.663 1027.804 9.2459 0 0 0 0.0039183 -130.888811 17.5245719 0.0975917 0.0311823 
930000 971 999.983 757062.812 1046.333 9.2652 0 0 0 0.0040994 -132.0318537 20.1136811 0.0975354 0.0315964 
940000 981 999.986 766857.524 1035.834 9.2586 0 0 0 0.0040841 -132.528683 25.9298399 0.0963333 0.0312976 
950000 991 999.989 776597.914 1023.526 9.2652 0 0 0 0.0041586 -133.4863428 17.3775741 0.0967913 0.031107 
960000 1001 999.991 791196.846 1102.804 9.2481 0 0 0 0.0044556 -135.5448153 22.5926583 0.0986104 0.0318796 
970000 1011 999.992 800278.18 1070.097 9.2494 0 0 0 0.0038018 -136.1758598 15.9554438 0.096609 0.031191 
980000 1021 999.994 812323.466 1095.574 9.2519 0 0 0 0.0036569 -136.4252332 12.5785227 0.0963222 0.0305843 
990000 1031 999.995 824377.896 1115.706 9.2608 0 0 0 0.0037179 -137.4319133 25.2554304 0.0983385 0.0322776 
1000000 1041 999.996 833269.494 1072.611 9.2855 0 0 0 0.0035752 -137.2907751 7.5090487 0.0958323 0.030738 
1010000 1051 999.997 844065.942 1075.554 9.2782 0 0 0 0.0035706 -137.3056737 8.9141996 0.0954211 0.0311975 
1020000 1061 999.997 857470.763 1121.307 9.2743 0 0 0 0.0036418 -138.3519239 10.5497825 0.0954066 0.0306404 
1030000 1071 999.998 870252.608 1149.603 9.2673 0 0 0 0.0037133 -138.9991125 8.8059148 0.0956782 0.0309542 
1040000 1081 999.998 886046.012 1229.986 9.2582 0 0 0 0.0037175 -140.1501027 17.0108197 0.0945252 0.0299196 
1050000 1091 999.998 900416.486 1266.814 9.2553 0 0 0 0.0042151 -142.3498008 46.6997724 0.0995998 0.0325983 
1060000 1101 999.999 914901.689 1301.099 9.2482 0 0 0 0.0037369 -143.5137689 15.3683436 0.1011783 0.0324 
1070000 1111 999.999 931644.724 1369.423 9.2518 0 0 0 0.0039453 -145.5903106 18.255809 0.1018663 0.0327589 
1080000 1121 999.999 947995.715 1417.955 9.2511 0 0 0 0.0036639 -148.8536928 9.486312 0.104971 0.0338437 
1090000 1131 999.999 961678.455 1408.362 9.2399 0 0 0 0.0048029 -150.8624785 34.0597846 0.1114278 0.0380071 
1100000 1141 999.999 974075.691 1376.878 9.2414 0 0 0 0.0039053 -152.3280722 21.7752138 0.1096452 0.0375405 
1110000 1151 1000.0 986548.026 1354.906 9.2417 0 0 0 0.0036382 -153.9114125 9.9067371 0.1054147 0.0335975 
1120000 1161 1000.0 999881.113 1349.73 9.2372 0 0 0 0.003541 -155.9399932 3.6733677 0.1065425 0.0342791 
1130000 1171 1000.0 1014818.591 1377.418 9.241 0 0 0 0.0040332 -157.4806934 26.6050092 0.1085508 0.0351103 
1140000 1181 1000.0 1030204.694 1406.511 9.2343 0 0 0 0.0038966 -158.6824209 23.8917544 0.1093143 0.0346737 
1150000 1191 1000.0 1045206.117 1424.123 9.2327 0 0 0 0.0039556 -159.7257418 28.411137 0.1126734 0.0361833 
1160000 1201 1000.0 1060674.174 1448.208 9.2201 0 0 0 0.0040696 -160.2990735 27.0454212 0.1144724 0.0367854 
1170000 1211 1000.0 1078496.071 1507.651 9.2017 0 0 0 0.0036121 -162.2063426 6.0353096 0.1155224 0.0361026 
1180000 1221 1000.0 1093635.626 1507.587 9.1999 0 0 0 0.0041675 -163.3561299 19.6804184 0.1160478 0.0371158 
1190000 1231 1000.0 1109319.706 1518.269 9.1995 0 0 0 0.0043813 -165.1247211 35.6325634 0.118184 0.0379557 
1200000 1241 1000.0 1125979.125 1546.617 9.194 0 0 0 0.0042225 -167.2865112 33.1082294 0.1184471 0.0381504 
1210000 1251 1000.0 1140511.958 1530.226 9.1821 0 0 0 0.0038636 -168.6776783 27.2348391 0.1214703 0.0390927 
1220000 1261 1000.0 1157115.479 1554.021 9.187 0 0 0 0.0041697 -171.1621462 25.0054026 0.1234835 0.0400186 
1230000 1271 1000.0 1172304.243 1546.633 9.1837 0 0 0 0.0043059 -172.4969168 33.009892 0.1240416 0.0404301 
1240000 1281 1000.0 1185075.151 1497.765 9.1976 0 0 0 0.0044966 -173.0582828 37.3948652 0.1242345 0.040749 
1250000 1291 1000.0 1201823.319 1530.183 9.2081 0 0 0 0.0040065 -174.8354885 13.7139699 0.1259171 0.0416342 
1260000 1301 1000.0 1218424.984 1552.214 9.1961 0 0 0 0.0041321 -176.1392993 28.1748977 0.1255739 0.0409482 
1270000 1311 1000.0 1233875.635 1550.337 9.1842 0 0 0 0.0038697 -176.6007233 7.7574284 0.126668 0.0410976 
1280000 1321 1000.0 1250330.16 1567.81 9.1961 0 0 0 0.0040242 -176.8779064 23.496957 0.1267246 0.0413529 
1290000 1331 1000.0 1265712.356 1564.186 9.1932 0 0 0 0.0042073 -178.2076276 14.4236364 0.1272075 0.0417624 
1300000 1341 1000.0 1282184.508 1580.154 9.1912 0 0 0 0.0045751 -179.5385249 54.2109028 0.1274478 0.0412571 
1310000 1351 1000.0 1299533.824 1609.176 9.1954 0 0 0 0.004027 -180.8984351 13.8781867 0.1291537 0.0422438 
1320000 1361 1000.0 1316485.977 1626.325 9.1964 0 0 0 0.0042284 -182.3446644 26.6897418 0.1300559 0.0423786 
1330000 1371 1000.0 1333075.22 1632.803 9.1898 0 0 0 0.0046341 -183.6056053 42.1686745 0.1304942 0.0428321 
1340000 1381 1000.0 1350568.951 1653.135 9.1861 0 0 0 0.0048336 -184.3932242 68.811273 0.1299272 0.0431051 
1350000 1391 1000.0 1368458.349 1677.791 9.195 0 0 0 0.0044308 -186.1323057 52.1802571 0.1318692 0.0435873 
1360000 1401 1000.0 1386838.467 1707.565 9.195 0 0 0 0.0048723 -187.0022775 61.9727836 0.1338746 0.0453339 
1370000 1411 1000.0 1404158.383 1712.932 9.1864 0 0 0 0.0039568 -188.0882874 16.2753884 0.1320581 0.0434152 
1380000 1421 1000.0 1421981.448 1725.604 9.19 0 0 0 0.0040558 -190.0846571 25.6332191 0.1333152 0.0434701 
1390000 1431 1000.0 1439245.934 1725.788 9.1939 0 0 0 0.004085 -190.7662664 14.8957349 0.1332258 0.0439715 
1400000 1441 1000.0 1454545.09 1689.359 9.1896 0 0 0 0.0042314 -191.2038044 32.4725446 0.131461 0.0429337 
1410000 1451 1000.0 1472537.428 1709.504 9.1851 0 0 0 0.0040322 -191.9504094 33.9066452 0.132599 0.0433526 
1420000 1461 1000.0 1489176.54 1702.401 9.1876 0 0 0 0.0038978 -192.4695492 16.8347916 0.131714 0.0422769 
1430000 1471 1000.0 1504889.364 1678.436 9.1909 0 0 0 0.003978 -193.4437786 39.714107 0.1335653 0.0439438 
1440000 1481 1000.0 1521391.624 1673.585 9.193 0 0 0 0.0037634 -193.908443 11.1413823 0.1341418 0.0437603 
1450000 1491 1000.0 1538120.192 1673.899 9.1933 0 0 0 0.0037761 -195.1099862 12.1685991 0.1332266 0.0428327 
1460000 1501 1000.0 1556282.374 1699.341 9.1998 0 0 0 0.0037549 -195.5678579 23.394475 0.1349287 0.0439029 
1470000 1511 1000.0 1574386.179 1720.487 9.2019 0 0 0 0.0043586 -195.9200967 65.1659851 0.1347837 0.0443603 
1480000 1521 1000.0 1592162.823 1729.514 9.1986 0 0 0 0.0038283 -197.2059512 28.545875 0.1358224 0.044057 
1490000 1531 1000.0 1610185.139 1742.982 9.2029 0 0 0 0.0036375 -197.8654688 19.1719379 0.136098 0.0442227 
1500000 1541 1000.0 1629608.162 1780.548 9.1975 0 0 0 0.0043991 -198.7587043 71.5541459 0.1362629 0.0445113 
1510000 1551 1000.0 1646244.253 1758.748 9.192 0 0 0 0.0038606 -199.3116746 38.0952849 0.1371779 0.0446943 
1520000 1561 1000.0 1664936.347 1779.696 9.209 0 0 0 0.0037933 -200.4417866 40.47455 0.1398574 0.0463693 
1530000 1571 1000.0 1682158.69 1770.527 9.2084 0 0 0 0.0043258 -201.5338098 52.9260138 0.1391456 0.045496 
1540000 1581 1000.0 1700591.124 1783.152 9.1956 0 0 0 0.0046271 -202.0375275 53.4604981 0.1400806 0.0461854 
1550000 1591 1000.0 1719422.189 1800.239 9.2128 0 0 0 0.0039261 -203.529558 36.0285175 0.1412353 0.0464178 
1560000 1601 1000.0 1737826.736 1809.367 9.2197 0 0 0 0.004229 -203.987956 65.1139744 0.1423823 0.0479598 
1570000 1611 1000.0 1756448.073 1818.359 9.2215 0 0 0 0.0040784 -204.8279798 41.0933721 0.1426302 0.0471682 
1580000 1621 1000.0 1772196.116 1776.065 9.239 0 0 0 0.0036976 -205.6588572 5.3750562 0.1429831 0.0477577 
1590000 1631 1000.0 1790330.004 1783.49 9.2293 0 0 0 0.0044907 -206.2696487 72.9840244 0.1431136 0.0481341 
1600000 1641 1000.0 1809032.332 1800.723 9.2277 0 0 0 0.0041384 -206.921366 38.2864401 0.1438407 0.0482086 
1610000 1651 1000.0 1827789.238 1813.036 9.2211 0 0 0 0.0042681 -207.9588925 37.7230121 0.1448507 0.0482211 
1620000 1661 1000.0 1846390.019 1822.076 9.2385 0 0 0 0.0044175 -208.7506854 29.1589338 0.1460217 0.0492333 
1630000 1671 1000.0 1865263.505 1834.23 9.2381 0 0 0 0.0044687 -209.3059453 69.5631838 0.1470575 0.0501922 
1640000 1681 1000.0 1885051.69 1860.272 9.243 0 0 0 0.004089 -210.6689765 29.4799724 0.1482696 0.0497959 
1650000 1691 1000.0 1904495.151 1875.286 9.2349 0 0 0 0.0044304 -211.4253453 52.9475217 0.1491945 0.0501891 
1660000 1701 1000.0 1924457.137 1897.195 9.2247 0 0 0 0.0042013 -212.7820224 49.2622676 0.1500452 0.0512099 
1670000 1711 1000.0 1945215.37 1930.266 9.2298 0 0 0 0.0039757 -214.2060414 24.7234109 0.1509161 0.0510834 
1680000 1721 1000.0 1965041.8 1937.996 9.2404 0 0 0 0.0045985 -214.8390172 68.3640255 0.1510099 0.0514504 
1690000 1731 1000.0 1984857.751 1945.299 9.2431 0 0 0 0.0042902 -215.972311 54.9390566 0.1517492 0.0515472 
1700000 1741 1000.0 2005185.284 1963.173 9.2433 0 0 0 0.0042278 -216.6884167 42.7432164 0.152036 0.0518237 
1710000 1751 1000.0 2026601.495 1994.807 9.2366 0 0 0 0.0044122 -218.3277208 75.9940646 0.1517975 0.052152 
1720000 1761 1000.0 2047572.926 2013.885 9.2391 0 0 0 0.0040447 -218.9671784 54.2665987 0.152579 0.052341 
1730000 1771 1000.0 2067773.688 2015.054 9.171 0 0 0 0.0039971 -220.040354 55.7879724 0.1519338 0.0515083 
1740000 1781 1000.0 2087343.459 2004.376 9.1747 0 0 0 0.0037047 -220.2264205 32.4864941 0.1534998 0.0518178 
1750000 1791 1000.0 2107481.217 2006.371 9.1747 0 0 0 0.0041421 -220.8071761 44.816967 0.1536443 0.0521929 
1760000 1801 1000.0 2125729.34 1975.688 9.179 0 0 0 0.0038816 -221.1704602 32.0455529 0.1522234 0.0510154 
1770000 1811 1000.0 2145575.809 1976.184 9.1946 0 0 0 0.0037985 -221.1401607 26.3628252 0.1516958 0.0502305 
1780000 1821 1000.0 2164058.856 1955.921 9.2053 0 0 0 0.0039954 -222.008269 46.1464265 0.1532943 0.0516592 
1790000 1831 1000.0 2184779.153 1976.018 9.2008 0 0 0 0.0037606 -223.4821583 27.7833549 0.1529475 0.0509518 
1800000 1841 1000.0 2204094.173 1967.63 9.2088 0 0 0 0.0039988 -223.7592252 51.4480509 0.1528305 0.0513782 
1810000 1851 1000.0 2223099.086 1953.994 9.2128 0 0 0 0.0042053 -223.9955796 62.9407466 0.1537438 0.0519166 
1820000 1861 1000.0 2242479.071 1950.989 9.2135 0 0 0 0.0038306 -224.7966111 42.4427031 0.1536619 0.0519375 
1830000 1871 1000.0 2262362.49 1957.26 9.2076 0 0 0 0.003619 -225.3799402 26.5761312 0.1543257 0.0518044 
1840000 1881 1000.0 2280475.217 1931.564 9.205 0 0 0 0.0041058 -225.6537224 58.0116593 0.1543579 0.0521802 
1850000 1891 1000.0 2297207.532 1885.782 9.2137 0 0 0 0.0038843 -225.9242926 51.293211 0.1538052 0.0519396 
1860000 1901 1000.0 2315006.684 1868.173 9.1997 0 0 0 0.0044696 -224.8377259 80.9151325 0.1530607 0.0518599 
1870000 1911 1000.0 2333107.412 1854.967 9.1918 0 0 0 0.0040358 -224.8352259 46.9314952 0.1520902 0.0516472 
1880000 1921 1000.0 2350576.542 1836.441 9.1876 0 0 0 0.0040226 -224.7490847 51.1445244 0.1521739 0.0516552 
1890000 1931 1000.0 2367555.616 1812.88 9.1874 0 0 0 0.0040253 -225.0160594 50.8532455 0.1545702 0.053464 
1900000 1941 1000.0 2382770.034 1759.025 9.1776 0 0 0 0.0044193 -223.5892704 69.577118 0.1527344 0.0528946 
1910000 1951 1000.0 2400823.104 1769.108 9.163 0 0 0 0.0038731 -223.7773825 25.5339966 0.1528455 0.0527149 
1920000 1961 1000.0 2417343.006 1749.142 9.1575 0 0 0 0.0045525 -222.178708 97.4077176 0.1521255 0.0541026 
1930000 1971 1000.0 2436142.463 1771.989 9.1532 0 0 0 0.0038124 -223.6607067 18.9964608 0.1532125 0.0538236 
1940000 1981 1000.0 2455596.972 1805.076 9.1481 0 0 0 0.0040617 -223.5386408 63.0769567 0.1523666 0.0542007 
1950000 1991 1000.0 2474225.784 1812.941 9.1456 0 0 0 0.0039463 -223.5762296 43.9940001 0.1532455 0.0547616 
1960000 2001 1000.0 2494154.259 1844.523 9.1527 0 0 0 0.0043886 -223.9401061 52.5977162 0.1515049 0.0542352 
1970000 2011 1000.0 2515283.369 1894.538 9.1544 0 0 0 0.004424 -224.4944384 72.4607602 0.1511786 0.054406 
1980000 2021 1000.0 2537358.757 1950.833 9.1511 0 0 0 0.0046638 -225.410618 88.3041167 0.1533864 0.0555586 
1990000 2031 1000.0 2559441.407 1997.533 9.1556 0 0 0 0.0039565 -227.333182 58.2885941 0.1525643 0.0541655 
2000000 2041 1000.0 2579320.254 1992.459 9.1548 0 0 0 0.0046041 -227.281264 91.3473087 0.1526799 0.0554261 
2010000 2051 1000.0 2602132.044 2046.146 9.1548 0 0 0 0.004015 -229.1021973 53.9944302 0.1515484 0.0536798 
2020000 2061 1000.0 2621701.955 2028.289 9.1498 0 0 0 0.0039031 -229.3747332 48.448749 0.1509975 0.0538457 
2030000 2071 983.453 2639392.196 1948.657 9.0041 0 0 0 0.0047569 -230.4481944 50.8833451 0.1528398 0.0553182 
2040000 2091 842.811 2655284.222 1599.25 7.7289 0 0 0 0.0038065 -230.7226528 22.3066964 0.1576107 0.0631019 
2050000 2101 871.565 2670186.214 1576.866 7.9909 0 0 0 0.003896 -231.5880976 40.4322384 0.1576579 0.0640967 
2060000 2111 895.059 2687966.187 1611.72 8.2258 0 0 0 0.0042292 -232.2360358 62.7439724 0.1540791 0.0588783 
2070000 2121 914.256 2699056.296 1520.668 8.4128 0 0 0 0.0043408 -231.1351367 64.6463874 0.1501122 0.0582968 
2080000 2131 929.941 2708916.347 1421.51 8.5673 0 0 0 0.0041162 -231.8067009 57.4584913 0.1491568 0.0574604 
2090000 2141 942.757 2718549.917 1335.545 8.7054 0 0 0 0.0041432 -231.254422 71.9050122 0.1442347 0.0538243 
2100000 2151 953.228 2727260.819 1251.046 8.8047 0 0 0 0.0040219 -230.2813216 81.9748474 0.1428806 0.0546809 
2110000 2161 961.784 2739927.717 1252.68 8.8832 0 0 0 0.0042366 -230.1250417 45.3309036 0.1444806 0.0579925 
2120000 2171 968.775 2754359.19 1289.793 8.9535 0 0 0 0.0042454 -229.5487235 37.3419248 0.1416696 0.0547042 
2130000 2181 974.487 2770522.885 1352.02 9.0106 0 0 0 0.003708 -229.3848827 27.5395656 0.1397682 0.0536333 
2140000 2191 979.154 2786973.298 1408.436 9.0563 0 0 0 0.0044232 -228.0964226 37.4523373 0.1443433 0.0598956 
2150000 2201 982.967 2803775.601 1457.676 9.0944 0 0 0 0.0040397 -228.0345097 52.2918725 0.1380892 0.0525984 
2160000 2211 986.083 2819362.566 1476.931 9.1365 0 0 0 0.0038593 -228.2734127 20.8433083 0.1409779 0.0554819 
2170000 2221 988.629 2834105.733 1477.092 9.1604 0 0 0 0.0039985 -226.433033 17.6114481 0.1387986 0.0549938 
2180000 2231 990.709 2849892.506 1495.709 9.1805 0 0 0 0.0042512 -226.0960905 42.1424298 0.139736 0.0544384 
2190000 2241 992.408 2867756.766 1549.5 9.1951 0 0 0 0.0044728 -224.0283441 57.1776965 0.1368351 0.0545909 
2200000 2251 993.797 2885578.462 1589.593 9.2126 0 0 0 0.0039188 -224.1106779 48.2101937 0.1351563 0.0529163 
2210000 2261 994.932 2900780.178 1573.799 9.2211 0 0 0 0.0039825 -223.4146608 43.0365247 0.1359351 0.0529718 
2220000 2271 995.859 2916227.156 1571.02 9.2333 0 0 0 0.0041709 -222.2766318 30.6378928 0.1376575 0.0559837 
2230000 2281 996.616 2932226.796 1576.569 9.2369 0 0 0 0.0036801 -222.6115159 27.4216757 0.1358529 0.0539148 
2240000 2291 997.235 2950374.767 1620.647 9.2272 0 0 0 0.004466 -223.325939 48.8094314 0.1349395 0.0525323 
2250000 2301 997.741 2965794.171 1605.633 9.2182 0 0 0 0.0041132 -222.9998714 42.7397651 0.1333684 0.0509645 
2260000 2311 998.154 2983988.476 1641.753 9.2136 0 0 0 0.0039349 -223.4449496 49.0280929 0.1352383 0.051867 
2270000 2321 998.492 2999592.392 1626.008 9.2205 0 0 0 0.0041616 -224.9535576 43.7411447 0.1379014 0.0524436 
2280000 2331 998.768 3016882.894 1647.648 9.2349 0 0 0 0.004091 -226.2113404 73.3341514 0.1391936 0.0535824 
2290000 2341 998.993 3033107.009 1640.558 9.2342 0 0 0 0.0038741 -227.6168297 27.0711408 0.1411321 0.0544007 
2300000 2351 999.177 3052338.452 1694.861 9.2265 0 0 0 0.003972 -230.487481 45.0337166 0.1422886 0.0532998 
2310000 2361 999.328 3073503.13 1770.501 9.2177 0 0 0 0.0041344 -232.3198579 40.6256648 0.144208 0.0538386 
2320000 2371 999.451 3094227.082 1825.65 9.2188 0 0 0 0.0037357 -234.5869087 58.3195551 0.1442233 0.0521744 
2330000 2381 999.551 3112767.812 1828.3 9.224 0 0 0 0.0040479 -235.0185641 66.6732443 0.144134 0.0531505 
2340000 2391 999.633 3130848.538 1825.675 9.2225 0 0 0 0.003493 -235.917947 30.3599702 0.1462159 0.0545164 
2350000 2401 999.7 3150681.567 1857.94 9.216 0 0 0 0.0035125 -235.8296995 27.0195828 0.1460769 0.053872 
2360000 2411 999.755 3168640.739 1849.494 9.2243 0 0 0 0.003734 -235.9693716 17.4578974 0.1451549 0.0529657 
2370000 2421 999.8 3190507.454 1912.23 9.2087 0 0 0 0.0039566 -238.4077165 58.7284196 0.1470222 0.0541269 
2380000 2431 999.837 3211785.115 1952.481 9.2037 0 0 0 0.0037608 -239.8818982 52.0835184 0.146591 0.0531155 
2390000 2441 999.866 3231620.978 1960.922 9.1929 0 0 0 0.0043294 -239.9094157 59.0769122 0.147733 0.0542903 
2400000 2451 999.891 3250031.703 1939.934 9.1935 0 0 0 0.0040504 -240.1365071 75.8941023 0.1463366 0.0534131 
2410000 2461 999.911 3268835.372 1931.114 9.1858 0 0 0 0.004153 -240.5929583 108.8931067 0.1482468 0.0545574 
2420000 2471 999.927 3286676.097 1904.911 9.1773 0 0 0 0.0039183 -242.501517 63.107754 0.1470689 0.0534176 
2430000 2481 999.94 3305303.946 1894.069 9.1891 0 0 0 0.0036242 -243.1119054 53.860899 0.148257 0.0535212 
2440000 2491 999.951 3324179.086 1892.666 9.1816 0 0 0 0.0040658 -242.3566316 92.7174086 0.1487827 0.0547875 
2450000 2501 999.96 3340328.122 1843.991 9.183 0 0 0 0.0039047 -243.5116255 87.0201126 0.148216 0.0538858 
2460000 2511 999.968 3359614.653 1858.148 9.1858 0 0 0 0.0038667 -243.6587222 58.7836265 0.147017 0.052846 
2470000 2521 999.973 3376750.003 1831.434 9.1969 0 0 0 0.0038343 -243.707954 73.6183995 0.1463957 0.0525533 
2480000 2531 999.978 3396542.525 1860.313 9.1979 0 0 0 0.0039064 -244.9977109 102.5324507 0.1456738 0.0525754 
2490000 2541 999.982 3415126.186 1861.884 9.2097 0 0 0 0.0036586 -245.943608 61.5957541 0.147271 0.0531047 
2500000 2551 999.986 3436495.711 1911.302 9.2185 0 0 0 0.0033968 -247.6002804 62.4934799 0.1463611 0.0513988 
2510000 2561 999.988 3457607.487 1948.63 9.2105 0 0 0 0.0038525 -247.2818408 107.1322661 0.1463951 0.0525588 
2520000 2571 999.99 3477450.322 1955.473 9.2086 0 0 0 0.0036865 -247.6587136 43.9883244 0.1468334 0.0525222 
2530000 2581 999.992 3497275.298 1958.935 9.2072 0 0 0 0.0037205 -249.050164 83.6872276 0.1468273 0.0526342 
2540000 2591 999.994 3516337.266 1949.374 9.2211 0 0 0 0.0034108 -250.0973222 19.9456336 0.1478715 0.0527096 
2550000 2601 999.995 3535720.083 1947.332 9.2199 0 0 0 0.0035721 -249.7742082 38.4910089 0.1480608 0.0533603 
2560000 2611 999.996 3554425.693 1930.766 9.229 0 0 0 0.0037022 -250.2970957 43.4694629 0.1480911 0.0527517 
2570000 2621 999.996 3574638.374 1948.643 9.236 0 0 0 0.0040362 -249.3348395 85.9216802 0.1476441 0.0527598 
2580000 2631 999.997 3593515.564 1938.216 9.246 0 0 0 0.0038878 -249.3679207 80.0967846 0.1485394 0.0533162 
2590000 2641 999.998 3613590.589 1951.755 9.2443 0 0 0 0.0039535 -249.9395319 85.3622529 0.1486544 0.0534678 
2600000 2651 999.998 3631331.9 1919.571 9.2638 0 0 0 0.003281 -249.9436849 8.9007766 0.1494144 0.0536708 
2610000 2661 999.998 3650272.608 1916.981 9.2655 0 0 0 0.0036594 -250.4042996 47.9400767 0.1495854 0.0536821 
2620000 2671 999.999 3670079.713 1928.312 9.2643 0 0 0 0.0038148 -250.5351494 70.3687746 0.1503426 0.0546529 
2630000 2681 999.999 3689039.714 1922.375 9.2701 0 0 0 0.0039949 -251.5842983 68.5508684 0.151349 0.0545807 
2640000 2691 999.999 3706473.277 1889.365 9.2626 0 0 0 0.0038682 -251.4414016 61.4325746 0.1516735 0.054857 
2650000 2701 999.999 3720846.109 1807.05 9.2596 0 0 0 0.0042762 -251.2329615 134.4576146 0.1533972 0.0578022 
2660000 2711 999.999 3738922.027 1804.142 9.2614 0 0 0 0.0042392 -251.6934436 59.3765136 0.1516768 0.0554492 
2670000 2721 1000.0 3756616.659 1795.406 9.2559 0 0 0 0.0038911 -252.5519998 32.8777918 0.1548313 0.0579945 
2680000 2731 1000.0 3774224.618 1788.401 9.2541 0 0 0 0.0040843 -252.2982062 40.999572 0.1553393 0.058941 
2690000 2741 1000.0 3792021.915 1784.379 9.2495 0 0 0 0.0036382 -253.5400974 9.1026453 0.1554207 0.0580353 
2700000 2751 1000.0 3809260.273 1774.277 9.2419 0 0 0 0.0043035 -253.5130879 102.5843293 0.1552865 0.0588848 
2710000 2761 1000.0 3829058.942 1810.805 9.2525 0 0 0 0.0042072 -253.2831031 84.0684675 0.1558841 0.0596881 
2720000 2771 1000.0 3847428.285 1817.504 9.2578 0 0 0 0.0041979 -253.2596976 84.1896102 0.1547687 0.058115 
2730000 2781 1000.0 3866343.734 1833.175 9.2593 0 0 0 0.0039935 -252.9661255 71.5536654 0.1558235 0.0594766 
2740000 2791 1000.0 3887280.335 1881.802 9.2493 0 0 0 0.0039393 -253.6585379 33.055827 0.1562414 0.0587996 
2750000 2801 1000.0 3905870.252 1875.08 9.2417 0 0 0 0.0043121 -253.0288335 74.5884444 0.1565621 0.0603415 
2760000 2811 1000.0 3926281.688 1905.717 9.2457 0 0 0 0.0039743 -253.7928733 39.4699395 0.157583 0.0598523 
2770000 2821 1000.0 3946201.915 1920.392 9.2451 0 0 0 0.00378 -254.4200712 10.96425 0.1577222 0.0596788 
2780000 2831 1000.0 3962653.066 1873.145 9.2539 0 0 0 0.0042452 -253.5293587 69.3797804 0.1590026 0.061499 
2790000 2841 1000.0 3982492.172 1893.979 9.2395 0 0 0 0.0041122 -253.5147118 58.9942505 0.1583143 0.0609402 
2800000 2851 1000.0 3999035.311 1850.901 9.2438 0 0 0 0.0043645 -253.7272803 71.11056 0.1600882 0.0623662 
2810000 2861 1000.0 4016067.008 1825.55 9.2402 0 0 0 0.004209 -252.7196493 84.9206321 0.1590944 0.0624472 
2820000 2871 1000.0 4032603.896 1797.523 9.2386 0 0 0 0.0049415 -251.8358139 66.6008643 0.1575307 0.0615608 
2830000 2881 1000.0 4047711.357 1745.284 9.2412 0 0 0 0.0041557 -251.0406311 44.4172533 0.1571442 0.061962 
2840000 2891 1000.0 4062082.408 1687.777 9.2382 0 0 0 0.004468 -250.5207519 80.003845 0.1586335 0.0631907 
2850000 2901 1000.0 4077616.143 1665.013 9.2336 0 0 0 0.0042863 -250.6383825 82.6735871 0.1586485 0.0632663 
2860000 2911 1000.0 4094478.398 1671.094 9.2216 0 0 0 0.0043262 -251.0969076 82.2849667 0.1601495 0.0639335 
2870000 2921 1000.0 4111363.016 1674.965 9.2167 0 0 0 0.004132 -250.8300421 49.326058 0.160236 0.0638451 
2880000 2931 1000.0 4130264.64 1714.716 9.2105 0 0 0 0.0043241 -250.5400876 78.6343903 0.1619063 0.0647425 
2890000 2941 1000.0 4149316.375 1751.698 9.2091 0 0 0 0.0044856 -251.232822 55.5328487 0.1606257 0.0638211 
2900000 2951 1000.0 4168098.875 1772.873 9.2024 0 0 0 0.0040876 -250.9365617 75.0549087 0.1607494 0.0640657 
2910000 2961 1000.0 4187068.491 1797.257 9.2067 0 0 0 0.0037376 -250.1350595 29.383911 0.1601171 0.0634316 
2920000 2971 1000.0 4206014.249 1813.448 9.202 0 0 0 0.004091 -250.5306049 84.7471618 0.1590116 0.0622646 
2930000 2981 1000.0 4225406.12 1836.013 9.2019 0 0 0 0.0041365 -250.8867191 56.9268852 0.1607452 0.0636998 
2940000 2991 988.506 4242814.584 1813.989 9.1133 0 0 0 0.0045667 -250.3951225 76.4948487 0.1620147 0.0664035 
2950000 3001 990.609 4262219.199 1821.003 9.1383 0 0 0 0.0043823 -250.3305452 62.0031085 0.1599127 0.0637302 
2960000 3011 992.327 4282599.542 1855.463 9.1625 0 0 0 0.0039689 -251.4330722 52.5440222 0.1607693 0.0645339 
2970000 3021 993.73 4302366.396 1878.88 9.1745 0 0 0 0.0043009 -250.9847891 65.556474 0.1589395 0.0632952 
2980000 3031 994.877 4320580.175 1876.033 9.1796 0 0 0 0.0042032 -251.6365787 51.9551778 0.1601399 0.0632837 
2990000 3041 995.814 4339757.476 1884.694 9.1982 0 0 0 0.0043135 -251.9329313 69.0916715 0.1583104 0.0622192 
3000000 3051 996.58 4358911.629 1887.082 9.2171 0 0 0 0.0047639 -251.8726767 124.3275613 0.1602979 0.0635577 
3010000 3061 997.206 4378234.007 1892.319 9.2251 0 0 0 0.0039947 -252.9358493 44.6365966 0.1622831 0.064729 
3020000 3071 997.717 4396842.561 1883.263 9.2229 0 0 0 0.0041478 -253.5104575 38.0242741 0.1620468 0.0634909 
3030000 3082 985.966 4416265.194 1875.012 9.1115 0 0 0 0.0040124 -254.0682015 67.398131 0.1620336 0.0640203 
3040000 3092 988.533 4435801.365 1888.99 9.1286 0 0 0 0.0043303 -256.2200154 55.6452987 0.1651298 0.0658544 
3050000 3102 990.631 4451086.573 1820.203 9.1515 0 0 0 0.0040699 -256.1496188 69.2461061 0.1606827 0.0615272 
3060000 3112 992.345 4466317.966 1777.664 9.1625 0 0 0 0.0040767 -256.8835799 50.8956329 0.1608486 0.0620055 
3070000 3122 993.745 4481301.642 1716.441 9.1726 0 0 0 0.003774 -256.9916826 34.5614881 0.1594034 0.0613693 
3080000 3133 981.212 4502049.474 1759.41 9.0527 0 0 0 0.0038956 -257.6521666 54.8692453 0.1596865 0.0614858 
3090000 3143 984.649 4522915.773 1818.752 9.0842 0 0 0 0.0037789 -257.4977364 53.7178496 0.1615724 0.0630166 
3100000 3153 987.457 4542713.314 1848.31 9.1027 0 0 0 0.0040253 -258.4779988 79.3591019 0.1613393 0.0625679 
3110000 3163 989.752 4564161.236 1903.745 9.1239 0 0 0 0.0035566 -260.0285398 15.229004 0.1631646 0.0634857 
3120000 3173 991.626 4585068.733 1938.406 9.1458 0 0 0 0.0040503 -259.8205545 72.6490276 0.1611273 0.06231 
3130000 3183 993.158 4602270.325 1896.289 9.1697 0 0 0 0.0040616 -259.5987202 61.1534535 0.162763 0.0644917 
3140000 3193 994.41 4611723.418 1724.764 9.1835 0 0 0 0.0040203 -259.7226361 45.8390142 0.166259 0.0714506 
3150000 3203 995.432 4630807.188 1765.289 9.1853 0 0 0 0.0041093 -259.5515705 80.0358217 0.1559462 0.0602216 
3160000 3213 996.268 4645394.674 1708.807 9.189 0 0 0 0.0039819 -259.1415519 78.1046936 0.1550796 0.0606803 
3170000 3223 996.951 4659821.918 1660.697 9.2056 0 0 0 0.0036146 -258.9897757 51.8846873 0.1535922 0.0606468 
3180000 3233 997.508 4680241.973 1730.424 9.2142 0 0 0 0.0041131 -258.9758725 103.4997815 0.1520145 0.0590708 
3190000 3243 997.964 4701532.956 1802.364 9.2091 0 0 0 0.0036304 -259.451759 59.8965779 0.1540136 0.0603903 
3200000 3253 998.337 4723165.647 1870.509 9.2184 0 0 0 0.0040086 -260.6923843 102.1050884 0.1551125 0.0604965 
3210000 3263 998.641 4742512.492 1882.637 9.2091 0 0 0 0.0035102 -260.0816279 36.2596426 0.1536351 0.0594378 
3220000 3273 998.889 4761857.248 1894.341 9.2145 0 0 0 0.0033378 -260.6342925 12.7662085 0.1552693 0.0611281 
3230000 3283 999.093 4777334.339 1828.05 9.2211 0 0 0 0.0037147 -260.1959552 69.1305415 0.1532412 0.0595425 
3240000 3293 999.259 4795146.256 1818.425 9.2316 0 0 0 0.0036109 -260.2260375 52.5607774 0.1526107 0.0594206 
3250000 3303 999.394 4815261.047 1855.063 9.228 0 0 0 0.0037643 -260.8083826 68.1682728 0.1553733 0.0619976 
3260000 3313 999.505 4833683.298 1854.761 9.2364 0 0 0 0.0037526 -260.5447607 65.0974433 0.1535157 0.0594243 
3270000 3323 999.596 4855106.217 1907.905 9.2482 0 0 0 0.0043629 -262.1029998 130.208881 0.1589767 0.0628417 
3280000 3333 999.67 4875630.342 1936.71 9.2508 0 0 0 0.0034705 -261.788431 47.6563682 0.1572736 0.0622166 
3290000 3343 999.73 4893851.843 1909.01 9.2418 0 0 0 0.0037087 -260.7245829 90.7957683 0.1527794 0.0592836 
3300000 3353 999.779 4905002.906 1759.438 9.2419 0 0 0 0.0041469 -259.9405356 120.9122457 0.1527642 0.0608362 
3310000 3363 999.82 4924710.155 1800.72 9.2417 0 0 0 0.0036292 -259.7412408 63.3676455 0.1495482 0.0583591 
3320000 3373 999.853 4943680.966 1824.087 9.2374 0 0 0 0.0034943 -259.707311 62.6307487 0.1496879 0.0589204 
3330000 3383 999.88 4962984.995 1837.451 9.2254 0 0 0 0.0036042 -260.4168237 53.8924512 0.149617 0.0579073 
3340000 3393 999.902 4985509.327 1913.988 9.2199 0 0 0 0.0036593 -261.510468 88.5968077 0.1542172 0.0604179 
3350000 3403 999.92 5005524.768 1927.749 9.2229 0 0 0 0.0038682 -261.8499844 120.856175 0.1569777 0.0618042 
3360000 3413 999.934 5025717.97 1948.544 9.2331 0 0 0 0.0035293 -262.4400702 58.5524373 0.1547943 0.0589467 
3370000 3423 999.946 5044724.244 1939.568 9.2306 0 0 0 0.003424 -262.6797039 32.0200616 0.1567704 0.060245 
3380000 3433 999.956 5061629.273 1896.003 9.25 0 0 0 0.0034153 -262.7643804 56.0392536 0.1587369 0.0619512 
3390000 3443 999.964 5080954.356 1903.889 9.247 0 0 0 0.0037102 -262.2445906 49.4654253 0.1571361 0.0609498 
3400000 3453 999.971 5102382.007 1945.252 9.249 0 0 0 0.0034419 -261.8280257 55.1017284 0.1570522 0.0614501 
3410000 3463 999.976 5123739.753 1980.124 9.2448 0 0 0 0.0034323 -262.25472 35.5753317 0.1567164 0.0607498 
3420000 3474 985.892 5143014.257 1945.336 9.1113 0 0 0 0.0037559 -262.5370523 84.2266659 0.1601667 0.0651855 
3430000 3484 988.473 5164537.925 1983.328 9.1454 0 0 0 0.0034027 -263.5328805 50.7184578 0.1596072 0.0623519 
3440000 3494 990.582 5185829.587 2009.95 9.1662 0 0 0 0.0037067 -264.0171077 50.2413338 0.1622516 0.0638633 
3450000 3504 992.304 5205986.808 2008.186 9.1773 0 0 0 0.0034942 -263.889896 75.4132713 0.1757003 0.0885285 
3460000 3514 993.712 5227166.042 2027.918 9.1822 0 0 0 0.0036826 -263.8619874 95.4712878 0.1606419 0.0617361 
3470000 3524 994.862 5244674.858 1979.395 9.1832 0 0 0 0.003393 -263.1771881 68.304943 0.160368 0.0618027 
3480000 3534 995.802 5261862.262 1931.818 9.1832 0 0 0 0.0038047 -263.5284543 107.6455769 0.1785365 0.0929753 
3490000 3544 996.57 5281598.361 1939.06 9.1839 0 0 0 0.0039493 -263.4428248 52.8632275 0.1615977 0.06357 
3500000 3554 997.198 5302136.938 1962.677 9.1889 0 0 0 0.0035057 -264.5467864 65.6948988 0.1632675 0.0618556 
3510000 3564 997.71 5323521.009 1994.624 9.1915 0 0 0 0.0033914 -264.4457579 49.5226509 0.1642874 0.0622709 
3520000 3574 998.129 5345913.207 2038.874 9.1906 0 0 0 0.0035289 -265.1682621 34.180992 0.1641825 0.0622888 
3530000 3584 998.471 5367170.541 2056.205 9.1808 0 0 0 0.0037826 -265.4280322 76.6132617 0.1674439 0.0656012 
3540000 3594 998.751 5388158.03 2063.463 9.182 0 0 0 0.0035193 -264.802204 68.8367771 0.1652423 0.0629332 
3550000 3604 998.979 5409675.468 2078.48 9.1872 0 0 0 0.003865 -265.1881269 104.4102304 0.168115 0.0654097 
3560000 3614 999.166 5429722.758 2065.324 9.1872 0 0 0 0.0041732 -264.8013402 123.5264625 0.1675458 0.0656713 
3570000 3624 999.319 5450347.378 2064.489 9.1955 0 0 0 0.0034111 -265.202313 38.1826744 0.1675631 0.0637524 
3580000 3634 999.443 5473114.809 2103.17 9.1993 0 0 0 0.0036906 -265.8898044 95.0370931 0.1695043 0.0648373 
3590000 3644 999.545 5493797.391 2097.634 9.1973 0 0 0 0.0034153 -266.1212594 52.56523 0.1702926 0.0653594 
3600000 3654 999.628 5514411.408 2091.549 9.1904 0 0 0 0.0035765 -265.8424381 20.088994 0.1687554 0.0639328 
3610000 3664 995.556 5534211.483 2059.809 9.1555 0 0 0 0.0036523 -265.8455378 69.5536215 0.1717306 0.0662493 
3620000 3674 996.369 5551384.524 1995.72 9.1636 0 0 0 0.0036471 -265.8210215 52.6828862 0.1681833 0.0633324 
3630000 3684 997.033 5569651.244 1964.722 9.1766 0 0 0 0.0031482 -265.2306324 15.161189 0.1690496 0.0651243 
3640000 3694 997.576 5587299.353 1927.675 9.2009 0 0 0 0.0036224 -264.2287255 73.559934 0.1682711 0.0646006 
3650000 3704 998.019 5605470.289 1905.334 9.2141 0 0 0 0.0035122 -263.6658885 42.5331811 0.1689631 0.0651229 
3660000 3714 998.382 5625356.143 1921.454 9.2261 0 0 0 0.0035048 -263.6523078 37.6951456 0.1694296 0.0649127 
3670000 3724 998.678 5646703.573 1959.266 9.2264 0 0 0 0.003877 -263.468161 84.4256747 0.1695762 0.0655843 
3680000 3734 998.92 5668665.616 2004.567 9.2305 0 0 0 0.0037749 -264.2902878 56.3904441 0.1724676 0.0677814 
3690000 3744 999.117 5689274.707 2012.421 9.2201 0 0 0 0.0036439 -264.6622231 39.8197544 0.1732436 0.0676607 
3700000 3754 999.279 5711220.347 2048.473 9.2079 0 0 0 0.0037522 -264.9655248 53.5529725 0.1739811 0.0674319 
3710000 3764 999.411 5730523.393 2025.895 9.1567 0 0 0 0.0037234 -263.6547318 69.5470993 0.1728893 0.0672285 
3720000 3774 999.518 5750912.192 2028.099 9.1523 0 0 0 0.0038227 -263.4455163 58.2466642 0.1723388 0.0666016 
3730000 3784 999.607 5768056.789 1968.014 9.1573 0 0 0 0.0036937 -262.7472721 40.9577566 0.1721012 0.06693 
3740000 3794 999.679 5787144.298 1958.274 9.1658 0 0 0 0.0041385 -262.4081777 85.8836746 0.1739628 0.0696917 
3750000 3804 999.737 5805595.462 1936.758 9.1767 0 0 0 0.0037551 -262.7048597 65.4227499 0.1736249 0.0694695 
3760000 3814 999.785 5815132.94 1758.788 9.1928 0 0 0 0.0042471 -260.9187964 112.4992053 0.1702265 0.0681389 
3770000 3824 999.825 5828497.667 1681.078 9.1961 0 0 0 0.0040438 -260.6222061 78.3852073 0.1681417 0.0674744 
3780000 3834 999.857 5842690.076 1632.463 9.2024 0 0 0 0.0039476 -259.9107382 66.0586171 0.1658056 0.0664901 
3790000 3844 999.883 5859011.459 1636.425 9.2113 0 0 0 0.0042129 -259.3714433 95.4515623 0.1650301 0.066163 
3800000 3854 999.904 5877794.61 1678.369 9.2417 0 0 0 0.0043966 -258.769851 84.7504266 0.1651392 0.0672728 
3810000 3864 999.922 5897863.47 1736.831 9.2457 0 0 0 0.004205 -258.8578884 74.5138948 0.1651408 0.0674489 
3820000 3874 999.936 5918900.573 1804.017 9.2473 0 0 0 0.0038933 -259.8522855 56.6521057 0.1655089 0.0665212 
3830000 3884 999.948 5940071.759 1859.224 9.2452 0 0 0 0.0039811 -260.3053706 30.3845452 0.1659627 0.0672069 
3840000 3894 999.957 5960954.446 1901.699 9.2391 0 0 0 0.0041507 -261.3025988 106.8841584 0.1689541 0.0694879 
3850000 3904 999.965 5981409.247 1926.616 9.2256 0 0 0 0.0044148 -262.3070651 145.3657486 0.1671479 0.0674261 
3860000 3914 999.972 5998722.64 1894.291 9.2279 0 0 0 0.0044989 -261.9678847 119.1161534 0.1656811 0.0677328 
3870000 3924 999.977 6014796.625 1841.699 9.2279 0 0 0 0.0044956 -261.1212954 114.8794216 0.1664611 0.0695416 
3880000 3934 999.981 6034351.733 1858.649 9.2345 0 0 0 0.0038259 -261.4697134 31.194579 0.1650355 0.0673303 
3890000 3944 999.984 6051386.119 1837.184 9.2335 0 0 0 0.004231 -260.2791913 100.1896375 0.164853 0.0681037 
3900000 3954 999.987 6067248.06 1787.148 9.2371 0 0 0 0.0040105 -260.1910236 75.3460134 0.1642806 0.0676028 
3910000 3964 999.99 6085047.573 1787.991 9.2299 0 0 0 0.0045394 -259.2226199 112.4315684 0.1627337 0.0672885 
3920000 3974 999.992 6103663.776 1798.668 9.225 0 0 0 0.0035778 -259.3601883 24.4650621 0.1607116 0.0658497 
3930000 3984 999.993 6120413.662 1779.313 9.2193 0 0 0 0.0043138 -258.7772613 120.7679647 0.1626986 0.0681002 
3940000 3994 999.994 6138653.656 1784.831 9.2196 0 0 0 0.0039743 -258.550463 63.0448167 0.1617168 0.0672236 
3950000 4004 999.995 6157273.322 1797.785 9.2156 0 0 0 0.003589 -258.2713139 23.892984 0.1611346 0.066363 
3960000 4014 999.996 6176533.797 1820.705 9.2224 0 0 0 0.0040987 -259.1390338 84.4161363 0.1633315 0.0668266 
3970000 4024 999.997 6193832.754 1803.979 9.2176 0 0 0 0.0035468 -259.3328864 36.0426535 0.1659347 0.0673791 
3980000 4034 999.997 6206746.869 1711.031 9.2125 0 0 0 0.0041823 -258.1475274 72.5561346 0.1665684 0.0685142 
3990000 4044 999.998 6223400.325 1697.227 9.2128 0 0 0 0.0044736 -257.7194239 84.8418751 0.1679111 0.0691873 
4000000 4054 999.998 6240913.222 1708.776 9.1997 0 0 0 0.0038761 -257.7203049 39.2773792 0.1653843 0.0674487 
