10000 11 176.542 4396.398 77.311 0.3152 0 0 0 
20000 24 317.624 8379.989 132.414 0.5674 0 0 0 
30000 119 134.15 11285.906 50.918 0.4276 0 0 0 
40000 129 291.069 15397.164 115.755 1.0687 0 0 0 
50000 187 185.751 20788.655 86.265 0.7046 0 0 0 
60000 198 335.692 26164.359 168.675 1.3041 0 0 0 
70000 212 431.243 31256.157 218.493 1.7047 0 0 0 
80000 231 459.11 36758.136 237.983 1.8309 0 0 0 
90000 245 513.773 42344.494 273.092 2.0511 0 0 0 
100000 259 572.679 48486.233 319.375 2.2934 0 0 0 
110000 272 611.764 54368.444 346.446 2.4423 0 0 0 
120000 286 642.782 59704.238 358.565 2.5826 0 0 0 
130000 300 655.033 65413.504 366.826 2.6254 0 0 0 
140000 315 667.326 70684.091 368.448 2.6543 0 0 0 
150000 325 718.703 75538.876 384.877 2.8537 0 0 0 
160000 335 770.16 80905.409 410.766 3.0562 0 0 0 
170000 346 799.979 86048.536 425.082 3.168 0 0 0 
180000 356 836.568 90742.251 433.706 3.3148 0 0 0 
190000 366 858.404 94434.805 420.517 3.3958 0 0 0 
200000 377 872.246 97949.05 403.277 3.4518 0 0 0 
210000 396 769.778 102224.314 346.373 3.0707 0 0 0 
220000 406 811.892 107058.996 373.214 3.2572 0 0 0 
230000 419 806.58 112175.108 380.84 3.2569 0 0 0 
240000 429 841.962 116840.131 395.081 3.3863 0 0 0 
250000 439 870.871 122723.924 432.132 3.497 0 0 0 
260000 449 894.492 127932.373 447.823 3.5899 0 0 0 
270000 459 906.616 133120.066 457.764 3.6382 0 0 0 
280000 470 911.973 138809.58 471.066 3.6652 0 0 0 
290000 480 919.105 144814.009 490.508 3.7198 0 0 0 
300000 491 918.259 150758.64 500.771 3.7126 0 0 0 
310000 502 917.013 156397.155 503.31 3.7174 0 0 0 
320000 514 903.759 162259.993 503.463 3.6532 0 0 0 
330000 525 906.596 167444.438 499.604 3.663 0 0 0 
340000 535 923.683 172576.355 501.422 3.7439 0 0 0 
350000 546 924.765 178191.304 506.268 3.7358 0 0 0 
360000 557 926.9 181818.913 472.85 3.7498 0 0 0 
370000 567 935.103 185873.917 458.618 3.7835 0 0 0 
380000 577 946.974 189961.655 448.835 3.8398 0 0 0 
390000 587 956.674 194727.75 454.83 3.8817 0 0 0 
400000 598 953.317 198541.605 435.79 3.8596 0 0 0 
410000 608 961.857 203090.526 439.827 3.9058 0 0 0 
420000 618 968.834 208138.734 451.754 3.9402 0 0 0 
430000 628 974.535 213528.581 467.602 3.9689 0 0 0 
440000 639 961.577 218952.605 472.617 3.931 0 0 0 
450000 649 965.974 224598.014 487.752 3.9378 0 0 0 
460000 663 902.137 229665.771 456.319 3.6907 0 0 0 
470000 674 904.07 234282.831 449.053 3.7122 0 0 0 
480000 684 921.618 239842.907 468.276 3.763 0 0 0 
490000 694 935.761 245564.541 487.554 3.8156 0 0 0 
500000 704 947.512 251075.276 500.116 3.864 0 0 0 
510000 716 926.729 255594.497 475.485 3.7855 0 0 0 
520000 726 940.132 260143.028 471.741 3.8339 0 0 0 
530000 741 857.49 264502.447 420.638 3.5055 0 0 0 
540000 751 883.559 268813.118 421.295 3.6276 0 0 0 
550000 761 904.859 274186.754 441.018 3.7047 0 0 0 
560000 771 922.263 279662.378 461.342 3.7647 0 0 0 
570000 781 936.483 284810.983 471.67 3.8723 0 0 0 
580000 791 948.102 290243.072 485.548 3.8922 0 0 0 
590000 801 957.596 295806.742 499.749 3.9171 0 0 0 
600000 812 955.132 300833.964 493.971 3.9143 0 0 0 
610000 822 963.339 306200.927 502.891 3.9369 0 0 0 
620000 832 970.046 311483.472 506.772 3.9565 0 0 0 
630000 842 975.525 317027.373 514.717 3.9865 0 0 0 
640000 852 980.002 322230.556 516.737 4.0021 0 0 0 
650000 862 979.558 326732.964 502.177 4.0 0 0 0 
660000 872 983.131 331100.286 489.727 4.0114 0 0 0 
670000 883 974.524 335752.223 480.241 3.9641 0 0 0 
680000 894 955.471 340335.063 461.953 3.8888 0 0 0 
690000 904 963.617 345291.015 470.68 3.912 0 0 0 
700000 915 961.145 350419.815 474.01 3.8955 0 0 0 
710000 925 958.418 355563.222 478.576 3.8796 0 0 0 
720000 935 966.025 360417.486 477.316 3.9227 0 0 0 
730000 945 972.24 364480.524 466.886 3.9599 0 0 0 
740000 955 977.318 369262.03 467.253 4.0066 0 0 0 
750000 965 981.467 374163.719 472.315 4.058 0 0 0 
760000 978 936.82 378764.391 447.944 3.8594 0 0 0 
770000 988 948.377 383919.712 460.059 3.902 0 0 0 
780000 998 957.82 389259.175 473.159 3.9465 0 0 0 
790000 1009 947.305 394761.398 478.178 3.9172 0 0 0 
800000 1022 901.945 398960.899 441.319 3.7265 0 0 0 
810000 1034 895.584 403696.689 434.833 3.7059 0 0 0 
820000 1044 906.094 408094.429 431.573 3.7444 0 0 0 
830000 1054 916.746 413658.76 451.641 3.795 0 0 0 
840000 1064 931.975 418708.84 460.296 3.8474 0 0 0 
850000 1074 944.419 424816.682 486.43 3.8873 0 0 0 
860000 1084 954.586 430883.752 509.41 3.9321 0 0 0 
870000 1094 962.893 436633.562 523.649 3.9791 0 0 0 
880000 1104 969.681 442131.654 528.479 4.0109 0 0 0 
890000 1114 975.227 447614.06 532.158 4.017 0 0 0 
900000 1126 950.038 452376.547 504.493 3.9086 0 0 0 
910000 1136 959.177 457359.818 504.269 3.98 0 0 0 
920000 1146 966.645 462418.395 503.184 3.987 0 0 0 
930000 1156 971.499 466967.833 495.068 4.0097 0 0 0 
940000 1166 976.713 471878.668 492.738 4.0516 0 0 0 
950000 1176 980.972 478032.266 514.111 4.0812 0 0 0 
960000 1186 984.453 482994.409 512.912 4.0757 0 0 0 
970000 1196 987.297 488645.375 520.781 4.0978 0 0 0 
980000 1206 989.621 494665.374 535.437 4.1148 0 0 0 
990000 1216 991.519 500458.407 544.398 4.123 0 0 0 
1000000 1226 993.071 506164.159 548.233 4.1182 0 0 0 
1010000 1236 994.338 512051.556 555.778 4.155 0 0 0 
1020000 1251 907.395 517843.322 509.742 3.7737 0 0 0 
1030000 1261 924.335 524347.657 534.905 3.8399 0 0 0 
1040000 1271 938.176 531206.439 562.963 3.8837 0 0 0 
1050000 1281 949.485 537717.436 578.511 3.9608 0 0 0 
1060000 1291 958.726 544279.244 593.165 3.9745 0 0 0 
1070000 1301 966.276 549934.858 588.068 3.988 0 0 0 
1080000 1311 972.445 556152.718 595.424 4.0273 0 0 0 
1090000 1321 977.486 561785.5 589.647 4.0326 0 0 0 
1100000 1331 981.604 567352.406 583.706 4.0333 0 0 0 
1110000 1341 984.969 573134.512 581.526 4.0341 0 0 0 
1120000 1351 987.719 579019.499 581.93 4.0428 0 0 0 
1130000 1361 989.965 585534.697 594.944 4.0628 0 0 0 
1140000 1371 991.801 591746.759 600.375 4.0607 0 0 0 
1150000 1381 993.301 597573.656 596.562 4.0921 0 0 0 
1160000 1391 994.526 603668.104 597.789 4.1029 0 0 0 
1170000 1401 995.528 609745.294 601.285 4.1167 0 0 0 
1180000 1411 996.346 615665.596 599.064 4.1241 0 0 0 
1190000 1421 997.014 621866.884 601.766 4.1084 0 0 0 
1200000 1431 997.56 628349.894 611.709 4.1101 0 0 0 
1210000 1441 998.007 634797.79 620.389 4.1131 0 0 0 
1220000 1451 998.371 641194.543 619.803 4.1152 0 0 0 
1230000 1461 998.669 648019.857 632.007 4.1153 0 0 0 
1240000 1471 998.913 653743.215 620.599 4.1133 0 0 0 
1250000 1481 999.112 659136.143 605.375 4.1339 0 0 0 
1260000 1491 999.274 665710.919 616.749 4.134 0 0 0 
1270000 1501 999.407 672085.567 619.29 4.1328 0 0 0 
1280000 1511 999.515 678622.953 627.471 4.1191 0 0 0 
1290000 1521 999.604 684925.438 627.098 4.1125 0 0 0 
1300000 1531 999.676 691713.015 637.249 4.1037 0 0 0 
1310000 1541 999.736 698098.727 635.168 4.0982 0 0 0 
1320000 1551 999.784 705049.84 645.653 4.1263 0 0 0 
1330000 1561 999.824 711608.943 649.221 4.1352 0 0 0 
1340000 1571 999.856 718166.465 648.294 4.1317 0 0 0 
1350000 1581 999.882 725186.599 660.366 4.1239 0 0 0 
1360000 1591 999.904 732354.485 670.854 4.1144 0 0 0 
1370000 1601 999.921 739378.604 679.067 4.1071 0 0 0 
1380000 1611 999.936 746518.287 683.365 4.1038 0 0 0 
1390000 1621 999.947 752691.106 671.966 4.0964 0 0 0 
1400000 1631 999.957 759169.445 666.768 4.097 0 0 0 
1410000 1641 999.965 766535.418 680.245 4.1157 0 0 0 
1420000 1651 999.971 774364.877 698.41 4.1428 0 0 0 
1430000 1661 999.977 781435.054 699.989 4.144 0 0 0 
1440000 1671 999.981 788787.478 705.343 4.1542 0 0 0 
1450000 1681 999.984 796179.389 709.906 4.1654 0 0 0 
1460000 1691 999.987 804913.509 741.168 4.1924 0 0 0 
1470000 1701 999.99 813266.553 760.409 4.1726 0 0 0 
1480000 1711 999.991 820985.244 760.344 4.1504 0 0 0 
1490000 1721 999.993 828782.233 765.308 4.1437 0 0 0 
1500000 1731 999.994 836516.055 768.642 4.1248 0 0 0 
1510000 1741 999.995 844590.78 776.656 4.1184 0 0 0 
1520000 1751 999.996 851652.818 763.068 4.133 0 0 0 
1530000 1761 999.997 859166.601 759.8 4.1181 0 0 0 
1540000 1771 999.997 869335.587 807.034 4.1699 0 0 0 
1550000 1781 999.998 881054.596 873.353 4.1811 0 0 0 
1560000 1791 995.424 891769.848 912.287 4.1353 0 0 0 
1570000 1801 996.261 901094.106 916.554 4.1291 0 0 0 
1580000 1811 996.945 908670.425 878.411 4.1362 0 0 0 
1590000 1821 997.504 916735.098 870.83 4.1475 0 0 0 
1600000 1831 997.961 925274.667 866.305 4.1389 0 0 0 
1610000 1841 998.334 934165.496 869.0 4.173 0 0 0 
1620000 1852 982.458 942782.094 853.395 4.0982 0 0 0 
1630000 1862 985.667 955222.751 924.774 4.0957 0 0 0 
1640000 1872 988.289 963536.013 903.64 4.0983 0 0 0 
1650000 1882 990.431 973665.333 928.196 4.1084 0 0 0 
1660000 1892 992.182 984006.278 941.72 4.1012 0 0 0 
1670000 1902 993.612 997941.539 1024.804 4.0889 0 0 0 
1680000 1912 994.78 1006888.47 1004.575 4.134 0 0 0 
1690000 1922 995.735 1019541.196 1050.227 4.1393 0 0 0 
1700000 1932 996.515 1027821.236 1013.232 4.1392 0 0 0 
1710000 1942 997.153 1037614.807 1002.773 4.165 0 0 0 
1720000 1952 997.674 1047102.571 997.723 4.1934 0 0 0 
1730000 1962 998.099 1058169.967 1012.02 4.183 0 0 0 
1740000 1972 998.447 1070690.319 1060.402 4.1599 0 0 0 
1750000 1982 998.731 1083798.506 1106.27 4.1644 0 0 0 
1760000 1992 998.963 1094567.681 1098.29 4.1506 0 0 0 
1770000 2002 999.153 1107834.801 1142.576 4.1482 0 0 0 
1780000 2012 999.308 1120950.095 1175.57 4.1573 0 0 0 
1790000 2022 999.434 1136040.748 1232.554 4.1521 0 0 0 
1800000 2032 999.538 1150815.313 1273.411 4.1654 0 0 0 
1810000 2042 999.622 1167127.31 1340.279 4.1769 0 0 0 
1820000 2052 999.691 1184747.224 1414.434 4.166 0 0 0 
1830000 2062 999.748 1197550.984 1388.836 4.1762 0 0 0 
1840000 2072 999.794 1212636.671 1410.369 4.1767 0 0 0 
1850000 2082 999.832 1230036.061 1469.847 4.1991 0 0 0 
1860000 2092 999.862 1244475.586 1473.275 4.1987 0 0 0 
1870000 2102 999.888 1259910.585 1482.838 4.22 0 0 0 
1880000 2112 999.908 1277114.139 1524.469 4.2039 0 0 0 
1890000 2122 999.925 1294862.188 1570.351 4.1837 0 0 0 
1900000 2132 999.939 1310964.674 1577.404 4.1824 0 0 0 
1910000 2142 999.95 1326770.353 1580.615 4.1616 0 0 0 
1920000 2152 999.959 1344530.156 1622.361 4.1363 0 0 0 
1930000 2162 999.967 1361356.555 1623.895 4.1281 0 0 0 
1940000 2172 999.973 1377325.126 1621.603 4.1476 0 0 0 
1950000 2182 999.978 1391885.739 1588.413 4.1318 0 0 0 
1960000 2192 999.982 1409499.99 1623.807 4.1199 0 0 0 
1970000 2202 999.985 1425582.272 1617.243 4.1276 0 0 0 
1980000 2212 999.988 1440331.083 1589.134 4.1197 0 0 0 
1990000 2222 999.99 1456989.79 1604.372 4.1111 0 0 0 
2000000 2232 999.992 1475563.549 1648.874 4.1105 0 0 0 
2010000 2242 999.993 1493595.691 1676.649 4.1127 0 0 0 
2020000 2252 999.995 1509852.924 1667.767 4.1433 0 0 0 
2030000 2262 999.996 1527696.301 1691.093 4.1292 0 0 0 
2040000 2272 999.996 1545116.956 1699.301 4.1224 0 0 0 
2050000 2282 999.997 1562886.768 1713.048 4.1166 0 0 0 
2060000 2292 999.998 1580530.571 1721.848 4.1108 0 0 0 
2070000 2302 999.998 1599019.423 1744.373 4.0992 0 0 0 
2080000 2312 999.998 1615481.151 1727.445 4.092 0 0 0 
2090000 2322 999.999 1633191.882 1734.95 4.1229 0 0 0 
2100000 2332 999.999 1651738.548 1755.411 4.1471 0 0 0 
2110000 2342 999.999 1670421.025 1776.353 4.1512 0 0 0 
2120000 2352 999.999 1689835.831 1809.596 4.1607 0 0 0 
2130000 2362 999.999 1708568.778 1817.428 4.1511 0 0 0 
2140000 2372 1000.0 1727317.887 1824.593 4.147 0 0 0 
2150000 2382 1000.0 1746815.999 1848.027 4.1475 0 0 0 
2160000 2392 1000.0 1765678.104 1854.076 4.1392 0 0 0 
2170000 2402 1000.0 1783044.029 1834.002 4.1267 0 0 0 
2180000 2412 1000.0 1801383.356 1843.397 4.1139 0 0 0 
2190000 2422 1000.0 1819774.712 1836.671 4.1174 0 0 0 
2200000 2432 1000.0 1838430.396 1844.851 4.1232 0 0 0 
2210000 2442 1000.0 1854196.228 1784.547 4.1298 0 0 0 
2220000 2452 1000.0 1868592.413 1726.837 4.1254 0 0 0 
2230000 2462 1000.0 1886633.662 1740.859 4.1278 0 0 0 
2240000 2472 1000.0 1904833.955 1756.66 4.1253 0 0 0 
2250000 2482 1000.0 1922775.642 1761.075 4.1136 0 0 0 
2260000 2492 1000.0 1942022.499 1789.95 4.1064 0 0 0 
2270000 2502 1000.0 1962636.193 1839.508 4.1392 0 0 0 
2280000 2512 1000.0 1982117.164 1860.916 4.1248 0 0 0 
2290000 2522 1000.0 2002509.835 1893.521 4.1679 0 0 0 
2300000 2532 1000.0 2022245.979 1909.935 4.1774 0 0 0 
2310000 2542 1000.0 2040124.07 1886.6 4.1646 0 0 0 
2320000 2552 1000.0 2059689.143 1900.773 4.1681 0 0 0 
2330000 2562 1000.0 2079242.676 1918.074 4.186 0 0 0 
2340000 2572 1000.0 2096078.519 1867.251 4.1744 0 0 0 
2350000 2582 1000.0 2116811.866 1904.172 4.1612 0 0 0 
2360000 2592 1000.0 2136768.133 1922.376 4.1637 0 0 0 
2370000 2602 1000.0 2155815.892 1924.829 4.1601 0 0 0 
2380000 2612 1000.0 2174062.98 1906.942 4.1566 0 0 0 
2390000 2622 1000.0 2193538.039 1913.993 4.1931 0 0 0 
2400000 2632 1000.0 2214245.319 1943.643 4.1726 0 0 0 
2410000 2642 1000.0 2235981.19 1983.069 4.1606 0 0 0 
2420000 2652 1000.0 2251474.773 1904.631 4.179 0 0 0 
2430000 2662 1000.0 2271740.468 1924.407 4.1864 0 0 0 
2440000 2672 1000.0 2291178.047 1928.548 4.1714 0 0 0 
2450000 2682 1000.0 2307321.59 1877.497 4.1594 0 0 0 
2460000 2692 1000.0 2323100.5 1817.776 4.1933 0 0 0 
2470000 2702 1000.0 2341557.739 1820.59 4.1958 0 0 0 
2480000 2712 1000.0 2357572.664 1782.629 4.2007 0 0 0 
2490000 2722 1000.0 2374887.215 1769.868 4.1984 0 0 0 
2500000 2733 985.11 2388883.017 1678.5 4.167 0 0 0 
2510000 2743 987.834 2406189.411 1691.023 4.1742 0 0 0 
2520000 2753 990.06 2423302.094 1693.185 4.1675 0 0 0 
2530000 2763 991.878 2440603.682 1700.667 4.1612 0 0 0 
2540000 2773 993.364 2458603.213 1717.888 4.1777 0 0 0 
2550000 2783 994.578 2477171.698 1744.951 4.2508 0 0 0 
2560000 2793 995.57 2492916.834 1710.654 4.2677 0 0 0 
2570000 2803 996.38 2511574.012 1742.634 4.2502 0 0 0 
2580000 2813 997.042 2530291.237 1765.742 4.2382 0 0 0 
2590000 2823 997.583 2550654.604 1816.655 4.2324 0 0 0 
2600000 2833 998.025 2570008.155 1837.873 4.2641 0 0 0 
2610000 2843 998.387 2589492.402 1857.014 4.2632 0 0 0 
2620000 2853 998.682 2607213.432 1842.69 4.2403 0 0 0 
2630000 2863 998.923 2626354.584 1856.834 4.2504 0 0 0 
2640000 2873 999.12 2646231.323 1879.091 4.2325 0 0 0 
2650000 2883 999.281 2666353.163 1903.154 4.2217 0 0 0 
2660000 2893 999.412 2684853.493 1893.3 4.2196 0 0 0 
2670000 2903 999.52 2705225.59 1923.448 4.2089 0 0 0 
2680000 2913 999.608 2726857.279 1966.484 4.1912 0 0 0 
2690000 2923 999.679 2748163.823 1995.987 4.199 0 0 0 
2700000 2933 999.738 2768713.64 2006.274 4.1875 0 0 0 
2710000 2943 999.786 2789647.754 2022.722 4.1676 0 0 0 
2720000 2953 999.825 2810515.883 2035.487 4.1946 0 0 0 
2730000 2963 999.857 2829561.291 2011.15 4.1926 0 0 0 
2740000 2973 999.883 2847648.085 1972.417 4.184 0 0 0 
2750000 2983 999.905 2867162.892 1967.957 4.2013 0 0 0 
2760000 2993 999.922 2880277.729 1849.537 4.2191 0 0 0 
2770000 3003 999.936 2898766.348 1851.895 4.2056 0 0 0 
2780000 3013 999.948 2919382.613 1887.628 4.1869 0 0 0 
2790000 3023 999.957 2940233.393 1925.051 4.1806 0 0 0 
2800000 3033 999.965 2959236.617 1921.954 4.1863 0 0 0 
2810000 3043 999.972 2980404.048 1958.637 4.1754 0 0 0 
2820000 3053 999.977 3000385.736 1962.087 4.2264 0 0 0 
2830000 3063 999.981 3021557.885 1990.904 4.2254 0 0 0 
2840000 3073 999.985 3039814.501 1958.943 4.2283 0 0 0 
2850000 3083 999.987 3060333.607 1977.174 4.2106 0 0 0 
2860000 3093 999.99 3081393.917 1999.063 4.2251 0 0 0 
2870000 3103 999.992 3102204.097 2015.685 4.2148 0 0 0 
2880000 3113 999.993 3122420.63 2015.191 4.2045 0 0 0 
2890000 3123 999.994 3143001.24 2023.444 4.2111 0 0 0 
2900000 3133 999.995 3162748.827 2014.766 4.2347 0 0 0 
2910000 3143 999.996 3183221.575 2021.05 4.2175 0 0 0 
2920000 3153 999.997 3201499.328 1984.763 4.2045 0 0 0 
2930000 3163 999.997 3222345.114 2001.225 4.1916 0 0 0 
2940000 3173 999.998 3241868.99 1993.137 4.1877 0 0 0 
2950000 3183 999.998 3262051.863 1998.261 4.1914 0 0 0 
2960000 3193 999.999 3281742.258 1993.168 4.1772 0 0 0 
2970000 3203 999.999 3301200.705 1986.23 4.1741 0 0 0 
2980000 3213 999.999 3319929.512 1965.605 4.1708 0 0 0 
2990000 3223 999.999 3339393.728 1960.219 4.1817 0 0 0 
3000000 3233 999.999 3359068.487 1968.439 4.2245 0 0 0 
3010000 3243 1000.0 3376834.774 1929.539 4.2441 0 0 0 
3020000 3253 1000.0 3394564.358 1899.005 4.2303 0 0 0 
3030000 3263 1000.0 3415700.392 1937.534 4.2517 0 0 0 
3040000 3273 1000.0 3435914.702 1952.382 4.2366 0 0 0 
3050000 3283 1000.0 3456276.512 1968.132 4.2316 0 0 0 
3060000 3293 1000.0 3476755.941 1981.929 4.2165 0 0 0 
3070000 3303 1000.0 3497267.274 1996.784 4.2013 0 0 0 
3080000 3313 1000.0 3517803.659 2005.985 4.1984 0 0 0 
3090000 3323 1000.0 3536973.422 1990.202 4.1853 0 0 0 
3100000 3333 1000.0 3558310.23 2013.856 4.1801 0 0 0 
3110000 3343 1000.0 3579433.018 2033.196 4.2079 0 0 0 
3120000 3353 1000.0 3599197.291 2022.714 4.2063 0 0 0 
3130000 3363 1000.0 3620271.868 2037.457 4.2266 0 0 0 
3140000 3373 1000.0 3639386.689 2017.482 4.2401 0 0 0 
3150000 3383 1000.0 3660567.633 2038.277 4.2421 0 0 0 
3160000 3393 1000.0 3681832.79 2049.938 4.2348 0 0 0 
3170000 3403 1000.0 3703921.064 2080.726 4.2202 0 0 0 
3180000 3413 1000.0 3722969.926 2051.994 4.2539 0 0 0 
3190000 3423 1000.0 3743708.324 2053.588 4.2926 0 0 0 
3200000 3433 1000.0 3761616.592 2003.7 4.3011 0 0 0 
3210000 3443 1000.0 3783012.703 2027.207 4.2858 0 0 0 
3220000 3453 1000.0 3802197.324 2007.138 4.2573 0 0 0 
3230000 3463 1000.0 3822230.71 2006.822 4.2604 0 0 0 
3240000 3473 1000.0 3842015.181 2002.372 4.2415 0 0 0 
3250000 3483 1000.0 3861960.354 1999.825 4.2325 0 0 0 
3260000 3493 1000.0 3883125.906 2021.231 4.248 0 0 0 
3270000 3503 1000.0 3903320.855 2023.902 4.258 0 0 0 
3280000 3513 1000.0 3924877.022 2046.633 4.2347 0 0 0 
3290000 3523 1000.0 3946978.479 2076.774 4.2142 0 0 0 
3300000 3533 1000.0 3967115.989 2063.794 4.2173 0 0 0 
3310000 3543 1000.0 3988035.883 2069.959 4.2134 0 0 0 
3320000 3553 1000.0 4008955.917 2073.891 4.2004 0 0 0 
3330000 3563 1000.0 4027511.319 2031.677 4.2038 0 0 0 
3340000 3573 1000.0 4045586.777 1986.279 4.2056 0 0 0 
3350000 3583 1000.0 4066747.84 2011.217 4.1987 0 0 0 
3360000 3593 1000.0 4082194.809 1923.03 4.1946 0 0 0 
3370000 3603 1000.0 4098574.657 1866.047 4.2071 0 0 0 
3380000 3613 1000.0 4112137.37 1768.997 4.2033 0 0 0 
3390000 3623 1000.0 4126720.098 1712.254 4.199 0 0 0 
3400000 3633 1000.0 4146853.567 1766.002 4.197 0 0 0 
3410000 3643 1000.0 4168369.224 1836.351 4.1955 0 0 0 
3420000 3653 1000.0 4184684.351 1797.106 4.1945 0 0 0 
3430000 3663 1000.0 4201189.206 1770.831 4.2377 0 0 0 
3440000 3673 1000.0 4217501.467 1741.368 4.2228 0 0 0 
3450000 3683 1000.0 4229150.595 1647.151 4.2118 0 0 0 
3460000 3693 1000.0 4239542.439 1532.357 4.2071 0 0 0 
3470000 3703 1000.0 4248393.591 1417.752 4.2546 0 0 0 
3480000 3713 1000.0 4265026.765 1459.013 4.2532 0 0 0 
3490000 3723 1000.0 4284728.943 1547.615 4.2352 0 0 0 
3500000 3733 1000.0 4305416.959 1642.124 4.2319 0 0 0 
3510000 3743 1000.0 4323417.148 1670.954 4.2209 0 0 0 
3520000 3753 1000.0 4342419.49 1712.078 4.2216 0 0 0 
3530000 3763 1000.0 4364415.652 1800.869 4.2495 0 0 0 
3540000 3773 1000.0 4381094.287 1784.984 4.2618 0 0 0 
3550000 3783 1000.0 4398650.145 1778.627 4.2659 0 0 0 
3560000 3793 1000.0 4419899.476 1841.296 4.2537 0 0 0 
3570000 3803 1000.0 4440969.264 1889.871 4.274 0 0 0 
3580000 3813 1000.0 4461247.135 1915.362 4.2533 0 0 0 
3590000 3823 1000.0 4481627.374 1934.968 4.249 0 0 0 
3600000 3833 1000.0 4500528.207 1933.889 4.2232 0 0 0 
3610000 3843 1000.0 4518332.626 1897.718 4.2165 0 0 0 
3620000 3853 1000.0 4535789.296 1869.189 4.2356 0 0 0 
3630000 3863 1000.0 4555232.946 1889.647 4.2246 0 0 0 
3640000 3873 1000.0 4571608.259 1841.416 4.2668 0 0 0 
3650000 3883 1000.0 4588749.329 1818.633 4.2481 0 0 0 
3660000 3893 1000.0 4605058.534 1780.874 4.2528 0 0 0 
3670000 3903 1000.0 4624493.109 1812.495 4.2713 0 0 0 
3680000 3913 1000.0 4643078.629 1827.248 4.2689 0 0 0 
3690000 3923 1000.0 4662566.332 1849.048 4.2532 0 0 0 
3700000 3933 1000.0 4682218.8 1865.82 4.2478 0 0 0 
3710000 3943 1000.0 4704097.968 1924.355 4.2518 0 0 0 
3720000 3953 1000.0 4723822.026 1934.736 4.2323 0 0 0 
3730000 3963 1000.0 4741320.835 1905.461 4.2199 0 0 0 
3740000 3974 984.947 4758028.499 1831.856 4.1611 0 0 0 
3750000 3984 987.7 4773751.423 1786.363 4.2032 0 0 0 
3760000 3994 989.95 4791094.411 1772.758 4.2006 0 0 0 
3770000 4004 991.789 4806991.904 1733.02 4.1912 0 0 0 
3780000 4014 993.291 4824659.779 1741.033 4.1854 0 0 0 
3790000 4024 994.518 4843260.451 1764.364 4.1912 0 0 0 
3800000 4034 995.521 4862288.795 1789.636 4.198 0 0 0 
3810000 4044 996.34 4882853.085 1842.358 4.1929 0 0 0 
3820000 4054 997.01 4901607.324 1848.902 4.183 0 0 0 
3830000 4064 997.557 4918655.977 1824.929 4.2052 0 0 0 
3840000 4074 998.004 4935161.667 1791.538 4.2054 0 0 0 
3850000 4084 998.369 4953584.397 1799.288 4.1942 0 0 0 
3860000 4094 998.667 4969251.6 1760.365 4.2102 0 0 0 
3870000 4104 998.911 4986335.358 1750.691 4.2141 0 0 0 
3880000 4114 999.11 5002700.33 1726.14 4.2055 0 0 0 
3890000 4124 989.157 5020829.24 1719.016 4.1834 0 0 0 
3900000 4136 962.013 5039055.724 1696.116 4.0579 0 0 0 
3910000 4147 952.205 5054254.071 1634.849 4.0155 0 0 0 
3920000 4158 942.121 5067750.68 1550.055 3.9775 0 0 0 
3930000 4168 952.708 5083797.859 1559.333 4.017 0 0 0 
3940000 4178 961.359 5096393.765 1509.396 4.0684 0 0 0 
3950000 4188 968.428 5109419.821 1469.079 4.0926 0 0 0 
3960000 4198 974.203 5129434.477 1562.256 4.0945 0 0 0 
3970000 4208 978.922 5149687.125 1648.563 4.1106 0 0 0 
3980000 4218 982.778 5168433.072 1690.728 4.115 0 0 0 
3990000 4228 985.928 5187924.681 1737.615 4.1555 0 0 0 
4000000 4238 988.502 5208475.01 1795.582 4.1613 0 0 0 
