10000 12 175.559 -7.851 -0.142 0.616 0 0 0 
20000 22 317.187 -13.666 -0.226 1.1126 0 0 0 
30000 42 398.068 -27.639 -0.375 1.9125 0 0 0 
40000 52 508.178 -33.511 -0.414 2.7191 0 0 0 
50000 62 592.026 -39.563 -0.449 3.3358 0 0 0 
60000 72 666.656 -44.933 -0.464 3.8539 0 0 0 
70000 82 727.633 -51.052 -0.493 4.2676 0 0 0 
80000 92 769.601 -57.665 -0.525 4.5768 0 0 0 
90000 102 811.747 -63.792 -0.542 4.8786 0 0 0 
100000 113 843.56 -71.023 -0.56 5.1261 0 0 0 
110000 124 851.055 -76.298 -0.542 5.18 0 0 0 
120000 135 866.751 -83.687 -0.568 5.2841 0 0 0 
130000 145 891.126 -90.317 -0.586 5.4601 0 0 0 
140000 155 899.931 -97.224 -0.607 5.5044 0 0 0 
150000 166 910.26 -103.669 -0.602 5.5772 0 0 0 
160000 177 916.452 -110.578 -0.605 5.6306 0 0 0 
170000 187 930.187 -115.958 -0.594 5.7291 0 0 0 
180000 198 920.075 -123.733 -0.618 5.678 0 0 0 
190000 208 934.696 -129.971 -0.618 5.7695 0 0 0 
200000 218 943.382 -133.827 -0.577 5.815 0 0 0 
210000 229 948.321 -140.58 -0.578 5.8316 0 0 0 
220000 239 955.489 -146.294 -0.579 5.8792 0 0 0 
230000 249 963.631 -152.045 -0.579 5.9395 0 0 0 
240000 259 970.284 -157.395 -0.57 5.9951 0 0 0 
250000 269 973.569 -163.592 -0.582 6.0323 0 0 0 
260000 279 974.268 -167.438 -0.547 6.0316 0 0 0 
270000 290 961.105 -173.987 -0.56 5.9519 0 0 0 
280000 300 968.22 -179.496 -0.56 5.99 0 0 0 
290000 311 966.382 -183.871 -0.524 5.9828 0 0 0 
300000 321 972.532 -190.409 -0.548 6.0271 0 0 0 
310000 331 977.557 -195.753 -0.546 6.0643 0 0 0 
320000 341 970.262 -201.72 -0.561 6.0364 0 0 0 
330000 351 975.702 -207.688 -0.569 6.0682 0 0 0 
340000 362 972.703 -214.243 -0.569 6.0444 0 0 0 
350000 373 955.925 -221.188 -0.583 5.9336 0 0 0 
360000 383 959.178 -227.24 -0.592 5.9488 0 0 0 
370000 393 966.646 -232.799 -0.583 6.0031 0 0 0 
380000 403 972.747 -238.985 -0.592 6.0388 0 0 0 
390000 413 977.732 -244.494 -0.584 6.0812 0 0 0 
400000 423 980.07 -250.649 -0.59 6.1535 0 0 0 
410000 434 975.057 -257.024 -0.586 6.1387 0 0 0 
420000 444 979.62 -263.184 -0.592 6.1716 0 0 0 
430000 454 972.91 -269.91 -0.61 6.1096 0 0 0 
440000 464 977.865 -275.654 -0.605 6.1292 0 0 0 
450000 476 948.743 -283.581 -0.613 5.9416 0 0 0 
460000 486 958.119 -290.164 -0.625 5.9946 0 0 0 
470000 496 959.92 -296.136 -0.618 6.0141 0 0 0 
480000 506 967.251 -302.194 -0.622 6.062 0 0 0 
490000 516 973.242 -307.924 -0.612 6.1001 0 0 0 
500000 527 969.539 -315.674 -0.625 6.0768 0 0 0 
510000 537 975.111 -320.929 -0.605 6.1128 0 0 0 
520000 547 979.476 -326.276 -0.595 6.1448 0 0 0 
530000 557 983.23 -332.143 -0.59 6.1757 0 0 0 
540000 567 986.298 -338.029 -0.594 6.2128 0 0 0 
550000 577 988.503 -344.076 -0.592 6.2527 0 0 0 
560000 589 964.295 -352.84 -0.62 6.1161 0 0 0 
570000 599 955.671 -358.088 -0.611 6.0755 0 0 0 
580000 610 955.979 -364.916 -0.607 6.0908 0 0 0 
590000 620 951.882 -369.766 -0.595 6.0825 0 0 0 
600000 631 948.563 -377.077 -0.6 6.081 0 0 0 
610000 641 954.19 -383.003 -0.599 6.1273 0 0 0 
620000 651 962.57 -389.047 -0.606 6.1895 0 0 0 
630000 661 969.417 -394.688 -0.594 6.2443 0 0 0 
640000 672 973.793 -401.614 -0.595 6.2854 0 0 0 
650000 682 971.667 -405.097 -0.556 6.2918 0 0 0 
660000 692 968.187 -409.201 -0.533 6.2879 0 0 0 
670000 703 962.504 -416.583 -0.555 6.2659 0 0 0 
680000 714 946.177 -423.354 -0.567 6.1453 0 0 0 
690000 725 949.545 -430.25 -0.578 6.1633 0 0 0 
700000 735 958.774 -435.929 -0.576 6.2245 0 0 0 
710000 745 966.316 -441.339 -0.569 6.2894 0 0 0 
720000 756 954.648 -448.078 -0.579 6.2257 0 0 0 
730000 766 962.944 -453.662 -0.576 6.2707 0 0 0 
740000 777 951.926 -460.876 -0.592 6.1905 0 0 0 
750000 787 959.762 -467.611 -0.61 6.2361 0 0 0 
760000 797 963.359 -472.72 -0.592 6.2543 0 0 0 
770000 807 970.062 -478.959 -0.596 6.2959 0 0 0 
780000 817 970.364 -485.322 -0.605 6.2956 0 0 0 
790000 828 969.105 -492.186 -0.607 6.2885 0 0 0 
800000 839 946.544 -496.826 -0.57 6.1599 0 0 0 
810000 852 912.876 -506.366 -0.607 5.9655 0 0 0 
820000 862 928.813 -512.055 -0.601 6.0854 0 0 0 
830000 872 929.108 -518.437 -0.608 6.0989 0 0 0 
840000 883 934.944 -525.361 -0.614 6.1429 0 0 0 
850000 894 928.836 -530.061 -0.576 6.1083 0 0 0 
860000 904 938.903 -535.578 -0.574 6.178 0 0 0 
870000 914 950.079 -542.079 -0.585 6.2488 0 0 0 
880000 925 952.161 -549.518 -0.601 6.2581 0 0 0 
890000 935 960.912 -554.538 -0.583 6.2749 0 0 0 
900000 946 947.942 -560.998 -0.584 6.1546 0 0 0 
910000 956 954.795 -567.531 -0.599 6.1711 0 0 0 
920000 967 941.407 -574.778 -0.611 6.0636 0 0 0 
930000 977 952.125 -580.847 -0.611 6.118 0 0 0 
940000 988 947.867 -588.425 -0.625 6.1018 0 0 0 
950000 999 941.399 -593.397 -0.587 6.0925 0 0 0 
960000 1010 930.405 -600.319 -0.598 6.0436 0 0 0 
970000 1020 943.135 -606.375 -0.597 6.1464 0 0 0 
980000 1030 943.088 -610.068 -0.559 6.1809 0 0 0 
990000 1040 953.499 -616.181 -0.568 6.2636 0 0 0 
1000000 1051 946.473 -623.245 -0.585 6.2382 0 0 0 
1010000 1061 954.755 -629.297 -0.587 6.3024 0 0 0 
1020000 1071 963.032 -635.878 -0.597 6.3388 0 0 0 
1030000 1081 969.794 -642.349 -0.606 6.3684 0 0 0 
1040000 1091 975.32 -648.809 -0.617 6.4052 0 0 0 
1050000 1102 975.497 -653.597 -0.575 6.4053 0 0 0 
1060000 1113 955.501 -658.84 -0.558 6.2834 0 0 0 
1070000 1123 963.641 -664.504 -0.559 6.3305 0 0 0 
1080000 1133 970.292 -670.446 -0.566 6.3411 0 0 0 
1090000 1143 971.366 -676.413 -0.575 6.328 0 0 0 
1100000 1154 971.729 -683.189 -0.577 6.3111 0 0 0 
1110000 1164 976.44 -688.226 -0.563 6.3375 0 0 0 
1120000 1174 980.75 -694.759 -0.579 6.3804 0 0 0 
1130000 1185 968.19 -699.566 -0.553 6.3101 0 0 0 
1140000 1195 974.009 -705.89 -0.568 6.3389 0 0 0 
1150000 1205 978.763 -711.114 -0.56 6.373 0 0 0 
1160000 1215 968.395 -717.421 -0.583 6.304 0 0 0 
1170000 1226 960.235 -722.253 -0.547 6.2386 0 0 0 
1180000 1236 959.796 -725.655 -0.512 6.223 0 0 0 
1190000 1247 957.517 -732.767 -0.534 6.2013 0 0 0 
1200000 1257 962.84 -739.436 -0.559 6.229 0 0 0 
1210000 1267 969.638 -744.828 -0.555 6.2532 0 0 0 
1220000 1277 975.192 -750.152 -0.554 6.2781 0 0 0 
1230000 1287 979.73 -756.022 -0.559 6.3016 0 0 0 
1240000 1297 979.838 -761.262 -0.551 6.3024 0 0 0 
1250000 1307 983.526 -766.631 -0.549 6.3238 0 0 0 
1260000 1317 986.54 -772.53 -0.557 6.3372 0 0 0 
1270000 1328 979.247 -779.4 -0.567 6.2881 0 0 0 
1280000 1339 960.097 -786.115 -0.579 6.1698 0 0 0 
1290000 1349 967.396 -791.839 -0.578 6.2176 0 0 0 
1300000 1359 968.588 -797.956 -0.584 6.2489 0 0 0 
1310000 1369 973.466 -804.044 -0.592 6.2826 0 0 0 
1320000 1379 978.319 -809.684 -0.583 6.3054 0 0 0 
1330000 1390 975.119 -813.704 -0.538 6.2796 0 0 0 
1340000 1400 972.291 -818.915 -0.535 6.3112 0 0 0 
1350000 1411 966.733 -825.775 -0.549 6.316 0 0 0 
1360000 1421 965.068 -829.554 -0.521 6.3388 0 0 0 
1370000 1432 967.889 -836.015 -0.532 6.3652 0 0 0 
1380000 1442 973.763 -842.963 -0.561 6.4102 0 0 0 
1390000 1452 978.562 -848.84 -0.565 6.4476 0 0 0 
1400000 1462 980.486 -855.125 -0.578 6.4652 0 0 0 
1410000 1472 974.919 -860.844 -0.579 6.4317 0 0 0 
1420000 1482 975.85 -863.904 -0.534 6.4399 0 0 0 
1430000 1492 980.268 -870.119 -0.546 6.4686 0 0 0 
1440000 1502 983.877 -875.642 -0.551 6.5051 0 0 0 
1450000 1512 986.826 -881.61 -0.559 6.5365 0 0 0 
1460000 1523 982.829 -887.666 -0.552 6.5176 0 0 0 
1470000 1533 985.97 -894.309 -0.572 6.5401 0 0 0 
1480000 1545 955.908 -902.546 -0.596 6.3416 0 0 0 
1490000 1555 963.218 -908.032 -0.587 6.3913 0 0 0 
1500000 1565 969.946 -914.864 -0.606 6.4357 0 0 0 
1510000 1575 964.155 -920.249 -0.601 6.3981 0 0 0 
1520000 1586 962.295 -926.943 -0.594 6.3862 0 0 0 
1530000 1596 969.193 -932.7 -0.592 6.4247 0 0 0 
1540000 1606 971.828 -938.674 -0.595 6.382 0 0 0 
1550000 1617 965.792 -946.389 -0.613 6.2932 0 0 0 
1560000 1627 972.049 -952.554 -0.614 6.3177 0 0 0 
1570000 1637 960.893 -957.667 -0.601 6.2521 0 0 0 
1580000 1648 957.64 -964.369 -0.599 6.2857 0 0 0 
1590000 1659 953.974 -971.549 -0.607 6.2633 0 0 0 
1600000 1669 962.394 -978.043 -0.616 6.3245 0 0 0 
1610000 1679 969.273 -983.871 -0.609 6.3816 0 0 0 
1620000 1689 964.318 -987.89 -0.575 6.3602 0 0 0 
1630000 1700 962.285 -994.702 -0.579 6.3454 0 0 0 
1640000 1710 969.184 -1000.77 -0.588 6.395 0 0 0 
1650000 1721 958.219 -1005.529 -0.558 6.3261 0 0 0 
1660000 1731 963.946 -1011.746 -0.57 6.3691 0 0 0 
1670000 1741 970.541 -1017.068 -0.566 6.4235 0 0 0 
1680000 1751 975.93 -1022.931 -0.571 6.4487 0 0 0 
1690000 1761 980.333 -1028.987 -0.576 6.4667 0 0 0 
1700000 1771 983.931 -1035.203 -0.585 6.4834 0 0 0 
1710000 1781 978.707 -1041.504 -0.594 6.4305 0 0 0 
1720000 1792 969.749 -1043.245 -0.512 6.3571 0 0 0 
1730000 1802 975.283 -1049.603 -0.536 6.4089 0 0 0 
1740000 1812 979.804 -1055.254 -0.541 6.4541 0 0 0 
1750000 1822 983.499 -1061.309 -0.553 6.4905 0 0 0 
1760000 1833 969.48 -1068.229 -0.57 6.4086 0 0 0 
1770000 1843 975.063 -1073.772 -0.564 6.4441 0 0 0 
1780000 1854 962.754 -1080.788 -0.581 6.323 0 0 0 
1790000 1864 968.371 -1084.712 -0.55 6.3267 0 0 0 
1800000 1875 955.524 -1089.71 -0.53 6.2307 0 0 0 
1810000 1885 963.66 -1095.352 -0.538 6.2757 0 0 0 
1820000 1896 952.856 -1102.616 -0.562 6.1998 0 0 0 
1830000 1906 961.48 -1109.014 -0.576 6.2438 0 0 0 
1840000 1917 957.297 -1116.683 -0.598 6.1695 0 0 0 
1850000 1927 960.561 -1122.233 -0.591 6.1751 0 0 0 
1860000 1937 967.776 -1128.824 -0.604 6.2364 0 0 0 
1870000 1947 969.729 -1134.491 -0.601 6.2277 0 0 0 
1880000 1957 975.266 -1140.426 -0.6 6.2533 0 0 0 
1890000 1968 971.759 -1146.99 -0.594 6.221 0 0 0 
1900000 1978 976.925 -1152.544 -0.587 6.2508 0 0 0 
1910000 1988 981.146 -1157.557 -0.57 6.2749 0 0 0 
1920000 1999 961.427 -1164.652 -0.587 6.1372 0 0 0 
1930000 2009 968.483 -1170.148 -0.581 6.1783 0 0 0 
1940000 2020 961.668 -1177.928 -0.603 6.144 0 0 0 
1950000 2031 955.433 -1182.274 -0.564 6.1067 0 0 0 
1960000 2041 963.586 -1187.787 -0.562 6.1652 0 0 0 
1970000 2051 969.324 -1194.207 -0.577 6.2141 0 0 0 
1980000 2061 967.627 -1200.29 -0.586 6.2329 0 0 0 
1990000 2072 963.879 -1207.19 -0.591 6.2384 0 0 0 
2000000 2082 960.972 -1210.531 -0.551 6.2313 0 0 0 
2010000 2092 960.446 -1215.742 -0.551 6.2299 0 0 0 
2020000 2102 967.614 -1222.079 -0.567 6.2834 0 0 0 
2030000 2113 963.058 -1228.974 -0.572 6.2569 0 0 0 
2040000 2124 955.82 -1235.304 -0.57 6.2293 0 0 0 
2050000 2135 950.585 -1239.749 -0.536 6.209 0 0 0 
2060000 2145 949.255 -1241.558 -0.477 6.2101 0 0 0 
2070000 2155 956.07 -1247.436 -0.497 6.254 0 0 0 
2080000 2165 964.106 -1253.509 -0.518 6.3018 0 0 0 
2090000 2175 970.672 -1260.112 -0.552 6.342 0 0 0 
2100000 2186 956.61 -1267.718 -0.576 6.2387 0 0 0 
2110000 2198 943.49 -1273.742 -0.556 6.1447 0 0 0 
2120000 2208 946.577 -1280.707 -0.585 6.1562 0 0 0 
2130000 2219 951.022 -1287.94 -0.594 6.1916 0 0 0 
2140000 2229 950.796 -1293.763 -0.593 6.2131 0 0 0 
2150000 2241 931.581 -1301.876 -0.61 6.099 0 0 0 
2160000 2251 934.653 -1308.125 -0.617 6.133 0 0 0 
2170000 2261 946.607 -1313.852 -0.608 6.2237 0 0 0 
2180000 2272 948.046 -1321.412 -0.621 6.2452 0 0 0 
2190000 2282 943.789 -1325.109 -0.58 6.2114 0 0 0 
2200000 2292 954.072 -1330.532 -0.57 6.2747 0 0 0 
2210000 2303 954.481 -1337.385 -0.579 6.2624 0 0 0 
2220000 2313 959.377 -1343.166 -0.582 6.2589 0 0 0 
2230000 2324 955.922 -1350.952 -0.602 6.2201 0 0 0 
2240000 2334 963.985 -1356.908 -0.6 6.2609 0 0 0 
2250000 2344 962.602 -1362.584 -0.598 6.2436 0 0 0 
2260000 2354 965.24 -1366.538 -0.565 6.2611 0 0 0 
2270000 2365 951.58 -1373.18 -0.571 6.1627 0 0 0 
2280000 2377 937.569 -1381.317 -0.593 6.054 0 0 0 
2290000 2387 940.451 -1386.655 -0.588 6.054 0 0 0 
2300000 2397 947.325 -1392.727 -0.588 6.0896 0 0 0 
2310000 2408 952.955 -1399.785 -0.595 6.1458 0 0 0 
2320000 2418 961.561 -1405.933 -0.599 6.2165 0 0 0 
2330000 2429 953.942 -1412.857 -0.603 6.194 0 0 0 
2340000 2439 961.066 -1418.542 -0.596 6.2339 0 0 0 
2350000 2450 948.849 -1424.783 -0.591 6.1516 0 0 0 
2360000 2461 946.397 -1432.224 -0.607 6.136 0 0 0 
2370000 2471 956.202 -1437.525 -0.593 6.2025 0 0 0 
2380000 2482 943.286 -1441.646 -0.552 6.1178 0 0 0 
2390000 2492 953.661 -1448.459 -0.577 6.1718 0 0 0 
2400000 2503 933.269 -1454.748 -0.584 6.0404 0 0 0 
2410000 2513 945.476 -1460.5 -0.579 6.1249 0 0 0 
2420000 2523 951.859 -1464.516 -0.549 6.1538 0 0 0 
2430000 2533 960.666 -1470.194 -0.553 6.2004 0 0 0 
2440000 2543 967.861 -1475.238 -0.546 6.2397 0 0 0 
2450000 2554 960.408 -1481.33 -0.547 6.1853 0 0 0 
2460000 2564 967.65 -1487.528 -0.56 6.2296 0 0 0 
2470000 2574 973.568 -1494.068 -0.576 6.2756 0 0 0 
2480000 2584 978.403 -1499.602 -0.571 6.3161 0 0 0 
2490000 2596 959.189 -1507.057 -0.578 6.1926 0 0 0 
2500000 2606 954.483 -1512.959 -0.59 6.1683 0 0 0 
2510000 2618 938.794 -1516.867 -0.524 6.0766 0 0 0 
2520000 2629 922.883 -1523.712 -0.551 5.9657 0 0 0 
2530000 2639 936.99 -1529.737 -0.557 6.051 0 0 0 
2540000 2650 940.406 -1536.076 -0.558 6.0607 0 0 0 
2550000 2662 916.678 -1543.568 -0.573 5.8999 0 0 0 
2560000 2672 931.92 -1549.292 -0.573 5.9925 0 0 0 
2570000 2683 930.478 -1555.651 -0.573 5.9962 0 0 0 
2580000 2693 930.191 -1561.119 -0.573 5.9876 0 0 0 
2590000 2703 942.961 -1567.285 -0.581 6.0615 0 0 0 
2600000 2714 952.809 -1573.018 -0.562 6.1181 0 0 0 
2610000 2724 951.841 -1578.974 -0.574 6.105 0 0 0 
2620000 2734 960.651 -1584.944 -0.578 6.1561 0 0 0 
2630000 2744 966.34 -1590.985 -0.585 6.1876 0 0 0 
2640000 2754 966.784 -1596.949 -0.584 6.1855 0 0 0 
2650000 2765 965.681 -1604.393 -0.601 6.1792 0 0 0 
2660000 2775 970.399 -1609.799 -0.59 6.2122 0 0 0 
2670000 2785 975.814 -1616.091 -0.597 6.2639 0 0 0 
2680000 2795 970.42 -1621.634 -0.598 6.2306 0 0 0 
2690000 2805 975.831 -1628.301 -0.608 6.2639 0 0 0 
2700000 2815 980.252 -1634.354 -0.605 6.2856 0 0 0 
2710000 2826 982.38 -1639.023 -0.562 6.2925 0 0 0 
2720000 2836 973.444 -1645.079 -0.575 6.2311 0 0 0 
2730000 2846 978.302 -1651.399 -0.589 6.2564 0 0 0 
2740000 2857 972.826 -1658.172 -0.59 6.2162 0 0 0 
2750000 2867 977.797 -1663.835 -0.586 6.2488 0 0 0 
2760000 2877 971.731 -1669.201 -0.584 6.2099 0 0 0 
2770000 2888 972.564 -1675.729 -0.577 6.2165 0 0 0 
2780000 2898 975.432 -1682.039 -0.588 6.2352 0 0 0 
2790000 2908 979.926 -1687.978 -0.589 6.2643 0 0 0 
2800000 2919 964.698 -1694.444 -0.59 6.1663 0 0 0 
2810000 2929 961.815 -1700.304 -0.593 6.1467 0 0 0 
2820000 2941 944.955 -1704.655 -0.535 6.0348 0 0 0 
2830000 2951 955.024 -1710.405 -0.542 6.1075 0 0 0 
2840000 2962 939.675 -1717.448 -0.563 6.0117 0 0 0 
2850000 2973 930.667 -1724.249 -0.578 5.9508 0 0 0 
2860000 2984 929.935 -1730.787 -0.578 5.9445 0 0 0 
2870000 2994 942.752 -1736.605 -0.58 6.0456 0 0 0 
2880000 3005 938.539 -1743.032 -0.579 6.0367 0 0 0 
2890000 3015 949.782 -1749.126 -0.585 6.1485 0 0 0 
2900000 3025 948.196 -1755.215 -0.593 6.1432 0 0 0 
2910000 3035 957.673 -1760.584 -0.585 6.2069 0 0 0 
2920000 3047 943.12 -1766.752 -0.567 6.1498 0 0 0 
2930000 3057 948.837 -1772.844 -0.577 6.1614 0 0 0 
2940000 3068 948.845 -1779.447 -0.577 6.1414 0 0 0 
2950000 3078 958.203 -1785.755 -0.586 6.2007 0 0 0 
2960000 3088 965.79 -1791.043 -0.576 6.2483 0 0 0 
2970000 3098 972.048 -1797.111 -0.583 6.3377 0 0 0 
2980000 3108 977.161 -1802.498 -0.575 6.392 0 0 0 
2990000 3119 964.307 -1806.675 -0.537 6.3295 0 0 0 
3000000 3129 970.836 -1812.208 -0.54 6.389 0 0 0 
3010000 3140 954.176 -1819.503 -0.568 6.2949 0 0 0 
3020000 3150 962.558 -1824.7 -0.558 6.3607 0 0 0 
3030000 3161 954.821 -1831.336 -0.565 6.316 0 0 0 
3040000 3171 959.848 -1837.43 -0.575 6.3583 0 0 0 
3050000 3181 965.095 -1843.367 -0.58 6.401 0 0 0 
3060000 3191 963.789 -1848.792 -0.578 6.3963 0 0 0 
3070000 3202 952.63 -1853.739 -0.547 6.3207 0 0 0 
3080000 3214 941.868 -1859.377 -0.526 6.2478 0 0 0 
3090000 3224 947.23 -1865.222 -0.539 6.2826 0 0 0 
3100000 3234 951.309 -1870.405 -0.539 6.3355 0 0 0 
3110000 3244 957.334 -1876.774 -0.553 6.3875 0 0 0 
3120000 3255 955.921 -1883.51 -0.566 6.3934 0 0 0 
3130000 3266 947.99 -1888.277 -0.54 6.3605 0 0 0 
3140000 3276 957.504 -1894.337 -0.553 6.4257 0 0 0 
3150000 3286 965.277 -1900.052 -0.556 6.4753 0 0 0 
3160000 3296 960.263 -1905.985 -0.566 6.4137 0 0 0 
3170000 3307 965.861 -1913.164 -0.578 6.4145 0 0 0 
3180000 3317 972.106 -1918.723 -0.574 6.4277 0 0 0 
3190000 3327 963.352 -1924.495 -0.579 6.3525 0 0 0 
3200000 3337 968.212 -1930.306 -0.583 6.3715 0 0 0 
3210000 3348 968.611 -1936.169 -0.567 6.3655 0 0 0 
3220000 3358 974.353 -1941.754 -0.566 6.3965 0 0 0 
3230000 3368 970.403 -1946.37 -0.55 6.3758 0 0 0 
3240000 3378 972.433 -1951.761 -0.553 6.3835 0 0 0 
3250000 3389 958.984 -1957.241 -0.545 6.2916 0 0 0 
3260000 3400 966.272 -1963.871 -0.548 6.3241 0 0 0 
3270000 3410 963.701 -1970.225 -0.566 6.2973 0 0 0 
3280000 3420 970.341 -1976.437 -0.576 6.3393 0 0 0 
3290000 3432 941.866 -1984.086 -0.59 6.1631 0 0 0 
3300000 3443 933.836 -1990.692 -0.594 6.0835 0 0 0 
3310000 3453 945.939 -1996.005 -0.579 6.1408 0 0 0 
3320000 3465 923.892 -2004.019 -0.599 5.9773 0 0 0 
3330000 3475 937.814 -2009.614 -0.591 6.0454 0 0 0 
3340000 3485 945.15 -2015.854 -0.6 6.0752 0 0 0 
3350000 3495 951.814 -2021.706 -0.598 6.1399 0 0 0 
3360000 3505 958.636 -2027.362 -0.59 6.2069 0 0 0 
3370000 3516 954.624 -2034.523 -0.602 6.2019 0 0 0 
3380000 3527 950.593 -2042.059 -0.616 6.1787 0 0 0 
3390000 3538 946.225 -2048.733 -0.613 6.1497 0 0 0 
3400000 3548 956.062 -2054.805 -0.612 6.2166 0 0 0 
3410000 3558 964.1 -2060.497 -0.604 6.274 0 0 0 
3420000 3568 960.97 -2067.071 -0.619 6.258 0 0 0 
3430000 3578 968.11 -2072.932 -0.61 6.3047 0 0 0 
3440000 3588 973.943 -2079.339 -0.616 6.3452 0 0 0 
3450000 3598 978.71 -2084.472 -0.602 6.3841 0 0 0 
3460000 3608 982.604 -2089.946 -0.588 6.4061 0 0 0 
3470000 3618 985.787 -2096.014 -0.594 6.4266 0 0 0 
3480000 3628 988.387 -2102.084 -0.591 6.4449 0 0 0 
3490000 3638 990.511 -2107.494 -0.584 6.4594 0 0 0 
3500000 3650 968.368 -2116.424 -0.614 6.3123 0 0 0 
3510000 3660 970.718 -2120.083 -0.572 6.3275 0 0 0 
3520000 3670 976.074 -2126.34 -0.582 6.3612 0 0 0 
3530000 3680 980.451 -2131.688 -0.574 6.3877 0 0 0 
3540000 3690 984.027 -2137.389 -0.572 6.4037 0 0 0 
3550000 3700 986.949 -2143.6 -0.581 6.4089 0 0 0 
3560000 3711 974.155 -2149.604 -0.573 6.3122 0 0 0 
3570000 3721 978.883 -2155.536 -0.578 6.3747 0 0 0 
3580000 3732 959.761 -2161.91 -0.579 6.2625 0 0 0 
3590000 3742 962.062 -2168.359 -0.592 6.2826 0 0 0 
3600000 3753 961.507 -2176.155 -0.612 6.2832 0 0 0 
3610000 3763 968.548 -2181.294 -0.594 6.3351 0 0 0 
3620000 3774 950.262 -2186.385 -0.565 6.2232 0 0 0 
3630000 3785 943.81 -2193.412 -0.581 6.1884 0 0 0 
3640000 3795 943.713 -2198.682 -0.579 6.1881 0 0 0 
3650000 3806 940.029 -2205.692 -0.585 6.1654 0 0 0 
3660000 3817 939.618 -2212.133 -0.584 6.163 0 0 0 
3670000 3827 941.22 -2216.303 -0.556 6.1704 0 0 0 
3680000 3838 944.816 -2223.624 -0.575 6.1933 0 0 0 
3690000 3848 954.911 -2229.999 -0.587 6.2592 0 0 0 
3700000 3858 953.017 -2235.062 -0.574 6.2458 0 0 0 
3710000 3869 952.156 -2242.345 -0.59 6.2418 0 0 0 
3720000 3879 960.908 -2248.956 -0.604 6.3076 0 0 0 
3730000 3890 954.096 -2256.29 -0.615 6.2605 0 0 0 
3740000 3900 960.673 -2261.966 -0.605 6.2998 0 0 0 
3750000 3911 948.852 -2268.407 -0.603 6.2204 0 0 0 
3760000 3921 950.36 -2274.762 -0.609 6.2342 0 0 0 
3770000 3932 955.891 -2281.223 -0.6 6.276 0 0 0 
3780000 3942 963.96 -2286.942 -0.593 6.3254 0 0 0 
3790000 3952 970.553 -2293.247 -0.6 6.3668 0 0 0 
3800000 3962 975.939 -2299.748 -0.609 6.4067 0 0 0 
3810000 3972 973.061 -2305.334 -0.603 6.3935 0 0 0 
3820000 3983 954.602 -2312.195 -0.608 6.2776 0 0 0 
3830000 3994 947.185 -2318.617 -0.603 6.2318 0 0 0 
3840000 4004 956.847 -2324.867 -0.609 6.2916 0 0 0 
3850000 4014 964.741 -2330.678 -0.605 6.3248 0 0 0 
3860000 4025 965.48 -2336.493 -0.585 6.3124 0 0 0 
3870000 4035 971.794 -2341.861 -0.575 6.3439 0 0 0 
3880000 4045 976.954 -2347.676 -0.577 6.3613 0 0 0 
3890000 4055 981.17 -2354.092 -0.589 6.3729 0 0 0 
3900000 4065 978.254 -2358.113 -0.553 6.3562 0 0 0 
3910000 4075 982.232 -2363.513 -0.551 6.3984 0 0 0 
3920000 4085 975.738 -2368.503 -0.543 6.3668 0 0 0 
3930000 4097 959.655 -2376.078 -0.557 6.2892 0 0 0 
3940000 4107 967.035 -2382.332 -0.57 6.3776 0 0 0 
3950000 4117 967.535 -2388.323 -0.576 6.411 0 0 0 
3960000 4127 970.547 -2394.382 -0.585 6.4381 0 0 0 
3970000 4137 975.935 -2399.812 -0.577 6.4798 0 0 0 
3980000 4147 977.824 -2405.417 -0.571 6.4904 0 0 0 
3990000 4158 975.777 -2412.198 -0.577 6.4744 0 0 0 
4000000 4168 968.886 -2418.472 -0.594 6.4138 0 0 0 
