10000 11 180.049 -1.0 -0.015 0.709 0 0 0 
20000 21 330.04 -1.0 -0.014 1.3216 0 0 0 
30000 105 160.871 -31.0 -0.275 1.0634 0 0 0 
40000 121 293.472 -15.0 0.07 2.1536 0 0 0 
50000 141 358.526 -7.0 0.203 2.7179 0 0 0 
60000 186 294.756 -3.0 0.18 2.3125 0 0 0 
70000 205 354.675 9.0 0.303 2.8163 0 0 0 
80000 229 374.155 17.0 0.29 2.9837 0 0 0 
90000 259 353.048 23.0 0.209 2.8146 0 0 0 
100000 276 416.844 36.0 0.422 3.3201 0 0 0 
110000 289 498.129 37.0 0.278 3.9772 0 0 0 
120000 312 480.666 46.0 0.37 3.8413 0 0 0 
130000 346 377.663 55.0 0.304 3.0129 0 0 0 
140000 372 383.579 69.0 0.404 3.0585 0 0 0 
150000 389 441.784 84.0 0.544 3.5171 0 0 0 
160000 415 422.865 95.0 0.535 3.3676 0 0 0 
170000 429 487.808 110.0 0.658 3.8715 0 0 0 
180000 444 534.725 122.0 0.661 4.2458 0 0 0 
190000 465 525.133 136.0 0.701 4.1652 0 0 0 
200000 480 552.695 166.0 0.983 4.3783 0 0 0 
210000 497 574.507 187.0 1.066 4.5322 0 0 0 
220000 513 586.616 197.0 0.948 4.6238 0 0 0 
230000 531 569.909 220.0 1.01 4.4777 0 0 0 
240000 549 566.637 251.0 1.215 4.4596 0 0 0 
250000 569 543.887 278.0 1.295 4.27 0 0 0 
260000 587 538.127 311.0 1.425 4.2518 0 0 0 
270000 604 559.331 327.0 1.286 4.42 0 0 0 
280000 620 567.581 337.0 1.121 4.4493 0 0 0 
290000 648 490.028 357.0 0.951 3.8404 0 0 0 
300000 664 519.393 391.0 1.208 4.0693 0 0 0 
310000 678 574.432 423.0 1.526 4.4954 0 0 0 
320000 692 606.078 443.0 1.521 4.7557 0 0 0 
330000 704 660.324 468.0 1.624 5.1713 0 0 0 
340000 717 676.262 486.0 1.587 5.2893 0 0 0 
350000 733 664.518 504.0 1.435 5.2158 0 0 0 
360000 751 619.859 528.0 1.329 4.8923 0 0 0 
370000 766 633.753 542.0 1.271 5.0021 0 0 0 
380000 780 664.682 552.0 1.152 5.2467 0 0 0 
390000 796 642.012 560.0 0.916 5.0561 0 0 0 
400000 813 623.833 567.0 0.807 4.9038 0 0 0 
410000 827 649.566 569.0 0.656 5.0896 0 0 0 
420000 846 609.57 581.0 0.592 4.765 0 0 0 
430000 865 583.817 600.0 0.728 4.5948 0 0 0 
440000 880 597.899 629.0 1.081 4.7093 0 0 0 
450000 894 629.325 653.0 1.253 4.9591 0 0 0 
460000 912 607.265 665.0 1.01 4.7864 0 0 0 
470000 928 612.682 693.0 1.257 4.8049 0 0 0 
480000 944 617.046 711.0 1.227 4.8618 0 0 0 
490000 960 623.737 737.0 1.332 4.9034 0 0 0 
500000 976 614.702 760.0 1.264 4.8112 0 0 0 
510000 989 641.271 786.0 1.409 5.0036 0 0 0 
520000 1004 661.657 803.0 1.395 5.1563 0 0 0 
530000 1022 632.165 817.0 1.256 4.9339 0 0 0 
540000 1041 603.736 832.0 1.112 4.7326 0 0 0 
550000 1056 617.819 855.0 1.247 4.8527 0 0 0 
560000 1075 595.342 891.0 1.452 4.6609 0 0 0 
570000 1091 604.487 932.0 1.79 4.7161 0 0 0 
580000 1108 596.445 976.0 2.02 4.6548 0 0 0 
590000 1122 625.67 1005.0 2.042 4.8725 0 0 0 
600000 1138 619.221 1028.0 1.852 4.85 0 0 0 
610000 1154 618.391 1092.0 2.414 4.8281 0 0 0 
620000 1172 606.698 1118.0 2.194 4.7176 0 0 0 
630000 1192 570.969 1160.0 2.147 4.4522 0 0 0 
640000 1209 578.602 1196.0 2.178 4.5162 0 0 0 
650000 1221 631.184 1237.0 2.384 4.9628 0 0 0 
660000 1236 632.572 1276.0 2.418 4.9673 0 0 0 
670000 1250 656.979 1323.0 2.654 5.1687 0 0 0 
680000 1263 688.227 1365.0 2.813 5.4079 0 0 0 
690000 1276 701.925 1436.0 3.309 5.5083 0 0 0 
700000 1291 699.779 1487.0 3.437 5.4976 0 0 0 
710000 1307 679.016 1532.0 3.249 5.3474 0 0 0 
720000 1318 712.976 1587.0 3.49 5.6042 0 0 0 
730000 1331 737.189 1647.0 3.867 5.7789 0 0 0 
740000 1342 761.127 1717.0 4.214 5.9406 0 0 0 
750000 1355 767.53 1769.0 4.212 5.9588 0 0 0 
760000 1370 735.225 1820.0 3.966 5.679 0 0 0 
770000 1382 748.697 1878.0 4.067 5.7788 0 0 0 
780000 1396 740.504 1940.0 4.228 5.7001 0 0 0 
790000 1407 783.684 2005.0 4.596 6.034 0 0 0 
800000 1421 771.768 2076.0 4.774 5.9316 0 0 0 
810000 1434 762.742 2151.0 4.955 5.8779 0 0 0 
820000 1447 772.903 2234.0 5.346 5.9536 0 0 0 
830000 1459 774.261 2309.0 5.52 5.9815 0 0 0 
840000 1473 764.966 2394.0 5.61 5.9143 0 0 0 
850000 1490 715.635 2465.0 5.277 5.5407 0 0 0 
860000 1501 742.865 2566.0 5.924 5.7285 0 0 0 
870000 1517 716.214 2660.0 6.015 5.5248 0 0 0 
880000 1531 721.463 2747.0 6.085 5.5665 0 0 0 
890000 1543 736.184 2840.0 6.308 5.6708 0 0 0 
900000 1560 692.95 2927.0 5.978 5.3423 0 0 0 
910000 1579 638.816 3023.0 5.716 4.9088 0 0 0 
920000 1597 607.695 3100.0 5.164 4.6917 0 0 0 
930000 1621 530.559 3197.0 4.704 4.0866 0 0 0 
940000 1639 532.421 3295.0 4.926 4.1246 0 0 0 
950000 1656 555.504 3413.0 5.608 4.2777 0 0 0 
960000 1672 576.901 3530.0 6.119 4.4782 0 0 0 
970000 1687 597.073 3659.0 6.745 4.6065 0 0 0 
980000 1703 598.858 3766.0 6.695 4.6223 0 0 0 
990000 1719 614.761 3875.0 6.805 4.7323 0 0 0 
1000000 1732 646.733 3981.0 7.097 4.9612 0 0 0 
1010000 1748 642.426 4087.0 6.981 4.941 0 0 0 
1020000 1764 636.542 4196.0 6.835 4.9068 0 0 0 
1030000 1779 639.981 4332.0 7.41 4.9159 0 0 0 
1040000 1794 653.866 4465.0 7.854 5.0325 0 0 0 
1050000 1809 655.434 4583.0 7.866 5.0402 0 0 0 
1060000 1824 654.293 4719.0 8.097 5.0485 0 0 0 
1070000 1839 662.953 4833.0 8.063 5.1068 0 0 0 
1080000 1852 683.139 4958.0 8.347 5.264 0 0 0 
1090000 1867 688.558 5075.0 8.312 5.3043 0 0 0 
1100000 1881 685.945 5195.0 8.239 5.2706 0 0 0 
1110000 1895 697.758 5296.0 8.066 5.3705 0 0 0 
1120000 1909 696.431 5413.0 8.076 5.3555 0 0 0 
1130000 1923 708.749 5523.0 8.038 5.4859 0 0 0 
1140000 1938 695.075 5626.0 7.778 5.3673 0 0 0 
1150000 1952 686.579 5753.0 7.996 5.2915 0 0 0 
1160000 1966 697.567 5885.0 8.32 5.3669 0 0 0 
1170000 1981 688.041 6005.0 8.231 5.3104 0 0 0 
1180000 2000 639.448 6147.0 8.025 4.7147 0 0 0 
1190000 2015 641.223 6278.0 8.171 4.4262 0 0 0 
1200000 2028 671.093 6391.0 8.261 4.3902 0 0 0 
1210000 2047 629.421 6536.0 8.146 3.9558 0 0 0 
1220000 2065 607.552 6705.0 8.514 3.7026 0 0 0 
1230000 2082 600.567 6862.0 8.716 3.5762 0 0 0 
1240000 2097 609.053 7009.0 8.918 3.565 0 0 0 
1250000 2117 579.561 7147.0 8.353 3.3535 0 0 0 
1260000 2137 551.464 7311.0 8.267 3.1649 0 0 0 
1270000 2156 543.153 7483.0 8.558 3.0696 0 0 0 
1280000 2173 553.01 7621.0 8.415 3.096 0 0 0 
1290000 2190 561.012 7774.0 8.533 3.1169 0 0 0 
1300000 2207 568.938 7931.0 8.733 3.1461 0 0 0 
1310000 2227 547.691 8095.0 8.611 3.0243 0 0 0 
1320000 2249 514.605 8287.0 8.626 2.8816 0 0 0 
1330000 2273 479.919 8459.0 8.075 2.717 0 0 0 
1340000 2293 477.027 8614.0 8.017 2.7235 0 0 0 
1350000 2314 489.738 8795.0 8.299 2.8021 0 0 0 
1360000 2337 468.731 8979.0 8.149 2.6893 0 0 0 
1370000 2359 465.109 9150.0 8.114 2.6711 0 0 0 
1380000 2384 435.23 9362.0 8.247 2.5046 0 0 0 
1390000 2406 437.374 9542.0 8.108 2.5242 0 0 0 
1400000 2435 396.269 9770.0 8.045 2.285 0 0 0 
1410000 2454 430.016 9940.0 8.215 2.4768 0 0 0 
1420000 2481 406.39 10172.0 8.365 2.3479 0 0 0 
1430000 2505 416.541 10364.0 8.278 2.4089 0 0 0 
1440000 2530 406.988 10593.0 8.546 2.3514 0 0 0 
1450000 2554 412.764 10789.0 8.549 2.3873 0 0 0 
1460000 2575 431.82 10958.0 8.425 2.498 0 0 0 
1470000 2601 413.62 11182.0 8.459 2.3877 0 0 0 
1480000 2624 419.893 11373.0 8.268 2.4199 0 0 0 
1490000 2649 412.269 11588.0 8.373 2.3745 0 0 0 
1500000 2679 382.44 11834.0 8.356 2.2239 0 0 0 
1510000 2700 404.44 12008.0 8.282 2.3631 0 0 0 
1520000 2725 403.606 12225.0 8.446 2.373 0 0 0 
1530000 2757 365.785 12503.0 8.581 2.1599 0 0 0 
1540000 2781 391.661 12706.0 8.66 2.3167 0 0 0 
1550000 2806 393.145 12943.0 8.837 2.3239 0 0 0 
1560000 2831 392.765 13186.0 9.202 2.32 0 0 0 
1570000 2855 402.773 13416.0 9.374 2.3777 0 0 0 
1580000 2876 422.015 13611.0 9.355 2.4907 0 0 0 
1590000 2895 449.183 13789.0 9.367 2.6506 0 0 0 
1600000 2921 429.36 14007.0 9.084 2.5282 0 0 0 
1610000 2943 434.13 14204.0 8.887 2.5492 0 0 0 
1620000 2962 458.938 14335.0 8.205 2.6933 0 0 0 
1630000 2978 495.422 14469.0 8.237 2.9009 0 0 0 
1640000 2997 509.738 14624.0 8.204 2.985 0 0 0 
1650000 3024 448.452 14857.0 8.353 2.6353 0 0 0 
1660000 3047 447.468 15071.0 8.847 2.6437 0 0 0 
1670000 3073 417.457 15282.0 8.454 2.4727 0 0 0 
1680000 3099 407.694 15528.0 8.78 2.4128 0 0 0 
1690000 3126 382.342 15781.0 9.021 2.2642 0 0 0 
1700000 3154 378.057 16033.0 9.034 2.2425 0 0 0 
1710000 3173 423.296 16207.0 9.054 2.5178 0 0 0 
1720000 3202 387.187 16431.0 8.478 2.3043 0 0 0 
1730000 3228 387.759 16652.0 8.462 2.3019 0 0 0 
1740000 3253 390.951 16884.0 8.82 2.3232 0 0 0 
1750000 3277 395.813 17088.0 8.69 2.3555 0 0 0 
1760000 3300 409.805 17288.0 8.803 2.4448 0 0 0 
1770000 3321 435.103 17464.0 8.618 2.5948 0 0 0 
1780000 3348 404.581 17724.0 8.993 2.4051 0 0 0 
1790000 3374 397.155 17952.0 8.972 2.3594 0 0 0 
1800000 3396 405.229 18159.0 8.974 2.403 0 0 0 
1810000 3420 414.535 18366.0 8.912 2.4539 0 0 0 
1820000 3439 452.551 18530.0 8.804 2.6842 0 0 0 
1830000 3467 412.803 18797.0 9.18 2.4385 0 0 0 
1840000 3494 393.237 19053.0 9.301 2.3115 0 0 0 
1850000 3515 418.168 19248.0 9.191 2.4505 0 0 0 
1860000 3536 440.646 19437.0 9.15 2.5847 0 0 0 
1870000 3561 434.378 19664.0 9.118 2.5486 0 0 0 
1880000 3585 424.669 19897.0 9.25 2.4885 0 0 0 
1890000 3608 427.499 20110.0 9.272 2.503 0 0 0 
1900000 3632 420.847 20336.0 9.398 2.4606 0 0 0 
1910000 3656 419.182 20564.0 9.401 2.4479 0 0 0 
1920000 3681 407.722 20802.0 9.503 2.3397 0 0 0 
1930000 3703 430.352 20985.0 9.162 2.4461 0 0 0 
1940000 3727 420.586 21209.0 9.199 2.3704 0 0 0 
1950000 3747 440.872 21385.0 8.942 2.4786 0 0 0 
1960000 3773 420.25 21618.0 8.943 2.3898 0 0 0 
1970000 3800 402.91 21849.0 8.916 2.3175 0 0 0 
1980000 3825 402.395 22055.0 8.614 2.3227 0 0 0 
1990000 3855 375.58 22319.0 8.828 2.1939 0 0 0 
2000000 3875 414.527 22514.0 8.996 2.7687 0 0 0 
2010000 3900 409.18 22743.0 9.201 2.9638 0 0 0 
2020000 3928 389.686 22998.0 9.197 2.9717 0 0 0 
2030000 3956 371.337 23256.0 9.183 2.9222 0 0 0 
2040000 3980 387.445 23492.0 9.341 3.0776 0 0 0 
2050000 4008 373.153 23715.0 8.912 3.0012 0 0 0 
2060000 4035 378.303 23977.0 9.191 3.0626 0 0 0 
2070000 4064 362.692 24225.0 9.061 2.5679 0 0 0 
2080000 4087 390.287 24429.0 8.924 2.5153 0 0 0 
2090000 4109 407.987 24641.0 9.122 2.5218 0 0 0 
2100000 4132 419.579 24857.0 9.307 2.4878 0 0 0 
2110000 4150 454.135 25024.0 9.223 2.6628 0 0 0 
2120000 4169 477.311 25187.0 9.066 2.817 0 0 0 
2130000 4189 484.938 25370.0 9.094 2.8712 0 0 0 
2140000 4203 541.443 25487.0 8.908 3.1745 0 0 0 
2150000 4223 532.05 25676.0 9.161 3.0925 0 0 0 
2160000 4244 510.398 25887.0 9.338 2.958 0 0 0 
2170000 4266 489.012 26097.0 9.41 2.819 0 0 0 
2180000 4284 513.46 26261.0 9.388 2.9438 0 0 0 
2190000 4307 475.599 26478.0 9.391 2.7231 0 0 0 
2200000 4330 465.116 26691.0 9.31 2.6658 0 0 0 
2210000 4347 506.045 26839.0 9.151 2.8988 0 0 0 
2220000 4365 517.408 26989.0 8.886 2.9669 0 0 0 
2230000 4383 530.209 27134.0 8.655 3.0321 0 0 0 
2240000 4398 569.389 27273.0 8.792 3.247 0 0 0 
2250000 4419 536.77 27464.0 8.932 3.0564 0 0 0 
2260000 4438 527.18 27617.0 8.529 2.9882 0 0 0 
2270000 4459 502.016 27804.0 8.648 2.848 0 0 0 
2280000 4479 509.806 27970.0 8.568 2.8811 0 0 0 
2290000 4498 511.312 28134.0 8.542 2.8966 0 0 0 
2300000 4517 517.125 28300.0 8.66 2.913 0 0 0 
2310000 4541 481.716 28532.0 9.012 2.7089 0 0 0 
2320000 4558 504.18 28693.0 9.11 2.8281 0 0 0 
2330000 4578 501.931 28867.0 8.992 2.8122 0 0 0 
2340000 4604 466.347 29106.0 9.19 2.6161 0 0 0 
2350000 4626 460.02 29303.0 9.0 2.6051 0 0 0 
2360000 4650 447.284 29511.0 9.004 2.5442 0 0 0 
2370000 4667 478.639 29674.0 9.062 2.7283 0 0 0 
2380000 4689 475.466 29833.0 8.524 2.7316 0 0 0 
2390000 4716 427.536 30078.0 8.648 2.4601 0 0 0 
2400000 4741 415.914 30299.0 8.707 2.3903 0 0 0 
2410000 4770 385.56 30529.0 8.436 2.2195 0 0 0 
2420000 4794 396.011 30714.0 8.068 2.2809 0 0 0 
2430000 4818 402.573 30933.0 8.439 2.3138 0 0 0 
2440000 4846 387.847 31172.0 8.595 2.2281 0 0 0 
2450000 4864 428.391 31331.0 8.562 2.4562 0 0 0 
2460000 4888 428.787 31535.0 8.597 2.4694 0 0 0 
2470000 4909 444.123 31730.0 8.726 2.5596 0 0 0 
2480000 4934 429.51 31939.0 8.63 2.4701 0 0 0 
2490000 4957 430.029 32147.0 8.702 2.4685 0 0 0 
2500000 4975 464.491 32300.0 8.682 2.6602 0 0 0 
2510000 4996 476.916 32477.0 8.711 2.7265 0 0 0 
2520000 5017 469.898 32682.0 8.952 2.6897 0 0 0 
2530000 5039 457.152 32880.0 8.941 2.6182 0 0 0 
2540000 5060 471.038 33074.0 9.068 2.6892 0 0 0 
2550000 5089 411.897 33321.0 8.848 2.3371 0 0 0 
2560000 5112 416.851 33541.0 9.088 2.3608 0 0 0 
2570000 5139 402.282 33786.0 9.152 2.285 0 0 0 
2580000 5165 388.05 34031.0 9.171 2.254 0 0 0 
2590000 5189 404.711 34242.0 9.073 2.3851 0 0 0 
2600000 5211 425.927 34441.0 9.139 2.5275 0 0 0 
2610000 5233 431.439 34656.0 9.326 2.5721 0 0 0 
2620000 5261 402.615 34913.0 9.301 2.4088 0 0 0 
2630000 5284 416.521 35125.0 9.315 2.4908 0 0 0 
2640000 5305 422.415 35329.0 9.382 2.5254 0 0 0 
2650000 5330 416.786 35563.0 9.344 2.5011 0 0 0 
2660000 5354 428.274 35751.0 8.909 2.5702 0 0 0 
2670000 5379 414.857 35980.0 8.956 2.4875 0 0 0 
2680000 5402 411.149 36179.0 8.819 2.442 0 0 0 
2690000 5424 432.221 36351.0 8.358 2.5332 0 0 0 
2700000 5446 431.966 36546.0 8.662 2.5128 0 0 0 
2710000 5472 419.23 36775.0 8.689 2.4219 0 0 0 
2720000 5497 402.478 37008.0 8.922 2.3153 0 0 0 
2730000 5519 427.291 37207.0 9.04 2.4467 0 0 0 
2740000 5541 441.214 37413.0 9.209 2.53 0 0 0 
2750000 5564 433.679 37628.0 9.191 2.4848 0 0 0 
2760000 5586 438.333 37835.0 9.219 2.5082 0 0 0 
2770000 5611 425.907 38066.0 9.3 2.4365 0 0 0 
2780000 5638 399.969 38309.0 9.099 2.2914 0 0 0 
2790000 5664 394.28 38536.0 8.956 2.2613 0 0 0 
2800000 5689 398.805 38747.0 8.808 2.2897 0 0 0 
2810000 5712 409.552 38939.0 8.629 2.3538 0 0 0 
2820000 5732 437.743 39134.0 8.907 2.5129 0 0 0 
2830000 5756 418.618 39364.0 9.123 2.4023 0 0 0 
2840000 5784 399.592 39620.0 9.212 2.2965 0 0 0 
2850000 5808 407.445 39832.0 9.12 2.339 0 0 0 
2860000 5828 435.387 40008.0 9.02 2.4967 0 0 0 
2870000 5855 406.601 40240.0 8.857 2.3279 0 0 0 
2880000 5876 429.102 40438.0 9.037 2.4251 0 0 0 
2890000 5900 425.272 40669.0 9.15 2.3645 0 0 0 
2900000 5926 410.862 40909.0 9.236 2.29 0 0 0 
2910000 5954 386.251 41178.0 9.342 2.1248 0 0 0 
2920000 5981 382.948 41412.0 9.153 2.1081 0 0 0 
2930000 6006 393.31 41634.0 9.112 2.1826 0 0 0 
2940000 6032 389.65 41873.0 9.157 2.1506 0 0 0 
2950000 6055 406.24 42090.0 9.198 2.2337 0 0 0 
2960000 6079 401.974 42318.0 9.271 2.2295 0 0 0 
2970000 6101 424.436 42514.0 9.202 2.331 0 0 0 
2980000 6126 419.015 42749.0 9.339 2.2899 0 0 0 
2990000 6149 419.041 42953.0 9.138 2.286 0 0 0 
3000000 6177 391.57 43214.0 9.117 2.138 0 0 0 
3010000 6201 407.663 43418.0 8.905 2.235 0 0 0 
3020000 6228 390.68 43657.0 8.879 2.1868 0 0 0 
3030000 6255 382.706 43900.0 8.916 2.1772 0 0 0 
3040000 6282 377.931 44146.0 9.017 2.1676 0 0 0 
3050000 6303 407.793 44334.0 8.973 2.3511 0 0 0 
3060000 6331 388.416 44574.0 8.831 2.2417 0 0 0 
3070000 6356 392.993 44805.0 9.007 2.2655 0 0 0 
3080000 6380 405.652 45021.0 8.995 2.3395 0 0 0 
3090000 6403 418.876 45239.0 9.156 2.4108 0 0 0 
3100000 6424 441.784 45428.0 9.14 2.5358 0 0 0 
3110000 6449 414.921 45666.0 9.272 2.3831 0 0 0 
3120000 6473 423.583 45873.0 9.091 2.4376 0 0 0 
3130000 6495 436.785 46083.0 9.274 2.5109 0 0 0 
3140000 6521 409.032 46338.0 9.408 2.3443 0 0 0 
3150000 6547 403.777 46570.0 9.331 2.3085 0 0 0 
3160000 6571 408.817 46804.0 9.431 2.3248 0 0 0 
3170000 6594 409.776 47027.0 9.443 2.3239 0 0 0 
3180000 6617 421.841 47239.0 9.4 2.3829 0 0 0 
3190000 6643 408.288 47475.0 9.319 2.305 0 0 0 
3200000 6667 413.808 47707.0 9.455 2.3331 0 0 0 
3210000 6699 372.054 47991.0 9.182 2.1023 0 0 0 
3220000 6726 363.058 48258.0 9.38 2.0493 0 0 0 
3230000 6751 378.895 48505.0 9.592 2.1362 0 0 0 
3240000 6775 393.271 48738.0 9.611 2.2183 0 0 0 
3250000 6798 399.227 48946.0 9.38 2.2502 0 0 0 
3260000 6819 421.418 49141.0 9.376 2.3769 0 0 0 
3270000 6839 446.343 49334.0 9.462 2.5184 0 0 0 
3280000 6863 441.39 49560.0 9.496 2.4919 0 0 0 
3290000 6886 429.897 49765.0 9.257 2.4336 0 0 0 
3300000 6911 421.059 49978.0 9.016 2.387 0 0 0 
3310000 6935 418.837 50215.0 9.233 2.3702 0 0 0 
3320000 6962 403.75 50456.0 9.263 2.2772 0 0 0 
3330000 6987 398.162 50670.0 8.997 2.2237 0 0 0 
3340000 7009 412.317 50881.0 9.073 2.2891 0 0 0 
3350000 7033 413.432 51104.0 9.205 2.2843 0 0 0 
3360000 7060 391.265 51351.0 9.164 2.1569 0 0 0 
3370000 7086 384.836 51578.0 8.951 2.1268 0 0 0 
3380000 7109 402.601 51798.0 9.201 2.264 0 0 0 
3390000 7133 410.675 52022.0 9.358 2.32 0 0 0 
3400000 7155 422.93 52244.0 9.502 2.3687 0 0 0 
3410000 7180 410.823 52470.0 9.338 2.2912 0 0 0 
3420000 7206 401.767 52707.0 9.222 2.236 0 0 0 
3430000 7237 365.702 52997.0 9.31 2.0303 0 0 0 
3440000 7266 354.922 53262.0 9.326 1.9643 0 0 0 
3450000 7293 363.996 53513.0 9.337 2.0157 0 0 0 
3460000 7316 387.265 53719.0 9.113 2.1482 0 0 0 
3470000 7340 403.092 53938.0 9.133 2.2371 0 0 0 
3480000 7365 397.045 54176.0 9.197 2.2022 0 0 0 
3490000 7391 397.71 54417.0 9.328 2.2044 0 0 0 
3500000 7419 374.333 54693.0 9.467 2.0757 0 0 0 
3510000 7446 370.357 54961.0 9.621 2.0558 0 0 0 
3520000 7473 370.898 55213.0 9.525 2.0625 0 0 0 
3530000 7500 373.611 55466.0 9.499 2.0779 0 0 0 
3540000 7524 393.169 55690.0 9.44 2.1786 0 0 0 
3550000 7556 344.14 55995.0 9.402 1.9096 0 0 0 
3560000 7585 348.033 56270.0 9.411 1.9327 0 0 0 
3570000 7612 358.887 56521.0 9.383 1.9934 0 0 0 
3580000 7636 389.073 56742.0 9.381 2.1601 0 0 0 
3590000 7663 375.416 56990.0 9.264 2.0845 0 0 0 
3600000 7688 386.452 57220.0 9.233 2.1423 0 0 0 
3610000 7713 392.688 57456.0 9.216 2.1753 0 0 0 
3620000 7739 381.173 57689.0 9.21 2.1109 0 0 0 
3630000 7771 358.622 57974.0 9.1 1.989 0 0 0 
3640000 7795 371.173 58208.0 9.224 2.0547 0 0 0 
3650000 7818 379.813 58423.0 9.279 2.1075 0 0 0 
3660000 7845 392.272 58670.0 9.389 2.1746 0 0 0 
3670000 7870 391.539 58911.0 9.449 2.1726 0 0 0 
3680000 7894 404.657 59144.0 9.556 2.2428 0 0 0 
3690000 7919 399.496 59384.0 9.512 2.2175 0 0 0 
3700000 7947 382.439 59660.0 9.642 2.1261 0 0 0 
3710000 7969 413.6 59845.0 9.339 2.2949 0 0 0 
3720000 7994 404.249 60087.0 9.383 2.2407 0 0 0 
3730000 8020 397.075 60335.0 9.483 2.1956 0 0 0 
3740000 8041 423.776 60525.0 9.265 2.348 0 0 0 
3750000 8070 389.425 60804.0 9.402 2.1569 0 0 0 
3760000 8092 408.581 61016.0 9.486 2.266 0 0 0 
3770000 8119 400.421 61261.0 9.326 2.2137 0 0 0 
3780000 8145 390.857 61504.0 9.288 2.1764 0 0 0 
3790000 8169 397.434 61729.0 9.309 2.2261 0 0 0 
3800000 8191 420.355 61939.0 9.519 2.3519 0 0 0 
3810000 8216 417.294 62182.0 9.547 2.3319 0 0 0 
3820000 8237 433.169 62376.0 9.361 2.4238 0 0 0 
3830000 8264 408.618 62638.0 9.515 2.2905 0 0 0 
3840000 8290 396.223 62891.0 9.58 2.2214 0 0 0 
3850000 8312 410.351 63096.0 9.501 2.3104 0 0 0 
3860000 8339 402.459 63355.0 9.541 2.2666 0 0 0 
3870000 8365 393.819 63581.0 9.264 2.2258 0 0 0 
3880000 8392 379.644 63837.0 9.323 2.148 0 0 0 
3890000 8420 376.045 64101.0 9.463 2.1271 0 0 0 
3900000 8443 396.488 64327.0 9.423 2.2404 0 0 0 
3910000 8471 381.069 64593.0 9.549 2.1514 0 0 0 
3920000 8495 397.834 64821.0 9.549 2.2459 0 0 0 
3930000 8521 390.95 65078.0 9.63 2.2073 0 0 0 
3940000 8546 390.949 65312.0 9.63 2.21 0 0 0 
3950000 8569 396.923 65544.0 9.65 2.2417 0 0 0 
3960000 8596 389.651 65802.0 9.613 2.2025 0 0 0 
3970000 8623 380.705 66047.0 9.421 2.1408 0 0 0 
3980000 8651 370.135 66309.0 9.403 2.0889 0 0 0 
3990000 8676 385.716 66548.0 9.523 2.1815 0 0 0 
4000000 8707 356.601 66820.0 9.131 2.035 0 0 0 
