10000 10 182.927 -15498.562 -283.473 0.1886 0 0 0 
20000 20 332.392 -30866.491 -512.777 0.3404 0 0 0 
30000 30 454.516 -44128.842 -661.176 0.838 0 0 0 
40000 40 554.3 -54975.321 -739.651 1.2334 0 0 0 
50000 50 635.83 -66014.529 -805.024 1.5637 0 0 0 
60000 60 702.447 -79294.63 -900.828 1.8322 0 0 0 
70000 70 756.877 -89986.573 -928.487 2.0511 0 0 0 
80000 80 801.351 -101734.212 -974.965 2.2276 0 0 0 
90000 90 837.689 -110223.746 -946.425 2.3711 0 0 0 
100000 100 867.38 -110105.986 -771.591 2.4924 0 0 0 
110000 110 891.64 -114155.504 -706.881 2.5892 0 0 0 
120000 120 911.462 -117089.501 -630.076 2.6578 0 0 0 
130000 130 927.658 -116835.086 -508.843 2.7232 0 0 0 
140000 140 940.891 -114480.901 -371.04 2.7701 0 0 0 
150000 150 951.704 -112493.771 -265.565 2.8087 0 0 0 
160000 160 960.539 -108771.49 -149.812 2.8401 0 0 0 
170000 170 967.757 -103979.602 -34.862 2.8766 0 0 0 
180000 180 973.655 -99822.722 47.831 2.9021 0 0 0 
190000 190 978.474 -95250.976 122.757 2.9135 0 0 0 
200000 200 982.412 -91412.813 170.259 2.9238 0 0 0 
210000 210 985.629 -86775.684 224.157 2.9355 0 0 0 
220000 220 988.258 -83440.4 245.683 2.946 0 0 0 
230000 230 990.406 -79292.496 278.169 2.9556 0 0 0 
240000 240 992.161 -73865.286 326.129 2.9612 0 0 0 
250000 250 993.595 -69536.276 346.119 2.9669 0 0 0 
260000 260 994.767 -65814.428 352.291 2.9659 0 0 0 
270000 270 995.724 -59864.834 397.3 2.9692 0 0 0 
280000 280 996.506 -52711.31 456.122 2.9654 0 0 0 
290000 290 997.145 -46184.605 490.478 2.9641 0 0 0 
300000 300 997.667 -42099.501 476.981 2.9631 0 0 0 
310000 310 998.094 -35011.087 518.199 2.9573 0 0 0 
320000 320 998.443 -27399.634 563.021 2.9609 0 0 0 
330000 330 998.728 -20307.374 589.613 2.9656 0 0 0 
340000 340 998.96 -11960.926 635.436 2.9602 0 0 0 
350000 350 999.151 -3548.316 672.919 2.9617 0 0 0 
360000 360 999.306 4394.327 695.48 2.9626 0 0 0 
370000 370 999.433 14480.923 752.382 2.9671 0 0 0 
380000 380 999.537 24401.732 795.999 2.9674 0 0 0 
390000 390 999.621 34082.639 827.903 2.9686 0 0 0 
400000 400 999.691 44767.279 871.8 2.9672 0 0 0 
410000 410 999.747 55619.118 910.401 2.977 0 0 0 
420000 420 999.793 65614.951 927.448 2.9802 0 0 0 
430000 430 999.831 76512.719 958.867 2.9881 0 0 0 
440000 440 999.862 88576.036 1004.461 3.0001 0 0 0 
450000 450 999.887 100247.128 1034.536 3.0056 0 0 0 
460000 460 999.908 111331.241 1047.076 3.0105 0 0 0 
470000 470 999.925 122702.762 1063.369 3.0078 0 0 0 
480000 480 999.939 132113.707 1040.946 3.0144 0 0 0 
490000 490 999.95 140813.126 1008.299 3.0117 0 0 0 
500000 500 999.959 151258.265 1013.807 3.0128 0 0 0 
510000 510 999.966 161550.56 1017.826 2.9984 0 0 0 
520000 520 999.973 172157.044 1025.247 2.9837 0 0 0 
530000 530 999.978 184291.796 1059.728 2.9845 0 0 0 
540000 540 999.982 196086.375 1080.998 2.9771 0 0 0 
550000 550 999.985 207356.504 1088.746 2.9755 0 0 0 
560000 560 999.988 216226.347 1054.411 2.9684 0 0 0 
570000 570 999.99 226031.097 1041.074 2.9718 0 0 0 
580000 580 999.992 239044.084 1089.049 2.9622 0 0 0 
590000 590 999.993 252048.0 1127.978 2.9561 0 0 0 
600000 600 999.995 265465.458 1167.193 2.9547 0 0 0 
610000 610 999.996 278135.555 1184.662 2.9534 0 0 0 
620000 620 999.996 291681.048 1216.688 2.9517 0 0 0 
630000 630 999.997 305670.73 1250.503 2.9499 0 0 0 
640000 640 999.998 319249.016 1269.803 2.9515 0 0 0 
650000 650 999.998 333493.192 1298.738 2.9487 0 0 0 
660000 660 999.998 347711.815 1320.969 2.9562 0 0 0 
670000 670 999.999 362553.212 1350.072 2.9665 0 0 0 
680000 680 999.999 377870.887 1383.665 2.9655 0 0 0 
690000 690 999.999 393712.665 1420.748 2.9591 0 0 0 
700000 700 999.999 409874.56 1455.782 2.9563 0 0 0 
710000 710 999.999 426347.12 1490.564 2.9661 0 0 0 
720000 720 1000.0 441992.278 1503.974 2.9699 0 0 0 
730000 730 1000.0 458690.552 1534.401 2.9659 0 0 0 
740000 740 1000.0 474439.194 1541.662 2.9661 0 0 0 
750000 750 1000.0 489893.836 1542.682 2.964 0 0 0 
760000 760 1000.0 505883.836 1553.235 2.9591 0 0 0 
770000 770 1000.0 522067.635 1565.097 2.9597 0 0 0 
780000 780 1000.0 537163.877 1554.619 2.9613 0 0 0 
790000 790 1000.0 552833.051 1556.846 2.9666 0 0 0 
800000 800 1000.0 567955.532 1548.535 2.9815 0 0 0 
810000 810 1000.0 582880.827 1537.899 2.9899 0 0 0 
820000 820 1000.0 598896.722 1549.858 2.9929 0 0 0 
830000 830 1000.0 615186.105 1564.21 2.9961 0 0 0 
840000 840 1000.0 631124.886 1569.787 2.9936 0 0 0 
850000 850 1000.0 647347.395 1579.424 3.001 0 0 0 
860000 860 1000.0 663789.198 1590.879 2.9943 0 0 0 
870000 870 1000.0 680958.808 1614.439 2.9829 0 0 0 
880000 880 1000.0 697887.847 1628.564 2.9791 0 0 0 
890000 890 1000.0 715259.908 1648.028 2.9759 0 0 0 
900000 900 1000.0 731988.894 1652.613 2.9716 0 0 0 
910000 910 1000.0 748273.078 1649.092 2.9718 0 0 0 
920000 920 1000.0 765754.032 1667.424 2.966 0 0 0 
930000 930 1000.0 783096.589 1679.175 2.9654 0 0 0 
940000 940 1000.0 800172.211 1684.75 2.9648 0 0 0 
950000 950 1000.0 817123.874 1686.839 2.9594 0 0 0 
960000 960 1000.0 833571.688 1679.565 2.9554 0 0 0 
970000 970 1000.0 850030.295 1673.371 2.9532 0 0 0 
980000 980 1000.0 865890.097 1657.062 2.9574 0 0 0 
990000 990 1000.0 881857.35 1646.601 2.9596 0 0 0 
1000000 1000 1000.0 899716.548 1671.688 2.9543 0 0 0 
1010000 1010 1000.0 917551.645 1692.228 2.9523 0 0 0 
1020000 1020 1000.0 935429.548 1709.326 2.9554 0 0 0 
1030000 1030 1000.0 953001.653 1717.015 2.9566 0 0 0 
1040000 1040 1000.0 969277.975 1701.272 2.9575 0 0 0 
1050000 1050 1000.0 986110.438 1697.494 2.952 0 0 0 
1060000 1060 1000.0 1003450.79 1704.627 2.9495 0 0 0 
1070000 1070 1000.0 1020249.984 1702.159 2.9556 0 0 0 
1080000 1080 1000.0 1037914.168 1713.756 2.9613 0 0 0 
1090000 1090 1000.0 1055378.962 1719.925 2.9562 0 0 0 
1100000 1100 1000.0 1072777.881 1724.108 2.9555 0 0 0 
1110000 1110 1000.0 1091145.528 1744.469 2.9615 0 0 0 
1120000 1120 1000.0 1108897.571 1750.047 2.9619 0 0 0 
1130000 1130 1000.0 1125903.264 1741.399 2.9611 0 0 0 
1140000 1140 1000.0 1143089.733 1737.496 2.9675 0 0 0 
1150000 1150 1000.0 1160272.988 1733.764 2.9622 0 0 0 
1160000 1160 1000.0 1178009.77 1740.534 2.9639 0 0 0 
1170000 1170 1000.0 1196053.481 1752.477 2.9582 0 0 0 
1180000 1180 1000.0 1213870.25 1758.071 2.9575 0 0 0 
1190000 1190 1000.0 1232420.075 1775.765 2.9526 0 0 0 
1200000 1200 1000.0 1251654.177 1802.63 2.9587 0 0 0 
1210000 1210 1000.0 1271144.147 1829.216 2.9582 0 0 0 
1220000 1220 1000.0 1290383.92 1846.303 2.9627 0 0 0 
1230000 1230 1000.0 1309228.268 1853.735 2.9641 0 0 0 
1240000 1240 1000.0 1327951.649 1857.361 2.9699 0 0 0 
1250000 1250 1000.0 1346366.685 1854.905 2.9715 0 0 0 
1260000 1260 1000.0 1365407.539 1864.448 2.9701 0 0 0 
1270000 1270 1000.0 1384472.095 1872.276 2.9713 0 0 0 
1280000 1280 1000.0 1404116.134 1889.252 2.9764 0 0 0 
1290000 1290 1000.0 1423493.016 1898.188 2.9849 0 0 0 
1300000 1300 1000.0 1441756.633 1884.532 2.9811 0 0 0 
1310000 1310 1000.0 1461552.955 1901.682 2.973 0 0 0 
1320000 1320 1000.0 1481216.939 1913.736 2.9783 0 0 0 
1330000 1330 1000.0 1501049.184 1926.289 2.9776 0 0 0 
1340000 1340 1000.0 1521383.981 1946.021 2.9775 0 0 0 
1350000 1350 1000.0 1541110.448 1951.038 2.976 0 0 0 
1360000 1360 1000.0 1560538.339 1949.448 2.9686 0 0 0 
1370000 1370 1000.0 1579711.516 1943.764 2.9702 0 0 0 
1380000 1380 1000.0 1598818.054 1937.304 2.9641 0 0 0 
1390000 1390 1000.0 1616695.607 1910.628 2.9635 0 0 0 
1400000 1400 1000.0 1635277.517 1901.355 2.9631 0 0 0 
1410000 1410 1000.0 1654447.211 1904.408 2.9641 0 0 0 
1420000 1420 1000.0 1673255.123 1899.845 2.9656 0 0 0 
1430000 1430 1000.0 1691261.315 1881.498 2.969 0 0 0 
1440000 1440 1000.0 1708739.219 1857.122 2.9746 0 0 0 
1450000 1450 1000.0 1727030.831 1851.948 2.9769 0 0 0 
1460000 1460 1000.0 1745486.889 1851.229 2.9684 0 0 0 
1470000 1470 1000.0 1763704.103 1845.419 2.973 0 0 0 
1480000 1480 1000.0 1781884.247 1839.905 2.9784 0 0 0 
1490000 1490 1000.0 1800427.082 1842.743 2.9884 0 0 0 
1500000 1500 1000.0 1819439.96 1853.831 2.9898 0 0 0 
1510000 1510 1000.0 1838288.317 1859.589 2.9839 0 0 0 
1520000 1520 1000.0 1858160.415 1883.18 2.9803 0 0 0 
1530000 1530 1000.0 1877197.433 1887.079 2.984 0 0 0 
1540000 1540 1000.0 1897042.963 1904.797 2.988 0 0 0 
1550000 1550 1000.0 1916180.901 1906.773 2.9811 0 0 0 
1560000 1560 1000.0 1934895.426 1900.401 2.9782 0 0 0 
1570000 1570 1000.0 1954018.293 1902.598 2.9668 0 0 0 
1580000 1580 1000.0 1973029.982 1901.848 2.9722 0 0 0 
1590000 1590 1000.0 1991550.056 1892.531 2.9722 0 0 0 
1600000 1600 1000.0 2010157.144 1886.182 2.972 0 0 0 
1610000 1610 1000.0 2028869.862 1882.951 2.9724 0 0 0 
1620000 1620 1000.0 2047042.548 1870.731 2.9715 0 0 0 
1630000 1630 1000.0 2066059.387 1876.666 2.9621 0 0 0 
1640000 1640 1000.0 2085098.061 1881.538 2.9616 0 0 0 
1650000 1650 1000.0 2103342.649 1871.622 2.9648 0 0 0 
1660000 1660 1000.0 2121888.565 1868.157 2.9616 0 0 0 
1670000 1670 1000.0 2140834.702 1872.588 2.9662 0 0 0 
1680000 1680 1000.0 2159700.444 1874.919 2.9654 0 0 0 
1690000 1690 1000.0 2177924.641 1864.636 2.9643 0 0 0 
1700000 1700 1000.0 2197389.74 1880.04 2.9612 0 0 0 
1710000 1710 1000.0 2216577.744 1886.989 2.9648 0 0 0 
1720000 1720 1000.0 2235251.324 1883.255 2.9639 0 0 0 
1730000 1730 1000.0 2254741.243 1894.983 2.9637 0 0 0 
1740000 1740 1000.0 2274022.289 1901.171 2.9712 0 0 0 
1750000 1750 1000.0 2292949.408 1899.8 2.968 0 0 0 
1760000 1760 1000.0 2312333.159 1906.227 2.9619 0 0 0 
1770000 1770 1000.0 2330951.441 1898.144 2.9603 0 0 0 
1780000 1780 1000.0 2350212.706 1903.804 2.958 0 0 0 
1790000 1790 1000.0 2369530.649 1909.579 2.9583 0 0 0 
1800000 1800 1000.0 2389243.598 1921.297 2.9603 0 0 0 
1810000 1810 1000.0 2408676.671 1925.29 2.9534 0 0 0 
1820000 1820 1000.0 2427989.362 1926.16 2.9596 0 0 0 
1830000 1830 1000.0 2447674.156 1934.173 2.9611 0 0 0 
1840000 1840 1000.0 2467270.71 1938.932 2.9594 0 0 0 
1850000 1850 1000.0 2486672.519 1938.809 2.9573 0 0 0 
1860000 1860 1000.0 2506456.107 1946.218 2.9631 0 0 0 
1870000 1870 1000.0 2525574.27 1940.222 2.9666 0 0 0 
1880000 1880 1000.0 2544289.11 1927.385 2.9652 0 0 0 
1890000 1890 1000.0 2564027.209 1935.945 2.9624 0 0 0 
1900000 1900 1000.0 2583428.113 1936.574 2.9632 0 0 0 
1910000 1910 1000.0 2603211.697 1943.564 2.9616 0 0 0 
1920000 1920 1000.0 2621864.898 1929.138 2.9638 0 0 0 
1930000 1930 1000.0 2639914.895 1906.747 2.9673 0 0 0 
1940000 1940 1000.0 2658827.144 1903.944 2.9717 0 0 0 
1950000 1950 1000.0 2677344.96 1894.695 2.971 0 0 0 
1960000 1960 1000.0 2695562.11 1880.705 2.9752 0 0 0 
1970000 1970 1000.0 2714787.042 1888.547 2.9708 0 0 0 
1980000 1980 1000.0 2733187.473 1879.953 2.9805 0 0 0 
1990000 1990 1000.0 2752777.451 1894.958 2.9777 0 0 0 
2000000 2000 1000.0 2772182.351 1903.031 2.9751 0 0 0 
2010000 2010 1000.0 2791716.54 1912.415 2.9709 0 0 0 
2020000 2020 1000.0 2811185.995 1919.129 2.9721 0 0 0 
2030000 2030 1000.0 2831536.275 1940.583 2.967 0 0 0 
2040000 2040 1000.0 2851717.322 1953.894 2.9654 0 0 0 
2050000 2050 1000.0 2871267.683 1953.969 2.9649 0 0 0 
2060000 2060 1000.0 2891226.508 1961.71 2.9667 0 0 0 
2070000 2070 1000.0 2910737.28 1959.929 2.9705 0 0 0 
2080000 2080 1000.0 2930286.728 1958.604 2.978 0 0 0 
2090000 2090 1000.0 2948943.483 1941.875 2.9782 0 0 0 
2100000 2100 1000.0 2967470.136 1925.417 2.977 0 0 0 
2110000 2110 1000.0 2986665.477 1924.337 2.9749 0 0 0 
2120000 2120 1000.0 3005387.722 1913.885 2.9718 0 0 0 
2130000 2130 1000.0 3024096.516 1905.45 2.9613 0 0 0 
2140000 2140 1000.0 3042886.43 1900.291 2.961 0 0 0 
2150000 2150 1000.0 3061292.334 1889.828 2.9605 0 0 0 
2160000 2160 1000.0 3080084.518 1887.903 2.9595 0 0 0 
2170000 2170 1000.0 3098920.638 1886.823 2.9622 0 0 0 
2180000 2180 1000.0 3118160.742 1894.126 2.9658 0 0 0 
2190000 2190 1000.0 3136868.849 1890.683 2.9684 0 0 0 
2200000 2200 1000.0 3156197.254 1898.022 2.9763 0 0 0 
2210000 2210 1000.0 3175519.771 1904.139 2.9774 0 0 0 
2220000 2220 1000.0 3194371.06 1900.361 2.9784 0 0 0 
2230000 2230 1000.0 3213486.682 1902.896 2.9726 0 0 0 
2240000 2240 1000.0 3233151.562 1914.108 2.9756 0 0 0 
2250000 2250 1000.0 3252401.089 1916.011 2.9796 0 0 0 
2260000 2260 1000.0 3272293.125 1929.376 2.9802 0 0 0 
2270000 2270 1000.0 3291572.081 1928.565 2.9706 0 0 0 
2280000 2280 1000.0 3309783.894 1909.468 2.9708 0 0 0 
2290000 2290 1000.0 3328692.49 1906.521 2.9679 0 0 0 
2300000 2300 1000.0 3347402.177 1899.889 2.9657 0 0 0 
2310000 2310 1000.0 3367156.167 1914.043 2.9641 0 0 0 
2320000 2320 1000.0 3386682.273 1920.863 2.9567 0 0 0 
2330000 2330 1000.0 3405692.715 1917.64 2.9612 0 0 0 
2340000 2340 1000.0 3425075.081 1921.522 2.9592 0 0 0 
2350000 2350 1000.0 3443982.465 1915.721 2.9594 0 0 0 
2360000 2360 1000.0 3463187.564 1916.237 2.956 0 0 0 
2370000 2370 1000.0 3482489.243 1918.679 2.9624 0 0 0 
2380000 2380 1000.0 3501709.464 1919.424 2.9653 0 0 0 
2390000 2390 1000.0 3521100.515 1922.373 2.9638 0 0 0 
2400000 2400 1000.0 3540056.36 1917.563 2.969 0 0 0 
2410000 2410 1000.0 3559767.753 1927.822 2.9611 0 0 0 
2420000 2420 1000.0 3579354.883 1933.956 2.9656 0 0 0 
2430000 2430 1000.0 3598885.842 1937.282 2.961 0 0 0 
2440000 2440 1000.0 3618078.548 1933.521 2.9662 0 0 0 
2450000 2450 1000.0 3638337.657 1950.912 2.9773 0 0 0 
2460000 2460 1000.0 3658333.521 1960.023 2.9775 0 0 0 
2470000 2470 1000.0 3678165.328 1964.353 2.972 0 0 0 
2480000 2480 1000.0 3698388.329 1975.142 2.9717 0 0 0 
2490000 2490 1000.0 3718682.554 1985.284 2.9695 0 0 0 
2500000 2500 1000.0 3738663.875 1987.601 2.9676 0 0 0 
2510000 2510 1000.0 3757990.563 1977.991 2.9724 0 0 0 
2520000 2520 1000.0 3777422.242 1971.325 2.9741 0 0 0 
2530000 2530 1000.0 3797028.942 1969.876 2.9746 0 0 0 
2540000 2540 1000.0 3816836.589 1971.253 2.9718 0 0 0 
2550000 2550 1000.0 3835837.912 1958.018 2.9741 0 0 0 
2560000 2560 1000.0 3854543.787 1941.704 2.9772 0 0 0 
2570000 2570 1000.0 3873595.152 1935.391 2.9768 0 0 0 
2580000 2580 1000.0 3892543.136 1928.138 2.9764 0 0 0 
2590000 2590 1000.0 3912176.974 1934.86 2.9798 0 0 0 
2600000 2600 1000.0 3929631.677 1896.652 2.9804 0 0 0 
2610000 2610 1000.0 3948936.082 1902.589 2.9826 0 0 0 
2620000 2620 1000.0 3968412.631 1910.866 2.9806 0 0 0 
2630000 2630 1000.0 3988533.735 1928.733 2.9786 0 0 0 
2640000 2640 1000.0 4008375.607 1938.7 2.9752 0 0 0 
2650000 2650 1000.0 4028219.434 1947.289 2.9752 0 0 0 
2660000 2660 1000.0 4048175.224 1955.966 2.9768 0 0 0 
2670000 2670 1000.0 4067918.914 1959.259 2.9789 0 0 0 
2680000 2680 1000.0 4087069.118 1951.288 2.977 0 0 0 
2690000 2690 1000.0 4107460.48 1967.43 2.9744 0 0 0 
2700000 2700 1000.0 4128217.007 1986.717 2.9746 0 0 0 
2710000 2710 1000.0 4149262.573 2007.997 2.9707 0 0 0 
2720000 2720 1000.0 4169380.147 2008.922 2.9681 0 0 0 
2730000 2730 1000.0 4189419.262 2008.528 2.9636 0 0 0 
2740000 2740 1000.0 4209371.267 2006.191 2.9628 0 0 0 
2750000 2750 1000.0 4230235.206 2021.208 2.9585 0 0 0 
2760000 2760 1000.0 4250690.944 2025.578 2.9616 0 0 0 
2770000 2770 1000.0 4271844.226 2042.145 2.9684 0 0 0 
2780000 2780 1000.0 4290825.658 2011.577 2.9698 0 0 0 
2790000 2790 1000.0 4312497.017 2039.616 2.9673 0 0 0 
2800000 2800 1000.0 4334692.053 2072.576 2.967 0 0 0 
2810000 2810 1000.0 4356535.076 2092.871 2.9662 0 0 0 
2820000 2820 1000.0 4378826.298 2118.327 2.9668 0 0 0 
2830000 2830 1000.0 4401511.293 2146.064 2.9697 0 0 0 
2840000 2840 1000.0 4423612.753 2158.079 2.9666 0 0 0 
2850000 2850 1000.0 4445512.663 2164.029 2.9667 0 0 0 
2860000 2860 1000.0 4466248.224 2147.278 2.9662 0 0 0 
2870000 2870 1000.0 4487695.42 2147.428 2.9732 0 0 0 
2880000 2880 1000.0 4508957.896 2143.776 2.9752 0 0 0 
2890000 2890 1000.0 4530228.071 2140.478 2.9758 0 0 0 
2900000 2900 1000.0 4551076.028 2130.324 2.9766 0 0 0 
2910000 2910 1000.0 4572329.535 2129.42 2.9768 0 0 0 
2920000 2920 1000.0 4593682.11 2131.518 2.986 0 0 0 
2930000 2930 1000.0 4615855.642 2147.541 2.9873 0 0 0 
2940000 2940 1000.0 4638396.891 2167.385 2.9864 0 0 0 
2950000 2950 1000.0 4661146.748 2187.292 2.9907 0 0 0 
2960000 2960 1000.0 4682713.933 2181.47 2.9865 0 0 0 
2970000 2970 1000.0 4705257.686 2195.03 2.9828 0 0 0 
2980000 2980 1000.0 4726754.905 2186.422 2.9777 0 0 0 
2990000 2990 1000.0 4746838.598 2154.172 2.9847 0 0 0 
3000000 3000 1000.0 4768489.297 2156.31 2.9919 0 0 0 
3010000 3010 1000.0 4791332.868 2179.882 2.9931 0 0 0 
3020000 3020 1000.0 4813997.62 2195.787 2.9915 0 0 0 
3030000 3030 1000.0 4837026.052 2215.658 2.9846 0 0 0 
3040000 3040 1000.0 4859412.122 2219.691 2.9855 0 0 0 
3050000 3050 1000.0 4882442.336 2235.126 2.9858 0 0 0 
3060000 3060 1000.0 4905649.782 2250.427 2.9886 0 0 0 
3070000 3070 1000.0 4928955.387 2265.291 2.987 0 0 0 
3080000 3080 1000.0 4952163.503 2275.121 2.9867 0 0 0 
3090000 3090 1000.0 4975443.788 2284.825 2.9836 0 0 0 
3100000 3100 1000.0 4999110.229 2299.931 2.9846 0 0 0 
3110000 3110 1000.0 5021888.223 2296.122 2.9857 0 0 0 
3120000 3120 1000.0 5044307.603 2286.14 2.9808 0 0 0 
3130000 3130 1000.0 5066726.961 2278.521 2.9835 0 0 0 
3140000 3140 1000.0 5089737.171 2283.031 2.9823 0 0 0 
3150000 3150 1000.0 5112773.257 2286.794 2.9784 0 0 0 
3160000 3160 1000.0 5136098.83 2294.986 2.9727 0 0 0 
3170000 3170 1000.0 5158881.356 2292.364 2.9795 0 0 0 
3180000 3180 1000.0 5181163.319 2280.537 2.9753 0 0 0 
3190000 3190 1000.0 5203693.04 2276.014 2.9788 0 0 0 
3200000 3200 1000.0 5226788.496 2282.875 2.9862 0 0 0 
3210000 3210 1000.0 5249937.655 2289.133 2.9825 0 0 0 
3220000 3220 1000.0 5272564.072 2284.366 2.9764 0 0 0 
3230000 3230 1000.0 5295025.227 2277.197 2.9804 0 0 0 
3240000 3240 1000.0 5317125.178 2265.585 2.9813 0 0 0 
3250000 3250 1000.0 5339119.579 2252.931 2.9823 0 0 0 
3260000 3260 1000.0 5361350.359 2246.847 2.9826 0 0 0 
3270000 3270 1000.0 5381768.911 2210.44 2.9802 0 0 0 
3280000 3280 1000.0 5404404.266 2220.458 2.9764 0 0 0 
3290000 3290 1000.0 5427577.447 2238.012 2.972 0 0 0 
3300000 3300 1000.0 5450351.198 2245.06 2.9749 0 0 0 
3310000 3310 1000.0 5473376.638 2255.648 2.9804 0 0 0 
3320000 3320 1000.0 5496268.292 2261.508 2.9786 0 0 0 
3330000 3330 1000.0 5519048.505 2264.348 2.9755 0 0 0 
3340000 3340 1000.0 5540932.507 2250.688 2.9776 0 0 0 
3350000 3350 1000.0 5563226.56 2246.814 2.9776 0 0 0 
3360000 3360 1000.0 5585163.054 2237.594 2.9853 0 0 0 
3370000 3370 1000.0 5607434.095 2235.966 2.9834 0 0 0 
3380000 3380 1000.0 5630210.499 2243.329 2.9931 0 0 0 
3390000 3390 1000.0 5652852.092 2247.503 2.992 0 0 0 
3400000 3400 1000.0 5675525.295 2250.719 2.9898 0 0 0 
3410000 3410 1000.0 5697820.86 2247.149 2.9908 0 0 0 
3420000 3420 1000.0 5720592.845 2252.522 2.9808 0 0 0 
3430000 3430 1000.0 5743757.53 2264.406 2.9835 0 0 0 
3440000 3440 1000.0 5766532.712 2267.012 2.9792 0 0 0 
3450000 3450 1000.0 5789818.108 2278.234 2.9719 0 0 0 
3460000 3460 1000.0 5812966.755 2284.648 2.9772 0 0 0 
3470000 3470 1000.0 5835267.197 2274.101 2.974 0 0 0 
3480000 3480 1000.0 5857190.179 2259.579 2.9732 0 0 0 
3490000 3490 1000.0 5879542.543 2254.939 2.9688 0 0 0 
3500000 3500 1000.0 5901855.339 2250.204 2.9726 0 0 0 
3510000 3510 1000.0 5924009.751 2244.111 2.9789 0 0 0 
3520000 3520 1000.0 5946803.775 2250.522 2.9739 0 0 0 
3530000 3530 1000.0 5969008.366 2244.977 2.9727 0 0 0 
3540000 3540 1000.0 5990627.329 2229.691 2.9739 0 0 0 
3550000 3550 1000.0 6012360.866 2219.377 2.9778 0 0 0 
3560000 3560 1000.0 6034214.691 2213.087 2.9801 0 0 0 
3570000 3570 1000.0 6056086.279 2208.521 2.981 0 0 0 
3580000 3580 1000.0 6078192.674 2208.602 2.9851 0 0 0 
3590000 3590 1000.0 6100778.667 2218.077 2.99 0 0 0 
3600000 3600 1000.0 6123951.811 2236.721 2.9838 0 0 0 
3610000 3610 1000.0 6147036.55 2249.922 2.9822 0 0 0 
3620000 3620 1000.0 6169859.798 2255.684 2.9736 0 0 0 
3630000 3630 1000.0 6192968.324 2265.652 2.9814 0 0 0 
3640000 3640 1000.0 6215271.236 2259.01 2.9725 0 0 0 
3650000 3650 1000.0 6238349.321 2268.184 2.9712 0 0 0 
3660000 3660 1000.0 6261488.836 2276.573 2.9717 0 0 0 
3670000 3670 1000.0 6284402.562 2279.598 2.984 0 0 0 
3680000 3680 1000.0 6301854.432 2180.011 2.9861 0 0 0 
3690000 3690 1000.0 6323800.214 2183.071 2.9837 0 0 0 
3700000 3700 1000.0 6345152.003 2174.039 2.9876 0 0 0 
3710000 3710 1000.0 6367026.606 2176.054 2.9819 0 0 0 
3720000 3720 1000.0 6389211.654 2183.929 2.9921 0 0 0 
3730000 3730 1000.0 6411572.677 2193.225 2.9889 0 0 0 
3740000 3740 1000.0 6434516.387 2212.283 2.9881 0 0 0 
3750000 3750 1000.0 6457573.904 2229.185 2.9942 0 0 0 
3760000 3760 1000.0 6481035.55 2250.624 2.9947 0 0 0 
3770000 3770 1000.0 6503501.896 2249.594 2.9927 0 0 0 
3780000 3780 1000.0 6525500.267 2240.405 2.9919 0 0 0 
3790000 3790 1000.0 6547326.05 2229.564 2.9885 0 0 0 
3800000 3800 1000.0 6569260.564 2223.579 2.9873 0 0 0 
3810000 3810 1000.0 6592207.23 2236.822 2.99 0 0 0 
3820000 3820 1000.0 6615481.546 2253.322 2.9934 0 0 0 
3830000 3830 1000.0 6639025.435 2271.564 2.9868 0 0 0 
3840000 3840 1000.0 6662570.352 2286.842 2.9846 0 0 0 
3850000 3850 1000.0 6686249.843 2301.808 2.9957 0 0 0 
3860000 3860 1000.0 6710592.208 2325.971 2.9916 0 0 0 
3870000 3870 1000.0 6734804.438 2343.51 2.9905 0 0 0 
3880000 3880 1000.0 6758931.628 2356.145 2.9884 0 0 0 
3890000 3890 1000.0 6782706.203 2359.977 2.9952 0 0 0 
3900000 3900 1000.0 6806848.375 2369.585 2.9889 0 0 0 
3910000 3910 1000.0 6830772.557 2374.046 2.9873 0 0 0 
3920000 3920 1000.0 6854783.959 2378.534 2.9981 0 0 0 
3930000 3930 1000.0 6877803.781 2364.539 2.9967 0 0 0 
3940000 3940 1000.0 6901999.171 2374.624 2.9959 0 0 0 
3950000 3950 1000.0 6926100.577 2381.183 2.9948 0 0 0 
3960000 3960 1000.0 6949721.858 2377.637 2.9821 0 0 0 
3970000 3970 1000.0 6973944.319 2385.603 2.9812 0 0 0 
3980000 3980 1000.0 6997353.668 2377.519 2.986 0 0 0 
3990000 3990 1000.0 7021983.868 2393.351 2.984 0 0 0 
4000000 4000 1000.0 7046249.381 2399.352 2.9849 0 0 0 
4010000 4010 1000.0 7068980.808 2375.698 2.9877 0 0 0 
4020000 4020 1000.0 7091559.323 2354.447 2.9902 0 0 0 
4030000 4030 1000.0 7112030.832 2297.819 2.9841 0 0 0 
4040000 4040 1000.0 7133258.885 2267.894 2.9816 0 0 0 
4050000 4050 1000.0 7156683.514 2281.441 2.9802 0 0 0 
4060000 4060 1000.0 7180527.707 2300.667 2.987 0 0 0 
4070000 4070 1000.0 7204689.139 2321.955 2.9836 0 0 0 
4080000 4080 1000.0 7228478.498 2331.954 2.9822 0 0 0 
4090000 4090 1000.0 7253214.227 2358.522 2.9704 0 0 0 
4100000 4100 1000.0 7277215.887 2365.522 2.968 0 0 0 
4110000 4110 1000.0 7301467.34 2376.28 2.9721 0 0 0 
4120000 4120 1000.0 7325113.354 2374.892 2.9763 0 0 0 
4130000 4130 1000.0 7349353.495 2383.766 2.9832 0 0 0 
4140000 4140 1000.0 7373550.27 2390.506 2.9838 0 0 0 
4150000 4150 1000.0 7397989.074 2400.034 2.9841 0 0 0 
4160000 4160 1000.0 7422025.539 2400.081 2.9885 0 0 0 
4170000 4170 1000.0 7446208.238 2403.65 2.9898 0 0 0 
4180000 4180 1000.0 7470289.949 2404.455 2.9878 0 0 0 
4190000 4190 1000.0 7494743.089 2411.997 2.9897 0 0 0 
4200000 4200 1000.0 7518982.644 2414.227 2.9942 0 0 0 
4210000 4210 1000.0 7543599.244 2422.964 2.9961 0 0 0 
4220000 4220 1000.0 7567834.832 2423.322 2.9918 0 0 0 
4230000 4230 1000.0 7590875.829 2401.1 2.9926 0 0 0 
4240000 4240 1000.0 7614780.988 2398.985 2.9906 0 0 0 
4250000 4250 1000.0 7638158.616 2386.749 2.9875 0 0 0 
4260000 4260 1000.0 7661601.416 2378.996 2.9882 0 0 0 
4270000 4270 1000.0 7684780.721 2368.343 2.9942 0 0 0 
4280000 4280 1000.0 7707987.849 2359.436 2.9951 0 0 0 
4290000 4290 1000.0 7731712.757 2361.953 2.999 0 0 0 
4300000 4300 1000.0 7755678.559 2367.937 2.9973 0 0 0 
4310000 4310 1000.0 7779341.935 2367.874 2.9999 0 0 0 
4320000 4320 1000.0 7802265.627 2353.863 3.004 0 0 0 
4330000 4330 1000.0 7825420.838 2347.049 2.9978 0 0 0 
4340000 4340 1000.0 7849662.596 2361.008 2.998 0 0 0 
4350000 4350 1000.0 7873418.171 2363.753 2.9963 0 0 0 
4360000 4360 1000.0 7897455.655 2371.164 3.0007 0 0 0 
4370000 4370 1000.0 7921933.881 2384.982 2.9989 0 0 0 
4380000 4380 1000.0 7945902.411 2386.626 3.0047 0 0 0 
4390000 4390 1000.0 7969380.564 2378.862 3.0009 0 0 0 
4400000 4400 1000.0 7992958.641 2375.752 3.01 0 0 0 
4410000 4410 1000.0 8015993.812 2362.139 3.0101 0 0 0 
4420000 4420 1000.0 8038901.562 2349.421 3.0073 0 0 0 
4430000 4430 1000.0 8061911.724 2340.726 3.0076 0 0 0 
4440000 4440 1000.0 8085151.37 2337.867 3.0011 0 0 0 
4450000 4450 1000.0 8108193.416 2331.22 3.0041 0 0 0 
4460000 4460 1000.0 8131804.495 2336.636 3.0035 0 0 0 
4470000 4470 1000.0 8156100.424 2353.947 3.0005 0 0 0 
4480000 4480 1000.0 8179660.794 2353.214 3.0083 0 0 0 
4490000 4490 1000.0 8202661.055 2343.653 3.0123 0 0 0 
4500000 4500 1000.0 8225705.651 2336.227 3.0118 0 0 0 
4510000 4510 1000.0 8248449.12 2324.31 3.0168 0 0 0 
4520000 4520 1000.0 8271181.582 2315.093 3.011 0 0 0 
4530000 4530 1000.0 8294376.216 2316.433 3.0124 0 0 0 
4540000 4540 1000.0 8317909.146 2323.307 3.0144 0 0 0 
4550000 4550 1000.0 8342042.207 2339.989 3.0153 0 0 0 
4560000 4560 1000.0 8364859.418 2328.555 3.0138 0 0 0 
4570000 4570 1000.0 8387597.635 2318.885 3.0064 0 0 0 
4580000 4580 1000.0 8411637.343 2334.661 3.0035 0 0 0 
4590000 4590 1000.0 8434327.562 2322.016 3.0011 0 0 0 
4600000 4600 1000.0 8458009.684 2330.573 2.9936 0 0 0 
4610000 4610 1000.0 8481187.253 2328.104 2.9928 0 0 0 
4620000 4620 1000.0 8504645.9 2331.644 2.9947 0 0 0 
4630000 4630 1000.0 8528202.941 2335.699 2.9995 0 0 0 
4640000 4640 1000.0 8551576.572 2335.9 3.0066 0 0 0 
4650000 4650 1000.0 8575581.106 2347.111 3.0016 0 0 0 
4660000 4660 1000.0 8597456.446 2317.086 3.0126 0 0 0 
4670000 4670 1000.0 8619970.116 2305.082 3.016 0 0 0 
4680000 4680 1000.0 8643035.86 2305.832 3.0236 0 0 0 
4690000 4690 1000.0 8666424.164 2312.335 3.0218 0 0 0 
4700000 4700 1000.0 8690056.929 2321.518 3.0246 0 0 0 
4710000 4710 1000.0 8713333.553 2322.209 3.018 0 0 0 
4720000 4720 1000.0 8735809.317 2308.504 3.0112 0 0 0 
4730000 4730 1000.0 8759234.8 2315.33 3.0065 0 0 0 
4740000 4740 1000.0 8782598.273 2318.506 3.0009 0 0 0 
4750000 4750 1000.0 8805063.379 2305.269 2.9976 0 0 0 
4760000 4760 1000.0 8827983.445 2303.579 3.0013 0 0 0 
4770000 4770 1000.0 8850591.643 2295.277 2.9998 0 0 0 
4780000 4780 1000.0 8872170.785 2269.52 2.9936 0 0 0 
4790000 4790 1000.0 8894683.043 2266.119 2.9937 0 0 0 
4800000 4800 1000.0 8916903.391 2258.059 2.9969 0 0 0 
4810000 4810 1000.0 8939269.911 2253.892 2.9987 0 0 0 
4820000 4820 1000.0 8960388.248 2227.699 3.0006 0 0 0 
4830000 4830 1000.0 8981168.197 2200.279 2.9994 0 0 0 
4840000 4840 1000.0 9003216.123 2201.532 2.9909 0 0 0 
4850000 4850 1000.0 9025905.025 2214.458 2.9954 0 0 0 
4860000 4860 1000.0 9048450.892 2221.401 2.9939 0 0 0 
4870000 4870 1000.0 9070928.657 2226.482 2.9879 0 0 0 
4880000 4880 1000.0 9093795.482 2237.677 2.9899 0 0 0 
4890000 4890 1000.0 9115920.081 2233.094 2.9958 0 0 0 
4900000 4900 1000.0 9138382.392 2235.474 3.0002 0 0 0 
4910000 4910 1000.0 9161188.126 2243.947 2.9923 0 0 0 
4920000 4920 1000.0 9184122.574 2253.58 2.983 0 0 0 
4930000 4930 1000.0 9207423.23 2267.806 2.9869 0 0 0 
4940000 4940 1000.0 9231498.664 2293.79 2.9893 0 0 0 
4950000 4950 1000.0 9255754.175 2317.98 2.9918 0 0 0 
4960000 4960 1000.0 9279425.647 2326.928 2.9885 0 0 0 
4970000 4970 1000.0 9302788.527 2329.123 2.9961 0 0 0 
4980000 4980 1000.0 9326685.923 2340.474 2.9994 0 0 0 
4990000 4990 1000.0 9350818.824 2353.95 3.0013 0 0 0 
5000000 5000 1000.0 9375374.622 2372.456 2.9969 0 0 0 
5010000 5010 1000.0 9399492.602 2379.756 2.9945 0 0 0 
5020000 5020 1000.0 9423909.274 2391.243 2.9911 0 0 0 
5030000 5030 1000.0 9448011.168 2394.627 2.9877 0 0 0 
5040000 5040 1000.0 9471972.265 2395.187 2.9873 0 0 0 
5050000 5050 1000.0 9496078.623 2398.269 2.9875 0 0 0 
5060000 5060 1000.0 9520170.758 2400.845 2.98 0 0 0 
5070000 5070 1000.0 9544085.069 2398.584 2.9807 0 0 0 
5080000 5080 1000.0 9566863.168 2375.319 2.9861 0 0 0 
5090000 5090 1000.0 9589124.582 2347.331 2.9884 0 0 0 
5100000 5100 1000.0 9611203.713 2323.025 2.9859 0 0 0 
5110000 5110 1000.0 9634468.212 2323.338 2.9861 0 0 0 
5120000 5120 1000.0 9657959.226 2328.234 2.9919 0 0 0 
5130000 5130 1000.0 9681642.322 2334.949 2.9923 0 0 0 
5140000 5140 1000.0 9704997.279 2335.285 2.9923 0 0 0 
5150000 5150 1000.0 9728084.486 2330.373 2.9953 0 0 0 
5160000 5160 1000.0 9751081.621 2324.806 2.9972 0 0 0 
5170000 5170 1000.0 9774570.601 2329.288 2.9991 0 0 0 
5180000 5180 1000.0 9798720.923 2345.373 3.0024 0 0 0 
5190000 5190 1000.0 9823304.573 2366.077 3.0009 0 0 0 
5200000 5200 1000.0 9846726.68 2361.46 2.9974 0 0 0 
5210000 5210 1000.0 9869745.137 2349.693 2.9934 0 0 0 
5220000 5220 1000.0 9892227.283 2331.54 3.0011 0 0 0 
5230000 5230 1000.0 9914868.922 2318.895 3.0006 0 0 0 
5240000 5240 1000.0 9937752.438 2313.014 2.999 0 0 0 
5250000 5250 1000.0 9960802.856 2311.645 2.9942 0 0 0 
5260000 5260 1000.0 9983578.222 2305.587 2.984 0 0 0 
5270000 5270 1000.0 10006541.225 2304.111 2.9765 0 0 0 
5280000 5280 1000.0 10029372.194 2300.574 2.9743 0 0 0 
5290000 5290 1000.0 10052082.1 2295.404 2.9882 0 0 0 
5300000 5300 1000.0 10075282.163 2299.672 2.9987 0 0 0 
5310000 5310 1000.0 10098803.887 2309.492 2.997 0 0 0 
5320000 5320 1000.0 10122212.434 2315.485 3.0021 0 0 0 
5330000 5330 1000.0 10145733.84 2322.741 3.0045 0 0 0 
5340000 5340 1000.0 10169325.04 2329.143 3.0051 0 0 0 
5350000 5350 1000.0 10191967.352 2317.469 2.9946 0 0 0 
5360000 5360 1000.0 10214908.254 2313.025 3.0021 0 0 0 
5370000 5370 1000.0 10237875.025 2309.997 3.0014 0 0 0 
5380000 5380 1000.0 10260734.684 2305.779 3.004 0 0 0 
5390000 5390 1000.0 10283644.158 2303.38 3.0044 0 0 0 
5400000 5400 1000.0 10306919.21 2307.646 3.0043 0 0 0 
5410000 5410 1000.0 10330104.5 2309.531 3.004 0 0 0 
5420000 5420 1000.0 10352918.16 2304.651 3.0094 0 0 0 
5430000 5430 1000.0 10376134.612 2307.314 3.0075 0 0 0 
5440000 5440 1000.0 10399229.607 2307.49 3.0124 0 0 0 
5450000 5450 1000.0 10422283.585 2306.985 3.0159 0 0 0 
5460000 5460 1000.0 10445268.562 2305.24 3.0136 0 0 0 
5470000 5470 1000.0 10468147.094 2302.038 3.0076 0 0 0 
5480000 5480 1000.0 10491608.195 2310.456 3.0056 0 0 0 
5490000 5490 1000.0 10515785.119 2330.273 3.0054 0 0 0 
5500000 5500 1000.0 10540336.856 2353.216 3.0151 0 0 0 
5510000 5510 1000.0 10563408.835 2344.862 3.0149 0 0 0 
5520000 5520 1000.0 10586651.544 2340.289 3.0082 0 0 0 
5530000 5530 1000.0 10609285.734 2326.565 3.0043 0 0 0 
5540000 5540 1000.0 10631692.835 2311.307 3.0052 0 0 0 
5550000 5550 1000.0 10654059.459 2297.401 3.0045 0 0 0 
5560000 5560 1000.0 10676601.972 2289.634 3.0023 0 0 0 
5570000 5570 1000.0 10699238.946 2285.395 3.0066 0 0 0 
5580000 5580 1000.0 10721493.519 2273.53 3.0065 0 0 0 
5590000 5590 1000.0 10743287.803 2256.455 3.0048 0 0 0 
5600000 5600 1000.0 10764133.748 2225.294 3.0062 0 0 0 
5610000 5610 1000.0 10787300.635 2242.019 2.9994 0 0 0 
5620000 5620 1000.0 10810390.673 2254.069 3.0011 0 0 0 
5630000 5630 1000.0 10833929.918 2272.203 2.9994 0 0 0 
5640000 5640 1000.0 10857085.274 2279.398 2.9966 0 0 0 
5650000 5650 1000.0 10878886.192 2261.244 2.9967 0 0 0 
5660000 5660 1000.0 10901388.823 2259.131 2.9985 0 0 0 
5670000 5670 1000.0 10923859.983 2257.086 2.9973 0 0 0 
5680000 5680 1000.0 10947168.427 2270.843 3.0028 0 0 0 
5690000 5690 1000.0 10970678.757 2285.34 3.0019 0 0 0 
5700000 5700 1000.0 10993613.144 2286.608 3.0045 0 0 0 
5710000 5710 1000.0 11016050.863 2278.986 3.0099 0 0 0 
5720000 5720 1000.0 11038373.96 2270.555 3.0046 0 0 0 
5730000 5730 1000.0 11060645.351 2261.868 2.9994 0 0 0 
5740000 5740 1000.0 11082652.462 2250.333 2.9938 0 0 0 
5750000 5750 1000.0 11105013.991 2247.881 2.9965 0 0 0 
5760000 5760 1000.0 11125433.698 2210.331 2.9972 0 0 0 
5770000 5770 1000.0 11146123.406 2184.485 3.0012 0 0 0 
5780000 5780 1000.0 11168003.027 2185.857 3.0046 0 0 0 
5790000 5790 1000.0 11190154.392 2191.158 3.0054 0 0 0 
5800000 5800 1000.0 11212315.465 2196.392 2.9961 0 0 0 
5810000 5810 1000.0 11234166.408 2194.263 2.9951 0 0 0 
5820000 5820 1000.0 11256998.847 2210.543 3.0012 0 0 0 
5830000 5830 1000.0 11279765.136 2223.138 2.9998 0 0 0 
5840000 5840 1000.0 11301831.679 2220.201 2.9982 0 0 0 
5850000 5850 1000.0 11322841.271 2198.556 3.0031 0 0 0 
5860000 5860 1000.0 11343504.172 2174.909 3.0067 0 0 0 
5870000 5870 1000.0 11365577.093 2181.048 3.0064 0 0 0 
5880000 5880 1000.0 11388177.017 2195.957 3.0774 0 0 0 
5890000 5890 1000.0 11411347.197 2217.932 3.073 0 0 0 
5900000 5900 1000.0 11434011.284 2226.116 3.0699 0 0 0 
5910000 5910 1000.0 11456871.198 2237.011 3.0585 0 0 0 
5920000 5920 1000.0 11480143.127 2253.333 3.0392 0 0 0 
5930000 5930 1000.0 11502816.177 2255.048 3.0233 0 0 0 
5940000 5940 1000.0 11524789.294 2244.515 3.0166 0 0 0 
5950000 5950 1000.0 11546138.798 2224.222 3.0194 0 0 0 
5960000 5960 1000.0 11567790.275 2213.904 3.0169 0 0 0 
5970000 5970 1000.0 11591408.095 2240.997 3.0188 0 0 0 
5980000 5980 1000.0 11614883.068 2260.477 3.0194 0 0 0 
5990000 5990 1000.0 11638536.738 2280.642 3.0151 0 0 0 
6000000 6000 1000.0 11661992.211 2292.169 3.0107 0 0 0 
