10000 11 168.711 -1.0 -0.014 0.6277 0 0 0 
20000 23 323.936 -6.0 -0.097 1.212 0 0 0 
30000 61 268.29 -11.0 -0.161 1.4466 0 0 0 
40000 73 400.453 -12.0 -0.106 2.5593 0 0 0 
50000 88 467.747 -14.0 -0.13 3.1855 0 0 0 
60000 125 336.498 -23.0 -0.214 2.3837 0 0 0 
70000 147 374.39 -26.0 -0.237 2.7677 0 0 0 
80000 160 451.867 -2.0 0.261 3.3466 0 0 0 
90000 189 411.567 0.0 0.15 3.0772 0 0 0 
100000 200 507.988 -9.0 -0.044 3.8012 0 0 0 
110000 211 585.457 -2.0 0.1 4.3549 0 0 0 
120000 253 362.947 26.0 0.244 2.7119 0 0 0 
130000 408 83.63 -12.0 -0.19 0.6457 0 0 0 
140000 493 143.798 -23.0 0.003 1.0984 0 0 0 
150000 538 178.293 8.0 0.413 1.3545 0 0 0 
160000 563 272.78 83.0 1.514 2.0759 0 0 0 
170000 591 304.007 141.0 1.715 2.3205 0 0 0 
180000 608 386.242 198.0 2.19 2.8988 0 0 0 
190000 623 455.781 248.0 2.442 3.3913 0 0 0 
200000 643 471.338 321.0 2.874 3.4866 0 0 0 
210000 665 469.496 391.0 2.989 3.4633 0 0 0 
220000 686 474.131 477.0 3.342 3.5201 0 0 0 
230000 704 484.219 563.0 3.772 3.6324 0 0 0 
240000 730 447.354 684.0 4.253 3.3279 0 0 0 
250000 762 386.652 803.0 3.993 2.8479 0 0 0 
260000 790 386.196 911.0 4.023 2.8133 0 0 0 
270000 812 404.673 1023.0 4.309 2.9325 0 0 0 
280000 835 416.266 1151.0 4.82 3.0024 0 0 0 
290000 867 370.167 1269.0 4.311 2.6739 0 0 0 
300000 892 378.396 1385.0 4.473 2.7511 0 0 0 
310000 918 385.114 1492.0 4.426 2.7807 0 0 0 
320000 959 301.284 1610.0 3.489 2.2155 0 0 0 
330000 996 277.949 1716.0 3.17 2.0632 0 0 0 
340000 1025 304.166 1817.0 3.223 2.2565 0 0 0 
350000 1058 306.49 1945.0 3.489 2.2873 0 0 0 
360000 1082 358.515 2060.0 4.003 2.6882 0 0 0 
370000 1117 321.798 2226.0 4.396 2.3937 0 0 0 
380000 1149 310.369 2356.0 4.165 2.2969 0 0 0 
390000 1174 354.951 2469.0 4.386 2.6136 0 0 0 
400000 1193 405.737 2573.0 4.733 2.9947 0 0 0 
410000 1221 385.417 2686.0 4.448 2.8547 0 0 0 
420000 1243 411.423 2820.0 4.97 3.0513 0 0 0 
430000 1265 421.926 2992.0 5.992 3.121 0 0 0 
440000 1288 432.793 3169.0 6.784 3.2056 0 0 0 
450000 1308 451.968 3347.0 7.383 3.3419 0 0 0 
460000 1335 418.427 3540.0 7.377 3.08 0 0 0 
470000 1354 449.007 3695.0 7.571 3.3082 0 0 0 
480000 1372 478.512 3841.0 7.618 3.513 0 0 0 
490000 1390 501.674 3986.0 7.791 3.6878 0 0 0 
500000 1411 484.557 4154.0 7.851 3.5518 0 0 0 
510000 1429 505.6 4305.0 8.002 3.6923 0 0 0 
520000 1449 508.431 4450.0 7.882 3.6885 0 0 0 
530000 1470 493.291 4582.0 7.316 3.6032 0 0 0 
540000 1500 415.827 4764.0 6.654 3.0581 0 0 0 
550000 1519 450.975 4911.0 7.087 3.3139 0 0 0 
560000 1547 416.91 5075.0 6.584 3.0807 0 0 0 
570000 1571 404.748 5268.0 7.055 3.0004 0 0 0 
580000 1589 454.816 5402.0 7.244 3.3831 0 0 0 
590000 1609 465.394 5550.0 7.241 3.4632 0 0 0 
600000 1633 451.378 5771.0 8.054 3.327 0 0 0 
610000 1657 443.005 5963.0 8.14 3.2714 0 0 0 
620000 1680 439.935 6155.0 8.225 3.2513 0 0 0 
630000 1703 428.51 6354.0 8.208 3.1524 0 0 0 
640000 1726 438.71 6532.0 8.1 3.2445 0 0 0 
650000 1757 390.983 6745.0 7.641 2.8995 0 0 0 
660000 1779 410.554 6964.0 8.38 3.0455 0 0 0 
670000 1801 423.55 7153.0 8.467 3.1486 0 0 0 
680000 1822 443.25 7343.0 8.76 3.3133 0 0 0 
690000 1842 454.3 7518.0 8.677 3.3901 0 0 0 
700000 1863 470.295 7709.0 8.786 3.4876 0 0 0 
710000 1890 428.69 7922.0 8.541 3.1674 0 0 0 
720000 1916 411.865 8155.0 8.586 3.0609 0 0 0 
730000 1942 396.77 8386.0 8.788 2.959 0 0 0 
740000 1966 405.046 8610.0 8.942 3.0034 0 0 0 
750000 1990 409.854 8798.0 8.631 3.0434 0 0 0 
760000 2015 403.7 9022.0 8.641 2.9938 0 0 0 
770000 2043 383.337 9248.0 8.415 2.8459 0 0 0 
780000 2071 373.942 9489.0 8.484 2.7758 0 0 0 
790000 2094 393.375 9687.0 8.525 2.9137 0 0 0 
800000 2115 420.104 9888.0 8.824 3.1145 0 0 0 
810000 2131 483.647 10028.0 8.895 3.5867 0 0 0 
820000 2154 459.056 10218.0 8.603 3.4069 0 0 0 
830000 2172 495.862 10362.0 8.507 3.6731 0 0 0 
840000 2196 464.366 10538.0 8.057 3.5379 0 0 0 
850000 2217 460.717 10738.0 8.419 3.5198 0 0 0 
860000 2237 479.874 10894.0 8.223 3.6521 0 0 0 
870000 2259 471.268 11066.0 8.141 3.5725 0 0 0 
880000 2276 505.276 11231.0 8.585 3.8046 0 0 0 
890000 2299 474.092 11378.0 7.711 3.5935 0 0 0 
900000 2317 501.962 11522.0 7.779 3.8057 0 0 0 
910000 2337 498.525 11690.0 8.056 3.8029 0 0 0 
920000 2360 475.263 11901.0 8.423 3.654 0 0 0 
930000 2379 494.889 12061.0 8.49 3.7683 0 0 0 
940000 2400 483.842 12255.0 8.648 3.6687 0 0 0 
950000 2426 446.292 12479.0 8.649 3.3777 0 0 0 
960000 2448 453.18 12678.0 8.935 3.4515 0 0 0 
970000 2469 458.885 12882.0 9.114 3.5455 0 0 0 
980000 2491 445.763 13070.0 8.895 3.4304 0 0 0 
990000 2509 491.074 13207.0 8.521 3.7848 0 0 0 
1000000 2533 462.761 13423.0 8.706 3.5652 0 0 0 
1010000 2556 451.941 13637.0 9.018 3.5108 0 0 0 
1020000 2580 433.096 13814.0 8.366 3.3767 0 0 0 
1030000 2608 397.166 14034.0 8.104 3.0799 0 0 0 
1040000 2633 380.929 14182.0 7.231 2.9532 0 0 0 
1050000 2663 370.604 14369.0 6.846 2.8574 0 0 0 
1060000 2691 357.231 14583.0 7.024 2.7617 0 0 0 
1070000 2721 359.002 14779.0 6.978 2.7729 0 0 0 
1080000 2749 356.323 14984.0 7.044 2.7368 0 0 0 
1090000 2778 357.029 15160.0 6.629 2.7446 0 0 0 
1100000 2801 376.333 15338.0 6.933 2.8878 0 0 0 
1110000 2838 331.525 15593.0 7.05 2.5467 0 0 0 
1120000 2860 374.346 15783.0 7.554 2.8621 0 0 0 
1130000 2890 357.269 15991.0 7.219 2.7369 0 0 0 
1140000 2912 393.254 16161.0 7.451 3.0173 0 0 0 
1150000 2936 397.315 16340.0 7.363 3.0744 0 0 0 
1160000 2960 409.698 16546.0 7.946 3.1548 0 0 0 
1170000 2983 422.537 16755.0 8.342 3.2469 0 0 0 
1180000 3006 422.63 16959.0 8.464 3.2636 0 0 0 
1190000 3027 428.095 17118.0 8.099 3.314 0 0 0 
1200000 3052 419.209 17317.0 8.012 3.2524 0 0 0 
1210000 3075 430.247 17527.0 8.524 3.3144 0 0 0 
1220000 3100 416.362 17755.0 8.806 3.1938 0 0 0 
1230000 3122 427.221 17959.0 8.889 3.2892 0 0 0 
1240000 3139 467.158 18104.0 8.8 3.5997 0 0 0 
1250000 3160 472.196 18279.0 8.577 3.6377 0 0 0 
1260000 3183 461.021 18480.0 8.727 3.5384 0 0 0 
1270000 3205 452.72 18676.0 8.801 3.4821 0 0 0 
1280000 3225 473.187 18852.0 8.86 3.6554 0 0 0 
1290000 3251 442.267 19082.0 8.938 3.4039 0 0 0 
1300000 3269 473.032 19247.0 8.89 3.6662 0 0 0 
1310000 3285 499.961 19389.0 8.842 3.8532 0 0 0 
1320000 3303 524.523 19538.0 8.724 4.0475 0 0 0 
1330000 3323 519.969 19704.0 8.608 4.0147 0 0 0 
1340000 3341 528.064 19867.0 8.683 4.0906 0 0 0 
1350000 3359 542.063 19997.0 8.294 4.199 0 0 0 
1360000 3383 483.777 20183.0 8.027 3.7573 0 0 0 
1370000 3405 469.008 20342.0 7.683 3.6358 0 0 0 
1380000 3428 466.067 20526.0 7.933 3.6185 0 0 0 
1390000 3446 481.403 20699.0 8.306 3.7552 0 0 0 
1400000 3467 488.182 20884.0 8.482 3.8 0 0 0 
1410000 3488 481.308 21058.0 8.386 3.7631 0 0 0 
1420000 3514 443.186 21272.0 8.261 3.4548 0 0 0 
1430000 3538 437.127 21472.0 8.411 3.4013 0 0 0 
1440000 3558 456.431 21646.0 8.429 3.5424 0 0 0 
1450000 3582 443.898 21836.0 8.297 3.4436 0 0 0 
1460000 3602 459.325 22016.0 8.488 3.568 0 0 0 
1470000 3623 470.875 22194.0 8.456 3.642 0 0 0 
1480000 3645 466.923 22396.0 8.831 3.6023 0 0 0 
1490000 3664 481.729 22554.0 8.45 3.7174 0 0 0 
1500000 3681 517.636 22690.0 8.437 3.9933 0 0 0 
1510000 3701 497.015 22876.0 8.61 3.8371 0 0 0 
1520000 3725 475.473 23096.0 8.863 3.6675 0 0 0 
1530000 3747 459.327 23280.0 8.698 3.5509 0 0 0 
1540000 3767 476.972 23432.0 8.301 3.6919 0 0 0 
1550000 3788 477.965 23604.0 8.226 3.7203 0 0 0 
1560000 3808 482.366 23789.0 8.574 3.7496 0 0 0 
1570000 3826 499.632 23957.0 8.801 3.8648 0 0 0 
1580000 3844 520.407 24097.0 8.528 4.0359 0 0 0 
1590000 3862 519.67 24265.0 8.766 4.01 0 0 0 
1600000 3880 542.107 24424.0 8.889 4.1845 0 0 0 
1610000 3905 487.05 24658.0 9.035 3.7704 0 0 0 
1620000 3927 466.853 24841.0 8.727 3.6185 0 0 0 
1630000 3950 459.243 25024.0 8.482 3.5783 0 0 0 
1640000 3973 443.257 25220.0 8.498 3.4737 0 0 0 
1650000 3999 425.641 25457.0 8.75 3.3342 0 0 0 
1660000 4019 449.722 25640.0 8.907 3.52 0 0 0 
1670000 4044 426.425 25867.0 8.962 3.3103 0 0 0 
1680000 4071 402.582 26115.0 9.028 3.1258 0 0 0 
1690000 4094 414.436 26309.0 8.862 3.2227 0 0 0 
1700000 4114 448.758 26483.0 8.895 3.5012 0 0 0 
1710000 4133 463.931 26660.0 8.965 3.613 0 0 0 
1720000 4149 517.08 26800.0 8.92 4.027 0 0 0 
1730000 4169 504.333 26968.0 8.665 3.8993 0 0 0 
1740000 4190 495.563 27158.0 8.806 3.8519 0 0 0 
1750000 4211 492.666 27341.0 8.838 3.8455 0 0 0 
1760000 4233 479.839 27512.0 8.46 3.7455 0 0 0 
1770000 4258 444.979 27743.0 8.798 3.4774 0 0 0 
1780000 4280 442.577 27943.0 8.719 3.4506 0 0 0 
1790000 4306 419.045 28141.0 8.312 3.3 0 0 0 
1800000 4327 438.807 28329.0 8.568 3.4653 0 0 0 
1810000 4347 445.397 28514.0 8.717 3.5035 0 0 0 
1820000 4372 436.96 28712.0 8.492 3.4203 0 0 0 
1830000 4400 394.127 28944.0 8.315 3.0914 0 0 0 
1840000 4426 387.64 29154.0 8.261 3.0261 0 0 0 
1850000 4453 382.909 29375.0 8.259 2.9883 0 0 0 
1860000 4477 396.711 29582.0 8.339 3.1143 0 0 0 
1870000 4501 400.359 29798.0 8.503 3.149 0 0 0 
1880000 4528 389.758 30027.0 8.556 3.0721 0 0 0 
1890000 4552 401.741 30218.0 8.445 3.1402 0 0 0 
1900000 4580 382.981 30470.0 8.578 2.9987 0 0 0 
1910000 4605 385.333 30709.0 8.994 3.0267 0 0 0 
1920000 4635 359.464 30983.0 9.061 2.8 0 0 0 
1930000 4657 390.752 31173.0 8.925 3.037 0 0 0 
1940000 4679 408.106 31369.0 9.002 3.1508 0 0 0 
1950000 4702 416.618 31578.0 9.099 3.2383 0 0 0 
1960000 4725 419.398 31786.0 8.979 3.2439 0 0 0 
1970000 4754 394.127 32044.0 9.068 3.058 0 0 0 
1980000 4775 422.868 32236.0 9.166 3.2807 0 0 0 
1990000 4799 418.476 32447.0 8.895 3.2619 0 0 0 
2000000 4825 399.341 32699.0 9.226 3.0932 0 0 0 
2010000 4851 396.434 32922.0 8.95 3.0737 0 0 0 
2020000 4879 375.712 33194.0 9.229 2.9041 0 0 0 
2030000 4899 414.475 33374.0 9.155 3.2165 0 0 0 
2040000 4921 430.322 33581.0 9.22 3.3526 0 0 0 
2050000 4941 454.195 33760.0 9.185 3.5359 0 0 0 
2060000 4962 459.745 33949.0 9.168 3.5614 0 0 0 
2070000 4988 422.867 34197.0 9.241 3.2773 0 0 0 
2080000 5019 379.223 34471.0 9.109 2.9411 0 0 0 
2090000 5046 373.125 34708.0 9.018 2.8905 0 0 0 
2100000 5072 372.367 34940.0 8.929 2.888 0 0 0 
2110000 5092 417.099 35103.0 8.711 3.2297 0 0 0 
2120000 5115 426.671 35314.0 8.889 3.3057 0 0 0 
2130000 5135 446.813 35499.0 8.954 3.4599 0 0 0 
2140000 5161 422.431 35730.0 8.932 3.2569 0 0 0 
2150000 5183 437.832 35912.0 8.671 3.3729 0 0 0 
2160000 5208 426.384 36126.0 8.753 3.2901 0 0 0 
2170000 5229 442.889 36316.0 8.782 3.4566 0 0 0 
2180000 5247 473.788 36476.0 8.751 3.7148 0 0 0 
2190000 5270 464.005 36675.0 8.725 3.6217 0 0 0 
2200000 5295 435.144 36866.0 8.286 3.4012 0 0 0 
2210000 5316 444.531 37043.0 8.468 3.4591 0 0 0 
2220000 5342 426.048 37268.0 8.467 3.3272 0 0 0 
2230000 5365 429.345 37462.0 8.492 3.3345 0 0 0 
2240000 5384 450.301 37617.0 8.331 3.4867 0 0 0 
2250000 5411 432.569 37860.0 8.741 3.3489 0 0 0 
2260000 5426 485.317 38008.0 8.885 3.7439 0 0 0 
2270000 5453 438.837 38252.0 8.968 3.4131 0 0 0 
2280000 5485 370.517 38515.0 8.656 2.8881 0 0 0 
2290000 5509 397.779 38721.0 8.641 3.0816 0 0 0 
2300000 5540 366.109 38980.0 8.585 2.8385 0 0 0 
2310000 5570 347.509 39253.0 8.749 2.6917 0 0 0 
2320000 5596 363.844 39489.0 8.915 2.8243 0 0 0 
2330000 5621 375.788 39730.0 9.183 2.9128 0 0 0 
2340000 5646 380.341 39938.0 8.84 2.9569 0 0 0 
2350000 5676 356.851 40204.0 8.821 2.7646 0 0 0 
2360000 5705 354.822 40440.0 8.584 2.7493 0 0 0 
2370000 5727 389.379 40640.0 8.744 3.0333 0 0 0 
2380000 5755 379.821 40870.0 8.487 2.9808 0 0 0 
2390000 5781 380.107 41101.0 8.606 2.9759 0 0 0 
2400000 5805 389.764 41316.0 8.657 3.0355 0 0 0 
2410000 5825 429.874 41495.0 8.814 3.337 0 0 0 
2420000 5849 420.249 41703.0 8.66 3.2867 0 0 0 
2430000 5874 409.798 41935.0 8.891 3.1813 0 0 0 
2440000 5899 405.213 42142.0 8.824 3.125 0 0 0 
2450000 5926 388.95 42358.0 8.374 3.0093 0 0 0 
2460000 5949 405.57 42569.0 8.659 3.1574 0 0 0 
2470000 5972 416.766 42774.0 8.792 3.2219 0 0 0 
2480000 5995 420.848 42975.0 8.739 3.2464 0 0 0 
2490000 6014 462.666 43145.0 8.959 3.5668 0 0 0 
2500000 6034 472.516 43309.0 8.618 3.6632 0 0 0 
2510000 6054 482.797 43495.0 8.826 3.7205 0 0 0 
2520000 6079 452.957 43717.0 8.889 3.4808 0 0 0 
2530000 6099 460.601 43896.0 8.829 3.556 0 0 0 
2540000 6119 481.107 44067.0 8.773 3.7148 0 0 0 
2550000 6144 441.749 44300.0 8.978 3.4116 0 0 0 
2560000 6170 416.717 44521.0 8.764 3.2144 0 0 0 
2570000 6190 446.383 44681.0 8.634 3.4393 0 0 0 
2580000 6214 432.819 44889.0 8.512 3.3593 0 0 0 
2590000 6237 435.864 45098.0 8.747 3.3763 0 0 0 
2600000 6261 429.976 45295.0 8.637 3.3413 0 0 0 
2610000 6286 414.823 45524.0 8.715 3.2204 0 0 0 
2620000 6306 438.203 45704.0 8.783 3.3861 0 0 0 
2630000 6329 445.404 45904.0 8.907 3.4284 0 0 0 
2640000 6352 435.384 46120.0 8.979 3.3503 0 0 0 
2650000 6375 424.035 46340.0 9.295 3.2592 0 0 0 
2660000 6401 411.988 46579.0 9.149 3.1843 0 0 0 
2670000 6424 420.141 46800.0 9.322 3.2454 0 0 0 
2680000 6442 452.722 46960.0 9.322 3.4952 0 0 0 
2690000 6468 435.45 47191.0 9.168 3.3684 0 0 0 
2700000 6493 423.08 47409.0 9.024 3.2841 0 0 0 
2710000 6517 416.236 47636.0 9.081 3.2367 0 0 0 
2720000 6544 395.811 47872.0 8.958 3.0843 0 0 0 
2730000 6568 405.845 48094.0 9.131 3.1453 0 0 0 
2740000 6592 413.016 48313.0 9.065 3.2031 0 0 0 
2750000 6613 431.218 48515.0 9.12 3.3267 0 0 0 
2760000 6638 420.137 48742.0 9.208 3.2537 0 0 0 
2770000 6666 389.847 49012.0 9.32 3.0182 0 0 0 
2780000 6690 398.24 49236.0 9.346 3.0865 0 0 0 
2790000 6715 397.608 49467.0 9.351 3.0904 0 0 0 
2800000 6739 405.099 49695.0 9.427 3.1424 0 0 0 
2810000 6763 404.745 49921.0 9.368 3.1471 0 0 0 
2820000 6788 400.078 50160.0 9.454 3.1134 0 0 0 
2830000 6813 404.865 50395.0 9.449 3.1567 0 0 0 
2840000 6834 430.576 50589.0 9.345 3.3452 0 0 0 
2850000 6858 417.333 50815.0 9.353 3.2445 0 0 0 
2860000 6881 427.637 51014.0 9.154 3.3261 0 0 0 
2870000 6906 414.139 51243.0 9.222 3.2051 0 0 0 
2880000 6930 414.852 51463.0 9.125 3.2107 0 0 0 
2890000 6951 434.089 51641.0 8.954 3.3607 0 0 0 
2900000 6976 416.223 51878.0 9.04 3.2184 0 0 0 
2910000 6998 429.53 52087.0 9.189 3.2739 0 0 0 
2920000 7018 455.521 52262.0 9.143 3.436 0 0 0 
2930000 7040 456.199 52471.0 9.246 3.4064 0 0 0 
2940000 7062 457.78 52672.0 9.28 3.3987 0 0 0 
2950000 7089 414.286 52928.0 9.239 3.0623 0 0 0 
2960000 7115 405.305 53161.0 9.106 3.0067 0 0 0 
2970000 7140 412.154 53392.0 9.312 3.069 0 0 0 
2980000 7165 404.335 53628.0 9.356 2.9902 0 0 0 
2990000 7190 403.258 53849.0 9.147 2.9807 0 0 0 
3000000 7218 378.937 54114.0 9.147 2.8032 0 0 0 
3010000 7244 383.311 54340.0 9.049 2.8391 0 0 0 
3020000 7273 366.893 54587.0 8.795 2.7078 0 0 0 
3030000 7297 384.146 54793.0 8.738 2.837 0 0 0 
3040000 7325 371.42 55020.0 8.393 2.7596 0 0 0 
3050000 7348 398.861 55194.0 8.135 2.9479 0 0 0 
3060000 7372 409.289 55417.0 8.666 3.0196 0 0 0 
3070000 7399 390.025 55668.0 8.783 2.8711 0 0 0 
3080000 7428 368.221 55919.0 8.753 2.7284 0 0 0 
3090000 7454 374.013 56147.0 8.753 2.7572 0 0 0 
3100000 7483 363.841 56396.0 8.671 2.6795 0 0 0 
3110000 7503 406.114 56575.0 8.744 2.9784 0 0 0 
3120000 7524 433.836 56768.0 8.921 3.1739 0 0 0 
3130000 7550 415.96 57010.0 9.115 3.0431 0 0 0 
3140000 7572 429.991 57198.0 8.874 3.1517 0 0 0 
3150000 7594 430.583 57381.0 8.629 3.1389 0 0 0 
3160000 7616 431.571 57593.0 8.98 3.1539 0 0 0 
3170000 7643 407.667 57836.0 9.002 2.9858 0 0 0 
3180000 7669 399.57 58079.0 9.162 2.9172 0 0 0 
3190000 7696 391.279 58323.0 9.209 2.8786 0 0 0 
3200000 7719 402.036 58540.0 9.204 2.9616 0 0 0 
3210000 7742 418.842 58744.0 9.169 3.0885 0 0 0 
3220000 7765 426.425 58968.0 9.345 3.1264 0 0 0 
3230000 7792 407.063 59213.0 9.324 2.9802 0 0 0 
3240000 7818 399.373 59443.0 9.119 2.9285 0 0 0 
3250000 7839 421.015 59627.0 8.965 3.0908 0 0 0 
3260000 7862 423.194 59827.0 8.835 3.0978 0 0 0 
3270000 7885 426.384 60050.0 9.137 3.1193 0 0 0 
3280000 7911 406.733 60306.0 9.352 2.9891 0 0 0 
3290000 7937 402.213 60546.0 9.36 2.9618 0 0 0 
3300000 7964 384.583 60792.0 9.208 2.8409 0 0 0 
3310000 7989 394.517 61023.0 9.216 2.9336 0 0 0 
3320000 8014 392.769 61239.0 9.073 2.9179 0 0 0 
3330000 8040 389.753 61472.0 8.969 2.8929 0 0 0 
3340000 8068 375.445 61734.0 9.15 2.7759 0 0 0 
3350000 8092 390.557 61950.0 9.095 2.8963 0 0 0 
3360000 8119 385.185 62182.0 8.93 2.8698 0 0 0 
3370000 8146 380.472 62421.0 8.965 2.8101 0 0 0 
3380000 8174 372.484 62671.0 9.055 2.749 0 0 0 
3390000 8199 383.812 62905.0 9.165 2.8224 0 0 0 
3400000 8224 390.995 63127.0 9.092 2.8697 0 0 0 
3410000 8251 379.693 63360.0 8.905 2.7922 0 0 0 
3420000 8279 370.332 63588.0 8.5 2.7298 0 0 0 
3430000 8311 341.524 63869.0 8.632 2.5112 0 0 0 
3440000 8336 352.289 64082.0 8.578 2.5808 0 0 0 
3450000 8368 340.695 64339.0 8.393 2.5035 0 0 0 
3460000 8395 350.653 64596.0 8.846 2.5783 0 0 0 
3470000 8425 340.902 64859.0 8.87 2.5037 0 0 0 
3480000 8449 362.274 65075.0 8.81 2.6628 0 0 0 
3490000 8477 359.239 65306.0 8.614 2.6445 0 0 0 
3500000 8500 387.091 65519.0 8.766 2.8315 0 0 0 
3510000 8525 389.366 65749.0 8.894 2.8464 0 0 0 
3520000 8553 378.551 65968.0 8.5 2.778 0 0 0 
3530000 8578 381.635 66187.0 8.537 2.7882 0 0 0 
3540000 8604 380.469 66408.0 8.535 2.7854 0 0 0 
3550000 8626 410.67 66568.0 8.112 3.0446 0 0 0 
3560000 8651 411.433 66801.0 8.535 3.0157 0 0 0 
3570000 8675 414.752 67019.0 8.781 3.0263 0 0 0 
3580000 8702 399.204 67262.0 8.978 2.9114 0 0 0 
3590000 8730 382.491 67518.0 9.049 2.7949 0 0 0 
3600000 8750 413.639 67681.0 8.608 3.0455 0 0 0 
3610000 8778 391.76 67917.0 8.615 2.87 0 0 0 
3620000 8797 434.082 68075.0 8.487 3.1677 0 0 0 
3630000 8819 436.651 68265.0 8.499 3.1823 0 0 0 
3640000 8846 416.348 68488.0 8.43 3.0281 0 0 0 
3650000 8867 435.702 68677.0 8.648 3.1661 0 0 0 
3660000 8889 436.051 68858.0 8.492 3.1729 0 0 0 
3670000 8906 477.568 69023.0 8.723 3.4594 0 0 0 
3680000 8932 441.199 69241.0 8.715 3.1869 0 0 0 
3690000 8956 428.545 69464.0 8.815 3.1062 0 0 0 
3700000 8978 438.04 69674.0 9.129 3.1773 0 0 0 
3710000 9004 415.43 69913.0 9.165 3.0017 0 0 0 
3720000 9023 448.123 70106.0 9.431 3.2411 0 0 0 
3730000 9047 430.462 70309.0 9.061 3.1254 0 0 0 
3740000 9071 427.669 70506.0 8.781 3.1156 0 0 0 
3750000 9090 456.862 70690.0 8.986 3.3411 0 0 0 
3760000 9114 444.134 70918.0 9.214 3.2357 0 0 0 
3770000 9138 430.837 71135.0 9.131 3.1337 0 0 0 
3780000 9158 442.149 71322.0 9.145 3.206 0 0 0 
3790000 9178 469.601 71498.0 9.11 3.4052 0 0 0 
3800000 9202 449.116 71719.0 9.196 3.2504 0 0 0 
3810000 9225 441.678 71927.0 9.028 3.1945 0 0 0 
3820000 9247 440.094 72130.0 9.048 3.1946 0 0 0 
3830000 9274 415.762 72356.0 8.823 3.0112 0 0 0 
3840000 9297 415.57 72569.0 8.912 3.031 0 0 0 
3850000 9323 404.253 72794.0 8.81 2.9591 0 0 0 
3860000 9353 365.413 73034.0 8.53 2.6829 0 0 0 
3870000 9374 411.465 73204.0 8.448 3.0323 0 0 0 
3880000 9404 373.896 73472.0 8.558 2.7745 0 0 0 
3890000 9426 400.801 73684.0 8.935 2.976 0 0 0 
3900000 9451 393.884 73908.0 8.931 2.9289 0 0 0 
3910000 9479 386.779 74163.0 9.072 2.8458 0 0 0 
3920000 9501 416.538 74358.0 9.006 3.0595 0 0 0 
3930000 9519 447.116 74537.0 9.154 3.2789 0 0 0 
3940000 9542 449.479 74749.0 9.265 3.3054 0 0 0 
3950000 9562 455.656 74942.0 9.285 3.3472 0 0 0 
3960000 9583 470.984 75131.0 9.256 3.4396 0 0 0 
3970000 9601 490.402 75302.0 9.262 3.5804 0 0 0 
3980000 9615 543.521 75420.0 9.075 3.9476 0 0 0 
3990000 9631 574.144 75560.0 9.132 4.1632 0 0 0 
4000000 9651 536.23 75742.0 9.034 3.8838 0 0 0 
