10000 88 80.865 -112.2 -1.232 0.3235 0 0 0 
20000 180 107.406 -234.9 -1.372 0.4223 0 0 0 
30000 191 255.775 -241.9 -1.233 1.4624 0 0 0 
40000 201 391.914 -250.9 -1.19 2.3949 0 0 0 
50000 220 440.239 -289.0 -1.426 2.7713 0 0 0 
60000 241 449.185 -338.0 -1.803 2.9018 0 0 0 
70000 265 439.635 -361.1 -1.45 2.8898 0 0 0 
80000 292 409.688 -426.5 -1.863 2.7304 0 0 0 
90000 313 413.885 -470.1 -2.038 2.7819 0 0 0 
100000 335 436.161 -607.4 -3.659 2.9393 0 0 0 
110000 359 437.863 -702.5 -3.717 2.9676 0 0 0 
120000 379 449.744 -778.1 -3.726 3.0417 0 0 0 
130000 401 451.773 -796.1 -2.825 3.0606 0 0 0 
140000 422 466.364 -855.5 -2.77 3.1622 0 0 0 
150000 442 481.75 -909.8 -2.729 3.2583 0 0 0 
160000 469 423.516 -1001.5 -2.902 2.874 0 0 0 
170000 490 445.098 -1056.7 -2.781 3.0167 0 0 0 
180000 507 482.394 -1201.9 -4.348 3.2655 0 0 0 
190000 520 538.965 -1263.6 -4.453 3.6395 0 0 0 
200000 541 510.285 -1286.6 -3.237 3.4475 0 0 0 
210000 561 520.914 -1343.2 -3.154 3.5263 0 0 0 
220000 583 499.933 -1372.9 -2.45 3.3966 0 0 0 
230000 601 515.849 -1420.3 -2.45 3.5216 0 0 0 
240000 626 464.291 -1429.7 -1.622 3.1625 0 0 0 
250000 658 380.609 -1472.1 -1.421 2.6235 0 0 0 
260000 687 375.257 -1556.4 -2.2 2.5552 0 0 0 
270000 707 406.902 -1681.1 -2.801 2.7446 0 0 0 
280000 741 351.441 -1793.4 -3.104 2.3652 0 0 0 
290000 755 448.193 -1831.9 -2.973 3.0028 0 0 0 
300000 775 455.285 -2057.4 -5.463 3.0491 0 0 0 
310000 804 401.204 -2206.0 -5.19 2.694 0 0 0 
320000 838 347.205 -2266.1 -3.443 2.3243 0 0 0 
330000 859 397.914 -2291.3 -2.699 2.6518 0 0 0 
340000 883 395.704 -2350.8 -2.607 2.6292 0 0 0 
350000 905 417.691 -2495.4 -4.098 2.7742 0 0 0 
360000 930 403.39 -2536.2 -3.262 2.6994 0 0 0 
370000 950 444.056 -2532.8 -2.098 3.0185 0 0 0 
380000 981 382.197 -2641.8 -2.71 2.5901 0 0 0 
390000 1009 380.58 -2679.4 -2.11 2.5805 0 0 0 
400000 1043 325.11 -2796.1 -2.529 2.2009 0 0 0 
410000 1072 347.857 -2857.8 -2.286 2.3238 0 0 0 
420000 1091 397.677 -2866.0 -1.669 2.639 0 0 0 
430000 1111 426.543 -2890.2 -1.548 2.8581 0 0 0 
440000 1139 395.698 -2936.9 -1.594 2.6477 0 0 0 
450000 1162 396.955 -2966.8 -1.366 2.6497 0 0 0 
460000 1201 315.608 -3086.3 -2.308 2.1156 0 0 0 
470000 1227 354.756 -3124.1 -1.945 2.3797 0 0 0 
480000 1257 332.139 -3167.1 -1.799 2.2503 0 0 0 
490000 1288 329.943 -3224.5 -1.743 2.2121 0 0 0 
500000 1314 331.959 -3256.0 -1.573 2.2114 0 0 0 
510000 1353 297.765 -3312.1 -1.489 1.9772 0 0 0 
520000 1392 281.712 -3326.0 -0.892 1.8747 0 0 0 
530000 1431 276.78 -3361.9 -0.864 1.8499 0 0 0 
540000 1456 316.203 -3475.1 -2.139 2.1162 0 0 0 
550000 1494 279.243 -3517.8 -1.687 1.8713 0 0 0 
560000 1520 324.742 -3544.6 -1.393 2.172 0 0 0 
570000 1557 289.149 -3586.2 -1.318 1.9424 0 0 0 
580000 1590 307.474 -3632.2 -1.323 2.0627 0 0 0 
590000 1616 318.381 -3660.1 -1.252 2.1312 0 0 0 
600000 1639 358.265 -3679.3 -1.107 2.3943 0 0 0 
610000 1678 311.987 -3705.1 -0.917 2.0949 0 0 0 
620000 1703 341.797 -3771.5 -1.776 2.3065 0 0 0 
630000 1723 403.707 -3838.1 -2.345 2.7198 0 0 0 
640000 1759 343.878 -3879.6 -1.701 2.3007 0 0 0 
650000 1790 330.348 -3899.2 -1.153 2.2198 0 0 0 
660000 1822 318.615 -3904.3 -0.759 2.1505 0 0 0 
670000 1852 325.614 -3954.3 -1.234 2.2313 0 0 0 
680000 1878 342.02 -3991.1 -1.34 2.3709 0 0 0 
690000 1914 319.937 -4005.3 -0.823 2.2294 0 0 0 
700000 1956 262.983 -4020.9 -0.513 1.8247 0 0 0 
710000 1983 322.562 -4021.4 -0.27 2.2066 0 0 0 
720000 2018 310.312 -4087.5 -1.188 2.1295 0 0 0 
730000 2056 277.716 -4095.7 -0.563 1.9104 0 0 0 
740000 2108 215.018 -4126.9 -0.622 1.4836 0 0 0 
750000 2145 239.011 -4202.3 -1.661 1.6604 0 0 0 
760000 2170 296.387 -4274.0 -2.357 2.0518 0 0 0 
770000 2201 309.346 -4293.1 -1.59 2.1363 0 0 0 
780000 2232 315.261 -4307.7 -0.98 2.173 0 0 0 
790000 2252 365.666 -4432.9 -2.821 2.5074 0 0 0 
800000 2290 318.366 -4487.2 -2.162 2.1879 0 0 0 
810000 2333 270.194 -4548.9 -1.403 1.8476 0 0 0 
820000 2380 249.346 -4585.0 -0.971 1.6977 0 0 0 
830000 2407 294.929 -4572.0 -0.557 2.0056 0 0 0 
840000 2451 249.62 -4586.1 -0.424 1.6863 0 0 0 
850000 2485 273.033 -4621.3 -0.786 1.8188 0 0 0 
860000 2515 306.52 -4616.7 -0.348 2.0284 0 0 0 
870000 2566 238.031 -4634.4 -0.313 1.5748 0 0 0 
880000 2615 216.266 -4653.9 -0.119 1.4245 0 0 0 
890000 2662 224.167 -4660.2 -0.327 1.4829 0 0 0 
900000 2706 223.312 -4697.7 -0.806 1.4792 0 0 0 
910000 2743 245.064 -4689.9 -0.221 1.6168 0 0 0 
920000 2786 232.387 -4686.3 -0.045 1.5463 0 0 0 
930000 2846 198.28 -4681.9 -0.033 1.3397 0 0 0 
940000 2895 189.093 -4654.9 0.347 1.2762 0 0 0 
950000 2968 145.259 -4662.8 0.097 0.998 0 0 0 
960000 3013 200.323 -4645.7 0.185 1.3594 0 0 0 
970000 3078 150.74 -4593.2 0.582 1.0254 0 0 0 
980000 3118 210.542 -4592.7 0.143 1.4132 0 0 0 
990000 3161 217.057 -4653.6 -0.808 1.4383 0 0 0 
1000000 3206 227.87 -4624.8 0.127 1.5071 0 0 0 
1010000 3247 228.873 -4621.4 0.171 1.5178 0 0 0 
1020000 3313 174.706 -4620.7 0.021 1.1735 0 0 0 
1030000 3364 193.786 -4639.3 -0.434 1.3021 0 0 0 
1040000 3400 236.889 -4648.9 -0.503 1.5788 0 0 0 
1050000 3434 270.519 -4629.0 0.023 1.7867 0 0 0 
1060000 3473 254.904 -4579.1 0.65 1.6827 0 0 0 
1070000 3525 217.96 -4554.4 0.632 1.4444 0 0 0 
1080000 3588 174.854 -4528.3 0.51 1.1679 0 0 0 
1090000 3658 150.426 -4520.7 0.404 1.0027 0 0 0 
1100000 3697 223.658 -4479.1 0.835 1.4752 0 0 0 
1110000 3741 227.923 -4440.6 0.902 1.5066 0 0 0 
1120000 3795 187.215 -4402.0 0.832 1.2452 0 0 0 
1130000 3841 197.152 -4381.8 0.402 1.3115 0 0 0 
1140000 3920 140.569 -4317.0 0.729 0.9466 0 0 0 
1150000 3974 171.593 -4374.3 -0.257 1.1548 0 0 0 
1160000 4039 168.795 -4342.7 0.217 1.1211 0 0 0 
1170000 4091 183.492 -4293.3 0.611 1.2183 0 0 0 
1180000 4134 195.763 -4253.8 0.673 1.3008 0 0 0 
1190000 4187 174.305 -4199.8 0.863 1.1671 0 0 0 
1200000 4269 142.495 -4174.3 0.296 0.9549 0 0 0 
1210000 4330 162.777 -4089.6 1.057 1.082 0 0 0 
1220000 4392 159.447 -4025.1 0.999 1.06 0 0 0 
1230000 4454 152.48 -3962.0 0.989 1.01 0 0 0 
1240000 4499 202.929 -3906.9 1.226 1.3352 0 0 0 
1250000 4561 160.687 -3844.8 0.972 1.0831 0 0 0 
1260000 4619 168.723 -3828.8 0.382 1.1362 0 0 0 
1270000 4698 128.678 -3717.3 1.056 0.9005 0 0 0 
1280000 4784 120.269 -3637.5 1.076 0.8407 0 0 0 
1290000 4845 159.928 -3571.4 1.035 1.0876 0 0 0 
1300000 4911 148.359 -3519.3 0.847 1.0006 0 0 0 
1310000 4970 171.305 -3457.6 1.036 1.1447 0 0 0 
1320000 5029 167.548 -3340.5 1.675 1.1105 0 0 0 
1330000 5090 178.379 -3311.7 0.935 1.1774 0 0 0 
1340000 5156 159.237 -3311.2 0.437 1.0507 0 0 0 
1350000 5227 149.18 -3223.6 1.035 0.985 0 0 0 
1360000 5295 152.832 -3114.7 1.36 1.0091 0 0 0 
1370000 5356 146.252 -2998.3 1.474 0.959 0 0 0 
1380000 5411 175.014 -2881.2 1.986 1.1532 0 0 0 
1390000 5470 180.388 -2813.0 1.499 1.1875 0 0 0 
1400000 5536 163.777 -2695.3 1.833 1.0869 0 0 0 
1410000 5598 155.386 -2620.9 1.677 1.0381 0 0 0 
1420000 5657 166.483 -2518.3 1.735 1.1119 0 0 0 
1430000 5705 188.042 -2426.0 1.833 1.2651 0 0 0 
1440000 5761 187.519 -2297.2 2.101 1.2646 0 0 0 
1450000 5814 190.153 -2205.0 1.957 1.3076 0 0 0 
1460000 5872 176.736 -2104.7 1.873 1.2255 0 0 0 
1470000 5924 178.217 -2006.9 1.831 1.2131 0 0 0 
1480000 5989 146.19 -1870.3 1.867 0.9993 0 0 0 
1490000 6041 170.5 -1778.5 1.75 1.178 0 0 0 
1500000 6096 175.869 -1702.1 1.448 1.2126 0 0 0 
1510000 6153 162.619 -1635.8 1.299 1.1158 0 0 0 
1520000 6199 193.914 -1535.1 1.822 1.3179 0 0 0 
1530000 6254 180.356 -1458.6 1.587 1.2642 0 0 0 
1540000 6314 170.646 -1408.5 1.061 1.1729 0 0 0 
1550000 6375 162.01 -1328.4 1.216 1.1197 0 0 0 
1560000 6415 206.354 -1244.7 1.776 1.4099 0 0 0 
1570000 6478 176.227 -1143.1 1.629 1.1972 0 0 0 
1580000 6526 202.531 -1035.0 1.976 1.3703 0 0 0 
1590000 6590 171.348 -912.3 1.973 1.1611 0 0 0 
1600000 6638 202.577 -809.5 2.096 1.3564 0 0 0 
1610000 6704 166.791 -693.7 1.762 1.1208 0 0 0 
1620000 6777 145.482 -557.8 1.77 0.9765 0 0 0 
1630000 6844 152.419 -433.8 1.995 1.017 0 0 0 
1640000 6906 152.974 -321.3 1.798 1.0229 0 0 0 
1650000 6947 204.221 -204.5 2.313 1.344 0 0 0 
1660000 7006 184.03 -14.4 3.113 1.2024 0 0 0 
1670000 7049 205.72 101.6 2.808 1.343 0 0 0 
1680000 7094 221.37 245.8 3.111 1.5068 0 0 0 
1690000 7151 190.517 376.5 2.576 1.2733 0 0 0 
1700000 7189 227.084 474.7 2.576 1.49 0 0 0 
1710000 7239 202.312 567.7 2.088 1.327 0 0 0 
1720000 7293 197.272 654.8 1.75 1.2953 0 0 0 
1730000 7337 210.455 766.9 2.233 1.3809 0 0 0 
1740000 7386 200.906 903.8 2.523 1.3227 0 0 0 
1750000 7432 211.682 1059.9 2.99 1.4164 0 0 0 
1760000 7493 175.685 1129.1 1.861 1.1925 0 0 0 
1770000 7543 187.881 1255.8 2.124 1.2755 0 0 0 
1780000 7595 181.615 1408.1 2.692 1.219 0 0 0 
1790000 7650 173.131 1515.9 2.122 1.1558 0 0 0 
1800000 7700 197.026 1639.2 2.39 1.3682 0 0 0 
1810000 7751 194.509 1794.8 2.819 1.336 0 0 0 
1820000 7804 184.93 1911.1 2.58 1.2521 0 0 0 
1830000 7853 198.741 2039.0 2.568 1.3345 0 0 0 
1840000 7896 217.415 2169.5 2.812 1.4527 0 0 0 
1850000 7953 194.19 2321.3 2.787 1.2968 0 0 0 
1860000 7995 213.113 2428.9 2.705 1.416 0 0 0 
1870000 8042 219.363 2507.0 2.112 1.4639 0 0 0 
1880000 8076 252.667 2520.3 1.474 1.6807 0 0 0 
1890000 8117 251.731 2630.3 2.333 1.6847 0 0 0 
1900000 8168 212.205 2789.9 2.69 1.4444 0 0 0 
1910000 8211 226.961 2931.4 3.023 1.5266 0 0 0 
1920000 8256 224.722 3079.2 3.28 1.5028 0 0 0 
1930000 8298 228.01 3246.5 3.611 1.5197 0 0 0 
1940000 8349 202.51 3419.9 3.361 1.3524 0 0 0 
1950000 8403 194.845 3581.4 3.206 1.3028 0 0 0 
1960000 8442 234.338 3660.0 2.291 1.5462 0 0 0 
1970000 8484 234.425 3767.4 2.578 1.547 0 0 0 
1980000 8534 207.524 3864.5 2.374 1.3917 0 0 0 
1990000 8579 217.361 3997.5 2.855 1.4332 0 0 0 
2000000 8618 224.982 4127.4 3.005 1.4918 0 0 0 
2010000 8672 204.119 4263.1 2.678 1.3621 0 0 0 
2020000 8708 242.321 4407.7 3.347 1.6064 0 0 0 
2030000 8749 240.892 4574.3 3.764 1.5937 0 0 0 
2040000 8795 227.191 4704.3 3.136 1.4978 0 0 0 
2050000 8837 230.465 4812.8 2.911 1.5144 0 0 0 
2060000 8880 241.645 4938.2 2.977 1.5812 0 0 0 
2070000 8916 252.113 5051.6 2.906 1.6543 0 0 0 
2080000 8964 219.801 5178.4 2.887 1.4545 0 0 0 
2090000 9024 176.449 5376.0 3.115 1.1738 0 0 0 
2100000 9083 178.059 5523.7 2.824 1.1821 0 0 0 
2110000 9136 183.567 5686.1 3.037 1.2202 0 0 0 
2120000 9191 183.712 5858.8 3.238 1.2335 0 0 0 
2130000 9244 183.711 5952.2 2.373 1.2153 0 0 0 
2140000 9293 199.773 6111.9 2.931 1.3507 0 0 0 
2150000 9345 190.29 6263.5 2.778 1.28 0 0 0 
2160000 9377 249.004 6389.6 3.307 1.6554 0 0 0 
2170000 9421 233.372 6491.2 2.659 1.5635 0 0 0 
2180000 9470 216.498 6557.9 2.188 1.4577 0 0 0 
2190000 9512 219.855 6697.9 2.978 1.4801 0 0 0 
2200000 9553 234.171 6820.9 2.823 1.5776 0 0 0 
2210000 9605 199.914 6945.8 2.502 1.3465 0 0 0 
2220000 9657 192.861 7089.7 2.74 1.2878 0 0 0 
2230000 9711 188.528 7238.3 2.77 1.2882 0 0 0 
2240000 9762 196.918 7401.5 2.924 1.3244 0 0 0 
2250000 9810 204.26 7559.6 3.22 1.3625 0 0 0 
2260000 9853 214.424 7746.2 3.801 1.4269 0 0 0 
2270000 9906 197.335 7841.5 2.669 1.3119 0 0 0 
2280000 9956 196.319 8021.6 3.185 1.3111 0 0 0 
2290000 10021 168.241 8209.0 3.01 1.1245 0 0 0 
2300000 10071 184.359 8387.4 3.319 1.2294 0 0 0 
2310000 10113 207.213 8565.4 3.744 1.3682 0 0 0 
2320000 10157 218.486 8723.4 3.652 1.443 0 0 0 
2330000 10200 218.095 8894.4 3.852 1.4423 0 0 0 
2340000 10247 209.677 9076.0 3.86 1.3911 0 0 0 
2350000 10288 228.432 9258.8 4.224 1.5184 0 0 0 
2360000 10326 244.078 9418.1 4.282 1.6242 0 0 0 
2370000 10372 236.95 9608.3 4.144 1.601 0 0 0 
2380000 10416 228.475 9737.1 3.532 1.5456 0 0 0 
2390000 10465 210.401 9938.7 3.844 1.4124 0 0 0 
2400000 10509 222.206 10149.6 4.464 1.4772 0 0 0 
2410000 10553 218.273 10302.3 3.692 1.4464 0 0 0 
2420000 10601 212.252 10484.0 3.748 1.4134 0 0 0 
2430000 10648 214.189 10639.1 3.566 1.4306 0 0 0 
2440000 10704 187.489 10839.2 3.514 1.2622 0 0 0 
2450000 10749 207.256 11000.5 3.462 1.3864 0 0 0 
2460000 10802 198.668 11129.4 2.832 1.328 0 0 0 
2470000 10848 209.652 11299.7 3.371 1.3928 0 0 0 
2480000 10896 212.915 11480.6 3.893 1.4106 0 0 0 
2490000 10944 208.881 11652.6 3.648 1.3811 0 0 0 
2500000 10983 240.138 11771.5 3.483 1.5978 0 0 0 
2510000 11020 252.579 11911.2 3.613 1.685 0 0 0 
2520000 11070 220.288 12118.0 4.096 1.4638 0 0 0 
2530000 11109 237.396 12256.7 3.723 1.6035 0 0 0 
2540000 11164 200.282 12437.2 3.371 1.3486 0 0 0 
2550000 11204 223.045 12562.4 3.218 1.4765 0 0 0 
2560000 11251 210.231 12687.9 2.848 1.388 0 0 0 
2570000 11299 197.625 12861.0 3.381 1.3059 0 0 0 
2580000 11339 231.034 13019.7 3.846 1.5099 0 0 0 
2590000 11375 255.459 13166.8 3.766 1.6677 0 0 0 
2600000 11414 258.757 13288.1 3.528 1.6843 0 0 0 
2610000 11454 258.397 13427.7 3.538 1.6864 0 0 0 
2620000 11500 232.642 13622.4 4.04 1.5262 0 0 0 
2630000 11543 222.615 13775.5 3.795 1.4602 0 0 0 
2640000 11588 223.056 13948.5 3.822 1.4552 0 0 0 
2650000 11620 261.45 14069.0 3.773 1.6949 0 0 0 
2660000 11662 249.767 14157.9 2.899 1.6318 0 0 0 
2670000 11715 216.407 14340.2 3.375 1.4125 0 0 0 
2680000 11758 215.939 14518.4 3.606 1.4131 0 0 0 
2690000 11803 228.047 14691.9 3.758 1.511 0 0 0 
2700000 11842 238.997 14749.0 2.932 1.5983 0 0 0 
2710000 11881 254.634 14898.0 3.401 1.7031 0 0 0 
2720000 11939 196.283 15117.3 3.574 1.3327 0 0 0 
2730000 11982 216.843 15294.9 3.967 1.4734 0 0 0 
2740000 12033 210.213 15474.7 3.784 1.4296 0 0 0 
2750000 12079 217.245 15647.1 3.765 1.4577 0 0 0 
2760000 12120 221.782 15804.2 3.762 1.4835 0 0 0 
2770000 12169 217.856 15959.7 3.494 1.4534 0 0 0 
2780000 12217 209.64 16086.3 2.81 1.4056 0 0 0 
2790000 12266 207.171 16253.7 3.257 1.3853 0 0 0 
2800000 12311 214.913 16432.3 3.726 1.4388 0 0 0 
2810000 12360 198.983 16606.9 3.456 1.333 0 0 0 
2820000 12409 205.844 16814.5 3.946 1.383 0 0 0 
2830000 12449 220.498 16970.5 3.844 1.4774 0 0 0 
2840000 12485 253.729 17145.0 4.406 1.7022 0 0 0 
2850000 12536 214.221 17336.4 3.965 1.4654 0 0 0 
2860000 12577 226.537 17469.0 3.519 1.5565 0 0 0 
2870000 12621 221.874 17630.0 3.678 1.5161 0 0 0 
2880000 12660 230.545 17751.7 3.358 1.5626 0 0 0 
2890000 12706 223.462 17914.3 3.581 1.5121 0 0 0 
2900000 12753 219.789 18087.9 3.646 1.4758 0 0 0 
2910000 12797 209.317 18249.8 3.627 1.4082 0 0 0 
2920000 12847 205.79 18392.2 3.157 1.3907 0 0 0 
2930000 12887 232.423 18534.8 3.446 1.5589 0 0 0 
2940000 12927 242.194 18676.5 3.624 1.6176 0 0 0 
2950000 12971 229.043 18819.7 3.443 1.5359 0 0 0 
2960000 13016 230.676 18963.0 3.198 1.5395 0 0 0 
2970000 13060 230.898 19149.9 3.95 1.5451 0 0 0 
2980000 13097 246.067 19270.0 3.545 1.6482 0 0 0 
2990000 13154 190.993 19446.5 3.208 1.2959 0 0 0 
3000000 13190 224.034 19495.2 2.239 1.5287 0 0 0 
3010000 13238 217.615 19654.0 2.856 1.4911 0 0 0 
3020000 13276 223.249 19801.3 3.294 1.5205 0 0 0 
3030000 13325 218.901 19934.2 2.848 1.4848 0 0 0 
3040000 13379 198.836 20116.0 3.173 1.3459 0 0 0 
3050000 13419 228.585 20279.3 3.743 1.5415 0 0 0 
3060000 13469 211.978 20399.7 2.837 1.4318 0 0 0 
3070000 13516 207.778 20565.2 3.15 1.4022 0 0 0 
3080000 13559 217.69 20709.3 3.253 1.4562 0 0 0 
3090000 13612 198.1 20869.9 3.025 1.3252 0 0 0 
3100000 13654 218.866 21052.2 3.713 1.4483 0 0 0 
3110000 13696 234.66 21173.7 3.22 1.5632 0 0 0 
3120000 13745 214.391 21346.5 3.182 1.4328 0 0 0 
3130000 13791 213.754 21509.8 3.41 1.4264 0 0 0 
3140000 13834 221.007 21671.9 3.617 1.4684 0 0 0 
3150000 13868 255.166 21820.1 3.944 1.683 0 0 0 
3160000 13907 253.519 21962.8 3.781 1.6766 0 0 0 
3170000 13955 228.582 22136.3 3.697 1.5195 0 0 0 
3180000 14009 198.711 22268.0 2.712 1.3184 0 0 0 
3190000 14056 206.904 22441.8 3.166 1.4278 0 0 0 
3200000 14098 223.28 22556.9 3.062 1.5447 0 0 0 
3210000 14141 219.609 22718.6 3.497 1.5051 0 0 0 
3220000 14180 242.706 22850.6 3.385 1.6335 0 0 0 
3230000 14218 263.518 22986.9 3.546 1.7578 0 0 0 
3240000 14259 245.638 23150.1 3.658 1.6603 0 0 0 
3250000 14301 243.947 23212.6 2.253 1.6564 0 0 0 
3260000 14350 215.711 23364.2 2.711 1.4759 0 0 0 
3270000 14391 237.478 23521.1 3.312 1.6258 0 0 0 
3280000 14437 230.131 23652.1 2.995 1.5798 0 0 0 
3290000 14488 209.415 23829.4 3.282 1.4424 0 0 0 
3300000 14531 216.073 24021.9 3.987 1.484 0 0 0 
3310000 14577 220.119 24193.1 3.922 1.4874 0 0 0 
3320000 14624 215.461 24363.4 3.859 1.4355 0 0 0 
3330000 14669 217.751 24534.5 3.942 1.4469 0 0 0 
3340000 14713 224.524 24682.1 3.461 1.4823 0 0 0 
3350000 14763 207.194 24832.7 3.254 1.3706 0 0 0 
3360000 14803 219.088 24994.0 3.649 1.443 0 0 0 
3370000 14848 222.598 25203.6 4.226 1.4744 0 0 0 
3380000 14885 253.027 25325.9 3.639 1.6885 0 0 0 
3390000 14927 237.232 25498.7 3.898 1.586 0 0 0 
3400000 14971 231.109 25691.9 4.164 1.5435 0 0 0 
3410000 15021 216.472 25848.3 3.57 1.4653 0 0 0 
3420000 15061 234.819 25991.4 3.579 1.5957 0 0 0 
3430000 15100 245.289 26142.7 3.817 1.6579 0 0 0 
3440000 15147 227.843 26295.9 3.431 1.5374 0 0 0 
3450000 15191 220.312 26448.2 3.461 1.483 0 0 0 
3460000 15236 225.57 26591.7 3.248 1.527 0 0 0 
3470000 15283 217.482 26770.1 3.714 1.4741 0 0 0 
3480000 15327 220.962 26950.6 4.005 1.4881 0 0 0 
3490000 15369 226.324 27104.5 3.779 1.5252 0 0 0 
3500000 15414 221.925 27223.5 3.085 1.5058 0 0 0 
3510000 15453 240.783 27359.5 3.312 1.6328 0 0 0 
3520000 15500 217.157 27492.6 3.059 1.4827 0 0 0 
3530000 15540 237.379 27645.4 3.525 1.6208 0 0 0 
3540000 15581 244.41 27799.8 3.791 1.6614 0 0 0 
3550000 15620 237.476 27926.4 3.413 1.6051 0 0 0 
3560000 15671 204.472 28084.3 3.253 1.3869 0 0 0 
3570000 15720 202.614 28241.9 3.079 1.3713 0 0 0 
3580000 15758 234.162 28397.8 3.563 1.5815 0 0 0 
3590000 15804 222.278 28581.2 3.876 1.507 0 0 0 
3600000 15851 215.223 28741.8 3.637 1.4572 0 0 0 
3610000 15890 236.379 28947.8 4.508 1.5964 0 0 0 
3620000 15935 232.472 29080.6 3.519 1.5801 0 0 0 
3630000 15977 234.219 29267.9 4.051 1.5867 0 0 0 
3640000 16012 257.575 29403.0 3.945 1.7117 0 0 0 
3650000 16052 254.754 29584.3 4.265 1.6811 0 0 0 
3660000 16093 240.841 29732.3 3.716 1.5872 0 0 0 
3670000 16130 255.62 29895.8 4.192 1.7134 0 0 0 
3680000 16179 225.117 30059.7 3.636 1.4962 0 0 0 
3690000 16229 211.913 30249.3 3.752 1.4001 0 0 0 
3700000 16277 203.647 30434.8 3.755 1.3439 0 0 0 
3710000 16320 216.387 30620.3 3.887 1.4239 0 0 0 
3720000 16361 223.592 30810.0 4.441 1.4725 0 0 0 
3730000 16402 245.515 31018.1 4.845 1.6094 0 0 0 
3740000 16450 225.34 31188.2 4.138 1.4794 0 0 0 
3750000 16478 282.832 31313.7 4.304 1.8536 0 0 0 
3760000 16513 285.113 31470.5 4.406 1.8648 0 0 0 
3770000 16554 260.46 31625.5 4.022 1.703 0 0 0 
3780000 16587 287.726 31758.2 4.098 1.9081 0 0 0 
3790000 16630 252.607 31929.9 3.948 1.7225 0 0 0 
3800000 16668 254.874 32068.1 3.764 1.7388 0 0 0 
3810000 16711 244.264 32229.3 3.603 1.6575 0 0 0 
3820000 16747 263.588 32380.2 3.902 1.7834 0 0 0 
3830000 16793 235.365 32556.8 3.714 1.5959 0 0 0 
3840000 16845 217.968 32746.3 3.728 1.4722 0 0 0 
3850000 16879 246.261 32862.0 3.564 1.6476 0 0 0 
3860000 16929 215.296 33071.7 4.005 1.4432 0 0 0 
3870000 16979 210.053 33211.4 3.36 1.4083 0 0 0 
3880000 17011 258.821 33338.6 3.656 1.7321 0 0 0 
3890000 17066 210.642 33517.2 3.442 1.4178 0 0 0 
3900000 17103 239.806 33660.1 3.632 1.595 0 0 0 
3910000 17145 237.104 33849.0 4.098 1.5788 0 0 0 
3920000 17192 217.842 34011.9 3.765 1.4606 0 0 0 
3930000 17237 222.229 34143.4 3.175 1.4948 0 0 0 
3940000 17278 232.036 34292.5 3.524 1.5538 0 0 0 
3950000 17315 245.781 34417.4 3.361 1.6503 0 0 0 
3960000 17352 255.266 34471.4 2.563 1.7185 0 0 0 
3970000 17393 242.859 34630.1 3.353 1.6286 0 0 0 
3980000 17428 261.509 34767.2 3.661 1.7632 0 0 0 
3990000 17471 244.325 34937.0 3.887 1.6391 0 0 0 
4000000 17515 232.972 35103.6 3.827 1.5739 0 0 0 
