10000.0 26.0 4977.93 4977.93 4977.93 0.4978 0.4978 0.4978 75.87 75.87 75.87 
20000.0 55.0 9785.886 9785.886 9785.886 0.4893 0.4893 0.4893 117.752 117.752 117.752 
30000.0 72.0 12449.693 12449.693 12449.693 0.415 0.415 0.415 131.997 131.997 131.997 
40000.0 90.0 17568.133 17568.133 17568.133 0.4392 0.4392 0.4392 177.895 177.895 177.895 
50000.0 115.0 22662.195 22662.195 22662.195 0.4532 0.4532 0.4532 181.396 181.396 181.396 
60000.0 203.0 27882.219 27882.219 27882.219 0.4647 0.4647 0.4647 85.921 85.921 85.921 
70000.0 236.0 32554.253 32554.253 32554.253 0.4651 0.4651 0.4651 119.223 119.223 119.223 
80000.0 254.0 38259.713 38259.713 38259.713 0.4782 0.4782 0.4782 175.717 175.717 175.717 
90000.0 273.0 42997.651 42997.651 42997.651 0.4778 0.4778 0.4778 199.874 199.874 199.874 
100000.0 283.0 48253.936 48253.936 48253.936 0.4825 0.4825 0.4825 259.042 259.042 259.042 
110000.0 293.0 52866.547 52866.547 52866.547 0.4806 0.4806 0.4806 295.277 295.277 295.277 
120000.0 303.0 57890.304 57890.304 57890.304 0.4824 0.4824 0.4824 335.199 335.199 335.199 
130000.0 314.0 61545.841 61545.841 61545.841 0.4734 0.4734 0.4734 328.537 328.537 328.537 
140000.0 324.0 65813.507 65813.507 65813.507 0.4701 0.4701 0.4701 342.81 342.81 342.81 
150000.0 335.0 71008.495 71008.495 71008.495 0.4734 0.4734 0.4734 372.831 372.831 372.831 
160000.0 348.0 75968.315 75968.315 75968.315 0.4748 0.4748 0.4748 372.391 372.391 372.391 
170000.0 360.0 81485.914 81485.914 81485.914 0.4793 0.4793 0.4793 397.51 397.51 397.51 
180000.0 370.0 86586.471 86586.471 86586.471 0.481 0.481 0.481 418.132 418.132 418.132 
190000.0 381.0 91870.229 91870.229 91870.229 0.4835 0.4835 0.4835 432.333 432.333 432.333 
200000.0 391.0 96227.89 96227.89 96227.89 0.4811 0.4811 0.4811 427.739 427.739 427.739 
210000.0 402.0 100768.571 100768.571 100768.571 0.4799 0.4799 0.4799 427.761 427.761 427.761 
220000.0 412.0 106069.429 106069.429 106069.429 0.4821 0.4821 0.4821 444.026 444.026 444.026 
230000.0 422.0 110729.477 110729.477 110729.477 0.4814 0.4814 0.4814 448.859 448.859 448.859 
240000.0 432.0 116113.34 116113.34 116113.34 0.4838 0.4838 0.4838 465.273 465.273 465.273 
250000.0 445.0 120172.129 120172.129 120172.129 0.4807 0.4807 0.4807 425.106 425.106 425.106 
260000.0 456.0 124854.837 124854.837 124854.837 0.4802 0.4802 0.4802 427.302 427.302 427.302 
270000.0 466.0 128844.831 128844.831 128844.831 0.4772 0.4772 0.4772 422.851 422.851 422.851 
280000.0 477.0 133291.924 133291.924 133291.924 0.476 0.476 0.476 416.604 416.604 416.604 
290000.0 487.0 137444.583 137444.583 137444.583 0.4739 0.4739 0.4739 418.889 418.889 418.889 
300000.0 497.0 142093.265 142093.265 142093.265 0.4736 0.4736 0.4736 428.465 428.465 428.465 
310000.0 507.0 146210.599 146210.599 146210.599 0.4716 0.4716 0.4716 425.49 425.49 425.49 
320000.0 517.0 150232.38 150232.38 150232.38 0.4695 0.4695 0.4695 420.008 420.008 420.008 
330000.0 528.0 153993.242 153993.242 153993.242 0.4666 0.4666 0.4666 405.729 405.729 405.729 
340000.0 538.0 158797.678 158797.678 158797.678 0.4671 0.4671 0.4671 421.07 421.07 421.07 
350000.0 548.0 163361.009 163361.009 163361.009 0.4667 0.4667 0.4667 426.338 426.338 426.338 
360000.0 558.0 168560.461 168560.461 168560.461 0.4682 0.4682 0.4682 442.706 442.706 442.706 
370000.0 595.0 173647.836 173647.836 173647.836 0.4693 0.4693 0.4693 289.529 289.529 289.529 
380000.0 648.0 178245.479 178245.479 178245.479 0.4691 0.4691 0.4691 175.872 175.872 175.872 
390000.0 658.0 183045.643 183045.643 183045.643 0.4693 0.4693 0.4693 230.871 230.871 230.871 
400000.0 668.0 187311.241 187311.241 187311.241 0.4683 0.4683 0.4683 264.745 264.745 264.745 
410000.0 678.0 192494.321 192494.321 192494.321 0.4695 0.4695 0.4695 310.713 310.713 310.713 
420000.0 689.0 197043.87 197043.87 197043.87 0.4692 0.4692 0.4692 335.125 335.125 335.125 
430000.0 699.0 201103.783 201103.783 201103.783 0.4677 0.4677 0.4677 348.048 348.048 348.048 
440000.0 715.0 206086.655 206086.655 206086.655 0.4684 0.4684 0.4684 329.943 329.943 329.943 
450000.0 730.0 210753.682 210753.682 210753.682 0.4683 0.4683 0.4683 329.38 329.38 329.38 
460000.0 741.0 215548.138 215548.138 215548.138 0.4686 0.4686 0.4686 347.73 347.73 347.73 
470000.0 752.0 220899.797 220899.797 220899.797 0.47 0.47 0.47 375.117 375.117 375.117 
480000.0 762.0 226434.397 226434.397 226434.397 0.4717 0.4717 0.4717 406.759 406.759 406.759 
490000.0 772.0 231830.194 231830.194 231830.194 0.4731 0.4731 0.4731 431.967 431.967 431.967 
500000.0 782.0 237135.511 237135.511 237135.511 0.4743 0.4743 0.4743 452.016 452.016 452.016 
510000.0 792.0 241650.776 241650.776 241650.776 0.4738 0.4738 0.4738 451.863 451.863 451.863 
520000.0 802.0 245992.023 245992.023 245992.023 0.4731 0.4731 0.4731 448.07 448.07 448.07 
530000.0 813.0 251478.005 251478.005 251478.005 0.4745 0.4745 0.4745 459.686 459.686 459.686 
540000.0 823.0 256303.604 256303.604 256303.604 0.4746 0.4746 0.4746 463.214 463.214 463.214 
550000.0 834.0 260965.388 260965.388 260965.388 0.4745 0.4745 0.4745 458.344 458.344 458.344 
560000.0 844.0 264706.995 264706.995 264706.995 0.4727 0.4727 0.4727 442.724 442.724 442.724 
570000.0 856.0 267726.399 267726.399 267726.399 0.4697 0.4697 0.4697 401.361 401.361 401.361 
580000.0 868.0 271411.861 271411.861 271411.861 0.468 0.468 0.468 377.521 377.521 377.521 
590000.0 880.0 274431.018 274431.018 274431.018 0.4651 0.4651 0.4651 354.558 354.558 354.558 
600000.0 890.0 278426.481 278426.481 278426.481 0.464 0.464 0.464 357.792 357.792 357.792 
610000.0 901.0 283277.888 283277.888 283277.888 0.4644 0.4644 0.4644 380.652 380.652 380.652 
620000.0 911.0 287552.702 287552.702 287552.702 0.4638 0.4638 0.4638 389.099 389.099 389.099 
630000.0 921.0 292329.451 292329.451 292329.451 0.464 0.464 0.464 405.188 405.188 405.188 
640000.0 931.0 296888.293 296888.293 296888.293 0.4639 0.4639 0.4639 409.267 409.267 409.267 
650000.0 941.0 300566.704 300566.704 300566.704 0.4624 0.4624 0.4624 402.941 402.941 402.941 
660000.0 953.0 305631.736 305631.736 305631.736 0.4631 0.4631 0.4631 407.712 407.712 407.712 
670000.0 963.0 310893.75 310893.75 310893.75 0.464 0.464 0.464 430.206 430.206 430.206 
680000.0 973.0 315787.489 315787.489 315787.489 0.4644 0.4644 0.4644 441.294 441.294 441.294 
690000.0 983.0 321096.084 321096.084 321096.084 0.4654 0.4654 0.4654 456.181 456.181 456.181 
700000.0 993.0 326425.467 326425.467 326425.467 0.4663 0.4663 0.4663 469.928 469.928 469.928 
710000.0 1004.0 330963.189 330963.189 330963.189 0.4661 0.4661 0.4661 461.382 461.382 461.382 
720000.0 1014.0 335735.137 335735.137 335735.137 0.4663 0.4663 0.4663 458.453 458.453 458.453 
730000.0 1024.0 339219.468 339219.468 339219.468 0.4647 0.4647 0.4647 438.127 438.127 438.127 
740000.0 1034.0 343768.786 343768.786 343768.786 0.4646 0.4646 0.4646 440.342 440.342 440.342 
750000.0 1044.0 349095.466 349095.466 349095.466 0.4655 0.4655 0.4655 455.465 455.465 455.465 
760000.0 1056.0 354611.034 354611.034 354611.034 0.4666 0.4666 0.4666 461.095 461.095 461.095 
770000.0 1066.0 360154.329 360154.329 360154.329 0.4677 0.4677 0.4677 477.193 477.193 477.193 
780000.0 1076.0 365789.452 365789.452 365789.452 0.469 0.469 0.469 494.104 494.104 494.104 
790000.0 1086.0 372107.955 372107.955 372107.955 0.471 0.471 0.471 518.977 518.977 518.977 
800000.0 1096.0 377404.749 377404.749 377404.749 0.4718 0.4718 0.4718 520.232 520.232 520.232 
810000.0 1106.0 383131.298 383131.298 383131.298 0.473 0.473 0.473 528.116 528.116 528.116 
820000.0 1116.0 388594.021 388594.021 388594.021 0.4739 0.4739 0.4739 531.948 531.948 531.948 
830000.0 1126.0 394808.273 394808.273 394808.273 0.4757 0.4757 0.4757 549.287 549.287 549.287 
840000.0 1136.0 400724.751 400724.751 400724.751 0.4771 0.4771 0.4771 557.023 557.023 557.023 
850000.0 1146.0 406367.776 406367.776 406367.776 0.4781 0.4781 0.4781 559.483 559.483 559.483 
860000.0 1156.0 411752.897 411752.897 411752.897 0.4788 0.4788 0.4788 556.42 556.42 556.42 
870000.0 1166.0 416977.557 416977.557 416977.557 0.4793 0.4793 0.4793 549.698 549.698 549.698 
880000.0 1176.0 421203.849 421203.849 421203.849 0.4786 0.4786 0.4786 526.451 526.451 526.451 
890000.0 1186.0 427088.316 427088.316 427088.316 0.4799 0.4799 0.4799 536.78 536.78 536.78 
900000.0 1196.0 432824.552 432824.552 432824.552 0.4809 0.4809 0.4809 544.37 544.37 544.37 
910000.0 1206.0 438721.134 438721.134 438721.134 0.4821 0.4821 0.4821 553.749 553.749 553.749 
920000.0 1216.0 444679.739 444679.739 444679.739 0.4833 0.4833 0.4833 559.804 559.804 559.804 
930000.0 1226.0 450692.672 450692.672 450692.672 0.4846 0.4846 0.4846 566.725 566.725 566.725 
940000.0 1236.0 456108.924 456108.924 456108.924 0.4852 0.4852 0.4852 562.33 562.33 562.33 
950000.0 1246.0 461287.356 461287.356 461287.356 0.4856 0.4856 0.4856 553.801 553.801 553.801 
960000.0 1256.0 466560.854 466560.854 466560.854 0.486 0.486 0.486 548.411 548.411 548.411 
970000.0 1266.0 472005.741 472005.741 472005.741 0.4866 0.4866 0.4866 546.409 546.409 546.409 
980000.0 1276.0 478410.388 478410.388 478410.388 0.4882 0.4882 0.4882 564.046 564.046 564.046 
990000.0 1286.0 484479.483 484479.483 484479.483 0.4894 0.4894 0.4894 571.5 571.5 571.5 
1000000.0 1296.0 490711.335 490711.335 490711.335 0.4907 0.4907 0.4907 579.409 579.409 579.409 
1010000.0 1306.0 496740.504 496740.504 496740.504 0.4918 0.4918 0.4918 584.128 584.128 584.128 
1020000.0 1316.0 502460.964 502460.964 502460.964 0.4926 0.4926 0.4926 582.056 582.056 582.056 
1030000.0 1326.0 507635.625 507635.625 507635.625 0.4929 0.4929 0.4929 568.559 568.559 568.559 
1040000.0 1336.0 512891.173 512891.173 512891.173 0.4932 0.4932 0.4932 563.844 563.844 563.844 
1050000.0 1346.0 518066.573 518066.573 518066.573 0.4934 0.4934 0.4934 553.29 553.29 553.29 
1060000.0 1356.0 524091.534 524091.534 524091.534 0.4944 0.4944 0.4944 563.826 563.826 563.826 
1070000.0 1366.0 530039.888 530039.888 530039.888 0.4954 0.4954 0.4954 568.285 568.285 568.285 
1080000.0 1376.0 536672.206 536672.206 536672.206 0.4969 0.4969 0.4969 585.273 585.273 585.273 
1090000.0 1386.0 544044.428 544044.428 544044.428 0.4991 0.4991 0.4991 612.382 612.382 612.382 
1100000.0 1396.0 551223.332 551223.332 551223.332 0.5011 0.5011 0.5011 633.117 633.117 633.117 
1110000.0 1406.0 556983.42 556983.42 556983.42 0.5018 0.5018 0.5018 623.217 623.217 623.217 
1120000.0 1416.0 563200.345 563200.345 563200.345 0.5029 0.5029 0.5029 621.082 621.082 621.082 
1130000.0 1426.0 569163.805 569163.805 569163.805 0.5037 0.5037 0.5037 616.743 616.743 616.743 
1140000.0 1436.0 575804.743 575804.743 575804.743 0.5051 0.5051 0.5051 626.456 626.456 626.456 
1150000.0 1446.0 582667.197 582667.197 582667.197 0.5067 0.5067 0.5067 635.49 635.49 635.49 
1160000.0 1456.0 589384.608 589384.608 589384.608 0.5081 0.5081 0.5081 642.961 642.961 642.961 
1170000.0 1467.0 596202.09 596202.09 596202.09 0.5096 0.5096 0.5096 643.715 643.715 643.715 
1180000.0 1477.0 602282.543 602282.543 602282.543 0.5104 0.5104 0.5104 634.904 634.904 634.904 
1190000.0 1487.0 608980.738 608980.738 608980.738 0.5117 0.5117 0.5117 643.449 643.449 643.449 
1200000.0 1497.0 615983.987 615983.987 615983.987 0.5133 0.5133 0.5133 651.565 651.565 651.565 
1210000.0 1507.0 623017.082 623017.082 623017.082 0.5149 0.5149 0.5149 659.428 659.428 659.428 
1220000.0 1517.0 629147.519 629147.519 629147.519 0.5157 0.5157 0.5157 652.785 652.785 652.785 
1230000.0 1527.0 635826.879 635826.879 635826.879 0.5169 0.5169 0.5169 655.108 655.108 655.108 
1240000.0 1537.0 642537.554 642537.554 642537.554 0.5182 0.5182 0.5182 657.586 657.586 657.586 
1250000.0 1547.0 650111.812 650111.812 650111.812 0.5201 0.5201 0.5201 678.022 678.022 678.022 
1260000.0 1557.0 657682.65 657682.65 657682.65 0.522 0.522 0.522 693.582 693.582 693.582 
1270000.0 1567.0 666478.792 666478.792 666478.792 0.5248 0.5248 0.5248 725.465 725.465 725.465 
1280000.0 1577.0 673823.674 673823.674 673823.674 0.5264 0.5264 0.5264 727.296 727.296 727.296 
1290000.0 1587.0 681432.563 681432.563 681432.563 0.5282 0.5282 0.5282 734.601 734.601 734.601 
1300000.0 1597.0 687866.177 687866.177 687866.177 0.5291 0.5291 0.5291 717.752 717.752 717.752 
1310000.0 1607.0 692427.196 692427.196 692427.196 0.5286 0.5286 0.5286 669.947 669.947 669.947 
1320000.0 1617.0 698632.422 698632.422 698632.422 0.5293 0.5293 0.5293 659.681 659.681 659.681 
1330000.0 1627.0 706478.318 706478.318 706478.318 0.5312 0.5312 0.5312 685.371 685.371 685.371 
1340000.0 1637.0 714155.671 714155.671 714155.671 0.533 0.533 0.533 699.492 699.492 699.492 
1350000.0 1647.0 721890.266 721890.266 721890.266 0.5347 0.5347 0.5347 713.503 713.503 713.503 
1360000.0 1657.0 730031.559 730031.559 730031.559 0.5368 0.5368 0.5368 732.853 732.853 732.853 
1370000.0 1667.0 737505.864 737505.864 737505.864 0.5383 0.5383 0.5383 735.514 735.514 735.514 
1380000.0 1677.0 746018.032 746018.032 746018.032 0.5406 0.5406 0.5406 757.047 757.047 757.047 
1390000.0 1687.0 754689.543 754689.543 754689.543 0.5429 0.5429 0.5429 778.331 778.331 778.331 
1400000.0 1697.0 761502.031 761502.031 761502.031 0.5439 0.5439 0.5439 761.228 761.228 761.228 
1410000.0 1707.0 768708.134 768708.134 768708.134 0.5452 0.5452 0.5452 753.411 753.411 753.411 
1420000.0 1717.0 776057.845 776057.845 776057.845 0.5465 0.5465 0.5465 748.633 748.633 748.633 
1430000.0 1727.0 783808.456 783808.456 783808.456 0.5481 0.5481 0.5481 754.099 754.099 754.099 
1440000.0 1737.0 792545.023 792545.023 792545.023 0.5504 0.5504 0.5504 776.288 776.288 776.288 
1450000.0 1747.0 800787.817 800787.817 800787.817 0.5523 0.5523 0.5523 783.424 783.424 783.424 
1460000.0 1757.0 810807.4 810807.4 810807.4 0.5553 0.5553 0.5553 823.573 823.573 823.573 
1470000.0 1767.0 820548.144 820548.144 820548.144 0.5582 0.5582 0.5582 852.621 852.621 852.621 
1480000.0 1777.0 829836.358 829836.358 829836.358 0.5607 0.5607 0.5607 866.467 866.467 866.467 
1490000.0 1787.0 839558.333 839558.333 839558.333 0.5635 0.5635 0.5635 884.454 884.454 884.454 
1500000.0 1797.0 849302.156 849302.156 849302.156 0.5662 0.5662 0.5662 902.513 902.513 902.513 
1510000.0 1807.0 858282.505 858282.505 858282.505 0.5684 0.5684 0.5684 896.931 896.931 896.931 
1520000.0 1817.0 866789.747 866789.747 866789.747 0.5703 0.5703 0.5703 886.646 886.646 886.646 
1530000.0 1827.0 874734.026 874734.026 874734.026 0.5717 0.5717 0.5717 873.853 873.853 873.853 
1540000.0 1837.0 883280.135 883280.135 883280.135 0.5736 0.5736 0.5736 863.33 863.33 863.33 
1550000.0 1847.0 893726.996 893726.996 893726.996 0.5766 0.5766 0.5766 898.425 898.425 898.425 
1560000.0 1857.0 903690.684 903690.684 903690.684 0.5793 0.5793 0.5793 913.937 913.937 913.937 
1570000.0 1867.0 914030.88 914030.88 914030.88 0.5822 0.5822 0.5822 934.518 934.518 934.518 
1580000.0 1877.0 922888.345 922888.345 922888.345 0.5841 0.5841 0.5841 929.426 929.426 929.426 
1590000.0 1887.0 932574.798 932574.798 932574.798 0.5865 0.5865 0.5865 935.148 935.148 935.148 
1600000.0 1897.0 941354.333 941354.333 941354.333 0.5883 0.5883 0.5883 922.62 922.62 922.62 
1610000.0 1907.0 951165.443 951165.443 951165.443 0.5908 0.5908 0.5908 933.511 933.511 933.511 
1620000.0 1917.0 960839.926 960839.926 960839.926 0.5931 0.5931 0.5931 939.725 939.725 939.725 
1630000.0 1927.0 970920.132 970920.132 970920.132 0.5957 0.5957 0.5957 952.104 952.104 952.104 
1640000.0 1937.0 980268.519 980268.519 980268.519 0.5977 0.5977 0.5977 947.683 947.683 947.683 
1650000.0 1947.0 989715.904 989715.904 989715.904 0.5998 0.5998 0.5998 945.926 945.926 945.926 
1660000.0 1957.0 999100.316 999100.316 999100.316 0.6019 0.6019 0.6019 947.823 947.823 947.823 
1670000.0 1967.0 1007883.272 1007883.272 1007883.272 0.6035 0.6035 0.6035 935.73 935.73 935.73 
1680000.0 1977.0 1016166.137 1016166.137 1016166.137 0.6049 0.6049 0.6049 915.049 915.049 915.049 
1690000.0 1987.0 1024478.418 1024478.418 1024478.418 0.6062 0.6062 0.6062 901.613 901.613 901.613 
1700000.0 1997.0 1034490.4 1034490.4 1034490.4 0.6085 0.6085 0.6085 915.032 915.032 915.032 
1710000.0 2007.0 1045394.009 1045394.009 1045394.009 0.6113 0.6113 0.6113 949.257 949.257 949.257 
1720000.0 2017.0 1054344.889 1054344.889 1054344.889 0.613 0.613 0.613 937.438 937.438 937.438 
1730000.0 2027.0 1063889.86 1063889.86 1063889.86 0.615 0.615 0.615 943.502 943.502 943.502 
1740000.0 2037.0 1074785.854 1074785.854 1074785.854 0.6177 0.6177 0.6177 967.585 967.585 967.585 
1750000.0 2047.0 1086113.629 1086113.629 1086113.629 0.6206 0.6206 0.6206 996.919 996.919 996.919 
1760000.0 2057.0 1097762.036 1097762.036 1097762.036 0.6237 0.6237 0.6237 1029.763 1029.763 1029.763 
1770000.0 2067.0 1107541.016 1107541.016 1107541.016 0.6257 0.6257 0.6257 1022.871 1022.871 1022.871 
1780000.0 2077.0 1117775.457 1117775.457 1117775.457 0.628 0.628 0.628 1017.419 1017.419 1017.419 
1790000.0 2087.0 1128180.832 1128180.832 1128180.832 0.6303 0.6303 0.6303 1020.938 1020.938 1020.938 
1800000.0 2097.0 1138488.931 1138488.931 1138488.931 0.6325 0.6325 0.6325 1029.764 1029.764 1029.764 
1810000.0 2107.0 1146972.208 1146972.208 1146972.208 0.6337 0.6337 0.6337 990.993 990.993 990.993 
1820000.0 2117.0 1155897.472 1155897.472 1155897.472 0.6351 0.6351 0.6351 983.292 983.292 983.292 
1830000.0 2127.0 1166732.939 1166732.939 1166732.939 0.6376 0.6376 0.6376 990.195 990.195 990.195 
1840000.0 2137.0 1177275.132 1177275.132 1177275.132 0.6398 0.6398 0.6398 1003.671 1003.671 1003.671 
1850000.0 2147.0 1191117.962 1191117.962 1191117.962 0.6438 0.6438 0.6438 1071.166 1071.166 1071.166 
1860000.0 2157.0 1202184.607 1202184.607 1202184.607 0.6463 0.6463 0.6463 1077.241 1077.241 1077.241 
1870000.0 2167.0 1215570.38 1215570.38 1215570.38 0.65 0.65 0.65 1125.886 1125.886 1125.886 
1880000.0 2177.0 1227942.54 1227942.54 1227942.54 0.6532 0.6532 0.6532 1146.535 1146.535 1146.535 
1890000.0 2187.0 1239642.138 1239642.138 1239642.138 0.6559 0.6559 0.6559 1150.603 1150.603 1150.603 
1900000.0 2197.0 1249812.745 1249812.745 1249812.745 0.6578 0.6578 0.6578 1128.625 1128.625 1128.625 
1910000.0 2207.0 1260742.857 1260742.857 1260742.857 0.6601 0.6601 0.6601 1121.525 1121.525 1121.525 
1920000.0 2217.0 1272216.181 1272216.181 1272216.181 0.6626 0.6626 0.6626 1134.1 1134.1 1134.1 
1930000.0 2227.0 1284732.797 1284732.797 1284732.797 0.6657 0.6657 0.6657 1145.409 1145.409 1145.409 
1940000.0 2238.0 1295870.142 1295870.142 1295870.142 0.668 0.668 0.668 1137.297 1137.297 1137.297 
1950000.0 2248.0 1309447.108 1309447.108 1309447.108 0.6715 0.6715 0.6715 1178.101 1178.101 1178.101 
1960000.0 2258.0 1321853.406 1321853.406 1321853.406 0.6744 0.6744 0.6744 1189.076 1189.076 1189.076 
1970000.0 2268.0 1334591.031 1334591.031 1334591.031 0.6775 0.6775 0.6775 1202.734 1202.734 1202.734 
1980000.0 2278.0 1348104.919 1348104.919 1348104.919 0.6809 0.6809 0.6809 1229.633 1229.633 1229.633 
1990000.0 2288.0 1358933.595 1358933.595 1358933.595 0.6829 0.6829 0.6829 1202.46 1202.46 1202.46 
2000000.0 2298.0 1367675.297 1367675.297 1367675.297 0.6838 0.6838 0.6838 1142.311 1142.311 1142.311 
2010000.0 2308.0 1379704.474 1379704.474 1379704.474 0.6864 0.6864 0.6864 1152.406 1152.406 1152.406 
2020000.0 2318.0 1392800.363 1392800.363 1392800.363 0.6895 0.6895 0.6895 1180.638 1180.638 1180.638 
2030000.0 2328.0 1404581.322 1404581.322 1404581.322 0.6919 0.6919 0.6919 1180.752 1180.752 1180.752 
2040000.0 2338.0 1418433.845 1418433.845 1418433.845 0.6953 0.6953 0.6953 1216.494 1216.494 1216.494 
2050000.0 2348.0 1431890.048 1431890.048 1431890.048 0.6985 0.6985 0.6985 1239.153 1239.153 1239.153 
2060000.0 2358.0 1444753.498 1444753.498 1444753.498 0.7013 0.7013 0.7013 1249.52 1249.52 1249.52 
2070000.0 2368.0 1455533.521 1455533.521 1455533.521 0.7032 0.7032 0.7032 1216.75 1216.75 1216.75 
2080000.0 2378.0 1467034.828 1467034.828 1467034.828 0.7053 0.7053 0.7053 1206.548 1206.548 1206.548 
2090000.0 2388.0 1476797.139 1476797.139 1476797.139 0.7066 0.7066 0.7066 1165.079 1165.079 1165.079 
2100000.0 2398.0 1486736.578 1486736.578 1486736.578 0.708 0.708 0.708 1135.436 1135.436 1135.436 
2110000.0 2408.0 1500644.437 1500644.437 1500644.437 0.7112 0.7112 0.7112 1181.847 1181.847 1181.847 
2120000.0 2418.0 1515224.665 1515224.665 1515224.665 0.7147 0.7147 0.7147 1231.897 1231.897 1231.897 
2130000.0 2428.0 1527497.028 1527497.028 1527497.028 0.7171 0.7171 0.7171 1231.471 1231.471 1231.471 
2140000.0 2438.0 1538620.809 1538620.809 1538620.809 0.719 0.719 0.719 1211.06 1211.06 1211.06 
2150000.0 2448.0 1550377.877 1550377.877 1550377.877 0.7211 0.7211 0.7211 1203.391 1203.391 1203.391 
2160000.0 2458.0 1562706.752 1562706.752 1562706.752 0.7235 0.7235 0.7235 1212.715 1212.715 1212.715 
2170000.0 2468.0 1575098.807 1575098.807 1575098.807 0.7259 0.7259 0.7259 1217.008 1217.008 1217.008 
2180000.0 2478.0 1587472.266 1587472.266 1587472.266 0.7282 0.7282 0.7282 1221.115 1221.115 1221.115 
2190000.0 2488.0 1602084.76 1602084.76 1602084.76 0.7315 0.7315 0.7315 1266.191 1266.191 1266.191 
2200000.0 2498.0 1616445.795 1616445.795 1616445.795 0.7347 0.7347 0.7347 1297.772 1297.772 1297.772 
2210000.0 2508.0 1631182.103 1631182.103 1631182.103 0.7381 0.7381 0.7381 1329.337 1329.337 1329.337 
2220000.0 2518.0 1646054.172 1646054.172 1646054.172 0.7415 0.7415 0.7415 1357.35 1357.35 1357.35 
2230000.0 2528.0 1661772.684 1661772.684 1661772.684 0.7452 0.7452 0.7452 1398.199 1398.199 1398.199 
2240000.0 2538.0 1675737.74 1675737.74 1675737.74 0.7481 0.7481 0.7481 1395.569 1395.569 1395.569 
2250000.0 2548.0 1690900.165 1690900.165 1690900.165 0.7515 0.7515 0.7515 1417.07 1417.07 1417.07 
2260000.0 2558.0 1704823.682 1704823.682 1704823.682 0.7543 0.7543 0.7543 1412.168 1412.168 1412.168 
2270000.0 2568.0 1719967.091 1719967.091 1719967.091 0.7577 0.7577 0.7577 1431.112 1431.112 1431.112 
2280000.0 2578.0 1736834.614 1736834.614 1736834.614 0.7618 0.7618 0.7618 1477.178 1477.178 1477.178 
2290000.0 2588.0 1751905.402 1751905.402 1751905.402 0.765 0.765 0.765 1483.421 1483.421 1483.421 
2300000.0 2598.0 1768760.827 1768760.827 1768760.827 0.769 0.769 0.769 1519.875 1519.875 1519.875 
2310000.0 2608.0 1785187.162 1785187.162 1785187.162 0.7728 0.7728 0.7728 1540.57 1540.57 1540.57 
2320000.0 2618.0 1801680.441 1801680.441 1801680.441 0.7766 0.7766 0.7766 1561.735 1561.735 1561.735 
2330000.0 2628.0 1814024.054 1814024.054 1814024.054 0.7786 0.7786 0.7786 1501.448 1501.448 1501.448 
2340000.0 2638.0 1825469.287 1825469.287 1825469.287 0.7801 0.7801 0.7801 1437.565 1437.565 1437.565 
2350000.0 2648.0 1836539.684 1836539.684 1836539.684 0.7815 0.7815 0.7815 1378.433 1378.433 1378.433 
2360000.0 2658.0 1849135.611 1849135.611 1849135.611 0.7835 0.7835 0.7835 1354.071 1354.071 1354.071 
2370000.0 2668.0 1862680.254 1862680.254 1862680.254 0.7859 0.7859 0.7859 1355.561 1355.561 1355.561 
2380000.0 2678.0 1877131.793 1877131.793 1877131.793 0.7887 0.7887 0.7887 1370.727 1370.727 1370.727 
2390000.0 2688.0 1891267.182 1891267.182 1891267.182 0.7913 0.7913 0.7913 1378.988 1378.988 1378.988 
2400000.0 2698.0 1904783.571 1904783.571 1904783.571 0.7937 0.7937 0.7937 1373.553 1373.553 1373.553 
2410000.0 2708.0 1921171.827 1921171.827 1921171.827 0.7972 0.7972 0.7972 1423.571 1423.571 1423.571 
2420000.0 2718.0 1937019.031 1937019.031 1937019.031 0.8004 0.8004 0.8004 1452.622 1452.622 1452.622 
2430000.0 2728.0 1952372.934 1952372.934 1952372.934 0.8034 0.8034 0.8034 1464.941 1464.941 1464.941 
2440000.0 2738.0 1964190.931 1964190.931 1964190.931 0.805 0.805 0.805 1411.775 1411.775 1411.775 
2450000.0 2748.0 1979413.622 1979413.622 1979413.622 0.8079 0.8079 0.8079 1434.572 1434.572 1434.572 
2460000.0 2758.0 1993609.955 1993609.955 1993609.955 0.8104 0.8104 0.8104 1430.157 1430.157 1430.157 
2470000.0 2768.0 2007987.228 2007987.228 2007987.228 0.813 0.813 0.813 1433.704 1433.704 1433.704 
2480000.0 2778.0 2024828.184 2024828.184 2024828.184 0.8165 0.8165 0.8165 1478.199 1478.199 1478.199 
2490000.0 2788.0 2040513.652 2040513.652 2040513.652 0.8195 0.8195 0.8195 1496.157 1496.157 1496.157 
2500000.0 2798.0 2056901.434 2056901.434 2056901.434 0.8228 0.8228 0.8228 1522.173 1522.173 1522.173 
2510000.0 2808.0 2071953.565 2071953.565 2071953.565 0.8255 0.8255 0.8255 1516.799 1516.799 1516.799 
2520000.0 2818.0 2088149.505 2088149.505 2088149.505 0.8286 0.8286 0.8286 1536.7 1536.7 1536.7 
2530000.0 2828.0 2103827.047 2103827.047 2103827.047 0.8316 0.8316 0.8316 1542.804 1542.804 1542.804 
2540000.0 2838.0 2120395.147 2120395.147 2120395.147 0.8348 0.8348 0.8348 1563.756 1563.756 1563.756 
2550000.0 2848.0 2135367.533 2135367.533 2135367.533 0.8374 0.8374 0.8374 1551.781 1551.781 1551.781 
2560000.0 2858.0 2149765.144 2149765.144 2149765.144 0.8398 0.8398 0.8398 1530.729 1530.729 1530.729 
2570000.0 2868.0 2164070.531 2164070.531 2164070.531 0.8421 0.8421 0.8421 1511.768 1511.768 1511.768 
2580000.0 2878.0 2181036.225 2181036.225 2181036.225 0.8454 0.8454 0.8454 1546.279 1546.279 1546.279 
2590000.0 2888.0 2198538.149 2198538.149 2198538.149 0.8489 0.8489 0.8489 1584.418 1584.418 1584.418 
2600000.0 2898.0 2216044.792 2216044.792 2216044.792 0.8523 0.8523 0.8523 1613.251 1613.251 1613.251 
2610000.0 2908.0 2231059.528 2231059.528 2231059.528 0.8548 0.8548 0.8548 1593.345 1593.345 1593.345 
2620000.0 2918.0 2245852.348 2245852.348 2245852.348 0.8572 0.8572 0.8572 1573.284 1573.284 1573.284 
2630000.0 2928.0 2261156.947 2261156.947 2261156.947 0.8598 0.8598 0.8598 1565.948 1565.948 1565.948 
2640000.0 2938.0 2277246.521 2277246.521 2277246.521 0.8626 0.8626 0.8626 1570.511 1570.511 1570.511 
2650000.0 2948.0 2295008.011 2295008.011 2295008.011 0.866 0.866 0.866 1607.725 1607.725 1607.725 
2660000.0 2958.0 2310243.049 2310243.049 2310243.049 0.8685 0.8685 0.8685 1589.947 1589.947 1589.947 
2670000.0 2968.0 2327099.932 2327099.932 2327099.932 0.8716 0.8716 0.8716 1610.096 1610.096 1610.096 
2680000.0 2978.0 2344989.2 2344989.2 2344989.2 0.875 0.875 0.875 1640.358 1640.358 1640.358 
2690000.0 2988.0 2362583.045 2362583.045 2362583.045 0.8783 0.8783 0.8783 1664.238 1664.238 1664.238 
2700000.0 2998.0 2379855.395 2379855.395 2379855.395 0.8814 0.8814 0.8814 1677.668 1677.668 1677.668 
2710000.0 3008.0 2397533.985 2397533.985 2397533.985 0.8847 0.8847 0.8847 1691.996 1691.996 1691.996 
2720000.0 3018.0 2415358.68 2415358.68 2415358.68 0.888 0.888 0.888 1708.354 1708.354 1708.354 
2730000.0 3028.0 2432529.884 2432529.884 2432529.884 0.891 0.891 0.891 1708.718 1708.718 1708.718 
2740000.0 3038.0 2451052.843 2451052.843 2451052.843 0.8945 0.8945 0.8945 1736.96 1736.96 1736.96 
2750000.0 3048.0 2468319.258 2468319.258 2468319.258 0.8976 0.8976 0.8976 1735.337 1735.337 1735.337 
2760000.0 3058.0 2485616.75 2485616.75 2485616.75 0.9006 0.9006 0.9006 1734.883 1734.883 1734.883 
2770000.0 3068.0 2504470.643 2504470.643 2504470.643 0.9041 0.9041 0.9041 1762.0 1762.0 1762.0 
2780000.0 3078.0 2520449.985 2520449.985 2520449.985 0.9066 0.9066 0.9066 1732.834 1732.834 1732.834 
2790000.0 3088.0 2538069.603 2538069.603 2538069.603 0.9097 0.9097 0.9097 1740.352 1740.352 1740.352 
2800000.0 3098.0 2555837.782 2555837.782 2555837.782 0.9128 0.9128 0.9128 1747.229 1747.229 1747.229 
2810000.0 3108.0 2575319.153 2575319.153 2575319.153 0.9165 0.9165 0.9165 1784.326 1784.326 1784.326 
2820000.0 3118.0 2594051.62 2594051.62 2594051.62 0.9199 0.9199 0.9199 1798.598 1798.598 1798.598 
2830000.0 3128.0 2612619.252 2612619.252 2612619.252 0.9232 0.9232 0.9232 1810.211 1810.211 1810.211 
2840000.0 3138.0 2632045.439 2632045.439 2632045.439 0.9268 0.9268 0.9268 1834.468 1834.468 1834.468 
2850000.0 3148.0 2650953.802 2650953.802 2650953.802 0.9302 0.9302 0.9302 1844.884 1844.884 1844.884 
2860000.0 3158.0 2670085.279 2670085.279 2670085.279 0.9336 0.9336 0.9336 1855.727 1855.727 1855.727 
2870000.0 3168.0 2685674.358 2685674.358 2685674.358 0.9358 0.9358 0.9358 1800.117 1800.117 1800.117 
2880000.0 3178.0 2704690.432 2704690.432 2704690.432 0.9391 0.9391 0.9391 1818.044 1818.044 1818.044 
2890000.0 3188.0 2722363.467 2722363.467 2722363.467 0.942 0.942 0.942 1808.57 1808.57 1808.57 
2900000.0 3198.0 2739365.937 2739365.937 2739365.937 0.9446 0.9446 0.9446 1790.109 1790.109 1790.109 
2910000.0 3208.0 2758537.737 2758537.737 2758537.737 0.948 0.948 0.948 1813.22 1813.22 1813.22 
2920000.0 3218.0 2774157.846 2774157.846 2774157.846 0.9501 0.9501 0.9501 1768.038 1768.038 1768.038 
2930000.0 3228.0 2792779.861 2792779.861 2792779.861 0.9532 0.9532 0.9532 1785.693 1785.693 1785.693 
2940000.0 3238.0 2809058.434 2809058.434 2809058.434 0.9555 0.9555 0.9555 1758.92 1758.92 1758.92 
2950000.0 3248.0 2825454.172 2825454.172 2825454.172 0.9578 0.9578 0.9578 1736.58 1736.58 1736.58 
2960000.0 3258.0 2842420.432 2842420.432 2842420.432 0.9603 0.9603 0.9603 1729.94 1729.94 1729.94 
2970000.0 3268.0 2860314.85 2860314.85 2860314.85 0.9631 0.9631 0.9631 1739.535 1739.535 1739.535 
2980000.0 3278.0 2876752.968 2876752.968 2876752.968 0.9654 0.9654 0.9654 1722.036 1722.036 1722.036 
2990000.0 3288.0 2894373.601 2894373.601 2894373.601 0.968 0.968 0.968 1730.441 1730.441 1730.441 
3000000.0 3298.0 2913548.373 2913548.373 2913548.373 0.9712 0.9712 0.9712 1763.184 1763.184 1763.184 
3010000.0 3308.0 2931686.108 2931686.108 2931686.108 0.974 0.974 0.974 1762.937 1762.937 1762.937 
3020000.0 3318.0 2950760.028 2950760.028 2950760.028 0.9771 0.9771 0.9771 1789.483 1789.483 1789.483 
3030000.0 3328.0 2970108.759 2970108.759 2970108.759 0.9802 0.9802 0.9802 1815.727 1815.727 1815.727 
3040000.0 3338.0 2988075.692 2988075.692 2988075.692 0.9829 0.9829 0.9829 1809.879 1809.879 1809.879 
3050000.0 3348.0 3006781.362 3006781.362 3006781.362 0.9858 0.9858 0.9858 1820.639 1820.639 1820.639 
3060000.0 3358.0 3024466.923 3024466.923 3024466.923 0.9884 0.9884 0.9884 1810.738 1810.738 1810.738 
3070000.0 3368.0 3043299.892 3043299.892 3043299.892 0.9913 0.9913 0.9913 1823.965 1823.965 1823.965 
3080000.0 3378.0 3061152.394 3061152.394 3061152.394 0.9939 0.9939 0.9939 1818.985 1818.985 1818.985 
3090000.0 3388.0 3078971.064 3078971.064 3078971.064 0.9964 0.9964 0.9964 1820.592 1820.592 1820.592 
3100000.0 3398.0 3097733.521 3097733.521 3097733.521 0.9993 0.9993 0.9993 1829.246 1829.246 1829.246 
3110000.0 3409.0 3115389.958 3115389.958 3115389.958 1.0017 1.0017 1.0017 1786.007 1786.007 1786.007 
3120000.0 3419.0 3134621.448 3134621.448 3134621.448 1.0047 1.0047 1.0047 1812.986 1812.986 1812.986 
3130000.0 3429.0 3152836.466 3152836.466 3152836.466 1.0073 1.0073 1.0073 1811.294 1811.294 1811.294 
3140000.0 3439.0 3173041.224 3173041.224 3173041.224 1.0105 1.0105 1.0105 1850.034 1850.034 1850.034 
3150000.0 3449.0 3193168.177 3193168.177 3193168.177 1.0137 1.0137 1.0137 1879.605 1879.605 1879.605 
3160000.0 3459.0 3210164.07 3210164.07 3210164.07 1.0159 1.0159 1.0159 1845.038 1845.038 1845.038 
3170000.0 3469.0 3227897.924 3227897.924 3227897.924 1.0183 1.0183 1.0183 1834.633 1834.633 1834.633 
3180000.0 3479.0 3242119.366 3242119.366 3242119.366 1.0195 1.0195 1.0195 1736.111 1736.111 1736.111 
3190000.0 3490.0 3259225.523 3259225.523 3259225.523 1.0217 1.0217 1.0217 1717.028 1717.028 1717.028 
3200000.0 3500.0 3277977.216 3277977.216 3277977.216 1.0244 1.0244 1.0244 1744.938 1744.938 1744.938 
3210000.0 3510.0 3298057.331 3298057.331 3298057.331 1.0274 1.0274 1.0274 1789.956 1789.956 1789.956 
3220000.0 3520.0 3316493.31 3316493.31 3316493.31 1.03 1.03 1.03 1811.436 1811.436 1811.436 
3230000.0 3530.0 3334742.971 3334742.971 3334742.971 1.0324 1.0324 1.0324 1804.818 1804.818 1804.818 
3240000.0 3540.0 3354910.821 3354910.821 3354910.821 1.0355 1.0355 1.0355 1840.975 1840.975 1840.975 
3250000.0 3550.0 3374582.709 3374582.709 3374582.709 1.0383 1.0383 1.0383 1867.461 1867.461 1867.461 
3260000.0 3560.0 3393795.384 3393795.384 3393795.384 1.041 1.041 1.041 1875.176 1875.176 1875.176 
3270000.0 3570.0 3412696.975 3412696.975 3412696.975 1.0436 1.0436 1.0436 1877.957 1877.957 1877.957 
3280000.0 3580.0 3432063.102 3432063.102 3432063.102 1.0464 1.0464 1.0464 1888.288 1888.288 1888.288 
3290000.0 3590.0 3451509.378 3451509.378 3451509.378 1.0491 1.0491 1.0491 1900.287 1900.287 1900.287 
3300000.0 3600.0 3470982.186 3470982.186 3470982.186 1.0518 1.0518 1.0518 1910.347 1910.347 1910.347 
3310000.0 3610.0 3491454.033 3491454.033 3491454.033 1.0548 1.0548 1.0548 1934.096 1934.096 1934.096 
3320000.0 3620.0 3511765.434 3511765.434 3511765.434 1.0578 1.0578 1.0578 1949.943 1949.943 1949.943 
3330000.0 3630.0 3529968.315 3529968.315 3529968.315 1.0601 1.0601 1.0601 1929.677 1929.677 1929.677 
3340000.0 3640.0 3549227.176 3549227.176 3549227.176 1.0626 1.0626 1.0626 1926.88 1926.88 1926.88 
3350000.0 3650.0 3568304.083 3568304.083 3568304.083 1.0652 1.0652 1.0652 1923.291 1923.291 1923.291 
3360000.0 3660.0 3586386.394 3586386.394 3586386.394 1.0674 1.0674 1.0674 1906.46 1906.46 1906.46 
3370000.0 3670.0 3603728.584 3603728.584 3603728.584 1.0694 1.0694 1.0694 1872.557 1872.557 1872.557 
3380000.0 3680.0 3619617.255 3619617.255 3619617.255 1.0709 1.0709 1.0709 1826.774 1826.774 1826.774 
3390000.0 3690.0 3634748.272 3634748.272 3634748.272 1.0722 1.0722 1.0722 1759.504 1759.504 1759.504 
3400000.0 3700.0 3650796.304 3650796.304 3650796.304 1.0738 1.0738 1.0738 1722.414 1722.414 1722.414 
3410000.0 3710.0 3670316.138 3670316.138 3670316.138 1.0763 1.0763 1.0763 1760.427 1760.427 1760.427 
3420000.0 3721.0 3686986.005 3686986.005 3686986.005 1.0781 1.0781 1.0781 1727.314 1727.314 1727.314 
3430000.0 3731.0 3706168.92 3706168.92 3706168.92 1.0805 1.0805 1.0805 1759.222 1759.222 1759.222 
3440000.0 3741.0 3725606.378 3725606.378 3725606.378 1.083 1.083 1.083 1792.269 1792.269 1792.269 
3450000.0 3751.0 3746254.688 3746254.688 3746254.688 1.0859 1.0859 1.0859 1843.843 1843.843 1843.843 
3460000.0 3761.0 3767015.839 3767015.839 3767015.839 1.0887 1.0887 1.0887 1885.688 1885.688 1885.688 
3470000.0 3771.0 3787716.796 3787716.796 3787716.796 1.0916 1.0916 1.0916 1918.685 1918.685 1918.685 
3480000.0 3781.0 3807014.029 3807014.029 3807014.029 1.094 1.094 1.094 1918.145 1918.145 1918.145 
3490000.0 3791.0 3826228.947 3826228.947 3826228.947 1.0963 1.0963 1.0963 1914.429 1914.429 1914.429 
3500000.0 3801.0 3844089.368 3844089.368 3844089.368 1.0983 1.0983 1.0983 1880.629 1880.629 1880.629 
3510000.0 3811.0 3863924.508 3863924.508 3863924.508 1.1008 1.1008 1.1008 1900.325 1900.325 1900.325 
3520000.0 3821.0 3885085.746 3885085.746 3885085.746 1.1037 1.1037 1.1037 1937.853 1937.853 1937.853 
3530000.0 3831.0 3904691.707 3904691.707 3904691.707 1.1061 1.1061 1.1061 1943.022 1943.022 1943.022 
3540000.0 3841.0 3926298.404 3926298.404 3926298.404 1.1091 1.1091 1.1091 1980.75 1980.75 1980.75 
3550000.0 3851.0 3945390.797 3945390.797 3945390.797 1.1114 1.1114 1.1114 1991.398 1991.398 1991.398 
3560000.0 3862.0 3965475.347 3965475.347 3965475.347 1.1139 1.1139 1.1139 1969.89 1969.89 1969.89 
3570000.0 3872.0 3986892.244 3986892.244 3986892.244 1.1168 1.1168 1.1168 2000.609 2000.609 2000.609 
3580000.0 3882.0 4006825.107 4006825.107 4006825.107 1.1192 1.1192 1.1192 2001.131 2001.131 2001.131 
3590000.0 3892.0 4027948.872 4027948.872 4027948.872 1.122 1.122 1.122 2020.119 2020.119 2020.119 
3600000.0 3902.0 4048440.301 4048440.301 4048440.301 1.1246 1.1246 1.1246 2026.055 2026.055 2026.055 
3610000.0 3912.0 4068673.026 4068673.026 4068673.026 1.1271 1.1271 1.1271 2024.831 2024.831 2024.831 
3620000.0 3922.0 4087867.674 4087867.674 4087867.674 1.1292 1.1292 1.1292 2005.464 2005.464 2005.464 
3630000.0 3932.0 4109305.164 4109305.164 4109305.164 1.132 1.132 1.132 2031.406 2031.406 2031.406 
3640000.0 3942.0 4128475.813 4128475.813 4128475.813 1.1342 1.1342 1.1342 2009.425 2009.425 2009.425 
3650000.0 3952.0 4148402.289 4148402.289 4148402.289 1.1365 1.1365 1.1365 2007.486 2007.486 2007.486 
3660000.0 3962.0 4169219.002 4169219.002 4169219.002 1.1391 1.1391 1.1391 2019.697 2019.697 2019.697 
3670000.0 3972.0 4189775.598 4189775.598 4189775.598 1.1416 1.1416 1.1416 2026.078 2026.078 2026.078 
3680000.0 3982.0 4208066.675 4208066.675 4208066.675 1.1435 1.1435 1.1435 1989.447 1989.447 1989.447 
3690000.0 3992.0 4227494.299 4227494.299 4227494.299 1.1457 1.1457 1.1457 1980.925 1980.925 1980.925 
3700000.0 4002.0 4246038.298 4246038.298 4246038.298 1.1476 1.1476 1.1476 1958.183 1958.183 1958.183 
3710000.0 4012.0 4265919.537 4265919.537 4265919.537 1.1498 1.1498 1.1498 1965.057 1965.057 1965.057 
3720000.0 4022.0 4287110.869 4287110.869 4287110.869 1.1524 1.1524 1.1524 1993.503 1993.503 1993.503 
3730000.0 4032.0 4307878.177 4307878.177 4307878.177 1.1549 1.1549 1.1549 1991.419 1991.419 1991.419 
3740000.0 4042.0 4326584.763 4326584.763 4326584.763 1.1568 1.1568 1.1568 1968.984 1968.984 1968.984 
3750000.0 4052.0 4344492.974 4344492.974 4344492.974 1.1585 1.1585 1.1585 1936.517 1936.517 1936.517 
3760000.0 4062.0 4363182.516 4363182.516 4363182.516 1.1604 1.1604 1.1604 1921.186 1921.186 1921.186 
3770000.0 4072.0 4383328.871 4383328.871 4383328.871 1.1627 1.1627 1.1627 1933.435 1933.435 1933.435 
3780000.0 4082.0 4400658.563 4400658.563 4400658.563 1.1642 1.1642 1.1642 1909.989 1909.989 1909.989 
3790000.0 4092.0 4418316.047 4418316.047 4418316.047 1.1658 1.1658 1.1658 1872.004 1872.004 1872.004 
3800000.0 4102.0 4434381.339 4434381.339 4434381.339 1.1669 1.1669 1.1669 1818.23 1818.23 1818.23 
3810000.0 4112.0 4451929.423 4451929.423 4451929.423 1.1685 1.1685 1.1685 1810.725 1810.725 1810.725 
3820000.0 4122.0 4469543.177 4469543.177 4469543.177 1.17 1.17 1.17 1795.393 1795.393 1795.393 
3830000.0 4132.0 4489013.088 4489013.088 4489013.088 1.1721 1.1721 1.1721 1826.272 1826.272 1826.272 
3840000.0 4142.0 4508182.888 4508182.888 4508182.888 1.174 1.174 1.174 1838.514 1838.514 1838.514 
3850000.0 4152.0 4526435.844 4526435.844 4526435.844 1.1757 1.1757 1.1757 1850.389 1850.389 1850.389 
3860000.0 4162.0 4545300.969 4545300.969 4545300.969 1.1775 1.1775 1.1775 1847.614 1847.614 1847.614 
3870000.0 4173.0 4563766.142 4563766.142 4563766.142 1.1793 1.1793 1.1793 1830.111 1830.111 1830.111 
3880000.0 4183.0 4583579.233 4583579.233 4583579.233 1.1813 1.1813 1.1813 1857.56 1857.56 1857.56 
3890000.0 4193.0 4603700.506 4603700.506 4603700.506 1.1835 1.1835 1.1835 1883.036 1883.036 1883.036 
3900000.0 4203.0 4621526.017 4621526.017 4621526.017 1.185 1.185 1.185 1856.533 1856.533 1856.533 
3910000.0 4213.0 4640276.222 4640276.222 4640276.222 1.1868 1.1868 1.1868 1861.25 1861.25 1861.25 
3920000.0 4223.0 4658028.299 4658028.299 4658028.299 1.1883 1.1883 1.1883 1846.171 1846.171 1846.171 
3930000.0 4233.0 4677189.721 4677189.721 4677189.721 1.1901 1.1901 1.1901 1856.857 1856.857 1856.857 
3940000.0 4243.0 4696650.773 4696650.773 4696650.773 1.192 1.192 1.192 1882.696 1882.696 1882.696 
3950000.0 4253.0 4716588.949 4716588.949 4716588.949 1.1941 1.1941 1.1941 1899.292 1899.292 1899.292 
3960000.0 4263.0 4736820.053 4736820.053 4736820.053 1.1962 1.1962 1.1962 1919.75 1919.75 1919.75 
3970000.0 4273.0 4756954.526 4756954.526 4756954.526 1.1982 1.1982 1.1982 1936.638 1936.638 1936.638 
3980000.0 4283.0 4776835.363 4776835.363 4776835.363 1.2002 1.2002 1.2002 1948.438 1948.438 1948.438 
3990000.0 4293.0 4796955.014 4796955.014 4796955.014 1.2022 1.2022 1.2022 1959.696 1959.696 1959.696 
4000000.0 4303.0 4815657.928 4815657.928 4815657.928 1.2039 1.2039 1.2039 1942.502 1942.502 1942.502 
