10000.0 24.0 4425.5107 3884.3196 4966.7019 0.4426 0.3884 0.4967 71.9698 52.9293 91.0102 
20000.0 49.25 8800.0859 7790.7057 9809.466 0.44 0.3895 0.4905 130.1799 92.5618 167.7979 
30000.0 99.0 11706.0432 10442.9152 12969.1713 0.3902 0.3481 0.4323 91.4801 58.2457 124.7146 
40000.0 152.125 16510.2172 14744.6627 18275.7718 0.4128 0.3686 0.4569 126.443 71.631 181.255 
50000.0 265.625 21526.8991 20185.7735 22868.0248 0.4305 0.4037 0.4574 73.1811 35.2871 111.0752 
60000.0 340.375 27108.3234 25749.7539 28466.8929 0.4518 0.4292 0.4744 121.6716 71.4369 171.9063 
70000.0 355.125 32881.708 31297.4096 34466.0064 0.4697 0.4471 0.4924 191.5805 156.9108 226.2502 
80000.0 367.375 38487.9292 36642.518 40333.3405 0.4811 0.458 0.5042 249.7596 216.7411 282.7781 
90000.0 381.625 43783.1463 41336.5431 46229.7494 0.4865 0.4593 0.5137 284.3501 232.9011 335.7992 
100000.0 393.0 49370.9922 46419.7934 52322.1911 0.4937 0.4642 0.5232 327.7151 272.2005 383.2298 
110000.0 403.75 54770.6063 51497.1062 58044.1063 0.4979 0.4682 0.5277 361.9161 310.9699 412.8623 
120000.0 415.375 60126.0926 56582.0607 63670.1245 0.5011 0.4715 0.5306 382.9179 336.6471 429.1886 
130000.0 426.5 65680.0856 61684.4487 69675.7225 0.5052 0.4745 0.536 406.0658 354.7539 457.3776 
140000.0 437.375 71300.8346 66884.3421 75717.3272 0.5093 0.4777 0.5408 428.628 373.0253 484.2307 
150000.0 448.25 76878.9611 72463.3779 81294.5443 0.5125 0.4831 0.542 446.4842 394.5799 498.3886 
160000.0 459.625 82413.1465 78206.2557 86620.0373 0.5151 0.4888 0.5414 452.4824 421.5398 483.4249 
170000.0 471.125 88202.8094 83840.7411 92564.8776 0.5188 0.4932 0.5445 464.747 432.9504 496.5436 
180000.0 481.125 93184.6956 88596.8453 97772.5459 0.5177 0.4922 0.5432 471.8239 440.9635 502.6843 
190000.0 491.25 98480.9561 93385.7762 103576.1361 0.5183 0.4915 0.5451 480.697 443.5361 517.8579 
200000.0 501.625 103785.2669 98023.607 109546.9268 0.5189 0.4901 0.5477 486.5174 440.4272 532.6076 
210000.0 513.25 109354.235 102979.6318 115728.8382 0.5207 0.4904 0.5511 487.7596 424.1545 551.3648 
220000.0 524.0 115019.5188 108200.4499 121838.5876 0.5228 0.4918 0.5538 495.1831 436.0236 554.3426 
230000.0 534.875 120650.5078 113398.0118 127903.0037 0.5246 0.493 0.5561 501.666 443.6595 559.6725 
240000.0 544.875 126304.8566 118703.2947 133906.4185 0.5263 0.4946 0.5579 512.668 455.5682 569.7678 
250000.0 555.0 132097.1322 124307.4319 139886.8326 0.5284 0.4972 0.5595 523.9174 469.8381 577.9967 
260000.0 565.0 138077.8511 129863.0112 146292.6911 0.5311 0.4995 0.5627 537.5989 483.8222 591.3755 
270000.0 575.375 143958.0419 135520.7373 152395.3465 0.5332 0.5019 0.5644 543.9838 493.6261 594.3414 
280000.0 585.5 149618.2933 140897.7994 158338.7871 0.5344 0.5032 0.5655 546.569 499.8502 593.2878 
290000.0 595.875 155250.2504 146273.7758 164226.7249 0.5353 0.5044 0.5663 546.2325 500.1604 592.3046 
300000.0 606.25 160678.2668 151544.7642 169811.7693 0.5356 0.5051 0.566 542.4843 498.1538 586.8147 
310000.0 616.625 165802.2335 156436.9189 175167.5481 0.5348 0.5046 0.5651 533.557 483.3066 583.8074 
320000.0 627.5 170883.5432 161240.5126 180526.5739 0.534 0.5039 0.5641 522.9431 468.3377 577.5485 
330000.0 637.875 176015.4942 165633.0835 186397.905 0.5334 0.5019 0.5648 517.6149 453.158 582.0718 
340000.0 648.25 181384.1095 170207.6658 192560.5532 0.5335 0.5006 0.5664 515.6068 447.3209 583.8926 
350000.0 658.625 186976.9386 175194.4326 198759.4446 0.5342 0.5006 0.5679 521.6409 453.2566 590.0252 
360000.0 668.875 192059.0995 179753.516 204364.683 0.5335 0.4993 0.5677 517.039 450.5268 583.5512 
370000.0 679.0 197525.6673 184582.9006 210468.4339 0.5339 0.4989 0.5688 521.3935 453.8962 588.8908 
380000.0 689.0 203111.9369 189773.2656 216450.6081 0.5345 0.4994 0.5696 527.2074 464.4786 589.9362 
390000.0 699.25 208980.2161 194977.3836 222983.0486 0.5358 0.4999 0.5718 537.4274 473.9242 600.9306 
400000.0 709.5 214536.5326 199881.5674 229191.4979 0.5363 0.4997 0.573 538.1912 472.4753 603.9072 
410000.0 719.5 220216.068 204951.4563 235480.6797 0.5371 0.4999 0.5743 542.4932 479.4576 605.5289 
420000.0 729.75 225850.704 210247.4598 241453.9482 0.5377 0.5006 0.5749 543.5815 483.9264 603.2366 
430000.0 739.875 231506.5105 215622.1238 247390.8972 0.5384 0.5014 0.5753 546.9725 493.0373 600.9077 
440000.0 750.125 237223.0082 220916.8192 253529.1973 0.5391 0.5021 0.5762 550.2885 497.0867 603.4903 
450000.0 760.125 243323.6114 226566.9771 260080.2457 0.5407 0.5035 0.578 560.8059 507.1835 614.4282 
460000.0 770.625 249064.7401 231823.6555 266305.8248 0.5414 0.504 0.5789 557.114 500.4435 613.7845 
470000.0 780.75 254707.432 237061.1458 272353.7182 0.5419 0.5044 0.5795 556.5318 500.1079 612.9556 
480000.0 790.875 260704.0054 242686.5019 278721.5089 0.5431 0.5056 0.5807 562.7828 508.2554 617.3101 
490000.0 801.25 266458.912 248015.4323 284902.3917 0.5438 0.5062 0.5814 562.1072 507.1025 617.112 
500000.0 811.25 272274.3006 253220.0492 291328.5521 0.5445 0.5064 0.5827 564.9765 506.8136 623.1394 
510000.0 822.25 277906.4031 257983.2842 297829.5221 0.5449 0.5058 0.584 556.7851 486.9495 626.6208 
520000.0 832.5 283367.1482 262773.3642 303960.9323 0.5449 0.5053 0.5845 551.3171 477.6163 625.018 
530000.0 843.125 288814.0218 267558.385 310069.6585 0.5449 0.5048 0.585 543.7054 460.3213 627.0894 
540000.0 853.125 294660.0314 272986.378 316333.6848 0.5457 0.5055 0.5858 550.5814 470.0533 631.1094 
550000.0 863.375 300942.4748 278802.3048 323082.6447 0.5472 0.5069 0.5874 561.4311 486.4173 636.445 
560000.0 873.625 307113.5198 284539.5058 329687.5337 0.5484 0.5081 0.5887 569.1332 496.6143 641.6522 
570000.0 883.75 313665.9449 290401.1001 336930.7897 0.5503 0.5095 0.5911 583.1848 508.9157 657.4538 
580000.0 894.0 319543.9072 295725.7324 343362.0821 0.5509 0.5099 0.592 583.1483 510.4514 655.8451 
590000.0 904.375 325597.0718 301501.7323 349692.4112 0.5519 0.511 0.5927 583.5745 514.8748 652.2742 
600000.0 914.875 331777.2188 307119.3958 356435.0417 0.553 0.5119 0.5941 583.1582 516.7323 649.5842 
610000.0 924.875 338076.6179 313064.4689 363088.7668 0.5542 0.5132 0.5952 592.2042 523.4523 660.9562 
620000.0 935.0 344258.9304 318782.4624 369735.3984 0.5553 0.5142 0.5963 595.3616 524.4529 666.2704 
630000.0 945.125 350434.956 324759.204 376110.708 0.5562 0.5155 0.597 598.7218 533.0125 664.431 
640000.0 955.5 356534.5472 330617.0419 382452.0526 0.5571 0.5166 0.5976 598.5769 534.1342 663.0195 
650000.0 965.5 362741.5928 336383.0803 389100.1052 0.5581 0.5175 0.5986 601.4858 532.7756 670.1959 
660000.0 975.75 368864.335 341811.733 395916.937 0.5589 0.5179 0.5999 600.9094 529.4497 672.369 
670000.0 986.25 375132.9134 347445.3541 402820.4727 0.5599 0.5186 0.6012 600.571 532.6291 668.5129 
680000.0 996.75 381558.5885 353114.8263 410002.3507 0.5611 0.5193 0.6029 599.699 528.8995 670.4985 
690000.0 1007.125 388193.6948 358810.5927 417576.7968 0.5626 0.52 0.6052 609.2026 532.7462 685.659 
700000.0 1017.375 394574.8169 364253.1247 424896.5091 0.5637 0.5204 0.607 611.5889 528.5368 694.6409 
710000.0 1027.625 401273.5654 369935.0016 432612.1291 0.5652 0.521 0.6093 617.3718 532.0542 702.6893 
720000.0 1037.75 408310.6564 375705.796 440915.5167 0.5671 0.5218 0.6124 632.2495 538.1146 726.3844 
730000.0 1047.75 415202.9869 381113.8553 449292.1184 0.5688 0.5221 0.6155 642.5431 540.4873 744.599 
740000.0 1057.75 421954.4721 386978.5161 456930.4281 0.5702 0.5229 0.6175 648.659 546.428 750.89 
750000.0 1067.875 428608.8256 392778.2566 464439.3947 0.5715 0.5237 0.6193 651.232 547.7718 754.6922 
760000.0 1078.25 435497.9299 398456.2328 472539.6269 0.573 0.5243 0.6218 655.6254 546.9068 764.3439 
770000.0 1088.25 442428.2832 404218.0246 480638.5419 0.5746 0.525 0.6242 662.4181 550.9217 773.9146 
780000.0 1098.625 449572.208 410195.809 488948.607 0.5764 0.5259 0.6269 667.0224 545.746 788.2988 
790000.0 1108.875 456528.138 416052.4031 497003.8729 0.5779 0.5266 0.6291 667.6496 545.3697 789.9295 
800000.0 1119.375 463426.0891 421758.5621 505093.6162 0.5793 0.5272 0.6314 666.0835 534.0568 798.1102 
810000.0 1129.625 470754.155 427716.4541 513791.8559 0.5812 0.528 0.6343 677.623 536.2456 819.0004 
820000.0 1139.75 478132.3782 433538.1502 522726.6063 0.5831 0.5287 0.6375 685.576 531.9078 839.2442 
830000.0 1149.875 485313.6549 439273.027 531354.2828 0.5847 0.5292 0.6402 689.4664 533.0448 845.888 
840000.0 1160.0 492886.4102 444860.7664 540912.0541 0.5868 0.5296 0.6439 701.3568 537.0038 865.7097 
850000.0 1170.125 500018.633 450488.1425 549549.1235 0.5883 0.53 0.6465 702.344 539.4776 865.2104 
860000.0 1180.625 507148.4572 456254.3735 558042.541 0.5897 0.5305 0.6489 700.152 538.8468 861.4572 
870000.0 1190.75 514148.8056 462325.2995 565972.3118 0.591 0.5314 0.6505 697.9148 551.5995 844.23 
880000.0 1201.0 521139.1604 468041.2347 574237.086 0.5922 0.5319 0.6525 694.4848 552.7117 836.2578 
890000.0 1211.5 528375.7448 474077.7828 582673.7067 0.5937 0.5327 0.6547 694.3562 553.1031 835.6094 
900000.0 1222.0 536033.6105 479974.901 592092.32 0.5956 0.5333 0.6579 703.6794 542.0024 865.3563 
910000.0 1232.25 543445.7079 485695.8945 601195.5212 0.5972 0.5337 0.6607 705.8235 535.452 876.195 
920000.0 1242.5 551120.2745 491479.8081 610760.7409 0.599 0.5342 0.6639 713.014 536.152 889.876 
930000.0 1252.5 558604.2048 497026.8592 620181.5503 0.6006 0.5344 0.6669 720.0497 536.2901 903.8094 
940000.0 1262.625 565856.1024 503062.4047 628649.8001 0.602 0.5352 0.6688 718.8751 539.3163 898.4339 
950000.0 1273.125 573595.998 509183.8045 638008.1915 0.6038 0.536 0.6716 725.5739 545.7981 905.3496 
960000.0 1283.375 581379.2871 515066.7588 647691.8154 0.6056 0.5365 0.6747 730.3311 542.3251 918.3372 
970000.0 1293.375 589966.6626 521164.4199 658768.9054 0.6082 0.5373 0.6791 754.0999 546.6485 961.5513 
980000.0 1303.375 598625.9037 527103.7526 670148.0549 0.6108 0.5379 0.6838 775.3836 546.4567 1004.3105 
990000.0 1313.375 607191.0142 533338.1129 681043.9156 0.6133 0.5387 0.6879 788.939 550.2718 1027.6062 
1000000.0 1323.375 615896.1932 539611.2802 692181.1063 0.6159 0.5396 0.6922 803.6462 556.7069 1050.5856 
1010000.0 1333.625 623597.6351 545626.5312 701568.739 0.6174 0.5402 0.6946 795.8586 564.7456 1026.9717 
1020000.0 1344.375 631555.4945 551816.1696 711294.8194 0.6192 0.541 0.6973 786.736 557.6361 1015.8359 
1030000.0 1354.5 639615.3201 558423.3968 720807.2434 0.621 0.5422 0.6998 789.8724 578.9846 1000.7602 
1040000.0 1364.5 648418.8325 564907.0713 731930.5937 0.6235 0.5432 0.7038 806.8491 590.6893 1023.0089 
1050000.0 1374.625 657156.3951 571247.8722 743064.918 0.6259 0.544 0.7077 817.0084 592.0606 1041.9562 
1060000.0 1384.625 665424.0104 577585.1076 753262.9132 0.6278 0.5449 0.7106 819.0162 597.6839 1040.3486 
1070000.0 1394.75 674342.1165 583964.64 764719.593 0.6302 0.5458 0.7147 829.5664 601.7037 1057.4291 
1080000.0 1405.125 682909.2319 590479.6055 775338.8583 0.6323 0.5467 0.7179 830.6246 606.8003 1054.449 
1090000.0 1415.625 691812.9307 596942.1331 786683.7284 0.6347 0.5477 0.7217 831.0028 601.5655 1060.44 
1100000.0 1426.25 701166.1372 603812.7192 798519.5553 0.6374 0.5489 0.7259 840.7642 609.331 1072.1975 
1110000.0 1436.5 710463.8952 610901.572 810026.2185 0.6401 0.5504 0.7298 852.7151 623.3446 1082.0856 
1120000.0 1446.625 719649.7237 617622.0285 821677.419 0.6425 0.5514 0.7336 864.6956 629.8422 1099.5491 
1130000.0 1456.625 729238.0399 624835.4996 833640.5801 0.6453 0.553 0.7377 878.284 642.7728 1113.7952 
1140000.0 1466.625 739231.6171 631793.3852 846669.849 0.6484 0.5542 0.7427 900.1451 649.2742 1151.0161 
1150000.0 1476.625 749330.6592 638601.2379 860060.0806 0.6516 0.5553 0.7479 919.6464 651.441 1187.8517 
1160000.0 1486.625 759351.7844 645769.1569 872934.4119 0.6546 0.5567 0.7525 936.4511 662.6997 1210.2026 
1170000.0 1496.625 769551.7046 652504.5623 886598.847 0.6577 0.5577 0.7578 950.6742 662.6098 1238.7387 
1180000.0 1506.625 779140.6134 658522.9309 899758.2958 0.6603 0.5581 0.7625 954.4636 648.8877 1260.0395 
1190000.0 1516.75 788892.1531 665419.4178 912364.8884 0.6629 0.5592 0.7667 955.1324 651.3248 1258.94 
1200000.0 1526.75 798818.0741 672463.1263 925173.022 0.6657 0.5604 0.771 961.4946 659.6633 1263.3259 
1210000.0 1536.75 808832.7246 679246.8896 938418.5596 0.6685 0.5614 0.7756 968.4618 659.7457 1277.1778 
1220000.0 1546.75 819279.8951 686221.1843 952338.606 0.6715 0.5625 0.7806 982.6834 663.2678 1302.099 
1230000.0 1556.75 829627.044 693028.2821 966225.8059 0.6745 0.5634 0.7855 991.0536 662.5505 1319.5568 
1240000.0 1566.75 840494.3566 700442.7828 980545.9304 0.6778 0.5649 0.7908 1010.1402 676.8764 1343.4041 
1250000.0 1576.75 850683.5489 707427.0192 993940.0786 0.6805 0.5659 0.7952 1010.1529 677.4595 1342.8463 
1260000.0 1586.875 861220.77 714291.572 1008149.968 0.6835 0.5669 0.8001 1015.1969 674.2519 1356.1418 
1270000.0 1596.875 871481.6582 721115.2676 1021848.0489 0.6862 0.5678 0.8046 1016.6815 670.7889 1362.5741 
1280000.0 1606.875 881832.3162 728339.0912 1035325.5413 0.6889 0.569 0.8088 1019.5932 677.6099 1361.5766 
1290000.0 1617.125 892627.6675 735575.7078 1049679.6272 0.692 0.5702 0.8137 1027.2093 682.058 1372.3605 
1300000.0 1627.125 903049.6752 742072.3603 1064026.9902 0.6947 0.5708 0.8185 1029.0184 674.9669 1383.0698 
1310000.0 1637.125 914437.9719 749493.5097 1079382.434 0.698 0.5721 0.824 1049.8865 686.598 1413.175 
1320000.0 1647.375 925575.453 757064.168 1094086.738 0.7012 0.5735 0.8289 1057.9113 695.8805 1419.942 
1330000.0 1657.375 936094.6774 764447.9142 1107741.4405 0.7038 0.5748 0.8329 1056.1703 700.9502 1411.3903 
1340000.0 1667.375 947651.3469 771983.4702 1123319.2236 0.7072 0.5761 0.8383 1071.9642 707.9146 1436.0139 
1350000.0 1677.5 959029.3004 779542.4566 1138516.1442 0.7104 0.5774 0.8433 1081.6528 710.9861 1452.3194 
1360000.0 1687.625 969885.4671 786663.4264 1153107.5079 0.7132 0.5784 0.8479 1082.4861 707.1098 1457.8625 
1370000.0 1697.75 980908.364 793815.4421 1168001.2859 0.716 0.5794 0.8526 1083.2174 705.4486 1460.9862 
1380000.0 1707.875 991973.181 801490.2271 1182456.1349 0.7188 0.5808 0.8569 1086.9082 714.0862 1459.7303 
1390000.0 1717.875 1004067.625 809633.8145 1198501.4355 0.7224 0.5825 0.8622 1108.2836 729.6466 1486.9206 
1400000.0 1727.875 1016469.6635 818124.8109 1214814.5161 0.726 0.5844 0.8677 1131.3322 748.7888 1513.8757 
1410000.0 1737.875 1029303.6501 827130.3953 1231476.905 0.73 0.5866 0.8734 1161.1956 772.659 1549.7323 
1420000.0 1747.875 1042637.6306 836812.9034 1248462.3579 0.7343 0.5893 0.8792 1191.7307 808.5811 1574.8804 
1430000.0 1757.875 1054820.7911 845486.8281 1264154.7542 0.7376 0.5912 0.884 1196.4939 820.6854 1572.3023 
1440000.0 1767.875 1067433.6858 854299.9145 1280567.457 0.7413 0.5933 0.8893 1206.1898 827.7438 1584.6357 
1450000.0 1777.875 1079587.4398 862749.9851 1296424.8944 0.7445 0.595 0.8941 1208.0476 829.6842 1586.411 
1460000.0 1787.875 1092349.9324 871935.3637 1312764.501 0.7482 0.5972 0.8992 1221.9199 845.3634 1598.4763 
1470000.0 1798.25 1104509.4049 880311.8316 1328706.9782 0.7514 0.5989 0.9039 1213.3143 831.9342 1594.6943 
1480000.0 1808.375 1116379.219 888567.1709 1344191.2671 0.7543 0.6004 0.9082 1208.1195 823.7405 1592.4985 
1490000.0 1818.5 1128246.8678 896615.0275 1359878.708 0.7572 0.6018 0.9127 1196.904 807.4253 1586.3827 
1500000.0 1828.625 1140757.963 905396.0095 1376119.9165 0.7605 0.6036 0.9174 1209.3671 819.3364 1599.3978 
1510000.0 1838.625 1153829.1401 915153.8142 1392504.4661 0.7641 0.6061 0.9222 1228.9806 844.4574 1613.5038 
1520000.0 1848.625 1166584.8495 924815.3924 1408354.3066 0.7675 0.6084 0.9265 1233.8362 867.5583 1600.1142 
1530000.0 1858.75 1179937.1251 934451.9306 1425422.3196 0.7712 0.6108 0.9316 1250.2976 880.0112 1620.584 
1540000.0 1868.75 1193971.6639 944890.6753 1443052.6524 0.7753 0.6136 0.937 1277.8555 907.2886 1648.4224 
1550000.0 1878.875 1208420.3326 956044.365 1460796.3002 0.7796 0.6168 0.9424 1304.778 943.7433 1665.8127 
1560000.0 1888.875 1222519.6006 966241.99 1478797.2113 0.7837 0.6194 0.9479 1324.2041 957.0086 1691.3996 
1570000.0 1899.0 1236119.6676 975452.3145 1496787.0208 0.7873 0.6213 0.9534 1330.2212 944.5335 1715.909 
1580000.0 1909.125 1249521.359 984402.4504 1514640.2676 0.7908 0.623 0.9586 1329.4062 931.8157 1726.9968 
1590000.0 1919.125 1263032.3636 993848.9765 1532215.7508 0.7944 0.6251 0.9637 1334.3006 933.3009 1735.3004 
1600000.0 1929.125 1276695.1894 1003366.4548 1550023.9239 0.7979 0.6271 0.9688 1342.6198 935.3956 1749.8439 
1610000.0 1939.125 1289895.6531 1012537.2852 1567254.0211 0.8012 0.6289 0.9734 1334.9982 924.96 1745.0365 
1620000.0 1949.25 1303482.4255 1022936.2714 1584028.5796 0.8046 0.6314 0.9778 1339.6445 940.9647 1738.3243 
1630000.0 1959.25 1317959.43 1034408.9366 1601509.9234 0.8086 0.6346 0.9825 1358.3998 974.194 1742.6055 
1640000.0 1969.25 1332033.8468 1044676.9627 1619390.7308 0.8122 0.637 0.9874 1367.034 981.4502 1752.6178 
1650000.0 1979.25 1345876.3138 1055026.755 1636725.8725 0.8157 0.6394 0.992 1370.9581 986.6583 1755.258 
1660000.0 1989.25 1360051.171 1065507.2935 1654595.0485 0.8193 0.6419 0.9967 1378.7212 995.4024 1762.0401 
1670000.0 1999.25 1375734.8579 1077599.3136 1673870.4021 0.8238 0.6453 1.0023 1412.4505 1033.6538 1791.2472 
1680000.0 2009.625 1390171.3584 1088318.0295 1692024.6873 0.8275 0.6478 1.0072 1413.4548 1035.8244 1791.0851 
1690000.0 2019.625 1406341.4024 1101210.0665 1711472.7383 0.8322 0.6516 1.0127 1449.5894 1080.9964 1818.1823 
1700000.0 2029.625 1421096.479 1112355.2782 1729837.6798 0.8359 0.6543 1.0176 1455.5724 1083.8786 1827.2662 
1710000.0 2039.625 1435530.7365 1123769.6401 1747291.8329 0.8395 0.6572 1.0218 1453.04 1093.0133 1813.0667 
1720000.0 2049.625 1449947.5171 1135048.4808 1764846.5535 0.843 0.6599 1.0261 1450.8151 1095.3735 1806.2568 
1730000.0 2059.625 1463128.3895 1146253.4851 1780003.2939 0.8457 0.6626 1.0289 1426.15 1097.4805 1754.8195 
1740000.0 2069.625 1477734.607 1157906.4379 1797562.7761 0.8493 0.6655 1.0331 1431.6292 1107.7484 1755.5101 
1750000.0 2079.625 1493005.7758 1170408.0847 1815603.4668 0.8531 0.6688 1.0375 1448.2781 1132.0825 1764.4738 
1760000.0 2089.625 1507406.5361 1181713.1004 1833099.9719 0.8565 0.6714 1.0415 1446.7712 1132.8527 1760.6898 
1770000.0 2099.625 1521623.8978 1193318.4157 1849929.3798 0.8597 0.6742 1.0452 1443.1911 1134.8554 1751.5268 
1780000.0 2109.625 1535388.209 1205643.4938 1865132.9242 0.8626 0.6773 1.0478 1433.84 1155.0105 1712.6695 
1790000.0 2119.625 1549355.661 1217541.8669 1881169.4551 0.8656 0.6802 1.0509 1425.1071 1153.7202 1696.494 
1800000.0 2129.625 1563828.1721 1231211.1446 1896445.1997 0.8688 0.684 1.0536 1427.5439 1186.4743 1668.6134 
1810000.0 2139.625 1577064.9522 1244117.0446 1910012.8599 0.8713 0.6874 1.0553 1409.9492 1194.6792 1625.2193 
1820000.0 2149.625 1592050.4537 1258396.155 1925704.7525 0.8748 0.6914 1.0581 1423.7147 1221.5527 1625.8768 
1830000.0 2159.625 1606337.3702 1270375.6129 1942299.1276 0.8778 0.6942 1.0614 1423.2262 1219.4198 1627.0327 
1840000.0 2169.625 1621099.7069 1282885.0662 1959314.3475 0.881 0.6972 1.0648 1436.6388 1220.5492 1652.7283 
1850000.0 2179.625 1635602.6096 1294871.1175 1976334.1018 0.8841 0.6999 1.0683 1436.1875 1197.5342 1674.8408 
1860000.0 2189.625 1650942.2644 1307322.3727 1994562.156 0.8876 0.7029 1.0723 1456.6455 1200.3801 1712.9109 
1870000.0 2199.625 1665876.3063 1320187.0491 2011565.5634 0.8908 0.706 1.0757 1461.8393 1207.6028 1716.0757 
1880000.0 2209.625 1680620.3489 1333331.1202 2027909.5775 0.8939 0.7092 1.0787 1463.7548 1221.6999 1705.8096 
1890000.0 2219.625 1696417.3755 1347021.5839 2045813.1671 0.8976 0.7127 1.0824 1483.8058 1232.845 1734.7665 
1900000.0 2229.625 1711477.8771 1360587.3522 2062368.4021 0.9008 0.7161 1.0855 1488.8762 1250.2514 1727.5011 
1910000.0 2239.75 1728048.2965 1374628.3715 2081468.2215 0.9047 0.7197 1.0898 1515.7625 1271.4063 1760.1187 
1920000.0 2249.75 1744733.1882 1389279.7008 2100186.6757 0.9087 0.7236 1.0938 1544.2365 1300.0908 1788.3822 
1930000.0 2259.75 1759906.8178 1403190.4845 2116623.151 0.9119 0.727 1.0967 1540.2718 1307.8457 1772.6978 
1940000.0 2269.75 1776096.7575 1417770.128 2134423.387 0.9155 0.7308 1.1002 1554.4909 1333.7922 1775.1896 
1950000.0 2279.75 1791688.1338 1431283.1613 2152093.1062 0.9188 0.734 1.1036 1553.6762 1331.1715 1776.181 
1960000.0 2289.875 1807802.012 1446113.4517 2169490.5723 0.9223 0.7378 1.1069 1562.7209 1348.755 1776.6867 
1970000.0 2299.875 1824379.8795 1460870.3185 2187889.4405 0.9261 0.7416 1.1106 1582.5439 1368.7217 1796.366 
1980000.0 2309.875 1840528.0157 1475156.8431 2205899.1884 0.9296 0.745 1.1141 1585.8659 1372.2418 1799.4899 
1990000.0 2320.0 1857548.7391 1490528.8226 2224568.6556 0.9334 0.749 1.1179 1604.3759 1385.8089 1822.9428 
2000000.0 2330.0 1874535.3602 1505778.2557 2243292.4648 0.9373 0.7529 1.1216 1621.2132 1398.1866 1844.2399 
2010000.0 2340.0 1891062.0831 1521318.5964 2260805.5699 0.9408 0.7569 1.1248 1626.6048 1419.5116 1833.6979 
2020000.0 2350.0 1907976.5645 1536699.6542 2279253.4748 0.9445 0.7607 1.1283 1638.9524 1436.0863 1841.8184 
2030000.0 2360.125 1924826.8752 1552366.2496 2297287.5009 0.9482 0.7647 1.1317 1646.117 1444.0133 1848.2207 
2040000.0 2370.125 1941830.1882 1566836.0199 2316824.3566 0.9519 0.7681 1.1357 1652.3816 1435.4628 1869.3004 
2050000.0 2380.375 1958759.9794 1582251.6324 2335268.3263 0.9555 0.7718 1.1392 1656.6203 1439.6771 1873.5634 
2060000.0 2390.5 1975085.8476 1596720.2924 2353451.4028 0.9588 0.7751 1.1425 1651.1359 1430.5059 1871.7658 
2070000.0 2400.5 1992262.7323 1613163.648 2371361.8165 0.9624 0.7793 1.1456 1662.6974 1454.1832 1871.2115 
2080000.0 2410.5 2008166.6465 1628183.7732 2388149.5198 0.9655 0.7828 1.1481 1650.0512 1455.3148 1844.7877 
2090000.0 2420.625 2024772.8498 1643115.2375 2406430.462 0.9688 0.7862 1.1514 1650.4799 1448.8599 1852.0999 
2100000.0 2430.625 2041896.7831 1659230.0885 2424563.4778 0.9723 0.7901 1.1546 1657.8374 1459.0812 1856.5935 
2110000.0 2440.625 2058992.221 1674631.8051 2443352.6369 0.9758 0.7937 1.158 1664.4336 1449.7639 1879.1034 
2120000.0 2450.625 2076111.1425 1689526.2064 2462696.0786 0.9793 0.7969 1.1616 1672.4534 1449.0339 1895.8729 
2130000.0 2460.625 2092895.5224 1704512.2756 2481278.7692 0.9826 0.8002 1.1649 1672.815 1444.3856 1901.2444 
2140000.0 2470.625 2110228.1004 1721490.1224 2498966.0783 0.9861 0.8044 1.1677 1682.6035 1472.7733 1892.4337 
2150000.0 2480.625 2128370.9181 1738320.7054 2518421.1309 0.9899 0.8085 1.1714 1703.8379 1500.5509 1907.1248 
2160000.0 2490.625 2146219.8775 1755279.447 2537160.308 0.9936 0.8126 1.1746 1718.42 1525.3964 1911.4436 
2170000.0 2500.625 2164168.5936 1771172.9443 2557164.2429 0.9973 0.8162 1.1784 1733.7244 1541.5387 1925.91 
2180000.0 2510.625 2182364.9745 1787713.5493 2577016.3997 1.0011 0.8201 1.1821 1747.8292 1549.2789 1946.3796 
2190000.0 2520.625 2200778.6416 1804247.2246 2597310.0587 1.0049 0.8239 1.186 1768.7624 1560.1548 1977.37 
2200000.0 2530.625 2219740.0435 1821448.7608 2618031.3262 1.009 0.8279 1.19 1789.1924 1581.5878 1996.7969 
2210000.0 2540.625 2236419.0266 1837082.4891 2635755.5641 1.012 0.8313 1.1926 1765.3702 1570.2348 1960.5057 
2220000.0 2550.625 2254022.5372 1853531.2251 2654513.8494 1.0153 0.8349 1.1957 1765.8928 1571.7962 1959.9893 
2230000.0 2560.625 2271250.89 1869865.8007 2672635.9793 1.0185 0.8385 1.1985 1759.3445 1573.023 1945.666 
2240000.0 2570.625 2289169.6917 1886408.9685 2691930.415 1.022 0.8421 1.2018 1764.146 1571.5537 1956.7383 
2250000.0 2580.625 2307794.9132 1902901.8755 2712687.951 1.0257 0.8457 1.2056 1781.4454 1568.1125 1994.7782 
2260000.0 2590.625 2325437.1555 1918604.8338 2732269.4772 1.029 0.8489 1.209 1777.7499 1552.9154 2002.5843 
2270000.0 2600.625 2343812.3955 1935166.847 2752457.944 1.0325 0.8525 1.2125 1788.3714 1549.5079 2027.2349 
2280000.0 2610.625 2361767.6411 1951733.0005 2771802.2817 1.0359 0.856 1.2157 1791.6494 1548.8333 2034.4654 
2290000.0 2620.625 2379976.2906 1968602.8239 2791349.7574 1.0393 0.8597 1.2189 1796.4448 1564.5256 2028.3639 
2300000.0 2630.625 2399329.5469 1986009.1693 2812649.9244 1.0432 0.8635 1.2229 1820.1125 1581.8677 2058.3573 
2310000.0 2640.625 2418155.0866 2003328.7092 2832981.4641 1.0468 0.8672 1.2264 1830.277 1594.4032 2066.1508 
2320000.0 2650.625 2437073.3769 2020961.378 2853185.3757 1.0505 0.8711 1.2298 1842.3711 1608.5958 2076.1465 
2330000.0 2660.625 2456221.4141 2038779.4972 2873663.3311 1.0542 0.875 1.2333 1857.3321 1612.021 2102.6433 
2340000.0 2670.625 2475179.8505 2055871.9894 2894487.7116 1.0578 0.8786 1.237 1863.3858 1625.1845 2101.587 
2350000.0 2680.625 2493379.7409 2073085.993 2913673.4888 1.061 0.8822 1.2399 1851.7109 1627.0264 2076.3954 
2360000.0 2690.625 2512039.9905 2090195.6348 2933884.3462 1.0644 0.8857 1.2432 1859.2805 1637.2069 2081.3541 
2370000.0 2700.625 2531447.872 2107570.7243 2955325.0197 1.0681 0.8893 1.247 1870.7688 1645.1242 2096.4133 
2380000.0 2710.625 2549712.5335 2123194.6604 2976230.4066 1.0713 0.8921 1.2505 1864.8256 1624.8014 2104.8498 
2390000.0 2720.625 2568240.8151 2139199.5319 2997282.0984 1.0746 0.8951 1.2541 1861.3616 1616.449 2106.2743 
2400000.0 2730.625 2586757.0985 2155482.8387 3018031.3583 1.0778 0.8981 1.2575 1859.8906 1607.0312 2112.75 
2410000.0 2740.625 2606356.3064 2172686.0215 3040026.5912 1.0815 0.9015 1.2614 1879.4055 1619.8862 2138.9248 
2420000.0 2750.625 2625681.4406 2190188.1875 3061174.6937 1.085 0.905 1.2649 1887.0651 1644.3784 2129.7518 
2430000.0 2760.625 2645050.2481 2207400.8284 3082699.6679 1.0885 0.9084 1.2686 1897.2099 1649.6291 2144.7907 
2440000.0 2770.625 2664593.5424 2224611.8866 3104575.1982 1.092 0.9117 1.2724 1907.9069 1660.0377 2155.7761 
2450000.0 2780.625 2683446.8048 2240672.5282 3126221.0813 1.0953 0.9146 1.276 1904.6141 1654.9689 2154.2594 
2460000.0 2790.625 2701350.2455 2256072.1473 3146628.3437 1.0981 0.9171 1.2791 1885.4606 1634.9621 2135.9592 
2470000.0 2800.75 2719601.3091 2271776.2575 3167426.3607 1.1011 0.9197 1.2824 1864.68 1603.1015 2126.2585 
2480000.0 2810.75 2737675.3636 2288550.2923 3186800.435 1.1039 0.9228 1.285 1856.56 1610.8589 2102.2611 
2490000.0 2820.875 2755624.8564 2305354.8672 3205894.8456 1.1067 0.9258 1.2875 1838.7928 1595.0735 2082.512 
2500000.0 2831.0 2773535.5311 2320931.3664 3226139.6959 1.1094 0.9284 1.2905 1828.6055 1584.4759 2072.7351 
2510000.0 2841.0 2791410.9954 2336812.3981 3246009.5926 1.1121 0.931 1.2932 1819.388 1582.6125 2056.1635 
2520000.0 2851.0 2810267.6486 2354332.7811 3266202.5162 1.1152 0.9343 1.2961 1832.0759 1614.0194 2050.1323 
2530000.0 2861.0 2828730.8961 2371150.5627 3286311.2295 1.1181 0.9372 1.2989 1833.4396 1621.4173 2045.4619 
2540000.0 2871.0 2847353.8157 2388623.7936 3306083.8379 1.121 0.9404 1.3016 1841.3676 1637.2384 2045.4969 
2550000.0 2881.0 2865952.6783 2405472.4877 3326432.8688 1.1239 0.9433 1.3045 1842.4209 1635.8384 2049.0034 
2560000.0 2891.125 2883510.8629 2421026.5624 3345995.1634 1.1264 0.9457 1.307 1825.3011 1616.8758 2033.7265 
2570000.0 2901.25 2901127.6691 2437274.5612 3364980.7771 1.1288 0.9484 1.3093 1813.0766 1610.9814 2015.1719 
2580000.0 2911.375 2918498.8358 2454076.0816 3382921.5899 1.1312 0.9512 1.3112 1795.2309 1607.029 1983.4327 
2590000.0 2921.375 2936729.0084 2471849.0472 3401608.9696 1.1339 0.9544 1.3134 1799.5681 1625.2925 1973.8437 
2600000.0 2931.375 2955100.158 2489273.0171 3420927.2989 1.1366 0.9574 1.3157 1808.4162 1643.4528 1973.3797 
2610000.0 2941.375 2973709.3951 2506712.664 3440706.1263 1.1394 0.9604 1.3183 1811.374 1650.0136 1972.7344 
2620000.0 2951.375 2991513.3576 2523862.2214 3459164.4938 1.1418 0.9633 1.3203 1807.0302 1661.7088 1952.3517 
2630000.0 2961.375 3009485.0506 2542143.289 3476826.8122 1.1443 0.9666 1.322 1806.0272 1676.1697 1935.8848 
2640000.0 2971.625 3027921.8741 2560225.1423 3495618.606 1.1469 0.9698 1.3241 1809.8715 1681.8155 1937.9275 
2650000.0 2981.75 3046250.2576 2577277.8092 3515222.7061 1.1495 0.9726 1.3265 1808.3021 1669.0423 1947.5619 
2660000.0 2991.75 3064280.0614 2593513.7892 3535046.3336 1.152 0.975 1.329 1809.3264 1664.415 1954.2377 
2670000.0 3001.75 3082375.1965 2611013.3075 3553737.0855 1.1544 0.9779 1.331 1809.2309 1653.1275 1965.3343 
2680000.0 3011.875 3100535.5116 2628734.2663 3572336.7569 1.1569 0.9809 1.333 1809.2105 1652.2827 1966.1383 
2690000.0 3022.0 3118569.0629 2646089.3222 3591048.8035 1.1593 0.9837 1.335 1807.6049 1644.5258 1970.6839 
2700000.0 3032.0 3135447.1826 2662318.9506 3608575.4147 1.1613 0.986 1.3365 1783.8069 1604.2517 1963.362 
2710000.0 3042.0 3153079.4193 2679063.6062 3627095.2323 1.1635 0.9886 1.3384 1777.373 1595.5724 1959.1736 
2720000.0 3052.125 3171748.8327 2696694.1777 3646803.4878 1.1661 0.9914 1.3407 1786.6429 1612.5126 1960.7731 
2730000.0 3062.125 3190779.4059 2714815.4 3666743.4118 1.1688 0.9944 1.3431 1807.5338 1647.3092 1967.7583 
2740000.0 3072.125 3208691.5951 2732243.8437 3685139.3465 1.1711 0.9972 1.3449 1803.9981 1651.32 1956.6763 
2750000.0 3082.125 3226409.1525 2748825.085 3703993.22 1.1732 0.9996 1.3469 1797.1216 1639.6814 1954.5619 
2760000.0 3092.125 3242345.4557 2763354.6436 3721336.2679 1.1748 1.0012 1.3483 1758.9296 1614.7378 1903.1215 
2770000.0 3102.125 3259737.5006 2779452.3554 3740022.6458 1.1768 1.0034 1.3502 1751.1979 1615.1122 1887.2836 
2780000.0 3112.125 3277945.4749 2796008.5983 3759882.3514 1.1791 1.0058 1.3525 1762.6431 1612.8609 1912.4254 
2790000.0 3122.125 3295592.9539 2812677.137 3778508.7708 1.1812 1.0081 1.3543 1765.057 1605.2734 1924.8406 
2800000.0 3132.125 3313090.597 2828986.2002 3797194.9938 1.1832 1.0104 1.3561 1762.2016 1592.6283 1931.7749 
2810000.0 3142.125 3330936.8554 2846163.3175 3815710.3933 1.1854 1.0129 1.3579 1767.7208 1591.1961 1944.2454 
2820000.0 3152.25 3348774.8938 2862056.7558 3835493.0317 1.1875 1.0149 1.3601 1767.3161 1569.5411 1965.0911 
2830000.0 3162.25 3367372.1192 2879330.7082 3855413.5303 1.1899 1.0174 1.3623 1782.0389 1577.9511 1986.1267 
2840000.0 3172.25 3384022.8516 2894180.6965 3873865.0068 1.1916 1.0191 1.364 1757.0122 1534.9378 1979.0867 
2850000.0 3182.25 3401815.6162 2909971.881 3893659.3515 1.1936 1.021 1.3662 1764.7658 1539.1219 1990.4096 
2860000.0 3192.25 3419414.0772 2926417.7867 3912410.3678 1.1956 1.0232 1.368 1762.967 1545.9101 1980.0239 
2870000.0 3202.25 3437957.1629 2943186.8461 3932727.4797 1.1979 1.0255 1.3703 1776.9259 1562.8904 1990.9613 
2880000.0 3212.25 3456258.8608 2960302.2224 3952215.4991 1.2001 1.0279 1.3723 1786.4881 1587.1085 1985.8677 
2890000.0 3222.25 3473688.0801 2976058.4732 3971317.687 1.202 1.0298 1.3742 1779.1944 1575.7463 1982.6424 
2900000.0 3232.25 3492736.3872 2994113.2353 3991359.5392 1.2044 1.0325 1.3763 1799.653 1604.0528 1995.2532 
2910000.0 3242.25 3512043.5428 3013754.6695 4010332.416 1.2069 1.0357 1.3781 1828.4428 1649.6119 2007.2736 
2920000.0 3252.25 3530905.0 3032241.8307 4029568.1693 1.2092 1.0384 1.38 1836.7289 1657.5405 2015.9173 
2930000.0 3262.25 3549822.9294 3051672.701 4047973.1578 1.2115 1.0415 1.3816 1845.9124 1662.2793 2029.5454 
2940000.0 3272.25 3568473.4154 3070730.4617 4066216.369 1.2138 1.0445 1.3831 1851.4664 1667.543 2035.3897 
2950000.0 3282.25 3586606.5597 3089011.0965 4084202.023 1.2158 1.0471 1.3845 1845.1449 1650.4344 2039.8554 
2960000.0 3292.25 3605457.6694 3107422.2741 4103493.0647 1.2181 1.0498 1.3863 1849.8579 1646.2968 2053.4189 
2970000.0 3302.25 3624549.9431 3126196.1237 4122903.7626 1.2204 1.0526 1.3882 1859.9309 1647.112 2072.7497 
2980000.0 3312.25 3643034.9564 3143205.791 4142864.1218 1.2225 1.0548 1.3902 1855.9484 1635.005 2076.8917 
2990000.0 3322.25 3661162.7798 3159193.9948 4163131.5647 1.2245 1.0566 1.3924 1850.7236 1623.1505 2078.2967 
3000000.0 3332.25 3680817.3741 3177331.3365 4184303.4117 1.2269 1.0591 1.3948 1868.9835 1652.7632 2085.2038 
3010000.0 3342.25 3699328.5022 3194762.1897 4203894.8148 1.229 1.0614 1.3966 1866.2546 1652.7067 2079.8025 
3020000.0 3352.25 3718260.5442 3212100.3963 4224420.6922 1.2312 1.0636 1.3988 1868.9149 1667.9287 2069.901 
3030000.0 3362.5 3737269.311 3229972.4847 4244566.1373 1.2334 1.066 1.4008 1870.7921 1686.7371 2054.8472 
3040000.0 3372.625 3756618.9672 3248255.6139 4264982.3206 1.2357 1.0685 1.403 1881.7509 1710.3875 2053.1142 
3050000.0 3382.625 3775586.4591 3265319.6737 4285853.2446 1.2379 1.0706 1.4052 1884.7985 1700.8556 2068.7414 
3060000.0 3392.75 3795339.1255 3283581.8373 4307096.4137 1.2403 1.0731 1.4075 1900.5115 1710.6719 2090.3511 
3070000.0 3402.75 3815310.6918 3302654.1365 4327967.247 1.2428 1.0758 1.4098 1918.1125 1729.1486 2107.0764 
3080000.0 3412.75 3834771.3511 3321085.5956 4348457.1067 1.2451 1.0783 1.4118 1925.1132 1728.6884 2121.5381 
3090000.0 3422.75 3853970.4101 3338837.8152 4369103.0051 1.2472 1.0805 1.4139 1918.3441 1716.1755 2120.5128 
3100000.0 3432.75 3872876.2356 3356139.8904 4389612.5808 1.2493 1.0826 1.416 1921.2401 1726.8421 2115.6381 
3110000.0 3442.75 3891569.0649 3374090.169 4409047.9608 1.2513 1.0849 1.4177 1904.4828 1717.8183 2091.1472 
3120000.0 3452.75 3911046.263 3393138.1473 4428954.3787 1.2535 1.0875 1.4195 1913.6562 1746.3265 2080.986 
3130000.0 3462.75 3930291.5921 3411428.0353 4449155.1489 1.2557 1.0899 1.4215 1916.6792 1753.0273 2080.3312 
3140000.0 3472.75 3948277.4072 3428327.3079 4468227.5066 1.2574 1.0918 1.423 1895.978 1735.1512 2056.8048 
3150000.0 3482.875 3967704.14 3447359.8926 4488048.3874 1.2596 1.0944 1.4248 1896.8241 1727.1653 2066.4829 
3160000.0 3492.875 3987252.6421 3466173.451 4508331.8333 1.2618 1.0969 1.4267 1907.6982 1743.6024 2071.7941 
3170000.0 3502.875 4006625.5815 3485210.626 4528040.537 1.2639 1.0994 1.4284 1912.956 1738.2179 2087.6941 
3180000.0 3513.0 4024493.4826 3503350.0928 4545636.8725 1.2656 1.1017 1.4294 1886.8821 1728.374 2045.3902 
3190000.0 3523.125 4043063.94 3521804.0298 4564323.8502 1.2674 1.104 1.4308 1878.5152 1728.3247 2028.7058 
3200000.0 3533.125 4061263.4896 3538949.9117 4583577.0676 1.2691 1.1059 1.4324 1867.287 1730.7277 2003.8463 
3210000.0 3543.125 4080219.3662 3556673.7829 4603764.9496 1.2711 1.108 1.4342 1872.131 1725.8811 2018.3809 
3220000.0 3553.25 4099286.5339 3574705.5205 4623867.5472 1.2731 1.1102 1.436 1878.7704 1733.7607 2023.7801 
3230000.0 3563.25 4118361.3652 3593325.361 4643397.3695 1.275 1.1125 1.4376 1882.6102 1736.8043 2028.4162 
3240000.0 3573.25 4136916.2086 3610353.2275 4663479.1898 1.2768 1.1143 1.4393 1882.5455 1723.6669 2041.4241 
3250000.0 3583.25 4155668.6484 3627864.5661 4683472.7307 1.2787 1.1163 1.4411 1878.2523 1699.2385 2057.266 
3260000.0 3593.375 4174964.6828 3646147.9746 4703781.3909 1.2807 1.1185 1.4429 1884.7404 1692.8011 2076.6796 
3270000.0 3603.375 4194325.6229 3664098.7831 4724552.4627 1.2827 1.1205 1.4448 1894.0294 1690.5621 2097.4967 
3280000.0 3613.5 4214047.4954 3682924.7066 4745170.2842 1.2848 1.1228 1.4467 1902.3508 1698.4879 2106.2136 
3290000.0 3623.5 4234272.8744 3702357.3791 4766188.3697 1.287 1.1253 1.4487 1923.5779 1723.8707 2123.2851 
3300000.0 3633.5 4254359.8774 3721667.8799 4787051.8748 1.2892 1.1278 1.4506 1938.3105 1742.3396 2134.2814 
3310000.0 3643.5 4274465.7825 3741034.1637 4807897.4013 1.2914 1.1302 1.4525 1952.1511 1763.1926 2141.1096 
3320000.0 3653.5 4294274.5319 3759987.6478 4828561.416 1.2935 1.1325 1.4544 1958.0849 1786.317 2129.8527 
3330000.0 3663.625 4313120.9331 3777709.946 4848531.9202 1.2952 1.1344 1.456 1935.915 1777.2006 2094.6294 
3340000.0 3673.75 4332494.248 3795452.938 4869535.558 1.2972 1.1364 1.4579 1932.8914 1770.2331 2095.5496 
3350000.0 3683.75 4352876.2799 3815055.3015 4890697.2583 1.2994 1.1388 1.4599 1950.4601 1789.3 2111.6202 
3360000.0 3693.75 4370877.994 3830316.8113 4911439.1767 1.3009 1.14 1.4617 1924.4692 1751.9243 2097.0142 
3370000.0 3703.75 4389903.783 3848402.4474 4931405.1186 1.3026 1.142 1.4633 1917.0931 1746.7983 2087.3879 
3380000.0 3713.75 4408979.8319 3865890.8245 4952068.8393 1.3044 1.1438 1.4651 1918.334 1740.3415 2096.3265 
3390000.0 3723.75 4428147.5714 3884124.0453 4972171.0974 1.3062 1.1458 1.4667 1913.1488 1739.3359 2086.9616 
3400000.0 3733.75 4448830.0445 3903965.2267 4993694.8623 1.3085 1.1482 1.4687 1942.3205 1773.9559 2110.6851 
3410000.0 3743.75 4469137.8492 3923238.8565 5015036.842 1.3106 1.1505 1.4707 1956.8988 1785.8244 2127.9731 
3420000.0 3753.75 4488204.4995 3940682.9965 5035726.0025 1.3123 1.1522 1.4724 1947.3915 1767.0339 2127.7491 
3430000.0 3763.875 4506855.8456 3958389.2256 5055322.4657 1.314 1.154 1.4739 1933.069 1761.1411 2104.9969 
3440000.0 3774.0 4524405.0888 3975225.9566 5073584.2209 1.3152 1.1556 1.4749 1894.2754 1726.5644 2061.9863 
3450000.0 3784.125 4541367.7886 3990371.2945 5092364.2827 1.3163 1.1566 1.476 1858.8335 1668.0394 2049.6276 
3460000.0 3794.125 4559144.1805 4007233.3605 5111055.0005 1.3177 1.1582 1.4772 1845.2043 1643.0274 2047.3811 
3470000.0 3804.125 4577891.5301 4023898.8953 5131884.1649 1.3193 1.1596 1.4789 1847.4504 1618.6779 2076.2229 
3480000.0 3814.125 4597041.9829 4041586.971 5152496.9947 1.321 1.1614 1.4806 1861.0949 1634.6458 2087.544 
3490000.0 3824.125 4616669.692 4060437.2597 5172902.1243 1.3228 1.1634 1.4822 1878.6598 1671.2224 2086.0971 
3500000.0 3834.125 4635813.7925 4078500.2022 5193127.3828 1.3245 1.1653 1.4838 1884.4407 1693.9698 2074.9117 
3510000.0 3844.125 4654528.3928 4095957.0753 5213099.7102 1.3261 1.1669 1.4852 1881.8336 1694.3947 2069.2726 
3520000.0 3854.125 4672530.7559 4112556.8431 5232504.6686 1.3274 1.1683 1.4865 1867.6224 1700.206 2035.0387 
3530000.0 3864.25 4692331.1669 4131222.9303 5253439.4034 1.3293 1.1703 1.4882 1888.2905 1727.7716 2048.8094 
3540000.0 3874.25 4710493.9322 4148203.2726 5272784.5919 1.3306 1.1718 1.4895 1875.1235 1717.5217 2032.7253 
3550000.0 3884.25 4728734.8441 4165538.5152 5291931.173 1.332 1.1734 1.4907 1863.3816 1708.5335 2018.2298 
3560000.0 3894.25 4747104.425 4183981.2074 5310227.6426 1.3335 1.1753 1.4916 1861.5966 1709.6918 2013.5015 
3570000.0 3904.25 4766433.9181 4202363.2176 5330504.6186 1.3351 1.1771 1.4931 1872.3614 1714.665 2030.0577 
3580000.0 3914.25 4786508.3906 4221448.5368 5351568.2445 1.337 1.1792 1.4949 1896.3499 1739.6272 2053.0725 
3590000.0 3924.25 4805338.1162 4239359.1364 5371317.0961 1.3385 1.1809 1.4962 1893.8995 1749.0782 2038.7208 
3600000.0 3934.25 4823867.4606 4256984.8978 5390750.0235 1.34 1.1825 1.4974 1887.3296 1735.2539 2039.4054 
3610000.0 3944.25 4842237.7304 4273226.713 5411248.7477 1.3413 1.1837 1.499 1879.3401 1712.9117 2045.7686 
3620000.0 3954.25 4860627.5134 4290077.565 5431177.4617 1.3427 1.1851 1.5003 1866.3139 1686.5147 2046.113 
3630000.0 3964.25 4879659.6952 4307447.4315 5451871.959 1.3443 1.1866 1.5019 1872.253 1687.6225 2056.8835 
3640000.0 3974.25 4898043.7414 4324618.4387 5471469.044 1.3456 1.1881 1.5032 1865.7058 1679.4466 2051.9649 
3650000.0 3984.25 4916213.6085 4341386.7913 5491040.4257 1.3469 1.1894 1.5044 1859.1765 1673.2617 2045.0913 
3660000.0 3994.25 4935336.1625 4359497.2437 5511175.0813 1.3485 1.1911 1.5058 1866.6425 1687.1623 2046.1227 
3670000.0 4004.25 4954598.9812 4378044.0134 5531153.9491 1.35 1.1929 1.5071 1877.3821 1698.6361 2056.1282 
3680000.0 4014.375 4973865.7602 4396298.302 5551433.2185 1.3516 1.1946 1.5085 1884.3629 1702.4651 2066.2607 
3690000.0 4024.625 4993287.8227 4414520.6098 5572055.0357 1.3532 1.1963 1.51 1886.9341 1702.9407 2070.9275 
3700000.0 4034.625 5012571.9381 4432428.2239 5592715.6523 1.3547 1.198 1.5115 1892.4634 1709.4101 2075.5166 
3710000.0 4044.75 5030883.7042 4450060.6642 5611706.7443 1.356 1.1995 1.5126 1881.1751 1703.905 2058.4452 
3720000.0 4055.125 5049405.8519 4468467.2776 5630344.4261 1.3574 1.2012 1.5135 1864.265 1704.6826 2023.8474 
3730000.0 4065.125 5068082.3233 4487096.9909 5649067.6556 1.3587 1.203 1.5145 1864.103 1724.5376 2003.6684 
3740000.0 4075.375 5086828.5886 4505453.5146 5668203.6626 1.3601 1.2047 1.5156 1858.8152 1725.8244 1991.8061 
3750000.0 4085.375 5104683.7188 4523235.0099 5686132.4276 1.3612 1.2062 1.5163 1845.9036 1698.603 1993.2043 
3760000.0 4095.5 5123105.9301 4539870.6438 5706341.2164 1.3625 1.2074 1.5176 1840.2805 1690.4857 1990.0753 
3770000.0 4105.5 5141224.0915 4557606.7287 5724841.4543 1.3637 1.2089 1.5185 1833.7681 1686.9139 1980.6224 
3780000.0 4115.625 5159748.4212 4575449.6489 5744047.1936 1.365 1.2104 1.5196 1831.8419 1670.7196 1992.9641 
3790000.0 4125.75 5178532.987 4594595.7238 5762470.2502 1.3664 1.2123 1.5204 1839.7516 1673.0243 2006.479 
3800000.0 4135.75 5198285.884 4613507.2228 5783064.5452 1.368 1.2141 1.5219 1864.0606 1711.6152 2016.506 
3810000.0 4145.75 5217539.6414 4631700.4691 5803378.8136 1.3694 1.2157 1.5232 1874.8579 1739.1403 2010.5755 
3820000.0 4155.75 5235670.1095 4649159.8651 5822180.3539 1.3706 1.2171 1.5241 1866.7009 1752.5176 1980.8841 
3830000.0 4165.75 5253972.3588 4666034.3103 5841910.4072 1.3718 1.2183 1.5253 1854.7571 1741.398 1968.1162 
3840000.0 4175.75 5271538.7496 4683795.0954 5859282.4038 1.3728 1.2197 1.5259 1837.7686 1717.4928 1958.0445 
3850000.0 4185.75 5289915.5534 4702075.9124 5877755.1943 1.374 1.2213 1.5267 1837.3791 1699.749 1975.0093 
3860000.0 4195.75 5308587.1529 4720463.4155 5896710.8902 1.3753 1.2229 1.5276 1842.6814 1688.1396 1997.2232 
3870000.0 4205.75 5327181.5029 4738891.6356 5915471.3701 1.3765 1.2245 1.5285 1841.3337 1686.1835 1996.484 
3880000.0 4215.75 5346193.7846 4757451.0158 5934936.5535 1.3779 1.2261 1.5296 1852.1739 1701.559 2002.7888 
3890000.0 4225.75 5365260.3236 4776468.5044 5954052.1429 1.3792 1.2279 1.5306 1862.1116 1718.3131 2005.9101 
3900000.0 4236.0 5384294.6359 4795528.2585 5973061.0132 1.3806 1.2296 1.5316 1861.8364 1736.4483 1987.2244 
3910000.0 4246.125 5402896.535 4813535.5029 5992257.5671 1.3818 1.2311 1.5325 1856.0982 1721.4688 1990.7277 
3920000.0 4256.25 5422381.4955 4832172.6978 6012590.2932 1.3833 1.2327 1.5338 1866.1528 1717.8505 2014.455 
3930000.0 4266.25 5441518.4335 4851127.2671 6031909.5999 1.3846 1.2344 1.5348 1875.8139 1733.5204 2018.1074 
3940000.0 4276.25 5460220.1959 4868980.6869 6051459.7049 1.3858 1.2358 1.5359 1874.02 1727.5925 2020.4475 
3950000.0 4286.25 5478500.5413 4886231.0706 6070770.0119 1.387 1.237 1.5369 1865.0321 1702.4152 2027.649 
3960000.0 4296.375 5498228.8738 4905807.784 6090649.9635 1.3884 1.2388 1.538 1882.2105 1738.6834 2025.7376 
3970000.0 4306.375 5518465.8234 4926367.8388 6110563.808 1.39 1.2409 1.5392 1906.059 1768.5778 2043.5402 
3980000.0 4316.375 5538143.0825 4945346.7235 6130939.4415 1.3915 1.2425 1.5404 1917.9428 1790.3332 2045.5523 
3990000.0 4326.5 5558120.403 4964472.8702 6151767.9358 1.393 1.2442 1.5418 1929.6664 1798.7647 2060.5681 
4000000.0 4336.625 5578555.7829 4984120.2588 6172991.307 1.3946 1.246 1.5432 1944.4161 1812.4661 2076.3662 
