10000.0 97.25 3617.8036 2785.9298 4449.6774 0.3618 0.2786 0.445 51.3404 28.1216 74.5591 
20000.0 190.75 7270.511 5615.9611 8925.0609 0.3635 0.2808 0.4463 86.3056 43.53 129.0812 
30000.0 242.625 9734.9478 7972.3507 11497.5448 0.3245 0.2657 0.3833 77.8705 34.3377 121.4033 
40000.0 383.875 13673.8489 11312.4462 16035.2515 0.3418 0.2828 0.4009 62.2749 32.7148 91.8349 
50000.0 530.125 18529.8515 15795.1856 21264.5174 0.3706 0.3159 0.4253 94.2077 41.0246 147.3909 
60000.0 628.5 23613.7413 20517.8266 26709.6559 0.3936 0.342 0.4452 143.076 70.6265 215.5255 
70000.0 745.375 28489.011 25083.2066 31894.8154 0.407 0.3583 0.4556 177.6535 81.6471 273.6599 
80000.0 812.5 33450.0514 29559.7499 37340.3529 0.4181 0.3695 0.4668 193.4591 101.3511 285.5671 
90000.0 823.875 38250.9862 33908.5166 42593.4559 0.425 0.3768 0.4733 243.2465 160.0245 326.4685 
100000.0 835.0 43062.5981 38452.6473 47672.5489 0.4306 0.3845 0.4767 283.7451 208.4076 359.0827 
110000.0 846.25 48038.8387 42871.9635 53205.714 0.4367 0.3897 0.4837 316.9226 238.2638 395.5814 
120000.0 857.125 52768.4186 47320.9799 58215.8574 0.4397 0.3943 0.4851 342.113 272.1166 412.1094 
130000.0 868.25 57389.2385 51476.6934 63301.7836 0.4415 0.396 0.4869 358.1914 289.8342 426.5486 
140000.0 878.875 61839.7951 55346.7289 68332.8613 0.4417 0.3953 0.4881 369.4326 296.8787 441.9866 
150000.0 890.375 66200.5856 59050.5702 73350.6011 0.4413 0.3937 0.489 374.3126 295.2891 453.3362 
160000.0 900.875 71096.4105 63182.1295 79010.6915 0.4444 0.3949 0.4938 392.7305 313.701 471.76 
170000.0 913.0 76039.2368 67239.1068 84839.3667 0.4473 0.3955 0.4991 401.1766 311.5271 490.8261 
180000.0 923.875 80972.282 71618.0289 90326.5351 0.4498 0.3979 0.5018 411.2492 328.9788 493.5197 
190000.0 934.625 85834.6329 75830.7506 95838.5152 0.4518 0.3991 0.5044 419.0761 341.7466 496.4057 
200000.0 947.375 90629.3054 80192.0037 101066.607 0.4531 0.401 0.5053 420.4235 332.3517 508.4953 
210000.0 961.625 95351.3302 84604.7176 106097.9429 0.4541 0.4029 0.5052 412.6206 315.438 509.8033 
220000.0 973.625 100386.7858 89016.385 111757.1865 0.4563 0.4046 0.508 415.6659 317.9835 513.3483 
230000.0 985.75 105322.0338 93568.8307 117075.2368 0.4579 0.4068 0.509 417.7231 319.9266 515.5197 
240000.0 996.25 110467.5221 98482.0492 122452.995 0.4603 0.4103 0.5102 430.371 344.4347 516.3073 
250000.0 1009.75 115820.8259 103712.5007 127929.151 0.4633 0.4149 0.5117 435.8876 340.1569 531.6183 
260000.0 1019.75 121151.6649 108694.871 133608.4588 0.466 0.4181 0.5139 454.4442 370.1118 538.7767 
270000.0 1031.5 126194.651 113113.8274 139275.4746 0.4674 0.4189 0.5158 453.7652 366.3281 541.2024 
280000.0 1042.25 131266.0374 117678.9405 144853.1342 0.4688 0.4203 0.5173 456.6979 375.531 537.8647 
290000.0 1055.0 136578.4156 122589.7858 150567.0455 0.471 0.4227 0.5192 453.6136 363.9921 543.2352 
300000.0 1066.25 142008.0193 127270.99 156745.0485 0.4734 0.4242 0.5225 462.082 374.5556 549.6084 
310000.0 1077.875 146845.0924 131556.1091 162134.0757 0.4737 0.4244 0.523 452.7165 378.1179 527.3151 
320000.0 1088.75 151739.2258 135999.6803 167478.7712 0.4742 0.425 0.5234 451.7386 386.6421 516.8351 
330000.0 1099.875 156568.929 140443.3311 172694.5269 0.4745 0.4256 0.5233 449.9591 382.4731 517.4452 
340000.0 1110.75 161511.3286 144920.3892 178102.268 0.475 0.4262 0.5238 450.0958 379.9159 520.2756 
350000.0 1120.75 166409.4155 149434.7051 183384.1259 0.4755 0.427 0.524 455.772 390.8626 520.6814 
360000.0 1131.125 171522.15 153743.2136 189301.0864 0.4765 0.4271 0.5258 462.1516 395.5857 528.7176 
370000.0 1141.625 177269.0494 158515.648 196022.4507 0.4791 0.4284 0.5298 480.7038 405.5425 555.865 
380000.0 1152.0 182577.6338 163226.0159 201929.2516 0.4805 0.4295 0.5314 488.1602 415.2532 561.0673 
390000.0 1162.5 187754.489 168233.1923 207275.7857 0.4814 0.4314 0.5315 488.2679 427.1021 549.4336 
400000.0 1173.25 193101.4321 173263.5292 212939.335 0.4828 0.4332 0.5323 491.6549 434.3239 548.9859 
410000.0 1183.5 198732.0704 178484.2104 218979.9303 0.4847 0.4353 0.5341 501.2076 444.6021 557.8131 
420000.0 1193.875 204301.3111 183894.727 224707.8953 0.4864 0.4378 0.535 508.7122 452.5277 564.8968 
430000.0 1204.25 209424.9398 188674.8322 230175.0473 0.487 0.4388 0.5353 506.9746 454.7881 559.1612 
440000.0 1214.375 214338.4512 193421.4653 235255.4372 0.4871 0.4396 0.5347 501.4245 458.0338 544.8152 
450000.0 1225.25 219684.382 198727.7194 240641.0446 0.4882 0.4416 0.5348 499.3641 451.5367 547.1916 
460000.0 1236.875 225016.9298 204028.044 246005.8155 0.4892 0.4435 0.5348 494.9444 439.6322 550.2565 
470000.0 1247.375 230509.6812 209449.6223 251569.7402 0.4904 0.4456 0.5353 499.8595 447.5992 552.1198 
480000.0 1260.75 235843.7664 214536.2562 257151.2766 0.4913 0.447 0.5357 481.1535 399.4575 562.8495 
490000.0 1274.875 240794.7044 218828.4145 262760.9942 0.4914 0.4466 0.5362 462.3873 359.6064 565.1681 
500000.0 1287.625 245977.46 223364.2354 268590.6846 0.492 0.4467 0.5372 460.9571 347.1095 574.8047 
510000.0 1298.125 251224.3949 227847.7925 274600.9972 0.4926 0.4468 0.5384 471.7108 364.4513 578.9702 
520000.0 1309.25 256412.5631 232333.5981 280491.5282 0.4931 0.4468 0.5394 469.8873 368.1855 571.589 
530000.0 1320.0 261600.6631 236738.2627 286463.0636 0.4936 0.4467 0.5405 474.6802 374.7929 574.5676 
540000.0 1330.75 267150.0579 241760.4236 292539.6921 0.4947 0.4477 0.5417 482.4496 390.5632 574.3361 
550000.0 1341.0 272927.0954 246899.4283 298954.7625 0.4962 0.4489 0.5436 498.1856 409.581 586.7902 
560000.0 1351.375 278811.9306 251899.6396 305724.2217 0.4979 0.4498 0.5459 511.9728 425.2289 598.7166 
570000.0 1362.25 284365.509 256523.0532 312207.9648 0.4989 0.45 0.5477 511.4684 423.7272 599.2095 
580000.0 1372.875 290002.4962 261710.0398 318294.9527 0.5 0.4512 0.5488 517.0441 431.1216 602.9667 
590000.0 1383.25 295466.7233 266293.7365 324639.71 0.5008 0.4513 0.5502 518.2919 430.5067 606.0771 
600000.0 1394.125 300748.4884 270944.0139 330552.9629 0.5012 0.4516 0.5509 513.9421 425.8512 602.0331 
610000.0 1405.5 306293.1369 276114.4026 336471.8711 0.5021 0.4526 0.5516 509.3318 424.3734 594.2901 
620000.0 1415.75 311797.8731 281212.333 342383.4133 0.5029 0.4536 0.5522 512.846 436.2652 589.4268 
630000.0 1426.125 317301.3256 286300.0735 348302.5777 0.5037 0.4544 0.5529 516.4262 444.2091 588.6434 
640000.0 1436.625 322895.7839 291422.1148 354369.4529 0.5045 0.4553 0.5537 520.295 448.0688 592.5212 
650000.0 1446.875 328490.4768 296521.9764 360458.9771 0.5054 0.4562 0.5546 525.5986 452.0162 599.1811 
660000.0 1457.0 334437.306 301852.8968 367021.7152 0.5067 0.4574 0.5561 535.1155 458.0861 612.1449 
670000.0 1467.375 340006.6952 306732.778 373280.6125 0.5075 0.4578 0.5571 536.6895 453.2527 620.1263 
680000.0 1477.75 346077.9748 312206.6717 379949.2778 0.5089 0.4591 0.5587 546.4669 465.3145 627.6193 
690000.0 1487.75 351704.0205 317216.8282 386191.2128 0.5097 0.4597 0.5597 547.5234 464.8308 630.216 
700000.0 1498.75 357618.9521 322580.5366 392657.3676 0.5109 0.4608 0.5609 547.5392 460.6645 634.414 
710000.0 1509.25 363162.0576 327923.299 398400.8163 0.5115 0.4619 0.5611 544.849 465.2537 624.4443 
720000.0 1519.25 368855.1043 333059.6077 404650.6008 0.5123 0.4626 0.562 549.0111 469.8684 628.1539 
730000.0 1529.625 374429.473 337626.1106 411232.8354 0.5129 0.4625 0.5633 547.943 461.5515 634.3345 
740000.0 1539.75 380204.1296 342741.6352 417666.624 0.5138 0.4632 0.5644 550.9665 467.4525 634.4805 
750000.0 1550.875 386157.0579 347883.6518 424430.4639 0.5149 0.4638 0.5659 550.0324 458.6863 641.3785 
760000.0 1561.625 391906.9081 353225.5689 430588.2474 0.5157 0.4648 0.5666 548.2839 462.9926 633.5751 
770000.0 1572.875 397163.8965 358107.3496 436220.4434 0.5158 0.4651 0.5665 533.4435 448.6772 618.2098 
780000.0 1583.625 402550.4464 363046.0651 442054.8277 0.5161 0.4654 0.5667 526.8406 447.6162 606.065 
790000.0 1594.5 408272.7481 368164.3416 448381.1546 0.5168 0.466 0.5676 528.4951 442.7433 614.247 
800000.0 1605.5 414303.4414 373326.5971 455280.2857 0.5179 0.4667 0.5691 532.493 442.4521 622.5339 
810000.0 1616.25 420289.7864 378230.9903 462348.5824 0.5189 0.467 0.5708 536.0564 440.5615 631.5513 
820000.0 1626.375 425959.2951 383208.3041 468710.2861 0.5195 0.4673 0.5716 541.6061 449.5385 633.6738 
830000.0 1637.25 431799.8396 388214.3762 475385.3031 0.5202 0.4677 0.5728 540.4161 448.4043 632.428 
840000.0 1648.125 437471.0026 392950.8744 481991.1308 0.5208 0.4678 0.5738 538.0239 439.0715 636.9762 
850000.0 1658.5 443541.2858 398013.9307 489068.6408 0.5218 0.4683 0.5754 546.4854 447.0163 645.9544 
860000.0 1668.875 449572.6173 403219.106 495926.1285 0.5228 0.4689 0.5767 553.5294 456.636 650.4228 
870000.0 1679.0 455641.8166 408569.1666 502714.4666 0.5237 0.4696 0.5778 562.7864 465.4655 660.1072 
880000.0 1689.375 461836.1216 413878.3606 509793.8826 0.5248 0.4703 0.5793 569.3609 473.9172 664.8046 
890000.0 1699.5 467775.0255 418882.9741 516667.0769 0.5256 0.4707 0.5805 571.7544 477.1938 666.315 
900000.0 1709.625 473726.3345 424185.0845 523267.5845 0.5264 0.4713 0.5814 573.748 481.3586 666.1374 
910000.0 1719.875 480250.4558 429230.3924 531270.5191 0.5277 0.4717 0.5838 586.0095 476.7684 695.2506 
920000.0 1730.125 486579.8225 434411.7772 538747.8678 0.5289 0.4722 0.5856 591.9871 477.9117 706.0625 
930000.0 1740.625 492983.5616 438904.4985 547062.6247 0.5301 0.4719 0.5882 598.4862 465.006 731.9665 
940000.0 1750.875 499164.3314 443684.7356 554643.9271 0.531 0.472 0.59 599.052 458.9904 739.1136 
950000.0 1760.875 505568.4544 448466.7117 562670.1971 0.5322 0.4721 0.5923 604.6165 453.0985 756.1345 
960000.0 1771.0 511958.9675 453442.7799 570475.1551 0.5333 0.4723 0.5942 610.2325 453.7849 766.6801 
970000.0 1781.375 518480.3425 458447.3372 578513.3478 0.5345 0.4726 0.5964 615.7478 452.282 779.2135 
980000.0 1791.5 524688.1775 463554.0326 585822.3224 0.5354 0.473 0.5978 613.9218 458.5803 769.2632 
990000.0 1801.5 530838.5896 468368.7238 593308.4554 0.5362 0.4731 0.5993 613.5619 457.8465 769.2772 
1000000.0 1811.625 536960.7046 473311.1375 600610.2718 0.537 0.4733 0.6006 611.5074 458.7788 764.236 
1010000.0 1821.875 543434.6636 478031.0602 608838.2671 0.5381 0.4733 0.6028 613.2946 451.8897 774.6995 
1020000.0 1832.375 549858.2191 482608.5967 617107.8415 0.5391 0.4731 0.605 615.455 446.7366 784.1734 
1030000.0 1843.125 556277.8138 487451.6815 625103.946 0.5401 0.4733 0.6069 612.3686 441.0601 783.6772 
1040000.0 1853.25 562801.9489 492719.4495 632884.4482 0.5412 0.4738 0.6085 617.4358 450.3478 784.5237 
1050000.0 1863.375 569420.2556 498034.404 640806.1072 0.5423 0.4743 0.6103 624.3947 458.8738 789.9157 
1060000.0 1873.75 576067.2222 503344.1115 648790.333 0.5435 0.4749 0.6121 628.455 462.7958 794.1142 
1070000.0 1884.25 582589.6158 508165.7495 657013.482 0.5445 0.4749 0.614 627.9695 456.8556 799.0834 
1080000.0 1894.25 589423.9062 513659.7702 665188.0423 0.5458 0.4756 0.6159 637.8839 466.8518 808.9159 
1090000.0 1904.25 596444.9749 519109.6346 673780.3151 0.5472 0.4762 0.6181 650.6215 473.6475 827.5955 
1100000.0 1914.25 602940.0046 524628.1078 681251.9015 0.5481 0.4769 0.6193 648.0061 481.7782 814.2341 
1110000.0 1924.75 610155.4789 530593.3318 689717.626 0.5497 0.478 0.6214 658.1091 483.3644 832.8538 
1120000.0 1934.75 617668.288 536803.5856 698532.9904 0.5515 0.4793 0.6237 673.5819 486.6337 860.5301 
1130000.0 1945.125 624914.2689 542495.4285 707333.1093 0.553 0.4801 0.626 680.8961 485.5265 876.2658 
1140000.0 1955.125 632165.3884 548160.3282 716170.4486 0.5545 0.4808 0.6282 688.9832 489.0386 888.9279 
1150000.0 1965.25 639783.1468 554282.9102 725283.3833 0.5563 0.482 0.6307 700.2836 492.2087 908.3585 
1160000.0 1975.5 646675.8492 560003.1235 733348.575 0.5575 0.4828 0.6322 695.7405 497.2972 894.1838 
1170000.0 1985.75 654174.7351 566221.8792 742127.5911 0.5591 0.484 0.6343 701.628 505.8648 897.3912 
1180000.0 1995.875 661776.8808 572666.7559 750887.0056 0.5608 0.4853 0.6363 711.1125 523.4772 898.7478 
1190000.0 2006.25 669692.4914 578897.2051 760487.7776 0.5628 0.4865 0.6391 721.8325 528.3307 915.3343 
1200000.0 2016.375 677245.3806 585369.3039 769121.4574 0.5644 0.4878 0.6409 726.2161 541.052 911.3802 
1210000.0 2026.5 684536.4265 591499.1455 777573.7075 0.5657 0.4888 0.6426 725.7621 549.4764 902.0478 
1220000.0 2037.625 692012.5394 597478.534 786546.5447 0.5672 0.4897 0.6447 718.5542 544.1275 892.981 
1230000.0 2048.5 699530.0693 603398.9264 795661.2121 0.5687 0.4906 0.6469 718.6276 540.5334 896.7219 
1240000.0 2058.875 706905.0215 608933.3714 804876.6716 0.5701 0.4911 0.6491 719.0739 541.5009 896.6468 
1250000.0 2069.125 714206.8346 614452.4782 813961.191 0.5714 0.4916 0.6512 718.1958 538.57 897.8215 
1260000.0 2079.25 721534.39 619999.0197 823069.7603 0.5726 0.4921 0.6532 720.5225 537.2713 903.7737 
1270000.0 2089.375 729005.6389 625977.5133 832033.7644 0.574 0.4929 0.6551 722.9981 547.4578 898.5385 
1280000.0 2099.5 737073.3462 631891.9979 842254.6946 0.5758 0.4937 0.658 738.048 555.7207 920.3753 
1290000.0 2109.625 744271.7885 637038.4847 851505.0923 0.577 0.4938 0.6601 732.9261 546.3319 919.5204 
1300000.0 2119.625 752243.0866 643444.5675 861041.6058 0.5786 0.495 0.6623 743.7835 562.7045 924.8625 
1310000.0 2129.625 760112.959 649468.5435 870757.3745 0.5802 0.4958 0.6647 748.8691 565.5504 932.1878 
1320000.0 2139.625 768850.573 656212.5702 881488.5758 0.5825 0.4971 0.6678 772.1346 577.8042 966.4651 
1330000.0 2149.75 777630.572 663080.1292 892181.0148 0.5847 0.4986 0.6708 790.2706 584.8353 995.706 
1340000.0 2159.875 785832.1262 669381.3955 902282.857 0.5864 0.4995 0.6733 795.1686 592.9087 997.4285 
1350000.0 2169.875 794284.1508 675847.4169 912720.8846 0.5884 0.5006 0.6761 804.2167 603.816 1004.6175 
1360000.0 2180.125 802662.4087 682086.3578 923238.4597 0.5902 0.5015 0.6789 809.2754 599.9055 1018.6452 
1370000.0 2190.125 811590.5961 689033.2469 934147.9454 0.5924 0.5029 0.6819 822.4126 610.0104 1034.8149 
1380000.0 2200.75 820411.3518 696382.1971 944440.5064 0.5945 0.5046 0.6844 830.1034 611.6959 1048.5109 
1390000.0 2210.75 829000.2429 702978.9739 955021.5118 0.5964 0.5057 0.6871 834.5699 612.2189 1056.9208 
1400000.0 2220.875 837608.7891 709721.5001 965496.0781 0.5983 0.5069 0.6896 837.5911 618.3498 1056.8325 
1410000.0 2231.0 846438.7757 716433.7502 976443.8013 0.6003 0.5081 0.6925 844.3846 622.5303 1066.2389 
1420000.0 2241.125 854650.2911 722737.9942 986562.5881 0.6019 0.509 0.6948 838.7461 621.5476 1055.9447 
1430000.0 2251.25 863203.2986 729814.751 996591.8463 0.6036 0.5104 0.6969 840.8605 617.9069 1063.8141 
1440000.0 2261.375 872199.4954 737473.4594 1006925.5314 0.6057 0.5121 0.6993 849.745 635.8114 1063.6786 
1450000.0 2271.375 881069.2785 745068.7594 1017069.7976 0.6076 0.5138 0.7014 857.209 645.0981 1069.3199 
1460000.0 2281.375 890926.4478 753054.3924 1028798.5031 0.6102 0.5158 0.7047 878.6806 661.4839 1095.8774 
1470000.0 2291.375 900989.8586 761246.1381 1040733.5792 0.6129 0.5179 0.708 901.3065 674.6169 1127.9961 
1480000.0 2301.375 910784.0259 769396.0444 1052172.0073 0.6154 0.5199 0.7109 916.1274 679.8901 1152.3646 
1490000.0 2311.5 921517.2276 778465.8027 1064568.6526 0.6185 0.5225 0.7145 945.1502 703.7488 1186.5517 
1500000.0 2321.5 931771.7631 786300.4606 1077243.0656 0.6212 0.5242 0.7182 958.9731 707.9124 1210.0339 
1510000.0 2331.5 942280.1885 794652.3917 1089907.9853 0.624 0.5263 0.7218 976.276 707.5637 1244.9883 
1520000.0 2341.625 952653.0516 802545.1863 1102760.917 0.6267 0.528 0.7255 985.1312 702.4306 1267.8319 
1530000.0 2351.625 963391.721 810773.9886 1116009.4534 0.6297 0.5299 0.7294 1002.0406 710.1074 1293.9739 
1540000.0 2361.625 973597.6772 818325.3373 1128870.0172 0.6322 0.5314 0.733 1006.9929 710.5648 1303.421 
1550000.0 2371.625 984063.1381 826460.107 1141666.1693 0.6349 0.5332 0.7366 1012.9894 725.0597 1300.9191 
1560000.0 2382.0 993979.5399 834139.9992 1153819.0805 0.6372 0.5347 0.7396 1003.419 723.3787 1283.4593 
1570000.0 2392.125 1003834.8571 841916.9988 1165752.7154 0.6394 0.5363 0.7425 1001.8345 730.0867 1273.5823 
1580000.0 2402.25 1013891.7371 849676.1992 1178107.275 0.6417 0.5378 0.7456 999.4839 726.3669 1272.6008 
1590000.0 2412.625 1023597.7362 857246.8836 1189948.5889 0.6438 0.5391 0.7484 989.8689 715.9205 1263.8173 
1600000.0 2422.625 1034047.3184 865474.4318 1202620.205 0.6463 0.5409 0.7516 999.6868 719.7733 1279.6002 
1610000.0 2432.625 1044975.2146 874016.7964 1215933.6328 0.6491 0.5429 0.7552 1014.9929 723.8828 1306.103 
1620000.0 2442.625 1055880.0688 883086.403 1228673.7345 0.6518 0.5451 0.7584 1028.3438 736.3331 1320.3544 
1630000.0 2452.75 1067774.12 892764.9117 1242783.3283 0.6551 0.5477 0.7624 1057.377 755.8537 1358.9003 
1640000.0 2462.875 1079613.8261 902247.1779 1256980.4744 0.6583 0.5502 0.7665 1077.6319 767.4782 1387.7855 
1650000.0 2472.875 1090449.2877 911090.1646 1269808.4109 0.6609 0.5522 0.7696 1079.7866 770.8582 1388.715 
1660000.0 2483.0 1101709.7759 919705.7074 1283713.8443 0.6637 0.554 0.7733 1084.7375 768.2031 1401.2719 
1670000.0 2493.0 1112101.0176 928218.4762 1295983.5591 0.6659 0.5558 0.776 1078.1601 775.4242 1380.896 
1680000.0 2503.0 1122934.0378 936974.1653 1308893.9102 0.6684 0.5577 0.7791 1078.656 768.638 1388.674 
1690000.0 2513.0 1134602.3369 946234.0639 1322970.6098 0.6714 0.5599 0.7828 1094.0509 774.6783 1413.4234 
1700000.0 2523.125 1145989.7514 955730.8608 1336248.642 0.6741 0.5622 0.786 1099.9004 784.8976 1414.9032 
1710000.0 2533.25 1157840.685 965191.7525 1350489.6175 0.6771 0.5644 0.7898 1113.9154 794.5278 1433.303 
1720000.0 2543.375 1169897.9626 974931.0596 1364864.8657 0.6802 0.5668 0.7935 1128.9792 807.9422 1450.0163 
1730000.0 2553.625 1182168.1179 985485.827 1378850.4088 0.6833 0.5696 0.797 1143.1649 837.45 1448.8798 
1740000.0 2563.625 1194961.2746 995964.8224 1393957.7268 0.6868 0.5724 0.8011 1167.6019 871.679 1463.5248 
1750000.0 2573.625 1208265.9922 1007110.6365 1409421.348 0.6904 0.5755 0.8054 1199.887 903.2279 1496.5461 
1760000.0 2583.625 1221623.019 1017774.2196 1425471.8184 0.6941 0.5783 0.8099 1223.6165 915.2009 1532.0321 
1770000.0 2593.75 1235009.2574 1028646.9988 1441371.516 0.6977 0.5812 0.8143 1242.9326 931.1803 1554.6849 
1780000.0 2603.75 1247667.4383 1039665.8455 1455669.031 0.7009 0.5841 0.8178 1246.8522 960.0245 1533.68 
1790000.0 2613.75 1260996.0356 1051037.3219 1470954.7493 0.7045 0.5872 0.8218 1262.5376 982.3481 1542.7272 
1800000.0 2623.75 1274006.254 1061885.9385 1486126.5695 0.7078 0.5899 0.8256 1267.9311 990.1394 1545.7228 
1810000.0 2633.75 1287845.6042 1073853.4334 1501837.7751 0.7115 0.5933 0.8297 1290.9357 1024.1261 1557.7454 
1820000.0 2643.75 1301802.2401 1085654.0756 1517950.4047 0.7153 0.5965 0.834 1309.6973 1033.3289 1586.0656 
1830000.0 2653.75 1315613.4511 1096805.0558 1534421.8465 0.7189 0.5993 0.8385 1321.5146 1035.3827 1607.6465 
1840000.0 2663.75 1329409.5661 1108568.1594 1550250.9728 0.7225 0.6025 0.8425 1332.2768 1050.344 1614.2095 
1850000.0 2673.75 1343071.8635 1120242.6623 1565901.0647 0.726 0.6055 0.8464 1337.369 1063.5445 1611.1935 
1860000.0 2683.75 1356207.5498 1131636.1173 1580778.9822 0.7291 0.6084 0.8499 1331.1521 1073.6416 1588.6626 
1870000.0 2693.75 1369731.4256 1143598.0934 1595864.7579 0.7325 0.6115 0.8534 1333.4219 1083.9072 1582.9366 
1880000.0 2703.75 1382839.5945 1154716.3671 1610962.8219 0.7356 0.6142 0.8569 1332.3914 1078.0737 1586.7091 
1890000.0 2713.875 1396038.2144 1165769.707 1626306.7217 0.7386 0.6168 0.8605 1327.4449 1068.6054 1586.2843 
1900000.0 2723.875 1408903.1537 1177494.5092 1640311.7983 0.7415 0.6197 0.8633 1317.6152 1081.6258 1553.6047 
1910000.0 2734.0 1421806.115 1189230.978 1654381.252 0.7444 0.6226 0.8662 1308.8859 1090.478 1527.2938 
1920000.0 2744.0 1435255.8886 1202016.2422 1668495.535 0.7475 0.6261 0.869 1316.5016 1109.3748 1523.6284 
1930000.0 2754.0 1448480.8528 1214237.4652 1682724.2403 0.7505 0.6291 0.8719 1315.8208 1110.6916 1520.9499 
1940000.0 2764.0 1461863.805 1226887.5788 1696840.0312 0.7535 0.6324 0.8747 1320.3709 1114.5703 1526.1714 
1950000.0 2774.0 1475565.3886 1239245.1329 1711885.6444 0.7567 0.6355 0.8779 1331.3278 1122.8257 1539.8298 
1960000.0 2784.125 1489277.7379 1251846.4001 1726709.0757 0.7598 0.6387 0.881 1332.2944 1119.5244 1545.0643 
1970000.0 2794.125 1503656.8186 1265363.5154 1741950.1219 0.7633 0.6423 0.8842 1351.1166 1140.1874 1562.0459 
1980000.0 2804.375 1517032.5261 1277586.2662 1756478.7861 0.7662 0.6452 0.8871 1344.586 1145.3946 1543.7774 
1990000.0 2814.375 1532049.892 1291097.4314 1773002.3526 0.7699 0.6488 0.891 1371.235 1160.0106 1582.4594 
2000000.0 2824.375 1546324.4792 1303845.8154 1788803.1431 0.7732 0.6519 0.8944 1383.3201 1168.3497 1598.2905 
2010000.0 2834.625 1560260.9742 1316569.8291 1803952.1194 0.7762 0.655 0.8975 1381.5597 1170.9916 1592.1279 
2020000.0 2844.625 1575361.174 1330424.2724 1820298.0756 0.7799 0.6586 0.9011 1402.6125 1199.3097 1605.9153 
2030000.0 2854.625 1589672.0932 1343850.3521 1835493.8344 0.7831 0.662 0.9042 1409.7429 1221.6944 1597.7914 
2040000.0 2864.625 1604817.3192 1357538.2724 1852096.3661 0.7867 0.6655 0.9079 1427.3088 1226.774 1627.8435 
2050000.0 2874.625 1619689.3566 1371061.5841 1868317.1292 0.7901 0.6688 0.9114 1435.7346 1230.9805 1640.4887 
2060000.0 2884.75 1635177.6049 1385372.8106 1884982.3992 0.7938 0.6725 0.915 1451.2732 1251.5238 1651.0227 
2070000.0 2894.75 1649332.8232 1399513.1551 1899152.4914 0.7968 0.6761 0.9175 1447.7456 1276.9657 1618.5256 
2080000.0 2904.75 1664320.4387 1413380.062 1915260.8155 0.8002 0.6795 0.9208 1452.9656 1288.7683 1617.163 
2090000.0 2915.0 1679880.3946 1427632.3209 1932128.4684 0.8038 0.6831 0.9245 1469.08 1296.8643 1641.2957 
2100000.0 2925.125 1694079.8526 1440748.6415 1947411.0637 0.8067 0.6861 0.9273 1457.6961 1289.1328 1626.2594 
2110000.0 2935.125 1708749.7423 1453786.0452 1963713.4393 0.8098 0.689 0.9307 1457.4934 1272.3969 1642.5899 
2120000.0 2945.125 1723158.6822 1466625.1008 1979692.2637 0.8128 0.6918 0.9338 1455.3932 1260.2861 1650.5004 
2130000.0 2955.25 1738005.0706 1479673.8117 1996336.3295 0.816 0.6947 0.9372 1455.3849 1250.7428 1660.0269 
2140000.0 2965.625 1753247.849 1493358.1843 2013137.5137 0.8193 0.6978 0.9407 1464.8031 1255.1587 1674.4475 
2150000.0 2975.75 1768764.714 1507310.1712 2030219.2568 0.8227 0.7011 0.9443 1474.7384 1273.6342 1675.8425 
2160000.0 2985.75 1785383.3275 1522790.2563 2047976.3987 0.8266 0.705 0.9481 1507.5914 1305.2401 1709.9426 
2170000.0 2995.75 1801729.2626 1538183.0058 2065275.5194 0.8303 0.7088 0.9517 1532.8054 1339.7894 1725.8214 
2180000.0 3005.75 1816839.4494 1552745.8069 2080933.0918 0.8334 0.7123 0.9546 1529.902 1345.6611 1714.1429 
2190000.0 3015.875 1831670.6551 1566522.2595 2096819.0507 0.8364 0.7153 0.9575 1514.6657 1326.1053 1703.2262 
2200000.0 3026.0 1846589.9471 1579809.9552 2113369.9391 0.8394 0.7181 0.9606 1509.0095 1314.0964 1703.9226 
2210000.0 3036.0 1861629.2698 1592854.2529 2130404.2866 0.8424 0.7207 0.964 1509.8076 1312.9544 1706.6608 
2220000.0 3046.0 1877713.3894 1608269.8662 2147156.9125 0.8458 0.7244 0.9672 1524.645 1341.391 1707.899 
2230000.0 3056.0 1894662.3566 1623661.093 2165663.6203 0.8496 0.7281 0.9711 1553.9671 1364.7753 1743.159 
2240000.0 3066.0 1911752.582 1640079.6374 2183425.5266 0.8535 0.7322 0.9747 1582.8376 1401.9048 1763.7704 
2250000.0 3076.0 1929226.5879 1656717.1378 2201736.0379 0.8574 0.7363 0.9785 1611.6958 1438.3223 1785.0692 
2260000.0 3086.0 1945596.0445 1672059.9745 2219132.1145 0.8609 0.7398 0.9819 1620.8714 1452.1626 1789.5801 
2270000.0 3096.0 1962474.0474 1688022.5043 2236925.5905 0.8645 0.7436 0.9854 1635.0904 1461.9241 1808.2567 
2280000.0 3106.0 1978633.5548 1703326.5931 2253940.5164 0.8678 0.7471 0.9886 1628.3392 1467.3391 1789.3394 
2290000.0 3116.125 1994577.4156 1718454.7652 2270700.066 0.871 0.7504 0.9916 1617.6845 1447.1719 1788.1971 
2300000.0 3126.125 2011171.2868 1734421.5578 2287921.0157 0.8744 0.7541 0.9947 1625.7714 1456.6866 1794.8561 
2310000.0 3136.125 2028615.4124 1751199.5821 2306031.2426 0.8782 0.7581 0.9983 1647.9325 1474.6397 1821.2253 
2320000.0 3146.125 2046219.869 1767817.3644 2324622.3736 0.882 0.762 1.002 1670.122 1497.4225 1842.8215 
2330000.0 3156.125 2063689.0114 1785179.1223 2342198.9005 0.8857 0.7662 1.0052 1681.5151 1503.8826 1859.1477 
2340000.0 3166.125 2081184.9051 1802686.2796 2359683.5307 0.8894 0.7704 1.0084 1693.9535 1519.5902 1868.3168 
2350000.0 3176.125 2097951.3174 1819605.9388 2376296.696 0.8927 0.7743 1.0112 1690.3685 1526.6078 1854.1292 
2360000.0 3186.125 2115258.2265 1836493.3064 2394023.1466 0.8963 0.7782 1.0144 1696.4681 1532.3825 1860.5537 
2370000.0 3196.125 2132573.1501 1854209.4164 2410936.8838 0.8998 0.7824 1.0173 1702.3931 1543.1571 1861.6291 
2380000.0 3206.125 2149943.5836 1872028.2852 2427858.882 0.9033 0.7866 1.0201 1709.078 1557.0211 1861.1349 
2390000.0 3216.125 2167043.1424 1889249.4482 2444836.8365 0.9067 0.7905 1.0229 1709.0425 1556.203 1861.882 
2400000.0 3226.125 2184121.0339 1905874.009 2462368.0587 0.9101 0.7941 1.026 1708.5675 1556.6964 1860.4386 
2410000.0 3236.125 2202002.8224 1923920.1393 2480085.5055 0.9137 0.7983 1.0291 1729.0095 1579.5981 1878.4209 
2420000.0 3246.125 2219330.7169 1941336.3843 2497325.0495 0.9171 0.8022 1.032 1726.6534 1608.6396 1844.6671 
2430000.0 3256.125 2237343.5432 1959532.5953 2515154.4912 0.9207 0.8064 1.035 1735.5618 1620.0189 1851.1046 
2440000.0 3266.125 2255180.1493 1977293.986 2533066.3125 0.9243 0.8104 1.0381 1742.5399 1616.8104 1868.2694 
2450000.0 3276.25 2271800.1665 1993969.7719 2549630.5611 0.9273 0.8139 1.0407 1729.5808 1590.8155 1868.346 
2460000.0 3286.25 2289539.7429 2010624.1159 2568455.3699 0.9307 0.8173 1.0441 1736.4261 1582.5843 1890.2679 
2470000.0 3296.25 2306734.861 2026768.2947 2586701.4273 0.9339 0.8206 1.0472 1734.4122 1559.335 1909.4895 
2480000.0 3306.25 2325028.8795 2044990.5862 2605067.1728 0.9375 0.8246 1.0504 1749.0741 1583.0521 1915.0961 
2490000.0 3316.625 2343430.0145 2063034.8387 2623825.1903 0.9411 0.8285 1.0537 1763.0295 1606.3385 1919.7205 
2500000.0 3326.625 2361258.5046 2081047.85 2641469.1592 0.9445 0.8324 1.0566 1765.501 1610.8394 1920.1626 
2510000.0 3336.625 2379707.8846 2099898.9465 2659516.8227 0.9481 0.8366 1.0596 1780.2471 1632.132 1928.3623 
2520000.0 3346.625 2397883.9096 2118267.7868 2677500.0325 0.9515 0.8406 1.0625 1788.4784 1639.2136 1937.7431 
2530000.0 3356.625 2415911.7231 2136708.3829 2695115.0634 0.9549 0.8445 1.0653 1789.3062 1627.7608 1950.8517 
2540000.0 3367.0 2434180.3282 2156366.3093 2711994.3472 0.9583 0.849 1.0677 1779.484 1614.5323 1944.4357 
2550000.0 3377.125 2451859.4679 2175111.8362 2728607.0996 0.9615 0.853 1.07 1775.8746 1616.6964 1935.0529 
2560000.0 3387.125 2469590.5039 2192641.7071 2746539.3006 0.9647 0.8565 1.0729 1776.5799 1612.8332 1940.3265 
2570000.0 3397.125 2487663.1335 2211060.9433 2764265.3237 0.968 0.8603 1.0756 1780.6166 1621.4535 1939.7798 
2580000.0 3407.125 2505742.9178 2229319.1223 2782166.7132 0.9712 0.8641 1.0784 1785.2911 1626.3397 1944.2426 
2590000.0 3417.125 2524159.5645 2248430.2324 2799888.8966 0.9746 0.8681 1.081 1797.0688 1637.644 1956.4935 
2600000.0 3427.125 2542444.9865 2267093.6949 2817796.2781 0.9779 0.872 1.0838 1801.3339 1630.0196 1972.6481 
2610000.0 3437.125 2560679.8674 2285473.1329 2835886.6019 0.9811 0.8757 1.0865 1805.5792 1640.9437 1970.2148 
2620000.0 3447.25 2579454.4476 2304183.5232 2854725.3721 0.9845 0.8795 1.0896 1815.602 1652.2508 1978.9532 
2630000.0 3457.25 2597791.1084 2322185.5088 2873396.7079 0.9878 0.883 1.0925 1822.3982 1649.4722 1995.3243 
2640000.0 3467.25 2615337.2378 2339374.0498 2891300.4257 0.9907 0.8861 1.0952 1809.0195 1644.2008 1973.8382 
2650000.0 3477.25 2632271.5629 2356433.3257 2908109.8 0.9933 0.8892 1.0974 1787.7985 1624.004 1951.593 
2660000.0 3487.25 2650175.2661 2373853.7136 2926496.8187 0.9963 0.8924 1.1002 1787.6359 1627.3328 1947.939 
2670000.0 3497.25 2667540.4216 2390979.9 2944100.9432 0.9991 0.8955 1.1027 1778.9728 1616.4147 1941.5308 
2680000.0 3507.25 2685119.7782 2408511.2052 2961728.3513 1.0019 0.8987 1.1051 1775.4834 1619.8416 1931.1251 
2690000.0 3517.375 2702985.8884 2426305.6872 2979666.0896 1.0048 0.902 1.1077 1775.4275 1608.7634 1942.0916 
2700000.0 3527.375 2720506.5135 2444565.9618 2996447.0652 1.0076 0.9054 1.1098 1771.5211 1593.4942 1949.5481 
2710000.0 3537.375 2737714.0735 2462316.4339 3013111.7131 1.0102 0.9086 1.1118 1761.901 1589.9046 1933.8974 
2720000.0 3547.5 2755871.0836 2480613.0304 3031129.1369 1.0132 0.912 1.1144 1768.3172 1591.5842 1945.0503 
2730000.0 3557.5 2774142.7314 2499052.0795 3049233.3832 1.0162 0.9154 1.1169 1778.6144 1608.5542 1948.6746 
2740000.0 3567.5 2792539.1645 2518503.4516 3066574.8774 1.0192 0.9192 1.1192 1789.6455 1621.0397 1958.2513 
2750000.0 3577.5 2811134.8124 2536947.3484 3085322.2764 1.0222 0.9225 1.1219 1803.0714 1648.6738 1957.469 
2760000.0 3587.625 2828432.4704 2555396.3209 3101468.6198 1.0248 0.9259 1.1237 1789.1769 1630.2178 1948.136 
2770000.0 3597.625 2846157.1679 2575154.5053 3117159.8305 1.0275 0.9297 1.1253 1783.7289 1619.2738 1948.1839 
2780000.0 3607.625 2865301.931 2594429.8926 3136173.9694 1.0307 0.9332 1.1281 1806.399 1644.333 1968.465 
2790000.0 3617.75 2884333.716 2614087.4128 3154580.0192 1.0338 0.9369 1.1307 1822.1569 1660.1814 1984.1324 
2800000.0 3627.75 2903019.6001 2633207.1491 3172832.0511 1.0368 0.9404 1.1332 1832.2725 1669.1398 1995.4052 
2810000.0 3637.75 2921828.8299 2651868.5703 3191789.0894 1.0398 0.9437 1.1359 1839.468 1675.5628 2003.3732 
2820000.0 3647.75 2939929.7569 2669972.2066 3209887.3072 1.0425 0.9468 1.1383 1834.4478 1670.038 1998.8575 
2830000.0 3657.75 2957705.137 2687248.0584 3228162.2156 1.0451 0.9496 1.1407 1825.5858 1678.2407 1972.9308 
2840000.0 3667.75 2976505.4655 2704956.7862 3248054.1448 1.0481 0.9524 1.1437 1834.1945 1699.7916 1968.5974 
2850000.0 3677.75 2994286.0026 2722523.6078 3266048.3974 1.0506 0.9553 1.146 1826.5884 1697.4813 1955.6954 
2860000.0 3687.75 3012270.8071 2740973.0143 3283568.5999 1.0532 0.9584 1.1481 1818.4495 1707.8017 1929.0973 
2870000.0 3697.75 3031062.51 2759003.4878 3303121.5322 1.0561 0.9613 1.1509 1829.3539 1711.9922 1946.7155 
2880000.0 3707.75 3050014.3111 2777509.7318 3322518.8905 1.059 0.9644 1.1537 1839.529 1717.9236 1961.1344 
2890000.0 3717.75 3069140.8215 2796288.2444 3341993.3986 1.062 0.9676 1.1564 1853.3279 1728.6974 1977.9583 
2900000.0 3727.75 3087444.0371 2814355.6165 3360532.4578 1.0646 0.9705 1.1588 1850.1455 1720.6748 1979.6162 
2910000.0 3737.75 3106526.0379 2833784.9247 3379267.151 1.0675 0.9738 1.1613 1861.9726 1733.6142 1990.3311 
2920000.0 3747.75 3125883.129 2853406.0198 3398360.2382 1.0705 0.9772 1.1638 1873.3549 1745.9449 2000.7648 
2930000.0 3757.875 3144471.937 2872076.8093 3416867.0647 1.0732 0.9802 1.1662 1869.7229 1744.618 1994.8278 
2940000.0 3767.875 3163219.1298 2891441.4673 3434996.7922 1.0759 0.9835 1.1684 1870.205 1740.3781 2000.0319 
2950000.0 3777.875 3181782.1065 2909646.4877 3453917.7253 1.0786 0.9863 1.1708 1867.6384 1741.6032 1993.6735 
2960000.0 3788.0 3200388.4892 2927836.7965 3472940.182 1.0812 0.9891 1.1733 1858.7009 1727.1238 1990.2779 
2970000.0 3798.0 3219007.8225 2945724.7582 3492290.8868 1.0838 0.9918 1.1759 1862.0584 1721.3993 2002.7174 
2980000.0 3808.125 3237944.36 2964236.593 3511652.127 1.0866 0.9947 1.1784 1860.6319 1720.3548 2000.9089 
2990000.0 3818.125 3257144.6059 2983747.0389 3530542.1728 1.0893 0.9979 1.1808 1871.5399 1725.4678 2017.6119 
3000000.0 3828.125 3275869.111 3002247.443 3549490.779 1.092 1.0007 1.1832 1873.6528 1736.4011 2010.9044 
3010000.0 3838.125 3295309.4968 3021064.3206 3569554.6729 1.0948 1.0037 1.1859 1885.4339 1750.3237 2020.5441 
3020000.0 3848.125 3314134.4678 3039768.5628 3588500.3727 1.0974 1.0065 1.1882 1881.0336 1747.8188 2014.2484 
3030000.0 3858.125 3332968.0421 3058675.7472 3607260.337 1.1 1.0095 1.1905 1879.681 1751.8595 2007.5025 
3040000.0 3868.125 3351003.695 3077880.0209 3624127.3691 1.1023 1.0125 1.1921 1868.0735 1738.7303 1997.4167 
3050000.0 3878.125 3368701.9 3096441.6235 3640962.1765 1.1045 1.0152 1.1938 1849.5985 1715.8778 1983.3192 
3060000.0 3888.125 3386972.0799 3115730.3649 3658213.7949 1.1069 1.0182 1.1955 1843.4034 1702.3078 1984.499 
3070000.0 3898.125 3406733.7689 3135928.3903 3677539.1474 1.1097 1.0215 1.1979 1870.3785 1739.4581 2001.2989 
3080000.0 3908.125 3425723.6656 3155079.1086 3696368.2226 1.1122 1.0244 1.2001 1874.8351 1755.0523 1994.618 
3090000.0 3918.375 3442923.2652 3172335.9574 3713510.5731 1.1142 1.0266 1.2018 1841.4406 1719.4122 1963.469 
3100000.0 3928.375 3459409.7536 3189527.9725 3729291.5348 1.1159 1.0289 1.203 1803.5626 1667.9887 1939.1365 
3110000.0 3938.5 3477664.4194 3207712.4854 3747616.3534 1.1182 1.0314 1.205 1805.1429 1676.835 1933.4508 
3120000.0 3948.5 3496659.3364 3227211.588 3766107.0847 1.1207 1.0344 1.2071 1824.0296 1699.5684 1948.4909 
3130000.0 3958.5 3516267.8262 3246638.3217 3785897.3308 1.1234 1.0373 1.2096 1850.4989 1731.9955 1969.0023 
3140000.0 3968.5 3534695.2935 3263905.1148 3805485.4722 1.1257 1.0395 1.2119 1848.162 1748.7354 1947.5886 
3150000.0 3978.5 3552512.3025 3281195.4923 3823829.1127 1.1278 1.0416 1.2139 1838.3488 1750.6389 1926.0586 
3160000.0 3988.5 3571304.2864 3300730.6254 3841877.9473 1.1302 1.0445 1.2158 1843.156 1749.4907 1936.8213 
3170000.0 3998.5 3589830.3435 3319875.7592 3859784.9278 1.1324 1.0473 1.2176 1844.2269 1741.8623 1946.5915 
3180000.0 4008.5 3609012.489 3339748.3111 3878276.6669 1.1349 1.0502 1.2196 1856.7867 1753.0691 1960.5044 
3190000.0 4018.5 3628404.3032 3360145.3077 3896663.2988 1.1374 1.0533 1.2215 1875.121 1767.6256 1982.6164 
3200000.0 4028.5 3647327.1772 3379302.908 3915351.4465 1.1398 1.056 1.2235 1874.7 1770.4934 1978.9066 
3210000.0 4038.5 3666751.2645 3399545.6196 3933956.9094 1.1423 1.059 1.2255 1886.804 1784.6465 1988.9615 
3220000.0 4048.5 3686182.559 3418795.068 3953570.05 1.1448 1.0617 1.2278 1897.7172 1792.3462 2003.0883 
3230000.0 4058.5 3705096.8612 3438410.95 3971782.7725 1.1471 1.0645 1.2297 1897.4954 1791.4261 2003.5646 
3240000.0 4068.5 3723950.8404 3457410.3156 3990491.3652 1.1494 1.0671 1.2316 1895.54 1794.7163 1996.3637 
3250000.0 4078.5 3741985.1951 3475698.1107 4008272.2796 1.1514 1.0694 1.2333 1879.1231 1778.0749 1980.1714 
3260000.0 4088.5 3760641.6391 3495166.5661 4026116.7122 1.1536 1.0721 1.235 1871.6905 1760.3531 1983.0279 
3270000.0 4098.625 3779984.8832 3514714.5062 4045255.2603 1.156 1.0748 1.2371 1879.7168 1763.1358 1996.2977 
3280000.0 4108.625 3797575.9215 3532628.6938 4062523.1492 1.1578 1.077 1.2386 1860.3589 1761.9284 1958.7893 
3290000.0 4118.625 3815548.9482 3551678.0074 4079419.8891 1.1597 1.0795 1.2399 1849.2899 1728.5851 1969.9946 
3300000.0 4128.625 3832119.153 3569896.7439 4094341.5621 1.1612 1.0818 1.2407 1815.5638 1685.6533 1945.4742 
3310000.0 4138.625 3849728.286 3588696.2102 4110760.3618 1.1631 1.0842 1.2419 1804.6046 1661.1641 1948.0452 
3320000.0 4148.625 3868832.2229 3607918.8059 4129745.6398 1.1653 1.0867 1.2439 1821.4676 1685.6724 1957.2628 
3330000.0 4158.625 3887147.4142 3626978.1331 4147316.6954 1.1673 1.0892 1.2454 1825.1307 1676.2251 1974.0364 
3340000.0 4168.625 3904745.8426 3644766.3114 4164725.3738 1.1691 1.0912 1.2469 1811.0822 1661.7075 1960.457 
3350000.0 4178.625 3922918.7488 3664383.1847 4181454.3128 1.171 1.0938 1.2482 1813.4894 1660.5284 1966.4504 
3360000.0 4188.75 3941640.2395 3683413.2335 4199867.2455 1.1731 1.0963 1.25 1819.5562 1666.5429 1972.5696 
3370000.0 4198.75 3960337.3057 3703636.2852 4217038.3263 1.1752 1.099 1.2513 1829.9785 1658.553 2001.404 
3380000.0 4208.75 3976952.936 3722872.4785 4231033.3935 1.1766 1.1014 1.2518 1796.4716 1599.3215 1993.6218 
3390000.0 4218.75 3995241.1225 3741697.5431 4248784.7019 1.1785 1.1037 1.2533 1799.4581 1604.4295 1994.4868 
3400000.0 4228.875 4012897.8348 3759615.5303 4266180.1392 1.1803 1.1058 1.2548 1794.9711 1610.3165 1979.6258 
3410000.0 4238.875 4032207.4931 3779544.4 4284870.5863 1.1825 1.1084 1.2566 1819.6027 1632.7518 2006.4537 
3420000.0 4248.875 4050061.6514 3797733.4188 4302389.884 1.1842 1.1104 1.258 1815.5325 1645.0716 1985.9934 
3430000.0 4258.875 4068382.6449 3816669.5605 4320095.7292 1.1861 1.1127 1.2595 1817.8182 1647.3666 1988.2699 
3440000.0 4268.875 4087447.1918 3836168.3889 4338725.9946 1.1882 1.1152 1.2613 1833.4726 1658.4286 2008.5167 
3450000.0 4278.875 4106650.8179 3855522.406 4357779.2298 1.1903 1.1175 1.2631 1852.2486 1670.0412 2034.456 
3460000.0 4288.875 4125500.35 3874708.3025 4376292.3975 1.1923 1.1199 1.2648 1855.1409 1676.1377 2034.1441 
3470000.0 4298.875 4144994.0524 3894986.2423 4395001.8625 1.1945 1.1225 1.2666 1869.3875 1690.3126 2048.4624 
3480000.0 4308.875 4164394.8957 3915171.8137 4413617.9778 1.1967 1.125 1.2683 1887.4232 1708.976 2065.8705 
3490000.0 4318.875 4183287.7191 3934477.5247 4432097.9136 1.1986 1.1274 1.2699 1884.1644 1696.1441 2072.1847 
3500000.0 4328.875 4201783.4165 3954245.9799 4449320.8531 1.2005 1.1298 1.2712 1877.4966 1688.4175 2066.5757 
3510000.0 4338.875 4220021.625 3973458.5467 4466584.7033 1.2023 1.132 1.2725 1869.8055 1685.5197 2054.0913 
3520000.0 4348.875 4237992.4611 3992000.9798 4483983.9424 1.204 1.1341 1.2739 1853.4994 1675.0978 2031.9009 
3530000.0 4358.875 4256658.5239 4010960.6309 4502356.4169 1.2059 1.1362 1.2755 1856.544 1684.2108 2028.8772 
3540000.0 4368.875 4275727.641 4029788.4354 4521666.8466 1.2078 1.1384 1.2773 1865.4788 1691.4061 2039.5514 
3550000.0 4378.875 4293948.1048 4048591.09 4539305.1195 1.2096 1.1404 1.2787 1859.1829 1681.0876 2037.2782 
3560000.0 4388.875 4313021.7282 4067232.1763 4558811.2802 1.2115 1.1425 1.2806 1867.4356 1689.8894 2044.9818 
3570000.0 4398.875 4332986.9788 4087254.2104 4578719.7471 1.2137 1.1449 1.2826 1889.3236 1722.9234 2055.7238 
3580000.0 4408.875 4352877.6874 4107892.8859 4597862.4888 1.2159 1.1475 1.2843 1909.5341 1739.4835 2079.5848 
3590000.0 4418.875 4372607.2032 4128018.0506 4617196.3559 1.218 1.1499 1.2861 1925.4611 1745.4132 2105.5091 
3600000.0 4429.0 4393194.5144 4148585.9031 4637803.1257 1.2203 1.1524 1.2883 1943.3934 1767.7173 2119.0695 
3610000.0 4439.0 4412521.3566 4168306.5909 4656736.1224 1.2223 1.1547 1.29 1943.7169 1777.8322 2109.6015 
3620000.0 4449.0 4432602.4252 4189066.3334 4676138.5171 1.2245 1.1572 1.2918 1951.1511 1784.4873 2117.8149 
3630000.0 4459.625 4451958.8676 4208539.0573 4695378.6779 1.2264 1.1594 1.2935 1930.8184 1777.1992 2084.4376 
3640000.0 4469.625 4471250.923 4228947.7217 4713554.1243 1.2284 1.1618 1.2949 1928.841 1767.0413 2090.6407 
3650000.0 4479.625 4490332.8215 4248692.1693 4731973.4737 1.2302 1.164 1.2964 1923.1025 1747.4292 2098.7758 
3660000.0 4489.625 4510320.5832 4268829.282 4751811.8845 1.2323 1.1663 1.2983 1934.506 1771.6845 2097.3275 
3670000.0 4499.625 4529631.8862 4287923.5095 4771340.263 1.2342 1.1684 1.3001 1934.5991 1787.0746 2082.1236 
3680000.0 4509.625 4548815.0212 4307363.5492 4790266.4933 1.2361 1.1705 1.3017 1933.4152 1782.4412 2084.3893 
3690000.0 4519.625 4568131.5239 4327245.6819 4809017.3659 1.238 1.1727 1.3033 1931.7658 1787.2576 2076.2739 
3700000.0 4529.625 4587052.1795 4345393.6474 4828710.7116 1.2397 1.1744 1.3051 1927.9222 1795.1454 2060.6991 
3710000.0 4539.625 4605778.5447 4364527.1843 4847029.9052 1.2414 1.1764 1.3065 1915.1229 1771.4256 2058.8202 
3720000.0 4549.625 4624969.3589 4384329.7141 4865609.0037 1.2433 1.1786 1.308 1915.4923 1770.645 2060.3395 
3730000.0 4559.625 4645217.6958 4404852.9976 4885582.3939 1.2454 1.1809 1.3098 1934.0245 1789.6869 2078.3621 
3740000.0 4569.625 4664580.9965 4425266.1515 4903895.8415 1.2472 1.1832 1.3112 1938.9902 1777.6712 2100.3093 
3750000.0 4579.625 4684460.453 4445961.8375 4922959.0685 1.2492 1.1856 1.3128 1947.5494 1781.481 2113.6178 
3760000.0 4589.625 4702880.484 4463548.0115 4942212.9565 1.2508 1.1871 1.3144 1927.4718 1771.7635 2083.18 
3770000.0 4599.625 4721713.4664 4482780.5533 4960646.3795 1.2524 1.1891 1.3158 1921.2105 1776.6484 2065.7726 
3780000.0 4609.75 4739387.8372 4501648.5393 4977127.1352 1.2538 1.1909 1.3167 1889.0732 1741.7489 2036.3976 
3790000.0 4620.0 4757609.5862 4520378.4396 4994840.7329 1.2553 1.1927 1.3179 1866.5848 1707.5198 2025.6497 
3800000.0 4630.0 4775915.5449 4538542.0451 5013289.0446 1.2568 1.1944 1.3193 1853.5898 1688.411 2018.7685 
3810000.0 4640.0 4795099.348 4557120.5533 5033078.1427 1.2586 1.1961 1.321 1866.122 1702.1713 2030.0727 
3820000.0 4650.125 4814403.649 4577061.7894 5051745.5086 1.2603 1.1982 1.3224 1878.311 1717.016 2039.606 
3830000.0 4660.125 4833454.6549 4596517.9865 5070391.3233 1.262 1.2001 1.3239 1881.7841 1721.3777 2042.1906 
3840000.0 4670.125 4852287.9468 4615893.4998 5088682.3937 1.2636 1.2021 1.3252 1883.5512 1720.9545 2046.148 
3850000.0 4680.125 4871070.4346 4634999.0138 5107141.8554 1.2652 1.2039 1.3265 1880.2431 1724.4256 2036.0607 
3860000.0 4690.25 4890950.1904 4655042.2406 5126858.1401 1.2671 1.206 1.3282 1899.0774 1751.2732 2046.8816 
3870000.0 4700.25 4910095.1604 4673577.2843 5146613.0364 1.2688 1.2076 1.3299 1906.7739 1758.8932 2054.6546 
3880000.0 4710.25 4929278.02 4691943.6302 5166612.4098 1.2704 1.2093 1.3316 1906.0784 1745.878 2066.2788 
3890000.0 4720.375 4948693.8413 4710985.4482 5186402.2343 1.2722 1.2111 1.3333 1911.6702 1739.4298 2083.9107 
3900000.0 4730.5 4968025.5604 4730675.4895 5205375.6312 1.2739 1.213 1.3347 1917.5544 1762.9746 2072.1342 
3910000.0 4740.875 4987173.6879 4750610.0585 5223737.3172 1.2755 1.215 1.336 1900.7318 1757.7331 2043.7304 
3920000.0 4751.0 5005697.2111 4769918.7714 5241475.6508 1.277 1.2168 1.3371 1882.4489 1763.9109 2000.9869 
3930000.0 4761.125 5024344.1954 4788018.2783 5260670.1125 1.2785 1.2183 1.3386 1874.7475 1767.6371 1981.8579 
3940000.0 4771.125 5041883.4905 4804470.6421 5279296.3389 1.2797 1.2194 1.3399 1853.3025 1752.5981 1954.0069 
3950000.0 4781.25 5059375.1182 4821300.3264 5297449.9101 1.2809 1.2206 1.3411 1829.9028 1728.2549 1931.5506 
3960000.0 4791.25 5078271.6364 4839643.9995 5316899.2733 1.2824 1.2221 1.3427 1839.6184 1734.2167 1945.02 
3970000.0 4801.25 5096663.6798 4857859.0006 5335468.3589 1.2838 1.2236 1.3439 1841.1388 1726.3544 1955.9231 
3980000.0 4811.25 5113458.9367 4874725.4483 5352192.4252 1.2848 1.2248 1.3448 1812.6589 1677.9604 1947.3574 
3990000.0 4821.25 5131220.4819 4892621.6061 5369819.3576 1.286 1.2262 1.3458 1804.3238 1647.01 1961.6375 
4000000.0 4831.25 5148875.0294 4908732.9075 5389017.1512 1.2872 1.2272 1.3473 1796.3984 1619.0553 1973.7414 
