10000.0 15.8 4277.8078 3298.5053 5257.1103 0.4278 0.3299 0.5257 71.3218 53.8045 88.8391 
20000.0 30.6 8366.8492 6329.2695 10404.4289 0.4183 0.3165 0.5202 124.0938 87.4129 160.7747 
30000.0 87.6 10535.8996 8716.1446 12355.6546 0.3512 0.2905 0.4119 74.1942 30.8461 117.5423 
40000.0 233.2 14402.8486 13093.2851 15712.4121 0.3601 0.3273 0.3928 71.0936 14.1832 128.004 
50000.0 368.6 18641.0006 16850.8608 20431.1404 0.3728 0.337 0.4086 87.0542 5.6165 168.4919 
60000.0 433.8 23281.4324 20894.4246 25668.4402 0.388 0.3482 0.4278 117.3278 13.906 220.7496 
70000.0 451.2 28161.7546 25746.1525 30577.3567 0.4023 0.3678 0.4368 176.3338 83.2463 269.4213 
80000.0 461.4 32943.4118 30146.8301 35739.9935 0.4118 0.3768 0.4467 230.067 157.853 302.281 
90000.0 472.8 37364.823 34006.4884 40723.1576 0.4152 0.3778 0.4525 261.5366 214.0183 309.0549 
100000.0 483.0 41597.0448 37854.8446 45339.245 0.416 0.3785 0.4534 290.4662 255.9873 324.9451 
110000.0 493.8 46859.0788 42442.4025 51275.7551 0.426 0.3858 0.4661 329.8352 297.0894 362.581 
120000.0 503.8 52409.8616 47060.1626 57759.5606 0.4367 0.3922 0.4813 370.2706 324.1018 416.4394 
130000.0 513.8 57501.2546 51177.9563 63824.5529 0.4423 0.3937 0.491 395.1986 338.265 452.1322 
140000.0 523.8 62347.7178 55303.0265 69392.4091 0.4453 0.395 0.4957 411.3734 347.6925 475.0543 
150000.0 534.0 67384.7588 59389.1291 75380.3885 0.4492 0.3959 0.5025 425.1132 359.586 490.6404 
160000.0 545.4 72625.1138 63873.3675 81376.8601 0.4539 0.3992 0.5086 430.8496 369.8981 491.8011 
170000.0 557.2 77666.6942 67923.2414 87410.147 0.4569 0.3995 0.5142 430.8404 353.4971 508.1837 
180000.0 568.2 82901.0794 72483.0765 93319.0823 0.4606 0.4027 0.5184 442.5874 358.3519 526.8229 
190000.0 578.4 87623.0646 76246.7059 98999.4233 0.4612 0.4013 0.521 445.267 354.9671 535.5669 
200000.0 589.0 92604.757 80142.069 105067.445 0.463 0.4007 0.5253 450.9136 350.819 551.0082 
210000.0 599.2 97950.8206 84809.4581 111092.1831 0.4664 0.4039 0.529 464.9378 369.9438 559.9318 
220000.0 610.0 103034.494 89851.0088 116217.9792 0.4683 0.4084 0.5283 467.4368 382.7779 552.0957 
230000.0 620.6 107851.3842 94658.3146 121044.4538 0.4689 0.4116 0.5263 464.9362 381.6116 548.2608 
240000.0 631.2 112217.174 99150.3314 125284.0166 0.4676 0.4131 0.522 454.785 379.058 530.512 
250000.0 641.8 116883.119 103799.6654 129966.5726 0.4675 0.4152 0.5199 450.0962 396.3434 503.849 
260000.0 652.0 122039.4284 108534.7508 135544.106 0.4694 0.4174 0.5213 459.9364 414.2261 505.6467 
270000.0 662.6 127085.654 112643.4773 141527.8307 0.4707 0.4172 0.5242 463.8496 406.8072 520.892 
280000.0 673.2 131658.71 116432.7366 146884.6834 0.4702 0.4158 0.5246 458.998 390.5822 527.4138 
290000.0 683.4 136163.0122 119509.3615 152816.6629 0.4695 0.4121 0.527 454.2848 369.6932 538.8764 
300000.0 694.0 141888.5446 124571.2787 159205.8105 0.473 0.4152 0.5307 473.539 382.8185 564.2595 
310000.0 704.2 147143.3288 129413.2543 164873.4033 0.4747 0.4175 0.5318 480.39 398.0105 562.7695 
320000.0 714.8 152258.3222 133558.4249 170958.2195 0.4758 0.4174 0.5342 481.8298 385.8917 577.7679 
330000.0 725.0 157384.6366 138399.294 176369.9792 0.4769 0.4194 0.5345 487.0404 403.8958 570.185 
340000.0 735.6 162895.2006 143110.5313 182679.8699 0.4791 0.4209 0.5373 495.1124 404.5013 585.7235 
350000.0 746.0 168640.7244 148449.2746 188832.1742 0.4818 0.4241 0.5395 504.477 413.0687 595.8853 
360000.0 756.4 175031.2018 153595.5813 196466.8223 0.4862 0.4267 0.5457 523.9804 422.9277 625.0331 
370000.0 766.6 181272.7298 158857.6174 203687.8422 0.4899 0.4293 0.5505 541.9946 436.3077 647.6815 
380000.0 776.8 187158.3236 163647.651 210668.9962 0.4925 0.4307 0.5544 548.8826 439.7972 657.968 
390000.0 787.0 192965.2078 168061.2734 217869.1422 0.4948 0.4309 0.5586 553.6942 436.6032 670.7852 
400000.0 797.4 198330.3324 171934.8387 224725.8261 0.4958 0.4298 0.5618 546.0608 420.1261 671.9955 
410000.0 807.6 204159.0118 176225.4336 232092.59 0.4979 0.4298 0.5661 551.423 415.2009 687.6451 
420000.0 817.6 210238.92 180882.3127 239595.5273 0.5006 0.4307 0.5705 562.1468 422.183 702.1106 
430000.0 828.4 216319.815 185665.9585 246973.6715 0.5031 0.4318 0.5744 564.2092 421.0165 707.4019 
440000.0 838.6 222017.5808 190453.8552 253581.3064 0.5046 0.4328 0.5763 563.4474 428.9575 697.9373 
450000.0 849.0 228108.0106 195651.1007 260564.9205 0.5069 0.4348 0.579 568.0036 440.9916 695.0156 
460000.0 859.0 234127.5254 201450.8318 266804.219 0.509 0.4379 0.58 574.2698 466.2619 682.2777 
470000.0 869.0 240566.391 206932.2 274200.582 0.5118 0.4403 0.5834 585.2402 477.7386 692.7418 
480000.0 879.0 246982.3566 212006.4997 281958.2135 0.5145 0.4417 0.5874 594.7264 481.1528 708.3 
490000.0 889.2 253026.283 215989.2672 290063.2988 0.5164 0.4408 0.592 595.74 463.2894 728.1906 
500000.0 899.4 259366.0426 220880.5952 297851.49 0.5187 0.4418 0.5957 601.011 459.9413 742.0807 
510000.0 909.6 266002.9112 226213.1794 305792.643 0.5216 0.4436 0.5996 611.7568 472.627 750.8866 
520000.0 919.6 272493.7796 231185.6936 313801.8656 0.524 0.4446 0.6035 616.1884 468.7157 763.6611 
530000.0 929.6 278995.385 235979.5542 322011.2158 0.5264 0.4452 0.6076 617.5772 465.2091 769.9453 
540000.0 939.8 285543.3764 240726.8524 330359.9004 0.5288 0.4458 0.6118 624.1942 458.0433 790.3451 
550000.0 951.0 292669.2622 246061.9637 339276.5607 0.5321 0.4474 0.6169 629.2716 445.4244 813.1188 
560000.0 962.0 299819.2618 251284.3801 348354.1435 0.5354 0.4487 0.6221 632.8844 437.9576 827.8112 
570000.0 972.6 306284.794 256275.8461 356293.7419 0.5373 0.4496 0.6251 628.9264 430.5777 827.2751 
580000.0 982.8 312717.2836 261090.3838 364344.1834 0.5392 0.4502 0.6282 629.6572 435.8203 823.4941 
590000.0 993.8 319320.1252 266448.6373 372191.6131 0.5412 0.4516 0.6308 628.3922 453.4892 803.2952 
600000.0 1004.0 326012.4816 271754.0156 380270.9476 0.5434 0.4529 0.6338 632.2544 462.1169 802.3919 
610000.0 1014.0 332088.3416 277241.1965 386935.4867 0.5444 0.4545 0.6343 627.2464 476.928 777.5648 
620000.0 1024.2 338900.788 283249.3881 394552.1879 0.5466 0.4569 0.6364 635.9202 497.9817 773.8587 
630000.0 1034.4 345250.0934 288085.8245 402414.3623 0.548 0.4573 0.6388 634.1362 489.3223 778.9501 
640000.0 1044.4 351911.189 293240.6324 410581.7456 0.5499 0.4582 0.6415 639.7756 493.0558 786.4954 
650000.0 1054.6 359586.3124 298483.8571 420688.7677 0.5532 0.4592 0.6472 658.7104 492.2927 825.1281 
660000.0 1064.6 366966.765 303376.8034 430556.7266 0.556 0.4597 0.6524 672.2836 488.0569 856.5103 
670000.0 1074.6 374469.4626 308648.8908 440290.0344 0.5589 0.4607 0.6571 687.228 494.7877 879.6683 
680000.0 1084.6 382459.4838 313574.321 451344.6466 0.5624 0.4611 0.6637 707.1178 492.2217 922.0139 
690000.0 1094.8 390150.7022 319125.3469 461176.0575 0.5654 0.4625 0.6684 715.3748 499.4904 931.2592 
700000.0 1104.8 397570.2906 325081.4925 470059.0887 0.568 0.4644 0.6715 721.391 516.6382 926.1438 
710000.0 1115.0 404868.8792 331064.3577 478673.4007 0.5702 0.4663 0.6742 722.3434 531.7662 912.9206 
720000.0 1125.0 411569.2016 337098.6869 486039.7163 0.5716 0.4682 0.6751 711.4728 540.6596 882.286 
730000.0 1135.4 419146.8196 342685.031 495608.6082 0.5742 0.4694 0.6789 718.0946 540.6907 895.4985 
740000.0 1145.4 426601.8072 348349.87 504853.7444 0.5765 0.4707 0.6822 722.1438 544.9433 899.3443 
750000.0 1155.4 434359.1178 354603.895 514114.3406 0.5791 0.4728 0.6855 730.4638 555.4339 905.4937 
760000.0 1165.6 442007.675 360252.3173 523763.0327 0.5816 0.474 0.6892 734.561 548.453 920.669 
770000.0 1175.6 450442.4634 365806.7086 535078.2182 0.585 0.4751 0.6949 753.985 548.7598 959.2102 
780000.0 1186.4 459526.4764 371326.4385 547726.5143 0.5891 0.4761 0.7022 773.5082 532.8101 1014.2063 
790000.0 1196.6 468150.1038 376195.5926 560104.615 0.5926 0.4762 0.709 787.3254 516.9547 1057.6961 
800000.0 1207.0 477073.6294 381638.0823 572509.1765 0.5963 0.477 0.7156 800.9906 513.2608 1088.7204 
810000.0 1217.2 485492.9214 387804.4134 583181.4294 0.5994 0.4788 0.72 808.5952 528.2713 1088.9191 
820000.0 1227.2 494275.3346 394098.6179 594452.0513 0.6028 0.4806 0.7249 821.3072 545.4904 1097.124 
830000.0 1237.4 502917.3788 400719.3383 605115.4193 0.6059 0.4828 0.7291 825.0294 557.5418 1092.517 
840000.0 1247.6 511416.7562 406711.6975 616121.8149 0.6088 0.4842 0.7335 826.6854 558.6761 1094.6947 
850000.0 1257.6 520114.4238 412787.347 627441.5006 0.6119 0.4856 0.7382 834.585 568.8291 1100.3409 
860000.0 1268.0 529202.611 418863.4031 639541.8189 0.6154 0.4871 0.7437 845.5226 569.1776 1121.8676 
870000.0 1278.0 537757.1728 425100.9417 650413.4039 0.6181 0.4886 0.7476 846.2882 573.4188 1119.1576 
880000.0 1288.2 546251.8986 431284.4729 661219.3243 0.6207 0.4901 0.7514 844.2764 572.1395 1116.4133 
890000.0 1298.2 556057.7804 438146.0129 673969.5479 0.6248 0.4923 0.7573 866.4968 584.9096 1148.084 
900000.0 1308.4 566436.5656 444436.7349 688436.3963 0.6294 0.4938 0.7649 896.1274 582.2596 1209.9952 
910000.0 1318.4 576153.146 451304.5126 701001.7794 0.6331 0.4959 0.7703 908.9036 584.6495 1233.1577 
920000.0 1328.8 585861.1132 458270.5586 713451.6678 0.6368 0.4981 0.7755 917.2604 607.5952 1226.9256 
930000.0 1338.8 596294.5892 464630.7098 727958.4686 0.6412 0.4996 0.7828 938.2436 614.2774 1262.2098 
940000.0 1349.2 605779.1444 470154.3558 741403.933 0.6444 0.5002 0.7887 935.5058 587.5482 1283.4634 
950000.0 1359.4 615938.8098 475379.4285 756498.1911 0.6484 0.5004 0.7963 945.5726 567.5839 1323.5613 
960000.0 1369.4 626218.9222 480385.2856 772052.5588 0.6523 0.5004 0.8042 960.1012 553.8391 1366.3633 
970000.0 1379.4 636453.7844 486539.8524 786367.7164 0.6561 0.5016 0.8107 972.0924 560.1593 1384.0255 
980000.0 1390.0 646966.0154 493584.8543 800347.1765 0.6602 0.5037 0.8167 980.7792 568.1863 1393.3721 
990000.0 1400.4 657919.253 501280.3118 814558.1942 0.6646 0.5063 0.8228 997.1852 598.5976 1395.7728 
1000000.0 1410.6 668929.6762 509283.3613 828575.9911 0.6689 0.5093 0.8286 1010.2086 619.4551 1400.9621 
1010000.0 1421.0 680278.5116 517580.1248 842976.8984 0.6735 0.5125 0.8346 1031.3982 648.2364 1414.56 
1020000.0 1431.0 691177.0664 524930.8737 857423.2591 0.6776 0.5146 0.8406 1040.8494 653.4347 1428.2641 
1030000.0 1441.0 702378.3458 531577.5337 873179.1579 0.6819 0.5161 0.8477 1053.6532 645.6857 1461.6207 
1040000.0 1451.0 713399.7566 538236.0601 888563.4531 0.686 0.5175 0.8544 1064.3594 641.5408 1487.178 
1050000.0 1461.0 725816.9346 545900.4438 905733.4254 0.6913 0.5199 0.8626 1092.0764 660.5879 1523.5649 
1060000.0 1471.0 738017.6354 553400.2911 922634.9797 0.6962 0.5221 0.8704 1112.6838 672.9404 1552.4272 
1070000.0 1481.0 750060.6464 561046.5654 939074.7274 0.701 0.5243 0.8776 1130.5502 687.1781 1573.9223 
1080000.0 1491.0 762544.2346 568883.8745 956204.5947 0.7061 0.5267 0.8854 1152.7358 697.5426 1607.929 
1090000.0 1501.2 774956.842 575424.4024 974489.2816 0.711 0.5279 0.894 1167.5162 681.742 1653.2904 
1100000.0 1511.4 787238.2542 582267.9717 992208.5367 0.7157 0.5293 0.902 1175.844 675.0139 1676.6741 
1110000.0 1521.4 799094.8662 590755.9733 1007433.7591 0.7199 0.5322 0.9076 1176.5014 705.9955 1647.0073 
1120000.0 1531.4 811000.541 598338.9147 1023662.1673 0.7241 0.5342 0.914 1178.1408 718.0963 1638.1853 
1130000.0 1541.4 822812.2972 605775.2239 1039849.3705 0.7282 0.5361 0.9202 1179.5538 725.9371 1633.1705 
1140000.0 1551.4 835390.2586 612361.7485 1058418.7687 0.7328 0.5372 0.9284 1191.7476 711.2054 1672.2898 
1150000.0 1561.4 847457.8274 619769.6893 1075145.9655 0.7369 0.5389 0.9349 1195.3404 717.44 1673.2408 
1160000.0 1571.4 859805.8556 628019.2293 1091592.4819 0.7412 0.5414 0.941 1202.8772 737.5516 1668.2028 
1170000.0 1581.4 873418.0146 636595.4844 1110240.5448 0.7465 0.5441 0.9489 1230.898 754.8593 1706.9367 
1180000.0 1591.4 886442.422 645319.7499 1127565.0941 0.7512 0.5469 0.9556 1244.0052 779.4144 1708.596 
1190000.0 1601.4 899747.075 653015.9305 1146478.2195 0.7561 0.5488 0.9634 1259.2954 775.3228 1743.268 
1200000.0 1611.4 912292.9012 662569.9747 1162015.8277 0.7602 0.5521 0.9683 1256.8672 807.9829 1705.7515 
1210000.0 1621.4 925971.1092 669495.7685 1182446.4499 0.7653 0.5533 0.9772 1276.59 786.1094 1767.0706 
1220000.0 1631.4 940027.457 677579.0094 1202475.9046 0.7705 0.5554 0.9856 1295.897 797.6947 1794.0993 
1230000.0 1641.4 954531.6172 686900.7267 1222162.5077 0.776 0.5585 0.9936 1321.8464 820.3219 1823.3709 
1240000.0 1651.4 968557.3696 696259.5568 1240855.1824 0.7811 0.5615 1.0007 1337.607 841.7578 1833.4562 
1250000.0 1661.4 982221.6036 704691.9112 1259751.296 0.7858 0.5638 1.0078 1343.4724 841.3766 1845.5682 
1260000.0 1671.4 996673.308 715042.6257 1278303.9903 0.791 0.5675 1.0145 1363.8034 877.6739 1849.9329 
1270000.0 1681.6 1010689.1488 724853.7741 1296524.5235 0.7958 0.5708 1.0209 1367.8492 890.706 1844.9924 
1280000.0 1691.6 1025027.1834 735007.4232 1315046.9436 0.8008 0.5742 1.0274 1378.5666 913.5643 1843.5689 
1290000.0 1701.6 1038937.4628 744206.6014 1333668.3242 0.8054 0.5769 1.0339 1382.6918 908.4771 1856.9065 
1300000.0 1711.6 1053393.9088 754463.9722 1352323.8454 0.8103 0.5804 1.0402 1395.9026 922.5356 1869.2696 
1310000.0 1721.6 1067402.304 765414.7705 1369389.8375 0.8148 0.5843 1.0453 1393.4786 950.0312 1836.926 
1320000.0 1731.6 1082086.2268 776553.2011 1387619.2525 0.8198 0.5883 1.0512 1405.185 970.446 1839.924 
1330000.0 1741.6 1095543.5468 788594.6274 1402492.4662 0.8237 0.5929 1.0545 1393.5618 1009.9836 1777.14 
1340000.0 1751.6 1110722.9522 800237.4117 1421208.4927 0.8289 0.5972 1.0606 1421.1704 1028.8716 1813.4692 
1350000.0 1761.6 1127216.4196 811727.6755 1442705.1637 0.835 0.6013 1.0687 1457.1766 1049.7474 1864.6058 
1360000.0 1771.6 1142757.0648 822972.8889 1462541.2407 0.8403 0.6051 1.0754 1473.0012 1062.7385 1883.2639 
1370000.0 1781.6 1157355.8752 832172.1055 1482539.6449 0.8448 0.6074 1.0821 1473.2622 1042.2136 1904.3108 
1380000.0 1791.8 1173660.0218 844015.8934 1503304.1502 0.8505 0.6116 1.0894 1496.1038 1048.2887 1943.9189 
1390000.0 1802.2 1189647.1122 855095.0246 1524199.1998 0.8559 0.6152 1.0965 1505.6698 1051.288 1960.0516 
1400000.0 1812.2 1204989.3182 865802.573 1544176.0634 0.8607 0.6184 1.103 1510.3326 1056.9497 1963.7155 
1410000.0 1822.2 1219957.4852 875137.6896 1564777.2808 0.8652 0.6207 1.1098 1507.2152 1033.1877 1981.2427 
1420000.0 1832.2 1234773.6664 885763.3783 1583783.9545 0.8696 0.6238 1.1153 1501.3504 1030.9378 1971.763 
1430000.0 1842.2 1250408.1496 900103.0369 1600713.2623 0.8744 0.6294 1.1194 1511.2576 1086.5405 1935.9747 
1440000.0 1852.2 1266010.0802 913347.554 1618672.6064 0.8792 0.6343 1.1241 1525.3562 1128.9933 1921.7191 
1450000.0 1862.2 1280278.1916 926861.7054 1633694.6778 0.883 0.6392 1.1267 1504.4444 1179.7857 1829.1031 
1460000.0 1872.2 1295421.323 937808.2183 1653034.4277 0.8873 0.6423 1.1322 1506.3824 1169.4088 1843.356 
1470000.0 1882.2 1311009.7512 950303.5357 1671715.9667 0.8918 0.6465 1.1372 1519.8818 1173.7847 1865.9789 
1480000.0 1892.2 1326908.133 962947.2175 1690869.0485 0.8966 0.6506 1.1425 1528.2238 1187.9656 1868.482 
1490000.0 1902.2 1342747.8112 974378.6831 1711116.9393 0.9012 0.6539 1.1484 1538.0586 1168.9637 1907.1535 
1500000.0 1912.2 1359006.0868 987190.1379 1730822.0357 0.906 0.6581 1.1539 1553.5152 1182.5134 1924.517 
1510000.0 1922.4 1376245.895 1001032.4725 1751459.3175 0.9114 0.6629 1.1599 1582.4304 1209.0347 1955.8261 
1520000.0 1932.4 1392990.69 1014682.3513 1771299.0287 0.9164 0.6676 1.1653 1602.8048 1232.39 1973.2196 
1530000.0 1942.6 1409004.6574 1029840.8288 1788168.486 0.9209 0.6731 1.1687 1595.0534 1297.5058 1892.601 
1540000.0 1952.6 1425858.5426 1044715.6169 1807001.4683 0.9259 0.6784 1.1734 1610.3518 1333.8703 1886.8333 
1550000.0 1962.6 1441781.1332 1057761.9236 1825800.3428 0.9302 0.6824 1.1779 1604.7992 1328.7629 1880.8355 
1560000.0 1972.6 1458439.6856 1071692.0421 1845187.3291 0.9349 0.687 1.1828 1615.7262 1338.8841 1892.5683 
1570000.0 1982.6 1475634.62 1086455.315 1864813.925 0.9399 0.692 1.1878 1632.6856 1358.7747 1906.5965 
1580000.0 1992.6 1493406.036 1101230.2856 1885581.7864 0.9452 0.697 1.1934 1656.7058 1373.0354 1940.3762 
1590000.0 2002.6 1511839.9554 1117529.9879 1906149.9229 0.9508 0.7028 1.1988 1690.5154 1407.1002 1973.9306 
1600000.0 2012.8 1529799.0024 1132535.295 1927062.7098 0.9561 0.7078 1.2044 1704.8404 1403.8122 2005.8686 
1610000.0 2022.8 1547612.0006 1147539.5607 1947684.4405 0.9612 0.7128 1.2097 1715.7806 1397.6448 2033.9164 
1620000.0 2032.8 1566202.5584 1162387.2773 1970017.8395 0.9668 0.7175 1.2161 1741.1616 1407.4458 2074.8774 
1630000.0 2042.8 1583736.5506 1178496.1414 1988976.9598 0.9716 0.723 1.2202 1743.5984 1438.0114 2049.1854 
1640000.0 2053.0 1601760.9742 1193233.9179 2010288.0305 0.9767 0.7276 1.2258 1749.237 1440.8597 2057.6143 
1650000.0 2063.0 1620039.5466 1208442.7666 2031636.3266 0.9818 0.7324 1.2313 1763.9318 1457.7563 2070.1073 
1660000.0 2073.0 1637481.3838 1222382.9617 2052579.8059 0.9864 0.7364 1.2365 1762.2574 1446.102 2078.4128 
1670000.0 2083.0 1655258.7446 1237089.5248 2073427.9644 0.9912 0.7408 1.2416 1763.2598 1452.7109 2073.8087 
1680000.0 2093.0 1672713.7006 1251885.9169 2093541.4843 0.9957 0.7452 1.2462 1761.2436 1460.1041 2062.3831 
1690000.0 2103.2 1689262.134 1263855.9043 2114668.3637 0.9996 0.7478 1.2513 1742.5366 1412.8319 2072.2413 
1700000.0 2113.2 1705377.3188 1276619.7836 2134134.854 1.0032 0.751 1.2554 1715.1442 1382.9474 2047.341 
1710000.0 2123.2 1722604.049 1290937.4843 2154270.6137 1.0074 0.7549 1.2598 1717.201 1391.8261 2042.5759 
1720000.0 2133.2 1740649.6264 1306343.2915 2174955.9613 1.012 0.7595 1.2645 1731.6544 1415.0547 2048.2541 
1730000.0 2143.2 1758731.6722 1321636.0174 2195827.327 1.0166 0.764 1.2693 1746.6744 1429.1463 2064.2025 
1740000.0 2153.4 1775705.3616 1337101.8835 2214308.8397 1.0205 0.7684 1.2726 1735.8444 1442.451 2029.2378 
1750000.0 2163.4 1792256.4356 1350768.5985 2233744.2727 1.0241 0.7719 1.2764 1719.9974 1413.7691 2026.2257 
1760000.0 2173.4 1808726.7106 1365125.0592 2252328.362 1.0277 0.7756 1.2797 1706.532 1409.04 2004.024 
1770000.0 2183.4 1824899.6282 1376932.728 2272866.5284 1.031 0.7779 1.2841 1692.9528 1371.4743 2014.4313 
1780000.0 2193.4 1842365.9962 1389967.8251 2294764.1673 1.035 0.7809 1.2892 1701.6618 1349.7604 2053.5632 
1790000.0 2203.4 1856752.803 1404129.8824 2309375.7236 1.0373 0.7844 1.2902 1652.582 1334.1473 1971.0167 
1800000.0 2213.4 1874155.3834 1419978.4548 2328332.312 1.0412 0.7889 1.2935 1668.534 1362.2138 1974.8542 
1810000.0 2223.4 1892475.3142 1438094.4285 2346856.1999 1.0456 0.7945 1.2966 1698.5626 1424.9653 1972.1599 
1820000.0 2233.4 1910492.3528 1453982.8082 2367001.8974 1.0497 0.7989 1.3006 1719.3896 1454.6458 1984.1334 
1830000.0 2243.4 1928448.4916 1467840.8665 2389056.1167 1.0538 0.8021 1.3055 1733.099 1439.2377 2026.9603 
1840000.0 2253.4 1946862.3086 1485506.3682 2408218.249 1.0581 0.8073 1.3088 1753.4546 1492.3824 2014.5268 
1850000.0 2263.4 1963275.4492 1503137.5402 2423413.3582 1.0612 0.8125 1.31 1731.948 1502.6237 1961.2723 
1860000.0 2273.4 1981675.9426 1519359.276 2443992.6092 1.0654 0.8169 1.314 1752.5078 1527.4764 1977.5392 
1870000.0 2283.4 1999423.4266 1532912.3549 2465934.4983 1.0692 0.8197 1.3187 1761.8204 1502.9292 2020.7116 
1880000.0 2293.4 2017674.3272 1548798.0914 2486550.563 1.0732 0.8238 1.3226 1769.4104 1516.2967 2022.5241 
1890000.0 2303.6 2035668.9222 1565341.4433 2505996.4011 1.0771 0.8282 1.3259 1767.5762 1519.1177 2016.0347 
1900000.0 2313.6 2053849.4552 1580051.5169 2527647.3935 1.081 0.8316 1.3303 1776.4304 1480.0473 2072.8135 
1910000.0 2323.6 2071906.6722 1596917.2477 2546896.0967 1.0848 0.8361 1.3335 1779.7652 1473.9454 2085.585 
1920000.0 2333.8 2089479.9836 1611415.8802 2567544.087 1.0883 0.8393 1.3373 1773.872 1450.7136 2097.0304 
1930000.0 2343.8 2107433.2076 1625640.1478 2589226.2674 1.0919 0.8423 1.3416 1776.4722 1431.9666 2120.9778 
1940000.0 2353.8 2124883.3138 1639075.6091 2610691.0185 1.0953 0.8449 1.3457 1769.4608 1419.5548 2119.3668 
1950000.0 2363.8 2141338.1542 1652677.2276 2629999.0808 1.0981 0.8475 1.3487 1744.1084 1404.0364 2084.1804 
1960000.0 2373.8 2158745.0728 1668419.9769 2649070.1687 1.1014 0.8512 1.3516 1744.1968 1424.6867 2063.7069 
1970000.0 2384.2 2176114.3424 1684651.8772 2667576.8076 1.1046 0.8552 1.3541 1728.9396 1445.7337 2012.1455 
1980000.0 2394.2 2194162.3736 1701528.0232 2686796.724 1.1082 0.8594 1.357 1740.6138 1490.2617 1990.9659 
1990000.0 2404.2 2211289.7988 1716022.891 2706556.7066 1.1112 0.8623 1.3601 1736.726 1475.7751 1997.6769 
2000000.0 2414.2 2230013.7182 1732506.5706 2727520.8658 1.115 0.8663 1.3638 1761.3842 1515.2121 2007.5563 
2010000.0 2424.2 2248847.5044 1749675.9223 2748019.0865 1.1188 0.8705 1.3672 1783.1236 1548.7806 2017.4666 
2020000.0 2434.2 2267224.3048 1766319.2193 2768129.3903 1.1224 0.8744 1.3704 1792.7406 1566.1885 2019.2927 
2030000.0 2444.2 2284875.9338 1781983.7718 2787768.0958 1.1256 0.8778 1.3733 1788.065 1578.8639 1997.2661 
2040000.0 2454.2 2303436.2152 1798280.8035 2808591.6269 1.1291 0.8815 1.3768 1800.1062 1584.8091 2015.4033 
2050000.0 2464.2 2320553.8092 1813595.3555 2827512.2629 1.132 0.8847 1.3793 1785.8824 1572.5272 1999.2376 
2060000.0 2474.2 2337319.0156 1828359.3578 2846278.6734 1.1346 0.8876 1.3817 1764.1806 1535.4795 1992.8817 
2070000.0 2484.2 2355035.9274 1842666.5893 2867405.2655 1.1377 0.8902 1.3852 1765.5926 1502.4211 2028.7641 
2080000.0 2494.2 2373848.7456 1860076.0095 2887621.4817 1.1413 0.8943 1.3883 1785.5652 1540.6035 2030.5269 
2090000.0 2504.2 2392042.721 1877554.0893 2906531.3527 1.1445 0.8984 1.3907 1792.2964 1567.3041 2017.2887 
2100000.0 2514.4 2408861.5296 1892111.1436 2925611.9156 1.1471 0.901 1.3931 1768.8088 1535.0358 2002.5818 
2110000.0 2524.6 2427038.2466 1908119.8961 2945956.5971 1.1503 0.9043 1.3962 1774.0148 1539.5245 2008.5051 
2120000.0 2534.6 2444499.7642 1924472.9279 2964526.6005 1.1531 0.9078 1.3984 1768.1156 1557.3575 1978.8737 
2130000.0 2545.0 2461442.7588 1939863.3775 2983022.1401 1.1556 0.9107 1.4005 1742.3968 1532.6156 1952.178 
2140000.0 2555.2 2479023.7444 1954578.731 3003468.7578 1.1584 0.9134 1.4035 1740.5654 1510.7119 1970.4189 
2150000.0 2565.2 2496137.264 1970707.388 3021567.14 1.161 0.9166 1.4054 1733.1174 1499.6722 1966.5626 
2160000.0 2575.2 2513591.764 1988864.7922 3038318.7358 1.1637 0.9208 1.4066 1734.6782 1544.5315 1924.8249 
2170000.0 2585.2 2531577.5754 2006890.1962 3056264.9546 1.1666 0.9248 1.4084 1746.8104 1606.4284 1887.1924 
2180000.0 2595.2 2549651.0766 2024290.9918 3075011.1614 1.1696 0.9286 1.4106 1756.592 1618.8959 1894.2881 
2190000.0 2605.4 2567652.7156 2040839.8858 3094465.5454 1.1724 0.9319 1.413 1759.184 1605.074 1913.294 
2200000.0 2615.4 2584878.3546 2054975.9143 3114780.7949 1.1749 0.9341 1.4158 1752.6716 1541.6912 1963.652 
2210000.0 2625.4 2601241.3884 2068893.9739 3133588.8029 1.177 0.9362 1.4179 1731.3146 1476.5188 1986.1104 
2220000.0 2635.4 2618929.018 2085038.0841 3152819.9519 1.1797 0.9392 1.4202 1738.7856 1485.4274 1992.1438 
2230000.0 2645.4 2636395.9222 2103377.9345 3169413.9099 1.1822 0.9432 1.4213 1739.0148 1484.4146 1993.615 
2240000.0 2655.4 2654741.4472 2121746.8886 3187736.0058 1.1852 0.9472 1.4231 1753.9268 1516.7658 1991.0878 
2250000.0 2665.4 2672561.4632 2139311.1851 3205811.7413 1.1878 0.9508 1.4248 1758.3764 1522.3463 1994.4065 
2260000.0 2675.4 2691124.8946 2158493.6706 3223756.1186 1.1908 0.9551 1.4264 1777.8992 1542.0137 2013.7847 
2270000.0 2685.4 2709539.9912 2178535.0675 3240544.9149 1.1936 0.9597 1.4276 1790.4336 1602.6064 1978.2608 
2280000.0 2695.4 2728707.557 2197992.5526 3259422.5614 1.1968 0.964 1.4296 1810.841 1686.3518 1935.3302 
2290000.0 2705.4 2747545.7608 2217269.1246 3277822.397 1.1998 0.9682 1.4314 1823.3748 1676.8592 1969.8904 
2300000.0 2715.4 2765449.6064 2234852.2882 3296046.9246 1.2024 0.9717 1.4331 1817.9138 1623.7185 2012.1091 
2310000.0 2725.4 2783467.2956 2250355.0295 3316579.5617 1.205 0.9742 1.4357 1812.1028 1621.9516 2002.254 
2320000.0 2735.4 2801284.8392 2265338.5728 3337231.1056 1.2075 0.9764 1.4385 1808.5632 1586.3188 2030.8076 
2330000.0 2745.4 2819757.096 2282094.7633 3357419.4287 1.2102 0.9794 1.441 1816.0406 1550.2999 2081.7813 
2340000.0 2755.4 2837842.3392 2299513.665 3376171.0134 1.2128 0.9827 1.4428 1814.417 1525.6768 2103.1572 
2350000.0 2765.4 2855374.996 2315279.9845 3395470.0075 1.2151 0.9852 1.4449 1802.1234 1475.6183 2128.6285 
2360000.0 2775.6 2872224.8748 2330168.3411 3414281.4085 1.217 0.9874 1.4467 1776.1996 1429.8385 2122.5607 
2370000.0 2785.6 2890409.188 2348926.69 3431891.686 1.2196 0.9911 1.4481 1784.2948 1490.8121 2077.7775 
2380000.0 2795.6 2907895.511 2369519.1764 3446271.8456 1.2218 0.9956 1.448 1779.266 1568.0007 1990.5313 
2390000.0 2805.6 2926529.1606 2384915.5933 3468142.7279 1.2245 0.9979 1.4511 1792.2036 1607.3992 1977.008 
2400000.0 2815.6 2943853.9976 2402674.6088 3485033.3864 1.2266 1.0011 1.4521 1780.7192 1595.3516 1966.0868 
2410000.0 2825.8 2961199.1444 2420377.4776 3502020.8112 1.2287 1.0043 1.4531 1771.8602 1564.6124 1979.108 
2420000.0 2836.0 2978287.07 2437249.7092 3519324.4308 1.2307 1.0071 1.4543 1752.9354 1595.7076 1910.1632 
2430000.0 2846.2 2997283.413 2455130.8191 3539436.0069 1.2334 1.0103 1.4566 1771.3462 1669.8446 1872.8478 
2440000.0 2856.2 3016647.0924 2473151.5226 3560142.6622 1.2363 1.0136 1.4591 1802.0838 1706.1736 1897.994 
2450000.0 2866.2 3036850.3438 2492017.3378 3581683.3498 1.2395 1.0171 1.4619 1840.454 1750.4388 1930.4692 
2460000.0 2876.2 3055937.965 2508654.0185 3603221.9115 1.2423 1.0198 1.4647 1854.7662 1735.3585 1974.1739 
2470000.0 2886.2 3075647.3934 2527069.9518 3624224.835 1.2452 1.0231 1.4673 1876.0672 1752.3161 1999.8183 
2480000.0 2896.2 3094205.4626 2546826.1616 3641584.7636 1.2477 1.0269 1.4684 1875.6416 1750.0073 2001.2759 
2490000.0 2906.2 3113269.121 2568009.045 3658529.197 1.2503 1.0313 1.4693 1876.7602 1732.9288 2020.5916 
2500000.0 2916.2 3132143.4806 2589053.5732 3675233.388 1.2529 1.0356 1.4701 1875.7192 1696.909 2054.5294 
2510000.0 2926.2 3152836.971 2609942.8496 3695731.0924 1.2561 1.0398 1.4724 1912.4872 1753.5067 2071.4677 
2520000.0 2936.2 3172652.2466 2628909.9788 3716394.5144 1.259 1.0432 1.4748 1925.8342 1790.4237 2061.2447 
2530000.0 2946.2 3192042.9766 2648346.9941 3735738.9591 1.2617 1.0468 1.4766 1928.0742 1777.7223 2078.4261 
2540000.0 2956.2 3211333.3888 2668433.5004 3754233.2772 1.2643 1.0506 1.478 1929.9804 1763.0717 2096.8891 
2550000.0 2966.2 3230279.8208 2686670.9164 3773888.7252 1.2668 1.0536 1.48 1922.2452 1760.9102 2083.5802 
2560000.0 2976.6 3249983.6342 2707242.3224 3792724.946 1.2695 1.0575 1.4815 1919.375 1748.9589 2089.7911 
2570000.0 2986.6 3269667.5892 2727365.519 3811969.6594 1.2722 1.0612 1.4833 1926.0028 1755.7544 2096.2512 
2580000.0 2996.6 3287719.2558 2744668.393 3830770.1186 1.2743 1.0638 1.4848 1903.9432 1691.0488 2116.8376 
2590000.0 3006.8 3308328.8888 2765621.0795 3851036.6981 1.2773 1.0678 1.4869 1927.0666 1713.431 2140.7022 
2600000.0 3017.0 3328725.3688 2787072.4855 3870378.2521 1.2803 1.072 1.4886 1942.6312 1744.0146 2141.2478 
2610000.0 3027.2 3348823.393 2807073.847 3890572.939 1.2831 1.0755 1.4906 1949.0304 1784.4331 2113.6277 
2620000.0 3037.2 3369774.8832 2828625.4873 3910924.2791 1.2862 1.0796 1.4927 1975.7594 1842.3245 2109.1943 
2630000.0 3047.2 3389250.7238 2847209.038 3931292.4096 1.2887 1.0826 1.4948 1972.6648 1854.7648 2090.5648 
2640000.0 3057.2 3407718.7798 2866252.269 3949185.2906 1.2908 1.0857 1.4959 1949.6464 1880.5118 2018.781 
2650000.0 3067.2 3425634.755 2884834.974 3966434.536 1.2927 1.0886 1.4968 1919.9096 1858.4321 1981.3871 
2660000.0 3077.2 3444843.992 2905377.6718 3984310.3122 1.2951 1.0922 1.4979 1921.0264 1860.7813 1981.2715 
2670000.0 3087.2 3464821.612 2927046.0593 4002597.1647 1.2977 1.0963 1.4991 1933.385 1860.6318 2006.1382 
2680000.0 3097.2 3485123.1294 2947028.6098 4023217.649 1.3004 1.0996 1.5012 1950.9942 1899.6302 2002.3582 
2690000.0 3107.2 3503446.8882 2964477.6015 4042416.1749 1.3024 1.102 1.5028 1930.2636 1843.5306 2016.9966 
2700000.0 3117.2 3522165.265 2985217.6233 4059112.9067 1.3045 1.1056 1.5034 1919.4398 1799.9509 2038.9287 
2710000.0 3127.2 3542382.412 3006339.692 4078425.132 1.3072 1.1094 1.505 1937.268 1804.0519 2070.4841 
2720000.0 3137.2 3562358.2386 3027126.5503 4097589.9269 1.3097 1.1129 1.5065 1948.3904 1816.7696 2080.0112 
2730000.0 3147.2 3581991.9506 3046538.3521 4117445.5491 1.3121 1.1159 1.5082 1955.2204 1833.5763 2076.8645 
2740000.0 3157.2 3601479.8202 3065925.7037 4137033.9367 1.3144 1.119 1.5099 1953.869 1833.2428 2074.4952 
2750000.0 3167.2 3619796.798 3087484.1444 4152109.4516 1.3163 1.1227 1.5099 1928.2646 1769.3162 2087.213 
2760000.0 3177.2 3638077.0672 3110487.0469 4165667.0875 1.3181 1.127 1.5093 1909.8714 1681.6652 2138.0776 
2770000.0 3187.2 3657572.7754 3132048.8032 4183096.7476 1.3204 1.1307 1.5101 1916.4944 1692.9897 2139.9991 
2780000.0 3197.2 3675949.9172 3152352.5133 4199547.3211 1.3223 1.1339 1.5106 1904.239 1681.186 2127.292 
2790000.0 3207.2 3694692.6386 3171807.2529 4217578.0243 1.3243 1.1368 1.5117 1902.074 1708.5514 2095.5966 
2800000.0 3217.2 3713561.1272 3193269.4011 4233852.8533 1.3263 1.1405 1.5121 1896.5558 1701.4296 2091.682 
2810000.0 3227.2 3732002.898 3213896.368 4250109.428 1.3281 1.1437 1.5125 1884.2004 1690.7221 2077.6787 
2820000.0 3237.2 3752511.8902 3235075.0753 4269948.7051 1.3307 1.1472 1.5142 1915.8416 1732.7871 2098.8961 
2830000.0 3247.2 3771893.5488 3255627.0135 4288160.0841 1.3328 1.1504 1.5153 1918.5472 1745.0999 2091.9945 
2840000.0 3257.2 3792412.2308 3277202.4521 4307622.0095 1.3354 1.1539 1.5168 1940.0168 1784.172 2095.8616 
2850000.0 3267.2 3811773.5694 3296857.7123 4326689.4265 1.3375 1.1568 1.5181 1941.7602 1797.9692 2085.5512 
2860000.0 3277.4 3831295.3864 3316021.7714 4346569.0014 1.3396 1.1594 1.5198 1936.1608 1807.886 2064.4356 
2870000.0 3287.4 3850406.0112 3335092.7851 4365719.2373 1.3416 1.1621 1.5212 1930.215 1810.479 2049.951 
2880000.0 3297.4 3867857.7752 3353523.0903 4382192.4601 1.343 1.1644 1.5216 1898.4096 1793.4434 2003.3758 
2890000.0 3307.4 3885684.9674 3371421.1498 4399948.785 1.3445 1.1666 1.5225 1873.6938 1731.0813 2016.3063 
2900000.0 3317.4 3903105.2692 3388143.0758 4418067.4626 1.3459 1.1683 1.5235 1850.0418 1651.5353 2048.5483 
2910000.0 3327.4 3922194.1034 3406629.1969 4437759.0099 1.3478 1.1707 1.525 1861.2978 1671.4493 2051.1463 
2920000.0 3337.4 3940636.0064 3424097.7669 4457174.2459 1.3495 1.1726 1.5264 1860.367 1674.6394 2046.0946 
2930000.0 3347.6 3959516.5296 3442631.128 4476401.9312 1.3514 1.175 1.5278 1858.3366 1726.0228 1990.6504 
2940000.0 3357.6 3978668.857 3461812.372 4495525.342 1.3533 1.1775 1.5291 1868.2378 1766.4186 1970.057 
2950000.0 3367.6 3997011.8916 3478345.6604 4515678.1228 1.3549 1.1791 1.5307 1860.3652 1776.1343 1944.5961 
2960000.0 3377.6 4017599.6982 3498585.3205 4536614.0759 1.3573 1.182 1.5326 1895.4962 1809.4695 1981.5229 
2970000.0 3387.6 4037774.0792 3516802.4681 4558745.6903 1.3595 1.1841 1.5349 1916.8572 1834.8501 1998.8643 
2980000.0 3397.8 4057563.418 3534323.4594 4580803.3766 1.3616 1.186 1.5372 1924.8672 1817.3268 2032.4076 
2990000.0 3408.0 4077411.8936 3552230.2824 4602593.5048 1.3637 1.188 1.5393 1929.4406 1801.9051 2056.9761 
3000000.0 3418.0 4096291.1976 3567415.3317 4625167.0635 1.3654 1.1891 1.5417 1921.4978 1723.0886 2119.907 
3010000.0 3428.0 4114682.9772 3583090.9653 4646274.9891 1.367 1.1904 1.5436 1906.3106 1700.9416 2111.6796 
3020000.0 3438.0 4135261.7122 3602184.9128 4668338.5116 1.3693 1.1928 1.5458 1937.9086 1726.6553 2149.1619 
3030000.0 3448.0 4156942.7002 3623878.4336 4690006.9668 1.3719 1.196 1.5479 1978.2468 1785.9798 2170.5138 
3040000.0 3458.0 4177854.4274 3645172.1446 4710536.7102 1.3743 1.1991 1.5495 2002.1562 1826.8424 2177.47 
3050000.0 3468.0 4198650.6358 3666678.9299 4730622.3417 1.3766 1.2022 1.551 2012.5972 1879.3469 2145.8475 
3060000.0 3478.0 4219520.5646 3688653.5309 4750387.5983 1.3789 1.2054 1.5524 2026.155 1923.5128 2128.7972 
3070000.0 3488.0 4238817.3094 3707933.5275 4769701.0913 1.3807 1.2078 1.5536 2008.1916 1945.8089 2070.5743 
3080000.0 3498.0 4259337.387 3727920.5749 4790754.1991 1.3829 1.2104 1.5554 2015.5928 1957.1487 2074.0369 
3090000.0 3508.0 4279797.115 3749073.0473 4810521.1827 1.385 1.2133 1.5568 2021.6198 1978.9442 2064.2954 
3100000.0 3518.0 4300826.9232 3770234.113 4831419.7334 1.3874 1.2162 1.5585 2037.6996 1986.0732 2089.326 
3110000.0 3528.0 4322027.866 3790622.2758 4853433.4562 1.3897 1.2188 1.5606 2052.0084 1993.9213 2110.0955 
3120000.0 3538.2 4341857.2028 3809485.8187 4874228.5869 1.3916 1.221 1.5623 2032.767 1938.454 2127.08 
3130000.0 3548.2 4362562.1276 3830131.9216 4894992.3336 1.3938 1.2237 1.5639 2039.251 1929.1311 2149.3709 
3140000.0 3558.2 4382210.0732 3849540.7458 4914879.4006 1.3956 1.226 1.5652 2024.2174 1909.9681 2138.4667 
3150000.0 3568.2 4399916.5474 3867973.2853 4931859.8095 1.3968 1.2279 1.5657 1974.0168 1876.541 2071.4926 
3160000.0 3578.2 4418943.2726 3887924.4631 4949962.0821 1.3984 1.2304 1.5664 1961.1248 1894.9565 2027.2931 
3170000.0 3588.4 4436280.2094 3904478.0492 4968082.3696 1.3995 1.2317 1.5672 1916.0784 1855.7023 1976.4545 
3180000.0 3598.4 4454363.8962 3922768.3058 4985959.4866 1.4007 1.2336 1.5679 1894.3352 1793.1113 1995.5591 
3190000.0 3608.4 4474149.3346 3943444.0793 5004854.5899 1.4026 1.2362 1.5689 1910.4514 1845.6775 1975.2253 
3200000.0 3618.4 4492234.1274 3962170.4911 5022297.7637 1.4038 1.2382 1.5695 1893.1768 1854.0019 1932.3517 
3210000.0 3628.4 4512241.7234 3980904.7965 5043578.6503 1.4057 1.2402 1.5712 1910.3862 1891.9462 1928.8262 
3220000.0 3638.4 4532201.572 4000286.0535 5064117.0905 1.4075 1.2423 1.5727 1928.2382 1883.8194 1972.657 
3230000.0 3648.4 4551847.0032 4020251.9303 5083442.0761 1.4092 1.2447 1.5738 1935.4384 1890.6949 1980.1819 
3240000.0 3658.4 4571652.5174 4040520.8917 5102784.1431 1.411 1.2471 1.5749 1939.1722 1868.788 2009.5564 
3250000.0 3668.4 4592985.8526 4062518.0342 5123453.671 1.4132 1.25 1.5764 1974.6826 1898.9452 2050.42 
3260000.0 3678.4 4613813.5702 4083937.5925 5143689.5479 1.4153 1.2527 1.5778 1996.0722 1925.7723 2066.3721 
3270000.0 3688.4 4633313.1068 4103068.3208 5163557.8928 1.4169 1.2548 1.5791 1986.1216 1883.7766 2088.4666 
3280000.0 3698.4 4653647.686 4123015.8828 5184279.4892 1.4188 1.257 1.5806 1995.2794 1889.7684 2100.7904 
3290000.0 3708.4 4673600.6146 4142469.6495 5204731.5797 1.4205 1.2591 1.582 1993.6244 1892.2462 2095.0026 
3300000.0 3718.4 4693290.9992 4162696.1956 5223885.8028 1.4222 1.2614 1.583 1990.5026 1870.5231 2110.4821 
3310000.0 3728.4 4712425.948 4182055.9983 5242795.8977 1.4237 1.2635 1.5839 1977.5256 1827.9537 2127.0975 
3320000.0 3738.4 4731096.3346 4200889.6105 5261303.0587 1.425 1.2653 1.5847 1958.906 1793.5609 2124.2511 
3330000.0 3748.4 4749164.2612 4217948.653 5280379.8694 1.4262 1.2667 1.5857 1930.457 1723.3513 2137.5627 
3340000.0 3758.6 4767985.8638 4237242.2262 5298729.5014 1.4275 1.2686 1.5864 1914.3634 1675.6646 2153.0622 
3350000.0 3768.6 4786391.8836 4254921.3005 5317862.4667 1.4288 1.2701 1.5874 1903.6308 1652.6185 2154.6431 
3360000.0 3778.6 4804767.6214 4274384.1443 5335151.0985 1.43 1.2721 1.5878 1894.8006 1636.7554 2152.8458 
3370000.0 3788.6 4824187.1618 4292986.0807 5355388.2429 1.4315 1.2739 1.5891 1900.0348 1685.319 2114.7506 
3380000.0 3798.6 4843752.536 4312282.9916 5375222.0804 1.4331 1.2758 1.5903 1909.3472 1692.7677 2125.9267 
3390000.0 3808.6 4861958.9516 4329151.7161 5394766.1871 1.4342 1.277 1.5914 1890.9664 1716.959 2064.9738 
3400000.0 3818.8 4881727.7778 4348481.2121 5414974.3435 1.4358 1.279 1.5926 1901.0246 1726.527 2075.5222 
3410000.0 3828.8 4900020.6982 4366046.1474 5433995.249 1.437 1.2804 1.5935 1888.6162 1763.8952 2013.3372 
3420000.0 3839.0 4918957.5146 4382202.7458 5455712.2834 1.4383 1.2813 1.5952 1885.3686 1764.186 2006.5512 
3430000.0 3849.0 4938240.4632 4398994.5831 5477486.3433 1.4397 1.2825 1.5969 1894.9532 1747.1682 2042.7382 
3440000.0 3859.0 4958399.957 4417735.8775 5499064.0365 1.4414 1.2842 1.5986 1914.8658 1774.2996 2055.432 
3450000.0 3869.2 4977877.4574 4434390.3427 5521364.5721 1.4429 1.2853 1.6004 1914.496 1741.2251 2087.7669 
3460000.0 3879.2 4997931.6222 4453872.3573 5541990.8871 1.4445 1.2872 1.6017 1934.2334 1776.845 2091.6218 
3470000.0 3889.2 5018548.8692 4474277.4093 5562820.3291 1.4463 1.2894 1.6031 1950.6924 1790.5298 2110.855 
3480000.0 3899.2 5038121.7936 4496042.8147 5580200.7725 1.4477 1.292 1.6035 1953.2986 1849.7965 2056.8007 
3490000.0 3909.2 5057721.2546 4514953.2022 5600489.307 1.4492 1.2937 1.6047 1951.7112 1842.4758 2060.9466 
3500000.0 3919.2 5077905.111 4534613.4824 5621196.7396 1.4508 1.2956 1.6061 1967.764 1876.2553 2059.2727 
3510000.0 3929.4 5098374.0556 4555325.1555 5641422.9557 1.4525 1.2978 1.6072 1970.622 1902.3221 2038.9219 
3520000.0 3939.6 5116845.3364 4572196.6941 5661493.9787 1.4536 1.2989 1.6084 1946.192 1835.6652 2056.7188 
3530000.0 3949.6 5135384.6512 4589760.5503 5681008.7521 1.4548 1.3002 1.6094 1929.1178 1838.7543 2019.4813 
3540000.0 3959.6 5153003.582 4606824.5693 5699182.5947 1.4557 1.3014 1.6099 1901.482 1823.7316 1979.2324 
3550000.0 3969.6 5171710.1376 4625032.8934 5718387.3818 1.4568 1.3028 1.6108 1897.681 1810.8709 1984.4911 
3560000.0 3979.6 5189653.008 4642366.7081 5736939.3079 1.4578 1.304 1.6115 1871.6322 1778.9281 1964.3363 
3570000.0 3989.6 5208426.373 4660695.8554 5756156.8906 1.4589 1.3055 1.6124 1875.2384 1759.3575 1991.1193 
3580000.0 3999.8 5226050.9038 4676069.0755 5776032.7321 1.4598 1.3062 1.6134 1848.7828 1675.3248 2022.2408 
3590000.0 4009.8 5244107.864 4691699.0932 5796516.6348 1.4608 1.3069 1.6146 1841.3272 1617.406 2065.2484 
3600000.0 4019.8 5263597.5006 4709992.8421 5817202.1591 1.4621 1.3083 1.6159 1862.0696 1632.0304 2092.1088 
3610000.0 4029.8 5284113.9268 4729377.0174 5838850.8362 1.4637 1.3101 1.6174 1897.4284 1685.6724 2109.1844 
3620000.0 4039.8 5303798.8342 4746772.3936 5860825.2748 1.4651 1.3113 1.619 1909.693 1689.8778 2129.5082 
3630000.0 4049.8 5323342.1512 4765345.0067 5881339.2957 1.4665 1.3128 1.6202 1918.7138 1728.6751 2108.7525 
3640000.0 4059.8 5343578.4256 4784135.1395 5903021.7117 1.468 1.3143 1.6217 1940.055 1747.4004 2132.7096 
3650000.0 4069.8 5363080.0564 4803248.5591 5922911.5537 1.4693 1.316 1.6227 1938.8216 1777.7915 2099.8517 
3660000.0 4079.8 5384340.9454 4824256.9773 5944424.9135 1.4711 1.3181 1.6242 1972.3194 1838.8104 2105.8284 
3670000.0 4089.8 5405515.3874 4846317.7172 5964713.0576 1.4729 1.3205 1.6253 1998.7968 1896.4828 2101.1108 
3680000.0 4100.0 5424700.0286 4863869.5328 5985530.5244 1.4741 1.3217 1.6265 1978.6704 1837.3827 2119.9581 
3690000.0 4110.0 5444365.6774 4881304.0205 6007427.3343 1.4754 1.3228 1.628 1976.0578 1804.8723 2147.2433 
3700000.0 4120.0 5462680.504 4895372.0068 6029989.0012 1.4764 1.3231 1.6297 1947.5424 1716.1873 2178.8975 
3710000.0 4130.0 5479931.6078 4909727.3958 6050135.8198 1.4771 1.3234 1.6308 1916.7738 1631.9213 2201.6263 
3720000.0 4140.0 5497334.6132 4921264.1135 6073405.1129 1.4778 1.3229 1.6326 1876.731 1536.3992 2217.0628 
3730000.0 4150.2 5515697.6582 4935339.1619 6096056.1545 1.4787 1.3231 1.6343 1864.5542 1509.818 2219.2904 
3740000.0 4160.2 5536267.069 4953954.0789 6118580.0591 1.4803 1.3246 1.636 1894.0014 1560.1942 2227.8086 
3750000.0 4170.2 5556301.0722 4971671.0471 6140931.0973 1.4817 1.3258 1.6376 1916.2928 1595.3123 2237.2733 
3760000.0 4180.2 5577194.3868 4992081.6716 6162307.102 1.4833 1.3277 1.6389 1948.4038 1676.023 2220.7846 
3770000.0 4190.4 5597872.1132 5011679.5676 6184064.6588 1.4848 1.3294 1.6403 1963.6924 1731.7399 2195.6449 
3780000.0 4200.4 5618425.4578 5031103.5375 6205747.3781 1.4864 1.331 1.6417 1980.8116 1765.0332 2196.59 
3790000.0 4210.4 5637527.8756 5050112.2806 6224943.4706 1.4875 1.3325 1.6425 1960.1134 1769.6824 2150.5444 
3800000.0 4220.6 5657541.103 5070563.6396 6244518.5664 1.4888 1.3344 1.6433 1962.8834 1820.7411 2105.0257 
3810000.0 4230.6 5677817.3738 5089992.4958 6265642.2518 1.4902 1.336 1.6445 1977.215 1841.5537 2112.8763 
3820000.0 4240.6 5698135.9814 5109771.3399 6286500.6229 1.4917 1.3376 1.6457 1985.95 1865.5382 2106.3618 
3830000.0 4250.6 5719096.4622 5130004.7243 6308188.2001 1.4932 1.3394 1.647 2005.2434 1893.6974 2116.7894 
3840000.0 4260.6 5738829.2882 5149484.4291 6328174.1473 1.4945 1.341 1.648 2004.4364 1913.0783 2095.7945 
3850000.0 4270.6 5759548.4516 5169760.489 6349336.4142 1.496 1.3428 1.6492 2009.375 1932.9194 2085.8306 
3860000.0 4280.8 5779119.2322 5189022.7326 6369215.7318 1.4972 1.3443 1.6501 1992.0946 1921.8436 2062.3456 
3870000.0 4290.8 5798458.7022 5211370.6864 6385546.718 1.4983 1.3466 1.65 1982.1274 1888.2107 2076.0441 
3880000.0 4300.8 5818942.876 5231459.0555 6406426.6965 1.4997 1.3483 1.6511 1996.9854 1906.748 2087.2228 
3890000.0 4310.8 5838924.1996 5250990.9294 6426857.4698 1.501 1.3499 1.6521 1991.0126 1896.3499 2085.6753 
3900000.0 4320.8 5857002.7716 5267555.0349 6446450.5083 1.5018 1.3507 1.6529 1956.3652 1862.3422 2050.3882 
3910000.0 4330.8 5876305.8828 5286201.7811 6466409.9845 1.5029 1.352 1.6538 1950.9244 1871.5054 2030.3434 
3920000.0 4341.0 5895106.2656 5303481.5891 6486730.9421 1.5039 1.3529 1.6548 1937.7114 1855.3988 2020.024 
3930000.0 4351.0 5914496.8068 5322122.5243 6506871.0893 1.505 1.3542 1.6557 1935.4666 1852.7006 2018.2326 
3940000.0 4361.0 5933681.959 5339677.829 6527686.089 1.506 1.3552 1.6568 1930.3602 1825.0114 2035.709 
3950000.0 4371.0 5951915.5526 5359056.3186 6544774.7866 1.5068 1.3567 1.6569 1911.7868 1852.2869 1971.2867 
3960000.0 4381.2 5970800.9188 5379829.8036 6561772.034 1.5078 1.3585 1.657 1902.401 1865.92 1938.882 
3970000.0 4391.2 5990196.6242 5396930.1049 6583463.1435 1.5089 1.3594 1.6583 1914.4348 1862.9656 1965.904 
3980000.0 4401.2 6010121.2166 5414213.8059 6606028.6273 1.5101 1.3604 1.6598 1924.529 1818.7737 2030.2843 
3990000.0 4411.2 6031176.7738 5433501.2013 6628852.3463 1.5116 1.3618 1.6614 1956.964 1834.9125 2079.0155 
4000000.0 4421.2 6052072.512 5453342.2722 6650802.7518 1.513 1.3633 1.6627 1974.3016 1833.9877 2114.6155 
