10000 11 162.278 -34.7 -0.267 0.6296 0 0 0 
20000 30 281.871 -101.6 -1.505 1.1002 0 0 0 
30000 46 387.853 -113.8 -1.3 2.018 0 0 0 
40000 99 263.944 -158.8 -0.945 1.5919 0 0 0 
50000 138 247.305 -265.5 -1.526 1.5907 0 0 0 
60000 150 372.956 -296.4 -1.907 2.4531 0 0 0 
70000 166 443.172 -389.4 -3.047 2.9165 0 0 0 
80000 183 484.67 -487.1 -3.93 3.1874 0 0 0 
90000 201 495.632 -609.2 -4.389 3.2943 0 0 0 
100000 225 458.318 -717.2 -4.481 3.064 0 0 0 
110000 246 467.332 -856.2 -5.288 3.1374 0 0 0 
120000 271 441.56 -903.7 -3.896 2.9971 0 0 0 
130000 326 266.403 -1065.9 -3.818 1.8056 0 0 0 
140000 379 212.717 -1128.2 -2.061 1.4461 0 0 0 
150000 424 214.726 -1164.9 -1.292 1.451 0 0 0 
160000 462 242.242 -1315.0 -2.763 1.6299 0 0 0 
170000 485 323.76 -1391.1 -2.997 2.175 0 0 0 
180000 506 367.572 -1431.1 -2.78 2.4656 0 0 0 
190000 532 379.293 -1479.0 -2.278 2.5377 0 0 0 
200000 556 391.957 -1528.2 -2.083 2.6281 0 0 0 
210000 576 413.664 -1619.7 -2.958 2.7851 0 0 0 
220000 603 408.582 -1661.4 -2.378 2.7702 0 0 0 
230000 631 381.515 -1786.7 -2.992 2.5643 0 0 0 
240000 645 449.494 -1852.9 -3.502 2.9906 0 0 0 
250000 666 463.962 -1873.8 -2.578 3.0949 0 0 0 
260000 688 456.328 -1924.4 -2.508 3.086 0 0 0 
270000 708 474.042 -2039.6 -3.572 3.2056 0 0 0 
280000 732 443.249 -2064.7 -2.573 2.9944 0 0 0 
290000 750 484.272 -2162.2 -3.609 3.26 0 0 0 
300000 771 469.945 -2209.6 -3.127 3.1677 0 0 0 
310000 789 498.749 -2235.8 -2.657 3.3522 0 0 0 
320000 815 448.777 -2247.6 -1.762 3.0098 0 0 0 
330000 841 429.981 -2303.9 -1.914 2.8725 0 0 0 
340000 855 500.381 -2337.0 -2.069 3.3387 0 0 0 
350000 870 545.134 -2355.5 -1.858 3.6263 0 0 0 
360000 895 488.791 -2370.8 -1.347 3.2449 0 0 0 
370000 917 473.95 -2405.1 -1.417 3.1431 0 0 0 
380000 940 460.129 -2446.8 -1.153 3.0458 0 0 0 
390000 960 474.544 -2487.4 -1.71 3.1352 0 0 0 
400000 988 430.47 -2556.1 -1.783 2.8522 0 0 0 
410000 1022 367.187 -2597.7 -1.749 2.4342 0 0 0 
420000 1040 422.54 -2606.9 -1.49 2.8096 0 0 0 
430000 1069 383.877 -2661.5 -1.659 2.5537 0 0 0 
440000 1098 357.663 -2748.0 -2.153 2.3883 0 0 0 
450000 1121 370.971 -2771.4 -1.791 2.4813 0 0 0 
460000 1146 391.561 -2786.1 -1.313 2.6234 0 0 0 
470000 1187 311.793 -2844.5 -1.402 2.1106 0 0 0 
480000 1212 343.024 -2865.1 -1.172 2.3232 0 0 0 
490000 1243 331.991 -2898.6 -1.171 2.246 0 0 0 
500000 1265 380.374 -2923.5 -1.161 2.5959 0 0 0 
510000 1308 288.199 -2959.1 -0.994 1.9868 0 0 0 
520000 1343 277.359 -2984.0 -0.929 1.926 0 0 0 
530000 1368 329.077 -2977.4 -0.426 2.2797 0 0 0 
540000 1408 288.047 -2995.6 -0.303 2.0112 0 0 0 
550000 1460 219.51 -3014.2 -0.311 1.5434 0 0 0 
560000 1493 273.001 -3024.4 -0.308 1.8809 0 0 0 
570000 1549 225.482 -3028.6 -0.133 1.5328 0 0 0 
580000 1601 201.925 -3084.1 -0.609 1.3793 0 0 0 
590000 1639 239.79 -3100.2 -0.398 1.62 0 0 0 
600000 1674 259.364 -3108.4 -0.395 1.7498 0 0 0 
610000 1731 206.091 -3130.7 -0.451 1.3987 0 0 0 
620000 1764 248.689 -3134.8 -0.201 1.6793 0 0 0 
630000 1814 213.055 -3167.4 -0.455 1.443 0 0 0 
640000 1847 270.262 -3167.4 -0.249 1.8084 0 0 0 
650000 1888 254.787 -3155.8 0.07 1.7061 0 0 0 
660000 1927 245.248 -3175.6 -0.317 1.6405 0 0 0 
670000 1966 249.81 -3155.8 0.182 1.6762 0 0 0 
680000 2015 222.502 -3126.5 0.65 1.4964 0 0 0 
690000 2048 261.318 -3146.9 0.09 1.7464 0 0 0 
700000 2095 228.757 -3152.4 -0.024 1.5305 0 0 0 
710000 2131 267.194 -3135.0 0.277 1.7858 0 0 0 
720000 2167 271.186 -3169.1 -0.579 1.8136 0 0 0 
730000 2220 220.625 -3162.6 -0.212 1.4655 0 0 0 
740000 2274 197.046 -3155.7 -0.036 1.3456 0 0 0 
750000 2352 142.354 -3115.8 0.393 0.9691 0 0 0 
760000 2399 186.85 -3101.3 0.308 1.2501 0 0 0 
770000 2450 180.768 -3051.8 0.742 1.2331 0 0 0 
780000 2493 225.177 -3028.2 0.633 1.5505 0 0 0 
790000 2566 136.831 -2970.6 0.601 0.9451 0 0 0 
800000 2619 174.456 -2925.7 0.791 1.1911 0 0 0 
810000 2661 205.881 -2872.3 1.114 1.3932 0 0 0 
820000 2724 162.995 -2801.1 1.042 1.1162 0 0 0 
830000 2790 152.854 -2786.5 0.433 1.0483 0 0 0 
840000 2836 196.935 -2730.1 0.865 1.3447 0 0 0 
850000 2893 170.011 -2705.0 0.62 1.1575 0 0 0 
860000 2985 115.69 -2609.0 1.066 0.798 0 0 0 
870000 3041 140.616 -2544.2 1.049 0.9828 0 0 0 
880000 3092 163.799 -2511.9 0.784 1.1117 0 0 0 
890000 3147 179.189 -2558.1 -0.827 1.256 0 0 0 
900000 3211 168.085 -2456.8 0.987 1.1482 0 0 0 
910000 3254 186.225 -2375.9 1.445 1.2641 0 0 0 
920000 3314 188.066 -2314.0 1.16 1.2788 0 0 0 
930000 3349 243.631 -2351.3 0.258 1.6474 0 0 0 
940000 3405 198.383 -2300.8 0.67 1.3581 0 0 0 
950000 3465 181.43 -2211.3 1.309 1.2479 0 0 0 
960000 3543 141.098 -2188.2 0.309 0.98 0 0 0 
970000 3609 134.309 -2214.0 0.176 0.9255 0 0 0 
980000 3652 184.925 -2138.4 1.094 1.2476 0 0 0 
990000 3713 167.37 -2021.1 1.766 1.1416 0 0 0 
1000000 3775 162.979 -1967.5 1.213 1.1218 0 0 0 
1010000 3831 174.839 -1897.2 1.346 1.2087 0 0 0 
1020000 3895 159.435 -1793.4 1.425 1.0999 0 0 0 
1030000 3935 196.748 -1735.1 1.579 1.3347 0 0 0 
1040000 3987 204.34 -1705.6 0.956 1.3891 0 0 0 
1050000 4037 201.231 -1644.5 1.039 1.3707 0 0 0 
1060000 4091 180.754 -1559.6 1.487 1.2201 0 0 0 
1070000 4144 178.402 -1494.3 1.277 1.2008 0 0 0 
1080000 4209 163.827 -1440.1 1.079 1.106 0 0 0 
1090000 4254 194.743 -1429.5 0.739 1.3082 0 0 0 
1100000 4323 149.796 -1344.1 0.974 1.0169 0 0 0 
1110000 4371 183.97 -1306.0 0.895 1.2388 0 0 0 
1120000 4425 175.309 -1290.5 0.348 1.2247 0 0 0 
1130000 4477 169.942 -1218.2 1.021 1.1761 0 0 0 
1140000 4543 148.193 -1143.6 1.217 1.0188 0 0 0 
1150000 4597 183.633 -1077.5 1.297 1.2532 0 0 0 
1160000 4661 157.89 -1012.5 1.014 1.0978 0 0 0 
1170000 4722 158.191 -978.6 0.652 1.095 0 0 0 
1180000 4787 159.647 -876.7 1.165 1.1176 0 0 0 
1190000 4843 184.963 -794.5 1.435 1.2807 0 0 0 
1200000 4917 136.551 -721.2 1.175 0.9434 0 0 0 
1210000 4967 189.145 -652.9 1.368 1.2988 0 0 0 
1220000 5031 161.769 -620.5 0.871 1.1166 0 0 0 
1230000 5092 164.469 -544.8 1.034 1.1168 0 0 0 
1240000 5153 166.296 -480.0 1.051 1.1259 0 0 0 
1250000 5222 150.615 -369.1 1.444 1.028 0 0 0 
1260000 5272 183.736 -236.4 2.257 1.2504 0 0 0 
1270000 5328 186.007 -203.2 1.147 1.2656 0 0 0 
1280000 5372 198.816 -92.9 1.76 1.3545 0 0 0 
1290000 5435 167.296 -5.9 1.413 1.1402 0 0 0 
1300000 5498 153.295 81.7 1.415 1.0509 0 0 0 
1310000 5568 135.458 195.2 1.596 0.9262 0 0 0 
1320000 5625 170.711 272.8 1.52 1.1695 0 0 0 
1330000 5685 171.875 369.9 1.573 1.1657 0 0 0 
1340000 5750 145.601 442.8 1.152 1.0065 0 0 0 
1350000 5823 132.169 535.2 1.129 0.9108 0 0 0 
1360000 5875 174.636 633.8 1.766 1.195 0 0 0 
1370000 5935 168.139 718.5 1.444 1.1602 0 0 0 
1380000 6007 142.531 824.1 1.287 0.9769 0 0 0 
1390000 6071 146.573 886.1 1.018 1.0068 0 0 0 
1400000 6125 173.817 972.5 1.328 1.1905 0 0 0 
1410000 6189 150.425 1077.0 1.347 1.0464 0 0 0 
1420000 6244 177.434 1116.3 0.715 1.2077 0 0 0 
1430000 6310 162.346 1140.3 0.46 1.0994 0 0 0 
1440000 6373 169.155 1232.2 1.22 1.1465 0 0 0 
1450000 6427 178.992 1370.0 1.983 1.221 0 0 0 
1460000 6492 158.391 1480.8 1.806 1.0978 0 0 0 
1470000 6545 171.84 1630.5 2.326 1.1858 0 0 0 
1480000 6598 182.717 1727.2 2.025 1.2542 0 0 0 
1490000 6647 186.164 1856.7 2.317 1.2604 0 0 0 
1500000 6706 178.435 1991.1 2.303 1.2027 0 0 0 
1510000 6775 149.183 2105.8 1.684 1.0069 0 0 0 
1520000 6834 156.579 2169.8 1.293 1.0834 0 0 0 
1530000 6876 198.992 2291.3 2.288 1.3564 0 0 0 
1540000 6926 205.107 2436.3 2.793 1.4324 0 0 0 
1550000 6975 204.334 2560.5 2.727 1.405 0 0 0 
1560000 7029 184.698 2677.8 2.237 1.2679 0 0 0 
1570000 7075 202.309 2833.5 2.957 1.3861 0 0 0 
1580000 7139 168.873 2981.4 2.538 1.1566 0 0 0 
1590000 7189 194.638 3053.5 1.715 1.3331 0 0 0 
1600000 7238 190.851 3155.9 1.999 1.3143 0 0 0 
1610000 7289 201.388 3235.9 1.885 1.3827 0 0 0 
1620000 7348 184.073 3380.1 2.351 1.2621 0 0 0 
1630000 7405 183.52 3499.8 2.129 1.2616 0 0 0 
1640000 7457 195.63 3606.2 2.099 1.3418 0 0 0 
1650000 7521 169.188 3711.2 1.76 1.1607 0 0 0 
1660000 7590 146.996 3840.9 1.642 1.0251 0 0 0 
1670000 7648 156.339 3981.7 2.042 1.0727 0 0 0 
1680000 7712 161.529 4130.3 2.202 1.0864 0 0 0 
1690000 7769 165.236 4259.1 2.249 1.1048 0 0 0 
1700000 7823 181.102 4391.1 2.466 1.2157 0 0 0 
1710000 7875 187.437 4522.6 2.527 1.2533 0 0 0 
1720000 7939 164.169 4668.4 2.349 1.1023 0 0 0 
1730000 7982 197.375 4810.6 2.689 1.3188 0 0 0 
1740000 8030 201.867 4957.4 2.892 1.391 0 0 0 
1750000 8073 225.179 5081.7 2.962 1.5289 0 0 0 
1760000 8130 188.199 5284.5 3.26 1.2569 0 0 0 
1770000 8188 189.084 5449.5 3.076 1.2815 0 0 0 
1780000 8237 195.69 5600.0 2.896 1.3504 0 0 0 
1790000 8285 212.15 5737.7 3.033 1.4212 0 0 0 
1800000 8333 205.888 5884.5 3.088 1.3999 0 0 0 
1810000 8367 244.648 5981.6 2.958 1.6715 0 0 0 
1820000 8404 254.323 6091.2 2.845 1.7123 0 0 0 
1830000 8450 225.05 6240.5 3.009 1.517 0 0 0 
1840000 8500 209.95 6372.0 2.944 1.4239 0 0 0 
1850000 8556 182.003 6517.3 2.644 1.2496 0 0 0 
1860000 8614 175.05 6708.6 3.079 1.2112 0 0 0 
1870000 8656 212.342 6860.3 3.407 1.4612 0 0 0 
1880000 8706 207.581 6996.8 3.017 1.4118 0 0 0 
1890000 8762 182.659 7188.3 3.356 1.2337 0 0 0 
1900000 8820 175.583 7368.6 3.156 1.1884 0 0 0 
1910000 8857 231.636 7458.7 2.841 1.5637 0 0 0 
1920000 8907 211.63 7602.8 2.78 1.4398 0 0 0 
1930000 8957 200.103 7754.7 3.15 1.367 0 0 0 
1940000 9002 213.282 7873.7 2.936 1.4388 0 0 0 
1950000 9044 225.285 8051.7 3.709 1.5194 0 0 0 
1960000 9084 232.517 8193.1 3.524 1.577 0 0 0 
1970000 9122 255.403 8352.0 3.923 1.729 0 0 0 
1980000 9166 232.927 8498.9 3.509 1.5733 0 0 0 
1990000 9208 246.03 8640.9 3.472 1.6716 0 0 0 
2000000 9249 245.757 8798.0 3.701 1.6744 0 0 0 
2010000 9284 257.087 8902.7 3.378 1.7444 0 0 0 
2020000 9337 207.83 9070.2 3.216 1.4049 0 0 0 
2030000 9390 203.815 9226.2 3.117 1.3759 0 0 0 
2040000 9428 228.206 9326.8 2.817 1.539 0 0 0 
2050000 9477 218.325 9463.2 2.859 1.4805 0 0 0 
2060000 9514 241.796 9567.7 2.894 1.6318 0 0 0 
2070000 9567 206.587 9713.9 2.891 1.4045 0 0 0 
2080000 9608 223.393 9838.9 3.021 1.5096 0 0 0 
2090000 9639 270.202 9930.5 3.007 1.8236 0 0 0 
2100000 9684 235.548 10090.4 3.091 1.5919 0 0 0 
2110000 9722 245.376 10226.7 3.312 1.6649 0 0 0 
2120000 9750 293.275 10327.4 3.485 1.9881 0 0 0 
2130000 9789 276.78 10458.6 3.404 1.8642 0 0 0 
2140000 9837 228.461 10626.6 3.419 1.5467 0 0 0 
2150000 9880 231.401 10786.7 3.525 1.5584 0 0 0 
2160000 9929 210.027 10919.8 2.992 1.4362 0 0 0 
2170000 9983 201.099 11111.7 3.567 1.3898 0 0 0 
2180000 10043 173.294 11274.4 2.94 1.1989 0 0 0 
2190000 10100 177.707 11437.9 2.774 1.2318 0 0 0 
2200000 10154 179.369 11577.6 2.564 1.2392 0 0 0 
2210000 10197 210.475 11709.0 2.839 1.4197 0 0 0 
2220000 10247 195.231 11857.6 2.888 1.2995 0 0 0 
2230000 10307 181.028 12064.7 3.251 1.234 0 0 0 
2240000 10356 192.039 12203.0 2.93 1.2874 0 0 0 
2250000 10394 227.568 12328.0 3.09 1.5059 0 0 0 
2260000 10439 226.306 12456.5 2.951 1.5144 0 0 0 
2270000 10487 212.166 12618.5 3.168 1.4183 0 0 0 
2280000 10531 220.563 12740.6 3.094 1.4754 0 0 0 
2290000 10573 231.362 12902.7 3.582 1.5653 0 0 0 
2300000 10620 204.404 13062.9 3.357 1.3831 0 0 0 
2310000 10665 224.018 13179.5 2.859 1.4992 0 0 0 
2320000 10708 232.085 13337.6 3.311 1.5306 0 0 0 
2330000 10747 240.973 13462.6 3.367 1.6276 0 0 0 
2340000 10808 183.311 13643.3 3.131 1.2603 0 0 0 
2350000 10862 182.041 13836.6 3.388 1.2494 0 0 0 
2360000 10904 222.446 14000.2 3.717 1.5025 0 0 0 
2370000 10947 224.921 14148.8 3.456 1.5208 0 0 0 
2380000 10993 219.129 14279.3 3.132 1.4814 0 0 0 
2390000 11042 202.539 14449.3 3.175 1.3716 0 0 0 
2400000 11082 225.206 14576.3 3.194 1.5237 0 0 0 
2410000 11134 208.72 14729.0 3.191 1.4274 0 0 0 
2420000 11180 211.831 14842.8 2.835 1.4396 0 0 0 
2430000 11228 211.571 15024.6 3.497 1.4324 0 0 0 
2440000 11275 212.515 15215.7 3.894 1.4172 0 0 0 
2450000 11322 211.906 15415.9 4.169 1.4166 0 0 0 
2460000 11377 180.254 15592.3 3.474 1.2294 0 0 0 
2470000 11418 212.216 15754.3 3.643 1.4449 0 0 0 
2480000 11465 218.122 15909.9 3.42 1.4892 0 0 0 
2490000 11515 218.811 16054.2 3.134 1.5052 0 0 0 
2500000 11557 229.777 16193.8 3.242 1.5811 0 0 0 
2510000 11596 239.79 16332.6 3.352 1.6447 0 0 0 
2520000 11641 231.772 16503.3 3.591 1.5627 0 0 0 
2530000 11693 197.636 16687.6 3.6 1.3126 0 0 0 
2540000 11747 185.073 16859.1 3.303 1.2275 0 0 0 
2550000 11802 184.28 17006.6 2.994 1.2202 0 0 0 
2560000 11839 226.294 17168.3 3.633 1.4928 0 0 0 
2570000 11898 192.853 17345.6 3.208 1.2805 0 0 0 
2580000 11949 192.864 17514.8 3.277 1.2798 0 0 0 
2590000 11989 225.402 17655.5 3.456 1.4928 0 0 0 
2600000 12025 249.688 17796.3 3.642 1.6819 0 0 0 
2610000 12069 242.032 17921.7 3.326 1.6246 0 0 0 
2620000 12113 216.667 18045.5 2.882 1.484 0 0 0 
2630000 12162 210.148 18197.6 3.024 1.4066 0 0 0 
2640000 12207 210.653 18385.2 3.468 1.4132 0 0 0 
2650000 12258 205.691 18546.4 3.461 1.3778 0 0 0 
2660000 12297 226.686 18710.8 3.796 1.5114 0 0 0 
2670000 12343 221.249 18829.4 3.093 1.4667 0 0 0 
2680000 12391 215.484 18968.5 2.96 1.419 0 0 0 
2690000 12421 267.079 19114.0 3.711 1.7503 0 0 0 
2700000 12465 242.798 19229.3 3.043 1.6188 0 0 0 
2710000 12509 235.218 19349.3 2.922 1.5889 0 0 0 
2720000 12561 210.342 19475.5 2.786 1.4282 0 0 0 
2730000 12622 170.997 19617.2 2.346 1.1656 0 0 0 
2740000 12668 186.461 19732.0 2.298 1.2613 0 0 0 
2750000 12707 219.286 19845.0 2.591 1.4636 0 0 0 
2760000 12756 205.116 19980.6 2.594 1.3723 0 0 0 
2770000 12803 210.125 20153.2 3.267 1.4077 0 0 0 
2780000 12841 242.177 20260.9 3.145 1.6217 0 0 0 
2790000 12880 246.127 20397.2 3.349 1.6627 0 0 0 
2800000 12928 220.254 20546.3 3.214 1.4987 0 0 0 
2810000 12991 177.606 20706.9 2.599 1.2088 0 0 0 
2820000 13043 189.58 20861.4 2.845 1.2783 0 0 0 
2830000 13091 201.176 21021.7 3.145 1.3415 0 0 0 
2840000 13127 243.609 21124.5 2.968 1.6065 0 0 0 
2850000 13165 249.098 21257.3 3.235 1.6427 0 0 0 
2860000 13215 213.572 21454.5 3.669 1.4036 0 0 0 
2870000 13262 210.403 21618.4 3.505 1.3979 0 0 0 
2880000 13312 203.991 21806.4 3.47 1.366 0 0 0 
2890000 13362 205.398 21953.2 3.222 1.3598 0 0 0 
2900000 13410 212.323 22105.4 3.133 1.4056 0 0 0 
2910000 13465 186.395 22263.6 2.987 1.2379 0 0 0 
2920000 13500 236.953 22374.3 2.957 1.5681 0 0 0 
2930000 13541 250.79 22482.2 2.783 1.659 0 0 0 
2940000 13585 233.447 22620.9 2.853 1.5422 0 0 0 
2950000 13630 226.334 22780.8 3.304 1.4793 0 0 0 
2960000 13672 232.051 22912.2 3.195 1.5131 0 0 0 
2970000 13708 262.195 23022.6 3.195 1.7452 0 0 0 
2980000 13747 251.005 23137.4 2.858 1.6949 0 0 0 
2990000 13794 230.329 23285.9 3.126 1.5388 0 0 0 
3000000 13833 251.805 23445.1 3.742 1.6593 0 0 0 
3010000 13874 249.55 23594.0 3.683 1.6484 0 0 0 
3020000 13913 250.556 23735.8 3.535 1.6752 0 0 0 
3030000 13961 224.372 23900.3 3.458 1.4994 0 0 0 
3040000 14004 236.26 24072.8 3.934 1.5826 0 0 0 
3050000 14042 245.286 24204.0 3.573 1.6363 0 0 0 
3060000 14086 226.986 24346.6 3.385 1.5156 0 0 0 
3070000 14135 220.026 24497.8 3.275 1.4886 0 0 0 
3080000 14173 233.276 24610.9 3.271 1.5562 0 0 0 
3090000 14223 211.151 24773.6 3.17 1.3987 0 0 0 
3100000 14264 227.475 24941.9 3.659 1.5143 0 0 0 
3110000 14305 239.943 25073.7 3.506 1.5989 0 0 0 
3120000 14345 240.476 25225.8 3.637 1.5882 0 0 0 
3130000 14389 233.315 25395.3 3.748 1.5458 0 0 0 
3140000 14428 246.937 25558.2 4.054 1.627 0 0 0 
3150000 14465 254.892 25702.9 3.966 1.7174 0 0 0 
3160000 14518 204.87 25845.9 3.073 1.373 0 0 0 
3170000 14557 232.214 25989.2 3.508 1.5532 0 0 0 
3180000 14604 220.552 26125.1 3.152 1.4649 0 0 0 
3190000 14628 295.204 26206.4 3.324 1.9457 0 0 0 
3200000 14662 287.032 26357.1 3.825 1.8969 0 0 0 
3210000 14707 248.55 26506.3 3.567 1.6553 0 0 0 
3220000 14748 236.517 26663.0 3.699 1.5952 0 0 0 
3230000 14789 233.294 26782.6 2.851 1.5923 0 0 0 
3240000 14833 228.608 26912.8 2.933 1.5566 0 0 0 
3250000 14872 250.775 27023.3 2.998 1.7072 0 0 0 
3260000 14912 249.599 27164.4 3.206 1.6953 0 0 0 
3270000 14952 251.06 27311.1 3.543 1.6978 0 0 0 
3280000 14999 232.205 27448.0 3.182 1.5723 0 0 0 
3290000 15048 216.104 27601.8 3.153 1.4644 0 0 0 
3300000 15095 207.624 27778.4 3.418 1.4118 0 0 0 
3310000 15134 223.11 27920.6 3.587 1.5058 0 0 0 
3320000 15179 223.79 28073.4 3.601 1.5124 0 0 0 
3330000 15227 212.409 28233.0 3.351 1.4466 0 0 0 
3340000 15268 225.48 28392.5 3.542 1.53 0 0 0 
3350000 15299 270.803 28492.9 3.45 1.827 0 0 0 
3360000 15333 280.885 28642.7 4.018 1.9007 0 0 0 
3370000 15376 255.593 28839.3 4.248 1.7364 0 0 0 
3380000 15417 243.022 28930.6 3.057 1.6549 0 0 0 
3390000 15453 263.503 29087.2 3.73 1.7705 0 0 0 
3400000 15490 270.089 29221.7 3.705 1.8089 0 0 0 
3410000 15536 237.231 29360.3 3.262 1.6002 0 0 0 
3420000 15573 242.229 29473.8 3.137 1.613 0 0 0 
3430000 15616 236.404 29616.1 3.159 1.5654 0 0 0 
3440000 15660 237.206 29751.1 3.12 1.5671 0 0 0 
3450000 15696 258.986 29846.8 2.763 1.7166 0 0 0 
3460000 15733 259.155 29964.4 3.042 1.7302 0 0 0 
3470000 15771 259.313 30042.6 2.507 1.736 0 0 0 
3480000 15817 235.262 30172.1 2.727 1.571 0 0 0 
3490000 15863 232.172 30298.9 2.689 1.545 0 0 0 
3500000 15912 213.428 30420.0 2.639 1.4159 0 0 0 
3510000 15964 205.448 30559.5 2.631 1.365 0 0 0 
3520000 15995 252.572 30657.5 2.87 1.659 0 0 0 
3530000 16045 224.237 30837.1 3.184 1.4661 0 0 0 
3540000 16107 183.477 31027.7 3.049 1.2035 0 0 0 
3550000 16165 185.305 31157.9 2.393 1.2091 0 0 0 
3560000 16198 232.504 31300.6 3.349 1.5211 0 0 0 
3570000 16234 263.133 31410.3 3.269 1.7138 0 0 0 
3580000 16275 246.097 31528.7 3.048 1.6466 0 0 0 
3590000 16317 244.704 31658.6 3.075 1.6283 0 0 0 
3600000 16368 214.585 31810.2 3.12 1.4437 0 0 0 
3610000 16407 242.088 31920.6 2.82 1.6285 0 0 0 
3620000 16454 218.27 32070.4 2.911 1.4876 0 0 0 
3630000 16489 256.75 32201.5 3.389 1.7345 0 0 0 
3640000 16530 238.521 32340.3 3.396 1.6054 0 0 0 
3650000 16575 234.61 32453.5 2.71 1.5768 0 0 0 
3660000 16622 220.852 32600.6 3.131 1.4806 0 0 0 
3670000 16673 212.29 32743.0 3.095 1.4241 0 0 0 
3680000 16723 209.763 32910.8 3.088 1.4147 0 0 0 
3690000 16764 231.342 33046.9 3.258 1.545 0 0 0 
3700000 16809 227.374 33130.2 2.451 1.5254 0 0 0 
3710000 16848 241.231 33234.9 2.422 1.6165 0 0 0 
3720000 16896 216.027 33378.1 2.746 1.4454 0 0 0 
3730000 16935 242.343 33510.3 3.023 1.6104 0 0 0 
3740000 16984 223.928 33643.3 2.961 1.498 0 0 0 
3750000 17035 202.91 33770.7 2.674 1.3605 0 0 0 
3760000 17075 229.066 33836.4 2.293 1.5317 0 0 0 
3770000 17131 196.086 33996.2 2.56 1.3265 0 0 0 
3780000 17176 210.213 34140.6 2.936 1.407 0 0 0 
3790000 17220 224.348 34267.0 2.891 1.4876 0 0 0 
3800000 17262 235.605 34386.9 2.92 1.5671 0 0 0 
3810000 17297 261.903 34486.7 2.887 1.7376 0 0 0 
3820000 17345 224.378 34632.2 3.074 1.4924 0 0 0 
3830000 17391 211.319 34775.4 3.037 1.4086 0 0 0 
3840000 17433 222.122 34897.2 2.94 1.4839 0 0 0 
3850000 17482 219.108 35017.8 2.564 1.4523 0 0 0 
3860000 17531 213.989 35151.2 2.611 1.4176 0 0 0 
3870000 17580 207.553 35317.0 3.078 1.3723 0 0 0 
3880000 17636 183.424 35479.1 2.827 1.2245 0 0 0 
3890000 17699 160.942 35658.8 2.781 1.082 0 0 0 
3900000 17748 200.092 35844.9 3.593 1.3337 0 0 0 
3910000 17802 188.793 35979.1 2.855 1.2524 0 0 0 
3920000 17842 214.403 36028.2 2.169 1.4106 0 0 0 
3930000 17891 202.225 36184.2 2.698 1.3548 0 0 0 
3940000 17948 182.425 36354.8 2.882 1.2236 0 0 0 
3950000 18002 180.313 36502.0 2.72 1.2077 0 0 0 
3960000 18054 197.544 36632.5 2.478 1.33 0 0 0 
3970000 18111 176.096 36812.1 2.916 1.1765 0 0 0 
3980000 18153 210.654 36946.2 3.108 1.4056 0 0 0 
3990000 18191 232.653 36972.6 1.788 1.5626 0 0 0 
4000000 18235 245.315 37063.2 1.989 1.6493 0 0 0 
