10000 10 182.927 3663.157 66.529 0.2029 0 0 0 
20000 20 332.392 7751.454 129.514 0.3669 0 0 0 
30000 34 421.154 10414.939 143.929 0.8588 0 0 0 
40000 148 127.161 13475.453 42.764 0.3723 0 0 0 
50000 159 288.261 17231.473 104.918 0.9233 0 0 0 
60000 169 418.458 21548.204 164.994 1.3719 0 0 0 
70000 179 524.838 26751.55 229.974 1.7399 0 0 0 
80000 189 597.0 32578.769 285.943 1.9881 0 0 0 
90000 199 670.72 38240.068 339.545 2.2353 0 0 0 
100000 210 733.051 43399.505 371.958 2.4515 0 0 0 
110000 220 781.883 49189.985 409.272 2.6265 0 0 0 
120000 231 799.522 54726.019 423.804 2.6828 0 0 0 
130000 241 836.195 60120.886 444.372 2.8132 0 0 0 
140000 251 866.159 66198.238 473.978 2.9105 0 0 0 
150000 261 890.642 71639.506 487.467 2.9911 0 0 0 
160000 271 910.647 76986.263 494.994 3.056 0 0 0 
170000 281 926.992 82636.744 508.881 3.1177 0 0 0 
180000 291 940.347 88293.71 516.95 3.1666 0 0 0 
190000 301 951.259 93938.533 529.14 3.2081 0 0 0 
200000 311 960.175 98887.141 521.968 3.2383 0 0 0 
210000 322 953.671 104550.206 523.296 3.2227 0 0 0 
220000 332 962.145 110323.635 532.601 3.2566 0 0 0 
230000 342 969.07 115538.489 529.364 3.2901 0 0 0 
240000 352 974.728 121416.819 540.657 3.3158 0 0 0 
250000 362 979.351 127103.646 546.354 3.3412 0 0 0 
260000 372 983.128 132587.162 546.464 3.3559 0 0 0 
270000 382 986.215 138236.233 549.634 3.3765 0 0 0 
280000 392 988.736 144215.274 557.921 3.3869 0 0 0 
290000 403 963.249 150219.963 551.106 3.3071 0 0 0 
300000 416 932.196 156338.993 539.407 3.1985 0 0 0 
310000 432 837.607 162328.956 488.237 2.8668 0 0 0 
320000 443 859.77 168761.08 511.224 2.9456 0 0 0 
330000 453 885.422 174634.262 525.364 3.0411 0 0 0 
340000 463 906.382 179560.764 519.394 3.1145 0 0 0 
350000 473 909.069 185813.969 530.408 3.1233 0 0 0 
360000 485 900.15 192431.405 537.764 3.0983 0 0 0 
370000 495 918.415 199475.432 566.89 3.1592 0 0 0 
380000 506 924.101 205478.588 569.881 3.1799 0 0 0 
390000 518 895.169 211246.704 544.219 3.0781 0 0 0 
400000 529 899.908 217935.278 558.187 3.0905 0 0 0 
410000 540 906.003 224538.697 569.516 3.1119 0 0 0 
420000 550 921.823 230702.547 576.628 3.1652 0 0 0 
430000 561 924.073 235982.535 560.687 3.1792 0 0 0 
440000 571 923.464 240967.087 541.527 3.1768 0 0 0 
450000 581 937.464 245637.972 526.575 3.2314 0 0 0 
460000 592 937.824 250601.058 514.016 3.2441 0 0 0 
470000 603 934.906 255996.782 510.715 3.2454 0 0 0 
480000 613 937.612 262011.63 519.707 3.2493 0 0 0 
490000 623 949.024 267613.453 531.958 3.2968 0 0 0 
500000 634 940.832 273028.233 521.096 3.2668 0 0 0 
510000 644 951.656 279598.427 544.476 3.3044 0 0 0 
520000 656 929.152 286428.652 552.858 3.2223 0 0 0 
530000 666 942.112 293272.382 576.314 3.2783 0 0 0 
540000 677 946.168 300105.16 594.036 3.3015 0 0 0 
550000 687 956.015 307977.701 629.201 3.3478 0 0 0 
560000 698 946.401 315180.595 634.728 3.3265 0 0 0 
570000 708 950.168 322551.074 647.843 3.3515 0 0 0 
580000 718 959.284 330046.893 669.162 3.4035 0 0 0 
590000 728 966.732 337730.767 687.18 3.4377 0 0 0 
600000 738 972.817 345080.567 696.95 3.4573 0 0 0 
610000 749 964.212 352172.965 687.721 3.4244 0 0 0 
620000 760 956.603 359339.95 683.109 3.3783 0 0 0 
630000 770 961.993 367007.764 695.839 3.3849 0 0 0 
640000 780 968.946 374584.333 708.129 3.4031 0 0 0 
650000 790 974.627 382334.193 719.877 3.4077 0 0 0 
660000 800 973.937 390890.089 739.526 3.392 0 0 0 
670000 810 978.704 399074.013 751.886 3.4054 0 0 0 
680000 821 967.977 407166.501 753.146 3.3638 0 0 0 
690000 831 972.805 415024.708 757.066 3.3749 0 0 0 
700000 841 977.779 422998.076 765.496 3.3864 0 0 0 
710000 851 978.663 429423.869 742.374 3.3907 0 0 0 
720000 861 982.566 437627.26 755.618 3.4068 0 0 0 
730000 871 985.755 446227.882 774.991 3.4158 0 0 0 
740000 881 988.361 453487.159 765.289 3.4265 0 0 0 
750000 891 990.49 461838.401 782.017 3.4341 0 0 0 
760000 901 992.23 468612.073 763.257 3.4438 0 0 0 
770000 911 993.651 474932.989 737.973 3.4502 0 0 0 
780000 921 994.812 481581.29 720.865 3.4545 0 0 0 
790000 931 995.761 489118.159 732.932 3.4529 0 0 0 
800000 941 988.693 497779.223 745.214 3.4298 0 0 0 
810000 951 990.761 506521.106 768.316 3.4376 0 0 0 
820000 961 992.451 514094.097 772.436 3.4375 0 0 0 
830000 971 993.832 522041.808 771.571 3.4339 0 0 0 
840000 981 994.96 530644.008 791.717 3.4365 0 0 0 
850000 992 982.243 540008.403 809.247 3.3907 0 0 0 
860000 1002 985.491 548423.206 809.653 3.394 0 0 0 
870000 1012 988.145 556983.406 822.181 3.404 0 0 0 
880000 1023 974.541 566011.153 822.923 3.3569 0 0 0 
890000 1034 966.673 574855.571 821.738 3.3279 0 0 0 
900000 1044 972.769 582390.568 809.426 3.3589 0 0 0 
910000 1054 977.75 593582.996 867.199 3.373 0 0 0 
920000 1064 981.82 603604.812 890.945 3.3869 0 0 0 
930000 1074 985.146 615496.876 948.704 3.4032 0 0 0 
940000 1084 987.863 625497.967 957.341 3.419 0 0 0 
950000 1094 990.083 637168.638 998.203 3.4229 0 0 0 
960000 1105 980.972 648567.332 1012.702 3.3884 0 0 0 
970000 1115 984.453 660566.052 1047.367 3.394 0 0 0 
980000 1125 980.463 670270.423 1023.826 3.3875 0 0 0 
990000 1135 984.037 680782.411 1028.67 3.3987 0 0 0 
1000000 1145 986.957 690875.841 1024.421 3.4131 0 0 0 
1010000 1155 989.343 703223.924 1065.35 3.422 0 0 0 
1020000 1165 990.884 715243.552 1091.515 3.4198 0 0 0 
1030000 1175 984.326 726816.985 1099.975 3.3968 0 0 0 
1040000 1185 987.193 737781.653 1091.236 3.4051 0 0 0 
1050000 1195 989.536 748090.194 1083.111 3.4181 0 0 0 
1060000 1205 991.45 758803.683 1083.831 3.4182 0 0 0 
1070000 1215 993.014 770527.112 1098.63 3.4287 0 0 0 
1080000 1225 994.292 781233.992 1094.209 3.43 0 0 0 
1090000 1235 995.336 792894.462 1111.062 3.4264 0 0 0 
1100000 1245 996.189 802426.483 1074.106 3.4395 0 0 0 
1110000 1255 996.886 813091.443 1075.175 3.4407 0 0 0 
1120000 1265 997.456 823843.204 1071.912 3.434 0 0 0 
1130000 1276 988.544 834786.288 1072.405 3.3979 0 0 0 
1140000 1286 990.64 846118.832 1081.491 3.4017 0 0 0 
1150000 1297 977.825 857206.049 1071.838 3.3582 0 0 0 
1160000 1307 981.881 867339.94 1060.387 3.3807 0 0 0 
1170000 1317 985.196 878203.833 1064.814 3.3914 0 0 0 
1180000 1327 987.904 888661.715 1063.582 3.3951 0 0 0 
1190000 1337 990.117 901136.759 1097.007 3.4041 0 0 0 
1200000 1347 991.428 910943.612 1074.55 3.4134 0 0 0 
1210000 1357 992.996 921041.422 1062.66 3.4245 0 0 0 
1220000 1367 985.884 932268.458 1060.088 3.3987 0 0 0 
1230000 1377 988.466 943886.332 1079.866 3.407 0 0 0 
1240000 1387 990.576 956175.819 1105.146 3.4131 0 0 0 
1250000 1397 992.3 968359.461 1128.233 3.3982 0 0 0 
1260000 1407 993.708 980481.349 1147.345 3.4049 0 0 0 
1270000 1417 994.859 992189.358 1147.02 3.4152 0 0 0 
1280000 1427 995.8 1006100.402 1188.896 3.4166 0 0 0 
1290000 1437 996.568 1019510.199 1217.568 3.4121 0 0 0 
1300000 1447 992.694 1031571.972 1211.787 3.4064 0 0 0 
1310000 1457 994.031 1043934.283 1211.514 3.4127 0 0 0 
1320000 1467 995.123 1056428.051 1221.977 3.4122 0 0 0 
1330000 1477 996.015 1068462.684 1214.181 3.4111 0 0 0 
1340000 1488 986.287 1081414.005 1218.259 3.3683 0 0 0 
1350000 1498 988.796 1094647.052 1236.012 3.387 0 0 0 
1360000 1508 990.845 1107868.381 1251.585 3.3904 0 0 0 
1370000 1518 992.52 1121531.935 1276.3 3.4012 0 0 0 
1380000 1528 993.888 1132127.412 1236.074 3.405 0 0 0 
1390000 1538 995.006 1144575.269 1234.428 3.4124 0 0 0 
1400000 1548 995.92 1157559.949 1247.323 3.4078 0 0 0 
1410000 1558 996.666 1170599.925 1257.179 3.4158 0 0 0 
1420000 1568 997.276 1183210.25 1258.925 3.418 0 0 0 
1430000 1578 997.774 1192412.795 1198.364 3.4167 0 0 0 
1440000 1588 992.141 1203333.243 1177.092 3.3909 0 0 0 
1450000 1598 993.579 1212872.625 1137.055 3.3917 0 0 0 
1460000 1608 994.753 1225287.071 1151.432 3.4084 0 0 0 
1470000 1618 995.713 1237418.447 1160.781 3.4069 0 0 0 
1480000 1628 996.497 1248302.933 1147.703 3.4131 0 0 0 
1490000 1638 997.138 1260118.944 1154.944 3.4127 0 0 0 
1500000 1648 997.662 1274142.726 1198.752 3.4168 0 0 0 
1510000 1658 998.089 1286027.014 1199.44 3.4195 0 0 0 
1520000 1668 998.439 1298914.855 1216.124 3.4187 0 0 0 
1530000 1678 998.724 1312137.142 1233.269 3.4224 0 0 0 
1540000 1688 998.958 1326043.37 1263.713 3.423 0 0 0 
1550000 1698 999.148 1340061.942 1288.45 3.4302 0 0 0 
1560000 1708 999.304 1354017.892 1308.596 3.4335 0 0 0 
1570000 1718 999.431 1366713.999 1300.784 3.4343 0 0 0 
1580000 1728 999.535 1379338.01 1292.207 3.4355 0 0 0 
1590000 1738 999.62 1391251.646 1275.553 3.4422 0 0 0 
1600000 1748 999.69 1403421.338 1264.978 3.4409 0 0 0 
1610000 1758 999.747 1415209.013 1248.946 3.4389 0 0 0 
1620000 1768 999.793 1426181.015 1216.119 3.4439 0 0 0 
1630000 1778 999.831 1438597.562 1222.095 3.4422 0 0 0 
1640000 1788 999.862 1451445.902 1231.405 3.4435 0 0 0 
1650000 1798 999.887 1462721.505 1218.387 3.4387 0 0 0 
1660000 1808 999.908 1475719.714 1226.887 3.4389 0 0 0 
1670000 1818 999.925 1487102.319 1207.567 3.4392 0 0 0 
1680000 1828 999.938 1496880.008 1178.408 3.4331 0 0 0 
1690000 1838 999.95 1508584.545 1176.804 3.4305 0 0 0 
1700000 1848 999.959 1519579.154 1152.565 3.4198 0 0 0 
1710000 1858 999.966 1531633.384 1164.476 3.4233 0 0 0 
1720000 1868 999.973 1543870.124 1182.952 3.4243 0 0 0 
1730000 1878 999.978 1556945.227 1196.635 3.4349 0 0 0 
1740000 1888 999.982 1571834.72 1248.689 3.4493 0 0 0 
1750000 1898 999.985 1586172.113 1289.163 3.4432 0 0 0 
1760000 1908 999.988 1600528.339 1314.169 3.4432 0 0 0 
1770000 1919 990.905 1614573.674 1317.793 3.4135 0 0 0 
1780000 1929 992.569 1629289.769 1345.702 3.4261 0 0 0 
1790000 1939 993.928 1642413.985 1339.741 3.4294 0 0 0 
1800000 1949 995.039 1656262.462 1348.761 3.4367 0 0 0 
1810000 1959 995.946 1670633.46 1364.0 3.4316 0 0 0 
1820000 1969 996.688 1683003.708 1341.675 3.4346 0 0 0 
1830000 1979 997.294 1697351.066 1360.174 3.4427 0 0 0 
1840000 1989 997.789 1711201.561 1364.073 3.4521 0 0 0 
1850000 1999 998.193 1725081.042 1368.828 3.4537 0 0 0 
1860000 2009 998.524 1739102.017 1375.827 3.4445 0 0 0 
1870000 2019 998.794 1752592.18 1372.046 3.4435 0 0 0 
1880000 2029 999.014 1765502.23 1354.945 3.4377 0 0 0 
1890000 2039 999.195 1778840.544 1352.396 3.436 0 0 0 
1900000 2049 999.342 1792470.507 1354.79 3.4373 0 0 0 
1910000 2059 999.462 1805098.838 1337.634 3.4291 0 0 0 
1920000 2069 987.552 1815170.88 1271.928 3.399 0 0 0 
1930000 2079 989.829 1826300.08 1242.775 3.4154 0 0 0 
1940000 2089 991.689 1836128.219 1185.763 3.4201 0 0 0 
1950000 2099 993.21 1848149.842 1193.121 3.4181 0 0 0 
1960000 2109 994.452 1859336.947 1178.079 3.416 0 0 0 
1970000 2119 995.467 1871145.085 1174.289 3.4228 0 0 0 
1980000 2129 996.296 1883730.113 1188.756 3.4321 0 0 0 
1990000 2139 996.973 1895383.732 1195.648 3.4277 0 0 0 
2000000 2149 997.527 1907840.501 1202.851 3.4274 0 0 0 
2010000 2159 997.979 1920048.542 1204.094 3.4258 0 0 0 
2020000 2169 998.349 1934009.049 1234.149 3.4202 0 0 0 
2030000 2179 998.651 1947284.979 1259.254 3.4275 0 0 0 
2040000 2189 998.898 1959319.802 1240.768 3.4213 0 0 0 
2050000 2199 999.099 1972465.576 1252.976 3.4196 0 0 0 
2060000 2210 986.755 1985574.314 1249.479 3.3758 0 0 0 
2070000 2220 989.177 1999620.831 1277.566 3.3826 0 0 0 
2080000 2230 991.157 2013967.172 1304.761 3.3875 0 0 0 
2090000 2241 983.039 2026987.993 1294.771 3.3573 0 0 0 
2100000 2251 986.142 2039727.541 1291.58 3.3782 0 0 0 
2110000 2261 988.677 2052188.096 1283.317 3.3886 0 0 0 
2120000 2271 990.748 2064878.349 1282.672 3.4007 0 0 0 
2130000 2281 983.088 2077909.771 1271.677 3.3725 0 0 0 
2140000 2293 958.748 2091547.278 1253.73 3.2927 0 0 0 
2150000 2303 966.294 2105376.138 1276.464 3.3214 0 0 0 
2160000 2313 972.46 2118966.808 1289.828 3.344 0 0 0 
2170000 2323 977.498 2133483.101 1319.738 3.3642 0 0 0 
2180000 2333 981.614 2146990.488 1325.319 3.3818 0 0 0 
2190000 2343 984.977 2160952.805 1338.558 3.3825 0 0 0 
2200000 2353 987.725 2174223.971 1337.187 3.3986 0 0 0 
2210000 2363 989.971 2188754.897 1359.06 3.4121 0 0 0 
2220000 2373 991.805 2203927.755 1388.496 3.4208 0 0 0 
2230000 2383 993.304 2219917.306 1426.881 3.4253 0 0 0 
2240000 2393 994.529 2234511.009 1433.693 3.4286 0 0 0 
2250000 2403 995.53 2251171.381 1475.986 3.4242 0 0 0 
2260000 2413 996.348 2267250.911 1500.125 3.4392 0 0 0 
2270000 2423 997.016 2283159.306 1516.434 3.4359 0 0 0 
2280000 2433 997.562 2298542.147 1519.848 3.4384 0 0 0 
2290000 2443 998.008 2312039.785 1486.911 3.4401 0 0 0 
2300000 2453 998.372 2326582.114 1480.674 3.4439 0 0 0 
2310000 2463 998.67 2341394.368 1481.283 3.4447 0 0 0 
2320000 2473 998.913 2357810.952 1509.924 3.4458 0 0 0 
2330000 2483 999.112 2370103.153 1457.533 3.449 0 0 0 
2340000 2493 999.274 2384296.188 1449.313 3.4412 0 0 0 
2350000 2503 999.407 2399493.778 1462.835 3.4451 0 0 0 
2360000 2513 999.516 2415053.905 1479.468 3.4324 0 0 0 
2370000 2523 999.604 2429701.045 1477.301 3.4263 0 0 0 
2380000 2533 999.677 2445533.328 1495.338 3.4211 0 0 0 
2390000 2543 999.736 2458523.829 1458.007 3.4167 0 0 0 
2400000 2553 999.784 2473492.322 1466.135 3.4157 0 0 0 
2410000 2563 999.824 2487908.565 1462.95 3.4173 0 0 0 
2420000 2573 999.856 2503708.226 1484.775 3.4235 0 0 0 
2430000 2583 986.059 2519729.969 1484.004 3.3732 0 0 0 
2440000 2593 988.609 2535600.108 1501.581 3.377 0 0 0 
2450000 2604 988.604 2550331.357 1495.267 3.3793 0 0 0 
2460000 2614 990.689 2564940.41 1489.129 3.3838 0 0 0 
2470000 2624 992.392 2580481.313 1501.576 3.3938 0 0 0 
2480000 2634 993.784 2596512.742 1520.044 3.3919 0 0 0 
2490000 2644 994.921 2611720.402 1520.453 3.3937 0 0 0 
2500000 2654 995.85 2626325.708 1509.626 3.3959 0 0 0 
2510000 2664 996.609 2642048.104 1521.037 3.4081 0 0 0 
2520000 2674 997.229 2658315.966 1540.0 3.4136 0 0 0 
2530000 2684 997.736 2670271.619 1475.812 3.4222 0 0 0 
2540000 2694 998.15 2684708.986 1470.649 3.4296 0 0 0 
2550000 2704 998.489 2700000.249 1480.495 3.4248 0 0 0 
2560000 2714 998.765 2715532.337 1494.089 3.433 0 0 0 
2570000 2724 998.991 2729503.311 1475.86 3.4359 0 0 0 
2580000 2734 999.176 2743005.566 1452.8 3.4279 0 0 0 
2590000 2744 999.326 2757695.714 1456.013 3.4219 0 0 0 
2600000 2754 999.45 2770164.26 1417.51 3.4275 0 0 0 
2610000 2764 999.55 2783640.391 1405.8 3.4245 0 0 0 
2620000 2774 999.633 2797244.924 1397.913 3.4144 0 0 0 
2630000 2784 999.7 2810669.922 1386.885 3.4179 0 0 0 
2640000 2794 999.755 2824769.462 1392.305 3.4186 0 0 0 
2650000 2804 999.8 2839090.479 1400.618 3.414 0 0 0 
2660000 2814 999.836 2855163.15 1438.369 3.4234 0 0 0 
2670000 2824 999.866 2868438.853 1417.864 3.421 0 0 0 
2680000 2834 999.891 2883119.707 1426.719 3.415 0 0 0 
2690000 2844 999.911 2895179.104 1385.496 3.4195 0 0 0 
2700000 2854 999.927 2906386.446 1336.116 3.4276 0 0 0 
2710000 2864 999.94 2920715.254 1352.871 3.4244 0 0 0 
2720000 2874 999.951 2934251.505 1352.626 3.4205 0 0 0 
2730000 2884 999.96 2948274.505 1363.188 3.4177 0 0 0 
2740000 2894 999.967 2962033.156 1365.24 3.4226 0 0 0 
2750000 2904 999.973 2978257.753 1412.84 3.4077 0 0 0 
2760000 2914 999.978 2990564.755 1381.483 3.4178 0 0 0 
2770000 2924 999.982 3004244.956 1380.111 3.407 0 0 0 
2780000 2934 999.986 3019172.459 1402.042 3.4072 0 0 0 
2790000 2944 999.988 3035235.512 1439.429 3.4196 0 0 0 
2800000 2954 999.99 3050295.36 1451.5 3.4172 0 0 0 
2810000 2964 999.992 3064414.701 1441.903 3.4141 0 0 0 
2820000 2974 999.994 3078087.445 1427.716 3.4091 0 0 0 
2830000 2984 999.995 3092783.333 1434.383 3.4087 0 0 0 
2840000 2994 999.996 3109125.571 1471.052 3.4062 0 0 0 
2850000 3004 999.996 3125202.049 1495.519 3.4056 0 0 0 
2860000 3014 995.396 3141040.399 1508.087 3.3853 0 0 0 
2870000 3024 996.238 3156006.538 1503.951 3.3954 0 0 0 
2880000 3034 996.926 3171377.521 1511.584 3.3975 0 0 0 
2890000 3044 997.489 3187274.05 1524.563 3.3929 0 0 0 
2900000 3054 997.948 3203062.611 1534.596 3.4025 0 0 0 
2910000 3064 998.323 3218558.294 1535.793 3.404 0 0 0 
2920000 3074 998.63 3234747.634 1551.162 3.4059 0 0 0 
2930000 3084 998.881 3251243.189 1571.296 3.4088 0 0 0 
2940000 3094 999.085 3265355.261 1538.428 3.4128 0 0 0 
2950000 3104 997.592 3281429.189 1547.403 3.4098 0 0 0 
2960000 3114 998.033 3296139.779 1533.615 3.3954 0 0 0 
2970000 3124 998.393 3312103.602 1546.057 3.393 0 0 0 
2980000 3134 998.687 3328012.87 1554.044 3.3892 0 0 0 
2990000 3144 998.927 3342487.661 1532.553 3.3965 0 0 0 
3000000 3154 999.123 3359431.532 1564.397 3.3884 0 0 0 
3010000 3164 999.284 3376714.136 1591.342 3.3933 0 0 0 
3020000 3174 999.415 3393222.233 1603.297 3.3955 0 0 0 
3030000 3184 999.522 3411990.715 1652.108 3.3908 0 0 0 
3040000 3194 999.609 3429606.156 1671.168 3.3845 0 0 0 
3050000 3204 999.681 3446824.759 1681.52 3.384 0 0 0 
3060000 3214 997.123 3462647.569 1657.48 3.3811 0 0 0 
3070000 3224 997.649 3479883.866 1670.688 3.3784 0 0 0 
3080000 3234 998.079 3496456.45 1669.253 3.3832 0 0 0 
3090000 3244 998.43 3511703.481 1640.16 3.3938 0 0 0 
3100000 3254 998.718 3526991.747 1620.023 3.399 0 0 0 
3110000 3264 997.476 3543212.493 1617.969 3.4001 0 0 0 
3120000 3274 997.938 3559175.8 1613.855 3.4043 0 0 0 
3130000 3284 998.315 3575276.514 1612.796 3.4044 0 0 0 
3140000 3294 998.623 3591867.308 1621.745 3.3904 0 0 0 
3150000 3304 998.875 3608611.058 1629.858 3.3848 0 0 0 
3160000 3314 999.081 3624720.703 1625.558 3.3871 0 0 0 
3170000 3324 999.249 3640875.96 1621.352 3.3901 0 0 0 
3180000 3334 999.386 3658003.836 1637.889 3.3942 0 0 0 
3190000 3344 999.499 3674439.659 1642.072 3.3806 0 0 0 
3200000 3354 994.89 3691932.818 1650.375 3.3576 0 0 0 
3210000 3364 995.825 3709897.951 1676.001 3.3707 0 0 0 
3220000 3374 996.589 3726633.234 1675.458 3.368 0 0 0 
3230000 3384 997.213 3744302.423 1697.353 3.3715 0 0 0 
3240000 3394 997.722 3762822.206 1724.612 3.376 0 0 0 
3250000 3404 998.139 3781465.883 1746.15 3.3784 0 0 0 
3260000 3414 998.48 3799971.769 1766.539 3.3819 0 0 0 
3270000 3424 998.758 3817744.487 1769.034 3.3928 0 0 0 
3280000 3434 998.985 3832622.226 1726.59 3.3925 0 0 0 
3290000 3444 999.171 3848583.874 1695.963 3.3853 0 0 0 
3300000 3454 999.322 3862744.77 1662.19 3.3952 0 0 0 
3310000 3464 999.446 3880895.103 1670.409 3.4009 0 0 0 
3320000 3474 999.548 3898154.284 1681.208 3.3948 0 0 0 
3330000 3484 999.63 3913366.026 1656.567 3.3967 0 0 0 
3340000 3494 999.698 3927654.693 1612.443 3.4102 0 0 0 
3350000 3504 999.753 3943639.549 1611.429 3.4113 0 0 0 
3360000 3514 999.798 3958068.577 1578.908 3.4238 0 0 0 
3370000 3524 999.835 3970806.156 1517.851 3.4257 0 0 0 
3380000 3534 999.865 3983711.451 1489.775 3.4205 0 0 0 
3390000 3544 999.89 3999266.095 1488.327 3.4169 0 0 0 
3400000 3554 999.91 4013958.076 1487.651 3.4161 0 0 0 
3410000 3564 999.927 4028334.444 1475.013 3.4101 0 0 0 
3420000 3574 999.94 4042861.086 1473.616 3.4212 0 0 0 
3430000 3584 999.951 4056686.396 1459.153 3.4139 0 0 0 
3440000 3594 999.96 4073044.139 1492.382 3.4115 0 0 0 
3450000 3604 999.967 4087464.132 1485.703 3.4066 0 0 0 
3460000 3614 999.973 4102119.643 1475.209 3.406 0 0 0 
3470000 3624 999.978 4117939.992 1488.532 3.4074 0 0 0 
3480000 3634 999.982 4135720.163 1554.742 3.4112 0 0 0 
3490000 3644 999.985 4152485.606 1570.545 3.4102 0 0 0 
3500000 3654 999.988 4169848.02 1594.943 3.4126 0 0 0 
3510000 3664 999.99 4183212.944 1564.886 3.4199 0 0 0 
3520000 3674 999.992 4197571.312 1526.93 3.4149 0 0 0 
3530000 3684 999.993 4213942.756 1549.434 3.3974 0 0 0 
3540000 3694 999.995 4228736.589 1536.968 3.3745 0 0 0 
3550000 3704 999.996 4242917.016 1516.823 3.3863 0 0 0 
3560000 3714 999.996 4257425.534 1505.987 3.3876 0 0 0 
3570000 3724 999.997 4274766.349 1544.465 3.3925 0 0 0 
3580000 3734 999.998 4291504.555 1570.58 3.3957 0 0 0 
3590000 3744 999.998 4305139.511 1548.92 3.4009 0 0 0 
3600000 3755 983.299 4321925.934 1548.242 3.3463 0 0 0 
3610000 3765 986.354 4338110.95 1552.036 3.3505 0 0 0 
3620000 3775 988.85 4354726.803 1564.409 3.3529 0 0 0 
3630000 3785 990.89 4371065.616 1587.963 3.3674 0 0 0 
3640000 3795 992.556 4387170.667 1599.896 3.3685 0 0 0 
3650000 3805 993.918 4403030.401 1579.729 3.3829 0 0 0 
3660000 3815 995.031 4421537.16 1628.0 3.3886 0 0 0 
3670000 3825 995.94 4438915.246 1651.627 3.3889 0 0 0 
3680000 3835 996.682 4456911.632 1675.943 3.3831 0 0 0 
3690000 3845 997.289 4475911.124 1717.588 3.3864 0 0 0 
3700000 3855 997.785 4494986.131 1753.467 3.3972 0 0 0 
3710000 3865 998.19 4511245.431 1731.908 3.3979 0 0 0 
3720000 3875 998.521 4530379.592 1771.119 3.3973 0 0 0 
3730000 3885 998.792 4548173.594 1764.828 3.3982 0 0 0 
3740000 3895 999.013 4564940.661 1765.377 3.3972 0 0 0 
3750000 3905 999.193 4582706.934 1751.912 3.3959 0 0 0 
3760000 3915 999.341 4598614.386 1734.288 3.3891 0 0 0 
3770000 3925 999.462 4616303.011 1729.798 3.3928 0 0 0 
3780000 3935 999.56 4634189.562 1746.689 3.3996 0 0 0 
3790000 3945 999.641 4652236.081 1752.568 3.4015 0 0 0 
3800000 3955 999.706 4670544.654 1767.814 3.4062 0 0 0 
3810000 3965 999.76 4684346.393 1697.52 3.4137 0 0 0 
3820000 3975 999.804 4701786.174 1706.06 3.4101 0 0 0 
3830000 3985 999.84 4715850.025 1646.161 3.4187 0 0 0 
3840000 3995 999.869 4731611.024 1632.905 3.4358 0 0 0 
3850000 4005 999.893 4750201.956 1674.848 3.4283 0 0 0 
3860000 4015 999.913 4769546.449 1727.05 3.4215 0 0 0 
3870000 4025 999.929 4786840.84 1740.339 3.4194 0 0 0 
3880000 4035 999.942 4804280.648 1726.575 3.4268 0 0 0 
3890000 4046 992.373 4821619.765 1716.637 3.381 0 0 0 
3900000 4056 993.768 4839225.762 1723.202 3.3741 0 0 0 
3910000 4066 994.908 4856517.085 1724.737 3.3755 0 0 0 
3920000 4076 995.84 4874575.786 1740.791 3.3781 0 0 0 
3930000 4086 996.601 4889873.987 1702.491 3.3818 0 0 0 
3940000 4096 997.223 4905887.285 1683.766 3.3894 0 0 0 
3950000 4106 997.731 4919931.775 1633.096 3.3905 0 0 0 
3960000 4116 998.146 4938322.999 1669.759 3.3892 0 0 0 
3970000 4126 998.485 4952260.995 1617.872 3.3999 0 0 0 
3980000 4136 998.762 4964179.612 1537.235 3.3883 0 0 0 
3990000 4146 989.929 4975161.921 1454.82 3.3476 0 0 0 
4000000 4156 991.771 4985865.334 1377.923 3.3609 0 0 0 
