10000 10 174.418 -6.18 -0.117 0.5802 0 0 0 
20000 20 318.913 -11.869 -0.202 1.0679 0 0 0 
30000 37 414.221 -23.908 -0.339 1.8811 0 0 0 
40000 47 521.376 -29.571 -0.382 2.6575 0 0 0 
50000 58 597.905 -36.562 -0.432 3.2491 0 0 0 
60000 144 177.305 -112.933 -0.815 1.0385 0 0 0 
70000 156 324.313 -120.912 -0.78 1.9942 0 0 0 
80000 180 363.354 -138.379 -0.758 2.2528 0 0 0 
90000 207 361.953 -155.721 -0.699 2.2587 0 0 0 
100000 219 459.512 -163.435 -0.69 2.8567 0 0 0 
110000 233 527.129 -173.292 -0.691 3.2615 0 0 0 
120000 244 596.466 -177.963 -0.639 3.6675 0 0 0 
130000 265 557.623 -188.662 -0.597 3.4281 0 0 0 
140000 295 445.428 -206.652 -0.592 2.759 0 0 0 
150000 342 301.856 -243.722 -0.721 1.8873 0 0 0 
160000 373 304.155 -266.941 -0.734 1.8946 0 0 0 
170000 432 198.659 -318.551 -0.815 1.2383 0 0 0 
180000 455 300.203 -335.913 -0.794 1.8621 0 0 0 
190000 508 237.273 -372.485 -0.722 1.4734 0 0 0 
200000 519 370.772 -377.323 -0.665 2.2985 0 0 0 
210000 555 305.472 -407.142 -0.75 1.908 0 0 0 
220000 613 228.621 -442.711 -0.617 1.4477 0 0 0 
230000 669 203.371 -478.281 -0.594 1.2839 0 0 0 
240000 699 250.288 -497.964 -0.638 1.5792 0 0 0 
250000 730 297.448 -521.108 -0.688 1.8647 0 0 0 
260000 766 286.614 -534.781 -0.567 1.7973 0 0 0 
270000 787 354.13 -551.988 -0.654 2.2383 0 0 0 
280000 801 442.523 -557.585 -0.59 2.7784 0 0 0 
290000 821 470.666 -569.189 -0.589 2.9524 0 0 0 
300000 841 462.274 -582.746 -0.627 2.8995 0 0 0 
310000 865 454.861 -596.207 -0.592 2.8718 0 0 0 
320000 904 352.959 -625.041 -0.671 2.2398 0 0 0 
330000 930 358.685 -640.929 -0.646 2.2794 0 0 0 
340000 952 397.704 -652.637 -0.603 2.5235 0 0 0 
350000 973 429.523 -667.455 -0.637 2.7248 0 0 0 
360000 994 448.21 -680.238 -0.625 2.8547 0 0 0 
370000 1015 443.818 -688.325 -0.553 2.8406 0 0 0 
380000 1057 329.323 -717.859 -0.65 2.1201 0 0 0 
390000 1084 353.375 -730.212 -0.56 2.276 0 0 0 
400000 1101 430.54 -738.7 -0.542 2.7575 0 0 0 
410000 1117 489.092 -746.07 -0.522 3.1074 0 0 0 
420000 1137 494.08 -759.196 -0.565 3.1216 0 0 0 
430000 1153 528.326 -770.802 -0.609 3.3262 0 0 0 
440000 1172 520.476 -780.969 -0.592 3.2751 0 0 0 
450000 1189 547.917 -793.366 -0.626 3.4617 0 0 0 
460000 1205 565.011 -802.892 -0.616 3.586 0 0 0 
470000 1220 592.489 -806.964 -0.517 3.7638 0 0 0 
480000 1241 542.695 -812.902 -0.444 3.45 0 0 0 
490000 1258 556.098 -818.875 -0.419 3.5467 0 0 0 
500000 1275 573.88 -829.159 -0.467 3.6728 0 0 0 
510000 1297 530.333 -834.45 -0.378 3.3972 0 0 0 
520000 1320 487.269 -839.926 -0.32 3.1312 0 0 0 
530000 1341 497.188 -849.96 -0.359 3.1916 0 0 0 
540000 1361 496.08 -863.707 -0.473 3.1666 0 0 0 
550000 1389 419.034 -877.094 -0.479 2.6726 0 0 0 
560000 1417 394.273 -884.697 -0.384 2.5343 0 0 0 
570000 1455 325.094 -908.372 -0.514 2.1011 0 0 0 
580000 1482 339.808 -923.231 -0.549 2.1962 0 0 0 
590000 1509 353.27 -942.258 -0.616 2.307 0 0 0 
600000 1533 379.395 -957.853 -0.641 2.4836 0 0 0 
610000 1579 280.096 -993.785 -0.722 1.8195 0 0 0 
620000 1648 163.541 -1050.448 -0.782 1.0625 0 0 0 
630000 1680 239.742 -1063.853 -0.601 1.5309 0 0 0 
640000 1714 260.216 -1091.678 -0.704 1.654 0 0 0 
650000 1753 265.52 -1114.233 -0.651 1.6959 0 0 0 
660000 1786 275.206 -1139.034 -0.694 1.7566 0 0 0 
670000 1812 323.964 -1158.566 -0.72 2.0739 0 0 0 
680000 1839 347.358 -1172.839 -0.643 2.2173 0 0 0 
690000 1865 372.513 -1190.939 -0.662 2.3647 0 0 0 
700000 1898 338.795 -1209.645 -0.616 2.1594 0 0 0 
710000 1922 367.605 -1227.997 -0.675 2.3508 0 0 0 
720000 1943 385.618 -1239.017 -0.624 2.4612 0 0 0 
730000 1963 434.259 -1252.378 -0.636 2.7795 0 0 0 
740000 1980 486.943 -1263.237 -0.626 3.1349 0 0 0 
750000 1998 495.206 -1275.118 -0.639 3.1957 0 0 0 
760000 2026 439.687 -1295.859 -0.678 2.8394 0 0 0 
770000 2054 400.737 -1312.153 -0.645 2.5926 0 0 0 
780000 2077 416.591 -1312.269 -0.386 2.6966 0 0 0 
790000 2098 434.653 -1324.777 -0.461 2.8151 0 0 0 
800000 2119 454.905 -1340.052 -0.545 2.9729 0 0 0 
810000 2136 495.283 -1347.12 -0.501 3.2004 0 0 0 
820000 2157 485.462 -1355.903 -0.468 3.1137 0 0 0 
830000 2180 463.999 -1370.749 -0.532 2.9582 0 0 0 
840000 2195 511.844 -1381.415 -0.583 3.2525 0 0 0 
850000 2212 539.371 -1392.292 -0.593 3.4225 0 0 0 
860000 2258 329.122 -1426.152 -0.694 2.0893 0 0 0 
870000 2283 351.791 -1434.582 -0.553 2.2352 0 0 0 
880000 2300 414.417 -1438.695 -0.453 2.6325 0 0 0 
890000 2321 431.985 -1451.599 -0.517 2.7411 0 0 0 
900000 2349 391.85 -1467.774 -0.542 2.4858 0 0 0 
910000 2378 375.809 -1481.788 -0.529 2.3861 0 0 0 
920000 2406 383.637 -1495.488 -0.506 2.443 0 0 0 
930000 2440 347.485 -1519.338 -0.608 2.2145 0 0 0 
940000 2466 358.075 -1534.714 -0.598 2.2882 0 0 0 
950000 2494 365.487 -1550.676 -0.583 2.3389 0 0 0 
960000 2517 384.36 -1563.894 -0.586 2.4604 0 0 0 
970000 2538 410.193 -1578.36 -0.626 2.6268 0 0 0 
980000 2558 442.598 -1587.963 -0.584 2.8351 0 0 0 
990000 2589 387.758 -1606.966 -0.598 2.4862 0 0 0 
1000000 2621 348.654 -1620.988 -0.515 2.2461 0 0 0 
1010000 2651 336.89 -1632.175 -0.453 2.1758 0 0 0 
1020000 2680 345.57 -1645.211 -0.462 2.2196 0 0 0 
1030000 2704 377.86 -1650.842 -0.394 2.4234 0 0 0 
1040000 2727 394.251 -1667.008 -0.506 2.5302 0 0 0 
1050000 2746 439.715 -1679.91 -0.558 2.8213 0 0 0 
1060000 2772 417.278 -1689.871 -0.49 2.6807 0 0 0 
1070000 2798 399.038 -1695.102 -0.374 2.5764 0 0 0 
1080000 2820 412.651 -1704.794 -0.391 2.6627 0 0 0 
1090000 2855 343.351 -1727.38 -0.516 2.2256 0 0 0 
1100000 2879 377.817 -1735.625 -0.44 2.4474 0 0 0 
1110000 2899 418.496 -1745.47 -0.46 2.7048 0 0 0 
1120000 2920 444.679 -1750.394 -0.393 2.873 0 0 0 
1130000 2941 455.976 -1757.223 -0.38 2.9471 0 0 0 
1140000 2963 451.0 -1767.634 -0.428 2.9199 0 0 0 
1150000 2980 486.302 -1776.458 -0.449 3.1485 0 0 0 
1160000 3010 418.582 -1790.021 -0.47 2.7026 0 0 0 
1170000 3023 492.627 -1791.915 -0.394 3.1694 0 0 0 
1180000 3045 491.758 -1806.154 -0.476 3.1744 0 0 0 
1190000 3066 472.791 -1812.596 -0.433 3.0545 0 0 0 
1200000 3084 516.555 -1817.888 -0.391 3.3301 0 0 0 
1210000 3102 520.146 -1815.457 -0.233 3.337 0 0 0 
1220000 3121 517.757 -1820.258 -0.235 3.306 0 0 0 
1230000 3144 493.723 -1820.313 -0.134 3.1448 0 0 0 
1240000 3165 488.879 -1816.723 -0.025 3.1237 0 0 0 
1250000 3182 515.652 -1819.001 -0.055 3.2949 0 0 0 
1260000 3207 457.559 -1831.384 -0.24 2.9247 0 0 0 
1270000 3233 431.69 -1839.079 -0.266 2.7821 0 0 0 
1280000 3255 429.287 -1841.676 -0.222 2.7728 0 0 0 
1290000 3275 459.79 -1842.625 -0.147 2.9521 0 0 0 
1300000 3294 467.693 -1840.825 -0.069 2.9987 0 0 0 
1310000 3316 467.369 -1845.694 -0.137 3.0107 0 0 0 
1320000 3337 464.249 -1855.946 -0.267 2.9899 0 0 0 
1330000 3353 500.225 -1863.474 -0.316 3.2124 0 0 0 
1340000 3372 503.516 -1869.987 -0.323 3.2217 0 0 0 
1350000 3391 520.721 -1874.16 -0.287 3.3253 0 0 0 
1360000 3410 523.906 -1876.414 -0.246 3.3449 0 0 0 
1370000 3434 481.463 -1883.658 -0.271 3.0814 0 0 0 
1380000 3449 526.183 -1889.563 -0.312 3.3682 0 0 0 
1390000 3469 516.352 -1888.77 -0.184 3.3071 0 0 0 
1400000 3488 533.063 -1897.488 -0.269 3.3985 0 0 0 
1410000 3504 542.102 -1902.793 -0.3 3.4605 0 0 0 
1420000 3523 535.73 -1910.328 -0.327 3.4309 0 0 0 
1430000 3542 520.636 -1918.767 -0.372 3.3472 0 0 0 
1440000 3561 531.12 -1929.559 -0.431 3.4493 0 0 0 
1450000 3578 544.548 -1934.077 -0.388 3.5465 0 0 0 
1460000 3595 554.573 -1940.474 -0.398 3.5734 0 0 0 
1470000 3619 504.695 -1940.981 -0.238 3.2213 0 0 0 
1480000 3644 460.769 -1945.575 -0.217 2.9383 0 0 0 
1490000 3663 477.678 -1956.476 -0.321 3.0767 0 0 0 
1500000 3680 504.769 -1963.258 -0.35 3.2918 0 0 0 
1510000 3699 520.733 -1963.215 -0.238 3.4207 0 0 0 
1520000 3723 482.759 -1973.098 -0.295 3.1923 0 0 0 
1530000 3744 471.734 -1980.112 -0.319 3.1313 0 0 0 
1540000 3769 434.653 -1980.317 -0.179 2.897 0 0 0 
1550000 3792 443.068 -1984.714 -0.17 2.9705 0 0 0 
1560000 3810 470.531 -1991.726 -0.252 3.1692 0 0 0 
1570000 3836 439.255 -1986.982 -0.044 2.9691 0 0 0 
1580000 3861 429.781 -1993.564 -0.147 2.9117 0 0 0 
1590000 3886 421.902 -1998.187 -0.16 2.855 0 0 0 
1600000 3902 458.967 -2004.743 -0.245 3.1031 0 0 0 
1610000 3925 467.201 -2012.961 -0.289 3.1541 0 0 0 
1620000 3943 492.092 -2021.012 -0.344 3.3174 0 0 0 
1630000 3965 479.613 -2024.772 -0.284 3.2135 0 0 0 
1640000 3986 469.152 -2023.584 -0.156 3.1325 0 0 0 
1650000 4005 493.624 -2030.33 -0.21 3.301 0 0 0 
1660000 4025 482.37 -2033.704 -0.198 3.2273 0 0 0 
1670000 4040 535.437 -2038.661 -0.232 3.5838 0 0 0 
1680000 4058 536.612 -2044.931 -0.271 3.5795 0 0 0 
1690000 4078 519.645 -2052.301 -0.306 3.4596 0 0 0 
1700000 4109 428.853 -2064.83 -0.346 2.8498 0 0 0 
1710000 4132 428.617 -2065.848 -0.219 2.846 0 0 0 
1720000 4156 419.326 -2076.031 -0.291 2.7784 0 0 0 
1730000 4186 376.404 -2075.366 -0.12 2.4948 0 0 0 
1740000 4213 371.566 -2069.721 0.038 2.4643 0 0 0 
1750000 4241 356.366 -2074.798 -0.041 2.3501 0 0 0 
1760000 4265 376.155 -2074.202 -0.01 2.4682 0 0 0 
1770000 4303 309.899 -2069.36 0.042 2.0355 0 0 0 
1780000 4332 307.211 -2074.26 -0.055 2.0227 0 0 0 
1790000 4363 319.74 -2069.882 0.055 2.1187 0 0 0 
1800000 4420 221.283 -2070.48 0.027 1.4699 0 0 0 
1810000 4449 283.326 -2076.711 -0.084 1.8833 0 0 0 
1820000 4486 276.485 -2081.164 -0.089 1.8343 0 0 0 
1830000 4521 274.027 -2088.124 -0.21 1.8153 0 0 0 
1840000 4568 242.509 -2086.644 -0.046 1.6041 0 0 0 
1850000 4598 278.661 -2083.632 0.024 1.8448 0 0 0 
1860000 4628 313.211 -2093.163 -0.107 2.0886 0 0 0 
1870000 4672 263.208 -2088.271 0.025 1.7571 0 0 0 
1880000 4702 287.149 -2092.332 -0.061 1.923 0 0 0 
1890000 4736 300.96 -2092.212 -0.052 2.0221 0 0 0 
1900000 4762 325.078 -2105.925 -0.243 2.1796 0 0 0 
1910000 4784 375.681 -2115.424 -0.311 2.5272 0 0 0 
1920000 4815 350.678 -2114.713 -0.167 2.3632 0 0 0 
1930000 4842 350.127 -2117.57 -0.164 2.3535 0 0 0 
1940000 4866 369.604 -2121.417 -0.152 2.4863 0 0 0 
1950000 4891 387.449 -2124.158 -0.122 2.6035 0 0 0 
1960000 4931 317.152 -2125.682 -0.081 2.1418 0 0 0 
1970000 4954 351.402 -2127.123 -0.072 2.3686 0 0 0 
1980000 4982 367.28 -2129.195 -0.064 2.4732 0 0 0 
1990000 5017 339.227 -2127.693 0.009 2.2885 0 0 0 
2000000 5048 340.992 -2114.86 0.181 2.2891 0 0 0 
2010000 5099 254.612 -2103.193 0.205 1.6913 0 0 0 
2020000 5129 285.798 -2104.939 0.055 1.8806 0 0 0 
2030000 5163 295.643 -2106.235 -0.006 1.9353 0 0 0 
2040000 5200 268.842 -2097.996 0.104 1.7601 0 0 0 
2050000 5238 271.689 -2099.952 0.015 1.7761 0 0 0 
2060000 5264 307.942 -2092.91 0.103 2.0116 0 0 0 
2070000 5293 321.723 -2084.592 0.197 2.102 0 0 0 
2080000 5335 272.692 -2065.761 0.348 1.7871 0 0 0 
2090000 5392 209.935 -2037.165 0.428 1.3795 0 0 0 
2100000 5453 175.301 -2012.776 0.422 1.1558 0 0 0 
2110000 5503 189.76 -1989.165 0.477 1.2512 0 0 0 
2120000 5553 204.209 -1976.223 0.305 1.3565 0 0 0 
2130000 5624 143.131 -1956.194 0.266 0.9564 0 0 0 
2140000 5694 141.456 -1931.436 0.363 0.9527 0 0 0 
2150000 5740 186.789 -1915.95 0.347 1.2469 0 0 0 
2160000 5795 184.917 -1910.724 0.139 1.2255 0 0 0 
2170000 5829 245.427 -1909.602 0.103 1.6261 0 0 0 
2180000 5905 146.499 -1884.779 0.262 0.9762 0 0 0 
2190000 5997 107.416 -1849.508 0.409 0.7258 0 0 0 
2200000 6061 150.184 -1817.805 0.492 1.012 0 0 0 
2210000 6143 123.714 -1780.325 0.41 0.8328 0 0 0 
2220000 6208 150.398 -1746.433 0.501 1.0027 0 0 0 
2230000 6287 126.644 -1730.281 0.325 0.8457 0 0 0 
2240000 6370 123.364 -1699.873 0.387 0.8221 0 0 0 
2250000 6456 110.036 -1666.897 0.286 0.7347 0 0 0 
2260000 6528 138.993 -1657.796 0.209 0.9215 0 0 0 
2270000 6600 131.601 -1638.803 0.214 0.8642 0 0 0 
2280000 6655 166.984 -1612.698 0.422 1.0875 0 0 0 
2290000 6701 188.999 -1587.106 0.516 1.2232 0 0 0 
2300000 6767 157.107 -1553.84 0.542 0.9713 0 0 0 
2310000 6843 135.087 -1520.596 0.487 0.7408 0 0 0 
2320000 6905 151.825 -1497.571 0.4 0.8051 0 0 0 
2330000 6970 158.63 -1454.983 0.537 0.8374 0 0 0 
2340000 7042 141.839 -1425.399 0.386 0.7522 0 0 0 
2350000 7139 122.818 -1384.839 0.431 0.6498 0 0 0 
2360000 7239 109.543 -1349.537 0.354 0.579 0 0 0 
2370000 7375 71.372 -1294.271 0.423 0.3809 0 0 0 
2380000 7488 89.257 -1244.075 0.515 0.4721 0 0 0 
2390000 7575 119.405 -1208.032 0.463 0.6296 0 0 0 
2400000 7701 94.264 -1138.727 0.554 0.5 0 0 0 
2410000 7830 76.093 -1084.406 0.482 0.4051 0 0 0 
2420000 7939 93.961 -1042.381 0.293 0.4972 0 0 0 
2430000 8051 80.552 -999.488 0.392 0.428 0 0 0 
2440000 8173 78.795 -944.212 0.398 0.4189 0 0 0 
2450000 8282 83.343 -894.248 0.376 0.4431 0 0 0 
2460000 8396 86.992 -847.187 0.446 0.4592 0 0 0 
2470000 8505 86.08 -801.385 0.407 0.4542 0 0 0 
2480000 8582 131.109 -752.296 0.624 0.6844 0 0 0 
2490000 8662 122.763 -729.608 0.341 0.6452 0 0 0 
2500000 8791 80.971 -667.591 0.573 0.4308 0 0 0 
2510000 8895 80.124 -627.465 0.391 0.4274 0 0 0 
2520000 9046 66.015 -583.453 0.217 0.3542 0 0 0 
2530000 9169 80.432 -535.79 0.353 0.43 0 0 0 
2540000 9298 96.608 -513.72 0.166 0.5173 0 0 0 
2550000 9385 93.521 -493.958 0.261 0.4982 0 0 0 
2560000 9493 106.118 -473.719 0.083 0.5619 0 0 0 
2570000 9612 82.999 -426.021 0.451 0.4377 0 0 0 
2580000 9728 94.412 -391.542 0.338 0.4945 0 0 0 
2590000 9828 112.081 -364.945 0.287 0.5872 0 0 0 
2600000 9960 74.786 -314.273 0.371 0.3953 0 0 0 
2610000 10074 88.026 -255.801 0.517 0.4657 0 0 0 
2620000 10196 75.531 -215.337 0.273 0.4015 0 0 0 
2630000 10308 82.489 -178.904 0.328 0.4351 0 0 0 
2640000 10428 95.943 -168.713 0.111 0.503 0 0 0 
2650000 10592 66.221 -109.627 0.372 0.3513 0 0 0 
2660000 10743 59.604 -50.005 0.432 0.3186 0 0 0 
2670000 10880 61.402 11.344 0.428 0.329 0 0 0 
2680000 11018 68.821 64.386 0.352 0.3654 0 0 0 
2690000 11121 98.502 101.981 0.463 0.5153 0 0 0 
2700000 11254 79.058 177.522 0.563 0.4181 0 0 0 
2710000 11399 66.911 240.99 0.42 0.3551 0 0 0 
2720000 11520 90.478 294.868 0.359 0.475 0 0 0 
2730000 11625 88.161 346.538 0.437 0.4652 0 0 0 
2740000 11746 76.129 396.376 0.35 0.4036 0 0 0 
2750000 11892 74.714 465.161 0.498 0.3962 0 0 0 
2760000 12055 65.762 538.679 0.381 0.3518 0 0 0 
2770000 12242 45.18 642.554 0.46 0.2452 0 0 0 
2780000 12353 88.374 688.195 0.381 0.4697 0 0 0 
2790000 12499 73.774 766.887 0.522 0.3911 0 0 0 
2800000 12672 55.663 850.36 0.469 0.3004 0 0 0 
2810000 12828 57.027 926.897 0.376 0.3063 0 0 0 
2820000 12959 78.635 992.523 0.572 0.418 0 0 0 
2830000 13083 90.017 1045.365 0.373 0.4777 0 0 0 
2840000 13196 72.735 1098.367 0.427 0.3867 0 0 0 
2850000 13309 81.963 1153.901 0.472 0.435 0 0 0 
2860000 13456 76.258 1245.673 0.659 0.4055 0 0 0 
2870000 13561 82.037 1299.137 0.603 0.4338 0 0 0 
2880000 13667 94.271 1343.725 0.466 0.4951 0 0 0 
2890000 13776 91.964 1400.899 0.549 0.4834 0 0 0 
2900000 13913 62.024 1484.207 0.548 0.3311 0 0 0 
2910000 14015 100.623 1526.787 0.425 0.5314 0 0 0 
2920000 14171 59.058 1603.559 0.483 0.3174 0 0 0 
2930000 14354 49.565 1698.901 0.558 0.2701 0 0 0 
2940000 14514 73.649 1799.849 0.666 0.3977 0 0 0 
2950000 14644 79.346 1857.125 0.473 0.4246 0 0 0 
2960000 14778 73.504 1911.303 0.52 0.3921 0 0 0 
2970000 14916 69.692 1986.07 0.538 0.3748 0 0 0 
2980000 15092 50.618 2108.788 0.782 0.2761 0 0 0 
2990000 15291 47.437 2220.64 0.509 0.2585 0 0 0 
3000000 15438 63.831 2289.859 0.527 0.3429 0 0 0 
3010000 15576 80.756 2368.819 0.525 0.43 0 0 0 
3020000 15727 62.034 2454.676 0.52 0.3344 0 0 0 
3030000 15844 76.346 2532.564 0.703 0.4112 0 0 0 
3040000 15992 67.457 2623.094 0.641 0.3647 0 0 0 
3050000 16171 52.03 2724.551 0.605 0.2826 0 0 0 
3060000 16307 76.494 2811.07 0.619 0.4093 0 0 0 
3070000 16506 57.896 2908.873 0.43 0.3127 0 0 0 
3080000 16706 51.98 3019.77 0.545 0.282 0 0 0 
3090000 16838 95.145 3088.234 0.428 0.5014 0 0 0 
3100000 17005 47.327 3201.721 0.699 0.2588 0 0 0 
3110000 17149 54.911 3282.768 0.579 0.2981 0 0 0 
3120000 17362 42.458 3392.579 0.48 0.2338 0 0 0 
3130000 17516 62.064 3485.307 0.636 0.3344 0 0 0 
3140000 17732 45.526 3613.97 0.652 0.249 0 0 0 
3150000 17885 74.637 3713.493 0.612 0.4046 0 0 0 
3160000 18043 68.596 3820.156 0.641 0.3662 0 0 0 
3170000 18199 55.601 3900.96 0.419 0.3011 0 0 0 
3180000 18352 67.772 3982.725 0.453 0.3645 0 0 0 
3190000 18534 59.663 4077.656 0.571 0.3228 0 0 0 
3200000 18681 54.164 4167.228 0.657 0.2938 0 0 0 
3210000 18802 87.395 4244.27 0.707 0.4667 0 0 0 
3220000 18962 56.117 4334.736 0.532 0.3039 0 0 0 
3230000 19146 46.369 4453.335 0.641 0.2544 0 0 0 
3240000 19255 85.384 4514.951 0.545 0.456 0 0 0 
3250000 19419 52.371 4627.701 0.669 0.286 0 0 0 
3260000 19564 72.002 4735.052 0.737 0.3856 0 0 0 
3270000 19724 61.422 4829.777 0.596 0.3337 0 0 0 
3280000 19853 72.913 4909.173 0.611 0.3917 0 0 0 
3290000 20006 82.084 4988.761 0.487 0.437 0 0 0 
3300000 20136 71.494 5059.158 0.554 0.3848 0 0 0 
3310000 20216 120.006 5107.667 0.604 0.6357 0 0 0 
3320000 20345 88.678 5191.214 0.658 0.4724 0 0 0 
3330000 20491 61.923 5281.686 0.719 0.3351 0 0 0 
3340000 20599 80.16 5357.966 0.713 0.4293 0 0 0 
3350000 20715 89.324 5435.139 0.634 0.4796 0 0 0 
3360000 20835 87.142 5508.086 0.571 0.4682 0 0 0 
3370000 20977 72.604 5596.767 0.58 0.3936 0 0 0 
3380000 21087 77.113 5655.735 0.562 0.411 0 0 0 
3390000 21207 84.948 5724.17 0.648 0.4522 0 0 0 
3400000 21320 76.832 5795.64 0.643 0.4126 0 0 0 
3410000 21447 81.64 5884.96 0.686 0.441 0 0 0 
3420000 21583 73.651 5951.243 0.554 0.3974 0 0 0 
3430000 21681 99.715 6019.168 0.656 0.5361 0 0 0 
3440000 21823 75.123 6123.533 0.8 0.4081 0 0 0 
3450000 21958 63.271 6205.084 0.697 0.343 0 0 0 
3460000 22089 76.835 6294.46 0.743 0.4162 0 0 0 
3470000 22272 48.858 6420.179 0.715 0.2693 0 0 0 
3480000 22434 54.774 6536.687 0.712 0.2994 0 0 0 
3490000 22537 87.575 6593.865 0.582 0.4706 0 0 0 
3500000 22651 77.032 6682.808 0.793 0.4162 0 0 0 
3510000 22851 44.678 6795.561 0.624 0.2472 0 0 0 
3520000 23022 53.096 6887.451 0.544 0.2912 0 0 0 
3530000 23155 65.007 6958.665 0.548 0.3541 0 0 0 
3540000 23316 63.073 7060.475 0.649 0.3428 0 0 0 
3550000 23457 75.018 7154.459 0.701 0.4083 0 0 0 
3560000 23600 67.193 7257.82 0.74 0.363 0 0 0 
3570000 23760 62.074 7342.061 0.404 0.3364 0 0 0 
3580000 23889 74.288 7404.908 0.385 0.4069 0 0 0 
3590000 24064 52.827 7530.598 0.695 0.2935 0 0 0 
3600000 24211 78.889 7622.125 0.561 0.4288 0 0 0 
3610000 24352 79.228 7701.327 0.52 0.4316 0 0 0 
3620000 24504 69.403 7781.556 0.513 0.3791 0 0 0 
3630000 24695 48.25 7891.24 0.583 0.2683 0 0 0 
3640000 24833 54.922 7965.845 0.656 0.3044 0 0 0 
3650000 24980 75.541 8047.67 0.649 0.4116 0 0 0 
3660000 25162 53.092 8156.405 0.556 0.2947 0 0 0 
3670000 25312 70.318 8248.896 0.676 0.3847 0 0 0 
3680000 25469 60.985 8342.649 0.568 0.3348 0 0 0 
3690000 25654 50.888 8444.384 0.575 0.2772 0 0 0 
3700000 25812 55.123 8538.765 0.633 0.2986 0 0 0 
3710000 25955 65.807 8619.924 0.574 0.3511 0 0 0 
3720000 26123 57.816 8714.648 0.491 0.3122 0 0 0 
3730000 26297 65.08 8827.15 0.661 0.3474 0 0 0 
3740000 26435 81.032 8919.496 0.696 0.4311 0 0 0 
3750000 26596 79.471 9023.214 0.612 0.4217 0 0 0 
3760000 26729 76.369 9112.42 0.683 0.408 0 0 0 
3770000 26887 61.875 9228.703 0.764 0.3315 0 0 0 
3780000 26996 80.173 9300.579 0.672 0.426 0 0 0 
3790000 27113 96.713 9376.35 0.495 0.5113 0 0 0 
3800000 27235 73.429 9462.771 0.687 0.3919 0 0 0 
3810000 27425 49.297 9575.677 0.502 0.2667 0 0 0 
3820000 27550 94.346 9658.925 0.573 0.4966 0 0 0 
3830000 27689 63.444 9744.456 0.716 0.3395 0 0 0 
3840000 27826 73.268 9825.961 0.626 0.39 0 0 0 
3850000 27996 54.333 9950.828 0.639 0.2922 0 0 0 
3860000 28154 73.573 10057.764 0.654 0.3968 0 0 0 
3870000 28299 80.565 10157.463 0.704 0.4229 0 0 0 
3880000 28440 68.028 10240.89 0.622 0.3606 0 0 0 
3890000 28592 63.403 10343.391 0.713 0.3415 0 0 0 
3900000 28698 80.623 10411.653 0.686 0.4351 0 0 0 
3910000 28835 71.287 10489.246 0.552 0.3897 0 0 0 
3920000 29001 63.174 10595.786 0.564 0.3454 0 0 0 
3930000 29188 48.589 10733.725 0.739 0.2721 0 0 0 
3940000 29290 95.209 10803.89 0.638 0.5182 0 0 0 
3950000 29427 86.047 10893.967 0.647 0.4708 0 0 0 
3960000 29584 61.658 10996.041 0.644 0.3412 0 0 0 
3970000 29710 62.017 11082.624 0.693 0.3446 0 0 0 
3980000 29872 75.177 11194.786 0.714 0.4136 0 0 0 
3990000 30005 88.509 11278.446 0.623 0.4891 0 0 0 
4000000 30179 55.97 11388.965 0.643 0.3113 0 0 0 
