10000 10 182.927 -13324.567 -243.709 0.3003 0 0 0 
20000 20 332.392 -26770.499 -445.111 0.5424 0 0 0 
30000 30 454.516 -39952.682 -605.115 1.1642 0 0 0 
40000 40 554.3 -52487.294 -723.347 1.6852 0 0 0 
50000 50 635.83 -64288.172 -806.925 2.1034 0 0 0 
60000 60 702.447 -72096.793 -800.001 2.4664 0 0 0 
70000 70 756.877 -79993.475 -798.772 2.7353 0 0 0 
80000 80 801.351 -88363.036 -805.123 2.9254 0 0 0 
90000 90 837.689 -93655.953 -758.767 3.1521 0 0 0 
100000 100 867.38 -106018.491 -846.296 3.3256 0 0 0 
110000 110 891.64 -118178.189 -914.681 3.4339 0 0 0 
120000 120 911.462 -126728.68 -899.641 3.5747 0 0 0 
130000 130 927.658 -128160.831 -759.422 3.6377 0 0 0 
140000 140 940.891 -129380.355 -643.515 3.7696 0 0 0 
150000 150 951.704 -131619.709 -567.099 3.9076 0 0 0 
160000 160 960.539 -133394.54 -496.053 4.2968 0 0 0 
170000 170 967.757 -135160.383 -436.341 4.394 0 0 0 
180000 180 973.655 -133999.794 -334.957 4.3024 0 0 0 
190000 190 978.474 -136140.058 -311.74 4.2814 0 0 0 
200000 200 982.412 -133043.194 -197.206 4.2002 0 0 0 
210000 210 985.629 -127464.714 -58.487 4.2095 0 0 0 
220000 220 988.258 -122201.269 47.67 4.139 0 0 0 
230000 230 990.406 -117385.025 127.795 4.1555 0 0 0 
240000 240 992.161 -112093.48 201.56 4.106 0 0 0 
250000 250 993.595 -106395.05 268.969 4.0523 0 0 0 
260000 260 994.767 -97872.193 376.509 4.0086 0 0 0 
270000 270 995.724 -88948.053 470.542 4.0118 0 0 0 
280000 280 996.506 -81861.244 514.623 4.1391 0 0 0 
290000 290 997.145 -73502.812 573.039 4.2681 0 0 0 
300000 300 997.667 -67629.447 573.108 4.1759 0 0 0 
310000 310 998.094 -60630.935 597.542 4.1143 0 0 0 
320000 320 998.443 -53819.401 615.489 4.0671 0 0 0 
330000 330 998.728 -45336.766 658.131 4.0325 0 0 0 
340000 340 998.96 -38064.396 667.63 4.0331 0 0 0 
350000 350 999.151 -30235.735 686.947 4.1319 0 0 0 
360000 360 999.306 -19592.697 754.875 4.1091 0 0 0 
370000 370 999.433 -11799.563 759.797 4.061 0 0 0 
380000 380 999.537 -1360.644 813.073 4.0185 0 0 0 
390000 390 999.621 7657.923 829.336 4.0389 0 0 0 
400000 400 999.691 20249.168 907.032 4.0213 0 0 0 
410000 410 999.747 32967.53 972.459 4.0397 0 0 0 
420000 420 999.793 46562.352 1043.549 4.1072 0 0 0 
430000 430 999.831 59689.559 1092.735 4.0786 0 0 0 
440000 440 999.862 72784.028 1132.629 4.0611 0 0 0 
450000 450 999.887 85749.677 1162.787 4.046 0 0 0 
460000 460 999.908 98199.972 1177.678 4.0378 0 0 0 
470000 470 999.925 110944.418 1195.407 4.0403 0 0 0 
480000 480 999.939 123982.496 1215.502 4.0302 0 0 0 
490000 490 999.95 137617.515 1242.706 4.0376 0 0 0 
500000 500 999.959 151548.272 1270.763 4.1343 0 0 0 
510000 510 999.966 166101.437 1304.587 4.1018 0 0 0 
520000 520 999.973 179988.399 1318.599 4.1051 0 0 0 
530000 530 999.978 194129.958 1335.608 4.0527 0 0 0 
540000 540 999.982 208399.105 1351.781 4.0307 0 0 0 
550000 550 999.985 221837.698 1350.013 4.0486 0 0 0 
560000 560 999.988 233860.376 1323.799 4.0745 0 0 0 
570000 570 999.99 247783.806 1335.649 4.1976 0 0 0 
580000 580 999.992 260864.381 1330.221 4.2393 0 0 0 
590000 590 999.993 275314.172 1351.194 4.2372 0 0 0 
600000 600 999.995 289519.621 1364.199 4.1908 0 0 0 
610000 610 999.996 302147.558 1347.265 4.1929 0 0 0 
620000 620 999.996 315990.087 1354.47 4.1961 0 0 0 
630000 630 999.997 330229.052 1367.344 4.2986 0 0 0 
640000 640 999.998 344626.496 1380.281 4.3525 0 0 0 
650000 650 999.998 359655.015 1402.461 4.3321 0 0 0 
660000 660 999.998 374450.584 1417.136 4.2467 0 0 0 
670000 670 999.999 389385.51 1431.29 4.1798 0 0 0 
680000 680 999.999 404521.715 1446.272 4.1444 0 0 0 
690000 690 999.999 419538.009 1456.68 4.1152 0 0 0 
700000 700 999.999 434270.633 1459.477 4.0807 0 0 0 
710000 710 999.999 448609.787 1454.381 4.1113 0 0 0 
720000 720 1000.0 462620.037 1444.558 4.0802 0 0 0 
730000 730 1000.0 476339.474 1431.424 4.0424 0 0 0 
740000 740 1000.0 489642.097 1412.883 4.0208 0 0 0 
750000 750 1000.0 503074.568 1400.249 4.0104 0 0 0 
760000 760 1000.0 517111.01 1401.381 4.0075 0 0 0 
770000 770 1000.0 531322.705 1405.094 4.0193 0 0 0 
780000 780 1000.0 545201.88 1401.89 4.0175 0 0 0 
790000 790 1000.0 559408.483 1405.447 3.9859 0 0 0 
800000 800 1000.0 573838.376 1412.174 4.0201 0 0 0 
810000 810 1000.0 588339.325 1419.449 4.0294 0 0 0 
820000 820 1000.0 602411.957 1417.346 4.0045 0 0 0 
830000 830 1000.0 616485.576 1415.513 3.9987 0 0 0 
840000 840 1000.0 629224.659 1390.733 3.9984 0 0 0 
850000 850 1000.0 642242.711 1375.853 4.0682 0 0 0 
860000 860 1000.0 656735.815 1389.359 4.058 0 0 0 
870000 870 1000.0 670185.48 1380.693 4.0777 0 0 0 
880000 880 1000.0 685525.802 1408.579 4.0625 0 0 0 
890000 890 1000.0 699535.123 1408.235 4.0487 0 0 0 
900000 900 1000.0 715483.208 1443.054 4.0195 0 0 0 
910000 910 1000.0 730724.186 1458.329 4.06 0 0 0 
920000 920 1000.0 746092.24 1471.948 4.0421 0 0 0 
930000 930 1000.0 762085.725 1495.908 4.0217 0 0 0 
940000 940 1000.0 778635.902 1525.416 3.9996 0 0 0 
950000 950 1000.0 794849.556 1542.551 4.0004 0 0 0 
960000 960 1000.0 810837.607 1552.947 4.0105 0 0 0 
970000 970 1000.0 827262.739 1569.584 4.0003 0 0 0 
980000 980 1000.0 843220.713 1574.47 4.0646 0 0 0 
990000 990 1000.0 859484.273 1583.818 4.0795 0 0 0 
1000000 1000 1000.0 875767.226 1591.713 4.0873 0 0 0 
1010000 1010 1000.0 891592.244 1590.172 4.0693 0 0 0 
1020000 1020 1000.0 907789.647 1595.633 4.0572 0 0 0 
1030000 1030 1000.0 924177.594 1603.17 4.0448 0 0 0 
1040000 1040 1000.0 939709.035 1593.596 4.0427 0 0 0 
1050000 1050 1000.0 955397.243 1589.263 4.0426 0 0 0 
1060000 1060 1000.0 971632.042 1596.046 4.0395 0 0 0 
1070000 1070 1000.0 986868.554 1582.687 4.0308 0 0 0 
1080000 1080 1000.0 1001988.698 1569.86 4.0282 0 0 0 
1090000 1090 1000.0 1018001.439 1575.589 4.0118 0 0 0 
1100000 1100 1000.0 1033369.142 1568.486 4.0176 0 0 0 
1110000 1110 1000.0 1047955.135 1547.413 4.0125 0 0 0 
1120000 1120 1000.0 1062763.714 1535.752 4.0367 0 0 0 
1130000 1130 1000.0 1079086.944 1553.644 4.088 0 0 0 
1140000 1140 1000.0 1095310.48 1566.097 4.0608 0 0 0 
1150000 1150 1000.0 1111866.395 1582.263 4.0649 0 0 0 
1160000 1160 1000.0 1128103.911 1589.685 4.0428 0 0 0 
1170000 1170 1000.0 1144599.514 1600.952 4.0454 0 0 0 
1180000 1180 1000.0 1160918.89 1606.225 4.0436 0 0 0 
1190000 1190 1000.0 1177973.913 1624.811 4.0405 0 0 0 
1200000 1200 1000.0 1194482.922 1629.436 4.0934 0 0 0 
1210000 1210 1000.0 1211216.37 1637.34 4.0685 0 0 0 
1220000 1220 1000.0 1227626.614 1638.15 4.0806 0 0 0 
1230000 1230 1000.0 1244738.423 1651.365 4.0584 0 0 0 
1240000 1240 1000.0 1261533.533 1656.652 4.046 0 0 0 
1250000 1250 1000.0 1277863.674 1652.259 4.0402 0 0 0 
1260000 1260 1000.0 1294839.999 1660.317 4.0592 0 0 0 
1270000 1270 1000.0 1310665.862 1645.964 4.055 0 0 0 
1280000 1280 1000.0 1327209.779 1646.809 4.0668 0 0 0 
1290000 1290 1000.0 1341552.891 1607.058 4.0781 0 0 0 
1300000 1300 1000.0 1358619.639 1625.799 4.0972 0 0 0 
1310000 1310 1000.0 1375847.138 1643.634 4.0898 0 0 0 
1320000 1320 1000.0 1392960.63 1655.968 4.0982 0 0 0 
1330000 1330 1000.0 1409982.28 1664.372 4.0851 0 0 0 
1340000 1340 1000.0 1427305.081 1677.218 4.1352 0 0 0 
1350000 1350 1000.0 1444621.716 1687.397 4.1098 0 0 0 
1360000 1360 1000.0 1461965.138 1695.544 4.1085 0 0 0 
1370000 1370 1000.0 1478410.778 1686.849 4.114 0 0 0 
1380000 1380 1000.0 1494382.172 1670.7 4.1138 0 0 0 
1390000 1390 1000.0 1511216.106 1673.171 4.1049 0 0 0 
1400000 1400 1000.0 1527880.979 1671.827 4.1278 0 0 0 
1410000 1410 1000.0 1540316.289 1590.496 4.1206 0 0 0 
1420000 1420 1000.0 1556300.866 1591.954 4.1058 0 0 0 
1430000 1430 1000.0 1572131.833 1590.264 4.1049 0 0 0 
1440000 1440 1000.0 1588106.594 1591.723 4.1133 0 0 0 
1450000 1450 1000.0 1604194.35 1595.368 4.1455 0 0 0 
1460000 1460 1000.0 1620442.951 1600.626 4.1455 0 0 0 
1470000 1470 1000.0 1635928.327 1591.355 4.1293 0 0 0 
1480000 1480 1000.0 1652041.094 1595.158 4.115 0 0 0 
1490000 1490 1000.0 1668212.186 1599.791 4.0999 0 0 0 
1500000 1500 1000.0 1684913.075 1612.912 4.1103 0 0 0 
1510000 1510 1000.0 1701204.053 1616.376 4.0901 0 0 0 
1520000 1520 1000.0 1717355.346 1615.967 4.0695 0 0 0 
1530000 1530 1000.0 1734976.02 1642.479 4.0598 0 0 0 
1540000 1540 1000.0 1751838.822 1650.429 4.064 0 0 0 
1550000 1550 1000.0 1767144.563 1630.045 4.0611 0 0 0 
1560000 1560 1000.0 1784245.025 1644.941 4.0774 0 0 0 
1570000 1570 1000.0 1800452.714 1640.656 4.0641 0 0 0 
1580000 1580 1000.0 1816687.771 1637.109 4.1566 0 0 0 
1590000 1590 1000.0 1833284.819 1641.598 4.1756 0 0 0 
1600000 1600 1000.0 1850034.216 1648.266 4.1498 0 0 0 
1610000 1610 1000.0 1866578.586 1649.11 4.1309 0 0 0 
1620000 1620 1000.0 1882840.522 1644.837 4.1516 0 0 0 
1630000 1630 1000.0 1900013.557 1657.902 4.1177 0 0 0 
1640000 1640 1000.0 1916439.223 1655.122 4.1016 0 0 0 
1650000 1650 1000.0 1933321.79 1661.266 4.1289 0 0 0 
1660000 1660 1000.0 1950091.578 1663.549 4.1098 0 0 0 
1670000 1670 1000.0 1966789.047 1664.786 4.0838 0 0 0 
1680000 1680 1000.0 1983201.98 1660.77 4.0916 0 0 0 
1690000 1690 1000.0 1999963.926 1662.913 4.0829 0 0 0 
1700000 1700 1000.0 2016163.851 1655.513 4.0619 0 0 0 
1710000 1710 1000.0 2032861.361 1658.433 4.0992 0 0 0 
1720000 1720 1000.0 2049708.541 1663.314 4.0794 0 0 0 
1730000 1730 1000.0 2066842.347 1672.354 4.0808 0 0 0 
1740000 1740 1000.0 2084109.383 1682.153 4.0844 0 0 0 
1750000 1750 1000.0 2101433.776 1691.399 4.0947 0 0 0 
1760000 1760 1000.0 2118440.662 1693.105 4.0876 0 0 0 
1770000 1770 1000.0 2135778.778 1700.26 4.1029 0 0 0 
1780000 1780 1000.0 2153204.298 1707.876 4.1113 0 0 0 
1790000 1790 1000.0 2169923.05 1701.03 4.0908 0 0 0 
1800000 1800 1000.0 2186947.006 1701.909 4.0996 0 0 0 
1810000 1810 1000.0 2203451.914 1692.83 4.0815 0 0 0 
1820000 1820 1000.0 2219925.018 1684.964 4.0701 0 0 0 
1830000 1830 1000.0 2236724.065 1683.923 4.0909 0 0 0 
1840000 1840 1000.0 2252674.48 1667.551 4.0784 0 0 0 
1850000 1850 1000.0 2269831.823 1676.263 4.0637 0 0 0 
1860000 1860 1000.0 2287233.91 1688.043 4.1027 0 0 0 
1870000 1870 1000.0 2305168.457 1707.306 4.1518 0 0 0 
1880000 1880 1000.0 2323274.982 1725.667 4.1467 0 0 0 
1890000 1890 1000.0 2340759.787 1729.418 4.1265 0 0 0 
1900000 1900 1000.0 2358060.088 1729.615 4.1204 0 0 0 
1910000 1910 1000.0 2375812.52 1737.93 4.1164 0 0 0 
1920000 1920 1000.0 2393338.494 1740.496 4.1068 0 0 0 
1930000 1930 1000.0 2410713.501 1739.69 4.095 0 0 0 
1940000 1940 1000.0 2428731.189 1751.04 4.0813 0 0 0 
1950000 1950 1000.0 2446018.393 1747.128 4.092 0 0 0 
1960000 1960 1000.0 2463851.29 1753.407 4.0868 0 0 0 
1970000 1970 1000.0 2481741.545 1759.967 4.0965 0 0 0 
1980000 1980 1000.0 2499887.927 1770.231 4.0962 0 0 0 
1990000 1990 1000.0 2517166.6 1762.317 4.0933 0 0 0 
2000000 2000 1000.0 2535264.311 1770.863 4.1148 0 0 0 
2010000 2010 1000.0 2553844.209 1786.649 4.105 0 0 0 
2020000 2020 1000.0 2572496.546 1800.927 4.1028 0 0 0 
2030000 2030 1000.0 2591280.91 1815.114 4.154 0 0 0 
2040000 2040 1000.0 2609776.972 1821.417 4.1575 0 0 0 
2050000 2050 1000.0 2627716.171 1816.592 4.1759 0 0 0 
2060000 2060 1000.0 2646612.738 1830.276 4.1675 0 0 0 
2070000 2070 1000.0 2665316.682 1837.991 4.163 0 0 0 
2080000 2080 1000.0 2684045.272 1844.903 4.1537 0 0 0 
2090000 2090 1000.0 2702589.001 1845.599 4.1866 0 0 0 
2100000 2100 1000.0 2720321.75 1832.758 4.213 0 0 0 
2110000 2110 1000.0 2739192.918 1842.215 4.1927 0 0 0 
2120000 2120 1000.0 2758126.828 1851.137 4.1659 0 0 0 
2130000 2130 1000.0 2776705.686 1852.421 4.1477 0 0 0 
2140000 2140 1000.0 2795316.448 1854.012 4.1349 0 0 0 
2150000 2150 1000.0 2814078.319 1858.458 4.2336 0 0 0 
2160000 2160 1000.0 2832395.751 1853.164 4.2076 0 0 0 
2170000 2170 1000.0 2850439.515 1843.951 4.22 0 0 0 
2180000 2180 1000.0 2867699.574 1822.746 4.2171 0 0 0 
2190000 2190 1000.0 2886094.976 1825.885 4.2078 0 0 0 
2200000 2200 1000.0 2904850.917 1834.887 4.2015 0 0 0 
2210000 2210 1000.0 2923907.179 1848.313 4.1937 0 0 0 
2220000 2220 1000.0 2943258.512 1863.738 4.1785 0 0 0 
2230000 2230 1000.0 2962620.731 1877.358 4.2184 0 0 0 
2240000 2240 1000.0 2981858.278 1886.371 4.2495 0 0 0 
2250000 2250 1000.0 3001285.372 1896.454 4.237 0 0 0 
2260000 2260 1000.0 3020997.036 1909.713 4.2314 0 0 0 
2270000 2270 1000.0 3040062.397 1909.598 4.2374 0 0 0 
2280000 2280 1000.0 3058659.009 1899.851 4.2134 0 0 0 
2290000 2290 1000.0 3077793.164 1901.383 4.2426 0 0 0 
2300000 2300 1000.0 3095783.483 1883.375 4.236 0 0 0 
2310000 2310 1000.0 3114082.333 1873.684 4.2396 0 0 0 
2320000 2320 1000.0 3131924.096 1857.415 4.3949 0 0 0 
2330000 2330 1000.0 3150972.595 1866.631 4.3466 0 0 0 
2340000 2340 1000.0 3170273.346 1877.959 4.3043 0 0 0 
2350000 2350 1000.0 3189137.39 1879.119 4.2982 0 0 0 
2360000 2360 1000.0 3208293.817 1885.97 4.2892 0 0 0 
2370000 2370 1000.0 3228127.626 1903.682 4.2899 0 0 0 
2380000 2380 1000.0 3248256.726 1923.43 4.2847 0 0 0 
2390000 2390 1000.0 3267825.854 1929.806 4.2854 0 0 0 
2400000 2400 1000.0 3286608.339 1921.054 4.2582 0 0 0 
2410000 2410 1000.0 3305924.596 1922.831 4.2375 0 0 0 
2420000 2420 1000.0 3325293.485 1925.508 4.2177 0 0 0 
2430000 2430 1000.0 3344274.44 1920.577 4.2204 0 0 0 
2440000 2440 1000.0 3363757.306 1925.724 4.2203 0 0 0 
2450000 2450 1000.0 3383703.44 1938.043 4.2299 0 0 0 
2460000 2460 1000.0 3403870.243 1952.392 4.2276 0 0 0 
2470000 2470 1000.0 3423776.181 1959.18 4.2529 0 0 0 
2480000 2480 1000.0 3443820.939 1967.976 4.249 0 0 0 
2490000 2490 1000.0 3463677.916 1971.275 4.2276 0 0 0 
2500000 2500 1000.0 3483489.188 1972.725 4.2409 0 0 0 
2510000 2510 1000.0 3502529.489 1960.115 4.2449 0 0 0 
2520000 2520 1000.0 3520819.197 1935.114 4.2391 0 0 0 
2530000 2530 1000.0 3539439.215 1922.54 4.2261 0 0 0 
2540000 2540 1000.0 3558358.278 1916.708 4.2118 0 0 0 
2550000 2550 1000.0 3578048.31 1926.097 4.2232 0 0 0 
2560000 2560 1000.0 3597290.771 1925.807 4.2065 0 0 0 
2570000 2570 1000.0 3617158.642 1936.864 4.2058 0 0 0 
2580000 2580 1000.0 3636317.947 1932.728 4.1946 0 0 0 
2590000 2590 1000.0 3655701.849 1933.614 4.193 0 0 0 
2600000 2600 1000.0 3674741.832 1928.54 4.1851 0 0 0 
2610000 2610 1000.0 3694355.549 1934.547 4.1911 0 0 0 
2620000 2620 1000.0 3714189.632 1943.35 4.1883 0 0 0 
2630000 2630 1000.0 3733506.198 1941.331 4.1946 0 0 0 
2640000 2640 1000.0 3752782.293 1938.78 4.187 0 0 0 
2650000 2650 1000.0 3772161.459 1938.65 4.1815 0 0 0 
2660000 2660 1000.0 3791997.729 1947.222 4.1883 0 0 0 
2670000 2670 1000.0 3811637.9 1950.29 4.2145 0 0 0 
2680000 2680 1000.0 3831066.661 1948.795 4.2069 0 0 0 
2690000 2690 1000.0 3850573.082 1948.845 4.1965 0 0 0 
2700000 2700 1000.0 3870101.588 1949.436 4.2431 0 0 0 
2710000 2710 1000.0 3889857.776 1954.528 4.2506 0 0 0 
2720000 2720 1000.0 3909909.715 1963.781 4.2836 0 0 0 
2730000 2730 1000.0 3929658.498 1965.961 4.2903 0 0 0 
2740000 2740 1000.0 3948682.871 1954.076 4.2741 0 0 0 
2750000 2750 1000.0 3967039.663 1932.474 4.2564 0 0 0 
2760000 2760 1000.0 3986124.124 1928.253 4.2443 0 0 0 
2770000 2770 1000.0 4005769.908 1935.216 4.2437 0 0 0 
2780000 2780 1000.0 4025898.732 1949.122 4.2384 0 0 0 
2790000 2790 1000.0 4045528.617 1951.647 4.2273 0 0 0 
2800000 2800 1000.0 4065433.862 1959.18 4.2327 0 0 0 
2810000 2810 1000.0 4085679.918 1971.226 4.2475 0 0 0 
2820000 2820 1000.0 4105280.751 1969.161 4.2436 0 0 0 
2830000 2830 1000.0 4124724.25 1964.371 4.2513 0 0 0 
2840000 2840 1000.0 4143616.048 1950.072 4.2447 0 0 0 
2850000 2850 1000.0 4162121.279 1932.377 4.2613 0 0 0 
2860000 2860 1000.0 4181926.934 1941.389 4.2524 0 0 0 
2870000 2870 1000.0 4201540.029 1945.007 4.255 0 0 0 
2880000 2880 1000.0 4221417.484 1953.05 4.2406 0 0 0 
2890000 2890 1000.0 4241322.388 1959.747 4.2601 0 0 0 
2900000 2900 1000.0 4261134.958 1963.582 4.2707 0 0 0 
2910000 2910 1000.0 4280648.672 1961.315 4.2572 0 0 0 
2920000 2920 1000.0 4299300.702 1944.129 4.2608 0 0 0 
2930000 2930 1000.0 4318561.992 1940.916 4.2641 0 0 0 
2940000 2940 1000.0 4338019.452 1942.089 4.2794 0 0 0 
2950000 2950 1000.0 4358010.739 1952.683 4.2883 0 0 0 
2960000 2960 1000.0 4378418.045 1968.817 4.2905 0 0 0 
2970000 2970 1000.0 4398555.846 1976.78 4.2738 0 0 0 
2980000 2980 1000.0 4417695.822 1965.713 4.2754 0 0 0 
2990000 2990 1000.0 4436876.07 1957.072 4.2622 0 0 0 
3000000 3000 1000.0 4456998.46 1967.053 4.2622 0 0 0 
3010000 3010 1000.0 4477015.728 1973.044 4.2608 0 0 0 
3020000 3020 1000.0 4496807.786 1974.039 4.2688 0 0 0 
3030000 3030 1000.0 4516693.77 1976.673 4.2676 0 0 0 
3040000 3040 1000.0 4536740.354 1981.935 4.2533 0 0 0 
3050000 3050 1000.0 4556942.962 1989.019 4.2415 0 0 0 
3060000 3060 1000.0 4576982.922 1991.655 4.2385 0 0 0 
3070000 3070 1000.0 4597356.848 2000.002 4.2278 0 0 0 
3080000 3080 1000.0 4617546.415 2003.37 4.22 0 0 0 
3090000 3090 1000.0 4637862.289 2008.367 4.2266 0 0 0 
3100000 3100 1000.0 4657450.206 1998.765 4.2426 0 0 0 
3110000 3110 1000.0 4677557.158 2001.617 4.2578 0 0 0 
3120000 3120 1000.0 4698001.3 2009.098 4.2727 0 0 0 
3130000 3130 1000.0 4718650.849 2019.451 4.2663 0 0 0 
3140000 3140 1000.0 4739068.9 2023.583 4.2567 0 0 0 
3150000 3150 1000.0 4758441.776 2007.204 4.2767 0 0 0 
3160000 3160 1000.0 4777972.792 1997.028 4.2783 0 0 0 
3170000 3170 1000.0 4797111.731 1982.102 4.2627 0 0 0 
3180000 3180 1000.0 4816955.45 1982.791 4.2596 0 0 0 
3190000 3190 1000.0 4836680.956 1980.585 4.2688 0 0 0 
3200000 3200 1000.0 4856314.372 1978.06 4.2716 0 0 0 
3210000 3210 1000.0 4875891.771 1974.168 4.2592 0 0 0 
3220000 3220 1000.0 4895657.018 1974.614 4.2915 0 0 0 
3230000 3230 1000.0 4915843.595 1982.766 4.2775 0 0 0 
3240000 3240 1000.0 4935552.726 1980.922 4.2793 0 0 0 
3250000 3250 1000.0 4955786.675 1988.604 4.2686 0 0 0 
3260000 3260 1000.0 4976189.622 1997.961 4.2835 0 0 0 
3270000 3270 1000.0 4995685.317 1989.388 4.2799 0 0 0 
3280000 3280 1000.0 5015681.115 1991.214 4.2626 0 0 0 
3290000 3290 1000.0 5035681.016 1992.923 4.2586 0 0 0 
3300000 3300 1000.0 5055554.667 1992.017 4.2721 0 0 0 
3310000 3310 1000.0 5075691.53 1996.305 4.2624 0 0 0 
3320000 3320 1000.0 5096061.832 2004.154 4.2979 0 0 0 
3330000 3330 1000.0 5116733.316 2015.786 4.324 0 0 0 
3340000 3340 1000.0 5137189.154 2021.181 4.3102 0 0 0 
3350000 3350 1000.0 5157912.675 2030.365 4.3018 0 0 0 
3360000 3360 1000.0 5178094.781 2028.06 4.2891 0 0 0 
3370000 3370 1000.0 5198317.202 2027.28 4.2828 0 0 0 
3380000 3380 1000.0 5218995.911 2034.966 4.2623 0 0 0 
3390000 3390 1000.0 5239689.261 2041.296 4.2568 0 0 0 
3400000 3400 1000.0 5260156.219 2041.857 4.2875 0 0 0 
3410000 3410 1000.0 5280528.168 2040.667 4.2732 0 0 0 
3420000 3420 1000.0 5300271.493 2028.46 4.2611 0 0 0 
3430000 3430 1000.0 5320176.917 2021.187 4.2481 0 0 0 
3440000 3440 1000.0 5340035.272 2015.175 4.2968 0 0 0 
3450000 3450 1000.0 5359607.708 2004.294 4.2964 0 0 0 
3460000 3460 1000.0 5379454.817 2000.878 4.2853 0 0 0 
3470000 3470 1000.0 5399477.905 2001.416 4.2912 0 0 0 
3480000 3480 1000.0 5419398.728 1999.606 4.277 0 0 0 
3490000 3490 1000.0 5438644.476 1985.33 4.2607 0 0 0 
3500000 3500 1000.0 5458332.547 1982.692 4.2464 0 0 0 
3510000 3510 1000.0 5478143.805 1982.282 4.254 0 0 0 
3520000 3520 1000.0 5497131.304 1967.101 4.2384 0 0 0 
3530000 3530 1000.0 5517004.419 1971.124 4.2262 0 0 0 
3540000 3540 1000.0 5536799.835 1973.12 4.2159 0 0 0 
3550000 3550 1000.0 5556014.667 1963.558 4.2069 0 0 0 
3560000 3560 1000.0 5575575.451 1962.315 4.2056 0 0 0 
3570000 3570 1000.0 5595116.515 1960.625 4.2027 0 0 0 
3580000 3580 1000.0 5614844.753 1963.17 4.2211 0 0 0 
3590000 3590 1000.0 5635282.996 1978.094 4.2117 0 0 0 
3600000 3600 1000.0 5655816.799 1991.871 4.2253 0 0 0 
3610000 3610 1000.0 5676448.812 2004.933 4.2236 0 0 0 
3620000 3620 1000.0 5696143.525 1998.826 4.22 0 0 0 
3630000 3630 1000.0 5716491.29 2005.709 4.2173 0 0 0 
3640000 3640 1000.0 5736466.188 2003.814 4.2369 0 0 0 
3650000 3650 1000.0 5756464.521 2003.526 4.2529 0 0 0 
3660000 3660 1000.0 5776028.406 1995.622 4.2552 0 0 0 
3670000 3670 1000.0 5795802.136 1991.589 4.2755 0 0 0 
3680000 3680 1000.0 5814306.421 1965.316 4.2733 0 0 0 
3690000 3690 1000.0 5831607.356 1922.185 4.2593 0 0 0 
3700000 3700 1000.0 5850355.564 1913.317 4.2608 0 0 0 
3710000 3710 1000.0 5869652.17 1916.748 4.2684 0 0 0 
3720000 3720 1000.0 5890032.352 1939.181 4.2866 0 0 0 
3730000 3730 1000.0 5910309.15 1955.473 4.27 0 0 0 
3740000 3740 1000.0 5930949.997 1975.474 4.2894 0 0 0 
3750000 3750 1000.0 5951378.15 1987.845 4.2811 0 0 0 
3760000 3760 1000.0 5972030.451 2002.037 4.2636 0 0 0 
3770000 3770 1000.0 5992751.703 2014.926 4.253 0 0 0 
3780000 3780 1000.0 6013388.565 2023.804 4.2852 0 0 0 
3790000 3790 1000.0 6034263.3 2035.464 4.2997 0 0 0 
3800000 3800 1000.0 6054845.283 2040.023 4.3035 0 0 0 
3810000 3810 1000.0 6074868.129 2033.178 4.2891 0 0 0 
3820000 3820 1000.0 6095249.72 2034.215 4.2825 0 0 0 
3830000 3830 1000.0 6115596.67 2034.513 4.2875 0 0 0 
3840000 3840 1000.0 6136146.935 2037.974 4.2979 0 0 0 
3850000 3850 1000.0 6156076.748 2029.556 4.2888 0 0 0 
3860000 3860 1000.0 6175669.212 2016.18 4.3071 0 0 0 
3870000 3870 1000.0 6195041.358 2002.498 4.2953 0 0 0 
3880000 3880 1000.0 6215374.85 2008.221 4.2866 0 0 0 
3890000 3890 1000.0 6235178.32 2002.553 4.3201 0 0 0 
3900000 3900 1000.0 6255721.04 2012.025 4.3102 0 0 0 
3910000 3910 1000.0 6275818.821 2011.599 4.3017 0 0 0 
3920000 3920 1000.0 6296097.065 2014.725 4.3411 0 0 0 
3930000 3930 1000.0 6315991.456 2010.84 4.3251 0 0 0 
3940000 3940 1000.0 6337141.548 2029.884 4.3269 0 0 0 
3950000 3950 1000.0 6357626.643 2033.045 4.3462 0 0 0 
3960000 3960 1000.0 6378492.193 2042.639 4.3478 0 0 0 
3970000 3970 1000.0 6399436.014 2052.122 4.3268 0 0 0 
3980000 3980 1000.0 6420074.929 2054.113 4.3127 0 0 0 
3990000 3990 1000.0 6440951.037 2060.434 4.3381 0 0 0 
4000000 4000 1000.0 6461342.336 2056.568 4.3271 0 0 0 
