10000 10 182.927 -12791.482 -233.728 0.1934 0 0 0 0.0 0.0 0.0 0.0 0.0 
20000 20 332.392 -25427.313 -422.0 0.3553 0 0 0 0.0 0.0 0.0 0.0 0.0 
30000 30 454.516 -38272.442 -579.812 1.6731 0 0 0 0.0121413 2.1707547 0.169211 0.1309617 0.1095259 
40000 40 554.3 -47965.203 -650.939 2.7573 0 0 0 0.0108903 3.721588 0.6202755 0.085468 0.0976328 
50000 50 635.83 -59166.24 -734.738 3.6325 0 0 0 0.0099799 4.9924128 0.9220926 0.0798313 0.0882926 
60000 60 702.447 -68724.572 -774.442 4.3316 0 0 0 0.0082965 5.3884003 0.9199121 0.0764112 0.0757353 
70000 70 756.877 -78150.778 -805.311 4.9175 0 0 0 0.0074172 5.717923 1.1919257 0.0681112 0.067956 
80000 80 801.351 -83261.523 -748.365 5.3974 0 0 0 0.0082292 5.7356813 1.5321866 0.0639172 0.0754611 
90000 90 837.689 -84604.564 -636.445 5.7884 0 0 0 0.0087507 4.1917148 1.7438087 0.0578155 0.0788473 
100000 100 867.38 -85383.083 -530.972 6.1167 0 0 0 0.0086484 3.3154083 1.8063325 0.0603219 0.0800278 
110000 110 891.64 -90426.634 -526.621 6.3683 0 0 0 0.0094705 1.7300857 3.0772452 0.0605963 0.0867709 
120000 120 911.462 -91612.246 -450.357 6.598 0 0 0 0.0094229 0.1798744 2.7398781 0.0601498 0.0872949 
130000 130 927.658 -89687.036 -332.738 6.7879 0 0 0 0.0106925 -1.353545 2.5411022 0.0627415 0.0951793 
140000 140 940.891 -88880.476 -255.396 6.9323 0 0 0 0.0112215 -3.7691714 2.4488804 0.0630255 0.101151 
150000 150 951.704 -85485.611 -146.732 7.0527 0 0 0 0.0112535 -5.1942873 2.2148544 0.0606054 0.0995654 
160000 160 960.539 -82685.673 -67.784 7.1508 0 0 0 0.0110123 -7.2582909 1.9373406 0.0619828 0.0992789 
170000 170 967.757 -80827.074 -22.343 7.2358 0 0 0 0.0116194 -8.6562958 2.0049869 0.0626804 0.1014816 
180000 180 973.655 -78432.96 25.16 7.2765 0 0 0 0.0107216 -10.5570316 1.8697776 0.0586257 0.0966753 
190000 190 978.474 -78404.024 21.564 7.3339 0 0 0 0.0111164 -12.3383969 1.9700779 0.0591417 0.0986855 
200000 200 982.412 -76739.436 52.596 7.3759 0 0 0 0.0113847 -14.2110127 1.9207771 0.059873 0.0988759 
210000 210 985.629 -70120.445 164.31 7.4101 0 0 0 0.0104546 -16.1910896 2.3300714 0.0595481 0.0944558 
220000 220 988.258 -62122.433 280.925 7.4443 0 0 0 0.0104042 -19.2157651 2.5069507 0.0609172 0.0929296 
230000 230 990.406 -56601.704 327.987 7.4628 0 0 0 0.0127946 -22.4905144 4.0804776 0.0622354 0.1047548 
240000 240 992.161 -54067.923 314.059 7.4803 0 0 0 0.0121303 -26.1518263 3.3851086 0.0629934 0.1041099 
250000 250 993.595 -53926.988 258.756 7.5003 0 0 0 0.0127671 -29.4313201 4.1765605 0.0641355 0.1068418 
260000 260 994.767 -51479.463 259.663 7.5145 0 0 0 0.0126074 -33.2240897 3.9247797 0.062595 0.1074396 
270000 270 995.724 -44014.761 348.975 7.5411 0 0 0 0.0121852 -37.2031175 3.6843004 0.0655922 0.1053914 
280000 280 996.506 -36528.278 421.895 7.5481 0 0 0 0.0121254 -40.7370602 5.0556471 0.0624791 0.1057492 
290000 290 997.145 -26973.062 519.936 7.5567 0 0 0 0.013117 -44.4534498 4.6902266 0.0634503 0.1111839 
300000 300 997.667 -18174.124 585.189 7.5615 0 0 0 0.0130316 -48.0383628 5.8689003 0.0652384 0.1114785 
310000 310 998.094 -8521.39 654.408 7.5748 0 0 0 0.0128993 -51.35824 7.708619 0.0646743 0.1075767 
320000 320 998.443 1654.628 721.104 7.5785 0 0 0 0.0121946 -54.9916153 6.1110698 0.0651787 0.1037763 
330000 330 998.728 13770.786 810.114 7.6029 0 0 0 0.0116282 -58.1788151 5.377145 0.0642315 0.0981202 
340000 340 998.96 25140.853 870.187 7.6182 0 0 0 0.0116166 -61.1661479 4.2430632 0.0631183 0.1010489 
350000 350 999.151 35545.751 900.218 7.625 0 0 0 0.0117273 -64.2537842 6.5042585 0.0649054 0.099531 
360000 360 999.306 45536.481 918.289 7.6247 0 0 0 0.011275 -67.3726777 6.7755601 0.0632023 0.098019 
370000 370 999.433 55722.997 937.003 7.6327 0 0 0 0.0108976 -69.991746 6.089424 0.0615019 0.096025 
380000 380 999.537 65145.729 938.286 7.635 0 0 0 0.0106132 -72.7926584 11.5059088 0.0606253 0.0923116 
390000 390 999.621 75562.013 956.463 7.6343 0 0 0 0.0111591 -75.1590312 3.3059655 0.0563176 0.094645 
400000 400 999.691 85701.14 967.686 7.6247 0 0 0 0.010736 -77.493518 4.7571563 0.0536829 0.0913633 
410000 410 999.747 96913.731 996.004 7.6296 0 0 0 0.0107247 -80.2337851 7.2476845 0.0549472 0.0918985 
420000 420 999.793 107613.435 1009.928 7.6469 0 0 0 0.0107126 -82.353392 12.2096568 0.0540523 0.0902958 
430000 430 999.831 117627.674 1008.203 7.6499 0 0 0 0.0113896 -84.3783031 5.8954784 0.0519295 0.0879747 
440000 440 999.862 129173.175 1036.031 7.6447 0 0 0 0.0096477 -86.7987527 14.0082738 0.0533404 0.0853873 
450000 450 999.887 142315.943 1087.226 7.6498 0 0 0 0.0089088 -90.7697668 10.7486522 0.0507825 0.0777981 
460000 460 999.908 156723.819 1151.861 7.6465 0 0 0 0.008979 -93.5853308 6.0652433 0.0500477 0.0791761 
470000 470 999.925 170440.901 1191.603 7.6582 0 0 0 0.0087397 -95.666378 12.167576 0.051432 0.0779991 
480000 480 999.939 183154.248 1205.777 7.6717 0 0 0 0.0089717 -97.812272 7.5524077 0.0486818 0.0778517 
490000 490 999.95 195679.54 1214.684 7.6814 0 0 0 0.0087906 -99.9253163 15.7348777 0.0480378 0.0752633 
500000 500 999.959 207931.453 1216.165 7.6911 0 0 0 0.007772 -101.8087281 11.4263013 0.0493275 0.0688447 
510000 510 999.966 221572.002 1243.306 7.693 0 0 0 0.0084102 -103.7504418 22.915786 0.0484507 0.0714891 
520000 520 999.973 236120.716 1282.009 7.7011 0 0 0 0.0072518 -105.5379231 15.763779 0.0458376 0.0644922 
530000 530 999.978 251035.425 1320.24 7.7048 0 0 0 0.0075336 -107.7748108 6.1803522 0.0467417 0.0672017 
540000 540 999.982 264161.559 1319.633 7.7085 0 0 0 0.0072373 -109.3868012 17.7432859 0.0450796 0.0646856 
550000 550 999.985 277346.492 1318.951 7.7149 0 0 0 0.0075537 -111.0128217 16.9857064 0.0482447 0.0657111 
560000 560 999.988 290094.451 1311.187 7.6928 0 0 0 0.0070427 -113.0525417 20.868695 0.044508 0.0623451 
570000 570 999.99 303624.419 1318.709 7.6886 0 0 0 0.0070661 -114.8943217 17.0318149 0.0484772 0.0630856 
580000 580 999.992 318159.475 1344.082 7.6928 0 0 0 0.0076392 -116.7333014 20.4114662 0.0489943 0.0653374 
590000 590 999.993 332527.709 1361.752 7.694 0 0 0 0.0071221 -118.345759 22.5928316 0.0437006 0.0621836 
600000 600 999.995 347820.124 1392.499 7.6914 0 0 0 0.0068106 -120.4365993 9.573728 0.0431636 0.0604207 
610000 610 999.996 362655.037 1409.289 7.6865 0 0 0 0.0065334 -122.0389065 17.0722735 0.0460221 0.0584408 
620000 620 999.996 377422.074 1421.363 7.7058 0 0 0 0.0067364 -124.0268348 13.1753357 0.0442643 0.0593864 
630000 630 999.997 391256.014 1414.504 7.7035 0 0 0 0.0064824 -125.6641489 16.1018021 0.045175 0.0585743 
640000 640 999.998 405509.543 1415.989 7.7088 0 0 0 0.0065137 -126.9186082 23.8128888 0.04406 0.0587546 
650000 650 999.998 419612.983 1414.738 7.7182 0 0 0 0.0068675 -128.4952801 14.1094923 0.0467156 0.0605056 
660000 660 999.998 433621.648 1412.541 7.7218 0 0 0 0.006224 -129.8422267 5.3905382 0.0441517 0.056718 
670000 670 999.999 446797.004 1395.277 7.7168 0 0 0 0.0073278 -130.6574369 35.5358889 0.0453765 0.0617538 
680000 680 999.999 460328.978 1387.965 7.7223 0 0 0 0.006464 -132.1181473 37.4845129 0.0428042 0.0564884 
690000 690 999.999 474029.596 1384.882 7.7197 0 0 0 0.0066596 -133.7654071 20.5753016 0.0431452 0.0583252 
700000 700 999.999 487436.218 1376.728 7.7251 0 0 0 0.0065495 -134.9975265 12.8846837 0.0423786 0.0590231 
710000 710 999.999 501769.801 1387.756 7.7231 0 0 0 0.0067935 -136.0320818 23.3594082 0.0426702 0.0598254 
720000 720 1000.0 516524.914 1403.742 7.7245 0 0 0 0.0067535 -137.3357417 17.9295461 0.0425505 0.059795 
730000 730 1000.0 531891.191 1428.14 7.7222 0 0 0 0.0068149 -138.4916796 19.301487 0.0423733 0.0610786 
740000 740 1000.0 547053.678 1444.618 7.7134 0 0 0 0.0068755 -139.6998486 16.6648603 0.0432377 0.059957 
750000 750 1000.0 561603.271 1445.809 7.7184 0 0 0 0.006513 -140.5012006 40.0896541 0.0433823 0.0586847 
760000 760 1000.0 575465.815 1435.071 7.7181 0 0 0 0.0064628 -141.9559805 20.3092543 0.0444363 0.058213 
770000 770 1000.0 589180.034 1423.164 7.7271 0 0 0 0.0070475 -143.042175 24.6810475 0.0417669 0.0624162 
780000 780 1000.0 602769.575 1411.8 7.73 0 0 0 0.0067173 -144.1833279 18.9379025 0.043916 0.0608682 
790000 790 1000.0 616490.23 1405.156 7.7158 0 0 0 0.0069586 -144.7639544 20.9187417 0.0432786 0.0622331 
800000 800 1000.0 630689.795 1408.214 7.719 0 0 0 0.0067733 -145.7892245 11.5676659 0.0449838 0.0597567 
810000 810 1000.0 645178.466 1415.973 7.7296 0 0 0 0.0070554 -146.687922 33.8384973 0.0447938 0.0638162 
820000 820 1000.0 660612.461 1438.98 7.7327 0 0 0 0.0066604 -147.9033028 24.9836822 0.0445462 0.0599426 
830000 830 1000.0 675410.348 1445.783 7.7384 0 0 0 0.0069275 -148.9137688 15.3885598 0.0454676 0.0613067 
840000 840 1000.0 689573.669 1440.173 7.7404 0 0 0 0.0069592 -149.9532961 26.3251461 0.0453392 0.0632428 
850000 850 1000.0 704085.71 1442.633 7.7231 0 0 0 0.0067146 -150.5460315 24.5146548 0.0448264 0.0606646 
860000 860 1000.0 718985.525 1451.557 7.7305 0 0 0 0.0071553 -151.5775891 21.3639386 0.0432154 0.0637543 
870000 870 1000.0 733498.569 1451.283 7.7415 0 0 0 0.0066989 -152.7391398 22.4952338 0.0444136 0.0597726 
880000 880 1000.0 747909.919 1449.579 7.7387 0 0 0 0.0067328 -153.9202989 15.5335561 0.0446738 0.0594878 
890000 890 1000.0 762074.869 1443.213 7.743 0 0 0 0.0068663 -154.3636536 32.7632601 0.0453588 0.0609917 
900000 900 1000.0 776239.787 1438.15 7.7308 0 0 0 0.006446 -155.5722249 11.2369132 0.0451673 0.0588679 
910000 910 1000.0 790581.437 1437.542 7.7456 0 0 0 0.0067127 -156.3452073 30.0814599 0.0444826 0.0590286 
920000 920 1000.0 804482.351 1428.796 7.7454 0 0 0 0.0064967 -156.7991021 34.2355037 0.0445014 0.0579963 
930000 930 1000.0 819151.752 1435.836 7.7391 0 0 0 0.0063128 -157.2851614 33.5078198 0.0463012 0.0568182 
940000 940 1000.0 834088.429 1446.108 7.7369 0 0 0 0.006677 -158.1036923 29.4448162 0.0432878 0.0586161 
950000 950 1000.0 848863.748 1451.559 7.7314 0 0 0 0.0063405 -158.8164741 19.7072939 0.0459407 0.0570051 
960000 960 1000.0 861854.676 1422.535 7.7187 0 0 0 0.006931 -159.2190841 31.9471746 0.0472699 0.0611151 
970000 970 1000.0 876999.657 1439.617 7.7252 0 0 0 0.0069888 -159.6494589 32.8132063 0.0468474 0.0608995 
980000 980 1000.0 892342.527 1457.391 7.721 0 0 0 0.0063944 -160.758259 33.7995898 0.0449734 0.0563527 
990000 990 1000.0 908100.67 1478.98 7.7215 0 0 0 0.0065262 -161.5182999 21.440895 0.0450628 0.0593308 
1000000 1000 1000.0 923330.053 1487.103 7.7312 0 0 0 0.0069056 -162.444559 26.4769098 0.0443043 0.0606745 
1010000 1010 1000.0 939457.37 1509.721 7.7322 0 0 0 0.0069082 -163.0565225 35.5593265 0.0435781 0.0590683 
1020000 1020 1000.0 955609.492 1529.324 7.7344 0 0 0 0.0063029 -164.2434308 10.3756438 0.0445149 0.0567298 
1030000 1030 1000.0 971261.307 1535.664 7.7358 0 0 0 0.0065839 -164.9176169 29.7481864 0.044901 0.0565925 
1040000 1040 1000.0 987260.172 1547.678 7.737 0 0 0 0.0062484 -165.470173 37.027753 0.0463227 0.0562317 
1050000 1050 1000.0 1003142.845 1555.114 7.7352 0 0 0 0.0063481 -166.5780309 19.7596585 0.046491 0.056742 
1060000 1060 1000.0 1019959.436 1578.008 7.7269 0 0 0 0.0059325 -167.2474462 27.9403928 0.0450918 0.053075 
1070000 1070 1000.0 1036271.703 1587.572 7.7181 0 0 0 0.0057979 -168.1897973 33.9770682 0.0460763 0.0506968 
1080000 1080 1000.0 1051877.353 1582.602 7.7071 0 0 0 0.0057724 -169.1274277 28.1876692 0.0433454 0.0505024 
1090000 1090 1000.0 1067419.888 1577.907 7.6977 0 0 0 0.005916 -169.5923857 29.2426607 0.0447706 0.0533859 
1100000 1100 1000.0 1084043.041 1593.809 7.683 0 0 0 0.0059667 -170.4762528 46.3821011 0.0448339 0.0538766 
1110000 1110 1000.0 1100259.43 1599.076 7.6855 0 0 0 0.0060374 -171.0641972 38.2721313 0.0440632 0.0539087 
1120000 1120 1000.0 1115596.137 1587.474 7.6835 0 0 0 0.0062363 -171.9854025 41.1432095 0.0443623 0.0526873 
1130000 1130 1000.0 1131763.109 1593.333 7.6773 0 0 0 0.0055297 -172.7816738 28.0813229 0.0435462 0.0501913 
1140000 1140 1000.0 1148622.981 1610.075 7.6602 0 0 0 0.0060079 -173.3234257 32.8523022 0.0447886 0.051913 
1150000 1150 1000.0 1165193.752 1618.645 7.6623 0 0 0 0.0057596 -174.3130715 37.6967775 0.0452145 0.0519555 
1160000 1160 1000.0 1181418.55 1619.506 7.6689 0 0 0 0.0056764 -175.1261168 26.2699184 0.0433088 0.0502575 
1170000 1170 1000.0 1197720.21 1621.093 7.6606 0 0 0 0.0051502 -175.9295734 26.4795102 0.0416307 0.0469705 
1180000 1180 1000.0 1214314.733 1627.986 7.6433 0 0 0 0.0054867 -176.5307692 38.2870281 0.0436253 0.0490736 
1190000 1190 1000.0 1231200.19 1639.056 7.6387 0 0 0 0.0056909 -177.256537 43.6263837 0.0431482 0.0511697 
1200000 1200 1000.0 1247888.528 1644.256 7.6373 0 0 0 0.0053992 -177.9320705 35.9264809 0.0435235 0.0489264 
1210000 1210 1000.0 1264887.722 1654.726 7.6325 0 0 0 0.0053515 -178.319699 21.0641681 0.042649 0.0488736 
1220000 1220 1000.0 1281444.142 1655.002 7.6156 0 0 0 0.0053812 -179.1208487 26.7810456 0.04399 0.0487984 
1230000 1230 1000.0 1296914.477 1635.704 7.6171 0 0 0 0.0053092 -179.3028062 20.1981567 0.0433796 0.047877 
1240000 1240 1000.0 1313801.863 1645.283 7.6185 0 0 0 0.0054033 -179.7021494 26.8829784 0.0446415 0.0483149 
1250000 1250 1000.0 1329947.594 1640.546 7.6228 0 0 0 0.0050152 -180.582178 51.3959722 0.0431613 0.0450968 
1260000 1260 1000.0 1346975.067 1651.875 7.6228 0 0 0 0.0055704 -180.9779625 61.6013104 0.0430132 0.0475804 
1270000 1270 1000.0 1364199.283 1665.165 7.6273 0 0 0 0.0051403 -181.4528921 41.1312779 0.0433248 0.047239 
1280000 1280 1000.0 1381473.288 1676.127 7.6219 0 0 0 0.00549 -182.3505553 14.8542112 0.0428452 0.0481219 
1290000 1290 1000.0 1398954.061 1689.293 7.6159 0 0 0 0.005321 -183.7086642 36.353216 0.0442025 0.0468065 
1300000 1300 1000.0 1416763.744 1705.862 7.6136 0 0 0 0.0054441 -183.691831 50.8396453 0.0433918 0.0487574 
1310000 1310 1000.0 1434276.881 1714.127 7.6143 0 0 0 0.0055089 -184.3928975 70.3418535 0.044606 0.0486903 
1320000 1320 1000.0 1451187.303 1709.826 7.6138 0 0 0 0.0050549 -185.5617891 57.7137527 0.0456248 0.045761 
1330000 1330 1000.0 1468240.982 1709.122 7.5977 0 0 0 0.0053641 -185.997489 24.9906703 0.0448211 0.0490071 
1340000 1340 1000.0 1485803.473 1717.382 7.5985 0 0 0 0.0052488 -186.8798729 33.5191808 0.0434877 0.048184 
1350000 1350 1000.0 1503671.814 1730.394 7.599 0 0 0 0.005065 -187.5845054 37.1548698 0.0445365 0.0468522 
1360000 1360 1000.0 1520583.214 1722.559 7.5917 0 0 0 0.0059729 -188.075391 43.0639748 0.0473244 0.0531784 
1370000 1370 1000.0 1536673.332 1701.956 7.5886 0 0 0 0.0056151 -188.9060769 38.9462444 0.0470742 0.049476 
1380000 1380 1000.0 1552589.592 1682.005 7.5853 0 0 0 0.0053699 -189.4870204 39.9213063 0.0439818 0.0489273 
1390000 1390 1000.0 1569309.159 1680.24 7.5962 0 0 0 0.0055387 -190.2831596 51.764089 0.0418044 0.0490092 
1400000 1400 1000.0 1586724.442 1691.778 7.5952 0 0 0 0.0053237 -190.9704211 21.9610856 0.0443418 0.0478345 
1410000 1410 1000.0 1603799.159 1695.316 7.6107 0 0 0 0.005656 -191.2115695 63.8054607 0.0430161 0.049536 
1420000 1420 1000.0 1620689.502 1694.176 7.6169 0 0 0 0.0054213 -191.798882 25.3834186 0.0435174 0.0486439 
1430000 1430 1000.0 1638248.885 1705.8 7.6318 0 0 0 0.0051959 -192.5947765 44.2723931 0.0442463 0.0478425 
1440000 1440 1000.0 1655339.492 1706.502 7.6282 0 0 0 0.0053876 -193.4682145 28.1067476 0.0448941 0.0486803 
1450000 1450 1000.0 1672596.181 1710.403 7.6223 0 0 0 0.0056307 -193.9733256 61.1135125 0.0425358 0.0505126 
1460000 1460 1000.0 1690367.29 1722.432 7.6176 0 0 0 0.0054298 -194.8732327 22.5308867 0.0448278 0.0486806 
1470000 1470 1000.0 1708366.129 1737.236 7.6299 0 0 0 0.0055826 -195.1180403 60.4989306 0.0434498 0.0482292 
1480000 1480 1000.0 1726490.646 1751.097 7.6279 0 0 0 0.0054341 -195.6724271 47.5744436 0.0400422 0.0488577 
1490000 1490 1000.0 1745103.798 1771.642 7.6148 0 0 0 0.00537 -196.3821994 42.3025862 0.0409824 0.0478906 
1500000 1500 1000.0 1763686.172 1788.348 7.6148 0 0 0 0.0053339 -196.8815115 61.3510513 0.0416851 0.0483823 
1510000 1510 1000.0 1783091.27 1816.664 7.6117 0 0 0 0.0053346 -197.5241254 33.8429076 0.0411372 0.0474293 
1520000 1520 1000.0 1802634.425 1841.313 7.6086 0 0 0 0.0051238 -198.3637528 20.18752 0.0418746 0.0460817 
1530000 1530 1000.0 1821782.232 1855.234 7.6073 0 0 0 0.0054042 -199.2116686 44.3440036 0.0415758 0.0465075 
1540000 1540 1000.0 1840809.525 1863.25 7.6079 0 0 0 0.0051609 -199.6128359 52.4854034 0.0397327 0.0457925 
1550000 1550 1000.0 1860037.627 1874.15 7.6045 0 0 0 0.0051386 -200.3962097 24.1601312 0.04057 0.0458564 
1560000 1560 1000.0 1878577.339 1870.244 7.6154 0 0 0 0.0050263 -201.2900177 35.9913062 0.0392988 0.0449644 
1570000 1570 1000.0 1897083.061 1867.58 7.6124 0 0 0 0.0050842 -201.7467754 51.269901 0.0402705 0.0445285 
1580000 1580 1000.0 1916676.864 1884.791 7.6138 0 0 0 0.0052275 -202.5575505 49.6101079 0.0386706 0.0441438 
1590000 1590 1000.0 1935438.255 1882.896 7.6165 0 0 0 0.0050678 -203.5084711 31.9498804 0.0398079 0.0450447 
1600000 1600 1000.0 1953088.545 1861.001 7.6151 0 0 0 0.0048606 -203.7908997 57.5487646 0.0375652 0.0437657 
1610000 1610 1000.0 1971830.958 1863.344 7.6171 0 0 0 0.0046937 -204.7658276 28.6196817 0.0391387 0.0425957 
1620000 1620 1000.0 1990436.87 1862.801 7.6181 0 0 0 0.0045158 -205.5370636 39.9167374 0.0368832 0.0414087 
1630000 1630 1000.0 2009390.191 1868.883 7.6185 0 0 0 0.0047015 -205.9026529 56.3490142 0.038016 0.0422827 
1640000 1640 1000.0 2028652.862 1879.07 7.6191 0 0 0 0.0046063 -206.9456276 29.6100028 0.0407842 0.0408313 
1650000 1650 1000.0 2048243.393 1893.631 7.6326 0 0 0 0.005062 -207.1228966 68.4912788 0.0390407 0.0441033 
1660000 1660 1000.0 2067422.626 1899.006 7.6423 0 0 0 0.0045038 -208.1195443 23.7960665 0.0378792 0.0404473 
1670000 1670 1000.0 2088098.663 1930.037 7.6435 0 0 0 0.0050717 -208.8383485 51.569127 0.0390831 0.0444467 
1680000 1680 1000.0 2109363.723 1965.63 7.6397 0 0 0 0.0044916 -209.7514097 39.234223 0.0398062 0.0401246 
1690000 1690 1000.0 2129899.24 1981.341 7.6338 0 0 0 0.0043675 -210.2529075 64.094528 0.0369225 0.0394675 
1700000 1700 1000.0 2150572.209 1996.364 7.6411 0 0 0 0.0043627 -211.0648256 34.266209 0.0384914 0.0397816 
1710000 1710 1000.0 2170109.306 1988.342 7.6292 0 0 0 0.0042474 -211.3528471 19.5099446 0.0392893 0.0395749 
1720000 1720 1000.0 2189835.364 1985.424 7.6323 0 0 0 0.004481 -211.8180272 61.8011898 0.0419563 0.0403553 
1730000 1730 1000.0 2209693.806 1986.209 7.6271 0 0 0 0.0043961 -212.5373839 36.0728866 0.0398754 0.0404646 
1740000 1740 1000.0 2229335.124 1981.93 7.6207 0 0 0 0.0046824 -212.945521 37.3122689 0.0401816 0.0406991 
1750000 1750 1000.0 2247984.169 1960.527 7.6184 0 0 0 0.0044738 -213.2742215 49.0283064 0.0392682 0.0404312 
1760000 1760 1000.0 2267284.744 1955.117 7.6206 0 0 0 0.0044712 -213.6687712 58.7960102 0.0360076 0.039907 
1770000 1770 1000.0 2285146.954 1924.219 7.6288 0 0 0 0.0052855 -214.0813018 73.8447225 0.0385682 0.0437197 
1780000 1780 1000.0 2304354.811 1923.471 7.6354 0 0 0 0.0042866 -214.5569677 47.5990097 0.0374574 0.0397881 
1790000 1790 1000.0 2323109.611 1914.698 7.6306 0 0 0 0.0046319 -214.8775847 60.2966995 0.038056 0.0408607 
1800000 1800 1000.0 2343025.117 1928.689 7.6445 0 0 0 0.004705 -215.554569 45.5035033 0.0384225 0.0426101 
1810000 1810 1000.0 2364107.243 1961.438 7.6428 0 0 0 0.004892 -215.9753275 69.4182051 0.0379144 0.0423367 
1820000 1820 1000.0 2385303.512 1990.441 7.6432 0 0 0 0.0044443 -217.0137344 61.2324786 0.041226 0.0398296 
1830000 1830 1000.0 2405711.211 1999.309 7.6437 0 0 0 0.0050288 -217.557373 72.8939836 0.0371122 0.0423795 
1840000 1840 1000.0 2426258.403 2010.03 7.6639 0 0 0 0.0047342 -218.1441632 57.3033511 0.0396721 0.041464 
1850000 1850 1000.0 2447102.786 2023.616 7.648 0 0 0 0.0045557 -218.7210419 28.4531935 0.0389144 0.041169 
1860000 1860 1000.0 2467864.223 2033.227 7.6415 0 0 0 0.0043572 -219.3475546 48.2508903 0.0386458 0.0384599 
1870000 1870 1000.0 2490046.427 2067.229 7.6347 0 0 0 0.0044899 -219.9441192 45.1699712 0.0389085 0.0397884 
1880000 1880 1000.0 2512048.806 2091.611 7.6534 0 0 0 0.0043082 -220.4685493 18.8124179 0.0380914 0.0394192 
1890000 1890 1000.0 2534581.988 2121.411 7.6403 0 0 0 0.004599 -221.110674 52.0620169 0.0392729 0.0398278 
1900000 1900 1000.0 2557022.045 2143.785 7.6388 0 0 0 0.0043589 -221.4479742 79.7718384 0.0374756 0.037865 
1910000 1910 1000.0 2579019.221 2153.943 7.6386 0 0 0 0.0044288 -222.4641465 55.4531198 0.0369135 0.039013 
1920000 1920 1000.0 2600438.518 2150.321 7.6329 0 0 0 0.0046896 -222.4453495 91.2042261 0.0374493 0.0399362 
1930000 1930 1000.0 2620947.639 2132.08 7.639 0 0 0 0.0038391 -223.4565803 55.9646684 0.0367774 0.0355349 
1940000 1940 1000.0 2641604.771 2120.795 7.6491 0 0 0 0.0042564 -223.8894516 31.97943 0.0373554 0.0381275 
1950000 1950 1000.0 2662467.323 2114.007 7.648 0 0 0 0.0045119 -224.1751416 57.8411056 0.0386989 0.0394491 
1960000 1960 1000.0 2683054.572 2103.822 7.6414 0 0 0 0.0045721 -224.5366438 71.1501532 0.0381083 0.0400494 
1970000 1970 1000.0 2703661.727 2096.421 7.6409 0 0 0 0.004456 -225.4449114 51.3420316 0.0391059 0.0392911 
1980000 1980 1000.0 2725430.608 2111.534 7.6441 0 0 0 0.0042888 -226.0155751 71.2514355 0.0379827 0.0383547 
1990000 1990 1000.0 2747357.485 2125.989 7.6486 0 0 0 0.0040088 -227.0545881 42.75967 0.0371823 0.0360445 
2000000 2000 1000.0 2769768.863 2147.114 7.6387 0 0 0 0.0042873 -227.561072 66.708467 0.0378189 0.0383135 
2010000 2010 1000.0 2792256.27 2165.889 7.6259 0 0 0 0.0042732 -228.2999743 76.5149454 0.0391762 0.0374191 
2020000 2020 1000.0 2814775.467 2181.982 7.6361 0 0 0 0.0036927 -229.2488381 18.0168657 0.0389074 0.0343063 
2030000 2030 1000.0 2836820.798 2186.176 7.6429 0 0 0 0.0042133 -229.6210202 49.6522854 0.0395019 0.0372426 
2040000 2040 1000.0 2859022.113 2192.254 7.6389 0 0 0 0.0039611 -230.321207 54.7246835 0.0391563 0.0353876 
2050000 2050 1000.0 2881723.611 2206.6 7.6312 0 0 0 0.0042437 -231.0212833 74.4690559 0.0405568 0.0370615 
2060000 2060 1000.0 2904411.814 2218.252 7.6286 0 0 0 0.0041422 -231.8433893 54.7074217 0.0373882 0.037058 
2070000 2070 1000.0 2925979.719 2206.793 7.6335 0 0 0 0.0043197 -231.7305773 129.9777469 0.0371528 0.0364492 
2080000 2080 1000.0 2946878.918 2184.652 7.6327 0 0 0 0.0037513 -232.3176319 13.682843 0.0372377 0.03496 
2090000 2090 1000.0 2967170.982 2156.144 7.6315 0 0 0 0.0041456 -232.2761567 69.8458326 0.0390448 0.0361946 
2100000 2100 1000.0 2988152.181 2146.118 7.6353 0 0 0 0.004085 -232.3777315 72.6480408 0.0382404 0.0357359 
2110000 2110 1000.0 3010267.966 2157.809 7.6533 0 0 0 0.0039703 -232.9094605 61.5783989 0.0373067 0.0358531 
2120000 2120 1000.0 3032201.882 2163.994 7.6572 0 0 0 0.0045184 -233.2164632 89.3830149 0.0370456 0.0391095 
2130000 2130 1000.0 3054652.269 2178.501 7.656 0 0 0 0.0043304 -233.9838405 56.4997621 0.0372339 0.0376809 
2140000 2140 1000.0 3076853.091 2185.78 7.6544 0 0 0 0.0042546 -234.5308557 51.0830057 0.0361416 0.0366215 
2150000 2150 1000.0 3098434.273 2180.575 7.6581 0 0 0 0.0040584 -235.2401211 62.7340003 0.0378666 0.0352766 
2160000 2160 1000.0 3120605.086 2187.059 7.665 0 0 0 0.004051 -235.8154162 76.3413001 0.0372288 0.0353289 
2170000 2170 1000.0 3141993.034 2178.784 7.6687 0 0 0 0.0034753 -236.3796212 12.3066157 0.0334671 0.0318304 
2180000 2180 1000.0 3163345.955 2170.525 7.6587 0 0 0 0.0039862 -236.5078365 73.7920012 0.0351858 0.0349447 
2190000 2190 1000.0 3185451.692 2177.83 7.6507 0 0 0 0.0043122 -236.9576081 81.7262667 0.0350872 0.0378895 
2200000 2200 1000.0 3207807.046 2188.52 7.6548 0 0 0 0.0039951 -236.9048315 47.4485745 0.0363431 0.0361384 
2210000 2210 1000.0 3229449.708 2183.895 7.6498 0 0 0 0.0038871 -237.5307266 47.7339658 0.0350688 0.0342106 
2220000 2220 1000.0 3251822.4 2194.16 7.6469 0 0 0 0.0037888 -237.8286459 26.6855139 0.0342163 0.0342709 
2230000 2230 1000.0 3273797.365 2194.388 7.6412 0 0 0 0.0036836 -238.0604298 37.5048841 0.0346732 0.0339959 
2240000 2240 1000.0 3295968.111 2198.751 7.6464 0 0 0 0.004083 -238.1957767 42.0510345 0.0349877 0.0350274 
2250000 2250 1000.0 3318229.38 2203.731 7.654 0 0 0 0.0040724 -238.5122983 31.6828046 0.0337413 0.0361589 
2260000 2260 1000.0 3339458.979 2188.761 7.6558 0 0 0 0.0039006 -238.3753477 51.8312853 0.0365863 0.0346276 
2270000 2270 1000.0 3361446.922 2190.319 7.6689 0 0 0 0.0038716 -238.7914106 30.0523542 0.035975 0.0349684 
2280000 2280 1000.0 3382821.57 2180.526 7.6641 0 0 0 0.0038272 -239.0584539 27.9737544 0.0347799 0.0347128 
2290000 2290 1000.0 3404955.111 2186.504 7.6506 0 0 0 0.0038598 -239.5168209 16.9664215 0.0342336 0.0351609 
2300000 2300 1000.0 3426927.259 2188.475 7.6556 0 0 0 0.0038463 -239.6630836 68.7516694 0.0348203 0.0331536 
2310000 2310 1000.0 3449760.122 2205.661 7.6518 0 0 0 0.0039829 -240.1587262 64.6828627 0.0351178 0.0351579 
2320000 2320 1000.0 3471942.912 2208.397 7.6513 0 0 0 0.0040597 -240.6434436 42.3584426 0.0353474 0.0368888 
2330000 2330 1000.0 3492683.362 2183.275 7.6472 0 0 0 0.0039706 -240.6206283 51.4091167 0.034729 0.0352018 
2340000 2340 1000.0 3514378.089 2180.137 7.655 0 0 0 0.0038615 -240.9075182 51.7738162 0.0356892 0.0345092 
2350000 2350 1000.0 3535386.314 2165.453 7.6541 0 0 0 0.0044165 -240.7485603 88.3446154 0.0357213 0.0369385 
2360000 2360 1000.0 3557315.918 2170.927 7.656 0 0 0 0.0039437 -241.0616224 35.8450945 0.0361723 0.035651 
2370000 2370 1000.0 3579287.016 2175.73 7.646 0 0 0 0.0037796 -241.5035288 42.5137233 0.0342763 0.0337465 
2380000 2380 1000.0 3601384.015 2182.564 7.6381 0 0 0 0.0038578 -241.7385564 46.4942379 0.0349354 0.034071 
2390000 2390 1000.0 3623345.203 2185.141 7.6436 0 0 0 0.0040991 -242.0495764 63.8309152 0.0356276 0.0368196 
2400000 2400 1000.0 3645032.277 2181.772 7.6469 0 0 0 0.0044256 -241.9702213 110.8270158 0.0340092 0.0381629 
2410000 2410 1000.0 3666507.882 2175.447 7.6464 0 0 0 0.0041687 -242.2662191 68.8466619 0.0350604 0.0371177 
2420000 2420 1000.0 3688126.963 2173.743 7.6499 0 0 0 0.0041955 -242.5980642 70.6491646 0.0349661 0.0364276 
2430000 2430 1000.0 3710458.386 2185.131 7.6559 0 0 0 0.0044696 -242.9392972 62.0487488 0.0345181 0.0387225 
2440000 2440 1000.0 3733028.273 2198.273 7.6532 0 0 0 0.0041702 -243.3872756 20.35545 0.0363187 0.0366718 
2450000 2450 1000.0 3755495.316 2207.451 7.6633 0 0 0 0.0040955 -243.5225815 66.3418098 0.0340036 0.0362915 
2460000 2460 1000.0 3778895.793 2231.624 7.6625 0 0 0 0.0042121 -243.5525204 67.7751429 0.0340276 0.0368363 
2470000 2470 1000.0 3801772.348 2242.381 7.6625 0 0 0 0.00405 -244.120757 62.4587689 0.0343838 0.0348789 
2480000 2480 1000.0 3824990.369 2257.488 7.6702 0 0 0 0.0045392 -244.4185662 91.614642 0.0349677 0.0382138 
2490000 2490 1000.0 3847852.882 2262.719 7.666 0 0 0 0.0045017 -244.7944649 102.0327458 0.0360189 0.0375655 
2500000 2500 1000.0 3870682.431 2266.623 7.6524 0 0 0 0.0037631 -245.7730672 17.6638237 0.0336731 0.033759 
2510000 2510 1000.0 3893615.972 2271.886 7.6534 0 0 0 0.0039166 -245.5981813 25.0597231 0.0342229 0.0350825 
2520000 2520 1000.0 3916359.704 2272.555 7.6632 0 0 0 0.0043544 -245.7610979 77.3058295 0.0350415 0.0360378 
2530000 2530 1000.0 3939104.329 2272.137 7.6625 0 0 0 0.0039503 -246.2099744 65.4121314 0.0330856 0.034602 
2540000 2540 1000.0 3962114.741 2277.186 7.6674 0 0 0 0.0041746 -246.1583033 80.8972024 0.0342955 0.0356754 
2550000 2550 1000.0 3984191.923 2264.346 7.6596 0 0 0 0.0035691 -246.956831 24.8885206 0.0332077 0.0326854 
2560000 2560 1000.0 4007219.217 2271.699 7.6571 0 0 0 0.0044876 -246.7114287 81.7304484 0.0331588 0.0358571 
2570000 2570 1000.0 4029729.447 2268.172 7.5586 0 0 0 0.0036598 -247.3335773 62.8607325 0.033271 0.0319862 
2580000 2580 1000.0 4052029.804 2262.038 7.5748 0 0 0 0.0041528 -247.3263431 58.4071955 0.0334383 0.0337382 
2590000 2590 1000.0 4074896.816 2265.962 7.5924 0 0 0 0.0040453 -247.4072343 86.6961284 0.0345578 0.0334229 
2600000 2600 1000.0 4098022.024 2274.322 7.6097 0 0 0 0.003598 -247.94788 48.2361567 0.033819 0.0324143 
2610000 2610 1000.0 4121544.516 2288.08 7.6099 0 0 0 0.0033849 -248.2702495 57.934453 0.0334996 0.0301078 
2620000 2620 1000.0 4144702.093 2292.271 7.6129 0 0 0 0.0037696 -248.8688506 33.7644273 0.0327688 0.0327263 
2630000 2630 1000.0 4167555.76 2291.74 7.6205 0 0 0 0.0036746 -248.8434053 77.687325 0.0338011 0.0320177 
2640000 2640 1000.0 4190314.407 2288.809 7.6067 0 0 0 0.0034363 -249.4805277 13.5722404 0.0337107 0.0312948 
2650000 2650 1000.0 4213284.236 2290.44 7.6189 0 0 0 0.0037126 -249.4665446 71.3867091 0.0333699 0.0327856 
2660000 2660 1000.0 4236339.049 2293.434 7.6267 0 0 0 0.0038381 -249.4452019 71.1498792 0.0347401 0.0337646 
2670000 2670 1000.0 4259535.575 2298.234 7.6319 0 0 0 0.0038427 -249.7508121 43.0208666 0.0333771 0.0338478 
2680000 2680 1000.0 4283426.402 2314.674 7.6384 0 0 0 0.0036278 -250.0585683 31.9563815 0.0342107 0.0333914 
2690000 2690 1000.0 4306612.787 2314.815 7.6411 0 0 0 0.0039135 -250.203145 50.7486531 0.0350053 0.0339741 
2700000 2700 1000.0 4329851.663 2316.614 7.6396 0 0 0 0.0042024 -250.3665104 135.6338444 0.0354574 0.034765 
2710000 2710 1000.0 4352786.386 2312.66 7.6371 0 0 0 0.0036347 -250.8654336 74.6044732 0.0350368 0.0320787 
2720000 2720 1000.0 4375481.115 2304.762 7.6436 0 0 0 0.0041196 -251.2162051 57.8884726 0.0341923 0.0337422 
2730000 2730 1000.0 4397982.015 2294.19 7.6359 0 0 0 0.0036984 -251.2329217 32.3031632 0.0350024 0.0327231 
2740000 2740 1000.0 4420440.994 2285.411 7.6485 0 0 0 0.0039259 -250.9856459 70.9719302 0.0351154 0.0348245 
2750000 2750 1000.0 4442885.601 2278.472 7.6351 0 0 0 0.0038066 -251.4334123 74.417998 0.0342406 0.0340254 
2760000 2760 1000.0 4465212.152 2270.209 7.6524 0 0 0 0.0038428 -251.3764495 34.5521343 0.0363995 0.0337475 
2770000 2770 1000.0 4487486.056 2262.605 7.6527 0 0 0 0.0038456 -251.9463085 68.0070023 0.0344547 0.034498 
2780000 2780 1000.0 4510111.2 2262.669 7.6533 0 0 0 0.0040741 -251.8996066 76.8656737 0.0359949 0.0346842 
2790000 2790 1000.0 4532983.366 2266.729 7.6597 0 0 0 0.0039853 -251.8307142 92.2726269 0.0359266 0.0347265 
2800000 2800 1000.0 4555994.379 2272.592 7.6644 0 0 0 0.0041757 -252.2417633 70.4763526 0.0366753 0.0355448 
2810000 2810 1000.0 4579421.083 2285.948 7.661 0 0 0 0.0040158 -252.7458401 25.9465859 0.0369572 0.0345168 
2820000 2820 1000.0 4602562.375 2290.985 7.6678 0 0 0 0.0040795 -252.7919134 36.6817769 0.0369285 0.0367997 
2830000 2830 1000.0 4624956.65 2281.067 7.6626 0 0 0 0.0038322 -252.8265028 63.2886612 0.0360339 0.0343596 
2840000 2840 1000.0 4648001.925 2286.281 7.6633 0 0 0 0.0037805 -253.005878 13.5744364 0.0376204 0.0341697 
2850000 2850 1000.0 4671891.924 2304.836 7.6528 0 0 0 0.0039708 -253.2567196 49.5257713 0.034959 0.0341129 
2860000 2860 1000.0 4695147.035 2308.49 7.6616 0 0 0 0.0044457 -253.6327663 68.1380149 0.0341845 0.0366224 
2870000 2870 1000.0 4718026.998 2304.991 7.6497 0 0 0 0.0039646 -253.6783965 47.0027692 0.0349725 0.0347397 
2880000 2880 1000.0 4741305.034 2309.197 7.6504 0 0 0 0.0038027 -253.7909025 66.3700129 0.0346271 0.0332881 
2890000 2890 1000.0 4764594.704 2312.883 7.6637 0 0 0 0.0037226 -254.2144949 47.6920103 0.0368716 0.0331635 
2900000 2900 1000.0 4787766.135 2313.13 7.6663 0 0 0 0.0037413 -254.4597192 19.4974565 0.0341621 0.0323998 
2910000 2910 1000.0 4810950.228 2313.868 7.6723 0 0 0 0.0042307 -254.3103768 64.2638654 0.0351298 0.0358211 
2920000 2920 1000.0 4834210.592 2316.297 7.672 0 0 0 0.0042424 -254.6865804 133.4895431 0.035405 0.0347797 
2930000 2930 1000.0 4857638.28 2320.802 7.6797 0 0 0 0.0038053 -255.1712254 72.7370611 0.0344387 0.0331756 
2940000 2940 1000.0 4880682.972 2317.622 7.6818 0 0 0 0.0041115 -254.8309181 120.9824824 0.0347087 0.0356054 
2950000 2950 1000.0 4903294.226 2306.907 7.6731 0 0 0 0.0038615 -255.3018536 72.3136277 0.0352439 0.0329015 
2960000 2960 1000.0 4925943.236 2299.159 7.6636 0 0 0 0.0036856 -255.3598173 61.0416875 0.0340386 0.032251 
2970000 2970 1000.0 4948647.557 2293.696 7.66 0 0 0 0.0041671 -255.9667557 29.5819989 0.03552 0.0334581 
2980000 2980 1000.0 4972026.681 2302.048 7.6751 0 0 0 0.0037039 -255.9195095 75.4773803 0.0342338 0.0311745 
2990000 2990 1000.0 4995070.105 2302.418 7.6851 0 0 0 0.0036584 -256.2662038 29.887914 0.0339338 0.0319497 
3000000 3000 1000.0 5017465.617 2291.023 7.6891 0 0 0 0.0039889 -256.0328568 77.869555 0.0343026 0.0340316 
3010000 3010 1000.0 5039322.187 2271.182 7.6892 0 0 0 0.004265 -255.8767689 130.0994779 0.0340012 0.0337141 
3020000 3020 1000.0 5061625.583 2263.537 7.6911 0 0 0 0.003981 -255.7463745 109.4879894 0.034084 0.0328544 
3030000 3030 1000.0 5083947.508 2257.214 7.6956 0 0 0 0.0036998 -256.1508021 40.3214802 0.0355695 0.0318432 
3040000 3040 1000.0 5106228.92 2251.361 7.6706 0 0 0 0.0035897 -256.1868445 55.9970011 0.0356982 0.0305152 
3050000 3050 1000.0 5128139.646 2240.638 7.6721 0 0 0 0.0038673 -255.3462564 116.2495929 0.0352657 0.0321301 
3060000 3060 1000.0 5149134.271 2214.367 7.672 0 0 0 0.0038442 -255.3622729 81.9348272 0.0355981 0.0327151 
3070000 3070 1000.0 5170472.321 2199.148 7.6837 0 0 0 0.003867 -254.9817158 73.4522012 0.0344569 0.032921 
3080000 3080 1000.0 5192305.655 2196.132 7.6857 0 0 0 0.003862 -255.1320876 60.9820494 0.03515 0.0329459 
3090000 3090 1000.0 5214325.983 2197.466 7.6893 0 0 0 0.0036504 -254.7377013 69.7646672 0.0347436 0.0314224 
3100000 3100 1000.0 5235927.473 2190.129 7.6816 0 0 0 0.0037319 -254.8811015 57.1077864 0.0351058 0.0327034 
3110000 3110 1000.0 5256667.553 2169.053 7.6895 0 0 0 0.0038896 -254.1170706 85.8141058 0.0363503 0.0321121 
3120000 3120 1000.0 5278567.438 2172.874 7.7041 0 0 0 0.0037805 -254.306183 79.1678339 0.0359711 0.0316439 
3130000 3130 1000.0 5299885.215 2165.129 7.6988 0 0 0 0.0040258 -253.9828828 61.2435324 0.0358176 0.035028 
3140000 3140 1000.0 5320934.565 2154.151 7.7011 0 0 0 0.003731 -253.6814451 59.3050974 0.036838 0.0333873 
3150000 3150 1000.0 5342460.922 2153.999 7.7034 0 0 0 0.0038789 -253.6410051 76.1804756 0.0365034 0.0320501 
3160000 3160 1000.0 5364817.005 2168.706 7.695 0 0 0 0.0038516 -253.65655 63.1323963 0.0360556 0.033164 
3170000 3170 1000.0 5387177.431 2180.955 7.6869 0 0 0 0.0039182 -253.388591 50.3445042 0.0353385 0.0339858 
3180000 3180 1000.0 5410031.798 2200.43 7.6703 0 0 0 0.0035807 -253.2049718 64.8531614 0.0354858 0.0320323 
3190000 3190 1000.0 5432653.579 2211.691 7.6718 0 0 0 0.0039382 -253.3770292 54.3012982 0.0353349 0.0343185 
3200000 3200 1000.0 5455189.336 2219.152 7.6786 0 0 0 0.0039382 -253.1975272 106.4083629 0.0356918 0.032945 
3210000 3210 1000.0 5477751.923 2226.186 7.6696 0 0 0 0.0038413 -253.3958166 29.4950085 0.0357101 0.0335204 
3220000 3220 1000.0 5500644.407 2237.856 7.6684 0 0 0 0.0042347 -253.107864 115.599602 0.0360045 0.0336613 
3230000 3230 1000.0 5523599.154 2249.111 7.6669 0 0 0 0.0034936 -253.4539314 42.7838054 0.0359018 0.0305502 
3240000 3240 1000.0 5546686.329 2259.613 7.6719 0 0 0 0.0037789 -253.574731 90.7259199 0.0357016 0.0315327 
3250000 3250 1000.0 5569895.354 2271.41 7.6719 0 0 0 0.0038127 -253.8289016 61.4663931 0.035963 0.0304372 
3260000 3260 1000.0 5593014.522 2278.533 7.6793 0 0 0 0.0040072 -254.0910342 117.08042 0.035685 0.0338688 
3270000 3270 1000.0 5616040.849 2282.803 7.6734 0 0 0 0.0038062 -254.3616058 84.5575597 0.034737 0.0320217 
3280000 3280 1000.0 5638526.924 2276.624 7.6634 0 0 0 0.0032807 -255.2389258 12.0404553 0.0342602 0.0292524 
3290000 3290 1000.0 5661739.006 2284.619 7.6674 0 0 0 0.0036064 -255.0579539 73.3674769 0.0349327 0.0315351 
3300000 3300 1000.0 5685367.595 2298.999 7.6701 0 0 0 0.0034902 -256.0322022 70.0931933 0.0339093 0.0300126 
3310000 3310 1000.0 5708351.663 2298.962 7.6703 0 0 0 0.0038585 -255.7165299 103.0529428 0.0346041 0.0319153 
3320000 3320 1000.0 5731327.037 2298.727 7.6767 0 0 0 0.003978 -256.3559219 99.1709537 0.0337503 0.0318294 
3330000 3330 1000.0 5754326.483 2299.254 7.6697 0 0 0 0.003494 -256.8034172 28.1615837 0.0324734 0.0305935 
3340000 3340 1000.0 5776635.018 2287.039 7.6701 0 0 0 0.0033924 -256.4945984 81.683192 0.0334708 0.02989 
3350000 3350 1000.0 5799540.054 2287.338 7.6654 0 0 0 0.0033693 -257.302227 37.0139502 0.0337966 0.0302336 
3360000 3360 1000.0 5822243.185 2283.857 7.6765 0 0 0 0.0035556 -257.302248 32.7313085 0.0339878 0.0309653 
3370000 3370 1000.0 5845194.732 2285.282 7.6808 0 0 0 0.0039122 -257.3163916 107.9279509 0.0342557 0.0325394 
3380000 3380 1000.0 5868760.204 2298.545 7.6904 0 0 0 0.0037133 -257.9855671 38.1588384 0.0335514 0.03188 
3390000 3390 1000.0 5891778.902 2298.551 7.685 0 0 0 0.0038174 -258.1264119 79.3706035 0.0339542 0.0327911 
3400000 3400 1000.0 5914418.822 2292.257 7.6921 0 0 0 0.0035425 -258.313329 74.6307269 0.0343617 0.0307832 
3410000 3410 1000.0 5936891.479 2284.309 7.6928 0 0 0 0.0033467 -258.6520883 23.5692064 0.0346949 0.030927 
3420000 3420 1000.0 5960465.902 2297.435 7.691 0 0 0 0.0033683 -258.7728707 29.1585522 0.033565 0.0305264 
3430000 3430 1000.0 5983866.54 2304.93 7.6898 0 0 0 0.0038562 -258.4762896 37.2591931 0.0334736 0.0334178 
3440000 3440 1000.0 6007541.08 2316.591 7.6903 0 0 0 0.0035721 -258.4556847 70.9833819 0.0334008 0.0310233 
3450000 3450 1000.0 6031372.777 2329.662 7.685 0 0 0 0.0036219 -258.6488664 78.238138 0.0333429 0.031413 
3460000 3460 1000.0 6054975.764 2335.42 7.6792 0 0 0 0.0042193 -258.6165537 135.9467938 0.034236 0.0338668 
3470000 3470 1000.0 6079147.949 2350.358 7.6872 0 0 0 0.0039177 -259.2912209 67.3202329 0.0334174 0.0328193 
3480000 3480 1000.0 6103082.857 2358.253 7.6827 0 0 0 0.0034691 -259.1142765 19.8059341 0.0340327 0.0307494 
3490000 3490 1000.0 6127319.387 2371.066 7.6839 0 0 0 0.0032234 -258.9410797 64.0395418 0.0337566 0.0287046 
3500000 3500 1000.0 6151509.149 2379.666 7.6887 0 0 0 0.0034004 -259.3734776 74.1589764 0.0337459 0.0299031 
3510000 3510 1000.0 6175039.467 2374.9 7.6898 0 0 0 0.0042976 -259.5579021 123.7374699 0.0338507 0.0322011 
3520000 3520 1000.0 6198837.982 2375.953 7.68 0 0 0 0.0032213 -259.2750947 51.007072 0.0355826 0.0291398 
3530000 3530 1000.0 6223013.905 2383.493 7.6786 0 0 0 0.003622 -259.7426443 64.0942492 0.0339323 0.0300953 
3540000 3540 1000.0 6246927.435 2385.0 7.6812 0 0 0 0.003387 -260.1440859 49.6559406 0.0348117 0.0294065 
3550000 3550 1000.0 6271329.815 2394.991 7.6722 0 0 0 0.0032451 -260.3299737 55.3893269 0.03478 0.0281693 
3560000 3560 1000.0 6294873.228 2387.25 7.6673 0 0 0 0.0034437 -260.6911839 12.3034213 0.0347758 0.0313012 
3570000 3570 1000.0 6318842.013 2389.314 7.67 0 0 0 0.0031741 -260.9381755 64.1975576 0.0343941 0.0282234 
3580000 3580 1000.0 6342522.296 2385.299 7.6613 0 0 0 0.0034951 -261.0554575 88.4132612 0.0343427 0.0289174 
3590000 3590 1000.0 6365937.746 2377.655 7.6689 0 0 0 0.0035753 -261.1793964 95.1557861 0.0335102 0.0294057 
3600000 3600 1000.0 6389781.06 2378.772 7.6585 0 0 0 0.0032032 -261.2894784 97.7328967 0.0332681 0.0274468 
3610000 3610 1000.0 6413835.252 2383.991 7.6574 0 0 0 0.0031017 -261.5104248 56.96755 0.0331995 0.0278503 
3620000 3620 1000.0 6437926.574 2388.815 7.6475 0 0 0 0.0031738 -261.9320948 37.2311106 0.032363 0.0280786 
3630000 3630 1000.0 6462399.283 2399.389 7.6543 0 0 0 0.0035659 -262.2656777 63.9165109 0.032756 0.03073 
3640000 3640 1000.0 6486515.728 2401.287 7.6607 0 0 0 0.0036042 -262.2830386 86.1339676 0.0327438 0.0292535 
3650000 3650 1000.0 6510277.749 2396.67 7.6719 0 0 0 0.0036441 -261.9754353 181.5397251 0.0319366 0.0297195 
3660000 3660 1000.0 6534197.499 2395.856 7.6733 0 0 0 0.0032582 -262.5918366 56.1872603 0.0331294 0.0285547 
3670000 3670 1000.0 6557462.059 2383.117 7.6727 0 0 0 0.0030464 -262.6166386 33.2392788 0.0316622 0.0278163 
3680000 3680 1000.0 6580580.301 2369.074 7.6709 0 0 0 0.0032047 -262.3375851 77.7882702 0.0333665 0.0285096 
3690000 3690 1000.0 6603938.141 2363.066 7.6764 0 0 0 0.0038195 -262.082723 114.9236933 0.0338234 0.0303867 
3700000 3700 1000.0 6627847.307 2368.27 7.675 0 0 0 0.0032142 -262.5892424 57.1076838 0.0335133 0.0288316 
3710000 3710 1000.0 6651592.663 2369.818 7.6615 0 0 0 0.0032456 -262.5353934 77.8021604 0.0319788 0.0285371 
3720000 3720 1000.0 6674605.511 2357.574 7.6748 0 0 0 0.0031006 -262.6874626 55.9755433 0.0332886 0.0273503 
3730000 3730 1000.0 6697044.454 2335.938 7.6738 0 0 0 0.0033444 -262.8069489 51.9995197 0.032429 0.0291327 
3740000 3740 1000.0 6718580.924 2302.24 7.6707 0 0 0 0.0033531 -262.202259 54.4966786 0.0333893 0.0296247 
3750000 3750 1000.0 6740729.894 2285.587 7.6705 0 0 0 0.0033855 -262.0938852 17.5836462 0.0323806 0.0293911 
3760000 3760 1000.0 6762415.17 2263.674 7.6831 0 0 0 0.0033383 -261.8832686 42.9086957 0.0318393 0.0297547 
3770000 3770 1000.0 6785198.481 2266.728 7.6906 0 0 0 0.0034112 -261.1912212 55.666871 0.0335859 0.029179 
3780000 3780 1000.0 6807106.25 2252.446 7.6841 0 0 0 0.0034826 -260.9892241 76.1240528 0.0322398 0.0295381 
3790000 3790 1000.0 6829147.468 2243.728 7.686 0 0 0 0.00329 -260.6851207 56.3739178 0.0328338 0.0289122 
3800000 3800 1000.0 6844774.398 2122.731 7.6815 0 0 0 0.0032892 -260.0617928 58.0398195 0.0332221 0.0291291 
3810000 3810 1000.0 6856409.635 1946.408 7.682 0 0 0 0.003328 -259.2473991 41.0742669 0.0341327 0.0290662 
3820000 3820 1000.0 6876555.911 1962.508 7.6812 0 0 0 0.0032804 -258.5043031 35.4375887 0.0338245 0.0282758 
3830000 3830 1000.0 6899213.758 2018.208 7.6776 0 0 0 0.0035987 -257.9153775 81.5823348 0.0341925 0.0301875 
3840000 3840 1000.0 6922578.133 2076.727 7.67 0 0 0 0.0032525 -257.952723 59.373764 0.0337714 0.0293408 
3850000 3850 1000.0 6945544.05 2116.189 7.6933 0 0 0 0.0035141 -257.8163266 110.2997166 0.0332378 0.0297475 
3860000 3860 1000.0 6968323.89 2146.003 7.7081 0 0 0 0.0036906 -257.7677378 113.3292029 0.0333588 0.030092 
3870000 3870 1000.0 6992198.093 2190.144 7.6934 0 0 0 0.0033891 -257.8736048 80.1391089 0.0338642 0.029524 
3880000 3880 1000.0 7015935.226 2223.419 7.6986 0 0 0 0.0031516 -258.4220732 46.2334321 0.0337412 0.0279408 
3890000 3890 1000.0 7038918.081 2236.303 7.7266 0 0 0 0.0033538 -258.3678057 79.8938184 0.0323828 0.0279345 
3900000 3900 1000.0 7061643.847 2243.166 7.715 0 0 0 0.0029769 -258.5235243 62.7705561 0.031653 0.0267882 
3910000 3910 1000.0 7084486.35 2251.174 7.7231 0 0 0 0.0032107 -258.3553679 31.416295 0.0328491 0.0290049 
3920000 3920 1000.0 7107393.989 2258.01 7.7028 0 0 0 0.0030105 -258.0476618 71.6193187 0.032781 0.0265481 
3930000 3930 1000.0 7130302.605 2264.849 7.6745 0 0 0 0.0031646 -258.3715015 63.3802836 0.0321477 0.0274459 
3940000 3940 1000.0 7153578.398 2276.441 7.6758 0 0 0 0.0034324 -258.2333536 87.7958295 0.0330827 0.0289936 
3950000 3950 1000.0 7176415.08 2277.911 7.6767 0 0 0 0.0033284 -258.4798652 70.6784623 0.0316255 0.0282127 
3960000 3960 1000.0 7199345.155 2280.629 7.6818 0 0 0 0.0033839 -258.6682446 70.3153199 0.0321875 0.028713 
3970000 3970 1000.0 7223013.425 2296.463 7.6926 0 0 0 0.0032909 -259.0527625 43.2100994 0.0317003 0.0296272 
3980000 3980 1000.0 7246034.425 2297.128 7.6977 0 0 0 0.0031716 -258.6772804 84.9257485 0.0312192 0.0269663 
3990000 3990 1000.0 7269187.15 2300.305 7.6939 0 0 0 0.0034161 -258.904466 144.9649883 0.0300327 0.0270168 
4000000 4000 1000.0 7292042.414 2297.335 7.6909 0 0 0 0.0034467 -259.7394861 125.2840575 0.0312721 0.028749 
4010000 4010 1000.0 7314893.822 2294.85 7.7053 0 0 0 0.0034241 -260.8171045 62.1098054 0.0306917 0.0299446 
4020000 4020 1000.0 7337482.18 2288.504 7.7024 0 0 0 0.0036206 -261.1053883 56.3261125 0.0297302 0.0293739 
4030000 4030 1000.0 7360433.447 2289.785 7.7146 0 0 0 0.0033059 -261.2792884 56.2719725 0.0297656 0.0289111 
4040000 4040 1000.0 7383771.663 2297.818 7.7118 0 0 0 0.0032787 -261.0162059 68.0195691 0.0294399 0.0283439 
4050000 4050 1000.0 7406610.795 2295.666 7.7069 0 0 0 0.0030624 -261.2651917 52.5785941 0.0296505 0.0265571 
4060000 4060 1000.0 7429854.663 2301.037 7.7038 0 0 0 0.0032563 -261.3057711 50.6601371 0.0294172 0.0275325 
4070000 4070 1000.0 7453280.286 2308.72 7.6886 0 0 0 0.0035731 -260.9232356 78.0882756 0.0288393 0.0289769 
4080000 4080 1000.0 7477314.619 2326.204 7.6872 0 0 0 0.0030614 -261.2838218 65.4164902 0.0296622 0.0272475 
4090000 4090 1000.0 7500693.018 2328.535 7.677 0 0 0 0.0031394 -261.1318485 52.4412863 0.0293105 0.0280469 
4100000 4100 1000.0 7524267.688 2333.541 7.6751 0 0 0 0.0033438 -261.2016771 92.4668492 0.0288847 0.02789 
4110000 4110 1000.0 7547604.634 2333.812 7.6773 0 0 0 0.0031763 -260.9414856 108.6286514 0.0295058 0.0273039 
4120000 4120 1000.0 7570991.299 2334.891 7.6792 0 0 0 0.0031008 -261.1219598 53.33192 0.0301756 0.0265792 
4130000 4130 1000.0 7594549.386 2338.73 7.6811 0 0 0 0.0034401 -261.1982221 81.4220742 0.0314688 0.0284065 
4140000 4140 1000.0 7617780.589 2335.376 7.6797 0 0 0 0.0036139 -260.8494662 82.5946231 0.0307431 0.0286685 
4150000 4150 1000.0 7640383.906 2321.011 7.6726 0 0 0 0.0031223 -260.814083 42.6262251 0.0305421 0.0271141 
4160000 4160 1000.0 7661870.951 2289.234 7.6701 0 0 0 0.0031441 -260.6023191 39.6379075 0.0307195 0.0270733 
4170000 4170 1000.0 7683597.296 2268.41 7.6689 0 0 0 0.0033708 -260.0850467 87.3273232 0.03072 0.0287939 
4180000 4180 1000.0 7707299.593 2286.777 7.671 0 0 0 0.0031916 -260.1432799 47.1631276 0.0322626 0.0275337 
4190000 4190 1000.0 7730355.712 2290.342 7.675 0 0 0 0.0033699 -260.0936224 37.5194253 0.0315278 0.0278359 
4200000 4200 1000.0 7753256.361 2290.385 7.6721 0 0 0 0.0033464 -259.9225431 52.748993 0.0320849 0.0288593 
4210000 4210 1000.0 7775754.566 2283.344 7.6833 0 0 0 0.0033823 -259.8811251 102.3890376 0.0313149 0.0286852 
4220000 4220 1000.0 7798710.065 2285.658 7.6844 0 0 0 0.0030808 -259.5664642 69.2248672 0.0311751 0.0270369 
4230000 4230 1000.0 7822210.137 2297.811 7.6893 0 0 0 0.0037236 -259.3775431 96.3168773 0.0309076 0.0287304 
4240000 4240 1000.0 7845983.166 2312.94 7.6862 0 0 0 0.0037861 -259.2824362 102.5152443 0.0321571 0.0305074 
4250000 4250 1000.0 7870140.533 2331.514 7.6844 0 0 0 0.0030926 -259.4873816 62.9190361 0.0322305 0.0269911 
4260000 4260 1000.0 7893874.022 2339.505 7.682 0 0 0 0.0033266 -259.3051787 117.2087734 0.0336869 0.0273088 
4270000 4270 1000.0 7917080.52 2335.824 7.673 0 0 0 0.0033259 -259.1250639 49.1865999 0.0327541 0.0288281 
4280000 4280 1000.0 7940136.283 2330.112 7.6825 0 0 0 0.0035314 -259.2706653 41.1580684 0.0319491 0.0299427 
4290000 4290 1000.0 7963824.022 2336.553 7.6803 0 0 0 0.0032702 -259.1681414 74.1016484 0.0319336 0.0281151 
4300000 4300 1000.0 7986473.094 2324.022 7.6722 0 0 0 0.0033034 -258.7617448 64.8269393 0.0330319 0.0291593 
4310000 4310 1000.0 8010064.2 2330.244 7.6775 0 0 0 0.0039385 -258.3228483 126.6944822 0.0328162 0.0327978 
4320000 4320 1000.0 8033100.56 2325.455 7.6748 0 0 0 0.0031166 -258.4314678 51.9157058 0.0329573 0.0268041 
4330000 4330 1000.0 8056714.654 2332.21 7.6792 0 0 0 0.0032076 -258.4133672 31.3164866 0.0334483 0.0277538 
4340000 4340 1000.0 8080028.755 2331.753 7.6912 0 0 0 0.0035364 -258.2342379 60.6486527 0.0333301 0.0296642 
4350000 4350 1000.0 8103903.458 2341.771 7.6919 0 0 0 0.0034658 -258.3497913 97.849546 0.032265 0.0304588 
4360000 4360 1000.0 8128387.071 2361.492 7.6863 0 0 0 0.0031477 -259.0584976 34.1567857 0.0318377 0.0278688 
4370000 4370 1000.0 8152637.133 2373.106 7.6846 0 0 0 0.0036061 -259.2723815 82.6173312 0.0315327 0.0284137 
4380000 4380 1000.0 8176435.028 2374.563 7.6839 0 0 0 0.0032999 -259.2520911 57.1261273 0.0324491 0.0278114 
4390000 4390 1000.0 8200286.503 2376.85 7.6894 0 0 0 0.0031555 -259.3293136 41.212824 0.0330554 0.0274052 
4400000 4400 1000.0 8224002.893 2376.417 7.6961 0 0 0 0.0037919 -259.4674565 64.1676827 0.0317342 0.0309475 
4410000 4410 1000.0 8248170.315 2383.943 7.6951 0 0 0 0.0035141 -259.3150196 80.2897275 0.0322716 0.0297755 
4420000 4420 1000.0 8272563.419 2393.94 7.6866 0 0 0 0.0031527 -259.6088999 111.2072287 0.0298275 0.0266435 
4430000 4430 1000.0 8296359.568 2390.658 7.6878 0 0 0 0.0028576 -260.1915813 49.2116142 0.0319487 0.024995 
4440000 4440 1000.0 8320365.065 2392.95 7.6872 0 0 0 0.0031518 -260.1199691 48.4986871 0.0307668 0.027216 
4450000 4450 1000.0 8343684.415 2381.012 7.6873 0 0 0 0.0036569 -259.9489292 66.2297818 0.031394 0.0302111 
4460000 4460 1000.0 8367152.877 2374.736 7.6852 0 0 0 0.0034225 -260.16884 70.7064937 0.0323715 0.0297969 
4470000 4470 1000.0 8391056.667 2377.54 7.691 0 0 0 0.0036057 -260.540384 65.594242 0.0323673 0.0292735 
4480000 4480 1000.0 8414381.202 2369.161 7.6939 0 0 0 0.0036285 -260.5354132 126.2646038 0.0319531 0.0303574 
4490000 4490 1000.0 8438048.19 2368.729 7.6848 0 0 0 0.0034687 -260.5635862 60.102954 0.0325132 0.0296696 
4500000 4500 1000.0 8462208.681 2377.188 7.6847 0 0 0 0.0034962 -261.0168336 75.2147559 0.0311202 0.028567 
4510000 4510 1000.0 8485622.276 2370.562 7.6927 0 0 0 0.0032834 -261.0019959 50.0249516 0.0309465 0.0284438 
4520000 4520 1000.0 8508920.076 2363.353 7.674 0 0 0 0.0031733 -261.2793586 57.9732455 0.0308734 0.0274881 
4530000 4530 1000.0 8532301.153 2358.893 7.6854 0 0 0 0.003394 -261.4587359 105.3380661 0.0318549 0.0275403 
4540000 4540 1000.0 8555444.326 2351.159 7.6931 0 0 0 0.0033644 -261.7146467 26.2973776 0.031072 0.0280952 
4550000 4550 1000.0 8578876.029 2349.897 7.691 0 0 0 0.0033927 -261.7289119 58.4815925 0.0313133 0.0287508 
4560000 4560 1000.0 8602382.168 2349.915 7.7077 0 0 0 0.0031878 -261.9126719 21.7904015 0.031998 0.0274962 
4570000 4570 1000.0 8625718.075 2347.526 7.6989 0 0 0 0.003155 -261.6997197 35.8291631 0.0335924 0.0276268 
4580000 4580 1000.0 8649378.769 2350.845 7.6904 0 0 0 0.0033623 -261.5241321 57.209321 0.0332388 0.0290974 
4590000 4590 1000.0 8672760.873 2348.439 7.6954 0 0 0 0.0031608 -261.3028978 85.2657504 0.0325159 0.0273479 
4600000 4600 1000.0 8696133.894 2346.331 7.6974 0 0 0 0.0030878 -261.8338895 64.146143 0.0325057 0.0266142 
4610000 4610 1000.0 8719956.511 2353.277 7.6948 0 0 0 0.003163 -261.6192885 72.7717003 0.0323252 0.0279723 
4620000 4620 1000.0 8743654.513 2356.075 7.7002 0 0 0 0.0033599 -261.3525609 45.062015 0.0322546 0.0290504 
4630000 4630 1000.0 8767490.754 2360.983 7.6951 0 0 0 0.0039835 -261.1807947 88.0146282 0.0334046 0.0317251 
4640000 4640 1000.0 8790730.701 2354.221 7.6966 0 0 0 0.003368 -260.901734 67.9705278 0.0340255 0.0289406 
4650000 4650 1000.0 8814994.451 2367.588 7.6863 0 0 0 0.0033837 -261.0596225 83.1178055 0.0325365 0.0290231 
4660000 4660 1000.0 8838822.901 2370.141 7.6908 0 0 0 0.0032305 -261.3022465 14.8010445 0.0343374 0.0279031 
4670000 4670 1000.0 8861926.95 2359.404 7.6929 0 0 0 0.0032514 -260.945674 38.5237391 0.0337619 0.0286534 
4680000 4680 1000.0 8885257.191 2354.442 7.6853 0 0 0 0.0036236 -260.7663198 62.7701738 0.0337642 0.0313582 
4690000 4690 1000.0 8907973.079 2339.745 7.6907 0 0 0 0.0037976 -260.3128155 82.5613229 0.0361986 0.0325772 
4700000 4700 1000.0 8930745.931 2328.219 7.6833 0 0 0 0.0032236 -260.1168463 63.2256685 0.0345306 0.0276543 
4710000 4710 1000.0 8953883.566 2326.005 7.6759 0 0 0 0.0033808 -260.44849 47.2464037 0.0363153 0.0294454 
4720000 4720 1000.0 8976804.823 2320.483 7.6801 0 0 0 0.0035489 -259.9359543 103.2257513 0.0351381 0.029467 
4730000 4730 1000.0 8998709.636 2295.871 7.6823 0 0 0 0.0032148 -260.0341579 46.7428192 0.0349956 0.028903 
4740000 4740 1000.0 9020871.049 2280.979 7.6978 0 0 0 0.0035608 -259.8107883 73.0784033 0.0357566 0.0304592 
4750000 4750 1000.0 9043012.756 2268.911 7.6988 0 0 0 0.0040153 -259.3940002 74.2196443 0.0357365 0.0327719 
4760000 4760 1000.0 9065393.436 2263.546 7.7005 0 0 0 0.003606 -259.3784488 91.34901 0.0359145 0.0312423 
4770000 4770 1000.0 9088063.116 2263.949 7.6952 0 0 0 0.0038098 -259.1644814 70.2357111 0.0376489 0.0308047 
4780000 4780 1000.0 9111265.475 2274.514 7.6944 0 0 0 0.0035339 -258.9504073 131.2782413 0.0381392 0.0286325 
4790000 4790 1000.0 9135373.508 2299.002 7.7095 0 0 0 0.0033553 -259.1969304 61.9082853 0.0367231 0.0293021 
4800000 4800 1000.0 9158966.922 2310.459 7.7021 0 0 0 0.0034742 -259.4455766 59.6609572 0.0378285 0.0302431 
4810000 4810 1000.0 9182689.96 2321.951 7.7083 0 0 0 0.0034165 -259.6302536 74.0716134 0.0355712 0.0291498 
4820000 4820 1000.0 9206128.244 2326.456 7.7101 0 0 0 0.0032831 -259.2694292 84.6828194 0.0379032 0.0282641 
4830000 4830 1000.0 9229966.894 2337.279 7.7006 0 0 0 0.0031758 -259.6557695 31.018796 0.0374664 0.0286729 
4840000 4840 1000.0 9253852.899 2346.591 7.7026 0 0 0 0.0033758 -259.7899697 50.1549797 0.0359194 0.029362 
4850000 4850 1000.0 9277953.377 2358.201 7.7071 0 0 0 0.0035441 -259.6828984 43.6868356 0.0373198 0.0292958 
4860000 4860 1000.0 9301735.924 2361.742 7.7021 0 0 0 0.0033158 -259.7918982 58.143683 0.0364928 0.0291584 
4870000 4870 1000.0 9325512.697 2365.176 7.7071 0 0 0 0.0034561 -259.6725527 112.7707604 0.0362005 0.0297119 
4880000 4880 1000.0 9349681.282 2374.926 7.7009 0 0 0 0.0035835 -260.4046087 92.8536235 0.0365119 0.0297401 
4890000 4890 1000.0 9373721.595 2380.393 7.7059 0 0 0 0.0038626 -260.3221694 93.3619283 0.0365538 0.0326438 
4900000 4900 1000.0 9397830.042 2386.057 7.7032 0 0 0 0.0033489 -260.6143371 35.3949897 0.0360459 0.0290702 
4910000 4910 1000.0 9421516.838 2383.532 7.6992 0 0 0 0.0034502 -260.8508236 73.136793 0.034613 0.0283597 
4920000 4920 1000.0 9445128.707 2379.718 7.6963 0 0 0 0.0037959 -261.0840209 67.9954794 0.0350187 0.0309037 
4930000 4930 1000.0 9468639.224 2374.188 7.6909 0 0 0 0.0033746 -261.2394045 60.4237528 0.0338798 0.0281846 
4940000 4940 1000.0 9492634.909 2378.678 7.7052 0 0 0 0.0035318 -261.5036309 70.0068503 0.0338435 0.0301793 
4950000 4950 1000.0 9516829.721 2386.498 7.7177 0 0 0 0.0040218 -261.5735931 120.271922 0.0346154 0.0318982 
4960000 4960 1000.0 9540774.145 2387.495 7.7123 0 0 0 0.0034128 -262.4030246 67.3874573 0.0345618 0.0283887 
4970000 4970 1000.0 9563635.424 2368.717 7.7103 0 0 0 0.0037315 -262.5077311 68.6117098 0.0348757 0.0310858 
4980000 4980 1000.0 9586836.816 2359.432 7.7136 0 0 0 0.003222 -262.8177789 66.598485 0.0340712 0.028078 
4990000 4990 1000.0 9610344.232 2358.042 7.7159 0 0 0 0.0036303 -262.5827482 67.7643094 0.0338172 0.0299808 
5000000 5000 1000.0 9634010.499 2359.559 7.7106 0 0 0 0.0034096 -263.0185207 13.5604462 0.0347732 0.0294003 
5010000 5010 1000.0 9657704.131 2361.004 7.7031 0 0 0 0.0036765 -262.6761043 116.0621736 0.0349263 0.0292185 
5020000 5020 1000.0 9681759.645 2369.477 7.701 0 0 0 0.0030404 -263.1688827 61.6221284 0.0362546 0.0273251 
5030000 5030 1000.0 9705783.972 2375.104 7.7189 0 0 0 0.0031181 -262.8181571 66.9095767 0.0354066 0.0269656 
5040000 5040 1000.0 9729898.217 2382.36 7.7123 0 0 0 0.0031107 -263.2020915 24.9108074 0.0358448 0.0275781 
5050000 5050 1000.0 9753600.127 2379.508 7.6981 0 0 0 0.0034032 -262.4952451 91.1760108 0.0347724 0.0293262 
5060000 5060 1000.0 9777694.69 2384.622 7.692 0 0 0 0.0037657 -262.9680101 77.1912475 0.0356649 0.0314083 
5070000 5070 1000.0 9801357.123 2381.253 7.6893 0 0 0 0.0031256 -262.630243 56.1750521 0.0343622 0.0276951 
5080000 5080 1000.0 9824778.191 2374.187 7.6843 0 0 0 0.0031732 -262.2814018 76.0104177 0.0354803 0.027902 
5090000 5090 1000.0 9848678.885 2377.102 7.6745 0 0 0 0.0035994 -262.9329781 48.0976794 0.0363137 0.0299561 
5100000 5100 1000.0 9872260.664 2373.715 7.6904 0 0 0 0.0031157 -262.5097329 84.6325899 0.0369435 0.0269219 
5110000 5110 1000.0 9895931.985 2372.621 7.6866 0 0 0 0.0032881 -262.5289253 56.5120519 0.0363151 0.0286008 
5120000 5120 1000.0 9919909.806 2377.273 7.6939 0 0 0 0.0030035 -262.9293708 66.1417944 0.0347012 0.0267987 
5130000 5130 1000.0 9943920.784 2381.817 7.7044 0 0 0 0.0034803 -263.1394343 99.0556214 0.0347129 0.0292591 
5140000 5140 1000.0 9967435.827 2376.461 7.7254 0 0 0 0.0033014 -262.9075596 86.4065472 0.0347305 0.0279737 
5150000 5150 1000.0 9991284.484 2378.173 7.741 0 0 0 0.0032827 -262.7341706 80.1042563 0.0353973 0.0284804 
5160000 5160 1000.0 10015191.053 2380.518 7.7655 0 0 0 0.0030106 -263.0152806 29.4758624 0.0366523 0.0261206 
5170000 5170 1000.0 10039216.146 2384.591 7.7716 0 0 0 0.0033883 -263.0265258 88.7052546 0.0349892 0.027015 
5180000 5180 1000.0 10063932.07 2400.76 7.7771 0 0 0 0.0031166 -263.5666336 53.0857331 0.0331957 0.0266582 
5190000 5190 1000.0 10087989.129 2401.295 7.7885 0 0 0 0.0033977 -263.349406 34.4128762 0.0365931 0.0288755 
5200000 5200 1000.0 10112558.177 2411.309 7.7927 0 0 0 0.0031534 -263.8696289 71.583651 0.035589 0.0272627 
5210000 5210 1000.0 10136428.604 2407.003 7.7968 0 0 0 0.003412 -263.9729325 45.05987 0.0366052 0.0291645 
5220000 5220 1000.0 10160921.814 2414.804 7.7878 0 0 0 0.0034473 -264.0117335 76.0100806 0.034926 0.0286868 
5230000 5230 1000.0 10184552.671 2404.779 7.8008 0 0 0 0.0030503 -264.07721 65.999271 0.0352406 0.0264995 
5240000 5240 1000.0 10207464.524 2383.965 7.8089 0 0 0 0.0030433 -264.1164676 62.4584717 0.0357123 0.0271213 
5250000 5250 1000.0 10230733.49 2373.662 7.8037 0 0 0 0.0034747 -264.329684 90.9762267 0.0356389 0.0287112 
5260000 5260 1000.0 10254205.781 2368.833 7.8119 0 0 0 0.0031652 -264.2601857 68.0676699 0.0345933 0.0276839 
5270000 5270 1000.0 10277819.213 2367.499 7.8169 0 0 0 0.003554 -264.4446647 25.5439165 0.035947 0.0303439 
5280000 5280 1000.0 10301944.948 2375.627 7.8289 0 0 0 0.0033203 -264.3754234 104.9501677 0.0353931 0.027795 
5290000 5290 1000.0 10325578.169 2373.227 7.8273 0 0 0 0.0032067 -264.4895101 55.6454524 0.0361504 0.0284772 
5300000 5300 1000.0 10349352.242 2373.828 7.8365 0 0 0 0.0030894 -264.6587704 39.7436932 0.0365104 0.0274352 
5310000 5310 1000.0 10373268.282 2377.507 7.8447 0 0 0 0.0033698 -264.7180361 74.6799109 0.0370929 0.0287355 
5320000 5320 1000.0 10397403.384 2383.809 7.8279 0 0 0 0.0033741 -264.7409173 120.9464907 0.0373307 0.0276421 
5330000 5330 1000.0 10420662.479 2372.438 7.8251 0 0 0 0.0037114 -264.9229264 84.1249371 0.0368361 0.0295535 
5340000 5340 1000.0 10444479.471 2374.14 7.8318 0 0 0 0.0032908 -265.0224627 83.2251073 0.0370871 0.0287933 
5350000 5350 1000.0 10467806.777 2366.63 7.8272 0 0 0 0.0033651 -264.5523358 99.3164124 0.0377473 0.0283089 
5360000 5360 1000.0 10491034.495 2359.213 7.8204 0 0 0 0.0033311 -264.6842632 52.2097397 0.0383843 0.0296776 
5370000 5370 1000.0 10514248.865 2351.842 7.8224 0 0 0 0.0033849 -264.7468768 76.5914587 0.0378537 0.0290434 
5380000 5380 1000.0 10537914.389 2355.064 7.8234 0 0 0 0.0035085 -264.7361779 44.1198646 0.0386718 0.0291805 
5390000 5390 1000.0 10561255.295 2351.406 7.8229 0 0 0 0.003561 -264.7640998 79.9865259 0.0385645 0.0300362 
5400000 5400 1000.0 10584023.827 2337.283 7.8244 0 0 0 0.0040438 -264.1426463 128.0516568 0.0397028 0.0326865 
5410000 5410 1000.0 10606926.438 2328.395 7.8246 0 0 0 0.0031263 -264.3639863 61.6627782 0.0394821 0.0277459 
5420000 5420 1000.0 10629703.507 2318.607 7.8188 0 0 0 0.0038686 -263.9373154 123.2988284 0.0388451 0.0321581 
5430000 5430 1000.0 10652533.58 2312.658 7.8175 0 0 0 0.0037564 -263.5317155 97.9675037 0.0389739 0.032435 
5440000 5440 1000.0 10675997.744 2319.018 7.8151 0 0 0 0.0035507 -264.0837059 91.7973028 0.0368789 0.0311806 
5450000 5450 1000.0 10699813.05 2331.049 7.8265 0 0 0 0.0034536 -264.0585013 74.9732641 0.0373201 0.0303684 
5460000 5460 1000.0 10722781.403 2324.387 7.8239 0 0 0 0.0037117 -264.1001256 57.3213797 0.0374313 0.0316198 
5470000 5470 1000.0 10745512.635 2315.226 7.8346 0 0 0 0.0036806 -263.9582155 105.6188786 0.0377899 0.0302427 
5480000 5480 1000.0 10768705.025 2316.253 7.8348 0 0 0 0.0033391 -264.0152295 54.2094114 0.0384328 0.0301441 
5490000 5490 1000.0 10792126.384 2320.911 7.8399 0 0 0 0.0038404 -263.867276 134.7196641 0.0380793 0.0320548 
5500000 5500 1000.0 10815421.012 2322.685 7.8409 0 0 0 0.003331 -263.3310324 104.8882064 0.0386446 0.0284671 
5510000 5510 1000.0 10838802.138 2325.689 7.8322 0 0 0 0.0037173 -263.7329432 88.6689461 0.0390266 0.0304559 
5520000 5520 1000.0 10862924.818 2341.509 7.8323 0 0 0 0.0038991 -263.6100933 145.5563856 0.0399786 0.0319022 
5530000 5530 1000.0 10886507.362 2344.585 7.8387 0 0 0 0.0031183 -263.8044819 36.1127894 0.0397559 0.0284723 
5540000 5540 1000.0 10909443.485 2335.204 7.832 0 0 0 0.0037425 -263.3189913 52.2531488 0.0403321 0.0326396 
5550000 5550 1000.0 10932769.793 2334.71 7.8284 0 0 0 0.0032461 -263.6524492 54.5801655 0.0398003 0.0276414 
5560000 5560 1000.0 10957175.64 2354.501 7.829 0 0 0 0.0037986 -263.9413436 87.9374614 0.0398234 0.0312637 
5570000 5570 1000.0 10981249.912 2364.521 7.8246 0 0 0 0.0030579 -263.9605113 42.1454967 0.0388819 0.0276545 
5580000 5580 1000.0 11005837.599 2381.848 7.8164 0 0 0 0.0034862 -263.9491067 113.3057263 0.0383373 0.0295742 
5590000 5590 1000.0 11030353.271 2394.561 7.8099 0 0 0 0.0034634 -264.6897885 86.3682432 0.0371282 0.0287515 
5600000 5600 1000.0 11054331.978 2395.075 7.8025 0 0 0 0.003564 -264.4175653 92.0150854 0.0387549 0.0292851 
5610000 5610 1000.0 11077651.484 2383.628 7.8121 0 0 0 0.0033692 -264.7288077 44.0952383 0.0391573 0.0282368 
5620000 5620 1000.0 11101496.683 2383.916 7.7908 0 0 0 0.0032875 -265.046381 83.9945756 0.0393724 0.0279573 
5630000 5630 1000.0 11125570.511 2388.253 7.7881 0 0 0 0.0032178 -265.7229247 59.3123728 0.0371983 0.0281782 
5640000 5640 1000.0 11149742.054 2393.436 7.7957 0 0 0 0.0031963 -265.9864572 69.087931 0.0366143 0.0263431 
5650000 5650 1000.0 11174326.775 2405.367 7.8049 0 0 0 0.00302 -266.1721738 66.1959714 0.0376409 0.0255838 
5660000 5660 1000.0 11198788.473 2412.573 7.8063 0 0 0 0.0030915 -266.8530224 44.6963121 0.0360773 0.0265194 
5670000 5670 1000.0 11223309.804 2419.685 7.8191 0 0 0 0.0028835 -267.2496257 74.1119567 0.0353932 0.0239439 
5680000 5680 1000.0 11247547.774 2420.363 7.8193 0 0 0 0.0030485 -267.3415104 58.8403171 0.0366914 0.0266017 
5690000 5690 1000.0 11272292.751 2430.094 7.8167 0 0 0 0.0029961 -267.8349085 121.208543 0.036507 0.0255795 
5700000 5700 1000.0 11297240.838 2442.002 7.8212 0 0 0 0.002995 -268.8508434 23.8922434 0.0377389 0.0260234 
5710000 5710 1000.0 11321928.243 2447.002 7.802 0 0 0 0.0029534 -268.7248848 75.6991358 0.0360467 0.0251978 
5720000 5720 1000.0 11346197.075 2443.584 7.7798 0 0 0 0.0025605 -268.8243598 62.4241434 0.0371973 0.0228735 
5730000 5730 1000.0 11370597.474 2443.057 7.7716 0 0 0 0.002676 -269.0493792 58.3074306 0.0357452 0.0235242 
5740000 5740 1000.0 11394754.51 2438.155 7.7599 0 0 0 0.0025457 -269.256885 61.8864854 0.0372218 0.0227642 
5750000 5750 1000.0 11419141.937 2438.284 7.7481 0 0 0 0.0026961 -269.2605699 88.0207768 0.0380455 0.0222661 
5760000 5760 1000.0 11444228.277 2451.506 7.7395 0 0 0 0.0031899 -269.5022455 88.8643673 0.0364767 0.0257669 
5770000 5770 1000.0 11468448.923 2445.528 7.7214 0 0 0 0.0025488 -269.9982211 41.1921669 0.0362941 0.0221389 
5780000 5780 1000.0 11492646.283 2440.88 7.7162 0 0 0 0.0028466 -269.7650209 102.1077913 0.0392078 0.0234957 
5790000 5790 1000.0 11516704.37 2434.305 7.7149 0 0 0 0.0029406 -270.1236 55.1051703 0.0354328 0.0238729 
5800000 5800 1000.0 11541171.893 2436.757 7.7144 0 0 0 0.0028816 -270.244028 51.2098503 0.0364811 0.0241872 
5810000 5810 1000.0 11565779.661 2440.65 7.7145 0 0 0 0.0028937 -270.4787832 42.3769841 0.0365103 0.0242076 
5820000 5820 1000.0 11590059.801 2438.49 7.7135 0 0 0 0.0031501 -270.622539 112.7126851 0.0371493 0.0253271 
5830000 5830 1000.0 11613747.953 2425.426 7.7187 0 0 0 0.0026533 -270.6292564 98.023703 0.0367169 0.0230917 
5840000 5840 1000.0 11637565.959 2417.072 7.7166 0 0 0 0.0028292 -270.7700579 45.0187743 0.036516 0.0252736 
5850000 5850 1000.0 11661009.812 2403.85 7.7181 0 0 0 0.0030272 -271.0209965 68.2468155 0.0353875 0.0250724 
5860000 5860 1000.0 11684174.127 2387.676 7.7161 0 0 0 0.0027926 -270.6628698 87.2443226 0.0369926 0.0246616 
5870000 5870 1000.0 11707703.6 2381.296 7.7003 0 0 0 0.0029357 -270.9832874 54.7615567 0.0358235 0.0254955 
5880000 5880 1000.0 11730969.085 2371.599 7.7026 0 0 0 0.0033593 -270.626341 95.1519047 0.0365111 0.0279777 
5890000 5890 1000.0 11754152.108 2361.638 7.7024 0 0 0 0.0031654 -270.3530931 48.4657911 0.0381157 0.0262831 
5900000 5900 1000.0 11777909.965 2364.887 7.7026 0 0 0 0.0033154 -270.1236117 73.9003872 0.037195 0.0277778 
5910000 5910 1000.0 11801235.705 2359.085 7.7129 0 0 0 0.0028271 -269.8476751 63.1873081 0.0371923 0.0243712 
5920000 5920 1000.0 11824700.876 2356.535 7.7084 0 0 0 0.0029631 -269.7421502 58.1879989 0.0369716 0.0255979 
5930000 5930 1000.0 11848781.478 2365.618 7.7092 0 0 0 0.0031293 -269.3785213 98.8325862 0.037327 0.0260453 
5940000 5940 1000.0 11872502.609 2366.49 7.714 0 0 0 0.0029926 -269.3157783 59.0103732 0.0379551 0.0254709 
5950000 5950 1000.0 11895665.208 2357.139 7.7151 0 0 0 0.0029974 -269.2058665 97.6559274 0.0391008 0.0246519 
5960000 5960 1000.0 11919554.788 2362.958 7.7073 0 0 0 0.0029916 -269.0755659 73.6098634 0.0376934 0.025488 
5970000 5970 1000.0 11942845.828 2357.654 7.7091 0 0 0 0.0033981 -268.8504439 59.0892225 0.0402542 0.0272047 
5980000 5980 1000.0 11966299.863 2354.953 7.7182 0 0 0 0.0028603 -268.7419624 58.852259 0.0388493 0.0254903 
5990000 5990 1000.0 11989607.927 2350.39 7.7166 0 0 0 0.0033159 -268.6624011 105.4112348 0.0399503 0.028064 
6000000 6000 1000.0 12012806.787 2344.347 7.702 0 0 0 0.0030472 -268.1698937 82.7261308 0.0401091 0.0259258 
