10000 29 142.905 5076.439 72.736 0.1591 0 0 0 
20000 74 183.174 10391.353 95.985 0.2024 0 0 0 
30000 123 184.219 12927.929 70.847 0.461 0 0 0 
40000 236 135.535 18416.901 71.686 0.4261 0 0 0 
50000 246 293.669 23813.055 158.068 0.9663 0 0 0 
60000 256 422.876 29033.365 222.794 1.3998 0 0 0 
70000 267 522.944 34365.651 277.145 1.7506 0 0 0 
80000 367 194.528 39737.635 105.713 0.6486 0 0 0 
90000 383 309.059 44164.947 150.465 1.036 0 0 0 
100000 395 426.754 48443.643 196.174 1.4407 0 0 0 
110000 406 513.222 53190.961 237.051 1.7396 0 0 0 
120000 417 601.434 58601.72 293.339 2.0425 0 0 0 
130000 427 674.342 64438.903 346.113 2.2899 0 0 0 
140000 437 729.778 69878.471 379.54 2.4776 0 0 0 
150000 447 778.849 75980.544 421.531 2.6495 0 0 0 
160000 457 813.298 82416.223 457.211 2.7568 0 0 0 
170000 470 801.354 88611.256 462.34 2.7211 0 0 0 
180000 480 835.803 94950.149 493.655 2.8314 0 0 0 
190000 494 810.875 101061.627 481.025 2.7539 0 0 0 
200000 504 845.471 106688.128 498.752 2.873 0 0 0 
210000 515 863.291 111783.343 491.575 2.9364 0 0 0 
220000 525 886.039 117319.261 502.182 3.0183 0 0 0 
230000 536 896.509 121820.703 486.427 3.0579 0 0 0 
240000 548 872.483 127472.159 478.65 2.9825 0 0 0 
250000 559 887.391 131975.951 468.862 3.0505 0 0 0 
260000 569 907.99 137371.058 480.797 3.132 0 0 0 
270000 580 907.626 142668.601 482.539 3.1363 0 0 0 
280000 596 831.888 147854.701 439.205 2.8733 0 0 0 
290000 609 805.193 153634.999 433.267 2.786 0 0 0 
300000 619 840.828 160104.513 472.606 2.9038 0 0 0 
310000 630 863.486 165713.256 486.823 2.9856 0 0 0 
320000 640 888.458 170385.501 483.177 3.0782 0 0 0 
330000 650 908.862 175129.864 481.948 3.1525 0 0 0 
340000 660 925.534 181271.53 505.539 3.2139 0 0 0 
350000 670 939.156 184931.776 480.87 3.2509 0 0 0 
360000 680 950.286 189794.494 482.264 3.2891 0 0 0 
370000 690 959.38 195793.064 504.002 3.3245 0 0 0 
380000 700 966.81 201590.182 518.626 3.3566 0 0 0 
390000 710 972.882 206740.919 518.494 3.3798 0 0 0 
400000 720 977.842 212165.793 522.508 3.3983 0 0 0 
410000 730 977.007 217708.821 526.515 3.3805 0 0 0 
420000 740 981.213 222151.988 508.669 3.3849 0 0 0 
430000 751 967.187 227261.329 501.86 3.3369 0 0 0 
440000 761 973.189 232723.064 508.787 3.3544 0 0 0 
450000 772 960.188 237826.1 499.416 3.305 0 0 0 
460000 783 951.77 243348.15 500.908 3.2756 0 0 0 
470000 794 944.461 249198.484 507.858 3.2456 0 0 0 
480000 804 954.62 254234.172 506.977 3.2702 0 0 0 
490000 814 962.921 259351.405 507.605 3.2902 0 0 0 
500000 824 969.704 264579.206 510.198 3.3178 0 0 0 
510000 834 975.246 270486.514 525.509 3.3358 0 0 0 
520000 845 956.436 276733.545 529.182 3.275 0 0 0 
530000 855 964.405 282594.026 542.512 3.3153 0 0 0 
540000 865 970.916 288351.396 546.056 3.3513 0 0 0 
550000 875 976.237 294423.65 557.336 3.3862 0 0 0 
560000 885 980.583 301143.59 578.932 3.4002 0 0 0 
570000 895 984.135 307839.966 594.604 3.415 0 0 0 
580000 905 987.037 314643.386 611.113 3.4255 0 0 0 
590000 916 974.664 321215.525 610.792 3.3799 0 0 0 
600000 927 965.722 326875.896 594.02 3.3544 0 0 0 
610000 938 940.962 331999.476 560.017 3.2828 0 0 0 
620000 949 936.968 337477.833 551.382 3.2531 0 0 0 
630000 961 917.726 341968.031 514.635 3.1761 0 0 0 
640000 974 883.978 347119.401 485.157 3.0596 0 0 0 
650000 984 904.733 352216.506 489.922 3.1351 0 0 0 
660000 995 904.741 357906.398 494.968 3.1385 0 0 0 
670000 1005 922.167 363470.296 507.436 3.1946 0 0 0 
680000 1016 925.897 369394.171 516.809 3.1998 0 0 0 
690000 1026 927.698 374445.574 508.745 3.1998 0 0 0 
700000 1043 830.94 379890.459 455.321 2.8565 0 0 0 
710000 1055 824.985 385011.516 445.767 2.8288 0 0 0 
720000 1065 857.0 390951.623 472.793 2.9225 0 0 0 
730000 1075 883.159 397348.137 501.631 3.0137 0 0 0 
740000 1085 904.532 403773.151 527.203 3.1014 0 0 0 
750000 1095 921.996 409695.483 537.536 3.156 0 0 0 
760000 1105 936.265 415402.938 545.739 3.2053 0 0 0 
770000 1117 915.977 419530.973 502.561 3.1475 0 0 0 
780000 1127 931.347 424243.222 498.434 3.2052 0 0 0 
790000 1137 943.906 428923.656 492.393 3.2541 0 0 0 
800000 1147 954.167 434339.734 501.789 3.2923 0 0 0 
810000 1157 962.551 440147.629 513.549 3.3277 0 0 0 
820000 1167 969.402 446790.682 541.902 3.3468 0 0 0 
830000 1177 974.999 452840.637 554.441 3.3712 0 0 0 
840000 1187 979.572 459218.727 569.168 3.3834 0 0 0 
850000 1197 975.685 466053.713 584.848 3.3663 0 0 0 
860000 1208 964.55 472617.737 591.104 3.3269 0 0 0 
870000 1218 971.035 478819.187 595.486 3.3574 0 0 0 
880000 1228 976.333 484980.482 599.331 3.3712 0 0 0 
890000 1238 980.663 491180.476 602.044 3.3967 0 0 0 
900000 1248 984.2 497928.739 614.586 3.403 0 0 0 
910000 1258 987.09 503840.258 611.533 3.4102 0 0 0 
920000 1268 989.452 510519.268 621.314 3.4221 0 0 0 
930000 1278 991.381 516321.651 615.233 3.4196 0 0 0 
940000 1288 992.958 522192.816 610.386 3.4227 0 0 0 
950000 1298 994.246 528293.952 607.694 3.427 0 0 0 
960000 1308 995.299 533439.046 593.22 3.4307 0 0 0 
970000 1318 996.159 539432.102 592.897 3.4357 0 0 0 
980000 1328 996.861 545496.659 595.378 3.4342 0 0 0 
990000 1338 997.435 551113.246 591.737 3.4403 0 0 0 
1000000 1348 997.905 556895.734 586.608 3.4472 0 0 0 
1010000 1358 998.288 562954.957 590.664 3.4508 0 0 0 
1020000 1368 998.601 568815.65 590.507 3.455 0 0 0 
1030000 1379 983.86 575100.769 587.935 3.4018 0 0 0 
1040000 1390 969.612 580098.385 561.439 3.3705 0 0 0 
1050000 1400 975.171 586656.088 577.84 3.3788 0 0 0 
1060000 1411 963.224 593552.923 588.256 3.3343 0 0 0 
1070000 1421 969.951 599788.869 594.909 3.3565 0 0 0 
1080000 1431 975.448 606480.489 609.449 3.3754 0 0 0 
1090000 1441 979.939 612505.882 609.374 3.3913 0 0 0 
1100000 1451 983.609 617980.559 597.671 3.4076 0 0 0 
1110000 1461 975.521 624131.255 599.075 3.3704 0 0 0 
1120000 1471 979.999 630700.333 605.435 3.3902 0 0 0 
1130000 1481 983.658 637444.135 616.773 3.3996 0 0 0 
1140000 1491 986.647 643888.795 621.942 3.4007 0 0 0 
1150000 1501 989.09 650692.495 634.359 3.4084 0 0 0 
1160000 1511 991.085 657324.281 640.769 3.4251 0 0 0 
1170000 1521 992.716 664191.701 647.91 3.4342 0 0 0 
1180000 1531 994.049 671478.273 662.986 3.4478 0 0 0 
1190000 1541 995.137 677884.873 658.056 3.4537 0 0 0 
1200000 1551 996.027 684853.618 666.479 3.453 0 0 0 
1210000 1561 996.754 691070.104 661.038 3.4579 0 0 0 
1220000 1571 997.347 698796.845 674.236 3.4578 0 0 0 
1230000 1581 997.833 706830.638 701.806 3.4506 0 0 0 
1240000 1591 998.229 714491.935 713.645 3.4554 0 0 0 
1250000 1601 998.553 721467.509 708.856 3.4613 0 0 0 
1260000 1611 998.818 727881.952 700.253 3.4639 0 0 0 
1270000 1621 999.034 735317.58 705.412 3.4592 0 0 0 
1280000 1631 999.211 742243.31 705.826 3.4606 0 0 0 
1290000 1641 999.355 748234.271 687.874 3.4646 0 0 0 
1300000 1651 999.473 754860.844 679.876 3.4721 0 0 0 
1310000 1661 999.569 761950.195 683.503 3.4713 0 0 0 
1320000 1671 999.648 769435.864 694.647 3.4629 0 0 0 
1330000 1681 999.713 777248.028 712.855 3.4545 0 0 0 
1340000 1691 999.765 785561.172 734.229 3.4485 0 0 0 
1350000 1701 999.808 794967.985 768.176 3.4491 0 0 0 
1360000 1711 999.843 804446.408 805.949 3.4429 0 0 0 
1370000 1721 999.872 813577.602 821.243 3.4479 0 0 0 
1380000 1731 999.895 822155.497 833.708 3.4512 0 0 0 
1390000 1741 999.914 830098.184 821.805 3.4551 0 0 0 
1400000 1751 999.93 838383.092 820.366 3.4491 0 0 0 
1410000 1761 999.943 847809.585 848.574 3.4494 0 0 0 
1420000 1771 999.953 855180.528 828.461 3.4575 0 0 0 
1430000 1781 999.962 863627.552 824.249 3.4561 0 0 0 
1440000 1791 999.969 873182.224 850.944 3.4591 0 0 0 
1450000 1801 999.975 881378.45 849.546 3.4573 0 0 0 
1460000 1811 999.979 889835.498 843.912 3.4576 0 0 0 
1470000 1821 999.983 898272.908 845.164 3.4605 0 0 0 
1480000 1831 999.986 906343.674 838.225 3.4574 0 0 0 
1490000 1841 999.989 916000.824 865.42 3.4546 0 0 0 
1500000 1851 999.991 925775.465 881.399 3.4532 0 0 0 
1510000 1861 999.992 935496.842 906.486 3.4477 0 0 0 
1520000 1871 999.994 946256.853 930.08 3.4536 0 0 0 
1530000 1881 999.995 957427.191 964.425 3.4498 0 0 0 
1540000 1891 999.996 965728.281 948.409 3.4499 0 0 0 
1550000 1901 999.997 975920.93 951.07 3.4535 0 0 0 
1560000 1911 999.997 985710.809 957.823 3.4562 0 0 0 
1570000 1921 999.998 994716.786 957.545 3.4614 0 0 0 
1580000 1931 999.998 1003742.946 941.889 3.4564 0 0 0 
1590000 1941 999.998 1013243.845 945.32 3.4466 0 0 0 
1600000 1951 999.999 1023151.361 954.002 3.4412 0 0 0 
1610000 1961 999.999 1031999.07 943.24 3.4403 0 0 0 
1620000 1971 999.999 1039535.006 910.079 3.4406 0 0 0 
1630000 1981 999.999 1048498.897 905.832 3.4421 0 0 0 
1640000 1991 999.999 1058480.752 922.416 3.441 0 0 0 
1650000 2001 1000.0 1068118.208 934.458 3.439 0 0 0 
1660000 2011 1000.0 1081387.403 994.379 3.4439 0 0 0 
1670000 2021 1000.0 1092796.717 1032.33 3.4432 0 0 0 
1680000 2031 1000.0 1102714.066 1023.733 3.4402 0 0 0 
1690000 2041 1000.0 1111824.275 996.197 3.4475 0 0 0 
1700000 2051 1000.0 1122870.276 1016.142 3.4473 0 0 0 
1710000 2061 1000.0 1134240.286 1036.471 3.4451 0 0 0 
1720000 2071 1000.0 1145990.38 1063.108 3.4524 0 0 0 
1730000 2081 1000.0 1157540.176 1081.979 3.4437 0 0 0 
1740000 2091 1000.0 1169108.126 1088.749 3.4424 0 0 0 
1750000 2101 1000.0 1178936.613 1084.332 3.4439 0 0 0 
1760000 2111 1000.0 1190421.678 1095.702 3.4518 0 0 0 
1770000 2121 1000.0 1203734.27 1127.152 3.4493 0 0 0 
1780000 2131 1000.0 1215473.469 1134.071 3.4597 0 0 0 
1790000 2141 1000.0 1230331.558 1201.731 3.4562 0 0 0 
1800000 2151 1000.0 1243777.004 1226.774 3.4483 0 0 0 
1810000 2161 1000.0 1258020.371 1267.692 3.45 0 0 0 
1820000 2171 1000.0 1271033.032 1281.939 3.4492 0 0 0 
1830000 2181 1000.0 1283901.773 1270.358 3.4498 0 0 0 
1840000 2191 1000.0 1297658.2 1291.396 3.4537 0 0 0 
1850000 2201 1000.0 1312353.208 1319.734 3.4563 0 0 0 
1860000 2211 1000.0 1327252.427 1350.709 3.4535 0 0 0 
1870000 2221 1000.0 1342276.437 1382.209 3.4418 0 0 0 
1880000 2231 1000.0 1355813.101 1380.918 3.4378 0 0 0 
1890000 2241 1000.0 1370027.74 1389.058 3.4433 0 0 0 
1900000 2251 1000.0 1384344.907 1396.847 3.4465 0 0 0 
1910000 2261 1000.0 1397269.751 1373.815 3.4426 0 0 0 
1920000 2271 1000.0 1410917.601 1371.781 3.4372 0 0 0 
1930000 2281 1000.0 1424462.018 1366.707 3.4353 0 0 0 
1940000 2291 1000.0 1436946.554 1359.309 3.4327 0 0 0 
1950000 2301 1000.0 1447671.097 1297.286 3.4402 0 0 0 
1960000 2311 1000.0 1461486.048 1308.882 3.4406 0 0 0 
1970000 2321 1000.0 1476530.49 1349.979 3.4398 0 0 0 
1980000 2332 987.714 1491937.262 1366.102 3.3886 0 0 0 
1990000 2342 989.961 1506978.375 1387.18 3.3996 0 0 0 
2000000 2352 991.798 1523964.775 1449.203 3.4104 0 0 0 
2010000 2362 993.298 1537953.675 1439.428 3.4235 0 0 0 
2020000 2372 994.524 1553632.636 1460.789 3.4272 0 0 0 
2030000 2382 995.526 1570954.93 1510.54 3.4287 0 0 0 
2040000 2392 996.344 1587668.633 1540.956 3.4147 0 0 0 
2050000 2402 997.013 1606134.274 1595.639 3.4106 0 0 0 
2060000 2412 997.559 1621662.95 1585.581 3.4044 0 0 0 
2070000 2422 998.006 1635992.826 1556.033 3.4096 0 0 0 
2080000 2432 998.371 1651545.494 1556.499 3.4238 0 0 0 
2090000 2442 998.669 1668390.108 1579.996 3.4205 0 0 0 
2100000 2452 998.912 1684383.392 1582.187 3.4207 0 0 0 
2110000 2462 999.111 1701173.896 1605.557 3.417 0 0 0 
2120000 2472 999.274 1715019.952 1564.248 3.4206 0 0 0 
2130000 2482 999.407 1727966.866 1513.5 3.4263 0 0 0 
2140000 2492 999.515 1743147.009 1510.819 3.4309 0 0 0 
2150000 2502 999.604 1758770.664 1525.724 3.4343 0 0 0 
2160000 2512 999.676 1773121.249 1505.423 3.4377 0 0 0 
2170000 2522 999.736 1788113.466 1506.903 3.4367 0 0 0 
2180000 2532 999.784 1797740.053 1404.98 3.436 0 0 0 
2190000 2542 999.823 1807163.362 1315.539 3.4505 0 0 0 
2200000 2552 999.856 1821926.575 1346.621 3.4427 0 0 0 
2210000 2562 999.882 1839170.777 1417.036 3.4348 0 0 0 
2220000 2572 999.904 1854837.556 1442.295 3.4324 0 0 0 
2230000 2582 999.921 1870087.035 1456.735 3.4383 0 0 0 
2240000 2592 999.936 1887358.8 1507.148 3.4415 0 0 0 
2250000 2602 999.947 1903628.322 1530.143 3.4411 0 0 0 
2260000 2612 999.957 1919138.492 1531.97 3.4371 0 0 0 
2270000 2622 999.965 1936254.546 1564.87 3.4404 0 0 0 
2280000 2632 999.971 1951794.147 1568.642 3.4376 0 0 0 
2290000 2642 999.977 1963317.414 1487.99 3.4407 0 0 0 
2300000 2652 999.981 1979194.825 1502.188 3.4421 0 0 0 
2310000 2662 999.984 1996065.69 1544.369 3.4489 0 0 0 
2320000 2672 999.987 2014688.543 1597.304 3.442 0 0 0 
2330000 2682 999.99 2032321.362 1627.105 3.4346 0 0 0 
2340000 2692 999.991 2050368.677 1663.035 3.4323 0 0 0 
2350000 2702 999.993 2067523.324 1670.985 3.4116 0 0 0 
2360000 2712 999.994 2084766.08 1679.354 3.4052 0 0 0 
2370000 2722 999.995 2104213.294 1729.267 3.4081 0 0 0 
2380000 2732 999.996 2123008.137 1755.342 3.4132 0 0 0 
2390000 2742 999.997 2139874.412 1748.766 3.4093 0 0 0 
2400000 2752 999.997 2156504.067 1727.221 3.4067 0 0 0 
2410000 2762 999.998 2174533.296 1741.844 3.4225 0 0 0 
2420000 2772 999.998 2192305.081 1748.107 3.4295 0 0 0 
2430000 2782 999.999 2211481.364 1778.36 3.4354 0 0 0 
2440000 2792 999.999 2230296.389 1798.773 3.4289 0 0 0 
2450000 2802 999.999 2249270.622 1816.023 3.4286 0 0 0 
2460000 2812 999.999 2267486.929 1817.219 3.4277 0 0 0 
2470000 2822 999.999 2284212.18 1790.968 3.4386 0 0 0 
2480000 2832 999.999 2303023.86 1807.199 3.44 0 0 0 
2490000 2842 1000.0 2322092.296 1824.06 3.4356 0 0 0 
2500000 2852 1000.0 2339564.58 1809.513 3.4437 0 0 0 
2510000 2862 1000.0 2357752.728 1812.517 3.4373 0 0 0 
2520000 2872 1000.0 2376422.233 1822.392 3.4488 0 0 0 
2530000 2882 1000.0 2396036.888 1849.351 3.4452 0 0 0 
2540000 2892 1000.0 2415673.22 1869.253 3.441 0 0 0 
2550000 2902 1000.0 2435087.675 1883.771 3.4448 0 0 0 
2560000 2912 1000.0 2455149.969 1906.444 3.4507 0 0 0 
2570000 2922 1000.0 2474321.874 1907.634 3.4526 0 0 0 
2580000 2932 1000.0 2494353.563 1924.388 3.4464 0 0 0 
2590000 2942 1000.0 2512028.112 1897.808 3.4519 0 0 0 
2600000 2952 1000.0 2530512.55 1888.678 3.4586 0 0 0 
2610000 2962 1000.0 2549220.93 1887.42 3.4535 0 0 0 
2620000 2972 1000.0 2566946.949 1866.068 3.4424 0 0 0 
2630000 2982 1000.0 2585926.694 1873.11 3.432 0 0 0 
2640000 2992 1000.0 2603514.053 1853.372 3.436 0 0 0 
2650000 3002 1000.0 2613762.596 1705.041 3.4488 0 0 0 
2660000 3012 1000.0 2629288.733 1670.061 3.4555 0 0 0 
2670000 3022 1000.0 2646872.244 1686.874 3.451 0 0 0 
2680000 3032 1000.0 2663838.604 1692.444 3.4554 0 0 0 
2690000 3042 1000.0 2683433.658 1740.514 3.4549 0 0 0 
2700000 3052 1000.0 2701521.356 1752.4 3.4559 0 0 0 
2710000 3062 1000.0 2720176.138 1772.634 3.4598 0 0 0 
2720000 3072 1000.0 2739816.118 1807.284 3.4583 0 0 0 
2730000 3082 1000.0 2757266.699 1794.183 3.4566 0 0 0 
2740000 3092 1000.0 2777206.571 1830.844 3.4469 0 0 0 
2750000 3102 1000.0 2796526.239 1853.83 3.4499 0 0 0 
2760000 3112 1000.0 2812863.89 1813.481 3.4553 0 0 0 
2770000 3122 1000.0 2831269.312 1814.265 3.4564 0 0 0 
2780000 3132 1000.0 2849899.486 1823.42 3.4604 0 0 0 
2790000 3142 1000.0 2867220.529 1807.185 3.4542 0 0 0 
2800000 3152 1000.0 2883979.611 1784.915 3.459 0 0 0 
2810000 3162 1000.0 2901793.018 1784.773 3.4522 0 0 0 
2820000 3172 1000.0 2916878.287 1730.617 3.448 0 0 0 
2830000 3182 1000.0 2935147.674 1750.504 3.4461 0 0 0 
2840000 3192 1000.0 2954865.55 1788.174 3.4499 0 0 0 
2850000 3202 1000.0 2971065.244 1759.026 3.4411 0 0 0 
2860000 3212 1000.0 2990594.933 1797.71 3.4421 0 0 0 
2870000 3222 1000.0 3010276.694 1827.348 3.4253 0 0 0 
2880000 3232 1000.0 3029672.93 1851.045 3.4251 0 0 0 
2890000 3242 1000.0 3048991.183 1871.579 3.4308 0 0 0 
2900000 3252 1000.0 3068595.858 1880.164 3.4351 0 0 0 
2910000 3262 1000.0 3089736.652 1924.89 3.4325 0 0 0 
2920000 3272 1000.0 3110798.91 1960.721 3.4415 0 0 0 
2930000 3282 1000.0 3130568.981 1959.761 3.4411 0 0 0 
2940000 3292 1000.0 3150121.833 1972.357 3.4336 0 0 0 
2950000 3302 1000.0 3168055.794 1928.963 3.4355 0 0 0 
2960000 3312 1000.0 3187547.655 1933.109 3.4311 0 0 0 
2970000 3322 1000.0 3209074.684 1973.811 3.4347 0 0 0 
2980000 3332 1000.0 3229617.879 1988.617 3.4269 0 0 0 
2990000 3342 1000.0 3250670.644 2008.674 3.4252 0 0 0 
3000000 3352 1000.0 3271680.151 2023.285 3.4268 0 0 0 
3010000 3362 1000.0 3293119.595 2048.219 3.4307 0 0 0 
3020000 3372 1000.0 3314472.857 2062.906 3.4309 0 0 0 
3030000 3382 1000.0 3333686.018 2036.432 3.4337 0 0 0 
3040000 3392 1000.0 3354088.476 2034.97 3.4318 0 0 0 
3050000 3402 1000.0 3370868.225 1969.92 3.4379 0 0 0 
3060000 3412 1000.0 3390001.579 1959.191 3.4363 0 0 0 
3070000 3422 1000.0 3411458.145 1995.88 3.4343 0 0 0 
3080000 3432 1000.0 3431067.739 1986.92 3.4358 0 0 0 
3090000 3442 1000.0 3445250.55 1882.438 3.4342 0 0 0 
3100000 3452 1000.0 3456770.754 1745.722 3.4352 0 0 0 
3110000 3462 1000.0 3473033.368 1725.244 3.4263 0 0 0 
3120000 3472 1000.0 3489799.131 1713.145 3.4275 0 0 0 
3130000 3482 1000.0 3509928.155 1769.724 3.4299 0 0 0 
3140000 3492 1000.0 3528353.489 1782.877 3.4406 0 0 0 
3150000 3502 1000.0 3547894.318 1816.634 3.4436 0 0 0 
3160000 3512 1000.0 3568430.439 1856.292 3.436 0 0 0 
3170000 3522 1000.0 3588234.753 1879.205 3.4388 0 0 0 
3180000 3532 1000.0 3607822.633 1891.974 3.4399 0 0 0 
3190000 3542 1000.0 3629269.996 1940.074 3.4346 0 0 0 
3200000 3552 1000.0 3650496.08 1972.421 3.4347 0 0 0 
3210000 3562 1000.0 3669897.928 1966.333 3.4295 0 0 0 
3220000 3572 1000.0 3689077.683 1956.456 3.4316 0 0 0 
3230000 3582 1000.0 3706704.926 1920.092 3.4341 0 0 0 
3240000 3592 1000.0 3726220.768 1925.071 3.4402 0 0 0 
3250000 3602 1000.0 3745962.025 1929.757 3.4369 0 0 0 
3260000 3612 1000.0 3763730.622 1901.91 3.4389 0 0 0 
3270000 3622 1000.0 3784197.162 1929.955 3.4389 0 0 0 
3280000 3632 1000.0 3802519.307 1912.49 3.4506 0 0 0 
3290000 3642 1000.0 3822356.759 1932.424 3.4456 0 0 0 
3300000 3652 1000.0 3835595.382 1816.546 3.4472 0 0 0 
3310000 3662 1000.0 3852625.52 1805.188 3.4471 0 0 0 
3320000 3672 1000.0 3873392.721 1846.074 3.4344 0 0 0 
3330000 3682 1000.0 3895230.786 1918.15 3.4301 0 0 0 
3340000 3692 1000.0 3914504.561 1914.927 3.4354 0 0 0 
3350000 3702 1000.0 3933758.847 1915.008 3.4341 0 0 0 
3360000 3712 1000.0 3951006.82 1879.541 3.4339 0 0 0 
3370000 3722 1000.0 3969186.958 1870.253 3.4302 0 0 0 
3380000 3732 1000.0 3986317.676 1841.323 3.4386 0 0 0 
3390000 3742 1000.0 4004788.249 1842.636 3.4468 0 0 0 
3400000 3752 1000.0 4022830.346 1835.466 3.4504 0 0 0 
3410000 3762 1000.0 4041431.025 1840.884 3.4503 0 0 0 
3420000 3772 1000.0 4062775.529 1896.115 3.4489 0 0 0 
3430000 3782 1000.0 4083539.985 1929.429 3.448 0 0 0 
3440000 3792 1000.0 4106086.224 1988.746 3.4382 0 0 0 
3450000 3802 1000.0 4127983.95 2024.646 3.4421 0 0 0 
3460000 3812 1000.0 4145665.544 1974.84 3.4375 0 0 0 
3470000 3822 1000.0 4167109.299 2007.118 3.4322 0 0 0 
3480000 3832 1000.0 4189362.808 2043.515 3.4277 0 0 0 
3490000 3842 1000.0 4211449.195 2077.27 3.4218 0 0 0 
3500000 3852 1000.0 4233160.195 2093.801 3.4148 0 0 0 
3510000 3862 1000.0 4252535.444 2064.622 3.4173 0 0 0 
3520000 3872 1000.0 4267120.46 1956.583 3.419 0 0 0 
3530000 3882 1000.0 4283006.348 1888.568 3.4203 0 0 0 
3540000 3892 1000.0 4302840.867 1902.284 3.4328 0 0 0 
3550000 3902 1000.0 4323596.86 1934.994 3.4321 0 0 0 
3560000 3912 1000.0 4342917.398 1937.432 3.4376 0 0 0 
3570000 3922 1000.0 4363228.105 1949.407 3.4323 0 0 0 
3580000 3932 1000.0 4385790.38 2006.716 3.4431 0 0 0 
3590000 3942 1000.0 4407617.331 2040.166 3.4395 0 0 0 
3600000 3952 1000.0 4428934.0 2056.458 3.4443 0 0 0 
3610000 3962 1000.0 4450194.409 2068.657 3.4502 0 0 0 
3620000 3972 1000.0 4472395.592 2094.59 3.4457 0 0 0 
3630000 3986 920.449 4491715.841 1925.473 3.1667 0 0 0 
3640000 3996 935.001 4510276.236 1892.009 3.2187 0 0 0 
3650000 4006 946.891 4531013.696 1915.719 3.2498 0 0 0 
3660000 4016 956.606 4552706.878 1969.217 3.2754 0 0 0 
3670000 4026 964.544 4572565.069 1969.358 3.3073 0 0 0 
3680000 4036 971.03 4593197.602 2009.968 3.3275 0 0 0 
3690000 4046 976.329 4614227.407 2012.794 3.3513 0 0 0 
3700000 4056 980.659 4633785.978 2013.944 3.3582 0 0 0 
3710000 4066 984.197 4652054.904 1966.589 3.3782 0 0 0 
3720000 4076 987.088 4674027.909 2006.236 3.3891 0 0 0 
3730000 4086 989.45 4696165.51 2045.858 3.3929 0 0 0 
3740000 4096 991.38 4718344.322 2077.711 3.3972 0 0 0 
3750000 4106 992.957 4739126.213 2100.631 3.3969 0 0 0 
3760000 4116 994.245 4757833.813 2046.922 3.4117 0 0 0 
3770000 4126 995.298 4768566.624 1879.865 3.4239 0 0 0 
3780000 4136 996.158 4776035.455 1676.819 3.4374 0 0 0 
3790000 4146 996.861 4787658.344 1562.077 3.4472 0 0 0 
3800000 4156 997.435 4799974.632 1493.579 3.4454 0 0 0 
3810000 4166 997.904 4817778.78 1554.306 3.4457 0 0 0 
3820000 4176 998.288 4836013.531 1601.92 3.444 0 0 0 
3830000 4186 998.601 4857466.803 1704.945 3.4392 0 0 0 
3840000 4196 998.857 4876939.967 1738.274 3.4265 0 0 0 
3850000 4206 999.066 4896781.033 1797.41 3.4184 0 0 0 
3860000 4216 999.237 4917725.157 1842.164 3.4148 0 0 0 
3870000 4226 999.376 4937748.801 1870.856 3.413 0 0 0 
3880000 4236 999.49 4959044.167 1920.397 3.4128 0 0 0 
3890000 4246 999.584 4979974.022 1947.211 3.4137 0 0 0 
3900000 4256 999.66 4997357.905 1932.419 3.4178 0 0 0 
3910000 4266 999.722 5017245.669 1922.06 3.4185 0 0 0 
3920000 4276 999.773 5034865.656 1903.498 3.4229 0 0 0 
3930000 4286 999.814 5050157.769 1830.409 3.4282 0 0 0 
3940000 4296 999.848 5067224.967 1798.53 3.4306 0 0 0 
3950000 4306 999.876 5087208.812 1843.415 3.4208 0 0 0 
3960000 4316 999.899 5105403.977 1831.154 3.4145 0 0 0 
3970000 4326 999.917 5123847.465 1852.369 3.4147 0 0 0 
3980000 4336 999.932 5140954.632 1812.888 3.4142 0 0 0 
3990000 4346 999.945 5158348.788 1810.672 3.4199 0 0 0 
4000000 4356 999.955 5178026.332 1825.084 3.4174 0 0 0 
