10000 16 158.319 -4.905 -0.082 0.5396 0 0 0 
20000 29 299.837 -10.589 -0.161 1.014 0 0 0 
30000 232 43.139 -7.538 0.018 0.2989 0 0 0 
40000 325 95.499 -7.139 0.018 0.5921 0 0 0 
50000 375 143.962 -12.887 -0.052 0.8671 0 0 0 
60000 489 99.856 -13.465 -0.014 0.6188 0 0 0 
70000 607 80.153 -13.74 -0.007 0.5127 0 0 0 
80000 709 101.862 -11.374 0.024 0.6329 0 0 0 
90000 756 187.15 -12.872 -0.025 1.0958 0 0 0 
100000 895 59.446 -10.179 0.031 0.4031 0 0 0 
110000 1146 37.532 -3.767 0.016 0.2813 0 0 0 
120000 1345 62.566 -3.407 -0.008 0.4241 0 0 0 
130000 1407 150.798 -5.273 -0.028 0.9402 0 0 0 
140000 1470 139.116 -4.605 -0.0 0.877 0 0 0 
150000 1591 85.312 -3.043 0.012 0.5683 0 0 0 
160000 1835 36.051 2.131 0.033 0.2705 0 0 0 
170000 2115 35.796 12.123 0.035 0.2715 0 0 0 
180000 2394 35.775 21.986 0.036 0.2718 0 0 0 
190000 2674 35.78 32.082 0.036 0.2721 0 0 0 
200000 2954 35.791 42.245 0.037 0.2692 0 0 0 
210000 3231 37.003 51.504 0.029 0.2825 0 0 0 
220000 3507 36.462 59.023 0.029 0.2794 0 0 0 
230000 3776 36.275 68.073 0.035 0.2759 0 0 0 
240000 4041 38.554 78.072 0.038 0.2931 0 0 0 
250000 4298 37.92 86.881 0.034 0.2871 0 0 0 
260000 4564 37.951 96.722 0.038 0.2849 0 0 0 
270000 4822 39.888 105.742 0.035 0.2972 0 0 0 
280000 5005 74.47 110.575 0.022 0.5023 0 0 0 
290000 5074 135.931 114.166 0.051 0.8503 0 0 0 
300000 5165 110.156 118.894 0.048 0.7003 0 0 0 
310000 5333 61.758 125.559 0.038 0.4301 0 0 0 
320000 5434 103.594 129.083 0.033 0.6742 0 0 0 
330000 5520 109.646 132.58 0.042 0.7031 0 0 0 
340000 5584 143.453 135.105 0.042 0.8861 0 0 0 
350000 5620 212.132 138.168 0.065 1.2714 0 0 0 
360000 5665 208.537 141.544 0.073 1.2523 0 0 0 
370000 5724 187.049 147.73 0.101 1.1232 0 0 0 
380000 5768 205.189 153.553 0.114 1.2216 0 0 0 
390000 5833 166.921 159.75 0.099 1.0092 0 0 0 
400000 5906 151.443 166.081 0.092 0.9271 0 0 0 
410000 5955 186.335 174.36 0.141 1.1182 0 0 0 
420000 6007 185.775 183.756 0.159 1.1073 0 0 0 
430000 6047 227.149 190.444 0.17 1.3363 0 0 0 
440000 6086 237.258 196.643 0.158 1.396 0 0 0 
450000 6126 247.134 203.864 0.171 1.4506 0 0 0 
460000 6170 230.417 209.353 0.145 1.3653 0 0 0 
470000 6199 282.528 213.376 0.142 1.67 0 0 0 
480000 6218 357.127 215.826 0.137 2.1056 0 0 0 
490000 6244 358.48 219.879 0.144 2.1166 0 0 0 
500000 6258 447.397 226.248 0.217 2.6364 0 0 0 
510000 6271 522.905 234.789 0.325 3.063 0 0 0 
520000 6283 589.749 241.431 0.366 3.4494 0 0 0 
530000 6298 610.509 249.901 0.424 3.5673 0 0 0 
540000 6314 613.709 255.76 0.406 3.5999 0 0 0 
550000 6326 660.136 266.819 0.517 3.8612 0 0 0 
560000 6349 579.008 276.313 0.483 3.3853 0 0 0 
570000 6375 497.224 286.656 0.445 2.9087 0 0 0 
580000 6396 489.231 294.786 0.421 2.8618 0 0 0 
590000 6423 443.397 303.806 0.388 2.5907 0 0 0 
600000 6454 379.693 314.545 0.359 2.2272 0 0 0 
610000 6486 343.655 327.204 0.373 2.0111 0 0 0 
620000 6527 283.618 339.287 0.327 1.6774 0 0 0 
