10000 10 182.927 -14204.289 -259.815 0.3047 0 0 0 
20000 20 332.392 -28449.472 -472.831 0.5531 0 0 0 
30000 30 454.516 -41812.77 -630.052 1.1827 0 0 0 
40000 40 554.3 -53710.907 -733.006 1.6793 0 0 0 
50000 50 635.83 -66976.744 -841.683 2.0872 0 0 0 
60000 60 702.447 -79746.547 -922.698 2.3944 0 0 0 
70000 70 756.877 -94012.605 -1014.241 2.6689 0 0 0 
80000 80 801.351 -103844.087 -1005.471 2.9316 0 0 0 
90000 90 837.689 -113746.463 -1004.96 3.1388 0 0 0 
100000 100 867.38 -116024.165 -860.139 3.2628 0 0 0 
110000 110 891.64 -112044.681 -630.254 3.4163 0 0 0 
120000 120 911.462 -118014.1 -626.136 3.5103 0 0 0 
130000 130 927.658 -121982.797 -583.761 3.557 0 0 0 
140000 140 940.891 -128082.797 -585.604 3.63 0 0 0 
150000 150 951.704 -131499.778 -538.144 3.6967 0 0 0 
160000 160 960.539 -131479.532 -437.981 3.714 0 0 0 
170000 170 967.757 -129803.44 -327.373 3.7507 0 0 0 
180000 180 973.655 -132202.466 -310.982 3.8215 0 0 0 
190000 190 978.474 -130628.253 -224.859 3.8161 0 0 0 
200000 200 982.412 -127300.734 -122.644 3.8855 0 0 0 
210000 210 985.629 -124758.779 -53.73 3.8805 0 0 0 
220000 220 988.258 -120109.517 41.1 3.89 0 0 0 
230000 230 990.406 -115500.064 117.904 3.9033 0 0 0 
240000 240 992.161 -113277.828 134.198 3.9154 0 0 0 
250000 250 993.595 -116552.436 58.264 3.9215 0 0 0 
260000 260 994.767 -112936.101 115.609 3.9148 0 0 0 
270000 270 995.724 -108388.279 178.078 3.9384 0 0 0 
280000 280 996.506 -103948.924 226.552 3.927 0 0 0 
290000 290 997.145 -99391.284 268.491 3.9289 0 0 0 
300000 300 997.667 -94839.169 302.789 3.9275 0 0 0 
310000 310 998.094 -96342.067 220.875 3.9163 0 0 0 
320000 320 998.443 -94401.059 217.075 3.929 0 0 0 
330000 330 998.728 -91474.03 231.365 3.9228 0 0 0 
340000 340 998.96 -91161.079 192.95 3.9106 0 0 0 
350000 350 999.151 -90098.275 178.051 3.9022 0 0 0 
360000 360 999.306 -88565.761 175.544 3.8954 0 0 0 
370000 370 999.433 -86592.556 179.129 3.9088 0 0 0 
380000 380 999.537 -83004.93 213.332 3.8921 0 0 0 
390000 390 999.621 -79094.977 246.612 3.9194 0 0 0 
400000 400 999.691 -73845.206 297.514 3.9216 0 0 0 
410000 410 999.747 -70254.778 307.329 3.9303 0 0 0 
420000 420 999.793 -65008.278 347.818 3.9505 0 0 0 
430000 430 999.831 -59272.226 389.317 3.9444 0 0 0 
440000 440 999.862 -52997.712 433.305 3.9485 0 0 0 
450000 450 999.887 -46755.638 467.989 3.9635 0 0 0 
460000 460 999.908 -40746.001 492.3 3.9738 0 0 0 
470000 470 999.925 -33928.255 527.119 3.9624 0 0 0 
480000 480 999.939 -26750.985 562.185 3.9855 0 0 0 
490000 490 999.95 -19507.979 592.072 3.9729 0 0 0 
500000 500 999.959 -12202.002 617.55 4.0194 0 0 0 
510000 510 999.966 -5267.654 632.052 4.0057 0 0 0 
520000 520 999.973 2133.603 652.528 3.997 0 0 0 
530000 530 999.978 9524.804 667.984 3.9721 0 0 0 
540000 540 999.982 18840.299 716.693 3.978 0 0 0 
550000 550 999.985 28745.602 767.13 3.9627 0 0 0 
560000 560 999.988 38745.194 809.503 3.958 0 0 0 
570000 570 999.99 47217.76 815.677 3.9592 0 0 0 
580000 580 999.992 56104.169 829.903 3.9504 0 0 0 
590000 590 999.993 63475.198 811.712 3.9343 0 0 0 
600000 600 999.995 71978.77 818.928 3.9152 0 0 0 
610000 610 999.996 80068.702 818.376 3.9116 0 0 0 
620000 620 999.996 89295.409 838.023 3.9162 0 0 0 
630000 630 999.997 98601.685 854.589 3.9408 0 0 0 
640000 640 999.998 107879.21 867.854 3.9649 0 0 0 
650000 650 999.998 116757.355 871.193 3.957 0 0 0 
660000 660 999.998 127549.558 909.384 3.9513 0 0 0 
670000 670 999.999 138413.68 941.331 3.9434 0 0 0 
680000 680 999.999 148966.072 962.54 3.9658 0 0 0 
690000 690 999.999 161141.615 1009.019 3.952 0 0 0 
700000 700 999.999 172420.994 1029.812 3.9574 0 0 0 
710000 710 999.999 183502.234 1044.222 3.9515 0 0 0 
720000 720 1000.0 193515.62 1035.772 3.9441 0 0 0 
730000 730 1000.0 203349.476 1026.401 3.9622 0 0 0 
740000 740 1000.0 213987.674 1033.95 3.9422 0 0 0 
750000 750 1000.0 225488.296 1054.98 3.9251 0 0 0 
760000 760 1000.0 237424.32 1080.184 3.928 0 0 0 
770000 770 1000.0 249911.639 1111.021 3.948 0 0 0 
780000 780 1000.0 262756.59 1142.535 3.9432 0 0 0 
790000 790 1000.0 276051.267 1176.558 3.9436 0 0 0 
800000 800 1000.0 288488.237 1188.674 3.9328 0 0 0 
810000 810 1000.0 300919.703 1198.386 3.9402 0 0 0 
820000 820 1000.0 312837.096 1197.129 3.9422 0 0 0 
830000 830 1000.0 323670.007 1175.624 3.9312 0 0 0 
840000 840 1000.0 334400.967 1157.462 3.9397 0 0 0 
850000 850 1000.0 347467.526 1185.296 3.9458 0 0 0 
860000 860 1000.0 360949.107 1215.532 3.9364 0 0 0 
870000 870 1000.0 375203.19 1253.688 3.9788 0 0 0 
880000 880 1000.0 389914.788 1293.84 3.9907 0 0 0 
890000 890 1000.0 404924.731 1331.932 3.9771 0 0 0 
900000 900 1000.0 419361.854 1352.623 3.9613 0 0 0 
910000 910 1000.0 434389.222 1380.554 3.9548 0 0 0 
920000 920 1000.0 450035.156 1414.017 3.9713 0 0 0 
930000 930 1000.0 465571.999 1439.585 4.0256 0 0 0 
940000 940 1000.0 480235.726 1444.416 4.0241 0 0 0 
950000 950 1000.0 494384.835 1439.018 4.0242 0 0 0 
960000 960 1000.0 507643.555 1418.567 4.0567 0 0 0 
970000 970 1000.0 521411.96 1410.771 4.0754 0 0 0 
980000 980 1000.0 534970.819 1400.35 4.0463 0 0 0 
990000 990 1000.0 548139.776 1384.967 4.0657 0 0 0 
1000000 1000 1000.0 559501.059 1335.31 4.0704 0 0 0 
1010000 1010 1000.0 573215.682 1341.469 4.0539 0 0 0 
1020000 1020 1000.0 589377.926 1391.969 4.0367 0 0 0 
1030000 1030 1000.0 604935.341 1421.619 4.0309 0 0 0 
1040000 1040 1000.0 620813.136 1451.684 4.0127 0 0 0 
1050000 1050 1000.0 636618.975 1475.237 4.0009 0 0 0 
1060000 1060 1000.0 652878.354 1502.484 4.0123 0 0 0 
1070000 1070 1000.0 668577.051 1514.546 4.027 0 0 0 
1080000 1080 1000.0 684097.417 1521.844 4.0475 0 0 0 
1090000 1090 1000.0 700332.905 1540.622 4.0803 0 0 0 
1100000 1100 1000.0 716396.283 1552.36 4.0867 0 0 0 
1110000 1110 1000.0 731422.739 1541.499 4.081 0 0 0 
1120000 1120 1000.0 747662.339 1556.487 4.0954 0 0 0 
1130000 1130 1000.0 763850.514 1568.087 4.1054 0 0 0 
1140000 1140 1000.0 778995.277 1559.847 4.1014 0 0 0 
1150000 1150 1000.0 794098.731 1551.576 4.0947 0 0 0 
1160000 1160 1000.0 806812.62 1496.662 4.101 0 0 0 
1170000 1170 1000.0 820107.947 1468.598 4.0869 0 0 0 
1180000 1180 1000.0 836835.873 1506.112 4.0731 0 0 0 
1190000 1190 1000.0 853757.972 1540.171 4.1093 0 0 0 
1200000 1200 1000.0 870675.74 1568.157 4.0936 0 0 0 
1210000 1210 1000.0 887329.571 1585.901 4.0859 0 0 0 
1220000 1220 1000.0 904465.023 1609.271 4.1332 0 0 0 
1230000 1230 1000.0 921415.599 1624.872 4.104 0 0 0 
1240000 1240 1000.0 938499.411 1639.894 4.1059 0 0 0 
1250000 1250 1000.0 955985.471 1659.88 4.086 0 0 0 
1260000 1260 1000.0 973906.974 1684.358 4.0658 0 0 0 
1270000 1270 1000.0 990651.491 1682.172 4.0772 0 0 0 
1280000 1280 1000.0 1007380.139 1680.672 4.0971 0 0 0 
1290000 1290 1000.0 1024462.879 1685.721 4.079 0 0 0 
1300000 1300 1000.0 1041867.72 1695.982 4.0565 0 0 0 
1310000 1310 1000.0 1059319.489 1704.91 4.0673 0 0 0 
1320000 1320 1000.0 1076783.938 1712.213 4.0541 0 0 0 
1330000 1330 1000.0 1094379.08 1720.934 4.0651 0 0 0 
1340000 1340 1000.0 1112359.844 1735.379 4.1021 0 0 0 
1350000 1350 1000.0 1130188.487 1743.874 4.0839 0 0 0 
1360000 1360 1000.0 1148277.446 1755.815 4.0626 0 0 0 
1370000 1370 1000.0 1166035.98 1759.463 4.1017 0 0 0 
1380000 1380 1000.0 1183658.908 1759.561 4.1085 0 0 0 
1390000 1390 1000.0 1201552.573 1765.426 4.1211 0 0 0 
1400000 1400 1000.0 1219689.619 1774.234 4.1001 0 0 0 
1410000 1410 1000.0 1237881.475 1782.248 4.1154 0 0 0 
1420000 1420 1000.0 1255429.241 1776.965 4.111 0 0 0 
1430000 1430 1000.0 1273750.535 1787.152 4.1188 0 0 0 
1440000 1440 1000.0 1291991.72 1794.002 4.1287 0 0 0 
1450000 1450 1000.0 1309778.675 1791.618 4.1063 0 0 0 
1460000 1460 1000.0 1327541.008 1788.904 4.1129 0 0 0 
1470000 1470 1000.0 1345282.696 1786.009 4.0935 0 0 0 
1480000 1480 1000.0 1363207.157 1787.153 4.0698 0 0 0 
1490000 1490 1000.0 1381410.244 1793.062 4.0747 0 0 0 
1500000 1500 1000.0 1398923.727 1785.568 4.0756 0 0 0 
1510000 1510 1000.0 1416539.922 1781.148 4.0858 0 0 0 
1520000 1520 1000.0 1434300.832 1780.136 4.0641 0 0 0 
1530000 1530 1000.0 1449665.939 1732.235 4.0509 0 0 0 
1540000 1540 1000.0 1467084.627 1734.891 4.0429 0 0 0 
1550000 1550 1000.0 1483354.846 1714.342 4.0334 0 0 0 
1560000 1560 1000.0 1501777.139 1737.869 4.0475 0 0 0 
1570000 1570 1000.0 1519069.324 1737.528 4.0332 0 0 0 
1580000 1580 1000.0 1536537.963 1739.194 4.0358 0 0 0 
1590000 1590 1000.0 1549171.548 1656.958 4.0312 0 0 0 
1600000 1600 1000.0 1566449.807 1670.081 4.0239 0 0 0 
1610000 1610 1000.0 1584023.966 1685.769 4.0186 0 0 0 
1620000 1620 1000.0 1601305.972 1693.597 4.0397 0 0 0 
1630000 1630 1000.0 1615561.546 1642.347 4.0548 0 0 0 
1640000 1640 1000.0 1633244.756 1664.971 4.0442 0 0 0 
1650000 1650 1000.0 1651009.814 1685.444 4.0563 0 0 0 
1660000 1660 1000.0 1669371.337 1712.994 4.0458 0 0 0 
1670000 1670 1000.0 1687260.897 1726.882 4.0309 0 0 0 
1680000 1680 1000.0 1705447.074 1743.694 4.0239 0 0 0 
1690000 1690 1000.0 1724079.883 1765.437 4.0259 0 0 0 
1700000 1700 1000.0 1742899.404 1786.165 4.0186 0 0 0 
1710000 1710 1000.0 1761770.621 1804.892 4.0128 0 0 0 
1720000 1720 1000.0 1780006.428 1808.061 4.0191 0 0 0 
1730000 1730 1000.0 1798215.071 1809.916 4.0386 0 0 0 
1740000 1740 1000.0 1816070.451 1805.305 4.0447 0 0 0 
1750000 1750 1000.0 1834520.228 1812.511 4.0662 0 0 0 
1760000 1760 1000.0 1853224.162 1823.159 4.052 0 0 0 
1770000 1770 1000.0 1871819.871 1830.179 4.0596 0 0 0 
1780000 1780 1000.0 1890076.063 1829.605 4.0631 0 0 0 
1790000 1790 1000.0 1908163.912 1825.732 4.0575 0 0 0 
1800000 1800 1000.0 1926778.656 1832.306 4.0636 0 0 0 
1810000 1810 1000.0 1944930.256 1829.091 4.064 0 0 0 
1820000 1820 1000.0 1963699.757 1837.703 4.0545 0 0 0 
1830000 1830 1000.0 1982374.5 1842.826 4.0681 0 0 0 
1840000 1840 1000.0 2000621.178 1839.601 4.0784 0 0 0 
1850000 1850 1000.0 2018677.195 1833.453 4.0669 0 0 0 
1860000 1860 1000.0 2037037.612 1833.655 4.0635 0 0 0 
1870000 1870 1000.0 2055422.965 1835.011 4.0866 0 0 0 
1880000 1880 1000.0 2073850.781 1836.606 4.0726 0 0 0 
1890000 1890 1000.0 2092505.438 1841.863 4.0653 0 0 0 
1900000 1900 1000.0 2110753.127 1838.865 4.06 0 0 0 
1910000 1910 1000.0 2129055.775 1837.352 4.0613 0 0 0 
1920000 1920 1000.0 2146871.583 1827.008 4.0617 0 0 0 
1930000 1930 1000.0 2165673.809 1836.69 4.0882 0 0 0 
1940000 1940 1000.0 2184040.48 1836.731 4.0847 0 0 0 
1950000 1950 1000.0 2202240.321 1833.747 4.0833 0 0 0 
1960000 1960 1000.0 2220939.568 1840.696 4.1039 0 0 0 
1970000 1970 1000.0 2239547.608 1844.415 4.1053 0 0 0 
1980000 1980 1000.0 2258558.925 1854.782 4.1186 0 0 0 
1990000 1990 1000.0 2277718.766 1866.093 4.11 0 0 0 
2000000 2000 1000.0 2296983.589 1877.554 4.128 0 0 0 
2010000 2010 1000.0 2316267.608 1886.991 4.1343 0 0 0 
2020000 2020 1000.0 2334971.343 1883.848 4.1378 0 0 0 
2030000 2030 1000.0 2353176.202 1872.092 4.1502 0 0 0 
2040000 2040 1000.0 2372077.226 1875.374 4.143 0 0 0 
2050000 2050 1000.0 2390884.926 1876.343 4.1328 0 0 0 
2060000 2060 1000.0 2409225.985 1868.711 4.1315 0 0 0 
2070000 2070 1000.0 2428054.551 1871.244 4.1224 0 0 0 
2080000 2080 1000.0 2446642.719 1868.944 4.137 0 0 0 
2090000 2090 1000.0 2465502.093 1872.05 4.1293 0 0 0 
2100000 2100 1000.0 2484162.791 1870.865 4.1303 0 0 0 
2110000 2110 1000.0 2502794.075 1869.934 4.1202 0 0 0 
2120000 2120 1000.0 2521420.447 1868.42 4.1263 0 0 0 
2130000 2130 1000.0 2539718.756 1860.929 4.1252 0 0 0 
2140000 2140 1000.0 2557028.362 1837.32 4.1242 0 0 0 
2150000 2150 1000.0 2575393.728 1837.087 4.1279 0 0 0 
2160000 2160 1000.0 2594389.614 1848.359 4.124 0 0 0 
2170000 2170 1000.0 2611681.874 1824.223 4.111 0 0 0 
2180000 2180 1000.0 2630260.952 1830.732 4.136 0 0 0 
2190000 2190 1000.0 2649406.8 1846.199 4.1338 0 0 0 
2200000 2200 1000.0 2668671.782 1860.295 4.1196 0 0 0 
2210000 2210 1000.0 2687919.715 1872.065 4.123 0 0 0 
2220000 2220 1000.0 2706903.656 1877.083 4.1279 0 0 0 
2230000 2230 1000.0 2724474.784 1853.881 4.1275 0 0 0 
2240000 2240 1000.0 2743176.873 1856.881 4.1315 0 0 0 
2250000 2250 1000.0 2761804.874 1857.839 4.1337 0 0 0 
2260000 2260 1000.0 2780686.568 1863.198 4.1281 0 0 0 
2270000 2270 1000.0 2800132.433 1877.718 4.1327 0 0 0 
2280000 2280 1000.0 2819421.667 1887.038 4.1602 0 0 0 
2290000 2290 1000.0 2839102.661 1902.083 4.1958 0 0 0 
2300000 2300 1000.0 2857435.504 1889.321 4.1861 0 0 0 
2310000 2310 1000.0 2876137.357 1886.157 4.1835 0 0 0 
2320000 2320 1000.0 2895395.614 1893.43 4.1646 0 0 0 
2330000 2330 1000.0 2913994.023 1887.323 4.1574 0 0 0 
2340000 2340 1000.0 2933242.037 1894.16 4.1827 0 0 0 
2350000 2350 1000.0 2953441.357 1917.446 4.1832 0 0 0 
2360000 2360 1000.0 2973206.812 1928.424 4.1577 0 0 0 
2370000 2370 1000.0 2992285.664 1924.824 4.1414 0 0 0 
2380000 2380 1000.0 3011877.676 1930.757 4.1454 0 0 0 
2390000 2390 1000.0 3030968.784 1926.974 4.1515 0 0 0 
2400000 2400 1000.0 3050005.701 1922.327 4.1435 0 0 0 
2410000 2410 1000.0 3068984.691 1917.672 4.1812 0 0 0 
2420000 2420 1000.0 3088638.262 1926.89 4.1751 0 0 0 
2430000 2430 1000.0 3108350.102 1934.917 4.169 0 0 0 
2440000 2440 1000.0 3127490.847 1931.103 4.2053 0 0 0 
2450000 2450 1000.0 3147073.891 1935.961 4.2125 0 0 0 
2460000 2460 1000.0 3166083.793 1929.392 4.2121 0 0 0 
2470000 2470 1000.0 3185272.707 1927.491 4.2217 0 0 0 
2480000 2480 1000.0 3204871.157 1933.501 4.2277 0 0 0 
2490000 2490 1000.0 3224392.818 1936.715 4.2123 0 0 0 
2500000 2500 1000.0 3243635.036 1934.346 4.2013 0 0 0 
2510000 2510 1000.0 3262820.666 1931.118 4.204 0 0 0 
2520000 2520 1000.0 3282720.103 1941.679 4.2154 0 0 0 
2530000 2530 1000.0 3302391.654 1946.425 4.2072 0 0 0 
2540000 2540 1000.0 3322041.152 1949.856 4.1932 0 0 0 
2550000 2550 1000.0 3341288.675 1944.89 4.2288 0 0 0 
2560000 2560 1000.0 3361629.948 1961.169 4.2122 0 0 0 
2570000 2570 1000.0 3380938.325 1955.561 4.1911 0 0 0 
2580000 2580 1000.0 3401072.363 1966.437 4.18 0 0 0 
2590000 2590 1000.0 3420469.937 1961.008 4.1723 0 0 0 
2600000 2600 1000.0 3440044.403 1960.741 4.191 0 0 0 
2610000 2610 1000.0 3459121.898 1950.762 4.1809 0 0 0 
2620000 2620 1000.0 3479256.079 1961.769 4.1622 0 0 0 
2630000 2630 1000.0 3498877.541 1962.141 4.1447 0 0 0 
2640000 2640 1000.0 3519105.612 1972.939 4.1452 0 0 0 
2650000 2650 1000.0 3538852.666 1973.371 4.1549 0 0 0 
2660000 2660 1000.0 3558654.423 1974.565 4.1473 0 0 0 
2670000 2670 1000.0 3577628.492 1960.325 4.1506 0 0 0 
2680000 2680 1000.0 3597561.593 1965.986 4.188 0 0 0 
2690000 2690 1000.0 3617704.815 1974.587 4.1726 0 0 0 
2700000 2700 1000.0 3638145.194 1987.058 4.1829 0 0 0 
2710000 2710 1000.0 3659205.654 2008.737 4.1706 0 0 0 
2720000 2720 1000.0 3678506.999 1994.112 4.1647 0 0 0 
2730000 2730 1000.0 3698370.876 1992.668 4.16 0 0 0 
2740000 2740 1000.0 3718468.161 1996.047 4.1924 0 0 0 
2750000 2750 1000.0 3737979.312 1987.271 4.1775 0 0 0 
2760000 2760 1000.0 3758056.752 1990.658 4.1608 0 0 0 
2770000 2770 1000.0 3778006.345 1991.222 4.1607 0 0 0 
2780000 2780 1000.0 3796836.064 1972.008 4.1694 0 0 0 
2790000 2790 1000.0 3816328.929 1967.755 4.1581 0 0 0 
2800000 2800 1000.0 3835471.399 1958.19 4.1533 0 0 0 
2810000 2810 1000.0 3854962.237 1956.781 4.1753 0 0 0 
2820000 2820 1000.0 3874089.311 1948.502 4.1789 0 0 0 
2830000 2830 1000.0 3894248.995 1961.301 4.1882 0 0 0 
2840000 2840 1000.0 3914053.997 1964.835 4.1834 0 0 0 
2850000 2850 1000.0 3934070.268 1971.755 4.1882 0 0 0 
2860000 2860 1000.0 3954871.824 1990.755 4.1747 0 0 0 
2870000 2870 1000.0 3975395.042 2001.848 4.1761 0 0 0 
2880000 2880 1000.0 3995754.663 2007.771 4.1722 0 0 0 
2890000 2890 1000.0 4015631.223 2003.811 4.1703 0 0 0 
2900000 2900 1000.0 4036110.586 2012.054 4.1773 0 0 0 
2910000 2910 1000.0 4056539.382 2017.397 4.1645 0 0 0 
2920000 2920 1000.0 4077315.436 2028.423 4.1821 0 0 0 
2930000 2930 1000.0 4098019.977 2036.042 4.1705 0 0 0 
2940000 2940 1000.0 4118363.867 2035.789 4.1656 0 0 0 
2950000 2950 1000.0 4138737.967 2035.859 4.1826 0 0 0 
2960000 2960 1000.0 4159859.043 2049.764 4.1909 0 0 0 
2970000 2970 1000.0 4180132.338 2045.198 4.1817 0 0 0 
2980000 2980 1000.0 4198921.799 2015.052 4.1814 0 0 0 
2990000 2990 1000.0 4217342.382 1983.162 4.1761 0 0 0 
3000000 3000 1000.0 4236156.796 1964.788 4.1902 0 0 0 
3010000 3010 1000.0 4256163.375 1971.891 4.1878 0 0 0 
3020000 3020 1000.0 4276639.484 1986.004 4.1714 0 0 0 
3030000 3030 1000.0 4297002.131 1995.717 4.1748 0 0 0 
3040000 3040 1000.0 4317541.939 2005.978 4.1603 0 0 0 
3050000 3050 1000.0 4338176.372 2016.615 4.1498 0 0 0 
3060000 3060 1000.0 4358321.869 2016.04 4.1782 0 0 0 
3070000 3070 1000.0 4378804.954 2021.734 4.181 0 0 0 
3080000 3080 1000.0 4399294.414 2026.78 4.1659 0 0 0 
3090000 3090 1000.0 4418397.33 2005.511 4.1645 0 0 0 
3100000 3100 1000.0 4437454.105 1987.625 4.18 0 0 0 
3110000 3110 1000.0 4456994.839 1981.332 4.2064 0 0 0 
3120000 3120 1000.0 4476330.43 1972.855 4.2025 0 0 0 
3130000 3130 1000.0 4495638.099 1965.223 4.1997 0 0 0 
3140000 3140 1000.0 4516557.802 1988.859 4.2284 0 0 0 
3150000 3150 1000.0 4537801.891 2013.308 4.2177 0 0 0 
3160000 3160 1000.0 4558158.207 2017.119 4.2123 0 0 0 
3170000 3170 1000.0 4579028.455 2029.414 4.2296 0 0 0 
3180000 3180 1000.0 4599085.244 2024.878 4.2381 0 0 0 
3190000 3190 1000.0 4619774.456 2032.782 4.227 0 0 0 
3200000 3200 1000.0 4639937.468 2029.514 4.2403 0 0 0 
3210000 3210 1000.0 4659938.272 2024.089 4.2345 0 0 0 
3220000 3220 1000.0 4680501.748 2029.858 4.2383 0 0 0 
3230000 3230 1000.0 4700071.697 2016.618 4.257 0 0 0 
3240000 3240 1000.0 4719592.932 2005.152 4.235 0 0 0 
3250000 3250 1000.0 4739825.498 2008.678 4.2276 0 0 0 
3260000 3260 1000.0 4760171.082 2014.292 4.2189 0 0 0 
3270000 3270 1000.0 4780599.264 2018.954 4.2068 0 0 0 
3280000 3280 1000.0 4801618.354 2034.066 4.1993 0 0 0 
3290000 3290 1000.0 4822442.127 2042.809 4.1992 0 0 0 
3300000 3300 1000.0 4842867.732 2042.438 4.1982 0 0 0 
3310000 3310 1000.0 4862970.969 2037.188 4.2098 0 0 0 
3320000 3320 1000.0 4883354.556 2037.685 4.2079 0 0 0 
3330000 3330 1000.0 4903516.192 2033.605 4.1989 0 0 0 
3340000 3340 1000.0 4923558.824 2028.391 4.2176 0 0 0 
3350000 3350 1000.0 4943850.154 2028.611 4.2029 0 0 0 
3360000 3360 1000.0 4964137.423 2028.273 4.1987 0 0 0 
3370000 3370 1000.0 4984363.618 2027.693 4.1916 0 0 0 
3380000 3380 1000.0 5004906.208 2031.977 4.1988 0 0 0 
3390000 3390 1000.0 5024978.15 2027.554 4.2123 0 0 0 
3400000 3400 1000.0 5045517.758 2032.709 4.2315 0 0 0 
3410000 3410 1000.0 5065862.623 2033.634 4.2351 0 0 0 
3420000 3420 1000.0 5084717.148 2006.335 4.2157 0 0 0 
3430000 3430 1000.0 5104372.705 1998.676 4.2428 0 0 0 
3440000 3440 1000.0 5125181.193 2013.923 4.2254 0 0 0 
3450000 3450 1000.0 5145788.688 2021.874 4.2283 0 0 0 
3460000 3460 1000.0 5166573.016 2031.876 4.24 0 0 0 
3470000 3470 1000.0 5187546.314 2044.564 4.2482 0 0 0 
3480000 3480 1000.0 5208462.498 2053.375 4.251 0 0 0 
3490000 3490 1000.0 5228759.649 2049.031 4.2557 0 0 0 
3500000 3500 1000.0 5249418.348 2052.232 4.2607 0 0 0 
3510000 3510 1000.0 5269121.191 2037.328 4.261 0 0 0 
3520000 3520 1000.0 5289756.482 2041.936 4.2679 0 0 0 
3530000 3530 1000.0 5310929.928 2055.927 4.2725 0 0 0 
3540000 3540 1000.0 5332004.624 2065.033 4.2608 0 0 0 
3550000 3550 1000.0 5352065.782 2053.628 4.2468 0 0 0 
3560000 3560 1000.0 5371649.921 2036.285 4.2455 0 0 0 
3570000 3570 1000.0 5391889.438 2034.115 4.2338 0 0 0 
3580000 3580 1000.0 5412292.607 2035.285 4.2364 0 0 0 
3590000 3590 1000.0 5432650.599 2036.096 4.2402 0 0 0 
3600000 3600 1000.0 5453234.889 2040.155 4.2394 0 0 0 
3610000 3610 1000.0 5473549.292 2038.707 4.22 0 0 0 
3620000 3620 1000.0 5493463.405 2030.414 4.222 0 0 0 
3630000 3630 1000.0 5514374.837 2041.579 4.2116 0 0 0 
3640000 3640 1000.0 5535360.422 2051.99 4.2109 0 0 0 
3650000 3650 1000.0 5556673.7 2066.572 4.2199 0 0 0 
3660000 3660 1000.0 5577820.324 2075.068 4.2178 0 0 0 
3670000 3670 1000.0 5599167.685 2086.345 4.2281 0 0 0 
3680000 3680 1000.0 5619027.886 2067.967 4.2528 0 0 0 
3690000 3690 1000.0 5639593.323 2065.489 4.2543 0 0 0 
3700000 3700 1000.0 5660434.217 2068.918 4.2428 0 0 0 
3710000 3710 1000.0 5681255.606 2071.641 4.2379 0 0 0 
3720000 3720 1000.0 5701046.277 2054.284 4.2344 0 0 0 
3730000 3730 1000.0 5722464.563 2070.696 4.2323 0 0 0 
3740000 3740 1000.0 5743425.378 2075.147 4.2305 0 0 0 
3750000 3750 1000.0 5765003.247 2090.721 4.2159 0 0 0 
3760000 3760 1000.0 5787136.318 2113.21 4.2169 0 0 0 
3770000 3770 1000.0 5809117.026 2128.835 4.2041 0 0 0 
3780000 3780 1000.0 5831837.929 2155.469 4.2001 0 0 0 
3790000 3790 1000.0 5853974.382 2166.297 4.211 0 0 0 
3800000 3800 1000.0 5876185.789 2176.233 4.2099 0 0 0 
3810000 3810 1000.0 5898380.748 2183.971 4.2071 0 0 0 
3820000 3820 1000.0 5920758.682 2193.713 4.2148 0 0 0 
3830000 3830 1000.0 5943741.748 2212.846 4.2099 0 0 0 
3840000 3840 1000.0 5966540.675 2224.585 4.2215 0 0 0 
3850000 3850 1000.0 5988412.756 2217.978 4.2185 0 0 0 
3860000 3860 1000.0 6010420.812 2214.787 4.2449 0 0 0 
3870000 3870 1000.0 6032122.13 2206.715 4.2524 0 0 0 
3880000 3880 1000.0 6054205.605 2207.303 4.252 0 0 0 
3890000 3890 1000.0 6075605.961 2194.754 4.2508 0 0 0 
3900000 3900 1000.0 6096259.363 2170.719 4.2497 0 0 0 
3910000 3910 1000.0 6117758.118 2166.677 4.252 0 0 0 
3920000 3920 1000.0 6139278.742 2164.198 4.2499 0 0 0 
3930000 3930 1000.0 6160574.778 2157.883 4.2404 0 0 0 
3940000 3940 1000.0 6182064.951 2156.43 4.235 0 0 0 
3950000 3950 1000.0 6203763.36 2158.856 4.2259 0 0 0 
3960000 3960 1000.0 6225679.942 2164.884 4.2443 0 0 0 
3970000 3970 1000.0 6247677.626 2171.226 4.2313 0 0 0 
3980000 3980 1000.0 6269344.249 2170.658 4.2343 0 0 0 
3990000 3990 1000.0 6290601.465 2162.281 4.2434 0 0 0 
4000000 4000 1000.0 6311458.438 2148.212 4.2397 0 0 0 
