10000 10 182.927 -5.9 -0.108 0.5443 0 0 0 
20000 20 332.392 -11.165 -0.185 0.994 0 0 0 
30000 63 311.574 -39.812 -0.461 1.4062 0 0 0 
40000 95 289.543 -53.949 -0.459 1.4479 0 0 0 
50000 133 292.083 -76.23 -0.524 1.5517 0 0 0 
60000 233 104.323 -156.546 -0.803 0.5795 0 0 0 
70000 279 197.447 -188.86 -0.713 1.0983 0 0 0 
80000 306 277.078 -192.412 -0.461 1.5591 0 0 0 
90000 323 363.336 -194.597 -0.366 2.0503 0 0 0 
100000 339 439.305 -193.935 -0.253 2.486 0 0 0 
110000 351 515.645 -195.107 -0.227 2.9197 0 0 0 
120000 375 474.63 -190.493 -0.06 2.729 0 0 0 
130000 392 509.984 -186.334 0.027 2.9568 0 0 0 
140000 402 589.897 -189.615 -0.044 3.4238 0 0 0 
150000 447 371.454 -175.956 0.175 2.1743 0 0 0 
160000 483 319.57 -175.444 0.046 1.8665 0 0 0 
170000 546 232.553 -214.926 -0.441 1.3554 0 0 0 
180000 590 217.07 -243.691 -0.609 1.2682 0 0 0 
190000 649 195.68 -266.166 -0.419 1.1477 0 0 0 
200000 721 158.231 -277.705 -0.193 0.933 0 0 0 
210000 792 135.025 -283.9 -0.187 0.8023 0 0 0 
220000 845 170.037 -292.877 -0.197 0.9966 0 0 0 
230000 881 214.553 -299.757 -0.189 1.2459 0 0 0 
240000 927 209.498 -279.588 0.188 1.2125 0 0 0 
250000 1017 112.821 -204.739 0.739 0.6579 0 0 0 
260000 1096 141.415 -134.799 0.863 0.8237 0 0 0 
270000 1207 96.299 -38.507 0.879 0.5615 0 0 0 
280000 1359 78.439 106.292 0.913 0.4626 0 0 0 
290000 1517 55.316 265.625 1.019 0.3329 0 0 0 
300000 1680 59.047 419.714 0.97 0.3546 0 0 0 
310000 1853 61.173 579.851 0.98 0.3709 0 0 0 
320000 2036 55.31 750.02 0.979 0.3372 0 0 0 
330000 2201 66.071 900.544 0.9 0.3953 0 0 0 
340000 2370 60.937 1054.697 0.888 0.3694 0 0 0 
350000 2565 51.741 1234.736 0.868 0.3127 0 0 0 
360000 2784 48.189 1448.874 0.987 0.29 0 0 0 
370000 2953 63.013 1617.024 0.989 0.3782 0 0 0 
380000 3160 46.398 1822.912 0.991 0.2807 0 0 0 
390000 3361 45.268 2025.106 1.004 0.2738 0 0 0 
400000 3597 43.627 2260.163 1.015 0.2641 0 0 0 
410000 3844 40.34 2502.263 0.984 0.2432 0 0 0 
420000 4099 38.999 2758.472 1.003 0.2376 0 0 0 
430000 4330 40.342 2986.738 0.984 0.2486 0 0 0 
440000 4568 41.026 3227.716 0.998 0.2538 0 0 0 
450000 4760 61.724 3418.85 0.946 0.3732 0 0 0 
460000 4960 42.989 3616.028 0.975 0.279 0 0 0 
470000 5156 47.438 3810.837 1.011 0.2877 0 0 0 
480000 5379 42.638 4034.866 1.007 0.2564 0 0 0 
490000 5588 50.222 4240.953 1.001 0.3012 0 0 0 
500000 5819 42.267 4465.284 0.968 0.2584 0 0 0 
510000 6065 41.253 4710.475 1.012 0.2536 0 0 0 
520000 6301 41.835 4947.73 0.956 0.2517 0 0 0 
530000 6553 38.946 5202.84 1.018 0.2347 0 0 0 
540000 6778 43.897 5424.979 0.994 0.2647 0 0 0 
550000 7028 40.467 5678.124 1.016 0.2439 0 0 0 
560000 7272 37.858 5925.211 1.008 0.229 0 0 0 
570000 7491 47.909 6145.416 0.992 0.2877 0 0 0 
580000 7696 48.801 6349.674 1.005 0.2905 0 0 0 
590000 7914 49.446 6566.677 0.975 0.2964 0 0 0 
600000 8162 38.885 6815.781 1.0 0.2358 0 0 0 
610000 8402 42.94 7056.845 1.012 0.2597 0 0 0 
620000 8640 41.033 7293.937 0.995 0.2493 0 0 0 
630000 8878 41.938 7535.045 0.985 0.2531 0 0 0 
640000 9124 42.046 7784.062 0.994 0.2531 0 0 0 
650000 9379 38.446 8044.091 1.019 0.2291 0 0 0 
660000 9606 44.765 8268.165 0.995 0.2705 0 0 0 
670000 9836 59.273 8501.191 0.99 0.3596 0 0 0 
680000 10041 48.224 8709.483 1.019 0.2935 0 0 0 
690000 10261 48.285 8932.649 1.014 0.2996 0 0 0 
700000 10493 40.715 9165.579 1.012 0.2557 0 0 0 
710000 10749 38.574 9424.764 1.02 0.2424 0 0 0 
720000 11006 36.157 9682.914 1.013 0.225 0 0 0 
730000 11231 41.422 9910.896 1.015 0.2564 0 0 0 
740000 11485 42.099 10167.979 0.998 0.2542 0 0 0 
750000 11744 39.174 10432.128 1.02 0.2403 0 0 0 
760000 11990 38.347 10679.125 1.004 0.2351 0 0 0 
770000 12242 40.762 10936.311 1.021 0.2447 0 0 0 
780000 12505 38.464 11202.458 1.006 0.2336 0 0 0 
790000 12738 41.865 11438.592 1.021 0.2618 0 0 0 
800000 12974 41.491 11675.626 1.02 0.2618 0 0 0 
810000 13196 48.142 11900.688 1.01 0.2977 0 0 0 
820000 13416 43.916 12120.021 0.988 0.2729 0 0 0 
830000 13650 41.024 12359.113 1.02 0.2574 0 0 0 
840000 13866 38.884 12574.203 1.011 0.2445 0 0 0 
850000 14101 43.503 12810.218 0.97 0.2673 0 0 0 
860000 14322 44.391 13036.175 1.021 0.2819 0 0 0 
870000 14547 44.823 13264.163 1.003 0.2822 0 0 0 
880000 14758 50.542 13476.138 0.97 0.319 0 0 0 
890000 14954 47.5 13671.045 0.984 0.2993 0 0 0 
900000 15181 51.211 13897.389 0.99 0.3234 0 0 0 
910000 15410 37.906 14127.481 0.976 0.2426 0 0 0 
920000 15627 39.753 14345.549 1.016 0.2509 0 0 0 
930000 15894 35.28 14611.704 1.009 0.224 0 0 0 
940000 16132 37.274 14850.838 1.011 0.2372 0 0 0 
950000 16387 37.893 15104.854 1.01 0.2322 0 0 0 
960000 16640 37.874 15358.926 1.015 0.2332 0 0 0 
970000 16889 42.265 15611.012 1.016 0.2589 0 0 0 
980000 17116 45.787 15837.002 0.951 0.2832 0 0 0 
990000 17333 43.363 16042.909 0.985 0.2728 0 0 0 
1000000 17587 37.657 16287.982 0.932 0.2347 0 0 0 
