10000 10 182.927 -6.0 -0.106 0.5362 0 0 0 
20000 20 323.432 -10.0 -0.158 0.9484 0 0 0 
30000 39 381.195 -18.0 -0.24 1.5672 0 0 0 
40000 148 118.355 2.0 0.162 0.6255 0 0 0 
50000 175 229.127 57.0 1.032 1.2934 0 0 0 
60000 222 208.153 76.0 0.581 1.1908 0 0 0 
70000 275 180.12 103.0 0.475 1.0357 0 0 0 
80000 328 186.059 177.0 1.054 1.0793 0 0 0 
90000 358 256.499 253.0 1.788 1.4779 0 0 0 
100000 376 352.088 335.0 2.684 2.0006 0 0 0 
110000 398 379.969 424.0 3.088 2.1592 0 0 0 
120000 426 380.839 548.0 3.826 2.1612 0 0 0 
130000 443 444.553 673.0 4.833 2.515 0 0 0 
140000 459 486.412 782.0 5.327 2.7485 0 0 0 
150000 480 485.916 893.0 5.315 2.7373 0 0 0 
160000 500 485.977 963.0 4.735 2.7443 0 0 0 
170000 518 513.617 1020.0 4.292 2.8927 0 0 0 
180000 535 529.449 1092.0 4.221 2.9957 0 0 0 
190000 551 563.299 1142.0 3.983 3.1851 0 0 0 
200000 571 523.175 1190.0 3.349 2.9573 0 0 0 
210000 587 566.074 1241.0 3.403 3.1964 0 0 0 
220000 606 548.655 1324.0 3.632 3.0745 0 0 0 
230000 626 529.604 1396.0 3.542 2.9404 0 0 0 
240000 639 586.947 1479.0 4.303 3.2292 0 0 0 
250000 654 615.264 1559.0 4.606 3.3764 0 0 0 
260000 669 621.615 1681.0 5.422 3.3889 0 0 0 
270000 688 592.795 1809.0 5.97 3.2171 0 0 0 
280000 708 562.965 1938.0 6.088 3.0561 0 0 0 
290000 731 513.554 2116.0 6.634 2.7885 0 0 0 
300000 752 497.522 2240.0 6.314 2.7043 0 0 0 
310000 769 520.357 2374.0 6.823 2.8293 0 0 0 
320000 788 528.309 2536.0 7.445 2.875 0 0 0 
330000 805 546.624 2668.0 7.517 2.9788 0 0 0 
340000 822 558.505 2808.0 7.626 3.0499 0 0 0 
350000 840 548.074 2933.0 7.273 3.0009 0 0 0 
360000 869 460.301 3093.0 6.502 2.5238 0 0 0 
370000 892 450.588 3227.0 6.229 2.4705 0 0 0 
380000 917 428.206 3375.0 6.084 2.3423 0 0 0 
390000 936 453.561 3524.0 6.569 2.4874 0 0 0 
400000 956 470.522 3663.0 6.693 2.5878 0 0 0 
410000 976 477.255 3813.0 6.968 2.6265 0 0 0 
420000 992 513.488 3927.0 6.994 2.8258 0 0 0 
430000 1010 532.201 4048.0 6.885 2.9286 0 0 0 
440000 1036 467.678 4250.0 7.177 2.5763 0 0 0 
450000 1064 419.096 4468.0 7.542 2.3061 0 0 0 
460000 1088 423.52 4619.0 7.022 2.3255 0 0 0 
470000 1113 413.392 4773.0 6.707 2.282 0 0 0 
480000 1141 400.43 4931.0 6.259 2.2071 0 0 0 
490000 1163 418.107 5098.0 6.89 2.2926 0 0 0 
500000 1188 408.871 5312.0 7.61 2.2274 0 0 0 
510000 1217 378.435 5555.0 7.919 2.0472 0 0 0 
520000 1243 382.499 5788.0 8.304 2.0702 0 0 0 
530000 1272 368.86 6030.0 8.352 2.0152 0 0 0 
540000 1302 353.495 6247.0 7.822 1.9666 0 0 0 
550000 1333 337.384 6455.0 7.325 1.8771 0 0 0 
560000 1358 345.89 6613.0 6.87 1.9185 0 0 0 
570000 1399 304.012 6867.0 6.736 1.6697 0 0 0 
580000 1427 328.79 7085.0 7.142 1.8026 0 0 0 
590000 1460 316.159 7296.0 6.793 1.7324 0 0 0 
600000 1492 311.364 7520.0 6.71 1.7013 0 0 0 
610000 1520 337.207 7721.0 6.936 1.8322 0 0 0 
620000 1547 346.009 7937.0 7.367 1.8853 0 0 0 
630000 1575 351.084 8109.0 6.903 1.9335 0 0 0 
640000 1600 375.06 8285.0 6.988 2.0531 0 0 0 
650000 1632 339.612 8503.0 6.751 1.8631 0 0 0 
660000 1664 330.796 8733.0 7.089 1.8154 0 0 0 
670000 1694 334.508 8921.0 6.766 1.8421 0 0 0 
680000 1723 330.052 9123.0 6.765 1.8193 0 0 0 
690000 1753 339.47 9344.0 7.158 1.87 0 0 0 
700000 1776 372.354 9501.0 7.071 2.0516 0 0 0 
710000 1805 360.731 9723.0 7.365 1.988 0 0 0 
720000 1831 368.333 9930.0 7.564 2.0286 0 0 0 
730000 1858 354.984 10118.0 7.3 1.9535 0 0 0 
740000 1878 411.492 10257.0 7.191 2.2826 0 0 0 
750000 1909 375.059 10512.0 7.724 2.0751 0 0 0 
760000 1931 403.863 10698.0 7.787 2.2288 0 0 0 
770000 1954 410.195 10892.0 8.131 2.2628 0 0 0 
780000 1982 394.746 11130.0 8.177 2.1766 0 0 0 
790000 2008 384.813 11332.0 7.973 2.126 0 0 0 
800000 2033 387.958 11527.0 7.995 2.135 0 0 0 
810000 2065 359.508 11773.0 7.896 1.9848 0 0 0 
820000 2095 344.061 12011.0 7.763 1.8979 0 0 0 
830000 2125 339.12 12273.0 8.28 1.8573 0 0 0 
840000 2143 404.847 12431.0 8.383 2.2132 0 0 0 
850000 2166 415.93 12635.0 8.569 2.2857 0 0 0 
860000 2190 412.672 12831.0 8.42 2.2712 0 0 0 
870000 2213 430.313 13034.0 8.616 2.3829 0 0 0 
880000 2241 399.525 13247.0 8.15 2.2201 0 0 0 
890000 2265 398.296 13420.0 7.717 2.2217 0 0 0 
900000 2294 381.181 13617.0 7.364 2.1334 0 0 0 
910000 2318 385.214 13787.0 7.343 2.1481 0 0 0 
920000 2345 388.046 14024.0 7.98 2.1681 0 0 0 
930000 2371 386.087 14237.0 8.041 2.1601 0 0 0 
940000 2397 384.385 14447.0 8.001 2.1571 0 0 0 
950000 2421 398.82 14638.0 7.962 2.2367 0 0 0 
960000 2449 381.859 14821.0 7.367 2.1382 0 0 0 
970000 2476 380.635 15018.0 7.346 2.1243 0 0 0 
980000 2498 401.245 15174.0 7.204 2.2405 0 0 0 
990000 2528 376.822 15366.0 6.819 2.1112 0 0 0 
1000000 2557 366.1 15558.0 6.847 2.0536 0 0 0 
1010000 2583 371.458 15743.0 6.903 2.0796 0 0 0 
1020000 2613 345.22 15929.0 6.637 1.9137 0 0 0 
1030000 2638 375.777 16142.0 7.357 2.0942 0 0 0 
1040000 2661 399.335 16317.0 7.517 2.2198 0 0 0 
1050000 2690 373.466 16547.0 7.611 2.0879 0 0 0 
1060000 2712 402.447 16729.0 7.802 2.25 0 0 0 
1070000 2743 372.753 16982.0 8.099 2.0846 0 0 0 
1080000 2769 377.118 17197.0 8.08 2.1164 0 0 0 
1090000 2792 398.147 17402.0 8.393 2.2301 0 0 0 
1100000 2815 411.207 17608.0 8.582 2.3139 0 0 0 
1110000 2840 404.651 17812.0 8.334 2.2798 0 0 0 
1120000 2861 425.07 17994.0 8.431 2.3845 0 0 0 
1130000 2888 406.044 18215.0 8.327 2.2824 0 0 0 
1140000 2917 378.53 18456.0 8.346 2.1335 0 0 0 
1150000 2942 381.229 18658.0 8.232 2.1493 0 0 0 
1160000 2972 367.252 18872.0 7.855 2.0765 0 0 0 
1170000 2998 372.34 19101.0 8.286 2.0998 0 0 0 
1180000 3026 357.382 19328.0 7.996 2.0076 0 0 0 
1190000 3049 391.951 19536.0 8.562 2.1942 0 0 0 
1200000 3077 373.084 19757.0 8.164 2.0885 0 0 0 
1210000 3101 392.673 19954.0 8.313 2.1919 0 0 0 
1220000 3127 397.609 20176.0 8.32 2.224 0 0 0 
1230000 3153 390.413 20385.0 8.118 2.1804 0 0 0 
1240000 3181 367.349 20606.0 7.944 2.0512 0 0 0 
1250000 3209 364.305 20841.0 8.063 2.0332 0 0 0 
1260000 3237 355.211 21046.0 7.698 1.9841 0 0 0 
1270000 3262 375.465 21265.0 8.23 2.091 0 0 0 
1280000 3290 365.366 21445.0 7.375 2.0358 0 0 0 
1290000 3311 398.62 21640.0 7.943 2.2175 0 0 0 
1300000 3341 372.611 21872.0 7.91 2.0666 0 0 0 
1310000 3364 396.009 22064.0 8.092 2.1968 0 0 0 
1320000 3389 399.543 22268.0 8.138 2.2197 0 0 0 
1330000 3421 356.177 22539.0 8.221 1.9792 0 0 0 
1340000 3446 366.956 22771.0 8.628 2.0393 0 0 0 
1350000 3470 395.536 22951.0 8.301 2.2045 0 0 0 
1360000 3499 366.566 23209.0 8.38 2.044 0 0 0 
1370000 3524 373.03 23403.0 8.136 2.075 0 0 0 
1380000 3548 383.848 23613.0 8.408 2.1342 0 0 0 
1390000 3576 384.153 23814.0 7.942 2.1451 0 0 0 
1400000 3605 363.703 24088.0 8.578 2.0282 0 0 0 
1410000 3636 344.432 24351.0 8.545 1.9195 0 0 0 
1420000 3665 344.831 24607.0 8.6 1.9184 0 0 0 
1430000 3690 365.06 24806.0 8.406 2.0297 0 0 0 
1440000 3714 374.317 25033.0 8.74 2.0754 0 0 0 
1450000 3743 362.365 25267.0 8.48 2.0142 0 0 0 
1460000 3765 385.249 25470.0 8.764 2.1298 0 0 0 
1470000 3788 409.913 25661.0 8.587 2.2597 0 0 0 
1480000 3819 373.31 25924.0 8.66 2.066 0 0 0 
1490000 3848 361.86 26175.0 8.685 2.0069 0 0 0 
1500000 3871 384.727 26394.0 8.87 2.1413 0 0 0 
1510000 3895 397.353 26597.0 8.692 2.2101 0 0 0 
1520000 3916 418.376 26786.0 8.798 2.3113 0 0 0 
1530000 3936 452.624 26951.0 8.656 2.4808 0 0 0 
1540000 3959 448.148 27170.0 9.025 2.449 0 0 0 
1550000 3984 419.968 27386.0 8.725 2.3132 0 0 0 
1560000 4010 409.723 27576.0 8.195 2.2661 0 0 0 
1570000 4034 408.927 27796.0 8.576 2.2607 0 0 0 
1580000 4058 417.15 28000.0 8.558 2.3012 0 0 0 
1590000 4086 391.508 28265.0 8.963 2.1572 0 0 0 
1600000 4111 396.47 28499.0 9.192 2.1845 0 0 0 
1610000 4140 372.526 28737.0 8.7 2.0535 0 0 0 
1620000 4166 371.433 28952.0 8.447 2.0473 0 0 0 
1630000 4192 375.14 29170.0 8.403 2.0713 0 0 0 
1640000 4218 379.639 29376.0 8.282 2.0978 0 0 0 
1650000 4251 341.337 29638.0 8.125 1.8806 0 0 0 
1660000 4275 365.804 29835.0 8.092 2.0002 0 0 0 
1670000 4302 367.992 30085.0 8.573 2.002 0 0 0 
1680000 4327 377.409 30305.0 8.643 2.0491 0 0 0 
1690000 4357 353.104 30559.0 8.504 1.9088 0 0 0 
1700000 4382 369.128 30794.0 8.836 2.0053 0 0 0 
1710000 4412 352.175 31063.0 9.001 1.9331 0 0 0 
1720000 4440 354.782 31312.0 8.95 1.9559 0 0 0 
1730000 4465 369.701 31537.0 8.861 2.0403 0 0 0 
1740000 4493 366.009 31760.0 8.559 2.0281 0 0 0 
1750000 4523 347.564 32032.0 8.624 1.9315 0 0 0 
1760000 4543 401.42 32189.0 8.379 2.2164 0 0 0 
1770000 4568 402.903 32415.0 8.645 2.2299 0 0 0 
1780000 4593 403.837 32637.0 8.872 2.2372 0 0 0 
1790000 4619 392.465 32864.0 8.705 2.1732 0 0 0 
1800000 4648 371.28 33103.0 8.433 2.0581 0 0 0 
1810000 4676 363.409 33305.0 7.871 2.0169 0 0 0 
1820000 4706 353.976 33569.0 8.33 1.9641 0 0 0 
1830000 4730 367.281 33780.0 8.436 2.0416 0 0 0 
1840000 4758 359.214 34022.0 8.471 1.993 0 0 0 
1850000 4780 395.655 34235.0 8.919 2.1879 0 0 0 
1860000 4804 408.384 34449.0 9.04 2.2597 0 0 0 
1870000 4826 415.148 34647.0 8.838 2.2938 0 0 0 
1880000 4850 413.453 34861.0 8.882 2.2886 0 0 0 
1890000 4876 409.946 35098.0 9.101 2.2701 0 0 0 
1900000 4909 349.789 35359.0 8.294 1.9423 0 0 0 
1910000 4936 363.433 35595.0 8.515 2.0217 0 0 0 
1920000 4957 393.415 35800.0 8.881 2.1856 0 0 0 
1930000 4986 380.925 36047.0 8.875 2.1106 0 0 0 
1940000 5009 403.148 36259.0 8.949 2.2332 0 0 0 
1950000 5036 382.629 36512.0 9.122 2.1209 0 0 0 
1960000 5061 391.976 36719.0 8.873 2.1748 0 0 0 
1970000 5083 410.468 36910.0 8.763 2.2771 0 0 0 
1980000 5109 404.026 37141.0 8.818 2.2406 0 0 0 
1990000 5141 362.445 37438.0 9.106 2.0104 0 0 0 
2000000 5170 354.664 37706.0 9.171 1.9699 0 0 0 
2010000 5195 372.655 37937.0 9.201 2.0726 0 0 0 
2020000 5224 358.026 38166.0 8.721 1.9847 0 0 0 
2030000 5249 371.897 38373.0 8.396 2.059 0 0 0 
2040000 5279 354.407 38646.0 8.73 1.9511 0 0 0 
2050000 5308 350.346 38902.0 8.818 1.9314 0 0 0 
2060000 5335 358.361 39146.0 8.929 1.9875 0 0 0 
2070000 5360 377.29 39354.0 8.615 2.0905 0 0 0 
2080000 5391 354.537 39650.0 9.124 1.9593 0 0 0 
2090000 5420 345.793 39896.0 8.716 1.9118 0 0 0 
2100000 5449 352.529 40167.0 9.13 1.9515 0 0 0 
2110000 5474 371.033 40401.0 9.092 2.0524 0 0 0 
2120000 5505 348.734 40681.0 9.066 1.9352 0 0 0 
2130000 5531 367.919 40927.0 9.24 2.051 0 0 0 
2140000 5555 390.879 41136.0 9.127 2.175 0 0 0 
2150000 5584 368.592 41401.0 9.056 2.0536 0 0 0 
2160000 5607 394.173 41581.0 8.667 2.1974 0 0 0 
2170000 5634 378.201 41819.0 8.639 2.1138 0 0 0 
2180000 5667 343.153 42112.0 8.81 1.9234 0 0 0 
2190000 5692 363.297 42337.0 8.834 2.0384 0 0 0 
2200000 5721 360.98 42580.0 8.699 2.0049 0 0 0 
2210000 5747 364.901 42804.0 8.657 2.0149 0 0 0 
2220000 5775 364.787 43054.0 8.746 2.0082 0 0 0 
2230000 5806 348.384 43330.0 8.838 1.9204 0 0 0 
2240000 5840 317.426 43614.0 8.52 1.7516 0 0 0 
2250000 5868 332.288 43856.0 8.524 1.8285 0 0 0 
2260000 5898 329.564 44139.0 8.939 1.8161 0 0 0 
2270000 5924 341.423 44375.0 9.034 1.8783 0 0 0 
2280000 5955 334.851 44644.0 8.844 1.8462 0 0 0 
2290000 5982 346.594 44904.0 9.08 1.9064 0 0 0 
2300000 6010 351.967 45158.0 9.185 1.9287 0 0 0 
2310000 6039 341.2 45412.0 8.916 1.8764 0 0 0 
2320000 6065 358.257 45637.0 8.855 1.9595 0 0 0 
2330000 6089 381.062 45842.0 8.804 2.0887 0 0 0 
2340000 6119 354.201 46127.0 9.108 1.9373 0 0 0 
2350000 6145 369.145 46386.0 9.415 2.0143 0 0 0 
2360000 6172 363.962 46639.0 9.33 1.9916 0 0 0 
2370000 6197 384.081 46865.0 9.2 2.1002 0 0 0 
2380000 6225 374.779 47118.0 9.178 2.0542 0 0 0 
2390000 6256 352.276 47409.0 9.288 1.9438 0 0 0 
2400000 6283 354.126 47678.0 9.508 1.958 0 0 0 
2410000 6309 374.91 47912.0 9.381 2.0651 0 0 0 
2420000 6336 375.958 48166.0 9.445 2.063 0 0 0 
2430000 6365 361.531 48413.0 9.041 1.9837 0 0 0 
2440000 6391 359.04 48646.0 8.964 1.9687 0 0 0 
2450000 6417 373.64 48898.0 9.311 2.0498 0 0 0 
2460000 6444 362.248 49128.0 8.945 1.9916 0 0 0 
2470000 6469 379.373 49341.0 8.838 2.0776 0 0 0 
2480000 6496 379.358 49577.0 8.821 2.0805 0 0 0 
2490000 6521 384.369 49805.0 8.892 2.1195 0 0 0 
2500000 6550 362.843 50074.0 9.018 2.0132 0 0 0 
2510000 6577 368.114 50325.0 9.13 2.0488 0 0 0 
2520000 6608 346.616 50613.0 9.234 1.9341 0 0 0 
2530000 6637 345.447 50877.0 9.263 1.9293 0 0 0 
2540000 6665 350.586 51151.0 9.497 1.9615 0 0 0 
2550000 6691 364.951 51391.0 9.42 2.0441 0 0 0 
2560000 6716 374.53 51618.0 9.183 2.0963 0 0 0 
2570000 6748 345.272 51905.0 9.055 1.9256 0 0 0 
2580000 6772 366.42 52133.0 9.211 2.0369 0 0 0 
2590000 6801 361.738 52399.0 9.209 2.0081 0 0 0 
2600000 6827 369.157 52649.0 9.345 2.0468 0 0 0 
2610000 6853 376.013 52891.0 9.366 2.0815 0 0 0 
2620000 6876 398.988 53114.0 9.441 2.2026 0 0 0 
2630000 6901 395.995 53350.0 9.417 2.1913 0 0 0 
2640000 6927 392.367 53569.0 9.137 2.1728 0 0 0 
2650000 6956 370.028 53811.0 8.826 2.051 0 0 0 
2660000 6979 386.437 54022.0 8.802 2.1393 0 0 0 
2670000 7006 381.602 54281.0 9.213 2.1111 0 0 0 
2680000 7034 367.343 54547.0 9.286 2.0366 0 0 0 
2690000 7065 348.193 54851.0 9.597 1.9267 0 0 0 
2700000 7089 370.853 55094.0 9.752 2.0426 0 0 0 
2710000 7111 404.842 55300.0 9.572 2.2223 0 0 0 
2720000 7137 389.494 55541.0 9.413 2.1397 0 0 0 
2730000 7163 392.299 55791.0 9.486 2.162 0 0 0 
2740000 7189 392.906 56021.0 9.327 2.1704 0 0 0 
2750000 7217 375.977 56282.0 9.257 2.0779 0 0 0 
2760000 7244 371.101 56535.0 9.359 2.0518 0 0 0 
2770000 7268 393.576 56747.0 9.186 2.1774 0 0 0 
2780000 7296 377.338 56997.0 9.158 2.0912 0 0 0 
2790000 7321 381.173 57232.0 9.093 2.1157 0 0 0 
2800000 7351 365.484 57504.0 9.154 2.0277 0 0 0 
2810000 7375 379.633 57720.0 9.031 2.1113 0 0 0 
2820000 7402 375.228 57962.0 8.999 2.0887 0 0 0 
2830000 7426 389.011 58173.0 8.917 2.1759 0 0 0 
2840000 7452 389.954 58399.0 8.921 2.1651 0 0 0 
2850000 7478 384.068 58640.0 8.953 2.1419 0 0 0 
2860000 7500 412.538 58812.0 8.635 2.3386 0 0 0 
2870000 7529 377.564 59064.0 8.609 2.1194 0 0 0 
2880000 7552 394.29 59284.0 8.951 2.1976 0 0 0 
2890000 7577 398.355 59502.0 8.897 2.2108 0 0 0 
2900000 7600 409.434 59700.0 8.756 2.2649 0 0 0 
2910000 7626 400.718 59944.0 9.139 2.1997 0 0 0 
2920000 7650 403.028 60166.0 9.072 2.1962 0 0 0 
2930000 7674 407.449 60399.0 9.33 2.2076 0 0 0 
2940000 7696 427.253 60601.0 9.239 2.3128 0 0 0 
2950000 7721 411.013 60840.0 9.373 2.2206 0 0 0 
2960000 7743 431.504 61039.0 9.399 2.328 0 0 0 
2970000 7768 413.663 61278.0 9.397 2.2309 0 0 0 
2980000 7788 441.248 61456.0 9.181 2.3735 0 0 0 
2990000 7813 423.638 61698.0 9.387 2.2785 0 0 0 
3000000 7838 411.978 61934.0 9.397 2.2192 0 0 0 
3010000 7861 428.79 62138.0 9.24 2.3168 0 0 0 
3020000 7885 422.846 62364.0 9.317 2.2882 0 0 0 
3030000 7907 429.393 62562.0 9.184 2.3288 0 0 0 
3040000 7929 438.793 62757.0 9.086 2.3774 0 0 0 
3050000 7955 414.818 62992.0 9.072 2.2428 0 0 0 
3060000 7981 402.425 63244.0 9.378 2.1746 0 0 0 
3070000 8008 390.832 63493.0 9.325 2.1181 0 0 0 
3080000 8033 389.521 63737.0 9.378 2.1089 0 0 0 
3090000 8059 387.053 63980.0 9.382 2.0943 0 0 0 
3100000 8088 371.06 64224.0 9.04 2.0131 0 0 0 
3110000 8112 381.522 64430.0 8.805 2.0561 0 0 0 
3120000 8141 365.482 64710.0 9.218 1.9679 0 0 0 
3130000 8167 367.794 64958.0 9.209 1.9796 0 0 0 
3140000 8198 347.141 65247.0 9.298 1.8734 0 0 0 
3150000 8225 357.835 65505.0 9.416 1.9294 0 0 0 
3160000 8254 350.557 65776.0 9.353 1.8837 0 0 0 
3170000 8278 370.283 65999.0 9.313 1.9939 0 0 0 
3180000 8307 355.072 66267.0 9.286 1.9176 0 0 0 
3190000 8335 360.043 66524.0 9.36 1.9453 0 0 0 
3200000 8359 381.326 66760.0 9.47 2.0632 0 0 0 
3210000 8386 381.562 67010.0 9.354 2.0657 0 0 0 
3220000 8410 397.489 67229.0 9.246 2.1569 0 0 0 
3230000 8435 403.039 67443.0 9.086 2.1889 0 0 0 
3240000 8461 386.584 67682.0 8.981 2.0943 0 0 0 
3250000 8483 408.899 67880.0 8.978 2.2183 0 0 0 
3260000 8513 377.911 68143.0 8.983 2.0611 0 0 0 
3270000 8534 407.02 68348.0 9.17 2.2209 0 0 0 
3280000 8558 415.504 68550.0 8.97 2.2639 0 0 0 
3290000 8582 400.18 68746.0 8.608 2.1855 0 0 0 
3300000 8613 369.814 69015.0 8.635 2.0236 0 0 0 
3310000 8639 373.454 69250.0 8.855 2.04 0 0 0 
3320000 8666 373.526 69493.0 8.854 2.0394 0 0 0 
3330000 8692 377.728 69739.0 9.168 2.0626 0 0 0 
3340000 8713 410.752 69942.0 9.209 2.2393 0 0 0 
3350000 8743 380.223 70198.0 9.004 2.0718 0 0 0 
3360000 8770 372.754 70431.0 8.828 2.0375 0 0 0 
3370000 8802 343.837 70703.0 8.711 1.8797 0 0 0 
3380000 8831 345.917 70977.0 9.021 1.8871 0 0 0 
3390000 8857 362.008 71207.0 8.965 1.9703 0 0 0 
3400000 8881 379.428 71437.0 9.223 2.069 0 0 0 
3410000 8913 350.967 71723.0 9.143 1.9225 0 0 0 
3420000 8936 383.984 71929.0 9.028 2.105 0 0 0 
3430000 8968 345.865 72221.0 9.049 1.9021 0 0 0 
3440000 8993 361.595 72457.0 9.196 1.9897 0 0 0 
3450000 9018 381.574 72682.0 9.221 2.0943 0 0 0 
3460000 9045 374.027 72935.0 9.273 2.0542 0 0 0 
3470000 9071 375.228 73162.0 9.042 2.0678 0 0 0 
3480000 9098 374.889 73411.0 9.06 2.0626 0 0 0 
3490000 9129 359.664 73694.0 9.245 1.9757 0 0 0 
3500000 9159 346.405 73977.0 9.285 1.8979 0 0 0 
3510000 9183 366.319 74200.0 9.259 2.001 0 0 0 
3520000 9209 379.657 74436.0 9.208 2.0647 0 0 0 
3530000 9234 386.055 74676.0 9.341 2.0984 0 0 0 
3540000 9264 361.216 74969.0 9.521 1.9575 0 0 0 
3550000 9295 348.698 75261.0 9.568 1.8908 0 0 0 
3560000 9320 360.479 75495.0 9.499 1.953 0 0 0 
3570000 9348 365.757 75755.0 9.449 1.9878 0 0 0 
3580000 9376 357.228 76021.0 9.386 1.9411 0 0 0 
3590000 9403 365.871 76287.0 9.568 1.9814 0 0 0 
3600000 9431 363.582 76538.0 9.325 1.9736 0 0 0 
3610000 9457 374.053 76780.0 9.321 2.0275 0 0 0 
3620000 9485 363.836 77038.0 9.222 1.9728 0 0 0 
3630000 9514 356.246 77290.0 9.145 1.9397 0 0 0 
3640000 9541 360.438 77541.0 9.213 1.9553 0 0 0 
3650000 9568 361.741 77790.0 9.091 1.962 0 0 0 
3660000 9601 334.151 78080.0 9.061 1.8148 0 0 0 
3670000 9631 318.227 78366.0 9.241 1.7227 0 0 0 
3680000 9657 355.379 78598.0 9.104 1.9318 0 0 0 
3690000 9689 338.223 78879.0 9.021 1.8419 0 0 0 
3700000 9716 348.612 79139.0 9.143 1.8953 0 0 0 
3710000 9745 343.892 79402.0 9.085 1.8694 0 0 0 
3720000 9773 349.452 79666.0 9.234 1.8995 0 0 0 
3730000 9803 339.848 79949.0 9.352 1.8471 0 0 0 
3740000 9829 357.08 80190.0 9.264 1.9396 0 0 0 
3750000 9859 348.716 80465.0 9.236 1.8942 0 0 0 
3760000 9887 353.996 80723.0 9.206 1.9332 0 0 0 
3770000 9914 363.739 80984.0 9.479 1.9887 0 0 0 
3780000 9946 337.391 81291.0 9.492 1.8759 0 0 0 
3790000 9972 351.839 81553.0 9.675 1.942 0 0 0 
3800000 9994 387.305 81755.0 9.428 2.1289 0 0 0 
3810000 10025 362.375 82028.0 9.17 1.9819 0 0 0 
3820000 10054 348.363 82298.0 9.31 1.9067 0 0 0 
3830000 10079 375.899 82536.0 9.405 2.0541 0 0 0 
3840000 10103 392.662 82755.0 9.396 2.1473 0 0 0 
3850000 10131 373.86 83024.0 9.376 2.0538 0 0 0 
3860000 10159 366.153 83270.0 9.169 2.0127 0 0 0 
3870000 10179 400.534 83442.0 8.896 2.2106 0 0 0 
3880000 10201 423.542 83628.0 8.831 2.3394 0 0 0 
3890000 10228 403.798 83872.0 8.964 2.2223 0 0 0 
3900000 10253 397.831 84110.0 9.09 2.2001 0 0 0 
3910000 10283 364.888 84388.0 9.19 2.0124 0 0 0 
3920000 10306 391.047 84606.0 9.27 2.1496 0 0 0 
3930000 10332 388.528 84842.0 9.225 2.1341 0 0 0 
3940000 10355 404.183 85046.0 9.08 2.2285 0 0 0 
3950000 10382 385.179 85302.0 9.176 2.1183 0 0 0 
3960000 10412 360.917 85568.0 9.065 1.9858 0 0 0 
3970000 10443 345.69 85875.0 9.426 1.9051 0 0 0 
3980000 10472 349.155 86143.0 9.38 1.9273 0 0 0 
3990000 10502 336.242 86441.0 9.559 1.8597 0 0 0 
4000000 10531 338.235 86718.0 9.609 1.8713 0 0 0 
