10000 18 173.295 -12.0 -0.202 0.4604 0 0 0 
20000 31 298.76 -23.0 -0.346 0.7963 0 0 0 
30000 51 359.973 -41.0 -0.536 1.4328 0 0 0 
40000 64 463.637 -50.0 -0.572 2.1856 0 0 0 
50000 77 530.332 -55.0 -0.529 2.6773 0 0 0 
60000 99 497.378 -69.0 -0.551 2.6211 0 0 0 
70000 114 547.339 -82.0 -0.637 2.9612 0 0 0 
80000 126 604.979 -92.0 -0.683 3.3169 0 0 0 
90000 140 640.125 -102.0 -0.688 3.5476 0 0 0 
100000 152 682.493 -114.0 -0.755 3.8191 0 0 0 
110000 194 417.345 -152.0 -0.842 2.3519 0 0 0 
120000 219 431.219 -169.0 -0.788 2.4506 0 0 0 
130000 231 506.357 -177.0 -0.754 2.8735 0 0 0 
140000 241 596.658 -187.0 -0.799 3.3942 0 0 0 
150000 253 649.607 -193.0 -0.73 3.7 0 0 0 
160000 275 574.379 -203.0 -0.623 3.278 0 0 0 
170000 292 591.002 -218.0 -0.7 3.3813 0 0 0 
180000 311 568.305 -227.0 -0.623 3.2486 0 0 0 
190000 327 589.909 -237.0 -0.631 3.3785 0 0 0 
200000 343 594.413 -249.0 -0.667 3.3994 0 0 0 
210000 381 427.927 -281.0 -0.748 2.4435 0 0 0 
220000 399 451.365 -293.0 -0.716 2.5554 0 0 0 
230000 436 358.112 -314.0 -0.605 2.0112 0 0 0 
240000 468 339.619 -322.0 -0.393 1.9 0 0 0 
250000 495 355.912 -339.0 -0.491 1.99 0 0 0 
260000 514 417.73 -354.0 -0.593 2.3217 0 0 0 
270000 528 485.865 -364.0 -0.625 2.698 0 0 0 
280000 546 518.945 -376.0 -0.647 2.8851 0 0 0 
290000 560 559.623 -386.0 -0.662 3.108 0 0 0 
300000 576 583.921 -396.0 -0.65 3.2409 0 0 0 
310000 592 599.558 -404.0 -0.61 3.3293 0 0 0 
320000 604 641.692 -414.0 -0.662 3.5593 0 0 0 
330000 617 674.647 -425.0 -0.705 3.8371 0 0 0 
340000 639 587.004 -435.0 -0.625 3.3014 0 0 0 
350000 660 553.525 -444.0 -0.551 3.0851 0 0 0 
360000 705 362.855 -461.0 -0.444 2.012 0 0 0 
370000 730 374.819 -470.0 -0.411 2.0655 0 0 0 
380000 762 352.912 -470.0 -0.207 1.9406 0 0 0 
390000 798 304.435 -464.0 -0.014 1.6705 0 0 0 
400000 823 343.852 -459.0 0.088 1.8864 0 0 0 
410000 845 382.905 -461.0 0.029 2.1151 0 0 0 
420000 867 399.349 -459.0 0.058 2.2092 0 0 0 
430000 894 379.541 -460.0 0.016 2.1027 0 0 0 
440000 931 313.375 -451.0 0.147 1.7451 0 0 0 
450000 954 362.389 -460.0 -0.063 2.0217 0 0 0 
460000 984 350.681 -464.0 -0.084 1.9514 0 0 0 
470000 1008 376.581 -458.0 0.043 2.0958 0 0 0 
480000 1023 447.339 -463.0 -0.049 2.4971 0 0 0 
490000 1046 449.129 -464.0 -0.037 2.517 0 0 0 
500000 1069 432.466 -465.0 -0.051 2.4308 0 0 0 
510000 1099 393.414 -465.0 -0.044 2.2176 0 0 0 
520000 1134 344.928 -450.0 0.215 2.005 0 0 0 
530000 1194 210.526 -426.0 0.359 1.2226 0 0 0 
540000 1237 213.688 -417.0 0.292 1.2244 0 0 0 
550000 1285 215.234 -399.0 0.38 1.2281 0 0 0 
560000 1305 298.884 -397.0 0.297 1.7001 0 0 0 
570000 1349 262.499 -369.0 0.509 1.4938 0 0 0 
580000 1413 204.266 -319.0 0.661 1.1679 0 0 0 
590000 1513 127.138 -245.0 0.745 0.7256 0 0 0 
600000 1571 146.833 -207.0 0.726 0.8449 0 0 0 
610000 1639 142.415 -163.0 0.699 0.8413 0 0 0 
620000 1746 84.767 -86.0 0.813 0.5073 0 0 0 
630000 1866 89.327 14.0 0.759 0.5345 0 0 0 
640000 1951 105.143 69.0 0.639 0.6233 0 0 0 
650000 2063 94.698 157.0 0.722 0.5508 0 0 0 
660000 2169 87.775 245.0 0.878 0.5169 0 0 0 
670000 2284 89.131 352.0 0.881 0.5291 0 0 0 
680000 2439 68.644 481.0 0.831 0.4117 0 0 0 
690000 2612 60.014 634.0 0.932 0.3606 0 0 0 
700000 2748 60.699 746.0 0.842 0.3644 0 0 0 
710000 2912 53.061 892.0 0.921 0.324 0 0 0 
720000 3093 50.689 1045.0 0.834 0.3072 0 0 0 
730000 3317 45.147 1243.0 0.855 0.2736 0 0 0 
740000 3555 39.215 1467.0 0.987 0.2404 0 0 0 
750000 3779 52.639 1675.0 0.913 0.3202 0 0 0 
760000 4029 41.513 1923.0 0.999 0.2521 0 0 0 
770000 4251 40.011 2135.0 0.949 0.2433 0 0 0 
780000 4496 46.694 2368.0 0.892 0.2763 0 0 0 
790000 4726 44.568 2596.0 0.961 0.266 0 0 0 
800000 4984 39.825 2850.0 0.979 0.2373 0 0 0 
810000 5226 42.232 3084.0 0.998 0.2691 0 0 0 
820000 5481 38.379 3339.0 1.0 0.2298 0 0 0 
830000 5739 38.696 3595.0 0.999 0.2343 0 0 0 
840000 5938 49.547 3790.0 0.975 0.3004 0 0 0 
850000 6186 40.109 4030.0 0.988 0.2405 0 0 0 
860000 6412 40.877 4256.0 1.0 0.2439 0 0 0 
870000 6660 39.921 4498.0 0.952 0.2433 0 0 0 
880000 6876 45.897 4708.0 0.931 0.2846 0 0 0 
890000 7108 42.644 4930.0 0.978 0.2606 0 0 0 
900000 7359 36.227 5181.0 1.0 0.2213 0 0 0 
910000 7623 38.513 5445.0 1.0 0.2313 0 0 0 
920000 7821 55.152 5637.0 0.968 0.3321 0 0 0 
930000 8050 56.725 5860.0 0.924 0.3426 0 0 0 
940000 8284 40.545 6092.0 0.998 0.2516 0 0 0 
950000 8520 38.789 6328.0 1.0 0.2443 0 0 0 
960000 8791 35.992 6597.0 0.993 0.2276 0 0 0 
970000 9034 40.731 6838.0 0.995 0.247 0 0 0 
980000 9296 38.844 7096.0 0.998 0.2373 0 0 0 
990000 9547 40.81 7343.0 0.99 0.2449 0 0 0 
1000000 9816 39.209 7610.0 0.996 0.2424 0 0 0 
