10000 15 172.322 -43.1 -0.713 0.6491 0 0 0 
20000 27 304.795 -94.4 -1.544 1.152 0 0 0 
30000 75 258.838 -222.9 -2.044 1.3735 0 0 0 
40000 88 383.405 -249.8 -2.504 2.2826 0 0 0 
50000 108 418.863 -432.4 -4.813 2.601 0 0 0 
60000 170 224.843 -485.7 -2.09 1.4529 0 0 0 
70000 234 183.032 -610.9 -2.0 1.2106 0 0 0 
80000 264 264.308 -792.9 -4.25 1.7532 0 0 0 
90000 286 335.562 -835.4 -3.382 2.2326 0 0 0 
100000 305 390.997 -945.2 -4.031 2.6093 0 0 0 
110000 320 453.314 -1099.6 -5.653 3.0482 0 0 0 
120000 355 372.666 -1247.9 -5.052 2.5166 0 0 0 
130000 377 399.935 -1379.7 -5.286 2.6798 0 0 0 
140000 407 373.902 -1453.4 -4.037 2.4988 0 0 0 
150000 434 357.301 -1489.1 -2.927 2.3813 0 0 0 
160000 462 364.372 -1550.2 -2.728 2.4154 0 0 0 
170000 481 402.214 -1652.7 -2.939 2.6552 0 0 0 
180000 510 379.953 -1710.4 -2.904 2.5067 0 0 0 
190000 533 379.554 -1836.6 -3.606 2.5044 0 0 0 
200000 561 375.08 -1942.3 -3.686 2.4779 0 0 0 
210000 586 380.486 -1973.0 -2.734 2.5124 0 0 0 
220000 618 343.447 -2051.6 -2.555 2.266 0 0 0 
230000 643 368.811 -2127.1 -2.8 2.4319 0 0 0 
240000 662 421.681 -2260.0 -4.241 2.8081 0 0 0 
250000 692 381.01 -2297.4 -2.845 2.5518 0 0 0 
260000 718 377.191 -2341.3 -2.281 2.5277 0 0 0 
270000 741 404.019 -2464.4 -3.595 2.6987 0 0 0 
280000 767 393.925 -2590.9 -4.149 2.6266 0 0 0 
290000 794 375.022 -2710.1 -3.935 2.4912 0 0 0 
300000 816 402.441 -2729.3 -3.115 2.6847 0 0 0 
310000 836 429.912 -2775.8 -2.84 2.8702 0 0 0 
320000 866 386.874 -2841.1 -2.534 2.582 0 0 0 
330000 895 370.33 -2882.3 -2.029 2.4663 0 0 0 
340000 918 383.26 -2975.1 -2.79 2.5477 0 0 0 
350000 941 415.946 -2983.8 -1.924 2.7501 0 0 0 
360000 973 367.371 -3055.1 -2.026 2.4391 0 0 0 
370000 996 384.468 -3205.3 -3.934 2.5578 0 0 0 
380000 1026 359.535 -3268.4 -3.13 2.4155 0 0 0 
390000 1046 416.719 -3320.4 -3.035 2.8244 0 0 0 
400000 1077 367.219 -3343.5 -1.982 2.4743 0 0 0 
410000 1110 347.812 -3354.2 -1.125 2.3492 0 0 0 
420000 1135 360.863 -3410.9 -1.578 2.4407 0 0 0 
430000 1163 358.115 -3481.6 -1.909 2.4274 0 0 0 
440000 1195 330.575 -3504.7 -1.51 2.2456 0 0 0 
450000 1215 385.191 -3549.2 -1.807 2.6055 0 0 0 
460000 1232 442.595 -3576.0 -1.507 2.9918 0 0 0 
470000 1259 401.306 -3623.6 -1.667 2.7214 0 0 0 
480000 1287 391.092 -3662.5 -1.735 2.6503 0 0 0 
490000 1312 394.612 -3667.9 -1.14 2.6707 0 0 0 
500000 1347 341.432 -3699.2 -1.093 2.3115 0 0 0 
510000 1380 323.341 -3711.3 -0.695 2.1921 0 0 0 
520000 1418 271.123 -3783.2 -1.163 1.8405 0 0 0 
530000 1446 317.947 -3808.5 -1.107 2.1283 0 0 0 
540000 1479 309.585 -3820.3 -0.723 2.0586 0 0 0 
550000 1513 293.424 -3818.9 -0.377 1.9536 0 0 0 
560000 1548 286.984 -3835.7 -0.428 1.9283 0 0 0 
570000 1581 302.095 -3905.3 -1.33 2.03 0 0 0 
580000 1632 225.61 -3923.0 -0.692 1.5342 0 0 0 
590000 1671 242.685 -3952.4 -0.7 1.6545 0 0 0 
600000 1697 286.383 -3991.0 -0.911 1.9453 0 0 0 
610000 1727 316.131 -4074.6 -2.168 2.1657 0 0 0 
620000 1759 314.881 -4097.7 -1.507 2.1644 0 0 0 
630000 1797 285.411 -4102.8 -0.881 1.9628 0 0 0 
640000 1820 345.72 -4179.3 -1.747 2.3751 0 0 0 
650000 1851 334.676 -4236.5 -1.897 2.3039 0 0 0 
660000 1897 272.748 -4300.7 -1.803 1.89 0 0 0 
670000 1939 256.208 -4332.6 -1.271 1.761 0 0 0 
680000 1962 322.957 -4345.1 -0.973 2.1965 0 0 0 
690000 2001 289.113 -4398.1 -1.09 1.9565 0 0 0 
700000 2045 235.191 -4423.4 -0.692 1.583 0 0 0 
710000 2091 229.854 -4412.4 -0.168 1.5225 0 0 0 
720000 2140 219.993 -4386.5 0.333 1.4529 0 0 0 
730000 2192 203.806 -4391.6 0.021 1.3628 0 0 0 
740000 2248 183.161 -4408.6 -0.189 1.2086 0 0 0 
750000 2285 230.589 -4423.4 -0.271 1.5471 0 0 0 
760000 2314 287.616 -4405.9 0.184 1.9373 0 0 0 
770000 2356 257.638 -4434.8 -0.361 1.7409 0 0 0 
780000 2400 235.049 -4421.3 0.288 1.5837 0 0 0 
790000 2460 191.333 -4429.9 -0.08 1.3417 0 0 0 
800000 2517 177.119 -4431.8 0.045 1.2107 0 0 0 
810000 2551 223.508 -4389.3 0.591 1.5065 0 0 0 
820000 2594 226.795 -4373.4 0.513 1.5278 0 0 0 
830000 2653 205.683 -4321.6 0.796 1.3781 0 0 0 
840000 2724 154.104 -4293.2 0.41 1.0497 0 0 0 
850000 2777 181.157 -4293.7 0.009 1.2293 0 0 0 
860000 2842 157.835 -4299.7 -0.03 1.072 0 0 0 
870000 2898 175.359 -4282.9 0.272 1.1876 0 0 0 
880000 2948 184.991 -4226.7 0.812 1.2513 0 0 0 
890000 3005 172.663 -4221.6 0.28 1.18 0 0 0 
900000 3094 122.157 -4175.1 0.675 0.8463 0 0 0 
910000 3148 159.984 -4155.4 0.354 1.1019 0 0 0 
920000 3203 150.363 -4141.0 0.366 1.0562 0 0 0 
930000 3257 180.098 -4124.9 0.283 1.2635 0 0 0 
940000 3319 164.177 -4111.9 0.185 1.1303 0 0 0 
950000 3380 159.475 -4112.9 -0.093 1.1106 0 0 0 
960000 3439 159.72 -4095.5 0.237 1.0984 0 0 0 
970000 3510 142.831 -4070.7 0.296 0.9928 0 0 0 
980000 3577 138.369 -4035.7 0.412 0.9375 0 0 0 
990000 3642 148.91 -4029.0 0.393 0.9967 0 0 0 
1000000 3695 177.922 -4027.5 0.182 1.2121 0 0 0 
1010000 3762 158.16 -3982.5 0.609 1.0848 0 0 0 
1020000 3811 187.734 -3987.5 0.198 1.2872 0 0 0 
1030000 3857 215.662 -4017.9 -0.251 1.4732 0 0 0 
1040000 3929 158.053 -3943.8 0.738 1.0873 0 0 0 
1050000 3991 154.496 -3873.4 0.936 1.0576 0 0 0 
1060000 4050 161.831 -3802.0 1.242 1.096 0 0 0 
1070000 4101 183.017 -3753.5 1.025 1.2233 0 0 0 
1080000 4161 167.161 -3676.9 1.12 1.1388 0 0 0 
1090000 4219 161.01 -3635.5 0.898 1.1012 0 0 0 
1100000 4262 216.117 -3587.5 0.914 1.4482 0 0 0 
1110000 4303 231.038 -3510.1 1.363 1.583 0 0 0 
1120000 4371 171.156 -3402.3 1.629 1.2137 0 0 0 
1130000 4421 180.211 -3323.2 1.663 1.2264 0 0 0 
1140000 4475 185.192 -3249.6 1.548 1.2391 0 0 0 
1150000 4558 129.429 -3194.5 0.638 0.8746 0 0 0 
1160000 4621 144.937 -3136.1 0.697 0.9761 0 0 0 
1170000 4678 158.57 -3054.8 1.123 1.0694 0 0 0 
1180000 4742 151.613 -2970.4 1.347 1.0248 0 0 0 
1190000 4791 185.305 -2898.1 1.408 1.2398 0 0 0 
1200000 4831 223.527 -2846.6 1.26 1.5003 0 0 0 
1210000 4891 186.523 -2781.8 1.174 1.2591 0 0 0 
1220000 4937 201.347 -2673.1 1.696 1.3547 0 0 0 
1230000 4995 184.799 -2643.7 0.724 1.2509 0 0 0 
1240000 5053 173.922 -2550.7 1.306 1.2035 0 0 0 
1250000 5109 172.241 -2423.5 1.965 1.181 0 0 0 
1260000 5166 169.177 -2393.5 1.001 1.1579 0 0 0 
1270000 5216 185.846 -2292.2 1.653 1.2499 0 0 0 
1280000 5264 196.808 -2201.2 1.72 1.3119 0 0 0 
1290000 5310 221.746 -2100.5 2.223 1.4708 0 0 0 
1300000 5360 208.579 -2124.2 0.133 1.3954 0 0 0 
1310000 5416 184.882 -2069.9 0.734 1.2419 0 0 0 
1320000 5465 193.583 -1987.0 1.21 1.2968 0 0 0 
1330000 5502 221.577 -1964.1 0.945 1.4829 0 0 0 
1340000 5553 199.837 -1898.4 1.133 1.3362 0 0 0 
1350000 5612 166.83 -1791.5 1.524 1.1239 0 0 0 
1360000 5668 172.261 -1693.3 1.808 1.1591 0 0 0 
1370000 5713 213.001 -1634.6 1.246 1.4209 0 0 0 
1380000 5765 192.417 -1556.5 1.443 1.2867 0 0 0 
1390000 5813 213.669 -1433.8 2.182 1.432 0 0 0 
1400000 5870 178.798 -1345.3 1.78 1.2008 0 0 0 
1410000 5912 218.257 -1319.9 0.846 1.4658 0 0 0 
1420000 5961 204.239 -1233.4 1.365 1.3721 0 0 0 
1430000 6007 203.553 -1135.4 1.743 1.3724 0 0 0 
1440000 6064 183.019 -1016.0 1.93 1.242 0 0 0 
1450000 6104 220.608 -941.2 1.895 1.495 0 0 0 
1460000 6152 206.688 -815.2 2.3 1.4073 0 0 0 
1470000 6202 208.862 -686.6 2.466 1.42 0 0 0 
1480000 6257 176.187 -601.4 1.716 1.1745 0 0 0 
1490000 6305 201.618 -482.5 2.177 1.3249 0 0 0 
1500000 6374 157.135 -344.5 2.038 1.0296 0 0 0 
1510000 6418 200.495 -218.9 2.636 1.2993 0 0 0 
1520000 6486 149.751 -86.0 1.816 0.9805 0 0 0 
1530000 6549 161.995 -5.9 1.417 1.0616 0 0 0 
1540000 6604 181.613 141.4 2.182 1.178 0 0 0 
1550000 6674 144.076 270.6 1.718 0.951 0 0 0 
1560000 6733 151.454 387.4 1.997 1.0021 0 0 0 
1570000 6793 161.644 523.9 2.152 1.0667 0 0 0 
1580000 6831 223.216 610.4 2.243 1.4647 0 0 0 
1590000 6896 166.847 780.8 2.367 1.0982 0 0 0 
1600000 6941 188.629 896.9 2.416 1.2365 0 0 0 
1610000 6992 194.201 1039.8 2.666 1.2747 0 0 0 
1620000 7045 183.406 1137.2 2.186 1.2049 0 0 0 
1630000 7108 172.71 1247.1 1.784 1.1405 0 0 0 
1640000 7160 180.035 1357.2 1.865 1.1814 0 0 0 
1650000 7221 161.797 1477.7 1.731 1.0726 0 0 0 
1660000 7264 190.695 1586.6 2.161 1.2688 0 0 0 
1670000 7312 202.283 1720.2 2.685 1.3518 0 0 0 
1680000 7364 196.287 1858.1 2.469 1.3257 0 0 0 
1690000 7416 189.466 2007.7 2.585 1.2841 0 0 0 
1700000 7471 187.5 2144.5 2.579 1.2724 0 0 0 
1710000 7513 203.434 2285.6 2.991 1.3754 0 0 0 
1720000 7570 184.972 2446.2 3.045 1.2476 0 0 0 
1730000 7625 181.601 2610.6 3.048 1.2261 0 0 0 
1740000 7685 166.353 2764.4 2.732 1.1144 0 0 0 
1750000 7729 198.274 2906.6 3.013 1.3182 0 0 0 
1760000 7784 189.968 3063.4 2.948 1.275 0 0 0 
1770000 7833 198.457 3173.4 2.296 1.3564 0 0 0 
1780000 7871 240.724 3281.8 2.54 1.6365 0 0 0 
1790000 7920 210.791 3414.0 2.615 1.4278 0 0 0 
1800000 7968 216.827 3553.7 2.929 1.468 0 0 0 
1810000 8008 227.662 3690.2 3.151 1.5412 0 0 0 
1820000 8058 205.383 3833.9 2.91 1.3979 0 0 0 
1830000 8096 238.549 3948.3 3.016 1.6101 0 0 0 
1840000 8144 231.195 4096.6 3.218 1.5592 0 0 0 
1850000 8186 235.756 4223.6 3.029 1.6099 0 0 0 
1860000 8232 225.339 4390.4 3.407 1.5219 0 0 0 
1870000 8280 213.286 4525.6 3.08 1.4367 0 0 0 
1880000 8332 200.187 4701.7 3.187 1.3525 0 0 0 
1890000 8381 200.682 4841.9 3.019 1.3593 0 0 0 
1900000 8428 205.486 4968.5 2.762 1.3948 0 0 0 
1910000 8478 190.408 5118.2 2.863 1.2908 0 0 0 
1920000 8542 167.143 5269.8 2.481 1.183 0 0 0 
1930000 8600 170.442 5442.2 2.859 1.1578 0 0 0 
1940000 8648 193.444 5573.7 2.713 1.2954 0 0 0 
1950000 8697 200.072 5779.5 3.548 1.3404 0 0 0 
1960000 8749 199.031 5906.5 2.904 1.3318 0 0 0 
1970000 8802 191.538 6082.8 3.222 1.2736 0 0 0 
1980000 8851 209.008 6235.9 3.277 1.4064 0 0 0 
1990000 8900 203.337 6433.0 3.731 1.3763 0 0 0 
2000000 8945 201.757 6572.3 3.291 1.369 0 0 0 
2010000 8985 231.882 6695.7 3.2 1.573 0 0 0 
2020000 9036 217.206 6859.9 3.318 1.4787 0 0 0 
2030000 9087 203.78 7010.1 2.843 1.3842 0 0 0 
2040000 9137 197.549 7172.7 3.095 1.3494 0 0 0 
2050000 9186 206.89 7352.0 3.479 1.3937 0 0 0 
2060000 9230 224.963 7509.1 3.583 1.509 0 0 0 
2070000 9278 220.204 7706.4 4.083 1.4814 0 0 0 
2080000 9327 206.151 7883.2 3.745 1.3956 0 0 0 
2090000 9381 190.946 8002.0 2.842 1.2912 0 0 0 
2100000 9434 182.032 8182.8 3.147 1.2428 0 0 0 
2110000 9482 199.782 8354.5 3.376 1.3734 0 0 0 
2120000 9534 199.286 8487.9 3.012 1.3806 0 0 0 
2130000 9573 218.275 8626.1 3.245 1.4968 0 0 0 
2140000 9629 200.658 8835.4 3.675 1.3642 0 0 0 
2150000 9672 217.9 9035.4 4.311 1.4747 0 0 0 
2160000 9720 209.868 9253.0 4.42 1.4271 0 0 0 
2170000 9779 180.989 9450.3 3.643 1.2374 0 0 0 
2180000 9824 202.428 9622.0 3.703 1.379 0 0 0 
2190000 9868 217.956 9793.6 4.068 1.4938 0 0 0 
2200000 9905 247.437 9949.7 4.117 1.6893 0 0 0 
2210000 9959 207.181 10172.2 4.104 1.4147 0 0 0 
2220000 10009 196.445 10360.4 3.841 1.3333 0 0 0 
2230000 10058 200.014 10560.3 3.916 1.3507 0 0 0 
2240000 10107 201.009 10783.1 4.294 1.352 0 0 0 
2250000 10158 199.197 10980.6 4.046 1.3398 0 0 0 
2260000 10204 200.146 11144.5 3.831 1.346 0 0 0 
2270000 10255 193.454 11332.6 3.574 1.2957 0 0 0 
2280000 10306 196.149 11547.3 3.871 1.3112 0 0 0 
2290000 10358 198.403 11763.8 4.142 1.3069 0 0 0 
2300000 10403 204.672 11937.9 3.966 1.3392 0 0 0 
2310000 10456 190.914 12142.5 3.845 1.2522 0 0 0 
2320000 10506 192.715 12322.9 3.707 1.2632 0 0 0 
2330000 10564 175.321 12512.4 3.441 1.1671 0 0 0 
2340000 10609 202.526 12686.2 3.654 1.353 0 0 0 
2350000 10667 181.495 12898.8 3.784 1.2153 0 0 0 
2360000 10725 168.035 13068.4 3.065 1.1316 0 0 0 
2370000 10780 187.841 13249.1 3.32 1.2781 0 0 0 
2380000 10823 207.351 13411.5 3.496 1.4076 0 0 0 
2390000 10868 215.837 13590.2 3.674 1.4496 0 0 0 
2400000 10907 237.284 13751.9 4.058 1.5842 0 0 0 
2410000 10958 210.004 13954.7 3.965 1.4104 0 0 0 
2420000 11004 209.337 14130.3 3.931 1.3995 0 0 0 
2430000 11048 222.787 14306.3 4.043 1.4836 0 0 0 
2440000 11095 215.292 14509.4 4.206 1.4145 0 0 0 
2450000 11137 227.229 14701.4 4.448 1.4911 0 0 0 
2460000 11169 263.476 14843.1 4.297 1.7331 0 0 0 
2470000 11215 226.482 15010.5 3.924 1.4943 0 0 0 
2480000 11259 232.485 15208.0 4.291 1.5642 0 0 0 
2490000 11291 275.942 15383.4 4.866 1.8243 0 0 0 
2500000 11332 244.806 15613.8 5.219 1.5996 0 0 0 
2510000 11362 281.022 15752.2 5.049 1.8264 0 0 0 
2520000 11395 291.062 15896.8 4.631 1.8868 0 0 0 
2530000 11439 254.098 16062.2 4.198 1.6945 0 0 0 
2540000 11486 223.174 16215.2 3.683 1.4817 0 0 0 
2550000 11529 225.354 16399.5 3.933 1.4866 0 0 0 
2560000 11563 256.076 16570.3 4.5 1.7054 0 0 0 
2570000 11604 247.282 16755.0 4.429 1.6361 0 0 0 
2580000 11650 231.249 16925.3 3.981 1.525 0 0 0 
2590000 11700 211.562 17109.6 3.764 1.4113 0 0 0 
2600000 11753 186.364 17276.3 3.339 1.2332 0 0 0 
2610000 11797 216.863 17428.7 3.463 1.4262 0 0 0 
2620000 11842 221.852 17603.0 3.666 1.456 0 0 0 
2630000 11880 243.433 17746.7 3.864 1.5924 0 0 0 
2640000 11926 217.392 17916.8 3.599 1.443 0 0 0 
2650000 11965 246.999 18089.8 4.206 1.627 0 0 0 
2660000 12007 241.689 18285.1 4.551 1.5849 0 0 0 
2670000 12037 281.31 18406.9 4.291 1.8499 0 0 0 
2680000 12079 267.053 18585.7 4.39 1.7498 0 0 0 
2690000 12121 254.556 18728.1 3.912 1.6724 0 0 0 
2700000 12172 220.969 18922.5 3.893 1.4781 0 0 0 
2710000 12218 225.81 19106.0 4.218 1.4881 0 0 0 
2720000 12257 244.386 19297.5 4.587 1.5965 0 0 0 
2730000 12312 200.972 19512.6 4.074 1.3154 0 0 0 
2740000 12350 237.296 19691.9 4.413 1.5422 0 0 0 
2750000 12396 220.328 19868.0 4.012 1.4356 0 0 0 
2760000 12439 228.078 20062.6 4.321 1.4819 0 0 0 
2770000 12467 287.617 20180.3 4.175 1.874 0 0 0 
2780000 12494 325.775 20284.9 4.079 2.128 0 0 0 
2790000 12540 260.579 20446.4 3.753 1.718 0 0 0 
2800000 12570 288.812 20585.0 4.121 1.9015 0 0 0 
2810000 12607 277.812 20758.2 4.388 1.8335 0 0 0 
2820000 12646 254.65 20945.7 4.45 1.6813 0 0 0 
2830000 12678 287.737 21105.3 4.748 1.9091 0 0 0 
2840000 12718 263.86 21262.0 4.257 1.7571 0 0 0 
2850000 12751 294.149 21367.4 3.798 1.9953 0 0 0 
2860000 12794 259.531 21549.9 4.045 1.7904 0 0 0 
2870000 12834 260.645 21712.1 4.154 1.7534 0 0 0 
2880000 12885 219.913 21942.4 4.442 1.4734 0 0 0 
2890000 12935 207.779 22147.6 4.278 1.4227 0 0 0 
2900000 12979 220.996 22352.2 4.539 1.4952 0 0 0 
2910000 13029 201.748 22538.9 3.908 1.3602 0 0 0 
2920000 13076 215.166 22741.7 4.238 1.4265 0 0 0 
2930000 13127 203.714 22927.0 3.934 1.347 0 0 0 
2940000 13171 214.272 23134.9 4.362 1.4038 0 0 0 
2950000 13217 215.039 23313.7 4.049 1.4326 0 0 0 
2960000 13265 208.504 23484.5 3.743 1.3837 0 0 0 
2970000 13321 186.708 23650.2 3.111 1.2625 0 0 0 
2980000 13357 231.58 23836.5 4.14 1.5208 0 0 0 
2990000 13396 246.105 23980.4 3.824 1.6085 0 0 0 
3000000 13438 242.233 24182.8 4.456 1.5779 0 0 0 
3010000 13484 227.748 24354.2 3.771 1.5257 0 0 0 
3020000 13529 221.95 24573.9 4.51 1.4901 0 0 0 
3030000 13584 196.812 24806.2 4.418 1.3508 0 0 0 
3040000 13626 224.456 24949.8 3.852 1.5107 0 0 0 
3050000 13674 212.081 25100.5 3.27 1.4152 0 0 0 
3060000 13713 235.208 25268.6 3.827 1.5537 0 0 0 
3070000 13757 227.874 25442.9 3.931 1.4962 0 0 0 
3080000 13810 198.194 25571.8 2.833 1.3383 0 0 0 
3090000 13865 180.682 25727.3 2.774 1.2228 0 0 0 
3100000 13913 196.011 25946.0 3.786 1.3119 0 0 0 
3110000 13955 211.722 26139.3 4.202 1.4379 0 0 0 
3120000 13999 220.723 26365.9 4.683 1.4979 0 0 0 
3130000 14050 201.089 26602.9 4.641 1.3697 0 0 0 
3140000 14086 246.864 26754.9 4.528 1.6572 0 0 0 
3150000 14135 212.77 26966.7 4.217 1.4347 0 0 0 
3160000 14192 184.779 27166.1 3.745 1.2508 0 0 0 
3170000 14248 182.531 27353.7 3.42 1.2308 0 0 0 
3180000 14294 206.007 27550.9 4.029 1.3992 0 0 0 
3190000 14339 212.283 27743.6 4.178 1.4259 0 0 0 
3200000 14381 223.75 27944.1 4.405 1.5013 0 0 0 
3210000 14426 217.347 28126.5 4.099 1.4549 0 0 0 
3220000 14480 192.974 28368.1 4.225 1.2887 0 0 0 
3230000 14521 218.096 28513.0 3.888 1.4499 0 0 0 
3240000 14559 243.874 28681.0 4.233 1.6187 0 0 0 
3250000 14595 253.768 28867.2 4.739 1.6803 0 0 0 
3260000 14634 249.139 29067.7 4.783 1.64 0 0 0 
3270000 14681 229.021 29246.6 4.316 1.4987 0 0 0 
3280000 14719 236.777 29439.1 4.548 1.5396 0 0 0 
3290000 14761 240.469 29657.6 4.821 1.5711 0 0 0 
3300000 14797 260.676 29780.5 4.001 1.7255 0 0 0 
3310000 14835 258.476 29960.8 4.426 1.7237 0 0 0 
3320000 14880 238.507 30177.6 4.702 1.5875 0 0 0 
3330000 14921 240.66 30389.8 5.004 1.602 0 0 0 
3340000 14965 231.219 30572.7 4.393 1.5364 0 0 0 
3350000 15002 244.764 30740.4 4.376 1.6323 0 0 0 
3360000 15034 276.778 30863.6 4.251 1.8361 0 0 0 
3370000 15066 281.858 31008.1 4.248 1.8845 0 0 0 
3380000 15111 240.265 31190.9 4.045 1.6186 0 0 0 
3390000 15161 223.438 31349.0 3.474 1.493 0 0 0 
3400000 15207 220.843 31525.4 3.593 1.4832 0 0 0 
3410000 15260 192.993 31725.3 3.577 1.2828 0 0 0 
3420000 15296 232.172 31918.9 4.566 1.5289 0 0 0 
3430000 15336 254.862 32067.7 4.394 1.6718 0 0 0 
3440000 15383 221.876 32253.6 3.963 1.4609 0 0 0 
3450000 15433 206.303 32431.4 3.633 1.3572 0 0 0 
3460000 15486 184.643 32617.3 3.399 1.2217 0 0 0 
3470000 15538 192.594 32823.9 3.894 1.2773 0 0 0 
3480000 15588 195.544 33060.9 4.438 1.2994 0 0 0 
3490000 15638 194.548 33238.0 3.774 1.3058 0 0 0 
3500000 15672 242.271 33359.6 3.724 1.6425 0 0 0 
3510000 15708 260.615 33431.0 2.61 1.7584 0 0 0 
3520000 15747 261.413 33591.8 3.425 1.7668 0 0 0 
3530000 15781 273.006 33754.3 4.041 1.8392 0 0 0 
3540000 15826 235.919 33905.1 3.589 1.5835 0 0 0 
3550000 15871 230.294 34090.1 3.912 1.5377 0 0 0 
3560000 15912 235.195 34243.8 3.783 1.5876 0 0 0 
3570000 15954 237.118 34426.7 4.233 1.6023 0 0 0 
3580000 15997 238.705 34635.4 4.587 1.6127 0 0 0 
3590000 16041 230.55 34834.1 4.697 1.555 0 0 0 
3600000 16074 261.313 35008.8 4.935 1.7602 0 0 0 
3610000 16118 240.686 35205.8 4.673 1.6296 0 0 0 
3620000 16156 250.738 35392.3 4.769 1.6891 0 0 0 
3630000 16203 224.218 35609.0 4.689 1.5159 0 0 0 
3640000 16249 215.579 35798.2 4.307 1.4658 0 0 0 
3650000 16297 211.903 35997.0 4.205 1.4461 0 0 0 
3660000 16341 217.535 36184.7 4.203 1.4954 0 0 0 
3670000 16392 193.039 36386.0 3.891 1.3337 0 0 0 
3680000 16438 206.994 36570.5 3.944 1.4191 0 0 0 
3690000 16478 225.052 36741.6 4.104 1.5321 0 0 0 
3700000 16526 216.112 36910.4 3.754 1.4742 0 0 0 
3710000 16563 239.596 37077.0 4.169 1.6449 0 0 0 
3720000 16607 233.999 37270.7 4.279 1.5989 0 0 0 
3730000 16643 255.647 37406.4 4.07 1.7474 0 0 0 
3740000 16686 241.675 37566.8 3.855 1.6466 0 0 0 
3750000 16738 208.659 37790.9 4.157 1.4239 0 0 0 
3760000 16787 205.374 38018.6 4.478 1.4027 0 0 0 
3770000 16831 221.075 38210.9 4.631 1.5019 0 0 0 
3780000 16876 215.296 38408.5 4.563 1.4753 0 0 0 
3790000 16910 246.926 38570.9 4.689 1.6835 0 0 0 
3800000 16956 230.084 38755.4 4.26 1.562 0 0 0 
3810000 16995 255.439 38918.1 4.235 1.7332 0 0 0 
3820000 17033 246.57 39123.0 4.628 1.6868 0 0 0 
3830000 17066 273.037 39262.5 4.603 1.8597 0 0 0 
3840000 17103 275.179 39436.2 4.57 1.8923 0 0 0 
3850000 17147 242.749 39610.9 4.095 1.6655 0 0 0 
3860000 17187 247.106 39772.6 4.038 1.6808 0 0 0 
3870000 17222 259.034 39947.8 4.345 1.7494 0 0 0 
3880000 17270 228.768 40173.2 4.603 1.5318 0 0 0 
3890000 17322 200.649 40328.6 3.44 1.3505 0 0 0 
3900000 17375 193.144 40536.6 3.909 1.3176 0 0 0 
3910000 17420 210.771 40739.0 4.25 1.4455 0 0 0 
3920000 17460 238.486 40916.2 4.385 1.646 0 0 0 
3930000 17506 225.786 41170.7 5.025 1.5498 0 0 0 
3940000 17548 230.834 41358.8 4.682 1.5684 0 0 0 
3950000 17601 204.941 41571.7 4.362 1.3985 0 0 0 
3960000 17636 239.266 41728.5 4.447 1.6315 0 0 0 
3970000 17683 232.873 41933.1 4.468 1.576 0 0 0 
3980000 17723 239.703 42121.9 4.702 1.6225 0 0 0 
3990000 17768 227.898 42319.6 4.479 1.5496 0 0 0 
4000000 17808 242.866 42500.9 4.365 1.6708 0 0 0 
