10000 15 174.4 -9.0 -0.15 0.5932 0 0 0 
20000 31 290.542 -12.0 -0.183 0.9832 0 0 0 
30000 209 56.396 -80.0 -0.429 0.3449 0 0 0 
40000 256 186.577 -46.0 0.421 1.1465 0 0 0 
50000 280 263.727 7.0 1.085 1.6167 0 0 0 
60000 324 251.976 25.0 0.704 1.5557 0 0 0 
70000 350 300.255 44.0 0.679 1.8637 0 0 0 
80000 387 276.988 59.0 0.519 1.7181 0 0 0 
90000 425 270.214 76.0 0.497 1.6788 0 0 0 
100000 442 352.7 111.0 0.936 2.1857 0 0 0 
110000 463 398.363 146.0 1.151 2.4741 0 0 0 
120000 476 475.384 193.0 1.667 2.9314 0 0 0 
130000 494 515.697 257.0 2.35 3.1642 0 0 0 
140000 514 505.899 327.0 2.653 3.0933 0 0 0 
150000 528 546.174 380.0 3.024 3.3242 0 0 0 
160000 550 529.153 446.0 3.009 3.2211 0 0 0 
170000 566 558.119 520.0 3.48 3.3846 0 0 0 
180000 581 581.068 605.0 4.001 3.5066 0 0 0 
190000 595 619.592 671.0 4.221 3.7519 0 0 0 
200000 612 609.473 740.0 4.189 3.6889 0 0 0 
210000 624 658.532 806.0 4.417 3.9787 0 0 0 
220000 641 638.426 863.0 4.084 3.8492 0 0 0 
230000 653 682.401 932.0 4.493 4.1033 0 0 0 
240000 667 680.501 1027.0 5.024 4.0887 0 0 0 
250000 684 656.396 1132.0 5.338 3.9347 0 0 0 
260000 700 640.78 1248.0 5.868 3.828 0 0 0 
270000 723 573.51 1392.0 6.039 3.4269 0 0 0 
280000 743 552.149 1551.0 6.789 3.2902 0 0 0 
290000 762 535.851 1697.0 6.927 3.1961 0 0 0 
300000 779 545.122 1822.0 7.076 3.2508 0 0 0 
310000 797 539.783 1948.0 7.067 3.217 0 0 0 
320000 821 503.679 2108.0 6.927 3.0007 0 0 0 
330000 848 459.341 2238.0 6.168 2.7414 0 0 0 
340000 869 460.891 2360.0 5.885 2.7567 0 0 0 
350000 900 400.217 2508.0 5.406 2.4061 0 0 0 
360000 927 391.828 2682.0 5.908 2.354 0 0 0 
370000 964 329.643 2870.0 5.478 1.9853 0 0 0 
380000 991 334.387 3010.0 5.288 2.0139 0 0 0 
390000 1022 334.917 3185.0 5.501 2.0138 0 0 0 
400000 1047 361.276 3345.0 5.965 2.1584 0 0 0 
410000 1072 368.673 3479.0 5.704 2.2112 0 0 0 
420000 1093 405.884 3638.0 6.228 2.4309 0 0 0 
430000 1116 421.918 3810.0 6.767 2.5281 0 0 0 
440000 1137 438.817 4004.0 7.642 2.6212 0 0 0 
450000 1157 445.065 4167.0 7.738 2.6642 0 0 0 
460000 1179 455.551 4352.0 7.993 2.7298 0 0 0 
470000 1201 457.873 4539.0 8.292 2.7436 0 0 0 
480000 1229 411.466 4759.0 8.105 2.4692 0 0 0 
490000 1253 415.834 4957.0 8.226 2.4921 0 0 0 
500000 1279 401.219 5174.0 8.265 2.4049 0 0 0 
510000 1305 398.331 5398.0 8.445 2.3924 0 0 0 
520000 1328 411.604 5601.0 8.607 2.4707 0 0 0 
530000 1354 394.96 5836.0 8.769 2.3685 0 0 0 
540000 1384 362.108 6074.0 8.34 2.1744 0 0 0 
550000 1410 373.422 6287.0 8.269 2.2709 0 0 0 
560000 1437 376.747 6539.0 8.774 2.3083 0 0 0 
570000 1460 382.144 6738.0 8.692 2.3495 0 0 0 
580000 1489 375.45 6977.0 8.504 2.3164 0 0 0 
590000 1511 401.887 7178.0 8.613 2.4852 0 0 0 
600000 1535 399.35 7354.0 8.183 2.48 0 0 0 
610000 1557 419.102 7513.0 7.99 2.6059 0 0 0 
620000 1582 417.747 7730.0 8.205 2.5967 0 0 0 
630000 1604 426.413 7854.0 7.382 2.6524 0 0 0 
640000 1635 381.632 8068.0 7.191 2.3707 0 0 0 
650000 1659 398.092 8215.0 6.667 2.4621 0 0 0 
660000 1687 379.896 8411.0 6.942 2.3369 0 0 0 
670000 1713 377.983 8644.0 7.65 2.3211 0 0 0 
680000 1738 377.899 8837.0 7.669 2.3117 0 0 0 
690000 1767 364.798 9066.0 7.834 2.2226 0 0 0 
700000 1794 369.873 9256.0 7.529 2.2456 0 0 0 
710000 1821 370.968 9464.0 7.672 2.2547 0 0 0 
720000 1853 347.563 9694.0 7.487 2.1116 0 0 0 
730000 1882 335.928 9881.0 7.045 2.0416 0 0 0 
740000 1912 342.086 10101.0 7.22 2.0722 0 0 0 
750000 1942 335.192 10328.0 7.41 2.025 0 0 0 
760000 1967 350.535 10526.0 7.535 2.12 0 0 0 
770000 1985 408.554 10664.0 7.613 2.462 0 0 0 
780000 2010 412.323 10848.0 7.539 2.4867 0 0 0 
790000 2038 382.952 11060.0 7.444 2.3062 0 0 0 
800000 2063 388.123 11262.0 7.688 2.3415 0 0 0 
810000 2088 389.111 11468.0 7.906 2.3477 0 0 0 
820000 2114 383.646 11680.0 8.019 2.3157 0 0 0 
830000 2144 361.062 11924.0 8.08 2.1788 0 0 0 
840000 2172 365.248 12143.0 8.049 2.2042 0 0 0 
850000 2202 344.253 12414.0 8.37 2.0749 0 0 0 
860000 2226 377.649 12624.0 8.475 2.2791 0 0 0 
870000 2254 370.459 12852.0 8.344 2.2321 0 0 0 
880000 2283 357.492 13111.0 8.627 2.1542 0 0 0 
890000 2306 379.723 13324.0 8.773 2.2889 0 0 0 
900000 2330 402.381 13535.0 8.946 2.4248 0 0 0 
910000 2360 366.151 13792.0 8.698 2.2084 0 0 0 
920000 2386 369.766 14020.0 8.666 2.2248 0 0 0 
930000 2417 347.992 14280.0 8.577 2.0842 0 0 0 
940000 2445 345.949 14498.0 8.264 2.0722 0 0 0 
950000 2473 363.395 14699.0 7.817 2.18 0 0 0 
960000 2505 338.735 14951.0 7.865 2.0382 0 0 0 
970000 2526 381.712 15106.0 7.699 2.2922 0 0 0 
980000 2555 361.491 15334.0 7.739 2.1727 0 0 0 
990000 2577 395.588 15527.0 8.123 2.3784 0 0 0 
1000000 2601 396.91 15753.0 8.457 2.3924 0 0 0 
1010000 2624 412.029 15963.0 8.688 2.4764 0 0 0 
1020000 2656 369.626 16228.0 8.61 2.2285 0 0 0 
1030000 2684 357.528 16482.0 8.761 2.152 0 0 0 
1040000 2709 379.769 16673.0 8.331 2.2944 0 0 0 
1050000 2740 347.321 16954.0 8.607 2.0954 0 0 0 
1060000 2771 336.342 17191.0 8.114 2.0344 0 0 0 
1070000 2794 374.344 17395.0 8.488 2.2582 0 0 0 
1080000 2820 363.814 17631.0 8.772 2.1952 0 0 0 
1090000 2851 351.435 17893.0 8.595 2.1258 0 0 0 
1100000 2883 331.542 18192.0 8.925 2.004 0 0 0 
1110000 2912 342.64 18445.0 8.867 2.0717 0 0 0 
1120000 2936 364.007 18669.0 8.969 2.1977 0 0 0 
1130000 2961 372.948 18883.0 8.838 2.2505 0 0 0 
1140000 2990 362.602 19147.0 8.877 2.1911 0 0 0 
1150000 3014 382.563 19368.0 9.002 2.3096 0 0 0 
1160000 3040 380.325 19572.0 8.498 2.3058 0 0 0 
1170000 3068 372.034 19782.0 8.087 2.2596 0 0 0 
1180000 3097 367.136 20039.0 8.507 2.2227 0 0 0 
1190000 3122 379.425 20270.0 8.71 2.2957 0 0 0 
1200000 3150 361.838 20512.0 8.704 2.1853 0 0 0 
1210000 3184 335.4 20814.0 8.796 2.0151 0 0 0 
1220000 3208 360.918 21042.0 9.02 2.166 0 0 0 
1230000 3235 368.69 21256.0 8.647 2.214 0 0 0 
1240000 3259 388.868 21469.0 8.751 2.3381 0 0 0 
1250000 3286 382.836 21687.0 8.464 2.2994 0 0 0 
1260000 3313 373.227 21921.0 8.5 2.2463 0 0 0 
1270000 3341 369.154 22175.0 8.798 2.2182 0 0 0 
1280000 3366 383.469 22405.0 9.042 2.3019 0 0 0 
1290000 3397 354.711 22653.0 8.462 2.1294 0 0 0 
1300000 3421 379.652 22866.0 8.656 2.282 0 0 0 
1310000 3445 397.364 23080.0 8.803 2.3905 0 0 0 
1320000 3471 395.473 23318.0 8.929 2.3762 0 0 0 
1330000 3498 373.403 23563.0 8.939 2.2419 0 0 0 
1340000 3526 375.245 23812.0 9.002 2.2555 0 0 0 
1350000 3550 391.435 24025.0 8.987 2.3488 0 0 0 
1360000 3579 369.097 24275.0 8.855 2.2157 0 0 0 
1370000 3601 400.013 24478.0 8.951 2.3964 0 0 0 
1380000 3630 371.963 24712.0 8.51 2.2334 0 0 0 
1390000 3655 382.185 24932.0 8.662 2.2977 0 0 0 
1400000 3682 379.382 25166.0 8.669 2.2838 0 0 0 
1410000 3704 395.887 25361.0 8.71 2.3784 0 0 0 
1420000 3724 441.189 25529.0 8.648 2.6413 0 0 0 
1430000 3747 437.968 25732.0 8.764 2.6207 0 0 0 
1440000 3774 411.988 25958.0 8.639 2.4659 0 0 0 
1450000 3801 399.615 26205.0 8.853 2.3935 0 0 0 
1460000 3825 405.364 26433.0 9.056 2.4332 0 0 0 
1470000 3849 410.9 26640.0 8.967 2.4787 0 0 0 
1480000 3873 407.965 26875.0 9.193 2.4603 0 0 0 
1490000 3896 410.114 27088.0 9.172 2.4792 0 0 0 
1500000 3923 392.443 27307.0 8.709 2.3734 0 0 0 
1510000 3948 398.906 27514.0 8.507 2.4095 0 0 0 
1520000 3976 382.357 27754.0 8.587 2.3056 0 0 0 
1530000 4006 356.627 28009.0 8.544 2.1522 0 0 0 
1540000 4034 355.817 28269.0 8.895 2.1466 0 0 0 
1550000 4061 363.988 28521.0 9.028 2.1928 0 0 0 
1560000 4089 361.83 28775.0 9.103 2.1789 0 0 0 
1570000 4109 390.898 28958.0 9.029 2.3487 0 0 0 
1580000 4143 347.982 29254.0 8.858 2.0947 0 0 0 
1590000 4175 331.98 29538.0 8.89 1.9991 0 0 0 
1600000 4205 327.798 29810.0 8.938 1.9737 0 0 0 
1610000 4238 315.904 30127.0 9.298 1.9031 0 0 0 
1620000 4266 338.319 30384.0 9.333 2.0378 0 0 0 
1630000 4295 337.694 30638.0 9.089 2.0403 0 0 0 
1640000 4323 342.439 30876.0 8.831 2.0825 0 0 0 
1650000 4348 363.557 31103.0 8.846 2.2061 0 0 0 
1660000 4374 368.387 31357.0 9.179 2.2395 0 0 0 
1670000 4399 382.95 31584.0 9.123 2.3313 0 0 0 
1680000 4427 374.443 31849.0 9.387 2.2801 0 0 0 
1690000 4456 361.816 32123.0 9.386 2.1971 0 0 0 
1700000 4480 370.948 32361.0 9.474 2.2497 0 0 0 
1710000 4508 371.303 32621.0 9.433 2.257 0 0 0 
1720000 4534 372.147 32870.0 9.446 2.2557 0 0 0 
1730000 4558 388.32 33095.0 9.432 2.3584 0 0 0 
1740000 4583 386.608 33320.0 9.245 2.3486 0 0 0 
1750000 4609 385.5 33558.0 9.249 2.3418 0 0 0 
1760000 4633 406.204 33764.0 8.999 2.4665 0 0 0 
1770000 4663 376.743 34038.0 9.118 2.2868 0 0 0 
1780000 4687 388.911 34272.0 9.301 2.3642 0 0 0 
1790000 4716 361.879 34536.0 9.274 2.1994 0 0 0 
1800000 4740 389.159 34742.0 8.975 2.3688 0 0 0 
1810000 4769 367.218 35006.0 9.08 2.2287 0 0 0 
1820000 4795 376.365 35227.0 8.915 2.2833 0 0 0 
1830000 4823 359.403 35478.0 8.848 2.1785 0 0 0 
1840000 4849 370.863 35711.0 8.839 2.2511 0 0 0 
1850000 4877 373.139 35977.0 9.254 2.2637 0 0 0 
1860000 4907 352.043 36260.0 9.186 2.1348 0 0 0 
1870000 4936 348.191 36541.0 9.402 2.1152 0 0 0 
1880000 4962 368.297 36765.0 9.154 2.2366 0 0 0 
1890000 4987 372.323 37000.0 9.183 2.2608 0 0 0 
1900000 5012 387.614 37233.0 9.335 2.349 0 0 0 
1910000 5040 369.629 37477.0 9.022 2.2367 0 0 0 
1920000 5068 356.688 37722.0 8.879 2.1617 0 0 0 
1930000 5093 380.001 37933.0 8.855 2.3077 0 0 0 
1940000 5124 351.901 38225.0 9.155 2.1233 0 0 0 
1950000 5148 368.459 38459.0 9.284 2.2157 0 0 0 
1960000 5177 362.505 38731.0 9.368 2.1809 0 0 0 
1970000 5207 348.67 39003.0 9.226 2.099 0 0 0 
1980000 5238 333.441 39253.0 8.757 2.0123 0 0 0 
1990000 5265 349.443 39480.0 8.55 2.1081 0 0 0 
2000000 5292 355.192 39745.0 9.035 2.1411 0 0 0 
2010000 5320 356.274 39993.0 9.102 2.1483 0 0 0 
2020000 5351 340.203 40265.0 8.984 2.0543 0 0 0 
2030000 5371 390.904 40464.0 9.174 2.3506 0 0 0 
2040000 5402 361.373 40736.0 9.105 2.1672 0 0 0 
2050000 5424 393.479 40934.0 9.015 2.3591 0 0 0 
2060000 5452 378.134 41213.0 9.383 2.2655 0 0 0 
2070000 5477 373.03 41444.0 9.294 2.2348 0 0 0 
2080000 5506 368.487 41700.0 9.17 2.2043 0 0 0 
2090000 5529 392.449 41912.0 9.188 2.3413 0 0 0 
2100000 5555 385.286 42157.0 9.209 2.3095 0 0 0 
2110000 5579 404.783 42366.0 9.027 2.427 0 0 0 
2120000 5604 401.173 42608.0 9.23 2.3988 0 0 0 
2130000 5627 411.892 42822.0 9.284 2.4603 0 0 0 
2140000 5654 394.609 43071.0 9.116 2.3551 0 0 0 
2150000 5681 384.327 43328.0 9.309 2.2947 0 0 0 
2160000 5706 390.563 43565.0 9.398 2.326 0 0 0 
2170000 5732 389.937 43798.0 9.268 2.3248 0 0 0 
2180000 5756 394.554 44020.0 9.199 2.3508 0 0 0 
2190000 5782 387.014 44257.0 9.148 2.3059 0 0 0 
2200000 5812 369.78 44499.0 8.677 2.2051 0 0 0 
2210000 5841 358.181 44760.0 8.733 2.1388 0 0 0 
2220000 5868 364.468 44999.0 8.707 2.1766 0 0 0 
2230000 5897 351.561 45277.0 9.083 2.1016 0 0 0 
2240000 5925 353.212 45547.0 9.318 2.1084 0 0 0 
2250000 5958 332.358 45851.0 9.392 1.9861 0 0 0 
2260000 5984 353.798 46074.0 8.975 2.1128 0 0 0 
2270000 6012 354.008 46333.0 9.114 2.118 0 0 0 
2280000 6038 362.056 46568.0 8.996 2.1701 0 0 0 
2290000 6060 403.017 46775.0 9.268 2.4236 0 0 0 
2300000 6087 386.037 47019.0 9.011 2.3223 0 0 0 
2310000 6113 383.04 47250.0 8.913 2.303 0 0 0 
2320000 6138 388.41 47478.0 9.055 2.3443 0 0 0 
2330000 6163 393.555 47721.0 9.35 2.3678 0 0 0 
2340000 6187 402.532 47947.0 9.349 2.4238 0 0 0 
2350000 6213 396.482 48196.0 9.481 2.3908 0 0 0 
2360000 6241 378.377 48474.0 9.635 2.2758 0 0 0 
2370000 6267 384.312 48720.0 9.647 2.2993 0 0 0 
2380000 6294 379.149 48976.0 9.508 2.2543 0 0 0 
2390000 6323 365.917 49236.0 9.251 2.1747 0 0 0 
2400000 6349 381.62 49453.0 9.011 2.2687 0 0 0 
2410000 6374 391.476 49687.0 9.08 2.3247 0 0 0 
2420000 6401 381.111 49944.0 9.232 2.261 0 0 0 
2430000 6423 406.564 50148.0 9.186 2.4141 0 0 0 
2440000 6445 415.179 50362.0 9.365 2.4618 0 0 0 
2450000 6473 393.825 50607.0 9.148 2.3367 0 0 0 
2460000 6496 401.161 50830.0 9.294 2.3787 0 0 0 
2470000 6522 402.974 51074.0 9.469 2.3842 0 0 0 
2480000 6543 429.177 51281.0 9.481 2.5412 0 0 0 
2490000 6568 421.423 51512.0 9.446 2.4946 0 0 0 
2500000 6590 431.07 51726.0 9.471 2.5551 0 0 0 
2510000 6617 404.291 51960.0 9.212 2.4 0 0 0 
2520000 6639 424.753 52152.0 9.043 2.5238 0 0 0 
2530000 6664 410.168 52389.0 9.095 2.434 0 0 0 
2540000 6693 381.128 52651.0 9.07 2.2592 0 0 0 
2550000 6716 398.738 52861.0 9.092 2.3567 0 0 0 
2560000 6740 404.688 53074.0 9.032 2.3905 0 0 0 
2570000 6763 415.579 53290.0 9.181 2.4525 0 0 0 
2580000 6789 402.365 53548.0 9.482 2.3782 0 0 0 
2590000 6813 405.714 53782.0 9.622 2.3951 0 0 0 
2600000 6838 398.783 54018.0 9.539 2.3532 0 0 0 
2610000 6864 391.638 54269.0 9.55 2.3103 0 0 0 
2620000 6892 378.747 54516.0 9.283 2.2333 0 0 0 
2630000 6920 373.287 54787.0 9.524 2.2003 0 0 0 
2640000 6948 362.927 55057.0 9.42 2.1456 0 0 0 
2650000 6975 364.643 55292.0 9.087 2.1589 0 0 0 
2660000 7004 352.223 55562.0 9.274 2.0837 0 0 0 
2670000 7032 357.08 55814.0 9.068 2.113 0 0 0 
2680000 7058 370.246 56058.0 9.168 2.1825 0 0 0 
2690000 7086 366.096 56303.0 9.146 2.1598 0 0 0 
2700000 7113 369.663 56564.0 9.327 2.1813 0 0 0 
2710000 7144 342.711 56851.0 9.192 2.0414 0 0 0 
2720000 7174 338.241 57140.0 9.394 2.0176 0 0 0 
2730000 7202 342.0 57394.0 9.31 2.0356 0 0 0 
2740000 7228 363.249 57640.0 9.366 2.1591 0 0 0 
2750000 7259 345.371 57914.0 9.191 2.0541 0 0 0 
2760000 7290 334.096 58209.0 9.243 1.9873 0 0 0 
2770000 7316 352.645 58440.0 9.022 2.0936 0 0 0 
2780000 7341 359.658 58674.0 9.15 2.1319 0 0 0 
2790000 7370 365.333 58935.0 9.18 2.1703 0 0 0 
2800000 7395 375.784 59177.0 9.405 2.2299 0 0 0 
2810000 7419 394.065 59402.0 9.315 2.3356 0 0 0 
2820000 7444 396.698 59643.0 9.446 2.3525 0 0 0 
2830000 7475 360.317 59923.0 9.189 2.1361 0 0 0 
2840000 7502 359.495 60168.0 9.241 2.1324 0 0 0 
2850000 7527 363.939 60410.0 9.322 2.1577 0 0 0 
2860000 7556 362.433 60674.0 9.353 2.1466 0 0 0 
2870000 7581 376.619 60907.0 9.281 2.2341 0 0 0 
2880000 7609 366.191 61165.0 9.229 2.1792 0 0 0 
2890000 7636 362.992 61422.0 9.324 2.1761 0 0 0 
2900000 7666 351.467 61710.0 9.46 2.1229 0 0 0 
2910000 7690 374.498 61936.0 9.483 2.2673 0 0 0 
2920000 7715 382.436 62179.0 9.586 2.3182 0 0 0 
2930000 7744 363.479 62453.0 9.534 2.2045 0 0 0 
2940000 7775 342.946 62743.0 9.39 2.0832 0 0 0 
2950000 7805 340.4 63037.0 9.667 2.0658 0 0 0 
2960000 7837 321.516 63339.0 9.522 1.9542 0 0 0 
2970000 7859 367.161 63549.0 9.487 2.2321 0 0 0 
2980000 7889 358.099 63839.0 9.646 2.177 0 0 0 
2990000 7914 365.263 64088.0 9.648 2.2204 0 0 0 
3000000 7942 373.419 64342.0 9.537 2.2687 0 0 0 
3010000 7966 383.853 64570.0 9.417 2.3301 0 0 0 
3020000 7996 362.819 64850.0 9.477 2.2043 0 0 0 
3030000 8026 346.558 65150.0 9.578 2.1053 0 0 0 
3040000 8052 365.077 65391.0 9.553 2.2157 0 0 0 
3050000 8078 371.187 65615.0 9.235 2.2608 0 0 0 
3060000 8109 349.541 65915.0 9.428 2.1621 0 0 0 
3070000 8135 361.073 66168.0 9.554 2.2294 0 0 0 
3080000 8160 366.176 66413.0 9.481 2.2867 0 0 0 
3090000 8185 384.403 66650.0 9.589 2.4623 0 0 0 
3100000 8211 379.635 66867.0 9.08 2.673 0 0 0 
3110000 8237 383.449 67092.0 8.935 2.8289 0 0 0 
3120000 8261 385.022 67323.0 9.134 2.7177 0 0 0 
3130000 8292 365.412 67610.0 9.285 2.476 0 0 0 
3140000 8316 375.584 67832.0 9.224 2.4972 0 0 0 
3150000 8344 371.373 68103.0 9.477 2.5052 0 0 0 
3160000 8373 361.807 68380.0 9.522 2.617 0 0 0 
3170000 8405 338.836 68668.0 9.27 2.5708 0 0 0 
3180000 8434 336.365 68945.0 9.315 2.5921 0 0 0 
3190000 8462 345.698 69211.0 9.404 2.6962 0 0 0 
3200000 8487 355.125 69452.0 9.479 2.7921 0 0 0 
3210000 8515 367.626 69723.0 9.599 2.8959 0 0 0 
3220000 8541 375.191 69961.0 9.495 2.9487 0 0 0 
3230000 8569 363.171 70238.0 9.566 2.85 0 0 0 
3240000 8599 347.407 70504.0 9.269 2.7335 0 0 0 
3250000 8628 345.691 70771.0 9.234 2.7184 0 0 0 
3260000 8659 334.067 71064.0 9.262 2.6442 0 0 0 
3270000 8693 306.361 71346.0 8.714 2.4517 0 0 0 
3280000 8723 322.488 71612.0 8.795 2.562 0 0 0 
3290000 8754 325.021 71892.0 9.066 2.5708 0 0 0 
3300000 8777 350.734 72125.0 9.323 2.7854 0 0 0 
3310000 8804 362.406 72355.0 9.026 2.8571 0 0 0 
3320000 8834 340.53 72634.0 9.154 2.6925 0 0 0 
3330000 8863 347.636 72884.0 8.994 2.7541 0 0 0 
3340000 8884 389.41 73067.0 8.822 3.0758 0 0 0 
3350000 8909 395.9 73292.0 8.936 3.1211 0 0 0 
3360000 8936 386.049 73542.0 9.145 3.0596 0 0 0 
3370000 8965 364.439 73826.0 9.445 2.8789 0 0 0 
3380000 8999 328.261 74143.0 9.37 2.5994 0 0 0 
3390000 9026 347.476 74381.0 9.16 2.7437 0 0 0 
3400000 9057 331.764 74639.0 8.685 2.6065 0 0 0 
3410000 9084 342.687 74867.0 8.483 2.6893 0 0 0 
3420000 9112 348.159 75144.0 9.068 2.7466 0 0 0 
3430000 9136 372.009 75374.0 9.296 2.9319 0 0 0 
3440000 9167 348.525 75676.0 9.472 2.7504 0 0 0 
3450000 9191 370.421 75898.0 9.389 2.9281 0 0 0 
3460000 9220 361.633 76176.0 9.501 2.8636 0 0 0 
3470000 9245 363.653 76400.0 9.262 2.8853 0 0 0 
3480000 9272 375.98 76656.0 9.46 2.9973 0 0 0 
3490000 9298 381.385 76903.0 9.407 3.011 0 0 0 
3500000 9324 383.564 77143.0 9.319 3.0526 0 0 0 
3510000 9352 368.661 77426.0 9.613 2.9465 0 0 0 
3520000 9385 340.019 77720.0 9.291 2.6812 0 0 0 
3530000 9415 334.417 78019.0 9.613 2.6429 0 0 0 
3540000 9446 327.925 78319.0 9.575 2.595 0 0 0 
3550000 9474 336.503 78570.0 9.289 2.6835 0 0 0 
3560000 9506 328.293 78868.0 9.424 2.5944 0 0 0 
3570000 9535 334.625 79146.0 9.542 2.6819 0 0 0 
3580000 9567 321.631 79472.0 9.76 2.5594 0 0 0 
3590000 9596 322.362 79747.0 9.59 2.5572 0 0 0 
3600000 9624 343.583 80015.0 9.637 2.7374 0 0 0 
3610000 9653 335.579 80289.0 9.52 2.6775 0 0 0 
3620000 9684 337.31 80570.0 9.425 2.6983 0 0 0 
3630000 9709 360.125 80811.0 9.335 2.8919 0 0 0 
3640000 9734 364.175 81052.0 9.463 2.9097 0 0 0 
3650000 9765 350.639 81309.0 9.081 2.795 0 0 0 
3660000 9797 331.363 81608.0 9.075 2.643 0 0 0 
3670000 9825 341.202 81884.0 9.411 2.7171 0 0 0 
3680000 9858 322.547 82190.0 9.358 2.5686 0 0 0 
3690000 9889 326.811 82478.0 9.333 2.5876 0 0 0 
3700000 9919 324.852 82771.0 9.449 2.5895 0 0 0 
3710000 9952 317.305 83080.0 9.511 2.5219 0 0 0 
3720000 9975 349.542 83309.0 9.568 2.7649 0 0 0 
3730000 10003 346.015 83570.0 9.439 2.7415 0 0 0 
3740000 10033 346.599 83860.0 9.534 2.7713 0 0 0 
3750000 10063 338.36 84142.0 9.49 2.7176 0 0 0 
3760000 10094 329.925 84424.0 9.322 2.6422 0 0 0 
3770000 10120 344.811 84664.0 9.358 2.7441 0 0 0 
3780000 10149 351.945 84937.0 9.33 2.7962 0 0 0 
3790000 10178 348.676 85220.0 9.518 2.7608 0 0 0 
3800000 10202 378.41 85439.0 9.388 3.0196 0 0 0 
3810000 10232 359.696 85720.0 9.454 2.8678 0 0 0 
3820000 10262 348.659 86003.0 9.524 2.7941 0 0 0 
3830000 10292 333.859 86287.0 9.445 2.6614 0 0 0 
3840000 10318 356.672 86528.0 9.332 2.8249 0 0 0 
3850000 10345 360.727 86786.0 9.458 2.8295 0 0 0 
3860000 10374 354.268 87055.0 9.423 2.8192 0 0 0 
3870000 10406 334.729 87336.0 9.044 2.6813 0 0 0 
3880000 10430 353.499 87547.0 8.935 2.8297 0 0 0 
3890000 10452 400.833 87737.0 9.003 3.2103 0 0 0 
3900000 10481 376.757 88015.0 9.152 3.0154 0 0 0 
3910000 10512 348.268 88305.0 9.25 2.7867 0 0 0 
3920000 10536 363.237 88541.0 9.404 2.8986 0 0 0 
3930000 10563 368.777 88799.0 9.526 2.9242 0 0 0 
3940000 10592 357.323 89074.0 9.544 2.8423 0 0 0 
3950000 10620 354.948 89342.0 9.528 2.8299 0 0 0 
3960000 10644 380.592 89570.0 9.519 3.0305 0 0 0 
3970000 10673 361.341 89842.0 9.436 2.8811 0 0 0 
3980000 10706 334.968 90152.0 9.4 2.6764 0 0 0 
3990000 10735 339.768 90422.0 9.344 2.6992 0 0 0 
4000000 10767 329.501 90737.0 9.589 2.6159 0 0 0 
