10000 14 166.696 -10.072 -0.179 0.4995 0 0 0 
20000 26 308.889 -18.824 -0.297 0.9222 0 0 0 
30000 38 421.61 -27.153 -0.383 1.7236 0 0 0 
40000 51 510.418 -36.132 -0.451 2.387 0 0 0 
50000 66 551.353 -46.015 -0.508 2.7602 0 0 0 
60000 116 310.917 -82.443 -0.668 1.6424 0 0 0 
70000 145 340.934 -101.321 -0.651 1.8735 0 0 0 
80000 188 270.328 -136.216 -0.761 1.5156 0 0 0 
90000 209 348.86 -153.913 -0.787 1.9766 0 0 0 
100000 221 453.545 -160.198 -0.724 2.595 0 0 0 
110000 253 388.649 -182.359 -0.699 2.2504 0 0 0 
120000 268 461.032 -187.003 -0.592 2.6715 0 0 0 
130000 286 496.895 -186.465 -0.391 2.8981 0 0 0 
140000 298 554.751 -191.78 -0.41 3.2463 0 0 0 
150000 311 620.031 -197.873 -0.418 3.6382 0 0 0 
160000 323 664.981 -203.348 -0.428 3.9217 0 0 0 
170000 340 645.942 -204.758 -0.316 3.8044 0 0 0 
180000 359 578.698 -209.627 -0.296 3.4157 0 0 0 
190000 380 568.001 -213.504 -0.249 3.3279 0 0 0 
200000 394 603.153 -216.689 -0.243 3.5134 0 0 0 
210000 459 256.806 -229.18 -0.191 1.5069 0 0 0 
220000 491 269.013 -204.406 0.285 1.5672 0 0 0 
230000 556 201.546 -198.717 0.05 1.1462 0 0 0 
240000 637 171.322 -245.567 -0.342 0.9818 0 0 0 
250000 708 151.717 -215.821 0.309 0.8839 0 0 0 
260000 770 156.7 -195.756 0.293 0.9263 0 0 0 
270000 823 174.045 -208.87 -0.065 1.0265 0 0 0 
280000 899 139.586 -192.162 0.228 0.8213 0 0 0 
290000 969 148.361 -175.648 0.18 0.8703 0 0 0 
300000 997 233.015 -187.871 -0.095 1.3542 0 0 0 
310000 1050 214.905 -210.857 -0.331 1.2479 0 0 0 
320000 1103 183.861 -229.013 -0.336 1.0727 0 0 0 
330000 1161 180.168 -215.029 0.157 1.0335 0 0 0 
340000 1249 113.041 -136.355 0.807 0.6544 0 0 0 
350000 1383 79.869 -28.906 0.817 0.4675 0 0 0 
360000 1524 74.718 95.504 0.896 0.4399 0 0 0 
370000 1706 50.132 254.822 0.862 0.2961 0 0 0 
380000 1872 55.983 421.771 0.995 0.3255 0 0 0 
390000 2040 67.065 575.108 0.896 0.3887 0 0 0 
400000 2212 63.84 738.304 0.852 0.376 0 0 0 
410000 2433 45.571 960.484 1.005 0.2691 0 0 0 
420000 2618 47.078 1142.673 0.99 0.281 0 0 0 
430000 2821 46.543 1336.803 0.967 0.2759 0 0 0 
440000 3027 50.242 1535.778 0.99 0.2973 0 0 0 
450000 3204 49.608 1711.96 0.99 0.3069 0 0 0 
460000 3414 42.995 1921.085 0.987 0.2554 0 0 0 
470000 3629 44.203 2141.116 1.022 0.2746 0 0 0 
480000 3825 41.426 2340.188 1.02 0.2574 0 0 0 
490000 4023 58.589 2538.985 1.007 0.3566 0 0 0 
500000 4249 54.312 2767.924 1.018 0.336 0 0 0 
510000 4479 40.966 3002.912 1.021 0.257 0 0 0 
520000 4725 40.082 3254.008 1.021 0.2493 0 0 0 
530000 4957 38.988 3489.181 1.019 0.2374 0 0 0 
540000 5158 47.812 3690.93 1.018 0.2875 0 0 0 
550000 5376 43.083 3911.936 1.0 0.2646 0 0 0 
560000 5616 39.771 4150.978 0.974 0.2428 0 0 0 
570000 5834 40.096 4372.337 1.02 0.2478 0 0 0 
580000 6048 38.534 4581.521 0.987 0.2394 0 0 0 
590000 6286 40.246 4820.746 1.018 0.2467 0 0 0 
600000 6523 40.152 5062.96 1.021 0.2465 0 0 0 
610000 6754 42.047 5297.129 1.015 0.2577 0 0 0 
620000 6986 44.668 5532.317 1.022 0.2801 0 0 0 
630000 7213 44.004 5756.552 1.019 0.2665 0 0 0 
640000 7419 41.759 5963.692 1.015 0.2549 0 0 0 
650000 7652 39.712 6197.941 1.019 0.2333 0 0 0 
660000 7859 48.068 6406.215 1.011 0.2804 0 0 0 
670000 8086 46.59 6636.318 1.022 0.2741 0 0 0 
680000 8289 43.579 6842.414 1.021 0.2564 0 0 0 
690000 8524 40.406 7082.544 1.021 0.2466 0 0 0 
700000 8751 44.929 7314.441 1.022 0.2726 0 0 0 
710000 8981 50.473 7547.585 1.026 0.3041 0 0 0 
720000 9215 39.026 7778.735 1.009 0.2347 0 0 0 
730000 9419 43.875 7973.982 0.919 0.2697 0 0 0 
740000 9596 49.365 8148.095 0.994 0.2996 0 0 0 
750000 9827 43.523 8376.293 1.002 0.2647 0 0 0 
760000 10063 42.935 8615.402 1.015 0.2606 0 0 0 
770000 10282 45.172 8831.435 1.007 0.2747 0 0 0 
780000 10526 38.762 9076.545 1.012 0.2361 0 0 0 
790000 10748 41.378 9301.695 1.015 0.254 0 0 0 
800000 10991 39.815 9541.952 1.016 0.2427 0 0 0 
810000 11202 48.874 9754.014 1.013 0.2893 0 0 0 
820000 11444 38.94 9995.098 0.973 0.2326 0 0 0 
830000 11676 44.037 10210.198 0.925 0.2668 0 0 0 
840000 11911 38.421 10436.359 0.954 0.2306 0 0 0 
850000 12141 41.484 10653.583 0.979 0.2472 0 0 0 
860000 12357 42.733 10868.722 1.015 0.2539 0 0 0 
870000 12587 43.219 11085.77 0.962 0.2657 0 0 0 
880000 12806 41.592 11301.949 1.002 0.2633 0 0 0 
890000 13042 44.616 11531.13 0.973 0.2683 0 0 0 
900000 13292 42.054 11782.334 1.02 0.2541 0 0 0 
910000 13518 43.386 12011.344 1.021 0.2622 0 0 0 
920000 13754 39.016 12242.387 0.948 0.2353 0 0 0 
930000 13994 37.154 12479.506 1.009 0.2246 0 0 0 
940000 14212 43.649 12690.682 0.963 0.2644 0 0 0 
950000 14452 41.444 12921.788 0.959 0.256 0 0 0 
960000 14692 40.201 13158.837 1.01 0.2489 0 0 0 
970000 14928 53.879 13389.97 0.961 0.3305 0 0 0 
980000 15186 37.731 13647.044 1.011 0.2254 0 0 0 
990000 15429 41.686 13891.037 1.002 0.2504 0 0 0 
1000000 15654 42.358 14109.119 0.968 0.253 0 0 0 
