10000 10 182.927 -5.469 -0.1 0.5625 0 0 0 
20000 20 332.392 -11.205 -0.186 1.0228 0 0 0 
30000 39 391.151 -22.478 -0.329 1.6691 0 0 0 
40000 56 456.979 -35.107 -0.449 2.2691 0 0 0 
50000 67 561.0 -41.632 -0.469 2.9913 0 0 0 
60000 100 433.932 -55.849 -0.443 2.4074 0 0 0 
70000 146 295.856 -63.489 -0.207 1.6933 0 0 0 
80000 204 195.716 -66.696 -0.19 1.1407 0 0 0 
90000 269 166.883 -93.298 -0.352 0.9794 0 0 0 
100000 300 246.444 -82.868 -0.021 1.4581 0 0 0 
110000 342 237.014 -55.5 0.38 1.417 0 0 0 
120000 424 143.667 -2.117 0.622 0.866 0 0 0 
130000 509 121.426 28.232 0.416 0.7213 0 0 0 
140000 609 101.984 82.15 0.488 0.6137 0 0 0 
150000 753 65.765 187.334 0.732 0.3991 0 0 0 
160000 891 68.206 284.613 0.757 0.4148 0 0 0 
170000 1074 55.55 443.074 0.861 0.3424 0 0 0 
180000 1214 61.053 574.721 0.918 0.3692 0 0 0 
190000 1412 49.714 758.056 0.93 0.2997 0 0 0 
200000 1603 51.053 938.653 0.907 0.3081 0 0 0 
210000 1795 49.328 1122.016 0.954 0.3021 0 0 0 
220000 1984 57.527 1302.345 0.931 0.3562 0 0 0 
230000 2191 40.972 1500.451 0.985 0.2555 0 0 0 
240000 2409 48.804 1715.504 0.999 0.3045 0 0 0 
250000 2628 48.512 1935.457 0.972 0.2945 0 0 0 
260000 2848 47.944 2154.499 1.0 0.2922 0 0 0 
270000 3091 42.207 2398.571 0.999 0.2593 0 0 0 
280000 3300 47.281 2602.716 0.979 0.2839 0 0 0 
290000 3511 42.401 2802.701 0.895 0.2525 0 0 0 
300000 3755 40.764 3041.719 1.002 0.2436 0 0 0 
310000 3987 43.813 3266.708 0.971 0.2632 0 0 0 
320000 4196 43.692 3470.564 1.0 0.2627 0 0 0 
330000 4437 42.124 3712.656 1.013 0.2541 0 0 0 
340000 4659 40.308 3935.813 1.014 0.2488 0 0 0 
350000 4900 41.972 4173.971 0.897 0.2612 0 0 0 
360000 5097 58.145 4352.216 0.847 0.3556 0 0 0 
370000 5175 124.392 4422.193 0.89 0.7405 0 0 0 
380000 5258 124.296 4495.856 0.897 0.7401 0 0 0 
390000 5392 68.408 4630.269 1.011 0.4104 0 0 0 
400000 5470 120.581 4698.974 0.918 0.7128 0 0 0 
410000 5544 145.324 4770.072 0.941 0.8469 0 0 0 
420000 5606 160.747 4829.05 0.917 0.9373 0 0 0 
430000 5686 132.305 4895.815 0.858 0.7678 0 0 0 
440000 5766 132.923 4966.599 0.909 0.7766 0 0 0 
450000 5935 61.323 5127.454 0.957 0.3742 0 0 0 
460000 6104 63.382 5287.739 0.922 0.3912 0 0 0 
470000 6265 63.691 5442.296 0.941 0.395 0 0 0 
480000 6441 51.606 5619.691 1.006 0.3226 0 0 0 
490000 6664 42.112 5821.727 0.951 0.2623 0 0 0 
500000 6888 46.157 6044.685 1.009 0.2885 0 0 0 
510000 7092 44.931 6250.042 1.009 0.28 0 0 0 
520000 7318 44.595 6471.205 0.967 0.277 0 0 0 
530000 7527 64.403 6675.111 0.897 0.3926 0 0 0 
540000 7744 43.98 6889.154 1.007 0.2714 0 0 0 
550000 7984 42.773 7128.204 0.965 0.2644 0 0 0 
560000 8226 40.848 7367.233 1.006 0.2526 0 0 0 
570000 8451 43.692 7585.207 0.936 0.2697 0 0 0 
580000 8663 42.838 7793.956 1.008 0.2649 0 0 0 
590000 8874 46.427 8002.205 0.975 0.2808 0 0 0 
600000 9112 41.049 8231.256 0.951 0.2548 0 0 0 
610000 9308 44.682 8426.328 1.016 0.2768 0 0 0 
620000 9515 47.366 8634.542 0.978 0.2891 0 0 0 
630000 9754 44.311 8876.453 1.02 0.2742 0 0 0 
640000 9980 42.402 9099.421 0.952 0.2667 0 0 0 
650000 10213 42.258 9333.519 0.984 0.2627 0 0 0 
660000 10438 41.694 9557.465 1.018 0.2665 0 0 0 
670000 10656 47.035 9772.335 1.003 0.2969 0 0 0 
680000 10871 43.446 9986.248 1.001 0.2694 0 0 0 
690000 11097 42.831 10209.241 0.985 0.2702 0 0 0 
700000 11337 46.268 10446.273 0.98 0.2861 0 0 0 
710000 11557 40.802 10669.595 1.02 0.2535 0 0 0 
720000 11766 49.07 10877.577 0.96 0.304 0 0 0 
730000 11986 41.65 11098.733 1.012 0.2602 0 0 0 
740000 12165 43.927 11277.05 1.019 0.2746 0 0 0 
750000 12394 39.021 11504.974 1.01 0.2407 0 0 0 
760000 12632 44.788 11747.96 1.022 0.2758 0 0 0 
770000 12867 42.926 11975.899 1.005 0.2642 0 0 0 
780000 13054 58.616 12160.029 1.002 0.3568 0 0 0 
790000 13258 43.996 12365.112 1.017 0.2773 0 0 0 
800000 13499 41.308 12609.144 0.99 0.2574 0 0 0 
810000 13756 40.728 12867.258 1.001 0.2541 0 0 0 
820000 14008 40.465 13120.278 0.994 0.2516 0 0 0 
830000 14253 37.322 13366.317 1.016 0.2329 0 0 0 
840000 14492 47.646 13606.327 1.011 0.2941 0 0 0 
850000 14711 41.937 13824.256 0.994 0.2601 0 0 0 
860000 14966 37.22 14074.41 1.004 0.2337 0 0 0 
870000 15207 41.465 14306.46 0.985 0.2586 0 0 0 
880000 15430 51.369 14528.357 0.993 0.3193 0 0 0 
890000 15637 50.928 14732.362 0.957 0.322 0 0 0 
900000 15882 41.259 14976.47 1.011 0.2578 0 0 0 
910000 16072 52.742 15165.366 0.996 0.3274 0 0 0 
920000 16297 47.559 15393.345 1.023 0.2953 0 0 0 
930000 16561 36.195 15662.451 1.019 0.2299 0 0 0 
940000 16767 47.615 15855.865 0.983 0.2982 0 0 0 
950000 17021 38.385 16108.996 1.009 0.24 0 0 0 
960000 17270 42.44 16359.016 1.02 0.2641 0 0 0 
970000 17509 41.563 16602.973 1.021 0.259 0 0 0 
980000 17736 38.249 16830.888 1.011 0.2393 0 0 0 
990000 17971 41.0 17062.841 0.975 0.2568 0 0 0 
1000000 18209 41.416 17295.876 0.999 0.257 0 0 0 
