10000 10 182.927 -14271.283 -261.041 0.3013 0 0 0 
20000 20 332.392 -28543.828 -474.417 0.5453 0 0 0 
30000 30 454.516 -43062.23 -653.04 1.2093 0 0 0 
40000 40 554.3 -56956.456 -787.398 1.7649 0 0 0 
50000 50 635.83 -68283.675 -850.47 2.1388 0 0 0 
60000 60 702.447 -79837.103 -904.944 2.4788 0 0 0 
70000 70 756.877 -88444.399 -896.042 2.7489 0 0 0 
80000 80 801.351 -99838.423 -941.007 2.989 0 0 0 
90000 90 837.689 -113039.73 -1007.91 3.1703 0 0 0 
100000 100 867.38 -119436.81 -939.053 3.2924 0 0 0 
110000 110 891.64 -123694.37 -846.326 3.4317 0 0 0 
120000 120 911.462 -122007.159 -661.596 3.5777 0 0 0 
130000 130 927.658 -122289.873 -553.431 3.6426 0 0 0 
140000 140 940.891 -130289.953 -600.938 3.7238 0 0 0 
150000 150 951.704 -134716.562 -572.304 3.781 0 0 0 
160000 160 960.539 -138694.969 -540.59 3.8288 0 0 0 
170000 170 967.757 -139805.581 -463.389 3.8292 0 0 0 
180000 180 973.655 -140217.936 -384.529 3.8675 0 0 0 
190000 190 978.474 -143402.396 -373.11 3.9369 0 0 0 
200000 200 982.412 -143241.042 -301.603 3.9516 0 0 0 
210000 210 985.629 -145431.428 -287.897 3.9519 0 0 0 
220000 220 988.258 -147105.421 -265.778 3.9629 0 0 0 
230000 230 990.406 -144285.098 -163.775 3.969 0 0 0 
240000 240 992.161 -138886.12 -35.136 3.9785 0 0 0 
250000 250 993.595 -133214.507 75.384 4.1142 0 0 0 
260000 260 994.767 -127939.192 158.033 4.1985 0 0 0 
270000 270 995.724 -122474.609 229.087 4.2201 0 0 0 
280000 280 996.506 -118216.661 266.157 4.231 0 0 0 
290000 290 997.145 -114423.893 285.832 4.3136 0 0 0 
300000 300 997.667 -109971.308 314.16 4.2902 0 0 0 
310000 310 998.094 -106706.478 319.452 4.2724 0 0 0 
320000 320 998.443 -103829.209 314.472 4.2117 0 0 0 
330000 330 998.728 -103229.918 270.786 4.1627 0 0 0 
340000 340 998.96 -97627.31 323.779 4.1625 0 0 0 
350000 350 999.151 -94258.799 325.735 4.1964 0 0 0 
360000 360 999.306 -88948.063 363.264 4.1577 0 0 0 
370000 370 999.433 -83254.412 400.991 4.1257 0 0 0 
380000 380 999.537 -77503.081 432.957 4.1138 0 0 0 
390000 390 999.621 -73688.938 420.735 4.1068 0 0 0 
400000 400 999.691 -71310.461 386.051 4.1635 0 0 0 
410000 410 999.747 -67281.25 390.665 4.1579 0 0 0 
420000 420 999.793 -61893.108 417.452 4.1425 0 0 0 
430000 430 999.831 -56451.668 440.715 4.1233 0 0 0 
440000 440 999.862 -52118.118 438.962 4.1113 0 0 0 
450000 450 999.887 -47507.864 442.732 4.1106 0 0 0 
460000 460 999.908 -43032.328 444.703 4.0933 0 0 0 
470000 470 999.925 -37317.251 467.918 4.0801 0 0 0 
480000 480 999.939 -32933.322 463.25 4.0891 0 0 0 
490000 490 999.95 -27810.195 472.084 4.081 0 0 0 
500000 500 999.959 -23858.543 456.576 4.0752 0 0 0 
510000 510 999.966 -19526.44 453.243 4.0569 0 0 0 
520000 520 999.973 -15571.191 441.799 4.0335 0 0 0 
530000 530 999.978 -12927.712 407.019 4.0328 0 0 0 
540000 540 999.982 -7720.052 427.824 4.0249 0 0 0 
550000 550 999.985 -3654.418 424.146 4.0268 0 0 0 
560000 560 999.988 -12.932 413.059 4.0141 0 0 0 
570000 570 999.99 3391.542 399.475 4.0051 0 0 0 
580000 580 999.992 7725.361 405.693 3.9962 0 0 0 
590000 590 999.993 11785.453 407.23 3.9857 0 0 0 
600000 600 999.995 17537.915 438.419 3.9813 0 0 0 
610000 610 999.996 23388.935 464.692 3.987 0 0 0 
620000 620 999.996 26023.609 426.745 3.9774 0 0 0 
630000 630 999.997 31061.251 442.69 3.9694 0 0 0 
640000 640 999.998 37465.782 478.486 3.977 0 0 0 
650000 650 999.998 43848.212 507.903 3.9703 0 0 0 
660000 660 999.998 50183.831 531.009 3.9906 0 0 0 
670000 670 999.999 56692.788 553.36 3.9806 0 0 0 
680000 680 999.999 63882.57 583.848 3.9819 0 0 0 
690000 690 999.999 71511.296 616.697 4.008 0 0 0 
700000 700 999.999 78793.099 637.593 3.9959 0 0 0 
710000 710 999.999 85917.51 651.278 3.9878 0 0 0 
720000 720 1000.0 92555.07 653.106 4.0029 0 0 0 
730000 730 1000.0 99055.698 653.677 3.9956 0 0 0 
740000 740 1000.0 105971.668 660.028 4.0013 0 0 0 
750000 750 1000.0 112617.076 660.782 4.0215 0 0 0 
760000 760 1000.0 118861.045 654.948 4.0216 0 0 0 
770000 770 1000.0 125550.864 657.34 4.0098 0 0 0 
780000 780 1000.0 132916.139 672.468 4.0034 0 0 0 
790000 790 1000.0 140797.043 693.999 3.9994 0 0 0 
800000 800 1000.0 148120.422 700.75 3.9809 0 0 0 
810000 810 1000.0 155733.896 711.717 3.9922 0 0 0 
820000 820 1000.0 163867.488 730.387 3.9794 0 0 0 
830000 830 1000.0 172203.071 749.417 4.0062 0 0 0 
840000 840 1000.0 180558.299 764.97 3.9943 0 0 0 
850000 850 1000.0 188268.715 765.868 4.0197 0 0 0 
860000 860 1000.0 195862.082 764.8 4.0275 0 0 0 
870000 870 1000.0 204003.425 773.393 4.0272 0 0 0 
880000 880 1000.0 212617.932 789.945 4.0325 0 0 0 
890000 890 1000.0 220829.251 795.61 4.0546 0 0 0 
900000 900 1000.0 230320.183 823.513 4.0491 0 0 0 
910000 910 1000.0 238871.496 829.258 4.0553 0 0 0 
920000 920 1000.0 247371.468 833.122 4.0417 0 0 0 
930000 930 1000.0 256017.037 838.674 4.0512 0 0 0 
940000 940 1000.0 263960.105 831.113 4.0567 0 0 0 
950000 950 1000.0 272439.045 834.244 4.0551 0 0 0 
960000 960 1000.0 281342.045 844.21 4.0377 0 0 0 
970000 970 1000.0 289888.787 846.012 4.0188 0 0 0 
980000 980 1000.0 299180.842 861.29 4.0356 0 0 0 
990000 990 1000.0 308948.097 882.568 4.0398 0 0 0 
1000000 1000 1000.0 318493.192 895.795 4.0291 0 0 0 
1010000 1010 1000.0 328013.894 906.495 4.0476 0 0 0 
1020000 1020 1000.0 337665.132 917.344 4.0552 0 0 0 
1030000 1030 1000.0 347453.619 928.62 4.0525 0 0 0 
1040000 1040 1000.0 357719.67 946.663 4.0508 0 0 0 
1050000 1050 1000.0 367659.846 955.235 4.0547 0 0 0 
1060000 1060 1000.0 377122.045 953.701 4.062 0 0 0 
1070000 1070 1000.0 387667.867 972.187 4.0902 0 0 0 
1080000 1080 1000.0 398063.668 984.41 4.0929 0 0 0 
1090000 1090 1000.0 408266.529 991.002 4.1387 0 0 0 
1100000 1100 1000.0 418474.184 995.63 4.1303 0 0 0 
1110000 1110 1000.0 427752.272 983.917 4.1321 0 0 0 
1120000 1120 1000.0 437689.226 985.925 4.1471 0 0 0 
1130000 1130 1000.0 447202.644 979.456 4.14 0 0 0 
1140000 1140 1000.0 457360.881 986.426 4.1313 0 0 0 
1150000 1150 1000.0 469007.689 1018.759 4.1095 0 0 0 
1160000 1160 1000.0 480966.587 1051.67 4.0907 0 0 0 
1170000 1170 1000.0 492341.569 1067.415 4.0824 0 0 0 
1180000 1180 1000.0 503694.731 1079.981 4.1116 0 0 0 
1190000 1190 1000.0 515041.378 1090.158 4.1138 0 0 0 
1200000 1200 1000.0 526780.864 1105.817 4.1274 0 0 0 
1210000 1210 1000.0 537934.319 1106.618 4.1447 0 0 0 
1220000 1220 1000.0 547811.378 1085.297 4.1367 0 0 0 
1230000 1230 1000.0 555483.462 1026.268 4.149 0 0 0 
1240000 1240 1000.0 561744.256 953.545 4.1791 0 0 0 
1250000 1250 1000.0 569128.17 914.727 4.1588 0 0 0 
1260000 1260 1000.0 577543.048 901.033 4.1313 0 0 0 
1270000 1270 1000.0 588293.795 933.522 4.1429 0 0 0 
1280000 1280 1000.0 599400.424 966.345 4.1177 0 0 0 
1290000 1290 1000.0 611270.842 1006.26 4.1282 0 0 0 
1300000 1300 1000.0 622439.155 1026.771 4.1239 0 0 0 
1310000 1310 1000.0 634483.782 1059.289 4.1252 0 0 0 
1320000 1320 1000.0 647020.038 1094.945 4.1094 0 0 0 
1330000 1330 1000.0 660014.52 1132.543 4.0933 0 0 0 
1340000 1340 1000.0 673657.544 1175.157 4.1037 0 0 0 
1350000 1350 1000.0 686282.095 1190.814 4.101 0 0 0 
1360000 1360 1000.0 699343.038 1212.329 4.0999 0 0 0 
1370000 1370 1000.0 712010.644 1222.109 4.1186 0 0 0 
1380000 1380 1000.0 723734.647 1213.7 4.136 0 0 0 
1390000 1390 1000.0 735202.626 1201.177 4.1236 0 0 0 
1400000 1400 1000.0 747774.819 1211.854 4.1116 0 0 0 
1410000 1410 1000.0 761012.576 1231.901 4.0944 0 0 0 
1420000 1420 1000.0 774532.085 1253.606 4.0917 0 0 0 
1430000 1430 1000.0 787702.716 1265.619 4.1133 0 0 0 
1440000 1440 1000.0 800555.301 1269.452 4.1095 0 0 0 
1450000 1450 1000.0 814018.672 1283.365 4.1421 0 0 0 
1460000 1460 1000.0 827543.999 1295.547 4.1492 0 0 0 
1470000 1470 1000.0 841264.265 1309.522 4.1342 0 0 0 
1480000 1480 1000.0 855137.547 1323.841 4.1338 0 0 0 
1490000 1490 1000.0 869388.437 1342.194 4.1374 0 0 0 
1500000 1500 1000.0 883466.928 1354.017 4.1475 0 0 0 
1510000 1510 1000.0 897738.635 1367.562 4.1543 0 0 0 
1520000 1520 1000.0 912302.298 1383.865 4.1628 0 0 0 
1530000 1530 1000.0 926281.29 1385.976 4.1671 0 0 0 
1540000 1540 1000.0 939474.319 1373.887 4.1591 0 0 0 
1550000 1550 1000.0 952604.101 1363.09 4.1338 0 0 0 
1560000 1560 1000.0 966339.465 1365.635 4.157 0 0 0 
1570000 1570 1000.0 981083.574 1386.07 4.1756 0 0 0 
1580000 1580 1000.0 995717.644 1400.131 4.1616 0 0 0 
1590000 1590 1000.0 1011041.337 1424.042 4.139 0 0 0 
1600000 1600 1000.0 1025742.615 1432.78 4.1346 0 0 0 
1610000 1610 1000.0 1040206.678 1434.638 4.1196 0 0 0 
1620000 1620 1000.0 1054534.863 1434.538 4.1552 0 0 0 
1630000 1630 1000.0 1068717.751 1431.308 4.1411 0 0 0 
1640000 1640 1000.0 1083110.916 1432.749 4.1581 0 0 0 
1650000 1650 1000.0 1097808.536 1440.523 4.1436 0 0 0 
1660000 1660 1000.0 1113133.113 1456.888 4.1646 0 0 0 
1670000 1670 1000.0 1127392.154 1450.892 4.1466 0 0 0 
1680000 1680 1000.0 1142393.673 1459.223 4.14 0 0 0 
1690000 1690 1000.0 1157245.53 1463.553 4.1524 0 0 0 
1700000 1700 1000.0 1171346.59 1453.474 4.1442 0 0 0 
1710000 1710 1000.0 1186246.921 1460.285 4.1259 0 0 0 
1720000 1720 1000.0 1201117.557 1464.475 4.1404 0 0 0 
1730000 1730 1000.0 1215135.129 1452.892 4.1527 0 0 0 
1740000 1740 1000.0 1228591.006 1433.669 4.1389 0 0 0 
1750000 1750 1000.0 1243721.17 1448.365 4.148 0 0 0 
1760000 1760 1000.0 1258628.808 1455.467 4.1445 0 0 0 
1770000 1770 1000.0 1273987.089 1469.979 4.1532 0 0 0 
1780000 1780 1000.0 1289010.518 1475.908 4.1538 0 0 0 
1790000 1790 1000.0 1303725.784 1475.431 4.1508 0 0 0 
1800000 1800 1000.0 1318986.372 1484.378 4.1447 0 0 0 
1810000 1810 1000.0 1334281.621 1492.503 4.1493 0 0 0 
1820000 1820 1000.0 1349111.822 1491.18 4.1524 0 0 0 
1830000 1830 1000.0 1364045.578 1491.428 4.1656 0 0 0 
1840000 1840 1000.0 1379500.757 1501.588 4.1495 0 0 0 
1850000 1850 1000.0 1394683.853 1504.71 4.1543 0 0 0 
1860000 1860 1000.0 1410808.054 1524.873 4.1485 0 0 0 
1870000 1870 1000.0 1426427.946 1531.175 4.158 0 0 0 
1880000 1880 1000.0 1442046.556 1536.819 4.1572 0 0 0 
1890000 1890 1000.0 1456931.437 1528.124 4.154 0 0 0 
1900000 1900 1000.0 1472551.288 1535.107 4.1579 0 0 0 
1910000 1910 1000.0 1488450.216 1545.22 4.1511 0 0 0 
1920000 1920 1000.0 1504184.073 1550.401 4.157 0 0 0 
1930000 1930 1000.0 1519405.727 1545.138 4.1504 0 0 0 
1940000 1940 1000.0 1534988.426 1547.468 4.1827 0 0 0 
1950000 1950 1000.0 1549579.693 1531.036 4.18 0 0 0 
1960000 1960 1000.0 1564129.451 1517.134 4.1646 0 0 0 
1970000 1970 1000.0 1577779.067 1488.768 4.1597 0 0 0 
1980000 1980 1000.0 1590905.424 1458.006 4.1588 0 0 0 
1990000 1990 1000.0 1605839.136 1464.568 4.1541 0 0 0 
2000000 2000 1000.0 1621285.009 1479.675 4.1465 0 0 0 
2010000 2010 1000.0 1636665.798 1490.327 4.1735 0 0 0 
2020000 2020 1000.0 1652378.956 1504.662 4.1944 0 0 0 
2030000 2030 1000.0 1667441.821 1504.462 4.1819 0 0 0 
2040000 2040 1000.0 1682488.777 1504.265 4.1699 0 0 0 
2050000 2050 1000.0 1697886.081 1511.525 4.1689 0 0 0 
2060000 2060 1000.0 1713543.72 1521.548 4.1599 0 0 0 
2070000 2070 1000.0 1729027.753 1526.629 4.1666 0 0 0 
2080000 2080 1000.0 1744275.93 1526.538 4.1697 0 0 0 
2090000 2090 1000.0 1760065.031 1536.766 4.1677 0 0 0 
2100000 2100 1000.0 1775997.508 1546.715 4.1654 0 0 0 
2110000 2110 1000.0 1791809.665 1553.156 4.1764 0 0 0 
2120000 2120 1000.0 1807865.825 1563.053 4.1873 0 0 0 
2130000 2130 1000.0 1823796.045 1568.018 4.1988 0 0 0 
2140000 2140 1000.0 1838744.578 1554.659 4.1878 0 0 0 
2150000 2150 1000.0 1854154.117 1552.293 4.1727 0 0 0 
2160000 2160 1000.0 1870540.076 1567.838 4.1661 0 0 0 
2170000 2170 1000.0 1887024.074 1582.642 4.1605 0 0 0 
2180000 2180 1000.0 1903258.451 1589.987 4.1888 0 0 0 
2190000 2190 1000.0 1919876.398 1603.258 4.1779 0 0 0 
2200000 2200 1000.0 1936218.895 1608.671 4.1739 0 0 0 
2210000 2210 1000.0 1952460.148 1612.105 4.1731 0 0 0 
2220000 2220 1000.0 1969527.303 1629.201 4.16 0 0 0 
2230000 2230 1000.0 1985697.227 1627.047 4.1505 0 0 0 
2240000 2240 1000.0 2001964.543 1627.309 4.1466 0 0 0 
2250000 2250 1000.0 2018422.16 1630.743 4.1464 0 0 0 
2260000 2260 1000.0 2035084.949 1637.12 4.1539 0 0 0 
2270000 2270 1000.0 2051915.58 1645.817 4.1767 0 0 0 
2280000 2280 1000.0 2068386.45 1646.12 4.1901 0 0 0 
2290000 2290 1000.0 2085427.832 1656.479 4.1966 0 0 0 
2300000 2300 1000.0 2102395.06 1663.957 4.2085 0 0 0 
2310000 2310 1000.0 2120031.719 1682.002 4.2044 0 0 0 
2320000 2320 1000.0 2137739.624 1698.51 4.2132 0 0 0 
2330000 2330 1000.0 2155213.416 1707.369 4.2144 0 0 0 
2340000 2340 1000.0 2172677.972 1714.779 4.2065 0 0 0 
2350000 2350 1000.0 2189605.304 1710.925 4.2101 0 0 0 
2360000 2360 1000.0 2206493.172 1707.15 4.2164 0 0 0 
2370000 2370 1000.0 2222708.818 1691.463 4.2042 0 0 0 
2380000 2380 1000.0 2238767.886 1676.483 4.205 0 0 0 
2390000 2390 1000.0 2255606.728 1678.0 4.2021 0 0 0 
2400000 2400 1000.0 2272767.333 1685.402 4.1935 0 0 0 
2410000 2410 1000.0 2289058.12 1675.267 4.2017 0 0 0 
2420000 2420 1000.0 2306025.018 1679.361 4.2002 0 0 0 
2430000 2430 1000.0 2323173.037 1685.932 4.1985 0 0 0 
2440000 2440 1000.0 2340366.158 1692.018 4.1836 0 0 0 
2450000 2450 1000.0 2358165.96 1708.464 4.1892 0 0 0 
2460000 2460 1000.0 2374426.895 1693.182 4.1837 0 0 0 
2470000 2470 1000.0 2391410.442 1694.419 4.1744 0 0 0 
2480000 2480 1000.0 2407568.205 1679.63 4.165 0 0 0 
2490000 2490 1000.0 2423460.047 1663.052 4.1584 0 0 0 
2500000 2500 1000.0 2438962.091 1643.405 4.1673 0 0 0 
2510000 2510 1000.0 2456577.387 1665.294 4.1712 0 0 0 
2520000 2520 1000.0 2473256.14 1665.671 4.167 0 0 0 
2530000 2530 1000.0 2490195.437 1671.059 4.1611 0 0 0 
2540000 2540 1000.0 2507679.672 1684.995 4.1628 0 0 0 
2550000 2550 1000.0 2524940.083 1692.625 4.1586 0 0 0 
2560000 2560 1000.0 2541075.325 1677.994 4.1735 0 0 0 
2570000 2570 1000.0 2557137.92 1664.982 4.1765 0 0 0 
2580000 2580 1000.0 2574190.995 1672.436 4.1793 0 0 0 
2590000 2590 1000.0 2591031.761 1674.986 4.1861 0 0 0 
2600000 2600 1000.0 2608254.583 1683.671 4.1902 0 0 0 
2610000 2610 1000.0 2625235.381 1686.292 4.1887 0 0 0 
2620000 2620 1000.0 2642795.972 1699.017 4.2028 0 0 0 
2630000 2630 1000.0 2660353.462 1709.384 4.211 0 0 0 
2640000 2640 1000.0 2676693.103 1695.888 4.2225 0 0 0 
2650000 2650 1000.0 2691911.023 1662.967 4.2194 0 0 0 
2660000 2660 1000.0 2707553.509 1645.419 4.2297 0 0 0 
2670000 2670 1000.0 2724457.073 1653.799 4.2098 0 0 0 
2680000 2680 1000.0 2741411.986 1661.157 4.2351 0 0 0 
2690000 2690 1000.0 2759109.67 1680.808 4.2202 0 0 0 
2700000 2700 1000.0 2776765.152 1696.197 4.2214 0 0 0 
2710000 2710 1000.0 2794331.515 1707.099 4.2198 0 0 0 
2720000 2720 1000.0 2811322.86 1705.706 4.2274 0 0 0 
2730000 2730 1000.0 2828382.466 1705.577 4.2298 0 0 0 
2740000 2740 1000.0 2845393.466 1705.135 4.2273 0 0 0 
2750000 2750 1000.0 2862245.394 1701.48 4.2208 0 0 0 
2760000 2760 1000.0 2879541.268 1706.297 4.2012 0 0 0 
2770000 2770 1000.0 2897256.319 1718.801 4.1931 0 0 0 
2780000 2780 1000.0 2914574.155 1720.89 4.2146 0 0 0 
2790000 2790 1000.0 2931612.495 1717.299 4.2137 0 0 0 
2800000 2800 1000.0 2949071.868 1722.937 4.213 0 0 0 
2810000 2810 1000.0 2967244.436 1740.293 4.2261 0 0 0 
2820000 2820 1000.0 2985302.431 1751.881 4.2303 0 0 0 
2830000 2830 1000.0 3002559.172 1747.939 4.2299 0 0 0 
2840000 2840 1000.0 3020548.341 1757.025 4.2415 0 0 0 
2850000 2850 1000.0 3038150.358 1757.92 4.225 0 0 0 
2860000 2860 1000.0 3055495.949 1754.085 4.2333 0 0 0 
2870000 2870 1000.0 3072332.761 1741.224 4.2346 0 0 0 
2880000 2880 1000.0 3089571.02 1737.805 4.2526 0 0 0 
2890000 2890 1000.0 3106932.444 1737.834 4.2628 0 0 0 
2900000 2900 1000.0 3123963.889 1731.197 4.2661 0 0 0 
2910000 2910 1000.0 3141186.605 1729.875 4.2651 0 0 0 
2920000 2920 1000.0 3157950.162 1719.925 4.2768 0 0 0 
2930000 2930 1000.0 3173674.831 1692.045 4.2618 0 0 0 
2940000 2940 1000.0 3191045.285 1700.876 4.2428 0 0 0 
2950000 2950 1000.0 3207905.18 1697.69 4.2585 0 0 0 
2960000 2960 1000.0 3224304.276 1687.465 4.2517 0 0 0 
2970000 2970 1000.0 3241053.723 1685.625 4.248 0 0 0 
2980000 2980 1000.0 3257613.916 1679.592 4.2628 0 0 0 
2990000 2990 1000.0 3274336.266 1678.298 4.2628 0 0 0 
3000000 3000 1000.0 3289127.565 1641.259 4.2674 0 0 0 
3010000 3010 1000.0 3303310.794 1599.716 4.2755 0 0 0 
3020000 3020 1000.0 3316770.864 1553.967 4.2724 0 0 0 
3030000 3030 1000.0 3332539.48 1558.024 4.2672 0 0 0 
3040000 3040 1000.0 3348872.865 1571.93 4.2645 0 0 0 
3050000 3050 1000.0 3365659.488 1591.452 4.2508 0 0 0 
3060000 3060 1000.0 3382311.801 1605.539 4.2419 0 0 0 
3070000 3070 1000.0 3399436.505 1624.971 4.2433 0 0 0 
3080000 3080 1000.0 3416435.626 1639.104 4.2545 0 0 0 
3090000 3090 1000.0 3433698.302 1654.714 4.2418 0 0 0 
3100000 3100 1000.0 3450977.558 1667.774 4.2409 0 0 0 
3110000 3110 1000.0 3467278.477 1660.513 4.2459 0 0 0 
3120000 3120 1000.0 3483221.336 1649.167 4.2466 0 0 0 
3130000 3130 1000.0 3499195.655 1639.544 4.235 0 0 0 
3140000 3140 1000.0 3515253.268 1633.793 4.241 0 0 0 
3150000 3150 1000.0 3531486.853 1631.809 4.249 0 0 0 
3160000 3160 1000.0 3547498.48 1626.079 4.2418 0 0 0 
3170000 3170 1000.0 3563000.783 1612.824 4.2614 0 0 0 
3180000 3180 1000.0 3578911.305 1608.605 4.2542 0 0 0 
3190000 3190 1000.0 3595315.485 1614.539 4.251 0 0 0 
3200000 3200 1000.0 3612170.939 1627.481 4.258 0 0 0 
3210000 3210 1000.0 3629352.724 1643.528 4.2567 0 0 0 
3220000 3220 1000.0 3646454.32 1655.798 4.261 0 0 0 
3230000 3230 1000.0 3664039.997 1674.633 4.2539 0 0 0 
3240000 3240 1000.0 3681581.548 1689.177 4.2457 0 0 0 
3250000 3250 1000.0 3698258.875 1685.329 4.2554 0 0 0 
3260000 3260 1000.0 3715041.924 1684.474 4.2463 0 0 0 
3270000 3270 1000.0 3731901.693 1684.931 4.2404 0 0 0 
3280000 3280 1000.0 3748591.697 1681.696 4.2497 0 0 0 
3290000 3290 1000.0 3764738.172 1669.108 4.2456 0 0 0 
3300000 3300 1000.0 3780520.644 1652.213 4.2388 0 0 0 
3310000 3310 1000.0 3796623.639 1644.601 4.2306 0 0 0 
3320000 3320 1000.0 3812553.702 1635.27 4.2271 0 0 0 
3330000 3330 1000.0 3829675.567 1649.492 4.2293 0 0 0 
3340000 3340 1000.0 3846308.625 1652.224 4.2318 0 0 0 
3350000 3350 1000.0 3863121.027 1657.322 4.2582 0 0 0 
3360000 3360 1000.0 3877940.793 1624.125 4.285 0 0 0 
3370000 3370 1000.0 3894276.554 1625.998 4.2791 0 0 0 
3380000 3380 1000.0 3910529.906 1625.639 4.2875 0 0 0 
3390000 3390 1000.0 3927291.916 1634.231 4.2899 0 0 0 
3400000 3400 1000.0 3944346.573 1647.193 4.2867 0 0 0 
3410000 3410 1000.0 3961289.414 1655.668 4.2953 0 0 0 
3420000 3420 1000.0 3978358.265 1665.21 4.2926 0 0 0 
3430000 3430 1000.0 3994723.71 1660.407 4.2876 0 0 0 
3440000 3440 1000.0 4010836.249 1650.917 4.2834 0 0 0 
3450000 3450 1000.0 4027315.964 1650.376 4.2897 0 0 0 
3460000 3460 1000.0 4043641.643 1647.156 4.2873 0 0 0 
3470000 3470 1000.0 4060385.846 1652.112 4.2941 0 0 0 
3480000 3480 1000.0 4076388.623 1642.373 4.2957 0 0 0 
3490000 3490 1000.0 4092399.185 1634.412 4.2925 0 0 0 
3500000 3500 1000.0 4108566.115 1630.801 4.2842 0 0 0 
3510000 3510 1000.0 4125470.09 1642.181 4.295 0 0 0 
3520000 3520 1000.0 4142290.097 1649.361 4.3052 0 0 0 
3530000 3530 1000.0 4159575.772 1663.98 4.3092 0 0 0 
3540000 3540 1000.0 4177465.284 1687.074 4.3202 0 0 0 
3550000 3550 1000.0 4195162.904 1702.232 4.3289 0 0 0 
3560000 3560 1000.0 4213409.398 1724.723 4.3219 0 0 0 
3570000 3570 1000.0 4231239.208 1735.214 4.3074 0 0 0 
3580000 3580 1000.0 4249475.752 1751.49 4.3028 0 0 0 
3590000 3590 1000.0 4267147.038 1754.131 4.3065 0 0 0 
3600000 3600 1000.0 4284831.983 1756.792 4.301 0 0 0 
3610000 3610 1000.0 4302486.616 1758.543 4.304 0 0 0 
3620000 3620 1000.0 4319819.657 1753.658 4.2963 0 0 0 
3630000 3630 1000.0 4336482.879 1737.216 4.2899 0 0 0 
3640000 3640 1000.0 4353896.094 1737.985 4.297 0 0 0 
3650000 3650 1000.0 4371299.022 1738.318 4.312 0 0 0 
3660000 3660 1000.0 4388970.571 1743.786 4.3197 0 0 0 
3670000 3670 1000.0 4405933.541 1734.966 4.3074 0 0 0 
3680000 3680 1000.0 4423599.287 1740.47 4.321 0 0 0 
3690000 3690 1000.0 4441067.32 1741.684 4.3164 0 0 0 
3700000 3700 1000.0 4458893.656 1749.064 4.321 0 0 0 
3710000 3710 1000.0 4476218.146 1746.07 4.3077 0 0 0 
3720000 3720 1000.0 4494307.304 1757.355 4.3045 0 0 0 
3730000 3730 1000.0 4512353.009 1765.766 4.3027 0 0 0 
3740000 3740 1000.0 4529642.203 1758.843 4.3115 0 0 0 
3750000 3750 1000.0 4546813.407 1750.949 4.3361 0 0 0 
3760000 3760 1000.0 4564058.357 1746.207 4.3231 0 0 0 
3770000 3770 1000.0 4581326.305 1742.667 4.3347 0 0 0 
3780000 3780 1000.0 4598686.988 1741.402 4.3525 0 0 0 
3790000 3790 1000.0 4616609.471 1750.669 4.3513 0 0 0 
3800000 3800 1000.0 4634522.215 1758.221 4.3514 0 0 0 
3810000 3810 1000.0 4652280.958 1761.398 4.3575 0 0 0 
3820000 3820 1000.0 4669887.468 1761.313 4.3488 0 0 0 
3830000 3830 1000.0 4687668.495 1764.308 4.3489 0 0 0 
3840000 3840 1000.0 4705218.132 1762.935 4.349 0 0 0 
3850000 3850 1000.0 4722689.594 1759.953 4.3398 0 0 0 
3860000 3860 1000.0 4740561.663 1764.837 4.3622 0 0 0 
3870000 3870 1000.0 4758476.855 1769.737 4.3567 0 0 0 
3880000 3880 1000.0 4775959.268 1765.56 4.3426 0 0 0 
3890000 3890 1000.0 4793821.388 1769.039 4.3332 0 0 0 
3900000 3900 1000.0 4811803.769 1773.941 4.3241 0 0 0 
3910000 3910 1000.0 4829313.342 1769.766 4.3313 0 0 0 
3920000 3920 1000.0 4847289.214 1774.713 4.3417 0 0 0 
3930000 3930 1000.0 4865192.342 1777.573 4.3448 0 0 0 
3940000 3940 1000.0 4882292.045 1764.853 4.3379 0 0 0 
3950000 3950 1000.0 4899895.848 1763.792 4.3628 0 0 0 
3960000 3960 1000.0 4917727.434 1767.809 4.3443 0 0 0 
3970000 3970 1000.0 4935672.726 1772.863 4.3398 0 0 0 
3980000 3980 1000.0 4953646.783 1777.479 4.3336 0 0 0 
3990000 3990 1000.0 4971138.563 1771.647 4.3201 0 0 0 
4000000 4000 1000.0 4988887.503 1771.924 4.3186 0 0 0 
