10000 16 164.54 -42.2 -0.783 0.6175 0 0 0 
20000 28 296.489 -75.1 -1.069 1.172 0 0 0 
30000 77 249.764 -142.4 -1.43 1.3639 0 0 0 
40000 121 228.295 -340.2 -2.997 1.4279 0 0 0 
50000 163 238.647 -435.4 -2.598 1.5803 0 0 0 
60000 206 238.069 -593.3 -2.807 1.6024 0 0 0 
70000 231 289.982 -642.3 -2.515 1.9633 0 0 0 
80000 258 323.508 -733.4 -2.704 2.1806 0 0 0 
90000 291 304.645 -831.0 -2.921 2.0627 0 0 0 
100000 309 382.287 -937.6 -3.746 2.5864 0 0 0 
110000 333 402.507 -1026.4 -3.751 2.7217 0 0 0 
120000 367 347.909 -1089.4 -2.845 2.3526 0 0 0 
130000 398 322.585 -1123.4 -2.121 2.1995 0 0 0 
140000 428 326.224 -1234.6 -3.07 2.2247 0 0 0 
150000 453 352.483 -1251.2 -2.094 2.413 0 0 0 
160000 482 360.54 -1320.9 -2.397 2.4568 0 0 0 
170000 506 383.211 -1350.5 -1.98 2.5893 0 0 0 
180000 533 364.266 -1376.6 -1.573 2.4442 0 0 0 
190000 554 401.984 -1424.9 -1.757 2.6809 0 0 0 
200000 587 347.49 -1464.3 -1.456 2.3145 0 0 0 
210000 607 387.912 -1528.0 -2.063 2.5929 0 0 0 
220000 631 404.546 -1564.4 -1.825 2.6967 0 0 0 
230000 646 466.569 -1590.4 -1.815 3.1064 0 0 0 
240000 676 394.017 -1600.7 -1.125 2.6233 0 0 0 
250000 703 381.597 -1646.8 -1.275 2.5438 0 0 0 
260000 720 442.575 -1688.5 -1.646 2.955 0 0 0 
270000 753 369.298 -1717.7 -1.279 2.4721 0 0 0 
280000 774 400.487 -1728.9 -0.919 2.6686 0 0 0 
290000 797 417.02 -1809.1 -2.135 2.7897 0 0 0 
300000 842 298.874 -1823.5 -0.933 2.0315 0 0 0 
310000 891 235.819 -1870.1 -0.847 1.6222 0 0 0 
320000 924 265.029 -1931.0 -1.543 1.842 0 0 0 
330000 956 289.623 -1932.2 -0.804 1.9989 0 0 0 
340000 989 293.09 -1930.8 -0.377 2.0027 0 0 0 
350000 1027 270.789 -1954.1 -0.532 1.8467 0 0 0 
360000 1053 321.588 -1979.6 -0.665 2.1835 0 0 0 
370000 1097 269.463 -1991.9 -0.51 1.8347 0 0 0 
380000 1141 243.586 -1986.4 -0.071 1.6592 0 0 0 
390000 1167 294.109 -1998.6 -0.17 1.9992 0 0 0 
400000 1198 313.115 -2007.2 -0.246 2.1272 0 0 0 
410000 1222 353.195 -2108.1 -1.73 2.3899 0 0 0 
420000 1248 373.365 -2103.7 -0.918 2.5202 0 0 0 
430000 1277 348.693 -2140.5 -0.929 2.4501 0 0 0 
440000 1322 272.682 -2141.6 -0.438 1.8719 0 0 0 
450000 1362 257.164 -2123.4 0.054 1.7353 0 0 0 
460000 1400 258.545 -2112.2 0.139 1.7304 0 0 0 
470000 1447 226.65 -2108.8 -0.012 1.5202 0 0 0 
480000 1478 282.059 -2101.3 0.141 1.8821 0 0 0 
490000 1511 281.683 -2106.5 -0.024 1.8776 0 0 0 
500000 1547 294.752 -2110.5 -0.048 1.9636 0 0 0 
510000 1584 279.441 -2089.5 0.222 1.8641 0 0 0 
520000 1635 227.905 -2053.1 0.616 1.5215 0 0 0 
530000 1674 247.492 -2041.4 0.442 1.6548 0 0 0 
540000 1714 242.749 -2010.6 0.605 1.6196 0 0 0 
550000 1764 236.247 -1993.3 0.422 1.5616 0 0 0 
560000 1814 209.206 -1991.8 -0.007 1.387 0 0 0 
570000 1854 226.879 -1969.7 0.248 1.5018 0 0 0 
580000 1893 245.96 -1954.6 0.266 1.6478 0 0 0 
590000 1929 251.752 -1945.4 0.234 1.7189 0 0 0 
600000 1964 257.406 -1938.8 0.156 1.7348 0 0 0 
610000 2003 240.335 -1911.6 0.459 1.6176 0 0 0 
620000 2052 214.052 -1885.8 0.501 1.451 0 0 0 
630000 2117 174.157 -1865.5 0.471 1.1948 0 0 0 
640000 2161 202.441 -1845.0 0.419 1.3828 0 0 0 
650000 2193 247.389 -1847.9 0.069 1.6897 0 0 0 
660000 2234 249.288 -1874.4 -0.314 1.7001 0 0 0 
670000 2280 220.761 -1839.8 0.354 1.504 0 0 0 
680000 2315 265.67 -1830.3 0.384 1.8047 0 0 0 
690000 2342 301.394 -1813.1 0.438 2.0451 0 0 0 
700000 2376 313.564 -1770.4 0.855 2.1094 0 0 0 
710000 2402 330.899 -1740.7 1.007 2.2243 0 0 0 
720000 2436 305.453 -1712.3 0.86 2.0634 0 0 0 
730000 2470 303.949 -1762.8 -0.161 2.0448 0 0 0 
740000 2509 288.0 -1739.4 0.247 1.9562 0 0 0 
750000 2562 226.132 -1719.8 0.417 1.5337 0 0 0 
760000 2599 238.715 -1675.0 0.764 1.6153 0 0 0 
770000 2628 288.038 -1632.6 1.142 1.9419 0 0 0 
780000 2667 267.893 -1584.6 1.197 1.8038 0 0 0 
790000 2705 265.944 -1591.3 0.5 1.7914 0 0 0 
800000 2762 215.886 -1564.8 0.44 1.4532 0 0 0 
810000 2804 229.112 -1524.4 0.758 1.5376 0 0 0 
820000 2849 218.672 -1510.9 0.503 1.4715 0 0 0 
830000 2901 191.044 -1475.5 0.645 1.2875 0 0 0 
840000 2947 207.26 -1525.5 -0.683 1.3975 0 0 0 
850000 2982 251.128 -1576.7 -1.275 1.6842 0 0 0 
860000 3043 194.068 -1538.1 0.047 1.3075 0 0 0 
870000 3098 176.619 -1490.6 0.536 1.1939 0 0 0 
880000 3149 178.841 -1448.0 0.802 1.2028 0 0 0 
890000 3188 228.247 -1403.0 0.961 1.5243 0 0 0 
900000 3236 219.927 -1372.5 0.912 1.4786 0 0 0 
910000 3294 187.416 -1309.4 0.983 1.2837 0 0 0 
920000 3346 181.74 -1299.5 0.593 1.2308 0 0 0 
930000 3412 153.491 -1272.1 0.322 1.0392 0 0 0 
940000 3460 179.656 -1210.7 0.929 1.2251 0 0 0 
950000 3516 184.808 -1165.2 0.872 1.2434 0 0 0 
960000 3570 187.464 -1075.7 1.247 1.2492 0 0 0 
970000 3625 191.781 -993.1 1.399 1.2776 0 0 0 
980000 3679 188.574 -972.6 0.636 1.2534 0 0 0 
990000 3749 159.336 -905.7 0.853 1.061 0 0 0 
1000000 3785 200.783 -865.6 0.986 1.3347 0 0 0 
1010000 3843 189.705 -820.3 0.795 1.2685 0 0 0 
1020000 3903 163.55 -751.9 1.18 1.0886 0 0 0 
1030000 3997 106.432 -653.1 1.119 0.7143 0 0 0 
1040000 4048 178.14 -640.0 0.73 1.1775 0 0 0 
1050000 4103 180.024 -601.7 1.013 1.1839 0 0 0 
1060000 4161 175.581 -564.4 0.7 1.1535 0 0 0 
1070000 4247 128.538 -444.9 1.165 0.8528 0 0 0 
1080000 4310 143.036 -459.5 0.165 0.9575 0 0 0 
1090000 4375 140.588 -350.2 1.086 0.9377 0 0 0 
1100000 4433 162.406 -276.5 1.264 1.0792 0 0 0 
1110000 4481 183.11 -189.6 1.615 1.2092 0 0 0 
1120000 4538 179.507 -98.5 1.544 1.1905 0 0 0 
1130000 4583 194.637 -31.2 1.606 1.2792 0 0 0 
1140000 4624 218.667 -19.5 0.885 1.4539 0 0 0 
1150000 4666 223.389 53.3 1.299 1.4864 0 0 0 
1160000 4727 181.482 161.8 1.67 1.2012 0 0 0 
1170000 4776 185.264 212.0 1.264 1.2219 0 0 0 
1180000 4817 216.681 315.1 1.983 1.4645 0 0 0 
1190000 4874 190.053 386.9 1.453 1.2826 0 0 0 
1200000 4924 185.263 459.1 1.357 1.2586 0 0 0 
1210000 4960 243.947 517.5 1.53 1.6379 0 0 0 
1220000 5005 232.724 614.6 1.889 1.5581 0 0 0 
1230000 5070 175.055 732.1 2.068 1.1831 0 0 0 
1240000 5114 201.801 790.3 1.617 1.3603 0 0 0 
1250000 5163 200.487 883.3 1.66 1.3489 0 0 0 
1260000 5222 177.998 983.0 1.812 1.1959 0 0 0 
1270000 5277 180.013 1104.8 2.092 1.2221 0 0 0 
1280000 5327 186.522 1195.4 1.943 1.285 0 0 0 
1290000 5371 199.319 1281.3 1.903 1.356 0 0 0 
1300000 5429 180.741 1362.1 1.518 1.2264 0 0 0 
1310000 5496 154.393 1456.8 1.51 1.0572 0 0 0 
1320000 5548 173.239 1555.4 1.704 1.186 0 0 0 
1330000 5590 208.004 1646.6 1.982 1.4054 0 0 0 
1340000 5651 179.774 1721.8 1.488 1.2115 0 0 0 
1350000 5707 180.563 1838.2 1.984 1.2104 0 0 0 
1360000 5765 182.498 1976.6 2.233 1.2481 0 0 0 
1370000 5817 184.484 2103.0 2.222 1.2587 0 0 0 
1380000 5870 202.236 2216.1 2.192 1.3869 0 0 0 
1390000 5941 147.615 2372.0 2.07 1.0163 0 0 0 
1400000 6010 143.456 2512.6 2.006 0.9983 0 0 0 
1410000 6062 169.218 2601.5 1.802 1.1667 0 0 0 
1420000 6120 156.773 2682.6 1.368 1.0773 0 0 0 
1430000 6172 180.231 2741.6 1.254 1.2244 0 0 0 
1440000 6232 166.433 2836.9 1.536 1.1294 0 0 0 
1450000 6295 159.595 2951.6 1.884 1.0575 0 0 0 
1460000 6353 169.487 3045.0 1.794 1.1149 0 0 0 
1470000 6410 181.241 3161.2 1.998 1.193 0 0 0 
1480000 6457 191.099 3292.8 2.498 1.2673 0 0 0 
1490000 6507 199.261 3368.7 1.754 1.3226 0 0 0 
1500000 6551 220.554 3462.2 1.864 1.4597 0 0 0 
1510000 6606 190.924 3559.8 1.752 1.2726 0 0 0 
1520000 6652 209.773 3657.8 1.909 1.4023 0 0 0 
1530000 6698 211.419 3772.4 2.33 1.4548 0 0 0 
1540000 6756 180.655 3877.6 2.021 1.2314 0 0 0 
1550000 6795 222.362 4006.3 2.693 1.4935 0 0 0 
1560000 6841 227.727 4179.1 3.532 1.5264 0 0 0 
1570000 6899 182.063 4328.0 2.735 1.2268 0 0 0 
1580000 6945 199.774 4430.6 2.452 1.3463 0 0 0 
1590000 6991 205.392 4577.4 2.834 1.3702 0 0 0 
1600000 7040 211.673 4701.7 2.691 1.4141 0 0 0 
1610000 7085 212.611 4820.6 2.675 1.4711 0 0 0 
1620000 7129 223.801 4949.1 2.856 1.5165 0 0 0 
1630000 7178 223.516 5074.0 2.629 1.4934 0 0 0 
1640000 7226 215.283 5209.2 2.782 1.4365 0 0 0 
1650000 7276 198.069 5379.7 3.028 1.3208 0 0 0 
1660000 7313 228.97 5505.8 3.277 1.5222 0 0 0 
1670000 7363 209.645 5646.0 3.099 1.4028 0 0 0 
1680000 7418 188.132 5809.5 2.904 1.2619 0 0 0 
1690000 7456 234.965 5969.7 3.592 1.5629 0 0 0 
1700000 7498 230.611 6132.4 3.78 1.5309 0 0 0 
1710000 7544 219.973 6289.5 3.58 1.4664 0 0 0 
1720000 7600 187.362 6475.4 3.3 1.2588 0 0 0 
1730000 7641 218.171 6585.6 2.85 1.4684 0 0 0 
1740000 7684 235.206 6749.7 3.334 1.5736 0 0 0 
1750000 7735 201.66 6863.8 2.603 1.4188 0 0 0 
1760000 7781 209.899 7019.8 3.285 1.4288 0 0 0 
1770000 7821 222.863 7166.2 3.373 1.4987 0 0 0 
1780000 7867 229.478 7311.3 3.303 1.5314 0 0 0 
1790000 7916 212.679 7447.1 2.994 1.4261 0 0 0 
1800000 7972 181.677 7638.7 3.207 1.221 0 0 0 
1810000 8020 193.13 7795.1 3.252 1.2925 0 0 0 
1820000 8071 192.841 7910.1 2.686 1.286 0 0 0 
1830000 8125 191.285 8115.5 3.448 1.2678 0 0 0 
1840000 8171 199.824 8277.8 3.381 1.3159 0 0 0 
1850000 8217 204.013 8441.0 3.488 1.3345 0 0 0 
1860000 8273 186.234 8618.2 3.218 1.223 0 0 0 
1870000 8323 200.093 8800.3 3.493 1.3125 0 0 0 
1880000 8374 197.382 8988.4 3.617 1.2941 0 0 0 
1890000 8408 241.64 9113.7 3.663 1.5852 0 0 0 
1900000 8449 246.054 9223.9 3.234 1.6085 0 0 0 
1910000 8507 194.199 9369.2 2.8 1.2759 0 0 0 
1920000 8548 221.519 9537.4 3.499 1.4489 0 0 0 
1930000 8596 208.491 9655.4 2.955 1.3701 0 0 0 
1940000 8642 216.945 9810.1 3.38 1.4239 0 0 0 
1950000 8687 218.537 9994.6 3.649 1.4335 0 0 0 
1960000 8733 206.166 10173.7 3.863 1.3461 0 0 0 
1970000 8776 228.715 10361.7 4.084 1.4902 0 0 0 
1980000 8814 249.69 10511.2 3.908 1.6408 0 0 0 
1990000 8862 218.954 10691.3 3.743 1.4406 0 0 0 
2000000 8904 228.782 10840.4 3.532 1.5144 0 0 0 
2010000 8938 264.845 10983.9 3.955 1.7334 0 0 0 
2020000 8983 244.244 11135.1 3.635 1.6145 0 0 0 
2030000 9029 220.746 11328.7 3.907 1.4644 0 0 0 
2040000 9075 215.261 11488.7 3.538 1.4263 0 0 0 
2050000 9116 225.989 11652.4 3.853 1.4873 0 0 0 
2060000 9158 225.79 11832.1 3.985 1.4718 0 0 0 
2070000 9196 239.179 11950.3 3.424 1.5766 0 0 0 
2080000 9236 252.488 12122.4 3.934 1.672 0 0 0 
2090000 9277 242.508 12296.2 3.998 1.5999 0 0 0 
2100000 9311 276.399 12432.3 4.025 1.8205 0 0 0 
2110000 9362 229.542 12610.7 3.858 1.5119 0 0 0 
2120000 9402 231.207 12775.5 3.959 1.5218 0 0 0 
2130000 9443 246.152 12961.6 4.19 1.6159 0 0 0 
2140000 9491 216.442 13085.9 3.273 1.4604 0 0 0 
2150000 9538 215.684 13289.3 3.95 1.4708 0 0 0 
2160000 9584 214.654 13475.5 3.866 1.487 0 0 0 
2170000 9633 207.319 13669.4 3.913 1.4159 0 0 0 
2180000 9681 213.166 13866.6 4.118 1.4525 0 0 0 
2190000 9722 224.039 14041.6 4.236 1.5145 0 0 0 
2200000 9765 228.269 14180.8 3.71 1.5476 0 0 0 
2210000 9811 227.668 14382.3 4.142 1.5429 0 0 0 
2220000 9863 207.501 14581.6 4.044 1.4036 0 0 0 
2230000 9904 229.975 14763.1 4.356 1.5503 0 0 0 
2240000 9951 217.742 14968.7 4.427 1.4682 0 0 0 
2250000 9987 248.903 15173.4 5.069 1.6809 0 0 0 
2260000 10039 220.894 15376.3 4.4 1.5079 0 0 0 
2270000 10079 239.519 15532.5 4.117 1.6344 0 0 0 
2280000 10128 222.015 15724.2 4.056 1.5214 0 0 0 
2290000 10174 214.708 15895.2 3.757 1.4774 0 0 0 
2300000 10225 199.537 16082.1 3.576 1.3684 0 0 0 
2310000 10263 237.223 16240.8 3.857 1.6183 0 0 0 
2320000 10307 224.173 16421.4 3.959 1.5298 0 0 0 
2330000 10348 238.761 16594.6 4.116 1.6168 0 0 0 
2340000 10388 244.738 16753.2 3.929 1.6591 0 0 0 
2350000 10440 207.314 16902.4 3.299 1.4052 0 0 0 
2360000 10482 223.015 17069.3 3.636 1.5346 0 0 0 
2370000 10518 244.479 17203.4 3.667 1.6635 0 0 0 
2380000 10575 202.864 17370.1 3.203 1.3867 0 0 0 
2390000 10622 207.355 17545.0 3.504 1.4267 0 0 0 
2400000 10661 230.773 17688.0 3.604 1.5802 0 0 0 
2410000 10700 241.036 17820.5 3.521 1.633 0 0 0 
2420000 10743 233.99 17991.8 3.775 1.5916 0 0 0 
2430000 10786 239.193 18133.4 3.587 1.6246 0 0 0 
2440000 10825 243.76 18268.2 3.576 1.6482 0 0 0 
2450000 10872 226.779 18427.5 3.455 1.5343 0 0 0 
2460000 10904 267.901 18531.3 3.214 1.8144 0 0 0 
2470000 10939 271.461 18650.4 3.38 1.8238 0 0 0 
2480000 10978 255.648 18772.6 3.105 1.7396 0 0 0 
2490000 11019 252.428 18900.1 3.115 1.6928 0 0 0 
2500000 11072 214.134 19072.9 2.915 1.4283 0 0 0 
2510000 11103 260.91 19193.9 3.389 1.7268 0 0 0 
2520000 11148 235.04 19360.2 3.634 1.5694 0 0 0 
2530000 11185 250.904 19509.7 3.893 1.7086 0 0 0 
2540000 11228 237.803 19665.4 3.638 1.6119 0 0 0 
2550000 11273 225.655 19816.3 3.454 1.5887 0 0 0 
2560000 11314 236.039 19996.4 4.03 1.6209 0 0 0 
2570000 11348 261.505 20142.7 4.107 1.7781 0 0 0 
2580000 11390 249.615 20301.1 3.803 1.6963 0 0 0 
2590000 11435 236.888 20469.3 3.815 1.5901 0 0 0 
2600000 11481 217.979 20622.7 3.505 1.4533 0 0 0 
2610000 11516 255.411 20746.3 3.553 1.6924 0 0 0 
2620000 11559 242.295 20935.6 3.997 1.6407 0 0 0 
2630000 11600 241.502 21094.2 3.887 1.6429 0 0 0 
2640000 11635 259.77 21228.9 3.776 1.7581 0 0 0 
2650000 11670 274.303 21391.4 4.199 1.8643 0 0 0 
2660000 11696 314.521 21424.6 3.232 2.1509 0 0 0 
2670000 11742 262.652 21550.7 3.055 1.8085 0 0 0 
2680000 11774 287.408 21666.6 3.271 1.9823 0 0 0 
2690000 11816 259.565 21848.8 3.907 1.7849 0 0 0 
2700000 11874 198.298 22050.3 3.63 1.3707 0 0 0 
2710000 11921 215.515 22232.4 3.792 1.4842 0 0 0 
2720000 11962 226.798 22380.1 3.587 1.5705 0 0 0 
2730000 12004 233.747 22525.1 3.549 1.6365 0 0 0 
2740000 12049 231.133 22712.3 3.946 1.5746 0 0 0 
2750000 12087 247.022 22902.5 4.536 1.6484 0 0 0 
2760000 12128 244.751 23022.8 3.672 1.629 0 0 0 
2770000 12154 304.78 23157.0 4.219 2.013 0 0 0 
2780000 12202 249.994 23351.6 4.176 1.6565 0 0 0 
2790000 12252 213.922 23543.9 3.881 1.4185 0 0 0 
2800000 12287 248.0 23721.8 4.443 1.6352 0 0 0 
2810000 12332 239.079 23888.7 4.072 1.5783 0 0 0 
2820000 12374 240.159 24079.7 4.35 1.5844 0 0 0 
2830000 12410 253.287 24212.2 3.85 1.6694 0 0 0 
2840000 12452 246.596 24404.1 4.283 1.6494 0 0 0 
2850000 12501 220.61 24595.5 4.063 1.4764 0 0 0 
2860000 12535 253.176 24717.2 3.728 1.6882 0 0 0 
2870000 12573 254.208 24902.1 4.232 1.6923 0 0 0 
2880000 12614 241.726 25038.1 3.69 1.6207 0 0 0 
2890000 12651 256.904 25165.6 3.596 1.729 0 0 0 
2900000 12685 264.56 25336.7 4.397 1.7865 0 0 0 
2910000 12733 232.042 25516.9 3.882 1.6685 0 0 0 
2920000 12774 233.285 25694.8 4.269 1.612 0 0 0 
2930000 12805 277.384 25818.3 4.178 1.8976 0 0 0 
2940000 12842 272.797 25992.6 4.46 1.8251 0 0 0 
2950000 12888 244.195 26186.0 4.42 1.6208 0 0 0 
2960000 12924 267.255 26339.7 4.328 1.7708 0 0 0 
2970000 12974 221.003 26507.8 3.641 1.4779 0 0 0 
2980000 13010 246.856 26684.7 4.147 1.625 0 0 0 
2990000 13052 241.956 26868.0 4.286 1.6166 0 0 0 
3000000 13097 229.746 27049.0 4.031 1.5382 0 0 0 
3010000 13135 251.28 27225.5 4.376 1.7006 0 0 0 
3020000 13172 259.02 27419.3 4.776 1.7353 0 0 0 
3030000 13218 233.221 27606.9 4.235 1.5625 0 0 0 
3040000 13263 226.645 27801.0 4.307 1.4867 0 0 0 
3050000 13307 227.284 28000.5 4.369 1.4814 0 0 0 
3060000 13347 232.741 28153.8 4.111 1.5144 0 0 0 
3070000 13389 230.072 28337.3 4.191 1.4997 0 0 0 
3080000 13431 232.152 28520.1 4.214 1.5265 0 0 0 
3090000 13472 246.158 28726.9 4.672 1.6296 0 0 0 
3100000 13520 221.048 28903.3 4.036 1.4691 0 0 0 
3110000 13565 223.953 29058.2 3.748 1.4836 0 0 0 
3120000 13602 243.866 29190.0 3.534 1.6183 0 0 0 
3130000 13646 232.858 29360.1 3.793 1.536 0 0 0 
3140000 13684 252.919 29557.3 4.669 1.6501 0 0 0 
3150000 13721 254.184 29701.9 4.253 1.6502 0 0 0 
3160000 13781 194.294 29922.3 3.683 1.2814 0 0 0 
3170000 13820 227.15 30111.7 4.291 1.4933 0 0 0 
3180000 13868 215.963 30293.7 3.975 1.433 0 0 0 
3190000 13917 211.879 30540.2 4.757 1.4096 0 0 0 
3200000 13959 227.418 30713.5 4.45 1.5165 0 0 0 
3210000 14007 213.58 30895.6 4.003 1.4375 0 0 0 
3220000 14049 226.153 31050.4 3.846 1.5211 0 0 0 
3230000 14086 243.913 31235.0 4.466 1.6472 0 0 0 
3240000 14128 239.068 31400.6 4.101 1.6407 0 0 0 
3250000 14176 216.726 31568.6 3.737 1.4986 0 0 0 
3260000 14221 221.151 31624.9 2.301 1.4978 0 0 0 
3270000 14261 229.72 31800.9 3.345 1.5454 0 0 0 
3280000 14290 278.526 31817.9 1.742 1.8629 0 0 0 
3290000 14329 268.873 32015.4 3.551 1.7917 0 0 0 
3300000 14371 247.399 32209.9 4.019 1.6485 0 0 0 
3310000 14411 255.879 32336.8 3.664 1.7052 0 0 0 
3320000 14455 222.329 32385.8 2.906 1.4977 0 0 0 
3330000 14493 247.979 32577.0 3.573 1.6538 0 0 0 
3340000 14537 238.054 32752.6 3.863 1.5901 0 0 0 
3350000 14580 237.817 32899.4 3.531 1.5876 0 0 0 
3360000 14617 258.996 33068.8 4.168 1.7282 0 0 0 
3370000 14654 255.868 33139.1 3.282 1.7017 0 0 0 
3380000 14705 216.348 33335.0 3.546 1.4299 0 0 0 
3390000 14746 233.129 33522.7 4.154 1.5255 0 0 0 
3400000 14783 251.074 33705.5 4.514 1.6367 0 0 0 
3410000 14812 285.496 33815.8 4.309 1.8481 0 0 0 
3420000 14851 261.693 33978.8 4.06 1.7034 0 0 0 
3430000 14891 264.812 34139.8 4.027 1.7141 0 0 0 
3440000 14921 292.245 34255.3 3.933 1.8891 0 0 0 
3450000 14962 263.667 34421.1 3.891 1.7119 0 0 0 
3460000 15006 237.145 34583.3 3.774 1.5365 0 0 0 
3470000 15054 222.397 34783.6 4.076 1.4494 0 0 0 
3480000 15089 245.64 34964.5 4.564 1.5978 0 0 0 
3490000 15132 235.163 35153.0 4.463 1.5519 0 0 0 
3500000 15169 260.157 35289.8 4.105 1.709 0 0 0 
3510000 15206 265.433 35500.0 4.884 1.7415 0 0 0 
3520000 15259 215.082 35659.3 3.684 1.4138 0 0 0 
3530000 15298 233.57 35825.0 3.827 1.5322 0 0 0 
3540000 15348 213.084 36009.4 3.765 1.4083 0 0 0 
3550000 15393 221.129 36203.8 4.196 1.4601 0 0 0 
3560000 15440 211.669 36398.2 4.12 1.3914 0 0 0 
3570000 15481 232.414 36591.8 4.358 1.5201 0 0 0 
3580000 15522 233.524 36765.1 4.102 1.5229 0 0 0 
3590000 15566 230.338 36983.3 4.482 1.5038 0 0 0 
3600000 15605 254.01 37161.2 4.5 1.6605 0 0 0 
3610000 15634 285.052 37335.3 5.196 1.863 0 0 0 
3620000 15690 215.512 37567.2 4.472 1.4192 0 0 0 
3630000 15729 237.339 37746.9 4.674 1.5562 0 0 0 
3640000 15774 224.263 37950.5 4.502 1.4691 0 0 0 
3650000 15807 266.31 38118.7 4.854 1.7417 0 0 0 
3660000 15842 270.356 38285.5 4.682 1.7647 0 0 0 
3670000 15889 227.8 38473.6 4.103 1.4929 0 0 0 
3680000 15926 243.651 38667.8 4.602 1.6104 0 0 0 
3690000 15973 228.332 38878.5 4.555 1.5154 0 0 0 
3700000 16014 244.204 39036.3 4.234 1.6059 0 0 0 
3710000 16046 274.561 39180.7 4.489 1.7948 0 0 0 
3720000 16088 252.948 39374.4 4.415 1.6676 0 0 0 
3730000 16132 233.468 39590.5 4.806 1.5487 0 0 0 
3740000 16171 252.604 39747.9 4.509 1.6953 0 0 0 
3750000 16214 238.722 39931.2 4.401 1.5942 0 0 0 
3760000 16256 232.775 40098.9 4.143 1.5585 0 0 0 
3770000 16298 230.727 40307.3 4.623 1.5378 0 0 0 
3780000 16346 214.359 40497.5 4.056 1.4541 0 0 0 
3790000 16382 248.3 40653.4 4.207 1.6768 0 0 0 
3800000 16434 211.125 40873.6 4.121 1.4241 0 0 0 
3810000 16489 192.134 41044.2 3.565 1.2976 0 0 0 
3820000 16532 221.66 41202.2 3.609 1.4909 0 0 0 
3830000 16573 221.487 41373.0 3.904 1.4891 0 0 0 
3840000 16632 186.782 41591.8 3.666 1.2522 0 0 0 
3850000 16683 193.562 41797.7 4.064 1.2912 0 0 0 
3860000 16730 194.233 42004.3 4.491 1.3038 0 0 0 
3870000 16786 183.956 42159.8 3.213 1.2234 0 0 0 
3880000 16845 175.714 42390.3 3.56 1.1684 0 0 0 
3890000 16903 172.307 42601.7 3.607 1.1472 0 0 0 
3900000 16964 165.416 42816.1 3.498 1.1155 0 0 0 
3910000 17019 183.233 43003.6 3.47 1.2365 0 0 0 
3920000 17062 214.719 43187.6 3.948 1.4248 0 0 0 
3930000 17114 199.849 43390.4 3.986 1.3179 0 0 0 
3940000 17167 196.013 43562.9 3.674 1.2855 0 0 0 
3950000 17207 229.735 43737.3 4.069 1.5163 0 0 0 
3960000 17245 244.53 43945.5 4.694 1.6201 0 0 0 
3970000 17286 239.487 44102.1 4.212 1.6011 0 0 0 
3980000 17322 266.651 44261.1 4.445 1.7944 0 0 0 
3990000 17372 215.132 44442.4 3.725 1.4538 0 0 0 
4000000 17409 247.392 44636.6 4.444 1.6672 0 0 0 
