10000 16 153.164 4239.118 65.736 0.2725 0 0 0 
20000 32 287.607 8586.057 123.13 0.5088 0 0 0 
30000 79 243.254 11302.251 82.931 0.7024 0 0 0 
40000 92 376.433 16774.115 169.039 1.2811 0 0 0 
50000 241 64.19 21100.794 24.739 0.2397 0 0 0 
60000 251 235.375 27027.173 126.708 0.9543 0 0 0 
70000 261 375.246 32741.189 208.289 1.5033 0 0 0 
80000 272 482.835 38933.006 277.929 1.9097 0 0 0 
90000 282 577.439 45213.952 342.023 2.2807 0 0 0 
100000 292 654.737 51559.387 396.529 2.5686 0 0 0 
110000 302 717.895 57379.876 430.157 2.8032 0 0 0 
120000 312 769.499 63934.86 472.452 3.0322 0 0 0 
130000 322 811.664 71119.014 515.28 3.1982 0 0 0 
140000 332 846.116 78088.267 548.776 3.3373 0 0 0 
150000 342 874.266 84059.049 557.736 3.444 0 0 0 
160000 358 794.044 88241.667 474.061 3.1216 0 0 0 
170000 376 739.318 94023.991 435.493 2.8975 0 0 0 
180000 386 787.004 99425.449 455.232 3.0805 0 0 0 
190000 396 825.967 105241.759 477.961 3.2364 0 0 0 
200000 406 857.802 111539.097 506.229 3.3527 0 0 0 
210000 416 883.814 118077.643 532.885 3.4731 0 0 0 
220000 426 905.068 124551.734 553.668 3.5538 0 0 0 
230000 436 922.433 130706.604 565.08 3.628 0 0 0 
240000 446 936.622 136950.641 576.245 3.6915 0 0 0 
250000 456 948.216 143475.256 590.1 3.7415 0 0 0 
260000 466 957.689 151097.269 621.428 3.7733 0 0 0 
270000 476 965.429 157771.261 630.011 3.8033 0 0 0 
280000 486 971.753 163925.911 627.997 3.8598 0 0 0 
290000 496 976.92 170320.753 629.933 3.8833 0 0 0 
300000 506 981.142 175927.204 616.325 3.9015 0 0 0 
310000 516 984.591 181502.702 605.319 3.9352 0 0 0 
320000 526 987.41 186783.473 591.95 3.938 0 0 0 
330000 536 989.713 192357.432 584.656 3.9411 0 0 0 
340000 547 963.359 198284.079 571.932 3.8538 0 0 0 
350000 557 970.062 205321.919 591.452 3.8728 0 0 0 
360000 568 961.131 211625.671 590.501 3.8406 0 0 0 
370000 578 968.241 218924.242 618.009 3.8727 0 0 0 
380000 588 974.051 225418.983 624.206 3.9061 0 0 0 
390000 598 978.797 232431.871 637.567 3.9098 0 0 0 
400000 609 969.802 239123.215 635.516 3.8875 0 0 0 
410000 619 960.517 246133.863 636.223 3.8505 0 0 0 
420000 629 967.74 252032.383 631.172 3.8838 0 0 0 
430000 639 973.641 258679.748 637.752 3.892 0 0 0 
440000 650 975.875 266632.86 662.827 3.9125 0 0 0 
450000 660 980.288 274657.14 687.651 3.9245 0 0 0 
460000 670 968.491 281736.97 681.76 3.8732 0 0 0 
470000 680 974.255 288342.156 675.975 3.8907 0 0 0 
480000 690 978.965 295400.226 682.108 3.9018 0 0 0 
490000 700 982.813 301943.104 679.34 3.9076 0 0 0 
500000 710 985.957 309393.061 690.097 3.9252 0 0 0 
510000 720 988.525 316804.188 700.663 3.9335 0 0 0 
520000 730 990.624 324114.201 704.735 3.962 0 0 0 
530000 740 992.34 331650.922 712.967 3.9988 0 0 0 
540000 750 993.741 338117.602 705.016 4.0271 0 0 0 
550000 762 967.135 345346.581 685.992 3.9292 0 0 0 
560000 772 973.147 352554.79 690.685 3.9355 0 0 0 
570000 782 978.059 360376.131 706.455 3.9418 0 0 0 
580000 792 982.073 367841.061 717.521 3.9573 0 0 0 
590000 803 973.258 374684.691 701.998 3.921 0 0 0 
600000 814 951.276 382472.945 697.093 3.8307 0 0 0 
610000 824 960.189 390267.781 713.526 3.8618 0 0 0 
620000 834 961.485 398222.719 722.691 3.8591 0 0 0 
630000 844 968.531 404675.932 711.911 3.8864 0 0 0 
640000 854 974.287 410134.085 681.594 3.9287 0 0 0 
650000 864 978.991 416385.989 666.412 3.9362 0 0 0 
660000 874 982.834 423627.568 681.567 3.9397 0 0 0 
670000 884 985.974 430691.5 680.994 3.9694 0 0 0 
680000 894 988.54 438538.438 701.67 3.97 0 0 0 
690000 904 990.636 447043.939 732.167 3.9806 0 0 0 
700000 914 992.349 454773.212 739.366 3.9789 0 0 0 
710000 925 978.272 463046.865 736.652 3.9066 0 0 0 
720000 935 982.247 471968.722 772.874 3.9225 0 0 0 
730000 945 985.494 482091.549 809.484 3.9699 0 0 0 
740000 955 988.148 490725.783 822.011 3.9908 0 0 0 
750000 965 990.316 498201.334 806.664 4.0185 0 0 0 
760000 975 992.087 508367.389 844.185 4.0034 0 0 0 
770000 985 993.535 518223.793 873.486 3.9966 0 0 0 
780000 995 994.717 527246.018 880.695 3.9953 0 0 0 
790000 1005 995.684 536257.612 880.428 3.9899 0 0 0 
800000 1015 996.473 546184.313 900.349 3.9754 0 0 0 
810000 1025 997.118 555657.374 907.842 4.0094 0 0 0 
820000 1035 997.646 564588.941 904.435 4.0131 0 0 0 
830000 1045 998.076 574789.144 923.744 3.9951 0 0 0 
840000 1055 998.428 586341.935 966.254 3.9912 0 0 0 
850000 1065 998.716 597957.316 1002.144 3.9986 0 0 0 
860000 1075 998.951 608235.32 1010.428 3.99 0 0 0 
870000 1086 989.223 616861.495 973.638 3.9446 0 0 0 
880000 1096 978.474 625880.28 948.794 3.9189 0 0 0 
890000 1107 969.635 634813.847 926.316 3.8797 0 0 0 
900000 1117 975.19 644842.766 942.062 3.9356 0 0 0 
910000 1128 967.98 654902.39 942.852 3.9075 0 0 0 
920000 1138 973.837 665542.556 962.603 3.9092 0 0 0 
930000 1148 978.623 676135.754 982.011 3.9176 0 0 0 
940000 1158 982.533 683986.23 946.759 3.9237 0 0 0 
950000 1168 985.729 695243.462 981.964 3.9353 0 0 0 
960000 1178 988.339 706008.103 996.702 3.9477 0 0 0 
970000 1188 990.472 717196.685 1019.048 3.9509 0 0 0 
980000 1198 992.215 728819.585 1047.815 3.9462 0 0 0 
990000 1208 993.639 739473.558 1050.038 3.9515 0 0 0 
1000000 1218 994.803 750475.547 1060.571 3.9659 0 0 0 
1010000 1228 995.753 761097.379 1062.729 3.9704 0 0 0 
1020000 1238 996.53 771146.405 1048.449 3.9705 0 0 0 
1030000 1248 997.165 782570.427 1067.999 3.9725 0 0 0 
1040000 1258 997.684 795403.65 1106.329 3.9807 0 0 0 
1050000 1268 998.107 805454.616 1089.064 4.0085 0 0 0 
1060000 1278 998.454 815539.077 1074.791 3.9951 0 0 0 
1070000 1288 998.736 828410.131 1111.441 3.9792 0 0 0 
1080000 1298 998.968 840767.719 1133.285 3.9715 0 0 0 
1090000 1308 999.156 852759.631 1144.464 3.9792 0 0 0 
1100000 1318 999.311 865275.222 1167.644 3.9657 0 0 0 
1110000 1328 999.437 878060.638 1185.463 3.9856 0 0 0 
1120000 1338 999.54 891157.874 1209.103 3.986 0 0 0 
1130000 1348 999.624 902926.866 1200.767 3.972 0 0 0 
1140000 1358 999.693 914843.828 1204.012 3.9975 0 0 0 
1150000 1368 999.749 928420.858 1228.806 4.0014 0 0 0 
1160000 1378 999.795 941270.753 1241.314 3.9938 0 0 0 
1170000 1388 999.832 955049.569 1264.988 3.9897 0 0 0 
1180000 1398 999.863 968504.295 1281.2 3.9797 0 0 0 
1190000 1408 999.888 982468.305 1302.941 4.0154 0 0 0 
1200000 1418 999.909 996348.209 1318.119 3.9967 0 0 0 
1210000 1428 999.925 1010036.111 1330.017 4.0022 0 0 0 
1220000 1438 999.939 1024061.977 1343.909 3.9849 0 0 0 
1230000 1448 999.95 1037435.426 1340.66 3.9771 0 0 0 
1240000 1458 999.959 1050726.519 1339.848 3.9744 0 0 0 
1250000 1468 999.967 1063559.479 1329.381 3.9854 0 0 0 
1260000 1478 999.973 1076362.407 1320.105 4.0224 0 0 0 
1270000 1488 997.253 1087872.54 1284.0 4.0319 0 0 0 
1280000 1498 997.756 1100641.624 1283.066 4.0198 0 0 0 
1290000 1509 985.963 1114274.842 1283.913 3.9637 0 0 0 
1300000 1519 988.531 1129392.294 1324.458 3.9577 0 0 0 
1310000 1529 990.629 1145406.863 1376.364 3.9464 0 0 0 
1320000 1539 992.343 1160874.166 1408.951 3.9527 0 0 0 
1330000 1549 993.744 1172579.014 1364.182 3.9941 0 0 0 
1340000 1559 980.881 1186677.429 1351.72 3.9823 0 0 0 
1350000 1570 970.021 1200124.766 1333.623 3.9814 0 0 0 
1360000 1580 975.505 1213708.399 1335.155 4.0666 0 0 0 
1370000 1590 979.986 1229653.725 1385.16 4.3619 0 0 0 
1380000 1600 983.647 1245010.738 1412.098 4.2921 0 0 0 
1390000 1610 986.639 1260132.472 1425.479 4.2321 0 0 0 
1400000 1620 989.083 1277014.251 1474.23 4.1869 0 0 0 
1410000 1630 991.08 1291969.031 1492.517 4.1566 0 0 0 
1420000 1640 992.712 1308820.878 1517.293 4.1311 0 0 0 
1430000 1650 994.045 1324641.984 1529.594 4.0956 0 0 0 
1440000 1660 995.134 1340138.518 1528.692 4.0763 0 0 0 
1450000 1670 996.024 1354230.146 1505.637 4.1012 0 0 0 
1460000 1680 996.752 1369540.481 1515.085 4.0857 0 0 0 
1470000 1690 997.346 1384665.993 1512.368 4.0643 0 0 0 
1480000 1700 997.831 1397265.282 1475.08 4.0637 0 0 0 
1490000 1710 998.228 1410403.148 1435.471 4.0682 0 0 0 
1500000 1720 998.552 1425336.705 1459.776 4.0611 0 0 0 
1510000 1730 998.817 1441184.201 1480.271 4.0609 0 0 0 
1520000 1740 999.033 1457209.929 1494.263 4.0739 0 0 0 
1530000 1750 999.21 1475081.72 1546.159 4.0692 0 0 0 
1540000 1760 999.355 1491502.639 1566.953 4.0626 0 0 0 
1550000 1770 999.473 1509863.117 1615.502 4.0417 0 0 0 
1560000 1780 999.569 1527226.254 1633.406 4.0373 0 0 0 
1570000 1790 999.648 1543306.523 1646.073 4.0455 0 0 0 
1580000 1800 999.712 1560449.279 1643.189 4.0495 0 0 0 
1590000 1810 999.765 1576707.073 1644.614 4.0375 0 0 0 
1600000 1820 999.808 1593520.644 1651.766 4.0479 0 0 0 
1610000 1830 999.843 1607525.051 1601.58 4.0432 0 0 0 
1620000 1840 999.872 1622372.112 1586.878 4.0277 0 0 0 
1630000 1850 999.895 1636540.849 1560.764 4.0475 0 0 0 
1640000 1860 999.914 1651960.151 1555.55 4.0509 0 0 0 
1650000 1870 999.93 1665971.616 1523.659 4.0561 0 0 0 
1660000 1880 999.943 1681568.632 1537.008 4.0454 0 0 0 
1670000 1890 999.953 1699689.268 1578.315 4.0323 0 0 0 
1680000 1900 999.962 1717752.375 1617.923 4.016 0 0 0 
1690000 1910 999.969 1736573.736 1664.593 4.0206 0 0 0 
1700000 1920 999.975 1750775.767 1632.844 4.0401 0 0 0 
1710000 1930 999.979 1767871.466 1641.496 4.0289 0 0 0 
1720000 1940 999.983 1780985.355 1574.541 4.0204 0 0 0 
1730000 1950 999.986 1796286.832 1580.018 4.0313 0 0 0 
1740000 1960 999.989 1813785.602 1601.56 4.0238 0 0 0 
1750000 1970 999.991 1832615.778 1650.844 4.0146 0 0 0 
1760000 1980 999.992 1851341.126 1693.85 4.0296 0 0 0 
1770000 1990 999.994 1869305.007 1715.419 4.0244 0 0 0 
1780000 2000 999.995 1886968.885 1721.176 4.027 0 0 0 
1790000 2010 999.996 1906306.852 1759.185 4.0452 0 0 0 
1800000 2020 999.997 1924070.676 1772.045 4.0327 0 0 0 
1810000 2030 999.997 1941199.871 1756.755 4.0186 0 0 0 
1820000 2040 999.998 1956697.936 1720.794 4.0235 0 0 0 
1830000 2050 999.998 1973608.943 1709.982 4.0122 0 0 0 
1840000 2060 999.998 1990999.732 1711.188 4.0437 0 0 0 
1850000 2070 999.999 2009465.181 1737.009 4.0528 0 0 0 
1860000 2080 999.999 2027024.873 1748.25 4.0411 0 0 0 
1870000 2090 999.999 2042166.409 1700.915 4.0331 0 0 0 
1880000 2100 999.999 2058636.45 1683.537 4.0499 0 0 0 
1890000 2110 999.999 2076167.974 1704.835 4.0435 0 0 0 
1900000 2120 1000.0 2093038.777 1692.48 4.0356 0 0 0 
1910000 2130 1000.0 2111665.152 1720.047 4.0276 0 0 0 
1920000 2140 1000.0 2131033.365 1761.892 4.022 0 0 0 
1930000 2150 1000.0 2144988.112 1716.68 4.0334 0 0 0 
1940000 2160 1000.0 2160621.023 1675.151 4.0339 0 0 0 
1950000 2170 1000.0 2177444.386 1676.322 4.0253 0 0 0 
1960000 2181 995.501 2190737.851 1602.437 4.0044 0 0 0 
1970000 2191 996.324 2205569.751 1581.102 4.0078 0 0 0 
1980000 2201 986.618 2220696.442 1550.114 3.9898 0 0 0 
1990000 2212 977.27 2234435.261 1500.142 3.9368 0 0 0 
2000000 2222 981.428 2250510.299 1517.583 3.9454 0 0 0 
2010000 2232 984.825 2266878.863 1539.704 3.9723 0 0 0 
2020000 2242 987.601 2283733.602 1567.432 3.9702 0 0 0 
2030000 2252 989.869 2301229.514 1602.275 3.9788 0 0 0 
2040000 2262 991.722 2321254.655 1672.256 3.9989 0 0 0 
2050000 2272 993.237 2340718.303 1722.014 3.9901 0 0 0 
2060000 2282 994.474 2361127.814 1780.561 3.9985 0 0 0 
2070000 2292 995.485 2381736.232 1830.728 4.0101 0 0 0 
2080000 2302 996.311 2401376.079 1854.711 4.0128 0 0 0 
2090000 2312 996.986 2420919.16 1872.008 4.0259 0 0 0 
2100000 2322 997.537 2439921.576 1877.241 4.0203 0 0 0 
2110000 2332 997.988 2460436.478 1909.278 4.0081 0 0 0 
2120000 2342 998.356 2481016.238 1936.123 4.0574 0 0 0 
2130000 2352 998.656 2502188.148 1971.861 4.0625 0 0 0 
2140000 2362 998.902 2522890.027 1988.775 4.062 0 0 0 
2150000 2372 999.103 2543124.363 1997.045 4.0654 0 0 0 
2160000 2382 999.267 2564097.136 2013.754 4.0572 0 0 0 
2170000 2392 999.401 2583898.781 2010.335 4.0409 0 0 0 
2180000 2402 999.511 2603728.132 2004.552 4.0244 0 0 0 
2190000 2412 999.6 2625070.873 2029.817 4.0244 0 0 0 
2200000 2422 999.673 2642744.172 1983.199 4.0183 0 0 0 
2210000 2432 999.733 2659974.736 1935.792 4.015 0 0 0 
2220000 2442 999.782 2678046.418 1913.939 4.0474 0 0 0 
2230000 2452 999.822 2697475.673 1915.491 4.0372 0 0 0 
2240000 2462 999.854 2716325.664 1909.195 4.0515 0 0 0 
2250000 2472 999.881 2736953.078 1942.541 4.0558 0 0 0 
2260000 2482 999.903 2752867.971 1875.949 4.0629 0 0 0 
2270000 2492 999.921 2769838.737 1843.643 4.0457 0 0 0 
2280000 2502 999.935 2786569.192 1807.706 4.0464 0 0 0 
2290000 2512 999.947 2804885.431 1812.08 4.046 0 0 0 
2300000 2522 999.957 2823927.961 1825.972 4.0623 0 0 0 
2310000 2532 999.965 2842922.48 1840.948 4.0692 0 0 0 
2320000 2542 999.971 2861398.824 1839.974 4.0585 0 0 0 
2330000 2552 999.976 2880735.043 1858.78 4.0504 0 0 0 
2340000 2562 999.981 2900328.439 1877.627 4.042 0 0 0 
2350000 2572 999.984 2917151.114 1839.423 4.0595 0 0 0 
2360000 2582 999.987 2935890.632 1844.679 4.0497 0 0 0 
2370000 2592 999.989 2955745.859 1869.426 4.0717 0 0 0 
2380000 2602 999.991 2977343.464 1922.214 4.0691 0 0 0 
2390000 2612 999.993 2998638.723 1960.675 4.0463 0 0 0 
2400000 2622 999.994 3020600.94 2004.786 4.0613 0 0 0 
2410000 2632 999.995 3042654.517 2040.545 4.068 0 0 0 
2420000 2642 999.996 3065319.554 2082.996 4.0474 0 0 0 
2430000 2652 999.997 3086904.745 2096.345 4.0464 0 0 0 
2440000 2662 999.997 3109464.289 2125.049 4.0767 0 0 0 
2450000 2672 999.998 3132069.002 2149.657 4.0652 0 0 0 
2460000 2682 999.998 3154596.356 2169.072 4.0426 0 0 0 
2470000 2692 999.999 3176358.017 2171.203 4.0253 0 0 0 
2480000 2702 999.999 3198886.165 2185.434 4.0103 0 0 0 
2490000 2712 999.999 3220951.344 2189.512 4.0012 0 0 0 
2500000 2722 999.999 3242394.538 2180.949 4.0228 0 0 0 
2510000 2732 999.999 3261772.737 2137.939 4.0211 0 0 0 
2520000 2742 999.999 3279307.233 2074.682 4.0563 0 0 0 
2530000 2752 1000.0 3292755.847 1938.35 4.0493 0 0 0 
2540000 2762 1000.0 3309160.737 1882.438 4.0371 0 0 0 
2550000 2772 1000.0 3325979.348 1844.246 4.0354 0 0 0 
2560000 2782 1000.0 3344881.347 1850.37 4.0345 0 0 0 
2570000 2792 1000.0 3364114.074 1869.676 4.0333 0 0 0 
2580000 2802 1000.0 3381599.357 1844.624 4.0284 0 0 0 
2590000 2812 1000.0 3399752.352 1839.178 4.0438 0 0 0 
2600000 2822 1000.0 3417482.169 1826.331 4.0582 0 0 0 
2610000 2832 991.832 3436252.245 1819.139 4.0236 0 0 0 
2620000 2842 993.327 3456585.196 1857.764 4.0384 0 0 0 
2630000 2852 994.547 3474396.054 1842.336 4.0476 0 0 0 
2640000 2863 988.989 3493628.723 1844.963 4.0313 0 0 0 
2650000 2873 991.003 3511490.703 1832.899 4.028 0 0 0 
2660000 2883 992.649 3531301.016 1858.234 4.0312 0 0 0 
2670000 2893 993.994 3550201.311 1865.493 4.0344 0 0 0 
2680000 2903 995.092 3569795.47 1881.612 4.0332 0 0 0 
2690000 2913 995.99 3589254.383 1893.896 4.021 0 0 0 
2700000 2923 996.724 3609101.858 1912.626 4.0268 0 0 0 
2710000 2933 997.323 3628440.723 1916.295 4.0509 0 0 0 
2720000 2943 997.813 3645431.567 1877.459 4.0484 0 0 0 
2730000 2953 998.213 3667209.316 1932.666 4.0395 0 0 0 
2740000 2963 998.54 3684898.326 1901.202 4.0365 0 0 0 
2750000 2973 998.807 3705110.388 1922.609 4.0479 0 0 0 
2760000 2983 999.025 3720884.043 1857.526 4.0322 0 0 0 
2770000 2993 986.385 3738929.521 1822.871 3.9697 0 0 0 
2780000 3003 988.876 3759610.912 1865.644 3.9717 0 0 0 
2790000 3013 990.911 3775812.957 1837.956 4.0169 0 0 0 
2800000 3023 992.573 3793910.701 1815.668 4.0159 0 0 0 
2810000 3033 993.932 3808954.574 1761.54 4.0096 0 0 0 
2820000 3043 995.042 3829428.643 1810.912 4.0346 0 0 0 
2830000 3053 995.949 3849875.545 1854.601 4.0247 0 0 0 
2840000 3063 996.69 3863363.076 1760.456 4.0192 0 0 0 
2850000 3073 997.295 3881861.181 1795.55 4.0128 0 0 0 
2860000 3083 997.79 3899169.307 1767.528 4.0132 0 0 0 
2870000 3093 998.194 3920167.991 1830.853 4.0053 0 0 0 
2880000 3103 998.525 3941391.031 1880.414 3.9965 0 0 0 
2890000 3113 998.795 3961050.764 1897.818 4.0094 0 0 0 
2900000 3123 999.015 3982106.379 1934.823 4.0162 0 0 0 
2910000 3133 999.195 4001727.391 1940.094 4.0063 0 0 0 
2920000 3143 999.342 4023317.305 1980.611 4.0066 0 0 0 
2930000 3153 999.463 4042727.509 1972.702 4.0006 0 0 0 
2940000 3163 999.561 4059671.938 1920.449 3.9919 0 0 0 
2950000 3173 999.641 4075910.532 1869.931 3.9965 0 0 0 
2960000 3183 999.707 4093347.236 1847.104 4.0083 0 0 0 
2970000 3193 999.761 4114546.356 1895.855 4.0208 0 0 0 
2980000 3203 999.804 4133103.727 1890.682 4.0195 0 0 0 
2990000 3213 999.84 4151509.067 1884.519 4.0258 0 0 0 
3000000 3223 999.869 4171108.306 1893.125 4.015 0 0 0 
3010000 3233 999.893 4191692.967 1926.612 4.0063 0 0 0 
3020000 3243 999.913 4211326.045 1934.478 4.0032 0 0 0 
3030000 3254 983.642 4229034.154 1873.101 3.9313 0 0 0 
3040000 3264 986.634 4248951.281 1892.989 3.9424 0 0 0 
3050000 3274 989.079 4267666.604 1890.574 3.9708 0 0 0 
3060000 3285 982.314 4286065.698 1868.682 3.981 0 0 0 
3070000 3295 985.549 4303898.878 1855.051 3.9866 0 0 0 
3080000 3305 988.192 4322216.14 1849.285 4.0101 0 0 0 
3090000 3315 990.352 4340514.154 1843.746 4.0042 0 0 0 
3100000 3325 992.117 4362670.973 1911.662 3.9973 0 0 0 
3110000 3335 993.559 4383253.686 1938.9 4.0615 0 0 0 
3120000 3345 994.737 4402339.871 1933.009 4.0763 0 0 0 
3130000 3355 995.7 4422520.041 1948.65 4.0575 0 0 0 
3140000 3365 996.487 4438465.918 1882.904 4.0759 0 0 0 
3150000 3375 997.129 4455054.064 1842.148 4.1176 0 0 0 
3160000 3385 997.654 4473190.316 1836.995 4.099 0 0 0 
3170000 3395 998.084 4487970.72 1770.679 4.095 0 0 0 
3180000 3405 998.434 4501861.558 1702.49 4.0831 0 0 0 
3190000 3415 998.721 4520560.157 1732.175 4.0691 0 0 0 
3200000 3425 998.955 4540112.868 1770.931 4.061 0 0 0 
3210000 3435 999.146 4560596.475 1822.136 4.0482 0 0 0 
3220000 3445 999.302 4581297.66 1867.671 4.0362 0 0 0 
3230000 3455 999.43 4600485.092 1876.285 4.0387 0 0 0 
3240000 3465 999.534 4618938.85 1870.003 4.0359 0 0 0 
3250000 3475 999.619 4639631.416 1905.348 4.0506 0 0 0 
3260000 3485 999.689 4659568.502 1921.315 4.0628 0 0 0 
3270000 3495 999.746 4679196.137 1930.29 4.0884 0 0 0 
3280000 3506 971.1 4696486.067 1840.968 3.9546 0 0 0 
3290000 3516 976.387 4715391.824 1849.871 3.9687 0 0 0 
3300000 3526 980.706 4733915.331 1845.847 3.9988 0 0 0 
3310000 3536 984.235 4754114.525 1878.623 4.0048 0 0 0 
3320000 3546 987.119 4775479.704 1926.773 4.0091 0 0 0 
3330000 3556 989.475 4795947.061 1948.869 4.0106 0 0 0 
3340000 3567 977.966 4815935.643 1932.308 3.955 0 0 0 
3350000 3577 981.997 4836444.643 1954.606 3.9666 0 0 0 
3360000 3587 985.29 4856799.076 1970.499 4.0059 0 0 0 
3370000 3597 987.981 4872679.478 1894.886 4.0123 0 0 0 
3380000 3607 990.179 4891243.075 1885.264 4.0166 0 0 0 
3390000 3617 991.976 4910097.832 1887.398 4.0318 0 0 0 
3400000 3627 993.444 4930597.674 1917.023 4.0259 0 0 0 
3410000 3637 994.643 4949774.86 1917.029 4.0673 0 0 0 
3420000 3647 995.623 4971090.175 1958.349 4.0855 0 0 0 
3430000 3657 996.424 4989057.12 1928.734 4.0943 0 0 0 
3440000 3667 997.078 5007244.489 1905.81 4.0795 0 0 0 
3450000 3677 997.612 5023121.177 1850.42 4.1038 0 0 0 
3460000 3687 998.049 5041684.993 1853.225 4.0887 0 0 0 
3470000 3697 998.406 5062841.24 1898.013 4.1403 0 0 0 
3480000 3707 998.698 5082630.695 1911.258 4.1349 0 0 0 
3490000 3717 998.936 5101408.268 1908.49 4.1432 0 0 0 
3500000 3727 999.131 5120931.947 1912.819 4.1161 0 0 0 
3510000 3737 999.29 5141277.273 1933.546 4.0942 0 0 0 
3520000 3747 999.42 5162452.651 1967.177 4.0775 0 0 0 
3530000 3758 991.013 5181763.517 1944.334 4.033 0 0 0 
3540000 3768 989.999 5199282.081 1901.941 4.0307 0 0 0 
3550000 3778 991.828 5218100.761 1897.232 4.0647 0 0 0 
3560000 3788 993.323 5233582.429 1837.258 4.0665 0 0 0 
3570000 3798 994.545 5250096.615 1802.855 4.0645 0 0 0 
3580000 3808 995.543 5270081.801 1839.732 4.0876 0 0 0 
3590000 3818 996.358 5289469.98 1858.165 4.0875 0 0 0 
3600000 3828 997.024 5308976.099 1875.984 4.0704 0 0 0 
3610000 3838 997.569 5329661.426 1912.079 4.0607 0 0 0 
3620000 3848 983.495 5347080.202 1853.88 3.9981 0 0 0 
3630000 3858 986.514 5366525.564 1858.646 4.0086 0 0 0 
3640000 3868 988.981 5386584.315 1887.203 4.0276 0 0 0 
3650000 3878 990.997 5406888.071 1923.463 4.031 0 0 0 
3660000 3888 992.644 5426393.778 1921.134 4.042 0 0 0 
3670000 3898 993.989 5446049.874 1927.738 4.0915 0 0 0 
3680000 3908 995.089 5466325.445 1945.2 4.0814 0 0 0 
3690000 3918 995.987 5487851.089 1987.446 4.0678 0 0 0 
3700000 3928 996.721 5508295.16 1995.962 4.0736 0 0 0 
3710000 3938 997.321 5526731.776 1976.337 4.1109 0 0 0 
3720000 3949 986.746 5546963.809 1953.28 4.0485 0 0 0 
3730000 3959 989.171 5566654.921 1952.067 4.0439 0 0 0 
3740000 3970 984.042 5588938.542 1993.323 4.0174 0 0 0 
3750000 3980 986.961 5611185.391 2035.482 4.0154 0 0 0 
3760000 3990 989.346 5632909.025 2059.512 4.0163 0 0 0 
3770000 4000 991.295 5653101.003 2052.871 4.0127 0 0 0 
3780000 4010 992.887 5673932.848 2057.459 4.0179 0 0 0 
3790000 4020 994.189 5694250.326 2052.828 4.0406 0 0 0 
3800000 4030 995.252 5716625.126 2086.601 4.0688 0 0 0 
3810000 4040 996.12 5737516.518 2086.508 4.0551 0 0 0 
3820000 4050 996.83 5754739.951 2016.5 4.0468 0 0 0 
3830000 4060 997.41 5776883.362 2052.709 4.0484 0 0 0 
3840000 4070 997.884 5795191.748 2009.404 4.0553 0 0 0 
3850000 4080 998.271 5815212.783 2006.643 4.0696 0 0 0 
3860000 4090 998.587 5834730.771 1996.278 4.0855 0 0 0 
3870000 4100 998.846 5854087.665 1982.068 4.087 0 0 0 
3880000 4110 999.057 5873361.911 1969.134 4.0893 0 0 0 
3890000 4120 999.229 5894623.525 1998.912 4.0755 0 0 0 
3900000 4130 999.37 5916204.585 2027.766 4.0738 0 0 0 
3910000 4140 999.485 5934758.679 1995.62 4.0629 0 0 0 
3920000 4150 999.58 5954988.627 1998.64 4.0991 0 0 0 
3930000 4160 999.656 5970346.836 1912.773 4.1054 0 0 0 
3940000 4170 999.719 5989410.55 1909.823 4.089 0 0 0 
3950000 4180 999.771 6006973.326 1881.616 4.0882 0 0 0 
3960000 4190 999.813 6026627.288 1896.358 4.0807 0 0 0 
3970000 4200 999.847 6045103.028 1890.739 4.0667 0 0 0 
3980000 4210 999.875 6066953.801 1944.871 4.0882 0 0 0 
3990000 4220 999.898 6087016.07 1955.998 4.0968 0 0 0 
4000000 4230 999.916 6108297.635 1987.853 4.08 0 0 0 
