10000 225 36.877 3154.949 10.711 0.0326 0 0 0 0.0 0.0 0.0 0.0 0.0 
20000 490 30.157 6149.431 8.207 0.0265 0 0 0 0.0 0.0 0.0 0.0 0.0 
30000 575 89.117 9109.533 29.378 0.5147 0 0 0 0.0065407 -1.157501 0.1057681 0.0129065 0.0063903 
40000 620 186.452 13751.504 81.381 1.1263 0 0 0 0.0046301 -2.4721636 0.125226 0.0079828 0.004541 
50000 812 68.553 18594.301 33.532 0.4199 0 0 0 0.0040856 -3.8096484 0.1817745 0.0063409 0.0040363 
60000 834 225.627 23092.082 104.045 1.3812 0 0 0 0.0034042 -5.2978549 0.2198575 0.0056672 0.0033682 
70000 844 365.58 27520.062 164.585 2.2439 0 0 0 0.0030085 -7.0877154 0.2631022 0.0049135 0.0029571 
80000 854 481.633 32160.282 219.376 2.9478 0 0 0 0.002517 -8.9629096 0.3649841 0.00427 0.0024926 
90000 864 576.456 37794.211 282.151 3.5242 0 0 0 0.0024345 -10.8924108 0.4897466 0.0035141 0.0024079 
100000 874 653.934 43406.147 333.927 3.9966 0 0 0 0.0028327 -12.7557562 0.7384251 0.0030537 0.0027413 
110000 884 717.239 48793.755 370.667 4.375 0 0 0 0.0021282 -14.7395755 0.6176429 0.0027837 0.0020637 
120000 894 768.963 53231.544 383.955 4.6991 0 0 0 0.0021799 -16.3858951 0.9787838 0.0027239 0.0021397 
130000 904 811.226 58228.594 404.927 4.9657 0 0 0 0.0018582 -18.3333075 0.5690055 0.0029201 0.0018465 
140000 914 845.758 63263.589 423.187 5.1894 0 0 0 0.0029967 -20.0091748 1.625243 0.0027846 0.0028946 
150000 924 873.973 68492.918 441.889 5.3498 0 0 0 0.0021815 -22.1237187 1.2600621 0.0025596 0.0021463 
160000 934 897.027 72956.8 442.174 5.5082 0 0 0 0.0029476 -24.089742 2.2264186 0.0025011 0.0028291 
170000 944 915.863 77925.126 452.767 5.6297 0 0 0 0.0023901 -25.9844857 2.0679109 0.0026426 0.0023568 
180000 954 931.254 82273.334 449.301 5.7308 0 0 0 0.0025401 -28.0047072 1.8522893 0.0025757 0.0024034 
190000 965 926.258 86783.273 440.32 5.695 0 0 0 0.0024877 -29.5340499 1.6116805 0.0024156 0.002276 
200000 975 931.852 90143.878 418.688 5.7376 0 0 0 0.002719 -31.2822486 3.2250561 0.0025345 0.0026492 
210000 985 944.318 94739.532 426.155 5.8185 0 0 0 0.002512 -32.6701645 1.8211548 0.0023101 0.0024001 
220000 995 954.504 99999.719 442.884 5.8915 0 0 0 0.0021691 -33.9472354 1.8024156 0.0022504 0.0021339 
230000 1005 962.826 105254.707 456.655 5.9555 0 0 0 0.0022351 -35.2359565 1.7044371 0.0020518 0.0021246 
240000 1015 969.626 109210.141 448.02 5.9878 0 0 0 0.0024752 -36.4723165 1.8783108 0.0021141 0.0023331 
250000 1025 973.34 112154.034 419.066 6.018 0 0 0 0.0022302 -37.7962796 1.277137 0.0019624 0.00217 
260000 1035 978.217 117503.367 439.416 6.0626 0 0 0 0.002328 -39.138352 1.5834377 0.0019124 0.0021936 
270000 1052 869.77 122896.683 406.081 5.3858 0 0 0 0.0025046 -40.9498849 2.4319253 0.0019562 0.0023936 
280000 1063 866.971 128135.549 414.05 5.3823 0 0 0 0.0029181 -43.0445472 2.8467359 0.0019768 0.0026003 
290000 1073 891.305 133471.206 437.483 5.5261 0 0 0 0.0021585 -44.8671173 2.3644271 0.0019102 0.0020942 
300000 1083 911.189 138885.324 459.365 5.6516 0 0 0 0.0019083 -46.7096563 0.8346654 0.0019652 0.0017624 
310000 1094 911.925 144347.999 461.933 5.6518 0 0 0 0.0023076 -48.2461214 3.1738794 0.0019903 0.0022209 
320000 1107 885.774 148833.235 442.382 5.501 0 0 0 0.0025443 -49.6512458 3.8730489 0.0018546 0.0023431 
330000 1127 736.067 152767.61 353.031 4.5731 0 0 0 0.0020346 -51.2617291 2.5323875 0.0018361 0.0019557 
340000 1138 773.211 158046.381 377.088 4.8052 0 0 0 0.0021556 -52.6387266 3.1916503 0.0018434 0.0020605 
350000 1148 814.697 163859.45 412.95 5.0725 0 0 0 0.0020596 -53.9158826 2.975923 0.0018908 0.0019715 
360000 1158 848.594 169154.732 437.968 5.2875 0 0 0 0.001967 -55.2452893 2.1094735 0.0019004 0.0019083 
370000 1169 866.128 173632.369 433.449 5.3858 0 0 0 0.00197 -56.1629264 2.8254417 0.0017809 0.0018818 
380000 1180 879.262 178253.931 432.835 5.4674 0 0 0 0.0019006 -56.9217318 2.1846991 0.0017509 0.0018519 
390000 1190 901.348 182588.605 433.581 5.61 0 0 0 0.0019782 -57.8049064 1.2110543 0.0018887 0.0019421 
400000 1200 906.112 186875.488 427.945 5.6322 0 0 0 0.0020804 -58.6059489 3.7532999 0.0017811 0.0019988 
410000 1211 911.304 191352.388 423.763 5.6648 0 0 0 0.0022512 -59.5068095 4.6539899 0.00167 0.0021539 
420000 1221 927.529 196307.902 435.503 5.7748 0 0 0 0.0024499 -60.342964 4.3795951 0.00164 0.0023117 
430000 1231 940.786 200906.209 441.372 5.8556 0 0 0 0.0017138 -61.2780048 2.65579 0.0017349 0.0016411 
440000 1241 951.618 205325.919 444.053 5.9429 0 0 0 0.0026351 -62.0365902 7.818815 0.0017595 0.0024128 
450000 1251 960.468 209873.615 444.436 6.0049 0 0 0 0.0022515 -63.0000535 7.6453857 0.0017917 0.0021691 
460000 1261 967.7 215635.658 466.553 6.0387 0 0 0 0.0022567 -63.9031711 4.711229 0.0017946 0.0020732 
470000 1271 973.608 221413.515 487.576 6.0797 0 0 0 0.0019291 -64.6712724 4.4010102 0.001758 0.0018699 
480000 1281 978.436 226868.388 498.433 6.0975 0 0 0 0.0019602 -65.4780101 3.9913572 0.0018396 0.0018593 
490000 1291 982.381 232170.374 504.743 6.1192 0 0 0 0.0017382 -66.2489871 2.3002467 0.0018265 0.0016868 
500000 1301 985.604 237334.1 505.379 6.1574 0 0 0 0.0022252 -67.0000473 4.6087748 0.001851 0.0020862 
510000 1312 972.607 242730.346 504.944 6.078 0 0 0 0.0021153 -68.0870178 5.7541776 0.001766 0.0020127 
520000 1322 977.618 246954.426 490.229 6.125 0 0 0 0.0022879 -68.9831246 5.9742016 0.0018946 0.0021839 
530000 1333 965.786 251606.991 477.686 6.0376 0 0 0 0.0017352 -69.8113519 4.3645843 0.0018465 0.0016776 
540000 1343 972.045 256388.654 477.426 6.0731 0 0 0 0.0016808 -70.599531 3.1052021 0.0016643 0.0016164 
550000 1353 977.158 261791.792 488.253 6.0962 0 0 0 0.0021558 -71.223336 5.792918 0.0016789 0.0020028 
560000 1363 978.193 267767.129 505.62 6.0943 0 0 0 0.0019753 -72.0276121 6.0017469 0.0015078 0.0018584 
570000 1373 982.182 273139.021 512.575 6.1218 0 0 0 0.002095 -72.8187546 7.3599848 0.001567 0.0019295 
580000 1383 985.442 278467.274 514.213 6.1378 0 0 0 0.0023452 -73.7516575 9.367623 0.0015289 0.0021572 
590000 1393 988.105 284360.864 526.719 6.155 0 0 0 0.0018288 -74.4109604 6.4149132 0.0014612 0.0017197 
600000 1403 990.281 290701.418 548.409 6.1678 0 0 0 0.0030672 -74.9971736 13.0136024 0.0014942 0.0027604 
610000 1413 992.059 296425.577 551.36 6.1692 0 0 0 0.0013243 -75.5659696 2.0915802 0.0014158 0.0012862 
620000 1423 993.511 301539.091 546.747 6.165 0 0 0 0.0014476 -76.1079264 2.542362 0.0016458 0.0014047 
630000 1433 994.698 306192.551 527.319 6.176 0 0 0 0.0026767 -76.2420101 11.7488517 0.00144 0.0024186 
640000 1443 995.668 311482.007 527.498 6.1853 0 0 0 0.0023274 -76.4271017 6.0779522 0.0014899 0.0021702 
650000 1453 996.461 317245.825 536.364 6.1982 0 0 0 0.0018054 -76.9625137 3.2544494 0.0015313 0.0017118 
660000 1463 997.108 323523.208 551.82 6.2011 0 0 0 0.0017594 -77.2465305 2.9338369 0.0014402 0.0016763 
670000 1473 997.637 328440.387 542.82 6.2152 0 0 0 0.0024071 -77.6323033 8.4848066 0.0014971 0.0023 
680000 1483 998.069 334332.439 551.379 6.2098 0 0 0 0.0027442 -78.1804237 11.4786789 0.0014841 0.0025539 
690000 1494 982.068 340066.536 545.719 6.1236 0 0 0 0.0021672 -78.6067522 6.0318099 0.0014596 0.0020753 
700000 1504 985.349 346497.496 562.571 6.1468 0 0 0 0.00216 -78.9965842 7.7227472 0.0014185 0.0020838 
710000 1514 988.029 353165.244 582.59 6.1684 0 0 0 0.002131 -79.3804198 4.8974332 0.0014536 0.0020181 
720000 1524 990.219 358910.034 580.598 6.1833 0 0 0 0.0020455 -80.1385595 6.21802 0.0015088 0.0019952 
730000 1536 963.581 365461.699 578.019 6.0192 0 0 0 0.0025241 -80.9884458 6.9898017 0.0015233 0.0024353 
740000 1546 970.243 370983.251 573.76 6.0581 0 0 0 0.0027355 -81.8148422 11.1536646 0.0015754 0.002637 
750000 1557 950.246 376436.924 552.923 5.9201 0 0 0 0.0029797 -82.4833523 10.3065222 0.0017028 0.0028182 
760000 1567 959.347 382966.829 571.919 5.9616 0 0 0 0.0032874 -82.887505 11.5100966 0.0016434 0.0030721 
770000 1577 966.784 388866.513 574.949 6.0123 0 0 0 0.0029823 -83.416229 8.1928317 0.0016301 0.0028195 
780000 1587 972.86 395020.468 584.272 6.0534 0 0 0 0.0024605 -84.0617867 5.7041429 0.0016378 0.002413 
790000 1597 969.181 401143.691 580.224 6.0217 0 0 0 0.002545 -84.9157235 2.0670924 0.0017203 0.0024933 
800000 1607 974.819 407503.777 593.643 6.065 0 0 0 0.0027957 -85.3232832 8.38157 0.0016205 0.0027278 
810000 1618 973.888 414070.693 599.763 6.0664 0 0 0 0.0027477 -85.8889711 4.7497235 0.0016336 0.0026382 
820000 1628 978.665 420927.763 615.081 6.0952 0 0 0 0.0031083 -86.5848798 6.2589111 0.0017473 0.0029573 
830000 1638 982.567 427920.417 631.65 6.1245 0 0 0 0.0026979 -87.6495857 6.6765591 0.0017764 0.0026432 
840000 1648 985.756 434756.766 640.144 6.1458 0 0 0 0.0026596 -88.4238147 4.0744088 0.0016911 0.0025959 
850000 1658 988.362 440643.915 631.549 6.1515 0 0 0 0.0030055 -88.907161 5.5065263 0.0016954 0.0029258 
860000 1668 990.491 446700.984 627.28 6.1755 0 0 0 0.0027749 -89.2004197 4.8202177 0.0017019 0.0027131 
870000 1678 992.23 455180.66 666.842 6.1767 0 0 0 0.0031976 -90.5329595 8.2022273 0.0017305 0.003102 
880000 1688 993.652 462423.768 678.408 6.1829 0 0 0 0.003474 -91.6048799 10.1018111 0.0018053 0.0033818 
890000 1698 994.813 470279.98 697.205 6.1998 0 0 0 0.0033188 -92.4596038 6.2582169 0.0017651 0.0032345 
900000 1708 995.762 476808.309 687.319 6.2012 0 0 0 0.0031962 -93.2458447 6.0610352 0.0018364 0.0031497 
910000 1718 996.537 484585.976 705.044 6.191 0 0 0 0.0033263 -93.7380333 7.6279573 0.0017977 0.0032492 
920000 1728 997.171 491505.378 701.385 6.2019 0 0 0 0.003264 -94.3999637 6.6689165 0.0018196 0.0032229 
930000 1738 997.688 499241.761 717.288 6.2146 0 0 0 0.0032458 -94.9926031 6.9436602 0.0018182 0.0031771 
940000 1748 996.097 505762.766 698.971 6.2027 0 0 0 0.0033208 -95.6946372 6.293326 0.0018639 0.0031781 
950000 1758 996.811 513079.535 702.705 6.2105 0 0 0 0.0037385 -96.6910241 11.8763786 0.0019074 0.003554 
960000 1768 997.394 519938.688 702.42 6.1942 0 0 0 0.0030132 -97.3579833 3.8478835 0.0018201 0.0029864 
970000 1778 997.871 526937.808 698.812 6.2008 0 0 0 0.0033188 -97.7993757 8.5274753 0.001832 0.0032492 
980000 1788 998.26 534945.794 715.797 6.2056 0 0 0 0.004432 -98.8084676 18.4152745 0.0020044 0.0042172 
990000 1798 998.579 543020.811 735.954 6.204 0 0 0 0.0034842 -99.504583 5.4315374 0.002016 0.0034266 
1000000 1808 998.839 549548.572 720.735 6.207 0 0 0 0.0040657 -100.3907282 12.6205601 0.0020657 0.0039454 
1010000 1818 999.051 558905.877 760.814 6.2058 0 0 0 0.0034654 -101.4585892 6.1656444 0.0021082 0.003421 
1020000 1828 999.225 568136.515 790.837 6.2103 0 0 0 0.0033374 -102.7289629 9.6448455 0.0021173 0.003293 
1030000 1838 999.366 577581.297 817.812 6.2059 0 0 0 0.0035616 -104.1437808 7.9301432 0.0021355 0.0035182 
1040000 1848 999.482 587236.178 844.659 6.2068 0 0 0 0.0035562 -105.2660062 10.1191938 0.0022299 0.0034715 
1050000 1858 999.577 597474.587 879.361 6.1937 0 0 0 0.0035593 -106.4997423 5.8566297 0.0022011 0.0035348 
1060000 1868 999.654 605577.004 867.81 6.1803 0 0 0 0.0039793 -107.6952296 9.0499967 0.0022335 0.0038651 
1070000 1878 999.718 613096.22 844.303 6.1937 0 0 0 0.0040221 -107.9780802 8.3823829 0.0022514 0.0039014 
1080000 1888 999.769 623761.267 883.834 6.1931 0 0 0 0.0041805 -108.9817125 9.8909922 0.0022344 0.0040274 
1090000 1898 999.811 632797.289 887.373 6.2066 0 0 0 0.003918 -109.998894 7.6246838 0.0023041 0.0038531 
1100000 1908 999.846 640479.749 864.765 6.2175 0 0 0 0.0040376 -110.4630234 17.2788839 0.0022703 0.0039473 
1110000 1918 999.874 648867.228 861.999 6.2097 0 0 0 0.0045885 -111.7610325 17.3470055 0.002275 0.0044189 
1120000 1928 999.897 656932.545 851.443 6.2008 0 0 0 0.004494 -113.0818577 12.4319456 0.0023698 0.0043272 
1130000 1938 999.916 665934.25 858.367 6.1844 0 0 0 0.0046722 -113.5326278 18.0387884 0.0024114 0.0045226 
1140000 1948 999.931 675107.972 874.09 6.1924 0 0 0 0.0043994 -114.1213639 18.1411053 0.0024733 0.0043084 
1150000 1958 999.562 685142.29 892.642 6.1964 0 0 0 0.00444 -115.0102849 17.3728174 0.0025141 0.0043435 
1160000 1968 991.138 693177.684 869.074 6.1368 0 0 0 0.0045806 -114.8327706 16.8736097 0.0025693 0.0044949 
1170000 1979 984.896 702998.682 879.596 6.0975 0 0 0 0.0040734 -115.9451331 8.6272917 0.0024659 0.0040112 
1180000 1989 982.488 712459.905 884.599 6.0737 0 0 0 0.0046354 -116.8099325 10.3668585 0.002545 0.0044412 
1190000 1999 985.692 722077.362 902.006 6.0863 0 0 0 0.0042162 -117.5929857 10.5997296 0.0025719 0.0041535 
1200000 2009 988.309 733751.474 950.914 6.1107 0 0 0 0.0044512 -118.7667604 10.6982133 0.0025882 0.0043698 
1210000 2019 990.448 746675.054 1010.456 6.133 0 0 0 0.0041272 -119.2793686 4.6533521 0.002666 0.0041039 
1220000 2029 988.571 756415.887 1006.991 6.1387 0 0 0 0.0045798 -120.1303081 20.2604409 0.0026447 0.0044995 
1230000 2039 990.662 765972.585 993.23 6.1411 0 0 0 0.0042039 -119.8341192 5.592451 0.0026307 0.0041542 
1240000 2049 992.37 775794.257 995.867 6.1569 0 0 0 0.004452 -120.7853721 8.7533394 0.0025697 0.0043835 
1250000 2059 993.766 787078.524 1016.701 6.1673 0 0 0 0.0048449 -120.6988241 11.0275335 0.0025979 0.0046871 
1260000 2069 994.906 799005.133 1044.369 6.1709 0 0 0 0.0042569 -122.5370693 9.1380283 0.0027274 0.0041981 
1270000 2079 995.838 812234.756 1090.07 6.1942 0 0 0 0.0049065 -123.5764007 18.393325 0.0027322 0.004792 
1280000 2089 996.599 827755.5 1178.442 6.196 0 0 0 0.0046777 -125.1507857 7.1362099 0.0027161 0.0045546 
1290000 2100 982.933 842971.37 1225.548 6.1033 0 0 0 0.0048081 -127.2516726 19.6392173 0.0027614 0.0047172 
1300000 2110 986.055 858755.639 1289.548 6.12 0 0 0 0.0042909 -130.2071949 5.4668299 0.0027371 0.0042157 
1310000 2120 988.606 874101.383 1333.451 6.1293 0 0 0 0.0046706 -132.830037 14.1558902 0.0028457 0.0045967 
1320000 2130 990.69 889213.238 1372.597 6.1308 0 0 0 0.0045149 -134.3565623 7.2313028 0.0027843 0.0044346 
1330000 2140 992.393 902359.976 1355.664 6.1405 0 0 0 0.0047415 -136.1382986 14.4209777 0.0028042 0.0046891 
1340000 2150 993.785 919830.278 1428.663 6.1431 0 0 0 0.004861 -139.6396869 11.1837753 0.0029448 0.0047772 
1350000 2160 994.922 936153.36 1468.012 6.154 0 0 0 0.0047278 -141.5924536 7.2395847 0.0029044 0.0046665 
1360000 2170 995.851 952007.162 1489.387 6.1488 0 0 0 0.0056321 -144.1755366 26.1993224 0.0028721 0.0054411 
1370000 2180 996.61 968454.619 1512.783 6.1569 0 0 0 0.0053194 -147.175902 35.5201208 0.0030135 0.0051183 
1380000 2190 997.23 983391.768 1511.961 6.1568 0 0 0 0.0055362 -148.9695691 53.7520253 0.0029853 0.0054179 
1390000 2200 997.737 999426.841 1524.478 6.156 0 0 0 0.0051502 -150.9917326 26.1400298 0.0029085 0.0050013 
1400000 2210 998.151 1015580.923 1542.306 6.1532 0 0 0 0.0045904 -153.3654884 8.1255127 0.0031024 0.0045695 
1410000 2220 998.489 1032158.49 1561.169 6.1581 0 0 0 0.0043844 -154.3580607 16.013197 0.0030782 0.0043552 
1420000 2230 998.765 1049974.953 1603.687 6.1536 0 0 0 0.0047266 -157.2616482 25.0980607 0.0030617 0.0046579 
1430000 2240 998.991 1067679.003 1634.379 6.1543 0 0 0 0.0044169 -159.5536393 9.5311328 0.0030966 0.0044001 
1440000 2250 999.176 1086204.089 1675.704 6.1653 0 0 0 0.0048503 -162.2905478 33.3043191 0.0029846 0.0047999 
1450000 2260 999.327 1104744.929 1706.777 6.1694 0 0 0 0.0045768 -164.8539317 18.1271583 0.0032621 0.0045535 
1460000 2270 999.45 1121808.357 1708.047 6.1719 0 0 0 0.0049559 -166.9032987 31.6289984 0.0032551 0.0049007 
