10000 217 48.493 3520.719 17.772 0.0429 0 0 0 0.0 0.0 0.0 0.0 0.0 
20000 451 45.926 7082.448 16.8 0.0405 0 0 0 0.0 0.0 0.0 0.0 0.0 
30000 475 196.69 9103.869 44.813 1.0533 0 0 0 0.0064252 -1.3091905 0.0841895 0.0171825 0.006321 
40000 489 329.501 13360.974 106.732 1.8994 0 0 0 0.0051446 -2.5740277 0.1219876 0.0106935 0.0050255 
50000 507 396.062 18937.937 168.523 2.3405 0 0 0 0.0046484 -4.1549226 0.2027019 0.0072767 0.0045078 
60000 524 451.733 23552.223 198.236 2.7014 0 0 0 0.0031686 -5.7409411 0.2301508 0.005818 0.0031099 
70000 534 552.026 28603.308 255.356 3.3184 0 0 0 0.0033499 -7.5845036 0.3535877 0.0053151 0.0032223 
80000 544 633.972 32132.728 272.771 3.8215 0 0 0 0.0029847 -9.5974781 0.3593578 0.0051207 0.0029206 
90000 554 700.929 36229.083 296.388 4.2446 0 0 0 0.003502 -11.392015 0.6320892 0.0044387 0.0033162 
100000 564 755.637 41225.339 332.068 4.5901 0 0 0 0.0034232 -13.287457 0.7705269 0.0041238 0.0032751 
110000 574 800.338 46859.627 374.03 4.8717 0 0 0 0.0031981 -15.2469991 1.0082736 0.0037043 0.0030921 
120000 584 835.267 52791.008 415.542 5.0842 0 0 0 0.002737 -17.2530413 1.0775458 0.0033872 0.0026702 
130000 594 865.401 58024.079 434.135 5.287 0 0 0 0.0024176 -19.2889109 0.8772198 0.0030355 0.0023316 
140000 605 877.806 63172.061 442.309 5.3605 0 0 0 0.0023562 -21.3056129 1.0562188 0.003085 0.0023286 
150000 616 874.132 68001.539 436.856 5.3402 0 0 0 0.002235 -23.264458 1.1187681 0.0026981 0.0021778 
160000 626 897.156 72813.653 445.61 5.4837 0 0 0 0.0027696 -25.1160399 2.0296396 0.0025097 0.002645 
170000 636 915.969 77828.528 453.034 5.6111 0 0 0 0.0020319 -27.211946 0.9715204 0.0026033 0.0019689 
180000 646 926.287 83058.937 461.106 5.6758 0 0 0 0.0024929 -29.1031407 2.1604236 0.0023234 0.0023626 
190000 656 939.511 88858.656 484.216 5.7566 0 0 0 0.0021008 -30.846054 2.2214266 0.0022092 0.0020278 
200000 666 950.576 94476.798 499.29 5.8333 0 0 0 0.0018135 -32.8403996 1.3356626 0.0022604 0.0017568 
210000 676 959.617 100343.394 514.087 6.1911 0 0 0 0.002078 -34.8244541 2.2756178 0.0020255 0.0019858 
220000 688 946.265 105913.277 512.871 6.4044 0 0 0 0.001454 -36.6492933 0.8444587 0.0018813 0.001415 
230000 700 916.404 111531.344 500.17 6.3273 0 0 0 0.0022943 -38.1508962 2.6255887 0.0018194 0.0021129 
240000 710 931.696 117295.13 514.513 6.3073 0 0 0 0.0017501 -39.7656723 2.0283901 0.0017224 0.0016682 
250000 720 944.191 120925.632 488.091 6.2734 0 0 0 0.0021837 -41.1647702 3.0831246 0.0017737 0.0020162 
260000 730 954.4 123672.049 448.197 6.2652 0 0 0 0.0015264 -42.7507975 1.3847867 0.0018007 0.0014395 
270000 740 962.741 128071.784 445.21 6.2599 0 0 0 0.0015519 -44.2423477 1.7618748 0.0016052 0.0014743 
280000 750 969.557 134029.957 472.676 6.2538 0 0 0 0.0017147 -45.9677981 3.2915735 0.0015258 0.0016295 
290000 771 796.265 138953.189 390.51 5.0911 0 0 0 0.0013064 -47.1650172 2.0602433 0.0015846 0.0012669 
300000 783 806.829 143058.152 382.517 5.1352 0 0 0 0.0013168 -48.73772 2.402585 0.0015225 0.0012755 
310000 793 842.165 147649.15 394.872 5.3374 0 0 0 0.0014241 -50.0097623 2.9648028 0.0013355 0.0013593 
320000 808 803.451 151828.028 367.097 5.0745 0 0 0 0.0011254 -51.2872927 1.9020239 0.0014132 0.0011055 
330000 819 823.065 155905.981 367.218 5.1973 0 0 0 0.0014805 -52.2541442 2.2072971 0.0013184 0.001333 
340000 829 855.432 159998.484 374.621 5.3739 0 0 0 0.0012127 -53.1110066 1.9382769 0.0013017 0.0011658 
350000 840 858.285 164293.567 371.968 5.3774 0 0 0 0.0010882 -54.2148997 2.0818464 0.0012563 0.0010606 
360000 850 884.209 169238.514 396.504 5.54 0 0 0 0.0020152 -55.2766256 5.7345876 0.0013523 0.001884 
370000 860 905.39 174571.346 422.076 5.6573 0 0 0 0.0010608 -56.2918834 1.1846164 0.0013421 0.0010138 
380000 870 917.426 177660.542 400.152 5.7287 0 0 0 0.0012293 -57.171078 2.2299426 0.0013509 0.001193 
390000 880 932.531 181650.588 399.698 5.8277 0 0 0 0.0012308 -57.9732386 2.2221811 0.0014107 0.0011866 
400000 891 936.617 186033.938 401.914 5.8552 0 0 0 0.001827 -58.6955415 5.8725821 0.0014737 0.0017057 
410000 902 932.114 190971.718 412.837 5.825 0 0 0 0.0017456 -59.4607093 4.1894644 0.0013941 0.0016639 
420000 983 246.794 195153.342 105.328 1.5407 0 0 0 0.0016853 -59.8960818 5.9379794 0.0014788 0.0015951 
430000 997 359.144 200876.887 177.433 2.2418 0 0 0 0.0018419 -60.8174465 5.5043437 0.0015324 0.0017059 
440000 1011 440.05 206889.433 235.263 2.7521 0 0 0 0.0013755 -61.8150697 3.3985801 0.001418 0.0013108 
450000 1071 248.389 212744.846 137.77 1.549 0 0 0 0.0014307 -62.773987 4.7081729 0.0014211 0.0013887 
460000 1108 227.642 217926.906 121.032 1.4226 0 0 0 0.0019367 -63.5723852 4.9534374 0.0013909 0.0017198 
470000 1125 329.655 223312.47 177.03 2.0597 0 0 0 0.0020935 -64.6881692 10.4356339 0.0014528 0.0019345 
480000 1135 450.111 228403.284 236.485 2.8163 0 0 0 0.0014147 -65.2267485 3.6520968 0.0014886 0.0013471 
490000 1145 550.701 233797.044 291.664 3.4376 0 0 0 0.001549 -65.8359411 4.1013315 0.0013892 0.001467 
500000 1155 632.89 238268.519 320.455 3.9486 0 0 0 0.0020169 -66.5884017 7.8015241 0.0014238 0.0018399 
510000 1169 644.25 242443.824 309.871 4.0304 0 0 0 0.0013292 -67.922934 3.8073951 0.0014831 0.0012708 
520000 1183 667.662 246314.397 305.616 4.1776 0 0 0 0.002205 -68.3740232 10.2230452 0.0014293 0.0020411 
530000 1194 714.065 249864.392 308.359 4.4692 0 0 0 0.001522 -69.595927 5.1416529 0.0014221 0.001405 
540000 1207 738.483 254195.32 317.985 4.6041 0 0 0 0.0019247 -70.5626961 6.7549836 0.0016244 0.0016926 
550000 1218 771.721 258808.736 337.785 4.798 0 0 0 0.0012863 -71.7300063 4.103376 0.0015928 0.0012358 
560000 1229 793.434 263644.808 356.247 4.9293 0 0 0 0.0017178 -72.6041414 5.6870388 0.0014932 0.0015912 
570000 1239 831.22 268463.931 378.527 5.1521 0 0 0 0.0018325 -73.2091827 8.591593 0.0014586 0.0017227 
580000 1249 862.095 273882.797 407.4 5.3454 0 0 0 0.002302 -73.811197 9.9698929 0.001557 0.0021194 
590000 1259 887.321 279283.93 432.611 5.5047 0 0 0 0.001893 -74.8154619 8.0838119 0.0015641 0.0017634 
600000 1269 907.933 282706.079 415.63 5.6329 0 0 0 0.001375 -75.9910749 3.9763638 0.0015345 0.0013248 
610000 1279 924.775 287067.521 420.06 5.7281 0 0 0 0.0019963 -76.9521118 9.9854783 0.0015178 0.0018983 
620000 1289 938.536 292092.271 430.307 5.8066 0 0 0 0.0017549 -77.6427294 7.845153 0.0016121 0.0016578 
630000 1299 949.779 296713.746 439.847 5.8772 0 0 0 0.0017218 -77.9600256 5.4153541 0.001594 0.0016376 
640000 1310 941.587 301865.165 443.158 5.8134 0 0 0 0.0024011 -78.3182622 9.4342671 0.0016468 0.0022614 
650000 1324 894.113 306542.779 421.83 5.5253 0 0 0 0.0021239 -78.0626256 5.5801263 0.0018198 0.0020043 
660000 1341 788.137 311821.558 380.381 4.8716 0 0 0 0.0023958 -78.5275058 4.6811956 0.0017868 0.0022517 
670000 1356 767.048 316433.949 366.28 4.7445 0 0 0 0.0026452 -78.9571527 6.4639099 0.001879 0.0025038 
680000 1368 768.932 320568.716 356.211 4.7562 0 0 0 0.0031817 -79.4462568 10.845782 0.0016879 0.0029006 
690000 1388 682.323 324464.254 302.895 4.2226 0 0 0 0.0034435 -79.9412617 12.6019766 0.0015832 0.0031382 
700000 1400 721.404 328625.048 315.752 4.4655 0 0 0 0.0026175 -80.6521201 6.9965138 0.0016021 0.002444 
710000 1411 760.016 333306.168 338.769 4.71 0 0 0 0.0033994 -81.5124112 5.7600233 0.0016126 0.0029618 
720000 1423 766.969 338065.676 347.149 4.7645 0 0 0 0.0032491 -82.1181779 9.4595757 0.001633 0.0029371 
730000 1435 786.033 342821.426 359.139 4.8787 0 0 0 0.0029768 -82.5188857 5.8775243 0.0015618 0.0027496 
740000 1445 810.473 347436.983 374.373 5.03 0 0 0 0.0024081 -82.7196541 6.7408694 0.0015729 0.0022991 
750000 1456 832.71 352405.565 387.743 5.1733 0 0 0 0.0030502 -83.4114053 7.0679695 0.0016844 0.0027901 
760000 1466 863.312 357017.416 401.273 5.3637 0 0 0 0.0039043 -83.6401665 10.831721 0.0015818 0.0035397 
770000 1476 888.316 362254.795 426.582 5.5205 0 0 0 0.0026592 -84.1655769 5.4475049 0.0016154 0.0024663 
780000 1488 888.848 367495.461 433.13 5.5236 0 0 0 0.0034227 -84.2807894 7.8331855 0.0016817 0.0031414 
790000 1498 906.32 373138.048 455.341 5.6286 0 0 0 0.0035943 -84.4489535 8.7278597 0.0016223 0.0032924 
800000 1510 879.846 378314.12 442.878 5.4607 0 0 0 0.0036139 -84.1965685 11.4044245 0.0016486 0.0033449 
810000 1521 892.208 383903.364 460.937 5.5309 0 0 0 0.0037847 -84.3336113 9.8712649 0.0016258 0.0034098 
820000 1531 911.926 388280.868 457.674 5.6494 0 0 0 0.0027607 -84.5594107 5.3422461 0.0016657 0.0025793 
830000 1542 918.089 392969.592 454.611 5.6747 0 0 0 0.0020376 -84.9980439 4.2762012 0.0016487 0.0019832 
840000 1552 933.073 397243.862 448.519 5.7585 0 0 0 0.003015 -85.0697427 12.3756097 0.0016597 0.0028631 
850000 1563 929.298 401613.527 439.422 5.7459 0 0 0 0.0030298 -85.364744 9.5810345 0.0015766 0.0028214 
860000 1575 899.219 407485.203 445.729 5.5663 0 0 0 0.0024494 -85.7114301 7.5712219 0.0016617 0.0023183 
870000 1587 884.494 413049.704 449.982 5.4766 0 0 0 0.0028568 -86.2429598 6.3202868 0.0016142 0.0026229 
880000 1597 905.623 417466.718 447.444 5.6019 0 0 0 0.0037626 -86.7601228 12.62896 0.0015893 0.0034269 
890000 1607 922.887 422795.617 460.909 5.7174 0 0 0 0.0025996 -86.7408811 9.42518 0.0015816 0.0024738 
900000 1617 936.993 428514.405 483.818 5.8076 0 0 0 0.0025819 -87.1018347 7.1764393 0.0016801 0.0024221 
910000 1630 903.661 433847.948 469.919 5.5993 0 0 0 0.0027611 -87.6125708 10.7201981 0.001652 0.0025939 
920000 1640 921.284 439285.105 482.546 5.7065 0 0 0 0.0023181 -87.9501475 5.6336756 0.0015399 0.002221 
930000 1653 883.504 443926.512 451.924 5.486 0 0 0 0.0028109 -88.1888782 12.1767542 0.0015087 0.0025866 
940000 1663 897.999 449235.209 465.335 5.5608 0 0 0 0.0020886 -88.4658689 5.442485 0.0014978 0.0020124 
950000 1673 910.616 454709.425 474.073 5.6468 0 0 0 0.0026043 -89.0723484 10.3173527 0.0014874 0.0024465 
960000 1683 926.967 460241.319 490.393 5.7506 0 0 0 0.0021153 -89.6835999 5.9134969 0.0014949 0.0020566 
970000 1693 940.327 466457.387 511.22 5.834 0 0 0 0.0017252 -89.9701883 5.2400284 0.0014951 0.0016784 
980000 1703 948.296 472520.653 525.947 5.8821 0 0 0 0.0018652 -90.7092378 6.0593554 0.0015037 0.0018179 
990000 1713 957.754 477757.57 530.667 5.9415 0 0 0 0.0024721 -91.6210622 11.2321173 0.0015621 0.0023396 
1000000 1723 965.482 483596.455 539.74 5.9883 0 0 0 0.002088 -92.2327688 5.4007297 0.0015734 0.0020257 
1010000 1733 971.796 489933.869 552.902 6.0205 0 0 0 0.0025929 -92.8022348 10.5840524 0.0015925 0.0024182 
1020000 1744 961.795 494666.205 530.067 5.9716 0 0 0 0.0023136 -93.5839105 11.9619463 0.0015525 0.0022215 
1030000 1754 968.784 500594.107 540.977 6.019 0 0 0 0.0018949 -94.0836588 6.4105718 0.0014435 0.0018255 
1040000 1764 974.494 507047.616 559.875 6.0507 0 0 0 0.0021605 -94.8423115 5.9760869 0.0014197 0.0020436 
1050000 1775 973.677 513861.326 580.238 6.0388 0 0 0 0.0019201 -95.5187648 7.1270902 0.0016195 0.0018744 
1060000 1785 970.011 519687.107 575.865 6.028 0 0 0 0.0021761 -95.8685632 11.8771707 0.0015695 0.00209 
1070000 1795 971.156 525810.62 576.569 6.0394 0 0 0 0.0018209 -96.2069844 5.8166616 0.0015594 0.0017917 
1080000 1806 971.483 531585.74 575.769 6.048 0 0 0 0.0025979 -96.6904703 12.8662782 0.0017305 0.0024939 
1090000 1816 976.699 539888.973 623.153 6.0694 0 0 0 0.0023614 -96.8693168 8.2877636 0.0016791 0.0022854 
1100000 1826 971.0 549477.692 674.915 6.0218 0 0 0 0.0026068 -97.9231993 8.5641785 0.0018272 0.0024813 
1110000 1837 967.578 557107.05 688.01 5.9882 0 0 0 0.0025436 -98.2664467 6.9056893 0.0018936 0.0024577 
1120000 1847 973.509 563260.451 674.714 6.0175 0 0 0 0.0028986 -98.6475307 12.5499101 0.0017675 0.0027769 
1130000 1858 956.374 569538.036 650.139 5.9061 0 0 0 0.0023346 -99.2848554 3.7632802 0.0017531 0.002309 
1140000 1868 957.623 575313.94 630.352 5.9181 0 0 0 0.002607 -99.5861966 5.8950788 0.0017709 0.0024827 
1150000 1878 965.375 581224.142 626.626 5.9725 0 0 0 0.003592 -99.5825336 19.2859792 0.0016981 0.0033335 
1160000 1888 971.709 588076.633 631.999 5.9999 0 0 0 0.0029946 -100.4322083 9.6354332 0.0017793 0.0028749 
1170000 1898 976.884 596046.905 664.586 6.0493 0 0 0 0.0028159 -100.6914147 9.3128363 0.0017914 0.0027312 
1180000 1908 981.112 603082.66 672.672 6.0845 0 0 0 0.0025618 -100.9311803 3.6800526 0.0017598 0.0024746 
1190000 1918 984.568 609336.731 669.88 6.1072 0 0 0 0.0025992 -101.5379041 5.7460158 0.0017283 0.0025478 
1200000 1929 972.534 617233.047 675.303 6.0358 0 0 0 0.0029046 -102.1782076 8.7698842 0.0017659 0.0027951 
1210000 1939 977.559 625072.401 697.346 6.0523 0 0 0 0.0026088 -102.2371917 7.4962708 0.0017085 0.0025524 
1220000 1949 981.664 632749.833 706.957 6.0797 0 0 0 0.0027761 -102.7726982 8.4991081 0.001798 0.0026843 
1230000 1959 985.018 641438.443 737.804 6.1125 0 0 0 0.0032753 -103.9242507 10.9135397 0.0018129 0.0031182 
1240000 1969 987.759 651448.001 788.718 6.1203 0 0 0 0.0030241 -104.0088376 10.5449929 0.0018076 0.0029476 
1250000 1979 989.998 659428.489 789.629 6.1307 0 0 0 0.0028223 -104.0346424 12.0624914 0.0017984 0.0027834 
1260000 1989 991.828 666932.61 782.798 6.1448 0 0 0 0.0027078 -104.1525056 6.0239272 0.0017529 0.0026842 
1270000 1999 993.322 676119.237 805.396 6.1634 0 0 0 0.0026065 -104.0116696 5.6565951 0.0017272 0.0025269 
1280000 2009 990.639 685232.531 821.989 6.1549 0 0 0 0.003044 -104.0068544 11.6886553 0.0018214 0.0029527 
1290000 2020 979.381 700115.923 931.387 6.0655 0 0 0 0.0033528 -105.3470741 17.9350773 0.0018575 0.0032345 
1300000 2030 983.153 716813.689 1060.811 6.0807 0 0 0 0.0032034 -107.7413003 13.1461634 0.0018474 0.0031053 
1310000 2040 986.235 728654.745 1087.618 6.1106 0 0 0 0.0027457 -108.1622622 7.1820448 0.0018181 0.0027328 
1320000 2050 988.753 744396.006 1171.426 6.1203 0 0 0 0.0035313 -110.4176902 12.4729143 0.0019098 0.003383 
1330000 2060 990.81 761019.396 1258.11 6.1299 0 0 0 0.0035353 -112.5559189 11.2269486 0.0019436 0.0034517 
1340000 2070 992.491 778181.781 1354.741 6.1372 0 0 0 0.0036049 -114.543913 16.1364785 0.0020169 0.0035294 
1350000 2080 993.865 793857.726 1382.918 6.1446 0 0 0 0.0041649 -116.0039536 14.7519766 0.0019955 0.0040308 
1360000 2090 994.987 809504.691 1421.286 6.1502 0 0 0 0.003541 -118.0871685 8.5450964 0.0019869 0.0035082 
1370000 2100 995.904 826155.934 1462.834 6.1499 0 0 0 0.0037909 -120.5269377 13.6866831 0.0021092 0.0037709 
1380000 2110 996.653 841707.119 1478.293 6.1522 0 0 0 0.0043071 -122.6980727 16.5032736 0.0021698 0.0042272 
1390000 2120 997.266 860214.019 1547.523 6.1464 0 0 0 0.0046543 -125.0328038 27.3604862 0.0021902 0.0045509 
1400000 2130 997.766 874016.964 1514.695 6.1538 0 0 0 0.0041502 -126.2245867 4.7964213 0.0022299 0.0041164 
1410000 2140 998.174 889772.915 1522.714 6.1586 0 0 0 0.0041075 -128.8333027 8.875437 0.0021868 0.0040923 
1420000 2150 998.508 903483.029 1494.138 6.1557 0 0 0 0.0040874 -130.3005223 6.2353101 0.0022995 0.0040764 
1430000 2160 998.781 920601.284 1534.989 6.1517 0 0 0 0.004638 -132.9363892 14.448079 0.0023847 0.0045839 
1440000 2170 999.004 938622.922 1581.455 6.1464 0 0 0 0.0049082 -135.6153489 15.2121776 0.0023852 0.004826 
1450000 2180 999.186 956779.009 1626.477 6.1594 0 0 0 0.0051991 -139.017189 21.3970562 0.0023659 0.0051124 
1460000 2190 999.335 975673.134 1675.2 6.1583 0 0 0 0.0050027 -142.6200227 25.0868138 0.0024792 0.0049607 
1470000 2200 999.457 994820.443 1717.819 6.1721 0 0 0 0.005342 -146.8976414 24.8125811 0.0025175 0.0052258 
1480000 2210 999.556 1014206.281 1758.563 6.1619 0 0 0 0.0050133 -150.7502237 11.7417786 0.0024815 0.0049944 
1490000 2220 999.637 1032597.974 1771.445 6.1705 0 0 0 0.0050785 -152.2231565 19.6508855 0.0024855 0.0050272 
1500000 2230 999.704 1049325.853 1754.687 6.178 0 0 0 0.005907 -153.2727611 51.3824067 0.0024843 0.0057422 
1510000 2240 999.758 1067999.397 1774.266 6.1708 0 0 0 0.0052192 -157.1101569 34.3553569 0.0025061 0.005143 
1520000 2250 999.802 1086860.759 1793.031 6.1706 0 0 0 0.0051443 -158.7132148 27.2416182 0.0025351 0.005113 
1530000 2260 999.838 1104685.912 1795.914 6.1526 0 0 0 0.0049214 -160.2660811 13.9592221 0.0025315 0.0049072 
1540000 2270 999.868 1122699.041 1792.943 6.1554 0 0 0 0.0050537 -161.4811791 28.533953 0.0025626 0.0050238 
1550000 2280 999.892 1140112.046 1784.125 6.1557 0 0 0 0.0050622 -162.460039 25.8699393 0.0025632 0.0050307 
1560000 2290 999.912 1158009.831 1785.926 6.1498 0 0 0 0.005155 -164.058317 35.6273433 0.0026344 0.0051015 
1570000 2300 999.928 1177155.231 1809.402 6.1538 0 0 0 0.0051891 -165.7707972 38.3962889 0.0026269 0.0051498 
1580000 2310 999.941 1196218.016 1827.309 6.1591 0 0 0 0.005015 -167.8102412 34.6683019 0.0026403 0.0049745 
1590000 2321 983.213 1215151.744 1811.183 6.0625 0 0 0 0.004708 -168.7271157 22.031389 0.0026306 0.0046912 
1600000 2331 979.281 1233376.65 1797.556 6.0339 0 0 0 0.0048172 -171.6844725 16.2392824 0.0027261 0.0047921 
1610000 2341 983.071 1252146.93 1812.57 6.064 0 0 0 0.0048035 -173.9446046 30.1485035 0.0026873 0.004785 
1620000 2351 986.168 1271714.52 1839.377 6.0719 0 0 0 0.0051535 -175.9721511 34.8991366 0.0026449 0.0050845 
1630000 2361 988.698 1289922.731 1835.185 6.0823 0 0 0 0.0048546 -177.5143219 29.6897028 0.0026509 0.0048277 
1640000 2371 990.766 1305492.529 1784.081 6.1008 0 0 0 0.0048112 -178.1392512 22.1425392 0.0025235 0.0047933 
1650000 2381 992.455 1321415.868 1747.227 6.1093 0 0 0 0.0052931 -178.1247486 29.5012938 0.0026115 0.0051303 
1660000 2391 993.835 1333692.017 1665.542 6.1228 0 0 0 0.0050183 -177.891671 45.3439574 0.0027573 0.0049832 
1670000 2401 994.963 1345208.234 1572.323 6.1416 0 0 0 0.004989 -177.6017435 47.1218268 0.0024989 0.0049128 
1680000 2411 995.884 1355976.265 1460.366 6.1297 0 0 0 0.0046707 -176.6514274 22.9632908 0.0025788 0.0046267 
1690000 2421 996.637 1367357.13 1402.979 6.1265 0 0 0 0.0048142 -175.6870756 41.9758871 0.0025783 0.0047525 
1700000 2431 997.252 1382124.184 1431.088 6.1252 0 0 0 0.0045593 -176.4590661 27.1304597 0.0025497 0.0045415 
1710000 2441 997.755 1396130.134 1416.27 6.1269 0 0 0 0.0045893 -175.2978859 29.3672051 0.002741 0.0045577 
1720000 2451 998.166 1412492.198 1455.901 6.1375 0 0 0 0.0046485 -175.813228 44.030811 0.0026082 0.0046041 
1730000 2461 998.501 1427537.745 1482.488 6.1434 0 0 0 0.0048495 -176.6333951 30.1146774 0.0024808 0.0047728 
1740000 2471 998.775 1445565.33 1522.19 6.1442 0 0 0 0.004692 -177.0965933 30.6839827 0.0025592 0.0046313 
1750000 2481 998.999 1465784.395 1615.364 6.1464 0 0 0 0.0047287 -178.8642839 35.0090536 0.0025682 0.0046465 
1760000 2491 999.182 1483202.335 1635.528 6.1478 0 0 0 0.0046203 -179.4043147 21.5648807 0.0025449 0.0045681 
1770000 2501 999.332 1502039.734 1689.98 6.1511 0 0 0 0.0047511 -180.1568966 31.2603998 0.0025088 0.0046579 
1780000 2511 999.454 1520675.413 1710.499 6.1536 0 0 0 0.0045592 -180.8813077 35.3012977 0.0025607 0.0044934 
1790000 2522 978.504 1540048.547 1711.205 6.0344 0 0 0 0.0043898 -182.0138162 22.374982 0.0024396 0.0043719 
1800000 2532 982.436 1559558.566 1759.103 6.0609 0 0 0 0.0043791 -183.6054327 24.6767888 0.002563 0.0043551 
1810000 2543 975.199 1576096.849 1737.557 6.0091 0 0 0 0.0046875 -183.6677063 32.2883713 0.0024539 0.0046352 
1820000 2553 979.736 1592496.171 1705.682 6.0347 0 0 0 0.0045328 -183.6268133 35.3294033 0.0024605 0.0045011 
1830000 2563 983.443 1609580.947 1709.287 6.0498 0 0 0 0.0045327 -183.2938423 44.8041188 0.0024564 0.0044864 
1840000 2573 986.472 1629250.194 1753.356 6.0731 0 0 0 0.0046703 -185.2248442 20.5427667 0.0024452 0.004601 
1850000 2583 988.946 1649444.928 1801.048 6.0861 0 0 0 0.0045717 -187.1537016 18.8259215 0.002464 0.0044999 
1860000 2593 990.968 1668384.604 1822.047 6.0981 0 0 0 0.0047408 -188.1735391 52.8681319 0.0025482 0.0046586 
1870000 2603 992.62 1686662.142 1821.413 6.1186 0 0 0 0.0044197 -189.9859103 28.3338733 0.0024299 0.0044012 
1880000 2613 993.97 1705402.495 1829.487 6.1207 0 0 0 0.0045248 -193.5281958 29.136023 0.0024595 0.0044977 
1890000 2623 995.073 1724061.419 1835.357 6.1233 0 0 0 0.0043897 -194.6469288 21.9159219 0.0024916 0.0043509 
1900000 2633 995.975 1740875.889 1807.397 6.1278 0 0 0 0.0045439 -195.6195265 41.0734192 0.0024952 0.0044986 
1910000 2644 979.921 1759098.299 1778.486 6.0292 0 0 0 0.0044578 -196.7148468 36.5586559 0.0025052 0.0043749 
1920000 2654 983.594 1775186.641 1743.264 6.0507 0 0 0 0.004277 -197.3542733 32.7682096 0.0024287 0.0042498 
1930000 2664 986.595 1792172.715 1736.957 6.0752 0 0 0 0.0042569 -198.0317849 49.2450195 0.0024244 0.0042042 
1940000 2674 989.047 1809057.617 1730.702 6.0911 0 0 0 0.0045772 -198.1066616 44.5148535 0.0024271 0.0044812 
1950000 2684 991.051 1826995.861 1751.359 6.1067 0 0 0 0.0050729 -197.945846 83.4524187 0.0023688 0.0049143 
1960000 2694 992.688 1843735.89 1731.361 6.1277 0 0 0 0.0041176 -198.5791721 31.7203916 0.002421 0.0040891 
1970000 2704 994.025 1863702.104 1776.58 6.1267 0 0 0 0.0040417 -199.4030522 30.4884518 0.0024395 0.0040176 
1980000 2714 995.118 1881689.063 1782.373 6.1181 0 0 0 0.0040371 -198.8327488 32.3616583 0.0024409 0.0039647 
1990000 2724 996.011 1900520.505 1801.862 6.121 0 0 0 0.0041819 -199.6996952 22.7250131 0.002472 0.0041482 
2000000 2734 996.741 1921156.41 1849.5 6.1233 0 0 0 0.0046194 -200.7906815 44.0114306 0.0024065 0.0045559 
2010000 2744 997.337 1940912.828 1871.171 6.1219 0 0 0 0.0042982 -201.7168447 42.8145717 0.0023 0.0042518 
2020000 2754 997.824 1962291.27 1918.68 6.1267 0 0 0 0.0039854 -202.541782 28.403158 0.0024016 0.0039559 
2030000 2764 998.222 1981613.949 1923.679 6.1263 0 0 0 0.0043294 -204.3684954 54.4249132 0.0024637 0.0042711 
2040000 2774 998.547 2001605.309 1939.576 6.1368 0 0 0 0.004069 -204.9930578 40.0617554 0.0024161 0.0040317 
2050000 2784 998.813 2020437.374 1924.586 6.1318 0 0 0 0.0041095 -205.0520146 39.4791556 0.0024786 0.0040799 
2060000 2794 997.33 2039177.265 1911.31 6.127 0 0 0 0.0068869 -205.7567774 58.0965166 0.0023814 0.0044752 
2070000 2804 997.819 2059342.114 1931.668 6.1017 0 0 0 0.0046 -206.8124137 93.7466434 0.0024407 0.004513 
2080000 2814 998.218 2079435.878 1944.8 6.0999 0 0 0 0.0045305 -207.8804131 46.7624919 0.0025136 0.004425 
2090000 2824 998.544 2100649.665 1982.735 6.1165 0 0 0 0.0040775 -208.7963091 32.3825861 0.0025394 0.0040479 
2100000 2834 998.81 2122362.393 2012.707 6.1102 0 0 0 0.0048595 -210.1081019 47.3455504 0.0025331 0.0045516 
2110000 2844 999.028 2143389.103 2028.052 6.1154 0 0 0 0.0037988 -210.4393922 25.2534278 0.0025308 0.003784 
2120000 2854 999.206 2163860.799 2032.439 6.1228 0 0 0 0.0039119 -212.4637691 27.3619026 0.0025237 0.0038769 
2130000 2864 999.351 2184254.48 2034.218 6.1327 0 0 0 0.0040603 -213.3179611 42.3511726 0.0025305 0.0040286 
2140000 2874 999.47 2202218.324 2001.108 6.1324 0 0 0 0.0038816 -214.1387181 28.6890873 0.0025773 0.003864 
2150000 2884 999.567 2218393.881 1933.433 6.1353 0 0 0 0.0039787 -214.5323858 36.3979304 0.0025291 0.003942 
2160000 2894 999.646 2233651.479 1848.904 6.1381 0 0 0 0.0047574 -213.9115246 65.7211956 0.0025335 0.0046354 
2170000 2904 999.711 2251192.648 1830.043 6.1446 0 0 0 0.0044082 -213.6424786 67.6946007 0.0025574 0.0042954 
2180000 2915 989.626 2267185.853 1768.145 6.0813 0 0 0 0.0040037 -213.9561729 36.1169161 0.0025715 0.0039844 
2190000 2925 991.524 2284107.503 1753.544 6.0886 0 0 0 0.0044864 -212.9256966 60.9820801 0.0025274 0.0043208 
2200000 2935 993.074 2300756.529 1738.308 6.1113 0 0 0 0.0041545 -212.9786265 45.3685573 0.0024965 0.0041229 
2210000 2945 987.657 2319749.571 1753.759 6.0825 0 0 0 0.0039037 -213.4223288 19.1067615 0.0025281 0.0038186 
2220000 2955 989.915 2330993.101 1653.154 6.0942 0 0 0 0.0038769 -212.2294862 40.1698702 0.0026155 0.0038488 
2230000 2965 991.76 2347371.485 1641.351 6.1084 0 0 0 0.0040976 -211.3300764 53.6844733 0.0024672 0.0040218 
2240000 2975 993.267 2366752.701 1696.615 6.1136 0 0 0 0.0041871 -210.9444452 33.3913921 0.0024878 0.004052 
2250000 2985 994.499 2383193.035 1695.09 6.1296 0 0 0 0.0040786 -211.9710318 39.7708868 0.0025702 0.0040459 
2260000 2995 995.505 2398628.798 1662.238 6.1424 0 0 0 0.0039149 -211.4787616 34.9299505 0.0024895 0.0038329 
2270000 3005 994.348 2417006.637 1690.791 6.1377 0 0 0 0.0046229 -211.4229177 70.1228001 0.0024445 0.0044708 
2280000 3015 995.382 2433922.581 1687.615 6.1351 0 0 0 0.0042731 -211.4298234 47.2476742 0.0025883 0.004227 
2290000 3025 996.226 2451313.774 1712.47 6.135 0 0 0 0.0040488 -211.2954261 39.5000282 0.0024994 0.0040132 
2300000 3035 996.917 2471634.35 1761.269 6.1215 0 0 0 0.0040397 -211.8176627 57.9113672 0.0024974 0.0040015 
2310000 3045 997.481 2492405.005 1816.785 6.1235 0 0 0 0.0038682 -212.5915921 30.4859674 0.0025393 0.0038302 
2320000 3055 997.942 2512372.025 1847.173 6.1216 0 0 0 0.0041861 -212.4679235 54.9450792 0.0025298 0.004116 
2330000 3065 998.318 2532366.406 1876.646 6.1365 0 0 0 0.0042928 -212.6934272 62.1914738 0.0025012 0.0042113 
2340000 3075 998.626 2549743.532 1852.979 6.1464 0 0 0 0.0044367 -213.2755076 73.0313124 0.0024687 0.0043584 
2350000 3085 998.877 2564664.56 1786.217 6.1484 0 0 0 0.0042523 -213.6644761 38.4015285 0.0025148 0.0041752 
2360000 3095 999.083 2583275.495 1801.428 6.1489 0 0 0 0.0043926 -214.6600824 52.8107817 0.0024939 0.0043246 
2370000 3105 999.25 2597692.009 1738.503 6.1544 0 0 0 0.0040183 -214.9294454 30.139938 0.0024664 0.0039695 
2380000 3115 999.388 2612084.204 1680.508 6.1619 0 0 0 0.004626 -213.7267768 73.5226764 0.0025489 0.0044889 
2390000 3125 999.5 2628297.133 1671.887 6.1413 0 0 0 0.0038794 -214.2434155 11.356667 0.0025389 0.0038304 
2400000 3136 985.01 2646933.34 1683.529 6.053 0 0 0 0.0045013 -214.8907597 58.407133 0.0025641 0.0044065 
2410000 3146 987.752 2666224.182 1729.496 6.0662 0 0 0 0.0039225 -215.6095098 26.5827472 0.0025363 0.0038989 
2420000 3156 989.993 2685481.039 1766.241 6.0769 0 0 0 0.0037836 -216.3306 25.0590327 0.0025511 0.0037548 
2430000 3166 991.823 2705429.872 1811.77 6.0838 0 0 0 0.0040577 -217.6460803 39.9014201 0.0025895 0.0040278 
2440000 3176 993.319 2725173.599 1843.371 6.0805 0 0 0 0.0040889 -218.1327051 43.026001 0.002576 0.0040456 
2450000 3186 994.541 2746022.588 1886.82 6.0936 0 0 0 0.0044557 -219.2939584 41.3311089 0.0025533 0.0042591 
2460000 3196 995.54 2763798.191 1868.665 6.1093 0 0 0 0.0040049 -219.7852031 40.1509732 0.0025626 0.0039526 
2470000 3206 996.356 2781704.366 1857.458 6.1289 0 0 0 0.0040394 -220.2552034 46.7706871 0.0025932 0.0039864 
2480000 3216 997.022 2801806.983 1882.191 6.1368 0 0 0 0.0039044 -220.6139929 33.3962672 0.0025323 0.0038711 
2490000 3226 997.567 2820860.073 1885.065 6.1408 0 0 0 0.0041655 -221.035387 48.4713999 0.0026011 0.0040747 
2500000 3236 998.012 2840557.667 1903.323 6.153 0 0 0 0.0040724 -221.286696 60.4208753 0.0026175 0.0040248 
2510000 3246 998.376 2858106.055 1871.707 6.1526 0 0 0 0.0041288 -221.3228194 60.9129431 0.0025914 0.0040816 
2520000 3256 998.673 2875576.499 1859.104 6.1345 0 0 0 0.0038214 -221.6231712 31.1403506 0.0026317 0.0037958 
2530000 3266 998.916 2893934.638 1854.257 6.1516 0 0 0 0.0038719 -221.0236743 33.7169961 0.0026076 0.003832 
2540000 3276 999.114 2914034.755 1877.442 6.1482 0 0 0 0.0046357 -221.2282218 99.367411 0.002626 0.004541 
2550000 3286 999.276 2934227.963 1903.75 6.156 0 0 0 0.0044382 -222.6183749 69.0485161 0.0026081 0.0043569 
2560000 3296 999.408 2953044.255 1905.025 6.1704 0 0 0 0.0042289 -223.0407412 46.4256232 0.0026146 0.0041794 
2570000 3306 999.517 2972440.372 1908.509 6.1822 0 0 0 0.0038368 -223.6199328 19.2720052 0.0027833 0.0038239 
2580000 3316 991.645 2991845.495 1894.567 6.1189 0 0 0 0.0040541 -225.5895103 54.2191959 0.0027547 0.0040244 
2590000 3326 993.173 3010319.372 1888.866 6.1303 0 0 0 0.0041347 -226.8565426 31.8571409 0.0026337 0.004063 
2600000 3336 994.422 3027478.937 1852.349 6.1263 0 0 0 0.0041075 -226.790595 57.0522036 0.0026419 0.0040591 
2610000 3346 995.443 3040983.077 1756.67 6.1352 0 0 0 0.0039151 -226.762147 27.9324495 0.0026368 0.0038848 
2620000 3356 996.276 3058142.009 1745.911 6.1469 0 0 0 0.0041019 -226.5344775 42.4751617 0.0026978 0.0040264 
2630000 3366 996.957 3073566.717 1716.111 6.1491 0 0 0 0.0041394 -225.8492155 49.7326176 0.0026831 0.0040988 
2640000 3376 997.514 3085481.359 1633.511 6.1496 0 0 0 0.0044669 -224.2732913 90.4303974 0.0026006 0.004382 
2650000 3386 997.969 3101925.618 1628.139 6.1419 0 0 0 0.0041184 -223.4401856 55.2418491 0.0028072 0.0040735 
2660000 3396 998.34 3117795.353 1618.569 6.139 0 0 0 0.0038302 -224.2958953 27.0325346 0.0025641 0.003807 
2670000 3406 998.644 3136342.625 1656.159 6.1423 0 0 0 0.0047719 -223.4410275 109.3610127 0.0025826 0.0046087 
2680000 3416 998.892 3154846.882 1693.988 6.1374 0 0 0 0.0038091 -222.6351959 40.3794728 0.0025793 0.0037468 
2690000 3426 999.095 3171240.605 1681.344 6.135 0 0 0 0.0039437 -222.9315 43.9430472 0.0026085 0.0038463 
2700000 3436 999.26 3189035.136 1695.874 6.1419 0 0 0 0.0041893 -222.3383254 95.9095208 0.002572 0.0041278 
2710000 3447 990.594 3206494.675 1699.136 6.0869 0 0 0 0.0042912 -222.8433341 42.0962109 0.0025839 0.004088 
2720000 3457 992.314 3226441.19 1750.272 6.0952 0 0 0 0.0041566 -222.990371 53.6400046 0.0025188 0.0040055 
2730000 3467 993.72 3247631.837 1816.683 6.0883 0 0 0 0.0039138 -223.1657358 50.2984962 0.002606 0.0038563 
2740000 3477 994.869 3269008.565 1876.098 6.0914 0 0 0 0.0037869 -224.429076 42.2144076 0.0026355 0.0037465 
2750000 3487 995.808 3288293.517 1884.497 6.105 0 0 0 0.003904 -223.5821068 71.6975709 0.0025894 0.0038273 
2760000 3497 996.575 3307257.289 1888.202 6.1212 0 0 0 0.0044413 -223.5783855 80.569161 0.0026299 0.0043097 
2770000 3507 997.201 3326888.352 1903.053 6.1322 0 0 0 0.0041913 -223.6344639 50.9994147 0.0024471 0.0040546 
2780000 3517 997.713 3347519.223 1930.351 6.1372 0 0 0 0.0042716 -224.7813103 72.6227997 0.0025388 0.0041558 
2790000 3527 998.131 3367416.892 1945.149 6.145 0 0 0 0.0040171 -225.7924442 36.836798 0.0026017 0.0039314 
2800000 3537 998.473 3387582.7 1956.59 6.1341 0 0 0 0.0036589 -225.9615222 40.2776272 0.0025255 0.0036162 
2810000 3547 998.753 3407145.797 1964.197 6.1327 0 0 0 0.0038276 -226.7627904 48.8122798 0.0025996 0.0037604 
2820000 3557 998.436 3424005.887 1906.739 6.1133 0 0 0 0.0044315 -226.4009643 50.7142977 0.0025803 0.0042043 
2830000 3567 998.722 3441856.344 1889.722 6.111 0 0 0 0.003621 -226.9686289 23.5035826 0.0025868 0.0036039 
2840000 3577 998.956 3457178.507 1818.943 6.1021 0 0 0 0.0036168 -228.1641263 27.7159699 0.0026595 0.0035663 
2850000 3587 999.147 3476102.953 1832.282 6.1168 0 0 0 0.0038203 -228.201805 30.4014404 0.0027035 0.0037948 
2860000 3597 999.303 3496878.024 1881.756 6.119 0 0 0 0.0043771 -229.0326928 77.3657449 0.0027428 0.0042564 
2870000 3607 999.431 3517402.838 1908.393 6.1231 0 0 0 0.0042334 -230.2616574 83.4866769 0.0025868 0.004174 
2880000 3617 999.535 3538335.662 1941.905 6.1207 0 0 0 0.0040138 -230.8866777 63.1611578 0.0026436 0.0039634 
2890000 3627 999.62 3556317.051 1923.377 6.1341 0 0 0 0.0039468 -230.8606259 43.5001742 0.002726 0.0039121 
2900000 3637 999.689 3575452.766 1916.656 6.14 0 0 0 0.0039558 -231.2298184 54.6856485 0.0026968 0.0039124 
2910000 3647 999.746 3597379.427 1964.653 6.1437 0 0 0 0.0039321 -232.9348368 38.8265156 0.0026258 0.0038943 
2920000 3657 999.793 3618232.078 1988.119 6.1514 0 0 0 0.0039896 -232.6613183 55.0289928 0.0027801 0.0039552 
2930000 3667 999.831 3638761.488 1999.148 6.1537 0 0 0 0.00423 -232.401651 66.2821078 0.0026482 0.0041281 
2940000 3677 999.862 3659371.808 2010.217 6.1552 0 0 0 0.0040188 -233.0631247 53.6497519 0.0027236 0.0039522 
2950000 3687 999.887 3677530.909 1975.378 6.1502 0 0 0 0.0037398 -232.7288809 26.7064855 0.0028119 0.0037045 
2960000 3697 999.088 3697320.147 1970.295 6.149 0 0 0 0.0043142 -233.3627638 96.857442 0.0027223 0.0042451 
2970000 3707 999.254 3712687.721 1890.847 6.1611 0 0 0 0.0040059 -232.07202 59.8754202 0.0027763 0.0039168 
2980000 3717 999.391 3732429.398 1906.618 6.1633 0 0 0 0.0038902 -231.7880976 67.36709 0.0027554 0.0038553 
2990000 3727 999.502 3749712.37 1872.085 6.1758 0 0 0 0.0041607 -231.2668186 74.6032818 0.0027399 0.0040953 
3000000 3737 999.593 3771279.696 1922.99 6.1679 0 0 0 0.003874 -232.4128981 61.8478911 0.0027221 0.0038367 
3010000 3747 999.668 3791024.268 1931.739 6.1633 0 0 0 0.0043012 -232.277431 67.80489 0.0028474 0.0042386 
3020000 3757 999.729 3812689.631 1972.434 6.1511 0 0 0 0.0038836 -233.4038594 46.5648377 0.0028044 0.0038491 
3030000 3767 999.778 3833966.942 1997.205 6.1485 0 0 0 0.0039538 -234.9541956 50.0478452 0.0028406 0.0039232 
3040000 3777 999.819 3856318.33 2039.99 6.1569 0 0 0 0.0036557 -235.7667868 44.1474147 0.0028599 0.0036344 
3050000 3787 999.852 3877387.875 2052.063 6.1597 0 0 0 0.0035671 -236.8427171 32.4366473 0.0027307 0.0035352 
3060000 3797 999.879 3898335.838 2061.727 6.1491 0 0 0 0.0039649 -236.5236461 57.2095623 0.002809 0.0039219 
3070000 3807 999.901 3921259.52 2103.822 6.1393 0 0 0 0.0036624 -237.7897601 31.7487203 0.0029083 0.0036421 
3080000 3817 999.919 3942936.833 2125.702 6.1389 0 0 0 0.0035388 -238.0062403 16.1677213 0.002773 0.0035279 
3090000 3827 999.934 3962020.982 2075.612 6.1422 0 0 0 0.0035756 -238.9584743 27.3972933 0.0028744 0.0035503 
3100000 3837 999.946 3981168.612 2053.714 6.1439 0 0 0 0.0042809 -239.1162016 76.6871256 0.0028577 0.0041831 
3110000 3847 999.956 3999624.828 2010.868 6.151 0 0 0 0.0040413 -238.2204328 54.6833057 0.002854 0.0039969 
3120000 3857 999.964 4021738.069 2046.731 6.133 0 0 0 0.0035346 -238.9436231 32.2912478 0.0027952 0.0035136 
3130000 3867 999.971 4039994.85 2005.727 6.1184 0 0 0 0.0040196 -238.3334684 76.5503399 0.002727 0.0039649 
3140000 3877 999.976 4060610.132 2016.328 6.1131 0 0 0 0.0038042 -238.5399838 41.1813281 0.0027682 0.003773 
3150000 3887 999.98 4079355.069 1992.485 6.1152 0 0 0 0.0037919 -239.4938037 29.389819 0.0027752 0.0037456 
3160000 3897 999.984 4102159.825 2044.892 6.1111 0 0 0 0.0038238 -239.7574909 62.0698249 0.0027932 0.0037722 
3170000 3907 999.987 4124383.073 2079.172 6.1255 0 0 0 0.0037895 -240.5049494 55.3428793 0.0028106 0.0037455 
3180000 3917 999.989 4145775.022 2089.577 6.1282 0 0 0 0.003555 -241.130603 27.7898242 0.002785 0.0035394 
3190000 3927 999.991 4168318.866 2119.592 6.135 0 0 0 0.0035025 -242.4201775 44.9421997 0.0027823 0.0034798 
3200000 3937 999.993 4191364.905 2152.441 6.1461 0 0 0 0.0037203 -242.7345796 75.3004376 0.0028153 0.0036714 
3210000 3947 999.994 4213184.162 2159.065 6.1413 0 0 0 0.0038575 -242.8439931 82.0494269 0.0027709 0.003817 
3220000 3957 999.995 4235175.797 2168.984 6.139 0 0 0 0.0037254 -243.3790983 50.1199536 0.0028516 0.0036819 
3230000 3967 999.996 4256236.709 2156.77 6.1266 0 0 0 0.00407 -242.8369218 67.6441212 0.0027632 0.0039591 
3240000 3977 999.997 4276571.538 2136.635 6.1315 0 0 0 0.003509 -242.9521569 48.9831488 0.0028541 0.003484 
3250000 3987 999.997 4297921.069 2135.301 6.1217 0 0 0 0.003563 -242.8237584 43.00165 0.0027283 0.0035342 
3260000 3997 999.998 4318970.84 2130.806 6.1224 0 0 0 0.0039653 -242.7059534 102.408043 0.0027224 0.0039047 
3270000 4007 999.998 4340848.181 2142.855 6.1302 0 0 0 0.0036238 -243.1283878 49.3936813 0.002673 0.0035707 
3280000 4017 999.999 4361282.087 2123.198 6.1117 0 0 0 0.0038449 -242.6364728 67.6161897 0.0028239 0.0037885 
3290000 4028 984.851 4380512.56 2053.38 6.0039 0 0 0 0.0040914 -242.8728902 44.2467659 0.0028016 0.0040087 
3300000 4039 972.782 4399901.819 2000.41 5.9345 0 0 0 0.0038226 -243.0572929 37.9044062 0.0027615 0.0037914 
3310000 4049 977.761 4421937.354 2038.118 5.9781 0 0 0 0.0040494 -243.6873234 80.1300368 0.0027566 0.0040064 
3320000 4059 981.829 4443607.239 2060.345 5.9955 0 0 0 0.004749 -243.9787599 141.3019859 0.0027035 0.0045845 
3330000 4069 985.153 4462556.853 2029.237 6.0285 0 0 0 0.003502 -244.4893532 43.4449213 0.0027318 0.0034782 
3340000 4079 987.869 4485252.692 2073.484 6.059 0 0 0 0.0040729 -245.1157363 55.5831154 0.0027215 0.0039628 
3350000 4089 990.088 4507274.181 2097.167 6.0852 0 0 0 0.0034931 -246.5648818 30.997871 0.0027757 0.0034717 
3360000 4099 980.107 4528270.038 2071.72 6.0285 0 0 0 0.003792 -246.1973084 77.7302901 0.0028084 0.0037503 
3370000 4109 983.746 4549745.727 2093.794 6.0504 0 0 0 0.0037478 -246.0013985 47.7790155 0.0028923 0.0036599 
3380000 4119 986.72 4568442.502 2044.294 6.059 0 0 0 0.0035907 -245.0646049 29.2997357 0.0028459 0.003576 
3390000 4129 989.149 4590327.998 2072.136 6.0671 0 0 0 0.0035846 -245.5051754 33.2526892 0.0028316 0.0035579 
3400000 4139 991.134 4611823.307 2089.244 6.0772 0 0 0 0.0040187 -245.0977276 56.8981726 0.0028402 0.003939 
3410000 4149 992.756 4633299.027 2104.619 6.0884 0 0 0 0.0037173 -245.8199319 46.7902908 0.0027794 0.0036353 
3420000 4159 994.081 4654102.712 2094.444 6.0928 0 0 0 0.003944 -245.2197592 79.2427812 0.002835 0.0038991 
3430000 4169 995.164 4674921.409 2090.842 6.0938 0 0 0 0.003778 -246.4756167 51.0203519 0.0028325 0.0037512 
3440000 4179 996.048 4693410.478 2048.76 6.107 0 0 0 0.003459 -245.6727456 15.5895481 0.0027138 0.0034485 
3450000 4189 996.771 4714966.174 2068.417 6.1081 0 0 0 0.0036259 -245.6655892 44.0989002 0.0027288 0.0036032 
3460000 4199 997.362 4736556.945 2083.466 6.1111 0 0 0 0.0034737 -246.5004101 33.2522971 0.0025539 0.0034518 
3470000 4209 997.844 4757790.991 2090.987 6.1128 0 0 0 0.0037011 -246.3050872 43.5189506 0.0026887 0.0036785 
3480000 4219 998.239 4778517.964 2092.482 6.108 0 0 0 0.0041378 -246.0212062 106.0820065 0.0025915 0.0040707 
3490000 4229 998.561 4799028.043 2082.742 6.1108 0 0 0 0.0035578 -246.5694411 56.9599098 0.0026876 0.0035279 
3500000 4239 998.824 4821025.091 2104.283 6.1211 0 0 0 0.0038912 -246.2246921 66.7642428 0.0026739 0.0038534 
3510000 4250 989.608 4840658.811 2059.216 6.0595 0 0 0 0.003878 -246.1496732 88.7546073 0.0025845 0.0038256 
3520000 4260 991.509 4860316.53 2042.868 6.0746 0 0 0 0.0036468 -245.8288023 70.4280764 0.0026179 0.0036055 
3530000 4270 993.062 4879314.646 2018.146 6.0779 0 0 0 0.0040121 -244.8755186 101.0970438 0.0026901 0.0039526 
3540000 4280 994.331 4899341.657 2015.537 6.0838 0 0 0 0.0037921 -245.6073106 73.3343481 0.002777 0.0037506 
3550000 4290 995.368 4917705.627 1986.218 6.1046 0 0 0 0.0036302 -244.5336443 68.6521895 0.0027311 0.0035975 
3560000 4300 996.216 4931686.957 1881.013 6.1123 0 0 0 0.0039938 -242.8650843 83.4003655 0.0027796 0.0038765 
3570000 4310 996.908 4945845.409 1798.173 6.1169 0 0 0 0.0036221 -241.3954173 63.6447551 0.0027221 0.0035844 
3580000 4320 997.474 4963655.71 1795.125 6.1257 0 0 0 0.0034948 -241.1052426 54.7599021 0.0026552 0.0034724 
3590000 4330 997.936 4980049.963 1768.89 6.1397 0 0 0 0.00374 -239.2951892 65.077416 0.0026228 0.0037057 
3600000 4340 998.313 4997154.712 1757.957 6.1419 0 0 0 0.0037191 -239.0717254 59.7893281 0.0026536 0.003662 
3610000 4350 998.622 5013876.493 1740.857 6.1472 0 0 0 0.0034002 -238.1411005 35.8564072 0.0025573 0.0033782 
3620000 4360 998.874 5029077.028 1698.509 6.1441 0 0 0 0.0038238 -235.9587017 84.8479537 0.0025316 0.0037702 
3630000 4370 999.08 5049219.231 1754.827 6.1377 0 0 0 0.0035724 -235.7122638 73.0943146 0.0026388 0.0035331 
3640000 4380 999.248 5070601.434 1825.326 6.141 0 0 0 0.0036913 -236.5183895 50.6532777 0.0026156 0.0035578 
3650000 4390 999.386 5090162.076 1846.076 6.1242 0 0 0 0.0035193 -235.387013 69.7027143 0.0025583 0.0034783 
3660000 4400 999.498 5106783.782 1811.934 6.1355 0 0 0 0.0038612 -234.3960348 99.3366327 0.0026085 0.0038119 
3670000 4410 999.59 5123185.642 1781.777 6.1384 0 0 0 0.0036349 -232.7220755 80.6074742 0.0026542 0.0035974 
3680000 4420 999.665 5139893.189 1758.89 6.1515 0 0 0 0.0036394 -231.2347481 64.6531142 0.0027076 0.0036027 
3690000 4430 999.359 5156348.369 1736.22 6.1539 0 0 0 0.0035172 -231.2912981 48.2787066 0.0026451 0.0034575 
3700000 4440 999.477 5168168.93 1634.5 6.1523 0 0 0 0.0039189 -229.1016927 59.4775683 0.0025316 0.0038372 
3710000 4450 999.572 5181872.383 1586.131 6.1436 0 0 0 0.0040106 -227.2447575 81.2943212 0.0025725 0.0038879 
3720000 4460 999.651 5197740.469 1586.145 6.1562 0 0 0 0.0034998 -226.2771096 61.3807115 0.0025814 0.0034601 
3730000 4470 999.714 5209309.102 1512.541 6.1599 0 0 0 0.0033339 -224.8090602 28.5775085 0.002465 0.0033137 
3740000 4481 983.395 5220129.098 1409.263 6.0589 0 0 0 0.0034266 -222.1136862 37.4007379 0.0024345 0.0033581 
3750000 4491 970.032 5231427.49 1344.89 5.9793 0 0 0 0.0036387 -221.3129496 59.406474 0.0024423 0.0035861 
3760000 4501 975.514 5243245.975 1300.88 6.0174 0 0 0 0.0037636 -219.9309956 63.8941732 0.0025079 0.0036652 
3770000 4511 979.993 5253001.574 1252.137 6.0549 0 0 0 0.0035743 -219.103485 45.4117542 0.0024758 0.0034987 
3780000 4522 976.277 5261144.708 1159.996 6.0346 0 0 0 0.0034729 -217.0900011 21.9715394 0.002471 0.0034129 
3790000 4532 975.054 5270784.135 1115.126 6.0349 0 0 0 0.0035674 -214.4143049 29.2326382 0.002537 0.0034928 
3800000 4542 979.617 5286432.577 1196.12 6.0659 0 0 0 0.0035378 -214.0142539 30.0889396 0.0025129 0.0034557 
3810000 4552 983.346 5300088.011 1223.9 6.0895 0 0 0 0.0039452 -215.0134026 40.9110527 0.0026007 0.0037745 
3820000 4562 986.392 5315725.13 1285.841 6.1029 0 0 0 0.0043214 -214.7127784 71.6313384 0.0025676 0.0041222 
3830000 4572 988.881 5331518.365 1356.43 6.1046 0 0 0 0.0034679 -213.4161499 31.9427822 0.0025182 0.0033688 
3840000 4582 990.915 5346570.226 1370.853 6.1116 0 0 0 0.0036668 -211.9654045 35.7123736 0.0025629 0.0035478 
3850000 4592 992.577 5363982.398 1435.034 6.1196 0 0 0 0.0037978 -212.3426177 50.3465751 0.0025941 0.0036822 
3860000 4602 993.935 5381130.962 1486.123 6.1283 0 0 0 0.0039119 -211.6741689 29.4010873 0.0026135 0.0036791 
3870000 4612 995.044 5396191.308 1496.391 6.1223 0 0 0 0.0043326 -211.2160057 79.5906663 0.0025107 0.0041357 
3880000 4622 995.951 5415121.999 1571.143 6.1209 0 0 0 0.0035453 -212.8808957 33.3405501 0.0025127 0.0034726 
3890000 4632 996.692 5430308.356 1554.751 6.1318 0 0 0 0.0033192 -212.3883539 34.3358471 0.002479 0.0032727 
3900000 4642 997.297 5448724.004 1606.748 6.1328 0 0 0 0.0038195 -214.6844893 41.894148 0.0026689 0.0036738 
3910000 4652 997.791 5465414.634 1640.407 6.1301 0 0 0 0.0040431 -216.0677717 89.0787819 0.0025314 0.0039428 
3920000 4662 998.195 5484593.756 1675.727 6.1466 0 0 0 0.0038075 -215.6382279 32.9698428 0.0024952 0.0036689 
3930000 4672 998.525 5505848.152 1756.204 6.1494 0 0 0 0.0035016 -218.6091503 18.2880804 0.0025796 0.0034393 
3940000 4682 998.795 5527696.426 1834.509 6.1372 0 0 0 0.0040432 -220.3258261 66.589066 0.0026801 0.0039195 
3950000 4692 999.016 5549568.462 1900.012 6.1293 0 0 0 0.0035539 -222.9967518 18.2598775 0.0027667 0.0035062 
3960000 4702 999.196 5567376.053 1881.828 6.1224 0 0 0 0.0040828 -224.4740796 37.5268016 0.0026263 0.0039344 
3970000 4712 999.343 5586448.645 1888.606 6.1152 0 0 0 0.0037394 -226.5012335 48.7215011 0.0027897 0.0037029 
3980000 4722 999.463 5604878.157 1878.358 6.1241 0 0 0 0.0036696 -229.3302868 26.669516 0.002791 0.003632 
3990000 4732 999.561 5624871.229 1896.671 6.127 0 0 0 0.0036963 -231.4926632 34.7394844 0.0028549 0.0035816 
4000000 4742 999.642 5643219.279 1885.99 6.1434 0 0 0 0.0036837 -232.22432 49.5865254 0.0027639 0.0036333 
