1000 13 16.836 -418.195 -7.033 0.0144 0 0 0 
2000 28 29.198 -787.939 -11.3 0.0255 0 0 0 
3000 43 39.709 -1136.592 -14.829 0.0331 0 0 0 
4000 58 46.863 -1510.866 -17.536 0.0383 0 0 0 
5000 71 52.867 -1903.077 -20.049 0.0428 0 0 0 
6000 87 56.362 -2265.596 -21.041 0.0453 0 0 0 
7000 100 60.679 -2686.964 -23.507 0.0486 0 0 0 
8000 115 61.678 -3086.216 -23.839 0.0493 0 0 0 
9000 129 64.245 -3510.82 -25.464 0.0525 0 0 0 
10000 145 63.842 -3850.402 -24.35 0.0523 0 0 0 
11000 159 66.268 -4251.986 -25.665 0.0543 0 0 0 
12000 172 69.048 -4703.707 -27.909 0.0569 0 0 0 
13000 186 70.045 -5134.643 -28.762 0.0583 0 0 0 
14000 201 69.108 -5479.94 -27.267 0.0574 0 0 0 
15000 215 68.679 -5827.323 -26.378 0.057 0 0 0 
16000 230 68.37 -6237.046 -26.89 0.0574 0 0 0 
17000 244 70.042 -6579.396 -26.381 0.0757 0 0 0 
18000 257 70.549 -6662.847 -21.658 0.0976 0 0 0 
19000 269 73.251 -6731.012 -18.249 0.1264 0 0 0 
20000 281 75.307 -6783.603 -15.266 0.1441 0 0 0 
21000 293 78.45 -6834.696 -13.003 0.1564 0 0 0 
22000 302 81.557 -6913.865 -12.345 0.1663 0 0 0 
23000 311 88.295 -7038.466 -12.587 0.1847 0 0 0 
24000 321 90.712 -7268.737 -14.515 0.1932 0 0 0 
25000 329 95.133 -7340.639 -13.617 0.2052 0 0 0 
26000 336 100.498 -7454.119 -13.867 0.2192 0 0 0 
27000 345 103.029 -7600.018 -14.338 0.2287 0 0 0 
28000 353 104.812 -7730.276 -14.814 0.234 0 0 0 
29000 361 107.314 -7749.829 -12.934 0.2469 0 0 0 
30000 368 113.438 -7846.041 -12.961 0.2741 0 0 0 
31000 373 118.631 -7883.317 -12.715 0.2905 0 0 0 
32000 378 127.919 -7918.751 -11.96 0.3164 0 0 0 
33000 383 135.56 -7998.998 -12.294 0.3347 0 0 0 
34000 388 141.594 -8045.176 -11.976 0.3588 0 0 0 
35000 393 147.581 -8149.762 -12.724 0.3787 0 0 0 
36000 397 150.831 -8167.492 -12.304 0.4363 0 0 0 
37000 402 160.711 -8212.167 -11.811 0.4983 0 0 0 
38000 408 161.431 -8257.579 -11.433 0.5005 0 0 0 
39000 412 166.097 -8311.619 -11.5 0.5366 0 0 0 
40000 417 170.29 -8345.568 -11.236 0.5448 0 0 0 
41000 422 173.747 -8393.695 -11.027 0.5632 0 0 0 
42000 427 176.879 -8452.297 -11.208 0.571 0 0 0 
43000 432 176.78 -8496.69 -10.9 0.5658 0 0 0 
44000 433 193.244 -8491.613 -10.349 0.6456 0 0 0 
45000 437 196.993 -8509.838 -10.161 0.6479 0 0 0 
46000 441 204.494 -8505.815 -9.289 0.6831 0 0 0 
47000 444 208.313 -8524.264 -9.0 0.7059 0 0 0 
48000 447 215.145 -8530.53 -8.686 0.7432 0 0 0 
49000 450 221.744 -8547.623 -8.648 0.7702 0 0 0 
50000 451 237.309 -8529.42 -8.168 0.8548 0 0 0 
51000 454 242.755 -8518.489 -7.283 0.8942 0 0 0 
52000 456 251.605 -8531.806 -7.204 0.9259 0 0 0 
53000 458 262.081 -8545.48 -7.085 0.9646 0 0 0 
54000 459 265.379 -8555.103 -7.145 0.9755 0 0 0 
55000 460 280.072 -8566.819 -7.152 1.048 0 0 0 
56000 463 296.241 -8580.498 -7.138 1.1314 0 0 0 
57000 464 304.556 -8583.318 -7.23 1.1884 0 0 0 
58000 466 318.635 -8579.737 -6.77 1.2702 0 0 0 
59000 467 323.803 -8590.736 -6.792 1.302 0 0 0 
60000 468 337.327 -8595.991 -6.785 1.3773 0 0 0 
61000 469 350.58 -8593.861 -6.656 1.4829 0 0 0 
62000 470 363.569 -8595.158 -6.53 1.5527 0 0 0 
63000 472 379.471 -8603.747 -6.437 1.6274 0 0 0 
64000 473 391.882 -8608.007 -6.408 1.6789 0 0 0 
65000 474 404.044 -8608.975 -6.32 1.7291 0 0 0 
66000 475 415.963 -8614.838 -6.277 1.7812 0 0 0 
67000 476 427.644 -8622.405 -6.334 1.8642 0 0 0 
68000 477 439.091 -8629.233 -6.332 1.9551 0 0 0 
69000 478 450.309 -8636.385 -6.374 2.0084 0 0 0 
70000 479 461.303 -8639.827 -6.276 2.0741 0 0 0 
71000 480 472.077 -8645.604 -6.239 2.1079 0 0 0 
72000 481 482.636 -8646.871 -6.148 2.1444 0 0 0 
73000 482 492.983 -8649.113 -6.085 2.1648 0 0 0 
74000 483 503.123 -8653.079 -6.053 2.1901 0 0 0 
75000 484 513.061 -8661.493 -6.105 2.2144 0 0 0 
76000 485 522.799 -8668.014 -6.119 2.2591 0 0 0 
77000 486 532.343 -8676.519 -6.103 2.2876 0 0 0 
78000 487 541.697 -8684.406 -6.177 2.3087 0 0 0 
79000 488 550.863 -8687.897 -6.166 2.3512 0 0 0 
80000 489 559.845 -8694.524 -6.177 2.4018 0 0 0 
81000 490 568.649 -8701.551 -6.177 2.4469 0 0 0 
82000 491 577.276 -8704.203 -6.11 2.4733 0 0 0 
83000 492 585.73 -8707.261 -6.049 2.5292 0 0 0 
84000 493 594.015 -8708.043 -5.948 2.561 0 0 0 
85000 494 602.135 -8716.155 -5.944 2.6074 0 0 0 
86000 495 610.092 -8721.642 -5.999 2.637 0 0 0 
87000 496 617.891 -8731.63 -6.028 2.6682 0 0 0 
88000 497 625.533 -8737.165 -6.045 2.7818 0 0 0 
89000 498 633.022 -8745.581 -6.097 2.836 0 0 0 
90000 499 640.362 -8746.419 -6.013 2.8957 0 0 0 
91000 500 647.554 -8749.435 -5.972 2.9694 0 0 0 
92000 501 654.603 -8759.316 -5.995 3.1622 0 0 0 
93000 502 661.511 -8762.981 -5.941 3.1868 0 0 0 
94000 503 668.281 -8773.885 -6.051 3.2492 0 0 0 
