10000 46 125.186 445.0 5.583 0.4852 15 6444.0 289.2493 0.0 0.0 0.0 0.0 
20000 95 175.732 875.0 7.757 0.6797 31 13665.0 415.9181 0.0 0.0 0.0 0.0 
30000 145 189.543 1289.0 8.033 0.741 48 20955.0 411.9475 0.0 0.0 0.0 0.0 
40000 192 199.787 1819.0 9.816 2.2334 64 28418.0 429.2691 9.2e-06 0.0111614 0.0147183 9.19e-05 
50000 247 189.124 2300.0 9.475 3.0262 82 34613.0 373.725 1.5e-06 0.0070823 0.0018759 1.53e-05 
60000 292 207.288 2942.0 12.427 3.6566 97 44768.0 604.6105 2.8e-06 0.0070985 0.0012011 2.76e-05 
70000 339 209.02 3506.0 11.71 3.7806 113 52871.0 554.2517 5.6e-06 0.0063326 0.0013603 5.61e-05 
80000 386 214.558 4042.0 11.863 3.8694 128 60744.0 526.8731 1.31e-05 0.0045657 0.0023565 0.0001313 
90000 434 212.345 4724.0 13.4 3.8643 144 70496.0 569.4972 1.37e-05 0.0047573 0.0025394 0.0001374 
100000 485 200.639 5513.0 14.837 3.6484 161 82355.0 711.7533 1.23e-05 0.0049096 0.0022421 0.0001232 
110000 529 211.365 6433.0 17.67 3.9032 176 95701.0 807.7954 1.56e-05 0.0033371 0.0026368 0.0001556 
120000 576 212.563 7434.0 19.957 3.897 192 109344.0 870.1279 1.44e-05 0.0055225 0.0022706 0.000144 
130000 622 220.59 8521.0 22.701 4.0717 207 124328.0 1011.1732 1.83e-05 0.0052219 0.0025722 0.0001829 
140000 660 241.755 9607.0 25.471 4.467 220 139850.0 1204.7422 1.6e-05 0.0058932 0.0022318 0.0001601 
150000 702 241.925 10576.0 24.714 4.3976 234 157188.0 1326.6484 1.76e-05 0.0061761 0.0022207 0.0001758 
160000 741 249.928 11691.0 26.3 4.545 247 174719.0 1324.5405 1.72e-05 0.0060581 0.0023361 0.0001722 
170000 781 254.617 12955.0 29.884 4.6906 260 193799.0 1387.4139 1.92e-05 0.0081571 0.0020564 0.000192 
180000 813 281.408 14092.0 32.115 5.2023 271 211937.0 1599.6533 2.16e-05 0.009984 0.0021717 0.0002161 
190000 846 291.087 15430.0 36.253 5.3813 282 233874.0 1933.0831 2.06e-05 0.0098424 0.0022533 0.0002057 
200000 880 291.664 16752.0 37.684 5.4288 293 256390.0 1918.3559 2.17e-05 0.0091929 0.0022084 0.0002167 
210000 920 270.582 18116.0 36.006 5.0097 306 280370.0 1811.3006 2.38e-05 0.0092995 0.002522 0.0002385 
220000 958 269.878 19505.0 36.793 5.0383 319 304132.0 1919.2699 2.29e-05 0.0120324 0.0022597 0.0002293 
230000 999 252.057 20871.0 34.265 4.6911 333 323941.0 1594.4112 2.51e-05 0.0097074 0.002127 0.0002513 
240000 1047 223.638 22249.0 30.807 4.1365 349 344603.0 1285.0998 2.61e-05 0.0097442 0.0023675 0.0002609 
250000 1082 253.321 23550.0 34.025 4.6932 360 367108.0 1656.2472 2.98e-05 0.0107918 0.0023865 0.0002984 
260000 1116 259.067 24937.0 34.87 4.7557 372 387584.0 1624.1499 2.64e-05 0.0109407 0.0022652 0.000264 
270000 1154 268.681 26267.0 36.106 4.8978 384 407056.0 1647.5065 2.75e-05 0.0120471 0.0023274 0.0002746 
280000 1188 281.938 27542.0 36.463 5.108 396 427832.0 1784.8969 2.9e-05 0.0114227 0.0022574 0.00029 
290000 1221 288.374 28839.0 37.666 5.2625 407 448039.0 1808.3299 3.22e-05 0.0106095 0.0024305 0.0003217 
300000 1257 285.758 30072.0 36.666 5.2435 419 467263.0 1769.1111 3.04e-05 0.0157634 0.0027704 0.0003038 
310000 1291 285.453 31332.0 36.411 5.2336 430 487449.0 1755.2669 3.19e-05 0.0135809 0.0026021 0.0003187 
320000 1325 295.812 32609.0 37.692 5.4412 441 510125.0 1920.1475 3.04e-05 0.0181162 0.0023399 0.000304 
330000 1360 289.423 33984.0 38.094 5.3521 453 533440.0 2032.2805 2.96e-05 0.0101452 0.002411 0.0002955 
340000 1389 316.427 35238.0 40.559 5.836 463 550561.0 1876.6417 3.1e-05 0.0102648 0.0025624 0.0003102 
350000 1425 291.196 36682.0 39.079 5.3327 475 573435.0 1900.8975 3.03e-05 0.0196757 0.0022675 0.0003033 
360000 1458 292.204 38000.0 39.096 5.3498 486 594912.0 1864.3719 2.99e-05 0.0101096 0.0024244 0.0002989 
370000 1489 299.327 39253.0 39.527 5.5326 496 615761.0 1921.98 3.18e-05 0.0132358 0.0025067 0.0003183 
380000 1525 294.684 40545.0 38.678 5.4849 508 634895.0 1761.1867 3.17e-05 0.0154925 0.002405 0.0003171 
390000 1560 288.173 41920.0 38.797 5.3132 520 655670.0 1757.4902 3.13e-05 0.0127466 0.0022715 0.0003128 
400000 1595 287.275 43335.0 39.714 5.2427 531 676265.0 1760.5192 3.15e-05 0.0140198 0.0022682 0.000315 
410000 1626 296.457 44613.0 38.548 5.4324 542 693304.0 1601.8701 3.25e-05 0.0185124 0.0023504 0.0003251 
420000 1662 289.364 45975.0 38.623 5.3522 554 714068.0 1810.3925 3.95e-05 0.0147393 0.0024729 0.0003954 
430000 1695 299.517 47299.0 39.848 5.5148 565 737245.0 2116.6544 3.76e-05 0.0173782 0.0023977 0.0003758 
440000 1728 296.961 48610.0 39.247 5.4114 576 759152.0 1973.1911 3.57e-05 0.0161434 0.002286 0.0003574 
450000 1763 291.955 49913.0 38.583 5.3204 587 778007.0 1672.445 3.59e-05 0.0180496 0.0021965 0.000359 
460000 1794 307.569 51281.0 41.166 5.6137 598 800786.0 2119.241 3.56e-05 0.0135232 0.0020225 0.0003564 
470000 1828 298.259 52719.0 41.377 5.4589 609 822532.0 1855.495 3.41e-05 0.018998 0.0021888 0.0003413 
480000 1863 292.236 54072.0 39.779 5.303 621 844747.0 1914.3992 3.45e-05 0.0251495 0.0022674 0.0003448 
490000 1893 307.665 55378.0 40.684 5.6226 631 866407.0 2031.6665 3.73e-05 0.0192664 0.0024514 0.000373 
500000 1923 317.103 56645.0 41.095 5.8371 641 889047.0 2135.5198 3.67e-05 0.0172708 0.0020608 0.000367 
510000 1956 308.513 58074.0 41.858 5.6951 652 911974.0 2000.3421 4.03e-05 0.0202321 0.0023091 0.0004032 
520000 1988 311.873 59440.0 42.961 5.7605 662 934742.0 2104.0207 3.65e-05 0.0185034 0.0022729 0.0003647 
530000 2018 324.981 60757.0 43.982 5.951 672 958352.0 2281.6612 3.66e-05 0.0123507 0.0021119 0.0003664 
540000 2049 325.001 62112.0 43.879 5.9726 683 981061.0 2264.0659 3.43e-05 0.0164656 0.002136 0.0003429 
550000 2080 320.291 63545.0 44.709 5.9113 693 1001370.0 1973.0092 3.48e-05 0.0196088 0.0021878 0.0003479 
560000 2111 323.943 64895.0 44.76 5.9801 703 1023909.0 2219.6293 3.72e-05 0.0155285 0.0021941 0.0003715 
570000 2142 318.455 66296.0 43.914 5.8768 714 1046208.0 2137.527 3.62e-05 0.0153009 0.0022488 0.0003625 
580000 2174 317.675 67736.0 45.195 5.8986 724 1069266.0 2186.3848 3.41e-05 0.0116576 0.0022145 0.0003405 
590000 2206 316.416 69186.0 45.373 5.8421 735 1094904.0 2428.2737 3.56e-05 0.0197288 0.002079 0.0003555 
600000 2236 324.222 70592.0 46.04 5.9602 745 1118384.0 2284.7736 3.59e-05 0.0147686 0.0021634 0.0003588 
610000 2268 312.099 72018.0 44.072 5.7155 756 1142642.0 2242.7105 3.02e-05 0.013073 0.0021569 0.0003016 
620000 2301 305.147 73468.0 43.319 5.5869 767 1164529.0 2051.6017 3.27e-05 0.024468 0.0023274 0.0003273 
630000 2334 308.434 74834.0 43.554 5.6125 778 1184146.0 1951.9691 3.26e-05 0.0209672 0.0023604 0.0003255 
640000 2364 313.0 76300.0 44.392 5.7943 788 1207876.0 2155.1722 3.5e-05 0.0171646 0.002183 0.0003502 
650000 2400 297.513 77826.0 43.664 5.5161 800 1231970.0 2171.9472 3.45e-05 0.0214684 0.0019903 0.0003453 
660000 2432 305.764 79234.0 44.513 5.6486 810 1252718.0 1995.3306 3.43e-05 0.0207676 0.001984 0.0003434 
670000 2463 311.612 80702.0 45.309 5.7165 821 1278097.0 2315.2482 3.45e-05 0.0181591 0.0019906 0.0003451 
680000 2495 311.909 82195.0 46.216 5.7541 831 1303225.0 2301.6061 3.51e-05 0.0167373 0.0021409 0.0003513 
690000 2529 302.995 83598.0 43.682 5.6165 843 1324861.0 2048.3401 3.33e-05 0.016046 0.0021375 0.000333 
700000 2556 322.024 84976.0 44.349 5.9563 852 1349184.0 2268.2789 3.68e-05 0.0152278 0.0020046 0.0003679 
710000 2592 304.279 86380.0 42.752 5.6157 864 1371568.0 2093.5282 3.45e-05 0.0220443 0.0019649 0.0003446 
720000 2623 313.988 87839.0 44.904 5.7851 874 1398177.0 2419.662 3.85e-05 0.0144012 0.0019868 0.000385 
730000 2655 312.165 89266.0 44.621 5.7619 885 1418965.0 2147.5575 3.75e-05 0.0212531 0.0018902 0.0003748 
740000 2686 319.061 90800.0 47.321 5.8774 895 1441574.0 2092.8429 3.94e-05 0.0324672 0.0019586 0.000394 
750000 2716 329.326 92177.0 47.156 6.0578 905 1462924.0 2167.7272 4.2e-05 0.0312879 0.0020608 0.0004197 
760000 2745 327.062 93567.0 45.82 6.0278 915 1485385.0 2215.8497 4.45e-05 0.0185793 0.002181 0.0004454 
770000 2779 317.052 94949.0 44.367 5.8672 926 1506071.0 2027.5402 4.26e-05 0.0164287 0.0021485 0.0004264 
780000 2808 321.828 96369.0 44.958 5.9548 936 1528222.0 2061.6056 4.19e-05 0.0340036 0.0019168 0.0004188 
790000 2842 314.955 97703.0 43.52 5.8266 947 1547868.0 1913.6367 4.4e-05 0.0347459 0.0022249 0.0004397 
800000 2873 312.981 99131.0 44.119 5.7591 957 1568847.0 1968.1529 4.6e-05 0.0259896 0.0021141 0.0004597 
810000 2904 316.672 100523.0 44.44 5.8427 968 1590366.0 2015.0782 4.45e-05 0.0266462 0.0023139 0.000445 
820000 2934 322.533 101867.0 44.55 5.9401 978 1610976.0 2037.3752 4.24e-05 0.0276538 0.002028 0.0004235 
830000 2967 307.819 103279.0 42.385 5.6922 989 1633293.0 2016.9954 4.14e-05 0.0223808 0.0020873 0.0004145 
840000 2998 314.38 104619.0 43.797 5.8207 999 1656492.0 2115.0507 4.1e-05 0.0206218 0.0020247 0.0004097 
850000 3029 319.751 106002.0 44.727 5.9115 1009 1679221.0 2216.0103 4.41e-05 0.0242461 0.002077 0.0004407 
860000 3057 336.692 107338.0 45.311 6.2192 1019 1701643.0 2307.0449 4.27e-05 0.0231706 0.0019739 0.000427 
870000 3086 342.166 108699.0 46.581 6.3115 1028 1723624.0 2252.5405 4.55e-05 0.0220915 0.0019487 0.0004546 
880000 3117 322.944 110213.0 45.706 5.9324 1039 1746533.0 2102.0722 4.49e-05 0.0239708 0.0019799 0.0004491 
890000 3144 343.052 111609.0 48.417 6.3331 1048 1769386.0 2424.3062 3.86e-05 0.0183154 0.0019676 0.0003862 
900000 3173 345.812 112968.0 48.254 6.3647 1057 1790277.0 2328.1253 4e-05 0.0143245 0.0019056 0.0004005 
910000 3202 341.928 114360.0 47.569 6.3 1067 1812788.0 2333.2543 4.31e-05 0.02302 0.0020161 0.0004307 
920000 3231 344.095 115696.0 47.098 6.3254 1077 1832739.0 2174.6777 4.41e-05 0.0168356 0.0021054 0.0004409 
930000 3261 334.762 117146.0 46.869 6.1702 1087 1854789.0 2188.3603 4.46e-05 0.0358537 0.0020068 0.0004464 
940000 3288 341.33 118567.0 47.472 6.2951 1096 1877182.0 2266.421 4.15e-05 0.0156616 0.0019713 0.0004152 
950000 3317 351.62 119899.0 48.832 6.4556 1105 1898933.0 2369.8461 3.87e-05 0.0156819 0.0019597 0.0003874 
960000 3347 343.444 121332.0 48.381 6.2952 1115 1922543.0 2374.0463 3.71e-05 0.0135068 0.0019613 0.0003707 
970000 3376 342.924 122749.0 48.687 6.261 1125 1945744.0 2344.1244 3.64e-05 0.0153869 0.00199 0.0003635 
980000 3405 345.032 124060.0 47.254 6.3181 1135 1966075.0 2322.3255 3.59e-05 0.0173702 0.0019565 0.0003586 
990000 3433 353.409 125491.0 49.043 6.4109 1144 1988407.0 2275.8419 3.62e-05 0.0157387 0.0018893 0.0003623 
1000000 3462 345.588 126737.0 45.181 6.3017 1154 2012148.0 2503.9683 3.91e-05 0.015901 0.0017996 0.0003908 
1010000 3489 353.656 128028.0 45.679 6.4686 1163 2033311.0 2376.7497 3.98e-05 0.0159852 0.0019717 0.0003982 
1020000 3517 359.478 129339.0 47.543 6.5403 1172 2055293.0 2251.2616 3.96e-05 0.027287 0.0019695 0.0003961 
1030000 3545 348.457 130545.0 46.124 6.3916 1181 2074155.0 2206.4016 4.19e-05 0.0204433 0.0018487 0.0004193 
1040000 3570 379.643 131639.0 45.402 6.9403 1190 2093530.0 2379.9334 4.1e-05 0.0201399 0.0020408 0.0004104 
1050000 3597 372.225 132974.0 46.158 6.7893 1199 2117093.0 2551.4902 3.82e-05 0.0106871 0.0020005 0.0003822 
1060000 3627 348.113 134363.0 45.03 6.3898 1209 2139503.0 2225.3077 4.27e-05 0.0201184 0.0021278 0.0004273 
1070000 3658 342.422 135750.0 46.504 6.2733 1219 2162542.0 2228.5259 4.53e-05 0.0203107 0.0020339 0.0004526 
1080000 3687 344.142 137008.0 45.2 6.3294 1229 2182483.0 2213.0556 4.76e-05 0.0236555 0.0022309 0.0004759 
1090000 3717 333.468 138423.0 44.37 6.0791 1239 2205063.0 2228.8044 5.15e-05 0.0244083 0.0023713 0.0005145 
1100000 3746 343.441 139729.0 46.065 6.2993 1248 2226324.0 2296.0888 4.61e-05 0.027757 0.0023164 0.0004613 
1110000 3773 355.521 141015.0 46.932 6.4988 1257 2247517.0 2293.3019 4.92e-05 0.0312473 0.0022089 0.0004916 
1120000 3803 350.936 142372.0 46.545 6.4212 1267 2267707.0 2127.3273 5.19e-05 0.0274702 0.0022959 0.0005192 
1130000 3827 376.933 143489.0 46.598 6.8989 1275 2285243.0 2133.6162 4.97e-05 0.0157242 0.002378 0.0004968 
1140000 3850 392.153 144657.0 48.326 7.1457 1283 2303510.0 2266.8673 4.89e-05 0.0191325 0.0024382 0.0004887 
1150000 3879 379.588 145908.0 46.269 6.9348 1293 2321841.0 2136.8223 4.89e-05 0.0188609 0.002453 0.000489 
1160000 3906 367.66 147204.0 46.107 6.7291 1302 2343934.0 2277.6562 4.96e-05 0.0201783 0.0025627 0.0004965 
1170000 3932 372.499 148459.0 47.179 6.8342 1310 2364018.0 2214.1964 5.3e-05 0.01661 0.0024727 0.0005301 
1180000 3956 384.816 149616.0 47.277 7.008 1318 2381484.0 2203.8925 5.28e-05 0.0203332 0.0021189 0.0005284 
1190000 3988 354.154 151053.0 46.478 6.4183 1329 2403482.0 2074.1238 5.54e-05 0.0211183 0.0022912 0.0005544 
1200000 4011 374.246 152274.0 47.14 6.7931 1337 2419869.0 2038.1716 5.32e-05 0.0196301 0.0023233 0.0005322 
1210000 4034 402.028 153292.0 47.419 7.3548 1344 2436686.0 2108.9119 5.44e-05 0.0155445 0.002559 0.0005436 
1220000 4063 379.191 154584.0 46.667 6.9255 1354 2456997.0 2060.4301 5.42e-05 0.02023 0.0027947 0.000542 
1230000 4087 389.804 155684.0 44.793 7.1868 1362 2473523.0 2025.4074 5.35e-05 0.0188315 0.0027387 0.0005354 
1240000 4112 394.506 156761.0 45.644 7.2708 1370 2488178.0 1958.4868 5.71e-05 0.0201369 0.002733 0.0005709 
1250000 4140 372.89 158129.0 45.297 6.8186 1380 2507100.0 1970.9623 5.8e-05 0.0227186 0.0027794 0.0005802 
1260000 4167 373.664 159346.0 46.228 6.856 1389 2523463.0 1927.8837 5.3e-05 0.0242589 0.0025855 0.0005296 
1270000 4194 366.855 160716.0 46.615 6.704 1398 2546206.0 2208.5308 5.46e-05 0.0195159 0.002307 0.0005463 
1280000 4221 368.156 162014.0 46.825 6.7663 1407 2567889.0 2369.5181 4.7e-05 0.0268584 0.0021623 0.0004698 
1290000 4245 383.682 163355.0 49.788 7.0426 1415 2591325.0 2713.9144 4.73e-05 0.0146411 0.001976 0.0004731 
1300000 4266 422.555 164451.0 51.424 7.7349 1422 2607504.0 2597.6998 5.03e-05 0.0141661 0.0019648 0.0005033 
1310000 4293 398.759 165712.0 49.292 7.3238 1431 2625007.0 2199.9376 5.03e-05 0.0159682 0.0022697 0.0005034 
1320000 4314 427.267 166683.0 48.757 7.7998 1438 2639166.0 2164.6313 4.84e-05 0.0260894 0.0024736 0.0004845 
1330000 4342 391.387 167986.0 47.308 7.1261 1447 2658338.0 2050.8041 4.38e-05 0.0191338 0.0023432 0.0004381 
1340000 4362 428.158 168933.0 47.523 7.7971 1454 2672218.0 2068.4987 4.48e-05 0.015014 0.0023345 0.0004481 
1350000 4389 400.833 170246.0 47.448 7.3126 1463 2692181.0 2156.4685 4.72e-05 0.0214272 0.002235 0.0004723 
1360000 4418 373.161 171571.0 46.485 6.7672 1472 2709182.0 1940.7662 4.74e-05 0.0213715 0.0021273 0.0004737 
1370000 4446 361.548 172965.0 46.657 6.5805 1482 2729994.0 2117.6966 4.47e-05 0.0187194 0.0016565 0.0004472 
1380000 4476 353.008 174311.0 46.535 6.4332 1492 2747824.0 1949.2768 4.68e-05 0.0224776 0.0018189 0.0004684 
1390000 4506 334.097 175808.0 45.811 6.1388 1502 2772194.0 2169.3801 4.82e-05 0.0221522 0.0017861 0.0004817 
1400000 4535 344.541 177101.0 47.068 6.3462 1511 2792615.0 2199.6723 5e-05 0.0181251 0.0018332 0.0005003 
1410000 4560 357.709 178424.0 47.207 6.5797 1520 2816720.0 2459.8266 4.77e-05 0.0227307 0.0018412 0.000477 
1420000 4587 365.351 179637.0 47.403 6.6808 1529 2837993.0 2593.1664 4.48e-05 0.0127794 0.0018241 0.0004479 
1430000 4612 383.905 180860.0 48.483 7.0532 1537 2856958.0 2429.019 4.64e-05 0.0117537 0.0018704 0.0004636 
1440000 4639 381.476 182196.0 49.467 7.0496 1546 2877311.0 2186.5612 4.76e-05 0.0098868 0.0020301 0.0004759 
1450000 4668 359.824 183481.0 45.938 6.6363 1556 2898302.0 2202.6532 4.75e-05 0.0322022 0.0020552 0.0004751 
1460000 4694 375.065 184773.0 48.8 6.8963 1564 2917706.0 2330.155 4.68e-05 0.0197213 0.0020057 0.000468 
1470000 4719 381.084 186131.0 49.451 7.0142 1573 2935521.0 2187.8689 4.64e-05 0.0214274 0.001798 0.0004635 
1480000 4743 401.853 187312.0 50.258 7.3508 1581 2954437.0 2393.1448 4.77e-05 0.0259959 0.0018398 0.0004765 
1490000 4773 367.8 188605.0 46.699 6.7423 1591 2975617.0 2147.2438 4.94e-05 0.026345 0.0020078 0.000494 
1500000 4803 350.677 190045.0 46.695 6.3907 1601 2996387.0 2090.5938 5.1e-05 0.0194237 0.0019846 0.0005097 
1510000 4828 373.764 191269.0 48.58 6.843 1609 3013842.0 2036.3511 5.16e-05 0.0146588 0.0019518 0.0005163 
1520000 4854 375.037 192501.0 47.574 6.9202 1618 3030366.0 2015.9045 5.1e-05 0.0221335 0.0019035 0.0005101 
1530000 4881 370.174 193833.0 47.428 6.78 1627 3050059.0 2067.5656 4.84e-05 0.0249102 0.001801 0.0004844 
1540000 4903 406.275 194953.0 49.794 7.4413 1634 3065277.0 2052.8161 4.59e-05 0.0142944 0.0018342 0.000459 
1550000 4929 381.976 196262.0 47.58 6.9808 1643 3084031.0 2061.7242 4.89e-05 0.0132075 0.0019172 0.0004885 
1560000 4956 388.381 197480.0 47.392 7.0521 1652 3102384.0 2128.8555 4.92e-05 0.0164006 0.0017941 0.0004923 
1570000 4981 393.583 198731.0 49.321 7.1178 1660 3120359.0 2124.603 4.78e-05 0.014264 0.0018733 0.0004782 
1580000 5006 401.833 200012.0 50.505 7.2688 1668 3138454.0 2175.6766 4.66e-05 0.0165566 0.0017395 0.0004657 
1590000 5031 400.197 201418.0 52.509 7.2463 1677 3158459.0 2316.914 4.67e-05 0.0193794 0.001786 0.0004673 
1600000 5055 398.828 202686.0 50.691 7.2238 1685 3178965.0 2344.0596 4.51e-05 0.0152972 0.001795 0.0004513 
1610000 5083 383.662 204050.0 51.335 6.9635 1694 3200177.0 2296.9334 4.53e-05 0.024535 0.0018457 0.0004525 
1620000 5109 384.5 205191.0 48.436 7.0142 1703 3217681.0 2251.1407 4.41e-05 0.0171078 0.0016594 0.0004407 
1630000 5133 389.459 206550.0 49.462 7.1309 1711 3239117.0 2322.2675 4.73e-05 0.0228187 0.0017291 0.0004727 
1640000 5157 400.289 207909.0 52.171 7.306 1719 3259593.0 2427.8001 4.48e-05 0.0163996 0.0017446 0.0004481 
1650000 5184 389.762 209363.0 53.012 7.1343 1728 3282936.0 2582.5211 4.79e-05 0.0199674 0.0018586 0.0004786 
1660000 5209 395.924 210691.0 54.451 7.2614 1736 3302951.0 2534.6982 4.57e-05 0.0178184 0.0018573 0.0004572 
1670000 5236 389.057 212006.0 52.659 7.1215 1745 3321244.0 2238.1186 4.89e-05 0.0200107 0.0018925 0.0004894 
1680000 5265 364.713 213269.0 47.221 6.6496 1755 3342525.0 2107.5171 5e-05 0.0210337 0.0018196 0.0005002 
1690000 5295 350.72 214562.0 46.12 6.4334 1765 3362675.0 2161.3232 5.01e-05 0.0234978 0.0016533 0.000501 
1700000 5320 365.605 215867.0 48.854 6.6855 1773 3384070.0 2299.1541 5.09e-05 0.0208016 0.0017787 0.0005091 
1710000 5346 367.443 217187.0 47.62 6.6859 1782 3404334.0 2288.0606 5.08e-05 0.0205559 0.0017398 0.0005082 
1720000 5372 383.847 218514.0 51.447 6.9783 1790 3425648.0 2554.5229 4.67e-05 0.0084932 0.0017913 0.0004671 
1730000 5398 383.605 219815.0 50.792 6.9785 1799 3444952.0 2306.4166 5.07e-05 0.0225168 0.0017309 0.0005068 
1740000 5423 388.359 221135.0 51.959 7.0806 1807 3465417.0 2406.5241 5.02e-05 0.0219957 0.0018114 0.0005017 
1750000 5446 398.438 222495.0 53.97 7.2536 1815 3487394.0 2533.9327 4.68e-05 0.0151624 0.0017265 0.0004681 
1760000 5472 396.58 223941.0 54.886 7.178 1824 3510948.0 2749.9207 4.86e-05 0.021154 0.0017128 0.0004862 
1770000 5498 392.859 225400.0 55.495 7.111 1832 3533122.0 2696.6929 4.79e-05 0.0206907 0.0018291 0.0004792 
1780000 5523 388.79 226684.0 51.733 7.0737 1841 3552857.0 2376.4852 4.92e-05 0.0265389 0.0018642 0.0004921 
1790000 5550 382.721 227985.0 50.157 6.9567 1850 3571190.0 2212.5796 4.61e-05 0.0143702 0.0018213 0.0004607 
1800000 5574 394.918 229356.0 53.329 7.1951 1858 3591786.0 2423.0531 4.62e-05 0.0190964 0.0017703 0.0004619 
1810000 5601 379.392 230827.0 52.226 6.9406 1867 3612309.0 2293.5093 5.02e-05 0.0182438 0.0019482 0.0005022 
1820000 5633 353.67 232090.0 47.91 6.4529 1877 3633557.0 2191.8226 4.76e-05 0.0281959 0.0017964 0.0004755 
1830000 5661 352.69 233462.0 47.679 6.4198 1887 3654059.0 2175.0246 4.85e-05 0.013303 0.0017914 0.0004847 
1840000 5689 355.633 234824.0 48.729 6.4693 1896 3674201.0 2108.6603 4.9e-05 0.031273 0.0016834 0.0004901 
1850000 5722 329.269 236272.0 46.193 6.0666 1907 3699428.0 2283.6815 5.17e-05 0.014374 0.0018771 0.0005173 
1860000 5751 336.919 237670.0 47.33 6.2151 1917 3721369.0 2376.8738 5.25e-05 0.0299099 0.0018142 0.0005254 
1870000 5781 335.576 239111.0 47.624 6.1526 1927 3741089.0 2117.3576 5.71e-05 0.0275792 0.0017774 0.0005705 
1880000 5808 341.842 240481.0 47.169 6.2581 1936 3759512.0 1985.4037 5.34e-05 0.0217317 0.0016829 0.0005345 
1890000 5832 368.738 241805.0 49.937 6.717 1944 3778768.0 2163.9127 5.47e-05 0.022 0.0018091 0.000547 
1900000 5858 377.854 243053.0 50.298 6.899 1952 3797342.0 2286.2454 5.39e-05 0.0205327 0.0018221 0.0005387 
1910000 5886 366.66 244412.0 48.418 6.6762 1962 3815644.0 2046.9843 5.03e-05 0.0266331 0.0018213 0.0005033 
1920000 5915 363.276 245781.0 48.959 6.6313 1971 3835305.0 2012.3759 4.8e-05 0.0198141 0.0018852 0.0004805 
1930000 5944 356.024 247148.0 48.024 6.5025 1981 3852906.0 1980.9592 4.42e-05 0.0106416 0.0016539 0.0004415 
1940000 5973 355.131 248482.0 47.247 6.4613 1991 3872037.0 2014.295 4.49e-05 0.0234491 0.0016724 0.0004488 
1950000 5994 394.424 249580.0 47.409 7.1865 1998 3889656.0 2208.3783 4.57e-05 0.0124334 0.0018568 0.0004574 
1960000 6019 403.384 250798.0 49.227 7.3792 2006 3907071.0 2143.9473 4.37e-05 0.015807 0.0018888 0.0004372 
1970000 6046 383.867 252035.0 47.69 7.0553 2015 3924914.0 1899.111 4.35e-05 0.0167395 0.0019294 0.0004353 
1980000 6075 361.272 253436.0 46.768 6.6878 2025 3944525.0 2010.5998 4.38e-05 0.0127453 0.001869 0.0004381 
1990000 6102 362.711 254798.0 47.497 6.7356 2034 3965448.0 2241.8643 4.42e-05 0.0125278 0.0016023 0.0004422 
2000000 6132 349.896 256198.0 47.432 6.4844 2044 3987668.0 2299.5656 4.41e-05 0.0255137 0.0014584 0.0004409 
2010000 6159 357.081 257531.0 47.973 6.5919 2053 4006911.0 2212.0753 4.37e-05 0.0172178 0.0014842 0.0004371 
2020000 6183 375.867 258718.0 48.249 6.9185 2061 4023097.0 2111.883 4.31e-05 0.0121576 0.0015983 0.0004313 
2030000 6208 383.132 259944.0 48.935 7.0737 2069 4039472.0 1997.1529 3.98e-05 0.0106868 0.0017074 0.0003984 
2040000 6235 382.678 261248.0 49.105 7.0363 2078 4060585.0 2257.3162 4.14e-05 0.0124386 0.0017604 0.0004141 
2050000 6261 377.262 262620.0 49.185 6.9177 2087 4079889.0 2274.3723 4.24e-05 0.0137118 0.0015939 0.0004242 
2060000 6289 378.736 263868.0 49.076 6.9909 2096 4097581.0 2084.0617 4.35e-05 0.0095957 0.0015758 0.0004353 
2070000 6314 374.489 265203.0 49.025 6.9574 2104 4119206.0 2298.9426 4.57e-05 0.0097877 0.0014273 0.0004572 
2080000 6340 389.629 266622.0 52.978 7.2774 2113 4139800.0 2406.4951 5.09e-05 0.0147398 0.0018113 0.0005093 
2090000 6369 369.539 267997.0 49.993 6.9135 2123 4160171.0 2241.029 4.9e-05 0.0176558 0.0017391 0.0004897 
2100000 6393 386.022 269402.0 53.086 7.206 2131 4182817.0 2612.925 4.84e-05 0.0156297 0.0016559 0.0004838 
2110000 6421 373.877 270782.0 52.057 6.9886 2140 4205049.0 2413.6509 4.96e-05 0.0269898 0.0015527 0.0004957 
2120000 6446 377.055 272183.0 51.966 7.0417 2148 4224204.0 2238.537 4.82e-05 0.0124169 0.001644 0.0004823 
2130000 6474 372.258 273649.0 52.539 6.9413 2158 4245486.0 2316.8034 5.28e-05 0.0261693 0.0016587 0.0005285 
2140000 6501 371.386 274974.0 50.764 6.9288 2167 4266009.0 2287.429 5.34e-05 0.0284892 0.0016422 0.0005342 
2150000 6525 387.807 276309.0 52.987 7.229 2175 4285415.0 2377.0062 5.21e-05 0.0263331 0.0016392 0.0005207 
2160000 6553 373.897 277875.0 54.163 6.9636 2184 4306977.0 2268.464 5.26e-05 0.0153297 0.001724 0.0005257 
2170000 6578 373.421 279143.0 52.291 6.9501 2192 4324642.0 2060.7987 4.79e-05 0.0187638 0.0016406 0.0004793 
2180000 6607 366.863 280537.0 50.878 6.8179 2202 4344013.0 2029.4 4.58e-05 0.0150668 0.0015922 0.0004577 
2190000 6633 363.709 281867.0 48.733 6.7135 2211 4363957.0 2107.5072 4.24e-05 0.0164185 0.0017421 0.0004238 
2200000 6664 354.932 283296.0 49.705 6.5525 2221 4384616.0 2151.8917 4.5e-05 0.0147044 0.0016113 0.0004503 
2210000 6689 374.537 284510.0 49.55 6.9113 2229 4404551.0 2299.5741 4.57e-05 0.0172734 0.0018241 0.0004565 
2220000 6713 386.293 285825.0 51.625 7.1307 2237 4425827.0 2477.1439 5.02e-05 0.0164048 0.0016913 0.0005015 
2230000 6741 373.064 287143.0 49.083 6.8668 2247 4445229.0 2249.7612 5.15e-05 0.0149833 0.0016791 0.0005147 
2240000 6767 380.054 288435.0 49.777 6.9438 2255 4464193.0 2215.7876 5.3e-05 0.009867 0.0015654 0.0005296 
2250000 6800 342.122 289924.0 47.248 6.2194 2266 4483070.0 1910.1277 5.13e-05 0.0125335 0.0016444 0.0005133 
2260000 6825 360.779 291409.0 51.125 6.5416 2275 4505295.0 2279.2375 5.16e-05 0.0189154 0.0017041 0.0005162 
2270000 6849 379.358 292691.0 51.41 6.9052 2283 4521671.0 2139.9494 4.78e-05 0.0182502 0.0016348 0.0004779 
2280000 6870 412.745 293993.0 55.385 7.5111 2290 4541090.0 2455.3879 5.27e-05 0.0224886 0.0015912 0.0005267 
2290000 6890 419.084 295096.0 55.195 7.5973 2296 4554690.0 2260.3064 5.26e-05 0.0139065 0.0016667 0.0005259 
2300000 6918 408.197 296314.0 50.293 7.4706 2306 4572292.0 2024.3195 5.35e-05 0.0332442 0.0016882 0.000535 
2310000 6943 403.271 297645.0 51.195 7.4302 2314 4590107.0 1965.5741 5.62e-05 0.0227657 0.0019413 0.0005615 
2320000 6969 392.417 298941.0 50.303 7.2181 2323 4607511.0 2056.0688 5.46e-05 0.0163638 0.0019708 0.0005456 
2330000 6993 396.499 300159.0 49.787 7.2523 2331 4623177.0 1978.9171 5.55e-05 0.0324138 0.0017593 0.0005549 
2340000 7026 348.179 301605.0 46.623 6.3655 2342 4642874.0 1814.9675 6.17e-05 0.0253981 0.0016124 0.0006173 
2350000 7055 345.902 302988.0 47.64 6.3584 2351 4663615.0 2030.2152 5.8e-05 0.0138869 0.0013718 0.0005803 
2360000 7085 343.97 304378.0 47.382 6.2717 2361 4684455.0 2064.0615 6.11e-05 0.0161617 0.0014328 0.0006109 
2370000 7113 346.285 305676.0 46.686 6.358 2371 4703977.0 2135.0085 6.55e-05 0.0177709 0.0016581 0.0006551 
2380000 7137 365.668 306995.0 47.523 6.7251 2379 4726023.0 2161.4137 6.21e-05 0.0179369 0.0017561 0.0006206 
2390000 7161 382.563 308246.0 49.123 7.0047 2387 4744029.0 2358.3303 6.05e-05 0.0268087 0.0018059 0.0006053 
2400000 7188 374.343 309595.0 48.976 6.8468 2396 4764772.0 2314.3169 6.01e-05 0.0196425 0.0017591 0.0006012 
2410000 7214 388.117 310803.0 49.793 7.1181 2404 4781176.0 2155.5419 5.93e-05 0.0153052 0.0017112 0.000593 
2420000 7238 400.889 312018.0 50.068 7.3494 2412 4797842.0 2121.3346 5.8e-05 0.0201429 0.0017968 0.0005801 
2430000 7263 397.183 313268.0 48.871 7.2563 2421 4815337.0 2093.246 5.79e-05 0.0159446 0.0018132 0.0005791 
2440000 7287 406.484 314552.0 51.359 7.4084 2429 4835153.0 2368.3879 6.06e-05 0.0129271 0.0019615 0.0006057 
2450000 7311 412.437 315810.0 52.004 7.4987 2437 4852599.0 2300.8295 5.85e-05 0.0187118 0.0018715 0.0005849 
2460000 7337 399.486 317134.0 51.487 7.2788 2445 4869513.0 2069.2001 5.38e-05 0.0153688 0.0016749 0.0005383 
2470000 7359 418.474 318318.0 51.323 7.669 2453 4885671.0 2132.305 5.25e-05 0.0229587 0.0017606 0.0005253 
2480000 7380 429.195 319548.0 51.772 7.8931 2460 4902830.0 2215.3731 5.17e-05 0.0111701 0.0016751 0.0005175 
2490000 7408 401.878 320873.0 50.909 7.4106 2469 4922042.0 2113.5145 4.95e-05 0.0132116 0.0017459 0.000495 
2500000 7433 408.998 322196.0 53.135 7.5097 2477 4940017.0 2078.8023 5.26e-05 0.0135471 0.0017604 0.0005261 
2510000 7458 399.703 323553.0 51.739 7.3302 2486 4960122.0 2253.9264 5.25e-05 0.0220585 0.0016946 0.0005248 
2520000 7484 397.875 324823.0 51.734 7.2963 2494 4977236.0 2073.7981 5.16e-05 0.0172418 0.0016832 0.0005156 
2530000 7512 376.843 326193.0 49.203 6.9231 2504 4995548.0 2014.1531 5.38e-05 0.0300693 0.0017631 0.0005377 
2540000 7537 388.868 327449.0 50.308 7.1887 2512 5014433.0 2300.4676 5.63e-05 0.0161172 0.0017045 0.0005627 
2550000 7563 381.005 328897.0 51.64 7.0511 2521 5035187.0 2219.5624 6.12e-05 0.0241073 0.0017267 0.0006124 
2560000 7587 390.502 330249.0 52.202 7.2382 2529 5054953.0 2313.4009 5.99e-05 0.0200353 0.0016361 0.0005988 
2570000 7613 397.67 331596.0 54.277 7.371 2537 5073827.0 2391.9346 5.83e-05 0.0196056 0.0016351 0.0005827 
2580000 7640 380.361 332853.0 51.283 7.0035 2546 5092000.0 2128.3905 5.79e-05 0.0180573 0.001769 0.0005788 
2590000 7663 409.051 334188.0 53.72 7.4538 2554 5109527.0 2268.6545 6.28e-05 0.0217275 0.0018408 0.0006278 
2600000 7692 373.38 335551.0 49.514 6.7801 2564 5130498.0 2157.1204 6.35e-05 0.0308 0.0016537 0.0006352 
2610000 7720 365.477 337022.0 51.188 6.6205 2573 5151590.0 2181.2536 5.74e-05 0.0141426 0.0017308 0.0005742 
2620000 7749 357.409 338424.0 49.824 6.4533 2583 5171221.0 2159.7585 6.02e-05 0.0162087 0.0016361 0.0006024 
2630000 7773 379.944 339778.0 52.277 6.9333 2591 5190377.0 2299.3834 6.18e-05 0.0276702 0.0015949 0.0006178 
2640000 7796 399.89 340952.0 51.865 7.2938 2598 5206104.0 2135.8749 5.86e-05 0.0121669 0.0016705 0.0005858 
2650000 7821 400.36 342174.0 50.019 7.3393 2607 5224389.0 2169.604 6.13e-05 0.0157781 0.0017582 0.0006134 
2660000 7845 401.868 343547.0 51.269 7.447 2615 5244815.0 2320.276 5.84e-05 0.0189599 0.001903 0.0005836 
2670000 7872 394.197 344973.0 52.855 7.2987 2624 5265338.0 2372.4008 6.07e-05 0.0217517 0.0017329 0.0006071 
2680000 7900 376.039 346315.0 50.794 6.9898 2633 5284620.0 2146.4311 5.95e-05 0.0234947 0.0017299 0.0005945 
2690000 7929 362.923 347642.0 48.893 6.7584 2643 5303421.0 2068.1064 6e-05 0.0151725 0.0017566 0.0006003 
2700000 7958 355.487 349079.0 49.085 6.5506 2652 5324552.0 2106.5901 5.91e-05 0.0100485 0.0017669 0.0005907 
2710000 7982 380.451 350272.0 49.474 6.9992 2660 5341848.0 2172.4932 5.79e-05 0.0098516 0.001872 0.0005786 
2720000 8009 370.697 351580.0 47.766 6.8256 2669 5362811.0 2269.0792 5.88e-05 0.0264897 0.0017437 0.0005881 
2730000 8036 373.952 352930.0 49.696 6.8105 2678 5384044.0 2308.272 5.95e-05 0.0422127 0.0017651 0.0005955 
2740000 8067 346.72 354442.0 48.26 6.3149 2689 5408783.0 2363.1918 5.81e-05 0.0343838 0.0017205 0.0005811 
2750000 8097 344.168 355849.0 48.193 6.2981 2699 5431863.0 2388.638 6.17e-05 0.0326856 0.0016455 0.0006172 
2760000 8121 363.126 357306.0 50.835 6.5975 2707 5452069.0 2365.9565 5.6e-05 0.020646 0.0014673 0.0005604 
2770000 8148 367.369 358624.0 50.086 6.694 2716 5472332.0 2334.511 5.81e-05 0.0124384 0.0014948 0.0005808 
2780000 8174 379.662 359840.0 50.353 6.943 2724 5494386.0 2430.9978 5.79e-05 0.01989 0.0016294 0.0005787 
2790000 8194 403.339 360976.0 52.199 7.3793 2731 5510626.0 2466.7639 6.01e-05 0.0165897 0.0017622 0.0006011 
2800000 8214 450.349 361886.0 50.402 8.3082 2738 5527266.0 2586.3001 5.34e-05 0.0196759 0.0018967 0.0005336 
2810000 8234 459.488 363103.0 53.274 8.4994 2744 5545226.0 2619.8093 5.61e-05 0.013771 0.0019593 0.0005608 
2820000 8258 444.878 364301.0 52.281 8.2501 2752 5564142.0 2357.855 6.05e-05 0.0221092 0.0019559 0.0006046 
2830000 8277 440.825 365348.0 50.494 8.1734 2759 5580953.0 2399.5123 6.61e-05 0.0183259 0.0020279 0.0006605 
2840000 8297 485.46 366234.0 50.755 8.9479 2765 5594153.0 2352.1603 6.34e-05 0.0292369 0.0019364 0.000634 
2850000 8312 539.929 366974.0 50.435 9.914 2770 5604338.0 2210.2123 5.8e-05 0.0123118 0.0021771 0.0005798 
2860000 8326 579.194 367697.0 50.703 10.6151 2775 5613784.0 2111.2851 5.12e-05 0.008551 0.0021392 0.000512 
2870000 8351 511.049 368859.0 49.289 8.733 2783 5630329.0 2124.1621 5.13e-05 0.0056148 0.002038 0.0005133 
2880000 8374 487.937 370012.0 49.8 8.0277 2791 5647666.0 2158.6513 5e-05 0.011846 0.0020402 0.0005004 
2890000 8398 458.509 371253.0 50.409 7.3031 2799 5665762.0 2230.6007 5.05e-05 0.0159389 0.0015281 0.0005048 
2900000 8423 433.365 372425.0 49.28 6.8772 2807 5681927.0 2091.0248 5.24e-05 0.0168204 0.001558 0.0005243 
2910000 8439 487.221 373288.0 50.341 8.1765 2813 5693791.0 2177.8881 4.96e-05 0.0073996 0.0017522 0.0004961 
2920000 8458 485.819 374327.0 51.544 8.4047 2819 5708172.0 2139.7251 5.45e-05 0.018248 0.0019187 0.0005445 
2930000 8482 468.441 375510.0 51.211 8.3348 2827 5724178.0 2049.3211 5.41e-05 0.015411 0.001817 0.0005406 
2940000 8499 483.822 376420.0 49.299 8.7187 2833 5735411.0 1967.8663 5.21e-05 0.0124272 0.0018763 0.0005211 
2950000 8513 564.725 377207.0 53.505 10.2846 2837 5745727.0 2152.4044 4.89e-05 0.0151522 0.0020582 0.0004885 
2960000 8538 494.489 378334.0 49.195 9.0518 2846 5761782.0 2014.9227 5.01e-05 0.0108495 0.0020591 0.0005015 
2970000 8555 510.885 379189.0 50.045 9.3917 2851 5773425.0 2052.8274 5.42e-05 0.0170176 0.0022093 0.0005418 
2980000 8573 531.513 380148.0 50.769 9.8051 2857 5788527.0 2127.8486 5.38e-05 0.0146439 0.0023084 0.0005379 
2990000 8591 528.184 381014.0 50.079 9.7581 2863 5802129.0 2256.5402 5.46e-05 0.0094132 0.0025608 0.0005462 
3000000 8612 508.977 382006.0 48.121 9.4385 2870 5817218.0 2191.6023 5.21e-05 0.0114043 0.0025917 0.000521 
3010000 8634 471.724 383172.0 48.149 8.7579 2878 5837226.0 2400.0839 5.34e-05 0.0122954 0.0022453 0.0005337 
3020000 8656 483.424 384219.0 50.466 9.0049 2885 5855694.0 2513.6257 5.2e-05 0.0064329 0.0018568 0.0005197 
3030000 8676 449.285 385385.0 50.068 8.363 2892 5873204.0 2454.6547 5.11e-05 0.0184232 0.0016973 0.000511 
3040000 8703 433.287 386595.0 48.579 8.0639 2901 5895267.0 2485.6137 5.24e-05 0.018267 0.0018758 0.0005243 
3050000 8730 402.917 387959.0 48.628 7.4931 2910 5920860.0 2671.8204 5.38e-05 0.0213497 0.001875 0.0005384 
3060000 8754 408.092 389190.0 49.124 7.5617 2918 5941596.0 2554.098 5.5e-05 0.0185722 0.0016749 0.0005498 
3070000 8781 395.34 390492.0 49.203 7.3168 2927 5964339.0 2610.4201 5.38e-05 0.0203499 0.0013974 0.0005377 
3080000 8811 369.558 391863.0 47.373 6.8743 2937 5984949.0 2272.5264 5.95e-05 0.0253242 0.0015478 0.0005951 
3090000 8841 354.884 393175.0 46.419 6.6406 2947 6005059.0 2164.2733 6.07e-05 0.0199089 0.0014118 0.0006073 
3100000 8866 370.336 394450.0 47.921 6.8915 2955 6025574.0 2221.7178 7.02e-05 0.016874 0.0016411 0.0007017 
3110000 8889 391.324 395663.0 49.165 7.2902 2963 6046061.0 2517.8036 7.25e-05 0.0223637 0.0016416 0.0007254 
3120000 8907 438.849 396655.0 50.251 8.1545 2969 6060953.0 2458.7622 6.83e-05 0.0259448 0.0015266 0.0006828 
3130000 8928 447.607 397820.0 51.538 8.2652 2976 6077632.0 2361.0626 6.47e-05 0.0138621 0.0016592 0.0006465 
3140000 8952 431.613 398980.0 49.658 7.9566 2984 6094708.0 2210.5052 6.51e-05 0.0118322 0.0018651 0.0006506 
3150000 8977 419.009 400303.0 52.121 7.7377 2992 6112883.0 2187.7624 6.41e-05 0.0165358 0.0018925 0.0006408 
3160000 9009 373.498 401655.0 47.836 6.9199 3003 6131731.0 2007.6206 6.77e-05 0.0187912 0.0017848 0.0006771 
3170000 9039 355.387 402995.0 46.239 6.6017 3013 6149981.0 1921.7891 7.21e-05 0.0220572 0.0018564 0.0007211 
3180000 9063 368.029 404373.0 48.11 6.835 3021 6169467.0 2087.1595 7.26e-05 0.0188595 0.0018827 0.0007263 
3190000 9090 367.137 405689.0 47.89 6.8283 3030 6190670.0 2256.2561 6.85e-05 0.0196763 0.001602 0.0006846 
3200000 9117 368.816 407025.0 48.829 6.8598 3039 6209253.0 2180.9351 6.99e-05 0.0336316 0.0016722 0.0006993 
3210000 9139 403.047 408328.0 53.899 7.4743 3046 6227981.0 2329.1752 7.26e-05 0.0155341 0.0016771 0.0007261 
3220000 9165 393.363 409529.0 49.97 7.2868 3055 6243475.0 2046.4891 7.81e-05 0.0263183 0.0018232 0.0007812 
3230000 9188 409.827 410646.0 50.226 7.598 3062 6257462.0 1928.5016 6.8e-05 0.0144204 0.0018859 0.0006803 
3240000 9208 426.385 411827.0 53.157 7.9367 3069 6273422.0 2030.8885 6.44e-05 0.0112828 0.0019757 0.0006443 
3250000 9235 415.748 413126.0 51.446 7.734 3078 6291825.0 2113.0327 6.3e-05 0.0170649 0.0018162 0.0006303 
3260000 9258 421.923 414175.0 49.286 7.8274 3086 6305262.0 1983.4795 5.77e-05 0.0150426 0.0019005 0.000577 
3270000 9282 411.135 415594.0 50.952 7.6186 3094 6325018.0 2218.8169 5.92e-05 0.0108249 0.0017604 0.0005922 
3280000 9304 427.75 416643.0 51.686 7.9083 3101 6339256.0 2087.326 6.14e-05 0.0126405 0.0017542 0.0006139 
3290000 9327 425.1 417890.0 50.695 7.8567 3109 6356503.0 2105.7911 5.98e-05 0.0100144 0.0017464 0.000598 
3300000 9350 440.638 419093.0 53.019 8.0987 3116 6375320.0 2387.8591 6.16e-05 0.0157555 0.0016781 0.0006163 
3310000 9371 442.781 420443.0 56.813 8.1659 3123 6393549.0 2536.5325 6.23e-05 0.0322681 0.0016519 0.0006228 
3320000 9393 453.283 421889.0 59.928 8.349 3131 6414307.0 2682.5703 6.73e-05 0.0243781 0.0015108 0.0006729 
3330000 9417 427.702 423176.0 54.811 7.865 3139 6431343.0 2215.5126 6.75e-05 0.0218164 0.0015516 0.0006749 
3340000 9446 402.532 424449.0 52.126 7.3989 3148 6448344.0 2006.4673 5.95e-05 0.0116759 0.0015222 0.000595 
3350000 9471 397.51 425752.0 50.155 7.299 3157 6467689.0 2076.7764 6.07e-05 0.011674 0.0015633 0.0006074 
3360000 9494 408.561 427145.0 54.281 7.5304 3164 6487276.0 2323.7772 6.22e-05 0.0146837 0.0015936 0.0006223 
3370000 9517 424.898 428491.0 56.111 7.7991 3172 6506083.0 2453.5192 6.73e-05 0.0169074 0.0016374 0.0006725 
3380000 9540 424.137 429906.0 57.286 7.7879 3180 6527190.0 2586.1709 7.05e-05 0.0215433 0.0016759 0.0007049 
3390000 9561 439.091 431210.0 58.324 8.0624 3187 6545519.0 2565.6239 7e-05 0.018661 0.0016918 0.0007 
3400000 9587 416.979 432587.0 57.036 7.6443 3195 6566803.0 2506.5726 7.25e-05 0.0183489 0.001694 0.0007252 
3410000 9616 385.61 434026.0 53.853 7.0546 3205 6585834.0 2079.48 7.02e-05 0.0232794 0.0016001 0.0007023 
3420000 9643 382.291 435491.0 54.405 6.9741 3214 6604587.0 2120.1315 6.9e-05 0.015102 0.0015362 0.0006899 
3430000 9672 354.428 436941.0 50.18 6.4541 3224 6623808.0 1984.6703 7.08e-05 0.0162673 0.00147 0.0007084 
3440000 9693 396.421 438246.0 54.173 7.2454 3231 6641837.0 2313.5487 6.73e-05 0.0270825 0.00149 0.000673 
3450000 9715 424.643 439293.0 53.699 7.7629 3238 6655915.0 2154.1611 6.11e-05 0.0214047 0.0015675 0.0006115 
3460000 9738 426.69 440507.0 52.837 7.7754 3246 6677352.0 2584.1806 6.99e-05 0.0140904 0.0016574 0.0006989 
3470000 9767 387.621 441789.0 48.95 7.0592 3255 6697323.0 2251.3771 7.7e-05 0.0245942 0.0018711 0.0007704 
3480000 9782 459.49 442621.0 50.809 8.3622 3260 6710248.0 2392.8467 7.96e-05 0.012582 0.0018994 0.0007955 
3490000 9796 512.517 443440.0 51.499 9.3347 3265 6723654.0 2340.1981 7.97e-05 0.0267312 0.0020539 0.0007966 
3500000 9815 526.57 444523.0 54.45 9.6035 3271 6740285.0 2609.396 7.94e-05 0.0136599 0.0021154 0.0007939 
3510000 9835 518.541 445742.0 56.608 9.4469 3278 6760435.0 2829.8632 7.61e-05 0.0188724 0.0019011 0.0007609 
3520000 9855 508.381 447034.0 58.675 9.2291 3285 6780925.0 3013.7065 7.75e-05 0.0420425 0.0017179 0.0007749 
3530000 9878 487.988 448267.0 58.08 8.8441 3292 6800582.0 2884.6656 6.91e-05 0.0206867 0.0015007 0.0006914 
3540000 9897 489.938 449583.0 59.711 8.8987 3299 6823443.0 3190.8899 7.25e-05 0.0175625 0.0015436 0.0007247 
3550000 9924 445.906 450904.0 56.021 8.0814 3308 6840686.0 2478.9313 7.64e-05 0.0304666 0.0015626 0.0007645 
3560000 9942 466.888 451994.0 56.271 8.4344 3314 6855388.0 2463.6312 8.19e-05 0.0302311 0.0017308 0.0008191 
3570000 9963 478.028 453014.0 54.859 8.6764 3321 6872037.0 2469.8743 7.97e-05 0.0176254 0.0017616 0.000797 
3580000 9987 453.053 454196.0 52.466 8.2206 3329 6888253.0 2244.7641 8.08e-05 0.01915 0.0018376 0.0008077 
3590000 10008 461.139 455258.0 51.09 8.3605 3336 6902402.0 2124.8052 7.82e-05 0.0122754 0.0018423 0.000782 
3600000 10029 470.155 456618.0 56.454 8.5398 3343 6922391.0 2528.1605 8.25e-05 0.0260915 0.0017902 0.0008246 
3610000 10052 453.143 457770.0 53.001 8.2434 3350 6937038.0 2205.1375 8.35e-05 0.0222143 0.0017967 0.0008346 
3620000 10080 400.478 459113.0 48.921 7.3044 3360 6957190.0 2020.9384 8.06e-05 0.0236139 0.0018326 0.000806 
3630000 10098 446.227 460152.0 51.714 8.1162 3366 6972532.0 2295.3744 7.87e-05 0.0131709 0.00174 0.000787 
3640000 10125 411.37 461496.0 49.863 7.4772 3375 6992045.0 2176.4169 8e-05 0.0231542 0.0016531 0.0008001 
3650000 10146 436.437 462582.0 52.183 7.9274 3382 7008824.0 2423.239 8.7e-05 0.0277567 0.0017257 0.0008698 
3660000 10166 452.16 463957.0 56.027 8.2414 3388 7029854.0 2604.2833 8.69e-05 0.0207055 0.001732 0.0008689 
3670000 10190 433.866 465326.0 56.118 7.9358 3396 7048870.0 2396.6471 8.41e-05 0.0171398 0.0018647 0.0008409 
3680000 10209 470.998 466649.0 61.432 8.677 3403 7069271.0 2965.4073 8.8e-05 0.028536 0.0017801 0.0008803 
3690000 10232 455.999 467847.0 57.675 8.3798 3410 7086878.0 2583.7265 8.21e-05 0.0171601 0.0017308 0.0008206 
3700000 10258 430.179 469117.0 54.209 7.8977 3419 7103712.0 2222.5023 8.37e-05 0.0114609 0.0016805 0.0008369 
3710000 10280 432.878 470256.0 53.004 7.9461 3426 7120930.0 2161.6603 7.81e-05 0.0184479 0.0016955 0.0007809 
3720000 10302 445.715 471584.0 55.864 8.169 3434 7142688.0 2684.0806 7.87e-05 0.0256647 0.0016257 0.0007867 
3730000 10322 465.436 472897.0 59.236 8.554 3440 7159998.0 2661.7911 7.68e-05 0.0164196 0.0017785 0.0007675 
3740000 10338 501.923 474115.0 62.326 9.2029 3446 7178362.0 2906.1823 8.12e-05 0.028239 0.002002 0.0008117 
3750000 10354 524.482 475445.0 66.588 9.6057 3451 7199286.0 3018.6189 8.44e-05 0.0273332 0.0020205 0.0008442 
3760000 10377 507.278 476629.0 63.389 9.3036 3459 7215603.0 2830.4108 8.46e-05 0.0235968 0.0021069 0.0008464 
3770000 10401 475.798 477963.0 60.739 8.7202 3467 7233349.0 2539.0842 9.19e-05 0.0218293 0.0020686 0.0009194 
3780000 10422 468.383 479249.0 58.616 8.5765 3474 7251688.0 2430.7367 8.5e-05 0.0173594 0.0017065 0.0008496 
3790000 10446 447.3 480456.0 55.609 8.148 3482 7268844.0 2292.9761 8.88e-05 0.0242791 0.0018641 0.0008884 
3800000 10469 438.731 481694.0 55.712 7.9884 3489 7287951.0 2419.1564 9.51e-05 0.0196797 0.0018521 0.0009515 
3810000 10491 445.153 483047.0 57.056 8.0793 3497 7306329.0 2496.3653 9.31e-05 0.0138162 0.0019446 0.0009306 
3820000 10513 450.579 484327.0 58.293 8.1286 3504 7325067.0 2639.8572 9.09e-05 0.0153381 0.0018496 0.0009091 
3830000 10532 462.462 485417.0 56.309 8.3267 3510 7340788.0 2432.802 8.48e-05 0.015363 0.0018697 0.0008482 
3840000 10555 450.927 486662.0 56.821 8.1312 3518 7359535.0 2445.6972 9.32e-05 0.014859 0.0020402 0.0009317 
3850000 10572 494.378 487470.0 53.115 8.878 3524 7371318.0 2323.4871 8.54e-05 0.0131713 0.0023283 0.0008541 
3860000 10595 473.649 488699.0 54.15 8.4687 3531 7390455.0 2487.1182 8.36e-05 0.0130594 0.0022104 0.0008355 
3870000 10613 493.952 489919.0 58.52 8.884 3537 7409317.0 2600.4885 8.05e-05 0.0109436 0.0021494 0.0008048 
3880000 10638 467.141 491307.0 57.76 8.4959 3546 7427462.0 2518.3359 8.44e-05 0.0174823 0.0018356 0.0008441 
3890000 10662 438.896 492705.0 56.307 8.0035 3554 7446868.0 2378.1754 8.65e-05 0.0200894 0.0017573 0.0008648 
3900000 10683 443.793 494204.0 59.914 8.0723 3561 7468707.0 2619.3854 9.31e-05 0.0237622 0.0017338 0.0009312 
3910000 10709 424.676 495669.0 59.927 7.6881 3569 7490361.0 2631.217 8.72e-05 0.0156812 0.0015658 0.0008715 
3920000 10732 422.958 497127.0 60.332 7.6267 3577 7509988.0 2420.8232 9.28e-05 0.0140022 0.0015232 0.0009277 
3930000 10755 421.891 498471.0 58.805 7.5602 3585 7527435.0 2326.3214 9.35e-05 0.0195749 0.0015893 0.0009347 
3940000 10776 439.756 499838.0 59.994 7.89 3592 7547184.0 2540.5674 9.42e-05 0.0162113 0.0015694 0.0009418 
3950000 10802 420.291 501093.0 55.998 7.5611 3600 7564168.0 2245.0961 9.6e-05 0.0234059 0.0017571 0.0009597 
3960000 10829 403.031 502447.0 54.147 7.2581 3609 7582441.0 2198.409 9.12e-05 0.0169791 0.0017012 0.0009117 
3970000 10853 409.361 503667.0 52.975 7.3778 3617 7599607.0 2143.8211 9.18e-05 0.0192603 0.0016959 0.0009181 
3980000 10876 412.523 504969.0 53.467 7.4888 3625 7616644.0 2163.223 8.92e-05 0.017227 0.0017794 0.0008921 
3990000 10899 424.016 506276.0 54.2 7.6576 3633 7634671.0 2234.2686 9.07e-05 0.0216445 0.0019655 0.0009068 
4000000 10923 415.816 507605.0 53.901 7.4561 3641 7653407.0 2224.332 9.28e-05 0.0196009 0.0017834 0.000928 
4010000 10945 430.959 508929.0 56.677 7.6886 3648 7671815.0 2381.9305 0.000108 0.0235056 0.0016992 0.0010803 
4020000 10967 437.447 510215.0 56.621 7.8284 3655 7690863.0 2457.9697 9.93e-05 0.0126906 0.0018064 0.0009926 
4030000 10992 420.525 511479.0 53.605 7.5318 3664 7709948.0 2384.8854 0.000104 0.0135748 0.0017391 0.0010402 
4040000 11025 370.607 512876.0 49.502 6.6646 3675 7729245.0 2065.6684 9.77e-05 0.0205326 0.0017922 0.0009775 
4050000 11046 387.234 514175.0 51.258 6.9774 3682 7746154.0 2123.7318 0.0001016 0.0153159 0.0018205 0.001016 
4060000 11069 414.715 515404.0 53.309 7.4549 3689 7764491.0 2281.2569 0.000103 0.0292311 0.0018236 0.0010295 
4070000 11090 434.733 516690.0 55.811 7.8272 3696 7781310.0 2329.2958 9.96e-05 0.0288129 0.0016791 0.0009965 
4080000 11112 430.037 517989.0 54.198 7.7401 3704 7798988.0 2208.0954 0.000102 0.0215933 0.0016782 0.0010202 
4090000 11128 482.105 519338.0 64.926 8.695 3709 7818312.0 2925.0331 9.88e-05 0.0149396 0.0015902 0.0009884 
4100000 11148 497.764 520723.0 66.456 8.9629 3716 7837552.0 2940.6369 9.53e-05 0.0232072 0.0015829 0.0009529 
4110000 11167 504.62 522035.0 67.116 9.0936 3722 7857613.0 2978.0128 9.6e-05 0.0298028 0.0016603 0.0009602 
4120000 11190 470.02 523214.0 59.232 8.4722 3730 7874140.0 2471.6889 9.41e-05 0.0221301 0.001731 0.0009405 
4130000 11215 447.592 524534.0 58.446 8.0659 3738 7893675.0 2381.5634 9.06e-05 0.0117066 0.0016774 0.0009061 
4140000 11239 435.222 525861.0 57.476 7.8491 3746 7911761.0 2310.3995 9.39e-05 0.0137388 0.0015852 0.0009386 
4150000 11262 435.004 527094.0 55.74 7.8004 3754 7930568.0 2500.2687 9.98e-05 0.0140958 0.0017915 0.0009982 
4160000 11288 417.19 528471.0 54.889 7.5005 3762 7950652.0 2350.389 9.74e-05 0.0107438 0.0017811 0.0009736 
4170000 11311 422.085 529811.0 56.159 7.6042 3770 7971829.0 2522.3752 9.37e-05 0.018053 0.0016742 0.0009373 
4180000 11333 431.863 531097.0 56.808 7.7803 3777 7990057.0 2479.8582 9.16e-05 0.0271046 0.0017595 0.0009156 
4190000 11361 399.319 532419.0 52.226 7.191 3787 8008809.0 2181.7901 9.23e-05 0.0106503 0.0016759 0.0009225 
4200000 11384 415.428 533713.0 54.502 7.4924 3794 8026436.0 2264.2922 9.53e-05 0.0233074 0.0016074 0.0009529 
4210000 11409 414.013 535093.0 55.16 7.4832 3803 8044881.0 2343.3629 8.95e-05 0.0132641 0.001535 0.0008946 
4220000 11434 405.625 536530.0 55.619 7.3204 3811 8063836.0 2170.543 9.32e-05 0.020053 0.0015846 0.0009315 
4230000 11457 421.519 537575.0 51.997 7.6508 3819 8078003.0 2065.2126 9.31e-05 0.0171317 0.0017248 0.000931 
4240000 11475 455.944 538811.0 55.868 8.2879 3825 8094575.0 2319.2072 9.25e-05 0.0167297 0.0017353 0.0009255 
4250000 11494 484.248 540232.0 62.949 8.792 3831 8115506.0 2792.8217 9.59e-05 0.0197072 0.0016983 0.0009588 
4260000 11518 454.137 541495.0 59.344 8.2337 3839 8137162.0 2750.1739 9.78e-05 0.0213714 0.0017681 0.000978 
4270000 11544 420.26 542696.0 52.396 7.5693 3848 8157106.0 2504.1985 9.83e-05 0.0237392 0.0016693 0.0009834 
4280000 11567 423.151 543885.0 53.874 7.6386 3855 8173733.0 2444.1106 9.96e-05 0.0206874 0.0018111 0.0009956 
4290000 11593 413.648 545373.0 54.496 7.4544 3864 8195827.0 2443.5782 0.0001037 0.0165524 0.0018586 0.0010374 
4300000 11619 402.646 546734.0 53.892 7.2438 3873 8215851.0 2455.2092 0.0001007 0.0154506 0.0017919 0.0010074 
4310000 11644 393.99 548097.0 53.398 7.0684 3881 8234836.0 2285.9374 0.0001025 0.0216434 0.0019148 0.0010248 
4320000 11662 442.509 549349.0 59.771 7.9688 3887 8252248.0 2616.8563 0.0001064 0.0151114 0.0017662 0.001064 
4330000 11685 436.377 550771.0 58.288 7.883 3895 8274145.0 2675.5485 0.0001081 0.028318 0.0017113 0.0010813 
4340000 11706 455.568 551985.0 59.46 8.2415 3902 8291404.0 2698.7774 0.0001096 0.0206643 0.0018613 0.0010957 
4350000 11730 445.238 553225.0 57.484 8.0438 3910 8308700.0 2477.7892 0.0001084 0.0193569 0.0017509 0.0010836 
4360000 11755 424.698 554614.0 56.147 7.6759 3918 8328305.0 2294.1465 0.0001031 0.0157093 0.0016098 0.0010313 
4370000 11778 425.531 555909.0 55.218 7.7099 3926 8344512.0 2215.5509 0.0001032 0.0264592 0.0016197 0.0010321 
4380000 11802 414.928 557335.0 55.686 7.5272 3934 8364268.0 2298.7296 0.0001034 0.0229464 0.0014992 0.0010336 
4390000 11825 419.807 558773.0 58.109 7.6329 3941 8383005.0 2416.3099 0.0001033 0.0188653 0.0016446 0.0010329 
4400000 11849 424.712 560101.0 58.453 7.7438 3949 8403351.0 2458.322 0.0001015 0.0294036 0.0015244 0.0010153 
4410000 11870 446.579 561325.0 58.557 8.1405 3956 8421550.0 2622.4644 9.96e-05 0.0207094 0.0016223 0.0009955 
4420000 11895 430.111 562675.0 56.787 7.8407 3965 8441365.0 2524.7188 9.46e-05 0.0205393 0.0015682 0.0009462 
4430000 11922 402.618 564088.0 54.487 7.3478 3974 8461938.0 2390.2318 0.0001011 0.0316358 0.0016742 0.0010114 
4440000 11943 421.193 565532.0 57.805 7.6776 3981 8484047.0 2647.5117 0.0001158 0.025383 0.0016736 0.0011581 
4450000 11967 423.501 566773.0 56.333 7.71 3989 8501373.0 2477.4983 0.00011 0.0285985 0.0015548 0.0011001 
4460000 11994 396.623 568175.0 53.05 7.2198 3998 8524896.0 2435.2434 0.000106 0.0146899 0.0015702 0.0010604 
4470000 12016 401.13 569524.0 54.975 7.249 4005 8544214.0 2418.5442 0.0001015 0.0262202 0.0015974 0.0010147 
4480000 12040 423.146 570850.0 56.874 7.6608 4013 8564340.0 2635.7093 0.0001048 0.0237549 0.0016211 0.0010477 
4490000 12067 403.482 572148.0 54.063 7.2852 4022 8584893.0 2396.6464 0.0001049 0.0253349 0.0016085 0.0010492 
4500000 12091 408.724 573458.0 54.087 7.3643 4030 8607349.0 2625.253 0.0001122 0.0195285 0.0016993 0.0011219 
4510000 12117 397.096 574684.0 51.122 7.1297 4039 8630263.0 2652.4072 0.0001035 0.0144701 0.0016577 0.0010355 
4520000 12142 400.448 576071.0 53.268 7.2022 4047 8650538.0 2524.2543 0.0001092 0.0151751 0.0016349 0.0010918 
4530000 12168 393.283 577405.0 51.614 7.1122 4056 8669232.0 2298.1276 0.0001089 0.0168462 0.0015972 0.0010886 
4540000 12194 386.407 578791.0 51.551 6.9543 4064 8688666.0 2181.9092 0.0001115 0.0136563 0.0017558 0.0011147 
4550000 12216 416.928 580116.0 55.85 7.4896 4072 8708984.0 2563.3004 0.0001098 0.0151701 0.0016411 0.0010983 
4560000 12243 389.916 581533.0 52.57 6.9834 4081 8726527.0 2114.7438 0.0001077 0.028614 0.0017583 0.0010769 
4570000 12270 383.098 582923.0 52.488 6.9192 4090 8746720.0 2193.1491 0.0001115 0.0187442 0.0017665 0.0011154 
4580000 12298 365.789 584338.0 51.023 6.6341 4099 8766672.0 2110.288 0.0001049 0.0177573 0.0016596 0.0010493 
4590000 12321 387.668 585637.0 52.127 7.0414 4107 8788489.0 2409.2936 0.000105 0.0187982 0.0015688 0.0010497 
4600000 12345 392.152 586920.0 51.457 7.0745 4115 8811805.0 2700.8658 0.00011 0.0163577 0.0016455 0.0010997 
4610000 12371 393.385 588344.0 54.505 7.0693 4123 8835079.0 2815.7973 0.0001104 0.0166761 0.0017582 0.0011038 
4620000 12393 411.661 589688.0 55.975 7.4761 4131 8854457.0 2686.1215 0.0001137 0.0182584 0.0018541 0.0011371 
4630000 12421 381.523 591054.0 51.596 6.9635 4140 8873569.0 2195.5258 0.0001116 0.0193246 0.0017267 0.0011158 
4640000 12447 378.696 592366.0 50.055 6.883 4149 8894513.0 2308.4965 0.0001116 0.0197053 0.001787 0.0011157 
4650000 12477 355.283 593881.0 49.958 6.4516 4159 8919643.0 2450.0062 0.0001138 0.0174959 0.0018452 0.0011377 
4660000 12504 356.612 595253.0 49.196 6.506 4168 8941926.0 2395.4805 0.0001162 0.0163766 0.0017453 0.0011617 
4670000 12528 388.021 596618.0 53.99 7.0426 4176 8964812.0 2856.7466 0.0001089 0.0126543 0.0016327 0.0010886 
4680000 12555 378.003 597963.0 51.6 6.8421 4185 8985035.0 2441.8566 0.0001097 0.0160161 0.001718 0.0010974 
4690000 12581 378.167 599376.0 52.694 6.85 4193 9008169.0 2531.0494 0.0001088 0.0111257 0.0016669 0.0010882 
4700000 12606 380.017 600804.0 52.51 6.8829 4202 9030804.0 2531.6727 0.0001085 0.0176677 0.0017935 0.0010852 
4710000 12630 400.34 601999.0 52.716 7.221 4210 9049140.0 2538.7665 0.0001161 0.0377484 0.0017923 0.0011613 
4720000 12656 391.975 603299.0 51.707 7.0683 4218 9069794.0 2409.2838 0.0001081 0.0202553 0.0017264 0.0010813 
4730000 12677 425.82 604631.0 56.213 7.6775 4225 9090753.0 2742.3064 0.0001063 0.0124762 0.0017116 0.0010633 
4740000 12704 394.795 605984.0 52.429 7.1311 4234 9109516.0 2333.3548 0.0001128 0.0137896 0.0017005 0.0011277 
4750000 12724 431.692 607173.0 54.912 7.8171 4241 9127046.0 2494.8468 0.0001093 0.0202455 0.0018248 0.0010934 
4760000 12741 468.918 608527.0 60.38 8.4589 4247 9146729.0 2835.7339 0.0001085 0.0098119 0.0018417 0.0010853 
4770000 12761 487.204 609743.0 62.617 8.7528 4253 9165469.0 2960.3624 0.0001184 0.0282849 0.0017123 0.0011841 
4780000 12782 476.359 611067.0 60.761 8.6352 4260 9185718.0 2733.8328 0.0001165 0.0134469 0.0017367 0.0011649 
4790000 12801 494.898 612477.0 66.156 8.9716 4267 9207879.0 3230.2022 0.000107 0.0179222 0.0017541 0.0010704 
4800000 12825 459.103 613843.0 61.155 8.3004 4275 9227775.0 2731.0539 0.000121 0.0140006 0.0021355 0.0012101 
4810000 12847 460.095 615309.0 64.052 8.3005 4282 9250913.0 2899.8582 0.0001227 0.0239565 0.0018671 0.0012269 
4820000 12876 405.345 616699.0 55.665 7.3056 4292 9274464.0 2599.0615 0.000125 0.0154403 0.001776 0.0012504 
4830000 12903 391.166 617897.0 51.947 7.0486 4301 9292457.0 2346.004 0.000122 0.0217737 0.0016408 0.00122 
4840000 12929 377.28 619283.0 52.17 6.7936 4309 9313851.0 2372.5456 0.0001123 0.0166078 0.0016511 0.0011226 
4850000 12956 378.221 620697.0 51.891 6.8604 4318 9337584.0 2469.3172 0.0001283 0.0394586 0.0020094 0.0012827 
4860000 12976 421.142 621887.0 54.642 7.5983 4325 9355804.0 2518.8791 0.0001146 0.0143227 0.0017104 0.0011462 
4870000 13002 407.202 623077.0 50.785 7.3448 4334 9373858.0 2398.0862 0.000114 0.011544 0.001978 0.0011399 
4880000 13026 411.356 624384.0 52.025 7.4253 4342 9397144.0 2657.6588 0.0001072 0.0181693 0.0016861 0.0010725 
4890000 13047 434.816 625649.0 54.047 7.8453 4349 9417433.0 2742.0698 0.0001073 0.0143892 0.0018703 0.0010728 
4900000 13070 434.12 626937.0 55.667 7.852 4356 9436290.0 2657.8015 0.0001031 0.01303 0.001726 0.0010311 
4910000 13096 422.161 628411.0 57.031 7.6357 4365 9458194.0 2599.408 0.0001037 0.0128529 0.0016695 0.0010375 
4920000 13117 432.705 629678.0 57.8 7.7897 4372 9476683.0 2603.4373 9.81e-05 0.0131104 0.0015181 0.0009807 
4930000 13132 490.127 631087.0 65.832 8.7911 4377 9500148.0 3339.3534 0.0001022 0.0193571 0.0014685 0.0010222 
4940000 13155 475.754 632201.0 59.988 8.5086 4385 9516895.0 2791.9169 0.0001033 0.0203891 0.0016272 0.0010326 
4950000 13180 444.953 633479.0 57.231 7.9969 4393 9537060.0 2479.0104 0.0001135 0.0152581 0.001681 0.001135 
4960000 13197 483.385 634730.0 61.221 8.7072 4399 9559603.0 3281.1292 0.0001021 0.0107878 0.0017983 0.0010213 
4970000 13221 452.766 635933.0 56.178 8.1576 4407 9578219.0 2682.4509 0.0001058 0.01865 0.0021458 0.0010583 
4980000 13245 442.948 637244.0 55.928 7.9508 4415 9600975.0 2846.6192 0.0001007 0.0103269 0.0016789 0.0010071 
4990000 13266 448.348 638459.0 55.828 8.048 4422 9619874.0 2799.4703 9.69e-05 0.0119293 0.0016752 0.0009694 
5000000 13294 417.096 639792.0 53.855 7.4833 4431 9638616.0 2383.0609 0.0001005 0.0142627 0.0015956 0.0010049 
5010000 13319 410.475 640955.0 51.219 7.4356 4439 9655881.0 2358.1016 9.26e-05 0.0162413 0.0015813 0.0009259 
5020000 13342 423.302 642211.0 53.156 7.6753 4447 9675078.0 2403.1211 9.3e-05 0.01992 0.0015458 0.0009298 
5030000 13361 461.501 643682.0 61.729 8.3632 4453 9698039.0 2911.5677 9.43e-05 0.0196717 0.0016493 0.0009428 
5040000 13390 404.233 645138.0 56.559 7.3859 4463 9724660.0 2838.6037 9.8e-05 0.0142427 0.0016119 0.0009805 
5050000 13412 425.967 646476.0 58.161 7.7194 4470 9746668.0 2939.2698 0.0001013 0.019716 0.0016818 0.0010135 
5060000 13437 418.984 647789.0 55.907 7.6085 4479 9767323.0 2748.7977 0.0001005 0.0112617 0.0016277 0.0010053 
5070000 13461 409.983 649256.0 55.845 7.4245 4487 9791089.0 2758.6432 9.63e-05 0.0106631 0.0014785 0.0009634 
5080000 13487 402.444 650656.0 56.279 7.2731 4495 9814543.0 2831.5415 0.0001021 0.0221759 0.0017068 0.0010215 
5090000 13506 439.242 652040.0 60.368 7.9393 4502 9838094.0 3169.6365 0.0001023 0.0169455 0.0016438 0.0010227 
5100000 13526 458.38 653429.0 62.767 8.3052 4508 9860704.0 3250.293 0.0001039 0.0176323 0.0016672 0.0010386 
5110000 13548 459.308 654849.0 63.471 8.2716 4516 9885432.0 3329.752 0.0001054 0.0216817 0.0015407 0.0010541 
5120000 13573 437.899 656232.0 60.821 7.8937 4524 9906997.0 2946.2734 0.0001058 0.015238 0.0015777 0.0010583 
