10000 27 150.945 4804.5 73.053 1.3782 27 49627.0 1574.786 
20000 56 235.745 9692.3 115.067 2.1587 56 99926.0 1780.8671 
30000 84 288.867 14712.1 143.959 2.6467 84 152122.0 1944.2771 
40000 106 341.482 18470.7 151.344 3.9161 106 191510.0 1753.0693 
50000 136 346.761 22648.0 148.0 4.7242 136 236759.0 1634.4703 
60000 164 353.995 27313.7 157.793 5.2128 164 288094.0 1875.7705 
70000 202 303.866 33148.4 155.298 4.6756 202 352917.0 1760.2863 
80000 237 299.302 38635.1 158.544 4.7163 237 413917.0 1906.0244 
90000 275 274.698 44734.9 157.936 4.383 275 481956.0 1788.8628 
100000 310 281.443 50857.8 168.175 4.5182 310 551017.0 1945.0253 
110000 347 280.928 56781.7 165.769 4.5194 347 617743.0 1977.1039 
120000 387 260.502 62716.4 155.097 4.2007 387 684388.0 1543.7738 
130000 424 266.54 69022.6 164.863 4.3024 424 755349.0 2188.596 
140000 458 284.34 74689.7 167.278 4.6084 458 819025.0 1955.8413 
150000 485 320.464 79476.5 170.493 5.1703 485 872310.0 1923.7547 
160000 508 365.609 83804.8 176.463 5.8842 508 919963.0 2063.6961 
170000 536 359.592 89246.9 184.977 5.7971 536 980263.0 2107.0973 
180000 569 332.623 95523.9 187.953 5.3606 569 1049706.0 2127.5441 
190000 591 378.079 99836.9 190.123 6.0661 591 1096949.0 2144.2939 
200000 609 433.448 103144.8 189.454 6.9463 609 1133147.0 2083.8951 
210000 631 440.936 107204.9 186.385 7.0684 631 1177945.0 1981.6897 
220000 664 374.471 113305.6 186.818 6.0532 664 1246326.0 2123.037 
230000 694 350.194 118891.5 183.867 5.6466 694 1308489.0 1964.7287 
240000 727 326.958 126086.2 199.922 5.2681 727 1389541.0 2230.9641 
250000 758 321.626 132880.6 206.935 5.1814 758 1466027.0 2308.0616 
260000 792 309.06 139745.4 206.086 4.9797 792 1542192.0 2146.8859 
270000 798 453.679 140635.3 199.519 7.2779 798 1552454.0 1966.7363 
280000 809 555.537 142689.0 195.326 8.9055 809 1575700.0 1955.9473 
290000 839 452.266 149241.7 205.907 7.2661 839 1649495.0 2390.4506 
300000 872 380.481 156312.5 209.769 6.1691 872 1729263.0 2390.4418 
310000 904 341.049 163131.7 208.502 5.5306 904 1806527.0 2418.1581 
320000 926 382.755 168778.8 227.337 6.2519 926 1869868.0 2802.0045 
330000 948 403.008 174070.3 230.766 6.5654 948 1929821.0 2707.1928 
340000 967 439.492 178985.3 239.532 7.142 967 1985548.0 2787.4178 
350000 983 497.898 184059.7 262.466 8.1013 983 2043250.0 3572.3883 
360000 995 550.23 188488.4 282.461 9.017 995 2093254.0 3867.4881 
370000 1007 619.925 192130.4 288.198 10.2583 1007 2134169.0 3581.7544 
380000 1017 689.469 195300.1 291.628 11.4445 1017 2169769.0 3459.0656 
390000 1034 669.925 199705.4 285.377 11.1003 1034 2219860.0 3034.8801 
400000 1050 657.784 204341.7 285.561 10.8827 1050 2272752.0 3277.2423 
410000 1064 654.438 208358.9 283.067 10.8486 1064 2318431.0 3282.5762 
420000 1078 676.875 212021.0 280.477 11.2172 1078 2360187.0 2991.2913 
430000 1095 659.557 216540.6 277.829 10.9615 1095 2411064.0 3119.9857 
440000 1114 615.876 221636.2 274.893 10.2279 1114 2468291.0 2857.551 
450000 1129 628.659 226151.0 280.138 10.4757 1129 2519209.0 3371.9689 
460000 1145 626.558 230901.7 283.375 10.4579 1145 2572679.0 3187.6972 
470000 1165 582.331 236106.9 275.502 9.6798 1165 2631640.0 2894.2296 
480000 1183 573.757 240988.2 273.54 9.5457 1183 2686515.0 3082.3282 
490000 1205 536.023 246860.8 273.615 8.9003 1205 2752350.0 3073.917 
500000 1214 610.661 250091.8 283.273 10.1512 1214 2788503.0 3368.1435 
510000 1232 603.682 254747.3 276.885 10.0417 1232 2840858.0 2852.1062 
520000 1250 591.092 260162.6 285.227 9.8548 1250 2901996.0 3339.5495 
530000 1267 586.267 265439.1 290.691 9.8173 1267 2961898.0 3472.7261 
540000 1283 591.482 270683.8 298.823 9.9576 1283 3021276.0 3606.1036 
550000 1301 568.082 276008.6 296.075 9.575 1301 3081650.0 3258.2933 
560000 1314 630.461 280116.2 303.866 10.6316 1314 3127877.0 3428.8104 
570000 1328 655.11 284814.0 313.954 11.1118 1328 3180758.0 3771.6482 
580000 1339 697.916 289295.5 328.538 11.9085 1339 3231327.0 4225.147 
590000 1350 738.351 293137.2 332.471 12.5536 1350 3274435.0 4019.6357 
600000 1368 689.835 299293.3 339.349 11.7772 1368 3344537.0 4023.0829 
610000 1382 700.534 304176.0 342.834 11.9992 1382 3399546.0 4049.0392 
620000 1394 729.219 308656.3 347.07 12.4047 1394 3450337.0 4163.6324 
630000 1407 739.483 313433.8 352.742 12.6425 1407 3504642.0 4165.3326 
640000 1421 728.838 318410.3 350.563 12.5012 1421 3560773.0 4007.4561 
650000 1433 762.222 322353.3 349.464 13.0222 1433 3605386.0 4032.0437 
660000 1451 693.232 328429.2 343.455 11.7837 1451 3673488.0 3718.9409 
670000 1468 668.392 334779.1 353.672 11.4846 1468 3745122.0 4146.6904 
680000 1482 662.924 340184.6 357.908 11.4278 1482 3806235.0 4164.7416 
690000 1496 691.009 345080.3 358.997 11.8837 1496 3861446.0 4102.4577 
700000 1516 612.422 351011.6 333.514 10.4228 1516 3929191.0 3281.9846 
710000 1523 729.494 352657.1 324.929 12.1735 1523 3948260.0 3125.7401 
720000 1544 642.814 358387.1 309.679 10.6195 1544 4012784.0 3224.8325 
730000 1566 571.73 364573.4 297.883 9.3955 1566 4083746.0 3157.1021 
740000 1586 544.153 370688.9 298.348 8.9929 1586 4153229.0 3462.0138 
750000 1605 536.863 376659.1 303.792 8.915 1605 4220957.0 3537.6544 
760000 1623 545.893 382264.6 306.28 9.0671 1623 4284929.0 3665.3838 
770000 1640 562.819 388510.3 326.429 9.4438 1640 4356297.0 4301.1587 
780000 1646 638.539 390876.6 330.037 10.6795 1646 4383204.0 4169.6208 
790000 1663 643.147 395800.0 321.536 10.6948 1663 4439585.0 3524.7604 
800000 1685 602.763 401864.5 308.604 9.9455 1685 4509086.0 3364.8008 
810000 1703 585.216 408175.4 318.719 9.7628 1703 4580515.0 3788.4845 
820000 1716 625.019 413447.3 336.458 10.4805 1716 4639066.0 4207.7097 
830000 1723 734.653 415810.4 337.544 12.2599 1723 4665881.0 4045.0113 
840000 1738 712.892 421202.0 343.279 12.0111 1738 4726636.0 4089.6292 
850000 1759 642.458 426994.7 323.732 10.849 1759 4792552.0 3328.6338 
860000 1772 671.519 431726.1 331.252 11.402 1772 4846198.0 3999.462 
870000 1785 686.087 436855.4 345.412 11.6814 1785 4904062.0 4351.9399 
880000 1805 627.601 442939.7 334.519 10.6537 1805 4973106.0 3545.5861 
890000 1830 534.907 449611.3 301.5 8.9536 1830 5049496.0 2859.281 
900000 1837 650.727 451871.1 305.434 10.8625 1837 5074725.0 3308.1533 
910000 1849 689.442 455956.4 315.27 11.5516 1849 5120743.0 3794.7027 
920000 1864 680.643 461527.8 327.228 11.5589 1864 5183700.0 4011.4219 
930000 1884 607.765 467773.8 319.505 10.3069 1884 5253683.0 3350.4211 
940000 1905 568.618 474585.9 323.052 9.6544 1905 5330511.0 3639.177 
950000 1910 686.481 476551.7 330.913 11.5841 1910 5352861.0 4054.7888 
960000 1925 689.983 481894.6 334.233 11.659 1925 5412690.0 3827.201 
970000 1943 659.039 488458.7 348.096 11.2002 1943 5486327.0 4237.6755 
980000 1952 728.255 491416.1 344.001 12.2754 1952 5519293.0 3856.8348 
990000 1969 688.641 497528.3 348.452 11.6565 1969 5587577.0 4006.8196 
1000000 1982 710.729 502125.2 349.335 12.0171 1982 5639577.0 3871.6268 
1010000 2007 587.189 509299.6 325.649 9.9255 2007 5721160.0 3236.5829 
1020000 2023 589.735 513945.0 314.07 9.895 2023 5774274.0 3331.113 
1030000 2039 592.035 519446.7 320.412 9.9404 2039 5836152.0 3750.4876 
1040000 2060 543.586 526507.9 322.341 9.1725 2060 5915275.0 3518.2013 
1050000 2081 536.403 533278.5 329.538 9.0532 2081 5992191.0 3924.7275 
1060000 2101 516.283 539111.1 314.716 8.6519 2101 6058454.0 3273.3449 
1070000 2121 507.009 546051.6 324.166 8.55 2121 6136587.0 3589.9496 
1080000 2145 474.811 552887.0 309.304 7.9667 2145 6213772.0 3232.4091 
1090000 2170 439.373 560030.7 297.419 7.3367 2170 6293281.0 3041.1188 
1100000 2192 447.893 566335.6 295.595 7.4502 2192 6364312.0 3083.381 
1110000 2214 446.028 572851.2 293.498 7.4195 2214 6438152.0 3268.2645 
1120000 2226 523.703 577353.1 307.178 8.7471 2226 6488193.0 3761.5487 
1130000 2254 456.41 584523.1 288.512 7.6205 2254 6567851.0 3116.3725 
1140000 2280 420.001 592378.2 290.854 7.0091 2280 6656417.0 3406.0599 
1150000 2306 404.026 599384.2 282.458 6.7032 2306 6734953.0 3000.9366 
1160000 2331 397.57 606491.0 282.47 6.5914 2331 6815289.0 3127.4867 
1170000 2350 440.136 612787.2 298.093 7.3526 2350 6886741.0 3638.2321 
1180000 2369 470.823 619239.1 313.308 7.9645 2369 6959959.0 4016.5351 
1190000 2381 546.916 623953.0 329.128 9.2595 2381 7013342.0 4366.7032 
1200000 2399 557.892 629142.3 322.251 9.3977 2399 7071667.0 3697.1459 
1210000 2428 462.572 637270.4 303.12 7.751 2428 7164986.0 3214.4025 
1220000 2463 374.617 645746.6 273.609 6.2422 2463 7262414.0 2976.9817 
1230000 2486 398.124 652641.3 282.401 6.6605 2486 7341044.0 3391.3727 
1240000 2511 399.016 660141.3 290.722 6.7088 2511 7426518.0 3370.4542 
1250000 2531 428.249 666590.6 299.038 7.1938 2531 7499592.0 3440.2814 
1260000 2548 470.834 671961.0 302.211 7.9062 2548 7560256.0 3469.6952 
1270000 2569 476.644 678668.6 308.658 8.0387 2569 7635875.0 3615.8049 
1280000 2597 424.728 686332.6 294.458 7.0802 2597 7724063.0 3164.2637 
1290000 2617 436.02 692715.4 300.059 7.2717 2617 7796554.0 3544.3344 
1300000 2636 476.077 698742.8 308.267 7.9503 2636 7864617.0 3710.095 
1310000 2664 423.36 706166.0 289.625 7.0409 2664 7948431.0 2981.768 
1320000 2683 455.773 712002.6 297.184 7.5678 2683 8014258.0 3478.1552 
1330000 2704 462.63 718790.1 305.544 7.6876 2704 8090532.0 3552.1353 
1340000 2724 475.425 725107.0 308.991 7.9239 2724 8161637.0 3567.6054 
1350000 2737 546.58 730031.2 324.74 9.1676 2737 8216862.0 4287.2723 
1360000 2754 555.522 735933.1 330.53 9.375 2754 8283399.0 4053.8544 
1370000 2772 560.194 741565.4 326.005 9.4481 2772 8347259.0 3589.4385 
1380000 2790 562.678 747826.7 335.068 9.5573 2790 8416892.0 4103.0032 
1390000 2807 562.623 753937.7 336.471 9.5889 2807 8485816.0 3746.3023 
1400000 2825 560.791 760604.4 348.651 9.5768 2825 8561424.0 4299.3221 
1410000 2834 621.267 763400.0 341.626 10.5101 2834 8593290.0 3724.055 
1420000 2856 580.897 769948.4 325.591 9.7866 2856 8668228.0 3188.5784 
1430000 2880 520.129 776608.4 309.645 8.7097 2880 8744242.0 3169.3508 
1440000 2899 523.633 782396.3 305.367 8.7092 2899 8810493.0 3322.6778 
1450000 2912 551.945 786285.4 305.991 9.128 2912 8854827.0 3487.6308 
1460000 2935 524.756 793089.4 299.758 8.6452 2935 8932358.0 3365.3779 
1470000 2950 540.179 798681.5 317.42 8.9636 2950 8995647.0 4121.6491 
1480000 2972 528.552 804350.8 301.052 8.7444 2972 9060055.0 3095.8461 
1490000 2987 557.512 809450.6 308.041 9.2589 2987 9117928.0 3651.0209 
1500000 3002 580.297 814411.7 311.145 9.6153 3002 9174223.0 3611.702 
1510000 3015 625.731 819848.6 335.863 10.4684 3015 9235385.0 4377.1971 
1520000 3029 635.959 824359.0 335.507 10.6417 3029 9286669.0 4050.3877 
1530000 3045 644.602 830196.7 341.399 10.8264 3045 9353414.0 4058.3601 
1540000 3061 631.309 835052.9 329.155 10.563 3061 9409021.0 3469.3929 
1550000 3079 584.373 840020.7 312.156 9.7767 3079 9465845.0 3112.2024 
1560000 3102 527.745 845694.6 286.997 8.7723 3102 9529611.0 2803.9865 
1570000 3120 555.609 851102.0 298.706 9.3136 3120 9590499.0 3498.8016 
1580000 3138 552.309 857388.9 313.339 9.2855 3138 9661688.0 3907.9228 
1590000 3150 616.033 861273.1 315.166 10.2948 3150 9705999.0 3672.6378 
1600000 3162 591.467 865302.1 315.918 9.9259 3162 9752023.0 3690.2467 
1610000 3175 690.752 869641.7 322.115 11.5696 3175 9801535.0 3904.7032 
1620000 3198 595.746 876424.5 313.764 10.0436 3198 9879053.0 3422.3977 
1630000 3209 633.114 879652.5 304.729 10.5916 3209 9915904.0 3236.0141 
1640000 3230 597.192 885553.2 299.198 10.0314 3230 9983166.0 3305.0613 
1650000 3251 558.106 892154.6 306.937 9.4493 3251 10058341.0 3595.0471 
1660000 3267 539.842 897707.0 311.225 9.2154 3267 10121642.0 3709.6269 
1670000 3282 597.539 902686.8 316.575 10.1575 3282 10178337.0 3714.0267 
1680000 3293 674.307 906024.5 320.202 11.4197 3293 10216540.0 3850.313 
1690000 3312 621.75 912168.7 319.535 10.5491 3312 10286031.0 3513.8171 
1700000 3336 549.497 918677.4 304.354 9.3803 3336 10360106.0 3417.3346 
1710000 3351 575.513 923104.7 302.838 9.7496 3351 10410977.0 3440.1392 
1720000 3359 665.05 926293.1 311.544 11.2115 3359 10447344.0 3724.7001 
1730000 3368 736.523 929741.8 322.032 12.3761 3368 10486732.0 4047.5909 
1740000 3373 843.689 931694.3 328.146 14.1482 3373 10508912.0 4188.4697 
1750000 3389 751.743 936170.4 313.861 12.6457 3389 10560383.0 3236.5062 
1760000 3405 757.831 941720.2 326.273 12.8213 3405 10623667.0 3901.3835 
1770000 3422 711.45 947665.9 334.969 12.0853 3422 10691439.0 4004.2189 
1780000 3442 637.714 953967.6 325.458 10.7973 3442 10763209.0 3610.0882 
1790000 3459 615.897 959940.2 330.745 10.4004 3459 10831306.0 3963.8266 
1800000 3468 704.071 962704.8 330.262 11.8337 3468 10862692.0 3800.7994 
1810000 3475 800.587 965734.5 344.271 13.4446 3475 10896472.0 4337.5022 
1820000 3482 867.626 968229.5 346.081 14.5106 3482 10924842.0 4194.3097 
1830000 3490 916.601 971542.5 352.378 15.3045 3490 10962523.0 4352.0675 
1840000 3503 898.873 975703.8 349.596 15.0349 3503 11008631.0 3850.7126 
1850000 3521 799.392 981314.0 340.81 13.409 3521 11071042.0 3753.9003 
1860000 3537 739.875 987352.1 345.657 12.5212 3537 11139059.0 4006.1917 
1870000 3558 635.199 993080.3 320.012 10.7508 3558 11204070.0 3145.5557 
1880000 3578 600.557 998606.2 307.694 10.1393 3578 11266740.0 3086.5489 
1890000 3600 551.796 1004892.7 300.711 9.277 3600 11338573.0 3561.3734 
1900000 3616 565.942 1010535.1 313.729 9.5849 3616 11401923.0 3825.8933 
1910000 3629 583.458 1014505.2 310.484 9.8731 3629 11446424.0 3416.1095 
1920000 3646 613.227 1019583.4 309.056 10.373 3646 11503277.0 3296.0914 
1930000 3657 670.284 1023542.0 318.653 11.2981 3657 11547879.0 3843.3761 
1940000 3675 629.92 1029935.6 326.393 10.721 3675 11620294.0 3809.2539 
1950000 3688 667.108 1034476.3 336.38 11.3799 3688 11671515.0 4039.1107 
1960000 3699 694.912 1038873.1 344.266 11.8408 3699 11721449.0 4206.5168 
1970000 3720 631.64 1045088.4 328.098 10.7577 3720 11791899.0 3361.9462 
1980000 3736 627.209 1049229.8 311.636 10.6034 3736 11838874.0 2949.1049 
1990000 3749 646.15 1054261.0 321.825 10.9535 3749 11896104.0 3834.5546 
2000000 3758 727.782 1057633.9 332.797 12.3389 3758 11934482.0 4190.3391 
2010000 3775 676.564 1063766.7 337.847 11.5248 3775 12004120.0 3916.032 
2020000 3790 690.235 1068157.2 329.781 11.6812 3790 12054011.0 3568.4236 
2030000 3802 716.979 1073060.8 345.547 12.1976 3802 12109338.0 4307.5468 
2040000 3817 702.216 1077795.2 341.279 11.9084 3817 12162780.0 3698.1579 
2050000 3836 640.429 1083947.8 333.089 10.8917 3836 12232345.0 3717.4233 
2060000 3851 652.621 1088820.6 331.005 11.0499 3851 12287770.0 3776.4754 
2070000 3864 683.516 1093882.4 345.227 11.5947 3864 12344978.0 4245.505 
2080000 3875 721.395 1099026.5 366.83 12.3366 3875 12403143.0 4841.2923 
2090000 3887 743.364 1103965.5 377.099 12.7629 3887 12458973.0 4695.8815 
2100000 3906 679.908 1109952.1 357.133 11.6287 3906 12526547.0 3646.3602 
2110000 3927 610.225 1117020.3 351.437 10.4653 3927 12606091.0 3808.2571 
2120000 3948 560.482 1123797.6 338.75 9.6088 3948 12682707.0 3768.4707 
2130000 3966 573.56 1129396.5 335.401 9.7525 3966 12746079.0 3778.7454 
2140000 3985 560.202 1135098.4 321.391 9.5251 3985 12810795.0 3500.8333 
2150000 4008 521.571 1142358.7 324.131 8.9587 4008 12893179.0 3819.6267 
2160000 4021 581.441 1147627.9 343.4 10.0197 4021 12953073.0 4463.4388 
2170000 4036 600.402 1152228.2 331.213 10.2469 4036 13005323.0 3632.3587 
2180000 4053 582.767 1158765.9 343.57 9.9649 4053 13079672.0 4103.088 
2190000 4064 621.839 1162160.0 337.583 10.5383 4064 13118435.0 3741.8452 
2200000 4085 599.458 1169002.9 336.119 10.179 4085 13196099.0 3725.4486 
2210000 4103 590.868 1174667.0 330.668 9.9918 4103 13260544.0 3653.4743 
2220000 4116 618.3 1179468.4 334.896 10.4235 4116 13315042.0 3882.0422 
2230000 4129 661.971 1183546.6 332.778 11.1138 4129 13361541.0 3708.0548 
2240000 4139 652.457 1186937.9 330.829 10.9483 4139 13400330.0 3786.4861 
2250000 4157 666.621 1192198.3 321.207 11.1237 4157 13459935.0 3285.2016 
2260000 4175 629.409 1197984.5 321.54 10.5734 4175 13525024.0 3502.0916 
2270000 4192 630.738 1204302.6 337.697 10.6721 4192 13596429.0 4119.1983 
2280000 4202 664.205 1208555.7 347.994 11.2393 4202 13644575.0 4316.3075 
2290000 4215 700.632 1213098.5 349.284 11.8511 4215 13696297.0 4094.561 
2300000 4238 616.437 1220414.3 340.652 10.5057 4238 13779934.0 3844.0303 
2310000 4263 537.391 1227565.3 323.739 9.138 4263 13861495.0 3577.29 
2320000 4282 527.798 1234154.9 326.409 8.9673 4282 13936819.0 3642.2841 
2330000 4302 511.621 1240435.7 320.269 8.6412 4302 14008685.0 3607.399 
2340000 4324 504.477 1247083.5 319.281 8.5214 4324 14085013.0 3739.4996 
2350000 4345 491.037 1254212.5 324.141 8.3841 4345 14166620.0 3815.2991 
2360000 4361 524.313 1259667.4 328.778 8.983 4361 14228630.0 3774.1025 
2370000 4378 548.352 1265198.6 331.005 9.4008 4378 14291323.0 3963.6462 
2380000 4394 565.487 1271511.4 345.879 9.7518 4394 14362950.0 4244.6113 
2390000 4403 661.167 1274586.8 347.615 11.318 4403 14397810.0 4151.2522 
2400000 4417 667.115 1280145.1 356.419 11.4648 4417 14460196.0 4159.718 
2410000 4435 632.074 1286284.6 350.915 10.8781 4435 14529552.0 4058.6382 
2420000 4453 609.629 1292480.8 348.125 10.4228 4453 14599592.0 3872.06 
2430000 4473 557.382 1299013.8 339.936 9.5891 4473 14673177.0 3661.6434 
2440000 4495 526.116 1305457.2 322.368 9.0315 4495 14745802.0 3141.0518 
2450000 4515 511.97 1312459.3 328.953 8.8285 4515 14825063.0 3550.8392 
2460000 4537 493.45 1319444.4 325.11 8.4809 4537 14903559.0 3381.3766 
2470000 4551 541.032 1324466.9 331.59 9.3075 4551 14959918.0 3789.5426 
2480000 4568 556.59 1330458.1 337.188 9.6126 4568 15027007.0 3738.8647 
2490000 4584 577.362 1335809.8 335.051 9.9287 4584 15087556.0 3817.7798 
2500000 4600 600.135 1341413.4 342.426 10.3537 4600 15151124.0 3999.4958 
2510000 4615 573.686 1346275.9 334.043 9.8728 4615 15206072.0 3491.8939 
2520000 4628 658.449 1350373.0 331.511 11.2085 4628 15252333.0 3571.5369 
2530000 4639 677.758 1354782.4 342.18 11.5638 4639 15302181.0 3990.8275 
2540000 4652 735.944 1358657.6 336.028 12.4674 4652 15346458.0 3779.5227 
2550000 4664 757.7 1362694.0 334.615 12.8264 4664 15392649.0 3739.6344 
2560000 4681 701.94 1368124.9 328.66 11.8843 4681 15454815.0 3438.3981 
2570000 4708 553.045 1375524.7 305.511 9.2974 4708 15539889.0 3143.3578 
2580000 4732 513.394 1382044.1 296.002 8.5253 4732 15614186.0 3237.3399 
2590000 4749 524.642 1387482.4 298.944 8.6781 4749 15675864.0 3307.5144 
2600000 4766 537.142 1393522.8 311.304 8.9414 4766 15743567.0 3654.453 
2610000 4788 512.907 1399845.0 308.314 8.5449 4788 15815404.0 3571.8949 
2620000 4809 501.717 1406236.1 306.516 8.3359 4809 15888308.0 3474.3417 
2630000 4835 451.085 1413106.8 288.553 7.4456 4835 15967164.0 2991.9714 
2640000 4862 416.429 1420304.3 279.371 6.8559 4862 16049286.0 3022.2539 
2650000 4889 399.358 1427572.6 274.202 6.5556 4889 16133173.0 3089.8727 
2660000 4913 398.275 1434772.9 281.124 6.6019 4913 16216053.0 3259.8865 
2670000 4933 430.542 1441261.9 295.265 7.1994 4933 16290561.0 3599.0738 
2680000 4951 475.095 1447552.0 314.615 8.022 4951 16362328.0 4009.5883 
2690000 4966 530.359 1452842.8 325.98 8.9559 4966 16422750.0 4203.2027 
2700000 4977 578.346 1457068.1 331.401 9.7718 4977 16470846.0 4017.5641 
2710000 4995 583.527 1463330.6 338.468 9.8358 4995 16542455.0 4250.2437 
2720000 5009 596.237 1467990.3 334.772 10.0316 5009 16595768.0 3763.8567 
2730000 5023 652.074 1473211.5 347.493 10.9826 5023 16655149.0 4202.5608 
2740000 5038 654.668 1479450.2 365.94 11.1387 5038 16726236.0 4568.2005 
2750000 5051 646.129 1484764.6 372.716 11.0145 5051 16786346.0 4622.6888 
2760000 5059 764.978 1488056.4 380.057 12.9851 5059 16823859.0 4641.8236 
2770000 5082 645.09 1494314.6 344.53 10.8534 5082 16895610.0 3389.6553 
2780000 5098 623.056 1500035.0 341.883 10.4662 5098 16961223.0 3654.6664 
2790000 5118 583.164 1506999.8 343.532 9.8098 5118 17040701.0 3882.3953 
2800000 5135 590.149 1513170.9 353.21 9.9766 5135 17111111.0 4146.513 
2810000 5152 579.752 1518814.0 343.644 9.7589 5152 17175461.0 3502.9431 
2820000 5172 549.589 1524804.0 329.758 9.2352 5172 17243934.0 3381.667 
2830000 5192 533.247 1531584.6 331.952 8.9772 5192 17320306.0 3823.4508 
2840000 5213 500.355 1538091.2 319.606 8.4423 5213 17394337.0 3269.0628 
2850000 5225 568.927 1542395.0 331.54 9.6023 5225 17443284.0 4114.8166 
2860000 5234 674.555 1545960.6 342.688 11.346 5234 17483917.0 4361.6661 
2870000 5249 669.424 1551164.2 345.02 11.2278 5249 17542821.0 3973.2979 
2880000 5264 662.243 1556684.4 348.886 11.1263 5264 17605219.0 3993.3826 
2890000 5277 677.704 1562500.4 368.192 11.4857 5277 17670673.0 4668.9755 
2900000 5293 664.855 1566991.3 347.4 11.1939 5293 17722158.0 3515.4671 
2910000 5308 657.217 1572659.2 352.133 11.0634 5308 17786655.0 4118.9496 
2920000 5326 637.089 1579035.4 358.46 10.7517 5326 17859016.0 4199.3669 
2930000 5333 736.242 1581769.7 359.495 12.3596 5333 17890122.0 4189.3526 
2940000 5342 796.131 1585332.0 366.462 13.3584 5342 17930860.0 4434.3696 
2950000 5357 757.889 1591284.4 372.528 12.8509 5357 17998511.0 4453.5971 
2960000 5373 713.865 1597357.5 371.86 12.1599 5373 18067643.0 4268.273 
2970000 5382 782.098 1601203.4 379.883 13.3258 5382 18111498.0 4529.3081 
2980000 5391 833.2 1604486.6 379.918 14.1585 5391 18148916.0 4418.7729 
2990000 5411 727.466 1611480.2 369.956 12.4483 5411 18228051.0 3850.6051 
3000000 5428 694.306 1618376.3 382.587 11.9444 5428 18306178.0 4644.5037 
3010000 5434 793.085 1620966.0 384.974 13.5596 5434 18335757.0 4603.3821 
3020000 5440 894.415 1623482.6 387.863 15.2358 5440 18364422.0 4654.5518 
3030000 5445 1012.595 1625061.5 386.957 17.1439 5445 18382455.0 4477.448 
3040000 5461 873.426 1629804.7 357.013 14.7641 5461 18437072.0 3474.6952 
3050000 5468 941.933 1632360.5 359.375 15.9113 5468 18466326.0 3920.6732 
3060000 5479 967.186 1636101.4 359.237 16.2993 5479 18509300.0 4137.1924 
3070000 5486 1020.878 1638612.9 355.555 17.1512 5486 18538076.0 4029.3813 
3080000 5493 1052.913 1641419.4 360.822 17.7043 5493 18570084.0 4278.0149 
3090000 5507 958.753 1645639.4 345.207 16.0922 5507 18618582.0 3650.0814 
3100000 5523 892.958 1649845.1 326.271 14.9509 5523 18666676.0 3096.945 
3110000 5534 869.662 1653273.9 320.974 14.5445 5534 18706124.0 3415.4241 
3120000 5549 840.831 1658406.4 330.782 14.0869 5549 18764866.0 3974.6122 
3130000 5568 732.308 1663845.6 314.844 12.2007 5568 18827105.0 3411.7915 
3140000 5582 715.966 1668980.8 322.235 11.9816 5582 18885583.0 3726.0493 
3150000 5593 760.407 1673179.2 335.292 12.7808 5593 18933501.0 4257.3252 
3160000 5603 796.141 1676554.4 335.482 13.341 5603 18971879.0 3878.5357 
3170000 5616 802.584 1680959.1 342.105 13.4173 5616 19022000.0 4006.2086 
3180000 5628 800.02 1685325.4 340.937 13.3933 5628 19071949.0 3740.3019 
3190000 5634 862.585 1687669.3 345.511 14.4209 5634 19098458.0 4024.1526 
3200000 5646 888.281 1691838.1 347.57 14.8796 5646 19145388.0 4062.125 
3210000 5659 869.992 1695579.7 338.574 14.5564 5659 19187532.0 3565.1123 
3220000 5675 802.211 1701405.5 344.619 13.5042 5675 19253532.0 3965.8369 
3230000 5689 770.671 1707253.4 357.185 13.0702 5689 19319511.0 4227.173 
3240000 5704 743.87 1712690.9 358.218 12.672 5704 19380792.0 4253.7663 
3250000 5718 744.591 1716733.0 346.97 12.6253 5718 19426750.0 3750.2933 
3260000 5726 818.488 1719505.3 344.469 13.7837 5726 19458391.0 3676.1001 
3270000 5742 766.001 1725186.7 350.383 12.9099 5742 19522779.0 4057.5392 
3280000 5765 636.427 1732441.6 333.466 10.733 5765 19605677.0 3545.0096 
3290000 5785 586.241 1739965.6 345.43 9.997 5785 19691843.0 4174.3685 
3300000 5805 559.027 1747105.6 349.633 9.5439 5805 19773013.0 3872.9547 
3310000 5817 624.807 1751271.1 353.01 10.6374 5817 19820080.0 4137.5732 
3320000 5832 630.093 1757517.7 365.816 10.7455 5832 19890711.0 4431.4024 
3330000 5848 627.861 1763043.5 360.12 10.6614 5848 19953519.0 4143.4402 
3340000 5860 684.572 1767530.2 366.991 11.606 5860 20004452.0 4403.9553 
3350000 5883 580.182 1774419.0 336.68 9.8089 5883 20082471.0 3220.8916 
3360000 5902 574.049 1779167.3 309.876 9.6068 5902 20136602.0 3044.689 
3370000 5910 664.074 1782459.1 325.622 11.1566 5910 20173882.0 3942.1089 
3380000 5918 764.276 1785209.0 331.243 12.7703 5918 20205397.0 4019.8135 
3390000 5930 763.605 1789972.2 342.483 12.8501 5930 20259561.0 4327.1545 
3400000 5943 778.433 1794500.4 348.347 13.1238 5943 20311015.0 4131.4845 
3410000 5962 695.416 1801163.3 347.963 11.795 5962 20386538.0 3903.562 
3420000 5972 718.502 1805419.2 354.875 12.2036 5972 20434244.0 4097.4344 
3430000 5983 781.596 1808993.9 354.698 13.1996 5983 20474850.0 3970.6225 
3440000 5994 803.4 1812879.3 352.245 13.5035 5994 20519222.0 3840.849 
3450000 6013 714.952 1819781.6 355.648 12.1225 6013 20597773.0 4220.9878 
3460000 6029 684.766 1825211.5 352.409 11.662 6029 20658809.0 3880.761 
3470000 6045 656.808 1830971.9 351.948 11.1939 6045 20724352.0 4080.218 
3480000 6064 624.644 1836837.3 343.01 10.6529 6064 20791411.0 3710.105 
3490000 6082 605.047 1843086.6 345.323 10.2571 6082 20862120.0 3923.0867 
3500000 6095 645.308 1847576.5 346.034 10.8086 6095 20913266.0 3998.6289 
3510000 6109 625.75 1852711.7 344.139 10.5128 6109 20971502.0 3965.8086 
3520000 6126 619.38 1857531.9 329.534 10.3745 6126 21026258.0 3422.1619 
3530000 6139 627.253 1861556.1 322.174 10.4616 6139 21071974.0 3403.0212 
3540000 6151 715.282 1864895.6 319.204 11.8583 6151 21110238.0 3402.612 
3550000 6155 843.993 1866582.1 323.422 13.9522 6155 21129404.0 3654.7266 
3560000 6161 927.012 1868676.9 324.158 15.2714 6161 21153270.0 3671.7593 
3570000 6169 968.803 1871103.3 318.517 15.9393 6169 21180656.0 3384.9522 
3580000 6185 885.709 1876899.0 334.453 14.6845 6185 21246007.0 4283.2349 
3590000 6194 919.357 1880519.5 344.588 15.2751 6194 21287032.0 4416.041 
3600000 6205 915.82 1884359.4 347.594 15.2505 6205 21330731.0 4140.2171 
3610000 6213 972.913 1887178.7 347.85 16.1472 6213 21362826.0 4065.8243 
3620000 6227 913.021 1892285.8 354.488 15.2437 6227 21420611.0 4392.2944 
3630000 6239 891.081 1897420.8 368.563 14.9952 6239 21479050.0 4752.1405 
3640000 6250 905.555 1901515.3 373.076 15.2616 6250 21525677.0 4472.7408 
3650000 6259 926.717 1905021.3 372.025 15.6184 6259 21565604.0 4257.6162 
3660000 6272 886.153 1909783.3 369.865 14.9385 6272 21620009.0 4107.3313 
3670000 6279 959.054 1912181.0 367.838 16.1214 6279 21647413.0 4093.4529 
3680000 6291 930.161 1916868.2 370.311 15.7013 6291 21700495.0 4193.8792 
3690000 6305 857.373 1921984.3 368.582 14.504 6305 21758974.0 4155.3892 
3700000 6319 819.304 1926424.9 353.992 13.8239 6319 21809635.0 3654.933 
3710000 6329 870.888 1929840.5 358.433 14.6521 6329 21848483.0 4069.7474 
3720000 6336 943.454 1932818.8 365.667 15.8391 6336 21882387.0 4396.9413 
3730000 6343 1003.224 1935743.3 369.72 16.8194 6343 21915615.0 4435.397 
3740000 6350 1054.377 1938757.9 376.278 17.6584 6350 21949248.0 4543.6904 
3750000 6369 855.751 1944777.5 357.205 14.3973 6369 22016944.0 3818.4888 
3760000 6387 782.938 1951129.8 354.793 13.1943 6387 22089460.0 3969.8437 
3770000 6396 855.578 1953841.4 354.174 14.3563 6396 22120435.0 3946.8421 
3780000 6412 800.132 1958228.0 331.865 13.3358 6412 22170620.0 3339.768 
3790000 6430 723.37 1963993.8 326.063 12.0677 6430 22236320.0 3633.418 
3800000 6436 818.982 1966276.7 331.845 13.6427 6436 22262551.0 3959.307 
3810000 6449 826.283 1969634.2 319.937 13.6909 6449 22300717.0 3461.1555 
3820000 6467 740.315 1975337.2 315.4 12.341 6467 22365963.0 3310.6231 
3830000 6482 719.849 1980795.9 329.032 12.0393 6482 22428461.0 3937.7546 
3840000 6505 617.602 1988118.2 327.552 10.3527 6505 22512373.0 3864.6439 
3850000 6516 660.186 1992200.1 329.472 11.0364 6516 22559188.0 3888.5325 
3860000 6531 666.942 1997654.1 340.589 11.1946 6531 22621655.0 4081.8758 
3870000 6542 710.341 2002051.9 349.735 11.9576 6542 22671844.0 4292.9739 
3880000 6553 734.393 2005944.3 349.26 12.3631 6553 22715961.0 4002.3919 
3890000 6568 723.7 2010867.9 344.68 12.2023 6568 22772218.0 3821.6805 
3900000 6582 723.226 2015179.9 335.229 12.2106 6582 22821516.0 3491.8546 
3910000 6597 707.214 2019999.8 333.293 11.916 6597 22876122.0 3481.5522 
3920000 6606 753.647 2023243.6 334.814 12.6776 6606 22912779.0 3661.8765 
3930000 6615 811.208 2026565.2 337.496 13.5698 6615 22950413.0 3839.7053 
3940000 6619 900.475 2028324.1 346.328 15.022 6619 22970491.0 4279.1838 
3950000 6627 980.244 2030586.9 337.471 16.262 6627 22996411.0 3661.273 
3960000 6635 1018.827 2033354.7 338.746 16.881 6635 23028112.0 3821.0391 
3970000 6646 975.631 2036577.2 330.648 16.1746 6646 23065063.0 3539.0709 
3980000 6658 947.027 2040546.9 328.355 15.7251 6658 23109945.0 3641.0331 
3990000 6670 957.845 2043682.9 319.483 15.8055 6670 23146182.0 3388.9705 
4000000 6676 1033.668 2046378.2 329.444 17.0496 6676 23176810.0 4005.6573 
4010000 6686 1035.308 2049421.3 329.145 17.0624 6686 23211445.0 3818.4139 
4020000 6699 966.07 2054458.2 339.974 16.0442 6699 23268585.0 4265.7097 
4030000 6715 876.914 2059405.9 337.418 14.586 6715 23324847.0 3949.8195 
4040000 6721 939.457 2061908.9 342.554 15.5993 6721 23353714.0 4144.8313 
4050000 6729 994.625 2065120.4 347.83 16.4747 6729 23390563.0 4277.8658 
4060000 6734 1102.121 2066883.0 353.437 18.2246 6734 23410711.0 4442.5079 
4070000 6746 1038.239 2071751.9 362.318 17.2347 6746 23466264.0 4378.7749 
4080000 6756 1032.553 2075409.9 361.857 17.1488 6756 23507974.0 4214.6196 
4090000 6774 885.37 2081395.7 350.566 14.759 6774 23576458.0 3793.9794 
4100000 6798 715.542 2087920.4 326.29 11.9142 6798 23650898.0 3327.9929 
4110000 6820 612.029 2093678.0 299.946 10.166 6820 23716376.0 2842.2147 
4120000 6834 643.967 2097865.3 301.032 10.6564 6834 23764449.0 3454.736 
4130000 6841 736.477 2100504.0 308.454 12.1767 6841 23794558.0 3799.1318 
4140000 6853 765.021 2104368.0 312.794 12.6642 6853 23838767.0 3779.4167 
4150000 6868 740.037 2108905.5 313.434 12.3153 6868 23890002.0 3703.521 
4160000 6880 755.717 2113115.7 319.199 12.6128 6880 23937960.0 3874.3721 
4170000 6894 750.093 2117954.2 328.563 12.5332 6894 23992808.0 3980.0992 
4180000 6907 735.737 2122348.4 324.987 12.2862 6907 24043164.0 3504.3942 
4190000 6927 673.624 2128763.8 329.363 11.2647 6927 24116033.0 3933.8825 
4200000 6950 588.221 2135099.9 310.842 9.8105 6950 24188105.0 3523.4528 
4210000 6968 578.86 2141145.9 318.715 9.7234 6968 24256955.0 3842.9648 
4220000 6982 602.654 2145348.9 309.126 10.0835 6982 24304994.0 3200.9237 
4230000 6997 629.267 2150260.9 313.62 11.6527 6997 24361117.0 3729.5606 
4240000 7016 592.346 2155942.8 309.065 13.1247 7016 24426258.0 3374.8744 
4250000 7030 622.552 2160758.4 315.928 15.5124 7030 24481242.0 3671.6456 
4260000 7043 665.454 2165888.3 334.781 17.9185 7043 24539547.0 4306.8821 
4270000 7049 740.407 2168408.2 343.903 20.6368 7049 24568310.0 4498.5421 
4280000 7065 742.579 2174008.4 349.498 19.7368 7065 24632148.0 4046.1762 
4290000 7080 724.146 2178805.3 342.406 18.5496 7080 24686755.0 3755.503 
4300000 7095 702.569 2184585.4 348.447 19.1016 7095 24752151.0 4141.4646 
4310000 7106 734.136 2189325.4 363.709 20.7968 7106 24806045.0 4516.5416 
4320000 7120 733.254 2195253.4 379.09 21.4922 7120 24873282.0 4798.2511 
4330000 7125 855.484 2196916.8 373.774 25.454 7125 24892500.0 4326.7574 
4340000 7139 807.295 2202099.3 374.54 24.394 7139 24951900.0 4165.2238 
4350000 7152 783.513 2207693.0 383.286 23.9352 7152 25015882.0 4555.1989 
4360000 7169 750.0 2213997.1 387.165 23.1732 7169 25088251.0 4655.2693 
4370000 7182 749.8 2219749.7 395.923 23.4293 7182 25153996.0 4823.8419 
4380000 7192 771.642 2224205.2 402.664 24.1975 7192 25204972.0 4914.9492 
4390000 7203 784.327 2227901.1 390.587 24.6393 7203 25247405.0 4329.1146 
4400000 7221 740.264 2234497.0 383.608 23.358 7221 25322397.0 4186.7511 
4410000 7233 774.502 2238774.9 382.11 24.5336 7233 25371040.0 4249.7576 
4420000 7250 720.534 2244867.5 373.516 22.8573 7250 25440512.0 4259.8542 
4430000 7268 673.879 2250739.3 363.495 21.4475 7268 25507525.0 4051.3688 
4440000 7284 618.254 2256533.6 356.218 19.7053 7284 25573425.0 3788.4261 
4450000 7303 608.384 2262781.2 345.555 19.3148 7303 25644353.0 3527.7584 
4460000 7316 652.845 2268431.3 369.473 20.8198 7316 25708093.0 4633.7382 
4470000 7332 651.207 2273899.6 364.53 20.7314 7332 25770437.0 4055.58 
4480000 7343 662.72 2278281.3 366.068 21.1044 7343 25820514.0 4095.4146 
4490000 7352 749.897 2281649.4 364.32 23.8576 7352 25858923.0 4048.854 
4500000 7362 796.532 2284775.2 356.696 25.2276 7362 25894504.0 3754.3859 
4510000 7374 809.928 2288355.5 345.569 25.5528 7374 25935284.0 3428.002 
4520000 7392 733.367 2294132.9 338.216 23.1436 7392 26001161.0 3568.0317 
4530000 7415 625.462 2301142.3 327.012 19.7799 7415 26081167.0 3718.9704 
4540000 7428 627.432 2305857.4 331.932 19.8673 7428 26135210.0 3894.6055 
4550000 7450 577.826 2312900.2 327.067 18.3122 7450 26215881.0 3509.7237 
4560000 7472 532.351 2320106.2 326.789 16.8551 7472 26298551.0 3612.8416 
4570000 7480 632.919 2322945.6 330.073 17.8864 7480 26331103.0 3850.5306 
4580000 7492 676.305 2327541.0 344.146 17.1583 7492 26383647.0 4336.2311 
4590000 7507 621.462 2332840.6 342.869 14.9417 7507 26444016.0 4052.0156 
4600000 7519 719.691 2336411.5 339.154 17.2589 7519 26485095.0 3824.539 
4610000 7535 693.643 2342815.9 355.486 16.8491 7535 26558094.0 4409.0308 
4620000 7545 716.375 2347376.9 370.919 17.5792 7545 26609844.0 4788.6388 
4630000 7559 748.688 2352700.4 379.067 18.574 7559 26669833.0 4778.7231 
4640000 7571 758.852 2358507.0 396.062 19.0036 7571 26735578.0 5080.9952 
4650000 7586 742.954 2364737.0 406.703 17.5575 7586 26806536.0 5024.6145 
4660000 7597 768.114 2369029.1 400.073 17.0335 7597 26855595.0 4573.9247 
4670000 7611 758.329 2374068.4 390.778 16.0376 7611 26913185.0 4316.5926 
4680000 7623 780.413 2378239.4 383.821 16.7532 7623 26960957.0 4102.8114 
4690000 7636 768.167 2382785.8 373.167 16.8778 7636 27012854.0 3789.0358 
4700000 7642 852.96 2385138.3 374.715 19.0721 7642 27039740.0 4066.2912 
4710000 7651 904.332 2388757.2 379.038 20.6395 7651 27080769.0 4311.6391 
4720000 7662 903.299 2393181.3 384.063 20.8876 7662 27131281.0 4511.4319 
4730000 7675 860.857 2398213.3 381.093 20.1152 7675 27188584.0 4327.1374 
4740000 7688 842.79 2402366.6 370.251 20.0348 7688 27235560.0 3863.3791 
4750000 7697 886.118 2405517.8 366.34 21.0669 7697 27271629.0 4034.4616 
4760000 7709 885.285 2410188.7 376.013 21.2804 7709 27324595.0 4565.1196 
4770000 7717 926.705 2413923.4 383.399 22.4176 7717 27366586.0 4734.1049 
4780000 7726 969.194 2417862.8 396.566 23.6898 7726 27411082.0 5052.6332 
4790000 7741 876.831 2423017.2 377.531 21.4134 7741 27469504.0 3939.306 
4800000 7750 897.713 2426104.7 374.7 22.0274 7750 27504691.0 4079.725 
4810000 7772 765.678 2431886.9 337.768 18.7946 7772 27570178.0 3155.6258 
4820000 7787 737.022 2437685.6 350.275 18.1393 7787 27635736.0 4233.5734 
4830000 7813 590.631 2444754.2 316.485 14.5515 7813 27715980.0 3053.2173 
4840000 7828 611.408 2450521.3 332.951 14.9943 7828 27781521.0 4097.6341 
4850000 7843 612.123 2457098.1 358.289 15.2015 7843 27856124.0 4837.1285 
4860000 7857 651.258 2462017.4 361.592 16.0777 7857 27911902.0 4241.7413 
4870000 7873 639.153 2468379.0 367.791 15.628 7873 27984244.0 4396.8094 
4880000 7886 678.406 2473900.8 384.301 16.5837 7886 28046978.0 4936.6623 
4890000 7902 671.388 2479393.3 376.469 16.5058 7902 28109890.0 4190.5639 
4900000 7922 605.649 2486219.5 359.408 14.9512 7922 28188101.0 3660.6049 
4910000 7937 627.719 2491702.3 362.782 15.5479 7937 28250308.0 4027.7886 
4920000 7951 639.925 2497658.5 374.847 15.7759 7951 28317644.0 4636.0998 
4930000 7965 672.968 2502964.8 381.059 16.6301 7965 28378459.0 4578.9109 
4940000 7982 649.771 2508580.0 365.703 15.9865 7982 28442697.0 3908.2039 
4950000 7993 703.788 2512809.5 367.473 17.5325 7993 28490681.0 4175.265 
4960000 8008 691.119 2519396.8 385.412 17.4734 8008 28565635.0 4812.7987 
4970000 8029 614.936 2525460.0 351.599 15.3911 8029 28634788.0 3342.9779 
4980000 8059 494.299 2532466.4 303.687 12.2504 8059 28714471.0 3196.3444 
4990000 8085 452.844 2539819.2 296.404 11.1742 8085 28798112.0 3577.9952 
5000000 8102 467.222 2545997.0 312.366 11.4076 8102 28868550.0 4007.5584 
5010000 8116 550.72 2550434.2 318.028 13.3328 8116 28919090.0 3758.3205 
5020000 8127 628.17 2553878.6 316.994 14.2565 8127 28958561.0 3706.4486 
5030000 8140 658.276 2558927.2 333.128 14.0763 8140 29016092.0 4199.6226 
5040000 8158 625.139 2565332.2 339.272 12.818 8158 29088451.0 3955.4826 
5050000 8174 625.722 2571320.9 350.08 12.4345 8174 29156496.0 4117.3508 
5060000 8191 614.701 2577935.8 361.275 12.1934 8191 29231629.0 4432.9908 
5070000 8205 638.38 2583787.5 371.639 12.7433 8205 29298441.0 4522.505 
5080000 8217 674.899 2589007.0 384.059 13.5711 8217 29358076.0 4682.4142 
5090000 8229 711.038 2593440.0 382.323 14.2695 8229 29408943.0 4431.5478 
5100000 8244 708.127 2599083.7 384.772 14.3004 8244 29473434.0 4541.2596 
5110000 8276 518.008 2607615.2 327.196 10.4581 8276 29571546.0 3004.037 
5120000 8299 476.174 2614004.3 304.727 9.5573 8299 29645050.0 3161.6192 
5130000 8320 482.966 2620979.8 318.815 9.5488 8320 29724880.0 3730.8368 
5140000 8335 528.146 2626735.8 331.784 10.0835 8335 29790838.0 3985.456 
5150000 8346 612.56 2631361.2 352.915 12.016 8346 29843487.0 4769.6707 
5160000 8360 632.428 2636966.4 361.668 12.5605 8360 29907242.0 4570.5192 
5170000 8373 641.954 2642176.7 369.421 12.8873 8373 29966851.0 4639.6245 
5180000 8380 769.88 2645104.0 379.526 15.9344 8380 30000221.0 4862.2251 
5190000 8390 807.298 2649066.2 379.191 16.5764 8390 30045670.0 4594.156 
5200000 8398 867.993 2652083.2 377.562 17.846 8398 30080462.0 4357.2151 
5210000 8409 885.628 2656412.9 385.343 18.125 8409 30129966.0 4538.117 
5220000 8416 929.344 2659522.0 390.564 19.2463 8416 30165523.0 4702.2349 
5230000 8427 937.315 2664234.9 399.395 19.9787 8427 30219371.0 4960.7855 
5240000 8443 852.821 2670380.6 393.743 18.4397 8443 30289911.0 4319.1763 
5250000 8452 893.7 2673693.5 390.152 18.9845 8452 30327884.0 4287.8431 
5260000 8465 844.71 2678413.0 383.944 18.0236 8465 30382093.0 4314.2416 
5270000 8478 846.468 2683745.6 390.453 18.1494 8478 30443085.0 4707.7335 
5280000 8489 861.715 2688029.2 390.133 19.1056 8489 30491976.0 4538.9845 
5290000 8506 784.845 2693332.1 369.494 17.3598 8506 30552537.0 3598.3017 
5300000 8526 684.499 2699975.5 352.216 15.0628 8526 30628157.0 3534.926 
5310000 8543 666.053 2705719.1 352.324 15.2092 8543 30693837.0 4149.1994 
5320000 8559 650.935 2712473.8 368.721 14.5418 8559 30770845.0 4553.6099 
5330000 8574 658.688 2718206.2 374.567 14.3766 8574 30836199.0 4409.6848 
5340000 8592 623.26 2725216.8 376.797 13.9853 8592 30916093.0 4378.9451 
5350000 8611 593.289 2731559.4 367.132 13.465 8611 30988798.0 4090.1218 
5360000 8632 549.11 2739136.2 363.179 12.2422 8632 31075496.0 3885.0738 
5370000 8648 567.058 2744947.9 361.03 12.2784 8648 31142115.0 4021.0912 
5380000 8667 530.205 2751124.5 350.843 11.2329 8667 31212836.0 3906.6691 
5390000 8686 549.767 2757612.4 350.491 11.5086 8686 31287278.0 4013.4291 
5400000 8704 544.841 2763503.0 341.135 11.2969 8704 31355242.0 3764.6094 
5410000 8730 479.47 2771143.1 322.575 10.0945 8730 31443280.0 3529.9839 
5420000 8748 506.353 2777289.3 332.152 10.9469 8748 31513323.0 3940.1925 
5430000 8768 494.304 2783905.4 325.379 10.6551 8768 31588778.0 3481.0926 
5440000 8788 494.303 2790723.6 329.729 10.716 8788 31667122.0 3824.1871 
5450000 8804 532.149 2797652.4 357.982 11.4304 8804 31746610.0 4767.5516 
5460000 8813 630.736 2801302.1 367.174 13.9316 8813 31788324.0 4740.8748 
5470000 8822 712.582 2805177.2 381.043 15.9345 8822 31832677.0 5008.0891 
5480000 8838 679.96 2811831.4 387.473 15.0172 8838 31908621.0 4651.5595 
5490000 8857 635.327 2818913.2 384.361 14.3672 8857 31990173.0 4369.4737 
5500000 8868 690.415 2823678.4 393.388 15.7914 8868 32044618.0 4772.081 
5510000 8885 666.806 2830510.4 400.658 15.4604 8885 32122824.0 4835.1811 
5520000 8897 697.084 2836171.8 413.074 15.9068 8897 32187655.0 5176.5648 
5530000 8914 657.101 2842703.3 401.127 14.6224 8914 32262273.0 4261.8834 
5540000 8934 606.247 2850215.1 392.266 13.1451 8934 32348129.0 4151.5834 
5550000 8955 563.104 2857821.1 383.577 12.1352 8955 32435506.0 4144.6698 
5560000 8977 526.234 2865575.7 373.345 11.3381 8977 32524528.0 4063.1595 
5570000 8994 543.308 2872408.1 380.231 11.8431 8994 32602174.0 4432.9939 
5580000 9005 615.907 2876911.2 383.54 13.8982 9005 32653493.0 4414.8009 
5590000 9024 587.41 2883598.0 372.305 13.1142 9024 32729309.0 3764.9721 
5600000 9039 613.124 2889191.3 376.836 14.1646 9039 32792952.0 4297.948 
5610000 9056 599.266 2896250.1 381.821 13.7737 9056 32873420.0 4518.9176 
5620000 9073 591.261 2903415.9 391.001 13.4296 9073 32955088.0 4680.6454 
5630000 9090 562.316 2909427.4 383.245 12.9176 9090 33023999.0 4285.3133 
5640000 9109 548.16 2915515.7 363.91 12.2309 9109 33093153.0 3724.7548 
5650000 9125 588.495 2921552.2 365.819 13.269 9125 33162064.0 4279.0464 
5660000 9146 542.802 2928556.9 353.658 12.4382 9146 33241711.0 3747.3673 
5670000 9162 583.976 2935286.2 379.298 13.4287 9162 33318490.0 4804.0152 
5680000 9179 580.957 2942580.3 390.423 13.0529 9179 33402103.0 4787.0952 
5690000 9186 639.932 2945571.4 393.004 14.0089 9186 33436215.0 4677.719 
5700000 9202 681.03 2950912.9 382.212 14.4652 9202 33497215.0 4304.5148 
5710000 9216 696.594 2954757.3 358.333 14.5198 9216 33541015.0 3778.7847 
5720000 9226 749.281 2958744.2 362.81 15.6607 9226 33586672.0 4148.0429 
5730000 9243 698.448 2964835.8 361.96 14.9029 9243 33656829.0 4205.219 
5740000 9252 768.73 2968723.9 372.415 16.1368 9252 33701692.0 4634.5348 
5750000 9270 704.539 2975705.9 377.704 15.3946 9270 33782023.0 4521.4327 
5760000 9286 679.644 2981456.6 374.07 14.994 9286 33848106.0 4215.444 
5770000 9299 690.269 2987347.9 386.922 15.0356 9299 33915488.0 4643.9949 
5780000 9305 818.516 2989523.3 392.071 17.4877 9305 33940401.0 4792.4857 
5790000 9316 826.281 2994328.1 397.348 18.1315 9316 33995078.0 4711.7442 
5800000 9333 766.886 2999950.4 380.88 17.0949 9333 34059144.0 4227.7075 
5810000 9351 690.034 3006537.5 373.42 15.266 9351 34134626.0 4233.8935 
5820000 9366 687.59 3012885.9 387.309 14.9057 9366 34207221.0 4750.8633 
5830000 9384 650.918 3020051.8 392.126 14.2337 9384 34289330.0 4677.8021 
5840000 9396 668.373 3024428.8 387.982 14.8629 9396 34339590.0 4474.0859 
5850000 9409 696.262 3029517.8 384.982 15.0725 9409 34398106.0 4363.8337 
5860000 9426 675.162 3035918.1 385.846 14.3508 9426 34471469.0 4440.6054 
5870000 9440 684.511 3041352.3 385.208 14.4891 9440 34533154.0 4298.3186 
5880000 9459 641.087 3047613.3 369.629 13.7801 9459 34604748.0 3844.2136 
5890000 9474 648.069 3053337.5 372.42 14.0769 9474 34670367.0 4235.5064 
5900000 9483 733.334 3056645.3 373.718 16.4404 9483 34708134.0 4288.9786 
5910000 9491 799.585 3060202.2 379.363 17.6621 9491 34748846.0 4492.303 
5920000 9499 874.228 3062977.7 379.118 19.2456 9499 34780497.0 4375.0904 
5930000 9510 875.921 3066860.7 371.561 19.008 9510 34824865.0 3915.7046 
5940000 9522 857.105 3071830.0 376.302 19.0099 9522 34881729.0 4284.026 
5950000 9536 820.498 3076275.1 360.234 17.9944 9536 34932931.0 3779.5423 
5960000 9545 866.169 3079348.0 357.641 19.4479 9545 34968129.0 3802.612 
5970000 9564 757.176 3085485.8 346.831 17.3185 9564 35038576.0 3706.031 
5980000 9577 765.449 3090749.2 361.551 17.7967 9577 35098720.0 4587.5948 
5990000 9592 743.02 3096078.1 360.004 17.406 9592 35159391.0 4265.1302 
6000000 9604 776.424 3099944.3 357.524 18.3224 9604 35203425.0 4064.5401 
6010000 9620 716.524 3105555.2 350.765 17.0383 9620 35267616.0 3912.0396 
6020000 9632 749.306 3109882.6 353.925 17.1857 9632 35316752.0 3962.1583 
6030000 9645 762.816 3114000.3 346.906 17.0414 9645 35363283.0 3823.6636 
6040000 9656 787.244 3118356.8 355.724 17.1694 9656 35412549.0 4289.1428 
6050000 9669 793.141 3123369.2 367.213 17.0981 9669 35468796.0 4440.4604 
6060000 9681 798.053 3127885.9 365.385 17.0753 9681 35519803.0 3983.9889 
6070000 9704 667.273 3135321.9 353.61 14.4172 9704 35604011.0 4020.2987 
6080000 9715 711.464 3139801.8 359.831 15.5061 9715 35655070.0 4231.4534 
6090000 9722 797.917 3143269.2 375.863 17.3887 9722 35694704.0 4881.3897 
6100000 9732 825.009 3147757.3 388.564 17.6911 9732 35745827.0 5033.8464 
6110000 9743 838.46 3152349.2 397.702 17.7939 9743 35798047.0 5045.0414 
6120000 9746 959.278 3153483.8 392.835 19.9719 9746 35811292.0 4673.7661 
6130000 9753 1020.305 3156006.6 390.529 21.1323 9753 35840471.0 4517.6033 
6140000 9757 1169.81 3157558.0 388.306 23.9075 9757 35858364.0 4412.5691 
6150000 9769 1110.728 3161909.7 389.96 23.004 9769 35908105.0 4428.555 
6160000 9781 1048.871 3167612.8 405.889 21.8302 9781 35973153.0 5056.4786 
6170000 9796 939.741 3173766.5 403.905 19.7407 9796 36043858.0 4683.7877 
6180000 9816 801.283 3180890.8 393.46 16.75 9816 36125626.0 4205.8139 
6190000 9834 726.722 3187974.2 392.87 15.1055 9834 36206841.0 4390.2213 
6200000 9844 770.418 3192809.8 406.785 16.1314 9844 36261977.0 5074.6996 
6210000 9856 792.952 3197685.9 409.923 16.5914 9856 36317370.0 4945.9204 
6220000 9867 807.863 3202512.0 410.156 16.7994 9867 36372347.0 4785.3234 
6230000 9878 829.566 3206204.4 396.689 17.1033 9878 36414707.0 4115.9382 
6240000 9890 833.573 3211434.4 404.485 17.8414 9890 36474506.0 4629.21 
6250000 9913 673.406 3217446.8 346.479 14.9271 9913 36542883.0 2509.4554 
6260000 9940 544.219 3223419.0 294.936 12.0891 9940 36610214.0 2384.1151 
6270000 9977 398.17 3230547.7 239.434 8.8748 9977 36690552.0 2228.8986 
6280000 10009 358.997 3237162.6 225.116 7.6152 10009 36764471.0 2323.8363 
6290000 10036 360.123 3242712.7 216.303 7.403 10036 36826705.0 2249.8305 
6300000 10067 343.895 3249526.3 218.889 7.1518 10067 36902552.0 2377.2577 
6310000 10084 418.57 3253682.1 225.583 8.7733 10084 36949116.0 2785.1651 
6320000 10107 427.395 3259283.2 234.593 8.7474 10107 37012057.0 2891.4041 
6330000 10141 358.883 3266540.2 222.327 7.6022 10141 37093038.0 2324.1063 
6340000 10168 365.463 3273306.6 236.227 7.9952 10168 37168776.0 2771.5033 
6350000 10194 359.195 3279274.3 227.701 7.736 10194 37235393.0 2244.6678 
6360000 10211 435.902 3283018.0 226.538 9.0171 10211 37277200.0 2343.5708 
6370000 10225 470.766 3286620.4 235.378 9.8039 10225 37317479.0 2803.3735 
6380000 10244 527.748 3290793.7 231.633 11.0601 10244 37363965.0 2568.5181 
6390000 10262 526.723 3294885.0 227.982 10.7809 10262 37409664.0 2401.7663 
6400000 10279 532.3 3298569.9 222.182 10.6975 10279 37450832.0 2402.1843 
6410000 10292 582.94 3302901.9 245.858 11.7603 10292 37499465.0 3232.5215 
6420000 10308 572.456 3307546.8 254.827 11.4695 10308 37552262.0 3010.2035 
6430000 10318 651.294 3310388.6 262.926 13.3167 10318 37584611.0 3176.4597 
6440000 10332 691.0 3315580.6 294.116 14.3447 10332 37643405.0 4147.8127 
6450000 10340 769.355 3318921.7 306.237 15.744 10340 37681282.0 4268.0351 
6460000 10362 656.254 3323625.1 276.189 13.7524 10362 37734762.0 2469.7445 
6470000 10389 545.189 3329558.3 256.806 11.6296 10389 37801636.0 2808.0809 
6480000 10410 529.256 3334360.4 248.839 11.8367 10410 37855460.0 2952.9405 
6490000 10427 548.652 3339171.7 259.366 12.2464 10427 37908795.0 3165.8347 
6500000 10444 556.349 3343573.0 255.188 12.135 10444 37957817.0 2773.6685 
6510000 10457 604.49 3346576.3 251.92 13.6138 10457 37991479.0 2755.0835 
6520000 10478 558.499 3352053.4 253.499 12.5092 10478 38052829.0 3127.6217 
6530000 10496 551.746 3356264.4 247.109 11.8525 10496 38100009.0 2599.8903 
6540000 10521 500.406 3361835.4 240.405 10.6279 10521 38162425.0 2603.053 
6550000 10547 451.555 3368752.4 249.925 9.7829 10547 38239795.0 2876.0135 
6560000 10562 509.944 3371868.4 238.971 10.6274 10562 38274600.0 2386.966 
6570000 10569 604.96 3373151.4 231.734 12.4667 10569 38288880.0 2193.5604 
6580000 10588 604.22 3377404.1 231.554 12.792 10588 38336198.0 2601.4694 
6590000 10616 489.963 3383594.9 224.384 10.1678 10616 38405945.0 2222.7878 
6600000 10646 417.467 3390013.2 218.145 8.6032 10646 38477628.0 2375.7215 
6610000 10676 380.333 3396367.2 216.555 8.3112 10676 38548369.0 2350.8491 
6620000 10699 400.529 3402544.4 235.3 9.0618 10699 38617426.0 3097.6903 
6630000 10720 420.37 3408294.9 244.701 9.4952 10720 38681660.0 2844.1786 
6640000 10738 468.098 3413006.4 253.32 10.2225 10738 38734198.0 3062.3771 
6650000 10750 535.205 3415997.6 252.128 11.2948 10750 38768351.0 2931.7917 
6660000 10762 594.164 3419845.3 266.118 12.3088 10762 38811744.0 3412.5897 
6670000 10770 671.141 3421703.8 264.639 13.6658 10770 38832709.0 3129.7097 
6680000 10790 641.119 3426739.1 257.905 12.8685 10790 38889045.0 2724.9294 
6690000 10818 519.892 3433771.4 255.902 10.3568 10818 38967873.0 2954.8951 
6700000 10842 478.55 3440040.3 257.227 9.5177 10842 39038343.0 2969.9585 
6710000 10853 566.359 3442957.3 259.021 11.1412 10853 39071272.0 2917.0599 
6720000 10877 505.215 3449321.2 259.894 9.9677 10877 39142733.0 2725.2072 
6730000 10902 459.65 3455721.6 256.0 9.1763 10902 39215451.0 2906.5106 
6740000 10920 488.277 3461792.2 282.166 10.2022 10920 39284266.0 3663.7289 
6750000 10938 510.257 3467812.7 298.227 11.0549 10938 39352443.0 3792.0926 
6760000 10962 468.28 3474403.8 284.834 10.39 10962 39426910.0 2695.8112 
6770000 10974 552.742 3478229.2 295.608 12.1344 10974 39469900.0 3404.4776 
6780000 10987 593.752 3482613.2 300.755 12.6719 10987 39519339.0 3528.5163 
6790000 11003 599.273 3488110.3 309.987 12.6055 11003 39581610.0 3860.2177 
6800000 11024 566.244 3495173.0 324.857 12.5222 11024 39661481.0 4042.7532 
6810000 11042 560.975 3501652.6 335.392 12.3427 11042 39734599.0 4026.8977 
6820000 11061 548.9 3508466.1 342.748 11.9022 11061 39811508.0 3764.3768 
6830000 11079 543.964 3514625.7 335.8 11.6561 11079 39880632.0 3604.4338 
6840000 11094 577.234 3521150.9 363.258 12.6559 11094 39954288.0 4684.1696 
6850000 11105 654.366 3524776.2 361.8 14.9059 11105 39995361.0 4179.4193 
6860000 11114 735.114 3528942.7 378.731 16.33 11114 40042789.0 4846.9756 
6870000 11124 773.898 3532852.0 377.003 16.8101 11124 40087325.0 4394.2651 
6880000 11139 744.738 3537760.6 364.986 16.0682 11139 40142821.0 3846.3861 
6890000 11149 784.967 3541951.3 370.555 17.434 11149 40190141.0 4280.1895 
6900000 11159 827.525 3546407.6 386.707 18.1015 11159 40240966.0 4946.7448 
6910000 11172 771.986 3551766.9 389.958 16.8996 11172 40302305.0 4623.9306 
6920000 11183 797.943 3556163.0 392.563 17.5762 11183 40352305.0 4605.796 
6930000 11192 888.523 3559520.8 390.252 19.2614 11192 40390175.0 4478.9204 
6940000 11206 835.828 3565117.0 392.634 18.4148 11206 40453043.0 4537.904 
6950000 11215 851.012 3568323.8 384.653 18.7646 11215 40489613.0 4075.1467 
6960000 11224 903.086 3572396.8 396.748 20.0407 11224 40535832.0 4748.7205 
6970000 11231 1006.972 3574683.0 395.215 22.8223 11231 40561822.0 4630.1978 
6980000 11246 902.467 3580110.9 378.6 20.1113 11246 40623471.0 3696.5798 
6990000 11253 979.477 3582991.5 386.552 21.6564 11253 40656256.0 4372.944 
7000000 11269 868.989 3588699.3 371.789 19.6827 11269 40720859.0 3561.9152 
7010000 11291 726.082 3595509.6 352.208 16.2388 11291 40797950.0 3448.7908 
7020000 11307 702.119 3601125.3 354.19 15.7488 11307 40861524.0 4011.7461 
7030000 11314 801.06 3603902.2 360.956 18.35 11314 40893020.0 4373.4431 
7040000 11319 906.324 3605484.4 351.766 20.3522 11319 40911246.0 3885.8671 
7050000 11324 1021.125 3607217.6 355.414 23.0357 11324 40931047.0 4098.2389 
7060000 11340 900.235 3613512.2 359.557 20.7637 11340 41002301.0 3925.8262 
7070000 11361 750.513 3619796.3 339.216 16.8595 11361 41073401.0 3302.0216 
7080000 11379 692.701 3625723.4 337.371 15.3156 11379 41140444.0 3808.554 
7090000 11389 741.69 3629807.2 347.214 16.3539 11389 41186761.0 4246.2026 
7100000 11404 731.883 3635263.4 355.376 15.9081 11404 41248464.0 4082.8692 
7110000 11421 674.53 3641574.3 351.76 14.6273 11421 41319740.0 3835.5454 
7120000 11437 668.988 3647103.8 355.274 14.9472 11437 41382145.0 4187.7232 
7130000 11450 688.428 3652025.9 358.988 15.0317 11450 41437725.0 4400.7032 
7140000 11459 771.986 3656011.9 374.583 17.1028 11459 41482902.0 4841.1865 
7150000 11473 759.314 3661787.6 383.834 17.1121 11473 41548172.0 4714.2447 
7160000 11486 752.099 3665975.5 367.693 16.5593 11486 41595435.0 3859.0965 
7170000 11504 701.161 3670491.4 336.298 15.3419 11504 41646409.0 2986.4463 
7180000 11516 704.089 3673816.7 322.139 15.0791 11516 41684097.0 3164.7976 
7190000 11522 843.543 3675395.1 316.905 18.2517 11522 41702286.0 3138.0006 
7200000 11532 863.697 3679853.5 337.138 18.8222 11532 41753213.0 4252.3653 
7210000 11542 891.724 3684070.3 354.781 19.9228 11542 41801345.0 4691.3641 
7220000 11551 871.283 3688116.9 366.458 19.3432 11551 41847566.0 4710.3429 
7230000 11573 757.98 3693703.2 330.567 16.5772 11573 41910412.0 3010.0599 
7240000 11604 551.218 3700780.2 279.169 11.8768 11604 41990433.0 2392.4969 
7250000 11632 471.573 3708031.3 272.84 9.999 11632 42072507.0 3213.915 
7260000 11665 390.731 3715253.4 248.205 8.4944 11665 42154084.0 2320.8123 
7270000 11679 453.184 3719084.3 251.357 10.2037 11679 42197121.0 2817.4843 
7280000 11709 395.774 3726183.3 241.471 8.9346 11709 42276363.0 2341.8308 
7290000 11733 411.373 3731844.3 240.116 9.1689 11733 42339437.0 2774.087 
7300000 11765 368.053 3739249.6 239.24 7.9053 11765 42422203.0 2759.7631 
7310000 11788 378.484 3745541.2 245.556 8.2937 11788 42492625.0 2793.6971 
7320000 11797 473.58 3747997.1 250.128 10.1518 11797 42520163.0 2946.9212 
7330000 11807 599.138 3751642.3 277.266 13.1124 11807 42560936.0 3902.6469 
7340000 11821 627.539 3756794.7 296.643 13.9478 11821 42618728.0 3946.2066 
7350000 11846 528.366 3763858.5 286.619 11.4796 11846 42698546.0 2951.8741 
7360000 11868 510.233 3770370.8 293.819 11.2977 11868 42771887.0 3463.0977 
7370000 11891 483.861 3776896.9 291.383 11.0926 11891 42845392.0 3303.4519 
7380000 11913 468.342 3783823.7 295.184 11.0133 11913 42923789.0 3555.7009 
7390000 11932 481.319 3790667.8 316.47 11.5243 11932 43001433.0 3796.5477 
7400000 11949 504.623 3796398.0 321.075 11.4936 11949 43066258.0 3864.2483 
7410000 11963 559.548 3800988.5 323.623 13.0741 11963 43117576.0 3763.1202 
7420000 11984 538.869 3807772.2 324.511 12.3645 11984 43194243.0 3719.6087 
7430000 12003 546.06 3813243.0 317.002 12.2181 12003 43255974.0 3453.9162 
7440000 12016 580.046 3818161.2 324.173 13.3157 12016 43311453.0 3762.886 
7450000 12026 674.578 3821681.0 333.997 15.0229 12026 43350856.0 4118.3799 
7460000 12040 678.978 3826775.4 338.776 14.9672 12040 43408483.0 4103.8481 
7470000 12047 783.874 3829341.2 347.255 17.7324 12047 43437605.0 4352.5423 
7480000 12053 885.108 3831790.8 354.761 20.0727 12053 43465265.0 4438.4378 
7490000 12066 859.177 3836006.0 345.214 19.0643 12066 43512037.0 3733.0738 
7500000 12085 749.73 3841992.2 333.519 16.6602 12085 43578947.0 3673.1391 
7510000 12102 712.055 3847925.9 343.553 15.8518 12102 43646382.0 4042.4931 
7520000 12126 599.049 3855188.8 328.047 13.1267 12126 43729281.0 3510.8605 
7530000 12136 633.66 3858329.4 319.465 13.555 12136 43764948.0 3325.0829 
7540000 12155 621.636 3864526.5 322.221 13.4297 12155 43834587.0 3652.3708 
7550000 12170 633.655 3869970.6 333.418 13.706 12170 43896189.0 4015.3682 
7560000 12186 628.554 3875516.9 336.752 13.8822 12186 43958507.0 3815.087 
7570000 12207 573.557 3882183.2 329.138 12.4564 12207 44032776.0 3107.7342 
7580000 12227 552.202 3888636.5 329.5 11.4816 12227 44104063.0 3668.1058 
7590000 12243 568.172 3894176.6 328.192 11.8017 12243 44165636.0 3586.7708 
7600000 12250 691.446 3897089.5 346.368 14.169 12250 44198465.0 4435.0839 
7610000 12268 655.386 3902517.3 333.674 13.6088 12268 44259210.0 3727.0244 
7620000 12285 637.417 3908201.0 331.556 13.4853 12285 44323030.0 3665.8626 
7630000 12296 697.98 3911668.4 326.787 14.9903 12296 44362583.0 3642.2773 
7640000 12303 752.994 3914614.1 336.508 16.4978 12303 44395605.0 4061.8356 
7650000 12313 830.976 3917667.1 333.579 17.9125 12313 44430284.0 3792.5074 
7660000 12324 845.339 3921205.4 332.516 18.2742 12324 44470299.0 3748.5437 
7670000 12348 670.277 3927735.3 306.848 14.4044 12348 44544429.0 3216.8073 
7680000 12362 694.192 3932416.9 320.161 15.1851 12362 44597489.0 3992.6479 
7690000 12383 616.671 3938623.3 311.747 13.6446 12383 44667659.0 3389.4833 
7700000 12406 533.834 3944016.4 278.811 11.4965 12406 44728655.0 2265.8042 
7710000 12438 421.282 3951358.0 252.761 9.0854 12438 44811403.0 2492.6036 
7720000 12461 427.599 3957619.8 260.117 9.0196 12461 44882019.0 3005.5169 
7730000 12484 424.257 3964086.8 265.212 8.8227 12484 44953820.0 2998.6486 
7740000 12507 429.215 3970731.0 274.049 8.8337 12507 45026715.0 2911.1195 
7750000 12526 448.574 3977034.2 287.501 9.1858 12526 45095753.0 3409.319 
7760000 12539 527.836 3981879.2 310.573 10.8153 12539 45150652.0 4055.6616 
7770000 12560 501.549 3987657.3 298.578 10.3021 12560 45215570.0 3173.3841 
7780000 12575 550.209 3992350.4 302.7 11.6974 12575 45267585.0 3470.6881 
7790000 12595 528.511 3998798.3 308.368 11.7165 12595 45340267.0 3720.4991 
7800000 12607 598.757 4003436.2 326.743 13.1586 12607 45392399.0 4265.4926 
7810000 12621 631.961 4008637.0 339.211 13.6153 12621 45451369.0 4379.0777 
7820000 12631 697.83 4013127.0 357.395 14.8121 12631 45502049.0 4764.858 
7830000 12639 770.026 4016739.3 370.939 16.1389 12639 45542678.0 4942.7339 
7840000 12647 832.16 4019977.6 375.06 17.2665 12647 45579170.0 4648.8455 
7850000 12659 850.179 4024887.0 386.054 17.8689 12659 45634813.0 4725.0165 
7860000 12667 908.289 4027786.0 381.116 19.433 12667 45667566.0 4257.788 
7870000 12679 888.032 4031254.5 363.45 18.9089 12679 45705947.0 3456.2157 
7880000 12688 895.942 4034126.5 348.348 18.7798 12688 45737917.0 3171.6147 
7890000 12697 931.646 4037549.4 355.582 19.3533 12697 45777067.0 4057.7703 
7900000 12707 953.788 4041976.8 371.549 20.354 12707 45827097.0 4629.3917 
7910000 12715 943.782 4045703.2 382.79 20.0929 12715 45869165.0 4786.1484 
7920000 12729 938.709 4049685.1 365.611 19.5786 12729 45913586.0 3853.125 
7930000 12742 895.057 4054313.6 362.228 19.1237 12742 45965531.0 3777.5138 
7940000 12763 739.651 4060541.2 334.28 16.0833 12763 46035849.0 2731.3706 
7950000 12780 696.566 4066008.5 331.099 15.28 12780 46097832.0 3700.0496 
7960000 12786 811.844 4068478.7 343.076 17.9287 12786 46125958.0 4277.9002 
7970000 12795 842.896 4072811.5 359.527 18.7232 12795 46175079.0 4716.0162 
7980000 12806 842.667 4077527.0 372.656 18.3605 12806 46228969.0 4651.6711 
7990000 12818 862.419 4082174.8 377.477 18.404 12818 46282023.0 4696.334 
8000000 12826 913.308 4085810.6 386.606 19.2075 12826 46323169.0 4880.1099 
8010000 12837 903.468 4090394.4 390.829 19.4096 12837 46375097.0 4616.094 
8020000 12847 938.255 4094479.6 398.054 20.0014 12847 46421375.0 4854.8198 
8030000 12858 916.453 4099340.3 403.411 19.3337 12858 46476134.0 4684.8847 
8040000 12871 897.042 4104962.5 414.058 19.1342 12871 46539496.0 4886.0937 
8050000 12878 958.56 4107274.3 398.161 20.1667 12878 46565489.0 3960.2169 
8060000 12893 884.244 4112762.2 393.981 18.6165 12893 46627902.0 4016.8539 
8070000 12906 852.46 4117923.2 392.264 18.1173 12906 46686521.0 4319.2894 
8080000 12918 851.288 4122448.9 389.258 18.3576 12918 46738026.0 4461.6782 
8090000 12931 822.197 4127672.7 391.878 17.8436 12931 46797330.0 4501.7313 
8100000 12939 871.979 4130400.9 386.292 18.9473 12939 46828615.0 4141.7561 
8110000 12949 923.735 4134037.2 380.919 19.5841 12949 46870332.0 4151.3594 
8120000 12966 828.777 4140582.9 383.784 17.3982 12966 46945343.0 4366.7398 
8130000 12978 818.066 4145652.9 387.075 17.1861 12978 47003381.0 4527.2367 
8140000 12993 786.683 4150677.1 375.414 16.5401 12993 47060890.0 3961.2283 
8150000 13006 775.576 4155375.2 371.671 16.0716 13006 47114793.0 4157.9847 
8160000 13013 853.596 4157605.7 363.521 17.6128 13013 47140248.0 3841.0421 
8170000 13026 856.26 4162744.0 377.593 17.6772 13026 47198526.0 4646.0796 
8180000 13043 774.242 4168841.3 369.611 15.9321 13043 47267515.0 4245.8007 
8190000 13059 731.228 4175238.1 376.114 15.0095 13059 47340762.0 4455.7325 
8200000 13075 672.611 4181098.9 374.971 13.8522 13075 47407610.0 4456.2531 
8210000 13089 702.37 4185884.1 366.709 14.4539 13089 47462540.0 4082.4808 
8220000 13106 673.476 4191800.7 364.095 13.7543 13106 47530535.0 4046.8526 
8230000 13118 704.935 4197070.8 378.38 14.3891 13118 47590820.0 4621.8283 
8240000 13130 733.64 4201559.9 378.021 14.9692 13130 47642303.0 4543.6562 
8250000 13146 698.093 4207130.5 367.79 14.4274 13146 47706054.0 4120.2299 
8260000 13154 786.206 4210862.5 383.204 16.1215 13154 47748879.0 4846.0787 
8270000 13164 832.94 4214631.6 385.319 17.1791 13164 47792228.0 4653.7398 
8280000 13179 776.018 4219992.7 375.608 15.9922 13179 47852980.0 3989.7765 
8290000 13188 836.551 4222948.0 369.564 17.0037 13188 47886545.0 3849.0342 
8300000 13197 874.985 4226724.8 374.286 17.9381 13197 47929623.0 4206.2463 
8310000 13207 902.878 4230024.9 367.743 18.4143 13207 47967454.0 3833.7052 
8320000 13229 737.525 4236255.5 338.679 15.3745 13229 48039090.0 3175.6055 
8330000 13241 755.729 4240677.3 342.143 15.6068 13241 48089799.0 3861.2585 
8340000 13256 705.333 4246311.9 350.575 14.591 13256 48154303.0 4310.7331 
8350000 13274 679.133 4252212.8 342.985 13.9559 13274 48221399.0 3571.4914 
8360000 13291 654.352 4258215.6 345.424 13.7437 13291 48289246.0 3957.9572 
8370000 13313 588.089 4264619.7 331.853 12.2901 13313 48361534.0 3584.5094 
8380000 13333 557.056 4271843.3 339.53 11.7496 13333 48443165.0 3889.557 
8390000 13344 623.07 4275936.6 342.253 13.4016 13344 48489034.0 4078.6025 
8400000 13357 657.811 4281081.1 355.663 14.3288 13357 48547075.0 4346.9593 
8410000 13374 631.242 4286661.8 346.084 13.9054 13374 48610039.0 3923.6831 
8420000 13387 671.225 4290926.3 345.456 14.9655 13387 48658600.0 3789.0519 
8430000 13407 605.4 4297302.5 333.995 13.2317 13407 48731214.0 3275.5635 
8440000 13417 685.557 4301376.8 346.929 15.2674 13417 48777667.0 4071.4038 
8450000 13432 679.788 4307003.1 355.627 14.7875 13432 48841712.0 4241.9655 
8460000 13446 680.832 4312091.0 353.302 15.1807 13446 48899673.0 3875.1672 
8470000 13461 674.803 4318704.5 375.711 14.8089 13461 48974991.0 4634.7368 
8480000 13472 722.021 4323018.6 380.86 15.8425 13472 49024368.0 4746.7436 
8490000 13486 718.721 4328528.5 381.854 15.4675 13486 49087428.0 4580.4361 
8500000 13504 672.458 4335450.2 383.542 14.7271 13504 49166776.0 4317.456 
8510000 13521 652.828 4342158.2 391.301 14.1457 13521 49243446.0 4641.6655 
8520000 13535 639.524 4348018.5 394.474 13.8853 13535 49310631.0 4642.1954 
8530000 13546 713.319 4352844.8 403.563 15.2898 13546 49365898.0 4952.5781 
8540000 13557 754.066 4357659.2 410.556 16.4852 13557 49420940.0 4847.8077 
8550000 13575 694.619 4364409.9 400.296 14.9699 13575 49497953.0 4452.5953 
8560000 13590 687.222 4370246.2 396.216 14.7863 13590 49564314.0 4479.3196 
8570000 13607 657.465 4376834.0 393.399 14.2794 13607 49639594.0 4378.4843 
8580000 13621 666.787 4383462.9 410.158 15.0358 13621 49714620.0 5068.8329 
8590000 13632 714.073 4388749.4 423.666 16.1815 13632 49774753.0 5392.7913 
8600000 13641 785.213 4392334.3 423.84 17.3288 13641 49815841.0 4997.8205 
8610000 13648 869.592 4395842.7 432.745 19.319 13648 49855953.0 5316.2324 
8620000 13658 897.378 4400140.3 433.919 19.539 13658 49904418.0 5033.3299 
8630000 13672 844.464 4406696.2 439.072 18.493 13672 49979297.0 5167.694 
8640000 13686 796.861 4412796.3 436.643 17.2298 13686 50049230.0 5011.1576 
8650000 13706 722.006 4419935.5 419.533 15.6631 13706 50130911.0 4648.6569 
8660000 13721 702.033 4426162.7 415.028 14.9654 13721 50201576.0 4527.2273 
8670000 13737 677.538 4432432.3 407.281 14.6023 13737 50273555.0 4512.2346 
8680000 13750 696.171 4438371.2 417.107 14.84 13750 50341794.0 4917.4802 
8690000 13763 715.097 4444588.4 433.483 15.4526 13763 50412950.0 5382.7757 
8700000 13777 713.359 4450896.8 436.872 15.761 13777 50485178.0 5134.4444 
8710000 13788 747.83 4456123.5 439.539 16.2988 13788 50545117.0 5153.8939 
8720000 13799 775.114 4461629.1 453.409 17.0515 13799 50607871.0 5605.0351 
8730000 13813 779.055 4467611.5 454.38 17.1341 13813 50676092.0 5352.7371 
8740000 13825 791.156 4472969.2 450.955 17.4434 13825 50737506.0 5098.3842 
8750000 13833 837.718 4476834.0 449.331 18.1674 13833 50781345.0 5100.2752 
8760000 13849 798.401 4483710.8 449.25 17.108 13849 50859741.0 5090.766 
8770000 13863 773.408 4490175.2 449.19 16.6958 13863 50933542.0 5132.2442 
8780000 13878 739.299 4496891.5 444.833 16.0683 13878 51010616.0 4891.1418 
8790000 13883 851.067 4499180.8 446.547 18.2569 13883 51036929.0 5062.6395 
8800000 13888 981.789 4500858.0 442.403 20.9746 13888 51056371.0 4885.0016 
8810000 13897 982.007 4504998.6 441.395 21.052 13897 51103671.0 4811.249 
8820000 13911 928.493 4511048.3 439.977 19.7385 13911 51173121.0 4975.732 
8830000 13930 801.207 4517769.6 413.528 17.2069 13930 51250150.0 4108.0918 
8840000 13948 722.677 4524938.7 405.731 15.6603 13948 51332744.0 4276.3755 
8850000 13956 758.7 4528776.9 411.101 16.5912 13956 51376940.0 4714.8627 
8860000 13964 844.244 4531882.7 409.469 18.0733 13964 51412881.0 4580.4396 
8870000 13973 909.986 4535733.5 415.391 19.5929 13973 51457232.0 4972.8059 
8880000 13989 831.598 4542794.1 423.359 17.8155 13989 51538174.0 5027.5462 
8890000 14003 791.591 4548910.4 422.071 17.1872 14003 51608196.0 4730.9716 
8900000 14021 721.491 4554972.2 398.551 16.164 14021 51677527.0 3905.1386 
8910000 14042 640.91 4561870.4 376.718 14.6718 14042 51756140.0 3806.9565 
8920000 14061 603.778 4569341.6 380.703 14.0856 14061 51841934.0 4507.8107 
8930000 14075 625.464 4575347.7 390.278 14.1844 14075 51910516.0 4601.2086 
8940000 14096 560.222 4581972.7 362.77 12.7376 14096 51986298.0 3692.685 
8950000 14111 599.892 4587984.3 376.555 13.2469 14111 52055475.0 4576.8516 
8960000 14129 595.237 4594920.8 383.731 13.2011 14129 52135025.0 4984.861 
8970000 14146 591.921 4601816.6 388.665 12.9254 14146 52213772.0 4638.6685 
8980000 14154 685.432 4605741.3 398.952 14.8355 14154 52258476.0 4918.4126 
8990000 14172 651.879 4613211.2 410.124 14.2805 14172 52343952.0 4972.3605 
9000000 14184 680.738 4618564.6 409.533 14.7021 14184 52405271.0 4851.2809 
9010000 14201 666.585 4625194.1 411.219 14.6042 14201 52481522.0 4908.534 
9020000 14215 684.101 4630509.2 404.487 15.3843 14215 52542733.0 4572.5152 
9030000 14231 660.907 4637785.9 413.165 14.6657 14231 52626433.0 5008.6961 
9040000 14244 688.845 4643321.4 418.017 15.1031 14244 52689903.0 4893.1154 
9050000 14259 688.334 4649185.6 411.809 15.4329 14259 52756823.0 4564.9223 
9060000 14273 692.258 4655701.6 424.133 15.786 14273 52831030.0 5145.9665 
9070000 14293 629.614 4663380.1 412.226 14.1978 14293 52919478.0 4502.7843 
9080000 14312 592.895 4669811.8 388.081 13.5389 14312 52993720.0 3923.1473 
9090000 14325 635.125 4674983.3 391.938 14.3969 14325 53053390.0 4379.1666 
9100000 14340 638.527 4681379.4 398.522 14.6025 14340 53127192.0 4925.3494 
9110000 14356 630.854 4688362.3 407.569 14.0962 14356 53207605.0 4989.2617 
9120000 14373 628.939 4695103.3 410.035 14.262 14373 53284892.0 4976.7123 
9130000 14383 653.816 4698302.0 390.475 14.6081 14383 53321962.0 3939.9146 
9140000 14394 737.153 4702555.9 390.815 16.1974 14394 53370810.0 4432.7505 
9150000 14413 668.56 4709963.5 390.603 14.599 14413 53455916.0 4423.1692 
9160000 14435 592.28 4717863.4 379.286 13.1323 14435 53546505.0 4217.7315 
9170000 14457 539.326 4724979.5 357.003 11.7745 14457 53628399.0 3705.5893 
9180000 14475 541.112 4732133.5 368.191 12.0322 14475 53710745.0 4373.8863 
9190000 14494 536.971 4739433.1 373.017 11.966 14494 53794627.0 4328.4194 
9200000 14517 503.888 4746887.1 358.141 11.0018 14517 53880129.0 3879.649 
9210000 14536 516.314 4753476.6 355.071 11.6513 14536 53956092.0 3946.6744 
9220000 14547 529.65 4758385.3 369.481 11.902 14547 54012260.0 4616.8431 
9230000 14564 572.761 4763752.0 353.321 12.463 14564 54073367.0 3918.4852 
9240000 14574 673.214 4766927.5 352.91 14.237 14574 54108526.0 3814.0034 
9250000 14581 775.064 4769331.7 351.993 16.0826 14581 54135520.0 3859.1806 
9260000 14596 736.976 4774347.4 342.254 15.4893 14596 54191741.0 3745.9484 
9270000 14608 768.656 4778377.1 345.889 16.2873 14608 54237247.0 4006.2066 
9280000 14616 797.288 4782095.4 360.581 16.9599 14616 54279552.0 4617.6077 
9290000 14631 777.02 4787512.7 357.5 16.5329 14631 54341025.0 3897.4187 
9300000 14645 768.336 4792897.2 365.94 16.5685 14645 54402143.0 4285.3027 
9310000 14670 593.349 4798958.7 312.931 12.6536 14670 54470500.0 2519.3567 
9320000 14687 614.886 4803113.5 299.12 12.8357 14687 54517465.0 2884.153 
9330000 14714 509.061 4809870.8 275.949 10.466 14714 54593511.0 2682.5297 
9340000 14738 468.954 4815561.1 261.76 9.5 14738 54657248.0 2741.5888 
9350000 14765 427.731 4821026.0 240.479 8.8304 14765 54718502.0 2449.4608 
9360000 14789 425.066 4828134.4 262.395 8.6986 14789 54799044.0 3369.3049 
9370000 14812 435.999 4834077.7 261.999 8.8042 14812 54866743.0 3166.1665 
9380000 14821 499.623 4836983.6 266.85 10.0576 14821 54899399.0 3168.7951 
9390000 14833 571.604 4840686.2 277.803 11.4409 14833 54941166.0 3438.6632 
9400000 14850 595.826 4846078.0 285.445 11.9138 14850 55001454.0 3344.0095 
9410000 14881 475.749 4853608.0 268.482 9.6496 14881 55084573.0 2584.2486 
9420000 14899 498.793 4859324.7 280.686 10.18 14899 55149300.0 3545.8197 
9430000 14915 537.164 4864990.6 301.954 11.2126 14915 55214111.0 3911.7073 
9440000 14932 547.807 4870235.4 300.987 11.3049 14932 55273506.0 3280.9367 
9450000 14942 638.366 4873366.5 305.709 13.5134 14942 55308197.0 3559.659 
9460000 14961 612.071 4878931.0 304.214 12.8626 14961 55371984.0 3497.7405 
9470000 14976 603.972 4884702.3 317.542 13.0011 14976 55438167.0 3968.0979 
9480000 14987 675.353 4889028.9 333.791 15.0075 14987 55487712.0 4450.4084 
9490000 15003 667.76 4894430.4 336.711 14.9555 15003 55549450.0 4040.2028 
9500000 15017 650.249 4899445.0 340.362 14.5437 15017 55606564.0 4005.5377 
9510000 15033 667.948 4904874.2 341.112 15.4093 15033 55668243.0 3819.0984 
9520000 15047 676.989 4909541.0 338.511 15.1626 15047 55721328.0 3716.5072 
9530000 15062 669.491 4914857.4 343.451 14.672 15062 55781798.0 4164.5359 
9540000 15074 709.745 4919647.8 354.364 15.5767 15074 55836370.0 4431.8289 
9550000 15089 697.208 4925511.1 365.221 15.4406 15089 55903489.0 4591.2628 
9560000 15102 686.927 4931104.1 378.986 15.0111 15102 55967857.0 4732.967 
9570000 15116 718.784 4936737.5 385.798 15.6942 15116 56032484.0 4658.6973 
9580000 15135 647.868 4943373.1 373.891 13.8423 15135 56109070.0 4036.1108 
9590000 15152 639.775 4949023.8 366.345 13.5066 15152 56174036.0 3893.6382 
9600000 15166 654.142 4954773.4 373.865 14.1491 15166 56240158.0 4604.2095 
9610000 15181 667.236 4960686.0 383.431 14.217 15181 56308131.0 4728.2512 
9620000 15193 701.612 4966440.6 402.899 14.872 15193 56374371.0 5245.1142 
9630000 15210 671.023 4972791.7 396.178 14.4014 15210 56447585.0 4781.2697 
9640000 15228 638.034 4979375.5 388.487 13.9979 15228 56523259.0 4236.1764 
9650000 15242 647.611 4985707.8 398.047 14.2453 15242 56596033.0 4776.6847 
9660000 15254 670.149 4990752.6 405.935 14.5401 15254 56654138.0 4894.423 
9670000 15262 733.712 4994736.1 414.761 15.889 15262 56699895.0 5127.5939 
9680000 15278 731.104 4999932.3 391.235 15.5625 15278 56759372.0 3882.6593 
9690000 15295 690.981 5006851.9 395.617 14.8011 15295 56839017.0 4622.3958 
9700000 15307 713.997 5011572.1 392.535 15.2879 15307 56893239.0 4398.5329 
9710000 15330 623.841 5018840.6 370.226 13.4249 15330 56977030.0 3911.3483 
9720000 15347 614.107 5024724.7 361.685 12.9561 15347 57044727.0 3997.0446 
9730000 15365 596.916 5030294.8 346.06 12.5698 15365 57107096.0 3401.4401 
9740000 15375 668.824 5033660.6 346.436 14.0072 15375 57145113.0 3794.0021 
9750000 15384 714.191 5037758.7 360.828 14.8839 15384 57191776.0 4565.8595 
9760000 15400 707.76 5043659.1 364.659 14.8826 15400 57259153.0 4416.99 
9770000 15413 725.611 5048490.0 365.952 15.8568 15413 57314463.0 4364.768 
9780000 15426 735.674 5053880.9 375.912 16.1996 15426 57376139.0 4693.8549 
9790000 15441 721.399 5059628.4 380.358 16.3092 15441 57441833.0 4448.4485 
9800000 15454 731.538 5064778.3 384.658 16.1562 15454 57500214.0 4444.2763 
9810000 15467 743.249 5069656.8 384.252 16.4605 15467 57555265.0 4442.4628 
9820000 15488 643.948 5075660.0 347.36 13.8634 15488 57620761.0 2956.0911 
9830000 15508 606.367 5081400.0 329.402 12.7789 15508 57685320.0 3236.2703 
9840000 15520 633.863 5086072.5 338.257 13.2678 15520 57738825.0 4014.2498 
9850000 15526 764.516 5088074.2 337.665 15.6389 15526 57761957.0 3945.6041 
9860000 15538 781.661 5092335.1 341.189 16.1144 15538 57811051.0 4107.7401 
9870000 15548 819.064 5096474.3 356.141 17.0654 15548 57858629.0 4548.0996 
9880000 15562 793.504 5102115.5 366.392 16.5795 15562 57923559.0 4527.3754 
9890000 15573 818.646 5106542.0 373.786 17.7218 15573 57974397.0 4667.4176 
9900000 15591 740.041 5113081.2 371.489 15.9829 15591 58049446.0 4302.4373 
9910000 15607 706.16 5119780.1 384.12 15.5579 15607 58126228.0 4718.3571 
9920000 15624 674.737 5126548.4 389.925 14.786 15624 58204066.0 4776.2565 
9930000 15636 703.815 5132554.6 412.62 15.2423 15636 58272831.0 5462.5354 
9940000 15646 738.904 5137118.3 420.742 15.7778 15646 58325272.0 5281.0766 
9950000 15651 889.352 5138715.1 414.87 18.7851 15651 58343807.0 4805.5349 
9960000 15658 949.307 5141678.4 413.251 19.7776 15658 58378010.0 4730.5989 
9970000 15663 1058.18 5143897.3 418.258 21.7738 15663 58403814.0 5039.6747 
9980000 15672 1061.536 5148534.3 431.283 21.9136 15672 58457091.0 5448.5031 
9990000 15689 924.022 5155628.6 428.016 19.3994 15689 58538715.0 4931.7111 
10000000 15702 886.87 5160797.6 418.886 18.8384 15702 58597963.0 4428.6654 
