10000 10 182.927 -14522.925 -265.914 0.1916 0 0 0 0.0 0.0 0.0 0.0 0.0 
20000 20 332.392 -28910.929 -480.387 0.3435 0 0 0 0.0 0.0 0.0 0.0 0.0 
30000 30 454.516 -41963.642 -631.678 1.6836 0 0 0 0.0093915 2.2871714 0.0753717 0.1335957 0.0853948 
40000 40 554.3 -54442.151 -744.534 2.7665 0 0 0 0.0074 4.2774233 0.1770257 0.0902705 0.0677129 
50000 50 635.83 -66883.731 -836.023 3.6548 0 0 0 0.0065524 6.0930957 0.3303799 0.0735649 0.0610615 
60000 60 702.447 -74357.559 -819.57 4.3468 0 0 0 0.0068212 7.3094156 0.6047735 0.0653186 0.0617185 
70000 70 756.877 -86345.778 -889.044 4.937 0 0 0 0.0070119 8.6468453 0.9913119 0.0595452 0.0631903 
80000 80 801.351 -91806.168 -821.968 5.4137 0 0 0 0.0073309 9.0977318 1.3456972 0.0555909 0.0647403 
90000 90 837.689 -96544.673 -759.492 5.8024 0 0 0 0.0069882 8.9607114 1.4956003 0.052436 0.0626357 
100000 100 867.38 -97767.496 -642.972 6.1219 0 0 0 0.0072948 8.524487 1.5608705 0.0511103 0.064485 
110000 110 891.64 -100257.537 -571.478 6.3913 0 0 0 0.0074737 7.4793416 1.757015 0.0480627 0.0654542 
120000 120 911.462 -103818.27 -534.787 6.6106 0 0 0 0.0071111 7.209043 1.6138231 0.046692 0.0627791 
130000 130 927.658 -108744.816 -526.438 6.8443 0 0 0 0.00687 6.6378485 1.6731624 0.0481914 0.0632542 
140000 140 940.891 -112724.648 -504.64 6.9802 0 0 0 0.0069759 6.143838 1.7221831 0.0471583 0.0643371 
150000 150 951.704 -116707.9 -481.967 7.1003 0 0 0 0.0072077 5.4999201 1.8229886 0.0446146 0.0622298 
160000 160 960.539 -114533.773 -354.802 7.1799 0 0 0 0.007045 3.5470268 1.9255107 0.0459982 0.0631091 
170000 170 967.757 -112642.749 -255.129 7.2604 0 0 0 0.0065729 1.0613867 1.9038177 0.045393 0.0588543 
180000 180 973.655 -115069.398 -252.102 7.3254 0 0 0 0.0071024 -0.6430962 1.9726713 0.0485625 0.0616793 
190000 190 978.474 -117388.793 -244.994 7.379 0 0 0 0.0067409 -2.7374362 2.0109882 0.0472476 0.0587577 
200000 200 982.412 -119337.921 -237.194 7.4163 0 0 0 0.0066036 -5.3482892 2.283095 0.0460672 0.0580838 
210000 210 985.629 -116983.082 -149.707 7.4556 0 0 0 0.0061786 -7.7925103 2.1112201 0.0462376 0.0559254 
220000 220 988.258 -113599.855 -59.579 7.4945 0 0 0 0.0063945 -10.9697847 2.6205365 0.0464241 0.0563978 
230000 230 990.406 -111486.838 -9.266 7.5274 0 0 0 0.0060998 -13.6278885 2.222504 0.0429703 0.0539906 
240000 240 992.161 -108569.48 46.803 7.5466 0 0 0 0.0065709 -16.322391 2.5048176 0.0447887 0.0548891 
250000 250 993.595 -105408.574 94.76 7.5646 0 0 0 0.006464 -18.8797595 2.3960742 0.048439 0.0538889 
260000 260 994.767 -102348.367 133.424 7.5898 0 0 0 0.0059517 -21.6591455 2.5962223 0.047035 0.0511952 
270000 270 995.724 -99833.761 153.805 7.6075 0 0 0 0.0050801 -24.5139764 2.0218099 0.0513382 0.0457421 
280000 280 996.506 -99578.793 133.185 7.6299 0 0 0 0.0052527 -27.1047544 2.2254591 0.0502524 0.0462529 
290000 290 997.145 -95240.544 188.396 7.6449 0 0 0 0.0050746 -29.5223517 2.851904 0.0485754 0.0431077 
300000 300 997.667 -92141.234 211.841 7.6446 0 0 0 0.004853 -31.9578731 2.2648959 0.0478017 0.0426942 
310000 310 998.094 -89077.711 229.692 7.645 0 0 0 0.0055383 -33.8025582 3.8210229 0.0487972 0.0441405 
320000 320 998.443 -85181.881 258.226 7.6517 0 0 0 0.004451 -36.0332831 2.607023 0.044307 0.0372648 
330000 330 998.728 -81809.92 271.94 7.6491 0 0 0 0.0043316 -38.3968865 1.961636 0.0421752 0.034042 
340000 340 998.96 -77758.208 296.111 7.6431 0 0 0 0.0037853 -40.2525619 2.908022 0.042837 0.0326385 
350000 350 999.151 -73568.073 318.135 7.6508 0 0 0 0.0038836 -42.2550359 3.4351212 0.0397885 0.033639 
360000 360 999.306 -69508.82 333.581 7.6556 0 0 0 0.0040503 -43.4558975 3.5163501 0.0433852 0.0321288 
370000 370 999.433 -64536.828 363.2 7.6537 0 0 0 0.003845 -44.6608414 2.178869 0.0413564 0.0317626 
380000 380 999.537 -59359.619 391.494 7.6555 0 0 0 0.0035757 -46.2825836 2.3808479 0.041702 0.0286382 
390000 390 999.621 -54201.015 414.347 7.6614 0 0 0 0.0031962 -47.6387038 3.5904566 0.0349134 0.0263983 
400000 400 999.691 -48961.701 434.031 7.6576 0 0 0 0.0035002 -48.5901409 5.1182853 0.0392978 0.0283144 
410000 410 999.747 -43282.492 458.689 7.6709 0 0 0 0.003262 -49.7316535 3.5799048 0.038434 0.0248531 
420000 420 999.793 -37673.737 477.583 7.6759 0 0 0 0.0027412 -50.9643248 3.8259253 0.0381186 0.0232137 
430000 430 999.831 -32199.898 490.277 7.678 0 0 0 0.0029126 -51.9394561 2.1878179 0.0364669 0.0233441 
440000 440 999.862 -26981.115 495.982 7.6812 0 0 0 0.0026843 -52.7490686 3.8398909 0.0383506 0.0221029 
450000 450 999.887 -21546.724 504.616 7.6739 0 0 0 0.0033496 -53.6139775 4.8669452 0.0416119 0.0248685 
460000 460 999.908 -15954.056 514.537 7.6825 0 0 0 0.0029144 -54.7360535 3.6179031 0.0403787 0.0235055 
470000 470 999.925 -10606.485 518.309 7.6905 0 0 0 0.0026412 -55.8484033 2.050845 0.0420202 0.0217239 
480000 480 999.939 -5353.006 519.675 7.6913 0 0 0 0.0026531 -57.2039096 2.8417404 0.048304 0.0209121 
490000 490 999.95 130.367 525.259 7.6936 0 0 0 0.0027034 -58.3558869 3.9556117 0.0524215 0.0215607 
500000 500 999.959 6454.359 544.939 7.6985 0 0 0 0.002701 -59.7597752 4.1154263 0.0583808 0.0218313 
510000 510 999.966 11882.634 544.637 7.6922 0 0 0 0.00292 -61.1273741 2.4008179 0.0487103 0.0216029 
520000 520 999.973 17648.365 550.537 7.7079 0 0 0 0.0032588 -62.4727513 8.4031604 0.0463003 0.0233244 
530000 530 999.978 23447.599 556.095 7.7176 0 0 0 0.0029123 -63.7882768 9.4463245 0.0472217 0.0212518 
540000 540 999.982 29444.985 564.244 7.728 0 0 0 0.0028847 -65.3596973 5.908473 0.0539386 0.0205687 
550000 550 999.985 35191.815 565.609 7.7266 0 0 0 0.0025969 -66.81722 3.9246472 0.0566166 0.0206625 
560000 560 999.988 40265.736 554.586 7.7448 0 0 0 0.0023614 -67.5428525 4.2930895 0.0459643 0.0187708 
570000 570 999.99 43903.57 520.16 7.766 0 0 0 0.0024765 -68.2900067 4.6041337 0.0539641 0.019346 
580000 580 999.992 49724.316 532.393 7.7767 0 0 0 0.0029571 -68.9458796 7.1983688 0.0518213 0.0235363 
590000 590 999.993 54935.608 531.736 7.8573 0 0 0 0.0032952 -69.5186096 5.1722352 0.054766 0.0252418 
600000 600 999.995 60889.966 543.141 7.8204 0 0 0 0.003106 -70.1766848 6.429958 0.056546 0.0246359 
610000 610 999.996 66927.196 553.973 7.803 0 0 0 0.0032375 -70.7741702 5.6101909 0.0587919 0.0251642 
620000 620 999.996 71481.918 533.672 7.7761 0 0 0 0.0029703 -71.2193657 3.0264139 0.0591742 0.024866 
630000 630 999.997 75788.701 517.295 7.7698 0 0 0 0.0037501 -71.8737169 6.0234627 0.0607095 0.0292216 
640000 640 999.998 82328.955 542.404 7.7601 0 0 0 0.0039338 -72.6399723 5.0780211 0.066161 0.0290823 
650000 650 999.998 88332.808 552.528 7.7611 0 0 0 0.0038089 -73.205211 9.2450324 0.0740752 0.0314669 
660000 660 999.998 93694.132 550.396 7.7487 0 0 0 0.003878 -73.8410572 4.8480647 0.0646374 0.0295097 
670000 670 999.999 100489.766 574.162 7.7583 0 0 0 0.0037831 -74.8208214 5.0302923 0.063722 0.0305845 
680000 680 999.999 106984.346 588.242 7.7497 0 0 0 0.0038052 -75.6673948 6.2963256 0.0683356 0.0308228 
690000 690 999.999 114051.617 610.066 7.734 0 0 0 0.003777 -76.5951271 4.9394544 0.0659031 0.0329622 
700000 700 999.999 121144.283 628.474 7.7166 0 0 0 0.0039141 -77.1211589 3.1240334 0.0646955 0.0330147 
710000 710 999.999 126662.571 612.567 7.7094 0 0 0 0.0038827 -78.045316 6.2302912 0.0678116 0.0327041 
720000 720 1000.0 132707.536 611.583 7.6968 0 0 0 0.0045769 -78.8960641 3.9781623 0.0667037 0.036566 
730000 730 1000.0 135723.68 558.304 7.6937 0 0 0 0.0044196 -79.395215 6.4812963 0.0709473 0.036082 
740000 740 1000.0 142794.375 585.553 7.6866 0 0 0 0.0042683 -79.996977 5.3674952 0.0654602 0.0375591 
750000 750 1000.0 149783.245 606.385 7.6845 0 0 0 0.0043717 -80.92018 7.0456078 0.0622509 0.0381867 
760000 760 1000.0 157242.767 631.889 7.6894 0 0 0 0.0048992 -81.9315538 12.3555995 0.0621376 0.0392092 
770000 770 1000.0 164559.884 650.33 7.6944 0 0 0 0.0048101 -83.0116535 10.847973 0.0617322 0.0399045 
780000 780 1000.0 172422.55 675.266 7.7075 0 0 0 0.0048174 -83.8541799 8.4518938 0.0669045 0.0412978 
790000 790 1000.0 180058.644 691.571 7.7161 0 0 0 0.0050945 -84.8328202 13.4146141 0.0728699 0.0418631 
800000 800 1000.0 188058.486 711.187 7.7171 0 0 0 0.0050481 -85.891151 8.4979509 0.0714087 0.0432396 
810000 810 1000.0 195812.345 722.67 7.7117 0 0 0 0.0051046 -86.7110493 3.896439 0.070514 0.0449993 
820000 820 1000.0 203960.774 739.243 7.7202 0 0 0 0.0050696 -87.5763993 7.1155949 0.0682494 0.0440449 
830000 830 1000.0 213762.114 783.289 7.7187 0 0 0 0.0050291 -88.6814015 7.802746 0.0627018 0.0443962 
840000 840 1000.0 224596.716 838.416 7.7317 0 0 0 0.0046945 -89.7776845 7.0883036 0.0658981 0.0422779 
850000 850 1000.0 234885.745 872.897 7.7258 0 0 0 0.0050014 -91.0536533 7.1970201 0.0588163 0.0435188 
860000 860 1000.0 244780.439 893.954 7.7107 0 0 0 0.0051619 -91.997264 12.1893197 0.0644876 0.0457097 
870000 870 1000.0 253057.549 880.218 7.7144 0 0 0 0.0056315 -93.1912748 11.3668712 0.0610677 0.0482132 
880000 880 1000.0 260498.951 854.881 7.7212 0 0 0 0.0052307 -94.0478898 7.7146164 0.0615153 0.0462264 
890000 890 1000.0 267391.831 821.778 7.7166 0 0 0 0.0049931 -94.9135388 5.7436385 0.0602577 0.0442961 
900000 900 1000.0 275411.067 817.808 7.7121 0 0 0 0.0050895 -96.062006 11.9013133 0.0611581 0.0437884 
910000 910 1000.0 282543.243 800.254 7.7175 0 0 0 0.0049976 -97.0361612 19.7929379 0.0571376 0.044013 
920000 920 1000.0 290727.737 803.8 7.7166 0 0 0 0.0051852 -98.1534107 13.6839989 0.0595971 0.0461637 
930000 930 1000.0 300160.095 829.624 7.7273 0 0 0 0.004909 -99.2416534 8.8893975 0.0619998 0.0430105 
940000 940 1000.0 309528.234 848.16 7.7188 0 0 0 0.0050621 -100.2215667 21.915399 0.0745213 0.0443407 
950000 950 1000.0 318401.455 856.593 7.7411 0 0 0 0.0048124 -101.2130205 4.3699418 0.0651974 0.0433721 
960000 960 1000.0 329719.957 907.766 7.7431 0 0 0 0.0048333 -102.365636 11.3926542 0.0656535 0.0429066 
970000 970 1000.0 341705.061 960.845 7.7414 0 0 0 0.0051686 -103.5748261 12.4653445 0.063232 0.045023 
980000 980 1000.0 352683.46 986.542 7.7396 0 0 0 0.0049868 -104.6938993 10.9829275 0.067963 0.0450052 
990000 990 1000.0 362664.484 988.674 7.7368 0 0 0 0.0050719 -106.0874531 10.5539955 0.0640366 0.0461191 
1000000 1000 1000.0 372519.037 986.646 7.7297 0 0 0 0.0051722 -107.1824353 9.6627942 0.0679436 0.0473976 
1010000 1010 1000.0 384431.255 1025.2 7.7313 0 0 0 0.0052135 -108.555634 4.985582 0.0711874 0.0479225 
1020000 1020 1000.0 396257.68 1054.372 7.7422 0 0 0 0.0051829 -109.9045835 19.2437617 0.0637486 0.0466219 
1030000 1030 1000.0 406782.205 1054.01 7.7424 0 0 0 0.0047588 -110.8759445 15.3013253 0.066374 0.0436635 
1040000 1040 1000.0 418131.99 1069.705 7.7533 0 0 0 0.0052553 -111.9180254 11.1686844 0.064419 0.0480799 
1050000 1050 1000.0 430825.802 1106.182 7.7551 0 0 0 0.0053557 -113.2361635 9.718763 0.0644366 0.0497488 
1060000 1060 1000.0 443916.86 1143.124 7.7435 0 0 0 0.0050633 -114.4868912 5.7541424 0.0663584 0.0476166 
1070000 1070 1000.0 456664.305 1166.868 7.7373 0 0 0 0.0056071 -115.6715169 16.8294584 0.0639528 0.050568 
1080000 1080 1000.0 470262.985 1202.254 7.7339 0 0 0 0.0054945 -117.4908219 12.5061093 0.0652062 0.0497705 
1090000 1090 1000.0 484017.035 1234.149 7.7211 0 0 0 0.0055018 -118.9497816 10.5927573 0.0656562 0.0502794 
1100000 1100 1000.0 497873.369 1261.93 7.7072 0 0 0 0.0059286 -120.2776533 9.530392 0.0668142 0.0547361 
1110000 1110 1000.0 511956.278 1289.09 7.7034 0 0 0 0.0059707 -121.9236195 25.4506053 0.0753724 0.0538875 
1120000 1120 1000.0 526719.734 1323.48 7.7047 0 0 0 0.0057524 -123.4650261 19.0634798 0.0701394 0.0526742 
1130000 1130 1000.0 541461.386 1351.191 7.6878 0 0 0 0.0055479 -124.9484512 4.3524519 0.0713234 0.0521484 
1140000 1140 1000.0 556384.4 1376.906 7.6821 0 0 0 0.0059721 -126.6118841 17.4519545 0.06704 0.0547088 
1150000 1150 1000.0 570720.977 1387.399 7.685 0 0 0 0.0056938 -128.1303431 10.4564328 0.0692818 0.0533535 
1160000 1160 1000.0 585194.756 1398.149 7.6948 0 0 0 0.0063741 -129.6167063 32.8821924 0.0738238 0.0576932 
1170000 1170 1000.0 600142.745 1416.423 7.7111 0 0 0 0.0055071 -131.1393833 8.491573 0.0708932 0.0515316 
1180000 1180 1000.0 613916.697 1408.997 7.7234 0 0 0 0.0061607 -132.5631632 23.4527658 0.0690485 0.0558009 
1190000 1190 1000.0 629056.567 1428.386 7.7289 0 0 0 0.0058171 -134.1431925 15.3729208 0.0682767 0.053214 
1200000 1200 1000.0 642814.737 1417.816 7.725 0 0 0 0.0055283 -135.621612 17.5165689 0.0674017 0.050914 
1210000 1210 1000.0 655612.688 1394.388 7.7331 0 0 0 0.0057931 -136.9944325 30.7604485 0.0700128 0.0518217 
1220000 1220 1000.0 671638.048 1432.262 7.7303 0 0 0 0.0051961 -138.6798321 15.7886424 0.0699587 0.0472162 
1230000 1230 1000.0 687093.825 1452.919 7.7318 0 0 0 0.0053015 -139.996577 23.4922249 0.068763 0.0476986 
1240000 1240 1000.0 702459.686 1468.279 7.7198 0 0 0 0.0051931 -141.6896186 22.8814287 0.0679519 0.0461746 
1250000 1250 1000.0 717646.004 1477.728 7.7242 0 0 0 0.0053626 -142.8583032 19.0483815 0.069043 0.0473438 
1260000 1260 1000.0 733291.962 1494.012 7.7274 0 0 0 0.00528 -144.3574353 24.5260025 0.0669913 0.0479196 
1270000 1270 1000.0 748925.681 1506.959 7.719 0 0 0 0.0048959 -145.7694334 13.2276007 0.0666734 0.0454648 
1280000 1280 1000.0 764664.876 1519.273 7.7226 0 0 0 0.0049512 -146.8370048 15.5603472 0.06761 0.0446707 
1290000 1290 1000.0 780719.61 1535.157 7.7237 0 0 0 0.0051281 -147.992951 28.3184671 0.0689259 0.0459719 
1300000 1300 1000.0 796682.357 1546.57 7.7296 0 0 0 0.0046911 -149.2913101 10.9878315 0.0658729 0.0433428 
1310000 1310 1000.0 812384.457 1550.725 7.7191 0 0 0 0.0047662 -150.4758686 26.143057 0.0651183 0.0432521 
1320000 1320 1000.0 827805.594 1548.631 7.7059 0 0 0 0.0052539 -151.5533525 29.0713488 0.065746 0.0453541 
1330000 1330 1000.0 843167.988 1546.379 7.7021 0 0 0 0.0044283 -152.5368251 16.6764894 0.0632518 0.0410004 
1340000 1340 1000.0 858016.359 1534.913 7.693 0 0 0 0.004734 -153.4647786 33.5809364 0.0635356 0.041698 
1350000 1350 1000.0 873077.106 1530.04 7.6884 0 0 0 0.0045523 -154.6404602 27.1249741 0.0648309 0.0398767 
1360000 1360 1000.0 888633.447 1534.136 7.6888 0 0 0 0.0046955 -155.6922272 17.0126265 0.0650665 0.0412839 
1370000 1370 1000.0 904253.055 1539.465 7.578 0 0 0 0.0046551 -156.774957 8.6134579 0.0634079 0.0424751 
1380000 1380 1000.0 920616.071 1557.462 7.6078 0 0 0 0.0048692 -157.6854113 31.4841656 0.0606857 0.0426699 
1390000 1390 1000.0 937016.912 1572.739 7.6282 0 0 0 0.004664 -158.6503284 39.0699737 0.061312 0.0413381 
1400000 1400 1000.0 953770.177 1591.09 7.659 0 0 0 0.0043328 -159.6853674 18.2908921 0.0625183 0.0402274 
1410000 1410 1000.0 969599.913 1589.703 7.6711 0 0 0 0.0045235 -161.0546232 29.4297475 0.061998 0.0405562 
1420000 1420 1000.0 985439.341 1589.08 7.6837 0 0 0 0.0044312 -161.8847414 27.1703672 0.0630844 0.0397867 
1430000 1430 1000.0 1002501.067 1610.414 7.6944 0 0 0 0.0042089 -162.8085848 21.9058221 0.0624972 0.0390866 
1440000 1440 1000.0 1018991.003 1617.335 7.7036 0 0 0 0.0043013 -163.7044917 19.4964342 0.0630027 0.0394765 
1450000 1450 1000.0 1035609.026 1625.417 7.7039 0 0 0 0.0048197 -164.5421231 54.1942859 0.0622218 0.0406235 
1460000 1460 1000.0 1052198.713 1631.712 7.7075 0 0 0 0.0041153 -165.7517438 30.4467871 0.0628225 0.0372292 
1470000 1470 1000.0 1068944.81 1639.361 7.7182 0 0 0 0.0040662 -166.6723398 15.5288433 0.0608171 0.0380249 
1480000 1480 1000.0 1085505.347 1642.549 7.7253 0 0 0 0.0043874 -167.401028 27.428785 0.0644361 0.0391257 
1490000 1490 1000.0 1102314.507 1649.683 7.7311 0 0 0 0.004541 -168.1593851 38.4902956 0.0620918 0.0395078 
1500000 1500 1000.0 1118353.247 1640.951 7.7252 0 0 0 0.0042199 -169.321018 20.9235504 0.0660797 0.0389514 
1510000 1510 1000.0 1134593.873 1637.879 7.7267 0 0 0 0.0046085 -170.1974931 31.8412617 0.0589336 0.0402243 
1520000 1520 1000.0 1151052.496 1639.379 7.7373 0 0 0 0.0047427 -171.2718963 20.7858765 0.0641534 0.0418914 
1530000 1530 1000.0 1167475.15 1640.081 7.7463 0 0 0 0.0045123 -171.9654963 32.6602688 0.0614916 0.0391385 
1540000 1540 1000.0 1183398.637 1631.468 7.753 0 0 0 0.0045624 -172.5971257 32.9165403 0.0621981 0.0395882 
1550000 1550 1000.0 1200734.805 1650.156 7.7706 0 0 0 0.0044409 -173.5858858 20.3668092 0.0635926 0.0406865 
1560000 1560 1000.0 1217934.285 1663.198 7.7732 0 0 0 0.0046531 -174.2879006 36.8654912 0.0664863 0.0409786 
1570000 1570 1000.0 1234984.904 1670.736 7.7776 0 0 0 0.0042056 -175.0116586 21.2175708 0.0627224 0.0390978 
1580000 1580 1000.0 1252393.699 1683.256 7.79 0 0 0 0.0048342 -175.7958602 57.8874295 0.0607776 0.0410002 
1590000 1590 1000.0 1270341.63 1703.56 7.8099 0 0 0 0.0042796 -176.7169334 31.0329599 0.0617081 0.0384102 
1600000 1600 1000.0 1288075.756 1716.347 7.8217 0 0 0 0.0044752 -177.5987821 32.46277 0.0610309 0.0392457 
1610000 1610 1000.0 1305114.686 1714.082 7.8093 0 0 0 0.0044692 -178.3109568 25.4100753 0.0639174 0.0395432 
1620000 1620 1000.0 1322277.77 1714.246 7.7923 0 0 0 0.0047578 -179.1850334 20.0405849 0.0637225 0.0422454 
1630000 1630 1000.0 1338613.773 1698.965 7.7863 0 0 0 0.0041076 -179.9808114 22.8530167 0.0606136 0.0376743 
1640000 1640 1000.0 1355084.435 1689.633 7.7885 0 0 0 0.0046407 -180.3527493 38.8937128 0.0627307 0.0410268 
1650000 1650 1000.0 1372298.673 1695.56 7.781 0 0 0 0.0045551 -181.1462668 30.3929863 0.0640318 0.0413296 
1660000 1660 1000.0 1389285.378 1696.38 7.781 0 0 0 0.0042661 -181.8603359 11.8365204 0.0631016 0.0393434 
1670000 1670 1000.0 1405992.272 1691.672 7.7822 0 0 0 0.004559 -182.7394423 23.9069656 0.0652797 0.0414523 
1680000 1680 1000.0 1423057.003 1694.454 7.7791 0 0 0 0.004435 -183.3048003 17.4629401 0.0637786 0.0410829 
1690000 1690 1000.0 1440452.413 1702.54 7.7696 0 0 0 0.0043273 -183.9545491 18.3297986 0.0608238 0.0397877 
1700000 1700 1000.0 1457333.277 1700.349 7.7666 0 0 0 0.0046747 -184.6581058 30.5513306 0.0615839 0.0407759 
1710000 1710 1000.0 1474454.64 1702.593 7.7719 0 0 0 0.0046365 -185.1198674 56.1298475 0.063164 0.0397486 
1720000 1720 1000.0 1492396.566 1719.384 7.7762 0 0 0 0.0047507 -185.7600101 45.7115169 0.0635589 0.0395189 
1730000 1730 1000.0 1509975.233 1726.472 7.7753 0 0 0 0.0047436 -186.4541265 48.3516529 0.0621007 0.0395487 
1740000 1740 1000.0 1527777.839 1736.015 7.7802 0 0 0 0.0043894 -187.1777623 35.2376897 0.063819 0.0394675 
1750000 1750 1000.0 1545504.974 1742.939 7.8034 0 0 0 0.0040737 -187.9364492 13.3015192 0.0622671 0.0381733 
1760000 1760 1000.0 1561071.398 1707.599 7.8172 0 0 0 0.0045514 -188.1031517 25.5023443 0.0644029 0.0394936 
1770000 1770 1000.0 1578349.693 1711.292 7.8135 0 0 0 0.0048907 -188.6181606 51.0763877 0.0634981 0.04091 
1780000 1780 1000.0 1594618.402 1694.377 7.8061 0 0 0 0.004569 -189.0625163 47.1019376 0.0641237 0.0404829 
1790000 1790 1000.0 1611757.265 1698.209 7.8146 0 0 0 0.0045201 -189.3940473 46.0636775 0.0630883 0.0394201 
1800000 1800 1000.0 1629097.368 1704.962 7.8182 0 0 0 0.0047884 -190.454095 29.1880677 0.0615158 0.0415677 
1810000 1810 1000.0 1646681.261 1714.925 7.8212 0 0 0 0.0042977 -191.1400387 17.9190205 0.0595404 0.0391711 
1820000 1820 1000.0 1663153.462 1702.208 7.8016 0 0 0 0.0045366 -190.9558791 62.0904106 0.0605826 0.0388475 
1830000 1830 1000.0 1679971.027 1698.771 7.789 0 0 0 0.0040728 -192.0187501 21.9053981 0.062091 0.037576 
1840000 1840 1000.0 1696976.446 1698.846 7.7636 0 0 0 0.0043905 -192.2147031 53.5680333 0.0608448 0.0377002 
1850000 1850 1000.0 1714289.448 1704.706 7.7627 0 0 0 0.0043717 -193.0802359 46.6892723 0.0611532 0.0388146 
1860000 1860 1000.0 1732173.547 1719.866 7.7493 0 0 0 0.0040313 -193.6525369 40.843249 0.0610624 0.0356158 
1870000 1870 1000.0 1749737.913 1726.651 7.7273 0 0 0 0.0041397 -193.9090557 18.2908276 0.0629219 0.0375467 
1880000 1880 1000.0 1767564.422 1736.933 7.7114 0 0 0 0.0043697 -194.32023 44.2261725 0.0610416 0.0385505 
1890000 1890 1000.0 1785450.756 1746.246 7.7303 0 0 0 0.004351 -195.0910783 29.7626039 0.0610364 0.0382364 
1900000 1900 1000.0 1803263.214 1752.284 7.7395 0 0 0 0.0042766 -195.3997116 34.4635194 0.0603553 0.0378908 
1910000 1910 1000.0 1820395.411 1745.179 7.7243 0 0 0 0.0044719 -195.7198277 43.2928888 0.0621001 0.0381662 
1920000 1920 1000.0 1837468.669 1738.196 7.7087 0 0 0 0.0039649 -196.2446448 30.0416104 0.0624537 0.0360828 
1930000 1930 1000.0 1854584.766 1733.267 7.6942 0 0 0 0.0041245 -196.4984144 35.2796288 0.0646386 0.0368969 
1940000 1940 1000.0 1871477.817 1725.283 7.6942 0 0 0 0.0041822 -197.1541295 36.994986 0.0619118 0.0371132 
1950000 1950 1000.0 1888934.606 1729.448 7.6938 0 0 0 0.0039367 -197.4544386 42.8206259 0.0607358 0.0357267 
1960000 1960 1000.0 1906705.412 1738.363 7.696 0 0 0 0.004032 -198.1274086 41.8374692 0.0586386 0.0363887 
1970000 1970 1000.0 1924770.248 1750.954 7.7029 0 0 0 0.0045049 -198.4436579 57.8456683 0.0593089 0.0397886 
1980000 1980 1000.0 1942579.145 1756.534 7.6859 0 0 0 0.0040327 -199.0898565 34.4489851 0.0593644 0.0364784 
1990000 1990 1000.0 1959765.065 1749.668 7.6712 0 0 0 0.0040287 -199.2822572 38.1082383 0.0574937 0.0362269 
2000000 2000 1000.0 1977082.006 1746.618 7.6654 0 0 0 0.003953 -199.5645017 34.6037996 0.0595613 0.0363537 
2010000 2010 1000.0 1994531.624 1746.432 7.6643 0 0 0 0.0042924 -199.8841891 44.9345707 0.057507 0.0383643 
2020000 2020 1000.0 2012033.441 1746.843 7.6733 0 0 0 0.0042453 -200.1110997 37.5407602 0.0618315 0.0375545 
2030000 2030 1000.0 2029129.795 1740.267 7.6768 0 0 0 0.0038524 -200.7116132 32.1502835 0.0587131 0.0344905 
2040000 2040 1000.0 2046724.27 1743.611 7.6739 0 0 0 0.0040113 -200.9005548 40.2848402 0.0582234 0.035859 
2050000 2050 1000.0 2064897.891 1757.012 7.6671 0 0 0 0.0038186 -201.2726553 19.4687728 0.0599451 0.0353525 
2060000 2060 1000.0 2082736.302 1761.558 7.6629 0 0 0 0.0039356 -201.463713 33.1893117 0.0575833 0.0361483 
2070000 2070 1000.0 2100638.391 1767.002 7.6596 0 0 0 0.0038327 -201.7752147 28.0196689 0.0600895 0.0353759 
2080000 2080 1000.0 2118817.174 1776.345 7.6566 0 0 0 0.0043345 -201.858749 35.1903048 0.0581823 0.0365732 
2090000 2090 1000.0 2136823.27 1780.759 7.6619 0 0 0 0.004359 -201.9235534 57.9562993 0.0584942 0.0364702 
2100000 2100 1000.0 2154345.463 1775.334 7.6685 0 0 0 0.0038763 -202.1361012 25.4531364 0.0556725 0.0350181 
2110000 2110 1000.0 2171834.386 1770.614 7.6648 0 0 0 0.003861 -202.1077962 68.00733 0.0554455 0.0340814 
2120000 2120 1000.0 2189479.044 1769.509 7.6544 0 0 0 0.0036169 -202.7018628 11.1947956 0.055424 0.0336603 
2130000 2130 1000.0 2207343.975 1772.988 7.645 0 0 0 0.0036411 -202.7939864 29.9555071 0.0546846 0.0330463 
2140000 2140 1000.0 2225612.44 1782.652 7.6497 0 0 0 0.0039879 -202.628253 83.5585036 0.0530652 0.0341204 
2150000 2150 1000.0 2242988.12 1774.714 7.6579 0 0 0 0.0040616 -202.7313546 66.5902156 0.0509672 0.0347326 
2160000 2160 1000.0 2260486.168 1770.032 7.6525 0 0 0 0.0036765 -203.0339232 49.5052885 0.052179 0.0327278 
2170000 2170 1000.0 2274684.806 1703.94 7.6577 0 0 0 0.0035369 -202.8372239 40.4503938 0.0520199 0.0318458 
2180000 2180 1000.0 2290188.455 1678.708 7.6589 0 0 0 0.0037065 -202.7765323 25.6644938 0.0509465 0.033555 
2190000 2190 1000.0 2308050.564 1698.582 7.6602 0 0 0 0.0036988 -203.0844677 33.660867 0.0531597 0.0332049 
2200000 2200 1000.0 2325892.095 1714.371 7.671 0 0 0 0.0039701 -203.0642091 41.4058834 0.0544319 0.035387 
2210000 2210 1000.0 2344102.212 1733.861 7.6597 0 0 0 0.0040161 -203.2681441 35.5940205 0.0520493 0.0354879 
2220000 2220 1000.0 2361976.507 1743.573 7.6578 0 0 0 0.004257 -203.4405448 61.9728682 0.0549787 0.0348698 
2230000 2230 1000.0 2379817.692 1751.143 7.6507 0 0 0 0.0038811 -203.9499967 29.7246594 0.0555591 0.03478 
2240000 2240 1000.0 2397745.155 1758.685 7.6493 0 0 0 0.0038365 -204.1978418 47.7514687 0.0565517 0.0339738 
2250000 2250 1000.0 2416031.544 1771.581 7.6438 0 0 0 0.0036924 -204.3357675 41.3062163 0.0539814 0.0325136 
2260000 2260 1000.0 2434246.983 1780.885 7.6419 0 0 0 0.0041518 -204.7639016 60.6718319 0.0517688 0.0356288 
2270000 2270 1000.0 2452505.594 1788.93 7.6385 0 0 0 0.0037216 -205.1490806 13.6764704 0.0536958 0.0349359 
2280000 2280 1000.0 2470553.43 1792.113 7.6386 0 0 0 0.0036489 -205.0843799 35.3104293 0.052123 0.0322774 
2290000 2290 1000.0 2488814.029 1798.738 7.6456 0 0 0 0.0036993 -205.4712813 33.2241109 0.0516993 0.033564 
2300000 2300 1000.0 2507262.422 1807.309 7.6308 0 0 0 0.0041093 -205.7170907 45.9954459 0.0541181 0.0355361 
2310000 2310 1000.0 2525901.633 1818.051 7.6253 0 0 0 0.0036782 -206.1983182 43.2727777 0.0512392 0.0328907 
2320000 2320 1000.0 2544283.762 1821.372 7.622 0 0 0 0.0039032 -206.3566412 49.6824432 0.0509476 0.0346814 
2330000 2330 1000.0 2562445.306 1820.413 7.6274 0 0 0 0.0039921 -206.9464965 34.0515994 0.0516267 0.0356644 
2340000 2340 1000.0 2580839.495 1824.081 7.6324 0 0 0 0.0039414 -206.8407234 57.7155822 0.0535986 0.0344652 
2350000 2350 1000.0 2599152.073 1824.856 7.6246 0 0 0 0.0040022 -207.0457772 34.8350862 0.0519339 0.0348213 
2360000 2360 1000.0 2617422.758 1824.902 7.6351 0 0 0 0.003773 -207.5704106 22.1289602 0.0514616 0.0330699 
2370000 2370 1000.0 2635704.262 1825.833 7.6278 0 0 0 0.0036652 -207.9088123 33.6041896 0.0509955 0.0327819 
2380000 2380 1000.0 2654537.266 1836.121 7.6367 0 0 0 0.0040241 -208.6099751 57.7244738 0.0515599 0.0341054 
2390000 2390 1000.0 2673142.532 1840.885 7.6491 0 0 0 0.0039281 -208.9852974 50.2049621 0.0503653 0.0336361 
2400000 2400 1000.0 2691606.985 1841.668 7.6645 0 0 0 0.0039001 -208.8360367 42.4975807 0.0520448 0.033409 
2410000 2410 1000.0 2710604.895 1852.093 7.6777 0 0 0 0.0039218 -209.051377 27.5173886 0.0514441 0.0343102 
2420000 2420 1000.0 2729113.559 1851.569 7.6846 0 0 0 0.0036171 -209.3604134 18.5762801 0.0528565 0.0323238 
2430000 2430 1000.0 2747892.06 1856.452 7.6824 0 0 0 0.0036449 -209.7848889 48.098467 0.0501301 0.0324057 
2440000 2440 1000.0 2766839.902 1863.221 7.681 0 0 0 0.0034341 -209.7916585 39.3483861 0.0510883 0.0315115 
2450000 2450 1000.0 2785485.304 1863.936 7.6734 0 0 0 0.0037682 -210.1706525 40.6718501 0.05172 0.0341123 
2460000 2460 1000.0 2805102.376 1882.213 7.6781 0 0 0 0.003811 -210.4578051 60.9222823 0.0506111 0.0324018 
2470000 2470 1000.0 2824323.442 1889.756 7.6859 0 0 0 0.0037386 -210.8038188 57.4428424 0.0496366 0.0320169 
2480000 2480 1000.0 2843441.347 1893.493 7.6877 0 0 0 0.003269 -211.2580998 29.5106812 0.0489009 0.0299958 
2490000 2490 1000.0 2862127.096 1888.639 7.6859 0 0 0 0.0036188 -211.3938234 59.601275 0.0497318 0.0311175 
2500000 2500 1000.0 2880545.683 1880.266 7.6879 0 0 0 0.0032676 -211.6948619 14.7379645 0.047971 0.0301697 
2510000 2510 1000.0 2899295.068 1879.846 7.6914 0 0 0 0.0034717 -211.8036509 50.7438726 0.0483429 0.0303667 
2520000 2520 1000.0 2918463.33 1886.966 7.6958 0 0 0 0.003537 -211.9251257 29.5513373 0.0487102 0.0312208 
2530000 2530 1000.0 2937619.769 1892.554 7.6935 0 0 0 0.0031834 -212.2517794 37.4484224 0.0502495 0.0284418 
2540000 2540 1000.0 2956710.992 1895.714 7.6847 0 0 0 0.0034284 -212.1669584 67.5001931 0.049627 0.0295177 
2550000 2550 1000.0 2975110.388 1886.043 7.6729 0 0 0 0.0037354 -212.6397684 66.1130292 0.0498414 0.0320181 
2560000 2560 1000.0 2993292.875 1873.867 7.6657 0 0 0 0.0041888 -212.8163117 81.9042857 0.049306 0.0336137 
2570000 2570 1000.0 3012385.739 1880.541 7.6672 0 0 0 0.0033591 -213.2309509 40.7602375 0.0494774 0.0294255 
2580000 2580 1000.0 3031005.732 1876.267 7.6656 0 0 0 0.0034751 -213.4162542 42.632438 0.0489661 0.0303365 
2590000 2590 1000.0 3049781.218 1877.02 7.6601 0 0 0 0.0033764 -213.5239522 41.9241458 0.0509788 0.0305347 
2600000 2600 1000.0 3069208.248 1889.04 7.6581 0 0 0 0.003906 -213.8181872 62.5796094 0.0497535 0.0331111 
2610000 2610 1000.0 3089210.392 1909.696 7.6593 0 0 0 0.0040052 -213.9527547 71.8749226 0.0500171 0.0335535 
2620000 2620 1000.0 3108430.053 1911.622 7.6562 0 0 0 0.0036561 -214.6239161 59.7472566 0.0495332 0.0316187 
2630000 2630 1000.0 3127170.565 1904.807 7.6618 0 0 0 0.003348 -214.6669329 46.4083235 0.0488604 0.0300387 
2640000 2640 1000.0 3145724.275 1896.068 7.6448 0 0 0 0.0041142 -214.7884817 77.9371242 0.050694 0.0331756 
2650000 2650 1000.0 3165029.802 1902.952 7.647 0 0 0 0.0033446 -215.3249818 25.1275457 0.0501622 0.030061 
2660000 2660 1000.0 3184195.24 1905.571 7.6502 0 0 0 0.0034544 -215.6990386 22.5501308 0.0506632 0.0300018 
2670000 2670 1000.0 3204092.479 1920.985 7.6354 0 0 0 0.0033976 -215.590493 38.8447086 0.0503966 0.0305179 
2680000 2680 1000.0 3224195.194 1937.224 7.6239 0 0 0 0.0035329 -215.8355242 56.1671949 0.0519971 0.0304098 
2690000 2690 1000.0 3243118.948 1929.191 7.634 0 0 0 0.0036396 -216.3912063 40.0434874 0.0514489 0.031398 
2700000 2700 1000.0 3261938.728 1920.893 7.6334 0 0 0 0.0035698 -216.494352 72.7938922 0.0512242 0.0304593 
2710000 2710 1000.0 3280925.84 1916.605 7.632 0 0 0 0.0036687 -216.8884589 30.6960615 0.0507394 0.0309926 
2720000 2720 1000.0 3300465.234 1923.485 7.6295 0 0 0 0.0037755 -217.2132067 58.7485274 0.0507744 0.0325807 
2730000 2730 1000.0 3319658.709 1922.575 7.6435 0 0 0 0.0032858 -217.6584574 28.4755625 0.0507499 0.0298571 
2740000 2740 1000.0 3339080.333 1926.199 7.6517 0 0 0 0.003406 -218.0386892 26.6130241 0.0501514 0.0301402 
2750000 2750 1000.0 3358175.185 1923.275 7.6532 0 0 0 0.0035879 -218.1814182 53.6105937 0.0507449 0.0310442 
2760000 2760 1000.0 3377026.671 1915.914 7.6535 0 0 0 0.0032033 -218.6046101 20.1645805 0.050576 0.029667 
2770000 2770 1000.0 3395365.365 1901.273 7.6684 0 0 0 0.0031358 -218.6937932 57.1290314 0.0527437 0.0278925 
2780000 2780 1000.0 3413803.916 1891.021 7.6694 0 0 0 0.003573 -218.6928047 64.8827688 0.0514948 0.0310898 
2790000 2790 1000.0 3433701.839 1909.211 7.6664 0 0 0 0.0032393 -218.9526468 27.8517978 0.0520684 0.0297468 
2800000 2800 1000.0 3453190.458 1916.203 7.6541 0 0 0 0.003327 -219.1582625 55.5281747 0.0491583 0.028896 
2810000 2810 1000.0 3472653.804 1921.785 7.6602 0 0 0 0.0035385 -219.124881 61.0519756 0.0513046 0.0297969 
2820000 2820 1000.0 3491982.379 1924.067 7.6776 0 0 0 0.003387 -219.3930221 55.5705996 0.0504456 0.0295435 
2830000 2830 1000.0 3511310.313 1925.626 7.6771 0 0 0 0.0032281 -219.6286956 37.0419688 0.0536822 0.0285028 
2840000 2840 1000.0 3529981.024 1914.38 7.6833 0 0 0 0.003237 -220.2940642 28.2533237 0.0494561 0.0294834 
2850000 2850 1000.0 3548939.457 1911.222 7.6828 0 0 0 0.0034633 -219.9204433 53.9863986 0.0505474 0.0290354 
2860000 2860 1000.0 3568095.417 1911.683 7.6789 0 0 0 0.0033373 -220.3782831 42.2115061 0.0491532 0.0297557 
2870000 2870 1000.0 3587319.819 1913.913 7.66 0 0 0 0.0031164 -220.468027 28.4642544 0.0491139 0.0284647 
2880000 2880 1000.0 3606624.101 1917.31 7.6425 0 0 0 0.003391 -220.5445426 75.2433702 0.0489179 0.0297336 
2890000 2890 1000.0 3625776.245 1916.972 7.6399 0 0 0 0.0034144 -220.8271445 56.186118 0.0485784 0.0295969 
2900000 2900 1000.0 3644737.808 1912.931 7.6356 0 0 0 0.0031665 -221.0673715 43.0558544 0.0477334 0.0283354 
2910000 2910 1000.0 3663819.573 1912.094 7.6295 0 0 0 0.0032049 -220.9256745 44.7491916 0.0494476 0.0280813 
2920000 2920 1000.0 3682658.103 1907.534 7.6248 0 0 0 0.0033356 -221.3964444 24.728745 0.0511529 0.0304291 
2930000 2930 1000.0 3702485.819 1921.33 7.6172 0 0 0 0.0032761 -221.4603881 37.0861797 0.04866 0.0291028 
2940000 2940 1000.0 3722034.422 1927.587 7.6249 0 0 0 0.0030985 -221.7370255 13.4299655 0.0483107 0.0290001 
2950000 2950 1000.0 3741645.344 1933.435 7.6309 0 0 0 0.0030895 -221.6176266 38.3254373 0.047636 0.0282283 
2960000 2960 1000.0 3760273.976 1920.526 7.6329 0 0 0 0.0033882 -221.6352651 52.4319315 0.0488794 0.0299256 
2970000 2970 1000.0 3780364.946 1936.74 7.6342 0 0 0 0.0034516 -221.7062722 109.1926781 0.0485896 0.0282736 
2980000 2980 1000.0 3799932.602 1940.282 7.6327 0 0 0 0.0032351 -222.0590898 61.3826457 0.0480954 0.0281947 
2990000 2990 1000.0 3818828.753 1930.655 7.6292 0 0 0 0.0032366 -222.117248 66.180446 0.0482378 0.0275096 
3000000 3000 1000.0 3837342.669 1916.238 7.6366 0 0 0 0.0031952 -222.3670016 35.1356229 0.0479098 0.0283646 
3010000 3010 1000.0 3856485.188 1915.996 7.6466 0 0 0 0.0032856 -222.0255158 72.4320564 0.05107 0.0280945 
3020000 3020 1000.0 3875449.427 1912.932 7.6517 0 0 0 0.0032918 -222.1225967 49.9846151 0.048993 0.0289199 
3030000 3030 1000.0 3894450.177 1910.783 7.6403 0 0 0 0.0030555 -222.3480356 35.9544735 0.0479363 0.0271409 
3040000 3040 1000.0 3914016.003 1919.551 7.6289 0 0 0 0.0031726 -222.3403711 52.5043687 0.0470595 0.0270782 
3050000 3050 1000.0 3933314.919 1920.883 7.6315 0 0 0 0.0033838 -222.1837873 69.9914561 0.048785 0.0275833 
3060000 3060 1000.0 3952838.059 1926.492 7.6332 0 0 0 0.0032069 -222.1910525 61.0592452 0.0472762 0.0274427 
3070000 3070 1000.0 3971224.035 1909.986 7.6348 0 0 0 0.0030842 -222.0700436 29.7422214 0.0478775 0.0267937 
3080000 3080 1000.0 3989752.272 1899.783 7.6272 0 0 0 0.0030546 -222.0846178 52.0373295 0.0489522 0.0270224 
3090000 3090 1000.0 4008716.453 1898.957 7.6297 0 0 0 0.0031678 -222.229785 34.3362953 0.0491576 0.0280764 
3100000 3100 1000.0 4027833.894 1901.208 7.6341 0 0 0 0.0028728 -221.9707805 26.1515653 0.0494206 0.0260552 
3110000 3110 1000.0 4046671.737 1898.067 7.6291 0 0 0 0.0029651 -222.2130791 43.0547524 0.04927 0.0258174 
3120000 3120 1000.0 4065617.025 1897.492 7.6358 0 0 0 0.0029086 -222.0410483 39.9965551 0.0486115 0.0258373 
3130000 3130 1000.0 4084677.841 1898.897 7.6351 0 0 0 0.0030169 -221.9597658 49.2423636 0.0486057 0.0265541 
3140000 3140 1000.0 4103446.049 1894.734 7.6387 0 0 0 0.0029931 -221.7651408 58.271903 0.04844 0.0253261 
3150000 3150 1000.0 4120107.868 1853.604 7.6381 0 0 0 0.003021 -221.4601039 9.4419281 0.0489727 0.0269955 
3160000 3160 1000.0 4139281.964 1865.665 7.6405 0 0 0 0.003169 -221.1315202 77.1215792 0.0478976 0.0265683 
3170000 3170 1000.0 4158463.115 1874.906 7.654 0 0 0 0.0029414 -221.09346 59.0674708 0.048681 0.0258885 
3180000 3180 1000.0 4177561.758 1881.848 7.6595 0 0 0 0.0028757 -220.7161061 56.6891501 0.0480573 0.0251708 
3190000 3190 1000.0 4196942.183 1892.254 7.6496 0 0 0 0.0027327 -221.0816279 34.6066434 0.049589 0.0249893 
3200000 3200 1000.0 4216223.31 1898.709 7.6284 0 0 0 0.0031105 -220.8222014 51.2204591 0.0491275 0.0273836 
3210000 3210 1000.0 4234718.328 1889.758 7.6405 0 0 0 0.0028907 -220.9146099 23.7766544 0.0472076 0.0258456 
3220000 3220 1000.0 4252960.735 1877.651 7.6264 0 0 0 0.00283 -220.6974476 47.3204062 0.0470563 0.0242178 
3230000 3230 1000.0 4271857.002 1880.008 7.628 0 0 0 0.0027871 -220.7135982 38.5470192 0.0471969 0.0251097 
3240000 3240 1000.0 4291802.74 1900.934 7.6337 0 0 0 0.002828 -220.8077442 47.7105351 0.0480451 0.0252255 
3250000 3250 1000.0 4311471.505 1912.658 7.6427 0 0 0 0.0028894 -220.6444009 25.7384192 0.0481414 0.0251835 
3260000 3260 1000.0 4331211.963 1923.844 7.6541 0 0 0 0.0029379 -220.5826042 49.4134351 0.0475655 0.0249687 
3270000 3270 1000.0 4351088.285 1935.892 7.651 0 0 0 0.0033311 -220.7712446 78.9017136 0.0474703 0.0264729 
3280000 3280 1000.0 4370958.682 1945.276 7.6406 0 0 0 0.0027579 -220.8554047 64.5427832 0.0468563 0.0237635 
3290000 3290 1000.0 4390466.382 1945.982 7.6389 0 0 0 0.0027919 -221.0592971 66.7128435 0.0454872 0.0227999 
3300000 3300 1000.0 4410113.612 1949.845 7.6477 0 0 0 0.0028817 -221.128732 63.598609 0.045647 0.0241744 
3310000 3310 1000.0 4430204.178 1960.52 7.6559 0 0 0 0.0029455 -221.0656433 52.9135629 0.0463331 0.0247176 
3320000 3320 1000.0 4449969.476 1963.862 7.6625 0 0 0 0.00289 -221.1661025 43.4676729 0.0461054 0.0251294 
3330000 3330 1000.0 4467064.259 1914.191 7.6522 0 0 0 0.0026491 -221.0392822 40.3962791 0.0459603 0.0233152 
3340000 3340 1000.0 4486480.608 1919.678 7.6541 0 0 0 0.0029055 -220.9403732 54.0615074 0.045271 0.025158 
3350000 3350 1000.0 4505248.135 1911.635 7.652 0 0 0 0.0027761 -221.0139923 45.5405452 0.0469693 0.0243384 
3360000 3360 1000.0 4524636.69 1916.807 7.6605 0 0 0 0.002394 -221.0767732 7.5320335 0.0462221 0.022619 
3370000 3370 1000.0 4543228.166 1906.821 7.6653 0 0 0 0.0031659 -220.5624389 92.3158772 0.0472291 0.0254291 
3380000 3380 1000.0 4561779.575 1896.949 7.6574 0 0 0 0.002952 -220.9438783 24.9584151 0.0462512 0.0258568 
3390000 3390 1000.0 4580910.905 1899.872 7.6435 0 0 0 0.0027995 -220.9477982 26.1433277 0.0473057 0.0249522 
3400000 3400 1000.0 4599781.038 1897.708 7.6453 0 0 0 0.0029594 -220.9869344 24.8065247 0.0492611 0.0264813 
3410000 3410 1000.0 4618662.102 1896.416 7.6395 0 0 0 0.002638 -220.9999457 25.6095187 0.0465381 0.0243995 
3420000 3420 1000.0 4637982.673 1903.221 7.6395 0 0 0 0.0034065 -220.8812925 70.1465402 0.0463465 0.0270562 
3430000 3430 1000.0 4656833.676 1899.961 7.6421 0 0 0 0.0028897 -221.153414 42.4481891 0.045413 0.0252266 
3440000 3440 1000.0 4675523.876 1893.995 7.6464 0 0 0 0.0031924 -221.0398789 44.3423693 0.0449174 0.0274375 
3450000 3450 1000.0 4694780.979 1899.972 7.6435 0 0 0 0.0031442 -220.8814629 79.9456787 0.0456853 0.0261439 
3460000 3460 1000.0 4713893.966 1902.138 7.6409 0 0 0 0.0031111 -220.9240064 45.5397472 0.0458785 0.0276048 
3470000 3470 1000.0 4732784.683 1899.906 7.6449 0 0 0 0.0030541 -220.7487586 47.1816819 0.0473674 0.026324 
3480000 3480 1000.0 4751827.183 1900.737 7.6462 0 0 0 0.0029628 -220.5902357 37.2894111 0.0461282 0.0262587 
3490000 3490 1000.0 4771034.095 1904.562 7.6525 0 0 0 0.0029025 -220.5606586 45.2708825 0.044881 0.0253636 
3500000 3500 1000.0 4789426.636 1892.715 7.6434 0 0 0 0.0030568 -220.4546648 38.9300735 0.0458424 0.0266609 
3510000 3510 1000.0 4808428.531 1893.838 7.6544 0 0 0 0.0031532 -220.1018405 46.4375227 0.0465236 0.0270966 
3520000 3520 1000.0 4827534.744 1896.8 7.6652 0 0 0 0.0032995 -220.1229795 37.8611001 0.0475978 0.0285969 
3530000 3530 1000.0 4845911.978 1886.058 7.6668 0 0 0 0.0027765 -220.2648148 21.6675222 0.0479414 0.025241 
3540000 3540 1000.0 4864119.186 1874.457 7.6654 0 0 0 0.0031862 -220.1662148 56.5968035 0.0467474 0.0268493 
3550000 3550 1000.0 4882061.849 1859.268 7.6707 0 0 0 0.002914 -220.263878 32.2466583 0.0462951 0.0253832 
3560000 3560 1000.0 4900431.976 1854.958 7.6765 0 0 0 0.0026494 -220.062384 29.2213879 0.0464208 0.0241967 
3570000 3570 1000.0 4918771.136 1850.879 7.6708 0 0 0 0.002884 -220.0783154 28.8319406 0.0472247 0.0252284 
3580000 3580 1000.0 4937099.022 1847.658 7.6631 0 0 0 0.0029107 -219.9386195 24.7269172 0.0479199 0.0257656 
3590000 3590 1000.0 4955971.987 1854.774 7.6622 0 0 0 0.0029397 -219.706234 48.7543465 0.0482362 0.0261303 
3600000 3600 1000.0 4974333.271 1851.349 7.6565 0 0 0 0.0030904 -219.425444 86.6133208 0.0465883 0.0252323 
3610000 3610 1000.0 4992315.316 1842.179 7.6666 0 0 0 0.002988 -219.225612 66.6186765 0.0469626 0.0250427 
3620000 3620 1000.0 5010304.811 1833.749 7.6715 0 0 0 0.0031507 -219.1569941 76.5811177 0.0460733 0.0252901 
3630000 3630 1000.0 5027383.847 1810.702 7.6725 0 0 0 0.0028083 -218.727884 77.3016955 0.0449469 0.0235376 
3640000 3640 1000.0 5044569.153 1793.83 7.6773 0 0 0 0.002578 -218.7006343 39.8283369 0.0460639 0.0227201 
3650000 3650 1000.0 5062918.454 1801.626 7.6901 0 0 0 0.0027803 -218.4925207 28.0366527 0.0464552 0.0245703 
3660000 3660 1000.0 5081799.479 1817.857 7.698 0 0 0 0.0028549 -218.1469744 51.5942482 0.0461215 0.0247123 
3670000 3670 1000.0 5100449.637 1826.257 7.7011 0 0 0 0.002578 -218.3323778 37.4623448 0.0462486 0.0227744 
3680000 3680 1000.0 5118625.807 1824.531 7.7105 0 0 0 0.0033701 -217.7218929 96.6267837 0.0462394 0.0263325 
3690000 3690 1000.0 5136023.057 1809.04 7.7209 0 0 0 0.0025998 -217.6765191 40.3217011 0.0467903 0.0230111 
3700000 3700 1000.0 5154137.29 1809.503 7.7245 0 0 0 0.00298 -217.1998753 68.5887382 0.0476209 0.0245861 
3710000 3710 1000.0 5171678.005 1799.027 7.713 0 0 0 0.002795 -217.3519675 61.1770037 0.0473629 0.0238637 
3720000 3720 1000.0 5189553.72 1797.138 7.7039 0 0 0 0.0024613 -217.2348126 31.5403946 0.0472599 0.0221578 
3730000 3730 1000.0 5206907.747 1786.291 7.7089 0 0 0 0.0030242 -216.8179463 54.859424 0.0471763 0.0257066 
3740000 3740 1000.0 5223786.972 1767.98 7.7008 0 0 0 0.0028873 -216.726615 52.224911 0.0471371 0.0249661 
3750000 3750 1000.0 5240803.174 1756.04 7.6858 0 0 0 0.0030019 -216.6365603 38.9724829 0.0469428 0.0258797 
3760000 3760 1000.0 5257893.572 1747.516 7.696 0 0 0 0.0031088 -216.2608002 69.6753447 0.0465608 0.0260541 
3770000 3770 1000.0 5274949.275 1739.746 7.7126 0 0 0 0.0030318 -216.0632885 35.2727846 0.0492047 0.026857 
3780000 3780 1000.0 5292023.615 1733.941 7.719 0 0 0 0.0030061 -215.8460605 48.948564 0.0457187 0.0260785 
3790000 3790 1000.0 5309447.877 1735.377 7.72 0 0 0 0.0028414 -215.8234842 11.3031827 0.0484057 0.0264071 
3800000 3800 1000.0 5326930.517 1737.676 7.7112 0 0 0 0.0036189 -215.3679293 67.1641174 0.0488133 0.0302326 
3810000 3810 1000.0 5344127.138 1734.452 7.7121 0 0 0 0.0029974 -215.1592588 27.7151153 0.0491008 0.027031 
3820000 3820 1000.0 5361227.681 1729.594 7.7172 0 0 0 0.0032171 -214.7816191 45.2640525 0.0494136 0.027679 
3830000 3830 1000.0 5379035.461 1739.01 7.7093 0 0 0 0.003368 -214.4882592 52.8982692 0.0494415 0.0289116 
3840000 3840 1000.0 5396322.19 1736.564 7.6985 0 0 0 0.0034103 -214.3458146 54.2571192 0.050615 0.0298174 
3850000 3850 1000.0 5414437.573 1750.673 7.6845 0 0 0 0.0036598 -214.0258156 41.4986669 0.0492679 0.0307378 
3860000 3860 1000.0 5432554.639 1761.956 7.6751 0 0 0 0.0032728 -213.8089231 37.3463496 0.0492119 0.0284759 
3870000 3870 1000.0 5450794.86 1773.51 7.6806 0 0 0 0.0034886 -213.7714979 58.6348814 0.0496009 0.0296665 
3880000 3880 1000.0 5469098.559 1784.236 7.6776 0 0 0 0.0037965 -213.5912366 59.0130931 0.0512091 0.0318517 
3890000 3890 1000.0 5486804.466 1782.011 7.6859 0 0 0 0.0036674 -213.501528 68.8773228 0.0504253 0.0298873 
3900000 3900 1000.0 5504835.903 1785.838 7.6693 0 0 0 0.003654 -213.5042668 56.8868836 0.0528285 0.0307749 
3910000 3910 1000.0 5523097.107 1793.361 7.6553 0 0 0 0.0037376 -213.0431587 81.3376142 0.0514008 0.0314204 
3920000 3920 1000.0 5540979.014 1792.477 7.6623 0 0 0 0.0033405 -213.0950149 23.4496244 0.0513561 0.0303829 
3930000 3930 1000.0 5558211.113 1779.686 7.6748 0 0 0 0.0034831 -213.0009109 33.4670656 0.0517129 0.0313357 
3940000 3940 1000.0 5575402.236 1768.478 7.6933 0 0 0 0.0035459 -212.8211369 33.4549691 0.0523372 0.0311557 
3950000 3950 1000.0 5592691.622 1761.292 7.7153 0 0 0 0.0038182 -212.7670628 59.3364399 0.0520459 0.0328506 
3960000 3960 1000.0 5609489.294 1746.273 7.7202 0 0 0 0.004171 -212.4863669 56.5471872 0.0523727 0.0344563 
3970000 3970 1000.0 5626579.306 1739.601 7.7151 0 0 0 0.0037119 -212.4788379 44.9274411 0.0527811 0.0326568 
3980000 3980 1000.0 5644217.305 1743.774 7.7071 0 0 0 0.0038571 -212.4547185 23.8944036 0.0527517 0.0338513 
3990000 3990 1000.0 5661992.216 1750.054 7.7044 0 0 0 0.0036518 -212.1332197 25.2102358 0.0517266 0.0327096 
4000000 4000 1000.0 5680210.377 1763.119 7.7 0 0 0 0.0037845 -212.185859 37.9125193 0.052859 0.0332326 
4010000 4010 1000.0 5698122.975 1768.205 7.7033 0 0 0 0.0039952 -212.0599514 53.4469764 0.0527415 0.033649 
4020000 4020 1000.0 5716701.229 1784.565 7.7027 0 0 0 0.0035633 -212.0910315 19.409807 0.0525988 0.0318741 
4030000 4030 1000.0 5735673.931 1805.111 7.7152 0 0 0 0.0037156 -212.175734 16.2412863 0.0523967 0.0331831 
4040000 4040 1000.0 5754904.23 1826.583 7.7099 0 0 0 0.0039013 -212.1806095 51.2980163 0.0538384 0.033357 
4050000 4050 1000.0 5773324.658 1829.508 7.7191 0 0 0 0.0036967 -212.1865971 37.8218383 0.0512529 0.0321746 
4060000 4060 1000.0 5791490.833 1826.976 7.7232 0 0 0 0.003305 -212.1514926 33.2035795 0.0502953 0.0296958 
4070000 4070 1000.0 5809441.7 1821.171 7.7145 0 0 0 0.0039849 -212.0815012 75.8692619 0.0518714 0.0334936 
4080000 4080 1000.0 5826415.696 1797.92 7.708 0 0 0 0.0038482 -212.0534017 51.2416179 0.051182 0.0325965 
4090000 4090 1000.0 5844529.723 1800.556 7.7092 0 0 0 0.0036986 -211.9817922 25.891689 0.050821 0.0336866 
4100000 4100 1000.0 5862949.982 1808.138 7.7019 0 0 0 0.0037859 -211.8381731 25.2139643 0.0511447 0.0339785 
4110000 4110 1000.0 5881048.645 1808.198 7.7028 0 0 0 0.0040847 -211.5789598 65.7424854 0.0509759 0.0341112 
4120000 4120 1000.0 5899332.056 1812.021 7.6826 0 0 0 0.0036074 -212.0022569 30.2225474 0.0519047 0.0313705 
4130000 4130 1000.0 5917851.258 1819.58 7.6769 0 0 0 0.0038696 -211.7585087 77.9822925 0.0519728 0.0328444 
4140000 4140 1000.0 5935902.818 1816.797 7.6786 0 0 0 0.0037263 -211.8306616 29.9154751 0.0522008 0.0331662 
4150000 4150 1000.0 5954186.797 1819.09 7.6968 0 0 0 0.004075 -212.034372 39.1929497 0.0525156 0.0348098 
4160000 4160 1000.0 5972741.852 1825.975 7.7018 0 0 0 0.0040132 -212.0132692 33.4624806 0.0521421 0.0343999 
4170000 4170 1000.0 5991105.483 1827.691 7.7045 0 0 0 0.0036458 -212.2650307 34.8847611 0.0516352 0.0319948 
4180000 4180 1000.0 6009792.836 1835.168 7.7093 0 0 0 0.0037537 -212.2609052 37.1415041 0.0521779 0.0331841 
4190000 4190 1000.0 6028493.713 1841.502 7.7085 0 0 0 0.0040881 -212.1408911 70.5407896 0.0527418 0.0353638 
4200000 4200 1000.0 6047194.979 1846.908 7.7151 0 0 0 0.0040706 -212.5016327 48.7955346 0.0519704 0.0342157 
4210000 4210 1000.0 6066076.399 1854.309 7.7251 0 0 0 0.0038777 -212.5240538 66.7670831 0.0520431 0.0337203 
4220000 4220 1000.0 6084714.442 1855.88 7.728 0 0 0 0.0040142 -212.4751112 82.4185614 0.0519089 0.033627 
4230000 4230 1000.0 6103501.405 1860.189 7.7335 0 0 0 0.0037795 -212.6126931 61.9192748 0.0508449 0.0323571 
4240000 4240 1000.0 6122655.18 1870.456 7.7422 0 0 0 0.004105 -212.7372244 69.6814959 0.0503981 0.0339027 
4250000 4250 1000.0 6141373.48 1870.582 7.7232 0 0 0 0.0037001 -212.9405311 37.9002547 0.0523543 0.0332479 
4260000 4260 1000.0 6159479.657 1859.216 7.7118 0 0 0 0.0039357 -212.9083711 57.7596924 0.0523301 0.0339262 
4270000 4270 1000.0 6178115.724 1860.211 7.7042 0 0 0 0.0035493 -213.2022881 37.8667482 0.052418 0.0315443 
4280000 4280 1000.0 6196655.746 1859.284 7.6904 0 0 0 0.003794 -213.5815258 24.8789472 0.052325 0.0336239 
4290000 4290 1000.0 6215189.549 1858.038 7.6875 0 0 0 0.0039466 -213.6891042 34.2323303 0.051499 0.0341052 
4300000 4300 1000.0 6233292.382 1849.174 7.69 0 0 0 0.0036072 -213.5183875 38.3686827 0.0513402 0.0319275 
4310000 4310 1000.0 6251855.27 1850.378 7.6918 0 0 0 0.0035922 -213.7310922 39.173076 0.0501485 0.031829 
4320000 4320 1000.0 6270903.33 1860.484 7.6996 0 0 0 0.0033959 -213.6521871 41.6951629 0.0520826 0.0304152 
4330000 4330 1000.0 6290060.415 1870.986 7.7189 0 0 0 0.0036973 -213.8481923 46.354531 0.0517041 0.0312265 
4340000 4340 1000.0 6309160.385 1878.412 7.7211 0 0 0 0.0033228 -214.0288809 23.9510667 0.05099 0.0299554 
4350000 4350 1000.0 6328543.463 1889.122 7.7222 0 0 0 0.0038468 -214.1293679 57.9201868 0.0512164 0.0319099 
4360000 4360 1000.0 6347752.49 1895.008 7.7255 0 0 0 0.0033316 -214.4429272 31.3023 0.0516208 0.0299253 
4370000 4370 1000.0 6367130.171 1902.761 7.7269 0 0 0 0.0037378 -214.6426058 35.0366904 0.0501173 0.0313901 
4380000 4380 1000.0 6386151.793 1902.576 7.7157 0 0 0 0.0033733 -214.5944399 32.1283145 0.0497725 0.0296145 
4390000 4390 1000.0 6404988.99 1898.739 7.7195 0 0 0 0.0037595 -214.7135815 32.4400595 0.0495968 0.0306224 
4400000 4400 1000.0 6424109.159 1901.429 7.7241 0 0 0 0.0036838 -214.7503517 59.3362554 0.0498004 0.0306315 
4410000 4410 1000.0 6442936.416 1898.145 7.7182 0 0 0 0.0036348 -214.7803043 77.892597 0.0495551 0.0299994 
4420000 4420 1000.0 6461792.813 1895.708 7.737 0 0 0 0.0033756 -214.8597525 64.1172384 0.0496392 0.028888 
4430000 4430 1000.0 6480023.454 1882.119 7.7428 0 0 0 0.0032616 -214.9998989 27.9653229 0.0506368 0.0294577 
4440000 4440 1000.0 6499000.99 1885.06 7.7211 0 0 0 0.003267 -215.0295819 44.6671356 0.0500409 0.0283972 
4450000 4450 1000.0 6517983.083 1887.179 7.7184 0 0 0 0.0033363 -215.0805301 54.4618933 0.0503218 0.0288972 
4460000 4460 1000.0 6537003.548 1890.152 7.6982 0 0 0 0.003136 -215.3473413 38.880359 0.0493744 0.0268663 
4470000 4470 1000.0 6556223.94 1895.752 7.6879 0 0 0 0.0034043 -215.5224388 66.2075929 0.0492219 0.0292783 
4480000 4480 1000.0 6575639.113 1904.238 7.6862 0 0 0 0.0033035 -215.7289061 43.7866822 0.048649 0.0289653 
4490000 4490 1000.0 6594741.448 1905.162 7.6851 0 0 0 0.0031915 -215.6364185 59.6524754 0.0484234 0.0277099 
4500000 4500 1000.0 6613902.126 1907.402 7.6733 0 0 0 0.0034 -215.5755371 87.5202241 0.0487341 0.0274801 
4510000 4510 1000.0 6632945.762 1906.612 7.6617 0 0 0 0.0032276 -216.0624535 31.6599512 0.0488936 0.0283706 
4520000 4520 1000.0 6652023.392 1906.645 7.6751 0 0 0 0.0034624 -215.8976388 77.5789277 0.0490118 0.0287902 
4530000 4530 1000.0 6671174.946 1908.227 7.6975 0 0 0 0.0036161 -215.8714518 79.0706667 0.050073 0.0297012 
4540000 4540 1000.0 6690544.352 1913.666 7.7115 0 0 0 0.0032502 -216.0360433 61.3946552 0.0479991 0.0269037 
4550000 4550 1000.0 6710085.61 1921.31 7.7156 0 0 0 0.0029483 -216.3691148 36.2399339 0.0476184 0.0256074 
4560000 4560 1000.0 6729785.04 1929.789 7.7284 0 0 0 0.0029437 -216.7033627 37.9072824 0.0471238 0.0261741 
4570000 4570 1000.0 6749166.045 1931.207 7.7222 0 0 0 0.0030426 -216.9338736 38.6910592 0.0482648 0.0267652 
4580000 4580 1000.0 6768629.677 1934.023 7.719 0 0 0 0.0029719 -217.2418494 36.6512426 0.0472468 0.0262449 
4590000 4590 1000.0 6787615.995 1927.23 7.7118 0 0 0 0.0030988 -217.348142 46.6980357 0.0473182 0.026708 
4600000 4600 1000.0 6806652.46 1922.866 7.704 0 0 0 0.0032254 -217.5210668 55.6194032 0.0466147 0.0268133 
4610000 4610 1000.0 6825742.149 1920.556 7.6881 0 0 0 0.0031794 -217.810611 69.5597126 0.0475541 0.0263218 
4620000 4620 1000.0 6844453.21 1911.384 7.682 0 0 0 0.0029943 -217.9842721 36.2868223 0.0483559 0.0260205 
4630000 4630 1000.0 6863680.638 1913.188 7.6859 0 0 0 0.0029761 -218.3765373 32.6767162 0.0477344 0.0264811 
4640000 4640 1000.0 6882844.971 1913.483 7.6935 0 0 0 0.0029598 -218.5988652 46.9532328 0.046998 0.0250566 
4650000 4650 1000.0 6902014.917 1914.029 7.6975 0 0 0 0.0029617 -218.5095388 25.491266 0.0472818 0.0263117 
4660000 4660 1000.0 6921092.015 1912.728 7.7009 0 0 0 0.002945 -218.652643 34.0659895 0.0462558 0.0259444 
4670000 4670 1000.0 6940373.834 1915.592 7.7158 0 0 0 0.0028698 -218.7616229 36.3013009 0.0458176 0.0257219 
4680000 4680 1000.0 6960035.407 1925.109 7.7172 0 0 0 0.0031701 -218.8686268 60.6884835 0.0470083 0.0265879 
4690000 4690 1000.0 6978774.347 1915.007 7.7107 0 0 0 0.002781 -219.1333194 41.0113623 0.0455968 0.0246892 
4700000 4700 1000.0 6997990.182 1916.268 7.7066 0 0 0 0.0031067 -219.1149438 44.4119855 0.0469383 0.0271125 
4710000 4710 1000.0 7017085.418 1915.455 7.7162 0 0 0 0.0029677 -219.1737639 35.5223832 0.0454233 0.026124 
4720000 4720 1000.0 7036374.862 1917.833 7.7182 0 0 0 0.0030824 -219.2800062 55.3411428 0.0446008 0.0260098 
4730000 4730 1000.0 7055932.547 1925.066 7.7164 0 0 0 0.0027064 -219.6120343 27.7761801 0.0441463 0.0242043 
4740000 4740 1000.0 7074956.626 1921.035 7.7124 0 0 0 0.0031187 -219.5316078 51.6127956 0.0450252 0.0268752 
4750000 4750 1000.0 7094167.086 1920.938 7.7098 0 0 0 0.0031473 -219.7847265 32.3186272 0.0449035 0.0263673 
4760000 4760 1000.0 7113631.891 1925.815 7.7202 0 0 0 0.0029343 -219.794382 38.7985948 0.044953 0.0261683 
4770000 4770 1000.0 7133221.836 1932.026 7.719 0 0 0 0.0033046 -219.7330603 66.1449346 0.0451738 0.0280546 
4780000 4780 1000.0 7152896.736 1938.165 7.727 0 0 0 0.0032154 -219.966285 59.6436119 0.0440596 0.0270966 
4790000 4790 1000.0 7172425.049 1940.746 7.7263 0 0 0 0.0031331 -220.037555 58.0976275 0.0437328 0.0259914 
4800000 4800 1000.0 7191548.009 1935.632 7.7321 0 0 0 0.0032239 -220.0849632 40.2064184 0.0446498 0.0282225 
4810000 4810 1000.0 7210701.635 1931.563 7.7294 0 0 0 0.0033868 -220.0764518 55.950639 0.0446426 0.0282646 
4820000 4820 1000.0 7230123.137 1933.768 7.7391 0 0 0 0.002978 -220.2451507 39.7640749 0.0453122 0.0265119 
4830000 4830 1000.0 7249484.159 1934.139 7.7426 0 0 0 0.0030646 -220.3303253 53.0242878 0.0441382 0.0263975 
4840000 4840 1000.0 7268918.185 1935.848 7.739 0 0 0 0.0030343 -220.5335878 32.182705 0.0453745 0.026494 
4850000 4850 1000.0 7288652.358 1942.906 7.7383 0 0 0 0.0030656 -220.7421593 34.5408501 0.0448542 0.0272017 
4860000 4860 1000.0 7308241.81 1946.146 7.7271 0 0 0 0.0031409 -220.6713734 36.6699308 0.0441872 0.0273203 
4870000 4870 1000.0 7328128.423 1953.933 7.7203 0 0 0 0.0029379 -220.7938395 65.5950609 0.0444592 0.0253279 
4880000 4880 1000.0 7347672.471 1954.007 7.7208 0 0 0 0.0027937 -220.7786142 33.1878015 0.0435368 0.0250108 
4890000 4890 1000.0 7366424.901 1938.598 7.7203 0 0 0 0.0031108 -220.7608482 54.6285973 0.0448618 0.0265275 
4900000 4900 1000.0 7383769.398 1901.901 7.722 0 0 0 0.0032466 -220.4459078 70.11794 0.0460995 0.0269854 
4910000 4910 1000.0 7402722.5 1900.958 7.7201 0 0 0 0.0029692 -220.5547394 26.0557378 0.0450524 0.026776 
4920000 4920 1000.0 7421166.817 1890.815 7.7338 0 0 0 0.0032476 -220.1294897 76.6921626 0.0447652 0.0269502 
4930000 4930 1000.0 7440160.15 1892.379 7.7249 0 0 0 0.0033293 -220.1772603 65.2929251 0.0457942 0.0277542 
4940000 4940 1000.0 7458900.903 1889.169 7.7202 0 0 0 0.003268 -220.1494862 91.1698769 0.0448881 0.0273629 
4950000 4950 1000.0 7476179.433 1861.057 7.7133 0 0 0 0.0030535 -219.8556478 58.0558207 0.0449103 0.0263766 
4960000 4960 1000.0 7494945.472 1863.564 7.7127 0 0 0 0.0028717 -219.6297875 58.0715892 0.0443557 0.0250212 
4970000 4970 1000.0 7513033.522 1853.726 7.728 0 0 0 0.0035179 -219.2999956 95.3926985 0.0451329 0.0283034 
4980000 4980 1000.0 7531700.567 1856.327 7.7429 0 0 0 0.0033263 -219.3118654 72.6359391 0.0446611 0.0275753 
4990000 4990 1000.0 7550092.692 1853.363 7.7322 0 0 0 0.0029937 -219.2336109 59.909782 0.0440806 0.0248358 
5000000 5000 1000.0 7569204.004 1864.431 7.7326 0 0 0 0.0031597 -219.3574388 30.7149339 0.0439881 0.0269567 
5010000 5010 1000.0 7587716.648 1861.882 7.7321 0 0 0 0.0029408 -218.8907516 47.8062801 0.0438706 0.026118 
5020000 5020 1000.0 7606362.137 1862.147 7.7412 0 0 0 0.0028116 -218.9558116 38.2846176 0.0444499 0.0249333 
5030000 5030 1000.0 7624900.411 1860.963 7.7493 0 0 0 0.0027272 -219.0205333 17.5292012 0.0461868 0.0246627 
5040000 5040 1000.0 7643615.588 1862.846 7.7668 0 0 0 0.0031039 -218.9984872 39.1355365 0.0442058 0.0268622 
5050000 5050 1000.0 7662178.925 1861.077 7.776 0 0 0 0.0026759 -219.0812628 22.7514772 0.0447808 0.0248466 
5060000 5060 1000.0 7680789.948 1861.304 7.766 0 0 0 0.0031938 -218.5690899 73.0582539 0.0443482 0.0258736 
5070000 5070 1000.0 7700072.677 1873.944 7.7716 0 0 0 0.0031372 -218.5416805 49.5428921 0.0449823 0.0277704 
5080000 5080 1000.0 7719796.563 1892.059 7.7747 0 0 0 0.0028221 -218.989726 17.9498455 0.0447134 0.025442 
5090000 5090 1000.0 7739214.351 1901.359 7.7787 0 0 0 0.002999 -218.77334 29.7982649 0.0443488 0.0264467 
5100000 5100 1000.0 7758289.248 1902.237 7.7567 0 0 0 0.0033862 -218.5026926 92.6259333 0.0447122 0.0282728 
5110000 5110 1000.0 7777105.688 1898.766 7.7396 0 0 0 0.0029926 -218.9215706 34.4415453 0.0444062 0.0264861 
5120000 5120 1000.0 7796609.524 1908.49 7.7277 0 0 0 0.0028898 -218.8304708 58.5580657 0.0438622 0.0252706 
5130000 5130 1000.0 7816363.389 1920.885 7.734 0 0 0 0.0033267 -218.5905616 85.5199096 0.0439793 0.0273722 
5140000 5140 1000.0 7836169.99 1932.014 7.734 0 0 0 0.0031339 -218.6850474 53.9229131 0.0433745 0.0266732 
5150000 5150 1000.0 7855931.273 1940.187 7.7402 0 0 0 0.0025712 -219.2713659 29.1494959 0.0430646 0.0235466 
5160000 5160 1000.0 7875305.288 1939.454 7.7368 0 0 0 0.0029514 -218.9891086 50.0459519 0.0423526 0.0250343 
5170000 5170 1000.0 7894259.349 1931.338 7.7343 0 0 0 0.003147 -219.2042459 80.864274 0.0412827 0.0256328 
5180000 5180 1000.0 7912536.006 1912.081 7.7133 0 0 0 0.00284 -219.0963639 53.5627358 0.0427833 0.0237957 
5190000 5190 1000.0 7931956.867 1917.516 7.7081 0 0 0 0.0031304 -218.9080094 72.1534172 0.0431448 0.0263258 
5200000 5200 1000.0 7951773.017 1929.165 7.7066 0 0 0 0.002661 -219.3065658 31.7198823 0.0426801 0.0234948 
5210000 5210 1000.0 7970987.008 1927.586 7.7002 0 0 0 0.0024912 -219.4058438 22.5707097 0.0429062 0.0228423 
5220000 5220 1000.0 7989114.234 1906.019 7.6934 0 0 0 0.0024574 -219.3484854 36.0311187 0.0420768 0.021903 
5230000 5230 1000.0 8008311.561 1908.483 7.688 0 0 0 0.0025451 -219.1266825 39.1659209 0.0419366 0.0223463 
5240000 5240 1000.0 8027411.526 1908.723 7.695 0 0 0 0.0028668 -219.1546152 53.3985296 0.0414212 0.025013 
5250000 5250 1000.0 8046850.375 1915.316 7.7165 0 0 0 0.0026897 -218.9450047 60.3197405 0.0408797 0.0227089 
5260000 5260 1000.0 8066354.509 1921.457 7.7249 0 0 0 0.0022776 -219.2680322 16.3861593 0.0408052 0.0210301 
5270000 5270 1000.0 8085300.667 1916.052 7.7355 0 0 0 0.0029678 -218.9896097 52.5791862 0.0413032 0.0233415 
5280000 5280 1000.0 8103592.655 1899.806 7.7442 0 0 0 0.0026932 -219.1955069 55.2744825 0.0406004 0.0225576 
5290000 5290 1000.0 8122204.336 1893.205 7.7416 0 0 0 0.0024839 -219.1533932 43.7576144 0.0410482 0.0217015 
5300000 5300 1000.0 8141108.932 1892.527 7.7414 0 0 0 0.002974 -218.7367613 84.3343736 0.0400128 0.023644 
5310000 5310 1000.0 8159797.588 1888.541 7.739 0 0 0 0.0023891 -218.9716937 40.4560572 0.0402213 0.020743 
5320000 5320 1000.0 8178960.659 1893.407 7.7244 0 0 0 0.0026076 -218.9390467 31.422812 0.0404307 0.0210736 
5330000 5330 1000.0 8198357.281 1901.877 7.7245 0 0 0 0.0027457 -218.6578745 44.8193594 0.0405991 0.0239971 
5340000 5340 1000.0 8217611.681 1906.317 7.7228 0 0 0 0.0026956 -218.4435449 41.6169753 0.0414535 0.0237688 
5350000 5350 1000.0 8236790.877 1908.197 7.713 0 0 0 0.0031958 -218.1934206 68.8734706 0.041558 0.02557 
5360000 5360 1000.0 8256323.27 1916.108 7.7034 0 0 0 0.0026664 -218.5676515 25.3154602 0.0403731 0.0237776 
5370000 5370 1000.0 8275669.571 1919.466 7.7035 0 0 0 0.0025904 -218.2719735 34.4544417 0.0423242 0.0228513 
5380000 5380 1000.0 8295250.967 1926.44 7.7158 0 0 0 0.0025339 -218.3394733 28.6992452 0.0419788 0.0230425 
5390000 5390 1000.0 8314617.312 1927.742 7.7228 0 0 0 0.0027945 -218.1814753 41.6778765 0.0431984 0.0242705 
5400000 5400 1000.0 8333693.125 1924.413 7.726 0 0 0 0.0025188 -218.2782788 31.5639613 0.0419235 0.0225951 
5410000 5410 1000.0 8353217.196 1929.495 7.7201 0 0 0 0.0026632 -218.300497 43.1065396 0.0427775 0.0229689 
5420000 5420 1000.0 8372699.753 1933.089 7.7174 0 0 0 0.0024895 -218.776154 39.5549781 0.0442051 0.0223525 
5430000 5430 1000.0 8392040.726 1932.673 7.7163 0 0 0 0.0028654 -218.7442835 59.8442519 0.0428058 0.0236563 
5440000 5440 1000.0 8410799.719 1922.351 7.7198 0 0 0 0.0030438 -218.7759966 85.7854212 0.0420385 0.0241769 
5450000 5450 1000.0 8429901.614 1920.154 7.7301 0 0 0 0.002693 -218.9924464 36.9688058 0.04412 0.0236674 
5460000 5460 1000.0 8449162.968 1921.325 7.7364 0 0 0 0.0028893 -219.0049281 48.6303613 0.0439899 0.025185 
5470000 5470 1000.0 8468348.93 1920.51 7.7246 0 0 0 0.0028575 -219.1448317 54.9528347 0.0430418 0.0246196 
5480000 5480 1000.0 8488023.355 1928.535 7.7268 0 0 0 0.0030979 -218.946892 71.3960626 0.0447222 0.0260294 
5490000 5490 1000.0 8507609.388 1934.195 7.7281 0 0 0 0.0029367 -219.3063406 60.5846028 0.0425448 0.0243232 
5500000 5500 1000.0 8527801.5 1949.921 7.7311 0 0 0 0.003202 -219.4019255 88.04139 0.0429895 0.0255312 
5510000 5510 1000.0 8548036.578 1963.17 7.7261 0 0 0 0.0029037 -219.4002422 69.3645923 0.0437892 0.0238457 
5520000 5520 1000.0 8568200.729 1972.898 7.7236 0 0 0 0.0026677 -219.8342305 47.2311772 0.0419336 0.022953 
5530000 5530 1000.0 8588256.964 1978.752 7.714 0 0 0 0.0030522 -219.921315 76.808448 0.0423463 0.0250488 
5540000 5540 1000.0 8608285.573 1983.416 7.694 0 0 0 0.0025974 -220.102728 52.1115605 0.0423186 0.0225027 
5550000 5550 1000.0 8628194.442 1984.599 7.6862 0 0 0 0.0027696 -220.1350523 60.2558319 0.0422069 0.0235774 
5560000 5560 1000.0 8647911.3 1982.203 7.6811 0 0 0 0.0029244 -219.9488184 71.1812117 0.0421526 0.0240505 
5570000 5570 1000.0 8667708.576 1981.522 7.6683 0 0 0 0.0026763 -220.4133034 51.3319663 0.0407115 0.0233242 
5580000 5580 1000.0 8687179.423 1975.331 7.6783 0 0 0 0.0025156 -220.2352892 57.7854868 0.0414222 0.0214177 
5590000 5590 1000.0 8706820.013 1973.401 7.6825 0 0 0 0.0023842 -220.5649122 32.5386929 0.0409367 0.0213578 
5600000 5600 1000.0 8726309.956 1968.989 7.7116 0 0 0 0.0025458 -220.6329582 33.298747 0.0409738 0.0221078 
5610000 5610 1000.0 8746104.797 1970.88 7.7142 0 0 0 0.0025953 -220.5991646 42.0713741 0.0412818 0.0223759 
5620000 5620 1000.0 8765672.249 1968.18 7.7181 0 0 0 0.0025861 -220.6857948 74.1129921 0.0411361 0.0212593 
5630000 5630 1000.0 8785901.636 1978.47 7.7113 0 0 0 0.0022392 -220.9035808 36.6591065 0.0401584 0.0198914 
5640000 5640 1000.0 8806020.76 1984.494 7.7061 0 0 0 0.0023783 -221.0271146 48.9598073 0.0416626 0.0208388 
5650000 5650 1000.0 8826383.02 1993.969 7.707 0 0 0 0.0022032 -221.4056097 21.2681674 0.0403519 0.0199813 
5660000 5660 1000.0 8846967.631 2005.753 7.719 0 0 0 0.0024952 -221.3698115 58.3761351 0.0400272 0.0211296 
5670000 5670 1000.0 8866871.375 2002.777 7.7262 0 0 0 0.0021129 -221.5494171 33.1721401 0.0402048 0.0180579 
5680000 5680 1000.0 8886152.335 1988.886 7.7392 0 0 0 0.0023192 -221.7122486 65.0982412 0.0413789 0.0196198 
5690000 5690 1000.0 8906588.897 1999.27 7.7419 0 0 0 0.0023548 -221.6836251 41.0234173 0.0400086 0.0206077 
5700000 5700 1000.0 8927396.068 2014.048 7.7124 0 0 0 0.0023471 -221.5780237 60.4514868 0.0396111 0.0194132 
5710000 5710 1000.0 8948224.828 2026.637 7.6112 0 0 0 0.0022538 -222.1603015 35.432468 0.0411698 0.0196541 
5720000 5720 1000.0 8968787.751 2032.119 7.6226 0 0 0 0.002435 -222.1943212 43.976984 0.0392516 0.0199884 
5730000 5730 1000.0 8989255.173 2034.556 7.6179 0 0 0 0.0023453 -222.42934 42.9618024 0.0407336 0.0203221 
5740000 5740 1000.0 9009143.942 2026.829 7.6238 0 0 0 0.0026972 -222.3510212 53.7085452 0.0407964 0.0229094 
5750000 5750 1000.0 9029503.795 2028.573 7.6308 0 0 0 0.0026518 -222.420477 89.260637 0.0410403 0.0207728 
5760000 5760 1000.0 9050133.205 2034.434 7.6324 0 0 0 0.0028253 -222.8441246 55.0033671 0.0408705 0.0236729 
5770000 5770 1000.0 9070909.495 2042.621 7.6509 0 0 0 0.0024241 -222.9948465 65.2588849 0.0409927 0.0201878 
5780000 5780 1000.0 9091671.954 2049.074 7.674 0 0 0 0.0021528 -223.3178179 22.3581295 0.0401031 0.0193253 
5790000 5790 1000.0 9112473.372 2054.886 7.6924 0 0 0 0.0023143 -223.4364372 57.341104 0.0413366 0.0197727 
5800000 5800 1000.0 9133494.501 2063.685 7.6974 0 0 0 0.0023446 -223.5085811 70.0993015 0.0400297 0.0197654 
5810000 5810 1000.0 9154195.404 2064.951 7.6921 0 0 0 0.002339 -223.7122795 40.1878984 0.0405469 0.020297 
5820000 5820 1000.0 9174801.072 2064.303 7.6978 0 0 0 0.0022566 -223.8993289 40.7360151 0.0404583 0.0193994 
5830000 5830 1000.0 9194868.347 2053.682 7.7117 0 0 0 0.0021555 -224.1311627 34.9846 0.0395778 0.0188037 
5840000 5840 1000.0 9214528.591 2037.244 7.7112 0 0 0 0.0022195 -223.9880144 46.7121775 0.040531 0.0193999 
5850000 5850 1000.0 9233342.448 2008.317 7.7129 0 0 0 0.0022267 -223.9509277 39.810966 0.0403799 0.0195271 
5860000 5860 1000.0 9253305.607 2006.145 7.7246 0 0 0 0.0021749 -223.861436 42.0013314 0.0418605 0.0193986 
5870000 5870 1000.0 9272149.433 1984.166 7.7168 0 0 0 0.0024604 -223.679261 55.937482 0.0422274 0.0208964 
5880000 5880 1000.0 9291677.446 1978.243 7.7123 0 0 0 0.0026438 -223.8000868 75.43044 0.0430652 0.0214159 
5890000 5890 1000.0 9311404.092 1976.921 7.6975 0 0 0 0.0022503 -223.7838781 35.6716998 0.0418755 0.0195643 
5900000 5900 1000.0 9330995.369 1973.621 7.6915 0 0 0 0.0024568 -223.4485691 55.576887 0.0422536 0.0211956 
5910000 5910 1000.0 9350859.649 1976.312 7.6781 0 0 0 0.0021836 -223.769385 16.3296511 0.0420486 0.0201336 
5920000 5920 1000.0 9370757.822 1978.178 7.66 0 0 0 0.0026868 -223.7620367 55.6643437 0.0416459 0.0227055 
5930000 5930 1000.0 9390361.435 1974.714 7.6609 0 0 0 0.0024198 -223.5996968 20.5886161 0.0424421 0.0213537 
5940000 5940 1000.0 9410063.26 1973.96 7.6734 0 0 0 0.0022511 -223.7937397 19.6130603 0.0412697 0.0205637 
5950000 5950 1000.0 9429243.029 1963.644 7.6933 0 0 0 0.0027064 -223.6421121 53.0299677 0.0411279 0.0225502 
5960000 5960 1000.0 9448774.714 1961.78 7.7005 0 0 0 0.0023192 -223.6230785 41.4690836 0.0417402 0.020184 
5970000 5970 1000.0 9468898.005 1971.167 7.7115 0 0 0 0.0023434 -223.5435838 29.5462255 0.0427548 0.0209924 
5980000 5980 1000.0 9489130.889 1980.461 7.7139 0 0 0 0.0024344 -223.5092334 40.5671068 0.041985 0.0213357 
5990000 5990 1000.0 9509060.248 1982.699 7.6881 0 0 0 0.0025966 -223.2477006 68.5318685 0.0415726 0.0214469 
6000000 6000 1000.0 9529346.847 1991.112 7.6839 0 0 0 0.0026689 -223.5470785 47.6769697 0.0412128 0.0230249 
