10000 14 171.012 3628.028 62.192 0.1842 0 0 0 0.0 0.0 0.0 0.0 0.0 
20000 28 300.288 7116.58 106.491 0.3209 0 0 0 0.0 0.0 0.0 0.0 0.0 
30000 54 329.5 9324.694 97.134 1.3063 0 0 0 0.0027225 -1.628324 0.0232774 0.1543037 0.0215673 
40000 82 317.927 14346.764 120.197 1.826 0 0 0 0.0037609 -3.2150504 0.0567835 0.1216258 0.0266542 
50000 550 20.14 16695.758 5.308 0.1685 0 0 0 0.0047656 -4.7369315 0.203886 0.1315409 0.0366917 
60000 687 118.704 21231.472 56.266 0.9772 0 0 0 0.0043287 -6.3900639 0.2529754 0.1207584 0.0331468 
70000 697 279.917 26891.163 149.545 2.3308 0 0 0 0.0037197 -8.4576649 0.1891127 0.1058379 0.0304702 
80000 707 411.64 32887.85 231.833 3.4212 0 0 0 0.0036736 -10.6359839 0.2449956 0.0958431 0.0290284 
90000 719 494.152 37677.67 262.088 4.1049 0 0 0 0.0032483 -12.6259003 0.2667078 0.0918919 0.0272694 
100000 730 579.759 42857.678 305.427 4.8132 0 0 0 0.0033918 -14.7060224 0.4658658 0.0906547 0.0257209 
110000 742 639.129 48859.339 350.362 5.3114 0 0 0 0.0034298 -16.7958247 0.4615123 0.0876118 0.0268001 
120000 752 705.142 55009.138 398.683 5.8478 0 0 0 0.0037735 -19.064321 0.851088 0.0901622 0.0276178 
130000 762 759.079 61038.985 436.135 6.3013 0 0 0 0.0038072 -21.0972382 0.9577407 0.0873553 0.0254571 
140000 772 803.15 66812.272 462.246 6.6964 0 0 0 0.003394 -23.1469997 0.922522 0.0854403 0.0250984 
150000 783 810.624 72673.116 469.033 6.7806 0 0 0 0.0037563 -24.8610945 0.9629771 0.0837659 0.0268626 
160000 799 757.878 78496.265 438.831 6.3406 0 0 0 0.003542 -26.7716106 0.9202837 0.0782148 0.0259235 
170000 813 744.38 83826.753 428.057 6.2311 0 0 0 0.0042112 -28.9025164 1.7289543 0.079392 0.0274935 
180000 824 779.885 88763.057 431.429 6.5234 0 0 0 0.0037671 -30.883721 1.5484329 0.0785459 0.0277456 
190000 835 811.292 93435.171 431.477 6.8101 0 0 0 0.0041616 -32.7818759 2.1226176 0.0778137 0.027066 
200000 846 832.109 98753.302 440.666 6.9879 0 0 0 0.0041089 -34.6132063 2.0973482 0.0764655 0.0263615 
210000 856 862.821 105504.984 484.086 7.2382 0 0 0 0.0035613 -36.8973629 1.8094846 0.0757212 0.0269406 
220000 866 887.914 111538.904 507.544 7.43 0 0 0 0.0038244 -38.8829248 1.7789155 0.0764646 0.0283874 
230000 876 908.418 116403.994 503.669 7.6003 0 0 0 0.0034222 -40.7841789 1.986157 0.075914 0.0258922 
240000 887 911.787 121002.373 487.42 7.6326 0 0 0 0.0041383 -42.3282119 2.7143331 0.073667 0.0265948 
250000 898 905.282 126030.859 479.866 7.6039 0 0 0 0.003501 -44.4574397 2.0344527 0.0685162 0.0271834 
260000 908 922.609 132286.593 503.497 7.7583 0 0 0 0.0039591 -46.2531944 2.6272861 0.06782 0.0279845 
270000 918 936.766 138674.118 530.775 7.8859 0 0 0 0.0033143 -47.7258759 2.3216066 0.0671935 0.0245113 
280000 928 948.333 144229.881 534.597 7.9841 0 0 0 0.004246 -48.824098 3.6162711 0.0688087 0.0265124 
290000 938 957.784 149867.403 539.414 8.0698 0 0 0 0.0033777 -50.5975205 3.1630227 0.0659278 0.0244349 
300000 948 965.507 156290.39 558.179 8.1316 0 0 0 0.0036768 -52.8390295 3.3805171 0.0643842 0.0264783 
310000 958 971.816 161268.446 547.547 8.1852 0 0 0 0.003255 -54.4213791 2.948538 0.0641524 0.0247881 
320000 968 976.972 167713.987 563.56 8.2418 0 0 0 0.0037196 -56.0752152 3.7595949 0.0620327 0.0256779 
330000 978 981.184 173601.812 568.815 8.2841 0 0 0 0.0033827 -57.5773583 4.2179995 0.0612835 0.0259363 
340000 988 984.626 181083.386 599.929 8.3112 0 0 0 0.0034636 -58.9972973 4.8967833 0.0617444 0.0238086 
350000 998 987.439 188124.151 620.361 8.3222 0 0 0 0.0039066 -60.8556354 6.5636237 0.06215 0.0255327 
360000 1008 989.736 196262.453 653.884 8.3286 0 0 0 0.0029669 -62.7597261 3.5626969 0.0633988 0.0249668 
370000 1018 991.614 204527.712 684.572 8.3521 0 0 0 0.0038766 -65.1273331 5.9826892 0.0631694 0.0257523 
380000 1028 993.148 212175.397 699.856 8.3682 0 0 0 0.0035258 -67.0461287 3.5469595 0.062531 0.0256031 
390000 1038 994.401 219614.415 712.77 8.3776 0 0 0 0.0035132 -69.1186618 5.5303728 0.0622797 0.0266485 
400000 1048 995.425 226267.533 700.087 8.4221 0 0 0 0.003239 -71.7832035 4.0883524 0.063367 0.0262856 
410000 1058 996.262 233633.917 707.458 8.4571 0 0 0 0.0032081 -73.3176645 3.8710302 0.0629123 0.0262628 
420000 1068 996.946 241997.945 733.656 8.4924 0 0 0 0.0031573 -74.5184298 2.7394542 0.0615929 0.0262871 
430000 1078 997.505 250070.368 745.425 8.5187 0 0 0 0.0033033 -76.9113058 4.721944 0.0632486 0.0274581 
440000 1088 997.961 256644.515 731.075 8.5484 0 0 0 0.0035888 -78.6014504 8.1425098 0.0625586 0.0262784 
450000 1098 998.334 263432.304 721.104 8.5604 0 0 0 0.0033926 -80.0801763 9.0666033 0.0604406 0.0264355 
460000 1108 998.639 269384.933 699.01 8.5882 0 0 0 0.0031351 -82.1221105 3.892311 0.0573329 0.0250387 
470000 1118 998.888 276394.286 696.923 8.5954 0 0 0 0.0028298 -84.0495534 5.4463658 0.0578004 0.0242645 
480000 1128 999.091 284056.531 708.396 8.6177 0 0 0 0.0029371 -86.2160803 6.9855375 0.0593534 0.0248541 
490000 1138 999.258 292513.721 732.774 8.6168 0 0 0 0.0029442 -88.0931293 6.0679001 0.059538 0.0242677 
500000 1148 999.393 299965.332 740.15 8.6167 0 0 0 0.0034159 -89.521975 11.5464541 0.0589513 0.0257674 
510000 1158 999.504 307927.003 746.886 8.6219 0 0 0 0.0032874 -90.8195601 8.9800923 0.059091 0.0264147 
520000 1168 999.595 314808.963 738.768 8.626 0 0 0 0.0030991 -91.9715794 6.0782419 0.0572529 0.0251744 
530000 1178 994.755 322327.765 733.74 8.5853 0 0 0 0.0032489 -93.563068 9.1411624 0.0564936 0.0261843 
540000 1188 995.715 328830.532 724.289 8.6019 0 0 0 0.003073 -94.7149239 5.5328305 0.0557678 0.0263839 
550000 1198 996.499 336090.661 718.552 8.5888 0 0 0 0.003861 -95.3848607 13.7586244 0.0527227 0.02523 
560000 1208 997.139 344590.03 738.287 8.5943 0 0 0 0.0028995 -96.8806058 8.4470184 0.0526857 0.0244423 
570000 1218 997.663 351942.804 743.072 8.5827 0 0 0 0.00292 -97.4549716 8.176317 0.0508714 0.0239337 
580000 1228 998.09 359722.919 748.381 8.619 0 0 0 0.0029985 -98.8023016 16.1953169 0.0519797 0.0240719 
590000 1239 991.845 367275.669 744.644 8.548 0 0 0 0.0028473 -99.3457935 8.6073284 0.0491696 0.0234206 
600000 1249 993.336 375269.118 754.57 8.5548 0 0 0 0.0032329 -100.6254316 15.84842 0.0488281 0.0228597 
610000 1259 994.555 381247.562 725.088 8.5646 0 0 0 0.0025057 -101.5192353 7.8344523 0.0491203 0.0205168 
620000 1269 995.551 388665.927 727.103 8.5583 0 0 0 0.0024762 -102.4442064 10.1775424 0.0478559 0.0200134 
630000 1279 996.365 396188.486 731.603 8.5522 0 0 0 0.0026483 -103.8052334 7.5195975 0.0477498 0.0208863 
640000 1289 997.03 403712.158 735.851 8.5456 0 0 0 0.0024338 -104.8784659 7.2129123 0.0485085 0.0210185 
650000 1299 997.573 413093.229 773.071 8.5232 0 0 0 0.0035957 -106.8209958 14.516348 0.0488118 0.0228246 
660000 1309 998.017 421162.284 778.157 8.5389 0 0 0 0.0034758 -107.3562758 20.2105515 0.0490266 0.0241236 
670000 1319 998.38 431207.052 820.378 8.554 0 0 0 0.0033042 -109.2981606 18.1204034 0.0479901 0.0249056 
680000 1329 998.676 441691.39 862.046 8.556 0 0 0 0.0027423 -110.5812796 6.6216704 0.0477033 0.0233184 
690000 1339 998.918 452327.046 898.24 8.5656 0 0 0 0.0030013 -111.6501302 10.6341896 0.0476274 0.0248879 
700000 1349 999.116 461179.991 895.632 8.5574 0 0 0 0.0037437 -113.2525675 22.2500294 0.0476415 0.026723 
710000 1359 999.278 469361.309 882.177 8.5697 0 0 0 0.0032127 -114.2361181 19.2200311 0.0470327 0.0261755 
720000 1369 999.41 476006.022 842.117 8.5754 0 0 0 0.0028415 -115.6877287 7.6088883 0.0461374 0.0235379 
730000 1379 999.518 485396.176 860.916 8.5748 0 0 0 0.0030603 -117.5492355 14.967072 0.0461386 0.0247346 
740000 1389 999.606 492877.941 840.526 8.5886 0 0 0 0.0030905 -119.1652047 7.7232884 0.0452577 0.0246373 
750000 1399 999.678 500823.894 830.21 8.5813 0 0 0 0.0038575 -121.0464357 14.4605946 0.0455477 0.0272195 
760000 1409 999.737 508602.799 821.841 8.5837 0 0 0 0.0034936 -122.1101518 17.226257 0.0464428 0.0273148 
770000 1419 999.785 518908.541 862.17 8.5732 0 0 0 0.0031094 -124.0010603 10.0541678 0.0474282 0.0263106 
780000 1430 980.64 530009.15 887.325 8.4149 0 0 0 0.0038664 -125.4072141 16.4750097 0.046088 0.0299158 
790000 1440 984.181 540402.584 916.686 8.4501 0 0 0 0.0039861 -127.0625993 34.7698845 0.0468449 0.0316242 
800000 1450 987.075 552150.738 959.841 8.4726 0 0 0 0.0032652 -128.6203034 7.9125687 0.0451083 0.0300482 
810000 1460 989.439 561128.045 951.451 8.4837 0 0 0 0.00396 -129.7400055 14.4997511 0.0466912 0.030664 
820000 1470 991.371 571192.332 960.176 8.5011 0 0 0 0.0042534 -131.2573263 29.3741004 0.0455629 0.0309787 
830000 1480 992.95 582733.55 995.98 8.5104 0 0 0 0.0037545 -133.5607826 14.7256259 0.0467398 0.0309445 
840000 1490 994.239 593381.544 1006.558 8.5128 0 0 0 0.0038871 -135.3753521 13.7748173 0.0457773 0.0307923 
850000 1500 995.293 603868.696 1012.918 8.523 0 0 0 0.0035901 -136.306147 11.2466682 0.0450476 0.0305797 
860000 1510 996.154 615069.461 1032.154 8.5353 0 0 0 0.0035612 -137.9308037 17.0360849 0.0438294 0.0300755 
870000 1520 996.858 624158.843 1009.963 8.5353 0 0 0 0.004903 -138.7399519 45.5913928 0.0433436 0.0309594 
880000 1530 997.432 632553.597 976.053 8.5245 0 0 0 0.0034081 -139.7666528 9.7983741 0.0415043 0.0293645 
890000 1540 997.902 643381.53 996.427 8.5239 0 0 0 0.0039944 -140.884578 30.1688083 0.0400859 0.0291804 
900000 1550 998.286 654254.378 1014.181 8.5234 0 0 0 0.0038741 -141.2264445 20.8742755 0.0381741 0.0286081 
910000 1560 998.599 662351.669 973.005 8.5023 0 0 0 0.0035448 -142.8474455 18.0391221 0.03885 0.0288777 
920000 1570 990.259 674832.373 1017.733 8.4219 0 0 0 0.0036923 -143.7242982 24.3072184 0.0385528 0.0304166 
930000 1580 992.041 688929.004 1084.787 8.4309 0 0 0 0.0040142 -144.9370954 25.6678839 0.0372681 0.0299773 
940000 1590 989.72 698748.946 1067.743 8.4216 0 0 0 0.004344 -146.4096416 32.9673033 0.0356786 0.0297886 
950000 1600 991.6 711277.659 1087.885 8.4287 0 0 0 0.0033083 -147.5927238 19.518804 0.0353096 0.0287133 
960000 1610 993.137 724811.763 1134.785 8.4392 0 0 0 0.0033356 -148.1425217 20.0204317 0.0335923 0.028446 
970000 1620 994.392 735886.716 1136.996 8.4419 0 0 0 0.0032602 -149.5610978 13.5083275 0.033108 0.0294475 
980000 1630 995.418 747589.031 1157.668 8.4521 0 0 0 0.0031411 -150.1529725 12.8507976 0.0321413 0.0277854 
990000 1640 996.256 759417.05 1146.709 8.4675 0 0 0 0.0031616 -151.2283012 17.9556543 0.0318006 0.0271413 
1000000 1650 996.941 771464.401 1158.891 8.4707 0 0 0 0.0032701 -151.1599228 13.2637975 0.0302744 0.0279341 
1010000 1660 997.501 783657.709 1178.541 8.4727 0 0 0 0.0038909 -152.8306769 42.0392096 0.0288941 0.0301347 
1020000 1670 997.958 793918.803 1146.447 8.4631 0 0 0 0.0031181 -153.4677319 16.2633241 0.0305199 0.0281494 
1030000 1680 998.331 804943.346 1135.024 8.4715 0 0 0 0.0049573 -154.0180392 55.4658731 0.0305918 0.0317563 
1040000 1690 998.637 815482.559 1129.01 8.4708 0 0 0 0.0035186 -154.7379945 22.0464158 0.0295912 0.03008 
1050000 1700 998.886 830023.086 1175.378 8.4801 0 0 0 0.0035372 -156.5918305 25.6552497 0.0301945 0.0302739 
1060000 1710 999.09 845445.128 1247.44 8.4622 0 0 0 0.0041503 -158.087204 41.3336045 0.0294098 0.0322375 
1070000 1720 999.256 857923.401 1243.292 8.4809 0 0 0 0.0033209 -159.4914615 19.2769211 0.0300069 0.029522 
1080000 1730 999.392 871204.958 1269.862 8.4851 0 0 0 0.0037483 -161.0276756 19.251402 0.0308974 0.0323651 
1090000 1740 999.503 885724.817 1305.639 8.4879 0 0 0 0.0035515 -162.717149 20.6059284 0.0300752 0.0322533 
1100000 1750 999.594 899693.679 1317.933 8.4843 0 0 0 0.0039673 -164.6371275 27.0688029 0.0315438 0.0331503 
1110000 1760 999.669 913495.115 1326.615 8.4957 0 0 0 0.0037966 -166.2295143 21.8298288 0.0313175 0.033075 
1120000 1770 999.729 928444.09 1354.615 8.5066 0 0 0 0.0043575 -167.8148225 15.6691529 0.0321141 0.0371334 
1130000 1780 999.779 943611.31 1383.186 8.4743 0 0 0 0.0046086 -169.1605892 44.1666075 0.0306484 0.0364264 
1140000 1790 999.819 959185.042 1410.644 8.4955 0 0 0 0.0045743 -170.3072818 45.6538229 0.0308589 0.0373129 
1150000 1800 999.852 972762.914 1402.822 8.5092 0 0 0 0.0042194 -171.2731747 35.1338847 0.0317586 0.0369115 
1160000 1810 999.879 987856.08 1422.306 8.514 0 0 0 0.0045233 -171.9470152 28.6231049 0.032425 0.0385046 
1170000 1820 999.901 1002991.705 1438.474 8.5184 0 0 0 0.0040635 -174.6040268 11.7777777 0.0338278 0.0376702 
1180000 1830 999.919 1018847.011 1465.447 8.5348 0 0 0 0.0045549 -175.985973 22.876471 0.0334119 0.0403938 
1190000 1840 999.934 1034087.832 1476.214 8.5316 0 0 0 0.0045501 -177.3420599 29.0019628 0.0333178 0.03999 
1200000 1850 999.946 1049956.176 1492.915 8.522 0 0 0 0.0043032 -178.7598592 23.1876957 0.0330334 0.0395392 
1210000 1860 999.956 1067239.142 1534.581 8.513 0 0 0 0.0044987 -179.5590935 29.3730386 0.0336589 0.0399879 
1220000 1870 999.964 1085437.651 1591.331 8.4977 0 0 0 0.0045952 -181.94315 36.7692158 0.0344846 0.0405349 
1230000 1880 999.971 1104776.097 1649.358 8.4986 0 0 0 0.004522 -183.6352461 22.8135917 0.0347399 0.0414047 
1240000 1890 999.976 1122660.364 1678.289 8.5002 0 0 0 0.0042329 -185.5768992 7.6360126 0.0335514 0.0406919 
1250000 1900 999.98 1140020.541 1688.103 8.5064 0 0 0 0.0047242 -186.1743569 30.7175888 0.034888 0.0421358 
1260000 1910 999.984 1157085.044 1689.172 8.5083 0 0 0 0.0046914 -187.02434 23.0360272 0.03365 0.0408124 
1270000 1920 999.987 1171882.469 1657.159 8.5202 0 0 0 0.0043911 -189.0255037 13.3908848 0.0339263 0.0402527 
1280000 1930 999.989 1187182.891 1629.223 8.4962 0 0 0 0.0043455 -190.1344535 21.8631778 0.0340968 0.0405782 
1290000 1940 999.991 1202936.735 1623.138 8.4986 0 0 0 0.0048516 -190.544861 45.9678888 0.0346554 0.040978 
1300000 1950 999.993 1219359.115 1644.531 8.5079 0 0 0 0.0043601 -191.9606528 15.5762739 0.0337452 0.041103 
1310000 1960 999.994 1236110.477 1624.828 8.5124 0 0 0 0.0049518 -193.0701143 46.529704 0.0357023 0.0432974 
1320000 1970 999.995 1256003.621 1691.856 8.4925 0 0 0 0.0045014 -194.1791957 25.0838571 0.0334491 0.0417494 
1330000 1980 999.996 1272099.432 1683.759 8.489 0 0 0 0.0046316 -195.0719945 29.2441491 0.0345196 0.041291 
1340000 1990 999.997 1289475.587 1688.751 8.4943 0 0 0 0.004352 -195.7093717 25.509138 0.0342978 0.0404082 
1350000 2000 999.997 1310402.729 1759.171 8.5014 0 0 0 0.0042121 -197.4937305 35.3786889 0.0337984 0.0386351 
1360000 2010 999.998 1329826.874 1788.994 8.5091 0 0 0 0.0049785 -199.3533209 36.3512874 0.0352204 0.0424695 
1370000 2020 999.998 1348116.121 1796.54 8.5151 0 0 0 0.0050672 -201.0767139 60.2006789 0.0337813 0.042142 
1380000 2030 999.999 1369024.679 1851.254 8.5073 0 0 0 0.0043812 -201.8919552 27.0116446 0.0332749 0.0397484 
1390000 2041 982.319 1388320.899 1838.14 8.3433 0 0 0 0.0045572 -203.7688455 36.2975281 0.0343792 0.0411331 
1400000 2051 985.553 1406356.905 1826.677 8.3831 0 0 0 0.0048549 -206.1363307 60.3735575 0.0323501 0.0414361 
1410000 2061 988.196 1427617.84 1882.922 8.4057 0 0 0 0.0044658 -206.7770104 23.3577841 0.0331531 0.0411666 
1420000 2071 990.355 1448313.525 1917.442 8.417 0 0 0 0.004795 -208.3863703 37.9454203 0.0333426 0.0406934 
1430000 2081 992.12 1469379.881 1949.135 8.4073 0 0 0 0.0047115 -209.2976731 51.3672327 0.0339339 0.0414568 
1440000 2091 993.561 1487123.748 1928.207 8.4052 0 0 0 0.004184 -210.6414838 16.4976823 0.033274 0.0398624 
1450000 2101 994.739 1497881.343 1769.343 8.4377 0 0 0 0.0045348 -209.9936199 36.5473639 0.0330431 0.0394335 
1460000 2111 995.701 1515840.026 1770.322 8.4545 0 0 0 0.0042094 -211.0415884 40.8223639 0.033298 0.0382747 
1470000 2121 996.488 1535338.256 1825.669 8.4642 0 0 0 0.0041422 -212.6942861 19.3101398 0.0344217 0.0376724 
1480000 2131 997.13 1554442.382 1820.897 8.4563 0 0 0 0.0045714 -214.0190958 64.1431026 0.033034 0.0383672 
1490000 2141 997.655 1576214.24 1883.281 8.4655 0 0 0 0.0044866 -215.3125682 39.6192228 0.0323069 0.0394261 
1500000 2151 998.084 1597145.024 1924.761 8.4819 0 0 0 0.0039951 -216.994343 21.2175498 0.0322407 0.037782 
1510000 2161 998.435 1618506.098 1967.585 8.482 0 0 0 0.0040988 -218.7003147 32.9919389 0.032662 0.0377131 
1520000 2171 998.721 1637324.714 1975.251 8.4834 0 0 0 0.0042861 -219.1371605 54.7437314 0.0325018 0.0369065 
1530000 2182 985.786 1651336.368 1833.636 8.3969 0 0 0 0.0039391 -219.8914959 38.5820264 0.033663 0.0353986 
1540000 2192 988.386 1668745.96 1812.17 8.4218 0 0 0 0.0045561 -219.8948257 60.090603 0.0321541 0.0375745 
1550000 2202 990.511 1683542.163 1744.384 8.4407 0 0 0 0.0040356 -219.0058508 33.7227522 0.0307747 0.0365719 
1560000 2212 992.246 1702060.522 1760.234 8.4503 0 0 0 0.0041239 -219.1155492 32.5539206 0.0315252 0.0360773 
1570000 2222 993.665 1719420.421 1760.439 8.4683 0 0 0 0.0038565 -219.7184989 39.2009187 0.0312924 0.0349038 
1580000 2232 994.824 1738658.585 1791.191 8.4772 0 0 0 0.003858 -220.2215657 31.2283406 0.0309338 0.0347654 
1590000 2242 995.771 1757144.003 1800.271 8.4797 0 0 0 0.0041319 -220.2213686 56.7550967 0.0320993 0.0353755 
1600000 2252 996.544 1775138.558 1798.615 8.482 0 0 0 0.0038502 -220.3451909 26.579854 0.0321236 0.035262 
1610000 2262 997.176 1793221.256 1797.138 8.4981 0 0 0 0.0043516 -220.4273018 65.1039858 0.0311838 0.0357219 
1620000 2272 997.693 1813821.775 1844.717 8.5001 0 0 0 0.0044946 -221.1970835 55.6564851 0.0309707 0.036579 
1630000 2282 998.115 1831903.344 1844.336 8.5086 0 0 0 0.003995 -220.6912906 61.291869 0.0311542 0.0340855 
1640000 2292 998.46 1851692.405 1867.148 8.5279 0 0 0 0.0041211 -221.7201901 45.6507665 0.0310882 0.0342384 
1650000 2302 998.742 1872220.768 1899.359 8.5326 0 0 0 0.0040488 -224.4515616 40.0841639 0.0319433 0.0356662 
1660000 2312 998.972 1891342.392 1907.095 8.5292 0 0 0 0.0042358 -224.5630129 67.6127733 0.0306998 0.0350642 
1670000 2322 999.16 1911892.425 1933.357 8.5411 0 0 0 0.0037532 -225.4719752 28.1072481 0.0319528 0.0340269 
1680000 2332 999.314 1931498.404 1937.174 8.5321 0 0 0 0.0037349 -226.328073 42.3913997 0.0313338 0.0334269 
1690000 2342 999.439 1952274.819 1964.411 8.522 0 0 0 0.0044624 -226.3232144 85.0671993 0.0323125 0.0360922 
1700000 2352 999.542 1969479.564 1914.924 8.5167 0 0 0 0.0035915 -225.315476 24.0369084 0.0322935 0.0334672 
1710000 2362 999.626 1988001.359 1906.086 8.527 0 0 0 0.0041516 -226.1951714 54.4399393 0.0318206 0.0359299 
1720000 2372 999.694 2007672.49 1914.472 8.5223 0 0 0 0.0039209 -226.5478597 44.9978292 0.0312816 0.0349225 
1730000 2382 999.75 2027775.948 1934.726 8.5154 0 0 0 0.0043571 -228.3795372 54.7853525 0.0320459 0.036521 
1740000 2393 984.976 2046552.523 1898.003 8.3927 0 0 0 0.0044007 -229.5504318 54.1249854 0.0321452 0.0361174 
1750000 2403 987.724 2066904.169 1931.642 8.4166 0 0 0 0.0037618 -231.6517575 26.8610287 0.0326931 0.0347331 
1760000 2413 989.97 2084599.223 1895.172 8.4341 0 0 0 0.003857 -232.2453912 33.4315963 0.0330143 0.0352653 
1770000 2423 991.804 2105633.608 1929.139 8.4323 0 0 0 0.0040022 -233.4008699 40.3971637 0.0325146 0.0346017 
1780000 2433 993.304 2127138.74 1982.293 8.4463 0 0 0 0.0041357 -233.4950796 75.4891008 0.0329904 0.035539 
1790000 2443 994.529 2142735.967 1897.423 8.4683 0 0 0 0.0038914 -233.718797 48.8044667 0.0329781 0.0346972 
1800000 2453 995.529 2159272.833 1849.905 8.477 0 0 0 0.0039832 -234.0320589 65.1205881 0.0329513 0.034117 
1810000 2463 996.347 2179615.903 1884.137 8.4956 0 0 0 0.004051 -234.8892222 75.5861581 0.0326498 0.0349898 
1820000 2473 997.015 2200976.678 1929.477 8.5099 0 0 0 0.0038668 -235.279002 59.6784331 0.0318576 0.0336615 
1830000 2483 997.561 2222390.113 1968.282 8.518 0 0 0 0.0039762 -236.2778462 62.2449885 0.0319656 0.0348381 
1840000 2493 998.007 2242822.128 1984.4 8.5208 0 0 0 0.004087 -237.1971763 56.0078342 0.0319048 0.0348739 
1850000 2503 998.372 2263495.164 1996.821 8.5359 0 0 0 0.0035521 -237.1006895 24.2973844 0.0331854 0.0331904 
1860000 2513 998.67 2284727.287 2021.549 8.5451 0 0 0 0.0041485 -238.0804103 75.9568353 0.0308242 0.0349895 
1870000 2523 998.913 2306693.807 2065.853 8.5316 0 0 0 0.0040701 -239.1838508 75.6287811 0.031141 0.0345282 
1880000 2533 999.112 2327368.559 2054.428 8.5202 0 0 0 0.0041565 -239.914284 60.3179059 0.0313069 0.035466 
1890000 2543 999.274 2347791.695 2052.963 8.5179 0 0 0 0.0043894 -239.3951647 112.5879754 0.0311154 0.0339519 
1900000 2553 999.407 2370912.504 2100.002 8.502 0 0 0 0.0040482 -241.5642399 72.3759747 0.0316224 0.0342676 
1910000 2563 999.516 2393876.938 2135.953 8.4511 0 0 0 0.0042053 -242.8379026 74.2438161 0.0324181 0.0356957 
1920000 2573 999.604 2416841.569 2165.24 8.4452 0 0 0 0.0037399 -243.4632651 51.2583148 0.0327898 0.032881 
1930000 2583 999.677 2440178.035 2195.792 8.4568 0 0 0 0.0032747 -244.3152673 10.7334746 0.0327338 0.0316613 
1940000 2593 999.736 2461584.738 2186.884 8.4656 0 0 0 0.0040553 -245.8506716 78.71264 0.031531 0.0337337 
1950000 2603 999.784 2478165.128 2088.576 8.4689 0 0 0 0.0035438 -245.0967783 49.6853039 0.0323235 0.0315788 
1960000 2613 999.824 2497068.5 2057.52 8.4794 0 0 0 0.0034832 -246.1157756 38.1120492 0.0322106 0.0311688 
1970000 2623 999.856 2518000.907 2061.852 8.4755 0 0 0 0.0039247 -246.5958063 77.4938272 0.0326702 0.0332406 
1980000 2633 999.882 2536421.77 2015.859 8.4693 0 0 0 0.0034918 -246.2475338 45.2099274 0.0317824 0.0306999 
1990000 2643 999.904 2557138.311 2027.349 8.4663 0 0 0 0.003401 -247.8048437 55.0175264 0.0320444 0.0302568 
2000000 2653 999.921 2576077.897 2005.952 8.4677 0 0 0 0.0035993 -248.5436257 47.5841448 0.0316297 0.0322558 
2010000 2663 999.936 2596549.594 2012.702 8.4705 0 0 0 0.0038053 -249.0309027 68.2789566 0.0312307 0.032945 
2020000 2673 999.948 2616369.733 2008.842 8.4793 0 0 0 0.0035555 -249.6697497 45.2366548 0.0311176 0.0317334 
2030000 2683 999.957 2634670.319 1973.742 8.4965 0 0 0 0.0038886 -249.2137549 88.2732493 0.0302907 0.0325902 
2040000 2693 999.965 2655922.091 2003.086 8.5048 0 0 0 0.0036801 -249.4014432 62.2651417 0.0308968 0.0318686 
2050000 2703 999.971 2675173.629 1987.105 8.5051 0 0 0 0.0038119 -249.9888206 62.0762849 0.0313649 0.0331996 
2060000 2713 999.977 2695731.891 2000.605 8.5009 0 0 0 0.0037134 -250.1070626 64.3421287 0.0327499 0.0318479 
2070000 2723 999.981 2717489.608 2035.434 8.4926 0 0 0 0.0037219 -250.4571905 56.85744 0.0314841 0.0325589 
2080000 2733 999.984 2737906.837 2034.715 8.4976 0 0 0 0.00348 -250.8610125 33.2472785 0.0320253 0.032494 
2090000 2743 999.987 2759344.219 2051.43 8.4982 0 0 0 0.0036707 -251.2856105 58.3484871 0.0318646 0.0325961 
2100000 2753 999.99 2777757.122 2022.907 8.502 0 0 0 0.0035909 -250.616681 52.1810123 0.0314198 0.0316931 
2110000 2763 999.991 2798074.934 2014.522 8.4896 0 0 0 0.0041772 -250.582725 88.5584484 0.031922 0.0348821 
2120000 2773 999.993 2813313.386 1920.214 8.4974 0 0 0 0.0035843 -249.2922329 45.7129673 0.0319814 0.0321551 
2130000 2784 985.808 2827490.425 1805.059 8.3883 0 0 0 0.0041437 -247.9617415 70.0458473 0.0313731 0.032941 
2140000 2794 988.404 2844966.737 1794.217 8.4124 0 0 0 0.0037646 -246.4500309 64.2557614 0.0311937 0.0323567 
2150000 2804 990.526 2858046.184 1702.033 8.4391 0 0 0 0.0036992 -246.4566039 37.6028525 0.0309699 0.0339382 
2160000 2814 992.259 2874043.256 1688.147 8.4615 0 0 0 0.0039244 -245.4911588 55.8885808 0.0312317 0.0321419 
2170000 2824 993.675 2893228.186 1729.693 8.4522 0 0 0 0.0035978 -245.2978952 37.3484792 0.0317274 0.0318293 
2180000 2834 994.832 2910401.428 1726.29 8.4725 0 0 0 0.0033947 -245.2651379 42.5831763 0.0308638 0.0307908 
2190000 2844 995.777 2927388.009 1720.365 8.4837 0 0 0 0.0034551 -245.0798872 19.4026647 0.0309007 0.0325932 
2200000 2854 996.55 2944081.782 1712.24 8.4885 0 0 0 0.0033977 -244.6433391 19.858422 0.0312116 0.0316074 
2210000 2864 997.181 2957711.46 1641.576 8.4962 0 0 0 0.0033976 -243.9193433 46.7618177 0.0296561 0.0300563 
2220000 2874 997.697 2973745.88 1638.853 8.5055 0 0 0 0.00361 -242.4772351 49.3813383 0.0296685 0.0316328 
2230000 2884 998.118 2985629.209 1550.969 8.5153 0 0 0 0.0033691 -242.2417405 42.6549733 0.0302255 0.0301094 
2240000 2894 998.462 3001322.909 1552.688 8.5024 0 0 0 0.0038437 -240.4952952 98.889688 0.029779 0.0299802 
2250000 2904 998.744 3016129.338 1543.564 8.5138 0 0 0 0.0040123 -239.9396716 66.9478123 0.0289262 0.030863 
2260000 2914 998.973 3031178.351 1538.368 8.5178 0 0 0 0.0037658 -239.1359044 67.4432484 0.0288573 0.0309861 
2270000 2924 999.161 3049138.424 1586.5 8.5094 0 0 0 0.0038717 -237.9679733 63.8568542 0.0286471 0.0308746 
2280000 2934 999.315 3069692.828 1674.504 8.512 0 0 0 0.003509 -237.7579318 56.9914993 0.0290958 0.0301243 
2290000 2944 999.44 3084622.307 1640.186 8.5181 0 0 0 0.0033561 -237.0648015 51.9414008 0.0287255 0.0295809 
2300000 2954 999.542 3097590.222 1572.775 8.5161 0 0 0 0.0030293 -236.2299736 25.9218079 0.0285748 0.0278408 
2310000 2964 999.626 3115400.267 1609.256 8.5266 0 0 0 0.0041416 -236.1617887 90.6655196 0.0287877 0.0307615 
2320000 2974 999.695 3131645.853 1619.313 8.5394 0 0 0 0.0039332 -235.855333 96.5380999 0.0286507 0.0295805 
2330000 2984 999.75 3146208.048 1585.444 8.5549 0 0 0 0.0039689 -236.0230561 80.1388249 0.0296385 0.0313813 
2340000 2994 999.796 3160875.802 1563.278 8.5664 0 0 0 0.0038159 -236.1052572 86.3728159 0.0290355 0.0304168 
2350000 3004 999.833 3174973.869 1533.996 8.5712 0 0 0 0.0035072 -236.6638532 40.9393875 0.0288952 0.0305275 
2360000 3014 999.864 3190341.104 1536.497 8.5723 0 0 0 0.0034962 -236.7492729 73.5731166 0.0291287 0.0303125 
2370000 3024 999.889 3207069.454 1561.569 8.5774 0 0 0 0.0036471 -235.6453058 43.4534547 0.0289592 0.0323983 
2380000 3034 999.909 3223593.19 1576.517 8.5769 0 0 0 0.0036153 -234.7135725 58.8842775 0.0281449 0.0303226 
2390000 3044 999.926 3243894.655 1656.299 8.5812 0 0 0 0.00332 -236.2275669 35.7352257 0.0285531 0.0291175 
2400000 3054 999.939 3256797.081 1590.897 8.5559 0 0 0 0.0036893 -235.5676643 54.1410554 0.0284178 0.0301022 
2410000 3064 996.148 3268820.455 1518.937 8.5324 0 0 0 0.0036835 -235.5351135 52.3930863 0.0282352 0.0304687 
2420000 3074 996.853 3287372.943 1579.533 8.5209 0 0 0 0.0035661 -234.7550222 42.5562002 0.0279667 0.0302555 
2430000 3084 997.428 3309732.072 1704.375 8.5267 0 0 0 0.0036521 -237.9513478 51.1859655 0.0280402 0.0313294 
2440000 3094 997.899 3331024.108 1777.604 8.537 0 0 0 0.0035863 -239.2855721 59.0130901 0.0282874 0.0303551 
2450000 3104 998.283 3353759.864 1866.962 8.5352 0 0 0 0.0035321 -240.6752052 63.7581829 0.0273815 0.0297843 
2460000 3114 998.597 3374199.525 1902.882 8.5329 0 0 0 0.0033252 -242.3740858 39.9780271 0.028614 0.0298719 
2470000 3124 998.854 3393190.278 1910.675 8.5296 0 0 0 0.0033149 -243.1121631 58.1750867 0.0289404 0.0296256 
2480000 3134 999.063 3406153.082 1801.77 8.5427 0 0 0 0.0037049 -241.7493663 70.4265504 0.0284531 0.0308349 
2490000 3144 999.235 3419098.062 1705.038 8.5469 0 0 0 0.0039495 -241.8051756 92.6419124 0.0284206 0.0314684 
2500000 3154 999.375 3432850.194 1633.137 8.5451 0 0 0 0.0035411 -241.3959337 47.6130967 0.0281834 0.0301422 
2510000 3164 999.489 3452470.521 1696.929 8.5495 0 0 0 0.0039061 -241.5271748 83.9918305 0.0285503 0.0306757 
2520000 3174 999.583 3472335.007 1753.791 8.5434 0 0 0 0.0036029 -243.2288698 56.8531227 0.0286725 0.0301513 
2530000 3184 999.659 3489768.234 1750.852 8.5525 0 0 0 0.003324 -244.3863323 30.1493752 0.028551 0.0303201 
2540000 3194 999.721 3505530.718 1715.049 8.5521 0 0 0 0.0034263 -243.7416174 42.923605 0.0293356 0.030407 
2550000 3204 999.772 3522393.495 1708.989 8.5609 0 0 0 0.003441 -245.0389384 21.7093603 0.028913 0.0318312 
2560000 3215 984.451 3539459.191 1688.801 8.4209 0 0 0 0.0038268 -244.0463426 89.6967391 0.0284773 0.0318785 
2570000 3225 987.295 3557318.224 1703.57 8.441 0 0 0 0.0034716 -245.2354147 29.778086 0.0288011 0.0302661 
2580000 3235 989.619 3571309.999 1644.159 8.4739 0 0 0 0.0033868 -244.4482663 34.924596 0.0296575 0.0301077 
2590000 3246 975.801 3589116.067 1645.281 8.3602 0 0 0 0.003886 -243.4315211 79.5563618 0.0292341 0.031969 
2600000 3256 980.227 3607288.602 1676.024 8.4061 0 0 0 0.0040344 -243.6421704 111.319456 0.0287319 0.0315715 
2610000 3266 983.844 3627282.698 1733.896 8.4321 0 0 0 0.0038647 -246.1789407 74.9298199 0.0292469 0.0326793 
2620000 3276 986.8 3647978.369 1794.206 8.4533 0 0 0 0.0037033 -246.4836872 82.8974049 0.0292006 0.0314752 
2630000 3286 989.214 3667741.182 1828.99 8.4643 0 0 0 0.0034108 -245.5631229 49.4692505 0.0288063 0.030514 
2640000 3296 991.187 3687795.5 1859.196 8.4704 0 0 0 0.0041615 -246.0941113 93.7404555 0.0300904 0.0335823 
2650000 3306 992.799 3705053.801 1836.552 8.4806 0 0 0 0.0042514 -244.5921232 77.7022164 0.0293411 0.0342837 
2660000 3316 994.117 3723647.06 1840.481 8.4953 0 0 0 0.0035344 -244.7877586 55.5753814 0.0290311 0.0311025 
2670000 3326 995.193 3744330.479 1881.936 8.4966 0 0 0 0.0041029 -244.960267 66.8648707 0.0295921 0.0340559 
2680000 3336 996.072 3765908.946 1932.474 8.5005 0 0 0 0.0035591 -246.2138195 49.2362719 0.0294736 0.0315117 
2690000 3346 996.791 3786442.69 1953.235 8.5097 0 0 0 0.0038081 -248.1156229 52.9916826 0.0296205 0.0320488 
2700000 3356 997.378 3804911.429 1930.083 8.5195 0 0 0 0.0035323 -248.6657886 24.2801107 0.0300435 0.0322266 
2710000 3366 997.857 3825456.228 1953.821 8.5178 0 0 0 0.0039426 -248.9459534 89.1116218 0.0303531 0.0335525 
2720000 3376 998.249 3841926.201 1898.257 8.5188 0 0 0 0.0042562 -247.5995986 124.2595249 0.0303014 0.0339062 
2730000 3386 998.57 3860900.066 1896.491 8.5257 0 0 0 0.0036597 -248.704353 40.7209447 0.0294434 0.032943 
2740000 3396 998.831 3881484.489 1926.129 8.5262 0 0 0 0.0036998 -249.7383001 56.0296373 0.0300097 0.0322128 
2750000 3406 999.045 3902138.575 1950.377 8.5183 0 0 0 0.0036217 -250.1052822 69.0204085 0.0309963 0.0305248 
2760000 3416 999.22 3921592.981 1948.516 8.5171 0 0 0 0.0037767 -251.3656624 48.1602879 0.0301504 0.0324321 
2770000 3426 999.362 3939424.829 1919.198 8.5213 0 0 0 0.0041264 -250.6425464 107.3777215 0.0307257 0.0331528 
2780000 3436 999.479 3960724.292 1956.786 8.5141 0 0 0 0.0035126 -252.9496629 42.187562 0.0309608 0.0320704 
2790000 3446 999.574 3979457.106 1944.356 8.5165 0 0 0 0.0041747 -253.6773525 112.8119465 0.0305413 0.033321 
2800000 3456 999.652 3995955.969 1893.258 8.5231 0 0 0 0.0037539 -253.6310521 50.113529 0.0311152 0.0344001 
2810000 3466 999.716 4012141.598 1836.742 8.5163 0 0 0 0.0033864 -252.5839509 27.3869599 0.0314509 0.0317858 
2820000 3476 999.768 4033584.926 1893.115 8.5135 0 0 0 0.0041726 -252.6155556 103.4074945 0.0299697 0.0343002 
2830000 3486 999.81 4050322.773 1852.953 8.516 0 0 0 0.0033318 -252.2509559 10.8530124 0.0299316 0.0324734 
2840000 3496 999.845 4067937.829 1834.81 8.5145 0 0 0 0.0037859 -251.2065474 38.8994272 0.0302011 0.0336135 
2850000 3506 999.873 4083948.285 1793.563 8.5084 0 0 0 0.0038376 -251.1283627 60.3493125 0.030919 0.0337332 
2860000 3516 999.897 4101754.268 1787.192 8.5188 0 0 0 0.0038502 -251.2201679 77.4461722 0.0300724 0.0337085 
2870000 3526 999.915 4119018.525 1773.167 8.526 0 0 0 0.0035217 -249.6466535 53.9690188 0.0310439 0.0316214 
2880000 3536 999.931 4138562.876 1805.943 8.512 0 0 0 0.0040843 -249.1051616 76.201199 0.0304015 0.0337149 
2890000 3546 999.944 4155704.735 1788.799 8.519 0 0 0 0.0036743 -249.7266422 44.3850481 0.0308422 0.0333014 
2900000 3556 999.954 4171565.388 1752.174 8.5208 0 0 0 0.003462 -248.7920763 55.6229816 0.0301692 0.0310345 
2910000 3566 999.962 4191286.397 1794.35 8.5229 0 0 0 0.0043341 -248.8270985 101.1502424 0.031011 0.0349433 
2920000 3576 999.969 4209486.784 1801.678 8.5228 0 0 0 0.0036454 -249.0099962 45.4357572 0.0310571 0.0330147 
2930000 3586 999.975 4228453.968 1817.727 8.537 0 0 0 0.0039979 -248.1062329 74.3632907 0.0302447 0.0346944 
2940000 3596 999.979 4246406.893 1813.409 8.5409 0 0 0 0.0036535 -248.0974785 40.7914097 0.030747 0.0336089 
2950000 3606 999.983 4263590.001 1793.328 8.5517 0 0 0 0.0036367 -247.3688734 48.3527042 0.0308132 0.0327933 
2960000 3616 999.986 4284307.74 1843.267 8.5561 0 0 0 0.003869 -247.8999806 45.8556137 0.0300989 0.0338631 
2970000 3626 999.989 4305603.105 1896.754 8.5599 0 0 0 0.0036748 -247.9808351 40.8729896 0.0306721 0.0332049 
2980000 3636 999.991 4326367.509 1926.958 8.5728 0 0 0 0.004295 -247.7555499 84.4436281 0.0302084 0.0340144 
2990000 3646 999.993 4346915.808 1950.063 8.565 0 0 0 0.0036942 -248.3532532 26.577884 0.030272 0.0337686 
3000000 3656 999.994 4366243.311 1950.057 8.5679 0 0 0 0.0040903 -247.9284094 88.6147722 0.0309152 0.0342332 
3010000 3666 999.995 4385916.583 1953.896 8.5727 0 0 0 0.0043746 -248.6796529 103.2648749 0.031569 0.0352466 
3020000 3676 999.996 4405175.092 1951.084 8.5796 0 0 0 0.003638 -248.6590653 30.0949975 0.0305594 0.0318158 
3030000 3686 999.997 4424186.263 1941.013 8.5852 0 0 0 0.0041692 -249.1801537 75.9014 0.0309477 0.0335798 
3040000 3696 999.997 4442936.391 1928.967 8.5785 0 0 0 0.0039261 -249.3951404 84.4822781 0.0300857 0.0327513 
3050000 3706 999.998 4462726.105 1938.195 8.5773 0 0 0 0.0038855 -250.7365305 61.7388489 0.0304247 0.0339779 
3060000 3716 999.998 4482672.49 1948.966 8.564 0 0 0 0.0038589 -251.3165365 77.5340986 0.0311202 0.0332887 
3070000 3726 999.999 4502632.897 1957.608 8.5572 0 0 0 0.0035071 -251.8682813 31.0669655 0.0310108 0.0325728 
3080000 3736 999.999 4523982.929 1991.302 8.5449 0 0 0 0.0035264 -252.307994 35.7651578 0.0310148 0.0323015 
3090000 3746 999.999 4543538.14 1986.738 8.5435 0 0 0 0.0041338 -252.7373677 103.1902603 0.0311074 0.0343229 
3100000 3756 999.361 4563184.117 1982.119 8.5356 0 0 0 0.0037617 -253.3437185 40.9455508 0.0317759 0.0340987 
3110000 3766 999.478 4584090.8 2002.136 8.5543 0 0 0 0.0043866 -253.4876945 111.7024441 0.0311897 0.0344925 
3120000 3776 999.574 4601339.865 1954.898 8.5584 0 0 0 0.0043266 -253.279601 102.1311713 0.0312798 0.0348515 
3130000 3786 999.652 4619728.489 1932.518 8.5539 0 0 0 0.003663 -253.2204923 29.2976969 0.0309712 0.0341591 
3140000 3796 999.715 4638678.225 1922.917 8.56 0 0 0 0.0049919 -253.2295229 87.624959 0.0317906 0.0380125 
3150000 3806 999.767 4656361.877 1894.906 8.5556 0 0 0 0.0036839 -253.8947091 40.443436 0.0313071 0.0332869 
3160000 3816 999.81 4676232.452 1913.627 8.5688 0 0 0 0.0041263 -252.9040523 88.1212551 0.0314666 0.0348722 
3170000 3826 999.845 4695894.619 1920.578 8.5686 0 0 0 0.0037553 -253.189881 42.8806032 0.0311685 0.0338275 
3180000 3836 999.873 4715367.424 1925.733 8.5679 0 0 0 0.0041456 -252.9635439 79.4351807 0.0314793 0.0357491 
3190000 3846 999.896 4734307.547 1920.943 8.5533 0 0 0 0.0043594 -252.9745999 105.8060231 0.0317306 0.0357947 
3200000 3856 999.915 4752034.117 1889.628 8.5434 0 0 0 0.0037031 -253.3224772 39.0676983 0.0310756 0.0341055 
3210000 3866 999.931 4771752.729 1907.436 8.5393 0 0 0 0.0043799 -252.843085 95.437533 0.0310055 0.0358636 
3220000 3876 999.943 4791551.544 1922.778 8.5458 0 0 0 0.0038486 -253.157868 55.4076863 0.0305479 0.0341706 
3230000 3886 999.954 4811334.437 1933.874 8.5347 0 0 0 0.0044769 -253.3779307 133.0165242 0.0309841 0.0359405 
3240000 3896 999.962 4828675.638 1896.867 8.5414 0 0 0 0.0039739 -253.0411218 80.7417717 0.0305613 0.0341665 
3250000 3906 999.969 4848206.512 1907.186 8.5494 0 0 0 0.0040502 -252.4242697 60.2737074 0.0313669 0.0348003 
3260000 3916 999.975 4868152.163 1923.744 8.5482 0 0 0 0.0040948 -253.0734975 50.8489088 0.0315794 0.0355162 
3270000 3926 999.979 4884764.563 1875.946 8.5586 0 0 0 0.0044218 -253.2084622 88.0750809 0.0314349 0.0355471 
3280000 3936 999.983 4903692.757 1878.018 8.5624 0 0 0 0.0044722 -252.9381573 98.4711154 0.0315557 0.0362585 
3290000 3946 999.986 4923784.8 1898.474 8.5674 0 0 0 0.0039934 -253.0131446 61.4665435 0.0316383 0.0342951 
3300000 3956 999.989 4942199.681 1886.834 8.5701 0 0 0 0.0038488 -252.4253685 62.8515683 0.0316397 0.0337115 
3310000 3966 999.991 4958626.005 1844.498 8.5839 0 0 0 0.0039452 -251.0418824 61.9663543 0.031432 0.0344443 
3320000 3976 999.993 4976898.155 1839.457 8.5789 0 0 0 0.0037301 -250.5082565 60.6666821 0.0321898 0.033053 
3330000 3986 999.994 4995362.684 1840.407 8.5752 0 0 0 0.0035884 -250.435535 33.2440439 0.0308654 0.0329221 
3340000 3996 999.995 5009249.989 1760.132 8.5707 0 0 0 0.0040862 -249.5250365 68.0645482 0.030772 0.0348048 
3350000 4006 999.996 5024223.931 1710.219 8.5772 0 0 0 0.0039509 -249.3249407 74.7919524 0.0301811 0.0340529 
3360000 4016 999.997 5036108.887 1614.079 8.582 0 0 0 0.0037252 -247.3002032 47.0185205 0.0302902 0.0334601 
3370000 4026 999.997 5055165.838 1666.877 8.5761 0 0 0 0.003929 -246.7238774 57.9240404 0.0303115 0.0343955 
3380000 4036 999.998 5071299.175 1658.765 8.5661 0 0 0 0.0036437 -246.8446219 56.3074839 0.0302603 0.0323091 
3390000 4046 999.998 5090032.895 1695.712 8.5703 0 0 0 0.0036563 -245.5800267 62.3651326 0.0293675 0.0317081 
3400000 4056 999.999 5108704.073 1729.599 8.5614 0 0 0 0.0034068 -246.5488969 14.728435 0.0301678 0.0319785 
3410000 4066 999.999 5129570.328 1793.373 8.5304 0 0 0 0.0035346 -246.0821882 43.4253635 0.0307126 0.0312795 
3420000 4076 999.999 5150524.257 1847.176 8.5311 0 0 0 0.0036798 -246.1637099 33.4206345 0.0302682 0.0319125 
3430000 4086 999.999 5170050.22 1866.949 8.5556 0 0 0 0.0034023 -246.0780891 17.3818702 0.0303356 0.0315802 
3440000 4096 999.999 5190056.429 1890.155 8.5357 0 0 0 0.0037846 -246.821691 45.3341824 0.0300735 0.0318219 
3450000 4106 999.999 5211049.814 1928.79 8.5274 0 0 0 0.0034311 -247.2603547 55.0925373 0.0301197 0.0309635 
3460000 4116 1000.0 5230445.175 1930.035 8.5248 0 0 0 0.0041377 -246.2677465 102.2789649 0.0298166 0.0312277 
3470000 4126 1000.0 5248814.819 1911.967 8.5328 0 0 0 0.0035301 -246.9482625 42.9745778 0.0300098 0.0307646 
3480000 4136 1000.0 5269680.678 1944.472 8.5309 0 0 0 0.0037064 -246.1395349 57.4016248 0.030101 0.0318589 
3490000 4146 1000.0 5289197.405 1946.378 8.5358 0 0 0 0.0038919 -246.7767783 83.8517682 0.0301806 0.0322053 
3500000 4156 1000.0 5307252.011 1918.115 8.5323 0 0 0 0.0039262 -246.4177346 84.5152681 0.0298814 0.0304896 
3510000 4166 1000.0 5326640.891 1922.171 8.5414 0 0 0 0.003579 -248.88386 42.4298124 0.0291421 0.0305176 
3520000 4176 1000.0 5342752.895 1866.687 8.5437 0 0 0 0.0037461 -248.2121649 92.889792 0.0298325 0.030314 
3530000 4186 1000.0 5363534.456 1904.075 8.5437 0 0 0 0.0037089 -248.6661818 41.7353585 0.0299754 0.0311029 
3540000 4196 1000.0 5382314.531 1899.979 8.5229 0 0 0 0.0038547 -248.2796764 59.4013266 0.0303505 0.0325689 
3550000 4206 1000.0 5401857.257 1909.667 8.5044 0 0 0 0.0040833 -249.3739755 70.9301416 0.0301345 0.0308561 
3560000 4216 1000.0 5419892.37 1890.206 8.5129 0 0 0 0.003524 -250.6456449 61.416093 0.0306214 0.0306278 
3570000 4226 1000.0 5441181.366 1934.662 8.5238 0 0 0 0.0035774 -251.2438032 36.7372378 0.0294598 0.0310536 
3580000 4236 1000.0 5460646.22 1936.287 8.5309 0 0 0 0.0039365 -251.8103534 73.3545939 0.0303634 0.0314491 
3590000 4246 1000.0 5480115.788 1939.753 8.5345 0 0 0 0.0039835 -251.4645236 81.0698602 0.0307308 0.0326255 
3600000 4256 1000.0 5499879.028 1946.302 8.5446 0 0 0 0.0038331 -251.8232978 58.5622482 0.0308489 0.0326605 
3610000 4266 1000.0 5521352.539 1984.129 8.5329 0 0 0 0.0038791 -251.6423254 112.5828252 0.0310368 0.0309072 
3620000 4276 1000.0 5543218.381 2021.188 8.5421 0 0 0 0.0039113 -252.0142705 46.2045329 0.0306227 0.0314424 
3630000 4286 1000.0 5563145.699 2014.252 8.5288 0 0 0 0.0036162 -252.2988033 65.9334942 0.0309131 0.031451 
3640000 4296 1000.0 5585452.311 2054.377 8.5443 0 0 0 0.0038606 -252.3288113 81.6705195 0.0310477 0.0319978 
3650000 4306 1000.0 5605785.42 2048.976 8.5482 0 0 0 0.0044625 -251.9801335 107.3352068 0.0307368 0.0336079 
3660000 4316 1000.0 5626985.857 2061.564 8.5461 0 0 0 0.0035997 -252.4198099 52.9786709 0.0310339 0.0322291 
3670000 4326 1000.0 5648784.365 2083.263 8.5312 0 0 0 0.0036307 -252.8012416 57.3143815 0.0314235 0.0314775 
3680000 4336 1000.0 5670391.974 2095.178 8.5382 0 0 0 0.0036023 -253.0215021 65.119392 0.0311731 0.0310508 
3690000 4346 1000.0 5692850.44 2123.907 8.5416 0 0 0 0.0037575 -253.7780441 63.4772072 0.0314865 0.0324216 
3700000 4356 1000.0 5712238.212 2089.75 8.5484 0 0 0 0.0034406 -253.9774466 51.8441803 0.0314646 0.030969 
3710000 4366 1000.0 5732067.54 2068.37 8.5485 0 0 0 0.0039031 -254.5522795 79.5998549 0.0320368 0.0321531 
3720000 4376 1000.0 5752448.066 2062.23 8.5533 0 0 0 0.0036219 -255.8862874 56.2562758 0.0320135 0.0313048 
3730000 4386 1000.0 5773588.346 2072.43 8.5526 0 0 0 0.0036648 -256.6282657 59.9145606 0.0317427 0.0324439 
3740000 4396 1000.0 5794383.313 2072.396 8.5375 0 0 0 0.0034911 -257.2761133 62.9597639 0.0316251 0.0305037 
3750000 4406 1000.0 5814242.0 2057.37 8.5418 0 0 0 0.0035932 -258.3730013 55.8496766 0.0315241 0.0319517 
3760000 4416 1000.0 5832843.98 2019.195 8.5447 0 0 0 0.0045162 -258.002975 136.8685569 0.0310752 0.032481 
3770000 4426 1000.0 5852449.347 2005.792 8.5583 0 0 0 0.0043342 -257.945717 129.0214282 0.0314281 0.0346729 
3780000 4436 1000.0 5871192.644 1982.803 8.5879 0 0 0 0.003698 -258.2594707 47.6473027 0.0320934 0.0328467 
3790000 4446 990.195 5889884.117 1939.901 8.512 0 0 0 0.0035667 -258.4504108 52.7432559 0.0326735 0.0315132 
3800000 4457 987.188 5909637.713 1942.586 8.5023 0 0 0 0.0038448 -258.6605755 34.0340633 0.0320444 0.0319471 
3810000 4467 989.532 5931451.795 1986.718 8.5067 0 0 0 0.0036538 -258.593563 57.154434 0.0314669 0.0327306 
3820000 4477 991.447 5953062.671 2017.862 8.5125 0 0 0 0.003837 -258.9502617 93.9126334 0.0318502 0.0324072 
3830000 4487 993.011 5975389.079 2057.967 8.5238 0 0 0 0.0041448 -259.3617085 104.3510225 0.0320008 0.0336289 
3840000 4497 994.29 5996980.777 2076.497 8.5358 0 0 0 0.0035649 -259.5363848 40.7034835 0.0321386 0.0319884 
3850000 4507 995.334 6018797.475 2096.211 8.5141 0 0 0 0.0032907 -260.3773475 25.78043 0.0322016 0.0304331 
3860000 4517 996.188 6038285.84 2067.682 8.5191 0 0 0 0.004049 -259.8890419 114.1191851 0.031925 0.0327821 
3870000 4527 996.885 6059369.271 2074.892 8.5221 0 0 0 0.003573 -259.8833584 39.7782155 0.0311465 0.0303604 
3880000 4537 997.455 6081036.994 2091.552 8.5284 0 0 0 0.0036356 -259.6570484 92.1577482 0.0316044 0.0307615 
3890000 4547 997.921 6100954.611 2073.757 8.5337 0 0 0 0.0037052 -259.6383312 68.9762455 0.0323009 0.0323632 
3900000 4557 998.301 6121580.79 2073.974 8.5365 0 0 0 0.0040573 -259.8666492 91.015747 0.0316844 0.0329832 
3910000 4567 998.612 6139612.535 2025.823 8.5255 0 0 0 0.0035157 -259.9694648 55.2940401 0.0316138 0.0311012 
3920000 4577 998.866 6157104.354 1977.365 8.5409 0 0 0 0.0036816 -259.3389829 54.8707817 0.0311959 0.0330287 
3930000 4587 999.073 6173130.184 1908.969 8.5406 0 0 0 0.0035875 -258.467398 57.7115207 0.031496 0.0320139 
3940000 4597 999.243 6191798.729 1901.885 8.5361 0 0 0 0.0040743 -257.3760309 119.9847408 0.0305365 0.0301843 
3950000 4607 999.381 6213375.587 1948.63 8.5343 0 0 0 0.0038279 -257.9473103 75.0539868 0.0307158 0.0317391 
3960000 4617 999.494 6228476.148 1874.233 8.5396 0 0 0 0.0034305 -257.4532969 60.2418932 0.0304883 0.030364 
3970000 4627 999.587 6249525.226 1916.879 8.5375 0 0 0 0.0034368 -257.9856665 66.9801177 0.0300654 0.0305004 
3980000 4637 999.662 6269174.171 1925.471 8.5378 0 0 0 0.0036465 -257.1776486 78.2274198 0.0303271 0.0313905 
3990000 4647 999.724 6291121.134 1975.836 8.5284 0 0 0 0.0034493 -258.5839485 50.2369953 0.0307666 0.030892 
4000000 4657 984.801 6313118.223 1983.676 8.4003 0 0 0 0.0035366 -258.4395025 51.7158754 0.0310683 0.0315334 
