10000 10 170.467 4577.607 77.642 0.1897 0 0 0 0.0 0.0 0.0 0.0 0.0 
20000 21 315.724 9067.465 143.527 0.35 0 0 0 0.0 0.0 0.0 0.0 0.0 
30000 66 243.625 11454.943 87.514 1.0794 0 0 0 0.0033096 -1.6499767 0.0236912 0.1498615 0.0241714 
40000 115 251.313 15154.552 92.497 1.7524 0 0 0 0.002936 -3.2541441 0.0488519 0.130722 0.0217399 
50000 207 177.337 19084.231 69.502 1.4105 0 0 0 0.0034106 -4.784492 0.139575 0.1236838 0.0241319 
60000 220 322.317 24228.933 148.179 2.6255 0 0 0 0.0024534 -6.5515206 0.1143979 0.1059299 0.0189832 
70000 268 218.852 28532.036 96.796 1.8021 0 0 0 0.0029672 -8.4362883 0.2399858 0.091852 0.0201675 
80000 380 135.028 33126.301 66.41 1.1271 0 0 0 0.003307 -10.2901636 0.4412872 0.0876462 0.0239023 
90000 390 293.255 38037.592 144.392 2.4518 0 0 0 0.0031205 -12.046251 0.4943671 0.0793027 0.021358 
100000 400 422.538 42554.228 202.564 3.521 0 0 0 0.0020022 -13.7494516 0.2424538 0.0724419 0.017302 
110000 410 528.171 47829.87 257.056 4.4033 0 0 0 0.0030126 -15.5492262 0.6159468 0.0710426 0.021361 
120000 421 615.088 52998.027 306.946 5.1365 0 0 0 0.0027872 -17.5700732 0.785605 0.0694751 0.0200157 
130000 431 685.499 57842.7 340.231 5.7119 0 0 0 0.0023191 -19.531086 0.5930312 0.0672343 0.0184942 
140000 441 743.029 62798.457 369.302 6.2117 0 0 0 0.0022973 -21.5308179 0.7256373 0.0644536 0.0191305 
150000 451 790.036 68047.059 396.455 6.596 0 0 0 0.0024144 -23.3770332 0.8751055 0.0634521 0.0174961 
160000 461 828.444 73421.153 421.784 6.9256 0 0 0 0.0026448 -25.1997872 1.2413497 0.0624385 0.0190539 
170000 471 859.827 78698.256 441.236 7.2009 0 0 0 0.0027147 -27.0533569 1.4996467 0.0640008 0.0190447 
180000 481 885.468 83223.883 443.16 7.4072 0 0 0 0.002232 -28.8670654 1.3122577 0.0615395 0.0161664 
190000 491 906.419 87911.137 448.367 7.5798 0 0 0 0.0030645 -30.6017335 2.1743444 0.0615847 0.0200037 
200000 501 923.538 92385.276 449.204 7.726 0 0 0 0.0022915 -32.369646 1.2062851 0.0604875 0.0189487 
210000 511 937.525 97611.558 462.431 7.8353 0 0 0 0.0025677 -34.0144896 1.4246338 0.0583488 0.0189156 
220000 521 939.682 102984.168 471.032 7.849 0 0 0 0.0024822 -35.4120638 1.9514959 0.0587887 0.0197633 
230000 531 950.715 108258.904 482.534 7.938 0 0 0 0.0028427 -36.7696035 2.4089737 0.0593495 0.0211542 
240000 541 959.731 113375.201 486.363 8.0253 0 0 0 0.003224 -38.3809486 3.063882 0.0562087 0.0213133 
250000 551 967.097 117532.332 476.693 8.0987 0 0 0 0.0024693 -40.1593573 2.0667209 0.0556797 0.020598 
260000 561 973.116 122335.686 478.012 8.1651 0 0 0 0.0027277 -41.597659 1.9091649 0.0567022 0.021246 
270000 571 978.034 127084.567 475.643 8.1912 0 0 0 0.0026625 -43.307753 1.504738 0.0548817 0.0215597 
280000 581 982.052 132188.64 481.376 8.2361 0 0 0 0.0023643 -44.704038 1.0108261 0.0518607 0.0203899 
290000 591 985.335 137555.784 490.945 8.2678 0 0 0 0.0023249 -46.2822566 1.2662939 0.0547835 0.0203261 
300000 601 988.018 142614.253 495.673 8.295 0 0 0 0.002942 -47.746574 2.7617584 0.053293 0.0213854 
310000 611 990.21 148034.682 499.973 8.3227 0 0 0 0.0026519 -49.2971621 2.4698025 0.0545136 0.0199662 
320000 621 992.001 153265.588 507.182 8.3414 0 0 0 0.0026711 -50.8295709 2.5372334 0.0544315 0.0216993 
330000 631 993.464 158907.479 518.212 8.36 0 0 0 0.0025931 -52.0941701 2.7988295 0.0546738 0.0209326 
340000 641 994.66 164602.784 526.605 8.3945 0 0 0 0.0032365 -53.4370908 3.9945901 0.0530341 0.022884 
350000 651 995.636 169768.974 526.118 8.4089 0 0 0 0.002923 -54.9590507 3.1627841 0.054091 0.0239355 
360000 661 996.435 174586.55 521.36 8.4298 0 0 0 0.0029136 -56.3183771 3.2834637 0.0518192 0.0211899 
370000 671 997.087 178134.809 489.67 8.4522 0 0 0 0.0028409 -58.3312483 3.6980921 0.0501728 0.0229244 
380000 684 958.328 181383.214 437.984 8.1097 0 0 0 0.0030993 -59.8864008 4.5169966 0.0496202 0.0229496 
390000 704 807.022 183973.255 336.21 6.8497 0 0 0 0.0024929 -61.2444306 3.3434349 0.0491961 0.0206319 
400000 720 743.701 187378.47 290.665 6.3092 0 0 0 0.0024999 -62.9669312 4.1384366 0.0468403 0.0192898 
410000 730 790.585 192251.871 330.465 6.7165 0 0 0 0.0023445 -64.594634 2.8838196 0.0472095 0.0193303 
420000 740 828.893 197247.093 363.996 7.0263 0 0 0 0.002573 -65.4873711 5.2622806 0.0456847 0.018768 
430000 750 860.193 202341.334 386.554 7.2996 0 0 0 0.0030324 -67.0406093 7.9070802 0.0446633 0.0189413 
440000 761 879.946 208085.494 420.494 7.4616 0 0 0 0.0026706 -68.1217176 4.9936391 0.0437139 0.0186696 
450000 771 901.907 213585.16 445.88 7.6481 0 0 0 0.0022918 -69.1281199 5.7292288 0.0436821 0.0172615 
460000 784 868.343 218352.484 427.316 7.3738 0 0 0 0.0030035 -70.210486 10.0666271 0.043732 0.0170892 
470000 794 880.68 223622.047 438.368 7.4667 0 0 0 0.0023726 -71.4702368 6.7343946 0.0424775 0.0176083 
480000 805 889.216 229922.072 464.79 7.5401 0 0 0 0.0023018 -72.5570623 4.8171108 0.0454932 0.0165437 
490000 815 909.481 236515.673 505.042 7.7114 0 0 0 0.0025548 -73.7041531 7.6822291 0.0428643 0.0180304 
500000 826 922.116 241897.51 506.81 7.8185 0 0 0 0.0024111 -74.4534157 7.7335194 0.0424446 0.0172478 
510000 836 936.363 248504.837 536.166 7.9206 0 0 0 0.0019693 -75.8123987 2.3836385 0.0421028 0.0172966 
520000 846 948.004 254790.261 552.389 8.032 0 0 0 0.002212 -76.9887302 3.1304783 0.0407119 0.0176025 
530000 856 957.516 260392.723 553.811 8.1238 0 0 0 0.0023228 -77.8725055 5.628155 0.0399856 0.0166611 
540000 866 965.287 266613.979 565.886 8.2075 0 0 0 0.0023319 -79.0119038 6.5575724 0.0416058 0.0167856 
550000 876 971.637 273316.905 585.586 8.2676 0 0 0 0.0022378 -79.8408092 4.8745047 0.041409 0.0161995 
560000 886 976.825 279554.932 591.806 8.315 0 0 0 0.0022355 -80.8521498 4.779764 0.0409469 0.0163535 
570000 896 981.065 284896.371 580.634 8.3527 0 0 0 0.0027191 -81.4222379 7.7673316 0.0402802 0.0181663 
580000 906 984.528 290534.066 578.316 8.3999 0 0 0 0.002354 -82.1234534 7.3618655 0.0398049 0.0171911 
590000 916 987.359 295390.626 561.204 8.4416 0 0 0 0.0021907 -82.7723427 5.306816 0.0383915 0.0172308 
600000 930 909.705 301256.56 521.985 7.7632 0 0 0 0.002618 -83.5280242 9.5776679 0.0376812 0.0184213 
610000 951 761.594 306960.574 435.511 6.4857 0 0 0 0.0023227 -83.6413341 8.8012617 0.0365936 0.0174681 
620000 968 717.243 313156.539 418.523 6.1101 0 0 0 0.003161 -84.1750471 15.2873546 0.036029 0.0211328 
630000 978 768.967 320583.765 478.025 6.5445 0 0 0 0.0025767 -85.3868222 5.6177252 0.0394819 0.0189777 
640000 988 811.229 326982.279 507.576 6.8793 0 0 0 0.0028441 -86.189834 11.9267204 0.0377762 0.019559 
650000 998 845.761 332785.018 521.063 7.1644 0 0 0 0.0028314 -86.9082529 9.2623261 0.0385508 0.0193462 
660000 1008 873.975 339861.547 555.67 7.4054 0 0 0 0.0025287 -88.7046154 6.6773162 0.0395894 0.0196069 
670000 1018 897.029 345783.581 562.556 7.5893 0 0 0 0.0028739 -89.1153293 7.4095137 0.0385425 0.0209876 
680000 1028 915.865 351797.171 570.884 7.7498 0 0 0 0.0025382 -89.7208663 6.9637528 0.0387997 0.0203764 
690000 1038 931.255 357746.261 573.058 7.8661 0 0 0 0.0030197 -89.78469 8.2565345 0.0375397 0.0218239 
700000 1048 943.831 363843.426 580.599 7.971 0 0 0 0.0026597 -90.9822143 7.4287832 0.0361189 0.0223767 
710000 1058 954.106 369846.801 583.744 8.044 0 0 0 0.0028512 -91.2331984 6.0824396 0.0361678 0.0228836 
720000 1068 962.501 376365.874 596.571 8.1004 0 0 0 0.0028886 -91.8859247 2.6934019 0.0361532 0.0250696 
730000 1078 969.361 383571.319 619.594 8.1666 0 0 0 0.0030898 -92.5849738 9.1929344 0.0370811 0.0234936 
740000 1088 974.965 391541.993 653.674 8.2159 0 0 0 0.0033285 -93.5169174 11.7092179 0.035716 0.0256586 
750000 1098 979.545 398872.25 666.651 8.2448 0 0 0 0.0030409 -94.3166264 9.2002645 0.0375442 0.0243677 
760000 1108 983.287 406952.945 692.533 8.2926 0 0 0 0.0029925 -94.9491649 6.4176172 0.0371631 0.0254566 
770000 1118 986.344 413495.962 684.525 8.3279 0 0 0 0.0034356 -95.1648192 10.0167315 0.0361187 0.0269997 
780000 1128 988.842 419283.275 665.684 8.3557 0 0 0 0.0036984 -95.4382011 10.7579898 0.0343815 0.0257889 
790000 1138 990.883 425391.506 655.848 8.3747 0 0 0 0.0033262 -96.1278835 7.3736719 0.0350376 0.0268185 
800000 1148 992.551 431411.807 644.954 8.3962 0 0 0 0.004083 -96.9275068 9.1601731 0.0342012 0.0294648 
810000 1158 993.914 438505.871 656.668 8.4101 0 0 0 0.0030191 -97.496159 3.1159657 0.0343017 0.0271749 
820000 1168 995.027 444657.762 647.952 8.4112 0 0 0 0.0032443 -98.5304241 7.2628484 0.033205 0.0287113 
830000 1178 986.732 451100.488 644.201 8.3499 0 0 0 0.0036137 -99.0706331 8.8531561 0.0333191 0.0300043 
840000 1189 976.779 457444.124 632.308 8.2639 0 0 0 0.0036537 -99.2986411 13.1635148 0.031829 0.0284349 
850000 1199 979.308 464096.225 634.555 8.2865 0 0 0 0.0033614 -100.0704731 8.9004147 0.0340116 0.0282241 
860000 1209 979.265 471973.548 657.96 8.2878 0 0 0 0.0036589 -100.5062461 15.2361647 0.0324496 0.0270184 
870000 1219 982.289 478904.931 666.076 8.3111 0 0 0 0.003269 -101.0685896 7.2193875 0.0310321 0.0281041 
880000 1229 985.529 485156.164 656.712 8.3297 0 0 0 0.0034909 -101.9160654 11.9102078 0.02936 0.0281348 
890000 1239 988.176 492289.933 673.498 8.3482 0 0 0 0.0030048 -102.9457378 5.7609464 0.0305833 0.0267609 
900000 1249 986.668 500594.137 696.787 8.3367 0 0 0 0.0033262 -103.9732781 11.3626159 0.0292806 0.0284448 
910000 1259 989.107 508720.669 714.65 8.3546 0 0 0 0.0042641 -105.1761935 20.2840262 0.0293383 0.0298785 
920000 1270 989.289 517467.671 744.903 8.3531 0 0 0 0.0035119 -106.0617712 9.6188721 0.0288871 0.0294643 
930000 1280 991.248 525748.535 760.365 8.3669 0 0 0 0.0037426 -106.201929 12.7773064 0.0277496 0.0293266 
940000 1290 992.849 535343.469 797.674 8.3643 0 0 0 0.0035103 -107.5675782 7.7254447 0.0274458 0.0304922 
950000 1300 994.157 545125.744 831.055 8.3749 0 0 0 0.0041339 -108.4483139 17.7401486 0.0276872 0.0312597 
960000 1310 995.226 554589.076 851.914 8.418 0 0 0 0.0036602 -109.1887291 12.0269807 0.0266632 0.0298385 
970000 1320 996.099 563051.433 851.582 8.4235 0 0 0 0.0033994 -110.5875006 10.552126 0.0267054 0.030141 
980000 1330 996.813 572065.223 861.191 8.4142 0 0 0 0.0040954 -111.9399306 12.6588914 0.026133 0.0333237 
990000 1340 997.396 580399.303 856.67 8.418 0 0 0 0.0034953 -113.1377548 9.3244799 0.0264455 0.030284 
1000000 1350 997.872 588207.947 843.753 8.4143 0 0 0 0.0036459 -113.617096 10.2865106 0.0257454 0.0310988 
1010000 1360 998.261 597492.408 860.984 8.4203 0 0 0 0.0036286 -114.9860157 10.7491107 0.0258255 0.0319907 
1020000 1370 998.579 604969.033 839.591 8.4144 0 0 0 0.0042197 -115.5461583 14.5379458 0.0252531 0.0333561 
1030000 1380 998.839 613724.015 845.572 8.4161 0 0 0 0.0036368 -116.1778178 5.0620028 0.027222 0.0329195 
1040000 1390 999.052 622129.236 844.974 8.4094 0 0 0 0.0040461 -117.155333 13.9809765 0.0276765 0.0342868 
1050000 1400 999.225 630504.952 843.261 8.4052 0 0 0 0.0043896 -117.725656 16.3701679 0.0283181 0.0355235 
1060000 1410 999.367 637960.377 825.273 8.4054 0 0 0 0.0048061 -117.9896737 22.998432 0.0279311 0.0375737 
1070000 1420 999.483 645504.705 811.617 8.4048 0 0 0 0.0042956 -118.8075087 18.8184231 0.0268749 0.0349794 
1080000 1430 999.577 653664.721 814.896 8.3988 0 0 0 0.0039458 -119.9455576 11.0853132 0.0265791 0.0346428 
1090000 1440 999.655 660906.025 796.683 8.4034 0 0 0 0.0042856 -120.5109552 17.399503 0.0281631 0.0365786 
1100000 1450 999.017 671409.005 844.623 8.3877 0 0 0 0.0042762 -121.717819 14.2329627 0.0277368 0.0371721 
1110000 1460 999.197 683737.219 916.42 8.3958 0 0 0 0.0041101 -122.8312814 10.757915 0.0279287 0.0356638 
1120000 1470 999.344 695370.95 961.397 8.3999 0 0 0 0.0046614 -123.6057875 21.0662925 0.0274146 0.0379771 
1130000 1480 999.464 707743.601 1012.564 8.3944 0 0 0 0.0044169 -124.8060344 13.5228407 0.0294489 0.0390976 
1140000 1490 999.562 719889.698 1048.614 8.4053 0 0 0 0.0043776 -125.741025 19.058434 0.0298649 0.0388284 
1150000 1500 999.642 732505.894 1086.658 8.4033 0 0 0 0.0041044 -126.2118407 10.3090476 0.0297422 0.0381504 
1160000 1510 999.708 744106.537 1100.039 8.3989 0 0 0 0.004184 -127.3876568 11.3083464 0.029612 0.0384839 
1170000 1520 999.761 756422.122 1125.675 8.4155 0 0 0 0.0048239 -128.4413442 26.4550669 0.0285064 0.0398639 
1180000 1530 999.805 769064.709 1149.677 8.4092 0 0 0 0.0048845 -129.6750635 28.3384531 0.0307171 0.0399379 
1190000 1540 999.841 777255.766 1089.005 8.3994 0 0 0 0.004378 -131.1032416 11.0505724 0.0296916 0.0397596 
1200000 1550 999.87 787189.494 1070.74 8.405 0 0 0 0.004762 -132.3378657 14.585621 0.0305682 0.0401057 
1210000 1560 987.702 796304.319 1028.452 8.3138 0 0 0 0.0044223 -132.1214933 19.5360132 0.0304708 0.0378424 
1220000 1570 989.952 805352.967 1004.689 8.3412 0 0 0 0.004437 -133.2036311 23.5707463 0.0293794 0.0370277 
1230000 1580 991.79 817608.901 1046.994 8.3495 0 0 0 0.0044366 -134.7020936 11.2657769 0.0295019 0.0394524 
1240000 1590 993.292 830269.105 1091.413 8.3596 0 0 0 0.0041735 -135.8021198 8.1843576 0.0304567 0.0379235 
1250000 1600 994.519 843838.612 1133.368 8.3565 0 0 0 0.0044514 -137.3932176 13.1203591 0.0302748 0.0406246 
1260000 1610 995.522 855854.835 1148.043 8.3601 0 0 0 0.0041424 -138.7952674 8.6899625 0.0301946 0.0389467 
1270000 1620 996.341 869875.442 1195.931 8.3682 0 0 0 0.004347 -140.1722339 14.7251147 0.0296551 0.0372871 
1280000 1630 997.01 882491.226 1202.468 8.3779 0 0 0 0.0043407 -141.3478589 9.0988689 0.0310431 0.0402368 
1290000 1640 997.557 896934.42 1250.516 8.358 0 0 0 0.0053129 -143.0041996 33.1757629 0.0311909 0.0420439 
1300000 1650 998.004 909467.982 1245.458 8.3541 0 0 0 0.004039 -144.1283175 5.197411 0.0317984 0.0388857 
1310000 1660 998.369 923656.218 1280.147 8.3512 0 0 0 0.0045067 -145.1129257 22.3920896 0.0329612 0.0408747 
1320000 1670 998.667 937618.146 1297.125 8.3548 0 0 0 0.0045382 -146.2045281 18.1354769 0.0323617 0.0400779 
1330000 1680 998.911 953446.546 1350.204 8.3579 0 0 0 0.0042761 -147.926251 12.794896 0.0327027 0.0395247 
1340000 1690 999.11 969258.123 1395.853 8.3462 0 0 0 0.0043216 -149.1152651 11.0442785 0.0326136 0.0398486 
1350000 1700 999.273 985756.634 1440.321 8.3501 0 0 0 0.0047689 -150.7923322 34.2364788 0.032334 0.0404689 
1360000 1710 999.406 1001601.144 1464.197 8.3537 0 0 0 0.0044738 -152.3697259 17.4302096 0.0336071 0.0408512 
1370000 1720 999.515 1016279.371 1464.791 8.347 0 0 0 0.0043781 -153.386136 18.3716204 0.0347736 0.0391729 
1380000 1730 999.603 1026261.996 1381.974 8.357 0 0 0 0.0046513 -154.582393 29.5631598 0.034719 0.0397036 
1390000 1740 999.676 1042231.497 1419.273 8.385 0 0 0 0.0046949 -156.6339092 17.6393167 0.0334766 0.0397526 
1400000 1750 999.735 1055237.52 1403.242 8.3921 0 0 0 0.0044413 -158.3667552 32.3127158 0.0347698 0.0385934 
1410000 1760 999.784 1070438.972 1421.058 8.4022 0 0 0 0.0045648 -160.400009 39.6934276 0.0343204 0.0386571 
1420000 1770 999.823 1085498.288 1436.858 8.5262 0 0 0 0.0041998 -162.144915 20.9828085 0.035088 0.0380041 
1430000 1780 999.856 1100150.52 1449.95 8.5146 0 0 0 0.004394 -163.6176958 28.7858543 0.0341711 0.0381557 
1440000 1790 999.882 1112769.08 1401.402 8.5005 0 0 0 0.0042576 -164.2420268 40.8310652 0.0338666 0.0357492 
1450000 1801 993.406 1125964.489 1382.198 8.4157 0 0 0 0.0040897 -165.6575107 31.3341362 0.0352664 0.0362689 
1460000 1811 994.612 1140279.293 1392.525 8.4159 0 0 0 0.003802 -166.6276188 16.0259507 0.0336992 0.0352557 
1470000 1821 995.597 1156300.578 1429.163 8.4256 0 0 0 0.0047806 -167.5989656 61.0669647 0.0330141 0.0366618 
1480000 1831 996.403 1174399.419 1498.386 8.4129 0 0 0 0.0038004 -169.2471952 18.2433643 0.0337433 0.0347137 
1490000 1841 997.061 1192770.773 1558.161 8.4219 0 0 0 0.0040712 -170.6462713 28.7049959 0.0338834 0.0357199 
1500000 1851 997.598 1210459.089 1595.63 8.4103 0 0 0 0.0041899 -172.4628188 33.853768 0.0343156 0.0365292 
1510000 1861 998.038 1224967.912 1572.25 8.4121 0 0 0 0.0041761 -173.7719628 40.7570596 0.0343447 0.0352319 
1520000 1871 998.397 1243120.157 1615.809 8.3991 0 0 0 0.0037398 -175.006292 15.955069 0.0335493 0.0346832 
1530000 1881 998.69 1258355.3 1600.959 8.403 0 0 0 0.0039546 -175.2560282 31.8587001 0.0332048 0.0338373 
1540000 1891 998.93 1275390.114 1618.435 8.3994 0 0 0 0.0036426 -177.0595435 20.0737994 0.0314388 0.0327545 
1550000 1901 999.125 1290499.213 1599.75 8.4108 0 0 0 0.0035559 -177.1083611 13.8342079 0.0322653 0.0335812 
1560000 1911 999.285 1305006.771 1571.636 8.4284 0 0 0 0.0037933 -177.9397691 15.3528938 0.0316394 0.03507 
1570000 1921 999.416 1320775.676 1573.133 8.4422 0 0 0 0.0040852 -178.863369 31.2088855 0.0322203 0.0347882 
1580000 1931 999.523 1336544.718 1573.144 8.4227 0 0 0 0.0036979 -180.708628 29.8003733 0.0324776 0.033067 
1590000 1941 999.61 1353793.119 1601.973 8.4256 0 0 0 0.0037707 -181.6694408 26.6198539 0.0312748 0.0342152 
1600000 1951 999.682 1371597.183 1635.203 8.4297 0 0 0 0.0036528 -183.076659 7.4196577 0.0318739 0.0352376 
1610000 1961 999.74 1390958.346 1690.093 8.4264 0 0 0 0.0034495 -184.2562548 11.8140902 0.0336962 0.0330847 
1620000 1971 999.787 1409477.856 1719.669 8.4322 0 0 0 0.0041143 -185.1782972 42.7116352 0.0327952 0.0356291 
1630000 1981 999.826 1426805.457 1722.113 8.4459 0 0 0 0.0045098 -185.4766736 78.4451956 0.032399 0.0356405 
1640000 1991 999.858 1443602.139 1711.085 8.4329 0 0 0 0.0040073 -187.9997774 39.358934 0.0320528 0.0346957 
1650000 2001 999.884 1461124.082 1719.784 8.4264 0 0 0 0.0038223 -189.4940843 28.7807591 0.0331801 0.0343998 
1660000 2011 999.905 1480788.959 1765.273 8.4243 0 0 0 0.0039511 -191.6044839 29.5310161 0.0330202 0.0353179 
1670000 2021 999.923 1500215.669 1798.206 8.4169 0 0 0 0.0038966 -192.6972964 27.0023126 0.0324222 0.0357235 
1680000 2031 999.937 1517018.893 1777.328 8.4191 0 0 0 0.0039136 -192.8536605 27.0583554 0.0325297 0.0351779 
1690000 2041 999.948 1535346.23 1785.917 8.3606 0 0 0 0.0038657 -193.4602942 39.734513 0.0327138 0.033831 
1700000 2051 999.958 1551413.493 1753.528 8.2547 0 0 0 0.0038816 -194.0170253 25.8009109 0.0324123 0.035708 
1710000 2061 999.965 1565537.516 1692.0 8.2743 0 0 0 0.0041288 -194.8432773 41.3231267 0.0326345 0.0363061 
1720000 2071 999.972 1582632.998 1692.034 8.2941 0 0 0 0.0037028 -195.4298305 39.0289416 0.0325347 0.0328814 
1730000 2081 999.977 1600715.982 1713.059 8.3112 0 0 0 0.004193 -196.2290364 65.6524202 0.0321789 0.0351392 
1740000 2091 999.981 1619399.236 1740.583 8.3369 0 0 0 0.0040087 -196.9156276 47.0526607 0.0326447 0.0347338 
1750000 2101 999.985 1636845.26 1740.544 8.3398 0 0 0 0.0041183 -198.3075163 67.1901896 0.0333274 0.0343999 
1760000 2111 999.987 1654094.124 1738.674 8.3494 0 0 0 0.0038507 -199.1640777 34.033782 0.0329669 0.0350932 
1770000 2121 999.99 1673214.993 1771.18 8.3706 0 0 0 0.0039625 -200.3507519 38.8448472 0.0323034 0.0347701 
1780000 2131 999.992 1691643.073 1784.16 8.3945 0 0 0 0.0040794 -201.5467651 57.7580187 0.0330168 0.0346906 
1790000 2141 999.993 1709880.268 1793.269 8.3966 0 0 0 0.003904 -202.5376302 28.9969424 0.0341954 0.0357469 
1800000 2151 999.994 1728198.926 1800.987 8.3899 0 0 0 0.0038999 -203.4867066 37.0256263 0.0338352 0.03546 
1810000 2161 999.995 1746704.938 1808.195 8.3755 0 0 0 0.0039636 -203.7818203 53.4119019 0.0337815 0.0342277 
1820000 2171 999.996 1765026.314 1813.373 8.4003 0 0 0 0.0039246 -204.6362487 36.6564286 0.033906 0.0358471 
1830000 2181 999.997 1784707.583 1841.981 8.3954 0 0 0 0.0041071 -205.934893 42.5643516 0.0336637 0.0356841 
1840000 2191 999.998 1805022.253 1875.833 8.4011 0 0 0 0.0044159 -207.0924556 70.7545707 0.0341407 0.0360795 
1850000 2201 999.998 1825645.316 1909.508 8.4015 0 0 0 0.0041986 -208.2655371 66.360729 0.0343817 0.0354305 
1860000 2211 999.998 1844160.758 1897.979 8.4093 0 0 0 0.0042192 -208.8027854 60.2102873 0.0337528 0.0358705 
1870000 2221 999.999 1863591.579 1905.476 8.3902 0 0 0 0.0043075 -209.410955 74.765892 0.0339943 0.0348339 
1880000 2231 999.999 1880977.87 1874.354 8.4032 0 0 0 0.0036393 -210.612306 31.6939154 0.0336425 0.0328642 
1890000 2241 999.999 1900758.854 1893.49 8.4027 0 0 0 0.0037027 -211.1921053 27.1105908 0.0335337 0.0330435 
1900000 2251 999.999 1921492.946 1926.823 8.397 0 0 0 0.0037173 -212.4258689 42.7163198 0.0347304 0.0339019 
1910000 2261 999.999 1942240.421 1955.076 8.3917 0 0 0 0.0037847 -213.8988684 27.8485716 0.0341192 0.0347607 
1920000 2271 1000.0 1962871.171 1974.613 8.3966 0 0 0 0.0041564 -215.020152 62.9509339 0.0329578 0.0349191 
1930000 2281 1000.0 1983041.295 1982.64 8.4012 0 0 0 0.0040146 -216.0153969 47.7393089 0.0340095 0.0358937 
1940000 2291 1000.0 2004536.969 2013.84 8.4141 0 0 0 0.0040688 -216.9927581 68.1210334 0.0340512 0.0345901 
1950000 2301 1000.0 2024120.599 2002.711 8.4205 0 0 0 0.0037989 -217.6928279 21.3584154 0.0345449 0.0356729 
1960000 2311 1000.0 2042367.587 1970.952 8.415 0 0 0 0.0041817 -218.4651527 73.4070549 0.0348849 0.0348537 
1970000 2321 1000.0 2058443.815 1905.133 8.4228 0 0 0 0.0039991 -218.4091528 57.5360753 0.0357545 0.0355171 
1980000 2331 998.081 2075294.914 1860.907 8.4109 0 0 0 0.0040215 -218.9219538 50.5789813 0.0352153 0.0355626 
1990000 2341 997.215 2092838.223 1840.509 8.391 0 0 0 0.0043481 -219.6496292 22.9219402 0.0353162 0.0362435 
2000000 2351 997.724 2112751.446 1866.788 8.3971 0 0 0 0.0039935 -219.2901432 68.7340239 0.0355241 0.034261 
2010000 2361 998.141 2132207.272 1881.727 8.398 0 0 0 0.0040364 -219.9553798 55.3395813 0.0364733 0.0355514 
2020000 2371 998.481 2153305.617 1923.842 8.401 0 0 0 0.0039216 -220.8067571 43.6816745 0.0346161 0.0346301 
2030000 2381 998.759 2172716.191 1925.613 8.3854 0 0 0 0.0040924 -221.8691406 50.6424132 0.0357473 0.0357111 
2040000 2391 998.986 2193645.805 1954.816 8.4003 0 0 0 0.0038357 -221.772891 45.6366174 0.0353384 0.034201 
2050000 2401 999.171 2213318.088 1958.237 8.4042 0 0 0 0.0039907 -221.5873412 40.5992752 0.0355644 0.0351509 
2060000 2411 999.323 2233658.717 1971.935 8.4236 0 0 0 0.0040443 -222.8858282 45.4804474 0.0356828 0.034528 
2070000 2421 999.447 2254909.236 2001.171 8.417 0 0 0 0.0038818 -223.8208089 50.1457129 0.0351068 0.0341151 
2080000 2431 999.548 2276133.686 2021.965 8.4181 0 0 0 0.0037434 -224.1975123 43.5796095 0.0353952 0.0343779 
2090000 2441 999.631 2297068.071 2035.361 8.4083 0 0 0 0.0039508 -225.7675617 38.5094157 0.0352094 0.0342893 
2100000 2451 999.698 2318570.365 2054.77 8.4104 0 0 0 0.003876 -226.0290255 30.1317577 0.034188 0.0356722 
2110000 2461 999.753 2339287.297 2059.707 8.4017 0 0 0 0.0038414 -226.4884155 55.3977737 0.0356792 0.0332088 
2120000 2471 999.799 2360948.146 2079.733 8.4036 0 0 0 0.0039257 -228.0069231 51.6266479 0.035189 0.034148 
2130000 2481 999.835 2382300.731 2088.099 8.4076 0 0 0 0.003949 -228.0290038 56.3731921 0.0354422 0.0335861 
2140000 2491 999.865 2403538.11 2093.714 8.3949 0 0 0 0.0036679 -228.6376027 23.2354277 0.03598 0.0348722 
2150000 2501 999.89 2425384.613 2111.039 8.3776 0 0 0 0.0043405 -229.7005094 102.6759317 0.0348483 0.0347663 
2160000 2511 999.91 2446871.739 2118.139 8.3784 0 0 0 0.0038355 -231.2580484 27.6364017 0.0356072 0.0338535 
2170000 2521 999.927 2468191.831 2119.755 8.3805 0 0 0 0.0041073 -232.9658816 72.7645857 0.0356451 0.0338068 
2180000 2531 999.94 2485822.543 2054.185 8.3726 0 0 0 0.0040693 -233.8992421 60.1240133 0.0353559 0.0348092 
2190000 2541 999.951 2505611.54 2040.894 8.3808 0 0 0 0.0044452 -234.2303425 107.2862354 0.0347878 0.0356844 
2200000 2551 999.96 2525381.426 2031.165 8.3964 0 0 0 0.0035976 -235.0115538 41.8276227 0.0353796 0.0322092 
2210000 2561 999.967 2547918.518 2069.657 8.4047 0 0 0 0.0037632 -235.9164096 49.3738555 0.0351527 0.0328462 
2220000 2571 999.973 2568992.352 2075.318 8.4109 0 0 0 0.0035699 -236.3713683 50.503724 0.0345237 0.0319496 
2230000 2581 999.978 2589383.854 2071.967 8.413 0 0 0 0.0040368 -236.974129 84.8988875 0.0357812 0.033449 
2240000 2591 999.982 2612292.553 2111.864 8.4186 0 0 0 0.0035185 -238.0060479 36.2696066 0.0366837 0.0317713 
2250000 2601 999.985 2634893.192 2138.592 8.4134 0 0 0 0.0036029 -238.5951347 54.5571696 0.035531 0.0319773 
2260000 2611 999.988 2655326.245 2122.72 8.4099 0 0 0 0.0039128 -238.9000111 96.7693829 0.0352721 0.0317453 
2270000 2621 999.99 2675670.759 2105.347 8.409 0 0 0 0.0035431 -239.418019 37.9139882 0.0365222 0.0324147 
2280000 2631 999.992 2696596.802 2103.478 8.4061 0 0 0 0.0033384 -239.5642684 24.9317575 0.0366733 0.0314024 
2290000 2641 999.994 2717168.761 2096.144 8.4102 0 0 0 0.0039341 -239.5252187 64.2246147 0.0364462 0.0336081 
2300000 2651 999.995 2737815.392 2089.151 8.4004 0 0 0 0.0037753 -239.2716212 58.8202054 0.0361656 0.0331528 
2310000 2661 999.996 2757302.364 2063.172 8.3954 0 0 0 0.0033821 -240.055098 40.4430391 0.0369578 0.0308885 
2320000 2671 999.996 2778756.047 2079.836 8.3942 0 0 0 0.0034534 -239.8892361 33.8024255 0.0368443 0.0319568 
2330000 2681 999.997 2800698.826 2099.45 8.4002 0 0 0 0.0038133 -240.482436 88.4450545 0.0362677 0.0324724 
2340000 2691 999.998 2821153.09 2088.612 8.3966 0 0 0 0.0036311 -241.3278841 56.8278143 0.0368288 0.0321923 
2350000 2701 999.998 2838075.549 2013.975 8.3995 0 0 0 0.0038254 -240.1448945 69.4898702 0.0348976 0.0329954 
2360000 2711 999.998 2854175.496 1933.899 8.4136 0 0 0 0.0039775 -239.1675355 97.7736288 0.0354294 0.0332759 
2370000 2721 999.999 2873214.03 1932.637 8.419 0 0 0 0.0036586 -240.2309248 53.4741117 0.035431 0.0326172 
2380000 2731 999.999 2891658.252 1916.483 8.4172 0 0 0 0.0033362 -240.5245748 23.4515762 0.0350623 0.0312207 
2390000 2741 999.999 2913435.692 1964.029 8.4093 0 0 0 0.0038066 -241.3628473 59.1800004 0.0357236 0.0331455 
2400000 2751 987.099 2931773.996 1910.717 8.3038 0 0 0 0.0035911 -241.02374 53.6242065 0.0355282 0.031995 
2410000 2761 989.459 2951184.526 1916.262 8.328 0 0 0 0.0034085 -240.8145532 20.193133 0.034534 0.0321311 
2420000 2771 991.387 2971661.121 1939.711 8.348 0 0 0 0.0036709 -240.7202634 59.4060245 0.034934 0.0324371 
2430000 2781 992.963 2993774.954 1990.934 8.3548 0 0 0 0.0039139 -241.0262747 91.785485 0.034609 0.0331251 
2440000 2791 994.25 3013457.957 1986.692 8.3462 0 0 0 0.003972 -241.2615661 68.4557074 0.0351579 0.0337979 
2450000 2801 995.302 3034671.227 2011.644 8.3464 0 0 0 0.0041391 -241.3080569 100.6282231 0.0337375 0.0330723 
2460000 2811 996.161 3053091.632 1983.147 8.3561 0 0 0 0.0033954 -242.1632989 27.4691064 0.0349117 0.0314906 
2470000 2821 996.864 3070823.749 1937.411 8.3713 0 0 0 0.0035042 -242.1196411 46.8290166 0.0340668 0.0317395 
2480000 2831 997.437 3090609.691 1941.121 8.3693 0 0 0 0.003978 -242.7768942 60.398689 0.0335901 0.0331175 
2490000 2841 997.906 3113360.309 2002.636 8.3722 0 0 0 0.0037457 -242.914387 63.8424482 0.0348929 0.0332867 
2500000 2851 998.289 3133337.683 2032.949 8.3683 0 0 0 0.0035406 -243.5776854 48.0754709 0.0339195 0.0316577 
2510000 2861 998.602 3151586.912 1966.125 8.3833 0 0 0 0.0036104 -243.7582549 76.7215335 0.0329694 0.0308629 
2520000 2871 998.858 3172508.378 2001.958 8.4019 0 0 0 0.0042597 -243.7476396 81.6570285 0.0341866 0.0319816 
2530000 2881 999.067 3194314.652 2028.102 8.4055 0 0 0 0.0032448 -244.1448711 50.3949439 0.0330762 0.0287248 
2540000 2891 999.237 3216004.869 2050.793 8.4051 0 0 0 0.0034843 -244.0419941 37.3681651 0.0334126 0.0316012 
2550000 2901 999.377 3237595.442 2091.305 8.3929 0 0 0 0.0035177 -245.0274193 52.6582822 0.0338407 0.031477 
2560000 2911 999.491 3259930.256 2104.158 8.417 0 0 0 0.003805 -246.3956363 103.8940274 0.034224 0.0318526 
2570000 2921 999.584 3280150.839 2087.097 8.4167 0 0 0 0.0033604 -246.7506309 42.6698366 0.0338761 0.0304043 
2580000 2931 999.66 3297436.369 2019.139 8.4454 0 0 0 0.003709 -246.312803 73.8834846 0.0333871 0.0323448 
2590000 2941 999.722 3316666.06 2014.824 8.4275 0 0 0 0.0033515 -245.9237672 39.5376247 0.0333944 0.0308281 
2600000 2951 999.773 3336852.241 2012.466 8.4451 0 0 0 0.0037929 -247.0911385 60.2159285 0.0347531 0.0328979 
2610000 2961 999.815 3357844.446 2017.422 8.4535 0 0 0 0.0033008 -246.8723968 39.9378109 0.0342574 0.0304035 
2620000 2971 999.849 3379482.578 2040.465 8.468 0 0 0 0.0036389 -247.1451107 77.3685744 0.0335712 0.0309295 
2630000 2981 999.876 3401077.731 2066.419 8.4488 0 0 0 0.0033394 -247.719869 30.3188595 0.0337786 0.0312324 
2640000 2991 999.899 3421185.596 2056.076 8.4519 0 0 0 0.0036862 -248.6692559 75.7895311 0.0339652 0.0316069 
2650000 3001 999.917 3440408.315 2027.819 8.4563 0 0 0 0.0034985 -247.6832335 28.2456235 0.034592 0.0318494 
2660000 3011 999.932 3457212.595 1963.247 8.4515 0 0 0 0.003582 -248.0630289 55.1959363 0.0340864 0.0318458 
2670000 3021 999.945 3478242.72 1990.264 8.4587 0 0 0 0.0031732 -248.856899 32.9940452 0.0330975 0.0292128 
2680000 3031 999.955 3499106.065 2006.247 8.4626 0 0 0 0.0035504 -249.1365062 82.298471 0.0340342 0.0303493 
2690000 3041 999.963 3522126.432 2060.513 8.4679 0 0 0 0.0037562 -249.2288708 68.4144103 0.0347618 0.0318063 
2700000 3051 999.97 3544746.52 2094.405 8.4738 0 0 0 0.0039614 -250.7286457 126.0706994 0.0341948 0.0316881 
2710000 3061 999.975 3566750.103 2117.24 8.4712 0 0 0 0.0033228 -251.5638827 26.1780181 0.0349152 0.0307343 
2720000 3071 999.98 3586150.835 2086.857 8.4653 0 0 0 0.0036153 -251.1863364 64.2075503 0.0349344 0.0318414 
2730000 3081 999.984 3607774.665 2098.528 8.4534 0 0 0 0.0039922 -251.4337431 111.27844 0.0350131 0.0323191 
2740000 3091 999.987 3630553.593 2130.793 8.4504 0 0 0 0.0036758 -251.2994184 80.3886181 0.03423 0.0311486 
2750000 3101 999.989 3652886.523 2145.346 8.4469 0 0 0 0.0030919 -252.119632 11.4343376 0.0348689 0.0301896 
2760000 3111 999.991 3676720.169 2193.052 8.4401 0 0 0 0.0035905 -253.2279633 48.6365151 0.0343678 0.0324659 
2770000 3121 999.993 3699917.635 2213.713 8.4366 0 0 0 0.0033934 -253.715666 53.4274625 0.0352398 0.0300971 
2780000 3131 999.994 3722399.526 2222.16 8.4255 0 0 0 0.0035576 -254.9117703 37.8012791 0.0347812 0.032297 
2790000 3141 999.995 3745558.072 2235.641 8.4194 0 0 0 0.0036687 -254.69691 104.6132457 0.0351777 0.0300073 
2800000 3151 999.996 3769132.36 2258.161 8.4223 0 0 0 0.0034336 -256.3943861 56.4642805 0.0355011 0.0307626 
2810000 3161 999.997 3792263.823 2269.71 8.4397 0 0 0 0.0036283 -256.5423076 74.4077415 0.0355573 0.0303555 
2820000 3171 999.997 3814057.77 2281.066 8.4378 0 0 0 0.0033932 -257.5271706 70.0440186 0.0362068 0.0298038 
2830000 3181 999.998 3834671.68 2220.008 8.4465 0 0 0 0.0035921 -256.8231759 81.4864143 0.036062 0.0304602 
2840000 3191 999.998 3856142.243 2204.776 8.4504 0 0 0 0.0033095 -257.4884705 40.8292138 0.0360991 0.0303837 
2850000 3201 999.999 3879050.595 2220.444 8.4326 0 0 0 0.0037209 -258.3461592 103.985389 0.0358193 0.030483 
2860000 3211 999.999 3901269.719 2219.972 8.4293 0 0 0 0.0034779 -259.3798274 78.9600796 0.0360194 0.0298227 
2870000 3221 999.999 3923751.78 2223.793 8.4297 0 0 0 0.0035999 -259.935917 74.4741952 0.0358149 0.030648 
2880000 3231 999.999 3946077.269 2228.089 8.4223 0 0 0 0.0039409 -260.0743301 117.5838422 0.0349365 0.0320272 
2890000 3241 999.999 3967440.201 2211.838 8.4048 0 0 0 0.0037383 -260.1331345 113.301954 0.0357841 0.0299889 
2900000 3251 999.999 3988685.055 2193.181 8.41 0 0 0 0.0033643 -260.0348846 67.6858292 0.0360003 0.0298245 
2910000 3261 1000.0 4007921.815 2146.088 8.412 0 0 0 0.0032155 -259.2446991 52.9098703 0.0357799 0.0291341 
2920000 3271 1000.0 4028758.882 2131.035 8.3976 0 0 0 0.0032832 -260.072978 33.1401755 0.0360688 0.030673 
2930000 3281 1000.0 4047424.787 2082.954 8.3973 0 0 0 0.0037198 -259.3067505 101.8541851 0.0367493 0.0307703 
2940000 3291 1000.0 4067891.291 2072.6 8.4201 0 0 0 0.0037975 -258.5537581 115.9662909 0.0350329 0.0313607 
2950000 3301 1000.0 4088583.588 2073.355 8.4343 0 0 0 0.0032016 -259.1920498 40.3247325 0.0357153 0.0295478 
2960000 3311 1000.0 4107567.878 2048.851 8.4507 0 0 0 0.0038789 -257.3539465 116.990428 0.0370483 0.0307091 
2970000 3321 1000.0 4124540.918 1982.518 8.4648 0 0 0 0.0033592 -256.3535905 44.9337761 0.0372814 0.0307095 
2980000 3331 1000.0 4142981.719 1954.05 8.4773 0 0 0 0.003465 -255.8831468 49.7820651 0.0373153 0.0309423 
2990000 3341 1000.0 4162265.818 1944.584 8.4749 0 0 0 0.0037111 -255.0030658 91.9294753 0.0367573 0.0305769 
3000000 3351 1000.0 4182146.263 1953.499 8.4759 0 0 0 0.0034652 -254.6026301 50.7059765 0.0361243 0.0308419 
3010000 3361 1000.0 4200478.075 1936.286 8.4699 0 0 0 0.0038596 -253.6879413 99.5442791 0.0362008 0.0317376 
3020000 3371 1000.0 4221004.827 1951.034 8.4705 0 0 0 0.0035588 -253.142644 67.1924192 0.0353974 0.0314063 
3030000 3381 1000.0 4241771.701 1974.578 8.4708 0 0 0 0.0032421 -253.7157982 27.1155059 0.0352551 0.0307212 
3040000 3391 1000.0 4261477.109 1974.952 8.4648 0 0 0 0.0040125 -252.2646664 86.8051943 0.0360026 0.033124 
3050000 3401 1000.0 4282710.18 2003.014 8.4487 0 0 0 0.0039655 -252.5272331 106.8835474 0.0358458 0.0324316 
3060000 3411 1000.0 4303512.073 2014.793 8.4465 0 0 0 0.0034978 -252.3431541 44.0136527 0.0358188 0.0323785 
3070000 3421 1000.0 4322475.256 2018.013 8.428 0 0 0 0.0037807 -251.7442592 71.3607705 0.0366306 0.0328825 
3080000 3431 1000.0 4343736.194 2013.158 8.4237 0 0 0 0.0034293 -251.4668812 31.6841392 0.0367249 0.0318896 
3090000 3441 1000.0 4364912.277 2032.804 8.4168 0 0 0 0.0035411 -251.7092909 64.8051366 0.0368463 0.0312511 
3100000 3451 1000.0 4384145.238 2018.578 8.409 0 0 0 0.0031657 -251.4870952 16.9336807 0.0355268 0.0304572 
3110000 3461 1000.0 4404957.9 2019.99 8.4177 0 0 0 0.0034158 -251.8353846 23.6964092 0.0355195 0.0323367 
3120000 3471 1000.0 4424010.547 2013.419 8.4203 0 0 0 0.0035779 -250.7757714 64.8699931 0.0363797 0.0308648 
3130000 3481 1000.0 4444008.616 1996.778 8.4179 0 0 0 0.0038275 -251.596466 93.4363702 0.0360928 0.031478 
3140000 3491 1000.0 4461397.051 1948.439 8.4097 0 0 0 0.0035746 -251.5350704 43.9910144 0.0351787 0.0312662 
3150000 3501 1000.0 4479280.629 1919.348 8.4132 0 0 0 0.0032454 -251.1387474 42.3639311 0.0351068 0.0297109 
3160000 3511 1000.0 4497506.192 1899.679 8.4207 0 0 0 0.0035421 -251.0393401 48.1529434 0.0347325 0.0319316 
3170000 3521 1000.0 4514843.716 1868.184 8.429 0 0 0 0.0042457 -250.7395941 105.1426444 0.0351816 0.0329637 
3180000 3531 1000.0 4533270.705 1870.487 8.4281 0 0 0 0.0040356 -251.2253714 112.4071296 0.0347238 0.0329152 
3190000 3541 1000.0 4553937.126 1899.68 8.4318 0 0 0 0.0040591 -251.7676342 93.9957324 0.0342285 0.0323651 
3200000 3551 1000.0 4572812.341 1902.785 8.4361 0 0 0 0.0037543 -250.9754687 89.6948428 0.0346075 0.030977 
3210000 3561 1000.0 4591674.339 1902.989 8.4422 0 0 0 0.0033279 -251.7842157 28.3645545 0.0341234 0.031334 
3220000 3571 1000.0 4606717.331 1826.611 8.4432 0 0 0 0.0035376 -250.254496 54.4314255 0.0333109 0.0314782 
3230000 3581 1000.0 4626372.267 1849.929 8.437 0 0 0 0.0035196 -249.6110924 58.3932841 0.0347142 0.0309481 
3240000 3591 1000.0 4643843.743 1830.19 8.4461 0 0 0 0.0034601 -250.0762339 54.9106151 0.034056 0.0305604 
3250000 3601 1000.0 4658089.63 1762.559 8.4554 0 0 0 0.0037221 -247.2843328 70.3771432 0.0335209 0.0323094 
3260000 3611 1000.0 4675758.863 1754.985 8.4542 0 0 0 0.0035505 -247.1987194 67.9172244 0.0331299 0.0298727 
3270000 3621 1000.0 4696307.917 1806.737 8.4481 0 0 0 0.0037217 -247.4463847 46.7434215 0.0336258 0.0329847 
3280000 3631 1000.0 4711077.849 1763.354 8.453 0 0 0 0.003456 -246.2919813 46.5772653 0.0322913 0.0303399 
3290000 3641 1000.0 4730425.074 1775.315 8.4458 0 0 0 0.0033633 -245.5121435 32.5906481 0.0314695 0.0309778 
3300000 3651 1000.0 4749336.293 1796.646 8.4351 0 0 0 0.0036984 -245.6014328 85.7293777 0.0328181 0.0316205 
3310000 3661 1000.0 4769074.29 1846.367 8.4386 0 0 0 0.0034364 -244.5774405 57.2665915 0.0329655 0.0302171 
3320000 3671 1000.0 4784183.672 1773.348 8.4391 0 0 0 0.0034901 -244.1174774 47.4244466 0.0335973 0.0313889 
3330000 3681 1000.0 4803303.348 1794.604 8.4235 0 0 0 0.0035399 -243.1503398 42.1913277 0.0331621 0.031703 
3340000 3691 1000.0 4822657.903 1823.871 8.4201 0 0 0 0.0037974 -242.5621926 62.1758672 0.0337869 0.0319781 
3350000 3701 1000.0 4838580.95 1779.229 8.439 0 0 0 0.003737 -242.7907365 62.3248174 0.0337259 0.0324885 
3360000 3711 1000.0 4856297.445 1776.851 8.4292 0 0 0 0.0031039 -242.2592675 10.572522 0.033306 0.0300129 
3370000 3721 1000.0 4875796.342 1814.905 8.4288 0 0 0 0.0033751 -242.3664487 46.7146631 0.0331202 0.0305714 
3380000 3731 1000.0 4895608.594 1840.197 8.4521 0 0 0 0.0032114 -242.6816855 25.6611316 0.0330852 0.0297564 
3390000 3741 1000.0 4914442.139 1860.837 8.4678 0 0 0 0.00365 -242.9335944 43.530911 0.0344346 0.0327659 
3400000 3751 1000.0 4935336.577 1890.039 8.4636 0 0 0 0.0035489 -241.489597 61.9288884 0.034203 0.0306163 
3410000 3761 1000.0 4950456.209 1824.773 8.4661 0 0 0 0.0036562 -241.5949942 95.370612 0.0331753 0.0304985 
3420000 3771 1000.0 4963836.798 1760.407 8.4702 0 0 0 0.0034848 -241.7511902 61.289409 0.0338541 0.0295783 
3430000 3781 1000.0 4982256.084 1754.51 8.4612 0 0 0 0.0039023 -241.5356336 100.1790172 0.0334586 0.0326688 
3440000 3791 1000.0 5001198.965 1773.115 8.4655 0 0 0 0.0034938 -240.3839158 61.4932919 0.0332149 0.0304482 
3450000 3801 1000.0 5022280.516 1836.035 8.4595 0 0 0 0.0038114 -243.1584281 73.9646138 0.0348933 0.0314695 
3460000 3811 1000.0 5040669.811 1841.203 8.4651 0 0 0 0.0038685 -243.1332372 88.1337098 0.0330525 0.0307776 
3470000 3821 1000.0 5060432.404 1863.217 8.4582 0 0 0 0.0034699 -243.7537956 77.7941392 0.0331452 0.0301764 
3480000 3831 1000.0 5077338.901 1836.88 8.4638 0 0 0 0.0035735 -244.1704458 64.8047742 0.0329984 0.0308114 
3490000 3841 1000.0 5096629.042 1847.833 8.4537 0 0 0 0.0035669 -243.8274059 66.0809317 0.0331788 0.0313375 
3500000 3851 1000.0 5115966.25 1863.048 8.4449 0 0 0 0.0036553 -244.6668612 58.8293661 0.0328002 0.0327471 
3510000 3862 987.085 5136497.356 1875.028 8.3379 0 0 0 0.004093 -243.9525353 88.8161433 0.0327569 0.0313586 
3520000 3872 989.448 5157171.87 1910.713 8.3722 0 0 0 0.0035583 -245.6400892 35.3288596 0.0335157 0.0318182 
3530000 3882 991.378 5178364.42 1950.482 8.3806 0 0 0 0.0034875 -246.5668421 47.2624733 0.0340603 0.0310453 
3540000 3892 992.955 5198035.321 1963.674 8.3846 0 0 0 0.003602 -246.4482395 50.2336228 0.0334393 0.0315816 
3550000 3902 994.244 5216338.342 1929.605 8.3924 0 0 0 0.0037834 -247.8876568 72.3459973 0.0341864 0.0321007 
3560000 3912 995.297 5235741.892 1935.322 8.3946 0 0 0 0.0036906 -247.4262394 63.8357104 0.034437 0.0323291 
3570000 3922 996.157 5253949.944 1910.409 8.4081 0 0 0 0.0037122 -247.8182766 62.6979512 0.0344524 0.0312946 
3580000 3932 996.86 5275087.348 1953.35 8.4138 0 0 0 0.0032396 -248.0487866 15.7586734 0.0345547 0.0311637 
3590000 3942 997.435 5293593.98 1927.004 8.4307 0 0 0 0.0038544 -247.9384419 61.679245 0.0337947 0.0316312 
3600000 3952 997.904 5313519.342 1960.719 8.4304 0 0 0 0.0034665 -248.6861467 45.6767523 0.0348695 0.0313819 
3610000 3962 998.287 5336470.639 2004.799 8.4236 0 0 0 0.0033224 -250.1824105 36.716709 0.0339654 0.0308124 
3620000 3972 998.601 5356650.64 2007.699 8.421 0 0 0 0.0035517 -251.9207161 48.5359399 0.0352014 0.0305904 
3630000 3982 998.857 5379584.445 2058.592 8.4463 0 0 0 0.0031772 -253.0441432 29.2855045 0.0342749 0.029537 
3640000 3992 999.066 5398083.483 2020.833 8.4722 0 0 0 0.0035476 -253.5018094 58.4366508 0.0349639 0.0308138 
3650000 4002 999.237 5413644.645 1933.588 8.4908 0 0 0 0.0035363 -253.2064712 71.3846083 0.0346189 0.0307785 
3660000 4012 999.376 5429656.434 1878.46 8.4906 0 0 0 0.0037555 -252.8118307 89.2185389 0.0345623 0.0305001 
3670000 4022 999.49 5450177.421 1902.609 8.4993 0 0 0 0.0037618 -253.1924297 66.6415961 0.0350759 0.031603 
3680000 4032 999.584 5467527.244 1874.865 8.486 0 0 0 0.0035328 -253.6457543 59.4241838 0.0337135 0.0291251 
3690000 4042 999.66 5487707.829 1899.977 8.4772 0 0 0 0.0030806 -253.5376198 29.058545 0.0349523 0.0282541 
3700000 4052 999.722 5505856.56 1881.489 8.478 0 0 0 0.0037599 -253.8512941 85.9881086 0.0346995 0.0302285 
3710000 4062 995.309 5525595.311 1886.408 8.4347 0 0 0 0.0033698 -254.0037231 55.7638974 0.0345623 0.0297874 
3720000 4072 996.167 5545329.958 1902.987 8.4344 0 0 0 0.0034074 -253.5105534 73.7267295 0.0352322 0.0300551 
3730000 4082 996.868 5560874.83 1842.914 8.4483 0 0 0 0.003483 -253.5393441 43.9015367 0.0345557 0.030926 
3740000 4092 997.441 5578478.374 1824.957 8.4481 0 0 0 0.0030926 -253.5531845 18.2354545 0.0345384 0.0288506 
3750000 4102 997.909 5591290.665 1743.492 8.459 0 0 0 0.0035279 -253.0771607 71.7429479 0.0336946 0.0291915 
3760000 4113 986.438 5608054.705 1697.815 8.3551 0 0 0 0.0032434 -252.5455412 43.7163445 0.0346975 0.0289807 
3770000 4123 988.919 5628763.837 1765.568 8.3734 0 0 0 0.0035473 -252.8042385 60.1311219 0.0346304 0.0308209 
3780000 4133 990.946 5648536.15 1809.178 8.392 0 0 0 0.0032351 -252.7021697 61.9649986 0.0338185 0.0282032 
3790000 4143 992.602 5670289.441 1870.125 8.4102 0 0 0 0.0032014 -253.1408854 51.8424635 0.0342184 0.0281284 
3800000 4153 990.653 5690633.38 1892.722 8.393 0 0 0 0.0036368 -252.9836347 61.55639 0.0339568 0.0295986 
3810000 4163 992.363 5711914.152 1937.495 8.4028 0 0 0 0.0029176 -252.6231223 16.3540527 0.0344581 0.0271526 
3820000 4173 993.76 5733809.751 1986.229 8.4068 0 0 0 0.0040258 -252.882868 114.7003816 0.0350391 0.0292081 
3830000 4183 994.901 5754081.806 1991.638 8.3885 0 0 0 0.0035366 -252.1721744 58.0768911 0.0344569 0.0304277 
3840000 4193 995.834 5772790.395 1969.472 8.3982 0 0 0 0.0034129 -252.3313548 72.3025949 0.0342488 0.0296051 
3850000 4203 996.596 5792367.898 1972.265 8.4288 0 0 0 0.0041652 -252.9889107 102.1216026 0.0345521 0.0315303 
3860000 4213 997.219 5811502.091 1961.511 8.4279 0 0 0 0.0034053 -253.9447283 63.755397 0.0349215 0.0297608 
3870000 4223 997.728 5828755.245 1917.424 8.4264 0 0 0 0.0033862 -253.5828448 49.5046024 0.03406 0.0296191 
3880000 4233 998.143 5845997.499 1879.397 8.4388 0 0 0 0.003451 -252.9626118 65.0725357 0.035071 0.0299238 
3890000 4243 998.483 5865099.739 1882.524 8.4242 0 0 0 0.0039338 -253.3527322 103.0356264 0.0353303 0.0321281 
3900000 4253 998.76 5884174.914 1890.056 8.4385 0 0 0 0.0036396 -252.9373092 65.8238106 0.0349525 0.031378 
3910000 4263 998.987 5901422.139 1863.215 8.4474 0 0 0 0.0038415 -252.2398528 99.3403389 0.0355451 0.0308132 
3920000 4273 999.172 5916029.004 1789.825 8.4421 0 0 0 0.0038112 -252.0696706 106.2743783 0.035288 0.0302446 
3930000 4283 999.324 5933919.691 1791.628 8.4388 0 0 0 0.0034257 -252.4155875 60.2050426 0.0351924 0.0298007 
3940000 4293 999.448 5949945.53 1754.056 8.4361 0 0 0 0.0039885 -250.7779656 143.53566 0.0348959 0.0318673 
3950000 4303 999.549 5963240.393 1676.506 8.4266 0 0 0 0.0038571 -251.2911193 102.0783817 0.0358361 0.0304591 
3960000 4313 999.631 5977401.419 1631.303 8.4286 0 0 0 0.0033875 -250.7560637 47.4461877 0.0348846 0.0302927 
3970000 4323 999.699 5992009.269 1596.82 8.445 0 0 0 0.0031709 -249.7380644 37.0750279 0.0346978 0.0286846 
3980000 4333 999.754 6004829.523 1551.182 8.4539 0 0 0 0.0033671 -248.5303655 62.1641178 0.0339745 0.0294381 
3990000 4343 999.799 6019365.028 1543.083 8.4526 0 0 0 0.0032671 -247.1600648 64.8586911 0.0341403 0.0278843 
4000000 4353 999.836 6035002.017 1541.271 8.4462 0 0 0 0.0031779 -246.3878479 41.5002723 0.0331215 0.0286185 
