10000.0 16.625 -43.2851 -64.6026 -21.9677 -0.0043 -0.0065 -0.0022 -0.776 -1.174 -0.378 
20000.0 31.125 -92.9181 -139.9245 -45.9117 -0.0046 -0.007 -0.0023 -1.3736 -2.0381 -0.7091 
30000.0 64.125 -159.9589 -225.2758 -94.6419 -0.0053 -0.0075 -0.0032 -1.8296 -2.7433 -0.9159 
40000.0 90.0 -256.2075 -335.3355 -177.0795 -0.0064 -0.0084 -0.0044 -2.4265 -3.4642 -1.3888 
50000.0 117.25 -353.4906 -463.848 -243.1333 -0.0071 -0.0093 -0.0049 -3.091 -4.3266 -1.8554 
60000.0 142.875 -418.3105 -539.3532 -297.2678 -0.007 -0.009 -0.005 -2.8628 -4.2085 -1.517 
70000.0 164.5 -491.771 -634.1403 -349.4017 -0.007 -0.0091 -0.005 -3.1592 -4.4902 -1.8283 
80000.0 189.25 -583.6161 -752.2561 -414.9762 -0.0073 -0.0094 -0.0052 -3.3816 -4.8187 -1.9446 
90000.0 215.625 -690.6114 -894.1081 -487.1147 -0.0077 -0.0099 -0.0054 -3.9399 -5.6687 -2.2111 
100000.0 241.25 -757.186 -957.8421 -556.5299 -0.0076 -0.0096 -0.0056 -3.3869 -4.7121 -2.0617 
110000.0 266.75 -844.3199 -1036.1144 -652.5253 -0.0077 -0.0094 -0.0059 -3.4975 -4.5898 -2.4052 
120000.0 291.125 -916.4546 -1106.8003 -726.1089 -0.0076 -0.0092 -0.0061 -3.2931 -4.2273 -2.359 
130000.0 315.25 -997.0628 -1190.4771 -803.6484 -0.0077 -0.0092 -0.0062 -3.3352 -4.4305 -2.24 
140000.0 339.125 -1071.0474 -1251.9109 -890.1839 -0.0077 -0.0089 -0.0064 -3.1685 -3.9893 -2.3477 
150000.0 362.125 -1187.3634 -1401.483 -973.2437 -0.0079 -0.0093 -0.0065 -4.0021 -5.2093 -2.795 
160000.0 383.625 -1257.381 -1481.5592 -1033.2028 -0.0079 -0.0093 -0.0065 -3.8112 -5.16 -2.4625 
170000.0 404.875 -1310.0205 -1534.7977 -1085.2433 -0.0077 -0.009 -0.0064 -3.3346 -4.317 -2.3523 
180000.0 428.375 -1400.2612 -1643.2855 -1157.237 -0.0078 -0.0091 -0.0064 -3.742 -5.2083 -2.2757 
190000.0 452.0 -1467.9629 -1715.6257 -1220.3 -0.0077 -0.009 -0.0064 -3.5698 -4.8514 -2.2881 
200000.0 474.375 -1543.2984 -1793.5845 -1293.0122 -0.0077 -0.009 -0.0065 -3.5321 -4.824 -2.2403 
210000.0 496.75 -1597.837 -1852.378 -1343.296 -0.0076 -0.0088 -0.0064 -3.1816 -4.378 -1.9852 
220000.0 518.25 -1652.964 -1903.2188 -1402.7092 -0.0075 -0.0087 -0.0064 -2.8906 -3.7254 -2.0558 
230000.0 541.25 -1716.117 -1985.2842 -1446.9498 -0.0075 -0.0086 -0.0063 -2.8314 -3.6439 -2.0189 
240000.0 563.625 -1790.5081 -2075.5998 -1505.4164 -0.0075 -0.0086 -0.0063 -3.194 -4.1228 -2.2652 
250000.0 588.875 -1857.1326 -2156.3054 -1557.9599 -0.0074 -0.0086 -0.0062 -2.9449 -3.9344 -1.9553 
260000.0 612.75 -1933.8935 -2254.2816 -1613.5054 -0.0074 -0.0087 -0.0062 -3.0739 -3.9475 -2.2003 
270000.0 638.875 -2000.2754 -2324.1262 -1676.4245 -0.0074 -0.0086 -0.0062 -2.8904 -3.8094 -1.9714 
280000.0 663.75 -2045.0118 -2385.5725 -1704.451 -0.0073 -0.0085 -0.0061 -2.6016 -3.8966 -1.3067 
290000.0 688.0 -2097.0849 -2443.764 -1750.4058 -0.0072 -0.0084 -0.006 -2.4271 -3.3733 -1.481 
300000.0 710.0 -2158.8838 -2534.5894 -1783.1781 -0.0072 -0.0084 -0.0059 -2.6279 -3.7804 -1.4753 
310000.0 732.75 -2219.0606 -2606.955 -1831.1663 -0.0072 -0.0084 -0.0059 -2.5986 -3.8814 -1.3159 
320000.0 758.5 -2300.9523 -2701.6235 -1900.281 -0.0072 -0.0084 -0.0059 -2.8736 -4.0654 -1.6819 
330000.0 781.5 -2355.188 -2765.2466 -1945.1294 -0.0071 -0.0084 -0.0059 -2.8104 -4.0685 -1.5522 
340000.0 805.875 -2412.0321 -2844.259 -1979.8052 -0.0071 -0.0084 -0.0058 -2.6826 -4.1548 -1.2105 
350000.0 830.125 -2486.407 -2934.8904 -2037.9236 -0.0071 -0.0084 -0.0058 -2.9189 -4.7513 -1.0865 
360000.0 852.75 -2561.8121 -3027.4181 -2096.2062 -0.0071 -0.0084 -0.0058 -3.245 -5.1164 -1.3736 
370000.0 877.375 -2596.2309 -3070.4945 -2121.9672 -0.007 -0.0083 -0.0057 -2.6109 -3.9835 -1.2383 
380000.0 900.25 -2664.8031 -3148.662 -2180.9442 -0.007 -0.0083 -0.0057 -2.8358 -4.6939 -0.9776 
390000.0 922.375 -2711.7739 -3176.2672 -2247.2806 -0.007 -0.0081 -0.0058 -2.6711 -4.0613 -1.2809 
400000.0 948.125 -2766.947 -3250.6974 -2283.1966 -0.0069 -0.0081 -0.0057 -2.523 -3.8833 -1.1627 
410000.0 969.75 -2821.546 -3326.1539 -2316.9381 -0.0069 -0.0081 -0.0057 -2.707 -4.1592 -1.2548 
420000.0 993.375 -2880.5786 -3390.9138 -2370.2435 -0.0069 -0.0081 -0.0056 -2.7409 -3.9033 -1.5785 
430000.0 1013.875 -2927.4581 -3462.7799 -2392.1363 -0.0068 -0.0081 -0.0056 -2.5301 -3.6361 -1.4241 
440000.0 1037.25 -2986.5602 -3536.1845 -2436.936 -0.0068 -0.008 -0.0055 -2.5734 -4.2474 -0.8993 
450000.0 1064.0 -3058.1908 -3621.6766 -2494.7049 -0.0068 -0.008 -0.0055 -2.638 -3.8406 -1.4354 
460000.0 1086.125 -3102.0259 -3663.4804 -2540.5713 -0.0067 -0.008 -0.0055 -2.5405 -3.7472 -1.3338 
470000.0 1108.125 -3147.5619 -3716.4403 -2578.6834 -0.0067 -0.0079 -0.0055 -2.4803 -3.949 -1.0115 
480000.0 1132.125 -3228.803 -3831.6429 -2625.9631 -0.0067 -0.008 -0.0055 -2.917 -4.2927 -1.5413 
490000.0 1157.25 -3274.0454 -3883.4483 -2664.6424 -0.0067 -0.0079 -0.0054 -2.5304 -3.7335 -1.3272 
500000.0 1183.875 -3322.2602 -3935.2543 -2709.2662 -0.0066 -0.0079 -0.0054 -2.3643 -3.7265 -1.002 
510000.0 1209.375 -3370.0739 -3997.1931 -2742.9547 -0.0066 -0.0078 -0.0054 -2.2331 -3.2035 -1.2627 
520000.0 1230.875 -3449.0421 -4086.9094 -2811.1749 -0.0066 -0.0079 -0.0054 -2.7455 -3.5825 -1.9085 
530000.0 1255.125 -3498.6856 -4148.0941 -2849.2772 -0.0066 -0.0078 -0.0054 -2.426 -3.3402 -1.5118 
540000.0 1280.0 -3535.5136 -4181.4313 -2889.5959 -0.0065 -0.0077 -0.0054 -2.0403 -2.6263 -1.4542 
550000.0 1304.375 -3577.1789 -4214.5594 -2939.7983 -0.0065 -0.0077 -0.0053 -1.8881 -2.635 -1.1413 
560000.0 1331.75 -3617.5164 -4270.8075 -2964.2253 -0.0065 -0.0076 -0.0053 -1.7959 -2.5844 -1.0073 
570000.0 1359.75 -3660.6452 -4299.512 -3021.7785 -0.0064 -0.0075 -0.0053 -1.7906 -2.3763 -1.205 
580000.0 1385.375 -3698.6884 -4340.997 -3056.3798 -0.0064 -0.0075 -0.0053 -1.734 -2.555 -0.913 
590000.0 1415.75 -3733.2938 -4389.6902 -3076.8973 -0.0063 -0.0074 -0.0052 -1.5878 -2.4507 -0.7248 
600000.0 1443.0 -3779.0442 -4457.7411 -3100.3474 -0.0063 -0.0074 -0.0052 -1.6321 -2.4314 -0.8328 
610000.0 1468.125 -3820.3951 -4512.2617 -3128.5285 -0.0063 -0.0074 -0.0051 -1.8312 -2.8048 -0.8577 
620000.0 1493.25 -3871.4112 -4579.7581 -3163.0644 -0.0062 -0.0074 -0.0051 -1.9882 -2.7718 -1.2047 
630000.0 1518.125 -3915.1115 -4625.561 -3204.662 -0.0062 -0.0073 -0.0051 -1.9386 -2.8645 -1.0127 
640000.0 1544.0 -3943.4876 -4660.4485 -3226.5268 -0.0062 -0.0073 -0.005 -1.6564 -2.4276 -0.8852 
650000.0 1568.625 -3999.003 -4741.289 -3256.717 -0.0062 -0.0073 -0.005 -1.947 -3.1233 -0.7707 
660000.0 1597.75 -4055.8921 -4805.3646 -3306.4197 -0.0061 -0.0073 -0.005 -2.137 -3.2361 -1.0379 
670000.0 1624.75 -4126.2085 -4878.0079 -3374.4091 -0.0062 -0.0073 -0.005 -2.416 -3.8613 -0.9707 
680000.0 1656.5 -4166.3676 -4914.1728 -3418.5624 -0.0061 -0.0072 -0.005 -1.8848 -2.9415 -0.828 
690000.0 1686.75 -4224.9971 -4982.7347 -3467.2596 -0.0061 -0.0072 -0.005 -2.0112 -2.8857 -1.1368 
700000.0 1716.125 -4280.1079 -5032.1156 -3528.1001 -0.0061 -0.0072 -0.005 -2.0388 -3.1904 -0.8871 
710000.0 1744.625 -4345.9541 -5132.2171 -3559.6911 -0.0061 -0.0072 -0.005 -2.4134 -4.0591 -0.7676 
720000.0 1775.875 -4373.069 -5166.7332 -3579.4048 -0.0061 -0.0072 -0.005 -1.823 -2.9778 -0.6682 
730000.0 1807.75 -4404.4989 -5189.2806 -3619.7171 -0.006 -0.0071 -0.005 -1.5835 -2.5862 -0.5808 
740000.0 1832.5 -4431.1224 -5219.478 -3642.7668 -0.006 -0.0071 -0.0049 -1.4808 -2.3311 -0.6304 
750000.0 1861.5 -4473.3189 -5264.3149 -3682.3229 -0.006 -0.007 -0.0049 -1.4715 -2.211 -0.732 
760000.0 1889.625 -4497.8704 -5298.6981 -3697.0426 -0.0059 -0.007 -0.0049 -1.3854 -2.119 -0.6518 
770000.0 1918.875 -4531.1009 -5370.2879 -3691.9138 -0.0059 -0.007 -0.0048 -1.3845 -2.6083 -0.1607 
780000.0 1949.125 -4587.508 -5434.3227 -3740.6933 -0.0059 -0.007 -0.0048 -1.7224 -2.8434 -0.6013 
790000.0 1977.375 -4634.5896 -5495.7504 -3773.4288 -0.0059 -0.007 -0.0048 -1.7995 -2.8399 -0.7591 
800000.0 2012.0 -4660.6589 -5541.5901 -3779.7276 -0.0058 -0.0069 -0.0047 -1.3855 -2.2796 -0.4914 
810000.0 2042.625 -4702.5631 -5587.0407 -3818.0855 -0.0058 -0.0069 -0.0047 -1.591 -2.555 -0.627 
820000.0 2073.75 -4751.9546 -5642.3606 -3861.5487 -0.0058 -0.0069 -0.0047 -1.679 -2.7227 -0.6353 
830000.0 2104.625 -4779.7642 -5703.2091 -3856.3194 -0.0058 -0.0069 -0.0046 -1.4497 -2.6719 -0.2276 
840000.0 2134.75 -4828.9376 -5740.2582 -3917.617 -0.0057 -0.0068 -0.0047 -1.7016 -3.0606 -0.3427 
850000.0 2167.625 -4856.8794 -5786.0403 -3927.7185 -0.0057 -0.0068 -0.0046 -1.4076 -2.4574 -0.3579 
860000.0 2197.875 -4887.6191 -5851.7453 -3923.493 -0.0057 -0.0068 -0.0046 -1.4373 -3.3698 0.4953 
870000.0 2230.0 -4918.4432 -5914.2958 -3922.5907 -0.0057 -0.0068 -0.0045 -1.3518 -3.0309 0.3274 
880000.0 2270.125 -4955.0159 -5974.9823 -3935.0495 -0.0056 -0.0068 -0.0045 -1.3859 -2.7743 0.0025 
890000.0 2305.375 -4987.3714 -6002.459 -3972.2837 -0.0056 -0.0067 -0.0045 -1.2048 -2.0821 -0.3274 
900000.0 2344.5 -5006.6581 -6043.3131 -3970.0032 -0.0056 -0.0067 -0.0044 -0.9359 -1.9007 0.0289 
910000.0 2376.375 -5010.827 -6051.7666 -3969.8874 -0.0055 -0.0067 -0.0044 -0.803 -1.7652 0.1592 
920000.0 2416.125 -5021.2597 -6080.2314 -3962.2881 -0.0055 -0.0066 -0.0043 -0.7113 -1.7956 0.3731 
930000.0 2456.875 -5035.1936 -6114.4727 -3955.9146 -0.0054 -0.0066 -0.0043 -0.6484 -1.6589 0.3621 
940000.0 2492.875 -5040.6655 -6151.2974 -3930.0336 -0.0054 -0.0065 -0.0042 -0.5156 -1.4209 0.3896 
950000.0 2528.125 -5040.8767 -6171.7925 -3909.961 -0.0053 -0.0065 -0.0041 -0.328 -1.1375 0.4815 
960000.0 2565.875 -5035.3435 -6177.7033 -3892.9837 -0.0052 -0.0064 -0.0041 -0.2354 -0.9601 0.4894 
970000.0 2602.75 -5038.5866 -6191.226 -3885.9473 -0.0052 -0.0064 -0.004 -0.2658 -0.8796 0.3481 
980000.0 2645.375 -5048.2985 -6215.5436 -3881.0534 -0.0052 -0.0063 -0.004 -0.3101 -0.9331 0.3128 
990000.0 2680.75 -5049.7086 -6233.271 -3866.1463 -0.0051 -0.0063 -0.0039 -0.2104 -0.8978 0.477 
1000000.0 2721.25 -5051.7398 -6240.6802 -3862.7993 -0.0051 -0.0062 -0.0039 -0.3006 -0.9579 0.3567 
1010000.0 2759.25 -5047.6272 -6245.7138 -3849.5407 -0.005 -0.0062 -0.0038 -0.0781 -0.7485 0.5923 
1020000.0 2801.125 -5031.4921 -6247.8219 -3815.1624 -0.0049 -0.0061 -0.0037 0.1489 -0.3892 0.6869 
1030000.0 2836.875 -5035.8982 -6278.094 -3793.7025 -0.0049 -0.0061 -0.0037 -0.0624 -0.9718 0.847 
1040000.0 2874.5 -5031.4206 -6294.021 -3768.8203 -0.0048 -0.0061 -0.0036 -0.0151 -0.8421 0.8119 
1050000.0 2918.125 -5014.037 -6282.5808 -3745.4932 -0.0048 -0.006 -0.0036 0.238 -0.4509 0.9269 
1060000.0 2960.75 -5000.2912 -6296.2361 -3704.3464 -0.0047 -0.0059 -0.0035 0.2444 -0.4731 0.9619 
1070000.0 3006.75 -4987.8216 -6288.6777 -3686.9656 -0.0047 -0.0059 -0.0034 0.1975 -0.1906 0.5856 
1080000.0 3053.0 -4969.3746 -6279.0278 -3659.7214 -0.0046 -0.0058 -0.0034 0.3133 -0.169 0.7955 
1090000.0 3097.375 -4971.1536 -6289.2467 -3653.0605 -0.0046 -0.0058 -0.0034 0.0391 -0.3539 0.4322 
1100000.0 3146.375 -4939.6472 -6275.3903 -3603.9042 -0.0045 -0.0057 -0.0033 0.424 0.0879 0.7601 
1110000.0 3200.0 -4936.5861 -6285.5293 -3587.6429 -0.0044 -0.0057 -0.0032 0.1585 -0.2548 0.5718 
1120000.0 3254.0 -4915.3901 -6280.7042 -3550.076 -0.0044 -0.0056 -0.0032 0.3684 -0.0043 0.741 
1130000.0 3302.25 -4893.9632 -6275.9731 -3511.9534 -0.0043 -0.0056 -0.0031 0.3615 -0.0866 0.8096 
1140000.0 3355.125 -4880.3015 -6280.8523 -3479.7507 -0.0043 -0.0055 -0.0031 0.1685 -0.3242 0.6612 
1150000.0 3408.125 -4848.832 -6276.4685 -3421.1955 -0.0042 -0.0055 -0.003 0.3361 -0.1084 0.7807 
1160000.0 3459.75 -4818.1276 -6256.5081 -3379.7472 -0.0042 -0.0054 -0.0029 0.3576 -0.207 0.9223 
1170000.0 3512.0 -4802.9467 -6247.2297 -3358.6638 -0.0041 -0.0053 -0.0029 0.3215 -0.2361 0.8791 
1180000.0 3561.125 -4787.545 -6243.6276 -3331.4624 -0.0041 -0.0053 -0.0028 0.3223 -0.5477 1.1922 
1190000.0 3617.0 -4766.938 -6241.9655 -3291.9105 -0.004 -0.0052 -0.0028 0.2214 -0.5512 0.9939 
1200000.0 3670.25 -4736.0144 -6251.277 -3220.7517 -0.0039 -0.0052 -0.0027 0.3529 -0.4855 1.1912 
1210000.0 3726.125 -4688.0554 -6227.0 -3149.1107 -0.0039 -0.0051 -0.0026 0.5381 -0.0994 1.1756 
1220000.0 3777.0 -4654.529 -6217.4525 -3091.6055 -0.0038 -0.0051 -0.0025 0.5088 0.0531 0.9644 
1230000.0 3833.5 -4648.3426 -6226.7055 -3069.9798 -0.0038 -0.0051 -0.0025 0.3007 -0.2935 0.895 
1240000.0 3876.125 -4629.4465 -6240.2972 -3018.5958 -0.0037 -0.005 -0.0024 0.373 -0.2618 1.0078 
1250000.0 3930.25 -4591.7322 -6231.728 -2951.7365 -0.0037 -0.005 -0.0024 0.527 -0.0734 1.1274 
1260000.0 3979.75 -4572.8299 -6235.5339 -2910.1258 -0.0036 -0.0049 -0.0023 0.4186 -0.2353 1.0725 
1270000.0 4034.0 -4544.3419 -6216.8823 -2871.8015 -0.0036 -0.0049 -0.0023 0.4645 -0.0019 0.9309 
1280000.0 4089.875 -4522.811 -6232.3372 -2813.2848 -0.0035 -0.0049 -0.0022 0.4028 -0.3672 1.1727 
1290000.0 4142.125 -4469.9929 -6206.7083 -2733.2774 -0.0035 -0.0048 -0.0021 0.7229 0.0534 1.3924 
1300000.0 4194.5 -4437.0592 -6190.1082 -2684.0103 -0.0034 -0.0048 -0.0021 0.6744 0.1151 1.2336 
1310000.0 4245.125 -4396.7361 -6162.7194 -2630.7529 -0.0034 -0.0047 -0.002 0.8608 0.3911 1.3304 
1320000.0 4296.125 -4348.7096 -6128.6696 -2568.7497 -0.0033 -0.0046 -0.0019 0.8891 0.4398 1.3385 
1330000.0 4350.625 -4299.2991 -6097.9912 -2500.607 -0.0032 -0.0046 -0.0019 0.9028 0.5147 1.2908 
1340000.0 4407.0 -4260.2256 -6084.0191 -2436.4321 -0.0032 -0.0045 -0.0018 0.762 0.1792 1.3448 
1350000.0 4458.125 -4231.276 -6083.8103 -2378.7417 -0.0031 -0.0045 -0.0018 0.6742 0.0985 1.25 
1360000.0 4514.5 -4189.8726 -6049.4559 -2330.2893 -0.0031 -0.0044 -0.0017 0.6464 0.0371 1.2556 
1370000.0 4564.0 -4149.4274 -6024.5663 -2274.2885 -0.003 -0.0044 -0.0017 0.7564 0.1885 1.3243 
1380000.0 4617.875 -4100.6494 -5969.6166 -2231.6822 -0.003 -0.0043 -0.0016 0.9292 0.6428 1.2157 
1390000.0 4674.25 -4054.8991 -5938.7445 -2171.0537 -0.0029 -0.0043 -0.0016 0.812 0.3953 1.2287 
1400000.0 4737.375 -4002.4449 -5906.3364 -2098.5534 -0.0029 -0.0042 -0.0015 0.8158 0.3942 1.2373 
1410000.0 4792.5 -3953.7514 -5862.3635 -2045.1393 -0.0028 -0.0042 -0.0015 0.8829 0.6016 1.1642 
1420000.0 4844.0 -3892.4719 -5816.9875 -1967.9563 -0.0027 -0.0041 -0.0014 1.037 0.6335 1.4405 
1430000.0 4892.125 -3834.0846 -5780.6968 -1887.4724 -0.0027 -0.004 -0.0013 1.0264 0.4999 1.5529 
1440000.0 4947.25 -3767.5141 -5722.4461 -1812.5821 -0.0026 -0.004 -0.0013 1.1055 0.6831 1.5279 
1450000.0 4998.625 -3723.1725 -5667.0067 -1779.3383 -0.0026 -0.0039 -0.0012 0.957 0.5515 1.3625 
1460000.0 5048.75 -3655.8925 -5633.8391 -1677.9459 -0.0025 -0.0039 -0.0011 1.1026 0.4131 1.7921 
1470000.0 5101.375 -3603.9581 -5570.707 -1637.2092 -0.0025 -0.0038 -0.0011 0.985 0.256 1.714 
1480000.0 5155.25 -3552.6639 -5533.1428 -1572.185 -0.0024 -0.0037 -0.0011 0.9032 0.2773 1.5292 
1490000.0 5204.625 -3481.9643 -5471.9332 -1491.9953 -0.0023 -0.0037 -0.001 1.1906 0.7598 1.6214 
1500000.0 5262.875 -3410.2891 -5420.2034 -1400.3748 -0.0023 -0.0036 -0.0009 1.233 0.8071 1.6589 
1510000.0 5313.0 -3332.566 -5341.8928 -1323.2392 -0.0022 -0.0035 -0.0009 1.4008 0.9634 1.8381 
1520000.0 5370.25 -3251.1559 -5265.3205 -1236.9912 -0.0021 -0.0035 -0.0008 1.4122 1.1146 1.7099 
1530000.0 5419.875 -3177.3752 -5199.7471 -1155.0034 -0.0021 -0.0034 -0.0008 1.4554 1.0243 1.8864 
1540000.0 5478.5 -3095.1155 -5131.2331 -1058.9979 -0.002 -0.0033 -0.0007 1.3649 0.9855 1.7442 
1550000.0 5531.75 -3024.1469 -5081.7925 -966.5012 -0.002 -0.0033 -0.0006 1.3745 0.9812 1.7678 
1560000.0 5591.75 -2945.0111 -5008.6738 -881.3484 -0.0019 -0.0032 -0.0006 1.3458 1.1765 1.515 
1570000.0 5642.0 -2880.6174 -4938.5724 -822.6623 -0.0018 -0.0031 -0.0005 1.2292 0.8578 1.6007 
1580000.0 5704.375 -2786.4696 -4859.4754 -713.4638 -0.0018 -0.0031 -0.0005 1.3474 1.0013 1.6934 
1590000.0 5755.625 -2703.6885 -4772.6368 -634.7402 -0.0017 -0.003 -0.0004 1.4912 1.2047 1.7778 
1600000.0 5807.875 -2641.0368 -4720.7419 -561.3316 -0.0017 -0.003 -0.0004 1.2648 0.6513 1.8782 
1610000.0 5855.5 -2572.1406 -4670.7622 -473.5191 -0.0016 -0.0029 -0.0003 1.3142 0.8457 1.7828 
1620000.0 5904.25 -2487.6374 -4590.6556 -384.6191 -0.0015 -0.0028 -0.0002 1.5642 1.3209 1.8076 
1630000.0 5962.0 -2386.0642 -4493.8198 -278.3087 -0.0015 -0.0028 -0.0002 1.7556 1.4624 2.0489 
1640000.0 6014.625 -2300.0689 -4417.7631 -182.3746 -0.0014 -0.0027 -0.0001 1.6938 1.3542 2.0333 
1650000.0 6067.25 -2200.9106 -4322.9286 -78.8926 -0.0013 -0.0026 -0.0 1.7858 1.5415 2.03 
1660000.0 6125.125 -2109.0775 -4255.4399 37.2849 -0.0013 -0.0026 0.0 1.6455 1.1995 2.0915 
1670000.0 6184.0 -2021.0419 -4177.3098 135.2261 -0.0012 -0.0025 0.0001 1.5295 1.1105 1.9485 
1680000.0 6238.875 -1927.7078 -4101.7117 246.2962 -0.0011 -0.0024 0.0001 1.5948 1.1883 2.0012 
1690000.0 6291.0 -1825.4454 -4017.9822 367.0915 -0.0011 -0.0024 0.0002 1.8359 1.4494 2.2223 
1700000.0 6346.125 -1729.0322 -3954.4259 496.3614 -0.001 -0.0023 0.0003 1.7882 1.251 2.3255 
1710000.0 6400.75 -1633.6694 -3856.9818 589.643 -0.001 -0.0023 0.0003 1.7491 1.1517 2.3466 
1720000.0 6455.0 -1532.7974 -3770.3046 704.7098 -0.0009 -0.0022 0.0004 1.8314 1.2987 2.3641 
1730000.0 6510.0 -1429.2997 -3694.3603 835.7608 -0.0008 -0.0021 0.0005 1.8816 1.3976 2.3656 
1740000.0 6561.0 -1323.43 -3597.0395 950.1795 -0.0008 -0.0021 0.0005 2.0386 1.6678 2.4095 
1750000.0 6617.75 -1222.5955 -3512.3927 1067.2017 -0.0007 -0.002 0.0006 1.7892 1.3871 2.1914 
1760000.0 6671.5 -1112.9105 -3418.1243 1192.3033 -0.0006 -0.0019 0.0007 1.9699 1.5601 2.3796 
1770000.0 6726.625 -1006.5328 -3335.3198 1322.2543 -0.0006 -0.0019 0.0007 1.9419 1.4496 2.4342 
1780000.0 6779.625 -900.8471 -3243.4432 1441.7489 -0.0005 -0.0018 0.0008 2.0121 1.3744 2.6498 
1790000.0 6839.0 -783.122 -3135.4218 1569.1778 -0.0004 -0.0018 0.0009 2.0096 1.5721 2.4471 
1800000.0 6890.625 -682.6108 -3047.0305 1681.809 -0.0004 -0.0017 0.0009 1.9501 1.6104 2.2898 
1810000.0 6947.75 -566.365 -2945.1248 1812.3948 -0.0003 -0.0016 0.001 1.9959 1.4146 2.5772 
1820000.0 6995.875 -458.8734 -2854.7046 1936.9579 -0.0003 -0.0016 0.0011 2.1598 1.7495 2.57 
1830000.0 7047.125 -343.4274 -2750.8984 2064.0437 -0.0002 -0.0015 0.0011 2.1846 1.6573 2.7119 
1840000.0 7098.25 -230.5989 -2651.5306 2190.3329 -0.0001 -0.0014 0.0012 2.1864 1.6977 2.6751 
1850000.0 7152.125 -132.2026 -2563.7069 2299.3017 -0.0001 -0.0014 0.0012 1.9484 1.574 2.3228 
1860000.0 7202.375 -25.0081 -2476.8633 2426.847 -0.0 -0.0013 0.0013 2.1688 1.5332 2.8043 
1870000.0 7250.5 78.2259 -2390.2496 2546.7013 0.0 -0.0013 0.0014 2.1635 1.6176 2.7094 
1880000.0 7308.375 206.6019 -2264.337 2677.5407 0.0001 -0.0012 0.0014 2.2986 1.5262 3.071 
1890000.0 7365.0 338.0103 -2149.9526 2825.9731 0.0002 -0.0011 0.0015 2.3315 1.8031 2.8599 
1900000.0 7420.875 463.5113 -2044.4907 2971.5132 0.0002 -0.0011 0.0016 2.246 1.6913 2.8007 
1910000.0 7470.375 597.2715 -1931.8238 3126.3668 0.0003 -0.001 0.0016 2.5922 2.0887 3.0958 
1920000.0 7527.0 742.6835 -1792.5403 3277.9073 0.0004 -0.0009 0.0017 2.589 2.1511 3.0269 
1930000.0 7579.75 869.4266 -1670.9901 3409.8434 0.0005 -0.0009 0.0018 2.4931 2.0443 2.9419 
1940000.0 7630.0 995.1181 -1553.7371 3543.9733 0.0005 -0.0008 0.0018 2.5117 2.1227 2.9008 
1950000.0 7680.375 1108.465 -1431.1552 3648.0852 0.0006 -0.0007 0.0019 2.3916 1.9327 2.8506 
1960000.0 7733.125 1244.828 -1328.1673 3817.8233 0.0006 -0.0007 0.0019 2.4852 1.7603 3.2102 
1970000.0 7782.25 1368.8792 -1215.3984 3953.1569 0.0007 -0.0006 0.002 2.5196 1.9097 3.1296 
1980000.0 7834.375 1493.6369 -1118.6142 4105.888 0.0008 -0.0006 0.0021 2.4408 1.7694 3.1121 
1990000.0 7887.5 1620.7111 -993.8975 4235.3198 0.0008 -0.0005 0.0021 2.3904 1.8694 2.9113 
2000000.0 7937.375 1737.8572 -894.4988 4370.2133 0.0009 -0.0004 0.0022 2.3714 1.5628 3.18 
2010000.0 7989.0 1868.327 -778.1691 4514.8231 0.0009 -0.0004 0.0022 2.512 1.9895 3.0345 
2020000.0 8037.875 1998.4664 -654.2699 4651.2026 0.001 -0.0003 0.0023 2.6728 2.2522 3.0933 
2030000.0 8084.625 2138.6279 -529.9298 4807.1856 0.0011 -0.0003 0.0024 2.9067 2.4064 3.4071 
2040000.0 8130.0 2272.6342 -420.6537 4965.9222 0.0011 -0.0002 0.0024 2.8886 2.4977 3.2795 
2050000.0 8177.75 2412.4726 -290.0806 5115.0259 0.0012 -0.0001 0.0025 2.9591 2.5522 3.3661 
2060000.0 8222.375 2555.8006 -157.0866 5268.6879 0.0012 -0.0001 0.0026 3.1565 2.6496 3.6634 
2070000.0 8272.75 2692.944 -24.3003 5410.1883 0.0013 -0.0 0.0026 2.9469 2.4913 3.4024 
2080000.0 8318.125 2828.7727 88.704 5568.8415 0.0014 0.0 0.0027 2.9522 2.2774 3.6271 
2090000.0 8365.625 2972.9925 206.8636 5739.1214 0.0014 0.0001 0.0027 3.0195 2.4092 3.6298 
2100000.0 8414.75 3107.6406 332.5906 5882.6906 0.0015 0.0002 0.0028 2.8216 2.259 3.3842 
2110000.0 8464.875 3247.8978 461.9454 6033.8501 0.0015 0.0002 0.0029 2.852 2.3554 3.3486 
2120000.0 8510.125 3399.8002 606.8358 6192.7647 0.0016 0.0003 0.0029 3.1295 2.7174 3.5416 
2130000.0 8559.25 3554.895 751.2648 6358.5252 0.0017 0.0004 0.003 3.1661 2.4919 3.8404 
2140000.0 8607.75 3704.1331 889.5338 6518.7325 0.0017 0.0004 0.003 3.1104 2.5427 3.6781 
2150000.0 8654.75 3844.4474 1021.1625 6667.7323 0.0018 0.0005 0.0031 3.0861 2.5804 3.5918 
2160000.0 8699.375 3975.9388 1148.7995 6803.078 0.0018 0.0005 0.0031 2.9605 2.4425 3.4785 
2170000.0 8749.875 4128.4952 1299.6346 6957.3559 0.0019 0.0006 0.0032 3.089 2.4178 3.7602 
2180000.0 8802.125 4302.7558 1465.7414 7139.7701 0.002 0.0007 0.0033 3.2714 2.6223 3.9204 
2190000.0 8851.25 4463.928 1621.6884 7306.1676 0.002 0.0007 0.0033 3.3498 2.724 3.9755 
2200000.0 8899.125 4612.5608 1752.7284 7472.3931 0.0021 0.0008 0.0034 3.2194 2.5642 3.8746 
2210000.0 8945.625 4763.9499 1887.766 7640.1337 0.0022 0.0009 0.0035 3.284 2.7661 3.8019 
2220000.0 8990.0 4899.5199 2009.7892 7789.2506 0.0022 0.0009 0.0035 3.1925 2.567 3.818 
2230000.0 9038.625 5052.8439 2166.9163 7938.7714 0.0023 0.001 0.0036 3.203 2.7557 3.6503 
2240000.0 9088.125 5199.4295 2300.8232 8098.0358 0.0023 0.001 0.0036 3.0824 2.7163 3.4484 
2250000.0 9137.375 5342.6411 2441.614 8243.6683 0.0024 0.0011 0.0037 2.9691 2.5748 3.3634 
2260000.0 9183.25 5496.5118 2600.0942 8392.9293 0.0024 0.0012 0.0037 3.2079 2.8481 3.5676 
2270000.0 9228.375 5656.4699 2749.6701 8563.2697 0.0025 0.0012 0.0038 3.4235 3.0024 3.8446 
2280000.0 9273.875 5806.0096 2889.1636 8722.8557 0.0025 0.0013 0.0038 3.309 2.6167 4.0013 
2290000.0 9323.625 5963.8454 3033.9779 8893.7128 0.0026 0.0013 0.0039 3.2855 2.7088 3.8622 
2300000.0 9369.875 6116.2417 3180.5977 9051.8858 0.0027 0.0014 0.0039 3.3019 2.744 3.8597 
2310000.0 9418.875 6283.3515 3336.2905 9230.4125 0.0027 0.0014 0.004 3.4301 2.695 4.1653 
2320000.0 9465.0 6429.5924 3475.3587 9383.8261 0.0028 0.0015 0.004 3.3067 2.7578 3.8557 
2330000.0 9515.5 6599.2741 3640.9499 9557.5983 0.0028 0.0016 0.0041 3.3185 2.7987 3.8383 
2340000.0 9566.0 6757.946 3797.761 9718.131 0.0029 0.0016 0.0042 3.2181 2.7544 3.6818 
2350000.0 9612.25 6920.3705 3953.9089 9886.8321 0.0029 0.0017 0.0042 3.4284 2.8237 4.0331 
2360000.0 9662.0 7087.5865 4115.7932 10059.3798 0.003 0.0017 0.0043 3.3515 2.8032 3.8998 
2370000.0 9710.5 7251.855 4276.184 10227.526 0.0031 0.0018 0.0043 3.3898 3.0087 3.7708 
2380000.0 9757.375 7416.1919 4428.3517 10404.032 0.0031 0.0019 0.0044 3.4525 3.0338 3.8712 
2390000.0 9801.375 7586.2876 4582.5504 10590.0249 0.0032 0.0019 0.0044 3.7152 3.0945 4.336 
2400000.0 9849.25 7751.6474 4752.0531 10751.2416 0.0032 0.002 0.0045 3.5719 3.1671 3.9766 
2410000.0 9897.875 7914.0428 4894.7212 10933.3643 0.0033 0.002 0.0045 3.4332 2.8964 3.9701 
2420000.0 9941.25 8080.5315 5062.3158 11098.7472 0.0033 0.0021 0.0046 3.6901 3.1808 4.1995 
2430000.0 9985.125 8226.8179 5188.0704 11265.5653 0.0034 0.0021 0.0046 3.57 2.817 4.323 
2440000.0 10032.375 8374.0671 5314.7631 11433.3711 0.0034 0.0022 0.0047 3.2604 2.7424 3.7784 
2450000.0 10081.125 8544.975 5477.8409 11612.1091 0.0035 0.0022 0.0047 3.4665 3.0821 3.8509 
2460000.0 10128.625 8698.3972 5630.442 11766.3525 0.0035 0.0023 0.0048 3.3421 2.7467 3.9375 
2470000.0 10177.875 8863.1884 5784.1797 11942.1971 0.0036 0.0023 0.0048 3.362 2.8644 3.8596 
2480000.0 10222.0 9023.3112 5926.7317 12119.8908 0.0036 0.0024 0.0049 3.5185 3.0139 4.0231 
2490000.0 10269.875 9189.9279 6093.6901 12286.1656 0.0037 0.0024 0.0049 3.5384 3.1985 3.8783 
2500000.0 10316.75 9359.7252 6234.9453 12484.5052 0.0037 0.0025 0.005 3.6445 3.1007 4.1883 
2510000.0 10361.0 9526.68 6396.1541 12657.2059 0.0038 0.0025 0.005 3.7206 3.1583 4.2829 
2520000.0 10409.0 9694.5889 6559.2907 12829.887 0.0038 0.0026 0.0051 3.6986 3.0978 4.2994 
2530000.0 10453.25 9855.6382 6709.2695 13002.007 0.0039 0.0027 0.0051 3.7065 3.0906 4.3224 
2540000.0 10501.75 10015.7155 6851.9722 13179.4588 0.0039 0.0027 0.0052 3.5422 2.9063 4.1782 
2550000.0 10548.25 10176.7645 7008.3046 13345.2244 0.004 0.0027 0.0052 3.4675 2.9782 3.9568 
2560000.0 10598.0 10340.0489 7154.3132 13525.7846 0.004 0.0028 0.0053 3.3724 2.7235 4.0213 
2570000.0 10646.75 10506.2399 7310.3418 13702.1379 0.0041 0.0028 0.0053 3.4196 2.8691 3.9701 
2580000.0 10697.0 10663.6084 7476.6086 13850.6081 0.0041 0.0029 0.0054 3.2254 2.6102 3.8405 
2590000.0 10745.875 10818.4164 7601.8085 14035.0242 0.0042 0.0029 0.0054 3.217 2.5312 3.9028 
2600000.0 10790.25 10969.5464 7751.9719 14187.1209 0.0042 0.003 0.0055 3.3968 2.8779 3.9156 
2610000.0 10831.375 11131.8175 7903.9739 14359.6611 0.0043 0.003 0.0055 3.7496 3.1673 4.332 
2620000.0 10873.125 11284.4559 8059.4814 14509.4304 0.0043 0.0031 0.0055 3.7125 3.1988 4.2262 
2630000.0 10916.25 11438.4758 8205.9854 14670.9661 0.0043 0.0031 0.0056 3.631 3.1574 4.1046 
2640000.0 10963.875 11589.1638 8356.9965 14821.331 0.0044 0.0032 0.0056 3.3298 2.7548 3.9047 
2650000.0 11009.625 11740.2246 8492.5471 14987.9022 0.0044 0.0032 0.0057 3.2886 2.7711 3.8061 
2660000.0 11056.0 11904.4159 8643.4103 15165.4215 0.0045 0.0032 0.0057 3.5135 2.8563 4.1707 
2670000.0 11103.25 12065.3174 8796.1109 15334.5238 0.0045 0.0033 0.0057 3.434 2.8406 4.0274 
2680000.0 11150.75 12234.9721 8936.85 15533.0942 0.0046 0.0033 0.0058 3.487 2.8239 4.1501 
2690000.0 11195.375 12388.3876 9087.8147 15688.9605 0.0046 0.0034 0.0058 3.5444 3.1055 3.9832 
2700000.0 11236.5 12529.3602 9224.5351 15834.1854 0.0046 0.0034 0.0059 3.4289 2.7922 4.0655 
2710000.0 11281.25 12692.705 9373.4493 16011.9607 0.0047 0.0035 0.0059 3.5081 3.1419 3.8744 
2720000.0 11323.5 12837.7673 9505.1376 16170.3969 0.0047 0.0035 0.0059 3.5254 3.0629 3.9878 
2730000.0 11369.0 13006.2491 9661.9324 16350.5658 0.0048 0.0035 0.006 3.6698 3.2462 4.0933 
2740000.0 11413.375 13153.0879 9799.6651 16506.5107 0.0048 0.0036 0.006 3.5336 2.9336 4.1336 
2750000.0 11456.25 13310.4761 9938.537 16682.4153 0.0048 0.0036 0.0061 3.6591 3.0285 4.2897 
2760000.0 11504.125 13475.9365 10094.069 16857.804 0.0049 0.0037 0.0061 3.5523 3.0091 4.0954 
2770000.0 11545.75 13634.516 10240.4308 17028.6012 0.0049 0.0037 0.0061 3.697 3.1784 4.2156 
2780000.0 11593.625 13795.114 10379.278 17210.95 0.005 0.0037 0.0062 3.4521 2.9928 3.9114 
2790000.0 11637.125 13958.2145 10544.5722 17371.8568 0.005 0.0038 0.0062 3.6286 3.3226 3.9347 
2800000.0 11681.375 14115.2158 10697.5429 17532.8886 0.005 0.0038 0.0063 3.5566 3.1445 3.9687 
2810000.0 11727.5 14279.1816 10864.8762 17693.4871 0.0051 0.0039 0.0063 3.5101 3.0363 3.9839 
2820000.0 11773.0 14446.8275 11025.7983 17867.8567 0.0051 0.0039 0.0063 3.6125 3.1588 4.0662 
2830000.0 11820.125 14618.2245 11198.6039 18037.8451 0.0052 0.004 0.0064 3.6107 3.211 4.0105 
2840000.0 11866.875 14764.7581 11331.1856 18198.3306 0.0052 0.004 0.0064 3.3062 3.0288 3.5837 
2850000.0 11912.875 14924.9016 11478.372 18371.4312 0.0052 0.004 0.0064 3.4691 3.1661 3.7721 
2860000.0 11960.125 15090.3112 11632.5292 18548.0933 0.0053 0.0041 0.0065 3.5022 3.2869 3.7176 
2870000.0 12011.375 15253.1951 11801.3061 18705.0842 0.0053 0.0041 0.0065 3.2911 3.0 3.5822 
2880000.0 12058.625 15418.8964 11970.7476 18867.0452 0.0054 0.0042 0.0066 3.4584 2.9756 3.9412 
2890000.0 12104.375 15592.2572 12132.7294 19051.7851 0.0054 0.0042 0.0066 3.6352 2.962 4.3085 
2900000.0 12152.125 15759.3852 12298.5095 19220.261 0.0054 0.0042 0.0066 3.5763 2.9029 4.2496 
2910000.0 12195.375 15930.048 12467.3044 19392.7916 0.0055 0.0043 0.0067 3.8454 3.4396 4.2511 
2920000.0 12244.5 16089.799 12619.2992 19560.2988 0.0055 0.0043 0.0067 3.5 3.1104 3.8896 
2930000.0 12293.25 16279.9726 12811.9479 19747.9974 0.0056 0.0044 0.0067 3.7469 3.4871 4.0066 
2940000.0 12341.5 16450.2522 12986.9124 19913.5921 0.0056 0.0044 0.0068 3.6073 3.2189 3.9956 
2950000.0 12385.0 16594.3078 13111.9161 20076.6994 0.0056 0.0044 0.0068 3.3939 2.9785 3.8093 
2960000.0 12432.5 16765.5476 13276.5792 20254.5161 0.0057 0.0045 0.0068 3.572 3.2041 3.9399 
2970000.0 12477.25 16946.1614 13452.5667 20439.756 0.0057 0.0045 0.0069 3.8686 3.5086 4.2287 
2980000.0 12528.375 17126.1293 13632.907 20619.3515 0.0057 0.0046 0.0069 3.6634 3.4955 3.8313 
2990000.0 12573.625 17287.5481 13791.1919 20783.9043 0.0058 0.0046 0.007 3.619 3.3371 3.9009 
3000000.0 12616.625 17461.3341 13960.2425 20962.4258 0.0058 0.0047 0.007 3.9059 3.664 4.1477 
3010000.0 12664.25 17633.7269 14132.501 21134.9528 0.0059 0.0047 0.007 3.6979 3.4295 3.9662 
3020000.0 12710.25 17808.3621 14308.4439 21308.2803 0.0059 0.0047 0.0071 3.723 3.4938 3.9522 
3030000.0 12757.75 17991.9808 14496.3164 21487.6451 0.0059 0.0048 0.0071 3.8328 3.5357 4.1298 
3040000.0 12804.5 18163.1049 14660.5657 21665.6441 0.006 0.0048 0.0071 3.738 3.3494 4.1266 
3050000.0 12850.375 18326.9009 14814.9663 21838.8355 0.006 0.0049 0.0072 3.6779 3.2213 4.1344 
3060000.0 12895.75 18498.6674 14965.3401 22031.9947 0.006 0.0049 0.0072 3.677 3.199 4.155 
3070000.0 12942.875 18652.6929 15124.0051 22181.3807 0.0061 0.0049 0.0072 3.4578 3.0105 3.905 
3080000.0 12986.875 18823.3729 15286.8163 22359.9295 0.0061 0.005 0.0073 3.7389 3.2475 4.2302 
3090000.0 13031.125 18993.593 15465.8953 22521.2907 0.0061 0.005 0.0073 3.7444 3.4586 4.0302 
3100000.0 13076.875 19151.181 15609.9116 22692.4504 0.0062 0.005 0.0073 3.5751 3.3185 3.8318 
3110000.0 13121.5 19318.8195 15765.9582 22871.6808 0.0062 0.0051 0.0074 3.679 3.2127 4.1453 
3120000.0 13164.75 19479.7954 15915.4355 23044.1552 0.0062 0.0051 0.0074 3.6838 3.1714 4.1961 
3130000.0 13212.75 19651.8654 16086.6573 23217.0734 0.0063 0.0051 0.0074 3.5805 3.1778 3.9832 
3140000.0 13260.125 19815.6833 16247.5873 23383.7792 0.0063 0.0052 0.0074 3.5391 3.3388 3.7394 
3150000.0 13307.875 19987.186 16410.8561 23563.5159 0.0063 0.0052 0.0075 3.6304 3.4047 3.856 
3160000.0 13350.125 20150.6014 16576.8702 23724.3325 0.0064 0.0052 0.0075 3.7522 3.5098 3.9947 
3170000.0 13398.375 20310.475 16721.2123 23899.7377 0.0064 0.0053 0.0075 3.54 2.9478 4.1322 
3180000.0 13446.375 20481.3885 16874.2386 24088.5384 0.0064 0.0053 0.0076 3.6026 3.1454 4.0598 
3190000.0 13493.75 20644.893 17038.0643 24251.7217 0.0065 0.0053 0.0076 3.4754 2.9146 4.0361 
3200000.0 13537.5 20819.8637 17221.6859 24418.0416 0.0065 0.0054 0.0076 3.7715 3.2605 4.2825 
3210000.0 13585.25 20983.5192 17391.0598 24575.9787 0.0065 0.0054 0.0077 3.5911 3.1161 4.0661 
3220000.0 13634.375 21158.3071 17550.8266 24765.7877 0.0066 0.0055 0.0077 3.659 3.1247 4.1933 
3230000.0 13681.25 21342.9484 17760.9671 24924.9297 0.0066 0.0055 0.0077 3.8425 3.5859 4.0991 
3240000.0 13725.625 21506.3653 17926.6672 25086.0633 0.0066 0.0055 0.0077 3.7989 3.3044 4.2933 
3250000.0 13768.375 21659.8329 18073.1987 25246.467 0.0067 0.0056 0.0078 3.6622 3.1539 4.1706 
3260000.0 13812.25 21824.8909 18235.2341 25414.5477 0.0067 0.0056 0.0078 3.7371 3.4421 4.0322 
3270000.0 13855.125 21990.2841 18387.2586 25593.3096 0.0067 0.0056 0.0078 3.8578 3.3674 4.3481 
3280000.0 13899.625 22157.2919 18550.9206 25763.6632 0.0068 0.0057 0.0079 3.7916 3.4719 4.1113 
3290000.0 13946.875 22326.6314 18729.3916 25923.8711 0.0068 0.0057 0.0079 3.7416 3.334 4.1492 
3300000.0 13986.625 22487.7196 18891.9775 26083.4618 0.0068 0.0057 0.0079 3.8807 3.6298 4.1317 
3310000.0 14033.5 22670.5584 19081.5035 26259.6133 0.0068 0.0058 0.0079 3.8508 3.6031 4.0984 
3320000.0 14080.625 22859.2554 19265.2592 26453.2516 0.0069 0.0058 0.008 3.9051 3.5938 4.2164 
3330000.0 14124.5 23030.4662 19437.8817 26623.0508 0.0069 0.0058 0.008 3.9055 3.6338 4.1772 
3340000.0 14168.75 23190.6346 19604.5309 26776.7383 0.0069 0.0059 0.008 3.699 3.4946 3.9034 
3350000.0 14214.625 23360.9908 19775.4166 26946.5649 0.007 0.0059 0.008 3.7506 3.4896 4.0117 
3360000.0 14259.75 23531.4719 19944.3329 27118.6109 0.007 0.0059 0.0081 3.7501 3.4309 4.0693 
3370000.0 14308.5 23713.672 20130.4425 27296.9015 0.007 0.006 0.0081 3.7458 3.4935 3.998 
3380000.0 14354.25 23890.8061 20305.1535 27476.4587 0.0071 0.006 0.0081 3.8425 3.6195 4.0655 
3390000.0 14395.125 24046.413 20442.7547 27650.0713 0.0071 0.006 0.0082 3.7768 3.4186 4.1349 
3400000.0 14441.625 24216.7898 20609.9966 27823.5829 0.0071 0.0061 0.0082 3.6884 3.3386 4.0381 
3410000.0 14490.75 24405.6868 20802.0209 28009.3526 0.0072 0.0061 0.0082 3.8246 3.5509 4.0984 
3420000.0 14533.0 24566.0643 20945.313 28186.8155 0.0072 0.0061 0.0082 3.823 3.4921 4.1539 
3430000.0 14581.875 24747.1804 21112.1212 28382.2395 0.0072 0.0062 0.0083 3.6915 3.4344 3.9486 
3440000.0 14628.25 24932.6722 21304.4269 28560.9176 0.0072 0.0062 0.0083 3.8623 3.6568 4.0677 
3450000.0 14675.625 25110.9983 21482.276 28739.7205 0.0073 0.0062 0.0083 3.8348 3.4354 4.2341 
3460000.0 14720.125 25281.1114 21675.69 28886.5327 0.0073 0.0063 0.0083 3.8064 3.2961 4.3166 
3470000.0 14768.375 25461.9732 21852.3706 29071.5759 0.0073 0.0063 0.0084 3.8504 3.3773 4.3234 
3480000.0 14813.5 25635.8726 22027.1518 29244.5934 0.0074 0.0063 0.0084 3.8781 3.4182 4.338 
3490000.0 14860.75 25807.4111 22203.9995 29410.8227 0.0074 0.0064 0.0084 3.7756 3.4121 4.1392 
3500000.0 14908.5 25982.8128 22375.8612 29589.7643 0.0074 0.0064 0.0085 3.7666 3.4988 4.0344 
3510000.0 14955.0 26147.5231 22529.7541 29765.2922 0.0074 0.0064 0.0085 3.6568 3.1013 4.2122 
3520000.0 14998.75 26303.3774 22683.4033 29923.3514 0.0075 0.0064 0.0085 3.6389 3.2087 4.0691 
3530000.0 15039.375 26464.2098 22846.0526 30082.3669 0.0075 0.0065 0.0085 3.7936 3.408 4.1792 
3540000.0 15086.25 26623.4498 23002.4478 30244.4517 0.0075 0.0065 0.0085 3.4858 2.8732 4.0983 
3550000.0 15130.5 26797.6644 23179.9557 30415.373 0.0075 0.0065 0.0086 3.7229 3.522 3.9237 
3560000.0 15178.375 26986.7401 23357.3143 30616.1659 0.0076 0.0066 0.0086 3.867 3.5206 4.2134 
3570000.0 15228.0 27168.7624 23533.992 30803.5328 0.0076 0.0066 0.0086 3.7254 3.3351 4.1156 
3580000.0 15274.125 27349.0855 23719.7309 30978.4401 0.0076 0.0066 0.0087 3.9049 3.5557 4.254 
3590000.0 15324.125 27530.5355 23892.1629 31168.9081 0.0077 0.0067 0.0087 3.7398 3.4218 4.0577 
3600000.0 15368.5 27693.2928 24054.3316 31332.2539 0.0077 0.0067 0.0087 3.668 3.2562 4.0798 
3610000.0 15411.875 27861.7061 24220.7394 31502.6729 0.0077 0.0067 0.0087 3.8005 3.5149 4.0861 
3620000.0 15457.875 28043.9112 24407.9328 31679.8897 0.0077 0.0067 0.0088 3.9786 3.708 4.2492 
3630000.0 15504.5 28218.4486 24585.3921 31851.5052 0.0078 0.0068 0.0088 3.8269 3.4116 4.2421 
3640000.0 15548.625 28400.3893 24784.4974 32016.2811 0.0078 0.0068 0.0088 3.9819 3.7331 4.2307 
3650000.0 15592.0 28579.6078 24973.8167 32185.3988 0.0078 0.0068 0.0088 4.0801 3.6271 4.5331 
3660000.0 15642.0 28763.0768 25163.6885 32362.465 0.0079 0.0069 0.0088 3.807 3.5603 4.0537 
3670000.0 15688.75 28948.8038 25337.37 32560.2375 0.0079 0.0069 0.0089 3.9824 3.7419 4.2228 
3680000.0 15734.75 29100.161 25502.5735 32697.7485 0.0079 0.0069 0.0089 3.5521 2.997 4.1073 
3690000.0 15784.875 29301.8569 25711.4978 32892.216 0.0079 0.007 0.0089 3.8361 3.4508 4.2214 
3700000.0 15833.75 29486.6106 25871.9056 33101.3156 0.008 0.007 0.0089 3.776 3.354 4.198 
3710000.0 15878.125 29650.7029 26051.1852 33250.2205 0.008 0.007 0.009 3.6933 3.3535 4.033 
3720000.0 15924.75 29835.452 26244.2726 33426.6314 0.008 0.0071 0.009 3.854 3.5387 4.1693 
3730000.0 15971.625 30007.7075 26428.6779 33586.7371 0.008 0.0071 0.009 3.8092 3.3296 4.2889 
3740000.0 16016.0 30159.1485 26577.8552 33740.4418 0.0081 0.0071 0.009 3.7105 3.3046 4.1164 
3750000.0 16063.25 30341.0485 26759.0195 33923.0775 0.0081 0.0071 0.009 3.7245 3.3178 4.1312 
3760000.0 16109.875 30526.1102 26946.9554 34105.2651 0.0081 0.0072 0.0091 3.8599 3.6012 4.1186 
3770000.0 16158.25 30696.9409 27112.9567 34280.9251 0.0081 0.0072 0.0091 3.6462 3.413 3.8795 
3780000.0 16205.125 30885.0292 27305.8896 34464.1689 0.0082 0.0072 0.0091 3.9257 3.7106 4.1409 
3790000.0 16250.0 31048.6141 27479.2325 34617.9957 0.0082 0.0073 0.0091 3.7815 3.4695 4.0935 
3800000.0 16295.0 31221.5294 27666.2808 34776.7779 0.0082 0.0073 0.0092 3.7599 3.4635 4.0563 
3810000.0 16346.375 31411.9213 27858.9472 34964.8953 0.0082 0.0073 0.0092 3.6948 3.4613 3.9282 
3820000.0 16392.0 31584.8082 28037.9582 35131.6583 0.0083 0.0073 0.0092 3.7372 3.3884 4.0861 
3830000.0 16433.625 31743.0795 28201.6435 35284.5155 0.0083 0.0074 0.0092 3.79 3.3835 4.1965 
3840000.0 16482.75 31919.7836 28379.6014 35459.9658 0.0083 0.0074 0.0092 3.677 3.1863 4.1677 
3850000.0 16530.875 32103.5964 28558.6654 35648.5274 0.0083 0.0074 0.0093 3.8069 3.4385 4.1753 
3860000.0 16572.625 32256.2802 28706.8712 35805.6893 0.0084 0.0074 0.0093 3.7484 3.3449 4.1518 
3870000.0 16620.75 32425.6855 28876.5894 35974.7816 0.0084 0.0075 0.0093 3.6276 3.1769 4.0784 
3880000.0 16668.5 32605.7714 29062.0405 36149.5022 0.0084 0.0075 0.0093 3.7362 3.274 4.1985 
3890000.0 16713.875 32793.2615 29250.1246 36336.3984 0.0084 0.0075 0.0093 3.969 3.5715 4.3665 
3900000.0 16758.25 32954.0995 29427.7027 36480.4963 0.0084 0.0075 0.0094 3.7611 3.4772 4.0451 
3910000.0 16807.75 33124.342 29602.1202 36646.5638 0.0085 0.0076 0.0094 3.5302 3.1006 3.9599 
3920000.0 16854.0 33296.4871 29774.6676 36818.3067 0.0085 0.0076 0.0094 3.6798 3.3335 4.026 
3930000.0 16898.125 33467.1524 29948.2584 36986.0463 0.0085 0.0076 0.0094 3.8052 3.512 4.0985 
3940000.0 16943.625 33646.7775 30111.8185 37181.7365 0.0085 0.0076 0.0094 3.8302 3.3262 4.3343 
3950000.0 16987.5 33816.6585 30268.1494 37365.1676 0.0086 0.0077 0.0095 3.9318 3.2909 4.5726 
3960000.0 17029.375 33992.1107 30449.0758 37535.1457 0.0086 0.0077 0.0095 4.0204 3.4207 4.62 
3970000.0 17075.375 34172.5496 30621.9997 37723.0996 0.0086 0.0077 0.0095 3.9851 3.6507 4.3195 
3980000.0 17121.625 34357.7608 30797.6333 37917.8882 0.0086 0.0077 0.0095 4.0334 3.6025 4.4643 
3990000.0 17167.5 34525.7905 30965.4764 38086.1046 0.0087 0.0078 0.0095 3.9268 3.6543 4.1992 
4000000.0 17214.875 34696.8138 31139.2195 38254.408 0.0087 0.0078 0.0096 3.698 3.208 4.188 
