10000 10 169.319 4636.894 79.392 0.3051 0 0 0 
20000 23 315.652 9095.57 141.806 0.5675 0 0 0 
30000 104 155.378 12456.907 66.432 0.5179 0 0 0 
40000 126 251.004 18138.618 127.802 0.9787 0 0 0 
50000 196 209.523 23777.661 115.584 0.8888 0 0 0 
60000 225 258.327 29976.246 150.755 1.1043 0 0 0 
70000 235 389.631 35977.671 230.474 1.6883 0 0 0 
80000 245 501.284 41557.633 289.522 2.1578 0 0 0 
90000 255 592.513 47017.02 336.596 2.5401 0 0 0 
100000 265 667.053 52879.451 383.193 2.8682 0 0 0 
110000 275 727.958 58470.944 415.032 3.1416 0 0 0 
120000 285 777.722 62676.126 415.191 3.352 0 0 0 
130000 295 818.383 67676.532 431.853 3.5281 0 0 0 
140000 306 838.682 72830.151 438.987 3.6057 0 0 0 
150000 317 856.048 79203.415 470.257 3.6857 0 0 0 
160000 327 870.745 84865.135 482.59 3.7475 0 0 0 
170000 338 888.931 89651.031 477.156 3.8345 0 0 0 
180000 348 898.033 93168.879 450.076 3.8803 0 0 0 
190000 358 916.685 97793.865 450.764 3.9568 0 0 0 
200000 369 921.392 102938.37 457.936 3.981 0 0 0 
210000 382 878.738 108282.587 443.342 3.7911 0 0 0 
220000 393 887.843 114023.397 459.52 3.8373 0 0 0 
230000 403 908.359 119148.687 472.038 3.9455 0 0 0 
240000 413 919.773 124646.152 484.104 4.0016 0 0 0 
250000 424 925.617 130966.87 505.72 4.0276 0 0 0 
260000 434 939.224 136765.021 518.397 4.0988 0 0 0 
270000 444 950.342 142650.169 530.366 4.1457 0 0 0 
280000 454 959.425 147933.733 529.445 4.2038 0 0 0 
290000 464 966.848 153633.807 536.118 4.2445 0 0 0 
300000 474 972.912 159468.076 545.777 4.2675 0 0 0 
310000 485 958.347 164639.566 530.386 4.2045 0 0 0 
320000 496 950.798 167609.473 480.692 4.188 0 0 0 
330000 506 959.798 170297.54 442.868 4.2411 0 0 0 
340000 516 967.152 174825.28 443.158 4.2796 0 0 0 
350000 526 973.161 179931.811 456.292 4.2882 0 0 0 
360000 536 968.983 183216.672 433.114 4.2771 0 0 0 
370000 546 974.657 188100.003 443.758 4.3046 0 0 0 
380000 556 979.293 193906.398 462.469 4.3245 0 0 0 
390000 566 983.081 199627.985 485.962 4.3472 0 0 0 
400000 576 986.176 204883.514 487.919 4.3506 0 0 0 
410000 586 988.704 209776.018 492.295 4.3617 0 0 0 
420000 596 990.771 215372.274 503.859 4.3697 0 0 0 
430000 606 992.459 220534.128 505.031 4.3698 0 0 0 
440000 616 993.838 226047.203 515.197 4.3833 0 0 0 
450000 626 994.966 232085.952 530.048 4.3908 0 0 0 
460000 636 995.886 237703.393 537.825 4.3989 0 0 0 
470000 646 996.639 243668.349 544.762 4.4048 0 0 0 
480000 656 997.254 249431.347 552.06 4.4109 0 0 0 
490000 666 997.756 255095.414 554.536 4.4124 0 0 0 
500000 676 998.167 260047.44 540.456 4.4198 0 0 0 
510000 686 998.502 265779.053 548.609 4.4241 0 0 0 
520000 696 998.776 271073.686 546.292 4.4309 0 0 0 
530000 706 999.0 276977.354 553.677 4.4378 0 0 0 
540000 716 999.183 281991.417 543.329 4.4441 0 0 0 
550000 726 999.332 287597.223 542.838 4.4361 0 0 0 
560000 736 999.454 293219.049 551.277 4.4365 0 0 0 
570000 746 999.554 299867.787 568.522 4.4335 0 0 0 
580000 756 999.636 305213.02 566.037 4.4283 0 0 0 
590000 767 987.659 311006.415 561.385 4.3865 0 0 0 
600000 778 975.746 316197.158 543.74 4.344 0 0 0 
610000 788 980.182 321107.698 534.634 4.3737 0 0 0 
620000 798 983.808 326756.341 538.514 4.4008 0 0 0 
630000 808 986.77 331873.682 535.719 4.4262 0 0 0 
640000 818 989.19 337449.69 538.432 4.4276 0 0 0 
650000 828 991.167 343231.891 546.057 4.4304 0 0 0 
660000 838 992.783 348615.487 544.668 4.4305 0 0 0 
670000 848 994.103 354610.395 554.419 4.4348 0 0 0 
680000 858 988.8 360300.985 553.555 4.4063 0 0 0 
690000 868 990.849 365041.436 543.832 4.4156 0 0 0 
700000 879 988.731 369578.525 521.645 4.403 0 0 0 
710000 889 990.793 374407.185 514.402 4.4082 0 0 0 
720000 899 992.477 380264.702 528.097 4.4102 0 0 0 
730000 909 993.853 386675.23 549.176 4.4141 0 0 0 
740000 919 994.977 392155.897 548.565 4.4192 0 0 0 
750000 929 995.896 397543.691 546.803 4.4191 0 0 0 
760000 939 996.647 403589.209 557.631 4.4221 0 0 0 
770000 949 997.26 410095.397 575.408 4.4196 0 0 0 
780000 959 984.61 415951.889 566.431 4.3626 0 0 0 
790000 969 987.425 421459.617 562.56 4.3849 0 0 0 
800000 979 989.225 428066.631 582.667 4.3811 0 0 0 
810000 989 991.196 433836.235 583.08 4.3913 0 0 0 
820000 999 992.807 439988.397 590.309 4.4018 0 0 0 
830000 1010 977.896 446312.871 585.557 4.3225 0 0 0 
840000 1020 981.939 451950.204 581.881 4.3493 0 0 0 
850000 1031 971.007 457486.291 570.078 4.3011 0 0 0 
860000 1044 930.285 462391.885 527.907 4.1221 0 0 0 
870000 1054 943.038 468388.433 540.54 4.1802 0 0 0 
880000 1064 953.458 474037.414 544.558 4.2231 0 0 0 
890000 1074 961.972 480379.361 560.676 4.2587 0 0 0 
900000 1084 968.928 486419.945 568.088 4.2898 0 0 0 
910000 1094 961.512 492874.095 571.976 4.2487 0 0 0 
920000 1104 968.552 498554.452 571.069 4.2782 0 0 0 
930000 1114 974.305 505049.654 585.206 4.3157 0 0 0 
940000 1125 963.043 511347.213 581.854 4.2766 0 0 0 
950000 1135 969.803 516946.675 584.487 4.3036 0 0 0 
960000 1145 975.327 523495.02 591.802 4.3173 0 0 0 
970000 1155 979.84 529924.584 601.576 4.3389 0 0 0 
980000 1165 983.528 536657.449 616.386 4.3593 0 0 0 
990000 1175 986.541 543730.487 633.106 4.3729 0 0 0 
1000000 1185 989.003 550413.275 634.865 4.3876 0 0 0 
1010000 1195 991.015 556534.497 632.601 4.4096 0 0 0 
1020000 1206 977.865 562937.251 625.185 4.3537 0 0 0 
1030000 1217 970.423 569047.33 615.545 4.3134 0 0 0 
1040000 1227 975.834 575164.305 614.022 4.3404 0 0 0 
1050000 1237 980.254 581441.042 616.107 4.3492 0 0 0 
1060000 1247 983.866 587393.901 610.944 4.3708 0 0 0 
1070000 1257 986.818 594493.793 629.762 4.3862 0 0 0 
1080000 1268 963.642 600820.559 614.17 4.2881 0 0 0 
1090000 1279 956.696 607004.012 605.006 4.2594 0 0 0 
1100000 1289 964.618 613646.3 613.281 4.2865 0 0 0 
1110000 1300 955.068 621272.543 631.002 4.2374 0 0 0 
1120000 1311 938.494 627553.837 619.941 4.1719 0 0 0 
1130000 1321 949.745 634494.382 629.999 4.218 0 0 0 
1140000 1331 958.938 642168.341 654.002 4.2636 0 0 0 
1150000 1341 966.45 648940.359 658.681 4.2921 0 0 0 
1160000 1351 972.587 655963.586 665.848 4.3124 0 0 0 
1170000 1361 977.602 663650.91 686.596 4.3344 0 0 0 
1180000 1371 981.699 669177.786 665.502 4.35 0 0 0 
1190000 1381 985.047 675783.484 663.533 4.3664 0 0 0 
1200000 1391 987.782 682919.119 672.428 4.376 0 0 0 
1210000 1401 990.017 688101.74 639.035 4.3924 0 0 0 
1220000 1411 991.843 694480.853 644.059 4.4009 0 0 0 
1230000 1421 993.335 701100.632 643.365 4.4133 0 0 0 
1240000 1431 994.554 708195.259 656.756 4.4196 0 0 0 
1250000 1441 995.551 715887.662 676.838 4.4306 0 0 0 
1260000 1451 996.364 723210.797 684.871 4.4285 0 0 0 
1270000 1461 997.03 730818.493 697.746 4.4278 0 0 0 
1280000 1471 997.573 738681.457 713.991 4.436 0 0 0 
1290000 1481 998.017 745545.37 708.08 4.4426 0 0 0 
1300000 1491 998.38 752947.099 716.404 4.4391 0 0 0 
1310000 1501 998.676 761172.915 732.337 4.4379 0 0 0 
1320000 1511 998.918 769190.541 748.79 4.4527 0 0 0 
1330000 1521 999.116 776302.249 736.637 4.4506 0 0 0 
1340000 1531 999.278 784278.896 749.57 4.458 0 0 0 
1350000 1541 999.41 790849.432 736.082 4.4683 0 0 0 
1360000 1551 999.518 797171.14 716.082 4.4643 0 0 0 
1370000 1561 999.606 804548.891 720.431 4.4598 0 0 0 
1380000 1571 999.678 811751.566 720.043 4.4699 0 0 0 
1390000 1581 999.737 819592.397 731.368 4.4625 0 0 0 
1400000 1591 999.785 828404.871 758.829 4.4613 0 0 0 
1410000 1601 999.824 836575.016 769.747 4.4622 0 0 0 
1420000 1611 999.857 844865.041 779.969 4.4706 0 0 0 
1430000 1621 999.883 853146.938 788.92 4.4693 0 0 0 
1440000 1631 999.904 861861.855 799.623 4.4753 0 0 0 
1450000 1641 999.922 868842.661 789.718 4.4784 0 0 0 
1460000 1651 999.936 876835.087 788.383 4.4802 0 0 0 
1470000 1661 999.948 885413.229 800.995 4.4859 0 0 0 
1480000 1671 999.957 893027.129 793.782 4.4908 0 0 0 
1490000 1681 999.965 901474.006 804.408 4.4855 0 0 0 
1500000 1691 999.972 909853.604 807.349 4.4891 0 0 0 
1510000 1701 999.977 918192.508 815.596 4.4954 0 0 0 
1520000 1711 999.981 927641.247 835.774 4.5007 0 0 0 
1530000 1721 999.984 938683.536 883.862 4.5017 0 0 0 
1540000 1731 999.987 947894.41 889.536 4.4984 0 0 0 
1550000 1741 999.99 958486.317 925.503 4.4869 0 0 0 
1560000 1751 999.992 967092.744 910.823 4.4942 0 0 0 
1570000 1761 999.993 974606.173 881.668 4.5108 0 0 0 
1580000 1771 999.994 983168.184 879.133 4.5003 0 0 0 
1590000 1781 999.995 991829.235 872.302 4.4943 0 0 0 
1600000 1791 999.996 997922.79 831.863 4.5078 0 0 0 
1610000 1801 999.997 1006297.78 820.491 4.5064 0 0 0 
1620000 1811 999.997 1017116.746 870.932 4.5101 0 0 0 
1630000 1821 999.998 1026630.332 887.118 4.5148 0 0 0 
1640000 1831 999.998 1035706.833 892.449 4.5206 0 0 0 
1650000 1841 999.999 1046666.084 922.627 4.5207 0 0 0 
1660000 1851 999.999 1057214.647 950.973 4.514 0 0 0 
1670000 1861 999.999 1067906.039 974.516 4.5073 0 0 0 
1680000 1871 999.999 1078222.187 986.152 4.5062 0 0 0 
1690000 1881 999.999 1091131.812 1037.202 4.5115 0 0 0 
1700000 1891 999.999 1103525.058 1074.475 4.5113 0 0 0 
1710000 1901 1000.0 1113144.189 1060.306 4.5073 0 0 0 
1720000 1911 1000.0 1123276.712 1055.922 4.5141 0 0 0 
1730000 1921 1000.0 1132651.409 1027.834 4.5208 0 0 0 
1740000 1931 1000.0 1142966.548 1026.013 4.5285 0 0 0 
1750000 1941 1000.0 1154009.997 1035.659 4.535 0 0 0 
1760000 1951 1000.0 1165234.156 1053.962 4.5306 0 0 0 
1770000 1961 1000.0 1175868.634 1058.769 4.5331 0 0 0 
1780000 1971 1000.0 1187258.315 1079.195 4.5373 0 0 0 
1790000 1981 1000.0 1199411.983 1097.809 4.5464 0 0 0 
1800000 1991 1000.0 1210925.716 1105.306 4.5509 0 0 0 
1810000 2001 1000.0 1220695.279 1090.666 4.5405 0 0 0 
1820000 2011 1000.0 1235293.451 1152.819 4.5409 0 0 0 
1830000 2021 1000.0 1245026.269 1125.251 4.5482 0 0 0 
1840000 2031 1000.0 1252878.28 1067.655 4.5495 0 0 0 
1850000 2041 1000.0 1260546.399 1014.796 4.5441 0 0 0 
1860000 2051 1000.0 1269620.868 989.828 4.5475 0 0 0 
1870000 2061 1000.0 1282274.219 1034.457 4.5459 0 0 0 
1880000 2071 1000.0 1295423.875 1097.213 4.5382 0 0 0 
1890000 2081 1000.0 1310456.708 1156.552 4.534 0 0 0 
1900000 2091 1000.0 1326100.544 1241.426 4.5308 0 0 0 
1910000 2101 1000.0 1339596.49 1264.766 4.5284 0 0 0 
1920000 2111 1000.0 1351433.805 1239.279 4.5302 0 0 0 
1930000 2121 1000.0 1363306.495 1229.781 4.5375 0 0 0 
1940000 2131 1000.0 1374967.437 1229.364 4.5362 0 0 0 
1950000 2141 1000.0 1385577.535 1187.362 4.5444 0 0 0 
1960000 2151 1000.0 1399334.8 1220.098 4.5444 0 0 0 
1970000 2161 1000.0 1413989.062 1273.779 4.5467 0 0 0 
1980000 2171 1000.0 1426682.072 1274.084 4.5451 0 0 0 
1990000 2181 1000.0 1441946.295 1313.782 4.5398 0 0 0 
2000000 2191 1000.0 1459898.027 1402.286 4.5366 0 0 0 
2010000 2201 1000.0 1476712.214 1452.453 4.5411 0 0 0 
2020000 2211 1000.0 1494826.515 1517.29 4.5487 0 0 0 
2030000 2221 1000.0 1513171.253 1579.181 4.5456 0 0 0 
2040000 2231 1000.0 1528482.821 1565.447 4.5386 0 0 0 
2050000 2241 1000.0 1546716.703 1611.403 4.5369 0 0 0 
2060000 2252 993.84 1561102.89 1576.41 4.5172 0 0 0 
2070000 2262 994.967 1579015.381 1615.699 4.5306 0 0 0 
2080000 2272 995.888 1593855.951 1590.661 4.4832 0 0 0 
2090000 2282 996.64 1611036.328 1614.588 4.4292 0 0 0 
2100000 2292 997.255 1628850.194 1646.31 4.3975 0 0 0 
2110000 2302 997.757 1645836.817 1654.897 4.3599 0 0 0 
2120000 2312 998.167 1659673.232 1603.087 4.3291 0 0 0 
2130000 2322 998.502 1674144.667 1575.218 4.2947 0 0 0 
2140000 2332 998.776 1692609.116 1624.643 4.2744 0 0 0 
2150000 2342 984.877 1710194.862 1619.656 4.2185 0 0 0 
2160000 2352 987.643 1728357.9 1654.385 4.2148 0 0 0 
2170000 2362 989.903 1746481.016 1681.52 4.2123 0 0 0 
2180000 2372 991.75 1766643.481 1742.451 4.1926 0 0 0 
2190000 2382 993.259 1786690.863 1791.683 4.1782 0 0 0 
2200000 2392 994.493 1805725.229 1812.932 4.1625 0 0 0 
2210000 2402 995.5 1822395.461 1783.092 4.1882 0 0 0 
2220000 2412 996.323 1842038.969 1815.263 4.204 0 0 0 
2230000 2422 996.996 1860087.822 1818.031 4.2074 0 0 0 
2240000 2432 997.545 1878844.824 1822.177 4.2147 0 0 0 
2250000 2442 997.994 1897892.796 1838.687 4.2093 0 0 0 
2260000 2452 998.361 1915557.692 1818.724 4.1965 0 0 0 
2270000 2462 998.661 1936135.465 1863.248 4.1846 0 0 0 
2280000 2472 998.906 1955899.329 1884.588 4.203 0 0 0 
2290000 2482 999.106 1971999.182 1855.525 4.1901 0 0 0 
2300000 2492 999.27 1991133.939 1845.501 4.1823 0 0 0 
2310000 2502 999.403 2011369.672 1882.394 4.1813 0 0 0 
2320000 2512 999.512 2031315.765 1895.429 4.2023 0 0 0 
2330000 2522 999.602 2051928.34 1924.153 4.214 0 0 0 
2340000 2532 999.674 2069765.318 1920.727 4.2084 0 0 0 
2350000 2542 999.734 2089475.86 1908.741 4.191 0 0 0 
2360000 2552 999.783 2106548.36 1898.88 4.2038 0 0 0 
2370000 2562 999.822 2124794.087 1862.602 4.1897 0 0 0 
2380000 2572 999.855 2139508.545 1812.295 4.1999 0 0 0 
2390000 2582 999.881 2150494.653 1663.458 4.2033 0 0 0 
2400000 2592 999.903 2165534.348 1634.707 4.1883 0 0 0 
2410000 2602 999.921 2177780.535 1568.744 4.2107 0 0 0 
2420000 2612 999.935 2197423.969 1637.156 4.2301 0 0 0 
2430000 2622 999.947 2213790.275 1634.903 4.2326 0 0 0 
2440000 2632 999.957 2232041.642 1671.517 4.2275 0 0 0 
2450000 2642 999.965 2247436.251 1653.28 4.2214 0 0 0 
2460000 2652 999.971 2264062.092 1649.878 4.1985 0 0 0 
2470000 2662 999.976 2278120.907 1610.124 4.1931 0 0 0 
2480000 2672 999.981 2294869.645 1635.538 4.1842 0 0 0 
2490000 2682 999.984 2311347.681 1616.645 4.1914 0 0 0 
2500000 2692 999.987 2328900.87 1656.465 4.2245 0 0 0 
2510000 2702 999.99 2342861.703 1597.288 4.2513 0 0 0 
2520000 2712 999.991 2362631.706 1667.924 4.2584 0 0 0 
2530000 2722 999.993 2382655.537 1729.881 4.261 0 0 0 
2540000 2732 999.994 2402362.678 1769.641 4.2428 0 0 0 
2550000 2742 999.995 2419183.562 1754.337 4.2347 0 0 0 
2560000 2752 999.996 2436892.428 1760.179 4.2492 0 0 0 
2570000 2762 999.997 2453454.79 1739.289 4.2381 0 0 0 
2580000 2772 999.997 2470910.869 1736.991 4.2547 0 0 0 
2590000 2782 999.998 2490884.76 1782.962 4.2392 0 0 0 
2600000 2792 999.998 2509241.557 1802.109 4.2208 0 0 0 
2610000 2802 999.999 2527744.917 1804.824 4.2285 0 0 0 
2620000 2812 999.999 2545694.64 1801.88 4.2126 0 0 0 
2630000 2822 999.999 2566119.34 1852.079 4.2108 0 0 0 
2640000 2833 992.753 2584614.934 1839.174 4.1792 0 0 0 
2650000 2844 980.34 2604104.249 1833.951 4.1229 0 0 0 
2660000 2854 983.937 2619750.832 1782.33 4.1271 0 0 0 
2670000 2864 986.875 2639842.639 1825.557 4.1279 0 0 0 
2680000 2874 989.276 2660851.505 1875.061 4.1485 0 0 0 
2690000 2884 991.238 2681211.743 1903.959 4.1623 0 0 0 
2700000 2894 982.021 2701555.503 1904.141 4.1087 0 0 0 
2710000 2904 985.102 2719750.137 1885.944 4.1315 0 0 0 
2720000 2915 968.705 2737790.364 1843.048 4.0593 0 0 0 
2730000 2925 974.43 2756386.966 1835.273 4.0908 0 0 0 
2740000 2935 979.107 2776531.28 1867.189 4.1266 0 0 0 
2750000 2945 982.929 2792017.252 1833.101 4.1417 0 0 0 
2760000 2955 986.052 2806602.73 1753.251 4.1764 0 0 0 
2770000 2965 988.603 2818395.453 1642.712 4.1833 0 0 0 
2780000 2975 990.688 2831074.529 1570.332 4.2223 0 0 0 
2790000 2985 992.392 2846228.679 1559.73 4.2358 0 0 0 
2800000 2995 993.783 2857103.194 1476.282 4.2351 0 0 0 
2810000 3005 994.921 2870321.075 1456.693 4.2619 0 0 0 
2820000 3016 984.009 2881715.866 1372.318 4.2456 0 0 0 
2830000 3026 986.934 2898685.305 1431.346 4.2296 0 0 0 
2840000 3036 989.324 2913494.053 1436.943 4.2162 0 0 0 
2850000 3046 991.277 2925387.63 1389.218 4.2309 0 0 0 
2860000 3056 992.873 2942128.582 1439.13 4.2341 0 0 0 
2870000 3066 994.177 2959139.767 1493.644 4.2413 0 0 0 
2880000 3076 995.242 2975283.927 1510.125 4.2619 0 0 0 
2890000 3086 996.112 2993387.11 1564.579 4.2724 0 0 0 
2900000 3096 996.823 3012711.445 1629.631 4.2629 0 0 0 
2910000 3106 997.405 3034079.306 1721.914 4.2519 0 0 0 
2920000 3116 997.879 3055218.812 1795.341 4.2563 0 0 0 
2930000 3126 998.267 3074786.868 1825.925 4.2462 0 0 0 
2940000 3136 998.584 3095588.961 1878.941 4.2494 0 0 0 
2950000 3146 998.843 3114022.362 1867.176 4.2585 0 0 0 
2960000 3156 999.055 3134993.195 1922.577 4.236 0 0 0 
2970000 3166 991.769 3155635.119 1919.941 4.1891 0 0 0 
2980000 3176 993.275 3174290.014 1907.583 4.1833 0 0 0 
2990000 3186 994.505 3186622.471 1808.924 4.2102 0 0 0 
3000000 3196 995.51 3203086.163 1750.895 4.2543 0 0 0 
3010000 3206 996.331 3218336.917 1705.412 4.2673 0 0 0 
3020000 3216 997.002 3235000.832 1699.191 4.2591 0 0 0 
3030000 3226 997.551 3251844.169 1694.433 4.2497 0 0 0 
3040000 3237 995.861 3271710.268 1753.998 4.2399 0 0 0 
3050000 3247 996.618 3286314.796 1707.51 4.254 0 0 0 
3060000 3257 997.237 3306092.862 1759.702 4.2539 0 0 0 
3070000 3267 997.742 3328115.621 1840.584 4.262 0 0 0 
3080000 3277 998.155 3349876.813 1902.522 4.2693 0 0 0 
3090000 3287 982.421 3370346.755 1898.254 4.2226 0 0 0 
3100000 3297 985.637 3388439.19 1914.713 4.219 0 0 0 
3110000 3307 988.264 3407512.718 1884.793 4.2208 0 0 0 
3120000 3317 990.411 3428704.865 1931.495 4.2059 0 0 0 
3130000 3327 992.165 3442530.851 1826.111 4.2203 0 0 0 
3140000 3337 993.598 3455846.752 1752.302 4.2397 0 0 0 
3150000 3347 994.769 3475979.714 1786.323 4.2308 0 0 0 
3160000 3357 995.726 3495402.035 1813.38 4.221 0 0 0 
3170000 3367 996.508 3517240.876 1883.562 4.2266 0 0 0 
3180000 3377 997.147 3536267.277 1895.815 4.216 0 0 0 
3190000 3387 997.669 3556941.803 1919.329 4.2135 0 0 0 
3200000 3397 998.095 3577172.611 1941.091 4.223 0 0 0 
3210000 3407 998.444 3597661.54 1957.091 4.2199 0 0 0 
3220000 3418 994.707 3618831.366 1986.128 4.2125 0 0 0 
3230000 3428 995.675 3639876.261 2007.288 4.2383 0 0 0 
3240000 3438 996.466 3661141.581 2026.643 4.2656 0 0 0 
3250000 3448 997.113 3683868.821 2070.323 4.2468 0 0 0 
3260000 3458 997.641 3706031.603 2098.371 4.2327 0 0 0 
3270000 3468 998.072 3728613.399 2127.974 4.2355 0 0 0 
3280000 3478 998.425 3750487.96 2140.099 4.2297 0 0 0 
3290000 3488 998.713 3772437.92 2146.755 4.2379 0 0 0 
3300000 3498 998.948 3795409.003 2174.311 4.2558 0 0 0 
3310000 3508 999.141 3816789.271 2167.935 4.251 0 0 0 
3320000 3518 999.298 3833782.834 2080.957 4.2588 0 0 0 
3330000 3529 969.272 3849378.484 1930.814 4.1313 0 0 0 
3340000 3539 974.893 3866747.202 1890.447 4.1549 0 0 0 
3350000 3549 979.486 3887973.676 1932.972 4.1681 0 0 0 
3360000 3559 983.238 3903248.007 1865.866 4.3303 0 0 0 
3370000 3569 986.305 3923663.556 1887.234 4.4536 0 0 0 
3380000 3579 988.81 3944745.033 1929.579 4.4294 0 0 0 
3390000 3589 990.857 3966262.518 1971.839 4.403 0 0 0 
3400000 3599 992.529 3988112.453 2009.815 4.3968 0 0 0 
3410000 3609 993.896 4010519.435 2050.401 4.3719 0 0 0 
3420000 3619 995.013 4031386.558 2056.714 4.3709 0 0 0 
3430000 3629 995.925 4051673.134 2054.684 4.3729 0 0 0 
3440000 3639 996.67 4073286.529 2075.919 4.3513 0 0 0 
3450000 3649 997.279 4093759.853 2067.286 4.3299 0 0 0 
3460000 3659 997.777 4115296.728 2091.005 4.3155 0 0 0 
3470000 3669 998.184 4137643.814 2110.193 4.2906 0 0 0 
3480000 3679 998.516 4158948.959 2124.98 4.3181 0 0 0 
3490000 3689 998.787 4179921.532 2111.922 4.3153 0 0 0 
3500000 3699 999.009 4198871.69 2068.541 4.3162 0 0 0 
3510000 3709 999.19 4218176.335 2050.423 4.4197 0 0 0 
3520000 3719 999.339 4234253.778 1965.654 4.4863 0 0 0 
3530000 3729 999.46 4252364.97 1936.6 4.4807 0 0 0 
3540000 3739 999.558 4269345.26 1907.988 4.4365 0 0 0 
3550000 3749 999.639 4287316.808 1870.505 4.4302 0 0 0 
3560000 3759 999.705 4305187.453 1850.96 4.3971 0 0 0 
3570000 3769 999.759 4324828.481 1876.007 4.369 0 0 0 
3580000 3779 999.803 4345394.017 1907.292 4.3543 0 0 0 
3590000 3789 999.839 4366084.537 1935.482 4.3314 0 0 0 
3600000 3799 999.869 4386885.395 1961.986 4.3235 0 0 0 
3610000 3809 999.893 4405180.229 1932.809 4.3096 0 0 0 
3620000 3819 999.912 4426935.747 1976.266 4.3084 0 0 0 
3630000 3829 999.928 4445448.38 1958.169 4.2962 0 0 0 
3640000 3839 999.941 4463874.945 1938.445 4.3219 0 0 0 
3650000 3849 999.952 4480649.907 1889.812 4.304 0 0 0 
3660000 3859 999.961 4500887.124 1910.935 4.2957 0 0 0 
3670000 3869 999.968 4518248.704 1876.409 4.3075 0 0 0 
3680000 3879 999.974 4538057.923 1891.047 4.299 0 0 0 
3690000 3891 968.756 4556871.532 1827.956 4.168 0 0 0 
3700000 3901 974.472 4574113.505 1809.855 4.1881 0 0 0 
3710000 3911 979.141 4590064.172 1771.536 4.2631 0 0 0 
3720000 3921 982.957 4609909.386 1805.956 4.2525 0 0 0 
3730000 3931 986.075 4630586.652 1853.063 4.2456 0 0 0 
3740000 3941 988.622 4649718.647 1863.928 4.2624 0 0 0 
3750000 3951 990.703 4669712.132 1890.886 4.2769 0 0 0 
3760000 3961 992.404 4684239.059 1811.068 4.2939 0 0 0 
3770000 3971 993.793 4702080.805 1808.981 4.31 0 0 0 
3780000 3981 994.929 4719026.232 1786.816 4.2887 0 0 0 
3790000 3991 995.856 4739689.762 1841.852 4.2728 0 0 0 
3800000 4001 996.614 4759048.328 1855.677 4.2773 0 0 0 
3810000 4011 997.234 4777589.342 1863.554 4.2635 0 0 0 
3820000 4021 997.74 4795131.23 1840.22 4.27 0 0 0 
3830000 4031 993.344 4808018.649 1733.623 4.2511 0 0 0 
3840000 4041 994.562 4830027.68 1807.681 4.2722 0 0 0 
3850000 4051 995.557 4851489.236 1881.45 4.2559 0 0 0 
3860000 4061 996.369 4872691.032 1916.661 4.2953 0 0 0 
3870000 4071 997.034 4893313.901 1944.955 4.2822 0 0 0 
3880000 4081 997.576 4915908.775 1997.267 4.2831 0 0 0 
3890000 4091 998.02 4936796.863 2016.139 4.2942 0 0 0 
3900000 4101 998.382 4956933.011 2018.577 4.2909 0 0 0 
3910000 4111 998.678 4978020.83 2030.736 4.2956 0 0 0 
3920000 4121 998.92 5000121.548 2064.586 4.2944 0 0 0 
3930000 4131 999.117 5022126.367 2086.765 4.28 0 0 0 
3940000 4141 999.279 5041289.993 2050.791 4.2654 0 0 0 
3950000 4151 999.411 5060068.917 2022.892 4.2703 0 0 0 
3960000 4161 999.519 5081017.084 2027.705 4.2552 0 0 0 
3970000 4171 999.607 5103893.497 2081.21 4.2516 0 0 0 
3980000 4181 999.679 5125343.0 2092.904 4.2551 0 0 0 
3990000 4191 999.737 5148596.487 2136.194 4.2852 0 0 0 
4000000 4201 999.785 5171465.579 2163.125 4.2834 0 0 0 
