1000 127 7.32 -119.0 -0.88 0.0126 0 0 0 0.0 0.1987641 
2000 254 7.901 -238.0 -0.954 0.0088 0 0 0 0.0 0.1898719 
3000 379 7.992 -363.0 -0.996 0.0086 0 0 0 0.0 0.1980739 
4000 506 7.815 -482.0 -0.933 0.0083 0 0 0 0.0 0.1973347 
5000 633 7.909 -603.0 -0.947 0.0083 0 0 0 0.0 0.1782324 
6000 759 7.865 -723.0 -0.938 0.0083 0 0 0 0.0 0.2046406 
7000 889 7.749 -839.0 -0.9 0.0113 0 0 0 0.0 0.2003307 
8000 1015 7.932 -957.0 -0.928 0.0111 0 0 0 0.0 0.1886894 
9000 1140 7.899 -1080.0 -0.956 0.0199 0 0 0 0.0 0.2009162 
10000 1268 7.746 -1198.0 -0.872 0.0265 0 0 0 0.0 0.2105207 
11000 1393 7.953 -1321.0 -0.972 0.0176 0 0 0 0.0 0.1858743 
12000 1519 7.899 -1439.0 -0.914 0.0244 0 0 0 0.0 0.17285 
13000 1646 7.942 -1560.0 -0.97 0.0133 0 0 0 0.0 0.1896832 
14000 1773 7.88 -1675.0 -0.914 0.0158 0 0 0 0.0 0.192554 
15000 1900 7.813 -1794.0 -0.916 0.0121 0 0 0 0.0 0.2019601 
16000 2026 7.926 -1916.0 -0.966 0.0137 0 0 0 0.0 0.1954117 
17000 2156 7.739 -2030.0 -0.877 0.0315 0 0 0 0.1022214 0.0576907 
18000 2282 7.887 -2146.0 -0.926 0.0266 0 0 0 0.0870389 0.0405659 
19000 2409 7.854 -2267.0 -0.945 0.0285 0 0 0 0.0766153 0.0218427 
20000 2537 7.796 -2387.0 -0.923 0.0318 0 0 0 0.064573 0.0117236 
21000 2663 7.948 -2507.0 -0.972 0.0569 0 0 0 0.0600281 0.0075789 
22000 2789 7.974 -2629.0 -0.985 0.0456 0 0 0 0.0629817 0.0068967 
23000 2916 7.927 -2752.0 -0.975 0.0352 0 0 0 0.0583951 0.0060031 
24000 3043 7.931 -2871.0 -0.96 0.0378 0 0 0 0.0596899 0.0055512 
25000 3169 7.97 -2993.0 -0.987 0.0356 0 0 0 0.0588455 0.0052525 
26000 3295 7.952 -3111.0 -0.959 0.0312 0 0 0 0.0614109 0.0056136 
27000 3424 7.621 -3224.0 -0.835 0.029 0 0 0 0.0586153 0.0056529 
28000 3550 7.928 -3346.0 -0.966 0.0285 0 0 0 0.0582487 0.0046327 
29000 3676 7.975 -3464.0 -0.98 0.0292 0 0 0 0.0580813 0.0048878 
30000 3804 7.807 -3584.0 -0.93 0.029 0 0 0 0.0594818 0.0053406 
31000 3929 7.905 -3705.0 -0.934 0.0291 0 0 0 0.0594101 0.0049929 
32000 4055 7.956 -3823.0 -0.953 0.0343 0 0 0 0.0569653 0.0049795 
33000 4180 7.996 -3948.0 -0.996 0.0327 0 0 0 0.059779 0.0057885 
34000 4307 7.949 -4069.0 -0.947 0.0309 0 0 0 0.0574256 0.0051909 
35000 4433 7.955 -4191.0 -0.976 0.0286 0 0 0 0.0607097 0.0054009 
36000 4559 7.968 -4315.0 -0.989 0.03 0 0 0 0.0578598 0.0053422 
37000 4685 7.874 -4435.0 -0.941 0.0336 0 0 0 0.0597038 0.0050452 
38000 4811 7.954 -4557.0 -0.979 0.0299 0 0 0 0.0548361 0.0047344 
39000 4936 7.961 -4680.0 -0.975 0.0314 0 0 0 0.0572104 0.0041934 
40000 5064 7.868 -4796.0 -0.885 0.0297 0 0 0 0.0585576 0.0047402 
41000 5190 7.908 -4916.0 -0.95 0.0329 0 0 0 0.059879 0.0050309 
42000 5315 7.989 -5039.0 -0.99 0.0371 0 0 0 0.0608485 0.0047807 
43000 5443 7.925 -5159.0 -0.967 0.0435 0 0 0 0.0549143 0.0041833 
44000 5572 7.765 -5274.0 -0.902 0.0499 0 0 0 0.0600903 0.0044591 
45000 5700 7.855 -5390.0 -0.916 0.0325 0 0 0 0.0590783 0.004797 
46000 5828 7.826 -5504.0 -0.907 0.0333 0 0 0 0.0616197 0.0054409 
47000 5955 7.885 -5625.0 -0.939 0.0368 0 0 0 0.058224 0.0049354 
48000 6081 7.947 -5747.0 -0.97 0.0348 0 0 0 0.0579158 0.0046781 
49000 6208 7.837 -5864.0 -0.925 0.0294 0 0 0 0.0604822 0.0046831 
50000 6333 7.974 -5985.0 -0.982 0.0288 0 0 0 0.0606351 0.0048063 
51000 6461 7.835 -6103.0 -0.94 0.0316 0 0 0 0.0574476 0.004509 
52000 6588 7.884 -6220.0 -0.926 0.0313 0 0 0 0.0609904 0.0054592 
53000 6714 7.88 -6344.0 -0.957 0.0332 0 0 0 0.0589524 0.0050759 
54000 6839 7.99 -6469.0 -0.997 0.0298 0 0 0 0.059229 0.0058857 
55000 6965 7.982 -6589.0 -0.968 0.0291 0 0 0 0.0577864 0.0041363 
56000 7092 7.939 -6706.0 -0.949 0.0301 0 0 0 0.0619994 0.0049339 
57000 7218 7.941 -6826.0 -0.965 0.0344 0 0 0 0.062917 0.0053579 
58000 7346 7.803 -6944.0 -0.915 0.0313 0 0 0 0.0581299 0.0047755 
59000 7474 7.789 -7060.0 -0.884 0.0298 0 0 0 0.0585183 0.005069 
60000 7601 7.827 -7179.0 -0.922 0.029 0 0 0 0.0577026 0.0048874 
61000 7730 7.679 -7294.0 -0.854 0.0354 0 0 0 0.0585823 0.0049441 
62000 7856 7.929 -7414.0 -0.96 0.0337 0 0 0 0.0622014 0.0054632 
63000 7983 7.869 -7529.0 -0.887 0.0349 0 0 0 0.0572856 0.0047046 
64000 8109 7.892 -7653.0 -0.952 0.0303 0 0 0 0.0583348 0.0043577 
65000 8236 7.9 -7774.0 -0.97 0.0294 0 0 0 0.0578127 0.0045851 
66000 8365 7.854 -7893.0 -0.946 0.0312 0 0 0 0.0620811 0.0049882 
67000 8492 7.888 -8016.0 -0.967 0.0352 0 0 0 0.0585693 0.0045938 
68000 8619 7.733 -8133.0 -0.883 0.0416 0 0 0 0.0581123 0.004358 
69000 8746 7.889 -8250.0 -0.908 0.0319 0 0 0 0.0608781 0.0041782 
70000 8874 7.889 -8370.0 -0.955 0.0329 0 0 0 0.0584974 0.0052417 
71000 9000 7.844 -8490.0 -0.929 0.031 0 0 0 0.0574315 0.0043874 
72000 9127 7.854 -8611.0 -0.956 0.0365 0 0 0 0.06138 0.0045956 
73000 9253 7.935 -8729.0 -0.939 0.0408 0 0 0 0.0566808 0.0044438 
74000 9378 7.995 -8850.0 -0.985 0.0365 0 0 0 0.0554426 0.0039856 
75000 9505 7.905 -8971.0 -0.954 0.0299 0 0 0 0.0631869 0.0048588 
76000 9631 7.981 -9093.0 -0.978 0.0291 0 0 0 0.0596383 0.0046187 
77000 9758 7.865 -9212.0 -0.93 0.0285 0 0 0 0.0553644 0.0042763 
78000 9886 7.684 -9330.0 -0.884 0.0278 0 0 0 0.058578 0.0042569 
79000 10015 7.803 -9441.0 -0.893 0.0312 0 0 0 0.0592964 0.0049473 
80000 10141 7.908 -9563.0 -0.945 0.0298 0 0 0 0.0549497 0.004497 
81000 10269 7.804 -9677.0 -0.896 0.0307 0 0 0 0.061361 0.0054687 
82000 10396 7.821 -9800.0 -0.934 0.0315 0 0 0 0.0584667 0.0045354 
83000 10522 7.886 -9922.0 -0.957 0.0308 0 0 0 0.0623698 0.0046016 
84000 10649 7.8 -10039.0 -0.913 0.0312 0 0 0 0.0557948 0.0041488 
85000 10777 7.841 -10157.0 -0.931 0.0318 0 0 0 0.0585061 0.0044493 
86000 10904 7.829 -10276.0 -0.942 0.0376 0 0 0 0.0616692 0.0046398 
87000 11031 7.868 -10395.0 -0.939 0.0324 0 0 0 0.058331 0.0045607 
88000 11157 7.923 -10517.0 -0.971 0.0316 0 0 0 0.0607074 0.0048013 
89000 11284 7.872 -10636.0 -0.924 0.0308 0 0 0 0.0605072 0.0048014 
90000 11410 7.912 -10758.0 -0.956 0.03 0 0 0 0.0601417 0.0047501 
91000 11539 7.784 -10871.0 -0.891 0.0306 0 0 0 0.0612133 0.004884 
92000 11669 7.655 -10985.0 -0.865 0.0404 0 0 0 0.0593469 0.0046622 
93000 11796 7.813 -11106.0 -0.93 0.0331 0 0 0 0.0585453 0.0046338 
94000 11924 7.895 -11224.0 -0.938 0.0307 0 0 0 0.0587101 0.0048133 
95000 12051 7.896 -11335.0 -0.89 0.0315 0 0 0 0.0630043 0.0051787 
96000 12177 7.966 -11453.0 -0.937 0.0346 0 0 0 0.0572883 0.0051585 
97000 12306 7.784 -11568.0 -0.906 0.0312 0 0 0 0.0586643 0.0051943 
98000 12435 7.796 -11683.0 -0.927 0.0298 0 0 0 0.0570391 0.004548 
99000 12564 7.758 -11798.0 -0.903 0.0304 0 0 0 0.0602508 0.0046428 
100000 12690 7.938 -11916.0 -0.946 0.0317 0 0 0 0.0631692 0.004838 
101000 12820 7.827 -12028.0 -0.924 0.0328 0 0 0 0.0593791 0.0047467 
102000 12948 7.919 -12142.0 -0.922 0.0327 0 0 0 0.0627345 0.005918 
103000 13074 7.921 -12262.0 -0.919 0.0304 0 0 0 0.0604892 0.0048647 
104000 13204 7.694 -12374.0 -0.857 0.0322 0 0 0 0.0607997 0.0052015 
105000 13332 7.746 -12492.0 -0.879 0.0294 0 0 0 0.0589618 0.005506 
106000 13460 7.869 -12606.0 -0.916 0.0299 0 0 0 0.0566577 0.0043285 
107000 13588 7.857 -12720.0 -0.896 0.0312 0 0 0 0.0597861 0.0045835 
108000 13719 7.688 -12827.0 -0.817 0.0289 0 0 0 0.0582319 0.0056031 
109000 13852 7.594 -12934.0 -0.839 0.0293 0 0 0 0.0607958 0.005693 
110000 13984 7.599 -13036.0 -0.792 0.0324 0 0 0 0.0652249 0.0062768 
111000 14115 7.617 -13141.0 -0.772 0.0293 0 0 0 0.0609744 0.0061406 
112000 14244 7.716 -13246.0 -0.788 0.0381 0 0 0 0.0613561 0.006289 
113000 14375 7.717 -13351.0 -0.852 0.0345 0 0 0 0.0593675 0.0054336 
114000 14504 7.752 -13458.0 -0.841 0.0332 0 0 0 0.0622027 0.0045479 
115000 14638 7.378 -13554.0 -0.69 0.0455 0 0 0 0.060832 0.0046055 
116000 14771 7.562 -13645.0 -0.722 0.0487 0 0 0 0.0601707 0.0054003 
117000 14904 7.526 -13742.0 -0.717 0.033 0 0 0 0.0585028 0.0046064 
118000 15041 7.242 -13825.0 -0.583 0.0284 0 0 0 0.06344 0.0048411 
119000 15174 7.561 -13916.0 -0.675 0.0296 0 0 0 0.0610995 0.0055413 
120000 15313 7.338 -13991.0 -0.596 0.027 0 0 0 0.0632014 0.00537 
121000 15448 7.336 -14082.0 -0.667 0.0307 0 0 0 0.0639256 0.0053584 
122000 15585 7.352 -14171.0 -0.678 0.0295 0 0 0 0.0613335 0.0066905 
123000 15719 7.458 -14259.0 -0.694 0.0351 0 0 0 0.0611978 0.0049434 
124000 15857 7.182 -14333.0 -0.458 0.0376 0 0 0 0.0613838 0.0068917 
125000 15998 6.962 -14396.0 -0.466 0.0288 0 0 0 0.0613986 0.0059921 
126000 16141 6.998 -14447.0 -0.325 0.0429 0 0 0 0.0626125 0.0077126 
127000 16291 6.778 -14479.0 -0.236 0.0967 0 0 0 0.0595222 0.0055164 
128000 16444 6.566 -14508.0 -0.212 0.0542 0 0 0 0.0611397 0.0058313 
129000 16597 6.284 -14517.0 0.119 0.055 0 0 0 0.0631345 0.006347 
130000 16758 6.427 -14512.0 0.01 0.0514 0 0 0 0.063678 0.0083267 
131000 16922 6.123 -14500.0 0.095 0.0445 0 0 0 0.0647645 0.0060227 
132000 17086 5.85 -14472.0 0.233 0.0485 0 0 0 0.0680629 0.0070717 
133000 17258 5.663 -14418.0 0.371 0.0301 0 0 0 0.0680185 0.007306 
134000 17440 5.535 -14336.0 0.536 0.0337 0 0 0 0.0658677 0.0099608 
135000 17630 5.085 -14248.0 0.536 0.0229 0 0 0 0.0677818 0.0087756 
136000 17819 5.392 -14147.0 0.542 0.0239 0 0 0 0.0721247 0.0106924 
137000 18000 5.539 -14066.0 0.398 0.0242 0 0 0 0.0711528 0.0109054 
138000 18200 4.934 -13950.0 0.575 0.0223 0 0 0 0.0700849 0.0134361 
139000 18402 5.082 -13818.0 0.608 0.0268 0 0 0 0.0700321 0.0135777 
140000 18600 5.037 -13688.0 0.682 0.0273 0 0 0 0.0734966 0.0114492 
141000 18800 4.871 -13548.0 0.758 0.028 0 0 0 0.0765751 0.0127739 
142000 19008 4.958 -13392.0 0.782 0.0251 0 0 0 0.0791308 0.0147221 
143000 19219 4.654 -13235.0 0.809 0.0225 0 0 0 0.0802622 0.013268 
144000 19427 4.9 -13085.0 0.67 0.0242 0 0 0 0.0788344 0.0155852 
145000 19635 4.923 -12927.0 0.762 0.0222 0 0 0 0.0798586 0.0169679 
146000 19836 4.92 -12772.0 0.761 0.0236 0 0 0 0.0795496 0.0164776 
147000 20042 4.76 -12636.0 0.714 0.0369 0 0 0 0.0790961 0.0195672 
148000 20251 4.712 -12481.0 0.842 0.0261 0 0 0 0.0807573 0.0210425 
149000 20457 4.554 -12321.0 0.822 0.0315 0 0 0 0.0805599 0.0216646 
150000 20666 4.607 -12164.0 0.821 0.0238 0 0 0 0.0806179 0.023102 
151000 20864 4.914 -12038.0 0.692 0.034 0 0 0 0.0783354 0.0235526 
152000 21069 4.828 -11907.0 0.673 0.0249 0 0 0 0.0777203 0.0285273 
153000 21279 4.729 -11755.0 0.727 0.0331 0 0 0 0.0769525 0.027288 
154000 21483 4.827 -11605.0 0.796 0.0278 0 0 0 0.0781303 0.0256284 
155000 21702 4.996 -11446.0 0.65 0.0223 0 0 0 0.0748506 0.0251464 
156000 21917 4.404 -11275.0 0.82 0.0272 0 0 0 0.0790132 0.0291757 
