10000 11 178.019 2721.275 48.474 0.1988 0 0 0 
20000 21 327.142 5447.851 88.866 0.3651 0 0 0 
30000 122 114.08 7235.436 27.433 0.2894 0 0 0 
40000 359 51.558 10051.927 18.09 0.1725 0 0 0 
50000 846 20.265 14374.222 8.734 0.0663 0 0 0 
60000 1006 99.227 19217.704 51.286 0.3428 0 0 0 
70000 1369 20.135 23673.635 8.851 0.0684 0 0 0 
80000 1460 155.27 28245.817 70.65 0.5385 0 0 0 
90000 1473 298.527 32306.514 127.696 1.0257 0 0 0 
100000 1488 387.592 37099.505 176.627 1.3208 0 0 0 
110000 1507 424.864 40482.181 174.136 1.4605 0 0 0 
120000 1521 505.081 44090.602 197.535 1.7417 0 0 0 
130000 1535 563.197 46515.05 193.434 1.937 0 0 0 
140000 1548 598.48 49434.823 195.614 2.0563 0 0 0 
150000 1559 663.36 51939.391 203.292 2.2845 0 0 0 
160000 1569 724.941 55058.957 224.678 2.5021 0 0 0 
170000 1587 671.429 58080.712 205.606 2.3083 0 0 0 
180000 1601 682.02 62467.866 232.185 2.3425 0 0 0 
190000 1613 702.501 65606.039 235.968 2.4168 0 0 0 
200000 1644 536.442 69628.082 190.574 1.8427 0 0 0 
210000 1677 443.656 73698.237 166.098 1.5358 0 0 0 
220000 1691 505.466 76855.435 178.838 1.7623 0 0 0 
230000 1702 588.951 80034.207 202.161 2.0702 0 0 0 
240000 1712 654.813 84746.772 245.438 2.3081 0 0 0 
250000 1748 467.771 89733.37 195.6 1.6518 0 0 0 
260000 1758 565.13 94025.961 238.449 2.0017 0 0 0 
270000 1776 568.024 97941.135 234.467 2.0095 0 0 0 
280000 1786 647.044 102001.318 264.592 2.2863 0 0 0 
290000 1811 555.91 106428.51 232.664 1.9624 0 0 0 
300000 1826 585.551 109900.343 232.003 2.0624 0 0 0 
310000 1836 660.305 113819.197 260.633 2.336 0 0 0 
320000 1846 722.444 118275.903 294.876 2.5603 0 0 0 
330000 1856 773.217 122303.158 314.943 2.7479 0 0 0 
340000 1867 802.087 126204.468 322.857 2.8491 0 0 0 
350000 1877 838.29 129675.867 326.753 2.9812 0 0 0 
360000 1887 853.369 132425.94 313.201 3.0414 0 0 0 
370000 1899 865.502 135227.719 300.827 3.0814 0 0 0 
380000 1909 879.553 139308.354 315.271 3.1352 0 0 0 
390000 1920 895.308 144317.903 349.302 3.1946 0 0 0 
400000 1930 914.459 149160.235 373.665 3.2618 0 0 0 
410000 1940 930.107 153902.189 392.615 3.3033 0 0 0 
420000 1951 923.252 159372.533 411.55 3.2666 0 0 0 
430000 1961 932.132 163706.731 414.214 3.2859 0 0 0 
440000 1971 944.547 168027.883 415.948 3.327 0 0 0 
450000 1981 954.69 173331.879 437.193 3.3527 0 0 0 
460000 1993 928.725 178624.552 437.677 3.2625 0 0 0 
470000 2004 926.8 184315.851 454.837 3.2582 0 0 0 
480000 2038 598.046 189889.276 300.895 2.0987 0 0 0 
490000 2073 457.228 193601.149 206.621 1.5945 0 0 0 
500000 2104 384.094 197731.972 170.287 1.3436 0 0 0 
510000 2117 478.84 201437.944 198.503 1.6742 0 0 0 
520000 2127 574.174 204744.945 222.971 2.0082 0 0 0 
530000 2137 648.273 207747.299 235.198 2.2663 0 0 0 
540000 2148 707.488 212074.538 270.059 2.4928 0 0 0 
550000 2160 725.813 217074.851 297.409 2.5636 0 0 0 
560000 2170 775.969 220973.952 314.716 2.7531 0 0 0 
570000 2180 816.95 224896.38 329.075 2.8991 0 0 0 
580000 2191 840.837 229883.438 355.202 2.9902 0 0 0 
590000 2201 869.952 233924.982 364.693 3.0892 0 0 0 
600000 2213 861.091 238298.068 364.438 3.0566 0 0 0 
610000 2228 813.875 243263.947 356.366 2.8851 0 0 0 
620000 2238 836.397 247786.121 369.756 2.961 0 0 0 
630000 2248 866.325 252354.43 386.663 3.0711 0 0 0 
640000 2258 890.778 257303.225 406.872 3.1387 0 0 0 
650000 2268 910.757 261984.544 417.125 3.1953 0 0 0 
660000 2278 927.082 267021.28 434.867 3.2424 0 0 0 
670000 2289 934.77 271194.04 427.655 3.2605 0 0 0 
680000 2299 934.531 276225.24 434.324 3.2554 0 0 0 
690000 2309 946.507 280525.178 435.895 3.2945 0 0 0 
700000 2320 949.103 285472.065 442.718 3.3005 0 0 0 
710000 2330 958.414 290463.166 452.353 3.3308 0 0 0 
720000 2340 966.021 295373.416 458.792 3.3511 0 0 0 
730000 2351 958.268 299079.973 436.246 3.3191 0 0 0 
740000 2361 950.102 302848.791 419.073 3.2921 0 0 0 
750000 2375 899.203 306918.313 390.43 3.1105 0 0 0 
760000 2386 905.841 311378.547 398.007 3.1189 0 0 0 
770000 2398 897.783 314933.53 377.716 3.1027 0 0 0 
780000 2408 909.084 319236.303 385.124 3.151 0 0 0 
790000 2423 855.859 323579.53 364.344 2.9642 0 0 0 
800000 2435 850.746 328050.741 365.715 2.9441 0 0 0 
810000 2445 878.048 332192.858 374.941 3.0483 0 0 0 
820000 2455 891.517 336737.327 385.285 3.083 0 0 0 
830000 2467 885.909 340852.718 379.387 3.0741 0 0 0 
840000 2477 906.779 344924.842 384.643 3.1438 0 0 0 
850000 2487 923.832 349727.876 402.818 3.1962 0 0 0 
860000 2497 937.765 354136.786 409.688 3.2385 0 0 0 
870000 2507 949.15 358998.647 423.431 3.2804 0 0 0 
880000 2517 958.452 363993.233 437.732 3.3101 0 0 0 
890000 2527 959.722 368479.966 439.277 3.3146 0 0 0 
900000 2538 952.546 372770.956 429.633 3.2928 0 0 0 
910000 2549 949.412 376885.845 421.597 3.2788 0 0 0 
920000 2559 958.666 381595.377 430.661 3.3041 0 0 0 
930000 2569 966.227 384232.602 399.875 3.3437 0 0 0 
940000 2579 972.405 386942.419 375.48 3.3503 0 0 0 
950000 2589 977.453 390920.36 379.933 3.3767 0 0 0 
960000 2599 979.714 395359.413 390.913 3.393 0 0 0 
970000 2609 983.425 400453.78 411.99 3.4087 0 0 0 
980000 2619 986.457 405299.364 425.333 3.4192 0 0 0 
990000 2629 988.934 409864.34 431.244 3.4333 0 0 0 
1000000 2639 990.959 414824.006 443.018 3.4386 0 0 0 
1010000 2649 992.612 419754.868 451.702 3.4454 0 0 0 
1020000 2659 993.964 423685.773 442.149 3.4475 0 0 0 
1030000 2669 995.068 428526.589 449.769 3.4531 0 0 0 
1040000 2679 995.97 433735.31 463.289 3.4628 0 0 0 
1050000 2689 996.707 437958.347 456.21 3.4672 0 0 0 
1060000 2699 997.31 442939.432 463.951 3.4684 0 0 0 
1070000 2710 980.689 447320.562 451.353 3.4145 0 0 0 
1080000 2720 984.222 452127.092 456.031 3.4234 0 0 0 
1090000 2730 987.108 456775.026 458.254 3.433 0 0 0 
1100000 2740 982.163 462005.779 466.246 3.4149 0 0 0 
1110000 2750 985.426 467036.131 474.344 3.3536 0 0 0 
1120000 2760 988.092 471971.909 476.602 3.3018 0 0 0 
1130000 2771 976.925 476218.766 461.451 3.2868 0 0 0 
1140000 2781 981.146 480948.186 462.684 3.3169 0 0 0 
1150000 2791 984.595 486168.111 473.094 3.3444 0 0 0 
1160000 2801 987.413 491835.705 489.496 3.3661 0 0 0 
1170000 2811 989.715 497669.155 507.007 3.3815 0 0 0 
1180000 2821 991.597 503633.043 522.555 3.3948 0 0 0 
1190000 2831 993.134 509691.97 538.492 3.4078 0 0 0 
1200000 2842 968.643 515227.213 528.936 3.3304 0 0 0 
1210000 2852 974.379 520684.087 532.734 3.3538 0 0 0 
1220000 2870 862.936 525597.999 461.607 2.9817 0 0 0 
1230000 2887 785.852 530472.788 411.258 2.7167 0 0 0 
1240000 2900 779.003 534594.527 389.262 2.7039 0 0 0 
1250000 2911 796.702 539412.724 395.371 2.7695 0 0 0 
1260000 2922 814.115 544144.131 398.664 2.8328 0 0 0 
1270000 2932 848.1 549551.798 422.495 2.9579 0 0 0 
1280000 2942 875.886 554546.625 439.259 3.0589 0 0 0 
1290000 2952 898.59 558906.302 434.351 3.1387 0 0 0 
1300000 2962 917.141 564348.16 458.218 3.2016 0 0 0 
1310000 2972 932.298 569363.391 465.411 3.2578 0 0 0 
1320000 2982 944.683 574316.35 472.027 3.304 0 0 0 
1330000 2993 941.572 579252.463 468.554 3.2865 0 0 0 
1340000 3003 952.26 585005.512 487.762 3.3212 0 0 0 
1350000 3013 960.993 590118.971 490.059 3.3485 0 0 0 
1360000 3025 941.665 595308.673 483.947 3.2731 0 0 0 
1370000 3035 941.82 601494.187 498.694 3.2751 0 0 0 
1380000 3050 879.489 607263.358 476.062 3.0634 0 0 0 
1390000 3060 901.534 612525.94 486.062 3.1515 0 0 0 
1400000 3071 908.415 618356.536 497.119 3.1779 0 0 0 
1410000 3082 900.099 623010.354 479.29 3.1439 0 0 0 
1420000 3093 897.187 627830.84 470.277 3.1397 0 0 0 
1430000 3103 915.994 632485.214 466.438 3.2089 0 0 0 
1440000 3114 915.021 638541.529 480.936 3.1957 0 0 0 
1450000 3124 930.566 644207.765 497.284 3.2498 0 0 0 
1460000 3134 943.267 649959.034 511.888 3.2892 0 0 0 
1470000 3144 953.645 656093.897 528.544 3.3165 0 0 0 
1480000 3154 962.125 662661.682 553.437 3.3536 0 0 0 
1490000 3165 965.85 669745.056 581.379 3.3625 0 0 0 
1500000 3175 972.097 676248.667 593.932 3.3752 0 0 0 
1510000 3185 966.396 682933.396 599.298 3.3543 0 0 0 
1520000 3196 957.523 688950.875 591.166 3.3224 0 0 0 
1530000 3206 965.293 695061.465 595.747 3.3473 0 0 0 
1540000 3216 971.642 700574.185 587.348 3.3636 0 0 0 
1550000 3226 976.829 705551.531 569.629 3.3695 0 0 0 
1560000 3238 937.714 711967.816 561.85 3.2338 0 0 0 
1570000 3249 937.019 717369.99 550.002 3.2267 0 0 0 
1580000 3259 948.54 723146.304 551.019 3.2729 0 0 0 
1590000 3270 940.563 729017.07 550.064 3.2464 0 0 0 
1600000 3280 951.436 735455.034 565.336 3.2864 0 0 0 
1610000 3290 960.319 741211.581 568.094 3.3089 0 0 0 
1620000 3300 967.578 748352.56 593.747 3.3436 0 0 0 
1630000 3311 964.638 755839.174 616.422 3.3253 0 0 0 
1640000 3321 971.107 763355.038 641.174 3.3435 0 0 0 
1650000 3331 976.392 771428.438 672.302 3.3674 0 0 0 
1660000 3341 980.711 779655.915 699.441 3.3777 0 0 0 
1670000 3351 984.239 787428.92 714.488 3.3835 0 0 0 
1680000 3361 983.282 794738.687 712.638 3.3844 0 0 0 
1690000 3371 986.34 802572.749 726.358 3.4049 0 0 0 
1700000 3382 969.794 810654.557 728.497 3.3527 0 0 0 
1710000 3393 964.745 818514.245 732.255 3.34 0 0 0 
1720000 3403 953.155 826535.142 727.41 3.2981 0 0 0 
1730000 3415 939.204 835734.881 746.417 3.2421 0 0 0 
1740000 3425 950.325 843891.636 761.406 3.2762 0 0 0 
1750000 3435 959.412 854580.657 817.579 3.3002 0 0 0 
1760000 3445 966.837 863405.797 829.151 3.3258 0 0 0 
1770000 3455 972.903 872684.83 848.742 3.3652 0 0 0 
1780000 3465 977.86 881336.042 852.488 3.3947 0 0 0 
1790000 3475 981.91 890967.964 872.405 3.4012 0 0 0 
1800000 3485 985.219 901360.914 898.564 3.4153 0 0 0 
1810000 3495 987.923 910974.357 914.027 3.4288 0 0 0 
1820000 3505 990.132 919889.977 906.233 3.4387 0 0 0 
1830000 3515 991.937 929389.344 915.067 3.4487 0 0 0 
1840000 3525 993.412 938922.001 923.191 3.4556 0 0 0 
1850000 3535 994.617 948829.898 936.613 3.4563 0 0 0 
1860000 3545 995.602 956676.217 908.677 3.4578 0 0 0 
1870000 3555 996.406 965912.685 907.663 3.4662 0 0 0 
1880000 3565 997.064 974206.28 893.68 3.4505 0 0 0 
1890000 3575 997.601 984552.428 921.752 3.4486 0 0 0 
1900000 3585 998.04 994498.943 935.522 3.446 0 0 0 
1910000 3595 998.398 1003697.98 933.344 3.447 0 0 0 
1920000 3605 998.691 1013669.386 946.895 3.4575 0 0 0 
1930000 3615 998.931 1023846.743 959.087 3.4517 0 0 0 
1940000 3625 999.126 1035881.127 1000.957 3.4454 0 0 0 
1950000 3635 999.286 1048164.643 1044.571 3.4408 0 0 0 
1960000 3645 990.927 1061175.185 1080.423 3.4126 0 0 0 
1970000 3655 992.587 1073472.162 1105.9 3.4122 0 0 0 
1980000 3665 993.943 1083948.607 1099.747 3.4175 0 0 0 
1990000 3675 995.051 1095550.424 1108.964 3.4229 0 0 0 
2000000 3685 995.956 1106667.587 1103.874 3.4239 0 0 0 
2010000 3695 996.696 1118084.985 1117.489 3.42 0 0 0 
2020000 3705 997.3 1130254.553 1130.857 3.4279 0 0 0 
2030000 3715 997.794 1142826.281 1158.743 3.4265 0 0 0 
2040000 3725 998.198 1155340.916 1181.549 3.4257 0 0 0 
2050000 3735 998.527 1166473.547 1178.894 3.4434 0 0 0 
2060000 3745 998.797 1179168.159 1180.482 3.445 0 0 0 
2070000 3755 999.017 1192843.151 1218.157 3.4444 0 0 0 
2080000 3765 999.197 1206359.832 1233.763 3.4345 0 0 0 
2090000 3775 999.344 1219205.185 1247.117 3.435 0 0 0 
2100000 3785 999.464 1231196.164 1240.869 3.44 0 0 0 
2110000 3795 999.562 1242875.153 1224.897 3.4306 0 0 0 
2120000 3805 999.642 1255796.179 1234.46 3.4328 0 0 0 
2130000 3816 988.156 1266675.046 1202.713 3.3976 0 0 0 
2140000 3826 990.322 1277849.669 1183.777 3.4036 0 0 0 
2150000 3836 992.093 1289664.429 1183.178 3.4069 0 0 0 
2160000 3846 993.539 1304061.545 1228.339 3.405 0 0 0 
2170000 3856 994.721 1318443.212 1275.021 3.4113 0 0 0 
2180000 3866 995.687 1333899.376 1315.838 3.4179 0 0 0 
2190000 3876 996.476 1348374.923 1341.667 3.4212 0 0 0 
2200000 3886 997.12 1361444.456 1335.516 3.4285 0 0 0 
2210000 3896 997.647 1374116.006 1326.447 3.429 0 0 0 
2220000 3906 998.078 1389310.306 1361.568 3.4314 0 0 0 
2230000 3916 998.429 1404178.628 1382.726 3.435 0 0 0 
2240000 3926 998.717 1420597.728 1426.912 3.4347 0 0 0 
2250000 3936 998.951 1438092.122 1485.736 3.4313 0 0 0 
2260000 3946 999.143 1455169.025 1526.253 3.4246 0 0 0 
2270000 3956 999.3 1471538.151 1557.506 3.4126 0 0 0 
2280000 3966 999.428 1487668.95 1560.151 3.4129 0 0 0 
2290000 3977 987.176 1502937.288 1535.043 3.3721 0 0 0 
2300000 3987 989.522 1517830.812 1525.839 3.3904 0 0 0 
2310000 3997 991.438 1533405.375 1529.895 3.3989 0 0 0 
2320000 4007 993.004 1548749.838 1530.732 3.3987 0 0 0 
2330000 4017 994.284 1566344.611 1572.549 3.3984 0 0 0 
2340000 4027 995.33 1582552.087 1580.063 3.4028 0 0 0 
2350000 4037 996.184 1598922.208 1588.938 3.4037 0 0 0 
2360000 4047 996.882 1616140.694 1613.174 3.4049 0 0 0 
2370000 4057 997.452 1633589.577 1635.884 3.4064 0 0 0 
2380000 4067 997.918 1650340.258 1647.825 3.4056 0 0 0 
2390000 4077 998.299 1666780.673 1646.18 3.4119 0 0 0 
2400000 4087 998.61 1680537.224 1597.478 3.41 0 0 0 
2410000 4097 998.865 1698398.311 1631.113 3.4121 0 0 0 
2420000 4107 999.072 1715772.945 1651.626 3.4264 0 0 0 
2430000 4117 999.242 1733163.537 1669.157 3.4271 0 0 0 
2440000 4127 999.381 1752062.013 1707.852 3.4271 0 0 0 
2450000 4137 999.494 1768795.862 1702.43 3.433 0 0 0 
2460000 4147 999.587 1784572.494 1680.212 3.438 0 0 0 
2470000 4157 999.662 1801255.37 1678.234 3.4416 0 0 0 
2480000 4167 999.724 1819328.661 1703.531 3.4369 0 0 0 
2490000 4177 999.774 1837305.223 1718.374 3.4432 0 0 0 
2500000 4187 999.816 1855489.724 1738.757 3.4508 0 0 0 
2510000 4197 999.849 1874903.592 1773.885 3.4423 0 0 0 
2520000 4207 999.877 1893733.83 1794.162 3.441 0 0 0 
2530000 4217 999.899 1912263.096 1803.708 3.4465 0 0 0 
2540000 4227 988.384 1931244.501 1800.277 3.4067 0 0 0 
2550000 4237 990.509 1948927.663 1793.699 3.4038 0 0 0 
2560000 4247 992.245 1964629.646 1773.11 3.4061 0 0 0 
2570000 4257 993.664 1983336.782 1776.711 3.4168 0 0 0 
2580000 4267 994.823 2000994.759 1777.478 3.4219 0 0 0 
2590000 4277 995.77 2020243.154 1796.882 3.4201 0 0 0 
2600000 4287 996.544 2039968.477 1836.069 3.4173 0 0 0 
2610000 4297 997.176 2058679.532 1837.009 3.4256 0 0 0 
2620000 4307 997.693 2076500.507 1830.988 3.4289 0 0 0 
2630000 4317 998.115 2092559.299 1793.864 3.4318 0 0 0 
2640000 4327 998.46 2110320.226 1783.194 3.4379 0 0 0 
2650000 4337 998.741 2127965.974 1780.255 3.4438 0 0 0 
2660000 4347 998.972 2144586.249 1764.302 3.4384 0 0 0 
2670000 4357 999.16 2161481.356 1751.581 3.436 0 0 0 
2680000 4367 999.313 2179554.517 1762.888 3.4342 0 0 0 
2690000 4377 999.439 2198198.011 1778.662 3.4333 0 0 0 
2700000 4387 999.542 2216854.407 1789.304 3.4374 0 0 0 
2710000 4397 999.625 2230788.488 1717.945 3.427 0 0 0 
2720000 4408 985.893 2248249.0 1701.435 3.3801 0 0 0 
2730000 4418 988.474 2267471.11 1741.629 3.3843 0 0 0 
2740000 4428 990.582 2286511.138 1772.089 3.3945 0 0 0 
2750000 4438 992.305 2304136.155 1770.753 3.4051 0 0 0 
2760000 4449 978.368 2323004.615 1766.082 3.3538 0 0 0 
2770000 4459 982.325 2342412.035 1794.962 3.3631 0 0 0 
2780000 4469 985.559 2362033.653 1826.751 3.3749 0 0 0 
2790000 4479 988.2 2381555.128 1851.573 3.3817 0 0 0 
2800000 4489 990.359 2401374.218 1874.922 3.3895 0 0 0 
2810000 4499 992.122 2420350.603 1878.848 3.3951 0 0 0 
2820000 4509 993.563 2441440.324 1921.692 3.3952 0 0 0 
2830000 4519 994.741 2460229.196 1932.686 3.3981 0 0 0 
2840000 4529 995.703 2475721.357 1850.183 3.4179 0 0 0 
2850000 4539 996.489 2490987.96 1790.115 3.4183 0 0 0 
2860000 4549 997.131 2511413.212 1838.463 3.4218 0 0 0 
2870000 4559 997.656 2529403.783 1826.274 3.4266 0 0 0 
2880000 4569 998.085 2548605.726 1844.544 3.4201 0 0 0 
2890000 4579 998.435 2569002.734 1879.623 3.4214 0 0 0 
2900000 4589 998.721 2589597.004 1916.614 3.4251 0 0 0 
2910000 4599 998.955 2610110.211 1946.575 3.431 0 0 0 
2920000 4609 999.146 2630705.609 1959.786 3.4296 0 0 0 
2930000 4619 999.303 2651371.063 1981.433 3.4349 0 0 0 
2940000 4629 999.43 2671854.587 1990.26 3.437 0 0 0 
2950000 4639 999.534 2692699.79 2008.25 3.4409 0 0 0 
2960000 4649 999.62 2712052.633 1995.107 3.4344 0 0 0 
2970000 4659 999.689 2732053.724 1999.75 3.4318 0 0 0 
2980000 4670 983.581 2751623.536 1957.666 3.3797 0 0 0 
2990000 4680 986.585 2772383.455 1980.983 3.3925 0 0 0 
3000000 4690 989.039 2791574.927 1969.6 3.4043 0 0 0 
3010000 4700 991.044 2812004.234 1980.433 3.4187 0 0 0 
3020000 4710 992.682 2830920.278 1964.069 3.4176 0 0 0 
3030000 4720 994.021 2851102.75 1975.583 3.4216 0 0 0 
3040000 4730 995.115 2870472.288 1967.012 3.4335 0 0 0 
3050000 4740 996.008 2890683.094 1976.455 3.4329 0 0 0 
3060000 4750 996.738 2911299.896 1992.225 3.4312 0 0 0 
3070000 4760 997.335 2932865.659 2021.712 3.43 0 0 0 
3080000 4770 997.823 2951751.412 2001.633 3.4334 0 0 0 
3090000 4780 998.221 2971233.848 1990.765 3.4352 0 0 0 
3100000 4790 998.546 2990242.34 1972.909 3.4444 0 0 0 
3110000 4800 998.812 3006659.458 1915.724 3.4385 0 0 0 
3120000 4810 999.03 3027531.511 1946.872 3.439 0 0 0 
3130000 4820 999.207 3045806.491 1930.182 3.4392 0 0 0 
3140000 4830 999.352 3061713.252 1870.037 3.4412 0 0 0 
3150000 4840 999.471 3078570.715 1833.305 3.4429 0 0 0 
3160000 4850 999.567 3100181.982 1891.621 3.4384 0 0 0 
3170000 4860 999.647 3119814.53 1906.2 3.4351 0 0 0 
3180000 4870 999.711 3139526.151 1914.53 3.4343 0 0 0 
3190000 4880 999.764 3157843.238 1899.692 3.4369 0 0 0 
3200000 4890 999.807 3175275.69 1874.19 3.44 0 0 0 
3210000 4900 999.842 3194481.18 1879.29 3.4391 0 0 0 
3220000 4910 999.871 3213526.258 1882.651 3.4396 0 0 0 
3230000 4920 999.895 3234472.966 1923.717 3.4344 0 0 0 
3240000 4930 999.914 3253909.416 1924.524 3.4418 0 0 0 
3250000 4940 999.93 3272358.351 1909.273 3.4325 0 0 0 
3260000 4950 999.943 3291293.662 1908.066 3.432 0 0 0 
3270000 4961 986.897 3310231.331 1880.097 3.3842 0 0 0 
3280000 4971 989.294 3329676.992 1892.448 3.3919 0 0 0 
3290000 4981 991.252 3346672.083 1857.799 3.3974 0 0 0 
3300000 4991 992.852 3365946.206 1871.198 3.3979 0 0 0 
3310000 5001 994.16 3383659.626 1856.301 3.4031 0 0 0 
3320000 5011 995.228 3402706.661 1864.001 3.4149 0 0 0 
3330000 5021 996.101 3420739.898 1851.991 3.4189 0 0 0 
3340000 5031 996.814 3437505.664 1821.735 3.4219 0 0 0 
3350000 5041 997.397 3457773.684 1859.746 3.4191 0 0 0 
3360000 5051 997.873 3476590.827 1862.139 3.4186 0 0 0 
3370000 5061 998.262 3497613.646 1905.273 3.4181 0 0 0 
3380000 5071 998.58 3515810.158 1888.923 3.4215 0 0 0 
3390000 5081 998.84 3534022.17 1874.272 3.4283 0 0 0 
3400000 5091 999.052 3550293.711 1826.666 3.4378 0 0 0 
3410000 5101 999.225 3569879.022 1852.526 3.4362 0 0 0 
3420000 5111 999.367 3589304.501 1867.845 3.4372 0 0 0 
3430000 5121 999.483 3609643.369 1898.347 3.429 0 0 0 
3440000 5131 999.578 3630495.15 1933.349 3.4293 0 0 0 
3450000 5141 999.655 3649717.361 1930.054 3.4311 0 0 0 
3460000 5151 999.718 3671058.938 1966.455 3.4266 0 0 0 
3470000 5161 999.77 3692726.159 2003.562 3.4304 0 0 0 
3480000 5171 999.812 3714289.976 2031.743 3.4268 0 0 0 
3490000 5181 999.846 3735223.929 2044.013 3.4371 0 0 0 
3500000 5191 999.874 3756285.955 2055.795 3.4359 0 0 0 
3510000 5201 999.897 3777606.845 2069.438 3.4364 0 0 0 
3520000 5211 999.916 3796066.193 2029.707 3.444 0 0 0 
