10000 20 156.947 4749.251 73.87 0.1724 0 0 0 0.0 0.0 0.0 0.0 0.0 
20000 43 257.605 9202.877 117.814 0.2826 0 0 0 0.0 0.0 0.0 0.0 0.0 
30000 63 349.137 11256.209 117.678 1.7738 0 0 0 0.0039408 -1.5365884 0.031028 0.0687631 0.0270301 
40000 79 440.803 14530.196 145.73 3.0221 0 0 0 0.0044888 -2.8049152 0.0534018 0.0662362 0.0255068 
50000 160 185.168 19860.451 84.6 1.5045 0 0 0 0.0032696 -4.5275725 0.08444 0.0604978 0.0226225 
60000 189 260.617 25274.692 133.194 2.3052 0 0 0 0.0027519 -6.4051085 0.1304669 0.0524535 0.0196 
70000 199 395.87 30551.497 204.734 3.5755 0 0 0 0.0031446 -8.1179065 0.2151957 0.0494819 0.0178046 
80000 209 506.382 35840.263 263.559 4.6161 0 0 0 0.0031402 -9.8636114 0.2965225 0.04789 0.0173242 
90000 219 596.678 40747.152 305.223 5.4688 0 0 0 0.0026347 -11.5369193 0.3224697 0.0453047 0.0158088 
100000 229 670.457 46642.564 357.242 6.1684 0 0 0 0.002835 -13.2750745 0.3906206 0.0444629 0.015756 
110000 239 730.739 52432.274 397.568 6.7605 0 0 0 0.0025483 -15.1746211 0.297661 0.0437304 0.0160125 
120000 249 779.994 57502.47 418.129 7.2484 0 0 0 0.0021079 -17.0966942 0.2798965 0.0415868 0.0152279 
130000 259 820.239 62305.767 429.168 7.6823 0 0 0 0.0024364 -19.1939436 0.4740701 0.0406209 0.014397 
140000 269 853.122 68461.82 463.135 8.0 0 0 0 0.0030721 -21.0971648 1.1375975 0.0420472 0.016649 
150000 279 879.99 74912.555 496.737 8.2564 0 0 0 0.0024187 -23.0464807 0.8553301 0.0379314 0.0138317 
160000 289 901.943 80999.195 517.345 8.4635 0 0 0 0.0021804 -24.919814 0.8641493 0.0390763 0.0153084 
170000 299 919.881 87386.439 539.462 8.6288 0 0 0 0.0024681 -26.710756 1.5514198 0.0383115 0.0145439 
180000 309 934.537 92752.065 538.963 8.7569 0 0 0 0.0018098 -28.4392223 1.0942843 0.0356511 0.012749 
190000 319 946.512 98218.492 540.195 8.8574 0 0 0 0.0025872 -30.3090431 1.72701 0.0366562 0.0139318 
200000 329 956.296 103114.318 530.574 8.9414 0 0 0 0.0019136 -31.951833 0.8578958 0.0345801 0.0123006 
210000 339 964.291 108002.856 523.584 9.0128 0 0 0 0.0018393 -33.53713 1.2337455 0.0349351 0.0134604 
220000 349 959.327 113286.175 518.519 8.9693 0 0 0 0.0027847 -34.9138876 3.1017704 0.0332017 0.0129833 
230000 359 966.767 117301.296 495.862 9.0369 0 0 0 0.0016681 -37.049343 1.4049646 0.0326419 0.0114521 
240000 371 940.374 120940.798 458.461 8.7982 0 0 0 0.0015364 -38.6428007 1.1881523 0.0341908 0.0123736 
250000 381 951.281 125254.491 452.819 8.8877 0 0 0 0.0012227 -40.1489263 0.4589393 0.0317585 0.0111881 
260000 391 960.193 130170.448 457.474 8.9766 0 0 0 0.0023971 -41.7070262 3.2886982 0.0335735 0.0130155 
270000 401 967.475 134921.188 461.22 9.0516 0 0 0 0.0018567 -43.1872686 2.4012887 0.0330825 0.0123354 
280000 411 973.425 140260.657 474.822 9.1136 0 0 0 0.0017823 -44.6471661 1.6833604 0.0333717 0.012207 
290000 421 978.286 144450.798 464.808 9.1659 0 0 0 0.0019002 -45.9812447 1.3136693 0.033386 0.0131393 
300000 431 982.258 148474.741 451.097 9.2057 0 0 0 0.0017567 -47.4156402 2.474915 0.0315615 0.0120722 
310000 441 985.504 153343.055 457.703 9.2477 0 0 0 0.0020781 -48.6618073 3.2224741 0.0331668 0.0127048 
320000 451 988.155 158417.561 467.445 9.2665 0 0 0 0.0015314 -49.6741056 1.580843 0.0328178 0.0123197 
330000 461 983.164 163006.412 461.932 9.2182 0 0 0 0.0019259 -50.5489682 3.2516337 0.0343317 0.0130574 
340000 471 986.244 167267.49 460.68 9.2462 0 0 0 0.0018138 -51.5135649 2.9107171 0.0349718 0.014103 
350000 482 971.639 171465.187 444.591 9.1131 0 0 0 0.0020692 -53.0314528 3.4551174 0.0352678 0.0138301 
360000 493 963.576 175647.858 432.813 9.0312 0 0 0 0.0022151 -53.8821952 4.1025336 0.0373543 0.0155621 
370000 503 970.239 180374.778 438.217 9.0887 0 0 0 0.0026008 -54.9228071 3.9756688 0.0377373 0.0156909 
380000 513 975.683 185417.303 450.359 9.1476 0 0 0 0.0022406 -56.2760407 3.3871023 0.0366809 0.0157046 
390000 523 980.131 190544.172 461.454 9.1879 0 0 0 0.0023788 -57.3898034 4.2463235 0.0359059 0.0138843 
400000 533 983.766 195961.257 477.346 9.218 0 0 0 0.0024783 -58.87023 5.7405834 0.0377941 0.0156029 
410000 543 986.736 201215.54 486.077 9.2439 0 0 0 0.001976 -60.2213484 3.8067637 0.0352728 0.0136982 
420000 553 989.162 205255.163 474.117 9.2686 0 0 0 0.001879 -61.7635645 3.8935093 0.0355254 0.0147545 
430000 564 976.459 209113.659 449.543 9.1564 0 0 0 0.0015092 -63.240165 2.3992346 0.0333948 0.0134176 
440000 574 980.766 213392.775 442.688 9.2029 0 0 0 0.001743 -64.6150604 4.3748635 0.0327423 0.0131585 
450000 587 923.144 218605.83 429.549 8.659 0 0 0 0.0018928 -65.9446419 5.0379972 0.0340932 0.0151125 
460000 597 937.203 223306.06 437.252 8.7951 0 0 0 0.0021804 -67.0157212 5.4711528 0.0339281 0.0140263 
470000 607 948.69 228238.466 447.212 8.8991 0 0 0 0.001681 -68.3124335 3.4910307 0.03437 0.0136059 
480000 617 958.076 232889.298 452.68 8.9909 0 0 0 0.0020718 -69.1314132 6.646522 0.0336402 0.0136572 
490000 627 965.745 237302.164 449.532 9.0702 0 0 0 0.001822 -69.976184 3.630459 0.0346607 0.0139827 
500000 637 972.011 241886.385 450.356 9.1478 0 0 0 0.0018809 -70.7539121 4.5372988 0.0340814 0.0144909 
510000 647 977.131 246705.556 457.318 9.2474 0 0 0 0.0020755 -71.3421032 5.0607183 0.0363212 0.0158161 
520000 658 977.353 251433.354 458.279 9.3015 0 0 0 0.0023689 -71.8783309 8.0351148 0.0331628 0.0138295 
530000 668 981.496 255746.313 453.534 9.3842 0 0 0 0.0016444 -72.2249998 3.3773351 0.0334998 0.01434 
540000 678 984.881 260532.162 458.174 9.4529 0 0 0 0.0014082 -72.7713351 1.1348895 0.0317714 0.0127114 
550000 688 976.766 265263.418 457.28 9.4012 0 0 0 0.0020251 -73.0166805 5.6626671 0.0337185 0.0143226 
560000 699 968.123 268462.095 424.29 9.3356 0 0 0 0.0018725 -73.4168563 4.8824085 0.0332869 0.0133249 
570000 711 939.321 271576.934 388.819 9.0576 0 0 0 0.002281 -74.248922 9.4581823 0.0328715 0.0142195 
580000 729 822.302 275457.127 331.934 7.9098 0 0 0 0.0023756 -74.5200778 7.1527119 0.032829 0.0133682 
590000 739 854.808 280658.646 368.561 8.1839 0 0 0 0.0016922 -74.8467114 2.3736471 0.0339577 0.0152114 
600000 749 881.367 285611.139 392.471 8.4015 0 0 0 0.0026959 -75.0100559 6.1726761 0.0357359 0.0150212 
610000 760 895.07 291386.298 423.173 8.4977 0 0 0 0.0020289 -75.5335725 6.2571849 0.0340152 0.0143577 
620000 770 914.265 296463.755 436.514 8.6609 0 0 0 0.0025385 -75.6136454 9.5228739 0.0349645 0.0144369 
630000 780 929.948 301525.545 453.769 8.7896 0 0 0 0.0021617 -76.0308753 6.1101803 0.0349559 0.0151808 
640000 791 926.387 305765.734 438.606 8.7359 0 0 0 0.0021009 -76.4637248 5.2510319 0.0365872 0.015344 
650000 802 926.754 309720.963 423.984 8.7304 0 0 0 0.0024538 -76.6276157 7.3434188 0.035702 0.0155467 
660000 814 901.336 314393.865 413.494 8.4769 0 0 0 0.0023308 -76.9892415 5.9775158 0.0366622 0.0159861 
670000 825 901.409 318770.363 408.779 8.4651 0 0 0 0.0022647 -77.2354053 5.9695731 0.0363963 0.0157282 
680000 837 890.655 323373.712 406.527 8.3569 0 0 0 0.0024529 -77.4493344 5.8986978 0.0382395 0.0166789 
690000 847 910.657 328341.923 424.72 8.5366 0 0 0 0.0019989 -77.9480907 5.1570443 0.0365272 0.0157843 
700000 857 927.001 333120.234 434.23 8.688 0 0 0 0.0017112 -78.0303312 3.7515821 0.038206 0.0170779 
710000 867 940.354 336682.436 419.393 8.81 0 0 0 0.002594 -78.3707037 10.5468664 0.0384486 0.0175277 
720000 877 951.265 341029.316 421.82 8.9194 0 0 0 0.001683 -78.4565792 3.6085081 0.036095 0.0154654 
730000 888 943.922 344745.988 405.655 8.8499 0 0 0 0.0023229 -78.6148707 7.0158292 0.0371835 0.0170252 
740000 898 954.18 349033.973 409.123 8.9455 0 0 0 0.0021316 -78.8929485 6.0041328 0.0361741 0.0155134 
750000 908 962.562 353359.736 413.769 9.0192 0 0 0 0.0018748 -78.9843608 5.6355653 0.0364255 0.0151084 
760000 918 969.41 357302.294 408.97 9.0775 0 0 0 0.0019801 -79.2504445 9.3363736 0.0365329 0.0163397 
770000 928 975.006 362614.608 431.864 9.1322 0 0 0 0.0024999 -79.2388165 9.1338237 0.0362901 0.0165789 
780000 938 979.578 367224.848 437.304 9.1736 0 0 0 0.0017721 -79.6210578 6.1891783 0.035745 0.015515 
790000 948 983.314 372359.012 450.919 9.2013 0 0 0 0.002114 -79.7882847 7.5902238 0.0350339 0.0149657 
800000 958 986.366 376799.705 450.278 9.2378 0 0 0 0.0021785 -80.0407513 9.1195368 0.0353969 0.0158235 
810000 968 988.86 382616.921 473.567 9.2518 0 0 0 0.0016562 -80.2749797 6.4575542 0.0338789 0.0142474 
820000 978 990.898 387666.568 481.589 9.2745 0 0 0 0.0021031 -80.5063338 6.7233052 0.0361431 0.0149551 
830000 988 989.78 391736.952 467.321 9.2669 0 0 0 0.0014086 -80.769783 2.3451271 0.0376738 0.0169586 
840000 999 973.738 396354.871 455.963 9.1226 0 0 0 0.0024952 -80.969055 8.1551814 0.0391844 0.0172898 
850000 1010 957.887 400436.815 438.594 8.9883 0 0 0 0.0019702 -81.2288732 4.8320184 0.0386949 0.0171464 
860000 1020 965.591 405243.029 444.32 9.0617 0 0 0 0.0017933 -81.4200703 3.4511747 0.0375363 0.0160237 
870000 1030 969.167 410277.174 455.642 9.0827 0 0 0 0.0022599 -81.4433252 6.5251731 0.0405689 0.0179959 
880000 1041 968.73 414865.511 452.678 9.0741 0 0 0 0.0022733 -81.7116137 6.9800206 0.0408796 0.0180342 
890000 1051 974.451 418589.384 437.58 9.1259 0 0 0 0.0021871 -81.5797891 6.6624584 0.0391414 0.0165168 
900000 1061 973.129 422460.408 425.38 9.1209 0 0 0 0.0025129 -81.7347568 5.6656352 0.0408925 0.0177582 
910000 1071 978.044 426722.017 425.327 9.1685 0 0 0 0.0024797 -81.9276156 5.3098922 0.0398181 0.017543 
920000 1081 975.36 431888.588 436.959 9.144 0 0 0 0.002602 -82.3191139 7.4902892 0.0418837 0.0184443 
930000 1092 974.469 436914.07 449.504 9.1403 0 0 0 0.0026061 -82.6953415 7.1568121 0.043125 0.0191222 
940000 1102 964.469 442040.291 454.585 9.0417 0 0 0 0.0033773 -83.0305313 11.0274437 0.0438882 0.0189775 
950000 1113 956.293 447787.699 468.013 8.9689 0 0 0 0.0029597 -83.3037595 8.83668 0.0445069 0.0193732 
960000 1125 930.697 453161.769 463.991 8.7263 0 0 0 0.0029885 -83.8298579 8.3201302 0.0465579 0.0204132 
970000 1140 870.667 458101.269 431.818 8.1714 0 0 0 0.0024364 -84.2290685 2.9096722 0.0469708 0.0208189 
980000 1151 882.716 463336.144 443.653 8.284 0 0 0 0.0024106 -84.7635228 1.9833427 0.0464635 0.0204973 
990000 1161 904.17 468014.57 448.474 8.4928 0 0 0 0.0029107 -85.0932869 7.422176 0.0460339 0.0207685 
1000000 1171 921.7 473475.001 466.257 8.6406 0 0 0 0.0032431 -85.2149961 7.8230179 0.0478277 0.0219591 
1010000 1181 936.023 479145.416 484.137 8.7779 0 0 0 0.0028255 -85.5903198 4.1341326 0.048132 0.021406 
1020000 1191 947.726 484537.665 494.326 8.8875 0 0 0 0.0029702 -85.961351 7.1017148 0.0457168 0.0204962 
1030000 1201 957.289 490128.456 506.263 8.9809 0 0 0 0.002621 -86.4937781 7.9047909 0.0456073 0.0207181 
1040000 1211 956.662 495299.648 503.683 8.971 0 0 0 0.0026874 -86.8147984 3.6805392 0.0441069 0.0194181 
1050000 1221 964.589 500416.516 504.114 9.0502 0 0 0 0.0024966 -87.2658395 5.7697706 0.044274 0.020191 
1060000 1231 971.067 506205.269 518.453 9.1076 0 0 0 0.0023053 -87.6641741 4.5971911 0.0419207 0.0186872 
1070000 1243 949.49 511714.662 509.639 8.9144 0 0 0 0.0028646 -87.7792398 5.8730266 0.0435006 0.0201269 
1080000 1255 926.326 517034.294 495.853 8.6953 0 0 0 0.0026274 -88.2638059 7.9324006 0.0408643 0.0182394 
1090000 1265 939.803 522166.335 498.598 8.8174 0 0 0 0.0022489 -88.9605805 4.2627667 0.0415106 0.0177337 
1100000 1275 950.815 527090.805 498.299 8.9222 0 0 0 0.0031878 -89.0169696 8.6098064 0.0442604 0.0196321 
1110000 1285 959.812 532156.66 500.056 9.0035 0 0 0 0.003405 -89.2733673 14.3639916 0.043027 0.0190791 
1120000 1296 949.078 537461.571 496.302 8.9021 0 0 0 0.0023293 -89.5115315 5.0636324 0.043017 0.0183288 
1130000 1307 933.678 543217.413 495.402 8.7527 0 0 0 0.0024711 -89.8464671 8.6472167 0.0430534 0.0185423 
1140000 1318 935.919 548730.402 503.516 8.7798 0 0 0 0.0026659 -90.0568507 7.9082986 0.0445861 0.0199967 
1150000 1328 936.165 554309.923 509.644 8.7809 0 0 0 0.0029842 -90.3661729 10.1760147 0.0449783 0.0196447 
1160000 1338 947.842 560015.409 520.094 8.8882 0 0 0 0.0018972 -90.3594089 2.8875709 0.0438088 0.0185962 
1170000 1349 950.868 565553.858 521.567 8.9137 0 0 0 0.0022714 -90.7154913 7.7013512 0.0427843 0.0182147 
1180000 1359 959.856 571049.826 527.028 9.0044 0 0 0 0.0022602 -90.6983239 9.5078223 0.0443005 0.0185816 
1190000 1369 955.047 576756.23 526.945 8.9514 0 0 0 0.0023042 -90.7252082 7.1114082 0.0441136 0.0189768 
1200000 1381 936.255 582053.433 512.597 8.7715 0 0 0 0.0022448 -90.9590317 3.0776428 0.0445841 0.018425 
1210000 1391 947.915 587270.762 515.559 8.8752 0 0 0 0.0028499 -91.1834016 14.9388806 0.0468413 0.0206907 
1220000 1401 957.443 592644.583 520.08 8.9628 0 0 0 0.0029674 -91.3241663 7.6800791 0.0461477 0.0203695 
1230000 1411 965.228 598138.594 524.492 9.0393 0 0 0 0.0023199 -91.7841283 7.0653409 0.0460897 0.0189444 
1240000 1422 953.325 604265.419 530.065 8.9281 0 0 0 0.0033431 -92.0510825 6.8780013 0.0492697 0.0212889 
1250000 1432 961.863 610337.632 542.976 9.0101 0 0 0 0.0028406 -92.1608498 9.2775872 0.0510261 0.0222111 
1260000 1442 962.38 616722.05 558.034 9.0053 0 0 0 0.0026981 -92.9726874 5.704656 0.0530639 0.0235517 
1270000 1453 961.135 623873.496 581.468 8.9932 0 0 0 0.0024793 -93.1948674 4.5802846 0.0539672 0.0232539 
1280000 1463 966.588 630915.985 603.591 9.0433 0 0 0 0.0036791 -93.7299516 12.5449619 0.0561399 0.0240303 
1290000 1473 972.7 638094.222 623.814 9.1034 0 0 0 0.0029368 -94.3525547 7.681132 0.0568138 0.0243542 
1300000 1483 977.694 644771.149 631.076 9.1434 0 0 0 0.0026292 -95.6210958 5.6861459 0.0598944 0.025879 
1310000 1493 981.774 651451.399 637.743 9.1889 0 0 0 0.0044868 -96.170683 19.9993754 0.0619486 0.0262279 
1320000 1503 985.108 657957.303 640.54 9.2186 0 0 0 0.0030614 -96.9786517 8.5149412 0.0614523 0.0263371 
1330000 1513 987.832 664707.551 647.56 9.2374 0 0 0 0.0033402 -97.5475173 8.2292453 0.0639105 0.0277321 
1340000 1523 977.592 670454.271 631.017 9.1447 0 0 0 0.0029715 -98.1886716 6.9036524 0.062489 0.0269112 
1350000 1533 981.691 676183.58 618.504 9.1861 0 0 0 0.0035538 -98.8677852 13.9611243 0.0625877 0.0266773 
1360000 1543 985.04 682282.862 611.214 9.2145 0 0 0 0.003421 -100.1228598 10.9421472 0.0631425 0.0270015 
1370000 1553 987.661 688929.14 622.18 9.2414 0 0 0 0.0033975 -100.7463319 6.6783625 0.0649305 0.0283444 
1380000 1564 980.558 695177.508 617.269 9.1827 0 0 0 0.0030279 -101.5464585 10.2016814 0.0645099 0.0271573 
1390000 1575 965.662 701596.033 612.498 9.0473 0 0 0 0.0032415 -102.4118422 9.2868096 0.0661546 0.0291348 
1400000 1586 953.396 708174.06 603.919 8.9358 0 0 0 0.0035245 -103.2432116 14.9750706 0.0628246 0.0267739 
1410000 1596 955.49 715131.023 617.213 8.9605 0 0 0 0.0035037 -103.7640874 13.6489101 0.064843 0.0269925 
1420000 1606 963.632 721651.237 625.627 9.0413 0 0 0 0.0031754 -104.3441362 8.2615098 0.0675875 0.0291396 
1430000 1616 970.284 727846.622 623.777 9.0949 0 0 0 0.0034401 -104.6784335 15.6726248 0.0662195 0.0283167 
1440000 1626 975.72 734312.126 627.413 9.1394 0 0 0 0.0032796 -105.4875937 13.3551971 0.0664981 0.0279522 
1450000 1636 980.162 741909.328 651.561 9.1786 0 0 0 0.0033352 -106.1080652 11.4995355 0.0684791 0.0291388 
1460000 1648 962.968 750025.625 665.515 9.0214 0 0 0 0.0028342 -106.8257419 2.7971282 0.0688231 0.0288655 
1470000 1658 969.742 757105.143 674.447 9.0819 0 0 0 0.0036601 -107.5082102 13.5175144 0.0675796 0.0286449 
1480000 1668 975.277 764859.425 692.91 9.125 0 0 0 0.0037926 -108.2342607 17.0531893 0.0687097 0.029804 
1490000 1678 979.799 772813.791 712.003 9.1567 0 0 0 0.0032859 -108.5175291 6.7921598 0.0698796 0.0309952 
1500000 1688 983.495 780773.742 727.965 9.1874 0 0 0 0.0033672 -109.6576144 10.7433407 0.0698207 0.0295015 
1510000 1698 986.514 788182.014 729.098 9.2203 0 0 0 0.0036052 -110.5703313 12.2183556 0.0696553 0.0300489 
1520000 1708 976.183 796388.226 733.264 9.1232 0 0 0 0.0044208 -110.8781136 23.7563465 0.0702634 0.0302657 
1530000 1720 951.718 804192.481 722.342 8.8896 0 0 0 0.0036109 -112.1006732 11.462473 0.0683428 0.0285804 
1540000 1730 960.55 811687.932 726.537 8.9731 0 0 0 0.0038085 -113.0064463 17.0155342 0.070317 0.0300051 
1550000 1740 967.766 819317.492 736.411 9.046 0 0 0 0.0043382 -113.8709989 16.8480051 0.0707746 0.0305747 
1560000 1751 964.194 827784.624 746.783 9.0069 0 0 0 0.0043599 -114.690386 17.706248 0.0722293 0.0308064 
1570000 1761 970.744 834669.316 736.118 9.0778 0 0 0 0.0035052 -115.2100035 12.8964077 0.069789 0.0291949 
1580000 1771 966.912 842811.012 745.53 9.041 0 0 0 0.0030683 -116.5599108 7.1471002 0.0716527 0.0297496 
1590000 1781 970.705 849078.31 723.427 9.0711 0 0 0 0.0042184 -116.7110824 25.1402844 0.0731284 0.0315949 
1600000 1791 976.063 856684.995 726.75 9.1199 0 0 0 0.0038591 -117.8787562 19.4110489 0.0722471 0.0301657 
1610000 1801 980.442 863734.342 724.626 9.1624 0 0 0 0.0031092 -118.6358429 8.8323112 0.0712616 0.0291362 
1620000 1811 984.02 870726.84 722.268 9.1983 0 0 0 0.0034336 -119.2964691 14.631249 0.0716819 0.0300155 
1630000 1821 986.004 877723.086 717.746 9.2143 0 0 0 0.0038258 -120.16368 18.8332585 0.074256 0.0304595 
1640000 1831 988.564 883015.662 681.524 9.2376 0 0 0 0.0031169 -120.7078257 8.0189091 0.0717198 0.0287274 
1650000 1842 978.022 889966.25 673.722 9.138 0 0 0 0.0031411 -121.1773728 8.3368442 0.0709119 0.0288806 
1660000 1852 982.042 897282.166 684.954 9.1734 0 0 0 0.003063 -121.8560691 13.152711 0.0694723 0.0280314 
1670000 1862 985.327 905477.543 705.576 9.1989 0 0 0 0.0035142 -122.1963795 15.1065298 0.0705836 0.0279998 
1680000 1872 988.011 913768.088 731.633 9.2226 0 0 0 0.0028236 -123.0554347 8.1727796 0.0711776 0.028986 
1690000 1882 990.204 921718.414 740.854 9.2337 0 0 0 0.003091 -123.5664299 8.1332541 0.0717324 0.0292259 
1700000 1892 991.996 930748.211 773.573 9.2493 0 0 0 0.0030946 -124.2671063 10.5344056 0.0718801 0.029219 
1710000 1902 986.047 938851.71 774.082 9.2055 0 0 0 0.0029704 -124.4497616 9.6321608 0.072165 0.0296112 
1720000 1913 985.742 947544.614 790.937 9.2021 0 0 0 0.003427 -124.72247 15.5231285 0.0730465 0.0300432 
1730000 1923 980.407 956141.997 797.237 9.1551 0 0 0 0.0033956 -125.408861 16.3969676 0.0741002 0.0306906 
1740000 1933 980.784 963361.568 782.46 9.1615 0 0 0 0.0038371 -125.5126027 22.0736425 0.0759722 0.0312647 
1750000 1943 984.299 971651.87 783.836 9.1893 0 0 0 0.0041386 -126.3059353 24.7351639 0.0795351 0.0329842 
1760000 1953 987.171 980889.649 817.403 9.2175 0 0 0 0.0042771 -126.6171577 19.7186356 0.078794 0.032986 
1770000 1963 989.212 989829.266 826.329 9.2456 0 0 0 0.0038327 -127.4898696 14.6130269 0.0835263 0.035618 
1780000 1973 991.185 997996.008 827.573 9.2823 0 0 0 0.0041076 -128.073037 18.096781 0.082068 0.0342949 
1790000 1983 986.998 1005621.4 811.249 9.2426 0 0 0 0.003909 -128.4612191 21.0249851 0.0832282 0.0345056 
1800000 1994 973.788 1013699.455 797.847 9.1119 0 0 0 0.004665 -128.5809173 26.5908274 0.0861844 0.037111 
1810000 2004 976.743 1022499.441 812.162 9.1387 0 0 0 0.003951 -130.1697789 12.6052181 0.0854679 0.0354528 
1820000 2014 980.997 1031890.745 835.513 9.1778 0 0 0 0.0039888 -130.8344278 16.9995964 0.0872775 0.036824 
1830000 2024 984.474 1039640.753 819.224 9.2115 0 0 0 0.0043048 -131.5250226 20.1524908 0.0889349 0.0367733 
1840000 2035 985.892 1048428.647 831.089 9.2259 0 0 0 0.0038759 -132.480865 12.4580872 0.0911462 0.0387692 
1850000 2045 972.798 1055359.126 796.001 9.0965 0 0 0 0.0044017 -132.129073 11.0250625 0.0922444 0.0390921 
1860000 2056 967.824 1062591.209 769.139 9.0431 0 0 0 0.0046961 -133.0602123 8.1247743 0.0964206 0.0416478 
1870000 2067 965.519 1070715.061 774.245 9.0156 0 0 0 0.0039357 -132.9587486 7.3745174 0.0941782 0.0407955 
1880000 2077 971.827 1079441.092 792.865 9.076 0 0 0 0.0041948 -133.6282968 16.3496217 0.0964541 0.0414255 
1890000 2087 976.98 1089600.952 835.198 9.1196 0 0 0 0.0045714 -134.3496007 19.6821533 0.0960012 0.0399204 
1900000 2097 981.191 1099785.75 867.647 9.1611 0 0 0 0.0048892 -134.7313902 26.4531159 0.0973913 0.0418424 
1910000 2107 984.632 1111112.612 916.595 9.1912 0 0 0 0.0049786 -135.7523213 20.1621817 0.0976877 0.0420535 
1920000 2117 987.443 1122529.66 956.729 9.2169 0 0 0 0.0044694 -136.9326132 17.6518191 0.0994594 0.0410611 
1930000 2127 989.74 1134155.434 993.538 9.2386 0 0 0 0.0045589 -137.4993932 20.2762462 0.1006964 0.042301 
1940000 2137 991.617 1145426.667 1019.172 9.258 0 0 0 0.0053772 -138.4813474 17.0294267 0.1018209 0.0427489 
1950000 2147 993.15 1155064.371 1008.316 9.2735 0 0 0 0.0046907 -139.3738431 14.4662862 0.1010197 0.0418695 
1960000 2157 994.403 1163190.066 971.143 9.295 0 0 0 0.004395 -138.926824 10.2516736 0.0992973 0.0417135 
1970000 2167 995.427 1172897.457 970.705 9.3079 0 0 0 0.0044345 -139.9719417 18.9117381 0.0994249 0.0407705 
1980000 2177 996.264 1182842.721 975.718 9.3168 0 0 0 0.0041229 -140.6647066 9.4488943 0.0987505 0.0410116 
1990000 2187 996.947 1192318.109 969.297 9.3188 0 0 0 0.0045574 -141.9704432 34.0302438 0.1011907 0.0421202 
2000000 2197 997.506 1201665.664 964.551 9.321 0 0 0 0.004631 -141.6172687 22.9900897 0.0996241 0.04052 
2010000 2207 997.962 1211484.376 968.552 9.3223 0 0 0 0.0053814 -142.0155319 41.0906598 0.1017306 0.0426301 
2020000 2217 998.335 1221755.879 979.095 9.3313 0 0 0 0.0046281 -143.3873637 19.0225062 0.1008559 0.0406973 
2030000 2227 998.639 1232450.48 997.229 9.3309 0 0 0 0.0049445 -144.6227333 14.0283341 0.1058633 0.0437018 
2040000 2237 998.888 1241221.358 973.31 9.3443 0 0 0 0.0045619 -144.3245356 15.8984407 0.1029623 0.0422357 
2050000 2247 999.092 1249081.67 938.026 9.3416 0 0 0 0.0044761 -145.4069821 16.4013394 0.1039899 0.0424562 
2060000 2257 999.258 1260210.893 970.741 9.3361 0 0 0 0.0043075 -146.2898557 17.4825301 0.1027285 0.0409632 
2070000 2267 999.394 1271416.49 998.567 9.3377 0 0 0 0.0041664 -147.1866814 15.5050777 0.1072893 0.045143 
2080000 2277 999.504 1284326.276 1051.289 9.3411 0 0 0 0.0042994 -148.9198772 16.9869883 0.109154 0.0442563 
2090000 2287 999.595 1296361.01 1079.316 9.3506 0 0 0 0.0041003 -149.8897835 14.7492852 0.1099292 0.0446665 
2100000 2297 999.669 1308916.833 1111.041 9.3492 0 0 0 0.0047016 -150.5290898 23.6085792 0.109348 0.0439784 
2110000 2307 999.73 1320284.048 1116.025 9.3551 0 0 0 0.0047653 -151.1006393 29.1861272 0.1091938 0.0443352 
2120000 2317 999.779 1334015.153 1163.663 9.3518 0 0 0 0.0043868 -151.1351928 21.0512831 0.110487 0.0440171 
2130000 2327 999.82 1347977.845 1205.176 9.3507 0 0 0 0.0041931 -152.3886899 12.6777346 0.1122019 0.0448705 
2140000 2337 999.853 1362253.0 1246.119 9.3544 0 0 0 0.0042926 -152.5984517 15.3109352 0.1120731 0.0453223 
2150000 2347 999.88 1376971.388 1287.691 9.345 0 0 0 0.0048605 -155.0835764 21.5962009 0.1172454 0.0470816 
2160000 2357 999.902 1390870.603 1306.39 9.3474 0 0 0 0.0053082 -156.6549053 33.3407967 0.1184669 0.0472456 
2170000 2367 999.92 1403106.116 1292.993 9.3475 0 0 0 0.0044131 -157.6614676 17.1891858 0.1178816 0.0461985 
2180000 2377 999.934 1415562.592 1283.992 9.3468 0 0 0 0.0051694 -158.7500837 32.4157812 0.1203662 0.048315 
2190000 2387 984.626 1426701.688 1228.207 9.2037 0 0 0 0.004843 -159.7109478 22.2921628 0.1206232 0.0484477 
2200000 2397 987.439 1439231.309 1231.256 9.2351 0 0 0 0.0053102 -160.936736 24.1279762 0.1217526 0.0492869 
2210000 2407 989.736 1453099.811 1259.146 9.2546 0 0 0 0.0047892 -162.7298863 27.622217 0.1223609 0.0482133 
2220000 2417 991.614 1468277.536 1309.516 9.2669 0 0 0 0.0047582 -164.5378714 29.2550504 0.1227647 0.0481474 
2230000 2427 993.148 1482821.849 1337.151 9.2858 0 0 0 0.0047954 -166.9190579 23.3669351 0.1240416 0.0480585 
2240000 2437 994.401 1495652.24 1324.594 9.2979 0 0 0 0.0054319 -168.7107041 41.5056235 0.1273298 0.0503331 
2250000 2447 995.426 1510436.35 1351.47 9.3065 0 0 0 0.0046573 -170.9648258 14.9102565 0.1291328 0.05005 
2260000 2458 987.517 1522976.016 1326.661 9.2322 0 0 0 0.0051081 -171.8567348 34.7032961 0.1298967 0.0498459 
2270000 2468 989.8 1535247.652 1307.3 9.259 0 0 0 0.0050629 -172.8403417 40.1752701 0.129145 0.0499684 
2280000 2478 991.666 1549510.303 1326.62 9.2757 0 0 0 0.0053383 -173.4203773 50.5146989 0.131147 0.0518467 
2290000 2488 993.191 1563430.016 1339.858 9.2859 0 0 0 0.0048466 -175.0467015 21.2829704 0.1325935 0.0519888 
2300000 2498 994.436 1577241.013 1348.042 9.3061 0 0 0 0.005096 -175.9027989 29.8074141 0.1338201 0.0526844 
2310000 2508 995.454 1587478.526 1285.7 9.3173 0 0 0 0.0047838 -176.4711989 20.0743624 0.1351295 0.0539256 
2320000 2518 996.286 1600985.526 1295.661 9.3217 0 0 0 0.0049456 -177.5187348 29.5054343 0.1342841 0.0530647 
2330000 2528 989.399 1611952.249 1253.965 9.2618 0 0 0 0.0053684 -178.0407275 44.8479011 0.1331452 0.0537205 
2340000 2538 991.339 1622867.81 1219.934 9.281 0 0 0 0.0049848 -178.1346618 24.3180465 0.1323939 0.0534306 
2350000 2548 992.923 1636564.379 1247.564 9.2926 0 0 0 0.0041829 -179.2283692 8.9006114 0.1278315 0.0499981 
2360000 2558 994.218 1650212.75 1269.179 9.2989 0 0 0 0.004989 -179.9362742 30.0869294 0.1293346 0.0520867 
2370000 2568 995.275 1665618.26 1313.628 9.3102 0 0 0 0.0045898 -181.2500409 26.4649192 0.1278861 0.0506161 
2380000 2578 996.14 1681809.481 1369.362 9.3215 0 0 0 0.0048234 -182.8908445 20.2087292 0.131641 0.0532607 
2390000 2588 996.846 1698516.829 1424.282 9.3295 0 0 0 0.0046417 -185.4907006 21.0458074 0.1324749 0.0520133 
2400000 2598 997.423 1714575.452 1458.721 9.3153 0 0 0 0.0047477 -186.2578553 53.8953109 0.1312925 0.0517499 
2410000 2608 997.894 1731025.091 1493.101 9.3204 0 0 0 0.0051062 -188.1323412 38.3426201 0.1344394 0.0535316 
2420000 2618 998.279 1746188.623 1499.063 9.3261 0 0 0 0.0048961 -188.5498555 42.0919025 0.1341353 0.0538927 
2430000 2628 998.594 1761785.296 1512.643 9.3318 0 0 0 0.0045001 -189.6906474 21.3657311 0.1322836 0.0524643 
2440000 2638 998.851 1778272.01 1534.801 9.3362 0 0 0 0.0051029 -190.0495642 62.8347199 0.1329018 0.0536375 
2450000 2648 999.061 1793123.612 1528.57 9.332 0 0 0 0.0045274 -191.1475214 23.6468733 0.1319436 0.0524897 
2460000 2658 999.233 1805917.004 1492.195 9.3488 0 0 0 0.0046572 -192.0702686 37.7525229 0.1308901 0.0509467 
2470000 2668 996.219 1821638.992 1492.29 9.3224 0 0 0 0.0050717 -193.4678307 50.6102165 0.1356869 0.0547281 
2480000 2678 996.911 1837839.502 1515.135 9.3274 0 0 0 0.0050209 -193.1419746 55.4819754 0.1300116 0.0509933 
2490000 2688 997.476 1854889.095 1549.196 9.3255 0 0 0 0.0045735 -194.6345713 37.2882788 0.1301778 0.0506925 
2500000 2698 997.937 1872454.645 1588.891 9.3306 0 0 0 0.0045422 -196.088108 34.3478459 0.1312609 0.050728 
2510000 2708 998.315 1888354.133 1581.683 9.3369 0 0 0 0.00495 -197.9086378 55.195439 0.1349551 0.0529181 
2520000 2718 998.623 1906143.089 1620.002 9.3487 0 0 0 0.0045914 -199.0374532 59.950739 0.1327793 0.0509162 
2530000 2729 993.678 1920723.977 1583.764 9.3095 0 0 0 0.0043954 -200.4217498 51.2465602 0.133969 0.0507661 
2540000 2739 994.835 1935903.468 1571.252 9.3208 0 0 0 0.004363 -201.6165539 39.50499 0.1353947 0.0512728 
2550000 2749 995.779 1951616.264 1572.558 9.3264 0 0 0 0.0039238 -202.2233358 15.3677724 0.1364601 0.051177 
2560000 2759 996.552 1969821.993 1618.016 9.3339 0 0 0 0.0053432 -203.2881318 75.7642833 0.1399374 0.0540915 
2570000 2769 997.182 1985221.992 1604.061 9.3436 0 0 0 0.0045609 -204.1592926 42.4709288 0.1389017 0.0522111 
2580000 2779 997.698 2000085.733 1583.268 9.3449 0 0 0 0.0047858 -204.5575582 65.6953855 0.1392499 0.0532272 
2590000 2789 998.119 2015944.476 1579.98 9.3418 0 0 0 0.0044366 -204.9141407 29.5955527 0.1373977 0.0530563 
2600000 2799 985.644 2029827.609 1523.209 9.2262 0 0 0 0.0040259 -205.1719782 20.3255037 0.1368459 0.0523204 
2610000 2809 988.27 2046068.09 1541.434 9.2518 0 0 0 0.0043522 -205.200202 25.428116 0.1371292 0.0520313 
2620000 2819 990.416 2060007.859 1509.69 9.2762 0 0 0 0.0041714 -205.7519194 32.5003135 0.1391636 0.0535941 
2630000 2829 992.169 2077258.084 1552.535 9.2907 0 0 0 0.0045755 -206.4336258 72.4633372 0.1392392 0.053088 
2640000 2840 984.684 2092199.506 1526.433 9.2243 0 0 0 0.0041599 -206.3597283 25.091231 0.1394112 0.0542719 
2650000 2850 987.485 2106999.164 1520.921 9.2423 0 0 0 0.0043292 -207.0996364 42.5046092 0.1443742 0.0588106 
2660000 2860 989.775 2121481.93 1505.443 9.2632 0 0 0 0.0046624 -208.0307931 43.3670426 0.1429902 0.0574973 
2670000 2870 991.645 2135719.806 1495.582 9.291 0 0 0 0.0042911 -207.8293371 46.6959152 0.1439034 0.0579617 
2680000 2880 993.173 2150661.899 1491.118 9.3086 0 0 0 0.0042487 -208.6855557 24.8963192 0.145291 0.058112 
2690000 2890 994.422 2166849.241 1514.046 9.3268 0 0 0 0.0044835 -209.1722827 32.1962858 0.144315 0.0583565 
2700000 2900 995.443 2181650.862 1508.816 9.3367 0 0 0 0.0044815 -208.2412127 36.4621413 0.145055 0.0604507 
2710000 2910 996.276 2199664.185 1563.088 9.342 0 0 0 0.0042921 -209.8457747 21.9167986 0.148098 0.06212 
2720000 2920 996.957 2215050.94 1563.228 9.3365 0 0 0 0.004772 -210.2332569 44.7327862 0.1474899 0.0615562 
2730000 2930 997.514 2233295.614 1605.451 9.3337 0 0 0 0.0048683 -211.0116017 61.5589042 0.1496932 0.0635414 
2740000 2940 997.969 2252512.465 1663.408 9.3357 0 0 0 0.0043466 -213.0597046 24.8799115 0.1493734 0.0624919 
2750000 2950 991.653 2270870.306 1700.198 9.2726 0 0 0 0.0048477 -214.1154947 43.1737225 0.1520624 0.0659735 
2760000 2960 993.18 2288914.754 1701.886 9.2824 0 0 0 0.0049235 -214.5565954 65.022554 0.1477668 0.0608912 
2770000 2970 994.428 2305475.189 1694.794 9.2985 0 0 0 0.0045467 -215.2809031 55.5282926 0.1520369 0.0645642 
2780000 2980 995.447 2322855.686 1709.726 9.2964 0 0 0 0.0042545 -216.4107308 26.3302881 0.1521942 0.0639049 
2790000 2990 996.28 2338225.592 1686.805 9.2991 0 0 0 0.0050569 -216.2112056 69.4595596 0.1573937 0.0694062 
2800000 3000 996.96 2354596.8 1665.484 9.3109 0 0 0 0.0048725 -217.5790598 39.9475335 0.1582859 0.0690057 
2810000 3010 997.516 2371581.032 1667.942 9.3222 0 0 0 0.0044529 -218.1434944 34.141768 0.1523793 0.0629266 
2820000 3020 997.971 2388641.066 1678.963 9.3245 0 0 0 0.0045769 -218.8574271 36.5146216 0.1562708 0.0680022 
2830000 3030 998.342 2407260.163 1710.461 9.3331 0 0 0 0.0047601 -219.2571129 47.4011143 0.1602607 0.0730051 
2840000 3040 998.645 2425107.628 1727.961 9.338 0 0 0 0.0048911 -220.0180626 71.9442957 0.1550364 0.0648022 
2850000 3050 998.893 2442723.451 1732.221 9.3407 0 0 0 0.0051777 -221.4742319 82.689546 0.1561001 0.0650617 
2860000 3060 999.096 2460037.806 1729.202 9.3395 0 0 0 0.0050059 -222.1036914 66.8772222 0.1564128 0.0639163 
2870000 3070 999.261 2478203.367 1745.502 9.346 0 0 0 0.0045699 -223.9121292 36.7951004 0.1578634 0.0643222 
2880000 3080 999.396 2495808.427 1747.395 9.349 0 0 0 0.004186 -224.5931703 21.5918088 0.1576751 0.0638029 
2890000 3090 999.507 2512567.925 1733.353 9.356 0 0 0 0.0049951 -225.0249588 60.8060558 0.1607786 0.0663154 
2900000 3100 999.597 2530148.541 1740.735 9.3557 0 0 0 0.0051476 -225.9526442 87.3081519 0.1630198 0.0679527 
2910000 3110 999.671 2546483.485 1722.17 9.3546 0 0 0 0.0045157 -226.1954493 37.0957819 0.1615424 0.0665954 
2920000 3120 999.731 2564392.892 1736.392 9.345 0 0 0 0.0048658 -226.3473331 60.3223488 0.1600391 0.0647662 
2930000 3130 999.78 2581346.39 1724.26 9.3482 0 0 0 0.0045846 -226.3846189 43.1756653 0.1622627 0.0679904 
2940000 3140 999.82 2600306.857 1756.097 9.3478 0 0 0 0.0048439 -226.5465564 60.0926395 0.1621389 0.0670966 
2950000 3150 999.853 2619665.55 1785.987 9.3491 0 0 0 0.0044815 -227.0829731 35.0950986 0.1631578 0.0668438 
2960000 3160 999.88 2639516.427 1826.192 9.352 0 0 0 0.0051604 -227.7887095 87.6764755 0.1665602 0.0700338 
2970000 3170 999.902 2658828.765 1843.519 9.3486 0 0 0 0.0045503 -228.9924213 43.6717402 0.1638489 0.0656921 
2980000 3180 999.92 2677490.561 1845.843 9.3525 0 0 0 0.004743 -229.5621146 57.8428625 0.1654929 0.0684801 
2990000 3190 999.935 2696659.141 1857.096 9.3621 0 0 0 0.004277 -230.3805634 28.2756595 0.164345 0.066498 
3000000 3200 999.947 2716467.365 1881.132 9.3543 0 0 0 0.0046354 -231.5100513 46.8280199 0.1684393 0.0696668 
3010000 3210 999.956 2736768.129 1907.172 9.3529 0 0 0 0.0048649 -232.0236166 62.1875569 0.1689596 0.0696808 
3020000 3221 985.265 2756249.378 1885.494 9.2123 0 0 0 0.0134531 -233.1082786 42.9182854 0.171014 0.0712437 
3030000 3231 987.96 2774917.075 1881.395 9.2355 0 0 0 0.0046447 -233.5167067 40.2384547 0.1681336 0.067881 
3040000 3241 990.163 2793560.203 1876.122 9.2539 0 0 0 0.0048752 -233.8300866 71.4506387 0.1711944 0.0722454 
3050000 3251 991.962 2812501.761 1881.459 9.2707 0 0 0 0.0050028 -234.4546167 90.6487273 0.1701719 0.0711734 
3060000 3261 993.433 2828916.945 1841.589 9.2947 0 0 0 0.0045544 -234.5325693 41.8540664 0.1656597 0.0687477 
3070000 3271 994.634 2848428.976 1860.253 9.3003 0 0 0 0.0043116 -235.0231127 35.9909141 0.1672515 0.0689909 
3080000 3281 995.616 2869141.458 1897.244 9.3158 0 0 0 0.0046001 -235.8227797 67.2100217 0.1654769 0.0680178 
3090000 3291 996.418 2889614.595 1922.384 9.3254 0 0 0 0.0045784 -236.7692918 69.2369319 0.1641015 0.0661768 
3100000 3301 997.073 2908950.109 1928.782 9.3272 0 0 0 0.0049519 -237.7270191 88.3198247 0.1670468 0.0695252 
3110000 3311 988.66 2925895.219 1867.332 9.2426 0 0 0 0.0048134 -238.294458 33.7474549 0.1764826 0.082343 
3120000 3321 990.734 2939574.231 1787.578 9.2744 0 0 0 0.0051599 -238.1821439 88.6282146 0.1765807 0.081629 
3130000 3331 992.429 2957048.321 1764.214 9.2831 0 0 0 0.004302 -238.0702845 45.9660889 0.1704446 0.0718689 
3140000 3341 993.814 2973047.096 1735.964 9.2864 0 0 0 0.004239 -238.4101851 31.4975929 0.1708747 0.0731125 
3150000 3351 994.946 2990637.779 1738.76 9.2906 0 0 0 0.0049675 -238.0120465 53.3607307 0.1709009 0.0749907 
3160000 3361 995.87 3007629.984 1739.797 9.2953 0 0 0 0.0044468 -237.6208323 39.6529954 0.171246 0.075615 
3170000 3371 996.626 3022205.608 1709.595 9.3138 0 0 0 0.0050373 -236.9653983 84.5045749 0.1661265 0.0688474 
3180000 3381 997.243 3039489.924 1689.06 9.326 0 0 0 0.0043617 -237.0188118 46.7158317 0.1671795 0.070173 
3190000 3391 997.747 3058451.477 1725.659 9.3357 0 0 0 0.0048219 -236.4716132 65.3899294 0.173674 0.0793154 
3200000 3401 998.159 3077769.785 1763.016 9.3411 0 0 0 0.004628 -237.278208 61.2248971 0.1710915 0.0743579 
3210000 3411 998.496 3096081.158 1780.154 9.3552 0 0 0 0.0041569 -237.1733114 18.524868 0.1733584 0.0776883 
3220000 3421 998.771 3116068.613 1820.241 9.358 0 0 0 0.0045653 -237.3873866 41.7335781 0.1673051 0.0704182 
3230000 3432 988.687 3136317.938 1835.923 9.2651 0 0 0 0.0043579 -238.1947594 26.9343933 0.1747871 0.0794986 
3240000 3442 990.756 3153257.455 1811.774 9.2824 0 0 0 0.0052601 -237.3254154 102.3480848 0.1712656 0.0758678 
3250000 3452 992.447 3172172.181 1823.141 9.2993 0 0 0 0.0047509 -238.2214767 85.7407082 0.1693741 0.0732126 
3260000 3462 993.829 3193080.69 1873.875 9.306 0 0 0 0.0045272 -239.4928649 40.9786707 0.1720991 0.074648 
3270000 3472 994.958 3214051.093 1916.077 9.3156 0 0 0 0.0047303 -239.7686564 65.5713915 0.1718618 0.0751328 
3280000 3482 995.88 3233571.356 1924.523 9.3183 0 0 0 0.004594 -240.1246796 59.7964528 0.1740316 0.0762681 
3290000 3492 996.634 3250008.44 1869.583 9.3257 0 0 0 0.0048898 -239.332417 89.0476945 0.167649 0.0705152 
3300000 3502 997.25 3269415.347 1881.244 9.3313 0 0 0 0.0052843 -239.5215101 92.498196 0.1727249 0.075596 
3310000 3512 997.753 3289333.647 1902.085 9.3401 0 0 0 0.0041335 -239.6690697 23.3900336 0.1703786 0.0719138 
3320000 3522 998.164 3308362.687 1900.756 9.3396 0 0 0 0.0045084 -241.2664809 46.4677345 0.1713111 0.0718284 
3330000 3532 998.5 3328524.137 1921.947 9.3432 0 0 0 0.0047359 -241.4623187 66.1482831 0.1713476 0.0724926 
3340000 3542 998.774 3349190.84 1950.789 9.3427 0 0 0 0.0045757 -243.2817172 68.1551179 0.1704347 0.0699402 
3350000 3552 998.998 3369689.317 1966.216 9.3565 0 0 0 0.0049564 -243.5878714 101.8909921 0.171811 0.0710364 
3360000 3562 999.182 3389412.57 1966.529 9.3564 0 0 0 0.0051272 -244.6621651 93.5832452 0.1736559 0.0733474 
3370000 3572 999.331 3407200.919 1948.727 9.3564 0 0 0 0.0044387 -246.0501934 55.5385553 0.1762325 0.0760949 
3380000 3582 999.454 3422054.576 1863.639 9.3659 0 0 0 0.0044398 -245.8868188 71.2031064 0.1710886 0.0697672 
3390000 3592 999.554 3440983.157 1856.103 9.3623 0 0 0 0.0046253 -246.5495066 92.2214605 0.1708223 0.0698387 
3400000 3602 999.635 3459259.981 1851.832 9.3637 0 0 0 0.0046664 -246.2631223 86.9452363 0.1698989 0.0696936 
3410000 3612 999.702 3476916.338 1838.82 9.3644 0 0 0 0.0045186 -246.6795805 70.2073593 0.1697388 0.0716984 
3420000 3623 984.611 3496230.73 1826.81 9.2186 0 0 0 0.0042313 -247.0540054 54.1622982 0.1673426 0.0683318 
3430000 3633 987.426 3516421.866 1862.257 9.2497 0 0 0 0.0045239 -247.3167997 55.6073131 0.1679334 0.0683111 
3440000 3643 989.726 3535753.979 1876.347 9.2671 0 0 0 0.0043461 -248.1254577 72.5989148 0.1681254 0.0685562 
3450000 3653 991.605 3555944.276 1899.965 9.2946 0 0 0 0.0041346 -248.8112372 49.1031518 0.1683539 0.0677499 
3460000 3663 993.141 3575731.407 1915.205 9.3114 0 0 0 0.0045207 -248.2307796 80.8659165 0.1675941 0.0675535 
3470000 3673 994.396 3594850.277 1913.182 9.3194 0 0 0 0.0039798 -248.7448299 43.4854208 0.1675162 0.0677182 
3480000 3683 995.421 3614333.93 1920.097 9.3281 0 0 0 0.0044368 -248.6457256 83.2950258 0.1691617 0.0695145 
3490000 3694 979.967 3632964.657 1880.228 9.1825 0 0 0 0.0041316 -248.8024736 55.0137922 0.1682736 0.068666 
3500000 3704 983.632 3652816.744 1898.664 9.2074 0 0 0 0.0039595 -249.0139951 32.6704037 0.1653055 0.0658362 
3510000 3714 986.626 3672174.232 1905.96 9.2464 0 0 0 0.0042109 -249.5644306 69.3320088 0.1691669 0.070873 
3520000 3724 989.072 3691850.76 1918.578 9.2621 0 0 0 0.0043712 -249.3654912 91.9697904 0.1690467 0.0698336 
3530000 3734 991.071 3711148.382 1919.466 9.2933 0 0 0 0.0046031 -250.0489802 85.6035913 0.1728769 0.0743705 
3540000 3744 992.705 3730736.177 1927.129 9.3155 0 0 0 0.004284 -249.9441614 72.4836199 0.1733779 0.0762335 
3550000 3754 978.474 3751744.005 1925.054 9.1874 0 0 0 0.0040864 -250.1587895 41.2572052 0.1673805 0.0699238 
3560000 3764 982.411 3773011.621 1963.453 9.227 0 0 0 0.0041886 -250.6872307 53.8670867 0.1679719 0.0714449 
3570000 3774 985.629 3792808.445 1996.302 9.2479 0 0 0 0.0041692 -251.428112 60.9035938 0.1711763 0.0729762 
3580000 3784 988.258 3812700.124 1974.672 9.269 0 0 0 0.0048 -251.4762593 92.5062023 0.1699462 0.0712778 
3590000 3794 990.406 3829784.656 1920.362 9.2882 0 0 0 0.0042952 -251.7341967 71.5463603 0.1704315 0.0736922 
3600000 3804 992.161 3844553.247 1841.303 9.3122 0 0 0 0.0036872 -251.4789163 24.4517294 0.1682232 0.0704042 
3610000 3814 993.595 3862686.267 1826.93 9.3244 0 0 0 0.0044972 -251.5968772 73.3560333 0.1693411 0.0714537 
3620000 3824 994.766 3878872.508 1796.839 9.3317 0 0 0 0.0044835 -250.3943951 81.4767513 0.171895 0.0743132 
3630000 3834 995.724 3897565.756 1812.559 9.3386 0 0 0 0.0041666 -250.0664067 72.2805915 0.1661336 0.0684251 
3640000 3844 996.506 3915462.011 1829.228 9.3455 0 0 0 0.0039433 -251.0088634 38.823236 0.1668587 0.069798 
3650000 3854 997.145 3935143.009 1833.405 9.3485 0 0 0 0.0043835 -250.8645312 78.5909482 0.1652739 0.0681835 
3660000 3864 997.667 3952310.47 1829.005 9.3445 0 0 0 0.0042353 -250.2941355 73.0258279 0.1670984 0.0703799 
3670000 3874 998.094 3970773.319 1813.025 9.345 0 0 0 0.0041024 -249.9545572 67.1385784 0.1656682 0.0702981 
3680000 3884 998.443 3987539.126 1793.069 9.3537 0 0 0 0.0039564 -250.3228228 51.7897512 0.1636861 0.0680629 
3690000 3894 998.728 4005449.797 1793.58 9.3504 0 0 0 0.0040226 -249.8875629 51.6308508 0.1660362 0.0691615 
3700000 3904 998.96 4019326.698 1743.417 9.3455 0 0 0 0.004458 -249.0920293 85.7499844 0.1649903 0.0692486 
3710000 3914 999.151 4033679.953 1662.773 9.3519 0 0 0 0.0042672 -248.4988921 71.4866867 0.1600009 0.0657247 
3720000 3924 999.306 4051388.868 1693.746 9.3528 0 0 0 0.00436 -247.8140651 104.2992578 0.1659801 0.0732041 
3730000 3934 999.433 4066720.75 1654.389 9.3583 0 0 0 0.0036316 -247.4932116 26.9090563 0.1601802 0.0670925 
3740000 3944 999.537 4080108.937 1621.386 9.3706 0 0 0 0.003875 -246.8598345 33.2356444 0.1545114 0.0626557 
3750000 3954 999.621 4094194.436 1576.806 9.3734 0 0 0 0.0040482 -246.3310618 88.436677 0.1537843 0.063955 
3760000 3964 999.691 4111391.305 1588.471 9.3786 0 0 0 0.0038271 -245.4156225 53.1475402 0.1513473 0.0613538 
3770000 3974 999.747 4128088.05 1611.274 9.3758 0 0 0 0.0043075 -245.305565 84.3252022 0.150649 0.0608532 
3780000 3984 999.793 4145902.05 1650.207 9.3766 0 0 0 0.0039425 -244.2692313 60.316672 0.1497023 0.0603823 
3790000 3994 999.831 4163958.384 1663.929 9.3653 0 0 0 0.0038135 -244.5880666 36.0720551 0.1495014 0.0597977 
3800000 4004 999.862 4184450.613 1737.257 9.3622 0 0 0 0.00421 -245.1866681 91.251944 0.1493116 0.0597081 
3810000 4015 989.411 4202756.163 1735.545 9.2674 0 0 0 0.0037304 -246.3265663 34.3618236 0.1521195 0.060999 
3820000 4025 991.348 4221621.704 1774.311 9.2809 0 0 0 0.0036601 -246.7083304 53.1559608 0.1510791 0.0609918 
3830000 4035 992.931 4241988.786 1810.711 9.2984 0 0 0 0.0034807 -247.2465388 15.7098929 0.1503421 0.0600672 
3840000 4045 994.224 4260771.729 1832.457 9.3044 0 0 0 0.003431 -247.3047456 13.0189667 0.1512892 0.060468 
3850000 4055 995.281 4272274.924 1702.036 9.312 0 0 0 0.0039631 -246.5832483 81.868784 0.1505701 0.0627061 
3860000 4065 996.144 4282611.234 1588.534 9.3303 0 0 0 0.0040165 -246.2564961 59.2213349 0.1513239 0.0638915 
3870000 4075 996.849 4295771.093 1527.707 9.3363 0 0 0 0.0038397 -245.6375818 43.8673364 0.1456266 0.0600076 
3880000 4085 997.426 4310666.774 1533.209 9.3365 0 0 0 0.0040713 -246.3818012 38.0715778 0.1459793 0.0599844 
3890000 4096 989.641 4324031.452 1478.556 9.2701 0 0 0 0.0042658 -245.849531 69.3167097 0.1526526 0.0701253 
3900000 4106 991.536 4337843.302 1460.999 9.2867 0 0 0 0.0039143 -245.2081444 51.5041161 0.1417463 0.0584672 
3910000 4116 993.084 4351210.506 1436.268 9.3054 0 0 0 0.0039808 -245.740074 51.2570816 0.1455551 0.0618887 
3920000 4126 994.349 4366461.895 1446.776 9.3235 0 0 0 0.0046862 -245.7733649 83.6337052 0.1515166 0.0690725 
3930000 4136 995.383 4382278.157 1470.955 9.3223 0 0 0 0.0044328 -244.6374819 110.0987865 0.1449234 0.0628586 
3940000 4146 996.227 4397666.566 1482.349 9.3379 0 0 0 0.0044765 -245.5150493 93.6649965 0.1461504 0.0624546 
3950000 4156 996.918 4411033.957 1459.783 9.3446 0 0 0 0.0040706 -245.6984254 73.5656763 0.1426207 0.0593673 
3960000 4166 997.481 4428419.662 1510.662 9.3474 0 0 0 0.0044832 -245.5159055 71.9037882 0.1487792 0.0655799 
3970000 4176 997.942 4443343.888 1508.641 9.3525 0 0 0 0.003766 -245.2651874 48.2790632 0.1449248 0.0610095 
3980000 4186 998.319 4463088.473 1593.642 9.359 0 0 0 0.0039905 -246.1547533 57.7540143 0.1497307 0.0668269 
3990000 4196 998.626 4478286.582 1580.32 9.363 0 0 0 0.0040167 -245.6829284 49.1036114 0.1468233 0.063474 
4000000 4206 993.957 4490673.302 1511.063 9.3162 0 0 0 0.0035218 -244.5291052 24.4234835 0.1415796 0.0595904 
