10000 14 173.212 4251.078 73.017 0.1926 0 0 0 
20000 32 290.106 8576.239 124.431 0.3206 0 0 0 
30000 50 366.173 11101.128 128.451 0.7835 0 0 0 
40000 88 293.349 15348.016 110.793 0.781 0 0 0 
50000 131 277.074 20690.64 130.699 0.8524 0 0 0 
60000 147 380.108 26998.064 205.932 1.2289 0 0 0 
70000 159 475.432 32968.042 267.739 1.5647 0 0 0 
80000 170 553.424 38911.288 315.861 1.8354 0 0 0 
90000 182 627.924 44486.83 357.234 2.0942 0 0 0 
100000 192 695.986 49193.839 378.28 2.3381 0 0 0 
110000 202 751.599 55316.212 420.271 2.5329 0 0 0 
120000 212 797.038 59906.444 426.962 2.693 0 0 0 
130000 222 834.165 63191.777 408.49 2.8318 0 0 0 
140000 233 843.118 66471.9 383.671 2.8647 0 0 0 
150000 243 871.816 71051.645 396.293 2.9663 0 0 0 
160000 253 895.264 76334.043 420.639 3.0436 0 0 0 
170000 263 914.423 81631.741 442.744 3.1061 0 0 0 
180000 276 868.643 86203.952 416.723 2.9487 0 0 0 
190000 286 892.671 90994.85 424.673 3.0264 0 0 0 
200000 296 912.305 95746.328 435.754 3.0967 0 0 0 
210000 306 928.347 100794.49 449.707 3.1623 0 0 0 
220000 316 941.454 106415.648 467.262 3.2204 0 0 0 
230000 327 935.295 111931.129 474.558 3.207 0 0 0 
240000 337 947.132 117091.77 484.683 3.2539 0 0 0 
250000 347 956.803 123024.595 500.989 3.2831 0 0 0 
260000 357 964.705 128911.59 520.612 3.3079 0 0 0 
270000 367 971.161 134794.564 532.33 3.3312 0 0 0 
280000 377 976.437 140554.608 537.89 3.3622 0 0 0 
290000 387 980.747 144966.708 524.239 3.3851 0 0 0 
300000 397 984.269 150944.017 533.161 3.3946 0 0 0 
310000 410 945.629 155816.488 504.332 3.2609 0 0 0 
320000 426 861.514 161117.372 458.272 2.9806 0 0 0 
330000 436 886.847 166470.342 471.123 3.071 0 0 0 
340000 446 894.539 170997.731 463.777 3.101 0 0 0 
350000 456 913.062 176217.76 471.44 3.1688 0 0 0 
360000 467 919.381 181835.526 482.839 3.1832 0 0 0 
370000 477 934.128 187482.269 497.382 3.2357 0 0 0 
380000 488 933.935 192768.889 497.657 3.2402 0 0 0 
390000 498 946.02 197243.85 487.328 3.2779 0 0 0 
400000 508 955.894 201990.635 485.416 3.3158 0 0 0 
410000 518 956.24 206859.67 483.26 3.3267 0 0 0 
420000 528 964.245 212132.296 490.08 3.365 0 0 0 
430000 538 970.785 217522.25 502.008 3.3873 0 0 0 
440000 548 976.13 222486.631 498.171 3.4048 0 0 0 
450000 558 980.496 228661.572 519.627 3.4072 0 0 0 
460000 568 984.064 234911.735 540.882 3.4323 0 0 0 
470000 578 986.979 240583.625 544.442 3.4482 0 0 0 
480000 588 989.361 245443.056 534.225 3.4584 0 0 0 
490000 599 982.956 250961.876 531.883 3.4376 0 0 0 
500000 609 986.074 257301.087 550.147 3.4483 0 0 0 
510000 619 988.621 262500.8 546.029 3.4509 0 0 0 
520000 629 990.703 267770.088 542.572 3.4663 0 0 0 
530000 640 976.167 273895.398 546.815 3.415 0 0 0 
540000 650 963.327 280047.098 548.379 3.3787 0 0 0 
550000 660 970.035 285512.687 548.425 3.4156 0 0 0 
560000 670 975.517 291577.489 560.611 3.4499 0 0 0 
570000 680 979.995 297696.119 566.649 3.4704 0 0 0 
580000 690 983.655 303698.432 572.444 3.4853 0 0 0 
590000 700 986.645 308772.767 560.791 3.5067 0 0 0 
600000 711 978.229 313775.186 543.471 3.4925 0 0 0 
610000 721 982.212 319222.361 543.261 3.5124 0 0 0 
620000 731 985.466 324444.154 539.862 3.5292 0 0 0 
630000 741 988.124 329864.99 540.721 3.5315 0 0 0 
640000 751 990.297 335189.648 540.984 3.5241 0 0 0 
650000 762 979.367 340714.886 534.371 3.4789 0 0 0 
660000 772 983.141 346044.008 534.614 3.4822 0 0 0 
670000 782 986.225 350959.342 526.652 3.4894 0 0 0 
680000 792 988.745 356291.258 528.548 3.487 0 0 0 
690000 802 977.824 361568.898 523.607 3.4405 0 0 0 
700000 812 981.88 367243.716 528.8 3.4488 0 0 0 
710000 823 977.271 372150.06 519.587 3.4204 0 0 0 
720000 833 981.429 376182.001 498.688 3.429 0 0 0 
730000 844 969.416 380004.601 469.708 3.3803 0 0 0 
740000 854 975.011 385143.089 477.967 3.3992 0 0 0 
750000 864 979.582 390977.891 496.511 3.4152 0 0 0 
760000 874 983.317 396374.996 503.957 3.4305 0 0 0 
770000 885 973.353 401196.48 494.353 3.4032 0 0 0 
780000 895 978.227 406096.279 494.38 3.4297 0 0 0 
790000 906 964.506 411779.775 498.472 3.3722 0 0 0 
800000 916 970.999 417184.491 505.65 3.381 0 0 0 
810000 926 976.304 423099.709 521.732 3.3865 0 0 0 
820000 936 980.639 428826.248 531.061 3.3898 0 0 0 
830000 946 984.18 434990.105 547.266 3.4111 0 0 0 
840000 956 974.3 439311.791 519.936 3.3823 0 0 0 
850000 966 979.001 444470.921 517.413 3.4023 0 0 0 
860000 976 982.843 449300.844 512.694 3.4153 0 0 0 
870000 986 985.981 453785.74 502.938 3.4274 0 0 0 
880000 996 988.546 458844.018 502.346 3.4289 0 0 0 
890000 1006 990.641 463590.474 497.766 3.4339 0 0 0 
900000 1016 992.353 469251.249 508.537 3.4386 0 0 0 
910000 1027 979.495 473750.205 491.513 3.3834 0 0 0 
920000 1037 983.246 478811.888 494.503 3.3787 0 0 0 
930000 1048 973.46 483973.725 491.187 3.3421 0 0 0 
940000 1059 964.617 489906.487 504.245 3.3222 0 0 0 
950000 1069 955.213 495115.029 500.459 3.3008 0 0 0 
960000 1079 963.406 499391.516 487.077 3.33 0 0 0 
970000 1091 945.628 504432.729 476.203 3.2655 0 0 0 
980000 1101 955.574 508798.83 468.51 3.3024 0 0 0 
990000 1111 963.701 513627.901 470.778 3.3342 0 0 0 
1000000 1121 956.965 518724.559 471.188 3.3157 0 0 0 
1010000 1131 964.837 523975.333 480.124 3.3452 0 0 0 
1020000 1142 959.03 529780.895 490.052 3.324 0 0 0 
1030000 1152 966.525 535760.078 509.752 3.3515 0 0 0 
1040000 1162 972.648 541237.454 518.086 3.3713 0 0 0 
1050000 1172 977.652 547303.899 533.744 3.3914 0 0 0 
1060000 1183 962.556 553369.331 534.578 3.3328 0 0 0 
1070000 1194 954.269 559769.29 545.296 3.3001 0 0 0 
1080000 1204 962.635 564191.229 527.925 3.3254 0 0 0 
1090000 1214 969.47 569542.461 528.68 3.3547 0 0 0 
1100000 1224 975.055 575102.931 533.329 3.3751 0 0 0 
1110000 1235 964.402 580561.655 527.843 3.3436 0 0 0 
1120000 1245 970.914 586570.969 541.51 3.3648 0 0 0 
1130000 1256 962.368 592122.403 536.171 3.3331 0 0 0 
1140000 1266 969.252 598064.223 546.567 3.3551 0 0 0 
1150000 1276 974.877 604007.977 555.167 3.3736 0 0 0 
1160000 1286 979.472 609762.087 557.809 3.4074 0 0 0 
1170000 1297 952.273 616979.832 572.247 3.31 0 0 0 
1180000 1307 961.004 623299.908 580.642 3.3395 0 0 0 
1190000 1317 968.137 629439.654 585.818 3.3707 0 0 0 
1200000 1327 973.966 636017.426 597.424 3.3906 0 0 0 
1210000 1338 964.64 641957.196 588.65 3.3512 0 0 0 
1220000 1349 957.757 648233.557 589.577 3.3243 0 0 0 
1230000 1359 965.484 654801.793 601.161 3.3502 0 0 0 
1240000 1369 971.798 661733.804 618.118 3.366 0 0 0 
1250000 1379 976.957 668262.478 624.574 3.3909 0 0 0 
1260000 1389 981.172 675120.659 636.747 3.3997 0 0 0 
1270000 1399 984.616 681313.995 634.686 3.4049 0 0 0 
1280000 1409 987.43 687964.726 639.766 3.3913 0 0 0 
1290000 1419 989.73 695028.102 651.203 3.3972 0 0 0 
1300000 1429 991.608 702080.844 660.762 3.4054 0 0 0 
1310000 1439 993.143 709438.405 675.632 3.4144 0 0 0 
1320000 1449 994.398 716178.6 673.801 3.4262 0 0 0 
1330000 1459 995.423 722466.907 665.038 3.4397 0 0 0 
1340000 1469 996.26 728651.692 658.087 3.4485 0 0 0 
1350000 1479 996.944 735368.121 660.763 3.4508 0 0 0 
1360000 1489 997.503 742145.004 664.408 3.4466 0 0 0 
1370000 1499 997.96 749374.555 673.363 3.4451 0 0 0 
1380000 1509 998.333 756816.4 687.963 3.4496 0 0 0 
1390000 1519 998.638 763346.912 681.718 3.4565 0 0 0 
1400000 1529 998.887 770844.587 693.079 3.4534 0 0 0 
1410000 1539 999.091 778807.249 713.846 3.4523 0 0 0 
1420000 1549 999.257 784984.196 695.803 3.4581 0 0 0 
1430000 1560 985.232 790850.454 663.122 3.4134 0 0 0 
1440000 1570 987.933 797078.98 656.434 3.4241 0 0 0 
1450000 1580 990.14 804062.747 663.186 3.4321 0 0 0 
1460000 1590 991.944 811329.966 675.904 3.4226 0 0 0 
1470000 1600 993.418 819065.518 693.412 3.4316 0 0 0 
1480000 1610 994.622 827140.294 714.922 3.4387 0 0 0 
1490000 1620 995.606 835445.839 734.775 3.4397 0 0 0 
1500000 1630 996.409 843315.109 744.824 3.4499 0 0 0 
1510000 1640 997.066 850387.43 737.876 3.4483 0 0 0 
1520000 1650 997.603 856732.907 717.575 3.4572 0 0 0 
1530000 1660 998.041 863744.654 714.932 3.4557 0 0 0 
1540000 1670 998.4 870893.346 715.524 3.4524 0 0 0 
1550000 1680 998.692 878230.912 718.7 3.4598 0 0 0 
1560000 1690 998.932 885469.502 719.407 3.4669 0 0 0 
1570000 1700 999.127 891936.688 707.397 3.4723 0 0 0 
1580000 1710 999.287 898207.75 692.102 3.4764 0 0 0 
1590000 1720 999.417 903956.692 669.425 3.504 0 0 0 
1600000 1730 999.524 909358.924 646.846 3.5005 0 0 0 
1610000 1740 999.611 915127.136 634.605 3.4934 0 0 0 
1620000 1750 999.682 921805.585 639.414 3.4944 0 0 0 
1630000 1760 999.74 928780.215 650.438 3.4831 0 0 0 
1640000 1770 989.085 935106.146 639.581 3.4408 0 0 0 
1650000 1780 991.082 941395.152 636.918 3.4426 0 0 0 
1660000 1790 992.713 946122.181 609.223 3.4498 0 0 0 
1670000 1800 994.046 952593.45 616.749 3.4534 0 0 0 
1680000 1810 995.135 959362.789 622.818 3.4605 0 0 0 
1690000 1820 996.025 966069.886 633.694 3.4565 0 0 0 
1700000 1830 996.752 972935.138 642.562 3.4636 0 0 0 
1710000 1840 997.346 979791.597 649.377 3.4626 0 0 0 
1720000 1851 981.414 987781.873 668.852 3.4029 0 0 0 
1730000 1861 984.814 995186.792 678.29 3.4124 0 0 0 
1740000 1871 987.592 1003685.414 712.717 3.4165 0 0 0 
1750000 1881 989.862 1010569.654 711.148 3.4349 0 0 0 
1760000 1891 991.716 1017583.435 705.291 3.4439 0 0 0 
1770000 1901 993.232 1024400.882 704.324 3.456 0 0 0 
1780000 1911 994.47 1034783.649 755.149 3.461 0 0 0 
1790000 1921 995.481 1043431.361 776.981 3.4605 0 0 0 
1800000 1931 996.308 1052122.749 792.556 3.4628 0 0 0 
1810000 1941 996.983 1062701.662 839.531 3.4577 0 0 0 
1820000 1951 997.535 1071537.377 849.737 3.4557 0 0 0 
1830000 1961 997.986 1079962.929 848.025 3.4553 0 0 0 
1840000 1971 998.354 1088971.392 855.889 3.4527 0 0 0 
1850000 1981 998.655 1099645.485 895.354 3.4563 0 0 0 
1860000 1991 998.901 1110364.486 931.714 3.4497 0 0 0 
1870000 2001 999.102 1121045.355 950.303 3.4529 0 0 0 
1880000 2011 999.267 1128381.278 917.349 3.4473 0 0 0 
1890000 2022 984.635 1135645.533 865.266 3.4019 0 0 0 
1900000 2032 987.446 1145705.28 887.619 3.4142 0 0 0 
1910000 2042 989.742 1157693.666 946.722 3.4206 0 0 0 
1920000 2052 991.619 1171705.492 1028.301 3.4159 0 0 0 
1930000 2062 993.152 1181907.739 1028.33 3.4236 0 0 0 
1940000 2072 994.405 1191314.205 1008.355 3.4399 0 0 0 
1950000 2082 995.428 1201074.882 1004.054 3.4468 0 0 0 
1960000 2093 981.638 1209927.357 969.818 3.3993 0 0 0 
1970000 2103 984.997 1220718.707 987.774 3.4073 0 0 0 
1980000 2114 972.674 1233739.74 1031.295 3.349 0 0 0 
1990000 2124 977.673 1245365.974 1053.736 3.3626 0 0 0 
2000000 2134 981.757 1258252.288 1095.137 3.3723 0 0 0 
2010000 2144 985.094 1270130.843 1111.601 3.3947 0 0 0 
2020000 2154 987.821 1284339.526 1169.705 3.4055 0 0 0 
2030000 2164 990.049 1297297.699 1189.261 3.413 0 0 0 
2040000 2174 991.869 1310134.185 1205.51 3.4131 0 0 0 
2050000 2184 978.598 1323355.814 1210.682 3.3744 0 0 0 
2060000 2194 982.513 1338191.699 1263.381 3.389 0 0 0 
2070000 2204 985.712 1351992.316 1277.229 3.4033 0 0 0 
2080000 2214 988.325 1363414.187 1248.019 3.3952 0 0 0 
2090000 2224 990.461 1375516.345 1255.219 3.4014 0 0 0 
2100000 2234 992.206 1386849.808 1227.176 3.4044 0 0 0 
2110000 2244 993.632 1399448.792 1226.803 3.4104 0 0 0 
2120000 2254 994.797 1411118.279 1213.987 3.4221 0 0 0 
2130000 2264 995.748 1425329.854 1250.555 3.418 0 0 0 
2140000 2274 996.526 1438163.369 1260.457 3.4249 0 0 0 
2150000 2284 997.162 1450882.638 1264.972 3.4323 0 0 0 
2160000 2294 997.681 1466975.161 1322.413 3.4335 0 0 0 
2170000 2304 998.105 1482460.421 1365.294 3.4383 0 0 0 
2180000 2314 998.452 1495963.039 1383.073 3.4247 0 0 0 
2190000 2325 988.51 1509246.35 1344.32 3.398 0 0 0 
2200000 2336 978.052 1521044.479 1297.446 3.3747 0 0 0 
2210000 2346 982.067 1532789.109 1271.74 3.3907 0 0 0 
2220000 2356 975.053 1549304.96 1325.835 3.3658 0 0 0 
2230000 2366 979.617 1564308.916 1351.59 3.3843 0 0 0 
2240000 2376 983.345 1580739.82 1405.612 3.4006 0 0 0 
2250000 2386 986.392 1597768.742 1460.713 3.4054 0 0 0 
2260000 2396 988.881 1611686.784 1459.899 3.4094 0 0 0 
2270000 2406 990.915 1628554.737 1487.672 3.4109 0 0 0 
2280000 2416 992.577 1642494.886 1467.329 3.4126 0 0 0 
2290000 2426 993.935 1659513.789 1508.93 3.4218 0 0 0 
2300000 2436 995.044 1676195.576 1538.817 3.4198 0 0 0 
2310000 2446 995.951 1694796.713 1597.974 3.4132 0 0 0 
2320000 2456 996.692 1712255.766 1648.884 3.4091 0 0 0 
2330000 2466 997.297 1728343.548 1621.483 3.4189 0 0 0 
2340000 2476 997.791 1747320.328 1672.102 3.4131 0 0 0 
2350000 2486 998.195 1764160.493 1673.224 3.4281 0 0 0 
2360000 2496 998.525 1781851.464 1691.301 3.4271 0 0 0 
2370000 2506 998.795 1800287.104 1718.322 3.4256 0 0 0 
2380000 2516 999.016 1819886.976 1763.409 3.4267 0 0 0 
2390000 2526 999.196 1838302.34 1778.782 3.422 0 0 0 
2400000 2536 999.343 1857492.762 1806.124 3.4183 0 0 0 
2410000 2546 999.463 1876561.735 1825.268 3.4153 0 0 0 
2420000 2556 999.561 1894902.731 1830.693 3.416 0 0 0 
2430000 2566 999.641 1913347.193 1826.369 3.3755 0 0 0 
2440000 2576 999.707 1931920.852 1831.656 3.3013 0 0 0 
2450000 2586 999.761 1949043.726 1813.563 3.3032 0 0 0 
2460000 2596 999.804 1967083.509 1809.02 3.3243 0 0 0 
2470000 2606 998.52 1985492.661 1810.545 3.3452 0 0 0 
2480000 2616 998.791 2004284.724 1820.789 3.3671 0 0 0 
2490000 2626 999.012 2021890.783 1818.068 3.3818 0 0 0 
2500000 2636 999.193 2040010.278 1809.916 3.3997 0 0 0 
2510000 2646 999.34 2059559.231 1835.035 3.4117 0 0 0 
2520000 2656 999.461 2079162.838 1855.351 3.4147 0 0 0 
2530000 2666 999.56 2098719.758 1876.352 3.4236 0 0 0 
2540000 2676 999.64 2119229.026 1908.041 3.4265 0 0 0 
2550000 2686 999.706 2138818.293 1916.94 3.4451 0 0 0 
2560000 2696 999.76 2157478.113 1907.413 3.4543 0 0 0 
2570000 2706 999.804 2176261.167 1907.266 3.4554 0 0 0 
2580000 2716 999.84 2193495.666 1868.471 3.4562 0 0 0 
2590000 2726 999.869 2213047.68 1891.099 3.4606 0 0 0 
2600000 2736 999.893 2231886.377 1881.863 3.466 0 0 0 
2610000 2746 999.913 2250858.555 1888.053 3.4667 0 0 0 
2620000 2757 983.348 2272844.823 1911.805 3.4109 0 0 0 
2630000 2767 986.394 2294027.171 1974.254 3.4155 0 0 0 
2640000 2777 988.883 2310882.086 1904.684 3.4274 0 0 0 
2650000 2787 990.917 2331090.859 1937.16 3.4355 0 0 0 
2660000 2797 992.578 2351922.047 1954.018 3.4393 0 0 0 
2670000 2807 993.936 2372188.91 1968.462 3.4506 0 0 0 
2680000 2817 995.045 2392530.615 1982.078 3.4463 0 0 0 
2690000 2827 995.952 2411546.361 1964.368 3.445 0 0 0 
2700000 2837 996.692 2432233.685 1981.386 3.4555 0 0 0 
2710000 2847 997.297 2453498.56 2011.261 3.4392 0 0 0 
2720000 2857 997.792 2475074.492 2035.353 3.4402 0 0 0 
2730000 2867 998.196 2494033.979 2013.303 3.4423 0 0 0 
2740000 2877 998.526 2515713.131 2038.626 3.4329 0 0 0 
2750000 2887 998.795 2535706.903 2030.161 3.4358 0 0 0 
2760000 2897 999.016 2557201.215 2051.167 3.4389 0 0 0 
2770000 2907 999.196 2579660.456 2089.717 3.4353 0 0 0 
2780000 2917 999.343 2601332.681 2098.955 3.4436 0 0 0 
2790000 2927 999.463 2624666.306 2141.205 3.4383 0 0 0 
2800000 2937 999.561 2646280.685 2147.733 3.45 0 0 0 
2810000 2947 999.642 2666652.497 2127.386 3.4431 0 0 0 
2820000 2957 999.707 2685281.607 2078.105 3.4533 0 0 0 
2830000 2967 999.761 2700358.877 1969.459 3.4587 0 0 0 
2840000 2977 999.804 2719163.019 1955.884 3.4619 0 0 0 
2850000 2987 999.84 2739329.786 1976.487 3.468 0 0 0 
2860000 2997 999.869 2753710.422 1864.872 3.4727 0 0 0 
2870000 3007 999.893 2772585.376 1874.029 3.4773 0 0 0 
2880000 3017 999.913 2790518.248 1852.457 3.4755 0 0 0 
2890000 3027 999.929 2809353.188 1862.374 3.4844 0 0 0 
2900000 3037 999.942 2827905.448 1860.505 3.4904 0 0 0 
2910000 3047 999.952 2848661.568 1908.066 3.4827 0 0 0 
2920000 3057 999.961 2868840.308 1919.727 3.4794 0 0 0 
2930000 3067 999.968 2886832.94 1903.8 3.4726 0 0 0 
2940000 3077 999.974 2907436.341 1927.726 3.4789 0 0 0 
2950000 3087 999.979 2922869.433 1868.578 3.472 0 0 0 
2960000 3097 999.983 2940886.831 1849.436 3.459 0 0 0 
2970000 3107 999.986 2955631.64 1790.043 3.462 0 0 0 
2980000 3117 999.988 2974859.023 1803.382 3.4635 0 0 0 
2990000 3127 999.991 2996028.799 1860.933 3.4686 0 0 0 
3000000 3137 999.992 3015587.545 1894.664 3.4676 0 0 0 
3010000 3147 999.994 3030894.61 1816.144 3.4804 0 0 0 
3020000 3157 999.995 3045842.978 1755.744 3.4816 0 0 0 
3030000 3167 999.996 3064043.655 1762.533 3.4824 0 0 0 
3040000 3177 999.997 3084974.041 1821.478 3.4822 0 0 0 
3050000 3187 999.997 3104595.673 1850.612 3.4799 0 0 0 
3060000 3197 999.998 3126175.882 1913.247 3.4752 0 0 0 
3070000 3207 999.998 3146856.836 1938.951 3.4804 0 0 0 
3080000 3217 999.998 3168755.562 1981.637 3.4776 0 0 0 
3090000 3227 999.999 3187953.092 1986.213 3.473 0 0 0 
3100000 3237 999.999 3209041.944 1994.443 3.4607 0 0 0 
3110000 3247 999.999 3230426.636 2021.324 3.4577 0 0 0 
3120000 3257 999.999 3251671.402 2049.538 3.4556 0 0 0 
3130000 3267 999.999 3271964.073 2056.411 3.4656 0 0 0 
3140000 3277 1000.0 3286816.446 1930.453 3.4704 0 0 0 
3150000 3287 1000.0 3299798.259 1839.13 3.4709 0 0 0 
3160000 3297 1000.0 3317954.133 1816.449 3.471 0 0 0 
3170000 3307 1000.0 3334479.332 1780.835 3.471 0 0 0 
3180000 3317 1000.0 3353321.501 1801.48 3.4759 0 0 0 
3190000 3327 1000.0 3374525.941 1881.513 3.4767 0 0 0 
3200000 3337 1000.0 3393688.708 1869.032 3.4769 0 0 0 
3210000 3347 1000.0 3415753.99 1929.551 3.4722 0 0 0 
3220000 3357 1000.0 3434406.551 1928.651 3.4749 0 0 0 
3230000 3367 1000.0 3451607.591 1882.628 3.4675 0 0 0 
3240000 3377 1000.0 3467965.83 1843.689 3.4727 0 0 0 
3250000 3387 1000.0 3482308.704 1777.776 3.4738 0 0 0 
3260000 3397 1000.0 3501336.537 1780.953 3.4696 0 0 0 
3270000 3407 1000.0 3520527.526 1804.533 3.4699 0 0 0 
3280000 3417 1000.0 3541535.276 1866.071 3.4682 0 0 0 
3290000 3427 1000.0 3563423.983 1920.567 3.4692 0 0 0 
3300000 3437 1000.0 3583509.894 1942.093 3.4695 0 0 0 
3310000 3447 1000.0 3601861.92 1919.593 3.4667 0 0 0 
3320000 3457 1000.0 3623138.553 1953.168 3.4631 0 0 0 
3330000 3467 1000.0 3643357.303 1966.402 3.4642 0 0 0 
3340000 3477 1000.0 3665081.398 2002.874 3.4638 0 0 0 
3350000 3487 1000.0 3685827.84 2020.69 3.4627 0 0 0 
3360000 3497 1000.0 3707472.032 2043.464 3.46 0 0 0 
3370000 3507 1000.0 3730004.968 2082.462 3.4597 0 0 0 
3380000 3517 1000.0 3753409.652 2127.673 3.4651 0 0 0 
3390000 3527 1000.0 3776938.738 2167.885 3.4641 0 0 0 
3400000 3537 1000.0 3799679.197 2189.543 3.4676 0 0 0 
3410000 3547 1000.0 3823251.073 2217.884 3.4596 0 0 0 
3420000 3557 1000.0 3842076.21 2165.036 3.4601 0 0 0 
3430000 3567 1000.0 3862708.018 2139.825 3.47 0 0 0 
3440000 3577 1000.0 3886105.93 2176.531 3.4731 0 0 0 
3450000 3587 1000.0 3909410.35 2201.84 3.4743 0 0 0 
3460000 3597 1000.0 3931902.709 2213.038 3.4655 0 0 0 
3470000 3607 1000.0 3954136.794 2213.136 3.4609 0 0 0 
3480000 3617 1000.0 3977302.766 2236.206 3.4674 0 0 0 
3490000 3627 1000.0 3998946.056 2219.709 3.4668 0 0 0 
3500000 3637 1000.0 4019844.561 2191.764 3.4577 0 0 0 
3510000 3647 1000.0 4039788.345 2163.799 3.4537 0 0 0 
3520000 3657 1000.0 4063032.842 2192.393 3.4578 0 0 0 
3530000 3667 1000.0 4086578.63 2219.636 3.4586 0 0 0 
3540000 3677 1000.0 4109844.309 2242.407 3.4671 0 0 0 
3550000 3687 1000.0 4130924.431 2214.12 3.4586 0 0 0 
3560000 3697 1000.0 4152073.847 2196.102 3.4613 0 0 0 
3570000 3707 1000.0 4173547.386 2185.025 3.4694 0 0 0 
3580000 3717 1000.0 4195838.182 2199.595 3.4719 0 0 0 
3590000 3727 1000.0 4218377.959 2231.851 3.4718 0 0 0 
3600000 3737 1000.0 4242090.443 2234.094 3.4833 0 0 0 
3610000 3747 1000.0 4262056.702 2193.83 3.477 0 0 0 
3620000 3757 1000.0 4285230.358 2213.554 3.4942 0 0 0 
3630000 3767 1000.0 4307785.715 2221.527 3.494 0 0 0 
3640000 3777 1000.0 4332327.928 2265.105 3.4801 0 0 0 
3650000 3787 1000.0 4356434.506 2292.74 3.4843 0 0 0 
3660000 3797 1000.0 4377994.865 2265.481 3.4864 0 0 0 
3670000 3807 1000.0 4399058.382 2240.385 3.4972 0 0 0 
3680000 3817 1000.0 4422963.923 2264.397 3.4825 0 0 0 
3690000 3827 1000.0 4444082.857 2235.226 3.4883 0 0 0 
3700000 3837 1000.0 4464079.561 2194.364 3.4937 0 0 0 
3710000 3847 1000.0 4486133.561 2197.257 3.4892 0 0 0 
3720000 3857 1000.0 4507624.84 2188.983 3.4865 0 0 0 
3730000 3867 1000.0 4529902.33 2194.615 3.4869 0 0 0 
3740000 3877 1000.0 4553428.791 2230.238 3.4855 0 0 0 
3750000 3887 1000.0 4577256.43 2253.031 3.4847 0 0 0 
3760000 3897 1000.0 4599477.155 2246.606 3.4823 0 0 0 
3770000 3907 1000.0 4622819.238 2265.056 3.4685 0 0 0 
3780000 3918 985.212 4645726.23 2238.061 3.4146 0 0 0 
3790000 3929 974.425 4667741.178 2201.606 3.388 0 0 0 
3800000 3939 970.556 4689334.173 2176.931 3.3829 0 0 0 
3810000 3949 975.942 4713211.091 2213.44 3.4008 0 0 0 
3820000 3959 980.343 4736729.37 2238.664 3.4115 0 0 0 
3830000 3969 983.939 4759379.356 2243.149 3.4198 0 0 0 
3840000 3979 986.877 4781341.253 2236.737 3.426 0 0 0 
3850000 3989 989.277 4804913.856 2256.048 3.4416 0 0 0 
3860000 3999 991.239 4827775.714 2264.14 3.455 0 0 0 
3870000 4009 992.841 4851251.714 2275.808 3.4624 0 0 0 
3880000 4019 994.151 4874478.948 2287.69 3.4541 0 0 0 
3890000 4029 995.221 4896562.976 2284.919 3.4583 0 0 0 
3900000 4039 996.095 4918618.91 2257.091 3.4595 0 0 0 
3910000 4049 996.809 4937205.965 2207.698 3.4609 0 0 0 
3920000 4059 997.393 4954731.267 2104.927 3.4729 0 0 0 
3930000 4070 988.934 4971065.913 2002.095 3.446 0 0 0 
3940000 4080 990.958 4983852.152 1873.039 3.4554 0 0 0 
3950000 4091 975.473 4998934.307 1766.27 3.3968 0 0 0 
3960000 4101 979.959 5015948.618 1751.578 3.4245 0 0 0 
3970000 4111 983.625 5032431.464 1733.518 3.4349 0 0 0 
3980000 4121 986.621 5046755.609 1676.289 3.4441 0 0 0 
3990000 4131 989.068 5065318.74 1712.089 3.4523 0 0 0 
4000000 4141 991.068 5078870.441 1647.207 3.4598 0 0 0 
