10000 53 122.931 -33.718 -0.413 0.4275 0 0 0 
20000 103 168.79 -66.703 -0.553 0.5875 0 0 0 
30000 225 140.625 -74.017 -0.097 0.8057 0 0 0 
40000 475 40.843 -69.917 0.016 0.2957 0 0 0 
50000 724 40.344 -65.842 0.017 0.2912 0 0 0 
60000 814 100.182 -64.747 0.013 0.6203 0 0 0 
70000 1008 52.776 -61.519 0.017 0.3624 0 0 0 
80000 1192 89.363 -58.612 0.014 0.5599 0 0 0 
90000 1216 213.023 -58.689 0.008 1.2674 0 0 0 
100000 1243 274.131 -58.782 0.003 1.6131 0 0 0 
110000 1271 318.891 -58.91 -0.0 1.8539 0 0 0 
120000 1302 315.463 -59.073 -0.003 1.8367 0 0 0 
130000 1330 334.145 -59.24 -0.004 1.9343 0 0 0 
140000 1354 369.012 -60.734 -0.03 2.1157 0 0 0 
150000 1368 446.447 -62.839 -0.06 2.5299 0 0 0 
160000 1554 51.737 -60.188 0.015 0.3557 0 0 0 
170000 1804 40.27 -56.08 0.017 0.2937 0 0 0 
180000 2054 40.201 -52.001 0.017 0.2895 0 0 0 
190000 2304 40.084 -47.838 0.017 0.2969 0 0 0 
200000 2553 40.138 -43.708 0.017 0.2908 0 0 0 
210000 2632 147.984 -45.564 -0.034 0.8837 0 0 0 
220000 2809 47.673 -43.726 0.012 0.3343 0 0 0 
230000 3058 40.226 -39.742 0.016 0.291 0 0 0 
240000 3308 40.112 -35.764 0.016 0.2901 0 0 0 
250000 3558 40.175 -31.777 0.016 0.2932 0 0 0 
260000 3808 40.076 -27.789 0.016 0.2924 0 0 0 
270000 4057 40.336 -23.711 0.016 0.2937 0 0 0 
280000 4298 41.669 -19.863 0.016 0.3016 0 0 0 
290000 4521 49.118 -16.683 0.011 0.3396 0 0 0 
300000 4570 156.471 -18.888 -0.027 0.9343 0 0 0 
310000 4636 148.202 -20.299 -0.02 0.8871 0 0 0 
320000 4710 133.003 -21.406 -0.014 0.8015 0 0 0 
330000 4834 82.544 -20.457 0.006 0.5236 0 0 0 
340000 4880 182.343 -21.032 -0.007 1.0771 0 0 0 
350000 4927 208.982 -21.095 -0.004 1.2257 0 0 0 
360000 4965 224.916 -21.901 -0.012 1.3162 0 0 0 
370000 4997 265.354 -22.243 -0.011 1.5427 0 0 0 
380000 5029 280.761 -22.658 -0.011 1.6274 0 0 0 
390000 5063 281.885 -22.628 -0.005 1.6428 0 0 0 
400000 5134 177.174 -21.801 0.008 1.0638 0 0 0 
410000 5188 168.352 -21.288 0.01 1.0224 0 0 0 
420000 5225 221.661 -21.126 0.007 1.3142 0 0 0 
430000 5278 184.217 -20.587 0.009 1.1109 0 0 0 
440000 5368 105.688 -19.507 0.013 0.6654 0 0 0 
450000 5534 59.5 -16.798 0.017 0.4015 0 0 0 
460000 5714 55.25 -13.738 0.017 0.3775 0 0 0 
470000 5859 73.358 -11.396 0.016 0.4853 0 0 0 
480000 5954 124.093 -10.514 0.007 0.7624 0 0 0 
490000 6002 175.907 -10.167 0.008 1.0568 0 0 0 
500000 6019 296.921 -10.035 0.007 1.7365 0 0 0 
510000 6033 399.591 -9.966 0.006 2.3195 0 0 0 
520000 6047 476.52 -10.215 0.002 2.7549 0 0 0 
530000 6066 486.447 -10.658 -0.006 2.8075 0 0 0 
540000 6081 534.211 -11.234 -0.015 3.0735 0 0 0 
550000 6099 537.687 -11.266 -0.011 3.0936 0 0 0 
560000 6126 463.835 -10.812 0.001 2.6799 0 0 0 
570000 6166 342.419 -9.87 0.014 1.9974 0 0 0 
580000 6201 311.372 -9.424 0.013 1.8229 0 0 0 
590000 6221 369.802 -9.112 0.014 2.1556 0 0 0 
600000 6247 371.791 -8.218 0.023 2.1595 0 0 0 
610000 6273 374.97 -7.388 0.027 2.1819 0 0 0 
620000 6290 436.554 -6.968 0.027 2.5229 0 0 0 
630000 6304 507.413 -6.671 0.025 2.9333 0 0 0 
640000 6323 514.662 -5.87 0.031 2.9585 0 0 0 
650000 6338 551.585 -5.29 0.033 3.1571 0 0 0 
660000 6368 451.273 -4.766 0.027 2.5917 0 0 0 
670000 6400 384.401 -4.151 0.024 2.2184 0 0 0 
680000 6422 411.423 -3.356 0.027 2.3747 0 0 0 
690000 6446 408.319 -2.609 0.03 2.3614 0 0 0 
700000 6466 436.363 -1.703 0.035 2.5149 0 0 0 
710000 6488 447.733 -0.902 0.035 2.5842 0 0 0 
720000 6515 415.091 -0.388 0.028 2.4028 0 0 0 
730000 6548 357.776 0.603 0.03 2.0774 0 0 0 
740000 6580 332.634 1.543 0.03 1.9282 0 0 0 
750000 6605 359.3 2.036 0.025 2.0813 0 0 0 
760000 6692 131.868 5.033 0.039 0.8145 0 0 0 
770000 6794 119.425 14.185 0.075 0.7419 0 0 0 
780000 6898 85.542 20.62 0.059 0.5534 0 0 0 
790000 6995 106.222 25.158 0.051 0.6669 0 0 0 
800000 7134 68.723 35.134 0.072 0.4547 0 0 0 
810000 7310 57.234 49.653 0.088 0.3912 0 0 0 
820000 7484 57.84 65.047 0.092 0.3955 0 0 0 
830000 7652 60.324 79.37 0.085 0.4077 0 0 0 
840000 7823 58.742 93.047 0.079 0.4018 0 0 0 
850000 7996 58.765 103.68 0.058 0.4004 0 0 0 
860000 8071 140.672 107.655 0.051 0.8649 0 0 0 
870000 8158 105.803 113.822 0.072 0.67 0 0 0 
880000 8254 108.345 120.304 0.068 0.6767 0 0 0 
890000 8348 103.871 125.855 0.061 0.6511 0 0 0 
900000 8440 94.882 133.186 0.069 0.6031 0 0 0 
910000 8522 123.755 141.315 0.098 0.7696 0 0 0 
920000 8656 75.772 154.711 0.095 0.4938 0 0 0 
930000 8797 67.852 167.644 0.093 0.4501 0 0 0 
940000 8908 87.791 179.676 0.114 0.5592 0 0 0 
950000 8994 103.344 192.828 0.141 0.6491 0 0 0 
960000 9092 97.759 208.338 0.16 0.6092 0 0 0 
970000 9199 100.875 223.148 0.148 0.6312 0 0 0 
980000 9285 117.224 235.921 0.15 0.7182 0 0 0 
990000 9373 122.113 248.984 0.159 0.749 0 0 0 
1000000 9420 176.71 259.198 0.192 1.0412 0 0 0 
1010000 9454 224.141 270.374 0.249 1.299 0 0 0 
1020000 9495 237.825 278.857 0.232 1.3789 0 0 0 
1030000 9552 182.024 292.475 0.223 1.0704 0 0 0 
1040000 9575 281.424 304.482 0.338 1.6113 0 0 0 
1050000 9609 292.678 316.257 0.342 1.6726 0 0 0 
1060000 9626 379.42 324.613 0.397 2.1483 0 0 0 
1070000 9652 375.177 335.019 0.391 2.1184 0 0 0 
1080000 9687 323.848 348.145 0.372 1.8365 0 0 0 
1090000 9731 261.034 361.609 0.326 1.4922 0 0 0 
1100000 9781 218.041 375.699 0.293 1.2663 0 0 0 
1110000 9826 216.936 389.095 0.289 1.2627 0 0 0 
1120000 9881 195.403 404.102 0.285 1.1466 0 0 0 
1130000 9952 142.42 419.89 0.222 0.8498 0 0 0 
1140000 10029 131.797 433.699 0.191 0.7905 0 0 0 
1150000 10095 136.898 448.398 0.201 0.8178 0 0 0 
1160000 10150 172.28 462.014 0.244 1.0114 0 0 0 
1170000 10213 159.896 477.884 0.246 0.9473 0 0 0 
1180000 10302 116.655 492.498 0.176 0.717 0 0 0 
1190000 10395 110.413 505.816 0.15 0.6774 0 0 0 
1200000 10495 97.03 518.697 0.124 0.6007 0 0 0 
1210000 10596 98.329 530.049 0.111 0.6068 0 0 0 
1220000 10704 88.05 543.018 0.111 0.5523 0 0 0 
1230000 10807 96.359 556.427 0.126 0.6048 0 0 0 
1240000 10891 113.77 571.497 0.169 0.6993 0 0 0 
1250000 10954 135.724 586.465 0.207 0.8198 0 0 0 
1260000 11023 141.821 601.813 0.22 0.8501 0 0 0 
1270000 11085 158.58 618.075 0.256 0.9451 0 0 0 
1280000 11155 144.296 633.474 0.229 0.8646 0 0 0 
1290000 11230 138.055 648.52 0.21 0.8266 0 0 0 
1300000 11286 161.155 661.717 0.225 0.9523 0 0 0 
1310000 11333 188.321 676.123 0.27 1.1108 0 0 0 
1320000 11371 226.726 688.505 0.294 1.3333 0 0 0 
1330000 11406 247.328 703.736 0.354 1.4391 0 0 0 
1340000 11440 273.495 718.878 0.404 1.5839 0 0 0 
1350000 11477 270.628 733.733 0.406 1.5601 0 0 0 
1360000 11502 330.275 746.479 0.454 1.8861 0 0 0 
1370000 11530 338.426 761.057 0.478 1.93 0 0 0 
1380000 11563 320.033 774.392 0.443 1.8261 0 0 0 
1390000 11601 289.398 788.588 0.406 1.6639 0 0 0 
1400000 11631 310.487 803.903 0.456 1.7836 0 0 0 
1410000 11669 290.216 819.715 0.44 1.668 0 0 0 
1420000 11712 252.182 836.026 0.401 1.4586 0 0 0 
1430000 11758 224.942 852.403 0.364 1.3113 0 0 0 
1440000 11835 149.239 869.609 0.255 0.8906 0 0 0 
1450000 11904 137.014 887.93 0.249 0.8277 0 0 0 
1460000 12089 48.438 900.531 0.046 0.3424 0 0 0 
1470000 12159 121.242 917.042 0.194 0.7385 0 0 0 
1480000 12211 170.014 932.567 0.264 1.0153 0 0 0 
1490000 12278 156.235 950.337 0.272 0.9397 0 0 0 
1500000 12362 121.787 968.345 0.22 0.748 0 0 0 
1510000 12465 110.589 985.716 0.191 0.6851 0 0 0 
1520000 12575 96.765 1003.109 0.171 0.6079 0 0 0 
1530000 12680 96.009 1019.085 0.154 0.6045 0 0 0 
1540000 12792 89.868 1034.302 0.135 0.571 0 0 0 
1550000 12869 128.849 1051.445 0.224 0.7852 0 0 0 
1560000 12992 83.755 1067.684 0.141 0.5409 0 0 0 
1570000 13103 93.954 1083.171 0.145 0.6006 0 0 0 
1580000 13189 122.028 1098.187 0.186 0.7471 0 0 0 
1590000 13276 112.613 1112.656 0.166 0.6992 0 0 0 
1600000 13342 141.09 1128.752 0.219 0.8597 0 0 0 
1610000 13388 189.849 1145.573 0.31 1.1234 0 0 0 
1620000 13422 243.841 1163.069 0.421 1.4207 0 0 0 
1630000 13456 264.397 1182.372 0.491 1.5394 0 0 0 
1640000 13489 290.614 1198.119 0.501 1.6779 0 0 0 
1650000 13524 282.917 1214.585 0.481 1.635 0 0 0 
1660000 13575 225.567 1229.031 0.357 1.3265 0 0 0 
1670000 13607 267.822 1246.241 0.444 1.5561 0 0 0 
1680000 13634 299.72 1261.653 0.484 1.732 0 0 0 
1690000 13673 271.969 1278.029 0.441 1.5743 0 0 0 
1700000 13711 262.467 1294.572 0.424 1.5246 0 0 0 
1710000 13774 196.235 1312.673 0.346 1.1607 0 0 0 
1720000 13825 183.782 1332.505 0.349 1.084 0 0 0 
1730000 13874 186.592 1349.667 0.327 1.1019 0 0 0 
1740000 13914 223.922 1368.412 0.409 1.3003 0 0 0 
1750000 13953 232.468 1382.326 0.362 1.3549 0 0 0 
1760000 14000 226.816 1392.786 0.284 1.3275 0 0 0 
1770000 14034 254.587 1408.185 0.358 1.4858 0 0 0 
1780000 14075 242.629 1424.295 0.359 1.4163 0 0 0 
1790000 14108 268.368 1441.53 0.431 1.5581 0 0 0 
1800000 14143 269.146 1458.375 0.436 1.5643 0 0 0 
1810000 14186 247.831 1472.21 0.369 1.4597 0 0 0 
1820000 14227 231.934 1485.973 0.323 1.3718 0 0 0 
1830000 14277 212.773 1499.492 0.289 1.2585 0 0 0 
1840000 14322 222.17 1513.043 0.31 1.314 0 0 0 
1850000 14350 288.955 1532.117 0.502 1.6813 0 0 0 
1860000 14380 309.604 1552.263 0.584 1.7935 0 0 0 
1870000 14412 310.149 1573.329 0.616 1.7977 0 0 0 
1880000 14445 310.043 1593.556 0.626 1.7976 0 0 0 
1890000 14487 268.721 1611.386 0.515 1.5597 0 0 0 
1900000 14521 289.826 1633.347 0.593 1.6718 0 0 0 
1910000 14556 286.163 1652.436 0.572 1.6493 0 0 0 
1920000 14588 292.871 1674.011 0.609 1.6848 0 0 0 
1930000 14623 289.396 1685.997 0.466 1.6948 0 0 0 
1940000 14658 279.977 1696.823 0.388 1.6448 0 0 0 
1950000 14710 227.598 1714.579 0.371 1.3392 0 0 0 
1960000 14750 250.006 1727.757 0.368 1.4689 0 0 0 
1970000 14791 245.762 1742.404 0.368 1.4507 0 0 0 
1980000 14822 271.114 1754.227 0.365 1.5927 0 0 0 
1990000 14845 338.183 1762.525 0.365 1.9852 0 0 0 
2000000 14877 321.559 1769.768 0.292 1.8908 0 0 0 
2010000 14907 310.168 1774.582 0.23 1.8192 0 0 0 
2020000 14924 386.845 1778.743 0.237 2.251 0 0 0 
2030000 14969 287.259 1791.644 0.249 1.6844 0 0 0 
2040000 15019 231.45 1807.299 0.292 1.3672 0 0 0 
2050000 15070 211.604 1826.43 0.351 1.249 0 0 0 
2060000 15111 236.448 1846.589 0.453 1.3895 0 0 0 
2070000 15143 272.514 1866.23 0.529 1.574 0 0 0 
2080000 15181 262.846 1886.912 0.538 1.5218 0 0 0 
2090000 15216 282.649 1910.31 0.618 1.6356 0 0 0 
2100000 15247 290.501 1931.127 0.611 1.6744 0 0 0 
2110000 15276 318.953 1952.593 0.676 1.8284 0 0 0 
2120000 15305 334.673 1971.991 0.668 1.9243 0 0 0 
2130000 15339 301.989 1989.906 0.584 1.7388 0 0 0 
2140000 15383 249.948 2006.944 0.468 1.4521 0 0 0 
2150000 15430 239.075 2024.503 0.429 1.392 0 0 0 
2160000 15469 251.119 2042.555 0.467 1.4522 0 0 0 
2170000 15505 267.855 2063.104 0.528 1.5411 0 0 0 
2180000 15550 229.675 2079.753 0.411 1.3357 0 0 0 
2190000 15591 233.721 2096.693 0.394 1.36 0 0 0 
2200000 15617 298.651 2119.155 0.594 1.7211 0 0 0 
2210000 15651 308.617 2137.833 0.595 1.7749 0 0 0 
2220000 15686 297.152 2160.913 0.625 1.7129 0 0 0 
2230000 15716 312.454 2184.38 0.701 1.8008 0 0 0 
2240000 15751 294.052 2207.501 0.67 1.6989 0 0 0 
2250000 15784 309.755 2227.777 0.667 1.7789 0 0 0 
2260000 15822 281.5 2251.233 0.63 1.625 0 0 0 
2270000 15845 333.319 2278.642 0.822 1.9174 0 0 0 
2280000 15874 348.378 2302.515 0.858 1.992 0 0 0 
2290000 15897 374.778 2326.801 0.926 2.1413 0 0 0 
2300000 15925 366.234 2353.358 0.921 2.0854 0 0 0 
2310000 15958 328.404 2376.922 0.804 1.8795 0 0 0 
2320000 15990 323.606 2398.164 0.743 1.8566 0 0 0 
2330000 16014 353.999 2422.66 0.844 2.0244 0 0 0 
2340000 16049 318.312 2443.695 0.721 1.8341 0 0 0 
2350000 16086 289.97 2465.038 0.636 1.6696 0 0 0 
2360000 16117 306.499 2486.985 0.687 1.7575 0 0 0 
2370000 16143 337.743 2509.546 0.752 1.9235 0 0 0 
2380000 16163 401.655 2534.11 0.939 2.2779 0 0 0 
2390000 16193 365.735 2558.249 0.863 2.0872 0 0 0 
2400000 16216 395.815 2583.657 0.961 2.2501 0 0 0 
2410000 16233 460.441 2609.333 1.146 2.608 0 0 0 
2420000 16259 422.66 2634.308 1.058 2.3964 0 0 0 
2430000 16278 455.195 2661.611 1.177 2.5849 0 0 0 
2440000 16294 499.596 2688.846 1.306 2.8286 0 0 0 
2450000 16308 555.674 2712.77 1.428 3.131 0 0 0 
2460000 16338 445.499 2737.045 1.123 2.5339 0 0 0 
2470000 16364 415.943 2763.698 1.079 2.3711 0 0 0 
2480000 16393 380.224 2788.543 0.955 2.1715 0 0 0 
2490000 16410 439.162 2816.587 1.152 2.4881 0 0 0 
2500000 16428 477.331 2846.627 1.328 2.7067 0 0 0 
2510000 16447 494.055 2875.096 1.381 2.8102 0 0 0 
2520000 16468 495.398 2901.328 1.364 2.81 0 0 0 
2530000 16483 536.932 2928.288 1.467 3.0377 0 0 0 
2540000 16528 337.472 2953.49 0.886 1.9396 0 0 0 
2550000 16565 308.687 2980.162 0.825 1.7819 0 0 0 
2560000 16592 342.501 3005.719 0.9 1.9695 0 0 0 
2570000 16619 353.923 3032.93 0.944 2.0328 0 0 0 
2580000 16638 407.703 3060.787 1.104 2.3283 0 0 0 
2590000 16654 468.264 3089.545 1.308 2.6628 0 0 0 
2600000 16677 456.452 3119.046 1.296 2.5995 0 0 0 
2610000 16735 231.618 3127.243 0.484 1.3552 0 0 0 
2620000 16838 127.278 3137.597 0.159 0.7931 0 0 0 
2630000 16914 128.915 3148.469 0.148 0.794 0 0 0 
2640000 16977 160.908 3163.703 0.239 0.9607 0 0 0 
2650000 17026 180.7 3180.522 0.29 1.07 0 0 0 
2660000 17064 228.52 3196.039 0.366 1.335 0 0 0 
2670000 17095 274.45 3210.959 0.421 1.588 0 0 0 
2680000 17112 371.026 3234.709 0.713 2.1094 0 0 0 
2690000 17131 418.426 3259.757 0.907 2.3648 0 0 0 
2700000 17149 456.128 3287.854 1.086 2.5666 0 0 0 
2710000 17165 502.983 3316.636 1.272 2.8233 0 0 0 
2720000 17179 554.134 3347.266 1.502 3.1164 0 0 0 
2730000 17196 560.283 3374.546 1.529 3.16 0 0 0 
2740000 17216 536.247 3399.797 1.423 3.0302 0 0 0 
2750000 17241 480.87 3427.593 1.295 2.7262 0 0 0 
2760000 17262 471.488 3457.516 1.307 2.6737 0 0 0 
2770000 17277 522.003 3487.13 1.477 2.947 0 0 0 
2780000 17293 548.896 3514.107 1.534 3.0912 0 0 0 
2790000 17314 527.155 3544.559 1.512 2.9682 0 0 0 
2800000 17347 412.117 3573.671 1.173 2.3434 0 0 0 
2810000 17385 331.983 3600.376 0.913 1.9011 0 0 0 
2820000 17402 403.405 3629.308 1.138 2.2897 0 0 0 
2830000 17426 405.604 3663.521 1.235 2.313 0 0 0 
2840000 17448 423.874 3695.144 1.312 2.4121 0 0 0 
2850000 17463 483.794 3719.989 1.389 2.7429 0 0 0 
2860000 17482 496.56 3753.236 1.505 2.8135 0 0 0 
2870000 17501 501.071 3785.245 1.539 2.8347 0 0 0 
2880000 17539 373.221 3812.265 1.097 2.1285 0 0 0 
2890000 17577 315.748 3842.869 0.942 1.8134 0 0 0 
2900000 17612 286.45 3871.957 0.832 1.6476 0 0 0 
2910000 17667 213.495 3891.713 0.525 1.2495 0 0 0 
2920000 17748 146.685 3909.477 0.297 0.8862 0 0 0 
2930000 17800 175.558 3931.582 0.375 1.0429 0 0 0 
2940000 17836 235.67 3956.565 0.567 1.3753 0 0 0 
2950000 17879 228.451 3978.644 0.521 1.332 0 0 0 
2960000 17905 300.072 4005.219 0.752 1.7274 0 0 0 
2970000 17930 334.75 4032.711 0.882 1.928 0 0 0 
2980000 17957 346.244 4056.501 0.868 1.9919 0 0 0 
2990000 17973 421.323 4083.803 1.093 2.4029 0 0 0 
3000000 17984 518.116 4113.381 1.412 2.9351 0 0 0 
3010000 17999 542.849 4141.033 1.488 3.0696 0 0 0 
3020000 18013 581.073 4167.128 1.58 3.2767 0 0 0 
3030000 18028 602.595 4201.298 1.732 3.3951 0 0 0 
3040000 18043 619.991 4232.03 1.831 3.4947 0 0 0 
3050000 18058 626.971 4258.79 1.822 3.5366 0 0 0 
3060000 18078 592.659 4284.856 1.66 3.3468 0 0 0 
3070000 18090 631.266 4311.519 1.759 3.5604 0 0 0 
3080000 18106 625.46 4342.411 1.767 3.5318 0 0 0 
3090000 18124 605.611 4370.552 1.723 3.4192 0 0 0 
3100000 18144 565.503 4400.003 1.628 3.1994 0 0 0 
3110000 18166 543.546 4424.317 1.491 3.0829 0 0 0 
3120000 18187 515.762 4446.477 1.312 2.9234 0 0 0 
3130000 18216 440.802 4472.078 1.139 2.5065 0 0 0 
3140000 18244 406.735 4498.078 1.052 2.3062 0 0 0 
3150000 18268 405.364 4522.532 1.043 2.3064 0 0 0 
3160000 18297 377.01 4547.462 0.954 2.1545 0 0 0 
3170000 18320 409.713 4573.701 1.044 2.3339 0 0 0 
3180000 18360 312.132 4597.133 0.771 1.7996 0 0 0 
3190000 18411 246.068 4618.146 0.56 1.4367 0 0 0 
3200000 18468 195.326 4640.557 0.438 1.1582 0 0 0 
3210000 18526 158.866 4666.225 0.377 0.9526 0 0 0 
3220000 18576 188.453 4686.969 0.41 1.1111 0 0 0 
3230000 18629 184.776 4712.144 0.442 1.0886 0 0 0 
3240000 18671 210.976 4737.376 0.513 1.2395 0 0 0 
3250000 18709 242.748 4762.502 0.605 1.4206 0 0 0 
3260000 18748 246.495 4788.846 0.633 1.4408 0 0 0 
3270000 18786 261.63 4816.064 0.698 1.5267 0 0 0 
3280000 18811 320.458 4842.268 0.844 1.8498 0 0 0 
3290000 18864 230.749 4859.414 0.501 1.355 0 0 0 
3300000 18906 241.759 4881.904 0.522 1.4165 0 0 0 
3310000 18960 200.396 4905.061 0.449 1.188 0 0 0 
3320000 19000 227.052 4920.448 0.41 1.3347 0 0 0 
3330000 19068 168.776 4939.955 0.312 1.008 0 0 0 
3340000 19140 145.31 4958.038 0.255 0.8761 0 0 0 
3350000 19173 217.35 4980.174 0.437 1.287 0 0 0 
3360000 19203 265.863 5006.425 0.629 1.5531 0 0 0 
3370000 19221 351.235 5030.264 0.836 2.0294 0 0 0 
3380000 19236 433.05 5059.013 1.119 2.4774 0 0 0 
3390000 19256 458.167 5082.827 1.161 2.6201 0 0 0 
3400000 19276 473.198 5108.083 1.185 2.7019 0 0 0 
3410000 19298 459.049 5128.736 1.082 2.6209 0 0 0 
3420000 19325 430.445 5149.422 0.979 2.4617 0 0 0 
3430000 19349 417.827 5169.719 0.914 2.3944 0 0 0 
3440000 19368 451.186 5191.77 0.988 2.5792 0 0 0 
3450000 19392 431.004 5215.857 0.967 2.4618 0 0 0 
3460000 19411 460.869 5237.838 1.036 2.6463 0 0 0 
3470000 19438 423.745 5259.651 0.934 2.4368 0 0 0 
3480000 19456 460.089 5282.62 1.033 2.6415 0 0 0 
3490000 19477 463.563 5305.052 1.045 2.6482 0 0 0 
3500000 19491 521.886 5327.353 1.164 2.9656 0 0 0 
3510000 19511 514.243 5353.57 1.222 2.9133 0 0 0 
3520000 19550 369.013 5380.736 0.927 2.1086 0 0 0 
3530000 19572 393.267 5407.443 1.005 2.2467 0 0 0 
3540000 19594 415.121 5432.443 1.06 2.3709 0 0 0 
3550000 19615 437.29 5458.84 1.115 2.4932 0 0 0 
3560000 19629 504.502 5484.046 1.281 2.865 0 0 0 
3570000 19655 449.828 5510.3 1.161 2.573 0 0 0 
3580000 19681 423.717 5539.682 1.148 2.4348 0 0 0 
3590000 19720 338.22 5563.902 0.871 1.9581 0 0 0 
3600000 19752 315.338 5585.726 0.754 1.834 0 0 0 
3610000 19770 386.145 5611.233 0.948 2.2326 0 0 0 
3620000 19788 434.78 5635.832 1.068 2.4997 0 0 0 
3630000 19811 430.079 5657.702 1.015 2.4645 0 0 0 
3640000 19827 483.875 5685.874 1.214 2.7669 0 0 0 
3650000 19844 515.633 5714.117 1.357 2.9376 0 0 0 
3660000 19864 509.725 5743.224 1.385 2.9057 0 0 0 
3670000 19884 507.65 5770.65 1.384 2.8944 0 0 0 
3680000 19907 480.659 5793.875 1.248 2.7416 0 0 0 
3690000 19921 534.205 5814.336 1.284 3.0329 0 0 0 
3700000 19941 519.465 5835.326 1.205 2.9504 0 0 0 
3710000 19965 478.466 5858.054 1.108 2.7258 0 0 0 
3720000 19977 552.642 5882.591 1.304 3.1413 0 0 0 
3730000 19994 558.542 5910.513 1.382 3.1763 0 0 0 
3740000 20014 535.45 5940.075 1.407 3.0444 0 0 0 
3750000 20037 492.465 5967.283 1.308 2.8111 0 0 0 
3760000 20059 482.428 5994.326 1.295 2.7612 0 0 0 
3770000 20090 409.841 6021.309 1.099 2.352 0 0 0 
3780000 20122 358.587 6049.968 0.987 2.0698 0 0 0 
3790000 20163 298.332 6077.017 0.814 1.7314 0 0 0 
3800000 20196 312.409 6107.006 0.906 1.8099 0 0 0 
3810000 20219 356.939 6133.922 0.997 2.0529 0 0 0 
3820000 20252 340.371 6162.038 0.955 1.9687 0 0 0 
3830000 20299 261.843 6189.927 0.723 1.5212 0 0 0 
3840000 20348 233.738 6217.214 0.639 1.3704 0 0 0 
3850000 20375 275.196 6244.219 0.745 1.6033 0 0 0 
3860000 20404 308.472 6272.65 0.85 1.7907 0 0 0 
3870000 20442 289.074 6297.946 0.762 1.689 0 0 0 
3880000 20521 158.933 6320.462 0.388 0.9639 0 0 0 
3890000 20579 182.84 6343.744 0.443 1.0896 0 0 0 
3900000 20617 222.086 6371.311 0.59 1.2964 0 0 0 
3910000 20662 226.203 6398.454 0.612 1.3242 0 0 0 
3920000 20701 250.913 6426.169 0.693 1.4655 0 0 0 
3930000 20747 236.07 6450.905 0.611 1.3898 0 0 0 
3940000 20807 191.649 6476.026 0.485 1.1335 0 0 0 
3950000 20836 256.073 6503.33 0.679 1.4933 0 0 0 
3960000 20881 229.947 6530.542 0.609 1.3487 0 0 0 
3970000 20926 236.401 6557.984 0.645 1.3832 0 0 0 
3980000 20967 245.901 6584.533 0.657 1.4317 0 0 0 
3990000 20994 303.771 6613.229 0.837 1.7521 0 0 0 
4000000 21017 354.942 6640.062 0.967 2.0425 0 0 0 
4010000 21056 291.158 6662.621 0.733 1.6813 0 0 0 
4020000 21082 324.716 6688.8 0.825 1.871 0 0 0 
4030000 21120 303.38 6715.927 0.802 1.7562 0 0 0 
4040000 21151 300.136 6745.024 0.817 1.7381 0 0 0 
4050000 21180 320.215 6771.718 0.865 1.8498 0 0 0 
4060000 21207 323.967 6799.814 0.883 1.8709 0 0 0 
4070000 21246 288.43 6827.052 0.791 1.6744 0 0 0 
4080000 21270 330.843 6853.172 0.869 1.9046 0 0 0 
4090000 21306 290.233 6874.402 0.699 1.6865 0 0 0 
4100000 21412 120.204 6885.356 0.163 0.7491 0 0 0 
4110000 21530 97.649 6896.319 0.127 0.6189 0 0 0 
4120000 21631 103.609 6912.13 0.168 0.6485 0 0 0 
4130000 21686 154.851 6931.925 0.287 0.9313 0 0 0 
4140000 21708 270.566 6949.99 0.517 1.5769 0 0 0 
4150000 21738 288.568 6975.105 0.625 1.6754 0 0 0 
4160000 21761 345.266 6997.937 0.756 1.9846 0 0 0 
4170000 21782 387.711 7016.807 0.845 2.2297 0 0 0 
4180000 21810 386.104 7043.574 0.909 2.2173 0 0 0 
4190000 21839 353.398 7070.352 0.855 2.031 0 0 0 
4200000 21865 369.358 7095.712 0.929 2.1295 0 0 0 
4210000 21890 382.531 7120.558 0.953 2.1983 0 0 0 
4220000 21909 425.074 7148.601 1.117 2.435 0 0 0 
4230000 21938 374.278 7178.635 1.054 2.1489 0 0 0 
4240000 21963 386.011 7211.415 1.153 2.2155 0 0 0 
4250000 22002 322.055 7241.495 0.97 1.8605 0 0 0 
4260000 22034 316.307 7270.126 0.923 1.8274 0 0 0 
4270000 22062 335.452 7295.356 0.918 1.9404 0 0 0 
4280000 22091 333.686 7325.244 0.947 1.9287 0 0 0 
4290000 22128 294.908 7355.364 0.855 1.7133 0 0 0 
4300000 22160 304.453 7384.387 0.889 1.7676 0 0 0 
4310000 22195 290.406 7415.119 0.858 1.6904 0 0 0 
4320000 22230 283.67 7445.345 0.854 1.6515 0 0 0 
4330000 22266 278.908 7472.878 0.797 1.6172 0 0 0 
4340000 22284 353.438 7496.883 0.926 2.0394 0 0 0 
4350000 22316 337.645 7523.836 0.894 1.9474 0 0 0 
4360000 22379 203.224 7548.599 0.528 1.2045 0 0 0 
4370000 22420 233.996 7576.165 0.637 1.3689 0 0 0 
4380000 22458 246.321 7603.418 0.665 1.4368 0 0 0 
4390000 22510 203.509 7627.63 0.525 1.2034 0 0 0 
4400000 22580 149.441 7652.893 0.382 0.9067 0 0 0 
4410000 22655 130.526 7675.184 0.298 0.8016 0 0 0 
4420000 22744 109.532 7699.452 0.267 0.6833 0 0 0 
4430000 22830 114.068 7728.842 0.328 0.7068 0 0 0 
4440000 22930 108.008 7755.377 0.293 0.6683 0 0 0 
4450000 22990 148.241 7781.272 0.39 0.8919 0 0 0 
4460000 23021 226.368 7810.254 0.636 1.3214 0 0 0 
4470000 23051 276.925 7838.771 0.792 1.6015 0 0 0 
4480000 23083 291.854 7864.635 0.796 1.6891 0 0 0 
4490000 23127 256.409 7891.493 0.688 1.491 0 0 0 
4500000 23159 279.122 7917.937 0.737 1.6152 0 0 0 
4510000 23211 217.329 7942.818 0.553 1.2708 0 0 0 
4520000 23264 195.212 7968.509 0.495 1.1536 0 0 0 
4530000 23306 203.86 7992.408 0.496 1.1987 0 0 0 
4540000 23365 172.701 8015.134 0.396 1.0309 0 0 0 
4550000 23434 143.904 8036.456 0.314 0.8751 0 0 0 
4560000 23498 153.368 8059.707 0.354 0.9306 0 0 0 
4570000 23559 146.356 8082.553 0.324 0.8861 0 0 0 
4580000 23614 171.022 8105.753 0.395 1.0183 0 0 0 
4590000 23667 174.868 8127.796 0.386 1.0391 0 0 0 
4600000 23753 121.422 8150.072 0.275 0.7473 0 0 0 
4610000 23826 150.702 8171.842 0.332 0.9075 0 0 0 
4620000 23861 216.996 8192.596 0.461 1.2842 0 0 0 
4630000 23905 221.052 8216.617 0.503 1.3076 0 0 0 
4640000 23942 245.98 8241.529 0.59 1.448 0 0 0 
4650000 23993 218.543 8268.103 0.559 1.2899 0 0 0 
4660000 24016 301.035 8293.78 0.77 1.7453 0 0 0 
4670000 24059 258.209 8322.067 0.695 1.5103 0 0 0 
4680000 24090 287.933 8348.57 0.77 1.6742 0 0 0 
4690000 24135 257.883 8375.046 0.684 1.5119 0 0 0 
4700000 24179 236.736 8403.072 0.657 1.3913 0 0 0 
4710000 24221 236.998 8431.367 0.662 1.3928 0 0 0 
4720000 24257 264.292 8461.166 0.77 1.5439 0 0 0 
4730000 24301 234.6 8488.684 0.664 1.3788 0 0 0 
4740000 24345 225.176 8515.286 0.61 1.3216 0 0 0 
4750000 24397 197.871 8541.967 0.528 1.1742 0 0 0 
4760000 24440 213.387 8565.154 0.528 1.2623 0 0 0 
4770000 24487 217.602 8592.313 0.572 1.282 0 0 0 
4780000 24534 218.404 8617.783 0.568 1.2856 0 0 0 
4790000 24579 224.445 8643.238 0.575 1.3143 0 0 0 
4800000 24612 260.857 8672.26 0.716 1.5223 0 0 0 
4810000 24649 264.357 8699.048 0.712 1.5453 0 0 0 
4820000 24697 227.151 8722.335 0.566 1.3383 0 0 0 
4830000 24731 262.653 8747.305 0.652 1.5338 0 0 0 
4840000 24779 222.718 8775.245 0.586 1.3074 0 0 0 
4850000 24830 201.266 8801.382 0.523 1.1913 0 0 0 
4860000 24910 137.147 8827.354 0.361 0.8367 0 0 0 
4870000 25014 106.249 8851.202 0.244 0.6671 0 0 0 
4880000 25125 102.1 8875.699 0.254 0.6415 0 0 0 
4890000 25230 93.053 8897.275 0.208 0.5893 0 0 0 
4900000 25351 92.446 8921.536 0.229 0.5867 0 0 0 
4910000 25430 117.516 8948.628 0.311 0.7242 0 0 0 
4920000 25530 102.145 8973.756 0.26 0.6451 0 0 0 
4930000 25629 103.82 8999.987 0.271 0.6531 0 0 0 
4940000 25668 187.246 9020.985 0.423 1.1189 0 0 0 
4950000 25703 240.848 9044.876 0.562 1.4133 0 0 0 
4960000 25745 244.808 9067.981 0.569 1.4393 0 0 0 
4970000 25781 266.187 9090.647 0.612 1.5524 0 0 0 
4980000 25816 281.476 9114.233 0.657 1.6352 0 0 0 
4990000 25864 237.987 9136.613 0.537 1.401 0 0 0 
5000000 25936 160.357 9153.817 0.301 0.9711 0 0 0 
5010000 25983 192.892 9172.019 0.355 1.1456 0 0 0 
5020000 26029 198.738 9196.399 0.424 1.1789 0 0 0 
5030000 26076 218.207 9214.518 0.428 1.2931 0 0 0 
5040000 26125 211.361 9234.342 0.413 1.2564 0 0 0 
5050000 26152 270.715 9257.692 0.588 1.5845 0 0 0 
5060000 26194 254.798 9279.61 0.554 1.4999 0 0 0 
5070000 26231 259.026 9303.541 0.584 1.5189 0 0 0 
5080000 26266 255.875 9328.62 0.604 1.5009 0 0 0 
5090000 26299 275.697 9349.725 0.611 1.6125 0 0 0 
5100000 26327 321.109 9372.579 0.725 1.8664 0 0 0 
5110000 26368 279.319 9394.825 0.632 1.627 0 0 0 
5120000 26415 239.959 9413.254 0.483 1.4084 0 0 0 
5130000 26452 257.517 9432.45 0.503 1.5025 0 0 0 
5140000 26488 267.573 9450.173 0.5 1.5635 0 0 0 
5150000 26519 297.703 9470.049 0.575 1.7279 0 0 0 
5160000 26568 248.427 9489.508 0.484 1.4539 0 0 0 
5170000 26604 257.204 9514.357 0.573 1.5117 0 0 0 
5180000 26647 233.268 9536.239 0.51 1.3743 0 0 0 
5190000 26694 227.11 9557.131 0.489 1.3392 0 0 0 
5200000 26787 125.375 9575.275 0.235 0.7673 0 0 0 
5210000 26859 138.985 9595.578 0.277 0.8446 0 0 0 
5220000 26917 176.417 9614.841 0.349 1.0569 0 0 0 
5230000 26948 239.659 9638.603 0.52 1.3979 0 0 0 
5240000 26990 232.679 9658.956 0.494 1.3662 0 0 0 
5250000 27025 249.777 9681.429 0.544 1.4658 0 0 0 
5260000 27060 260.398 9705.778 0.596 1.5259 0 0 0 
5270000 27089 294.14 9732.311 0.729 1.7078 0 0 0 
5280000 27132 264.983 9756.652 0.648 1.5418 0 0 0 
5290000 27155 329.012 9784.669 0.862 1.8936 0 0 0 
5300000 27196 281.736 9809.188 0.712 1.6351 0 0 0 
5310000 27241 241.359 9837.469 0.651 1.4151 0 0 0 
5320000 27271 282.207 9861.577 0.726 1.6409 0 0 0 
5330000 27309 283.464 9887.642 0.732 1.6467 0 0 0 
5340000 27343 280.376 9916.091 0.767 1.6282 0 0 0 
5350000 27379 283.424 9939.466 0.725 1.6463 0 0 0 
5360000 27417 281.998 9966.143 0.73 1.6391 0 0 0 
5370000 27464 230.857 9990.33 0.566 1.36 0 0 0 
5380000 27511 215.915 10013.037 0.488 1.2726 0 0 0 
5390000 27552 229.823 10038.037 0.572 1.3472 0 0 0 
5400000 27582 274.181 10062.209 0.658 1.5996 0 0 0 
5410000 27622 248.407 10089.027 0.626 1.4566 0 0 0 
5420000 27651 289.822 10115.348 0.755 1.6891 0 0 0 
5430000 27679 315.92 10142.206 0.837 1.8309 0 0 0 
5440000 27728 240.544 10169.343 0.638 1.4158 0 0 0 
5450000 27753 295.255 10197.39 0.799 1.7163 0 0 0 
5460000 27786 299.02 10222.799 0.791 1.7315 0 0 0 
5470000 27826 266.178 10249.416 0.695 1.5532 0 0 0 
5480000 27888 203.011 10273.525 0.505 1.1951 0 0 0 
5490000 27943 188.753 10297.727 0.461 1.1216 0 0 0 
5500000 27996 184.996 10323.009 0.462 1.0976 0 0 0 
5510000 28100 101.229 10340.113 0.179 0.6377 0 0 0 
5520000 28180 118.575 10363.346 0.276 0.7368 0 0 0 
5530000 28235 148.436 10387.604 0.363 0.8959 0 0 0 
5540000 28292 170.691 10409.975 0.387 1.0167 0 0 0 
5550000 28337 192.448 10435.681 0.472 1.1404 0 0 0 
5560000 28384 209.378 10460.671 0.524 1.2392 0 0 0 
5570000 28430 205.365 10487.661 0.53 1.2161 0 0 0 
5580000 28504 162.192 10511.382 0.404 0.9756 0 0 0 
5590000 28548 187.45 10540.868 0.518 1.1155 0 0 0 
5600000 28587 228.297 10567.186 0.615 1.3422 0 0 0 
5610000 28622 254.2 10593.962 0.68 1.4824 0 0 0 
5620000 28668 223.706 10620.562 0.594 1.322 0 0 0 
5630000 28719 207.9 10646.878 0.547 1.2379 0 0 0 
5640000 28773 190.906 10669.786 0.446 1.1405 0 0 0 
5650000 28845 143.829 10684.11 0.235 0.8814 0 0 0 
5660000 28877 232.087 10705.24 0.46 1.3771 0 0 0 
5670000 28910 258.806 10728.456 0.556 1.5228 0 0 0 
5680000 28943 283.028 10750.483 0.612 1.6516 0 0 0 
5690000 28980 284.034 10770.565 0.585 1.6659 0 0 0 
5700000 29019 269.138 10786.463 0.487 1.5824 0 0 0 
5710000 29066 234.834 10804.827 0.42 1.3879 0 0 0 
5720000 29102 253.039 10817.743 0.386 1.4993 0 0 0 
5730000 29134 282.566 10822.791 0.274 1.702 0 0 0 
5740000 29171 278.989 10833.043 0.281 1.6729 0 0 0 
5750000 29206 283.974 10842.037 0.269 1.706 0 0 0 
5760000 29246 258.759 10853.068 0.271 1.5606 0 0 0 
5770000 29330 144.892 10867.031 0.2 0.8904 0 0 0 
5780000 29390 159.203 10882.206 0.238 0.9613 0 0 0 
5790000 29442 182.744 10898.718 0.282 1.0917 0 0 0 
5800000 29482 219.744 10916.403 0.37 1.3098 0 0 0 
5810000 29526 217.497 10935.433 0.404 1.2961 0 0 0 
5820000 29574 205.21 10956.812 0.415 1.2248 0 0 0 
5830000 29626 197.272 10977.751 0.406 1.178 0 0 0 
5840000 29675 201.103 11002.41 0.465 1.196 0 0 0 
5850000 29722 208.251 11023.153 0.452 1.2369 0 0 0 
5860000 29777 189.428 11046.897 0.436 1.1328 0 0 0 
5870000 29824 199.557 11072.791 0.488 1.1868 0 0 0 
5880000 29859 243.118 11094.584 0.558 1.4274 0 0 0 
5890000 29902 235.969 11116.986 0.532 1.3861 0 0 0 
5900000 29936 261.657 11139.265 0.586 1.5297 0 0 0 
5910000 29976 254.835 11157.301 0.51 1.4887 0 0 0 
5920000 30008 282.567 11178.957 0.591 1.6506 0 0 0 
5930000 30039 304.51 11198.718 0.62 1.7722 0 0 0 
5940000 30084 258.766 11219.213 0.533 1.5135 0 0 0 
5950000 30129 240.167 11241.601 0.521 1.412 0 0 0 
5960000 30176 226.879 11262.572 0.478 1.3379 0 0 0 
5970000 30219 228.748 11285.061 0.498 1.3521 0 0 0 
5980000 30277 189.132 11307.679 0.426 1.1338 0 0 0 
5990000 30349 150.67 11327.048 0.308 0.919 0 0 0 
6000000 30408 162.255 11350.412 0.368 0.9789 0 0 0 
