1000 125 7.352 -123.0 -0.912 0.0054 0 0 0 
2000 251 7.891 -241.0 -0.95 0.005 0 0 0 
3000 378 7.859 -364.0 -0.957 0.0037 0 0 0 
4000 503 7.96 -487.0 -0.977 0.0035 0 0 0 
5000 630 7.939 -608.0 -0.981 0.0034 0 0 0 
6000 757 7.9 -729.0 -0.959 0.0034 0 0 0 
7000 882 7.978 -852.0 -0.988 0.0043 0 0 0 
8000 1011 7.823 -967.0 -0.904 0.005 0 0 0 
9000 1137 7.92 -1089.0 -0.966 0.0049 0 0 0 
10000 1262 7.96 -1208.0 -0.953 0.0043 0 0 0 
11000 1388 7.952 -1330.0 -0.966 0.0038 0 0 0 
12000 1515 7.896 -1447.0 -0.934 0.0038 0 0 0 
13000 1640 7.992 -1572.0 -0.995 0.0043 0 0 0 
14000 1766 7.875 -1686.0 -0.873 0.004 0 0 0 
15000 1892 7.964 -1808.0 -0.981 0.0041 0 0 0 
16000 2019 7.955 -1929.0 -0.976 0.0041 0 0 0 
17000 2146 7.89 -2050.0 -0.958 0.0197 0 0 0 
18000 2271 7.991 -2175.0 -0.997 0.0389 0 0 0 
19000 2398 7.77 -2292.0 -0.906 0.0294 0 0 0 
20000 2524 7.963 -2414.0 -0.975 0.0304 0 0 0 
21000 2651 7.849 -2533.0 -0.934 0.0351 0 0 0 
22000 2778 7.906 -2654.0 -0.957 0.0425 0 0 0 
23000 2903 7.97 -2777.0 -0.989 0.0282 0 0 0 
24000 3030 7.934 -2894.0 -0.947 0.0218 0 0 0 
25000 3158 7.805 -3012.0 -0.905 0.0183 0 0 0 
26000 3284 7.937 -3134.0 -0.96 0.0178 0 0 0 
27000 3411 7.933 -3257.0 -0.978 0.0183 0 0 0 
28000 3536 7.995 -3382.0 -0.998 0.0226 0 0 0 
29000 3664 7.911 -3500.0 -0.967 0.0266 0 0 0 
30000 3789 7.978 -3621.0 -0.987 0.0657 0 0 0 
31000 3917 7.864 -3743.0 -0.956 0.0626 0 0 0 
32000 4045 7.799 -3863.0 -0.935 0.0285 0 0 0 
33000 4170 7.916 -3984.0 -0.94 0.0394 0 0 0 
34000 4297 7.867 -4103.0 -0.939 0.0318 0 0 0 
35000 4425 7.858 -4223.0 -0.954 0.0229 0 0 0 
36000 4552 7.816 -4340.0 -0.922 0.0243 0 0 0 
37000 4678 7.92 -4462.0 -0.966 0.0233 0 0 0 
38000 4803 7.981 -4585.0 -0.991 0.0233 0 0 0 
39000 4928 7.998 -4710.0 -0.999 0.0218 0 0 0 
40000 5053 8.0 -4833.0 -0.984 0.0217 0 0 0 
41000 5181 7.895 -4951.0 -0.924 0.0407 0 0 0 
42000 5308 7.897 -5068.0 -0.919 0.0331 0 0 0 
43000 5434 7.926 -5186.0 -0.945 0.0207 0 0 0 
44000 5562 7.923 -5306.0 -0.966 0.0237 0 0 0 
45000 5688 7.908 -5422.0 -0.925 0.0221 0 0 0 
46000 5816 7.781 -5544.0 -0.931 0.0203 0 0 0 
47000 5946 7.671 -5660.0 -0.877 0.0171 0 0 0 
48000 6075 7.745 -5775.0 -0.905 0.0203 0 0 0 
49000 6202 7.895 -5890.0 -0.897 0.0224 0 0 0 
50000 6330 7.801 -6010.0 -0.923 0.0211 0 0 0 
51000 6457 7.913 -6129.0 -0.967 0.0196 0 0 0 
52000 6585 7.884 -6243.0 -0.922 0.018 0 0 0 
53000 6713 7.873 -6363.0 -0.953 0.0225 0 0 0 
54000 6840 7.792 -6480.0 -0.894 0.0224 0 0 0 
55000 6967 7.732 -6601.0 -0.912 0.0221 0 0 0 
56000 7094 7.934 -6722.0 -0.971 0.0243 0 0 0 
57000 7220 7.93 -6840.0 -0.951 0.0285 0 0 0 
58000 7348 7.85 -6952.0 -0.912 0.0186 0 0 0 
59000 7474 7.925 -7074.0 -0.956 0.0177 0 0 0 
60000 7602 7.81 -7192.0 -0.928 0.0173 0 0 0 
61000 7729 7.826 -7311.0 -0.934 0.0174 0 0 0 
62000 7855 7.97 -7435.0 -0.987 0.0185 0 0 0 
63000 7981 7.924 -7553.0 -0.956 0.0182 0 0 0 
64000 8108 7.943 -7672.0 -0.953 0.018 0 0 0 
65000 8235 7.859 -7791.0 -0.926 0.018 0 0 0 
66000 8362 7.89 -7908.0 -0.928 0.0181 0 0 0 
67000 8491 7.88 -8025.0 -0.94 0.0179 0 0 0 
68000 8618 7.892 -8142.0 -0.915 0.0273 0 0 0 
69000 8744 7.853 -8262.0 -0.921 0.0183 0 0 0 
70000 8872 7.75 -8376.0 -0.876 0.0177 0 0 0 
71000 8999 7.902 -8497.0 -0.957 0.0191 0 0 0 
72000 9126 7.923 -8618.0 -0.964 0.0206 0 0 0 
73000 9251 7.982 -8741.0 -0.985 0.0197 0 0 0 
74000 9380 7.796 -8854.0 -0.911 0.0181 0 0 0 
75000 9507 7.898 -8975.0 -0.961 0.0173 0 0 0 
76000 9635 7.884 -9093.0 -0.946 0.0191 0 0 0 
77000 9762 7.933 -9214.0 -0.97 0.0202 0 0 0 
78000 9891 7.653 -9325.0 -0.816 0.0236 0 0 0 
79000 10020 7.705 -9442.0 -0.882 0.0186 0 0 0 
80000 10147 7.907 -9561.0 -0.96 0.0206 0 0 0 
81000 10277 7.882 -9673.0 -0.912 0.0211 0 0 0 
82000 10404 7.871 -9788.0 -0.933 0.0214 0 0 0 
83000 10531 7.918 -9907.0 -0.951 0.0209 0 0 0 
84000 10658 7.888 -10026.0 -0.934 0.0269 0 0 0 
85000 10787 7.905 -10143.0 -0.941 0.0205 0 0 0 
86000 10913 7.876 -10263.0 -0.933 0.0209 0 0 0 
87000 11039 7.936 -10375.0 -0.92 0.0219 0 0 0 
88000 11167 7.907 -10485.0 -0.882 0.0203 0 0 0 
89000 11296 7.796 -10602.0 -0.919 0.0221 0 0 0 
90000 11425 7.851 -10713.0 -0.874 0.0221 0 0 0 
91000 11552 7.844 -10824.0 -0.864 0.0179 0 0 0 
92000 11681 7.826 -10937.0 -0.865 0.0194 0 0 0 
93000 11812 7.532 -11044.0 -0.783 0.0234 0 0 0 
94000 11938 7.934 -11164.0 -0.959 0.0285 0 0 0 
95000 12065 7.901 -11281.0 -0.942 0.0197 0 0 0 
96000 12195 7.612 -11393.0 -0.832 0.0171 0 0 0 
97000 12324 7.717 -11500.0 -0.838 0.0173 0 0 0 
98000 12452 7.856 -11614.0 -0.904 0.018 0 0 0 
99000 12582 7.752 -11726.0 -0.871 0.0185 0 0 0 
100000 12711 7.747 -11831.0 -0.817 0.0208 0 0 0 
101000 12841 7.744 -11943.0 -0.879 0.0194 0 0 0 
102000 12969 7.622 -12055.0 -0.789 0.0263 0 0 0 
103000 13099 7.611 -12157.0 -0.774 0.0236 0 0 0 
104000 13234 7.516 -12254.0 -0.757 0.018 0 0 0 
105000 13367 7.576 -12339.0 -0.722 0.0263 0 0 0 
106000 13504 7.493 -12426.0 -0.69 0.0199 0 0 0 
107000 13638 7.443 -12518.0 -0.64 0.0215 0 0 0 
108000 13772 7.293 -12608.0 -0.589 0.0202 0 0 0 
109000 13905 7.507 -12703.0 -0.661 0.0206 0 0 0 
110000 14040 7.307 -12792.0 -0.612 0.0197 0 0 0 
111000 14183 6.833 -12857.0 -0.405 0.0172 0 0 0 
112000 14327 7.033 -12927.0 -0.499 0.0182 0 0 0 
113000 14468 7.272 -12982.0 -0.51 0.0184 0 0 0 
114000 14610 7.018 -13044.0 -0.433 0.0157 0 0 0 
115000 14763 6.677 -13075.0 -0.316 0.0148 0 0 0 
116000 14916 6.281 -13110.0 -0.193 0.0144 0 0 0 
117000 15069 6.487 -13135.0 -0.09 0.0192 0 0 0 
118000 15226 6.472 -13148.0 -0.117 0.0162 0 0 0 
119000 15399 5.904 -13119.0 0.092 0.0147 0 0 0 
120000 15577 5.547 -13067.0 0.327 0.0164 0 0 0 
121000 15748 6.09 -13026.0 0.149 0.0183 0 0 0 
122000 15930 5.634 -12950.0 0.394 0.0145 0 0 0 
123000 16119 5.202 -12845.0 0.651 0.0131 0 0 0 
124000 16308 5.139 -12756.0 0.533 0.0118 0 0 0 
125000 16503 5.2 -12641.0 0.532 0.0206 0 0 0 
126000 16704 4.939 -12500.0 0.703 0.0187 0 0 0 
127000 16910 4.87 -12350.0 0.725 0.0125 0 0 0 
128000 17110 4.707 -12218.0 0.684 0.0121 0 0 0 
129000 17317 5.102 -12073.0 0.632 0.0114 0 0 0 
130000 17518 4.918 -11932.0 0.622 0.0154 0 0 0 
131000 17718 4.897 -11816.0 0.575 0.0147 0 0 0 
132000 17918 5.112 -11684.0 0.647 0.0145 0 0 0 
133000 18118 5.078 -11548.0 0.613 0.0134 0 0 0 
134000 18323 5.081 -11401.0 0.67 0.0174 0 0 0 
135000 18522 5.107 -11266.0 0.654 0.0191 0 0 0 
136000 18718 5.43 -11148.0 0.47 0.0166 0 0 0 
137000 18912 5.0 -11050.0 0.556 0.0149 0 0 0 
138000 19109 4.962 -10921.0 0.722 0.0216 0 0 0 
139000 19306 4.831 -10794.0 0.702 0.0112 0 0 0 
140000 19515 4.911 -10641.0 0.711 0.0123 0 0 0 
141000 19717 5.059 -10493.0 0.678 0.0135 0 0 0 
142000 19925 4.812 -10341.0 0.757 0.0128 0 0 0 
143000 20145 4.442 -10163.0 0.871 0.01 0 0 0 
144000 20364 4.485 -9994.0 0.851 0.0097 0 0 0 
145000 20574 4.724 -9844.0 0.705 0.0103 0 0 0 
146000 20775 5.137 -9711.0 0.597 0.0176 0 0 0 
147000 20979 4.742 -9569.0 0.715 0.0113 0 0 0 
148000 21192 4.77 -9406.0 0.749 0.0124 0 0 0 
149000 21399 4.668 -9261.0 0.787 0.0105 0 0 0 
150000 21604 4.801 -9132.0 0.667 0.0107 0 0 0 
151000 21812 4.632 -8982.0 0.73 0.0126 0 0 0 
152000 22028 4.513 -8814.0 0.781 0.0139 0 0 0 
153000 22250 4.53 -8634.0 0.823 0.0116 0 0 0 
154000 22460 4.703 -8486.0 0.708 0.0118 0 0 0 
155000 22663 5.062 -8339.0 0.681 0.0129 0 0 0 
156000 22875 4.618 -8163.0 0.832 0.012 0 0 0 
157000 23087 4.639 -7977.0 0.846 0.0118 0 0 0 
158000 23307 4.488 -7795.0 0.8 0.0113 0 0 0 
159000 23530 4.546 -7610.0 0.82 0.0162 0 0 0 
160000 23755 4.198 -7407.0 0.958 0.014 0 0 0 
161000 23977 4.424 -7221.0 0.886 0.0151 0 0 0 
162000 24183 5.056 -7049.0 0.77 0.0141 0 0 0 
163000 24401 4.559 -6863.0 0.858 0.0124 0 0 0 
164000 24618 4.533 -6678.0 0.874 0.0136 0 0 0 
165000 24837 4.512 -6483.0 0.887 0.0118 0 0 0 
166000 25054 4.496 -6280.0 0.944 0.0123 0 0 0 
167000 25284 4.302 -6066.0 0.929 0.0113 0 0 0 
168000 25502 4.716 -5876.0 0.827 0.0122 0 0 0 
169000 25722 4.544 -5674.0 0.944 0.0141 0 0 0 
170000 25938 4.679 -5488.0 0.846 0.0123 0 0 0 
171000 26159 4.428 -5297.0 0.891 0.0116 0 0 0 
172000 26390 4.318 -5094.0 0.876 0.0122 0 0 0 
173000 26613 4.201 -4889.0 0.929 0.0117 0 0 0 
174000 26840 4.286 -4688.0 0.925 0.0114 0 0 0 
175000 27062 4.563 -4496.0 0.848 0.0136 0 0 0 
176000 27286 4.135 -4290.0 0.976 0.0122 0 0 0 
177000 27519 4.134 -4069.0 0.954 0.0109 0 0 0 
178000 27739 4.996 -3875.0 0.765 0.0137 0 0 0 
179000 27972 4.365 -3662.0 0.894 0.0121 0 0 0 
180000 28188 4.748 -3474.0 0.845 0.0115 0 0 0 
181000 28402 4.823 -3294.0 0.8 0.0278 0 0 0 
182000 28623 4.511 -3113.0 0.863 0.012 0 0 0 
183000 28849 4.582 -2917.0 0.895 0.0136 0 0 0 
184000 29077 4.252 -2719.0 0.859 0.0112 0 0 0 
185000 29286 4.634 -2544.0 0.886 0.0116 0 0 0 
186000 29508 4.669 -2350.0 0.785 0.0115 0 0 0 
187000 29729 4.524 -2153.0 0.917 0.0106 0 0 0 
188000 29950 4.432 -1954.0 0.938 0.011 0 0 0 
189000 30186 4.351 -1752.0 0.821 0.0099 0 0 0 
190000 30419 4.292 -1539.0 0.932 0.0095 0 0 0 
191000 30637 4.489 -1351.0 0.865 0.0099 0 0 0 
192000 30859 4.359 -1161.0 0.857 0.0098 0 0 0 
193000 31080 4.525 -970.0 0.832 0.01 0 0 0 
194000 31307 4.345 -763.0 0.945 0.0104 0 0 0 
195000 31528 4.472 -572.0 0.911 0.0104 0 0 0 
196000 31750 4.586 -388.0 0.866 0.011 0 0 0 
197000 31983 4.136 -169.0 0.961 0.0096 0 0 0 
198000 32211 4.312 35.0 0.842 0.0102 0 0 0 
199000 32437 4.588 231.0 0.826 0.0137 0 0 0 
200000 32650 4.788 428.0 0.942 0.0111 0 0 0 
