10000 11 164.431 6.0 0.106 0.6109 0 0 0 
20000 26 295.712 -27.7 -0.39 1.1044 0 0 0 
30000 143 151.481 -107.7 -0.899 0.9185 0 0 0 
40000 219 122.974 -180.8 -0.865 0.8046 0 0 0 
50000 276 160.739 -257.4 -1.317 1.0644 0 0 0 
60000 328 188.728 -295.2 -0.995 1.2501 0 0 0 
70000 401 153.411 -365.2 -1.104 1.0219 0 0 0 
80000 472 136.568 -560.1 -3.004 0.9156 0 0 0 
90000 513 195.928 -651.8 -2.698 1.309 0 0 0 
100000 556 212.565 -729.1 -2.079 1.4278 0 0 0 
110000 627 157.184 -782.7 -1.196 1.0627 0 0 0 
120000 695 146.309 -839.4 -0.896 0.9965 0 0 0 
130000 742 169.979 -854.1 -0.48 1.1664 0 0 0 
140000 811 142.123 -889.9 -0.411 0.9672 0 0 0 
150000 865 177.491 -882.0 -0.069 1.2012 0 0 0 
160000 910 199.736 -933.3 -0.689 1.3499 0 0 0 
170000 968 171.419 -939.0 -0.311 1.1565 0 0 0 
180000 1008 214.222 -971.9 -0.615 1.4364 0 0 0 
190000 1077 163.02 -1027.8 -0.56 1.0996 0 0 0 
200000 1144 157.549 -1079.7 -0.813 1.0628 0 0 0 
210000 1182 226.637 -1126.5 -1.057 1.5122 0 0 0 
220000 1227 215.84 -1213.9 -1.305 1.4456 0 0 0 
230000 1299 156.084 -1226.2 -0.432 1.0642 0 0 0 
240000 1352 179.454 -1243.6 -0.379 1.5738 0 0 0 
250000 1393 223.338 -1272.4 -0.689 1.6634 0 0 0 
260000 1425 257.273 -1291.0 -0.476 1.8085 0 0 0 
270000 1480 191.69 -1402.2 -1.359 1.3232 0 0 0 
280000 1506 257.838 -1469.4 -1.885 1.7503 0 0 0 
290000 1555 222.256 -1564.1 -1.525 1.4898 0 0 0 
300000 1588 267.088 -1592.3 -1.171 1.7706 0 0 0 
310000 1615 302.62 -1611.5 -0.927 2.0057 0 0 0 
320000 1639 336.926 -1624.4 -0.821 2.2133 0 0 0 
330000 1667 344.122 -1619.2 -0.367 2.2514 0 0 0 
340000 1702 329.987 -1590.0 0.245 2.1348 0 0 0 
350000 1737 316.473 -1587.4 0.131 2.0321 0 0 0 
360000 1765 337.947 -1656.2 -1.107 2.1611 0 0 0 
370000 1793 332.432 -1653.1 -0.55 2.1229 0 0 0 
380000 1815 374.329 -1677.8 -0.559 2.4059 0 0 0 
390000 1844 359.625 -1705.7 -0.897 2.3085 0 0 0 
400000 1874 341.326 -1704.1 -0.426 2.2034 0 0 0 
410000 1928 244.373 -1693.3 0.132 1.5916 0 0 0 
420000 1959 272.248 -1673.6 0.316 1.8022 0 0 0 
430000 1991 306.63 -1680.3 0.115 2.0238 0 0 0 
440000 2034 249.474 -1674.0 0.14 1.6464 0 0 0 
450000 2081 230.751 -1637.7 0.506 1.5451 0 0 0 
460000 2130 221.952 -1609.1 0.543 1.5053 0 0 0 
470000 2174 231.384 -1602.9 0.267 1.5746 0 0 0 
480000 2219 231.012 -1598.2 0.252 1.577 0 0 0 
490000 2250 275.452 -1585.5 0.342 1.8646 0 0 0 
500000 2292 259.652 -1617.9 -0.206 1.7402 0 0 0 
510000 2324 264.72 -1642.1 -0.603 1.7707 0 0 0 
520000 2363 268.327 -1683.5 -0.888 1.7915 0 0 0 
530000 2402 261.207 -1682.5 -0.452 1.759 0 0 0 
540000 2440 249.029 -1667.0 -0.082 1.6828 0 0 0 
550000 2478 259.151 -1701.0 -0.355 1.7498 0 0 0 
560000 2505 303.536 -1686.1 0.007 2.0422 0 0 0 
570000 2536 298.129 -1696.9 -0.131 2.0047 0 0 0 
580000 2572 295.982 -1706.1 -0.204 2.0056 0 0 0 
590000 2603 309.798 -1739.9 -0.617 2.0963 0 0 0 
600000 2632 333.359 -1714.4 0.055 2.2419 0 0 0 
610000 2677 279.476 -1704.3 0.142 1.8629 0 0 0 
620000 2726 229.098 -1704.3 -0.008 1.5168 0 0 0 
630000 2790 186.031 -1663.1 0.485 1.2326 0 0 0 
640000 2836 208.02 -1638.7 0.531 1.3899 0 0 0 
650000 2889 192.651 -1614.6 0.392 1.2929 0 0 0 
660000 2945 180.143 -1607.3 0.168 1.217 0 0 0 
670000 2987 221.469 -1698.2 -1.726 1.4911 0 0 0 
680000 3042 199.694 -1662.2 -0.158 1.3408 0 0 0 
690000 3110 153.201 -1600.4 0.585 1.0386 0 0 0 
700000 3177 141.31 -1571.7 0.471 0.9573 0 0 0 
710000 3221 190.761 -1572.1 0.054 1.2932 0 0 0 
720000 3280 171.524 -1520.7 0.732 1.1453 0 0 0 
730000 3328 189.927 -1509.3 0.406 1.2924 0 0 0 
740000 3394 163.395 -1496.0 0.258 1.0961 0 0 0 
750000 3462 142.441 -1484.9 0.223 0.9584 0 0 0 
760000 3537 131.192 -1452.9 0.464 0.8803 0 0 0 
770000 3600 144.421 -1438.3 0.283 0.9681 0 0 0 
780000 3651 174.506 -1427.0 0.085 1.1694 0 0 0 
790000 3709 157.559 -1440.7 -0.162 1.0528 0 0 0 
800000 3754 195.676 -1379.8 0.757 1.3079 0 0 0 
810000 3818 160.572 -1343.0 0.747 1.0758 0 0 0 
820000 3867 173.151 -1360.3 0.044 1.1662 0 0 0 
830000 3914 194.276 -1297.2 0.796 1.3094 0 0 0 
840000 3951 241.001 -1257.5 0.857 1.6573 0 0 0 
850000 3999 217.128 -1219.9 0.828 1.4744 0 0 0 
860000 4056 187.554 -1220.5 0.271 1.2741 0 0 0 
870000 4117 174.278 -1154.1 0.952 1.1803 0 0 0 
880000 4158 214.127 -1065.0 1.682 1.4679 0 0 0 
890000 4215 198.667 -1035.4 0.714 1.3452 0 0 0 
900000 4270 173.802 -995.6 0.952 1.1762 0 0 0 
910000 4326 173.858 -937.8 0.96 1.1653 0 0 0 
920000 4376 197.321 -880.4 1.145 1.3271 0 0 0 
930000 4446 152.837 -803.1 0.995 1.0375 0 0 0 
940000 4509 154.463 -740.9 1.051 1.0459 0 0 0 
950000 4550 201.23 -692.4 1.281 1.3516 0 0 0 
960000 4600 191.866 -620.0 1.274 1.3099 0 0 0 
970000 4667 160.494 -524.8 1.518 1.0832 0 0 0 
980000 4711 189.437 -469.4 1.323 1.2723 0 0 0 
990000 4775 160.838 -401.0 1.03 1.0789 0 0 0 
1000000 4835 173.944 -333.8 1.076 1.1637 0 0 0 
1010000 4891 184.469 -287.2 0.704 1.2273 0 0 0 
1020000 4937 198.235 -218.5 1.208 1.3198 0 0 0 
1030000 4985 195.697 -205.6 0.253 1.3221 0 0 0 
1040000 5028 203.264 -116.4 1.319 1.4508 0 0 0 
1050000 5088 187.938 0.7 1.815 1.2904 0 0 0 
1060000 5143 188.523 84.2 1.632 1.2675 0 0 0 
1070000 5197 183.785 195.8 1.978 1.2275 0 0 0 
1080000 5259 168.296 303.7 1.746 1.135 0 0 0 
1090000 5324 162.012 386.3 1.398 1.0976 0 0 0 
1100000 5394 138.125 464.0 1.182 0.9403 0 0 0 
1110000 5452 156.183 583.6 1.825 1.0497 0 0 0 
1120000 5508 165.102 674.2 1.619 1.1187 0 0 0 
1130000 5593 109.957 750.0 0.825 0.7603 0 0 0 
1140000 5647 147.202 727.0 0.103 1.0063 0 0 0 
1150000 5710 149.627 800.6 0.755 1.0224 0 0 0 
1160000 5780 148.081 922.0 1.443 1.0034 0 0 0 
1170000 5834 179.706 986.7 1.195 1.2121 0 0 0 
1180000 5882 187.232 1042.6 1.287 1.2658 0 0 0 
1190000 5928 204.554 1109.1 1.412 1.368 0 0 0 
1200000 5980 186.59 1188.9 1.456 1.2438 0 0 0 
1210000 6043 161.187 1305.7 1.588 1.0769 0 0 0 
1220000 6085 201.648 1321.5 1.05 1.3472 0 0 0 
1230000 6134 201.52 1369.8 0.804 1.3582 0 0 0 
1240000 6210 147.288 1486.3 1.337 0.9978 0 0 0 
1250000 6275 148.981 1587.5 1.451 1.024 0 0 0 
1260000 6323 183.294 1677.4 1.807 1.2484 0 0 0 
1270000 6388 155.115 1778.6 1.565 1.0591 0 0 0 
1280000 6435 189.082 1788.5 0.317 1.2982 0 0 0 
1290000 6502 156.394 1859.7 0.809 1.0771 0 0 0 
1300000 6551 193.57 1922.7 0.953 1.3208 0 0 0 
1310000 6602 188.688 1994.5 1.288 1.2908 0 0 0 
1320000 6644 232.82 1968.4 -0.272 1.6102 0 0 0 
1330000 6685 230.439 2026.7 0.614 1.5764 0 0 0 
1340000 6726 237.983 2101.4 1.361 1.6088 0 0 0 
1350000 6775 227.61 2145.8 1.063 1.5447 0 0 0 
1360000 6839 165.892 2265.3 1.647 1.1238 0 0 0 
1370000 6903 147.715 2342.1 1.199 0.9907 0 0 0 
1380000 6944 194.072 2417.9 1.447 1.2815 0 0 0 
1390000 6991 196.773 2501.4 1.729 1.3064 0 0 0 
1400000 7042 199.809 2626.5 2.134 1.349 0 0 0 
1410000 7097 174.359 2736.8 2.014 1.1695 0 0 0 
1420000 7145 202.3 2854.5 2.306 1.3581 0 0 0 
1430000 7196 192.534 2952.9 1.925 1.2756 0 0 0 
1440000 7249 190.903 3072.3 2.192 1.2663 0 0 0 
1450000 7308 173.063 3179.2 1.845 1.1521 0 0 0 
1460000 7366 183.77 3262.0 1.586 1.211 0 0 0 
1470000 7423 174.5 3401.8 2.106 1.1469 0 0 0 
1480000 7468 208.723 3530.3 2.671 1.3564 0 0 0 
1490000 7508 234.744 3558.6 1.976 1.5319 0 0 0 
1500000 7556 218.568 3704.8 2.492 1.4538 0 0 0 
1510000 7596 247.387 3778.4 2.175 1.6354 0 0 0 
1520000 7638 247.079 3873.6 2.325 1.7143 0 0 0 
1530000 7683 230.745 4005.5 2.576 1.5844 0 0 0 
1540000 7744 185.841 4140.9 2.341 1.2453 0 0 0 
1550000 7809 160.146 4311.2 2.534 1.0741 0 0 0 
1560000 7856 193.192 4461.0 2.838 1.2825 0 0 0 
1570000 7918 167.924 4568.1 2.152 1.1195 0 0 0 
1580000 7978 168.585 4705.2 2.228 1.1244 0 0 0 
1590000 8028 184.824 4808.0 1.847 1.2461 0 0 0 
1600000 8078 188.653 4953.4 2.399 1.261 0 0 0 
1610000 8131 191.091 5096.0 2.758 1.2743 0 0 0 
1620000 8182 195.682 5195.6 2.239 1.3138 0 0 0 
1630000 8238 176.495 5329.3 2.335 1.1901 0 0 0 
1640000 8280 208.87 5474.7 3.042 1.3996 0 0 0 
1650000 8332 194.258 5604.3 2.736 1.3195 0 0 0 
1660000 8395 160.465 5743.7 2.395 1.0745 0 0 0 
1670000 8446 180.573 5891.7 2.645 1.2178 0 0 0 
1680000 8483 230.248 6024.3 3.151 1.546 0 0 0 
1690000 8531 213.531 6144.3 2.789 1.4316 0 0 0 
1700000 8580 210.898 6295.4 2.923 1.4036 0 0 0 
1710000 8629 207.287 6460.3 3.109 1.3869 0 0 0 
1720000 8685 186.587 6630.9 2.994 1.2541 0 0 0 
1730000 8735 190.774 6760.1 2.584 1.2786 0 0 0 
1740000 8791 185.328 6919.2 2.685 1.2361 0 0 0 
1750000 8834 215.481 7064.0 2.864 1.4368 0 0 0 
1760000 8878 217.626 7181.8 2.771 1.456 0 0 0 
1770000 8926 204.294 7308.1 2.621 1.3686 0 0 0 
1780000 8989 170.23 7458.9 2.34 1.1495 0 0 0 
1790000 9038 200.411 7600.1 2.688 1.4099 0 0 0 
1800000 9086 199.675 7763.7 3.102 1.3563 0 0 0 
1810000 9128 224.134 7908.6 3.199 1.519 0 0 0 
1820000 9173 210.16 8054.6 3.23 1.4277 0 0 0 
1830000 9213 237.201 8194.5 3.381 1.5974 0 0 0 
1840000 9270 189.577 8351.2 2.927 1.2813 0 0 0 
1850000 9329 171.691 8536.7 2.971 1.1649 0 0 0 
1860000 9377 185.686 8670.2 2.851 1.2671 0 0 0 
1870000 9423 206.204 8834.3 3.358 1.3843 0 0 0 
1880000 9482 175.995 9066.0 3.63 1.1842 0 0 0 
1890000 9530 185.812 9214.3 3.279 1.2769 0 0 0 
1900000 9573 212.482 9364.2 3.422 1.4551 0 0 0 
1910000 9627 198.884 9509.1 2.842 1.3367 0 0 0 
1920000 9676 201.926 9708.4 3.686 1.3444 0 0 0 
1930000 9731 184.696 9876.6 3.372 1.2282 0 0 0 
1940000 9778 195.116 10028.4 3.353 1.2988 0 0 0 
1950000 9825 212.906 10160.6 3.0 1.42 0 0 0 
1960000 9873 213.506 10332.5 3.261 1.4163 0 0 0 
1970000 9918 215.755 10516.8 3.758 1.4149 0 0 0 
1980000 9968 199.115 10664.1 3.134 1.342 0 0 0 
1990000 10012 226.026 10791.2 2.997 1.5262 0 0 0 
2000000 10051 242.147 10953.9 3.668 1.6108 0 0 0 
2010000 10105 201.144 11110.3 3.198 1.3401 0 0 0 
2020000 10149 205.771 11239.6 2.925 1.3556 0 0 0 
2030000 10190 231.202 11378.6 3.381 1.513 0 0 0 
2040000 10244 198.451 11545.3 3.131 1.3171 0 0 0 
2050000 10301 183.452 11716.0 3.077 1.224 0 0 0 
2060000 10347 204.513 11850.4 2.868 1.3607 0 0 0 
2070000 10388 228.277 11969.2 2.828 1.5185 0 0 0 
2080000 10431 224.144 12110.4 3.133 1.487 0 0 0 
2090000 10479 218.856 12232.1 2.762 1.4535 0 0 0 
2100000 10527 210.715 12404.2 3.16 1.4334 0 0 0 
2110000 10578 197.865 12529.5 2.691 1.3389 0 0 0 
2120000 10625 206.665 12691.6 3.03 1.393 0 0 0 
2130000 10667 221.878 12826.2 3.019 1.4864 0 0 0 
2140000 10721 196.062 12968.6 2.907 1.3185 0 0 0 
2150000 10754 244.458 13096.4 3.208 1.6375 0 0 0 
2160000 10800 232.738 13241.1 3.207 1.5506 0 0 0 
2170000 10845 228.529 13427.2 3.802 1.517 0 0 0 
2180000 10880 255.178 13544.8 3.65 1.6812 0 0 0 
2190000 10926 239.312 13687.6 3.239 1.5791 0 0 0 
2200000 10967 246.599 13820.5 3.28 1.6374 0 0 0 
2210000 11016 216.008 13994.5 3.497 1.4369 0 0 0 
2220000 11058 232.226 14102.7 3.072 1.556 0 0 0 
2230000 11102 221.082 14266.3 3.264 1.484 0 0 0 
2240000 11151 206.881 14414.0 3.131 1.3785 0 0 0 
2250000 11185 241.441 14567.9 3.805 1.5867 0 0 0 
2260000 11228 242.406 14723.5 3.592 1.5993 0 0 0 
2270000 11271 244.559 14919.6 4.161 1.613 0 0 0 
2280000 11310 243.863 15094.5 4.172 1.6151 0 0 0 
2290000 11355 225.879 15299.6 4.454 1.5029 0 0 0 
2300000 11400 225.77 15483.3 4.224 1.5069 0 0 0 
2310000 11454 193.572 15672.9 3.635 1.2946 0 0 0 
2320000 11498 213.954 15831.2 3.677 1.4343 0 0 0 
2330000 11539 230.593 15993.4 3.735 1.5505 0 0 0 
2340000 11584 222.763 16172.4 3.918 1.494 0 0 0 
2350000 11618 264.022 16308.8 3.855 1.7565 0 0 0 
2360000 11661 244.783 16374.2 2.618 1.6465 0 0 0 
2370000 11708 228.557 16578.1 3.661 1.5522 0 0 0 
2380000 11750 223.443 16750.5 3.839 1.512 0 0 0 
2390000 11797 220.044 16932.2 3.978 1.46 0 0 0 
2400000 11843 220.041 17101.1 3.902 1.4531 0 0 0 
2410000 11893 215.557 17267.6 3.533 1.4176 0 0 0 
2420000 11932 232.185 17451.9 4.129 1.5164 0 0 0 
2430000 11987 196.334 17626.2 3.498 1.2986 0 0 0 
2440000 12032 208.546 17782.9 3.426 1.3621 0 0 0 
2450000 12080 209.383 17977.3 3.844 1.3666 0 0 0 
2460000 12132 203.462 18148.7 3.567 1.3525 0 0 0 
2470000 12173 224.468 18327.4 3.968 1.463 0 0 0 
2480000 12206 254.061 18467.1 4.129 1.634 0 0 0 
2490000 12240 273.932 18565.9 3.547 1.7832 0 0 0 
2500000 12283 249.794 18726.3 3.689 1.6363 0 0 0 
2510000 12330 224.142 18893.8 3.591 1.4947 0 0 0 
2520000 12369 239.624 19052.8 3.81 1.608 0 0 0 
2530000 12414 236.247 19217.5 3.829 1.5734 0 0 0 
2540000 12471 190.519 19442.2 3.863 1.2693 0 0 0 
2550000 12514 213.018 19597.9 3.656 1.4305 0 0 0 
2560000 12563 198.987 19772.8 3.627 1.344 0 0 0 
2570000 12613 197.94 19957.0 3.767 1.3407 0 0 0 
2580000 12665 193.311 20141.9 3.557 1.3135 0 0 0 
2590000 12710 214.246 20334.2 4.042 1.4474 0 0 0 
2600000 12761 193.149 20480.6 3.278 1.3148 0 0 0 
2610000 12798 228.147 20644.7 3.919 1.542 0 0 0 
2620000 12838 238.622 20818.5 4.209 1.6049 0 0 0 
2630000 12883 225.819 20998.2 4.043 1.5172 0 0 0 
2640000 12927 222.442 21183.7 4.192 1.5368 0 0 0 
2650000 12967 242.084 21335.9 4.038 1.6353 0 0 0 
2660000 13003 262.102 21473.2 3.908 1.7577 0 0 0 
2670000 13052 225.197 21647.4 3.653 1.525 0 0 0 
2680000 13092 239.019 21806.2 3.851 1.6025 0 0 0 
2690000 13131 239.633 21941.5 3.543 1.6011 0 0 0 
2700000 13177 226.992 22123.5 3.771 1.5261 0 0 0 
2710000 13220 233.128 22299.1 4.115 1.5578 0 0 0 
2720000 13257 239.643 22448.9 4.059 1.5974 0 0 0 
2730000 13294 264.026 22576.2 3.801 1.7541 0 0 0 
2740000 13333 261.479 22737.8 3.951 1.7312 0 0 0 
2750000 13374 247.959 22926.6 4.234 1.7263 0 0 0 
2760000 13408 272.489 23067.1 4.221 1.8804 0 0 0 
2770000 13449 257.015 23236.8 4.15 1.7607 0 0 0 
2780000 13488 258.617 23457.0 5.054 1.7553 0 0 0 
2790000 13525 267.903 23612.4 4.63 1.7967 0 0 0 
2800000 13561 277.265 23687.8 2.982 1.8512 0 0 0 
2810000 13601 264.031 23843.2 3.532 1.7429 0 0 0 
2820000 13640 247.713 24016.5 3.991 1.6409 0 0 0 
2830000 13677 267.479 24188.1 4.374 1.7695 0 0 0 
2840000 13717 262.031 24307.5 3.616 1.7289 0 0 0 
2850000 13761 245.05 24460.9 3.524 1.6238 0 0 0 
2860000 13796 267.785 24600.3 3.885 1.7733 0 0 0 
2870000 13846 228.886 24765.3 3.71 1.5402 0 0 0 
2880000 13885 242.842 24971.1 4.528 1.614 0 0 0 
2890000 13923 255.188 25175.3 4.979 1.6849 0 0 0 
2900000 13960 267.527 25374.8 5.347 1.7513 0 0 0 
2910000 13999 261.071 25534.5 4.684 1.7073 0 0 0 
2920000 14041 243.437 25716.0 4.317 1.5986 0 0 0 
2930000 14084 243.453 25882.4 4.043 1.6044 0 0 0 
2940000 14123 249.821 26025.9 3.995 1.6471 0 0 0 
2950000 14165 242.777 26208.2 4.176 1.6755 0 0 0 
2960000 14201 250.899 26325.1 3.707 1.7215 0 0 0 
2970000 14240 252.829 26467.2 3.494 1.7183 0 0 0 
2980000 14286 228.591 26649.7 3.643 1.547 0 0 0 
2990000 14332 218.985 26848.3 3.91 1.4649 0 0 0 
3000000 14377 210.476 27042.5 4.041 1.3947 0 0 0 
3010000 14415 239.386 27093.7 2.54 1.5794 0 0 0 
3020000 14458 239.917 27269.8 3.505 1.595 0 0 0 
3030000 14504 225.951 27420.5 3.409 1.5161 0 0 0 
3040000 14541 240.249 27579.2 3.916 1.6048 0 0 0 
3050000 14584 240.495 27747.7 3.922 1.584 0 0 0 
3060000 14632 221.921 27903.5 3.577 1.4522 0 0 0 
3070000 14671 238.446 28067.3 3.877 1.5573 0 0 0 
3080000 14709 249.756 28255.7 4.41 1.6316 0 0 0 
3090000 14754 237.25 28466.9 4.656 1.5565 0 0 0 
3100000 14795 237.459 28619.5 4.078 1.5622 0 0 0 
3110000 14829 270.67 28754.7 4.048 1.7747 0 0 0 
3120000 14871 244.758 28968.5 4.467 1.6052 0 0 0 
3130000 14911 254.37 29138.4 4.456 1.6856 0 0 0 
3140000 14955 239.509 29300.9 4.035 1.5939 0 0 0 
3150000 14992 253.782 29494.7 4.666 1.6849 0 0 0 
3160000 15033 243.786 29690.0 4.743 1.613 0 0 0 
3170000 15068 263.077 29843.3 4.462 1.7408 0 0 0 
3180000 15104 263.517 29981.9 4.251 1.7406 0 0 0 
3190000 15142 263.516 30152.0 4.375 1.7404 0 0 0 
3200000 15177 280.868 30298.6 4.315 1.855 0 0 0 
3210000 15214 265.317 30470.3 4.535 1.7623 0 0 0 
3220000 15255 254.111 30639.0 4.308 1.6903 0 0 0 
3230000 15302 232.689 30840.8 4.282 1.5525 0 0 0 
3240000 15343 238.395 31034.0 4.676 1.586 0 0 0 
3250000 15386 226.956 31232.4 4.639 1.5045 0 0 0 
3260000 15424 247.341 31390.2 4.345 1.6483 0 0 0 
3270000 15462 243.691 31573.2 4.576 1.6263 0 0 0 
3280000 15513 213.209 31746.2 3.992 1.4311 0 0 0 
3290000 15561 216.239 31933.7 4.007 1.4536 0 0 0 
3300000 15603 230.811 32133.0 4.394 1.5504 0 0 0 
3310000 15650 215.78 32357.5 4.531 1.5054 0 0 0 
3320000 15696 210.141 32547.8 4.158 1.4392 0 0 0 
3330000 15745 207.648 32733.4 3.999 1.4094 0 0 0 
3340000 15791 210.304 32925.0 3.984 1.4244 0 0 0 
3350000 15824 242.478 33101.8 4.566 1.6281 0 0 0 
3360000 15863 254.935 33238.1 4.097 1.7137 0 0 0 
3370000 15916 215.195 33454.9 4.122 1.4368 0 0 0 
3380000 15950 257.696 33624.6 4.657 1.6993 0 0 0 
3390000 15992 242.228 33838.3 4.812 1.5968 0 0 0 
3400000 16027 269.38 34013.0 4.948 1.8431 0 0 0 
3410000 16074 229.786 34180.9 4.207 1.6062 0 0 0 
3420000 16110 251.257 34320.7 3.898 1.6946 0 0 0 
3430000 16150 245.263 34494.4 4.147 1.6421 0 0 0 
3440000 16197 223.448 34690.2 4.105 1.4938 0 0 0 
3450000 16239 232.33 34892.0 4.6 1.5344 0 0 0 
3460000 16277 247.168 35048.8 4.373 1.6369 0 0 0 
3470000 16312 275.231 35208.6 4.486 1.8474 0 0 0 
3480000 16357 246.612 35407.7 4.368 1.678 0 0 0 
3490000 16396 243.968 35586.2 4.453 1.6816 0 0 0 
3500000 16431 258.845 35721.1 4.17 1.7905 0 0 0 
3510000 16461 294.306 35857.9 4.344 1.9981 0 0 0 
3520000 16506 248.089 36052.4 4.335 1.6694 0 0 0 
3530000 16543 261.807 36221.3 4.488 1.7538 0 0 0 
3540000 16590 233.465 36420.3 4.4 1.5688 0 0 0 
3550000 16619 281.1 36535.0 4.275 1.8619 0 0 0 
3560000 16661 249.604 36695.6 3.934 1.6652 0 0 0 
3570000 16702 246.132 36865.5 4.022 1.6375 0 0 0 
3580000 16744 241.587 37075.8 4.552 1.606 0 0 0 
3590000 16780 250.572 37239.4 4.549 1.6492 0 0 0 
3600000 16817 257.691 37408.4 4.415 1.6977 0 0 0 
3610000 16855 252.918 37497.5 3.465 1.6646 0 0 0 
3620000 16897 246.816 37646.2 3.551 1.6747 0 0 0 
3630000 16942 226.029 37857.4 4.132 1.529 0 0 0 
3640000 16983 243.826 38058.5 4.658 1.6365 0 0 0 
3650000 17021 244.812 38141.0 3.162 1.7118 0 0 0 
3660000 17071 218.314 38323.1 3.444 1.5175 0 0 0 
3670000 17114 214.738 38501.8 3.856 1.4558 0 0 0 
3680000 17155 235.018 38667.9 3.932 1.5951 0 0 0 
3690000 17198 224.818 38847.3 3.992 1.5339 0 0 0 
3700000 17234 257.89 38993.0 4.04 1.7584 0 0 0 
3710000 17275 249.785 39172.4 4.262 1.6967 0 0 0 
3720000 17314 242.849 39354.5 4.389 1.6458 0 0 0 
3730000 17363 223.38 39547.8 4.107 1.5156 0 0 0 
3740000 17399 251.676 39759.2 5.02 1.692 0 0 0 
3750000 17434 257.524 39910.9 4.548 1.7254 0 0 0 
3760000 17487 222.178 40126.8 4.281 1.5048 0 0 0 
3770000 17525 242.005 40297.6 4.253 1.6434 0 0 0 
3780000 17567 236.291 40461.3 4.06 1.5952 0 0 0 
3790000 17600 275.89 40642.7 4.837 1.8528 0 0 0 
3800000 17640 259.388 40828.6 4.615 1.7167 0 0 0 
3810000 17681 245.447 41020.7 4.578 1.6117 0 0 0 
3820000 17726 234.232 41214.5 4.407 1.5939 0 0 0 
3830000 17760 259.216 41344.1 3.993 1.7755 0 0 0 
3840000 17796 266.928 41527.8 4.564 1.809 0 0 0 
3850000 17829 282.835 41735.7 5.426 1.8942 0 0 0 
3860000 17873 251.687 41912.9 4.578 1.6843 0 0 0 
3870000 17915 240.642 42124.1 4.741 1.612 0 0 0 
3880000 17954 240.639 42285.0 4.245 1.6118 0 0 0 
3890000 17999 235.026 42474.4 4.219 1.5866 0 0 0 
3900000 18032 267.464 42662.9 4.9 1.792 0 0 0 
3910000 18074 245.488 42856.2 4.626 1.6382 0 0 0 
3920000 18117 231.599 43065.5 4.657 1.5462 0 0 0 
3930000 18161 227.716 43273.9 4.728 1.5151 0 0 0 
3940000 18198 248.139 43446.3 4.664 1.6421 0 0 0 
3950000 18241 235.494 43623.9 4.225 1.5644 0 0 0 
3960000 18282 244.681 43777.0 4.123 1.6171 0 0 0 
3970000 18316 261.382 43844.5 3.005 1.7336 0 0 0 
3980000 18368 215.087 44017.0 3.218 1.4252 0 0 0 
3990000 18420 194.827 44234.9 3.752 1.2974 0 0 0 
4000000 18459 227.923 44445.2 4.745 1.5101 0 0 0 
