10000 13 164.973 2637.868 44.47 0.1747 0 0 0 
20000 28 303.737 5199.833 79.27 0.3224 0 0 0 
30000 76 226.179 7515.316 56.911 0.4121 0 0 0 
40000 113 245.415 11077.699 77.414 0.5909 0 0 0 
50000 130 355.213 16070.102 144.562 1.0507 0 0 0 
60000 140 473.162 22039.398 227.153 1.4981 0 0 0 
70000 150 569.535 27137.383 279.134 1.8756 0 0 0 
80000 160 641.941 32207.344 316.785 2.1432 0 0 0 
90000 170 707.44 37754.224 359.747 2.3786 0 0 0 
100000 180 760.957 43255.09 396.782 2.5731 0 0 0 
110000 190 804.685 48144.549 414.004 2.7323 0 0 0 
120000 201 825.906 52954.833 417.742 2.8174 0 0 0 
130000 213 827.692 58692.904 431.467 2.8292 0 0 0 
140000 223 859.212 63866.903 446.368 2.947 0 0 0 
150000 233 884.966 68513.969 450.431 3.041 0 0 0 
160000 243 906.009 74015.882 469.777 3.1086 0 0 0 
170000 254 917.694 80041.244 489.534 3.1561 0 0 0 
180000 264 916.541 85134.019 486.448 3.1519 0 0 0 
190000 274 931.808 89816.104 483.11 3.2133 0 0 0 
200000 285 936.375 94759.875 478.533 3.2289 0 0 0 
210000 295 948.014 99823.797 483.45 3.2758 0 0 0 
220000 305 953.329 105502.4 495.232 3.3017 0 0 0 
230000 315 961.866 111027.346 506.809 3.3426 0 0 0 
240000 327 937.515 117279.176 512.171 3.2555 0 0 0 
250000 337 944.878 123058.125 524.021 3.2834 0 0 0 
260000 347 954.961 128619.769 528.844 3.3194 0 0 0 
270000 357 963.2 133895.848 530.292 3.3537 0 0 0 
280000 367 969.932 138990.652 525.008 3.3917 0 0 0 
290000 377 975.432 145077.148 540.735 3.4188 0 0 0 
300000 388 967.038 150057.209 525.927 3.39 0 0 0 
310000 398 964.615 154468.472 510.936 3.3857 0 0 0 
320000 408 971.088 159917.31 513.686 3.4153 0 0 0 
330000 418 976.377 165181.342 515.371 3.4261 0 0 0 
340000 428 980.698 170833.196 520.557 3.4429 0 0 0 
350000 438 984.229 176354.402 529.071 3.4588 0 0 0 
360000 448 987.114 181758.694 528.253 3.4768 0 0 0 
370000 459 984.039 188283.644 549.794 3.4564 0 0 0 
380000 469 986.959 194011.008 554.657 3.4573 0 0 0 
390000 479 989.344 199638.349 555.556 3.4632 0 0 0 
400000 490 975.9 204769.575 539.838 3.4235 0 0 0 
410000 501 963.185 210777.864 541.689 3.3784 0 0 0 
420000 511 969.919 217077.237 557.86 3.39 0 0 0 
430000 521 975.422 222667.684 558.003 3.4054 0 0 0 
440000 531 979.918 227420.878 542.14 3.431 0 0 0 
450000 541 983.591 232785.96 542.016 3.4509 0 0 0 
460000 551 986.593 237928.191 537.75 3.4637 0 0 0 
470000 561 989.045 242331.603 520.934 3.4771 0 0 0 
480000 571 988.514 247588.321 519.154 3.4791 0 0 0 
490000 581 990.615 253472.175 531.556 3.4801 0 0 0 
500000 591 992.332 259248.219 540.524 3.4788 0 0 0 
510000 602 978.08 265003.635 539.279 3.4336 0 0 0 
520000 612 967.492 271267.947 545.699 3.3988 0 0 0 
530000 623 956.99 277366.757 549.464 3.3775 0 0 0 
540000 633 964.857 282907.032 548.127 3.4135 0 0 0 
550000 643 971.286 288691.927 553.895 3.4488 0 0 0 
560000 654 967.896 294548.988 556.057 3.4482 0 0 0 
570000 668 913.182 300614.392 529.976 3.2558 0 0 0 
580000 678 929.064 306104.352 532.605 3.3162 0 0 0 
590000 688 931.676 311258.79 524.897 3.3231 0 0 0 
600000 699 935.962 315919.849 508.019 3.337 0 0 0 
610000 709 947.676 320728.144 503.004 3.3854 0 0 0 
620000 719 941.805 326221.215 499.503 3.3677 0 0 0 
630000 730 943.777 331871.821 510.412 3.363 0 0 0 
640000 740 954.062 337461.052 519.405 3.3922 0 0 0 
650000 750 962.465 343400.877 532.197 3.4179 0 0 0 
660000 760 961.331 349988.495 550.103 3.4146 0 0 0 
670000 770 968.405 355968.536 559.583 3.4239 0 0 0 
680000 781 965.681 363025.357 581.236 3.4001 0 0 0 
690000 791 971.959 369765.303 599.441 3.5081 0 0 0 
700000 801 977.088 376071.85 604.953 3.4965 0 0 0 
710000 811 981.279 381794.624 599.126 3.497 0 0 0 
720000 821 984.704 387444.636 593.256 3.4902 0 0 0 
730000 831 979.722 392998.573 581.667 3.4843 0 0 0 
740000 842 968.762 398196.933 559.645 3.4386 0 0 0 
750000 856 913.075 403494.488 520.042 3.2236 0 0 0 
760000 867 913.378 408818.289 514.853 3.2286 0 0 0 
770000 877 917.353 414431.447 516.271 3.2279 0 0 0 
780000 887 932.471 419970.119 522.009 3.2828 0 0 0 
790000 897 944.824 426319.846 540.462 3.3284 0 0 0 
800000 907 953.097 433556.578 573.551 3.3622 0 0 0 
810000 918 941.071 440196.64 579.076 3.3199 0 0 0 
820000 929 940.786 445499.909 563.699 3.3201 0 0 0 
830000 943 881.544 451238.072 521.261 3.1102 0 0 0 
840000 957 858.755 456185.496 492.275 3.0274 0 0 0 
850000 967 884.593 461830.353 505.565 3.1121 0 0 0 
860000 977 905.704 467310.915 513.829 3.1865 0 0 0 
870000 987 907.227 473003.095 514.476 3.1984 0 0 0 
880000 998 906.95 478779.94 515.819 3.1925 0 0 0 
890000 1008 923.971 484131.174 521.644 3.2519 0 0 0 
900000 1018 937.879 489256.788 517.536 3.3014 0 0 0 
910000 1028 949.242 494910.566 526.084 3.3345 0 0 0 
920000 1038 958.527 500293.91 529.153 3.3705 0 0 0 
930000 1049 959.975 506237.721 538.386 3.3651 0 0 0 
940000 1059 967.297 510800.082 522.678 3.3987 0 0 0 
950000 1069 973.279 515227.55 508.461 3.4101 0 0 0 
960000 1079 978.167 519853.337 500.131 3.4242 0 0 0 
970000 1089 982.161 524937.456 502.607 3.4407 0 0 0 
980000 1099 985.424 530437.963 511.133 3.4615 0 0 0 
990000 1109 976.521 535693.411 505.933 3.4345 0 0 0 
1000000 1120 973.065 541428.433 515.374 3.4162 0 0 0 
1010000 1130 977.992 546636.623 516.716 3.4337 0 0 0 
1020000 1140 982.018 552106.391 521.003 3.4404 0 0 0 
1030000 1150 985.307 557762.818 531.234 3.4506 0 0 0 
1040000 1160 987.995 563096.841 531.152 3.4468 0 0 0 
1050000 1170 990.191 568406.061 529.231 3.4621 0 0 0 
1060000 1181 977.122 573798.353 524.406 3.4201 0 0 0 
1070000 1191 981.307 579407.002 530.254 3.4361 0 0 0 
1080000 1201 984.727 585537.315 545.853 3.448 0 0 0 
1090000 1211 987.521 591374.327 553.009 3.4622 0 0 0 
1100000 1221 975.844 596669.318 540.128 3.4236 0 0 0 
1110000 1233 953.962 602232.212 529.121 3.3251 0 0 0 
1120000 1243 962.384 607918.369 533.616 3.3533 0 0 0 
1130000 1253 969.265 613417.946 537.695 3.3804 0 0 0 
1140000 1263 974.887 619678.458 554.677 3.3992 0 0 0 
1150000 1273 979.481 625443.716 557.898 3.4201 0 0 0 
1160000 1283 983.234 631505.779 566.786 3.4398 0 0 0 
1170000 1293 986.301 637681.881 574.355 3.4541 0 0 0 
1180000 1303 988.807 645310.062 611.147 3.4609 0 0 0 
1190000 1313 990.855 652711.06 634.802 3.4669 0 0 0 
1200000 1323 992.528 659842.684 646.482 3.4683 0 0 0 
1210000 1333 993.894 666043.18 642.79 3.4756 0 0 0 
1220000 1343 995.011 673404.02 661.045 3.483 0 0 0 
1230000 1353 995.924 679568.724 652.657 3.4791 0 0 0 
1240000 1363 996.67 686457.511 659.033 3.4864 0 0 0 
1250000 1373 997.279 692988.896 656.623 3.4894 0 0 0 
1260000 1383 997.777 699017.037 645.903 3.4895 0 0 0 
1270000 1393 998.183 705129.354 640.445 3.4912 0 0 0 
1280000 1404 984.568 712758.292 655.629 3.4464 0 0 0 
1290000 1414 987.391 719545.707 659.693 3.4521 0 0 0 
1300000 1424 989.698 727683.916 687.282 3.4614 0 0 0 
1310000 1434 982.246 734476.728 677.241 3.4403 0 0 0 
1320000 1444 985.493 741949.017 693.899 3.4574 0 0 0 
1330000 1454 987.297 749671.24 704.714 3.4578 0 0 0 
1340000 1464 989.621 757620.298 720.62 3.4621 0 0 0 
1350000 1474 991.52 765235.001 732.709 3.469 0 0 0 
1360000 1484 993.071 771683.325 712.616 3.4789 0 0 0 
1370000 1494 994.338 780233.582 736.805 3.4723 0 0 0 
1380000 1504 995.374 787659.946 741.63 3.4754 0 0 0 
1390000 1514 996.22 794960.364 740.15 3.4708 0 0 0 
1400000 1524 996.912 802014.637 729.434 3.4779 0 0 0 
1410000 1534 997.477 810004.292 737.092 3.4778 0 0 0 
1420000 1544 997.938 818072.151 751.207 3.4898 0 0 0 
1430000 1554 998.315 826243.161 770.145 3.4845 0 0 0 
1440000 1564 998.624 834860.433 786.918 3.4899 0 0 0 
1450000 1574 998.875 843936.561 810.135 3.4854 0 0 0 
1460000 1584 998.546 853154.407 822.897 3.4629 0 0 0 
1470000 1594 998.812 861524.362 828.291 3.4565 0 0 0 
1480000 1604 999.029 869721.43 821.327 3.4653 0 0 0 
1490000 1614 999.207 880311.516 862.572 3.4658 0 0 0 
1500000 1624 999.352 890513.297 893.461 3.4642 0 0 0 
1510000 1634 999.471 901612.889 933.847 3.4563 0 0 0 
1520000 1644 999.567 912573.065 963.194 3.4559 0 0 0 
1530000 1654 999.647 924137.56 1003.408 3.4586 0 0 0 
1540000 1664 999.711 934759.863 1011.58 3.4659 0 0 0 
1550000 1674 999.764 946953.318 1052.569 3.4561 0 0 0 
1560000 1684 999.807 958209.729 1058.571 3.453 0 0 0 
1570000 1694 999.842 967980.892 1052.165 3.4595 0 0 0 
1580000 1705 993.971 978080.476 1031.578 3.4374 0 0 0 
1590000 1717 961.275 987589.566 983.798 3.326 0 0 0 
1600000 1727 968.359 997240.744 978.823 3.3447 0 0 0 
1610000 1737 965.271 1009313.225 1008.699 3.3352 0 0 0 
1620000 1747 971.624 1022735.884 1069.478 3.3614 0 0 0 
1630000 1757 976.814 1036547.719 1128.998 3.3806 0 0 0 
1640000 1768 968.211 1050468.701 1163.102 3.3479 0 0 0 
1650000 1778 974.026 1062709.763 1173.207 3.3646 0 0 0 
1660000 1788 978.778 1073622.466 1157.985 3.3792 0 0 0 
1670000 1798 982.66 1083259.48 1125.012 3.3908 0 0 0 
1680000 1808 985.832 1094180.644 1113.495 3.399 0 0 0 
1690000 1818 988.424 1108539.159 1171.295 3.4068 0 0 0 
1700000 1828 990.541 1122901.138 1225.942 3.4089 0 0 0 
1710000 1838 992.271 1137982.277 1272.794 3.416 0 0 0 
1720000 1848 993.685 1149566.956 1253.401 3.433 0 0 0 
1730000 1858 994.84 1163547.316 1275.369 3.4319 0 0 0 
1740000 1868 995.784 1179101.846 1329.447 3.4335 0 0 0 
1750000 1878 996.555 1195029.747 1377.328 3.4281 0 0 0 
1760000 1888 997.186 1211597.452 1425.857 3.4241 0 0 0 
1770000 1898 997.7 1226007.715 1429.974 3.4281 0 0 0 
1780000 1908 998.121 1238235.397 1394.896 3.4318 0 0 0 
1790000 1918 998.465 1252574.407 1402.89 3.4385 0 0 0 
1800000 1928 998.589 1264016.041 1351.435 3.4486 0 0 0 
1810000 1938 998.847 1278051.911 1369.392 3.4379 0 0 0 
1820000 1948 999.058 1294532.824 1411.746 3.4292 0 0 0 
1830000 1958 999.23 1309646.785 1428.788 3.435 0 0 0 
1840000 1968 999.371 1326757.061 1479.715 3.4343 0 0 0 
1850000 1978 999.486 1343200.579 1512.883 3.4512 0 0 0 
1860000 1988 999.58 1358014.198 1504.278 3.447 0 0 0 
1870000 1998 999.657 1375430.753 1547.587 3.4561 0 0 0 
1880000 2008 999.72 1391743.866 1561.902 3.4676 0 0 0 
1890000 2018 999.771 1405507.49 1529.603 3.4818 0 0 0 
1900000 2028 999.813 1418610.079 1488.289 3.4942 0 0 0 
1910000 2038 999.847 1433882.252 1493.361 3.4962 0 0 0 
1920000 2048 999.875 1449203.613 1500.165 3.4959 0 0 0 
1930000 2058 999.898 1465909.367 1532.234 3.4901 0 0 0 
1940000 2068 999.917 1481320.182 1535.641 3.4863 0 0 0 
1950000 2078 999.932 1495650.33 1514.58 3.4821 0 0 0 
1960000 2088 999.944 1510595.671 1517.938 3.4806 0 0 0 
1970000 2098 999.954 1528223.525 1557.11 3.4772 0 0 0 
1980000 2108 999.963 1541931.813 1517.487 3.4761 0 0 0 
1990000 2118 999.97 1561277.613 1595.124 3.4706 0 0 0 
2000000 2128 999.975 1575138.83 1561.394 3.4815 0 0 0 
2010000 2138 999.98 1592467.022 1585.03 3.4842 0 0 0 
2020000 2148 999.983 1607815.591 1579.948 3.4801 0 0 0 
2030000 2158 999.986 1621079.602 1534.548 3.4789 0 0 0 
2040000 2168 999.989 1637699.309 1555.563 3.4645 0 0 0 
2050000 2178 999.991 1651306.038 1517.463 3.4644 0 0 0 
2060000 2188 999.993 1665989.765 1510.083 3.464 0 0 0 
2070000 2198 999.994 1679740.49 1485.836 3.4604 0 0 0 
2080000 2208 999.995 1696170.718 1514.552 3.4681 0 0 0 
2090000 2219 980.394 1712694.846 1507.764 3.4001 0 0 0 
2100000 2229 983.981 1730665.663 1561.719 3.413 0 0 0 
2110000 2239 986.911 1748970.193 1608.645 3.4198 0 0 0 
2120000 2249 989.305 1766603.92 1637.028 3.4223 0 0 0 
2130000 2259 983.779 1783709.949 1638.978 3.3943 0 0 0 
2140000 2270 979.252 1800682.017 1638.102 3.3845 0 0 0 
2150000 2281 967.053 1816169.63 1590.504 3.3474 0 0 0 
2160000 2291 973.08 1833993.629 1628.698 3.3584 0 0 0 
2170000 2301 978.004 1851742.06 1660.426 3.3771 0 0 0 
2180000 2311 982.028 1868528.849 1654.108 3.3912 0 0 0 
2190000 2321 979.574 1886048.653 1657.957 3.3962 0 0 0 
2200000 2331 983.31 1901597.871 1636.132 3.4161 0 0 0 
2210000 2341 986.363 1918092.722 1651.172 3.4343 0 0 0 
2220000 2351 988.858 1934409.699 1637.859 3.4386 0 0 0 
2230000 2361 990.896 1953643.222 1691.876 3.4429 0 0 0 
2240000 2371 992.561 1971914.812 1717.176 3.4452 0 0 0 
2250000 2381 993.922 1990686.031 1741.474 3.448 0 0 0 
2260000 2391 995.034 2007133.972 1732.294 3.4396 0 0 0 
2270000 2401 995.942 2027115.666 1779.137 3.4441 0 0 0 
2280000 2411 996.685 2044745.942 1774.277 3.4532 0 0 0 
2290000 2421 997.291 2063957.543 1804.661 3.4519 0 0 0 
2300000 2431 997.787 2084852.143 1852.777 3.4494 0 0 0 
2310000 2441 998.192 2106795.23 1915.539 3.4446 0 0 0 
2320000 2451 998.522 2127774.27 1948.489 3.4476 0 0 0 
2330000 2461 998.793 2150508.177 2010.362 3.4459 0 0 0 
2340000 2471 999.014 2172407.635 2041.665 3.4406 0 0 0 
2350000 2481 999.194 2193718.954 2059.263 3.4456 0 0 0 
2360000 2491 999.341 2213659.229 2044.748 3.4398 0 0 0 
2370000 2501 999.462 2234212.084 2047.139 3.4448 0 0 0 
2380000 2511 992.953 2255273.194 2046.718 3.4231 0 0 0 
2390000 2521 994.242 2275671.462 2041.68 3.4294 0 0 0 
2400000 2531 995.295 2295882.19 2040.486 3.4379 0 0 0 
2410000 2541 996.156 2314767.401 2042.307 3.4432 0 0 0 
2420000 2551 996.859 2330198.378 1925.142 3.4475 0 0 0 
2430000 2561 997.434 2349630.628 1930.069 3.4513 0 0 0 
2440000 2571 997.903 2369759.537 1940.282 3.4596 0 0 0 
2450000 2581 998.287 2389515.732 1951.472 3.4546 0 0 0 
2460000 2591 998.6 2410777.132 1981.566 3.4592 0 0 0 
2470000 2601 998.856 2432567.592 2013.689 3.4648 0 0 0 
2480000 2611 999.065 2453647.689 2031.405 3.4582 0 0 0 
2490000 2622 992.672 2475329.378 2045.092 3.4434 0 0 0 
2500000 2632 994.012 2496265.2 2056.742 3.4457 0 0 0 
2510000 2642 995.108 2516390.812 2050.825 3.4478 0 0 0 
2520000 2652 996.002 2537313.486 2064.65 3.4312 0 0 0 
2530000 2662 996.734 2558449.984 2068.212 3.4239 0 0 0 
2540000 2672 997.331 2580910.896 2098.643 3.4266 0 0 0 
2550000 2682 997.819 2598852.341 2041.169 3.4375 0 0 0 
2560000 2692 998.218 2620752.678 2070.932 3.4436 0 0 0 
2570000 2702 998.544 2639498.887 2030.249 3.4432 0 0 0 
2580000 2712 998.811 2659900.582 2033.625 3.4422 0 0 0 
2590000 2722 999.028 2680958.793 2048.302 3.4499 0 0 0 
2600000 2732 999.206 2703007.006 2075.612 3.4413 0 0 0 
2610000 2742 999.351 2721787.115 2042.296 3.4366 0 0 0 
2620000 2752 999.47 2741962.889 2037.919 3.4372 0 0 0 
2630000 2762 999.567 2763764.161 2060.635 3.4415 0 0 0 
2640000 2772 999.646 2784044.233 2056.16 3.4396 0 0 0 
2650000 2782 999.711 2803867.916 2041.81 3.4375 0 0 0 
2660000 2792 999.764 2824100.537 2039.922 3.4389 0 0 0 
2670000 2802 999.807 2840425.912 1969.574 3.442 0 0 0 
2680000 2812 999.842 2855575.815 1885.486 3.4448 0 0 0 
2690000 2822 999.871 2873191.521 1866.052 3.4352 0 0 0 
2700000 2832 999.895 2891507.849 1860.744 3.4308 0 0 0 
2710000 2842 999.914 2910911.044 1882.329 3.4209 0 0 0 
2720000 2852 999.93 2928055.0 1847.064 3.4252 0 0 0 
2730000 2862 999.943 2947059.696 1855.146 3.4261 0 0 0 
2740000 2872 999.953 2966443.088 1869.601 3.4361 0 0 0 
2750000 2882 999.962 2986049.109 1885.205 3.4303 0 0 0 
2760000 2892 999.969 3001533.216 1828.748 3.4369 0 0 0 
2770000 2902 999.974 3018354.031 1799.966 3.4461 0 0 0 
2780000 2912 999.979 3037352.104 1814.452 3.4552 0 0 0 
2790000 2922 999.983 3056353.957 1834.904 3.4504 0 0 0 
2800000 2932 999.986 3072864.455 1806.721 3.4523 0 0 0 
2810000 2942 999.989 3090541.521 1792.475 3.4554 0 0 0 
2820000 2952 999.991 3108690.953 1800.019 3.4569 0 0 0 
2830000 2962 999.992 3128921.208 1838.234 3.4546 0 0 0 
2840000 2972 999.994 3151481.982 1916.675 3.4427 0 0 0 
2850000 2982 999.995 3170869.324 1923.321 3.4348 0 0 0 
2860000 2992 999.996 3191526.865 1945.259 3.4365 0 0 0 
2870000 3002 999.997 3211323.238 1954.161 3.4344 0 0 0 
2880000 3012 999.997 3232479.071 1980.22 3.4203 0 0 0 
2890000 3022 999.998 3253193.716 1999.241 3.4284 0 0 0 
2900000 3032 999.998 3272621.362 1993.631 3.4303 0 0 0 
2910000 3042 999.998 3288942.539 1922.016 3.4412 0 0 0 
2920000 3052 999.999 3305323.53 1872.408 3.4383 0 0 0 
2930000 3062 999.999 3322860.61 1848.217 3.438 0 0 0 
2940000 3072 999.999 3343017.767 1874.999 3.4399 0 0 0 
2950000 3082 999.999 3362313.138 1888.001 3.4386 0 0 0 
2960000 3093 984.839 3380944.175 1854.291 3.3935 0 0 0 
2970000 3103 987.613 3400579.609 1874.011 3.4004 0 0 0 
2980000 3113 989.879 3418182.513 1853.596 3.4072 0 0 0 
2990000 3123 991.73 3436036.442 1844.509 3.4115 0 0 0 
3000000 3133 993.243 3453210.03 1822.366 3.4194 0 0 0 
3010000 3143 994.479 3472735.715 1847.616 3.4233 0 0 0 
3020000 3153 982.686 3491273.81 1821.042 3.3815 0 0 0 
3030000 3163 985.854 3506160.946 1755.924 3.3935 0 0 0 
3040000 3173 988.441 3516831.476 1651.322 3.4157 0 0 0 
3050000 3183 990.556 3528671.674 1559.676 3.4162 0 0 0 
3060000 3193 992.283 3543731.598 1537.177 3.4293 0 0 0 
3070000 3203 993.695 3562547.704 1604.645 3.4469 0 0 0 
3080000 3213 994.848 3581030.206 1648.295 3.4442 0 0 0 
3090000 3224 981.142 3597229.387 1619.608 3.3913 0 0 0 
3100000 3234 984.592 3610011.358 1552.408 3.4088 0 0 0 
3110000 3244 987.41 3627106.327 1584.45 3.4079 0 0 0 
3120000 3254 989.713 3647663.632 1673.977 3.4099 0 0 0 
3130000 3264 991.595 3667058.906 1721.015 3.4083 0 0 0 
3140000 3274 993.133 3686932.388 1768.952 3.4101 0 0 0 
3150000 3284 994.389 3705939.341 1792.517 3.4141 0 0 0 
3160000 3294 995.415 3722098.606 1769.572 3.4228 0 0 0 
3170000 3304 996.254 3740091.822 1772.719 3.4384 0 0 0 
3180000 3314 996.939 3758645.299 1791.276 3.4415 0 0 0 
3190000 3324 997.499 3779770.736 1846.683 3.4416 0 0 0 
3200000 3334 997.957 3799777.499 1875.504 3.4388 0 0 0 
3210000 3344 998.33 3821074.547 1921.954 3.4469 0 0 0 
3220000 3354 998.636 3844388.776 1995.073 3.4468 0 0 0 
3230000 3364 998.885 3865320.462 2016.816 3.4387 0 0 0 
3240000 3374 999.089 3887111.685 2050.9 3.444 0 0 0 
3250000 3384 999.256 3907065.547 2033.46 3.4467 0 0 0 
3260000 3394 999.392 3928829.311 2061.953 3.4473 0 0 0 
3270000 3404 999.503 3951662.619 2099.572 3.4405 0 0 0 
3280000 3414 999.594 3969170.567 2038.474 3.4439 0 0 0 
3290000 3424 999.668 3991063.353 2068.445 3.444 0 0 0 
3300000 3434 999.729 4009102.161 2014.937 3.4505 0 0 0 
3310000 3444 999.779 4030859.464 2045.531 3.4489 0 0 0 
3320000 3454 999.819 4051546.998 2052.713 3.454 0 0 0 
3330000 3464 999.852 4073257.937 2071.539 3.4581 0 0 0 
3340000 3474 999.879 4090826.523 2015.356 3.4552 0 0 0 
3350000 3484 999.901 4109827.843 1994.283 3.4526 0 0 0 
3360000 3494 999.919 4130137.022 1999.006 3.4489 0 0 0 
3370000 3504 999.934 4150315.391 2002.515 3.4582 0 0 0 
3380000 3514 999.946 4165645.359 1918.078 3.4577 0 0 0 
3390000 3524 999.956 4185908.462 1935.143 3.4594 0 0 0 
3400000 3534 999.964 4203159.682 1901.977 3.4573 0 0 0 
3410000 3544 999.971 4223026.159 1916.121 3.4563 0 0 0 
3420000 3554 999.976 4240721.704 1892.381 3.4516 0 0 0 
3430000 3564 999.98 4259697.104 1888.759 3.4505 0 0 0 
3440000 3574 999.984 4278422.197 1884.81 3.4622 0 0 0 
3450000 3584 999.987 4299114.393 1918.518 3.4636 0 0 0 
3460000 3594 999.989 4315616.812 1873.499 3.4587 0 0 0 
3470000 3604 999.991 4334863.819 1879.851 3.4556 0 0 0 
3480000 3614 999.993 4355201.454 1912.66 3.4411 0 0 0 
3490000 3624 999.994 4376071.828 1941.012 3.4379 0 0 0 
3500000 3634 999.995 4394671.123 1926.123 3.4454 0 0 0 
3510000 3644 999.996 4413873.492 1927.754 3.4517 0 0 0 
3520000 3654 999.997 4433038.257 1921.803 3.4545 0 0 0 
3530000 3664 999.997 4454453.546 1962.956 3.4599 0 0 0 
3540000 3674 999.998 4475935.687 1997.295 3.4575 0 0 0 
3550000 3684 999.998 4496351.768 2004.054 3.4545 0 0 0 
3560000 3694 999.999 4518242.268 2040.004 3.4474 0 0 0 
3570000 3704 999.999 4539548.532 2057.109 3.4328 0 0 0 
3580000 3714 999.999 4561233.725 2074.497 3.4347 0 0 0 
3590000 3724 999.999 4581597.433 2071.569 3.4306 0 0 0 
3600000 3734 999.999 4602274.465 2068.827 3.4339 0 0 0 
3610000 3744 999.999 4621261.238 2042.755 3.4418 0 0 0 
3620000 3754 1000.0 4638582.961 1980.511 3.4437 0 0 0 
3630000 3764 1000.0 4658638.019 1984.72 3.4569 0 0 0 
3640000 3774 1000.0 4678025.734 1976.739 3.4653 0 0 0 
3650000 3784 1000.0 4698319.538 1989.372 3.4653 0 0 0 
3660000 3794 1000.0 4719028.205 2001.394 3.4709 0 0 0 
3670000 3804 1000.0 4739625.223 2013.841 3.4646 0 0 0 
3680000 3814 1000.0 4759716.135 2011.27 3.4519 0 0 0 
3690000 3824 1000.0 4779113.339 2000.471 3.4329 0 0 0 
3700000 3834 1000.0 4800385.478 2034.95 3.4347 0 0 0 
3710000 3844 1000.0 4821105.652 2030.543 3.4364 0 0 0 
3720000 3854 1000.0 4841027.892 2023.3 3.4341 0 0 0 
3730000 3864 1000.0 4862963.269 2053.763 3.4295 0 0 0 
3740000 3874 1000.0 4883149.291 2053.759 3.4453 0 0 0 
3750000 3884 1000.0 4901756.203 2014.468 3.4486 0 0 0 
3760000 3894 1000.0 4923486.333 2044.2 3.4469 0 0 0 
3770000 3904 1000.0 4943219.018 2044.25 3.4561 0 0 0 
3780000 3914 1000.0 4959599.941 1953.379 3.4542 0 0 0 
3790000 3924 1000.0 4974794.537 1875.404 3.4671 0 0 0 
3800000 3934 1000.0 4993811.53 1879.705 3.4659 0 0 0 
3810000 3944 1000.0 5015166.647 1924.795 3.4635 0 0 0 
3820000 3954 1000.0 5032879.21 1894.292 3.4623 0 0 0 
3830000 3964 1000.0 5051511.15 1892.514 3.4606 0 0 0 
3840000 3974 1000.0 5067519.827 1848.093 3.4649 0 0 0 
3850000 3984 1000.0 5084986.691 1818.118 3.4726 0 0 0 
3860000 3994 1000.0 5108006.586 1904.822 3.4829 0 0 0 
3870000 4004 1000.0 5129533.978 1951.471 3.4847 0 0 0 
3880000 4014 1000.0 5150617.717 1984.057 3.4892 0 0 0 
3890000 4024 1000.0 5174427.602 2054.204 3.4812 0 0 0 
3900000 4035 984.478 5194529.725 2029.376 3.4295 0 0 0 
3910000 4048 938.177 5216540.524 1949.284 3.2621 0 0 0 
3920000 4059 917.889 5238047.741 1915.851 3.1983 0 0 0 
3930000 4069 932.909 5260554.046 1978.322 3.2439 0 0 0 
3940000 4079 945.182 5280311.765 1988.805 3.2929 0 0 0 
3950000 4089 955.21 5298562.343 1948.074 3.3302 0 0 0 
3960000 4099 963.403 5320698.753 1999.139 3.356 0 0 0 
3970000 4109 970.098 5337158.681 1940.847 3.375 0 0 0 
3980000 4119 975.568 5353660.109 1906.065 3.3883 0 0 0 
3990000 4129 980.037 5372185.352 1870.002 3.4013 0 0 0 
4000000 4139 983.689 5394161.342 1931.658 3.4113 0 0 0 
