10000 10 178.862 -1.252 -0.025 0.5384 0 0 0 
20000 20 325.895 -4.622 -0.08 0.9808 0 0 0 
30000 110 111.77 -82.688 -0.763 0.5119 0 0 0 
40000 120 274.252 -88.799 -0.743 1.4745 0 0 0 
50000 130 407.011 -94.919 -0.713 2.2575 0 0 0 
60000 143 502.012 -103.819 -0.704 2.8256 0 0 0 
70000 222 242.124 -166.537 -0.765 1.3887 0 0 0 
80000 243 340.007 -171.21 -0.582 1.9485 0 0 0 
90000 257 436.196 -172.495 -0.46 2.4691 0 0 0 
100000 329 183.372 -232.711 -0.772 1.0366 0 0 0 
110000 370 209.571 -255.629 -0.645 1.1732 0 0 0 
120000 401 266.676 -243.656 -0.146 1.5104 0 0 0 
130000 435 279.734 -232.64 0.138 1.5836 0 0 0 
140000 470 277.11 -216.41 0.262 1.5613 0 0 0 
150000 507 276.429 -188.16 0.528 1.5565 0 0 0 
160000 559 220.461 -187.901 0.218 1.2394 0 0 0 
170000 577 326.531 -178.931 0.309 1.8336 0 0 0 
180000 598 373.282 -171.402 0.326 2.1139 0 0 0 
190000 631 342.791 -155.572 0.415 1.9425 0 0 0 
200000 671 288.67 -138.976 0.478 1.6359 0 0 0 
210000 709 270.952 -142.831 0.164 1.5295 0 0 0 
220000 768 191.01 -94.495 0.656 1.0727 0 0 0 
230000 797 253.546 -84.643 0.492 1.4102 0 0 0 
240000 842 225.664 -40.308 0.801 1.2597 0 0 0 
250000 921 147.382 36.151 0.891 0.8263 0 0 0 
260000 989 150.043 97.451 0.905 0.8404 0 0 0 
270000 1071 125.013 180.785 1.001 0.6998 0 0 0 
280000 1176 93.021 288.906 1.033 0.5236 0 0 0 
290000 1342 58.323 460.085 1.03 0.3343 0 0 0 
300000 1511 58.919 628.24 0.983 0.3353 0 0 0 
310000 1701 52.01 821.101 1.016 0.2968 0 0 0 
320000 1905 47.867 1028.063 1.022 0.2771 0 0 0 
330000 2112 51.54 1238.207 1.023 0.2958 0 0 0 
340000 2328 44.815 1453.294 0.996 0.2618 0 0 0 
350000 2529 44.389 1659.54 1.022 0.2587 0 0 0 
360000 2748 42.671 1871.76 0.948 0.2495 0 0 0 
370000 2957 47.278 2075.901 0.968 0.276 0 0 0 
380000 3173 46.881 2289.041 0.961 0.2726 0 0 0 
390000 3399 44.894 2516.048 1.019 0.2619 0 0 0 
400000 3641 41.402 2757.177 0.966 0.2423 0 0 0 
410000 3873 41.469 2990.345 0.988 0.2457 0 0 0 
420000 4129 38.794 3239.589 0.879 0.2331 0 0 0 
430000 4353 44.0 3434.677 0.844 0.264 0 0 0 
440000 4605 39.053 3685.822 1.015 0.2359 0 0 0 
450000 4821 41.136 3895.046 0.956 0.2472 0 0 0 
460000 5029 45.93 4086.235 0.926 0.2732 0 0 0 
470000 5237 44.511 4271.594 0.892 0.2643 0 0 0 
480000 5432 50.937 4453.713 0.923 0.3054 0 0 0 
490000 5676 41.728 4698.783 1.015 0.253 0 0 0 
500000 5878 47.351 4899.767 0.974 0.2891 0 0 0 
510000 6142 37.136 5166.995 1.014 0.2281 0 0 0 
520000 6363 40.815 5385.427 0.983 0.2473 0 0 0 
530000 6589 39.532 5610.595 1.016 0.2388 0 0 0 
540000 6822 43.242 5844.715 0.971 0.2609 0 0 0 
550000 7053 40.77 6078.96 1.019 0.248 0 0 0 
560000 7297 36.304 6326.021 1.017 0.2198 0 0 0 
570000 7515 41.889 6547.093 1.014 0.2554 0 0 0 
580000 7747 42.226 6782.316 1.017 0.2579 0 0 0 
590000 7993 38.927 7031.502 1.011 0.2343 0 0 0 
600000 8227 47.711 7268.436 1.019 0.2824 0 0 0 
610000 8449 44.006 7489.371 1.014 0.261 0 0 0 
620000 8700 43.27 7737.513 1.006 0.259 0 0 0 
630000 8936 45.307 7978.524 1.022 0.2736 0 0 0 
640000 9194 38.456 8239.615 0.985 0.2308 0 0 0 
650000 9443 39.191 8491.611 1.019 0.2383 0 0 0 
660000 9666 40.333 8717.941 1.02 0.2423 0 0 0 
670000 9886 40.945 8938.818 0.986 0.2483 0 0 0 
680000 10114 40.1 9165.662 1.0 0.2403 0 0 0 
690000 10333 51.434 9385.348 1.005 0.3037 0 0 0 
700000 10568 43.073 9625.271 1.021 0.2574 0 0 0 
710000 10756 46.992 9810.415 1.016 0.2822 0 0 0 
720000 10988 42.125 10045.321 1.019 0.2563 0 0 0 
730000 11219 43.666 10277.364 1.002 0.2649 0 0 0 
740000 11461 41.616 10524.419 1.021 0.2527 0 0 0 
750000 11696 40.391 10758.49 1.01 0.2449 0 0 0 
760000 11925 46.697 10990.489 1.005 0.2772 0 0 0 
770000 12149 46.421 11215.605 0.977 0.2755 0 0 0 
780000 12384 39.386 11451.646 1.008 0.2348 0 0 0 
790000 12600 40.859 11660.756 0.922 0.2436 0 0 0 
800000 12843 40.226 11908.781 1.02 0.2446 0 0 0 
810000 13070 57.997 12134.89 0.989 0.3505 0 0 0 
820000 13279 52.143 12336.785 0.971 0.3145 0 0 0 
830000 13534 41.053 12596.891 1.021 0.249 0 0 0 
840000 13778 40.973 12842.055 0.986 0.2511 0 0 0 
850000 14000 51.99 13068.989 1.025 0.3166 0 0 0 
860000 14249 39.763 13313.043 1.008 0.2438 0 0 0 
870000 14480 39.972 13536.945 0.998 0.2489 0 0 0 
880000 14681 42.383 13740.89 1.019 0.2599 0 0 0 
890000 14898 44.147 13959.047 0.974 0.2731 0 0 0 
900000 15145 41.607 14209.085 1.017 0.2576 0 0 0 
910000 15369 46.172 14434.219 1.0 0.2845 0 0 0 
920000 15620 38.888 14690.288 1.019 0.2412 0 0 0 
930000 15856 40.485 14925.213 0.973 0.2432 0 0 0 
940000 16071 41.009 15143.04 1.018 0.2439 0 0 0 
950000 16320 38.259 15395.202 0.991 0.2349 0 0 0 
960000 16557 38.247 15629.359 0.984 0.2353 0 0 0 
970000 16795 40.131 15872.343 1.02 0.2453 0 0 0 
980000 17025 39.197 16101.435 1.001 0.2337 0 0 0 
990000 17273 42.244 16344.495 0.984 0.252 0 0 0 
1000000 17518 41.039 16590.536 1.012 0.2411 0 0 0 
