10000 479 20.519 3326.924 6.861 0.0177 0 0 0 0.0 0.0 0.0 0.0 0.0 
20000 960 20.871 6591.563 6.879 0.018 0 0 0 0.0 0.0 0.0 0.0 0.0 
30000 1041 117.418 10061.518 43.615 0.6977 0 0 0 0.0053101 -1.3577127 0.1106771 0.0107849 0.0052595 
40000 1165 71.991 14038.691 27.91 0.4373 0 0 0 0.0035536 -2.3575254 0.0646926 0.0079154 0.0035028 
50000 1665 20.002 18297.879 7.671 0.1217 0 0 0 0.0023325 -3.3499273 0.0666724 0.0067739 0.0023251 
60000 1831 107.94 22018.674 39.352 0.6626 0 0 0 0.0026749 -4.585317 0.1507408 0.0062647 0.0026184 
70000 1841 271.122 27016.634 122.355 1.6686 0 0 0 0.002243 -6.0507545 0.1881486 0.0050168 0.0022232 
80000 1870 300.53 30843.338 127.927 1.8588 0 0 0 0.0024452 -7.7743743 0.3131342 0.005914 0.0023682 
90000 1880 428.482 35330.744 186.202 2.639 0 0 0 0.0026255 -9.5658454 0.422584 0.0057215 0.0024983 
100000 1890 533.028 39740.866 232.77 3.2795 0 0 0 0.0024156 -11.5216869 0.4572867 0.0046552 0.0023898 
110000 1901 609.648 43836.569 260.634 3.7557 0 0 0 0.0022664 -13.5503616 0.383925 0.0041008 0.0022127 
120000 1919 593.835 47415.605 241.722 3.6539 0 0 0 0.0025853 -15.6345223 0.4286017 0.0039084 0.0023778 
130000 1931 642.549 52108.721 272.452 3.9465 0 0 0 0.0035073 -17.2150743 1.0343973 0.0035722 0.0031698 
140000 1943 673.604 57367.197 303.165 4.131 0 0 0 0.0028769 -19.2897009 0.7692388 0.0033124 0.0027236 
150000 1953 733.311 62376.308 335.284 4.4997 0 0 0 0.0023066 -21.3474831 0.4336334 0.0030395 0.0021957 
160000 1963 782.095 66447.439 356.065 4.7912 0 0 0 0.0023146 -23.0677915 0.5688996 0.0029213 0.0022284 
170000 1973 821.956 70316.25 353.623 5.0415 0 0 0 0.0021739 -25.1103948 0.8369452 0.0026375 0.002108 
180000 1983 854.525 73959.363 362.801 5.2414 0 0 0 0.002112 -27.2005288 1.0824445 0.00259 0.0020674 
190000 1993 881.136 77522.568 360.681 5.4072 0 0 0 0.0023795 -28.9417132 1.3055351 0.0025434 0.0022698 
200000 2003 902.88 81801.81 373.003 5.5502 0 0 0 0.0019552 -30.5149108 1.127741 0.002364 0.0018735 
210000 2013 920.646 85766.836 380.362 5.6679 0 0 0 0.0026943 -32.4965178 1.8652221 0.0022852 0.0025046 
220000 2023 935.162 90087.358 383.412 5.7559 0 0 0 0.0021815 -34.7620443 1.0044399 0.0021789 0.0020983 
230000 2033 947.022 94440.53 393.944 5.8327 0 0 0 0.0022784 -36.087116 1.6434062 0.002137 0.002145 
240000 2043 956.714 99676.875 416.211 5.8847 0 0 0 0.0022813 -37.6428584 1.7982858 0.0020724 0.0021834 
250000 2054 950.404 104660.242 426.097 5.8415 0 0 0 0.0022819 -39.7248242 2.2658012 0.0019192 0.0021506 
260000 2064 959.476 109753.332 441.566 5.9004 0 0 0 0.0019118 -41.4944051 1.2544956 0.0017951 0.0018187 
270000 2074 966.889 114602.887 449.419 5.9379 0 0 0 0.002559 -42.8761379 2.2345571 0.0017778 0.0024131 
280000 2084 972.946 120021.283 464.775 5.9763 0 0 0 0.0022915 -44.3509361 2.0689711 0.0018279 0.0021494 
290000 2094 977.895 125234.681 478.737 6.0173 0 0 0 0.0021741 -45.4728423 1.3183547 0.0018145 0.0020548 
300000 2104 981.939 130503.953 486.956 6.0485 0 0 0 0.0028577 -46.8676234 2.9515792 0.001712 0.0025752 
310000 2114 985.243 135389.571 483.962 6.0809 0 0 0 0.0019767 -48.4561243 2.6873381 0.0017927 0.0018969 
320000 2124 987.942 141151.473 499.97 6.0955 0 0 0 0.0023966 -49.8462436 3.6382054 0.0017737 0.0022554 
330000 2134 990.148 147063.646 518.886 6.1213 0 0 0 0.0020531 -51.2875566 2.8337893 0.0016672 0.0018965 
340000 2145 975.93 153257.084 527.225 6.0361 0 0 0 0.0019611 -52.688787 4.0648339 0.0016878 0.0018341 
350000 2156 970.506 158098.874 515.752 6.0111 0 0 0 0.0018275 -53.782209 2.8922018 0.0016919 0.00172 
360000 2167 954.872 163050.125 501.815 5.9136 0 0 0 0.0017447 -55.1971545 2.5775386 0.0017199 0.0016488 
370000 2177 963.127 167505.12 490.651 5.9688 0 0 0 0.0017949 -56.3437817 4.2051494 0.0015407 0.0017164 
380000 2188 943.724 172604.653 482.269 5.8425 0 0 0 0.0019876 -57.4751805 4.8259998 0.0016664 0.0018798 
390000 2198 954.018 177718.108 483.546 5.8934 0 0 0 0.0019129 -58.7202846 3.3622245 0.0016536 0.0017801 
400000 2209 958.571 183250.592 497.332 5.9297 0 0 0 0.002296 -59.8494975 6.297107 0.0016698 0.0021367 
410000 2219 966.149 188980.422 510.968 5.9694 0 0 0 0.0021476 -60.8027262 3.8837203 0.0016789 0.0020007 
420000 2229 972.342 195344.36 533.837 6.0062 0 0 0 0.0024128 -61.7994577 6.3137175 0.0017699 0.0022425 
430000 2239 977.401 201551.881 549.867 6.0285 0 0 0 0.002071 -62.6336313 3.642616 0.0018223 0.0019778 
440000 2249 979.646 207502.379 554.954 6.0483 0 0 0 0.0022698 -63.3988495 4.9357074 0.001841 0.0021619 
450000 2260 969.187 213318.427 552.67 5.9821 0 0 0 0.0020074 -64.4048419 1.9061259 0.0018438 0.0019183 
460000 2270 974.824 218469.978 545.699 6.0045 0 0 0 0.0021652 -65.4137849 3.5611482 0.0017253 0.0019875 
470000 2280 979.429 223172.468 532.914 6.0304 0 0 0 0.0021528 -66.2441015 4.9718995 0.0018569 0.0020547 
480000 2290 983.192 228532.97 533.058 6.0692 0 0 0 0.0018587 -67.1640329 4.3167843 0.0017873 0.0017918 
490000 2300 986.267 233929.969 534.928 6.0907 0 0 0 0.0024898 -68.122651 7.116123 0.0017649 0.0022976 
500000 2311 962.231 239339.7 521.782 5.9491 0 0 0 0.0021495 -69.18391 5.0317819 0.0017426 0.0019902 
510000 2321 969.14 245204.878 533.391 5.9949 0 0 0 0.002628 -69.9664911 10.3871408 0.0016301 0.0024517 
520000 2332 959.725 250759.756 529.578 5.9277 0 0 0 0.0022288 -70.6512555 7.1871076 0.0015702 0.0021036 
530000 2342 963.024 255623.846 519.739 5.9421 0 0 0 0.0017632 -71.1684849 3.4507005 0.0015626 0.0016763 
540000 2352 967.626 261328.108 526.675 5.9672 0 0 0 0.0016543 -72.1179635 2.5852869 0.0015462 0.0016271 
550000 2363 957.997 266860.37 523.576 5.8983 0 0 0 0.0028516 -73.2323617 11.7377665 0.0015904 0.0026879 
560000 2373 965.681 272577.559 531.698 5.9473 0 0 0 0.0019839 -74.2415097 3.2332275 0.0016662 0.0019196 
570000 2383 971.958 277786.448 531.636 5.9774 0 0 0 0.0019072 -75.3046706 2.6921966 0.0016612 0.0018636 
580000 2393 977.088 283989.777 544.689 6.0076 0 0 0 0.0023519 -76.248853 4.0520314 0.0016992 0.0022537 
590000 2403 981.279 290707.226 570.534 6.0351 0 0 0 0.0024576 -77.3220056 5.4548894 0.0018188 0.0023485 
600000 2413 980.944 296319.53 566.39 6.0296 0 0 0 0.0028335 -77.8679175 8.0284423 0.0016944 0.0026254 
610000 2424 967.894 301630.217 550.994 5.9452 0 0 0 0.0027825 -78.3355096 6.0943161 0.0017936 0.0026122 
620000 2438 911.086 306472.665 503.012 5.5955 0 0 0 0.0031575 -78.6374361 12.1796115 0.0017014 0.0028702 
630000 2448 919.99 312205.164 512.701 5.6423 0 0 0 0.0024158 -79.2701801 6.2425515 0.001623 0.0022851 
640000 2463 867.895 317776.583 482.828 5.325 0 0 0 0.0023536 -79.5235104 9.4536662 0.0015379 0.0022411 
650000 2474 873.664 323232.915 484.513 5.3557 0 0 0 0.0026438 -79.990581 9.1406894 0.001555 0.0024874 
660000 2484 896.775 328636.236 495.191 5.5097 0 0 0 0.0024379 -80.5444131 5.7519031 0.0015618 0.0023246 
670000 2494 915.657 334047.725 503.376 5.6368 0 0 0 0.0025888 -81.3444451 5.867139 0.0015599 0.0024671 
680000 2504 925.718 339275.852 501.397 5.7052 0 0 0 0.0031434 -81.7880793 9.8337905 0.0015668 0.0028879 
690000 2515 921.346 346030.812 522.908 5.6657 0 0 0 0.0025495 -82.5902548 7.2498932 0.0015862 0.0024654 
700000 2526 925.268 352442.73 539.321 5.6995 0 0 0 0.0027655 -83.1651631 7.9574112 0.0015604 0.002588 
710000 2537 926.749 357859.854 532.71 5.7009 0 0 0 0.0022949 -83.9514846 4.3732396 0.0016359 0.0022311 
720000 2547 940.148 364216.233 552.489 5.785 0 0 0 0.0026329 -84.3210021 9.1611423 0.0016059 0.0024853 
730000 2557 951.097 370970.816 574.346 5.8534 0 0 0 0.0022005 -85.2821467 3.9324322 0.0016683 0.0021647 
740000 2567 960.043 377078.026 581.944 5.9087 0 0 0 0.0025835 -85.8713007 8.4693157 0.0016163 0.0024558 
750000 2577 967.352 383161.871 587.052 5.9341 0 0 0 0.0029855 -86.5393604 9.4358653 0.0017704 0.0027993 
760000 2587 968.549 389864.01 600.158 5.9475 0 0 0 0.0022842 -87.3189722 4.1741154 0.0017938 0.0022264 
770000 2597 974.303 395106.503 584.713 5.9798 0 0 0 0.0025908 -87.7461483 6.4590648 0.0017073 0.0024505 
780000 2608 967.169 400866.159 576.596 5.9196 0 0 0 0.0025829 -88.0842327 7.4619832 0.0017271 0.0024951 
790000 2618 973.174 406619.875 577.431 5.9586 0 0 0 0.0022244 -88.8643801 5.2589346 0.0017397 0.0021684 
800000 2628 978.081 413789.941 602.455 5.994 0 0 0 0.0023339 -89.5182618 7.7888031 0.0017217 0.0022153 
810000 2638 982.091 419982.279 604.214 6.0248 0 0 0 0.0024103 -90.6241162 6.0801507 0.0017751 0.0023094 
820000 2648 985.367 426632.126 615.977 6.0431 0 0 0 0.0023909 -91.3803776 4.7537612 0.0018359 0.0023012 
830000 2658 988.044 432560.876 611.455 6.0667 0 0 0 0.0026392 -92.396799 5.3519615 0.0018505 0.0025199 
840000 2668 990.231 438780.53 613.744 6.0695 0 0 0 0.0025485 -92.9453717 8.4521683 0.0018492 0.0024048 
850000 2678 980.199 445132.361 610.36 6.0131 0 0 0 0.0023788 -93.6794749 7.6864128 0.0017428 0.0022918 
860000 2689 970.817 450571.204 589.718 5.9536 0 0 0 0.0026563 -94.1821151 8.1081134 0.0017794 0.0025417 
870000 2699 966.194 457170.038 598.052 5.9381 0 0 0 0.0022225 -94.6381649 6.9846317 0.0017045 0.0021524 
880000 2710 965.593 463853.608 604.966 5.9316 0 0 0 0.0021068 -95.0040723 5.7980644 0.0017579 0.0020565 
890000 2721 954.069 470007.791 594.966 5.8722 0 0 0 0.0025876 -95.1891896 9.1860778 0.0017643 0.0024662 
900000 2732 938.884 476734.717 595.051 5.7753 0 0 0 0.0026562 -95.5801983 8.9885592 0.0017589 0.0024953 
910000 2743 937.606 482533.713 581.046 5.7766 0 0 0 0.0025565 -95.8779875 11.451021 0.0017628 0.0024363 
920000 2754 938.877 489878.073 605.044 5.7903 0 0 0 0.0022233 -96.7090283 8.8977804 0.001807 0.0021455 
930000 2764 950.058 495990.415 605.279 5.8507 0 0 0 0.0029833 -96.6808139 17.6289949 0.0016973 0.002811 
940000 2774 953.396 502574.152 609.483 5.8723 0 0 0 0.0029719 -97.2472438 12.7996277 0.0018448 0.0027976 
950000 2784 961.921 509113.469 619.022 5.917 0 0 0 0.0032882 -97.8425245 17.240067 0.0018627 0.0030452 
960000 2795 956.303 514846.339 602.331 5.8798 0 0 0 0.0021087 -98.0467379 4.2724011 0.0017584 0.0020392 
970000 2805 964.296 521079.874 607.183 5.9476 0 0 0 0.0027576 -98.7589159 9.4852223 0.0018617 0.0026538 
980000 2815 970.827 528030.304 622.839 5.9835 0 0 0 0.0027687 -99.1701924 10.1377392 0.0018977 0.0026553 
990000 2825 976.164 534771.675 630.264 6.0135 0 0 0 0.0022139 -100.1298105 2.3208436 0.0019332 0.0021761 
1000000 2835 980.524 541566.29 639.472 6.0403 0 0 0 0.0029436 -100.4366271 12.4563655 0.0019084 0.0028023 
1010000 2845 984.087 547368.776 630.747 6.0645 0 0 0 0.0028552 -100.7277363 7.0632136 0.0018648 0.0027437 
1020000 2855 986.998 553548.362 626.983 6.0839 0 0 0 0.003305 -101.1630774 9.3699067 0.0018515 0.0029959 
1030000 2865 989.376 559765.138 626.001 6.1 0 0 0 0.002788 -101.7080439 8.427638 0.0018614 0.0026821 
1040000 2875 991.32 566646.998 636.491 6.1028 0 0 0 0.0033126 -101.9711509 14.9727191 0.0018483 0.0031282 
1050000 2885 992.907 573632.478 648.665 6.1139 0 0 0 0.0033292 -102.9455485 9.2851671 0.0019465 0.0031256 
1060000 2895 994.205 581795.328 679.258 6.1067 0 0 0 0.0038116 -103.5552674 20.8983041 0.00199 0.0035931 
1070000 2905 995.265 588893.427 684.674 6.1063 0 0 0 0.0036991 -104.2944823 15.6127459 0.0020419 0.0035535 
1080000 2915 984.85 597021.73 699.406 6.0455 0 0 0 0.0028176 -105.2841614 2.3851163 0.0020816 0.0027984 
1090000 2925 987.622 604079.496 701.705 6.0558 0 0 0 0.0041722 -105.9916724 16.858186 0.0022272 0.0038583 
1100000 2935 989.886 610973.145 704.15 6.084 0 0 0 0.0036068 -106.6297727 10.1342831 0.0021745 0.0034498 
1110000 2945 991.736 618178.463 696.44 6.1016 0 0 0 0.0034819 -107.8458293 9.3565329 0.0022607 0.0033927 
1120000 2955 993.248 625750.462 710.863 6.0996 0 0 0 0.0034853 -108.4305925 10.0546746 0.0022758 0.0033618 
1130000 2966 987.557 633773.893 723.945 6.0531 0 0 0 0.0039294 -109.1771912 13.4687204 0.0023892 0.0036963 
1140000 2976 989.833 642064.114 742.721 6.0782 0 0 0 0.0038291 -109.47041 12.8085398 0.0023145 0.0036672 
1150000 2987 975.379 649833.315 736.9 5.9975 0 0 0 0.0039732 -110.1163576 18.9263351 0.0022803 0.0038063 
1160000 2997 979.883 658587.595 761.233 6.0387 0 0 0 0.0032691 -111.2825788 3.7012688 0.0023493 0.0032196 
1170000 3007 983.563 666607.031 768.728 6.065 0 0 0 0.0038959 -111.7349145 14.5611263 0.002491 0.0037019 
1180000 3017 986.57 675469.666 791.193 6.0788 0 0 0 0.0036888 -111.6073516 9.1654162 0.0025116 0.0035119 
1190000 3027 989.026 682953.978 783.615 6.1002 0 0 0 0.0039701 -112.9994493 12.6554636 0.0025104 0.0037104 
1200000 3037 988.342 690076.621 768.201 6.0939 0 0 0 0.0042367 -113.1122093 18.6147907 0.0025191 0.0039537 
1210000 3047 990.475 698875.037 788.815 6.1073 0 0 0 0.0033388 -113.9115853 4.3020239 0.0024827 0.0033154 
1220000 3057 992.217 707848.416 807.615 6.115 0 0 0 0.0041991 -115.0695966 15.5437188 0.0026254 0.004052 
1230000 3067 993.641 717345.341 832.197 6.1136 0 0 0 0.0036781 -115.6570138 11.2903166 0.0025334 0.0036168 
1240000 3077 988.95 726055.961 837.673 6.0856 0 0 0 0.004356 -116.2846787 21.3341582 0.002598 0.0042106 
1250000 3087 990.971 734543.43 835.522 6.0925 0 0 0 0.0036745 -116.8582665 8.9260516 0.0025608 0.0036367 
1260000 3097 992.623 742696.854 834.969 6.1074 0 0 0 0.0037139 -116.8338143 12.6301176 0.002483 0.0036219 
1270000 3107 993.972 751751.284 846.326 6.1178 0 0 0 0.003843 -117.1693356 14.3550794 0.0024588 0.0037001 
1280000 3117 995.075 760538.879 852.135 6.141 0 0 0 0.00417 -117.8823797 19.2022952 0.0025459 0.0039476 
1290000 3127 995.976 769965.367 869.873 6.1348 0 0 0 0.0039065 -118.5421699 12.4862497 0.0025738 0.0037498 
1300000 3137 996.712 778594.127 867.002 6.1455 0 0 0 0.0036175 -118.3657849 11.5525538 0.0025443 0.0034876 
1310000 3147 997.313 788645.378 891.903 6.1511 0 0 0 0.0033683 -119.3859898 7.2372006 0.0025003 0.0032861 
1320000 3157 997.805 798062.938 901.074 6.1591 0 0 0 0.0038621 -120.3874403 26.0049998 0.0025235 0.0037437 
1330000 3167 998.206 807447.687 907.077 6.1423 0 0 0 0.0033616 -120.3714668 14.8946558 0.0025649 0.0032759 
1340000 3177 998.535 817153.144 920.226 6.1378 0 0 0 0.0041608 -120.1195321 27.5836408 0.0026451 0.0040144 
1350000 3187 998.803 827702.858 945.223 6.1394 0 0 0 0.0038008 -121.6409015 21.384015 0.0026821 0.0036383 
1360000 3198 983.832 837093.742 928.212 6.0471 0 0 0 0.0030095 -122.4105657 6.1257719 0.0027069 0.0029849 
1370000 3208 986.789 845938.967 922.232 6.075 0 0 0 0.0031853 -123.0093624 12.8227377 0.0026537 0.0031425 
1380000 3218 989.206 854095.431 905.034 6.0922 0 0 0 0.0030207 -123.1487649 10.9335289 0.0026069 0.0029602 
1390000 3228 991.18 861740.227 880.459 6.1111 0 0 0 0.003186 -123.2245279 18.0645022 0.0027253 0.0031308 
1400000 3238 992.794 869548.704 858.635 6.1347 0 0 0 0.0039063 -124.1185376 22.1736103 0.0026182 0.0036795 
1410000 3248 994.112 878691.297 865.451 6.1424 0 0 0 0.0036203 -124.6922091 27.2016666 0.0025604 0.0035187 
1420000 3258 995.189 888650.427 893.469 6.1366 0 0 0 0.003101 -125.1988237 16.5724241 0.0025366 0.0030402 
1430000 3268 996.069 898743.009 913.311 6.1363 0 0 0 0.0030002 -125.4940216 5.8803802 0.0024629 0.0029125 
1440000 3278 996.788 909630.074 946.201 6.1407 0 0 0 0.0030466 -125.8555593 11.7501419 0.0024912 0.0029919 
1450000 3288 997.376 921507.425 989.409 6.141 0 0 0 0.0036664 -127.3925855 13.512957 0.0026518 0.0034346 
1460000 3298 997.856 932306.253 1008.912 6.1487 0 0 0 0.0034852 -127.9218794 13.8352227 0.0026884 0.0034125 
1470000 3308 998.248 941278.297 985.758 6.14 0 0 0 0.0033683 -128.4761673 11.9268173 0.0026887 0.0032919 
1480000 3318 998.568 951625.257 997.29 6.1151 0 0 0 0.0035484 -129.0085697 24.3824677 0.002765 0.0034717 
1490000 3328 998.83 960720.383 976.697 6.1245 0 0 0 0.0030956 -130.3434892 7.5084102 0.0028758 0.0030495 
1500000 3338 999.044 971864.477 1001.402 6.1143 0 0 0 0.0031601 -131.3697496 9.2257038 0.0028839 0.0031032 
1510000 3348 999.219 984091.033 1041.079 6.1236 0 0 0 0.0034703 -131.8879397 14.3109572 0.002973 0.0034075 
1520000 3358 999.362 995742.828 1064.506 6.1278 0 0 0 0.0038002 -133.1809401 14.3527589 0.0029457 0.0036104 
1530000 3368 999.479 1006897.93 1073.852 6.1208 0 0 0 0.0037599 -134.2212115 9.921779 0.0029061 0.0036392 
1540000 3378 999.574 1019445.487 1106.277 6.0986 0 0 0 0.003293 -136.1327733 6.2674241 0.0029324 0.0032745 
1550000 3388 999.652 1028485.182 1070.994 6.1088 0 0 0 0.004361 -136.7854839 27.9598633 0.0029409 0.0041601 
1560000 3398 999.716 1040108.296 1084.747 6.1048 0 0 0 0.0042968 -137.8622317 26.2867388 0.0030984 0.0041197 
1570000 3408 999.768 1051335.273 1089.999 6.1229 0 0 0 0.003987 -138.9214461 20.8670266 0.003027 0.0037578 
1580000 3418 999.81 1063952.161 1121.981 6.1275 0 0 0 0.0040157 -140.2823509 26.581517 0.0030733 0.0039347 
1590000 3428 999.845 1076645.99 1146.619 6.1412 0 0 0 0.0039232 -142.0989314 19.312157 0.0031889 0.0038254 
1600000 3438 999.873 1090070.445 1181.898 6.1524 0 0 0 0.0040301 -143.8994725 20.3113514 0.0031866 0.0039436 
1610000 3448 999.896 1101616.931 1177.848 6.1661 0 0 0 0.003926 -145.2854924 16.3850297 0.0032915 0.0038708 
1620000 3458 999.915 1114683.006 1202.051 6.1584 0 0 0 0.0040801 -146.3065684 18.866948 0.0032646 0.0040111 
1630000 3468 999.931 1124321.467 1160.019 6.156 0 0 0 0.0040733 -147.3767757 20.3120956 0.0032501 0.0039765 
1640000 3478 999.944 1134810.43 1139.241 6.1604 0 0 0 0.0039338 -147.8346509 15.8229016 0.0032916 0.0038837 
1650000 3488 999.954 1144807.322 1112.805 6.1683 0 0 0 0.0042379 -148.5257001 18.9810942 0.0032889 0.0041694 
1660000 3498 999.962 1155501.748 1103.333 6.1629 0 0 0 0.0042607 -149.1775352 8.4842872 0.0032377 0.0040415 
1670000 3508 999.969 1165000.522 1072.893 6.1716 0 0 0 0.004798 -149.7853733 36.0633157 0.0030585 0.0046615 
1680000 3518 999.975 1172464.761 1015.701 6.1774 0 0 0 0.0039554 -149.7894989 13.519204 0.0030574 0.0038772 
1690000 3528 999.979 1181585.239 996.806 6.188 0 0 0 0.0043132 -149.5005999 22.8291079 0.0031748 0.0042072 
1700000 3538 999.983 1194921.794 1055.506 6.1711 0 0 0 0.0048555 -150.3399356 32.6635019 0.0031519 0.0046067 
1710000 3548 999.986 1205649.76 1061.367 6.1736 0 0 0 0.0039032 -150.7081993 6.6815807 0.0030825 0.0038843 
1720000 3558 999.989 1218856.571 1108.371 6.1628 0 0 0 0.0044628 -151.1160797 22.6290837 0.0031174 0.0043321 
1730000 3568 999.991 1233614.425 1176.546 6.1688 0 0 0 0.0041112 -151.2882806 23.6264803 0.0031136 0.0040435 
1740000 3578 999.993 1247993.372 1222.229 6.1787 0 0 0 0.0049515 -152.2844607 45.5255633 0.0030782 0.0047567 
1750000 3588 999.994 1262946.332 1273.471 6.1673 0 0 0 0.0043887 -153.7452081 21.1806101 0.0030581 0.0042752 
1760000 3598 999.995 1276699.204 1292.036 6.1688 0 0 0 0.0039378 -154.2607583 8.130145 0.0031708 0.0038858 
1770000 3608 999.996 1289519.476 1290.453 6.1522 0 0 0 0.0039801 -155.505688 7.0886425 0.0031659 0.0039519 
1780000 3619 980.513 1301077.614 1239.392 6.0276 0 0 0 0.0043525 -155.2811682 16.753284 0.003206 0.0042462 
1790000 3629 984.078 1313825.244 1252.231 6.0403 0 0 0 0.0046491 -156.0071863 26.2122739 0.0032403 0.0044839 
1800000 3639 986.991 1327374.944 1264.678 6.0435 0 0 0 0.0041213 -156.2870315 10.5000312 0.0032244 0.0040692 
1810000 3649 989.37 1341881.111 1301.827 6.0611 0 0 0 0.0044942 -157.5589059 18.5783873 0.0031829 0.0043202 
1820000 3659 991.315 1358386.175 1365.413 6.0718 0 0 0 0.0043495 -158.4821649 27.3207154 0.0030777 0.0042344 
1830000 3669 992.904 1373799.295 1401.269 6.0897 0 0 0 0.0040701 -160.3044297 14.4735343 0.00315 0.0039377 
1840000 3679 994.202 1385066.021 1350.831 6.1222 0 0 0 0.0042288 -161.4862571 27.4379647 0.003038 0.0041392 
1850000 3689 995.262 1397553.737 1331.538 6.1231 0 0 0 0.004083 -162.6174232 15.2688879 0.0031071 0.0040207 
1860000 3699 996.129 1407753.559 1275.736 6.1267 0 0 0 0.0038502 -163.9357591 23.6648288 0.0030585 0.0038042 
1870000 3709 996.837 1421028.048 1283.239 6.1391 0 0 0 0.0042625 -164.5400926 31.8153954 0.0030433 0.0041241 
1880000 3719 997.416 1432189.815 1251.672 6.1358 0 0 0 0.0040779 -167.2098011 25.0154158 0.0030343 0.0040155 
1890000 3729 997.888 1445801.583 1272.682 6.1231 0 0 0 0.0041224 -168.8144906 34.1152867 0.0030787 0.0040487 
1900000 3739 998.275 1459482.25 1288.993 6.1157 0 0 0 0.0036912 -169.5363761 20.7785147 0.0031521 0.0036276 
1910000 3749 998.59 1474163.308 1321.402 6.1205 0 0 0 0.0038611 -171.2467062 24.4668361 0.0032085 0.0038029 
1920000 3759 998.848 1488920.977 1353.212 6.1269 0 0 0 0.0041711 -171.8810095 36.925437 0.0031975 0.0040614 
1930000 3769 999.059 1503760.013 1375.233 6.118 0 0 0 0.0039264 -172.5231229 21.8613255 0.0031067 0.0038251 
1940000 3779 999.231 1519427.341 1409.319 6.1125 0 0 0 0.0040869 -173.4895057 30.2711866 0.0032144 0.004004 
1950000 3789 999.372 1533635.008 1414.188 6.1142 0 0 0 0.0044923 -173.6686076 48.6786404 0.0030753 0.0043057 
1960000 3799 999.487 1546917.042 1399.793 6.1211 0 0 0 0.0036231 -174.6586486 12.2921511 0.0031297 0.0035757 
1970000 3809 998.083 1557668.279 1334.42 6.1096 0 0 0 0.0037626 -173.9001749 14.9572835 0.0030145 0.0037126 
1980000 3819 998.434 1571226.475 1338.148 6.1203 0 0 0 0.0038001 -174.7139812 26.8701401 0.0030573 0.0037438 
1990000 3829 998.72 1584523.334 1344.387 6.1273 0 0 0 0.0034078 -174.7240067 13.5737357 0.0030333 0.0033761 
2000000 3839 998.954 1598296.362 1340.92 6.1311 0 0 0 0.0035181 -175.4644249 29.2397118 0.0030987 0.003457 
2010000 3849 999.146 1613335.042 1371.373 6.1353 0 0 0 0.003691 -175.8701813 24.613074 0.0032127 0.0036262 
2020000 3859 999.302 1629044.179 1406.477 6.1326 0 0 0 0.0037884 -176.4360877 23.8345985 0.0031478 0.0037204 
2030000 3869 999.43 1643551.61 1418.519 6.1248 0 0 0 0.003639 -177.0470514 14.9826123 0.0031131 0.0035783 
2040000 3879 999.534 1654705.324 1356.231 6.1267 0 0 0 0.004269 -176.642584 50.4501091 0.0030999 0.0041362 
2050000 3889 999.619 1669873.13 1386.052 6.1201 0 0 0 0.0034942 -178.5214006 20.8526362 0.0032372 0.0034465 
2060000 3899 999.689 1685874.408 1424.857 6.1166 0 0 0 0.004105 -179.6981763 28.378856 0.0032225 0.0039963 
2070000 3909 999.746 1702025.618 1461.184 6.1242 0 0 0 0.003911 -180.6532226 27.4625543 0.0032165 0.0038458 
2080000 3919 999.792 1717114.581 1479.853 6.124 0 0 0 0.0036742 -181.6133718 10.9665163 0.00326 0.003654 
2090000 3929 999.83 1731022.136 1455.692 6.1146 0 0 0 0.0045629 -182.5182393 56.7049791 0.0031978 0.004388 
2100000 3939 993.146 1746691.958 1464.205 6.0717 0 0 0 0.0041539 -182.9595868 33.1465637 0.0031928 0.0040575 
2110000 3949 994.4 1763254.685 1497.77 6.0674 0 0 0 0.004303 -184.4084751 38.8333686 0.0032309 0.004203 
2120000 3959 995.425 1779202.872 1522.557 6.0845 0 0 0 0.0046286 -184.2552088 57.2069174 0.0032723 0.00448 
2130000 3969 996.262 1792771.712 1484.335 6.0892 0 0 0 0.0045227 -184.7830143 41.3564007 0.003329 0.0044122 
2140000 3979 996.945 1804815.875 1435.458 6.1024 0 0 0 0.0037593 -185.012017 16.9224766 0.0031984 0.0037137 
2150000 3989 997.504 1819151.784 1426.753 6.1038 0 0 0 0.0038385 -185.8640177 18.4234785 0.0032938 0.0038156 
2160000 3999 997.961 1836736.331 1487.629 6.1033 0 0 0 0.0042681 -188.0467009 29.2494251 0.0032646 0.0041471 
2170000 4009 998.334 1854036.132 1534.817 6.1102 0 0 0 0.0044833 -189.7580709 48.9908807 0.0033749 0.0043553 
2180000 4019 998.639 1871309.762 1570.69 6.1142 0 0 0 0.005142 -191.3035751 65.2826102 0.0033038 0.0049276 
2190000 4029 998.888 1886577.361 1565.123 6.1176 0 0 0 0.0041985 -193.1237996 31.2074375 0.0032485 0.0041199 
2200000 4039 999.091 1902267.152 1562.603 6.1192 0 0 0 0.0041032 -194.4628134 17.2044515 0.0033837 0.0040493 
2210000 4049 999.257 1919185.835 1584.231 6.1141 0 0 0 0.0045837 -195.4529372 47.415133 0.0033409 0.0044657 
2220000 4059 999.393 1935984.708 1599.949 6.1201 0 0 0 0.0042467 -196.054348 19.7442366 0.0033155 0.0041925 
2230000 4069 999.504 1954871.598 1650.881 6.126 0 0 0 0.0045772 -197.091499 42.8917295 0.0033522 0.0044422 
2240000 4079 999.595 1970920.523 1663.932 6.1157 0 0 0 0.0049329 -198.256144 49.2824894 0.0033584 0.0047916 
2250000 4090 996.513 1985099.305 1596.429 6.0836 0 0 0 0.0051849 -198.2928509 62.9402308 0.0033177 0.0049909 
2260000 4100 997.151 2002799.497 1628.668 6.1041 0 0 0 0.004112 -198.97715 15.7678624 0.0033845 0.0040696 
2270000 4110 997.672 2013676.294 1528.497 6.1163 0 0 0 0.0042199 -198.701447 24.939402 0.003309 0.0040962 
2280000 4120 998.098 2028524.225 1521.635 6.1149 0 0 0 0.0048715 -198.2579332 56.2550402 0.0033227 0.0047057 
2290000 4130 998.446 2042673.646 1504.308 6.1289 0 0 0 0.0041135 -198.6492403 26.6643018 0.0032481 0.0040318 
2300000 4140 998.73 2055399.875 1463.35 6.1331 0 0 0 0.0039137 -198.4359995 16.710427 0.0032361 0.0038656 
2310000 4150 998.962 2071109.65 1485.082 6.1268 0 0 0 0.0051204 -198.3942506 66.4096953 0.0032441 0.0048939 
2320000 4160 999.152 2083882.714 1446.637 6.1148 0 0 0 0.0041756 -198.6140128 32.1601909 0.0033485 0.0040602 
2330000 4170 999.307 2102317.794 1519.194 6.1279 0 0 0 0.0045254 -198.8276862 46.9351142 0.003209 0.0043887 
2340000 4180 999.434 2118822.033 1542.39 6.1166 0 0 0 0.0040301 -200.673656 20.9036607 0.0032819 0.0039751 
2350000 4190 999.538 2137532.701 1602.408 6.1161 0 0 0 0.0043831 -200.7548036 44.2719605 0.0033243 0.0042859 
2360000 4200 999.622 2154360.943 1616.869 6.116 0 0 0 0.0040951 -201.0456689 36.9173701 0.0033412 0.0040171 
2370000 4210 999.691 2169831.903 1602.601 6.1214 0 0 0 0.004028 -201.7225197 28.9932343 0.0032498 0.0039668 
2380000 4220 999.748 2187106.53 1626.424 6.1213 0 0 0 0.0041703 -201.7822361 36.3002743 0.003313 0.0040711 
2390000 4230 999.794 2203659.113 1632.356 6.1096 0 0 0 0.0038989 -202.2680725 35.2250645 0.0033149 0.0038486 
2400000 4240 999.832 2219366.988 1623.128 6.1073 0 0 0 0.0037802 -202.1994486 15.1910248 0.0033076 0.0037024 
2410000 4250 999.862 2239008.851 1684.895 6.1053 0 0 0 0.0041977 -203.3831546 48.36348 0.0032699 0.0040814 
2420000 4260 999.888 2254269.964 1654.928 6.1032 0 0 0 0.0037439 -203.1239412 24.9247875 0.0032679 0.0036847 
2430000 4270 999.908 2269462.801 1628.159 6.1007 0 0 0 0.0041321 -202.7419354 27.9876909 0.003267 0.0039242 
2440000 4280 999.925 2285560.54 1625.499 6.0936 0 0 0 0.0039624 -203.1814372 32.3579048 0.0032484 0.0038954 
2450000 4290 999.939 2302626.396 1640.071 6.1072 0 0 0 0.0040764 -203.651235 40.5009312 0.0032399 0.003983 
2460000 4300 999.95 2320466.389 1668.072 6.1061 0 0 0 0.0039553 -204.6461227 32.8680403 0.0033317 0.0038525 
2470000 4310 999.959 2337809.777 1679.408 6.1046 0 0 0 0.00434 -205.2303084 51.369082 0.0032771 0.0042211 
2480000 4320 999.967 2355804.113 1702.809 6.1065 0 0 0 0.0038837 -205.6332682 38.2682883 0.0032853 0.0037865 
2490000 4330 999.973 2373828.241 1720.558 6.0984 0 0 0 0.004025 -207.1794595 30.6245799 0.0033663 0.0039418 
2500000 4340 999.978 2393321.285 1762.575 6.11 0 0 0 0.0038895 -209.0706862 21.0496736 0.0033011 0.0038571 
2510000 4350 999.982 2412563.719 1793.518 6.1015 0 0 0 0.0045358 -209.9151376 66.1122125 0.0033833 0.0044098 
2520000 4360 999.985 2431058.59 1805.646 6.1183 0 0 0 0.0040409 -210.9278066 34.5602957 0.0035027 0.0039641 
2530000 4370 999.988 2446561.977 1757.595 6.1147 0 0 0 0.0044812 -210.8170553 73.7035013 0.0033368 0.004359 
2540000 4380 999.99 2465954.436 1789.94 6.1292 0 0 0 0.0036129 -211.6901594 15.5607789 0.0034164 0.0035853 
2550000 4390 999.992 2485217.006 1815.836 6.1385 0 0 0 0.0041178 -211.9241794 52.4282146 0.0034563 0.0040166 
2560000 4400 999.993 2505869.426 1860.679 6.1376 0 0 0 0.0041957 -212.9502784 46.7430347 0.0033611 0.004109 
2570000 4410 999.995 2527057.691 1908.09 6.1285 0 0 0 0.0040605 -213.6608127 49.7994153 0.0033536 0.0040003 
2580000 4420 999.996 2547934.747 1942.161 6.1256 0 0 0 0.0040434 -214.7932986 41.2071014 0.0033869 0.0039534 
2590000 4430 999.996 2563848.38 1879.346 6.1316 0 0 0 0.0036885 -215.8151092 17.465131 0.0033638 0.0036662 
2600000 4440 997.138 2582819.93 1876.925 6.1291 0 0 0 0.0041057 -215.8316257 33.1445586 0.0033881 0.0040415 
2610000 4450 997.662 2603428.399 1909.987 6.1232 0 0 0 0.0043803 -216.4985497 52.7910038 0.0033813 0.0042622 
2620000 4460 998.09 2622176.718 1900.551 6.1179 0 0 0 0.0046634 -217.4293302 57.4612981 0.0033856 0.0045091 
2630000 4470 998.439 2640962.11 1897.815 6.1115 0 0 0 0.0043565 -218.0326387 49.5986227 0.0033279 0.0042599 
2640000 4480 998.725 2656652.287 1836.846 6.1158 0 0 0 0.0043516 -218.6466108 45.3526477 0.003258 0.0042666 
2650000 4490 998.958 2674194.434 1822.886 6.1171 0 0 0 0.0041609 -219.379751 45.0420005 0.0033293 0.0041002 
2660000 4500 999.149 2690952.683 1798.405 6.1285 0 0 0 0.0043782 -219.8782118 52.8261381 0.0033228 0.0042381 
2670000 4510 999.304 2704583.985 1720.729 6.1287 0 0 0 0.0040794 -220.0895834 26.0357156 0.0034631 0.0040241 
2680000 4520 999.432 2714997.033 1593.941 6.1361 0 0 0 0.0037683 -219.8219033 23.8433032 0.003228 0.0037224 
2690000 4530 999.536 2727750.949 1534.546 6.15 0 0 0 0.0038542 -219.015399 36.9171248 0.0031904 0.0038133 
2700000 4540 999.621 2745011.996 1565.311 6.1288 0 0 0 0.0050061 -218.8201309 108.5573767 0.0031279 0.0047997 
2710000 4550 999.69 2763319.648 1616.295 6.115 0 0 0 0.0047847 -219.6295536 52.5071465 0.0031426 0.0045445 
2720000 4560 999.747 2778933.56 1605.885 6.1155 0 0 0 0.004309 -219.3370161 66.8090865 0.0031101 0.0041819 
2730000 4570 999.793 2797509.668 1652.989 6.1239 0 0 0 0.0044716 -220.4834377 70.5730972 0.0031687 0.0043332 
2740000 4580 999.831 2814003.515 1652.152 6.129 0 0 0 0.0038259 -220.1572355 41.0653291 0.0031195 0.0037581 
2750000 4590 999.862 2830144.217 1645.778 6.1412 0 0 0 0.0042366 -220.5910468 66.6250732 0.0031203 0.0041529 
2760000 4600 996.719 2845367.72 1619.833 6.1325 0 0 0 0.0041574 -220.6902075 35.7035161 0.0030875 0.0040858 
2770000 4610 997.319 2861892.219 1622.652 6.1434 0 0 0 0.0036684 -219.8154913 19.2382828 0.0031183 0.0036395 
2780000 4620 997.809 2877786.909 1615.45 6.1481 0 0 0 0.0045372 -218.8516204 65.8637747 0.0031659 0.0043381 
2790000 4630 998.21 2895904.117 1651.79 6.1484 0 0 0 0.0040696 -218.9454768 45.5993937 0.0031065 0.0039866 
2800000 4640 998.538 2914064.267 1680.308 6.1579 0 0 0 0.0042692 -219.5537972 63.7674237 0.0030356 0.0041252 
2810000 4650 998.805 2933578.948 1729.911 6.1587 0 0 0 0.0038104 -218.8042928 30.4229835 0.0030962 0.0037546 
2820000 4660 999.024 2953636.947 1779.277 6.1442 0 0 0 0.0038111 -219.5216312 32.4652969 0.0031517 0.0037595 
2830000 4670 999.202 2973585.971 1818.322 6.1399 0 0 0 0.0051009 -219.385119 95.3957521 0.003115 0.004804 
2840000 4680 999.348 2992324.517 1830.566 6.1281 0 0 0 0.0041004 -219.8588729 49.458674 0.0030645 0.0039858 
2850000 4690 999.467 3011779.153 1852.012 6.1418 0 0 0 0.0039792 -220.048604 41.6688706 0.0031063 0.0039004 
2860000 4700 999.565 3030977.608 1863.07 6.1383 0 0 0 0.0045491 -221.2837752 85.7415828 0.0030823 0.004391 
2870000 4710 999.644 3050117.624 1872.096 6.1348 0 0 0 0.0043875 -222.6929436 45.3953396 0.0031446 0.0041618 
2880000 4720 999.709 3067699.349 1851.952 6.1433 0 0 0 0.0043271 -223.4038078 67.028913 0.0030995 0.0041799 
2890000 4730 999.763 3086890.621 1860.776 6.1356 0 0 0 0.0044336 -224.745649 74.9785911 0.0031413 0.0042844 
2900000 4740 999.806 3106349.732 1876.407 6.1369 0 0 0 0.004303 -225.0356842 53.5584184 0.0032428 0.0041815 
2910000 4750 999.842 3125529.117 1883.122 6.14 0 0 0 0.0044027 -225.2171436 75.5260701 0.0032475 0.0042678 
2920000 4760 999.871 3143329.528 1870.066 6.1429 0 0 0 0.0041448 -225.7201544 46.2133943 0.0032276 0.0040436 
2930000 4770 999.894 3161152.291 1851.698 6.1433 0 0 0 0.0035943 -225.7524347 18.5178778 0.0031773 0.0035657 
2940000 4780 999.914 3175682.351 1781.078 6.1362 0 0 0 0.0037956 -225.5770776 43.3680674 0.0032023 0.0037184 
2950000 4790 999.929 3193232.171 1774.786 6.1283 0 0 0 0.004333 -225.9204306 45.1909676 0.0031284 0.004189 
2960000 4800 999.942 3209807.124 1752.266 6.1156 0 0 0 0.0044881 -225.2732926 71.4414606 0.0031702 0.0043755 
2970000 4810 999.953 3226612.811 1741.482 6.0989 0 0 0 0.0038376 -225.8561995 37.9453699 0.0032014 0.0037761 
2980000 4820 999.961 3243615.073 1734.578 6.0922 0 0 0 0.0042633 -226.3055319 61.7953328 0.0032443 0.0041479 
2990000 4830 999.969 3258058.976 1682.273 6.1015 0 0 0 0.0050785 -225.7682172 87.4796226 0.0031925 0.0046608 
3000000 4840 999.974 3267841.146 1555.294 6.1011 0 0 0 0.0040256 -224.3422638 48.2750847 0.0031369 0.0039182 
3010000 4850 999.979 3282171.394 1532.697 6.0989 0 0 0 0.0041135 -223.81477 53.3866382 0.0031243 0.0039922 
3020000 4860 999.983 3299281.659 1563.778 6.1159 0 0 0 0.0043034 -223.1129183 74.6068205 0.0031964 0.0041387 
3030000 4870 999.986 3316207.582 1585.703 6.119 0 0 0 0.0037597 -222.8956445 33.6899525 0.003219 0.003703 
3040000 4880 999.989 3333697.72 1614.782 6.1292 0 0 0 0.0038842 -222.9750995 41.8097374 0.0032165 0.0037963 
3050000 4890 999.991 3353004.498 1670.897 6.1294 0 0 0 0.0042263 -223.1307067 55.5146086 0.0032399 0.0040867 
3060000 4900 999.992 3369902.763 1680.242 6.111 0 0 0 0.0041742 -222.5332588 58.9190392 0.0032671 0.0040486 
3070000 4910 999.994 3383140.824 1614.751 6.1186 0 0 0 0.0037806 -222.0620872 21.8256585 0.0031473 0.0036715 
3080000 4920 999.995 3396690.043 1565.326 6.1221 0 0 0 0.0037672 -222.1579967 21.0810166 0.0031048 0.003712 
3090000 4930 999.996 3414778.738 1608.202 6.1353 0 0 0 0.0037501 -222.2717222 39.8608374 0.0031154 0.0036785 
3100000 4940 999.997 3426631.876 1535.146 6.1352 0 0 0 0.0041045 -220.7983271 45.5321708 0.0030751 0.0040139 
3110000 4950 999.997 3443902.502 1567.328 6.1303 0 0 0 0.003863 -220.1309542 43.4164467 0.003049 0.0037807 
3120000 4961 986.351 3458643.875 1532.84 6.056 0 0 0 0.0045058 -219.8334538 76.3369454 0.003059 0.0043638 
3130000 4971 988.848 3474415.578 1545.338 6.0705 0 0 0 0.0044446 -218.6340331 50.0098256 0.0030302 0.0042573 
3140000 4981 990.888 3491008.728 1563.489 6.0817 0 0 0 0.0041491 -219.0935107 18.9452814 0.0029768 0.0039873 
3150000 4991 992.555 3508379.46 1593.749 6.0867 0 0 0 0.0040603 -218.5812616 39.7063885 0.0030089 0.0039081 
3160000 5001 993.917 3527548.486 1652.578 6.0931 0 0 0 0.0036063 -219.8271488 24.3032966 0.0030298 0.0035422 
3170000 5011 995.029 3543999.499 1654.078 6.1084 0 0 0 0.0039157 -219.7793726 47.0317379 0.0030897 0.0038043 
3180000 5021 995.939 3560242.684 1651.57 6.1067 0 0 0 0.003834 -219.6668988 33.0282252 0.0030882 0.0037384 
3190000 5031 996.682 3576326.113 1645.489 6.1045 0 0 0 0.0041376 -219.200987 58.7606989 0.0031206 0.0040241 
3200000 5041 997.289 3594318.053 1673.797 6.1027 0 0 0 0.0041854 -220.2599317 42.1182935 0.0031562 0.0040656 
3210000 5051 997.785 3615217.445 1748.455 6.1026 0 0 0 0.0039721 -222.1293482 45.8114302 0.0030455 0.0038807 
3220000 5061 998.19 3635331.678 1795.979 6.0962 0 0 0 0.0036983 -223.0184205 25.1397013 0.0031658 0.0036192 
3230000 5071 998.521 3652967.32 1789.911 6.0836 0 0 0 0.0040297 -222.898636 48.9202321 0.003132 0.0039214 
3240000 5081 998.792 3671051.119 1794.03 6.0928 0 0 0 0.0037513 -223.4587027 20.6003962 0.0030976 0.0036787 
3250000 5091 999.013 3688107.742 1776.669 6.0967 0 0 0 0.0039683 -223.1698816 53.7597474 0.003082 0.0038705 
3260000 5101 999.193 3706652.756 1790.622 6.1014 0 0 0 0.0044838 -222.924691 61.6391659 0.0030797 0.0043323 
3270000 5111 999.341 3725231.437 1804.133 6.1092 0 0 0 0.0040505 -224.3152589 48.8807126 0.0032026 0.0039572 
3280000 5121 999.461 3737548.715 1700.49 6.1054 0 0 0 0.0044331 -224.6876997 64.0512409 0.003085 0.0042304 
3290000 5131 999.56 3752128.785 1649.383 6.1072 0 0 0 0.0037633 -224.1001759 38.5704475 0.0031942 0.0036501 
3300000 5142 978.13 3768452.171 1607.622 5.9782 0 0 0 0.0041523 -224.4745308 42.1471244 0.0031334 0.0039375 
3310000 5152 982.131 3786226.759 1639.423 6.0077 0 0 0 0.0037495 -225.7604518 17.9023816 0.0031674 0.0037023 
3320000 5162 985.4 3802864.24 1640.337 6.0255 0 0 0 0.0042083 -225.6752497 57.8249875 0.0033071 0.0040513 
3330000 5172 988.07 3822260.973 1694.306 6.0586 0 0 0 0.0035778 -227.1315508 24.4354316 0.0032599 0.0035331 
3340000 5182 990.253 3841861.905 1744.488 6.0695 0 0 0 0.0042475 -227.6710788 45.7373722 0.00319 0.0040959 
3350000 5192 992.036 3861465.232 1783.134 6.092 0 0 0 0.0043046 -228.5704975 71.5495701 0.0031888 0.0041206 
3360000 5202 993.493 3881393.817 1819.975 6.092 0 0 0 0.0041842 -229.1308214 37.6712369 0.0032056 0.0039486 
3370000 5212 994.683 3900920.774 1844.468 6.0825 0 0 0 0.0044133 -229.7679978 74.9113277 0.0032033 0.0042439 
3380000 5222 995.656 3919186.596 1844.802 6.0944 0 0 0 0.0042074 -231.7260199 46.8000068 0.0032273 0.003981 
3390000 5232 996.45 3939283.665 1876.843 6.0974 0 0 0 0.0040318 -233.2293715 51.6179918 0.003245 0.0039301 
3400000 5242 997.1 3958569.236 1883.39 6.1015 0 0 0 0.0041089 -233.7835831 50.8651024 0.0032854 0.0039826 
3410000 5252 997.63 3979076.143 1912.199 6.1075 0 0 0 0.0038169 -233.59508 35.2366002 0.0031866 0.0037611 
3420000 5262 998.064 4000031.62 1945.518 6.108 0 0 0 0.004362 -234.7071387 68.0130474 0.0031505 0.0041676 
3430000 5272 998.418 4018249.479 1926.986 6.1119 0 0 0 0.0043949 -234.60578 70.6038538 0.003222 0.0041933 
3440000 5282 998.707 4034695.293 1869.555 6.1162 0 0 0 0.0048067 -234.6838077 61.0532812 0.0032105 0.0044443 
3450000 5292 998.944 4047533.85 1773.356 6.1026 0 0 0 0.0044292 -234.099171 84.742944 0.0030705 0.004293 
3460000 5302 999.137 4058906.44 1656.587 6.1191 0 0 0 0.0041968 -233.3130721 56.6458605 0.0031784 0.0040463 
3470000 5312 999.295 4074467.868 1633.9 6.119 0 0 0 0.0037757 -232.4196321 28.5668617 0.0031213 0.0037202 
3480000 5322 999.424 4091558.797 1646.246 6.1086 0 0 0 0.0053136 -232.1817118 83.2223624 0.0031847 0.0049697 
3490000 5332 999.529 4110803.447 1694.869 6.1097 0 0 0 0.0040724 -234.0428867 29.5801085 0.00318 0.003936 
3500000 5342 999.615 4128710.534 1712.623 6.1147 0 0 0 0.0041299 -233.4276149 55.1627919 0.0032396 0.0040502 
3510000 5352 999.686 4144754.219 1691.562 6.123 0 0 0 0.0044021 -233.0193707 57.9014465 0.0032624 0.0043089 
3520000 5362 999.743 4160696.317 1680.561 6.1167 0 0 0 0.004196 -234.0834025 53.3266035 0.0032249 0.0041044 
3530000 5372 999.79 4178512.839 1693.317 6.0962 0 0 0 0.0042606 -234.3959407 58.6214948 0.0031989 0.0041579 
3540000 5382 999.829 4196639.272 1716.225 6.0939 0 0 0 0.0042685 -233.9956804 63.2541712 0.003249 0.0041706 
3550000 5392 999.86 4216117.835 1758.339 6.0913 0 0 0 0.0040169 -233.8867738 43.5507334 0.0033301 0.00395 
3560000 5402 999.886 4235443.249 1788.718 6.0828 0 0 0 0.0042048 -233.1856849 54.505113 0.0032288 0.004106 
3570000 5412 999.906 4256155.023 1839.985 6.0779 0 0 0 0.0043563 -234.4683402 78.3477136 0.0031785 0.0042358 
3580000 5422 999.924 4276015.867 1867.272 6.0913 0 0 0 0.004199 -233.5122097 49.9402462 0.0033139 0.0040865 
3590000 5432 999.938 4293622.409 1847.259 6.0959 0 0 0 0.004323 -233.3336966 68.093155 0.0032358 0.0042295 
3600000 5442 999.949 4312644.062 1856.958 6.0976 0 0 0 0.0040544 -233.6062344 50.5991519 0.0032572 0.0039693 
3610000 5452 999.958 4332716.698 1883.491 6.1118 0 0 0 0.003965 -233.9514594 41.4238183 0.0031855 0.003863 
3620000 5462 999.966 4352343.815 1897.387 6.1082 0 0 0 0.004235 -232.8807702 79.2078317 0.0032287 0.0041422 
3630000 5472 999.972 4372722.663 1921.754 6.0962 0 0 0 0.0039657 -234.5880949 37.5974883 0.0031909 0.0038587 
3640000 5482 999.977 4391598.655 1916.544 6.1 0 0 0 0.0037146 -235.464234 19.0095847 0.0032441 0.0036911 
3650000 5492 999.981 4412048.185 1940.798 6.0974 0 0 0 0.0042442 -236.5560295 66.056604 0.0032484 0.0041227 
3660000 5502 999.985 4432382.561 1957.743 6.0983 0 0 0 0.0042069 -238.6294723 70.0497768 0.0032972 0.0041191 
3670000 5512 999.988 4452182.716 1961.309 6.1036 0 0 0 0.004409 -239.1420852 78.2252154 0.0032269 0.0042679 
3680000 5522 999.99 4472061.3 1966.98 6.1102 0 0 0 0.0040018 -239.3838205 41.1466262 0.0033547 0.0039454 
3690000 5532 999.992 4490844.807 1948.751 6.0973 0 0 0 0.0036727 -239.8751799 19.004105 0.0032648 0.0036425 
3700000 5542 999.993 4511734.55 1973.036 6.1066 0 0 0 0.0040711 -240.1521774 54.1129445 0.0032113 0.0039865 
3710000 5552 999.994 4532936.91 2001.868 6.1262 0 0 0 0.003918 -240.3694734 41.0041766 0.0032055 0.0038698 
3720000 5562 999.995 4552335.755 1990.974 6.1314 0 0 0 0.0043599 -240.7386901 84.3905847 0.0031938 0.0042344 
3730000 5572 999.996 4573598.573 2014.176 6.1861 0 0 0 0.0045624 -241.074407 94.7878984 0.0031559 0.0044401 
3740000 5582 999.997 4592635.769 1996.913 6.1776 0 0 0 0.0040494 -241.8564049 51.0310549 0.003222 0.0039363 
3750000 5592 999.998 4611390.838 1969.154 6.1642 0 0 0 0.004967 -241.0144867 135.1380712 0.0031925 0.0047926 
3760000 5602 999.998 4629715.655 1943.517 6.1534 0 0 0 0.0042716 -241.4622715 74.7260569 0.0032381 0.0041763 
3770000 5612 999.998 4649377.642 1949.114 6.1501 0 0 0 0.0037225 -241.7141704 33.8088849 0.003307 0.003684 
3780000 5622 999.999 4667632.58 1925.043 6.1467 0 0 0 0.0043368 -241.2723631 65.5581107 0.0032304 0.0041564 
3790000 5632 999.999 4687243.624 1931.961 6.1535 0 0 0 0.0038893 -241.8607285 45.3887587 0.0032678 0.0038009 
3800000 5642 999.999 4707285.359 1944.196 6.1451 0 0 0 0.0039461 -242.1297213 43.0498885 0.0031332 0.0038937 
3810000 5652 999.999 4727372.44 1958.413 6.1377 0 0 0 0.0037691 -241.9587005 32.9370334 0.0032393 0.0037322 
3820000 5662 999.999 4745183.427 1922.94 6.1336 0 0 0 0.004278 -241.6740724 58.4422824 0.0032396 0.0041416 
3830000 5672 1000.0 4764779.173 1930.511 6.1319 0 0 0 0.004401 -241.4057039 69.2246001 0.0031972 0.0042832 
3840000 5682 1000.0 4784851.452 1942.038 6.1326 0 0 0 0.0036893 -241.4751288 25.0086944 0.003151 0.0036616 
3850000 5692 1000.0 4804621.125 1949.739 6.1176 0 0 0 0.0039374 -240.8497081 61.9185938 0.0031549 0.0038507 
3860000 5702 1000.0 4824288.086 1952.802 6.1076 0 0 0 0.0041192 -241.2079414 58.9650295 0.0030816 0.0040402 
3870000 5712 1000.0 4843496.017 1950.156 6.1182 0 0 0 0.0047482 -241.1008403 105.6479993 0.0031092 0.0045922 
3880000 5722 1000.0 4862706.207 1943.066 6.1191 0 0 0 0.0035878 -241.3335291 26.6419118 0.0030884 0.0035597 
3890000 5732 1000.0 4883513.184 1969.117 6.1088 0 0 0 0.0036807 -241.5249729 33.4191618 0.0031099 0.0036068 
3900000 5742 1000.0 4900480.195 1920.956 6.1147 0 0 0 0.0040242 -240.9503159 68.6644522 0.0031006 0.0039487 
3910000 5752 1000.0 4919074.212 1908.072 6.1107 0 0 0 0.0040363 -241.0622743 53.4517022 0.0030458 0.0039169 
3920000 5762 1000.0 4937498.801 1905.651 6.1009 0 0 0 0.0040059 -241.1848921 55.2216786 0.0030637 0.0039432 
3930000 5772 1000.0 4955932.973 1883.556 6.1147 0 0 0 0.0045589 -240.872594 95.7893624 0.0030585 0.0044382 
3940000 5782 1000.0 4973503.41 1871.697 6.1234 0 0 0 0.0043799 -240.720191 89.1392401 0.0031132 0.0042376 
3950000 5793 980.855 4982553.381 1664.624 6.0091 0 0 0 0.0036922 -239.5827657 31.5529542 0.0031429 0.003661 
3960000 5803 984.357 4994402.729 1569.855 6.0429 0 0 0 0.0038728 -239.5881741 61.2085547 0.0030672 0.0037805 
3970000 5813 987.219 5013013.332 1625.416 6.0639 0 0 0 0.004355 -239.4906743 89.2383789 0.0030374 0.0042417 
3980000 5824 977.753 5026260.391 1552.762 6.0025 0 0 0 0.0040254 -238.909021 72.8409373 0.0030528 0.0039446 
3990000 5834 969.408 5042806.531 1546.129 5.9536 0 0 0 0.0041139 -239.0341089 24.5981416 0.0031122 0.0038621 
4000000 5844 975.004 5062895.425 1629.982 5.989 0 0 0 0.004224 -239.0786644 64.6097442 0.0030951 0.004126 
