10000 57 118.765 529.0 6.24 0.3447 19 7773.0 371.7284 
20000 109 167.661 1032.0 8.355 0.4878 36 15181.0 397.4145 
30000 162 182.809 1524.0 8.922 0.533 54 24538.0 461.5925 
40000 213 188.931 1989.0 8.93 1.2219 71 32127.0 440.3362 
50000 264 194.672 2479.0 9.389 1.6631 88 41596.0 536.9351 
60000 311 202.844 2995.0 9.955 1.8733 103 50869.0 572.7381 
70000 359 206.376 3504.0 10.162 1.9576 119 59831.0 566.4636 
80000 409 202.321 4073.0 11.019 1.9368 136 70221.0 617.7251 
90000 458 198.491 4755.0 12.659 1.9077 152 80962.0 563.003 
100000 501 215.201 5445.0 13.893 2.0714 167 92179.0 700.2467 
110000 549 205.259 6263.0 15.803 1.9771 183 103801.0 674.4237 
120000 592 224.682 7152.0 19.27 2.1645 197 116848.0 917.482 
130000 627 251.184 8063.0 22.227 2.4207 209 132513.0 1113.8856 
140000 669 244.442 9101.0 23.781 2.3559 223 147901.0 1121.3778 
150000 713 232.991 10165.0 23.905 2.2455 237 163227.0 993.8838 
160000 752 248.112 11270.0 26.666 2.3906 250 186218.0 1418.9648 
170000 793 244.519 12460.0 27.71 2.3624 264 201547.0 1220.6437 
180000 832 248.103 13604.0 28.58 2.3938 277 220008.0 1385.1646 
190000 866 272.377 14803.0 32.469 2.6259 288 240234.0 1693.2371 
200000 902 272.358 16081.0 33.664 2.6252 300 262578.0 1712.6471 
210000 936 284.85 17352.0 35.526 2.7452 312 283054.0 1919.1295 
220000 973 276.529 18656.0 35.52 2.6652 324 303707.0 1757.1698 
230000 1008 281.193 19912.0 35.916 2.7106 336 322112.0 1674.9506 
240000 1046 271.064 21319.0 36.418 2.6127 348 345914.0 1882.8997 
250000 1082 277.357 22584.0 35.951 2.6741 360 365638.0 1763.2857 
260000 1122 257.578 23900.0 32.727 2.4823 374 384478.0 1395.7408 
270000 1158 272.455 25100.0 34.003 2.6247 386 401822.0 1528.8639 
280000 1198 265.031 26399.0 33.938 2.5536 399 423022.0 1711.3829 
290000 1234 272.434 27815.0 36.243 2.6248 411 445966.0 1835.0195 
300000 1270 275.936 29216.0 38.205 2.6589 423 467330.0 1734.7837 
310000 1302 291.215 30613.0 39.853 2.8063 434 487598.0 1884.6241 
320000 1336 294.31 31956.0 40.33 2.8365 445 509374.0 2090.0453 
330000 1375 273.881 33329.0 37.435 2.6401 458 531085.0 1700.1064 
340000 1414 261.709 34761.0 36.546 2.5225 471 553996.0 1724.0174 
350000 1448 276.359 36057.0 37.029 2.6628 482 575062.0 1918.4994 
360000 1481 285.872 37351.0 37.595 2.7552 493 595329.0 1874.3606 
370000 1518 278.254 38683.0 36.313 2.6822 506 612792.0 1493.5331 
380000 1557 266.543 40048.0 35.634 2.5692 519 632443.0 1479.2216 
390000 1596 258.803 41452.0 35.369 2.4869 532 652714.0 1479.9452 
400000 1629 272.18 42771.0 36.452 2.6116 543 671921.0 1552.0466 
410000 1665 274.682 44189.0 38.009 2.6344 555 691375.0 1644.4812 
420000 1704 263.165 45590.0 36.761 2.5241 568 710856.0 1509.9659 
430000 1738 280.208 46941.0 38.874 2.6872 579 729192.0 1536.7083 
440000 1770 294.436 48204.0 39.076 2.8276 590 746570.0 1589.7805 
450000 1805 289.943 49641.0 40.052 2.7905 601 766955.0 1645.6268 
460000 1842 270.358 50967.0 36.451 2.604 614 788108.0 1551.7805 
470000 1882 263.434 52366.0 36.607 2.5393 627 806098.0 1448.4172 
480000 1917 264.204 53756.0 36.292 2.5467 639 825483.0 1447.8721 
490000 1953 275.262 55089.0 37.583 2.6551 651 844487.0 1620.2911 
500000 1982 302.46 56437.0 41.499 2.9166 660 868258.0 2025.9216 
510000 2014 306.891 57787.0 41.837 2.9591 671 890596.0 2032.0138 
520000 2046 310.229 59138.0 41.84 2.9915 682 911174.0 2027.7873 
530000 2075 324.166 60507.0 44.25 3.1248 691 935865.0 2298.7846 
540000 2110 309.593 61992.0 43.972 2.9784 703 959840.0 2150.2998 
550000 2144 304.829 63337.0 42.043 2.9382 714 979966.0 2007.3971 
560000 2173 326.776 64693.0 44.822 3.1504 724 1000177.0 1973.2501 
570000 2205 318.87 65986.0 42.685 3.0752 735 1018005.0 1831.9217 
580000 2238 310.551 67319.0 41.431 2.9956 746 1036322.0 1730.017 
590000 2268 319.383 68644.0 42.475 3.0801 756 1057222.0 1899.2775 
600000 2298 317.258 70020.0 42.159 3.0595 766 1079232.0 1980.2018 
610000 2336 294.022 71469.0 41.119 2.8357 778 1101434.0 1898.416 
620000 2369 298.332 72864.0 42.071 2.8776 789 1123361.0 1937.2227 
630000 2403 295.226 74243.0 41.306 2.8471 801 1143037.0 1799.014 
640000 2436 296.326 75664.0 41.089 2.8585 812 1165454.0 1939.4382 
650000 2472 289.912 77032.0 40.359 2.7964 824 1186928.0 1952.4758 
660000 2502 306.392 78389.0 41.935 2.9551 834 1208348.0 2051.514 
670000 2533 311.586 79759.0 42.784 3.0111 844 1230747.0 2074.009 
680000 2564 320.383 81118.0 43.943 3.0937 854 1254036.0 2226.2464 
690000 2594 325.372 82432.0 43.88 3.1399 864 1277416.0 2307.4015 
700000 2627 313.441 83849.0 43.318 3.0231 875 1297553.0 1963.0638 
710000 2658 315.361 85221.0 43.391 3.0441 886 1315592.0 1784.2892 
720000 2691 307.439 86627.0 42.122 2.9659 897 1336939.0 1876.6829 
730000 2720 323.743 87923.0 44.04 3.1227 906 1356610.0 1997.8881 
740000 2752 321.964 89310.0 43.874 3.1051 917 1379988.0 2135.2492 
750000 2787 300.128 90784.0 42.381 2.8947 929 1406113.0 2172.7248 
760000 2817 309.446 92197.0 43.003 2.9808 939 1427153.0 2133.5367 
770000 2850 312.086 93618.0 44.24 3.0019 950 1449870.0 2182.9585 
780000 2882 311.887 94986.0 43.549 2.9963 960 1471098.0 2101.4599 
790000 2917 298.994 96353.0 41.551 2.8719 972 1491513.0 1947.7139 
800000 2949 301.345 97849.0 42.982 2.8938 983 1512681.0 1898.3227 
810000 2983 297.841 99234.0 41.766 2.8658 994 1532857.0 1806.1077 
820000 3010 325.179 100533.0 44.568 3.1325 1003 1554380.0 2127.2068 
830000 3038 342.256 101789.0 45.42 3.2993 1012 1573342.0 2108.6288 
840000 3072 322.568 103213.0 43.729 3.1104 1024 1597858.0 2260.9154 
850000 3105 311.015 104647.0 43.006 2.9996 1035 1620635.0 2100.5058 
860000 3135 321.646 105926.0 42.923 3.1035 1045 1638495.0 1922.7418 
870000 3163 339.363 107229.0 44.755 3.2738 1054 1657557.0 1903.9874 
880000 3194 332.687 108530.0 43.758 3.2087 1064 1675696.0 1841.0722 
890000 3227 325.166 109874.0 42.995 3.1371 1075 1694733.0 1823.5203 
900000 3259 317.423 111292.0 42.929 3.0621 1086 1714631.0 1840.8119 
910000 3292 312.49 112732.0 43.812 3.0144 1097 1739008.0 2151.8313 
920000 3317 344.669 113899.0 45.511 3.3279 1105 1756383.0 2205.6288 
930000 3345 351.329 115202.0 45.368 3.3916 1115 1774975.0 2048.0915 
940000 3376 342.043 116591.0 45.549 3.3006 1125 1796534.0 2057.1229 
950000 3410 318.138 117933.0 42.642 3.0689 1136 1815840.0 1791.8789 
960000 3441 311.556 119317.0 41.845 3.0103 1147 1837299.0 1912.1596 
970000 3471 322.743 120612.0 42.664 3.1156 1157 1856819.0 1952.0751 
980000 3505 312.704 122091.0 43.846 3.0174 1168 1878135.0 1930.927 
990000 3531 330.938 123399.0 44.808 3.1972 1177 1900619.0 2147.6227 
1000000 3564 326.647 124725.0 43.647 3.1534 1188 1919756.0 1979.5205 
1010000 3594 328.168 126045.0 43.417 3.1663 1198 1939316.0 1952.7951 
1020000 3623 338.556 127317.0 44.41 3.2665 1207 1961857.0 2225.2375 
1030000 3652 343.121 128632.0 45.047 3.3104 1217 1981038.0 2112.3352 
1040000 3684 327.202 129938.0 42.646 3.1564 1228 1997576.0 1739.6794 
1050000 3712 341.104 131292.0 45.331 3.2912 1237 2020258.0 1901.4021 
1060000 3744 320.781 132668.0 42.877 3.0968 1248 2040656.0 2063.2723 
1070000 3769 362.112 133868.0 47.165 3.4939 1256 2059331.0 2154.4368 
1080000 3801 335.69 135214.0 44.223 3.2393 1267 2081449.0 2118.6356 
1090000 3830 342.832 136558.0 45.824 3.3143 1276 2100510.0 2043.1831 
1100000 3861 330.054 137825.0 42.876 3.1877 1287 2119229.0 1891.8076 
1110000 3891 333.046 139131.0 43.275 3.2154 1297 2139759.0 2021.0567 
1120000 3921 331.723 140480.0 43.579 3.2036 1307 2161389.0 2187.2831 
1130000 3952 328.896 141808.0 43.403 3.1741 1317 2183998.0 2312.8295 
1140000 3979 345.941 143167.0 46.498 3.3372 1326 2205541.0 2237.9198 
1150000 4012 320.521 144584.0 44.315 3.0964 1337 2228568.0 2058.7245 
1160000 4046 314.059 145956.0 43.535 3.0311 1348 2247914.0 1910.1024 
1170000 4074 331.833 147218.0 43.908 3.2012 1358 2266556.0 2001.1481 
1180000 4108 314.46 148688.0 43.728 3.0378 1369 2289222.0 1938.7551 
1190000 4140 309.408 150061.0 42.333 2.9916 1380 2308650.0 1879.0112 
1200000 4172 309.661 151492.0 44.09 2.9871 1390 2329578.0 1939.4219 
1210000 4204 310.922 152950.0 44.883 2.9914 1401 2352566.0 2048.986 
1220000 4234 322.393 154319.0 45.664 3.1064 1411 2374216.0 2106.1259 
1230000 4263 327.06 155635.0 43.915 3.144 1421 2395847.0 2096.209 
1240000 4299 304.902 157040.0 42.312 2.929 1433 2416091.0 1862.2205 
1250000 4329 308.539 158495.0 43.359 2.9627 1443 2437161.0 1964.7689 
1260000 4360 325.005 159882.0 46.045 3.1287 1453 2457830.0 2029.6785 
1270000 4392 320.653 161253.0 44.691 3.0823 1464 2480388.0 2175.3989 
1280000 4419 342.225 162534.0 45.858 3.2915 1473 2499941.0 2207.6441 
1290000 4447 343.654 163895.0 46.179 3.3086 1482 2521433.0 2200.1295 
1300000 4478 335.238 165289.0 46.196 3.2306 1492 2541992.0 2100.0097 
1310000 4506 339.729 166625.0 46.065 3.2757 1502 2560194.0 1982.2565 
1320000 4530 358.566 167838.0 46.429 3.4622 1510 2579890.0 2144.0599 
1330000 4563 336.261 169164.0 44.627 3.2455 1521 2599837.0 2015.9911 
1340000 4592 338.885 170544.0 45.756 3.269 1530 2619308.0 1955.5214 
1350000 4624 320.653 171966.0 43.838 3.093 1541 2640376.0 1966.231 
1360000 4655 322.644 173305.0 44.136 3.1126 1551 2660625.0 2018.4832 
1370000 4686 322.281 174659.0 43.889 3.108 1562 2680624.0 1938.706 
1380000 4715 329.14 176040.0 44.856 3.1738 1571 2701195.0 2025.1303 
1390000 4748 317.995 177446.0 44.14 3.067 1582 2723472.0 2008.4885 
1400000 4777 329.767 178794.0 45.172 3.18 1592 2747133.0 2281.7149 
1410000 4806 333.927 180074.0 44.458 3.2192 1602 2766464.0 2095.8477 
1420000 4836 323.304 181424.0 42.785 3.1173 1612 2788504.0 1983.2589 
1430000 4864 341.37 182746.0 45.447 3.2905 1621 2808376.0 2086.796 
1440000 4899 313.491 184199.0 43.115 3.0221 1633 2830551.0 2033.1173 
1450000 4929 325.74 185541.0 44.387 3.1397 1643 2852351.0 2175.1345 
1460000 4959 328.664 186891.0 44.277 3.1683 1653 2873921.0 2212.4116 
1470000 4987 345.72 188215.0 46.564 3.3322 1662 2894423.0 2163.4736 
1480000 5016 345.744 189517.0 45.209 3.3326 1672 2914294.0 2147.9385 
1490000 5046 335.31 190910.0 44.814 3.2319 1682 2936504.0 2086.8282 
1500000 5076 335.321 192282.0 45.461 3.2323 1692 2960164.0 2282.7391 
1510000 5104 338.518 193596.0 45.393 3.2631 1701 2981706.0 2169.2133 
1520000 5134 341.948 194898.0 44.759 3.2963 1711 3002436.0 2115.6598 
1530000 5166 331.418 196270.0 44.577 3.1939 1722 3023124.0 2122.8784 
1540000 5195 338.632 197607.0 45.26 3.2686 1731 3045005.0 2134.3604 
1550000 5229 316.677 199036.0 43.575 3.0543 1743 3065351.0 1917.8873 
1560000 5258 331.186 200416.0 45.436 3.1934 1752 3087332.0 2079.9428 
1570000 5291 320.71 201804.0 44.199 3.0862 1763 3110099.0 1978.1562 
1580000 5320 332.734 203114.0 44.933 3.2197 1773 3129490.0 2043.4175 
1590000 5352 323.239 204465.0 43.628 3.1225 1784 3147458.0 1835.8638 
1600000 5382 321.251 205855.0 43.332 3.1009 1794 3167638.0 1885.3324 
1610000 5417 300.908 207172.0 40.097 2.9043 1805 3186793.0 1731.0539 
1620000 5448 307.597 208545.0 41.193 2.9675 1816 3209132.0 1978.9528 
1630000 5479 320.26 209965.0 44.85 3.088 1826 3232431.0 2297.2067 
1640000 5508 326.551 211235.0 43.956 3.1452 1836 3253212.0 2196.0856 
1650000 5542 313.347 212634.0 42.904 3.0119 1847 3275588.0 2027.8085 
1660000 5571 323.866 213889.0 42.726 3.1094 1857 3297239.0 2162.829 
1670000 5604 318.759 215231.0 42.042 3.0604 1868 3315446.0 1886.4571 
1680000 5637 312.296 216671.0 42.863 2.9966 1879 3337653.0 2012.3659 
1690000 5664 321.662 217950.0 42.425 3.0855 1888 3357376.0 1912.3735 
1700000 5694 329.787 219277.0 43.811 3.1631 1898 3381936.0 2270.8747 
1710000 5722 342.272 220606.0 45.428 3.2914 1907 3400758.0 2117.961 
1720000 5752 340.901 221916.0 45.458 3.282 1917 3420038.0 1973.9582 
1730000 5781 338.451 223155.0 43.436 3.2596 1927 3438149.0 1993.4117 
1740000 5811 337.699 224503.0 44.625 3.257 1937 3460869.0 2242.0769 
1750000 5838 344.126 225871.0 45.399 3.318 1946 3479792.0 2090.2513 
1760000 5872 326.881 227228.0 44.515 3.1517 1957 3499728.0 1949.2115 
1770000 5903 325.187 228652.0 45.147 3.1345 1967 3519687.0 1934.9549 
1780000 5931 339.444 229959.0 45.454 3.2717 1977 3538869.0 2015.927 
1790000 5958 340.229 231325.0 45.379 3.2786 1986 3559132.0 2020.4187 
1800000 5988 342.639 232586.0 44.719 3.3016 1996 3576842.0 1910.3833 
1810000 6016 355.035 233896.0 46.533 3.4199 2005 3597094.0 2038.4297 
1820000 6045 346.623 235281.0 46.254 3.339 2015 3620295.0 2317.0027 
1830000 6072 349.759 236591.0 45.888 3.3734 2024 3637928.0 1999.0989 
1840000 6099 359.106 237889.0 46.662 3.462 2033 3657401.0 2108.2253 
1850000 6130 342.755 239231.0 45.525 3.303 2043 3680080.0 2215.3937 
1860000 6156 358.237 240481.0 46.665 3.4522 2052 3698774.0 2188.7628 
1870000 6183 354.014 241812.0 45.817 3.4138 2061 3717987.0 2064.4927 
1880000 6214 336.173 243108.0 44.607 3.2405 2071 3736596.0 1957.3147 
1890000 6243 348.047 244339.0 44.672 3.354 2081 3754637.0 1960.8147 
1900000 6271 344.876 245624.0 44.194 3.3227 2090 3774269.0 1976.5682 
1910000 6301 342.339 247029.0 46.189 3.2983 2100 3795509.0 2037.3505 
1920000 6330 342.269 248341.0 45.501 3.2971 2110 3814870.0 2095.3605 
1930000 6355 368.75 249663.0 48.783 3.5522 2118 3835365.0 2350.9916 
1940000 6385 351.808 251046.0 47.684 3.3901 2128 3857955.0 2256.1377 
1950000 6414 347.203 252350.0 46.246 3.3452 2138 3878456.0 2226.1652 
1960000 6443 345.124 253681.0 46.444 3.3247 2147 3896927.0 1998.5039 
1970000 6473 343.039 255002.0 45.296 3.3044 2157 3915837.0 1980.8452 
1980000 6502 343.89 256341.0 45.809 3.3132 2167 3936438.0 2014.042 
1990000 6528 356.681 257565.0 45.055 3.4368 2176 3952982.0 1948.8548 
2000000 6557 360.325 258872.0 46.531 3.4715 2185 3971433.0 1984.8895 
2010000 6585 356.828 260188.0 45.9 3.4377 2195 3988955.0 1910.9432 
2020000 6611 366.013 261413.0 46.899 3.5267 2203 4008179.0 2109.2278 
2030000 6638 366.945 262664.0 46.86 3.5354 2212 4025462.0 2014.3292 
2040000 6663 381.049 263890.0 46.754 3.6706 2221 4042767.0 2037.8429 
2050000 6685 406.244 264995.0 49.047 3.9111 2228 4059425.0 2086.9167 
2060000 6711 401.409 266154.0 47.098 3.8573 2237 4077589.0 2182.9454 
2070000 6738 377.983 267517.0 46.401 3.6361 2246 4096772.0 2014.432 
2080000 6763 380.934 268672.0 47.775 3.6672 2254 4113577.0 2074.7796 
2090000 6789 393.174 269801.0 46.58 3.7869 2263 4131311.0 2114.1018 
2100000 6813 398.281 271007.0 46.584 3.8364 2271 4148387.0 2055.3126 
2110000 6838 403.157 272148.0 47.403 3.8841 2279 4164202.0 1956.0205 
2120000 6866 388.333 273340.0 45.59 3.7406 2288 4181194.0 1913.9265 
2130000 6895 367.211 274681.0 45.173 3.538 2298 4202325.0 2122.1204 
2140000 6921 373.216 275854.0 45.043 3.5968 2307 4218889.0 2048.2988 
2150000 6948 369.099 277142.0 45.596 3.5549 2316 4237782.0 2043.2591 
2160000 6976 367.125 278444.0 46.884 3.5288 2325 4258574.0 2131.713 
2170000 7004 361.156 279738.0 46.643 3.468 2334 4278396.0 2158.5904 
2180000 7033 351.176 281073.0 45.5 3.3705 2344 4297787.0 2042.3636 
2190000 7062 350.465 282452.0 46.308 3.3626 2354 4321208.0 2350.1112 
2200000 7085 377.977 283643.0 48.29 3.6251 2361 4339995.0 2436.7392 
2210000 7112 384.996 284919.0 48.873 3.6925 2370 4358608.0 2246.5966 
2220000 7141 367.382 286299.0 48.26 3.5234 2380 4381589.0 2303.7802 
2230000 7165 382.146 287443.0 47.197 3.6645 2388 4399075.0 2325.4936 
2240000 7190 391.976 288610.0 47.941 3.7596 2396 4415800.0 2081.0013 
2250000 7218 372.612 289968.0 46.71 3.5743 2406 4433942.0 1998.777 
2260000 7245 366.712 291109.0 45.137 3.5171 2415 4450625.0 1909.4035 
2270000 7269 388.781 292228.0 45.702 3.7281 2423 4468201.0 2108.5414 
2280000 7294 385.993 293524.0 47.205 3.7019 2431 4490946.0 2358.3905 
2290000 7327 347.857 294816.0 44.261 3.3365 2442 4507163.0 1734.6602 
2300000 7358 330.455 296197.0 43.605 3.1703 2452 4527832.0 1908.6534 
2310000 7387 336.694 297551.0 44.178 3.2295 2462 4547783.0 2033.1731 
2320000 7419 331.477 298932.0 44.523 3.1797 2473 4568921.0 2031.5894 
2330000 7448 338.254 300232.0 45.024 3.2444 2482 4587532.0 1944.0586 
2340000 7473 360.363 301453.0 45.337 3.4564 2491 4604877.0 1995.8006 
2350000 7501 358.35 302760.0 46.892 3.436 2500 4623419.0 1966.961 
2360000 7527 369.492 303954.0 45.534 3.5427 2509 4640973.0 2082.4036 
2370000 7552 383.592 305170.0 47.78 3.6786 2517 4658068.0 2066.6797 
2380000 7580 373.509 306427.0 46.602 3.5823 2526 4680040.0 2302.7181 
2390000 7605 376.262 307679.0 46.063 3.6087 2535 4699595.0 2155.1084 
2400000 7632 384.442 308834.0 46.477 3.6913 2544 4715208.0 2089.8623 
2410000 7658 370.988 310017.0 46.001 3.5615 2552 4732062.0 1906.2544 
2420000 7691 347.291 311386.0 43.863 3.3332 2563 4750749.0 1837.8371 
2430000 7713 378.643 312521.0 45.095 3.633 2571 4768347.0 2105.2509 
2440000 7743 362.209 313757.0 44.319 3.4747 2581 4785897.0 1976.2561 
2450000 7768 370.429 315027.0 46.355 3.5536 2589 4806242.0 2136.0301 
2460000 7794 376.857 316146.0 45.14 3.6146 2598 4822056.0 2023.2238 
2470000 7823 363.323 317420.0 44.817 3.4845 2607 4840737.0 1935.2375 
2480000 7849 362.205 318687.0 44.546 3.474 2616 4858741.0 1989.3078 
2490000 7878 358.393 319999.0 45.495 3.4385 2626 4876242.0 1901.6135 
2500000 7904 375.064 321198.0 46.623 3.5979 2634 4896446.0 2191.1153 
2510000 7927 397.676 322366.0 48.329 3.8134 2642 4913863.0 2173.3288 
2520000 7956 369.228 323703.0 45.806 3.5478 2652 4933174.0 2052.7622 
2530000 7984 370.973 324903.0 45.819 3.5694 2661 4950766.0 1977.2843 
2540000 8007 389.457 326009.0 45.762 3.7502 2669 4967813.0 2061.8439 
2550000 8032 391.851 327145.0 46.504 3.7747 2677 4982588.0 1941.4738 
2560000 8059 386.341 328479.0 48.119 3.7233 2686 5003021.0 2102.4385 
2570000 8088 369.818 329716.0 45.369 3.5649 2696 5022192.0 2062.3147 
2580000 8115 366.754 330967.0 45.331 3.5351 2705 5039585.0 1957.2326 
2590000 8148 334.28 332386.0 44.116 3.2226 2716 5058752.0 1810.1963 
2600000 8175 343.48 333749.0 45.243 3.3107 2725 5083535.0 2202.4825 
2610000 8207 333.56 335089.0 45.288 3.2139 2735 5103333.0 2089.9084 
2620000 8235 340.893 336382.0 44.694 3.2886 2745 5121455.0 1974.6026 
2630000 8264 347.673 337673.0 45.606 3.3528 2754 5140096.0 1949.6827 
2640000 8289 373.136 338846.0 46.251 3.5973 2763 5155531.0 1934.2113 
2650000 8318 361.084 340216.0 46.699 3.4804 2772 5175392.0 2033.8871 
2660000 8346 353.141 341565.0 45.734 3.4043 2782 5195484.0 1971.6554 
2670000 8370 384.023 342673.0 46.632 3.7007 2790 5211580.0 2052.0144 
2680000 8398 373.453 344031.0 47.736 3.5992 2799 5230852.0 2044.3852 
2690000 8421 397.455 345217.0 49.426 3.83 2807 5248689.0 2242.6535 
2700000 8448 377.927 346575.0 48.206 3.6439 2816 5267642.0 2082.5665 
2710000 8476 378.468 347850.0 48.612 3.6551 2825 5285574.0 2012.0451 
2720000 8502 372.168 349124.0 47.052 3.5925 2834 5304518.0 2013.4684 
2730000 8530 370.161 350444.0 48.276 3.5717 2843 5324020.0 2118.0118 
2740000 8555 377.285 351621.0 47.377 3.6401 2851 5340185.0 1973.0193 
2750000 8580 389.478 352791.0 47.357 3.7573 2860 5357480.0 2052.6918 
2760000 8607 373.548 354118.0 46.496 3.6027 2869 5377303.0 2031.2961 
2770000 8635 371.898 355432.0 47.989 3.5866 2878 5396475.0 2063.701 
2780000 8661 371.976 356683.0 46.642 3.5869 2887 5413109.0 1982.7594 
2790000 8687 378.406 357925.0 47.995 3.6489 2895 5430223.0 1975.9913 
2800000 8712 379.789 359162.0 46.959 3.6628 2904 5448898.0 2095.4405 
2810000 8738 386.634 360337.0 47.565 3.7294 2912 5464672.0 2010.1427 
2820000 8765 378.05 361631.0 47.911 3.6464 2921 5482935.0 1909.9403 
2830000 8791 383.67 362884.0 48.383 3.7005 2930 5501189.0 1992.0421 
2840000 8818 377.374 364112.0 47.235 3.6431 2939 5521842.0 2256.7376 
2850000 8847 360.117 365463.0 46.026 3.4761 2949 5542313.0 2192.8693 
2860000 8878 347.523 366843.0 46.047 3.3525 2959 5560622.0 1987.6045 
2870000 8901 368.991 368057.0 46.564 3.5592 2967 5579019.0 2104.4095 
2880000 8929 368.59 369373.0 48.018 3.5544 2976 5600291.0 2258.0599 
2890000 8958 355.697 370702.0 46.666 3.4301 2986 5619632.0 2118.8129 
2900000 8982 377.975 371985.0 48.799 3.6394 2994 5640498.0 2284.9896 
2910000 9012 354.195 373290.0 46.052 3.4051 3004 5656588.0 1870.0426 
2920000 9037 376.218 374490.0 47.329 3.6134 3012 5673123.0 1906.5877 
2930000 9066 362.537 375791.0 46.403 3.4836 3022 5693074.0 2113.4285 
2940000 9093 355.72 377078.0 44.913 3.4236 3031 5711857.0 1914.4858 
2950000 9120 359.837 378319.0 45.487 3.4668 3040 5729610.0 2021.5273 
2960000 9144 371.173 379619.0 47.414 3.5772 3048 5748276.0 2088.0563 
2970000 9171 374.901 380856.0 47.375 3.6148 3057 5767399.0 2186.2822 
2980000 9200 367.167 382210.0 48.13 3.5404 3066 5787930.0 2176.7661 
2990000 9226 372.104 383483.0 48.571 3.5891 3075 5805544.0 2007.4139 
3000000 9253 373.306 384754.0 48.346 3.6003 3084 5822117.0 1893.8252 
3010000 9278 376.37 385952.0 48.217 3.6304 3092 5841662.0 2140.5771 
3020000 9303 390.36 387133.0 47.568 3.7649 3101 5859237.0 2173.6535 
3030000 9329 388.728 388378.0 47.939 3.7502 3109 5880831.0 2288.1984 
3040000 9354 379.887 389670.0 47.172 3.6641 3118 5900716.0 2236.8413 
3050000 9382 382.693 390925.0 48.525 3.6929 3127 5918668.0 2102.1818 
3060000 9411 357.738 392295.0 46.027 3.4515 3137 5938329.0 1981.8573 
3070000 9439 368.188 393540.0 47.13 3.5525 3146 5955971.0 2015.9068 
3080000 9466 368.877 394800.0 47.48 3.5586 3155 5973074.0 1927.7094 
3090000 9493 371.282 396054.0 47.22 3.5825 3164 5990347.0 1936.5496 
3100000 9516 389.321 397215.0 46.724 3.7558 3172 6008994.0 2184.223 
3110000 9534 436.899 398266.0 49.377 4.2147 3178 6023376.0 2266.3743 
3120000 9560 425.838 399405.0 49.056 4.1081 3186 6040980.0 2140.0179 
3130000 9588 390.698 400759.0 47.367 3.7681 3196 6061662.0 2159.166 
3140000 9613 395.594 401974.0 49.317 3.8055 3204 6081527.0 2278.0781 
3150000 9642 377.39 403238.0 46.888 3.6265 3214 6101358.0 2250.8141 
3160000 9668 382.853 404504.0 47.902 3.6839 3222 6118012.0 2031.1264 
3170000 9696 367.943 405849.0 47.068 3.5432 3232 6137234.0 2051.2383 
3180000 9724 369.976 407241.0 49.339 3.5647 3241 6159596.0 2188.918 
3190000 9751 370.781 408505.0 48.645 3.5727 3250 6180879.0 2292.405 
3200000 9777 370.042 409747.0 46.674 3.5668 3259 6199263.0 2127.2506 
3210000 9801 389.725 410799.0 46.953 3.7564 3267 6214679.0 2128.7138 
3220000 9825 393.239 412032.0 46.906 3.7908 3275 6235465.0 2235.3263 
3230000 9845 426.157 412960.0 47.527 4.1033 3281 6248065.0 2133.7228 
3240000 9873 394.283 414341.0 47.341 3.7923 3291 6269007.0 2127.8267 
3250000 9900 378.152 415653.0 46.789 3.6333 3300 6288210.0 2093.8982 
3260000 9921 416.858 416598.0 47.436 4.0081 3307 6303119.0 2214.3297 
3270000 9945 413.157 417863.0 48.331 3.9763 3315 6321765.0 2238.3648 
3280000 9964 451.099 418821.0 50.185 4.3445 3321 6334996.0 2199.615 
3290000 9985 461.846 419811.0 49.624 4.4442 3328 6352145.0 2243.8302 
3300000 10008 449.28 420897.0 48.137 4.3192 3336 6367162.0 2172.2593 
3310000 10029 446.381 422045.0 48.28 4.2875 3343 6384491.0 2218.7423 
3320000 10045 498.777 422934.0 52.588 4.7935 3348 6397065.0 2278.3018 
3330000 10062 522.418 423897.0 52.163 5.0264 3354 6409928.0 2289.3528 
3340000 10083 506.312 425005.0 52.684 4.8759 3361 6426407.0 2387.9412 
3350000 10107 477.078 426030.0 49.853 4.5978 3369 6442033.0 2216.67 
3360000 10128 481.464 427221.0 51.911 4.6413 3376 6460642.0 2492.415 
3370000 10157 416.552 428553.0 49.064 4.017 3385 6482853.0 2383.9968 
3380000 10183 407.214 429785.0 48.793 3.9274 3394 6501197.0 2299.3246 
3390000 10207 406.866 431091.0 50.925 3.9236 3402 6522303.0 2345.8742 
3400000 10232 401.425 432245.0 49.388 3.8707 3410 6541208.0 2370.529 
3410000 10257 408.146 433392.0 48.116 3.9352 3419 6560263.0 2346.8381 
3420000 10279 424.947 434545.0 49.504 4.0968 3426 6575431.0 2119.3349 
3430000 10305 396.65 435854.0 47.652 3.8244 3435 6596895.0 2118.7987 
3440000 10331 398.377 437062.0 48.78 3.8359 3443 6616129.0 2325.8503 
3450000 10359 379.161 438445.0 48.087 3.6458 3453 6637061.0 2241.8035 
3460000 10386 376.643 439697.0 47.547 3.6189 3462 6656714.0 2264.6506 
3470000 10411 386.355 440878.0 47.884 3.7096 3470 6675019.0 2269.0985 
3480000 10433 401.904 442069.0 48.718 3.8589 3477 6693697.0 2335.3769 
3490000 10458 406.472 443244.0 48.56 3.9107 3486 6712372.0 2291.2794 
3500000 10488 366.792 444513.0 45.152 3.532 3496 6731452.0 1931.2202 
3510000 10512 377.138 445794.0 46.318 3.6306 3504 6749148.0 1991.2802 
3520000 10538 387.212 447033.0 48.37 3.722 3512 6768172.0 2272.0052 
3530000 10564 388.644 448312.0 48.922 3.7413 3521 6788486.0 2382.8094 
3540000 10589 391.82 449563.0 49.129 3.7742 3529 6808371.0 2216.3821 
3550000 10616 378.944 450842.0 47.881 3.6499 3538 6831024.0 2488.6899 
3560000 10646 357.369 452126.0 45.799 3.4371 3548 6850614.0 2082.7427 
3570000 10669 389.913 453279.0 47.725 3.747 3556 6867791.0 2124.1039 
3580000 10692 407.339 454321.0 46.914 3.913 3564 6882278.0 2099.7499 
3590000 10716 403.09 455558.0 47.344 3.8735 3572 6901584.0 2158.213 
3600000 10740 413.119 456794.0 49.838 3.9761 3580 6922340.0 2453.2882 
3610000 10765 406.228 458031.0 49.835 3.9136 3588 6942305.0 2350.2379 
3620000 10788 412.435 459182.0 48.747 3.9744 3596 6959062.0 2288.3566 
3630000 10814 401.628 460345.0 47.799 3.8713 3604 6975766.0 2089.9131 
3640000 10839 397.831 461533.0 46.767 3.8352 3613 6991171.0 1953.6878 
3650000 10867 382.489 462838.0 47.472 3.688 3622 7009913.0 1999.0367 
3660000 10888 407.706 463849.0 47.671 3.9312 3629 7024882.0 2006.7678 
3670000 10914 398.519 465166.0 47.493 3.8433 3638 7044306.0 2126.3253 
3680000 10942 382.949 466471.0 48.003 3.693 3647 7063578.0 2121.2475 
3690000 10971 366.308 467718.0 46.046 3.5331 3657 7082139.0 2053.6773 
3700000 10995 382.163 468878.0 46.663 3.6788 3665 7098135.0 2041.621 
3710000 11016 405.865 470156.0 49.717 3.9029 3672 7116774.0 2206.304 
3720000 11043 394.05 471378.0 48.37 3.7889 3681 7133757.0 2066.4026 
3730000 11062 428.852 472629.0 53.049 4.1285 3687 7152928.0 2318.9311 
3740000 11086 435.008 473818.0 53.695 4.1917 3695 7169484.0 2293.2979 
3750000 11119 373.413 475269.0 49.476 3.6012 3706 7189801.0 2014.754 
3760000 11145 370.666 476488.0 47.18 3.5759 3715 7208305.0 2064.9323 
3770000 11174 360.84 477825.0 47.584 3.4849 3724 7228766.0 2133.8337 
3780000 11200 369.627 479086.0 48.091 3.5689 3733 7247190.0 2077.7067 
3790000 11227 371.142 480276.0 46.775 3.5818 3742 7263683.0 1909.6106 
3800000 11258 347.116 481646.0 45.708 3.3532 3752 7284082.0 1987.4906 
3810000 11283 364.195 482880.0 46.165 3.5098 3761 7303287.0 2139.9753 
3820000 11308 375.759 484137.0 48.079 3.6149 3769 7323342.0 2270.7167 
3830000 11333 382.752 485292.0 47.575 3.678 3777 7338937.0 2152.0051 
3840000 11352 418.376 486329.0 47.632 4.0179 3784 7353378.0 2020.8828 
3850000 11379 403.485 487545.0 47.084 3.8735 3793 7370571.0 1990.6983 
3860000 11404 411.483 488746.0 49.161 3.9497 3801 7389116.0 2170.5145 
3870000 11432 386.626 489971.0 47.097 3.711 3810 7407118.0 1994.07 
3880000 11455 404.168 491118.0 48.438 3.8794 3818 7424965.0 2094.4212 
3890000 11476 431.642 492159.0 49.061 4.1429 3825 7440684.0 2212.1524 
3900000 11503 404.006 493406.0 46.893 3.8806 3834 7458797.0 2163.0313 
3910000 11529 397.857 494589.0 46.938 3.8204 3843 7476491.0 2124.2257 
3920000 11552 412.118 495683.0 47.165 3.9563 3850 7492908.0 2169.4943 
3930000 11575 416.362 496835.0 48.293 3.9959 3858 7508235.0 1983.0713 
3940000 11598 423.246 498104.0 49.787 4.0624 3866 7527402.0 2296.9803 
3950000 11626 393.056 499342.0 48.347 3.7729 3875 7546384.0 2053.3167 
3960000 11649 413.365 500482.0 49.277 3.968 3883 7563571.0 2328.9234 
3970000 11671 423.705 501692.0 50.708 4.0667 3890 7581049.0 2295.8346 
3980000 11698 399.587 502899.0 48.078 3.8355 3899 7601162.0 2322.3714 
3990000 11724 386.689 504307.0 49.484 3.7116 3908 7619136.0 2111.8903 
4000000 11751 380.063 505576.0 48.847 3.6484 3917 7638129.0 2127.7731 
4010000 11775 387.517 506817.0 48.566 3.7193 3925 7659255.0 2326.005 
4020000 11793 434.974 507924.0 52.162 4.1745 3931 7676577.0 2493.3046 
4030000 11820 412.449 509267.0 52.171 3.9579 3940 7696800.0 2488.2377 
4040000 11846 399.458 510497.0 49.939 3.8335 3948 7713264.0 2183.6264 
4050000 11871 383.847 511792.0 48.143 3.6841 3957 7734019.0 2155.7766 
4060000 11899 384.381 513055.0 49.096 3.69 3966 7754331.0 2270.9724 
4070000 11928 359.74 514343.0 45.584 3.4532 3976 7773592.0 1974.6355 
4080000 11954 370.455 515536.0 46.481 3.5559 3984 7793276.0 2231.9064 
4090000 11976 391.25 516795.0 48.238 3.7544 3992 7810774.0 2169.4284 
4100000 11998 423.123 517814.0 49.719 4.0608 3999 7826932.0 2253.8543 
4110000 12022 413.068 518989.0 49.009 3.9646 4007 7845888.0 2294.6749 
4120000 12045 412.22 520140.0 47.841 3.957 4015 7863045.0 2260.5695 
4130000 12074 383.691 521387.0 47.411 3.6828 4024 7880476.0 2007.2676 
4140000 12099 387.943 522526.0 46.27 3.7237 4033 7896291.0 1973.9268 
4150000 12122 401.717 523764.0 49.585 3.857 4040 7916488.0 2225.3454 
4160000 12147 398.34 524953.0 47.819 3.824 4049 7933823.0 2193.4555 
4170000 12170 411.936 526071.0 48.893 3.9544 4056 7950060.0 2121.3302 
4180000 12198 384.317 527337.0 45.92 3.6904 4066 7967322.0 1967.612 
4190000 12222 399.055 528442.0 46.332 3.8315 4074 7982598.0 1979.5437 
4200000 12244 420.874 529552.0 48.957 4.0461 4081 7998516.0 2055.8114 
4210000 12261 469.367 530406.0 47.503 4.5177 4087 8011099.0 2052.6321 
4220000 12280 494.196 531426.0 51.247 4.7613 4093 8027240.0 2313.7829 
4230000 12300 486.831 532416.0 48.787 4.692 4100 8041200.0 2237.4084 
4240000 12327 446.394 533664.0 49.239 4.3045 4109 8058603.0 2156.0767 
4250000 12351 422.191 534899.0 47.745 4.0719 4117 8077709.0 2153.3849 
4260000 12377 413.649 536028.0 47.536 3.9905 4125 8093703.0 2003.2117 
4270000 12398 434.005 537037.0 47.663 4.186 4132 8107942.0 2049.4766 
4280000 12417 457.333 538014.0 47.348 4.4113 4139 8121863.0 2023.0322 
4290000 12439 463.096 539063.0 48.908 4.4666 4146 8136011.0 1979.9004 
4300000 12465 428.857 540365.0 49.018 4.1376 4155 8155005.0 2160.4639 
4310000 12489 417.582 541579.0 48.305 4.0291 4163 8172631.0 2124.9579 
4320000 12509 451.003 542672.0 51.872 4.3448 4169 8188811.0 2328.811 
4330000 12531 442.93 543842.0 50.364 4.2606 4177 8206689.0 2211.8706 
4340000 12555 437.736 544952.0 49.6 4.2119 4185 8222985.0 2258.6892 
4350000 12577 436.702 546083.0 50.351 4.2066 4192 8240633.0 2228.2898 
4360000 12597 455.443 547224.0 50.817 4.3902 4199 8255453.0 2184.3182 
4370000 12615 494.197 548227.0 53.265 4.7649 4205 8272515.0 2622.194 
4380000 12640 460.772 549502.0 53.125 4.4439 4213 8292050.0 2542.9232 
4390000 12668 416.718 550820.0 50.566 4.0204 4222 8310012.0 2191.4288 
4400000 12694 396.93 552012.0 47.353 3.8304 4231 8328716.0 2178.7101 
4410000 12714 434.885 552955.0 48.373 4.1966 4238 8342336.0 2140.484 
4420000 12740 412.755 554179.0 47.328 3.9832 4246 8361650.0 2130.1122 
4430000 12765 403.729 555458.0 47.828 3.8967 4255 8382915.0 2367.9449 
4440000 12787 427.447 556516.0 49.117 4.1254 4262 8398043.0 2209.3026 
4450000 12810 425.356 557669.0 47.728 4.1041 4270 8413500.0 2022.2599 
4460000 12836 413.182 558864.0 48.683 3.9875 4278 8430714.0 2052.6266 
4470000 12861 404.172 560061.0 47.151 3.9 4287 8446879.0 1973.8501 
4480000 12882 433.011 561239.0 51.035 4.179 4294 8461548.0 2086.0521 
4490000 12907 416.636 562464.0 50.581 4.0205 4302 8479163.0 2014.5023 
4500000 12930 415.781 563631.0 48.958 4.0129 4310 8496320.0 2091.8634 
4510000 12954 416.025 564747.0 48.721 4.0143 4318 8514046.0 2130.5706 
4520000 12980 406.811 565982.0 49.062 3.9259 4326 8533030.0 2231.03 
4530000 13003 412.576 567077.0 47.328 3.9816 4334 8549097.0 2165.6979 
4540000 13023 438.5 568073.0 47.894 4.2236 4341 8563277.0 2101.8952 
4550000 13043 453.621 569043.0 49.098 4.3628 4347 8576327.0 2035.9639 
4560000 13062 469.706 570046.0 47.885 4.514 4354 8588968.0 1939.4329 
4570000 13084 476.517 571088.0 49.789 4.5761 4361 8604536.0 2095.7089 
4580000 13104 489.015 572130.0 50.701 4.6953 4368 8619636.0 2265.5863 
4590000 13128 460.117 573304.0 49.595 4.4235 4376 8635732.0 2115.2962 
4600000 13155 425.554 574507.0 47.954 4.0962 4385 8654235.0 2123.0641 
4610000 13176 431.097 575630.0 47.974 4.154 4392 8670724.0 2086.9729 
4620000 13199 438.997 576664.0 48.196 4.2383 4399 8685501.0 2117.947 
4630000 13223 422.168 577846.0 48.281 4.0742 4407 8702507.0 2135.8708 
4640000 13251 392.362 579191.0 46.828 3.7868 4417 8721879.0 2067.7271 
4650000 13276 400.598 580392.0 48.757 3.8654 4425 8738564.0 2024.3736 
4660000 13298 414.587 581416.0 47.811 4.0 4432 8753762.0 2071.0217 
4670000 13326 389.478 582659.0 45.89 3.7567 4442 8772834.0 2042.4849 
4680000 13347 414.516 583834.0 48.284 3.9983 4449 8789413.0 2189.2485 
4690000 13374 402.214 585001.0 47.625 3.8788 4458 8807036.0 2136.66 
4700000 13395 417.747 586280.0 49.803 4.0291 4465 8825485.0 2237.7183 
4710000 13419 418.098 587551.0 50.988 4.0316 4473 8844041.0 2286.7697 
4720000 13448 393.343 588829.0 49.129 3.7939 4482 8863032.0 2075.5818 
4730000 13471 410.752 589978.0 49.921 3.9577 4490 8879159.0 2108.0608 
4740000 13494 414.61 591082.0 48.355 3.9966 4498 8893356.0 1997.938 
4750000 13517 419.591 592194.0 48.789 4.0451 4505 8910143.0 2096.4701 
4760000 13542 414.565 593327.0 47.558 3.998 4514 8926568.0 2044.1505 
4770000 13567 404.203 594679.0 49.287 3.898 4522 8947433.0 2137.6126 
4780000 13591 412.89 595867.0 50.08 3.9759 4530 8964569.0 2142.6852 
4790000 13614 417.281 597028.0 49.675 4.0125 4538 8980196.0 2127.2079 
4800000 13639 412.22 598268.0 50.344 3.961 4546 8996931.0 2018.2775 
4810000 13664 408.887 599443.0 49.422 3.9299 4554 9015076.0 2018.8887 
4820000 13689 409.201 600682.0 49.849 3.9387 4563 9033051.0 2248.3018 
4830000 13707 436.496 601893.0 52.443 4.2028 4569 9051123.0 2476.0532 
4840000 13728 462.876 602943.0 53.287 4.4594 4576 9065722.0 2374.9709 
4850000 13755 425.372 604265.0 50.984 4.099 4585 9083675.0 2105.1005 
4860000 13780 416.805 605538.0 51.678 4.0183 4593 9103120.0 2194.9969 
4870000 13802 430.014 606739.0 52.743 4.1451 4600 9121308.0 2357.9772 
4880000 13828 415.172 608047.0 52.029 4.0032 4609 9139942.0 2175.2646 
4890000 13851 417.934 609182.0 49.83 4.0292 4617 9157739.0 2262.5805 
4900000 13871 454.097 610241.0 52.566 4.3697 4623 9175079.0 2446.3777 
4910000 13897 416.673 611518.0 50.699 4.0056 4632 9192503.0 2118.2604 
4920000 13920 426.8 612543.0 48.571 4.1003 4640 9206220.0 2043.2118 
4930000 13943 425.137 613843.0 51.318 4.0865 4647 9224827.0 2188.1192 
4940000 13964 447.699 614797.0 49.544 4.3098 4654 9240196.0 2152.9029 
4950000 13987 435.532 615895.0 48.737 4.1954 4662 9257023.0 2124.8784 
4960000 14013 413.203 617107.0 46.66 3.9823 4671 9275587.0 2125.9901 
4970000 14040 392.789 618368.0 46.161 3.7862 4680 9293390.0 2046.3253 
4980000 14060 425.955 619446.0 50.116 4.1072 4686 9308380.0 2212.1445 
4990000 14082 443.541 620615.0 51.302 4.2773 4694 9326058.0 2428.561 
5000000 14102 463.68 621596.0 50.794 4.4721 4700 9341568.0 2294.4098 
5010000 14125 454.754 622745.0 50.768 4.3862 4708 9361175.0 2368.2292 
5020000 14143 478.472 623631.0 50.613 4.6173 4714 9376417.0 2447.9833 
5030000 14165 479.39 624617.0 48.744 4.6253 4721 9389765.0 2112.7064 
5040000 14183 487.267 625511.0 47.104 4.7011 4727 9401327.0 2050.0468 
5050000 14208 457.408 626718.0 47.614 4.4138 4736 9420132.0 2211.2126 
5060000 14235 418.282 627987.0 47.231 4.0367 4745 9442185.0 2297.7288 
5070000 14265 381.916 629254.0 45.393 3.6842 4755 9460235.0 2049.7644 
5080000 14288 401.89 630405.0 47.323 3.8769 4762 9477312.0 2081.1087 
5090000 14313 397.823 631691.0 48.429 3.8378 4771 9493847.0 1998.4135 
5100000 14336 410.521 632885.0 49.751 3.9606 4778 9512114.0 2230.1893 
5110000 14360 410.557 634075.0 49.618 3.9608 4786 9529490.0 2113.5168 
5120000 14379 452.567 635171.0 52.39 4.3662 4793 9544931.0 2359.0552 
5130000 14400 456.684 636302.0 52.245 4.4051 4800 9560900.0 2289.3819 
5140000 14421 459.81 637369.0 50.734 4.4349 4807 9576449.0 2219.1243 
5150000 14448 424.375 638600.0 49.199 4.0937 4816 9595462.0 2182.4711 
5160000 14468 443.297 639635.0 49.578 4.2761 4822 9612152.0 2226.7849 
5170000 14490 442.927 640878.0 50.662 4.275 4830 9630960.0 2423.6921 
5180000 14513 439.697 641965.0 50.648 4.2432 4837 9648087.0 2357.4742 
5190000 14535 449.05 643167.0 51.29 4.3323 4845 9665875.0 2427.4678 
5200000 14554 479.208 644135.0 52.148 4.6226 4851 9679676.0 2294.9359 
5210000 14574 490.663 645314.0 54.158 4.7307 4858 9697356.0 2526.281 
5220000 14595 487.381 646297.0 52.157 4.6988 4865 9711665.0 2334.5482 
5230000 14616 474.111 647613.0 53.89 4.5717 4872 9732404.0 2468.7332 
5240000 14637 473.555 648737.0 53.282 4.5665 4879 9747863.0 2298.825 
5250000 14664 434.806 650045.0 52.421 4.1855 4888 9766626.0 2215.6209 
5260000 14688 406.74 651305.0 49.526 3.9153 4896 9784932.0 2035.6887 
5270000 14709 432.773 652333.0 49.451 4.1704 4903 9800071.0 2172.9138 
5280000 14730 449.632 653318.0 48.812 4.3345 4910 9814210.0 2056.3804 
5290000 14752 455.847 654495.0 51.595 4.3951 4917 9833978.0 2474.0153 
5300000 14774 437.475 655750.0 51.773 4.2171 4924 9851326.0 2249.7859 
5310000 14799 423.871 657044.0 50.839 4.0791 4933 9869931.0 2236.3728 
5320000 14825 419.819 658124.0 49.131 4.0345 4941 9888125.0 2146.3135 
5330000 14848 422.614 659380.0 50.659 4.0598 4949 9907912.0 2321.9018 
5340000 14866 463.708 660436.0 53.289 4.4518 4955 9924094.0 2574.3915 
5350000 14890 440.115 661673.0 52.216 4.2298 4963 9941800.0 2368.8838 
5360000 14916 417.011 662897.0 49.711 4.0134 4972 9960904.0 2233.6568 
5370000 14933 461.037 663999.0 54.356 4.4411 4977 9977267.0 2343.1817 
5380000 14956 456.327 665129.0 51.888 4.398 4985 9995044.0 2487.2659 
5390000 14979 439.846 666461.0 53.04 4.2409 4993 10015291.0 2537.3142 
5400000 15000 467.275 667554.0 54.601 4.5057 5000 10031720.0 2589.0884 
5410000 15032 391.123 668909.0 48.251 3.7733 5010 10054518.0 2318.0333 
5420000 15055 404.035 670030.0 47.909 3.8979 5018 10070105.0 2000.2957 
5430000 15079 411.828 671206.0 49.351 3.9733 5026 10086671.0 1977.5539 
5440000 15103 412.183 672507.0 50.903 3.9772 5034 10106367.0 2305.285 
5450000 15122 447.759 673626.0 53.491 4.3201 5040 10121718.0 2427.6361 
5460000 15146 434.916 674795.0 51.6 4.1964 5048 10140844.0 2252.2486 
5470000 15169 431.595 676111.0 53.478 4.1629 5056 10161581.0 2495.2455 
5480000 15195 409.99 677356.0 50.28 3.9521 5065 10180455.0 2299.4251 
5490000 15217 417.463 678624.0 51.631 4.018 5072 10197133.0 2301.1516 
5500000 15236 449.317 679712.0 55.194 4.3201 5078 10211734.0 2327.5372 
5510000 15258 455.644 680866.0 52.314 4.3773 5086 10227912.0 2176.6106 
5520000 15278 465.535 681758.0 51.635 4.4707 5092 10240432.0 2100.1536 
5530000 15302 457.829 683010.0 51.649 4.3946 5100 10258438.0 2229.3832 
5540000 15322 462.943 684053.0 51.465 4.4444 5107 10273098.0 2103.4756 
5550000 15342 452.294 685148.0 48.923 4.3479 5114 10287848.0 1985.4887 
5560000 15361 502.005 686193.0 53.96 4.8317 5120 10303249.0 2400.665 
5570000 15380 512.736 687266.0 55.31 4.9378 5126 10318990.0 2473.9827 
5580000 15398 518.567 688491.0 58.458 4.9968 5132 10336712.0 2670.0957 
5590000 15419 513.47 689639.0 58.386 4.9503 5139 10354461.0 2662.3819 
5600000 15439 511.656 690704.0 56.778 4.9334 5146 10369571.0 2404.2724 
5610000 15465 459.169 691859.0 51.955 4.4276 5155 10385585.0 2180.3794 
5620000 15492 419.507 693141.0 49.14 4.0452 5164 10406428.0 2195.2535 
5630000 15510 458.549 694143.0 50.589 4.421 5170 10422740.0 2341.6259 
5640000 15534 437.105 695328.0 48.944 4.215 5178 10439176.0 2171.0417 
5650000 15552 466.008 696383.0 51.272 4.4936 5184 10458888.0 2681.1693 
5660000 15579 429.647 697602.0 49.314 4.1437 5193 10476631.0 2277.496 
5670000 15599 443.113 698773.0 52.63 4.2731 5199 10493241.0 2393.5668 
5680000 15619 474.691 699999.0 56.546 4.5776 5206 10511791.0 2651.3914 
5690000 15638 490.56 701110.0 57.245 4.7302 5212 10529692.0 2812.6002 
5700000 15657 494.158 702102.0 54.246 4.7647 5219 10545433.0 2545.8475 
5710000 15684 447.067 703338.0 51.802 4.3112 5228 10564446.0 2349.7723 
5720000 15706 438.475 704590.0 51.794 4.2285 5235 10584014.0 2420.1019 
5730000 15731 427.941 705822.0 51.692 4.1269 5243 10600949.0 2277.9154 
5740000 15759 395.897 707159.0 48.98 3.8176 5253 10622101.0 2162.5911 
5750000 15780 421.374 708147.0 48.844 4.0634 5260 10637040.0 2213.2437 
5760000 15806 411.739 709372.0 48.365 3.972 5268 10656884.0 2259.6131 
5770000 15830 414.489 710475.0 47.715 4.0002 5276 10672720.0 2129.7446 
5780000 15855 412.168 711614.0 46.91 3.9769 5285 10688565.0 2058.9543 
5790000 15881 400.324 713021.0 49.883 3.8613 5293 10707159.0 2078.4626 
5800000 15910 371.982 714304.0 46.757 3.5881 5303 10726470.0 2063.5639 
5810000 15936 370.938 715654.0 47.177 3.5772 5312 10746094.0 2021.9362 
5820000 15963 368.613 716958.0 47.317 3.553 5321 10765497.0 2067.2578 
5830000 15981 419.41 718061.0 50.685 4.0354 5327 10781659.0 2276.9195 
5840000 16008 401.579 719178.0 47.81 3.86 5336 10796102.0 1962.2412 
5850000 16024 464.06 720208.0 52.756 4.4572 5341 10812526.0 2281.271 
5860000 16044 469.56 721343.0 52.649 4.5083 5348 10831856.0 2686.2971 
5870000 16068 454.111 722327.0 49.595 4.3585 5356 10846992.0 2341.1993 
5880000 16091 433.651 723518.0 48.147 4.162 5363 10864039.0 2076.9841 
5890000 16113 448.0 724629.0 50.437 4.2988 5371 10878957.0 2148.9558 
5900000 16131 466.148 725904.0 54.113 4.4734 5377 10899429.0 2586.0607 
5910000 16153 466.292 727014.0 54.522 4.4748 5384 10915657.0 2475.4577 
5920000 16174 478.336 728172.0 55.775 4.5905 5391 10932476.0 2428.0287 
5930000 16195 484.424 729304.0 55.939 4.6484 5398 10948725.0 2496.887 
5940000 16216 480.226 730486.0 56.052 4.6088 5405 10966114.0 2497.1392 
5950000 16241 442.874 731670.0 52.306 4.2511 5413 10982749.0 2238.7695 
5960000 16258 479.31 732741.0 54.85 4.5997 5419 10997962.0 2357.5985 
5970000 16280 482.215 733865.0 54.816 4.6269 5426 11014470.0 2400.8402 
5980000 16300 484.257 735006.0 55.26 4.6478 5433 11031030.0 2371.7102 
5990000 16325 444.738 736240.0 51.975 4.2685 5441 11048815.0 2291.938 
6000000 16356 390.28 737569.0 47.662 3.7465 5452 11069454.0 2072.049 
6010000 16380 389.731 738789.0 47.273 3.7408 5460 11087380.0 2050.3846 
6020000 16404 398.817 739907.0 46.989 3.8282 5468 11102836.0 2018.6431 
6030000 16427 420.407 741116.0 50.951 4.0348 5475 11119653.0 2225.4006 
6040000 16449 432.352 742300.0 51.842 4.1493 5483 11136381.0 2327.2571 
6050000 16473 430.586 743574.0 52.926 4.1326 5491 11154757.0 2404.6866 
6060000 16489 480.55 744428.0 52.604 4.6117 5496 11167681.0 2361.5703 
6070000 16508 495.236 745443.0 53.353 4.7521 5502 11182842.0 2325.997 
6080000 16530 457.079 746526.0 49.427 4.3922 5510 11197980.0 2112.1176 
6090000 16549 498.809 747588.0 53.897 4.7985 5516 11212581.0 2316.1524 
6100000 16574 455.311 748676.0 50.151 4.3842 5524 11227956.0 2004.8551 
6110000 16596 460.741 749966.0 53.302 4.4394 5532 11246334.0 2420.8169 
6120000 16618 456.09 751330.0 55.682 4.3969 5539 11265152.0 2465.282 
6130000 16641 450.489 752425.0 52.98 4.3425 5547 11281249.0 2309.0011 
6140000 16663 450.758 753525.0 51.996 4.3505 5554 11295867.0 2135.7806 
6150000 16685 448.011 754833.0 54.49 4.3159 5561 11313895.0 2279.6351 
6160000 16707 451.389 755877.0 51.474 4.3506 5569 11328083.0 2094.3609 
6170000 16727 468.399 757091.0 54.631 4.5156 5575 11345383.0 2371.7359 
6180000 16746 479.642 758098.0 52.384 4.625 5582 11361084.0 2234.5498 
6190000 16768 475.186 759168.0 52.967 4.5759 5589 11375552.0 2206.6447 
6200000 16790 473.522 760193.0 50.793 4.5538 5596 11389850.0 2114.1121 
6210000 16809 487.22 761295.0 52.127 4.6814 5603 11404521.0 2184.291 
6220000 16829 486.91 762390.0 53.173 4.6763 5609 11419761.0 2253.2171 
6230000 16851 479.657 763634.0 54.292 4.6051 5617 11435649.0 2197.5429 
6240000 16875 443.197 764904.0 51.493 4.262 5625 11455265.0 2223.1315 
6250000 16897 455.594 765958.0 52.02 4.3856 5632 11469723.0 2076.3626 
6260000 16921 444.179 767220.0 52.52 4.2791 5640 11489689.0 2297.4264 
6270000 16942 455.261 768262.0 51.741 4.3871 5647 11506628.0 2383.4367 
6280000 16965 444.721 769532.0 51.48 4.298 5655 11525135.0 2389.1838 
6290000 16985 463.059 770485.0 51.892 4.4627 5661 11538675.0 2333.634 
6300000 17011 439.841 771766.0 51.284 4.2328 5670 11558399.0 2222.2077 
6310000 17037 414.477 772960.0 48.513 3.9844 5679 11575753.0 2142.4388 
6320000 17058 438.969 774114.0 51.123 4.2172 5686 11591752.0 2267.7926 
6330000 17081 438.609 775434.0 53.65 4.2113 5693 11611319.0 2461.9729 
6340000 17100 437.45 776471.0 51.549 4.1993 5700 11626000.0 2302.712 
6350000 17122 468.885 777597.0 53.689 4.5003 5707 11642128.0 2326.803 
6360000 17142 480.759 778539.0 51.036 4.6221 5714 11655528.0 2214.5556 
6370000 17159 518.842 779546.0 54.209 4.9918 5719 11671651.0 2274.6331 
6380000 17184 456.09 780780.0 49.814 4.3913 5728 11688316.0 2061.3738 
6390000 17206 464.661 781843.0 51.367 4.4746 5735 11703214.0 2091.5324 
6400000 17229 449.865 782923.0 49.032 4.3274 5743 11717821.0 2021.9969 
6410000 17251 437.982 784079.0 51.215 4.2084 5750 11736039.0 2204.2779 
6420000 17268 490.133 784983.0 49.741 4.7065 5756 11748292.0 2177.4194 
6430000 17287 508.569 786058.0 53.506 4.8812 5762 11763563.0 2236.0782 
6440000 17307 494.352 787201.0 52.484 4.7439 5769 11779953.0 2280.8904 
6450000 17331 464.75 788381.0 51.101 4.4596 5777 11796759.0 2229.6192 
6460000 17352 466.69 789400.0 50.282 4.4778 5784 11812288.0 2232.3264 
6470000 17372 472.857 790525.0 53.318 4.5359 5790 11828778.0 2453.0858 
6480000 17391 485.39 791722.0 54.663 4.6563 5797 11844429.0 2373.2023 
6490000 17413 485.295 792925.0 56.968 4.6544 5804 11861287.0 2327.0678 
6500000 17438 453.847 794093.0 53.486 4.3561 5812 11878572.0 2234.8425 
6510000 17459 465.03 795144.0 52.363 4.4703 5819 11893501.0 2152.0134 
6520000 17484 434.208 796444.0 50.366 4.1796 5828 11912296.0 2203.733 
6530000 17508 424.572 797733.0 51.073 4.0899 5836 11931602.0 2308.7086 
6540000 17532 419.376 798956.0 50.325 4.0423 5844 11949048.0 2215.7153 
6550000 17559 407.459 800121.0 49.064 3.9238 5853 11965941.0 2151.5077 
6560000 17583 402.323 801382.0 48.384 3.8691 5861 11983907.0 2060.2146 
6570000 17608 404.646 802569.0 49.584 3.8869 5869 12000672.0 2047.7172 
6580000 17629 433.031 803565.0 49.18 4.1574 5876 12014341.0 2066.1669 
6590000 17649 443.04 804672.0 49.121 4.2515 5883 12033081.0 2287.2188 
6600000 17673 430.814 805747.0 48.162 4.134 5891 12047477.0 2143.4548 
6610000 17691 472.72 806728.0 50.809 4.536 5897 12060719.0 2243.846 
6620000 17715 445.781 807919.0 49.187 4.2849 5905 12076625.0 2041.2784 
6630000 17735 466.343 809111.0 53.333 4.4874 5911 12093815.0 2324.1689 
6640000 17757 456.449 810376.0 53.383 4.3953 5919 12112043.0 2352.4861 
6650000 17781 439.804 811510.0 51.174 4.2365 5927 12127369.0 2137.6281 
6660000 17802 451.125 812469.0 49.768 4.3464 5934 12140748.0 2075.6122 
6670000 17826 441.532 813656.0 49.741 4.2538 5942 12157124.0 2086.9861 
6680000 17850 429.834 814912.0 49.642 4.142 5950 12173930.0 2050.0183 
6690000 17873 431.663 816034.0 50.055 4.1589 5957 12190337.0 2004.0463 
6700000 17897 428.639 817182.0 49.28 4.1231 5965 12207563.0 2182.3284 
6710000 17918 438.592 818228.0 49.419 4.2135 5972 12222762.0 2119.9909 
6720000 17945 411.647 819496.0 48.673 3.9521 5981 12240995.0 2044.5539 
6730000 17969 418.253 820674.0 48.908 4.0125 5989 12259571.0 2249.9938 
6740000 17988 448.022 821793.0 50.369 4.2981 5996 12275862.0 2352.5625 
6750000 18012 432.238 823145.0 52.337 4.1464 6004 12295298.0 2459.0624 
6760000 18034 442.367 824311.0 54.06 4.2433 6011 12312486.0 2417.6444 
6770000 18060 427.912 825443.0 50.578 4.1072 6020 12328740.0 2212.6174 
6780000 18085 415.659 826735.0 51.138 3.9896 6028 12347825.0 2138.8246 
6790000 18112 400.718 828010.0 49.933 3.8446 6037 12365318.0 2057.4203 
6800000 18137 395.53 829301.0 50.472 3.7959 6045 12382413.0 2082.5391 
6810000 18160 414.011 830444.0 50.41 3.9715 6053 12399010.0 2120.2231 
6820000 18183 419.685 831531.0 48.715 4.0258 6061 12414597.0 2122.6836 
6830000 18208 415.549 832748.0 49.531 3.9886 6069 12431942.0 1956.4309 
6840000 18234 396.48 833926.0 45.86 3.8125 6078 12450066.0 2020.5497 
6850000 18256 429.488 835104.0 50.947 4.1341 6085 12467174.0 2323.2085 
6860000 18276 454.491 836141.0 51.643 4.3774 6092 12482964.0 2472.9738 
6870000 18296 463.716 837311.0 53.685 4.4673 6098 12501224.0 2558.0824 
6880000 18317 466.97 838471.0 54.311 4.5008 6105 12517363.0 2254.0688 
6890000 18341 453.192 839701.0 53.342 4.3686 6113 12534639.0 2321.443 
6900000 18361 472.653 840964.0 57.03 4.5561 6120 12552629.0 2449.729 
6910000 18380 487.863 842013.0 56.173 4.702 6126 12566800.0 2378.0329 
6920000 18406 446.299 843297.0 53.445 4.3051 6135 12584414.0 2147.4124 
6930000 18430 431.274 844473.0 50.833 4.1512 6143 12602780.0 2201.7073 
6940000 18455 421.562 845632.0 50.044 4.0523 6151 12619785.0 2048.4825 
6950000 18480 411.516 846891.0 49.091 3.9517 6160 12641120.0 2362.4573 
6960000 18500 440.555 848007.0 52.508 4.2323 6166 12658310.0 2439.6348 
6970000 18523 437.148 849134.0 50.279 4.198 6174 12675127.0 2324.5297 
6980000 18549 411.987 850434.0 49.126 3.9613 6183 12694451.0 2209.0994 
6990000 18576 400.684 851646.0 48.41 3.8568 6192 12710784.0 2089.1518 
7000000 18600 404.53 852724.0 46.998 3.8967 6200 12728170.0 2100.6863 
7010000 18623 409.191 854046.0 50.131 3.943 6207 12750267.0 2454.2744 
7020000 18646 408.301 855391.0 51.198 3.9359 6215 12771024.0 2452.5432 
7030000 18668 429.779 856534.0 52.895 4.1433 6222 12787072.0 2354.1848 
7040000 18691 428.933 857751.0 51.87 4.1354 6230 12803459.0 2200.4216 
7050000 18713 442.97 858814.0 51.411 4.2731 6237 12817207.0 2067.6806 
7060000 18735 440.009 859957.0 49.71 4.2358 6245 12833375.0 2068.9007 
7070000 18761 420.661 861180.0 50.08 4.043 6253 12849689.0 2050.1827 
7080000 18783 429.805 862283.0 48.845 4.1281 6261 12865617.0 2041.5099 
7090000 18807 419.586 863463.0 48.424 4.0272 6269 12881413.0 2026.0357 
7100000 18831 424.742 864718.0 50.866 4.076 6277 12900509.0 2346.5366 
7110000 18855 416.101 865910.0 49.351 3.9933 6285 12918415.0 2249.8988 
7120000 18876 439.948 866928.0 49.448 4.229 6292 12934294.0 2297.8824 
7130000 18899 439.576 868043.0 49.804 4.2291 6299 12954681.0 2408.1915 
7140000 18923 429.285 869311.0 50.751 4.1326 6307 12974607.0 2473.3425 
7150000 18950 402.469 870543.0 48.3 3.8701 6316 12993770.0 2254.2461 
7160000 18976 391.766 871796.0 47.82 3.7634 6325 13015984.0 2425.0442 
7170000 18997 413.166 872859.0 49.142 3.9664 6332 13031123.0 2258.8866 
7180000 19018 449.309 873939.0 50.639 4.3207 6339 13048312.0 2326.9426 
7190000 19041 438.481 875154.0 50.128 4.2199 6347 13066189.0 2294.0547 
7200000 19065 427.339 876431.0 50.582 4.1154 6355 13085925.0 2319.4473 
7210000 19095 384.785 877739.0 47.47 3.7063 6365 13105225.0 2106.5513 
7220000 19113 434.344 879052.0 54.149 4.1845 6371 13124257.0 2563.746 
7230000 19140 404.887 880329.0 51.095 3.9011 6380 13143490.0 2348.9521 
7240000 19161 431.421 881324.0 50.397 4.1571 6387 13161249.0 2372.3292 
7250000 19179 456.158 882582.0 54.319 4.3959 6393 13179531.0 2632.7373 
7260000 19203 445.54 883742.0 53.38 4.2937 6401 13197367.0 2469.467 
7270000 19230 402.389 885140.0 50.568 3.8779 6410 13218640.0 2183.5015 
7280000 19254 403.385 886289.0 49.027 3.9141 6418 13235076.0 2190.7094 
7290000 19272 447.216 887337.0 51.695 4.3281 6424 13252408.0 2443.7645 
7300000 19293 467.177 888407.0 53.63 4.5212 6431 13267657.0 2511.1701 
7310000 19309 507.896 889350.0 55.096 4.9087 6436 13280841.0 2398.8182 
7320000 19329 497.078 890470.0 54.174 4.8 6443 13297971.0 2445.385 
7330000 19353 457.654 891713.0 51.606 4.421 6451 13314707.0 2166.5005 
7340000 19378 437.553 892987.0 51.841 4.2261 6459 13333472.0 2193.9725 
7350000 19399 459.685 894300.0 57.335 4.436 6466 13351871.0 2508.7685 
7360000 19423 438.633 895566.0 54.875 4.2265 6474 13368697.0 2290.4483 
7370000 19440 482.936 896520.0 55.487 4.6451 6480 13382460.0 2379.4567 
7380000 19464 461.307 897774.0 54.67 4.4326 6488 13401846.0 2439.2821 
7390000 19488 440.476 898982.0 52.243 4.2292 6496 13421352.0 2432.9761 
7400000 19511 437.492 900222.0 53.088 4.2011 6503 13438579.0 2314.2653 
7410000 19536 418.318 901468.0 50.435 4.0231 6512 13456874.0 2201.3666 
7420000 19563 396.873 902653.0 48.286 3.8206 6521 13474067.0 2091.4167 
7430000 19587 399.856 903872.0 47.944 3.8553 6529 13492783.0 2198.0613 
7440000 19611 403.146 905272.0 51.243 3.8865 6537 13514189.0 2385.8076 
7450000 19635 407.016 906474.0 50.123 3.9157 6545 13532055.0 2306.0788 
7460000 19659 417.074 907552.0 49.393 4.0097 6553 13547911.0 2218.4271 
7470000 19678 442.118 908729.0 52.493 4.2533 6559 13566282.0 2456.0316 
7480000 19705 420.758 910022.0 52.068 4.0505 6568 13586755.0 2367.4852 
7490000 19727 433.243 911299.0 53.863 4.1723 6575 13606123.0 2470.6596 
7500000 19751 412.795 912530.0 51.97 3.976 6583 13624129.0 2285.2631 
7510000 19772 449.902 913737.0 55.164 4.3333 6590 13644088.0 2661.8705 
7520000 19795 437.761 914818.0 51.511 4.2175 6598 13659565.0 2291.0374 
7530000 19816 450.551 915986.0 52.909 4.3401 6605 13679294.0 2615.6601 
7540000 19842 420.831 917234.0 50.176 4.0519 6614 13697648.0 2257.4479 
7550000 19863 446.471 918289.0 51.129 4.2917 6621 13712807.0 2267.5263 
7560000 19887 429.977 919485.0 50.039 4.1298 6629 13730003.0 2207.8993 
7570000 19912 422.295 920833.0 52.527 4.0531 6637 13751388.0 2364.7375 
7580000 19935 418.718 922061.0 51.237 4.0181 6645 13770105.0 2366.9248 
7590000 19957 436.407 923152.0 51.412 4.1871 6652 13789093.0 2569.3692 
7600000 19979 432.092 924272.0 50.502 4.1451 6659 13806231.0 2501.3363 
7610000 20004 421.504 925549.0 49.599 4.0545 6668 13828946.0 2477.8184 
7620000 20029 419.364 926838.0 52.248 4.0381 6676 13846931.0 2358.7614 
7630000 20048 454.247 927875.0 53.606 4.375 6682 13860542.0 2344.3389 
7640000 20074 425.381 929111.0 51.12 4.0986 6691 13878046.0 2133.555 
7650000 20097 429.11 930148.0 49.041 4.1337 6699 13892143.0 2046.5851 
7660000 20114 474.433 931051.0 50.133 4.5715 6704 13904486.0 2058.3059 
7670000 20136 456.515 932274.0 49.915 4.399 6712 13923424.0 2165.6005 
7680000 20159 450.571 933326.0 49.34 4.3465 6719 13941321.0 2302.25 
7690000 20182 452.473 934556.0 51.699 4.3637 6727 13959528.0 2406.3059 
7700000 20202 469.742 935607.0 52.153 4.5299 6734 13975868.0 2507.9037 
7710000 20226 444.293 936777.0 50.32 4.2879 6742 13994374.0 2385.6504 
7720000 20248 450.273 937931.0 51.375 4.3447 6749 14011512.0 2228.5457 
7730000 20271 437.51 939058.0 48.547 4.2173 6757 14026879.0 2079.1045 
7740000 20295 431.979 940226.0 48.659 4.1552 6765 14043705.0 2122.3247 
7750000 20318 438.883 941481.0 52.225 4.2192 6772 14061062.0 2200.7038 
7760000 20344 410.292 942717.0 49.826 3.9402 6781 14077626.0 2063.8494 
7770000 20367 419.58 943985.0 51.798 4.0258 6789 14098403.0 2446.9284 
7780000 20393 399.277 945266.0 50.362 3.8298 6797 14116797.0 2198.6824 
7790000 20415 424.424 946289.0 49.142 4.0696 6805 14131115.0 2131.3071 
7800000 20432 463.235 947408.0 53.663 4.4427 6810 14146358.0 2299.5148 
7810000 20455 455.8 948643.0 53.625 4.377 6818 14165035.0 2351.2446 
7820000 20478 446.02 949885.0 53.319 4.2844 6826 14182592.0 2331.9965 
7830000 20502 430.126 951054.0 50.777 4.1281 6834 14199428.0 2212.3989 
7840000 20525 434.056 952167.0 51.219 4.1728 6841 14216925.0 2265.186 
7850000 20547 437.245 953363.0 51.619 4.205 6849 14234043.0 2291.4297 
7860000 20568 449.41 954581.0 53.289 4.3232 6856 14251842.0 2463.5679 
7870000 20586 488.989 955631.0 56.481 4.7053 6862 14267314.0 2677.7864 
7880000 20607 480.924 956745.0 54.727 4.6295 6869 14284943.0 2610.5787 
7890000 20628 476.381 957851.0 52.783 4.5862 6876 14301112.0 2364.7414 
7900000 20651 463.559 958928.0 51.779 4.4636 6883 14316519.0 2229.0514 
7910000 20676 440.326 960092.0 49.587 4.2399 6892 14331894.0 2059.0274 
7920000 20699 428.079 961398.0 50.187 4.1231 6899 14351601.0 2058.2589 
7930000 20720 450.225 962531.0 52.858 4.3362 6906 14369230.0 2496.933 
7940000 20741 451.315 963795.0 53.283 4.3473 6913 14389589.0 2452.4387 
7950000 20766 433.97 965050.0 52.168 4.1774 6922 14407344.0 2356.3596 
7960000 20789 432.041 966253.0 52.774 4.1524 6929 14423781.0 2361.8982 
7970000 20811 435.25 967434.0 51.472 4.1782 6937 14440899.0 2142.9631 
7980000 20834 437.426 968748.0 54.357 4.1969 6944 14458246.0 2256.3503 
7990000 20859 420.049 970036.0 52.862 4.0285 6953 14476141.0 2182.7846 
8000000 20881 436.299 971186.0 53.101 4.192 6960 14492469.0 2129.6635 
8010000 20901 451.37 972266.0 52.15 4.3408 6967 14508779.0 2311.3328 
8020000 20922 460.673 973346.0 51.774 4.4338 6974 14525118.0 2352.6896 
8030000 20941 487.129 974423.0 54.732 4.6896 6980 14540589.0 2404.2604 
8040000 20963 478.701 975488.0 52.958 4.6098 6987 14556427.0 2211.5627 
8050000 20989 434.946 976752.0 50.023 4.1882 6996 14576061.0 2308.2404 
8060000 21015 416.216 978074.0 51.101 4.012 7005 14595415.0 2303.2606 
8070000 21036 420.874 979232.0 50.068 4.0572 7012 14612304.0 2209.4802 
8080000 21058 448.211 980422.0 54.274 4.3194 7019 14634142.0 2470.1397 
8090000 21083 424.933 981614.0 51.947 4.0898 7027 14654167.0 2485.1367 
8100000 21107 428.699 982869.0 52.355 4.1271 7035 14671413.0 2366.1445 
8110000 21130 433.912 984165.0 54.393 4.1706 7043 14689630.0 2372.0393 
8120000 21155 420.528 985324.0 51.412 4.0385 7051 14706305.0 2225.2875 
8130000 21176 437.472 986457.0 52.301 4.1989 7058 14725624.0 2603.408 
8140000 21201 423.231 987746.0 51.788 4.0612 7067 14745839.0 2509.4098 
8150000 21222 438.821 988801.0 50.226 4.2091 7074 14761338.0 2305.6366 
8160000 21246 429.3 989942.0 49.364 4.1176 7082 14776384.0 2097.3485 
8170000 21267 442.964 991149.0 51.444 4.2535 7089 14794683.0 2342.7632 
8180000 21291 434.987 992362.0 51.7 4.1828 7097 14814479.0 2447.6248 
8190000 21313 429.398 993614.0 53.165 4.1349 7104 14836207.0 2574.4091 
8200000 21333 454.58 994779.0 52.82 4.3803 7111 14853287.0 2430.5335 
8210000 21358 439.028 995905.0 51.701 4.2288 7119 14868792.0 2212.3499 
8220000 21383 419.242 997138.0 49.86 4.039 7127 14886107.0 2144.6735 
8230000 21408 413.43 998318.0 49.286 3.9821 7136 14904102.0 2178.214 
8240000 21432 412.077 999506.0 48.433 3.9696 7144 14921088.0 2102.6493 
8250000 21453 431.54 1000519.0 48.46 4.1559 7151 14936527.0 2176.2219 
8260000 21473 450.66 1001625.0 50.808 4.3401 7157 14952197.0 2221.4889 
8270000 21498 426.91 1002906.0 49.51 4.1062 7166 14970402.0 2111.155 
8280000 21523 419.604 1004113.0 50.158 4.0301 7174 14987227.0 2035.3695 
8290000 21548 414.217 1005382.0 50.693 3.9752 7182 15007042.0 2306.3767 
8300000 21567 450.254 1006568.0 54.477 4.3185 7189 15025343.0 2611.6249 
8310000 21591 436.163 1007730.0 51.876 4.1811 7197 15042089.0 2321.6255 
8320000 21615 429.254 1008911.0 50.391 4.1268 7205 15059595.0 2232.5461 
8330000 21634 463.389 1010044.0 53.475 4.4626 7211 15077436.0 2501.5106 
8340000 21659 438.076 1011228.0 51.346 4.2174 7219 15095111.0 2258.0431 
8350000 21676 481.363 1012245.0 53.753 4.6326 7225 15112204.0 2537.8273 
8360000 21699 460.602 1013319.0 50.471 4.4283 7233 15129821.0 2483.3775 
8370000 21721 459.371 1014521.0 52.541 4.411 7240 15149489.0 2600.9215 
8380000 21744 438.682 1015704.0 50.045 4.2096 7248 15166356.0 2276.7978 
8390000 21772 416.949 1016977.0 50.395 3.998 7257 15187648.0 2237.9915 
8400000 21795 420.309 1018317.0 52.231 4.03 7265 15207025.0 2477.5776 
8410000 21820 414.074 1019580.0 52.422 3.9687 7273 15225880.0 2400.6353 
8420000 21846 399.255 1020892.0 50.513 3.8258 7282 15245304.0 2329.1811 
8430000 21867 428.633 1021912.0 50.16 4.1061 7289 15259683.0 2216.6832 
8440000 21892 415.745 1023104.0 49.381 3.9823 7297 15278448.0 2302.1363 
8450000 21916 417.04 1024267.0 49.226 3.9953 7305 15297124.0 2306.8434 
8460000 21941 409.944 1025554.0 50.364 3.9279 7313 15316759.0 2352.3658 
8470000 21963 415.407 1026812.0 50.726 3.9795 7321 15335727.0 2413.3221 
8480000 21990 401.358 1028011.0 48.997 3.846 7330 15354950.0 2356.805 
8490000 22015 404.329 1029241.0 49.695 3.8818 7338 15374195.0 2329.4667 
8500000 22044 372.355 1030594.0 47.301 3.5807 7348 15392386.0 2013.8302 
8510000 22069 384.181 1031840.0 48.958 3.697 7356 15410611.0 2091.9478 
8520000 22094 393.575 1032992.0 48.542 3.789 7364 15428646.0 2189.339 
8530000 22116 417.999 1034064.0 47.856 4.0243 7372 15445614.0 2275.687 
8540000 22135 455.937 1035065.0 50.178 4.3898 7378 15459355.0 2173.8716 
8550000 22161 427.204 1036266.0 48.136 4.1134 7387 15476549.0 2139.6519 
8560000 22185 414.583 1037529.0 47.929 3.9927 7395 15495855.0 2149.423 
8570000 22206 444.678 1038498.0 47.757 4.2744 7402 15512274.0 2286.6642 
8580000 22230 437.883 1039637.0 48.452 4.2042 7410 15528690.0 2215.2432 
8590000 22252 445.042 1040871.0 51.712 4.2692 7417 15546848.0 2344.4034 
8600000 22275 434.387 1042144.0 51.275 4.1662 7425 15564505.0 2296.5351 
8610000 22296 461.488 1043307.0 54.922 4.4296 7432 15582744.0 2657.1824 
8620000 22315 480.398 1044527.0 58.162 4.6106 7438 15598875.0 2570.6123 
8630000 22339 459.036 1045748.0 55.456 4.4018 7446 15615911.0 2435.5494 
8640000 22362 447.19 1046844.0 52.277 4.2876 7454 15631868.0 2219.5601 
8650000 22384 450.157 1048122.0 55.052 4.321 7461 15651296.0 2404.1161 
8660000 22408 438.607 1049416.0 54.651 4.2159 7469 15669872.0 2436.2955 
8670000 22428 440.802 1050589.0 53.728 4.2395 7476 15687412.0 2412.4297 
8680000 22449 462.069 1051750.0 54.202 4.4461 7483 15706401.0 2572.1837 
8690000 22473 453.19 1052939.0 53.707 4.3616 7491 15722897.0 2386.5796 
8700000 22492 458.236 1054096.0 53.53 4.4176 7497 15740368.0 2265.9196 
8710000 22515 454.588 1055272.0 52.854 4.3803 7505 15758285.0 2396.9966 
8720000 22542 424.833 1056428.0 49.882 4.0932 7514 15775978.0 2234.9423 
8730000 22566 411.964 1057641.0 48.351 3.9686 7522 15793094.0 2116.995 
8740000 22590 421.14 1058761.0 48.389 4.057 7530 15807940.0 2028.1113 
8750000 22617 399.959 1059976.0 47.442 3.8524 7539 15827583.0 2190.9975 
8760000 22641 392.826 1061278.0 47.746 3.7834 7547 15848559.0 2283.6862 
8770000 22668 389.568 1062471.0 47.245 3.7511 7556 15867182.0 2291.0096 
8780000 22697 370.376 1063782.0 47.209 3.5658 7565 15885993.0 2025.4148 
8790000 22722 376.064 1065039.0 46.879 3.6196 7574 15906488.0 2240.9733 
8800000 22744 412.545 1066297.0 52.168 3.9718 7581 15925696.0 2558.9642 
8810000 22768 415.433 1067509.0 51.86 3.9989 7589 15943192.0 2381.2578 
8820000 22796 391.478 1068783.0 49.255 3.7685 7598 15961864.0 2133.8975 
8830000 22821 383.666 1070047.0 47.681 3.6936 7607 15980539.0 2143.1489 
8840000 22848 376.626 1071308.0 47.077 3.6262 7616 15998192.0 2001.4827 
8850000 22873 387.024 1072514.0 48.347 3.7262 7624 16017797.0 2314.2477 
8860000 22901 376.641 1073790.0 48.115 3.6263 7633 16038069.0 2251.8037 
8870000 22924 401.164 1074952.0 49.228 3.862 7641 16054326.0 2167.7638 
8880000 22950 394.275 1076147.0 47.849 3.7959 7650 16073130.0 2238.3448 
8890000 22974 390.417 1077440.0 47.714 3.7579 7658 16091046.0 2136.878 
8900000 22998 401.516 1078675.0 48.817 3.8652 7666 16108182.0 2091.6639 
8910000 23020 428.026 1079865.0 52.7 4.1201 7673 16124200.0 2183.7203 
8920000 23043 429.519 1080946.0 50.181 4.1463 7681 16142657.0 2370.4527 
8930000 23067 423.59 1082201.0 50.314 4.0857 7689 16159113.0 2187.7541 
8940000 23091 423.479 1083444.0 51.757 4.0831 7697 16178319.0 2373.4949 
8950000 23113 422.737 1084771.0 53.582 4.0741 7704 16197167.0 2445.3762 
8960000 23137 426.187 1086059.0 54.161 4.1071 7712 16214813.0 2299.7195 
8970000 23154 465.641 1087075.0 54.482 4.4858 7718 16230826.0 2492.0408 
8980000 23176 463.458 1088300.0 56.378 4.4643 7725 16248674.0 2523.6304 
8990000 23202 430.392 1089591.0 52.886 4.146 7734 16267868.0 2312.6881 
9000000 23226 424.125 1090796.0 51.807 4.0801 7742 16286414.0 2333.1268 
9010000 23250 421.017 1091992.0 50.566 4.0426 7750 16302200.0 2127.3818 
9020000 23274 418.987 1093301.0 52.044 4.0199 7758 16321676.0 2315.2319 
9030000 23292 455.735 1094195.0 51.014 4.369 7764 16333848.0 2194.203 
9040000 23317 435.866 1095399.0 50.727 4.178 7772 16351273.0 2093.8686 
9050000 23343 414.546 1096659.0 49.155 3.9819 7781 16370287.0 2167.62 
9060000 23373 378.19 1098026.0 47.203 3.6372 7791 16390397.0 2053.1704 
9070000 23397 390.856 1099210.0 47.91 3.7614 7799 16409863.0 2272.1478 
9080000 23424 375.526 1100546.0 47.264 3.6159 7808 16428026.0 2077.4461 
9090000 23449 393.444 1101758.0 49.555 3.787 7816 16446031.0 2161.7659 
9100000 23472 406.305 1102758.0 46.986 3.9111 7824 16460428.0 2060.6403 
9110000 23495 413.682 1104006.0 49.462 3.9774 7831 16480815.0 2407.0149 
9120000 23517 418.502 1105261.0 50.429 4.0176 7839 16498453.0 2300.0882 
9130000 23543 411.109 1106440.0 49.695 3.9493 7847 16515897.0 2160.5482 
9140000 23562 445.133 1107496.0 50.265 4.279 7854 16531238.0 2285.3519 
9150000 23586 429.292 1108710.0 49.267 4.1284 7862 16548024.0 2118.6683 
9160000 23608 442.776 1109748.0 50.027 4.26 7869 16564352.0 2316.8727 
9170000 23630 448.528 1110865.0 50.327 4.3155 7876 16581170.0 2309.8512 
9180000 23655 421.361 1112167.0 49.694 4.0554 7885 16600395.0 2188.0455 
9190000 23673 454.98 1113363.0 53.763 4.3783 7891 16615987.0 2350.2638 
9200000 23695 455.014 1114449.0 54.028 4.3791 7898 16632185.0 2310.533 
9210000 23716 471.992 1115603.0 54.696 4.5426 7905 16647934.0 2353.6046 
9220000 23734 498.014 1116664.0 56.393 4.7936 7911 16663756.0 2398.836 
9230000 23757 471.889 1117880.0 54.532 4.5418 7919 16681293.0 2375.9115 
9240000 23783 440.046 1119144.0 52.634 4.2365 7927 16699067.0 2176.6065 
9250000 23804 446.204 1120391.0 54.646 4.2954 7934 16716756.0 2366.8693 
9260000 23826 446.196 1121502.0 51.963 4.296 7942 16731194.0 2111.3358 
9270000 23848 448.943 1122772.0 54.301 4.316 7949 16750292.0 2392.8772 
9280000 23874 415.35 1124122.0 51.52 3.9877 7958 16768986.0 2192.2064 
9290000 23898 414.966 1125252.0 49.856 3.9791 7966 16786522.0 2178.0641 
9300000 23919 445.327 1126356.0 52.072 4.2695 7973 16802741.0 2443.3155 
9310000 23945 418.971 1127618.0 51.2 4.0157 7981 16819235.0 2119.8722 
9320000 23967 423.085 1128742.0 48.751 4.0546 7989 16834843.0 2021.3137 
9330000 23990 438.133 1129801.0 49.979 4.1985 7996 16850620.0 2234.0469 
9340000 24012 436.43 1130965.0 49.462 4.1817 8004 16869818.0 2307.2537 
9350000 24029 480.753 1132042.0 54.46 4.6049 8009 16887081.0 2698.4861 
9360000 24052 469.578 1133354.0 56.068 4.5003 8017 16906608.0 2603.1009 
9370000 24076 440.712 1134521.0 51.664 4.2222 8025 16923444.0 2339.4363 
9380000 24103 413.031 1135773.0 50.516 3.9575 8034 16942047.0 2136.6762 
9390000 24128 406.776 1136991.0 49.817 3.8972 8042 16960522.0 2194.9196 
9400000 24148 441.128 1138119.0 52.536 4.2265 8049 16977802.0 2477.7875 
9410000 24173 421.354 1139309.0 50.205 4.0366 8057 16995877.0 2326.9211 
9420000 24197 414.187 1140474.0 49.729 3.9686 8065 17013223.0 2150.2744 
9430000 24225 393.204 1141776.0 47.929 3.7676 8075 17031145.0 1997.1256 
9440000 24252 384.744 1143081.0 47.99 3.6863 8084 17048228.0 1960.8753 
9450000 24276 389.078 1144295.0 47.367 3.7305 8092 17065984.0 1999.2103 
9460000 24300 399.111 1145391.0 47.356 3.8332 8100 17081160.0 1992.8459 
9470000 24327 388.134 1146855.0 50.567 3.7311 8109 17102403.0 2250.6418 
9480000 24351 396.579 1147973.0 48.614 3.8152 8117 17118939.0 2126.5405 
9490000 24375 394.158 1149238.0 47.85 3.7942 8125 17135365.0 1979.6886 
9500000 24402 382.822 1150384.0 45.728 3.6856 8134 17151388.0 1845.3172 
9510000 24428 387.303 1151590.0 47.016 3.7271 8142 17170022.0 2010.256 
9520000 24448 410.059 1152746.0 48.314 3.9433 8149 17186022.0 2050.842 
9530000 24472 426.084 1154028.0 52.349 4.0907 8157 17203358.0 2189.1837 
9540000 24493 445.878 1155064.0 51.777 4.2771 8164 17217837.0 2015.8881 
9550000 24516 445.253 1156108.0 49.475 4.2682 8172 17233174.0 2169.1425 
9560000 24543 413.258 1157339.0 47.573 3.9612 8181 17252737.0 2132.7687 
9570000 24571 387.091 1158670.0 47.103 3.7096 8190 17271779.0 1915.3738 
9580000 24596 390.237 1160001.0 49.619 3.7407 8198 17293714.0 2397.6088 
9590000 24621 384.944 1161294.0 48.242 3.6889 8207 17316229.0 2494.2964 
9600000 24647 393.706 1162455.0 48.734 3.7726 8215 17332243.0 2229.5626 
9610000 24669 412.313 1163532.0 48.383 3.9504 8223 17347281.0 2126.2275 
9620000 24688 448.821 1164772.0 53.587 4.3005 8229 17366982.0 2443.742 
9630000 24712 433.194 1165944.0 51.993 4.1503 8237 17385548.0 2348.1643 
9640000 24738 412.747 1167120.0 48.684 3.9548 8246 17404272.0 2306.8517 
9650000 24759 422.966 1168240.0 48.363 4.0519 8253 17420101.0 2172.2891 
9660000 24784 428.343 1169417.0 50.379 4.1029 8261 17438996.0 2371.5512 
9670000 24807 429.378 1170512.0 48.52 4.1121 8269 17455273.0 2258.0349 
9680000 24827 452.515 1171650.0 52.596 4.3379 8275 17471853.0 2425.972 
9690000 24849 455.573 1172694.0 50.582 4.3653 8283 17487631.0 2301.4341 
9700000 24872 445.128 1173862.0 50.076 4.265 8290 17505038.0 2271.5295 
9710000 24896 433.911 1175043.0 49.97 4.1561 8298 17521024.0 2050.8986 
9720000 24915 452.03 1176093.0 49.239 4.3297 8305 17536415.0 2180.6418 
9730000 24941 440.14 1177201.0 48.742 4.2153 8313 17553299.0 2083.3959 
9740000 24958 472.446 1178240.0 51.305 4.5314 8319 17570262.0 2483.5807 
9750000 24981 457.107 1179505.0 51.939 4.3813 8327 17587879.0 2423.0096 
9760000 25002 467.223 1180485.0 50.807 4.4767 8334 17603168.0 2339.7207 
9770000 25021 490.957 1181447.0 51.734 4.7031 8340 17620439.0 2535.4197 
9780000 25047 447.62 1182622.0 49.205 4.2882 8349 17637883.0 2302.7136 
9790000 25065 462.362 1183801.0 51.594 4.4288 8355 17655265.0 2428.1938 
9800000 25090 451.292 1184967.0 51.903 4.3228 8363 17674330.0 2381.1263 
9810000 25110 458.655 1186096.0 51.596 4.3929 8370 17689950.0 2315.6783 
9820000 25135 453.563 1187374.0 54.109 4.3461 8378 17711685.0 2637.2845 
9830000 25161 417.018 1188673.0 50.492 4.002 8387 17731359.0 2389.7789 
9840000 25187 410.753 1189856.0 50.356 3.9455 8395 17748493.0 2227.4918 
9850000 25211 413.35 1191005.0 49.514 3.9707 8403 17764399.0 2106.4624 
9860000 25233 419.073 1192118.0 47.906 4.0293 8411 17781277.0 2126.0093 
9870000 25259 410.121 1193296.0 48.224 3.9455 8419 17801221.0 2290.4591 
9880000 25284 408.276 1194602.0 49.656 3.93 8428 17821446.0 2395.5311 
9890000 25303 438.871 1195779.0 54.134 4.2242 8434 17839227.0 2528.22 
9900000 25324 449.808 1196900.0 54.704 4.3305 8441 17854656.0 2370.9609 
9910000 25347 452.444 1197995.0 51.97 4.355 8449 17870893.0 2318.707 
9920000 25373 424.802 1199250.0 50.702 4.0896 8457 17888137.0 2105.9382 
9930000 25398 407.552 1200547.0 49.358 3.9234 8466 17907702.0 2219.1412 
9940000 25424 396.693 1201730.0 47.897 3.8184 8474 17925756.0 2279.3409 
9950000 25449 393.925 1202997.0 47.885 3.7838 8483 17947271.0 2365.9862 
9960000 25473 408.635 1204069.0 47.777 3.9211 8491 17963757.0 2276.5514 
9970000 25491 454.117 1204963.0 48.283 4.3555 8497 17978379.0 2386.2942 
9980000 25515 434.579 1206055.0 46.769 4.173 8505 17994635.0 2145.7582 
9990000 25537 441.919 1207294.0 50.199 4.2466 8512 18012643.0 2172.3826 
10000000 25559 446.836 1208551.0 52.358 4.2963 8519 18033491.0 2430.1956 
