10000 10 182.927 -14633.54 -267.717 0.1895 0 0 0 
20000 20 332.392 -29308.524 -487.14 0.3417 0 0 0 
30000 30 454.516 -42055.305 -630.285 0.8287 0 0 0 
40000 40 554.3 -52146.713 -699.536 1.2295 0 0 0 
50000 50 635.83 -65340.957 -813.508 1.5713 0 0 0 
60000 60 702.447 -76939.481 -879.434 1.8426 0 0 0 
70000 70 756.877 -84723.471 -859.819 2.0483 0 0 0 
80000 80 801.351 -91882.971 -829.47 2.2221 0 0 0 
90000 90 837.689 -103720.377 -893.219 2.3636 0 0 0 
100000 100 867.38 -112689.654 -896.896 2.4844 0 0 0 
110000 110 891.64 -117647.558 -820.19 2.5847 0 0 0 
120000 120 911.462 -121297.69 -736.733 2.662 0 0 0 
130000 130 927.658 -121936.474 -613.193 2.7101 0 0 0 
140000 140 940.891 -122575.335 -511.268 2.7584 0 0 0 
150000 150 951.704 -120347.066 -374.153 2.8096 0 0 0 
160000 160 960.539 -115104.668 -210.383 2.8433 0 0 0 
170000 170 967.757 -112369.556 -122.665 2.8759 0 0 0 
180000 180 973.655 -109694.974 -54.318 2.8953 0 0 0 
190000 190 978.474 -105422.992 33.982 2.9097 0 0 0 
200000 200 982.412 -100942.041 110.245 2.9216 0 0 0 
210000 210 985.629 -98232.351 139.591 2.9403 0 0 0 
220000 220 988.258 -93234.305 205.078 2.9571 0 0 0 
230000 230 990.406 -88356.844 256.868 2.9659 0 0 0 
240000 240 992.161 -84623.689 279.454 2.9741 0 0 0 
250000 250 993.595 -90317.84 120.689 2.9825 0 0 0 
260000 260 994.767 -89864.439 107.729 2.9891 0 0 0 
270000 270 995.724 -85809.856 162.833 2.9949 0 0 0 
280000 280 996.506 -80598.124 228.317 2.9977 0 0 0 
290000 290 997.145 -74578.09 296.614 2.9994 0 0 0 
300000 300 997.667 -71650.44 294.65 3.0052 0 0 0 
310000 310 998.094 -66451.695 336.265 3.0065 0 0 0 
320000 320 998.443 -60639.064 381.044 2.9983 0 0 0 
330000 330 998.728 -54752.941 419.237 2.9952 0 0 0 
340000 340 998.96 -49246.893 443.494 2.9838 0 0 0 
350000 350 999.151 -43489.245 467.807 2.9934 0 0 0 
360000 360 999.306 -37254.234 496.227 2.9877 0 0 0 
370000 370 999.433 -31089.361 517.684 2.9872 0 0 0 
380000 380 999.537 -24823.92 537.272 2.9925 0 0 0 
390000 390 999.621 -18911.224 547.252 3.0 0 0 0 
400000 400 999.691 -11901.516 575.437 2.9988 0 0 0 
410000 410 999.747 -5955.678 578.512 3.0083 0 0 0 
420000 420 999.793 481.514 590.439 3.0249 0 0 0 
430000 430 999.831 6920.795 600.399 3.0353 0 0 0 
440000 440 999.862 13099.351 603.518 3.0486 0 0 0 
450000 450 999.887 18138.353 587.676 3.0552 0 0 0 
460000 460 999.908 25110.749 607.414 3.0584 0 0 0 
470000 470 999.925 32295.502 628.233 3.0695 0 0 0 
480000 480 999.939 39289.208 641.063 3.0669 0 0 0 
490000 490 999.95 45663.3 640.366 3.0696 0 0 0 
500000 500 999.959 53480.459 666.142 3.0673 0 0 0 
510000 510 999.966 61308.484 687.664 3.0601 0 0 0 
520000 520 999.973 69783.04 717.033 3.0424 0 0 0 
530000 530 999.978 77741.471 731.737 3.0349 0 0 0 
540000 540 999.982 87443.777 774.979 3.0316 0 0 0 
550000 550 999.985 97115.958 809.855 3.0322 0 0 0 
560000 560 999.988 106068.029 826.449 3.0289 0 0 0 
570000 570 999.99 115184.739 841.718 3.0186 0 0 0 
580000 580 999.992 124193.872 852.476 3.0193 0 0 0 
590000 590 999.993 133599.748 868.14 3.0083 0 0 0 
600000 600 999.995 142283.389 868.412 3.0142 0 0 0 
610000 610 999.996 150914.569 868.007 3.0117 0 0 0 
620000 620 999.996 160836.624 890.605 3.005 0 0 0 
630000 630 999.997 170762.436 909.037 3.0144 0 0 0 
640000 640 999.998 179835.835 908.698 3.0156 0 0 0 
650000 650 999.998 188847.034 907.208 3.0166 0 0 0 
660000 660 999.998 197554.484 901.011 3.0248 0 0 0 
670000 670 999.999 207274.794 914.071 3.025 0 0 0 
680000 680 999.999 217746.098 938.801 3.0285 0 0 0 
690000 690 999.999 228702.952 968.113 3.0224 0 0 0 
700000 700 999.999 238435.632 969.318 3.0259 0 0 0 
710000 710 999.999 248487.312 975.593 3.0302 0 0 0 
720000 720 1000.0 256597.045 947.496 3.034 0 0 0 
730000 730 1000.0 266963.93 964.007 3.0442 0 0 0 
740000 740 1000.0 277544.325 980.823 3.0409 0 0 0 
750000 750 1000.0 288673.327 1005.387 3.0408 0 0 0 
760000 760 1000.0 298838.704 1007.369 3.026 0 0 0 
770000 770 1000.0 308535.204 1000.696 3.0269 0 0 0 
780000 780 1000.0 315521.171 945.861 3.0254 0 0 0 
790000 790 1000.0 328002.298 1001.432 3.0206 0 0 0 
800000 800 1000.0 335290.147 951.233 3.0195 0 0 0 
810000 810 1000.0 345521.179 963.322 3.009 0 0 0 
820000 820 1000.0 356604.921 988.918 3.0083 0 0 0 
830000 830 1000.0 366243.804 984.995 3.0047 0 0 0 
840000 840 1000.0 375378.774 971.896 2.9996 0 0 0 
850000 850 1000.0 386793.124 1002.393 3.0195 0 0 0 
860000 860 1000.0 397253.373 1009.753 3.0426 0 0 0 
870000 870 1000.0 408183.351 1026.234 3.0574 0 0 0 
880000 880 1000.0 419977.829 1054.14 3.0707 0 0 0 
890000 890 1000.0 431151.934 1065.992 3.0715 0 0 0 
900000 900 1000.0 442522.103 1078.903 3.0759 0 0 0 
910000 910 1000.0 452876.308 1069.017 3.0754 0 0 0 
920000 920 1000.0 463249.9 1063.885 3.0021 0 0 0 
930000 930 1000.0 474535.174 1075.163 2.9773 0 0 0 
940000 940 1000.0 486649.009 1100.484 2.9893 0 0 0 
950000 950 1000.0 498855.33 1121.93 3.0006 0 0 0 
960000 960 1000.0 511338.962 1145.149 3.0093 0 0 0 
970000 970 1000.0 521765.441 1126.032 3.0107 0 0 0 
980000 980 1000.0 532772.477 1121.889 3.0062 0 0 0 
990000 990 1000.0 543176.435 1106.707 3.0055 0 0 0 
1000000 1000 1000.0 554626.863 1114.257 3.0125 0 0 0 
1010000 1010 1000.0 568526.981 1165.044 3.0063 0 0 0 
1020000 1020 1000.0 581671.809 1192.182 3.0039 0 0 0 
1030000 1030 1000.0 594997.636 1217.993 3.0038 0 0 0 
1040000 1040 1000.0 608351.854 1239.317 2.9994 0 0 0 
1050000 1050 1000.0 621983.726 1262.137 3.0013 0 0 0 
1060000 1060 1000.0 635479.416 1278.535 3.0018 0 0 0 
1070000 1070 1000.0 649026.977 1291.476 2.9997 0 0 0 
1080000 1080 1000.0 661410.382 1281.15 3.0006 0 0 0 
1090000 1090 1000.0 674633.025 1288.088 3.0002 0 0 0 
1100000 1100 1000.0 686856.127 1275.444 3.0015 0 0 0 
1110000 1110 1000.0 698552.433 1255.796 2.9997 0 0 0 
1120000 1120 1000.0 712209.214 1275.755 3.0004 0 0 0 
1130000 1130 1000.0 726778.036 1308.618 3.0039 0 0 0 
1140000 1140 1000.0 742127.466 1350.245 3.0023 0 0 0 
1150000 1150 1000.0 757349.286 1382.335 2.9936 0 0 0 
1160000 1160 1000.0 772148.085 1399.897 2.9932 0 0 0 
1170000 1170 1000.0 787061.844 1416.983 2.9974 0 0 0 
1180000 1180 1000.0 802228.274 1434.801 2.9855 0 0 0 
1190000 1190 1000.0 816613.673 1435.63 2.9805 0 0 0 
1200000 1200 1000.0 831084.561 1437.692 2.9845 0 0 0 
1210000 1210 1000.0 845803.649 1443.785 2.9837 0 0 0 
1220000 1220 1000.0 860455.74 1447.802 2.9817 0 0 0 
1230000 1230 1000.0 874849.059 1445.982 2.9912 0 0 0 
1240000 1240 1000.0 887604.388 1414.159 2.9944 0 0 0 
1250000 1250 1000.0 902367.13 1424.794 3.0035 0 0 0 
1260000 1260 1000.0 917423.033 1439.973 3.0073 0 0 0 
1270000 1270 1000.0 932855.621 1458.48 3.005 0 0 0 
1280000 1280 1000.0 947458.558 1459.321 3.0045 0 0 0 
1290000 1290 1000.0 962230.149 1462.6 2.9986 0 0 0 
1300000 1300 1000.0 976936.509 1464.543 3.0033 0 0 0 
1310000 1310 1000.0 992178.123 1475.697 3.0023 0 0 0 
1320000 1320 1000.0 1007778.135 1491.603 3.005 0 0 0 
1330000 1330 1000.0 1023143.428 1499.175 3.0008 0 0 0 
1340000 1340 1000.0 1033806.753 1419.631 2.999 0 0 0 
1350000 1350 1000.0 1048484.927 1428.5 3.0019 0 0 0 
1360000 1360 1000.0 1064401.22 1458.22 3.0046 0 0 0 
1370000 1370 1000.0 1079989.098 1477.055 2.9986 0 0 0 
1380000 1380 1000.0 1096557.727 1510.075 2.9987 0 0 0 
1390000 1390 1000.0 1112909.585 1532.655 3.0017 0 0 0 
1400000 1400 1000.0 1129138.547 1549.048 3.0039 0 0 0 
1410000 1410 1000.0 1144756.046 1551.13 3.0008 0 0 0 
1420000 1420 1000.0 1161280.946 1569.697 3.0067 0 0 0 
1430000 1430 1000.0 1176979.837 1569.493 2.9953 0 0 0 
1440000 1440 1000.0 1192535.588 1566.45 2.9949 0 0 0 
1450000 1450 1000.0 1207621.48 1554.997 2.9992 0 0 0 
1460000 1460 1000.0 1222834.544 1549.003 3.0068 0 0 0 
1470000 1470 1000.0 1236659.105 1515.72 3.0102 0 0 0 
1480000 1480 1000.0 1251607.754 1510.355 3.0037 0 0 0 
1490000 1490 1000.0 1265654.094 1493.245 3.0012 0 0 0 
1500000 1500 1000.0 1279505.704 1472.852 3.0053 0 0 0 
1510000 1510 1000.0 1295058.907 1488.16 3.0137 0 0 0 
1520000 1520 1000.0 1310126.054 1490.815 3.0183 0 0 0 
1530000 1530 1000.0 1325233.044 1494.227 3.0146 0 0 0 
1540000 1540 1000.0 1340212.535 1494.96 3.0193 0 0 0 
1550000 1550 1000.0 1353827.745 1467.53 3.0239 0 0 0 
1560000 1560 1000.0 1369495.391 1486.059 3.0123 0 0 0 
1570000 1570 1000.0 1385749.727 1511.71 3.0109 0 0 0 
1580000 1580 1000.0 1401112.285 1516.32 3.0129 0 0 0 
1590000 1590 1000.0 1414817.426 1489.054 3.0241 0 0 0 
1600000 1600 1000.0 1429322.059 1483.239 3.0257 0 0 0 
1610000 1610 1000.0 1443920.184 1478.27 3.0223 0 0 0 
1620000 1620 1000.0 1458214.402 1469.229 3.026 0 0 0 
1630000 1630 1000.0 1473183.697 1474.555 3.0226 0 0 0 
1640000 1640 1000.0 1488771.863 1491.319 3.016 0 0 0 
1650000 1650 1000.0 1505033.867 1515.131 3.0121 0 0 0 
1660000 1660 1000.0 1521793.665 1543.747 3.0065 0 0 0 
1670000 1670 1000.0 1538886.355 1574.384 3.0061 0 0 0 
1680000 1680 1000.0 1555649.98 1593.28 3.0078 0 0 0 
1690000 1690 1000.0 1572087.934 1602.785 3.0141 0 0 0 
1700000 1700 1000.0 1587058.839 1583.907 3.0108 0 0 0 
1710000 1710 1000.0 1603701.324 1597.97 3.0121 0 0 0 
1720000 1720 1000.0 1619855.024 1601.347 3.0026 0 0 0 
1730000 1730 1000.0 1635399.912 1593.087 3.0068 0 0 0 
1740000 1740 1000.0 1651033.877 1588.411 3.0023 0 0 0 
1750000 1750 1000.0 1667946.202 1607.19 3.0016 0 0 0 
1760000 1760 1000.0 1683806.631 1603.141 3.0028 0 0 0 
1770000 1770 1000.0 1700024.03 1606.823 2.9926 0 0 0 
1780000 1780 1000.0 1716295.587 1610.97 2.9955 0 0 0 
1790000 1790 1000.0 1733617.09 1633.196 3.0006 0 0 0 
1800000 1800 1000.0 1750695.763 1646.337 3.0066 0 0 0 
1810000 1810 1000.0 1767543.293 1653.21 3.01 0 0 0 
1820000 1820 1000.0 1783251.173 1637.921 3.0085 0 0 0 
1830000 1830 1000.0 1800005.83 1644.851 3.0087 0 0 0 
1840000 1840 1000.0 1815499.72 1625.487 3.0085 0 0 0 
1850000 1850 1000.0 1830286.694 1601.73 3.0067 0 0 0 
1860000 1860 1000.0 1845823.875 1591.784 3.0008 0 0 0 
1870000 1870 1000.0 1863580.932 1625.449 3.002 0 0 0 
1880000 1880 1000.0 1880791.937 1642.588 3.0046 0 0 0 
1890000 1890 1000.0 1898180.96 1660.361 3.0047 0 0 0 
1900000 1900 1000.0 1916044.036 1683.782 3.0052 0 0 0 
1910000 1910 1000.0 1934012.332 1704.683 3.0005 0 0 0 
1920000 1920 1000.0 1952063.92 1723.344 2.989 0 0 0 
1930000 1930 1000.0 1970378.592 1743.037 2.9958 0 0 0 
1940000 1940 1000.0 1988297.488 1752.004 3.002 0 0 0 
1950000 1950 1000.0 2005982.814 1754.217 3.0027 0 0 0 
1960000 1960 1000.0 2024028.09 1763.756 3.0065 0 0 0 
1970000 1970 1000.0 2042672.916 1782.043 2.9979 0 0 0 
1980000 1980 1000.0 2060573.974 1783.874 2.9997 0 0 0 
1990000 1990 1000.0 2078448.305 1784.51 2.9974 0 0 0 
2000000 2000 1000.0 2096143.431 1781.794 2.9972 0 0 0 
2010000 2010 1000.0 2113695.938 1776.972 2.9978 0 0 0 
2020000 2020 1000.0 2131216.981 1772.479 2.9973 0 0 0 
2030000 2030 1000.0 2149154.554 1776.381 2.9927 0 0 0 
2040000 2040 1000.0 2167324.793 1783.962 2.9972 0 0 0 
2050000 2050 1000.0 2185484.319 1789.658 3.0064 0 0 0 
2060000 2060 1000.0 2203585.038 1793.805 3.0061 0 0 0 
2070000 2070 1000.0 2221489.075 1793.692 3.0058 0 0 0 
2080000 2080 1000.0 2239663.564 1797.64 3.0105 0 0 0 
2090000 2090 1000.0 2257689.239 1798.376 3.0135 0 0 0 
2100000 2100 1000.0 2276210.555 1808.287 3.0101 0 0 0 
2110000 2110 1000.0 2294090.09 1804.607 3.0111 0 0 0 
2120000 2120 1000.0 2312248.702 1806.842 3.0087 0 0 0 
2130000 2130 1000.0 2330775.648 1815.187 3.0043 0 0 0 
2140000 2140 1000.0 2349476.636 1825.39 3.0063 0 0 0 
2150000 2150 1000.0 2368159.761 1833.367 3.0025 0 0 0 
2160000 2160 1000.0 2386733.884 1837.89 2.9979 0 0 0 
2170000 2170 1000.0 2405405.03 1843.578 3.0026 0 0 0 
2180000 2180 1000.0 2423644.442 1839.88 3.0114 0 0 0 
2190000 2190 1000.0 2442248.856 1843.872 3.014 0 0 0 
2200000 2200 1000.0 2459484.749 1823.456 3.012 0 0 0 
2210000 2210 1000.0 2477885.592 1826.837 3.0037 0 0 0 
2220000 2220 1000.0 2496493.678 1833.031 3.0032 0 0 0 
2230000 2230 1000.0 2515629.129 1848.141 3.0038 0 0 0 
2240000 2240 1000.0 2533960.876 1845.192 3.0058 0 0 0 
2250000 2250 1000.0 2552483.851 1846.914 3.0099 0 0 0 
2260000 2260 1000.0 2572069.265 1867.212 3.0076 0 0 0 
2270000 2270 1000.0 2591103.983 1873.539 3.0094 0 0 0 
2280000 2280 1000.0 2609759.142 1871.764 3.0088 0 0 0 
2290000 2290 1000.0 2628495.714 1872.043 3.005 0 0 0 
2300000 2300 1000.0 2646569.737 1858.854 3.0078 0 0 0 
2310000 2310 1000.0 2665647.063 1867.981 3.0166 0 0 0 
2320000 2320 1000.0 2684599.369 1872.838 3.0127 0 0 0 
2330000 2330 1000.0 2703137.001 1868.93 3.0058 0 0 0 
2340000 2340 1000.0 2720997.463 1853.568 2.9963 0 0 0 
2350000 2350 1000.0 2738179.22 1829.194 2.9976 0 0 0 
2360000 2360 1000.0 2756620.17 1831.949 3.0015 0 0 0 
2370000 2370 1000.0 2776087.829 1852.93 2.9967 0 0 0 
2380000 2380 1000.0 2794407.773 1848.951 3.0009 0 0 0 
2390000 2390 1000.0 2813160.789 1852.944 2.9994 0 0 0 
2400000 2400 1000.0 2831382.897 1847.579 3.0008 0 0 0 
2410000 2410 1000.0 2849045.491 1834.364 2.9954 0 0 0 
2420000 2420 1000.0 2868499.266 1854.545 3.0008 0 0 0 
2430000 2430 1000.0 2888245.734 1876.471 3.0086 0 0 0 
2440000 2440 1000.0 2908140.686 1897.223 3.0058 0 0 0 
2450000 2450 1000.0 2928101.319 1915.335 3.0061 0 0 0 
2460000 2460 1000.0 2947774.282 1924.612 3.0012 0 0 0 
2470000 2470 1000.0 2967855.957 1940.175 2.9993 0 0 0 
2480000 2480 1000.0 2987642.016 1947.387 3.0015 0 0 0 
2490000 2490 1000.0 3006910.233 1943.427 2.9974 0 0 0 
2500000 2500 1000.0 3026826.87 1952.165 3.0078 0 0 0 
2510000 2510 1000.0 3046765.866 1959.692 3.0119 0 0 0 
2520000 2520 1000.0 3066591.546 1963.412 3.0189 0 0 0 
2530000 2530 1000.0 3086464.45 1967.591 3.0183 0 0 0 
2540000 2540 1000.0 3105688.88 1959.047 3.0128 0 0 0 
2550000 2550 1000.0 3125383.409 1961.379 3.0073 0 0 0 
2560000 2560 1000.0 3143647.536 1939.318 3.0114 0 0 0 
2570000 2570 1000.0 3163720.508 1951.605 3.0013 0 0 0 
2580000 2580 1000.0 3183088.44 1948.913 3.0033 0 0 0 
2590000 2590 1000.0 3203003.501 1956.441 3.003 0 0 0 
2600000 2600 1000.0 3222600.598 1956.733 3.0104 0 0 0 
2610000 2610 1000.0 3241590.271 1946.814 3.014 0 0 0 
2620000 2620 1000.0 3261563.425 1955.748 3.0098 0 0 0 
2630000 2630 1000.0 3282255.911 1976.671 3.0064 0 0 0 
2640000 2640 1000.0 3302722.273 1989.343 3.0055 0 0 0 
2650000 2650 1000.0 3323702.705 2009.298 3.0045 0 0 0 
2660000 2660 1000.0 3344000.73 2012.887 2.9981 0 0 0 
2670000 2670 1000.0 3364683.39 2022.929 2.993 0 0 0 
2680000 2680 1000.0 3385954.662 2041.836 3.0015 0 0 0 
2690000 2690 1000.0 3406620.837 2045.972 2.9936 0 0 0 
2700000 2700 1000.0 3427529.26 2053.954 2.9957 0 0 0 
2710000 2710 1000.0 3448429.072 2060.49 2.994 0 0 0 
2720000 2720 1000.0 3468298.227 2047.13 2.9963 0 0 0 
2730000 2730 1000.0 3488254.609 2037.685 3.0041 0 0 0 
2740000 2740 1000.0 3508737.982 2039.239 3.0004 0 0 0 
2750000 2750 1000.0 3528891.903 2034.509 3.0012 0 0 0 
2760000 2760 1000.0 3548880.203 2028.153 2.9985 0 0 0 
2770000 2770 1000.0 3569094.74 2026.324 2.9962 0 0 0 
2780000 2780 1000.0 3588365.189 2007.875 3.0046 0 0 0 
2790000 2790 1000.0 3607944.286 1999.018 3.004 0 0 0 
2800000 2800 1000.0 3628018.411 2000.535 3.0007 0 0 0 
2810000 2810 1000.0 3647152.368 1984.559 2.9959 0 0 0 
2820000 2820 1000.0 3666630.583 1977.632 2.9971 0 0 0 
2830000 2830 1000.0 3686581.019 1981.584 2.9964 0 0 0 
2840000 2840 1000.0 3706611.352 1985.34 2.9934 0 0 0 
2850000 2850 1000.0 3726666.235 1989.193 2.9931 0 0 0 
2860000 2860 1000.0 3747093.383 1998.901 2.9924 0 0 0 
2870000 2870 1000.0 3767244.863 2001.982 2.9953 0 0 0 
2880000 2880 1000.0 3787119.574 1998.873 3.0059 0 0 0 
2890000 2890 1000.0 3807818.785 2012.162 3.0108 0 0 0 
2900000 2900 1000.0 3828365.083 2019.779 3.009 0 0 0 
2910000 2910 1000.0 3849305.973 2032.614 3.0092 0 0 0 
2920000 2920 1000.0 3869952.151 2038.352 3.013 0 0 0 
2930000 2930 1000.0 3890171.996 2034.9 3.0164 0 0 0 
2940000 2940 1000.0 3909889.863 2022.89 3.0196 0 0 0 
2950000 2950 1000.0 3929201.24 2005.79 3.0247 0 0 0 
2960000 2960 1000.0 3949074.064 2002.08 3.0235 0 0 0 
2970000 2970 1000.0 3968978.27 2000.102 3.0199 0 0 0 
2980000 2980 1000.0 3989223.299 2004.68 3.0177 0 0 0 
2990000 2990 1000.0 4009060.175 2000.736 3.0169 0 0 0 
3000000 3000 1000.0 4029726.616 2012.588 3.02 0 0 0 
3010000 3010 1000.0 4050486.708 2024.117 3.0199 0 0 0 
3020000 3020 1000.0 4070227.274 2014.822 3.0182 0 0 0 
3030000 3030 1000.0 4089482.618 1998.634 3.0225 0 0 0 
3040000 3040 1000.0 4109368.725 1996.845 3.0226 0 0 0 
3050000 3050 1000.0 4126619.945 1947.517 3.0293 0 0 0 
3060000 3060 1000.0 4146437.283 1954.354 3.0248 0 0 0 
3070000 3070 1000.0 4166492.915 1963.187 3.0204 0 0 0 
3080000 3080 1000.0 4186201.725 1964.71 3.016 0 0 0 
3090000 3090 1000.0 4206267.522 1972.633 3.0172 0 0 0 
3100000 3100 1000.0 4226956.939 1990.178 3.0239 0 0 0 
3110000 3110 1000.0 4247186.86 1995.943 3.0258 0 0 0 
3120000 3120 1000.0 4267539.067 2002.655 3.0262 0 0 0 
3130000 3130 1000.0 4287081.883 1994.101 3.0271 0 0 0 
3140000 3140 1000.0 4306926.121 1992.304 3.0363 0 0 0 
3150000 3150 1000.0 4326335.728 1983.023 3.0364 0 0 0 
3160000 3160 1000.0 4345203.259 1964.951 3.0342 0 0 0 
3170000 3170 1000.0 4363915.931 1946.921 3.0279 0 0 0 
3180000 3180 1000.0 4383943.378 1956.957 3.0274 0 0 0 
3190000 3190 1000.0 4403715.384 1960.611 3.0277 0 0 0 
3200000 3200 1000.0 4423735.559 1968.389 3.0221 0 0 0 
3210000 3210 1000.0 4443082.32 1963.192 3.0251 0 0 0 
3220000 3220 1000.0 4461564.789 1943.847 3.0213 0 0 0 
3230000 3230 1000.0 4481588.963 1954.022 3.0235 0 0 0 
3240000 3240 1000.0 4501770.153 1965.982 3.0211 0 0 0 
3250000 3250 1000.0 4521666.252 1970.301 3.0211 0 0 0 
3260000 3260 1000.0 4541757.203 1977.439 3.0193 0 0 0 
3270000 3270 1000.0 4562278.975 1991.314 3.0209 0 0 0 
3280000 3280 1000.0 4581781.55 1983.749 3.021 0 0 0 
3290000 3290 1000.0 4601725.109 1985.444 3.0194 0 0 0 
3300000 3300 1000.0 4621855.881 1990.452 3.0261 0 0 0 
3310000 3310 1000.0 4641317.767 1982.826 3.0233 0 0 0 
3320000 3320 1000.0 4660880.685 1977.855 3.0218 0 0 0 
3330000 3330 1000.0 4681174.194 1987.259 3.0187 0 0 0 
3340000 3340 1000.0 4700833.305 1982.934 3.0226 0 0 0 
3350000 3350 1000.0 4721124.095 1991.314 3.0211 0 0 0 
3360000 3360 1000.0 4741704.53 2003.354 3.0218 0 0 0 
3370000 3370 1000.0 4761822.085 2004.788 3.0225 0 0 0 
3380000 3380 1000.0 4782407.276 2014.526 3.0212 0 0 0 
3390000 3390 1000.0 4802871.466 2020.811 3.0148 0 0 0 
3400000 3400 1000.0 4822647.867 2012.363 3.0135 0 0 0 
3410000 3410 1000.0 4842172.489 2001.186 3.0134 0 0 0 
3420000 3420 1000.0 4861895.183 1996.175 3.026 0 0 0 
3430000 3430 1000.0 4882266.567 2003.737 3.0294 0 0 0 
3440000 3440 1000.0 4902788.514 2012.502 3.0253 0 0 0 
3450000 3450 1000.0 4923731.797 2027.533 3.0292 0 0 0 
3460000 3460 1000.0 4944232.38 2031.601 3.0299 0 0 0 
3470000 3470 1000.0 4964635.866 2033.349 3.0256 0 0 0 
3480000 3480 1000.0 4985111.01 2035.737 3.025 0 0 0 
3490000 3490 1000.0 5006088.737 2047.297 3.0254 0 0 0 
3500000 3500 1000.0 5026646.086 2048.398 3.0284 0 0 0 
3510000 3510 1000.0 5046827.261 2043.135 3.035 0 0 0 
3520000 3520 1000.0 5067820.049 2052.994 3.0273 0 0 0 
3530000 3530 1000.0 5088818.754 2061.653 3.0244 0 0 0 
3540000 3540 1000.0 5109434.285 2061.504 3.0226 0 0 0 
3550000 3550 1000.0 5130470.941 2069.03 3.0171 0 0 0 
3560000 3560 1000.0 5151090.166 2068.037 3.0179 0 0 0 
3570000 3570 1000.0 5172457.343 2080.391 3.0178 0 0 0 
3580000 3580 1000.0 5193473.126 2084.849 3.0134 0 0 0 
3590000 3590 1000.0 5208476.371 1975.094 3.0213 0 0 0 
3600000 3600 1000.0 5228130.787 1974.653 3.0213 0 0 0 
3610000 3610 1000.0 5249592.984 2006.127 3.033 0 0 0 
3620000 3620 1000.0 5271455.91 2038.815 3.0295 0 0 0 
3630000 3630 1000.0 5293238.383 2064.61 3.0234 0 0 0 
3640000 3640 1000.0 5314366.538 2073.13 3.0249 0 0 0 
3650000 3650 1000.0 5334169.113 2056.999 3.0229 0 0 0 
3660000 3660 1000.0 5355179.335 2065.087 3.0269 0 0 0 
3670000 3670 1000.0 5376162.541 2071.482 3.0207 0 0 0 
3680000 3680 1000.0 5396899.759 2071.819 3.0233 0 0 0 
3690000 3690 1000.0 5417446.839 2068.292 3.0152 0 0 0 
3700000 3700 1000.0 5437711.638 2060.459 3.0183 0 0 0 
3710000 3710 1000.0 5458809.226 2069.586 3.0189 0 0 0 
3720000 3720 1000.0 5480621.644 2090.421 3.0278 0 0 0 
3730000 3730 1000.0 5501946.308 2098.358 3.0378 0 0 0 
3740000 3740 1000.0 5523189.929 2103.559 3.0324 0 0 0 
3750000 3750 1000.0 5544280.069 2104.498 3.0364 0 0 0 
3760000 3760 1000.0 5565037.975 2098.789 3.0332 0 0 0 
3770000 3770 1000.0 5586301.776 2104.217 3.0293 0 0 0 
3780000 3780 1000.0 5606804.422 2094.387 3.0297 0 0 0 
3790000 3790 1000.0 5626328.608 2068.705 3.0295 0 0 0 
3800000 3800 1000.0 5646367.281 2056.965 3.0335 0 0 0 
3810000 3810 1000.0 5666986.883 2057.792 3.0357 0 0 0 
3820000 3820 1000.0 5686782.027 2043.55 3.0345 0 0 0 
3830000 3830 1000.0 5706693.633 2034.083 3.0345 0 0 0 
3840000 3840 1000.0 5726865.969 2031.241 3.0313 0 0 0 
3850000 3850 1000.0 5747151.428 2030.995 3.0333 0 0 0 
3860000 3860 1000.0 5767794.097 2037.818 3.0345 0 0 0 
3870000 3870 1000.0 5788861.031 2049.405 3.0329 0 0 0 
3880000 3880 1000.0 5809904.145 2059.613 3.0394 0 0 0 
3890000 3890 1000.0 5830452.304 2058.449 3.0372 0 0 0 
3900000 3900 1000.0 5851580.28 2068.636 3.031 0 0 0 
3910000 3910 1000.0 5871498.914 2054.579 3.0319 0 0 0 
3920000 3920 1000.0 5891731.415 2048.506 3.0276 0 0 0 
3930000 3930 1000.0 5912331.384 2050.697 3.0275 0 0 0 
3940000 3940 1000.0 5933062.366 2054.32 3.0294 0 0 0 
3950000 3950 1000.0 5954106.66 2063.172 3.0157 0 0 0 
3960000 3960 1000.0 5974240.671 2053.709 3.0093 0 0 0 
3970000 3970 1000.0 5994981.84 2057.101 3.0152 0 0 0 
3980000 3980 1000.0 6015709.673 2059.52 3.0219 0 0 0 
3990000 3990 1000.0 6036873.842 2070.303 3.0165 0 0 0 
4000000 4000 1000.0 6058021.354 2078.568 3.0224 0 0 0 
4010000 4010 1000.0 6079489.16 2091.132 3.0234 0 0 0 
4020000 4020 1000.0 6100727.77 2097.11 3.0222 0 0 0 
4030000 4030 1000.0 6122452.069 2111.021 3.0154 0 0 0 
4040000 4040 1000.0 6143825.217 2115.105 3.0174 0 0 0 
4050000 4050 1000.0 6165793.628 2130.715 3.0194 0 0 0 
4060000 4060 1000.0 6184645.64 2085.167 3.026 0 0 0 
4070000 4070 1000.0 6202442.535 2031.815 3.0275 0 0 0 
4080000 4080 1000.0 6223479.948 2045.627 3.0231 0 0 0 
4090000 4090 1000.0 6243902.504 2044.846 3.0157 0 0 0 
4100000 4100 1000.0 6263131.904 2019.344 3.0137 0 0 0 
4110000 4110 1000.0 6284012.678 2031.586 3.0026 0 0 0 
4120000 4120 1000.0 6304304.539 2031.231 3.005 0 0 0 
4130000 4130 1000.0 6325056.579 2038.896 3.0021 0 0 0 
4140000 4140 1000.0 6346572.238 2059.614 2.9994 0 0 0 
4150000 4150 1000.0 6367020.369 2056.451 2.9986 0 0 0 
4160000 4160 1000.0 6388074.246 2065.199 2.9964 0 0 0 
4170000 4170 1000.0 6409194.284 2073.94 3.001 0 0 0 
4180000 4180 1000.0 6430114.478 2077.487 3.0007 0 0 0 
4190000 4190 1000.0 6450414.042 2068.704 3.0067 0 0 0 
4200000 4200 1000.0 6470321.485 2056.98 3.0059 0 0 0 
4210000 4210 1000.0 6491440.39 2066.799 3.002 0 0 0 
4220000 4220 1000.0 6512641.144 2076.317 3.0049 0 0 0 
4230000 4230 1000.0 6533696.385 2081.466 3.0054 0 0 0 
4240000 4240 1000.0 6554833.009 2087.22 3.007 0 0 0 
4250000 4250 1000.0 6575964.152 2092.095 3.0092 0 0 0 
4260000 4260 1000.0 6597327.906 2100.457 3.0118 0 0 0 
4270000 4270 1000.0 6617997.996 2093.866 3.0071 0 0 0 
4280000 4280 1000.0 6638583.619 2087.744 3.0097 0 0 0 
4290000 4290 1000.0 6659326.177 2085.545 3.014 0 0 0 
4300000 4300 1000.0 6679324.124 2070.596 3.0131 0 0 0 
4310000 4310 1000.0 6700997.458 2088.799 3.0128 0 0 0 
4320000 4320 1000.0 6723079.438 2110.979 3.0093 0 0 0 
4330000 4330 1000.0 6745302.383 2131.36 3.0114 0 0 0 
4340000 4340 1000.0 6766812.66 2136.065 3.0137 0 0 0 
4350000 4350 1000.0 6788573.786 2143.03 3.0145 0 0 0 
4360000 4360 1000.0 6810880.151 2158.595 3.0152 0 0 0 
4370000 4370 1000.0 6832148.367 2153.073 3.0135 0 0 0 
4380000 4380 1000.0 6853495.303 2150.206 3.013 0 0 0 
4390000 4390 1000.0 6874667.937 2144.068 3.0038 0 0 0 
4400000 4400 1000.0 6895634.868 2134.605 3.007 0 0 0 
4410000 4410 1000.0 6916716.631 2129.752 3.0125 0 0 0 
4420000 4420 1000.0 6936619.275 2102.378 3.0038 0 0 0 
4430000 4430 1000.0 6957781.64 2104.98 3.0108 0 0 0 
4440000 4440 1000.0 6978620.053 2101.143 3.0026 0 0 0 
4450000 4450 1000.0 7000203.338 2112.367 3.0076 0 0 0 
4460000 4460 1000.0 7020096.7 2089.359 3.0048 0 0 0 
4470000 4470 1000.0 7040809.942 2086.439 3.0061 0 0 0 
4480000 4480 1000.0 7060198.223 2056.317 3.0126 0 0 0 
4490000 4490 1000.0 7081238.126 2065.455 3.0094 0 0 0 
4500000 4500 1000.0 7103057.059 2086.884 3.0054 0 0 0 
4510000 4510 1000.0 7125315.603 2112.553 3.0016 0 0 0 
4520000 4520 1000.0 7146704.466 2117.537 3.0012 0 0 0 
4530000 4530 1000.0 7167905.617 2117.627 3.005 0 0 0 
4540000 4540 1000.0 7187096.454 2082.815 2.9993 0 0 0 
4550000 4550 1000.0 7206830.274 2062.22 2.999 0 0 0 
4560000 4560 1000.0 7227705.244 2066.968 3.002 0 0 0 
4570000 4570 1000.0 7248767.64 2074.009 3.0104 0 0 0 
4580000 4580 1000.0 7270837.658 2098.254 3.0114 0 0 0 
4590000 4590 1000.0 7291222.443 2087.169 3.0042 0 0 0 
4600000 4600 1000.0 7312972.85 2103.507 3.0086 0 0 0 
4610000 4610 1000.0 7334320.685 2109.145 3.0114 0 0 0 
4620000 4620 1000.0 7356058.135 2120.423 3.0175 0 0 0 
4630000 4630 1000.0 7378080.053 2135.571 3.0189 0 0 0 
4640000 4640 1000.0 7400738.061 2159.313 3.0149 0 0 0 
4650000 4650 1000.0 7423335.931 2178.48 3.0144 0 0 0 
4660000 4660 1000.0 7446222.353 2198.644 3.0176 0 0 0 
4670000 4670 1000.0 7468758.105 2208.671 3.011 0 0 0 
4680000 4680 1000.0 7490268.822 2198.754 3.0119 0 0 0 
4690000 4690 1000.0 7511975.625 2193.532 3.0108 0 0 0 
4700000 4700 1000.0 7534379.521 2202.184 3.0113 0 0 0 
4710000 4710 1000.0 7556920.207 2211.714 3.0165 0 0 0 
4720000 4720 1000.0 7578507.329 2202.015 3.0138 0 0 0 
4730000 4730 1000.0 7599771.82 2188.854 3.0197 0 0 0 
4740000 4740 1000.0 7621937.846 2193.114 3.0137 0 0 0 
4750000 4750 1000.0 7643474.72 2185.687 3.0176 0 0 0 
4760000 4760 1000.0 7664265.815 2165.781 3.0163 0 0 0 
4770000 4770 1000.0 7686170.057 2169.996 3.0125 0 0 0 
4780000 4780 1000.0 7707735.898 2168.034 3.0153 0 0 0 
4790000 4790 1000.0 7730400.361 2186.609 3.0113 0 0 0 
4800000 4800 1000.0 7753073.2 2200.761 3.0132 0 0 0 
4810000 4810 1000.0 7775502.339 2209.159 3.0164 0 0 0 
4820000 4820 1000.0 7797095.196 2200.245 3.0202 0 0 0 
4830000 4830 1000.0 7819146.478 2201.668 3.0196 0 0 0 
4840000 4840 1000.0 7841091.294 2200.168 3.0194 0 0 0 
4850000 4850 1000.0 7862558.961 2190.786 3.0189 0 0 0 
4860000 4860 1000.0 7883417.375 2171.414 3.0218 0 0 0 
4870000 4870 1000.0 7903816.881 2147.322 3.0313 0 0 0 
4880000 4880 1000.0 7925008.884 2142.728 3.0263 0 0 0 
4890000 4890 1000.0 7945598.847 2127.53 3.023 0 0 0 
4900000 4900 1000.0 7967302.956 2135.201 3.0218 0 0 0 
4910000 4910 1000.0 7988821.432 2137.903 3.0221 0 0 0 
4920000 4920 1000.0 8009238.426 2120.24 3.0141 0 0 0 
4930000 4930 1000.0 8029700.384 2105.84 3.0137 0 0 0 
4940000 4940 1000.0 8051637.714 2121.74 3.0125 0 0 0 
4950000 4950 1000.0 8073334.173 2130.757 3.0097 0 0 0 
4960000 4960 1000.0 8095533.704 2146.798 3.0067 0 0 0 
4970000 4970 1000.0 8117287.612 2151.758 3.0101 0 0 0 
4980000 4980 1000.0 8137977.587 2136.841 3.0137 0 0 0 
4990000 4990 1000.0 8160121.075 2150.607 3.0197 0 0 0 
5000000 5000 1000.0 8181890.292 2155.174 3.0248 0 0 0 
5010000 5010 1000.0 8202448.018 2137.008 3.0234 0 0 0 
5020000 5020 1000.0 8223151.799 2125.288 3.0209 0 0 0 
5030000 5030 1000.0 8243479.121 2108.252 3.0249 0 0 0 
5040000 5040 1000.0 8263832.99 2094.931 3.0259 0 0 0 
5050000 5050 1000.0 8284391.095 2087.315 3.0254 0 0 0 
5060000 5060 1000.0 8304458.954 2072.927 3.0232 0 0 0 
5070000 5070 1000.0 8324739.493 2064.425 3.0166 0 0 0 
5080000 5080 1000.0 8344871.913 2054.913 3.0158 0 0 0 
5090000 5090 1000.0 8364820.323 2043.528 3.0208 0 0 0 
5100000 5100 1000.0 8385481.036 2047.556 3.0267 0 0 0 
5110000 5110 1000.0 8406984.189 2066.024 3.0291 0 0 0 
5120000 5120 1000.0 8428538.7 2082.998 3.0291 0 0 0 
5130000 5130 1000.0 8448720.466 2070.911 3.0373 0 0 0 
5140000 5140 1000.0 8468621.871 2056.017 3.0304 0 0 0 
5150000 5150 1000.0 8489526.465 2061.564 3.0276 0 0 0 
5160000 5160 1000.0 8509757.907 2054.116 3.0242 0 0 0 
5170000 5170 1000.0 8529224.076 2034.905 3.0266 0 0 0 
5180000 5180 1000.0 8548846.721 2021.878 3.0235 0 0 0 
5190000 5190 1000.0 8568088.064 2003.265 3.0278 0 0 0 
5200000 5200 1000.0 8588885.155 2017.457 3.0226 0 0 0 
5210000 5210 1000.0 8608567.502 2008.267 3.0303 0 0 0 
5220000 5220 1000.0 8629200.774 2018.91 3.032 0 0 0 
5230000 5230 1000.0 8649501.675 2020.807 3.0275 0 0 0 
5240000 5240 1000.0 8670498.561 2035.236 3.0284 0 0 0 
5250000 5250 1000.0 8691902.663 2054.708 3.0358 0 0 0 
5260000 5260 1000.0 8713398.845 2071.927 3.0262 0 0 0 
5270000 5270 1000.0 8735218.322 2091.498 3.0346 0 0 0 
5280000 5280 1000.0 8757021.566 2107.398 3.0377 0 0 0 
5290000 5290 1000.0 8778760.166 2120.07 3.0338 0 0 0 
5300000 5300 1000.0 8800409.63 2128.295 3.0251 0 0 0 
5310000 5310 1000.0 8822837.426 2149.239 3.0211 0 0 0 
5320000 5320 1000.0 8845100.279 2163.051 3.0293 0 0 0 
5330000 5330 1000.0 8866459.019 2157.852 3.0272 0 0 0 
5340000 5340 1000.0 8887546.144 2149.54 3.031 0 0 0 
5350000 5350 1000.0 8908811.777 2145.284 3.0259 0 0 0 
5360000 5360 1000.0 8929611.535 2133.41 3.022 0 0 0 
5370000 5370 1000.0 8949837.545 2113.045 3.0189 0 0 0 
5380000 5380 1000.0 8970614.314 2106.034 3.0261 0 0 0 
5390000 5390 1000.0 8991603.626 2104.788 3.0214 0 0 0 
5400000 5400 1000.0 9012632.561 2104.075 3.0266 0 0 0 
5410000 5410 1000.0 9033531.388 2101.44 3.033 0 0 0 
5420000 5420 1000.0 9054990.501 2109.209 3.0345 0 0 0 
5430000 5430 1000.0 9076610.558 2118.972 3.0292 0 0 0 
5440000 5440 1000.0 9098455.107 2131.501 3.0266 0 0 0 
5450000 5450 1000.0 9121306.747 2159.545 3.0288 0 0 0 
5460000 5460 1000.0 9143219.39 2164.796 3.0333 0 0 0 
5470000 5470 1000.0 9165787.087 2181.418 3.0359 0 0 0 
5480000 5480 1000.0 9187255.296 2175.058 3.027 0 0 0 
5490000 5490 1000.0 9207746.841 2151.009 3.0313 0 0 0 
5500000 5500 1000.0 9228260.329 2133.341 3.0267 0 0 0 
5510000 5510 1000.0 9249679.327 2134.982 3.0267 0 0 0 
5520000 5520 1000.0 9270964.324 2133.144 3.0232 0 0 0 
5530000 5530 1000.0 9291682.528 2121.377 3.016 0 0 0 
5540000 5540 1000.0 9313242.716 2127.907 3.0188 0 0 0 
5550000 5550 1000.0 9329078.74 2024.021 3.0271 0 0 0 
5560000 5560 1000.0 9347218.392 1985.611 3.0272 0 0 0 
5570000 5570 1000.0 9367400.408 1992.526 3.028 0 0 0 
5580000 5580 1000.0 9385501.242 1960.253 3.0344 0 0 0 
5590000 5590 1000.0 9404909.074 1957.472 3.03 0 0 0 
5600000 5600 1000.0 9423157.17 1933.113 3.0395 0 0 0 
5610000 5610 1000.0 9443395.364 1950.339 3.0352 0 0 0 
5620000 5620 1000.0 9463081.931 1953.445 3.0398 0 0 0 
5630000 5630 1000.0 9483264.791 1965.721 3.0435 0 0 0 
5640000 5640 1000.0 9504069.304 1987.192 3.0336 0 0 0 
5650000 5650 1000.0 9525934.206 2024.071 3.032 0 0 0 
5660000 5660 1000.0 9547254.346 2043.527 3.0333 0 0 0 
5670000 5670 1000.0 9568776.957 2062.73 3.0414 0 0 0 
5680000 5680 1000.0 9590010.625 2074.286 3.0418 0 0 0 
5690000 5690 1000.0 9611514.597 2087.788 3.0421 0 0 0 
5700000 5700 1000.0 9633685.416 2111.548 3.0374 0 0 0 
5710000 5710 1000.0 9656079.506 2135.645 3.0317 0 0 0 
5720000 5720 1000.0 9678462.472 2154.08 3.0306 0 0 0 
5730000 5730 1000.0 9700326.891 2159.842 3.0358 0 0 0 
5740000 5740 1000.0 9721687.468 2155.463 3.0366 0 0 0 
5750000 5750 1000.0 9743698.447 2164.172 3.0356 0 0 0 
5760000 5760 1000.0 9764980.768 2157.817 3.0358 0 0 0 
5770000 5770 1000.0 9785823.085 2144.2 3.0343 0 0 0 
5780000 5780 1000.0 9807780.933 2153.804 3.0254 0 0 0 
5790000 5790 1000.0 9829581.937 2158.994 3.0224 0 0 0 
5800000 5800 1000.0 9851720.257 2168.66 3.0217 0 0 0 
5810000 5810 1000.0 9874589.653 2190.395 3.0204 0 0 0 
5820000 5820 1000.0 9897131.804 2202.092 3.01 0 0 0 
5830000 5830 1000.0 9919393.698 2206.219 3.0205 0 0 0 
5840000 5840 1000.0 9941695.61 2210.44 3.0285 0 0 0 
5850000 5850 1000.0 9963674.796 2208.606 3.0326 0 0 0 
5860000 5860 1000.0 9985002.469 2194.921 3.0325 0 0 0 
5870000 5870 1000.0 10006540.325 2187.354 3.037 0 0 0 
5880000 5880 1000.0 10027905.133 2178.138 3.0366 0 0 0 
5890000 5890 1000.0 10049394.126 2173.293 3.0393 0 0 0 
5900000 5900 1000.0 10071253.896 2176.41 3.0383 0 0 0 
5910000 5910 1000.0 10094196.433 2197.698 3.0318 0 0 0 
5920000 5920 1000.0 10116383.896 2200.826 3.0269 0 0 0 
5930000 5930 1000.0 10138279.838 2198.814 3.0253 0 0 0 
5940000 5940 1000.0 10159071.851 2176.934 3.0284 0 0 0 
5950000 5950 1000.0 10179983.196 2161.135 3.0348 0 0 0 
5960000 5960 1000.0 10200779.855 2145.56 3.0409 0 0 0 
5970000 5970 1000.0 10222367.083 2148.189 3.043 0 0 0 
5980000 5980 1000.0 10243892.446 2149.176 3.0474 0 0 0 
5990000 5990 1000.0 10264294.807 2128.838 3.0414 0 0 0 
6000000 6000 1000.0 10285500.941 2127.834 3.0422 0 0 0 
