10000 72 111.656 -38.926 -0.43 0.4355 0 0 0 
20000 155 120.104 -77.401 -0.461 0.4764 0 0 0 
30000 545 24.484 -83.833 -0.013 0.2017 0 0 0 
40000 956 24.402 -88.88 -0.013 0.1988 0 0 0 
50000 1375 23.982 -94.538 -0.013 0.1973 0 0 0 
60000 1792 23.96 -99.386 -0.014 0.1995 0 0 0 
70000 2207 24.206 -103.883 -0.011 0.1976 0 0 0 
80000 2623 24.123 -108.409 -0.011 0.1991 0 0 0 
90000 3041 23.997 -113.386 -0.011 0.1981 0 0 0 
100000 3457 24.304 -117.872 -0.011 0.2006 0 0 0 
110000 3871 24.094 -122.354 -0.011 0.1981 0 0 0 
120000 4284 24.362 -126.761 -0.011 0.2016 0 0 0 
130000 4696 24.041 -131.155 -0.011 0.1954 0 0 0 
140000 5109 24.514 -135.528 -0.011 0.2024 0 0 0 
150000 5521 24.329 -139.916 -0.011 0.2015 0 0 0 
160000 5934 24.31 -144.308 -0.011 0.1986 0 0 0 
170000 6350 24.317 -148.706 -0.011 0.2016 0 0 0 
180000 6764 24.009 -153.12 -0.011 0.2001 0 0 0 
190000 7178 24.177 -157.51 -0.011 0.2006 0 0 0 
200000 7591 24.275 -161.897 -0.011 0.1999 0 0 0 
210000 8004 24.295 -166.274 -0.011 0.2038 0 0 0 
220000 8419 24.157 -170.683 -0.011 0.1994 0 0 0 
230000 8833 24.216 -175.055 -0.011 0.199 0 0 0 
240000 9250 24.074 -179.46 -0.011 0.2023 0 0 0 
250000 9666 24.075 -183.883 -0.011 0.2009 0 0 0 
260000 10083 24.077 -188.33 -0.011 0.2009 0 0 0 
270000 10495 24.406 -192.685 -0.011 0.2003 0 0 0 
280000 10906 24.465 -197.032 -0.011 0.2018 0 0 0 
290000 11320 24.275 -201.362 -0.011 0.2014 0 0 0 
300000 11730 24.478 -206.044 -0.012 0.1999 0 0 0 
310000 12140 24.43 -210.439 -0.011 0.2052 0 0 0 
320000 12549 24.398 -214.85 -0.01 0.2034 0 0 0 
330000 12965 24.044 -219.125 -0.01 0.1988 0 0 0 
340000 13378 24.406 -223.36 -0.01 0.2023 0 0 0 
350000 13790 24.112 -227.576 -0.01 0.2022 0 0 0 
360000 14204 24.072 -231.807 -0.01 0.1997 0 0 0 
370000 14620 24.059 -236.032 -0.01 0.2016 0 0 0 
380000 15033 23.985 -240.602 -0.012 0.2019 0 0 0 
390000 15446 24.351 -244.802 -0.01 0.1996 0 0 0 
400000 15859 24.342 -248.958 -0.01 0.2021 0 0 0 
410000 16271 24.003 -253.111 -0.01 0.2 0 0 0 
420000 16683 24.358 -257.239 -0.01 0.2037 0 0 0 
430000 17097 24.137 -261.407 -0.01 0.2015 0 0 0 
440000 17508 24.066 -265.525 -0.01 0.2028 0 0 0 
450000 17919 23.975 -269.681 -0.01 0.2028 0 0 0 
460000 18352 24.33 -274.964 -0.01 0.2065 0 0 0 
470000 18763 23.298 -276.569 -0.001 0.2018 0 0 0 
480000 19192 23.359 -278.931 -0.007 0.2014 0 0 0 
490000 19622 23.279 -283.229 -0.011 0.1995 0 0 0 
500000 20050 23.21 -289.16 -0.013 0.199 0 0 0 
510000 20473 24.648 -290.269 0.001 0.2052 0 0 0 
520000 20841 27.735 -289.386 0.004 0.2222 0 0 0 
530000 21215 26.518 -288.283 0.002 0.2197 0 0 0 
540000 21584 27.167 -286.582 0.007 0.2223 0 0 0 
550000 21945 27.79 -282.129 0.012 0.2272 0 0 0 
560000 22307 27.783 -279.501 0.012 0.2264 0 0 0 
570000 22675 26.922 -275.115 0.012 0.221 0 0 0 
580000 23050 26.154 -270.9 0.008 0.2144 0 0 0 
590000 23451 24.372 -269.042 0.004 0.2063 0 0 0 
600000 23835 26.256 -264.071 0.02 0.2204 0 0 0 
610000 24183 29.327 -259.984 0.007 0.2341 0 0 0 
620000 24544 27.725 -253.219 0.021 0.2273 0 0 0 
630000 24858 39.775 -245.43 0.03 0.2953 0 0 0 
640000 25167 27.935 -234.774 0.033 0.2249 0 0 0 
650000 25525 27.638 -221.855 0.04 0.2274 0 0 0 
660000 25876 28.92 -206.947 0.044 0.2319 0 0 0 
670000 26186 31.096 -192.318 0.052 0.2443 0 0 0 
680000 26477 42.803 -176.213 0.053 0.3079 0 0 0 
690000 26571 113.305 -172.334 0.04 0.7097 0 0 0 
700000 26606 199.834 -172.554 0.016 1.1876 0 0 0 
710000 26659 205.259 -171.554 0.015 1.2099 0 0 0 
720000 26760 120.035 -168.134 0.027 0.7412 0 0 0 
730000 26916 59.466 -162.929 0.036 0.4025 0 0 0 
740000 27069 58.818 -157.438 0.04 0.3978 0 0 0 
750000 27316 37.379 -146.28 0.048 0.2816 0 0 0 
760000 27568 40.426 -133.053 0.055 0.2956 0 0 0 
770000 27776 51.355 -121.441 0.054 0.3558 0 0 0 
780000 27915 60.346 -113.698 0.059 0.4105 0 0 0 
790000 28002 93.793 -108.747 0.059 0.5944 0 0 0 
800000 28085 122.435 -104.517 0.053 0.757 0 0 0 
810000 28201 79.239 -98.053 0.056 0.5136 0 0 0 
820000 28327 85.593 -90.465 0.06 0.5507 0 0 0 
830000 28464 61.491 -81.305 0.066 0.4141 0 0 0 
840000 28600 69.342 -72.186 0.067 0.462 0 0 0 
850000 28700 87.75 -65.987 0.065 0.5735 0 0 0 
860000 28844 94.028 -56.432 0.064 0.6099 0 0 0 
870000 28940 127.977 -50.439 0.061 0.8073 0 0 0 
880000 29065 94.676 -42.082 0.065 0.6056 0 0 0 
890000 29201 76.918 -32.919 0.067 0.4983 0 0 0 
900000 29247 172.504 -29.804 0.067 1.034 0 0 0 
910000 29292 200.542 -27.756 0.055 1.2321 0 0 0 
920000 29328 259.877 -26.49 0.04 1.5674 0 0 0 
930000 29361 275.184 -26.222 0.025 1.6439 0 0 0 
940000 29408 217.805 -25.388 0.023 1.3132 0 0 0 
950000 29550 78.108 -18.47 0.052 0.5092 0 0 0 
960000 29643 121.348 -13.616 0.049 0.7546 0 0 0 
970000 29711 128.786 -9.779 0.057 0.8018 0 0 0 
980000 29809 124.831 -3.505 0.061 0.7763 0 0 0 
990000 29952 55.854 7.953 0.078 0.3831 0 0 0 
1000000 30130 74.488 21.103 0.079 0.4936 0 0 0 
1010000 30181 147.104 24.824 0.072 0.8947 0 0 0 
1020000 30307 93.123 34.89 0.091 0.6002 0 0 0 
1030000 30372 135.865 41.519 0.093 0.8476 0 0 0 
1040000 30446 135.118 44.421 0.057 0.8631 0 0 0 
1050000 30636 51.232 68.179 0.132 0.362 0 0 0 
1060000 30870 33.086 99.047 0.088 0.2582 0 0 0 
1070000 31107 44.899 128.793 0.147 0.3257 0 0 0 
1080000 31310 53.722 160.905 0.157 0.3785 0 0 0 
1090000 31527 46.321 194.204 0.153 0.3338 0 0 0 
1100000 31702 64.941 219.701 0.14 0.4459 0 0 0 
1110000 31797 117.413 231.674 0.128 0.7552 0 0 0 
1120000 31836 192.979 237.333 0.138 1.2013 0 0 0 
1130000 31927 102.226 243.154 0.07 0.6667 0 0 0 
1140000 32046 94.097 250.266 0.059 0.6134 0 0 0 
1150000 32103 135.414 257.656 0.108 0.8536 0 0 0 
1160000 32137 220.742 262.886 0.132 1.3473 0 0 0 
1170000 32182 208.764 269.404 0.139 1.2768 0 0 0 
1180000 32216 251.704 274.568 0.146 1.5385 0 0 0 
1190000 32262 228.437 282.075 0.157 1.4072 0 0 0 
1200000 32338 135.953 293.77 0.154 0.8624 0 0 0 
1210000 32470 65.575 313.679 0.146 0.4506 0 0 0 
1220000 32537 124.141 325.312 0.167 0.7954 0 0 0 
1230000 32751 42.41 357.504 0.147 0.3106 0 0 0 
1240000 32871 75.972 380.706 0.183 0.5058 0 0 0 
1250000 32926 138.637 395.536 0.233 0.8749 0 0 0 
1260000 32999 140.701 410.306 0.21 0.8777 0 0 0 
1270000 33103 99.375 427.631 0.175 0.6344 0 0 0 
1280000 33207 98.4 445.178 0.17 0.6271 0 0 0 
1290000 33243 198.975 452.154 0.182 1.2014 0 0 0 
1300000 33260 312.165 456.854 0.21 1.8355 0 0 0 
1310000 33308 256.432 469.06 0.252 1.5232 0 0 0 
1320000 33362 214.179 483.657 0.27 1.2875 0 0 0 
1330000 33407 196.273 495.181 0.242 1.1893 0 0 0 
1340000 33472 161.966 509.834 0.23 1.0047 0 0 0 
1350000 33528 164.05 523.624 0.232 1.0093 0 0 0 
1360000 33562 221.203 534.735 0.272 1.3431 0 0 0 
1370000 33596 257.961 547.794 0.326 1.5583 0 0 0 
1380000 33620 310.841 560.499 0.392 1.8709 0 0 0 
1390000 33650 318.035 573.924 0.42 1.922 0 0 0 
1400000 33672 369.802 585.589 0.463 2.232 0 0 0 
1410000 33703 343.213 599.445 0.447 2.0816 0 0 0 
1420000 33746 274.463 614.889 0.387 1.6698 0 0 0 
1430000 33809 174.33 629.383 0.252 1.0883 0 0 0 
1440000 33873 175.732 643.373 0.247 1.0951 0 0 0 
1450000 33902 245.638 659.578 0.374 1.5078 0 0 0 
1460000 34019 86.753 674.078 0.128 0.5696 0 0 0 
1470000 34101 127.908 685.144 0.15 0.8126 0 0 0 
1480000 34207 77.756 699.037 0.113 0.5221 0 0 0 
1490000 34265 128.298 711.514 0.168 0.821 0 0 0 
1500000 34378 80.469 727.055 0.125 0.5382 0 0 0 
1510000 34608 62.254 743.183 0.106 0.4334 0 0 0 
1520000 34955 24.036 751.247 0.01 0.2038 0 0 0 
1530000 35275 49.343 760.823 0.078 0.3545 0 0 0 
1540000 35341 126.689 774.72 0.176 0.8034 0 0 0 
1550000 35396 170.481 786.868 0.212 1.053 0 0 0 
1560000 35419 268.271 796.278 0.285 1.6395 0 0 0 
1570000 35454 270.426 805.782 0.27 1.6545 0 0 0 
1580000 35479 321.613 814.458 0.302 1.9502 0 0 0 
1590000 35505 345.757 822.871 0.308 2.0866 0 0 0 
1600000 35553 259.324 833.214 0.25 1.5835 0 0 0 
1610000 35611 205.672 844.157 0.213 1.2704 0 0 0 
1620000 35660 214.289 853.197 0.201 1.3245 0 0 0 
1630000 35686 295.81 859.818 0.231 1.8164 0 0 0 
1640000 35720 288.554 867.017 0.217 1.7708 0 0 0 
1650000 35762 251.55 873.932 0.186 1.5485 0 0 0 
1660000 35830 161.334 882.526 0.136 1.0098 0 0 0 
1670000 35879 178.093 893.028 0.177 1.1114 0 0 0 
1680000 35909 253.393 902.478 0.243 1.5493 0 0 0 
1690000 35944 270.674 910.037 0.228 1.6562 0 0 0 
1700000 35972 308.133 918.187 0.255 1.8789 0 0 0 
1710000 36003 305.936 926.567 0.258 1.8654 0 0 0 
1720000 36028 347.834 935.202 0.295 2.102 0 0 0 
1730000 36049 390.763 942.012 0.303 2.3538 0 0 0 
1740000 36072 406.125 950.316 0.326 2.4491 0 0 0 
1750000 36110 318.458 961.876 0.306 1.936 0 0 0 
1760000 36131 369.401 974.127 0.397 2.2301 0 0 0 
1770000 36144 460.779 986.248 0.52 2.7594 0 0 0 
1780000 36160 505.176 999.89 0.609 3.0226 0 0 0 
1790000 36230 232.992 1015.585 0.319 1.4348 0 0 0 
1800000 36271 229.681 1032.845 0.36 1.4167 0 0 0 
1810000 36317 207.484 1048.803 0.329 1.2738 0 0 0 
1820000 36367 196.194 1061.2 0.269 1.2141 0 0 0 
1830000 36452 128.63 1076.473 0.194 0.823 0 0 0 
1840000 36572 87.297 1092.438 0.135 0.576 0 0 0 
1850000 36657 115.092 1107.877 0.184 0.7422 0 0 0 
1860000 36689 216.588 1120.916 0.297 1.3387 0 0 0 
1870000 36704 336.808 1130.302 0.384 2.0467 0 0 0 
1880000 36717 438.641 1145.835 0.574 2.6454 0 0 0 
1890000 36752 353.803 1160.758 0.488 2.1336 0 0 0 
1900000 36780 360.453 1172.683 0.467 2.1708 0 0 0 
1910000 36803 397.601 1185.234 0.508 2.3905 0 0 0 
1920000 36824 422.611 1198.204 0.545 2.5438 0 0 0 
1930000 36858 373.0 1212.152 0.486 2.2614 0 0 0 
1940000 36892 335.321 1225.931 0.444 2.0335 0 0 0 
1950000 36913 374.752 1231.986 0.383 2.2588 0 0 0 
1960000 36943 369.693 1241.889 0.372 2.2258 0 0 0 
1970000 36975 341.961 1254.734 0.39 2.0659 0 0 0 
1980000 37014 298.515 1272.599 0.43 1.814 0 0 0 
1990000 37062 244.441 1293.141 0.438 1.4917 0 0 0 
2000000 37088 303.602 1312.567 0.566 1.8302 0 0 0 
2010000 37108 356.464 1331.376 0.671 2.1368 0 0 0 
2020000 37126 418.544 1346.689 0.737 2.5022 0 0 0 
2030000 37148 430.47 1360.204 0.687 2.5771 0 0 0 
2040000 37164 480.893 1372.244 0.705 2.8865 0 0 0 
2050000 37195 416.42 1388.06 0.625 2.5213 0 0 0 
2060000 37222 392.424 1407.169 0.649 2.3615 0 0 0 
2070000 37267 272.197 1424.724 0.468 1.6591 0 0 0 
2080000 37310 260.352 1439.739 0.416 1.6081 0 0 0 
2090000 37362 202.288 1459.069 0.357 1.26 0 0 0 
2100000 37416 194.895 1481.363 0.409 1.2118 0 0 0 
2110000 37488 162.097 1502.172 0.332 1.0207 0 0 0 
2120000 37540 177.433 1521.735 0.348 1.1057 0 0 0 
2130000 37610 137.902 1543.014 0.29 0.8729 0 0 0 
2140000 37667 161.725 1565.331 0.362 1.0063 0 0 0 
2150000 37704 210.967 1595.714 0.586 1.2828 0 0 0 
2160000 37726 308.301 1626.88 0.91 1.8595 0 0 0 
2170000 37776 230.769 1655.934 0.674 1.4024 0 0 0 
2180000 37833 192.333 1678.124 0.474 1.1799 0 0 0 
2190000 37896 172.092 1704.01 0.448 1.0709 0 0 0 
2200000 38059 46.613 1721.799 0.069 0.3449 0 0 0 
2210000 38193 85.365 1742.96 0.19 0.5808 0 0 0 
2220000 38272 120.542 1764.361 0.262 0.7812 0 0 0 
2230000 38323 168.038 1789.007 0.401 1.0579 0 0 0 
2240000 38345 281.065 1816.462 0.725 1.7304 0 0 0 
2250000 38361 368.969 1841.909 0.934 2.2435 0 0 0 
2260000 38376 446.082 1870.058 1.187 2.6953 0 0 0 
2270000 38394 491.547 1895.801 1.291 2.9633 0 0 0 
2280000 38414 492.698 1924.732 1.332 2.9701 0 0 0 
2290000 38438 454.647 1955.01 1.279 2.7331 0 0 0 
2300000 38454 495.846 1985.187 1.432 2.9787 0 0 0 
2310000 38469 542.238 2017.724 1.632 3.2536 0 0 0 
2320000 38485 557.112 2045.674 1.633 3.3465 0 0 0 
2330000 38504 545.874 2073.809 1.576 3.2814 0 0 0 
2340000 38517 604.249 2102.184 1.744 3.633 0 0 0 
2350000 38536 585.679 2130.31 1.68 3.5254 0 0 0 
2360000 38556 550.821 2163.115 1.637 3.3152 0 0 0 
2370000 38568 605.871 2196.75 1.871 3.6492 0 0 0 
2380000 38579 665.715 2232.755 2.151 4.0108 0 0 0 
2390000 38593 676.937 2267.595 2.231 4.077 0 0 0 
2400000 38605 711.157 2306.16 2.443 4.2788 0 0 0 
2410000 38618 726.747 2340.933 2.506 4.3706 0 0 0 
2420000 38630 752.676 2376.391 2.613 4.5211 0 0 0 
2430000 38642 767.066 2412.659 2.682 4.6176 0 0 0 
2440000 38654 782.061 2449.664 2.777 4.703 0 0 0 
2450000 38667 784.745 2484.748 2.777 4.7268 0 0 0 
2460000 38681 762.375 2520.989 2.711 4.6053 0 0 0 
2470000 38696 734.146 2556.242 2.604 4.4467 0 0 0 
2480000 38710 728.882 2589.782 2.55 4.4162 0 0 0 
2490000 38728 675.467 2620.497 2.294 4.0955 0 0 0 
2500000 38745 645.689 2653.527 2.178 3.9176 0 0 0 
2510000 38762 628.458 2685.091 2.087 3.8097 0 0 0 
2520000 38783 580.24 2716.386 1.894 3.5231 0 0 0 
2530000 38798 597.183 2751.233 1.989 3.6212 0 0 0 
2540000 38810 647.47 2785.548 2.169 3.9106 0 0 0 
2550000 38824 665.638 2820.314 2.248 4.0214 0 0 0 
2560000 38834 726.985 2854.034 2.459 4.3895 0 0 0 
2570000 38848 724.542 2890.35 2.495 4.3813 0 0 0 
2580000 38864 698.291 2926.928 2.44 4.2263 0 0 0 
2590000 38878 699.321 2958.587 2.393 4.2338 0 0 0 
2600000 38893 691.075 2988.155 2.288 4.1857 0 0 0 
2610000 38907 696.528 3022.483 2.314 4.2155 0 0 0 
2620000 38919 729.313 3059.412 2.496 4.4165 0 0 0 
2630000 38930 763.654 3093.708 2.618 4.621 0 0 0 
2640000 38945 736.273 3131.7 2.584 4.4548 0 0 0 
2650000 38957 756.933 3168.69 2.695 4.5811 0 0 0 
2660000 38974 710.272 3205.397 2.552 4.302 0 0 0 
2670000 38984 759.869 3245.227 2.793 4.5938 0 0 0 
2680000 38997 760.276 3282.064 2.808 4.6065 0 0 0 
2690000 39010 761.606 3320.092 2.821 4.6216 0 0 0 
2700000 39025 737.352 3358.865 2.756 4.4719 0 0 0 
2710000 39047 633.991 3398.334 2.41 3.8509 0 0 0 
2720000 39062 643.491 3438.297 2.472 3.9065 0 0 0 
2730000 39076 660.902 3478.115 2.557 4.0069 0 0 0 
2740000 39088 697.936 3514.143 2.665 4.2301 0 0 0 
2750000 39104 680.334 3547.215 2.512 4.125 0 0 0 
2760000 39121 653.344 3581.988 2.372 3.9634 0 0 0 
2770000 39132 700.646 3616.809 2.514 4.2371 0 0 0 
2780000 39145 717.935 3655.406 2.626 4.3436 0 0 0 
2790000 39163 664.375 3690.473 2.397 4.0264 0 0 0 
2800000 39187 571.193 3717.31 1.914 3.4616 0 0 0 
2810000 39207 543.451 3755.628 1.897 3.2991 0 0 0 
2820000 39220 596.871 3795.942 2.186 3.6109 0 0 0 
2830000 39235 616.74 3838.386 2.363 3.7285 0 0 0 
2840000 39248 652.43 3880.282 2.565 3.9421 0 0 0 
2850000 39262 669.402 3925.095 2.725 4.0462 0 0 0 
2860000 39275 694.374 3970.787 2.918 4.1946 0 0 0 
2870000 39286 736.352 4016.437 3.158 4.4425 0 0 0 
2880000 39299 745.656 4061.633 3.241 4.492 0 0 0 
2890000 39311 765.4 4103.506 3.302 4.6135 0 0 0 
2900000 39323 780.498 4147.219 3.381 4.7056 0 0 0 
2910000 39334 807.421 4189.377 3.476 4.8732 0 0 0 
2920000 39347 799.16 4234.131 3.471 4.8271 0 0 0 
2930000 39358 822.671 4277.805 3.575 4.9748 0 0 0 
2940000 39373 784.143 4321.828 3.421 4.751 0 0 0 
2950000 39385 793.204 4365.953 3.466 4.7983 0 0 0 
2960000 39397 800.725 4408.363 3.478 4.8392 0 0 0 
2970000 39412 767.447 4451.318 3.326 4.6431 0 0 0 
2980000 39424 780.629 4497.903 3.438 4.7206 0 0 0 
2990000 39434 820.941 4541.449 3.608 4.9684 0 0 0 
3000000 39449 779.965 4585.365 3.427 4.7267 0 0 0 
3010000 39460 786.984 4631.732 3.498 4.7629 0 0 0 
3020000 39474 777.873 4677.62 3.479 4.7091 0 0 0 
3030000 39492 703.011 4721.32 3.132 4.2608 0 0 0 
3040000 39515 599.965 4767.241 2.693 3.645 0 0 0 
3050000 39534 580.273 4814.138 2.637 3.5242 0 0 0 
3060000 39552 569.16 4862.874 2.637 3.4605 0 0 0 
3070000 39568 580.946 4910.971 2.74 3.5271 0 0 0 
3080000 39580 633.315 4958.934 2.992 3.8283 0 0 0 
3090000 39594 649.491 5010.266 3.126 3.9255 0 0 0 
3100000 39607 676.498 5059.777 3.286 4.0784 0 0 0 
3110000 39620 700.153 5109.649 3.439 4.2253 0 0 0 
3120000 39631 741.599 5161.59 3.676 4.4643 0 0 0 
3130000 39644 743.535 5209.489 3.679 4.4812 0 0 0 
3140000 39657 750.954 5259.773 3.73 4.5265 0 0 0 
3150000 39673 712.999 5310.862 3.551 4.3045 0 0 0 
3160000 39685 736.261 5364.498 3.727 4.4357 0 0 0 
3170000 39699 728.09 5419.288 3.761 4.3846 0 0 0 
3180000 39712 741.435 5474.016 3.892 4.4683 0 0 0 
3190000 39723 767.809 5530.897 4.11 4.6233 0 0 0 
3200000 39735 782.267 5584.47 4.178 4.7038 0 0 0 
3210000 39746 807.837 5639.895 4.36 4.8549 0 0 0 
3220000 39756 843.172 5696.293 4.58 5.0709 0 0 0 
3230000 39767 857.206 5749.306 4.648 5.1555 0 0 0 
3240000 39780 836.008 5803.399 4.53 5.0327 0 0 0 
3250000 39790 866.19 5858.465 4.688 5.2094 0 0 0 
3260000 39802 860.553 5917.617 4.765 5.1773 0 0 0 
3270000 39812 886.244 5979.195 5.014 5.3263 0 0 0 
3280000 39822 907.236 6042.485 5.249 5.44 0 0 0 
3290000 39832 924.388 6103.253 5.408 5.5484 0 0 0 
3300000 39842 938.403 6164.525 5.542 5.6291 0 0 0 
3310000 39853 930.986 6219.3 5.422 5.5873 0 0 0 
3320000 39863 943.794 6272.27 5.403 5.6622 0 0 0 
3330000 39876 909.798 6326.031 5.138 5.4565 0 0 0 
3340000 39886 919.628 6384.755 5.236 5.5153 0 0 0 
3350000 39900 869.989 6441.364 4.95 5.2154 0 0 0 
3360000 39910 893.955 6501.375 5.139 5.3516 0 0 0 
3370000 39921 903.846 6553.745 5.104 5.417 0 0 0 
3380000 39933 882.851 6613.016 5.032 5.295 0 0 0 
3390000 39943 904.464 6673.037 5.212 5.4178 0 0 0 
3400000 39954 903.689 6734.949 5.29 5.4081 0 0 0 
3410000 39964 921.49 6802.24 5.527 5.4984 0 0 0 
3420000 39976 902.202 6865.121 5.475 5.3856 0 0 0 
3430000 39988 887.766 6929.266 5.456 5.2985 0 0 0 
3440000 39999 891.895 6994.326 5.541 5.3227 0 0 0 
3450000 40009 911.854 7057.906 5.702 5.4441 0 0 0 
3460000 40019 928.161 7120.258 5.792 5.5371 0 0 0 
3470000 40029 941.485 7182.588 5.868 5.6225 0 0 0 
3480000 40040 936.706 7246.016 5.854 5.592 0 0 0 
3490000 40050 948.467 7310.756 5.968 5.6522 0 0 0 
3500000 40062 921.355 7379.124 5.897 5.4945 0 0 0 
3510000 40073 918.146 7445.859 5.923 5.4797 0 0 0 
3520000 40086 882.32 7513.311 5.751 5.2714 0 0 0 
3530000 40097 886.34 7581.445 5.82 5.295 0 0 0 
3540000 40108 889.86 7653.64 5.954 5.3183 0 0 0 
3550000 40119 895.422 7723.925 6.067 5.3518 0 0 0 
3560000 40132 864.688 7793.819 5.892 5.1696 0 0 0 
3570000 40148 794.344 7860.581 5.378 4.7643 0 0 0 
3580000 40159 818.049 7931.177 5.6 4.8997 0 0 0 
3590000 40172 809.811 8003.836 5.62 4.8467 0 0 0 
3600000 40188 754.545 8074.974 5.25 4.5179 0 0 0 
3610000 40203 728.187 8146.416 5.095 4.3675 0 0 0 
3620000 40217 724.545 8221.306 5.15 4.3364 0 0 0 
3630000 40229 751.282 8294.997 5.395 4.4862 0 0 0 
3640000 40244 729.41 8361.777 5.165 4.3632 0 0 0 
3650000 40261 692.825 8430.59 4.879 4.1516 0 0 0 
3660000 40277 672.764 8502.454 4.747 4.0238 0 0 0 
3670000 40287 732.807 8581.677 5.342 4.3779 0 0 0 
3680000 40297 781.867 8659.408 5.792 4.6523 0 0 0 
3690000 40309 791.196 8736.974 5.917 4.7009 0 0 0 
3700000 40320 815.333 8812.603 6.119 4.8426 0 0 0 
3710000 40331 832.362 8887.304 6.238 4.9401 0 0 0 
3720000 40341 863.21 8963.954 6.501 5.1125 0 0 0 
3730000 40352 871.855 9036.879 6.518 5.1447 0 0 0 
3740000 40364 867.619 9111.739 6.496 5.1176 0 0 0 
3750000 40375 870.822 9187.937 6.545 5.1427 0 0 0 
3760000 40386 880.259 9262.72 6.619 5.1976 0 0 0 
3770000 40399 853.747 9331.97 6.319 5.0511 0 0 0 
3780000 40410 865.957 9405.818 6.399 5.1282 0 0 0 
3790000 40422 857.7 9483.786 6.409 5.0779 0 0 0 
3800000 40433 868.274 9558.947 6.499 5.1424 0 0 0 
3810000 40446 843.815 9630.691 6.265 5.0108 0 0 0 
3820000 40470 679.96 9702.103 5.004 4.0446 0 0 0 
3830000 40483 700.962 9778.832 5.214 4.1667 0 0 0 
3840000 40494 742.769 9856.603 5.582 4.4158 0 0 0 
3850000 40508 736.051 9929.172 5.491 4.3793 0 0 0 
3860000 40531 615.449 10001.597 4.555 3.68 0 0 0 
3870000 40553 557.383 10075.204 4.117 3.3301 0 0 0 
3880000 40564 626.108 10150.054 4.64 3.7155 0 0 0 
3890000 40574 694.686 10224.304 5.151 4.1177 0 0 0 
3900000 40585 738.094 10301.502 5.528 4.3738 0 0 0 
3910000 40596 773.539 10374.752 5.763 4.5773 0 0 0 
3920000 40609 774.193 10446.035 5.706 4.5857 0 0 0 
3930000 40621 788.052 10526.586 5.93 4.6717 0 0 0 
3940000 40636 760.921 10601.075 5.711 4.5272 0 0 0 
3950000 40647 790.524 10672.989 5.874 4.7006 0 0 0 
3960000 40662 758.085 10742.036 5.545 4.5016 0 0 0 
3970000 40672 802.521 10816.25 5.892 4.7615 0 0 0 
3980000 40683 822.292 10888.878 6.02 4.8803 0 0 0 
3990000 40694 840.523 10956.117 6.045 4.9778 0 0 0 
4000000 40707 823.091 11021.402 5.804 4.8679 0 0 0 
4010000 40733 614.623 11087.408 4.235 3.6608 0 0 0 
4020000 40757 532.816 11149.657 3.608 3.1833 0 0 0 
4030000 40827 241.505 11195.304 1.381 1.4819 0 0 0 
4040000 40908 132.934 11249.366 0.719 0.8527 0 0 0 
4050000 40931 244.682 11319.402 1.548 1.5134 0 0 0 
4060000 41100 45.128 11354.815 0.121 0.3366 0 0 0 
4070000 41398 28.448 11370.056 0.019 0.2311 0 0 0 
4080000 41822 22.892 11364.591 -0.012 0.2004 0 0 0 
4090000 42256 23.42 11360.588 -0.007 0.2067 0 0 0 
4100000 42674 23.765 11358.887 -0.007 0.2046 0 0 0 
4110000 43102 23.482 11354.007 -0.014 0.2051 0 0 0 
4120000 43522 23.877 11347.528 -0.016 0.2094 0 0 0 
4130000 43943 23.685 11339.473 -0.023 0.2076 0 0 0 
4140000 44368 23.385 11328.674 -0.026 0.2052 0 0 0 
4150000 44799 23.237 11316.16 -0.031 0.2048 0 0 0 
4160000 45218 25.479 11301.418 -0.039 0.2207 0 0 0 
4170000 45604 26.164 11282.67 -0.054 0.2209 0 0 0 
4180000 45817 89.392 11295.835 0.29 0.5876 0 0 0 
4190000 45844 211.478 11342.212 0.923 1.3007 0 0 0 
4200000 45868 277.15 11389.704 1.26 1.6763 0 0 0 
4210000 45885 364.419 11444.985 1.802 2.1752 0 0 0 
4220000 45902 428.06 11496.591 2.159 2.5446 0 0 0 
4230000 45916 498.792 11543.18 2.457 2.9727 0 0 0 
4240000 45926 590.66 11588.629 2.809 3.5042 0 0 0 
4250000 45938 641.571 11635.212 3.054 3.8156 0 0 0 
4260000 45948 707.321 11665.988 3.081 4.2122 0 0 0 
4270000 45959 747.592 11685.595 2.834 4.4638 0 0 0 
4280000 45969 793.947 11701.596 2.608 4.7359 0 0 0 
4290000 45981 804.749 11719.774 2.372 4.8011 0 0 0 
4300000 45991 840.648 11744.583 2.383 5.0246 0 0 0 
4310000 46003 840.646 11767.402 2.287 5.0316 0 0 0 
4320000 46015 837.756 11798.501 2.342 5.0285 0 0 0 
4330000 46026 851.928 11845.956 2.703 5.1173 0 0 0 
4340000 46038 845.424 11901.964 3.116 5.0813 0 0 0 
4350000 46050 843.216 11961.849 3.517 5.0592 0 0 0 
4360000 46062 841.959 12024.907 3.9 5.0329 0 0 0 
4370000 46073 855.887 12084.04 4.196 5.1112 0 0 0 
4380000 46084 867.691 12140.454 4.396 5.1805 0 0 0 
4390000 46095 874.25 12201.479 4.62 5.2293 0 0 0 
4400000 46105 897.436 12262.789 4.887 5.3703 0 0 0 
4410000 46115 916.381 12325.979 5.154 5.473 0 0 0 
4420000 46125 931.86 12392.819 5.422 5.5487 0 0 0 
4430000 46135 944.508 12460.906 5.677 5.6207 0 0 0 
4440000 46145 954.842 12528.882 5.894 5.6742 0 0 0 
4450000 46156 947.072 12597.993 5.981 5.6154 0 0 0 
4460000 46167 939.406 12669.285 6.074 5.5569 0 0 0 
4470000 46178 937.08 12734.202 6.069 5.5349 0 0 0 
4480000 46190 908.813 12802.639 5.944 5.3679 0 0 0 
4490000 46202 891.562 12869.557 5.859 5.2571 0 0 0 
4500000 46218 825.221 12935.33 5.424 4.8745 0 0 0 
4510000 46229 835.138 12997.176 5.415 4.9303 0 0 0 
4520000 46246 760.85 13057.091 4.838 4.5064 0 0 0 
4530000 46258 775.525 13130.949 5.104 4.589 0 0 0 
4540000 46270 789.737 13205.204 5.353 4.6677 0 0 0 
4550000 46286 745.029 13266.596 4.964 4.411 0 0 0 
4560000 46303 698.05 13333.819 4.648 4.1443 0 0 0 
4570000 46319 674.982 13395.42 4.403 4.0074 0 0 0 
4580000 46331 709.512 13462.06 4.662 4.2029 0 0 0 
4590000 46344 726.777 13534.06 4.877 4.3116 0 0 0 
4600000 46357 728.542 13603.4 4.937 4.3257 0 0 0 
4610000 46371 722.328 13673.615 4.934 4.2833 0 0 0 
4620000 46381 773.305 13752.135 5.471 4.5822 0 0 0 
4630000 46393 783.848 13824.968 5.577 4.6512 0 0 0 
4640000 46404 810.036 13905.262 5.928 4.8048 0 0 0 
4650000 46415 829.975 13984.622 6.187 4.9246 0 0 0 
4660000 46426 847.348 14066.689 6.463 5.0323 0 0 0 
4670000 46437 859.607 14151.163 6.697 5.0942 0 0 0 
4680000 46447 885.472 14229.362 6.909 5.242 0 0 0 
4690000 46457 906.605 14312.993 7.182 5.3596 0 0 0 
4700000 46467 923.872 14387.668 7.23 5.4677 0 0 0 
4710000 46478 920.593 14467.175 7.234 5.4547 0 0 0 
4720000 46488 935.301 14538.682 7.221 5.5442 0 0 0 
4730000 46498 947.32 14616.231 7.322 5.6089 0 0 0 
4740000 46511 907.999 14690.972 6.966 5.3823 0 0 0 
4750000 46521 925.012 14767.306 7.092 5.4824 0 0 0 
4760000 46532 923.23 14847.724 7.151 5.7002 0 0 0 
4770000 46543 921.947 14918.725 7.021 5.7902 0 0 0 
4780000 46554 920.563 14989.325 6.908 5.7151 0 0 0 
4790000 46574 777.183 15053.139 5.651 4.7918 0 0 0 
4800000 46585 804.894 15125.545 5.843 4.9264 0 0 0 
4810000 46597 812.696 15199.584 5.927 4.9438 0 0 0 
4820000 46607 847.142 15274.644 6.213 5.1276 0 0 0 
4830000 46617 875.287 15352.788 6.511 5.287 0 0 0 
4840000 46628 883.323 15434.716 6.704 5.3171 0 0 0 
4850000 46638 904.849 15517.142 6.986 5.4385 0 0 0 
4860000 46648 922.438 15597.681 7.189 5.5426 0 0 0 
4870000 46658 936.809 15678.983 7.358 5.6191 0 0 0 
4880000 46668 948.551 15753.184 7.369 5.6869 0 0 0 
4890000 46678 958.146 15825.522 7.346 5.7375 0 0 0 
4900000 46689 947.825 15884.103 6.927 5.6725 0 0 0 
4910000 46700 940.309 15953.377 6.816 5.6289 0 0 0 
4920000 46710 951.411 16019.263 6.774 5.6963 0 0 0 
4930000 46720 960.482 16095.952 6.935 5.7472 0 0 0 
4940000 46732 932.868 16177.527 6.9 5.5716 0 0 0 
4950000 46743 929.731 16254.689 6.937 5.5622 0 0 0 
4960000 46753 942.768 16342.333 7.274 5.6361 0 0 0 
4970000 46763 953.42 16426.863 7.492 5.7 0 0 0 
4980000 46773 962.124 16512.652 7.688 5.7525 0 0 0 
4990000 46783 969.235 16597.577 7.838 5.796 0 0 0 
5000000 46793 975.046 16684.044 7.994 5.8413 0 0 0 
5010000 46804 942.862 16774.037 7.839 5.6534 0 0 0 
5020000 46815 937.741 16857.215 7.856 5.6298 0 0 0 
5030000 46825 949.312 16938.179 7.89 5.7011 0 0 0 
5040000 46835 958.767 17040.047 8.293 5.7512 0 0 0 
5050000 46845 966.493 17131.974 8.467 5.7997 0 0 0 
5060000 46855 972.805 17215.683 8.465 5.8388 0 0 0 
5070000 46865 977.963 17305.878 8.554 5.8793 0 0 0 
5080000 46875 982.177 17400.938 8.699 5.8998 0 0 0 
5090000 46885 985.62 17490.713 8.766 5.9147 0 0 0 
5100000 46895 988.434 17587.723 8.943 5.9226 0 0 0 
5110000 46905 990.732 17678.682 8.978 5.9402 0 0 0 
5120000 46915 992.611 17769.538 8.994 5.9486 0 0 0 
5130000 46926 974.656 17858.335 8.832 5.8469 0 0 0 
5140000 46936 979.475 17947.16 8.822 5.8769 0 0 0 
5150000 46946 983.412 18036.915 8.877 5.9004 0 0 0 
5160000 46956 986.629 18126.774 8.873 5.9208 0 0 0 
5170000 46966 989.258 18220.207 8.979 5.9335 0 0 0 
5180000 46976 991.406 18311.186 8.996 5.9524 0 0 0 
5190000 46986 993.161 18400.929 8.976 5.9621 0 0 0 
5200000 46996 994.595 18495.19 9.075 5.9653 0 0 0 
5210000 47007 976.899 18582.985 8.841 5.8586 0 0 0 
5220000 47021 911.645 18668.32 8.166 5.4797 0 0 0 
5230000 47032 912.073 18750.643 8.051 5.4932 0 0 0 
5240000 47045 877.603 18832.393 7.655 5.2868 0 0 0 
5250000 47055 900.176 18920.09 7.84 5.4109 0 0 0 
5260000 47065 918.619 19011.838 8.072 5.5139 0 0 0 
5270000 47075 933.689 19093.66 8.107 5.6116 0 0 0 
5280000 47085 946.002 19183.532 8.263 5.6823 0 0 0 
5290000 47095 956.063 19274.528 8.419 5.7489 0 0 0 
5300000 47105 964.283 19366.41 8.561 5.7994 0 0 0 
5310000 47115 971.0 19455.279 8.625 5.8389 0 0 0 
5320000 47125 976.487 19548.49 8.763 5.8715 0 0 0 
5330000 47135 980.971 19640.551 8.841 5.8995 0 0 0 
5340000 47145 984.635 19733.699 8.913 5.9161 0 0 0 
5350000 47155 987.629 19827.444 9.013 5.9301 0 0 0 
5360000 47165 990.075 19917.331 9.004 5.9419 0 0 0 
5370000 47175 992.073 20005.277 8.97 5.9568 0 0 0 
5380000 47185 993.706 20092.833 8.928 5.9643 0 0 0 
5390000 47195 995.04 20179.301 8.871 5.9797 0 0 0 
5400000 47207 963.646 20259.385 8.446 5.7935 0 0 0 
5410000 47220 916.715 20336.102 7.846 5.5143 0 0 0 
5420000 47233 880.973 20415.623 7.423 5.3001 0 0 0 
5430000 47243 902.929 20505.035 7.702 5.4363 0 0 0 
5440000 47254 905.728 20591.459 7.746 5.4568 0 0 0 
5450000 47264 923.156 20677.619 7.906 5.5603 0 0 0 
5460000 47274 937.395 20764.008 8.045 5.6448 0 0 0 
5470000 47284 949.03 20850.563 8.149 5.7085 0 0 0 
5480000 47294 958.537 20939.813 8.289 5.7606 0 0 0 
5490000 47304 966.305 21023.583 8.312 5.8069 0 0 0 
5500000 47314 972.651 21109.898 8.376 5.8414 0 0 0 
5510000 47324 977.837 21193.049 8.362 5.8643 0 0 0 
5520000 47334 982.074 21278.842 8.397 5.8921 0 0 0 
5530000 47344 985.536 21369.185 8.511 5.9191 0 0 0 
5540000 47355 969.765 21460.174 8.46 5.8182 0 0 0 
5550000 47365 975.479 21549.18 8.541 5.851 0 0 0 
5560000 47377 942.875 21632.294 8.181 5.6569 0 0 0 
5570000 47389 922.314 21715.918 7.942 5.5431 0 0 0 
5580000 47401 902.236 21808.441 7.881 5.418 0 0 0 
5590000 47411 920.302 21887.619 7.904 5.5293 0 0 0 
5600000 47421 935.064 21971.881 8.001 5.6209 0 0 0 
5610000 47431 947.126 22047.34 7.925 5.7093 0 0 0 
5620000 47441 956.981 22129.174 7.975 5.7598 0 0 0 
5630000 47451 965.033 22213.059 8.049 5.8178 0 0 0 
5640000 47461 971.612 22305.681 8.276 5.8483 0 0 0 
5650000 47471 976.988 22393.473 8.373 5.8759 0 0 0 
5660000 47481 981.381 22480.769 8.437 5.8949 0 0 0 
5670000 47491 984.969 22571.186 8.547 5.9147 0 0 0 
5680000 47501 987.902 22659.602 8.604 5.9298 0 0 0 
5690000 47511 990.298 22745.455 8.601 5.9454 0 0 0 
5700000 47521 992.256 22838.14 8.728 5.949 0 0 0 
5710000 47532 976.245 22923.689 8.547 5.8516 0 0 0 
5720000 47542 980.773 23007.961 8.53 5.8841 0 0 0 
5730000 47552 984.473 23092.308 8.518 5.9092 0 0 0 
5740000 47563 971.053 23175.234 8.337 5.8331 0 0 0 
5750000 47573 976.531 23261.845 8.406 5.8699 0 0 0 
5760000 47583 981.007 23350.359 8.486 5.8889 0 0 0 
5770000 47593 984.665 23440.401 8.581 5.9123 0 0 0 
5780000 47603 987.653 23531.612 8.682 5.925 0 0 0 
5790000 47613 990.094 23619.88 8.716 5.9411 0 0 0 
5800000 47623 992.089 23710.691 8.788 5.9529 0 0 0 
5810000 47633 993.719 23801.014 8.833 5.9615 0 0 0 
5820000 47644 976.686 23889.892 8.681 5.8668 0 0 0 
5830000 47654 981.134 23975.573 8.67 5.9003 0 0 0 
5840000 47664 984.768 24062.937 8.675 5.9227 0 0 0 
5850000 47674 987.737 24156.841 8.812 5.9366 0 0 0 
5860000 47684 990.163 24250.69 8.915 5.9574 0 0 0 
5870000 47694 992.146 24340.082 8.92 5.9708 0 0 0 
5880000 47704 993.765 24431.953 8.967 5.9822 0 0 0 
5890000 47714 995.089 24526.764 9.058 5.985 0 0 0 
5900000 47724 996.17 24622.801 9.165 5.9867 0 0 0 
5910000 47734 997.054 24713.811 9.15 5.9787 0 0 0 
5920000 47744 997.776 24809.433 9.229 5.9899 0 0 0 
5930000 47754 998.365 24901.773 9.231 6.0019 0 0 0 
5940000 47764 998.847 24991.722 9.186 6.0044 0 0 0 
5950000 47774 999.241 25083.687 9.187 6.0096 0 0 0 
5960000 47786 964.729 25171.048 8.791 5.8067 0 0 0 
5970000 47796 971.364 25259.637 8.804 5.8517 0 0 0 
5980000 47807 958.407 25351.419 8.706 5.7887 0 0 0 
5990000 47817 966.199 25444.974 8.822 5.8292 0 0 0 
6000000 47827 972.565 25536.702 8.889 5.8648 0 0 0 
