10000 10 176.685 5245.124 92.358 0.1978 0 0 0 0.0 0.0 0.0 0.0 0.0 
20000 21 325.592 10011.543 161.894 0.3635 0 0 0 0.0 0.0 0.0 0.0 0.0 
30000 66 227.264 11885.902 83.023 0.9395 0 0 0 0.003596 -1.7105147 0.0286294 0.1820587 0.0237692 
40000 494 25.895 14201.022 7.195 0.2148 0 0 0 0.0052453 -3.1017219 0.1426148 0.1526332 0.0412493 
50000 560 161.845 18956.537 78.734 1.3242 0 0 0 0.0049724 -4.9459587 0.1793866 0.135167 0.0364862 
60000 574 293.072 23448.469 134.337 2.3952 0 0 0 0.0045834 -6.9427267 0.2279566 0.1195463 0.0337337 
70000 588 407.157 27831.668 184.265 3.3641 0 0 0 0.0048741 -9.0818038 0.4204572 0.1011764 0.0328083 
80000 598 515.604 30964.39 207.836 4.2769 0 0 0 0.0036878 -11.2992454 0.3375334 0.0930143 0.0259135 
90000 608 604.213 35114.154 246.063 4.9964 0 0 0 0.0033784 -13.3317743 0.4153717 0.0890153 0.0265825 
100000 618 676.613 38869.215 269.717 5.6061 0 0 0 0.0033823 -15.4582188 0.644785 0.0811758 0.0236292 
110000 628 735.77 43796.869 310.984 6.0855 0 0 0 0.0036451 -17.5257055 0.7701105 0.0778545 0.0247907 
120000 638 784.105 49185.506 352.513 6.4766 0 0 0 0.0029769 -19.5800458 0.7211011 0.0747543 0.0233391 
130000 648 823.598 53545.512 367.78 6.8142 0 0 0 0.0030873 -21.6327283 0.6998279 0.0717522 0.0223043 
140000 658 855.866 58148.173 384.499 7.1028 0 0 0 0.0031133 -23.5876245 1.0374449 0.0702713 0.0223051 
150000 668 882.232 62345.708 390.808 7.3094 0 0 0 0.003262 -25.561496 1.3847078 0.0734566 0.0208441 
160000 678 887.267 66788.571 396.01 7.379 0 0 0 0.0031754 -27.6059661 1.8651885 0.0701845 0.0206289 
170000 689 900.199 70368.029 386.436 7.5037 0 0 0 0.0028696 -29.5732586 1.7241382 0.0684863 0.0195811 
180000 699 918.455 74959.51 398.889 7.6509 0 0 0 0.0027816 -31.3081091 1.6326863 0.0657079 0.0196284 
190000 709 924.101 78813.138 391.868 7.6971 0 0 0 0.0024687 -33.3179226 1.7626679 0.0664264 0.0186095 
200000 721 914.264 82134.947 371.64 7.6237 0 0 0 0.0028352 -34.9802471 1.6995302 0.0647133 0.0203888 
210000 731 929.947 86928.652 389.056 7.7736 0 0 0 0.0022497 -36.6661095 1.2933504 0.0633809 0.0175726 
220000 743 910.942 91902.906 394.748 7.6152 0 0 0 0.0026376 -38.2466308 2.2506292 0.0615061 0.0185781 
230000 753 917.615 97097.435 412.232 7.6745 0 0 0 0.0030165 -39.2259831 3.5394965 0.0610125 0.018736 
240000 764 927.65 101920.103 423.657 7.7766 0 0 0 0.0023574 -41.2596274 2.3880163 0.0540994 0.015921 
250000 774 940.885 106565.877 430.583 7.8994 0 0 0 0.0018391 -42.8003206 1.3315292 0.0532931 0.0147199 
260000 784 951.698 111383.895 440.202 7.9936 0 0 0 0.0022372 -44.4619157 2.5889175 0.0523852 0.0152617 
270000 795 945.303 115249.302 422.673 7.9516 0 0 0 0.0019476 -46.4982752 2.1547137 0.0517696 0.014841 
280000 806 924.303 118731.322 397.537 7.788 0 0 0 0.0022245 -47.9356345 2.5256217 0.0513895 0.0151458 
290000 817 921.994 121402.622 366.337 7.7907 0 0 0 0.0022466 -49.4736172 2.5286313 0.0508047 0.0154722 
300000 830 897.977 126115.958 368.742 7.584 0 0 0 0.00274 -50.9587109 4.8704434 0.0514418 0.0170759 
310000 841 894.813 131071.657 384.009 7.5425 0 0 0 0.0024809 -52.4865301 2.4079773 0.051532 0.0176171 
320000 854 863.15 135183.278 366.909 7.2835 0 0 0 0.002815 -53.9249488 4.0574724 0.0526923 0.0178956 
330000 864 888.184 140641.804 398.441 7.4942 0 0 0 0.0024819 -55.237652 2.8248119 0.0521093 0.0167198 
340000 877 870.404 146212.94 410.741 7.358 0 0 0 0.0026268 -56.4246901 3.3544169 0.0540576 0.0181895 
350000 888 878.128 151752.746 429.512 7.4274 0 0 0 0.0023917 -57.7940006 3.9592583 0.0545941 0.0169965 
360000 899 884.279 157148.723 442.252 7.4796 0 0 0 0.0024095 -59.064192 2.3179636 0.0529527 0.0179504 
370000 909 905.448 162774.085 464.102 7.6673 0 0 0 0.0028735 -60.3793264 4.1640238 0.0541243 0.0189551 
380000 919 922.744 168153.055 477.081 7.812 0 0 0 0.0025875 -61.2162779 4.8543298 0.050363 0.0180565 
390000 929 936.876 172938.102 476.969 7.9345 0 0 0 0.0032079 -62.5626893 4.707422 0.0501113 0.0195501 
400000 941 902.591 176265.289 429.452 7.6479 0 0 0 0.0022697 -63.8628957 2.8518685 0.0502525 0.0179184 
410000 952 907.318 180021.537 412.262 7.6966 0 0 0 0.0030423 -65.0740483 4.1565355 0.0507448 0.0176236 
420000 962 924.272 185424.192 436.085 7.8395 0 0 0 0.0030683 -66.3573571 6.0595291 0.0476938 0.0187616 
430000 973 926.209 190354.123 440.907 7.8644 0 0 0 0.0031957 -67.4736119 6.0862097 0.0478351 0.0194411 
440000 983 939.707 195278.997 450.323 7.9888 0 0 0 0.0026671 -68.7171572 5.0722803 0.0460613 0.0182607 
450000 993 950.737 200507.229 463.783 8.0758 0 0 0 0.0026887 -69.6981604 5.7427546 0.0432469 0.0185211 
460000 1003 959.748 206939.03 495.669 8.1339 0 0 0 0.0026785 -70.6111364 6.5605792 0.0437209 0.0180095 
470000 1013 954.601 213075.65 511.106 8.0945 0 0 0 0.0031416 -71.4990912 8.3890243 0.0442211 0.0190973 
480000 1023 962.906 218643.778 517.729 8.1694 0 0 0 0.002848 -72.3130366 5.7081768 0.043447 0.0184041 
490000 1034 965.46 223965.794 519.229 8.1786 0 0 0 0.0019993 -73.111499 2.4125532 0.0413595 0.0168115 
500000 1044 971.778 229489.951 525.574 8.2458 0 0 0 0.0021295 -73.5316532 5.614634 0.0394876 0.0157455 
510000 1054 976.941 235600.335 541.323 8.2832 0 0 0 0.0022775 -74.3217287 4.7664278 0.0384113 0.0162023 
520000 1064 981.159 241053.125 541.391 8.3384 0 0 0 0.0019586 -74.9014815 4.8445391 0.0396673 0.015188 
530000 1074 968.567 245747.499 519.957 8.25 0 0 0 0.0022705 -75.4561869 5.8078044 0.0387595 0.0166513 
540000 1084 974.317 250019.967 503.474 8.3053 0 0 0 0.0021626 -75.7885106 8.0278867 0.0362906 0.0154599 
550000 1096 955.125 255460.443 496.625 8.1551 0 0 0 0.0017629 -76.4142972 3.6733795 0.0353535 0.0148521 
560000 1106 960.493 261438.403 513.149 8.2048 0 0 0 0.0019709 -77.0837802 5.3430183 0.0360921 0.0156758 
570000 1116 967.72 266789.515 519.5 8.2712 0 0 0 0.0018519 -77.7550472 3.7162791 0.0370614 0.0151655 
580000 1126 973.625 272280.659 523.76 8.3287 0 0 0 0.0023893 -78.8383566 6.6795601 0.037757 0.0165431 
590000 1137 965.492 277374.407 515.448 8.2688 0 0 0 0.0023282 -79.6308803 7.5634738 0.0383016 0.0168951 
600000 1147 971.805 282688.235 518.648 8.2968 0 0 0 0.0024274 -80.0880541 6.4815196 0.0360744 0.0161123 
610000 1157 976.962 287305.726 508.705 8.3152 0 0 0 0.0022286 -80.7062643 6.8308031 0.0372678 0.0169711 
620000 1167 981.177 292587.951 512.451 8.3481 0 0 0 0.0019885 -81.1667921 5.6809447 0.0353152 0.0159609 
630000 1178 968.542 297125.251 493.844 8.2288 0 0 0 0.002406 -81.7726624 7.34177 0.034172 0.0172133 
640000 1188 974.296 302097.203 494.221 8.2756 0 0 0 0.0024846 -82.4236954 7.8103277 0.0341864 0.0164301 
650000 1198 971.745 307107.864 492.155 8.2531 0 0 0 0.0024181 -83.7027991 8.5450167 0.0338515 0.0156204 
660000 1208 976.913 312098.012 492.871 8.2973 0 0 0 0.0024801 -84.4604755 8.3733904 0.0340571 0.0167227 
670000 1218 981.137 317751.587 505.572 8.3352 0 0 0 0.0022454 -85.4659551 7.5304147 0.0343954 0.0153458 
680000 1228 977.73 323013.338 505.794 8.3043 0 0 0 0.0026408 -86.2410128 8.0195041 0.0332558 0.0162292 
690000 1238 981.804 328432.174 510.771 8.3304 0 0 0 0.0022155 -86.863691 7.0914002 0.0328334 0.0156801 
700000 1248 985.132 334487.728 528.156 8.3428 0 0 0 0.0024802 -87.4245488 7.7763969 0.0324961 0.01679 
710000 1258 987.852 339887.02 533.402 8.366 0 0 0 0.0030078 -88.0091566 11.7729811 0.0315602 0.0186715 
720000 1268 990.074 345459.646 532.958 8.367 0 0 0 0.0024078 -88.7777016 7.0244295 0.0308457 0.0181312 
730000 1279 983.252 351377.367 539.723 8.2978 0 0 0 0.0022151 -89.5136414 8.0121639 0.0301509 0.0167942 
740000 1289 986.315 356777.881 540.297 8.3049 0 0 0 0.0021125 -90.3478553 5.5508805 0.0297665 0.0157708 
750000 1299 980.567 362513.926 543.844 8.2634 0 0 0 0.0024989 -91.1507403 11.0270869 0.0294458 0.0170775 
760000 1309 984.122 366735.191 521.169 8.2952 0 0 0 0.0022692 -91.5902113 8.2792334 0.0280872 0.0162956 
770000 1319 987.026 372189.325 525.419 8.337 0 0 0 0.0020486 -92.1861878 6.8067943 0.0282621 0.016582 
780000 1332 932.204 377519.655 500.529 7.879 0 0 0 0.0025397 -92.8259613 5.3570056 0.0290114 0.0175715 
790000 1343 937.162 382535.565 492.577 7.9389 0 0 0 0.0023519 -93.2580946 6.4536543 0.0285178 0.01627 
800000 1354 925.38 387648.138 486.216 7.844 0 0 0 0.0025398 -93.7958629 8.8304717 0.0297758 0.0184942 
810000 1365 931.655 394048.809 511.448 7.8852 0 0 0 0.0026413 -94.0497162 8.3128072 0.0282472 0.018073 
820000 1375 944.157 400028.835 527.822 7.9904 0 0 0 0.003192 -94.5448257 6.6749999 0.0295796 0.0190532 
830000 1386 925.531 406477.113 530.459 7.8373 0 0 0 0.0023023 -95.1368262 3.0880974 0.0288139 0.0193883 
840000 1397 916.062 412498.591 532.373 7.7586 0 0 0 0.0023774 -95.7663447 3.9675481 0.0284946 0.0195612 
850000 1407 931.416 419372.852 560.494 7.886 0 0 0 0.0027615 -95.9161085 10.5158139 0.0269053 0.0198548 
860000 1419 926.355 425810.583 565.68 7.8271 0 0 0 0.0027332 -96.3228372 3.8505164 0.0261656 0.0193925 
870000 1429 922.967 431707.722 563.357 7.8216 0 0 0 0.0038783 -96.5438428 13.5048649 0.027291 0.0233988 
880000 1440 933.537 438226.572 573.188 7.8972 0 0 0 0.0024826 -96.7703674 5.0091863 0.0272216 0.0208151 
890000 1450 931.901 445966.358 600.071 7.8751 0 0 0 0.0027572 -97.2417527 7.5819604 0.0264578 0.0202787 
900000 1460 944.358 452756.897 614.566 7.9942 0 0 0 0.00255 -97.4207432 7.4020069 0.0264104 0.0201187 
910000 1470 954.537 460522.108 638.937 8.0703 0 0 0 0.0029584 -98.0198768 7.3007007 0.0259384 0.0219158 
920000 1482 939.643 467712.51 644.171 7.9419 0 0 0 0.0030061 -98.5045092 8.0681095 0.0247154 0.0223029 
930000 1492 943.922 474905.726 656.4 7.9725 0 0 0 0.0028603 -99.0330495 10.4297859 0.0246127 0.0236233 
940000 1502 954.18 481546.734 658.784 8.0564 0 0 0 0.0027789 -99.6975596 6.3406789 0.0241406 0.022788 
950000 1513 951.904 488729.798 661.023 8.0353 0 0 0 0.0032229 -99.7369594 9.0243163 0.0236275 0.0234671 
960000 1523 960.702 495206.79 655.968 8.1192 0 0 0 0.0031272 -100.5986719 4.0472679 0.0234255 0.0238556 
970000 1533 967.891 501789.061 656.741 8.1687 0 0 0 0.0026269 -100.9855462 4.2545803 0.0229878 0.0227624 
980000 1543 963.666 509630.548 666.515 8.1382 0 0 0 0.0037765 -101.9245586 11.198575 0.0229782 0.0246823 
990000 1555 950.979 517590.729 681.635 8.0354 0 0 0 0.0032997 -103.1253338 10.2230316 0.0213544 0.0233825 
1000000 1565 948.563 526658.114 713.782 8.0151 0 0 0 0.0034613 -104.1507393 7.4682227 0.0226429 0.0257458 
1010000 1577 936.011 535908.844 737.502 7.9084 0 0 0 0.0032354 -104.6004449 3.6805474 0.0225184 0.0253508 
1020000 1587 947.717 544439.246 758.099 8.0008 0 0 0 0.0032622 -105.5357101 5.7812793 0.0235816 0.0259353 
1030000 1597 955.178 551974.342 755.132 8.0805 0 0 0 0.0033987 -106.9025231 9.0624345 0.0235207 0.0262708 
1040000 1607 963.377 559003.497 744.479 8.1571 0 0 0 0.0031651 -107.4131135 11.5162764 0.0236785 0.0247647 
1050000 1617 970.076 567790.086 768.703 8.2154 0 0 0 0.0034639 -108.5816228 14.3014106 0.0238149 0.0257833 
1060000 1627 962.794 575612.192 759.588 8.1467 0 0 0 0.0033617 -109.1202129 10.7198816 0.0253952 0.027304 
1070000 1637 969.6 585147.343 795.923 8.191 0 0 0 0.003996 -110.400731 13.4377132 0.0245426 0.0292571 
1080000 1647 975.161 595395.2 837.17 8.2366 0 0 0 0.0038016 -111.6792435 13.9110498 0.0251247 0.0301107 
1090000 1658 966.799 604554.156 836.412 8.1669 0 0 0 0.0038821 -112.4458883 17.4427394 0.0253842 0.0294591 
1100000 1669 960.835 612322.011 817.838 8.1069 0 0 0 0.0038681 -113.3991979 14.2185992 0.025938 0.0282317 
1110000 1679 967.999 621611.342 838.151 8.1627 0 0 0 0.0033493 -114.340145 11.5376046 0.0259195 0.0276892 
1120000 1689 973.853 628947.263 818.759 8.2155 0 0 0 0.0033857 -114.8381063 8.5590609 0.0256115 0.0280208 
1130000 1699 978.636 636737.251 812.047 8.2597 0 0 0 0.0038901 -115.6521025 15.6472955 0.0261936 0.0294649 
1140000 1709 982.544 643876.212 793.698 8.2803 0 0 0 0.0032712 -115.7670772 8.5392767 0.0258488 0.0281926 
1150000 1719 985.737 652376.269 806.168 8.3088 0 0 0 0.0034872 -116.7453939 12.9900917 0.0264766 0.027723 
1160000 1729 988.346 661801.73 831.004 8.3156 0 0 0 0.0031058 -117.552155 6.8401205 0.0272424 0.0275978 
1170000 1739 990.478 673243.708 888.784 8.3284 0 0 0 0.0034457 -119.0925143 9.4604938 0.0279123 0.0288908 
1180000 1749 992.22 682722.63 898.537 8.3403 0 0 0 0.0032409 -119.9703615 3.4886471 0.0285318 0.0304056 
1190000 1759 993.643 692534.917 915.476 8.3575 0 0 0 0.003016 -120.7919666 3.0890622 0.0285996 0.0286931 
1200000 1769 994.806 702296.204 923.55 8.3781 0 0 0 0.0036918 -121.2339853 18.2063886 0.029725 0.0293214 
1210000 1779 995.756 710917.067 911.671 8.3664 0 0 0 0.0034224 -122.31452 10.182598 0.0291784 0.0291567 
1220000 1789 996.532 720725.925 924.393 8.3661 0 0 0 0.0040993 -122.6684147 23.4331716 0.0290394 0.0312523 
1230000 1799 997.167 731363.496 950.707 8.3858 0 0 0 0.0036048 -123.6856353 10.2868055 0.0295163 0.029565 
1240000 1809 997.685 740721.8 948.857 8.3845 0 0 0 0.0040632 -123.9420678 20.5351152 0.0300535 0.0295874 
1250000 1819 998.108 750664.175 956.886 8.3975 0 0 0 0.0041465 -124.5944363 18.0031947 0.0304734 0.0314375 
1260000 1829 998.455 761855.538 987.431 8.4033 0 0 0 0.0034629 -125.8935473 10.1354246 0.0302455 0.0297293 
1270000 1839 998.737 772439.005 999.943 8.3941 0 0 0 0.0041826 -127.193131 24.8878664 0.0305261 0.0295193 
1280000 1849 998.968 784848.923 1043.629 8.4076 0 0 0 0.0041324 -127.6735772 30.1407925 0.0302848 0.0297677 
1290000 1859 999.157 797673.147 1088.738 8.4051 0 0 0 0.003377 -129.0585975 11.5197003 0.0306028 0.027487 
1300000 1869 999.311 810138.849 1117.343 8.4076 0 0 0 0.0035959 -130.5213856 18.7555152 0.0309576 0.0278971 
1310000 1879 999.437 822635.757 1141.699 8.4161 0 0 0 0.0034139 -132.1244399 10.5005295 0.031583 0.0301087 
1320000 1889 999.54 835549.239 1168.078 8.4148 0 0 0 0.0039412 -133.7002902 22.6844922 0.0308132 0.0306631 
1330000 1899 999.624 847906.07 1178.615 8.405 0 0 0 0.0031673 -134.8413295 5.8445727 0.0323337 0.0296261 
1340000 1909 999.693 862623.411 1234.847 8.4074 0 0 0 0.0035058 -137.1895093 17.8986439 0.03245 0.0305429 
1350000 1919 999.749 875726.903 1246.282 8.4136 0 0 0 0.0038014 -138.908898 19.0238216 0.0333896 0.0309294 
1360000 1929 999.795 888588.996 1253.935 8.4333 0 0 0 0.0038095 -140.5987062 18.0239447 0.0329263 0.0320069 
1370000 1939 999.833 899762.435 1229.428 8.4422 0 0 0 0.0036891 -141.7946327 20.9636129 0.0322385 0.0298752 
1380000 1949 999.863 913466.469 1251.708 8.4475 0 0 0 0.0036504 -143.4113772 18.1197442 0.0327138 0.0308804 
1390000 1959 999.888 927155.055 1275.77 8.4398 0 0 0 0.003883 -145.5579085 25.6524042 0.0320526 0.0315271 
1400000 1969 999.909 938225.261 1242.985 8.4359 0 0 0 0.0038537 -146.4155873 22.2580493 0.0318843 0.0324932 
1410000 1979 999.925 947553.192 1185.647 8.4561 0 0 0 0.0041384 -148.1774919 28.4556005 0.0328245 0.0322379 
1420000 1989 999.939 956502.601 1129.821 8.4653 0 0 0 0.0037236 -149.3739453 28.2766448 0.0338821 0.0317744 
1430000 1999 999.95 969925.273 1167.979 8.467 0 0 0 0.003602 -150.8706657 15.3753636 0.0342844 0.0311429 
1440000 2009 999.959 982824.191 1192.398 8.4561 0 0 0 0.0037691 -152.9800472 27.7114614 0.0338713 0.0316709 
1450000 2019 999.967 995386.499 1203.015 8.4445 0 0 0 0.0040887 -153.9973507 31.2493741 0.0328954 0.0341314 
1460000 2029 999.973 1007426.663 1203.588 8.4317 0 0 0 0.0039731 -155.4838247 24.5632424 0.0329737 0.0346076 
1470000 2039 999.978 1021003.175 1229.864 8.431 0 0 0 0.0037935 -157.0428082 16.6364674 0.0341923 0.0340748 
1480000 2049 999.982 1035187.733 1262.309 8.4409 0 0 0 0.0040958 -157.6686251 27.632783 0.0335791 0.0351165 
1490000 2059 999.985 1046538.488 1237.591 8.4527 0 0 0 0.0044167 -158.6962691 30.181671 0.0333354 0.0346373 
1500000 2069 999.988 1059586.794 1250.659 8.4477 0 0 0 0.0045553 -159.2180022 44.3574457 0.0345169 0.0347651 
1510000 2079 999.99 1076090.102 1324.155 8.4362 0 0 0 0.0039196 -161.2238528 12.2192735 0.0337832 0.0352115 
1520000 2089 999.992 1092285.165 1376.961 8.4342 0 0 0 0.0046251 -163.128216 43.3159342 0.0340857 0.0354369 
1530000 2099 999.993 1108159.002 1415.135 8.4396 0 0 0 0.0045127 -163.7880125 37.5607304 0.0338445 0.0372069 
1540000 2109 999.995 1122951.427 1425.138 8.4405 0 0 0 0.0046083 -164.6906305 41.89677 0.0331399 0.0369164 
1550000 2119 999.996 1135166.001 1386.178 8.4223 0 0 0 0.0043782 -165.9576921 28.7888764 0.0341289 0.0372235 
1560000 2129 999.996 1149384.962 1391.617 8.4283 0 0 0 0.0044447 -167.158202 30.6453576 0.0339865 0.037414 
1570000 2139 999.997 1165426.22 1429.701 8.4204 0 0 0 0.004198 -168.6091582 21.7306036 0.034248 0.0378318 
1580000 2149 999.998 1182486.111 1480.06 8.434 0 0 0 0.0042559 -170.147267 22.6764603 0.0340995 0.037586 
1590000 2159 999.998 1200696.323 1542.911 8.4384 0 0 0 0.0040862 -171.7536744 17.3525727 0.0340352 0.0366322 
1600000 2169 999.998 1216991.04 1557.769 8.4361 0 0 0 0.0042752 -173.4308029 27.6648824 0.0338219 0.0375986 
1610000 2179 999.999 1235171.565 1605.216 8.4428 0 0 0 0.0044583 -175.5104504 24.3300001 0.0342592 0.0380435 
1620000 2189 999.999 1252113.844 1619.939 8.4368 0 0 0 0.0047358 -177.2359229 43.2303806 0.0347662 0.0390332 
1630000 2199 999.999 1268851.318 1628.382 8.4353 0 0 0 0.004076 -178.5459287 16.9619091 0.0354049 0.0382896 
1640000 2209 999.999 1283909.479 1605.99 8.455 0 0 0 0.0043269 -179.9008839 30.4519733 0.0348944 0.0376865 
1650000 2219 999.999 1300476.379 1618.886 8.4612 0 0 0 0.0040751 -181.3456324 29.7147047 0.0349378 0.0363697 
1660000 2229 1000.0 1314151.748 1570.065 8.4775 0 0 0 0.0037682 -182.0550367 13.2112952 0.0344063 0.0356952 
1670000 2239 1000.0 1327904.683 1534.46 8.4745 0 0 0 0.0053303 -182.1716813 104.8908441 0.0351184 0.0381207 
1680000 2249 1000.0 1341381.239 1503.516 8.4882 0 0 0 0.0039022 -183.1605311 22.9760763 0.0344657 0.0348962 
1690000 2259 1000.0 1351943.897 1419.617 8.4864 0 0 0 0.0045323 -182.9133905 44.2921135 0.0337432 0.0380851 
1700000 2269 1000.0 1363967.883 1379.579 8.4827 0 0 0 0.0043572 -183.4324539 35.8945735 0.0354309 0.0377612 
1710000 2279 1000.0 1378181.696 1384.868 8.4799 0 0 0 0.0043665 -183.9324033 33.7774102 0.034647 0.0363295 
1720000 2289 1000.0 1393108.047 1406.88 8.4728 0 0 0 0.0041814 -184.1729156 25.2185352 0.0340964 0.0376341 
1730000 2299 1000.0 1406893.768 1404.923 8.4861 0 0 0 0.0046459 -184.6478009 44.3136017 0.0338946 0.0388261 
1740000 2309 1000.0 1419760.377 1381.856 8.4848 0 0 0 0.0044664 -184.9576714 36.8921735 0.0327993 0.0363542 
1750000 2319 1000.0 1431635.415 1344.773 8.4937 0 0 0 0.0041379 -185.669807 17.3191379 0.0340117 0.0377423 
1760000 2329 1000.0 1444483.159 1335.896 8.4945 0 0 0 0.0040044 -185.8350838 33.6406586 0.0324285 0.035413 
1770000 2339 1000.0 1457369.469 1326.621 8.4808 0 0 0 0.0046256 -185.8039253 48.8432106 0.0326295 0.0370632 
1780000 2349 1000.0 1471179.51 1334.975 8.4703 0 0 0 0.004392 -185.2713962 43.888175 0.0327086 0.0360881 
1790000 2359 1000.0 1482842.702 1304.807 8.4685 0 0 0 0.0046248 -184.606766 46.8439696 0.0311608 0.0373125 
1800000 2369 1000.0 1496055.412 1309.621 8.4724 0 0 0 0.0042306 -184.6340884 23.9543733 0.0332437 0.0375219 
1810000 2379 1000.0 1512800.855 1377.719 8.4722 0 0 0 0.004241 -184.9765342 31.8646906 0.0324629 0.0375165 
1820000 2389 1000.0 1529897.063 1437.974 8.4895 0 0 0 0.0044751 -185.4921425 37.3199067 0.0331999 0.0375856 
1830000 2399 1000.0 1543065.929 1416.466 8.4981 0 0 0 0.0044095 -185.5719041 31.4816276 0.0330892 0.0375636 
1840000 2409 1000.0 1561414.126 1493.052 8.4906 0 0 0 0.004157 -186.3307462 28.1998656 0.0330437 0.0366496 
1850000 2419 1000.0 1580764.25 1572.438 8.4906 0 0 0 0.0040361 -187.8053915 16.904294 0.0332942 0.0359407 
1860000 2429 1000.0 1597979.23 1604.187 8.485 0 0 0 0.0048727 -187.6416182 67.4786637 0.032616 0.0381579 
1870000 2439 1000.0 1612696.761 1579.386 8.5074 0 0 0 0.0045296 -188.5836415 44.3757068 0.0322651 0.0385336 
1880000 2449 1000.0 1630684.603 1618.448 8.5001 0 0 0 0.0043247 -189.5546716 41.3509367 0.0317289 0.0370559 
1890000 2459 1000.0 1648943.509 1657.091 8.4872 0 0 0 0.0045698 -191.2478986 47.9961729 0.0328823 0.0371642 
1900000 2469 1000.0 1667331.26 1690.634 8.4812 0 0 0 0.004596 -193.6957674 63.4126763 0.0332483 0.0364259 
1910000 2479 1000.0 1686395.53 1730.007 8.4784 0 0 0 0.0037044 -194.8059264 13.8869439 0.0326852 0.0348008 
1920000 2490 985.96 1700985.42 1657.155 8.3401 0 0 0 0.0042605 -195.4215956 37.2315771 0.0327746 0.0372061 
1930000 2500 988.528 1713812.23 1586.115 8.357 0 0 0 0.0047326 -195.6429159 66.3616875 0.0317947 0.036307 
1940000 2510 990.627 1725603.226 1514.523 8.373 0 0 0 0.0040306 -196.9165903 23.1574732 0.0325437 0.0364259 
1950000 2520 992.341 1737354.368 1448.178 8.3891 0 0 0 0.0046673 -197.3498148 54.3954787 0.0318608 0.0376559 
1960000 2530 993.742 1753139.187 1471.889 8.4032 0 0 0 0.0039942 -198.2994162 36.5301686 0.0313731 0.0345797 
1970000 2540 994.887 1770366.016 1516.502 8.4076 0 0 0 0.0044804 -199.0247113 56.851408 0.032654 0.037477 
1980000 2550 995.822 1786881.155 1543.886 8.4151 0 0 0 0.0035846 -201.0274653 14.3042603 0.0332455 0.0339101 
1990000 2560 996.586 1801007.352 1519.621 8.438 0 0 0 0.004134 -201.1114102 48.4396836 0.0316052 0.0336225 
2000000 2570 997.211 1817621.464 1545.805 8.4435 0 0 0 0.0039134 -203.4045726 36.9824506 0.0323977 0.0352997 
2010000 2580 997.721 1835245.417 1585.933 8.4505 0 0 0 0.0039091 -203.9263175 31.6494807 0.032413 0.0341425 
2020000 2590 998.138 1852167.347 1605.821 8.4581 0 0 0 0.0041656 -204.4310974 65.0805819 0.0320482 0.0340615 
2030000 2600 998.479 1868105.647 1602.982 8.4438 0 0 0 0.0039477 -205.4066594 35.613834 0.0320657 0.0348022 
2040000 2610 998.757 1884796.141 1613.344 8.4501 0 0 0 0.0036 -205.7372031 19.4615344 0.0312147 0.0335182 
2050000 2620 998.984 1898227.238 1562.844 8.4389 0 0 0 0.004249 -204.6254524 37.143638 0.0322246 0.0340943 
2060000 2630 999.17 1911206.513 1514.058 8.4288 0 0 0 0.0040748 -203.7084005 49.9968726 0.0320296 0.0328581 
2070000 2640 999.322 1924036.355 1469.361 8.4349 0 0 0 0.0043387 -203.5405839 43.4254557 0.0313606 0.0341854 
2080000 2650 999.446 1940704.471 1504.899 8.4291 0 0 0 0.0037364 -203.7139405 24.3030116 0.0310328 0.0340271 
2090000 2660 999.547 1958772.798 1557.333 8.4413 0 0 0 0.0033523 -204.1900777 9.483943 0.0310505 0.0320331 
2100000 2670 999.63 1972047.983 1514.138 8.4244 0 0 0 0.0035183 -203.6415235 9.5650156 0.0310765 0.0326266 
2110000 2680 999.698 1986650.696 1506.339 8.4389 0 0 0 0.0041663 -203.2449275 48.3264971 0.0313202 0.0328941 
2120000 2690 999.753 2001682.446 1507.284 8.4379 0 0 0 0.0039841 -203.5817669 49.5806487 0.0314748 0.0334497 
2130000 2700 999.798 2015293.45 1481.621 8.4444 0 0 0 0.0036875 -203.3966209 48.146759 0.031065 0.0317057 
2140000 2710 999.835 2030263.739 1484.953 8.4605 0 0 0 0.0039127 -205.3061999 52.8035866 0.030859 0.0321846 
2150000 2720 999.865 2046434.547 1509.232 8.4599 0 0 0 0.0039383 -206.5807358 49.5124836 0.031858 0.0324913 
2160000 2730 999.89 2063511.176 1547.08 8.4587 0 0 0 0.0039852 -206.6464983 62.6464802 0.0319385 0.0319309 
2170000 2740 999.91 2082341.432 1608.538 8.4587 0 0 0 0.0039958 -206.8974222 60.4971217 0.0318709 0.032772 
2180000 2750 999.927 2099461.556 1625.204 8.4818 0 0 0 0.0037871 -207.9165804 57.3457981 0.0316411 0.0309321 
2190000 2760 999.94 2115179.778 1614.86 8.5045 0 0 0 0.0037457 -208.575543 34.0682757 0.0315946 0.0326796 
2200000 2770 999.951 2125843.433 1511.326 8.5247 0 0 0 0.0045205 -206.999848 77.3673952 0.0311175 0.0336516 
2210000 2780 999.96 2137734.242 1454.516 8.5293 0 0 0 0.0037893 -206.5110463 44.4024345 0.0314115 0.032175 
2220000 2790 999.967 2153976.646 1484.024 8.5094 0 0 0 0.003542 -207.2098663 25.1763805 0.0313915 0.0328319 
2230000 2800 999.973 2172673.021 1554.324 8.5153 0 0 0 0.0038827 -208.0211199 50.0295171 0.0312123 0.0305142 
2240000 2810 999.978 2191536.029 1615.496 8.5115 0 0 0 0.003995 -208.3282849 52.6329433 0.0316156 0.0322202 
2250000 2820 999.982 2210275.616 1662.499 8.4927 0 0 0 0.0042082 -209.4826657 39.1211768 0.0315854 0.0327467 
2260000 2830 999.985 2230264.281 1723.893 8.4889 0 0 0 0.0041171 -211.9303866 65.5662702 0.0316297 0.032505 
2270000 2840 999.988 2249527.967 1760.775 8.4743 0 0 0 0.0038038 -213.0977342 60.1085314 0.0305784 0.0315263 
2280000 2850 999.99 2268126.276 1778.878 8.4764 0 0 0 0.0035321 -214.5830301 20.7048884 0.0317687 0.0314844 
2290000 2860 999.992 2286962.487 1798.341 8.4815 0 0 0 0.0037022 -215.4250373 45.1520985 0.0308176 0.0310611 
2300000 2870 999.993 2304265.83 1784.278 8.4891 0 0 0 0.0036009 -216.6416219 31.7302011 0.0320595 0.0323716 
2310000 2880 999.995 2321252.262 1768.624 8.4963 0 0 0 0.0038713 -216.8710096 59.0144113 0.0330709 0.0327023 
2320000 2890 999.996 2339431.986 1777.807 8.4998 0 0 0 0.0040417 -217.8737841 59.3437147 0.0322926 0.0325091 
2330000 2900 999.996 2358835.323 1807.653 8.4991 0 0 0 0.0033773 -219.3611497 30.606331 0.0328285 0.0299964 
2340000 2910 999.997 2380164.712 1866.953 8.4984 0 0 0 0.0039486 -221.4200094 72.8962251 0.0328958 0.030882 
2350000 2920 999.998 2399830.313 1885.529 8.4746 0 0 0 0.0037182 -222.2990552 33.2656058 0.033363 0.0333575 
2360000 2930 999.998 2418995.71 1893.137 8.4757 0 0 0 0.0036953 -223.0836167 51.4027733 0.0323328 0.0317272 
2370000 2940 999.998 2437762.399 1890.495 8.4693 0 0 0 0.003894 -223.0322457 46.9504955 0.0327014 0.0317246 
2380000 2950 999.999 2456637.435 1890.044 8.4722 0 0 0 0.0034614 -224.5356957 36.6877202 0.0323564 0.0295037 
2390000 2960 999.999 2471231.409 1810.007 8.4666 0 0 0 0.0043883 -224.9444994 93.5077654 0.0323334 0.0320979 
2400000 2970 999.999 2487668.707 1780.836 8.4627 0 0 0 0.0034384 -227.035396 24.8253756 0.032923 0.0316264 
2410000 2980 999.999 2504775.442 1767.583 8.4797 0 0 0 0.003671 -228.4980551 46.8672998 0.0331632 0.0315295 
2420000 2990 999.999 2519442.602 1711.923 8.4873 0 0 0 0.0042245 -228.8161823 82.4113099 0.033016 0.0321218 
2430000 3000 1000.0 2536868.641 1715.911 8.4934 0 0 0 0.0037973 -229.6019937 71.8157144 0.0339261 0.0308426 
2440000 3010 1000.0 2555767.357 1746.24 8.4874 0 0 0 0.0038182 -229.7481908 48.8827389 0.0325304 0.0328127 
2450000 3020 1000.0 2575770.083 1792.539 8.4934 0 0 0 0.0034641 -230.7250294 29.9684381 0.0329848 0.0317107 
2460000 3030 1000.0 2591004.654 1746.718 8.4918 0 0 0 0.0039626 -230.2542808 76.5597268 0.0337427 0.0318244 
2470000 3040 1000.0 2610713.745 1786.023 8.4899 0 0 0 0.0040987 -230.9498699 75.9316756 0.0329065 0.0323547 
2480000 3050 1000.0 2630896.698 1827.832 8.4932 0 0 0 0.0041425 -231.3446739 95.4485241 0.0338147 0.0311367 
2490000 3060 1000.0 2651283.228 1863.794 8.4792 0 0 0 0.0039535 -231.8951744 77.4211184 0.0330406 0.0317012 
2500000 3070 1000.0 2673335.706 1926.343 8.4891 0 0 0 0.0034791 -233.156876 18.9941915 0.0327109 0.0311274 
2510000 3080 1000.0 2694863.19 1967.312 8.5089 0 0 0 0.0038793 -234.1198318 58.5763734 0.0335534 0.0322694 
2520000 3090 1000.0 2711305.398 1907.481 8.4969 0 0 0 0.0036526 -234.8066248 56.3731744 0.0331745 0.031222 
2530000 3100 1000.0 2729311.38 1888.039 8.4916 0 0 0 0.0039746 -235.0463458 81.6669729 0.0329511 0.0309433 
2540000 3110 1000.0 2748876.066 1902.603 8.4974 0 0 0 0.0037862 -234.6703898 73.2381621 0.032454 0.0301146 
2550000 3120 1000.0 2768543.718 1913.65 8.5101 0 0 0 0.0040739 -235.3029234 82.1407141 0.0332271 0.0315784 
2560000 3130 1000.0 2787718.287 1912.361 8.5177 0 0 0 0.0037331 -235.8926684 65.2196092 0.0328681 0.0312486 
2570000 3140 1000.0 2805238.997 1883.321 8.5287 0 0 0 0.003702 -235.763136 56.7595791 0.0327532 0.0303709 
2580000 3150 1000.0 2820861.91 1825.486 8.5349 0 0 0 0.0033598 -235.6497362 34.0880455 0.0324055 0.0306352 
2590000 3160 1000.0 2842205.548 1881.915 8.5314 0 0 0 0.0041831 -237.435371 86.6606923 0.032238 0.0314214 
2600000 3170 1000.0 2862509.632 1909.956 8.5358 0 0 0 0.0032714 -238.2154209 33.1199286 0.031097 0.0294154 
2610000 3180 1000.0 2881692.346 1912.555 8.5364 0 0 0 0.0037047 -238.3597463 80.7167018 0.0314083 0.0308081 
2620000 3190 1000.0 2903489.712 1961.435 8.527 0 0 0 0.0039002 -240.2746922 101.2284951 0.0318947 0.0305586 
2630000 3200 1000.0 2922046.073 1944.796 8.5153 0 0 0 0.0035965 -240.5329972 47.3371646 0.0314519 0.0316528 
2640000 3210 1000.0 2944035.286 1991.613 8.5074 0 0 0 0.0034089 -241.378516 44.6832914 0.0314808 0.0299191 
2650000 3220 1000.0 2962268.237 1957.283 8.5024 0 0 0 0.0033523 -241.7655951 35.8127189 0.0306712 0.0302825 
2660000 3230 1000.0 2982389.17 1967.453 8.5019 0 0 0 0.0035339 -242.5582462 63.1432425 0.0312602 0.0293555 
2670000 3240 1000.0 3004681.129 2016.73 8.51 0 0 0 0.0034789 -243.1910133 58.0147323 0.0321142 0.0299037 
2680000 3250 1000.0 3023022.914 1986.713 8.5136 0 0 0 0.0031644 -243.0948737 40.1341716 0.032358 0.0287128 
2690000 3260 1000.0 3035961.963 1862.899 8.522 0 0 0 0.0035538 -241.6617361 75.7856658 0.0313401 0.0287422 
2700000 3270 1000.0 3054008.233 1851.542 8.5107 0 0 0 0.0032396 -242.2240026 50.8394815 0.0307558 0.0286047 
2710000 3280 1000.0 3073344.36 1867.373 8.5124 0 0 0 0.0033297 -242.0491469 35.9117687 0.0325918 0.0300521 
2720000 3290 1000.0 3092617.649 1878.727 8.521 0 0 0 0.0034996 -242.0858472 62.9761688 0.0324516 0.0292277 
2730000 3300 1000.0 3111491.946 1882.206 8.5172 0 0 0 0.0034896 -242.7639057 61.4362125 0.0326755 0.0300599 
2740000 3310 1000.0 3129472.039 1867.671 8.5217 0 0 0 0.0039138 -242.7655441 88.9451042 0.0317765 0.0321322 
2750000 3320 1000.0 3148498.52 1875.73 8.5187 0 0 0 0.0036902 -243.0410614 74.9013896 0.0318987 0.0309963 
2760000 3330 1000.0 3168940.084 1906.528 8.5048 0 0 0 0.0040159 -242.7026475 127.2816062 0.0320237 0.0307654 
2770000 3340 1000.0 3189106.011 1926.884 8.5246 0 0 0 0.0036868 -243.759953 70.3922569 0.0335745 0.0309049 
2780000 3350 1000.0 3210487.806 1965.883 8.4974 0 0 0 0.0034594 -245.5151716 54.1672782 0.0327313 0.0299838 
2790000 3360 1000.0 3230319.838 1968.584 8.3254 0 0 0 0.0032825 -244.9366014 52.0794264 0.0323699 0.0286222 
2800000 3370 996.274 3251200.975 1983.075 8.3286 0 0 0 0.0033733 -245.1309619 38.3604977 0.0322485 0.0301735 
2810000 3380 996.955 3271368.368 1988.22 8.3716 0 0 0 0.0033919 -245.488338 36.9418948 0.0324825 0.0310933 
2820000 3390 997.512 3291721.325 1996.252 8.3984 0 0 0 0.0038023 -245.2328802 90.6784138 0.0332356 0.0306897 
2830000 3400 997.967 3310600.364 1973.53 8.3953 0 0 0 0.0034869 -245.5448742 53.4445499 0.0326456 0.0305811 
2840000 3410 994.141 3332368.508 2001.432 8.3935 0 0 0 0.0041345 -245.137341 111.7059494 0.0322646 0.0313737 
2850000 3420 995.213 3353805.089 2038.452 8.4113 0 0 0 0.0037841 -246.5999048 94.4734178 0.0325385 0.0300541 
2860000 3430 996.089 3374116.632 2028.361 8.4255 0 0 0 0.003603 -246.389492 69.6147749 0.0326198 0.0305891 
2870000 3440 996.804 3393978.88 2021.906 8.4395 0 0 0 0.0036799 -246.0677616 64.9136438 0.0321866 0.0316526 
2880000 3450 997.389 3414798.062 2034.399 8.4561 0 0 0 0.004066 -245.9271383 96.073257 0.0323796 0.0323354 
2890000 3460 997.866 3436255.704 2049.847 8.4682 0 0 0 0.0034459 -248.0673681 40.3584432 0.0325208 0.0308593 
2900000 3470 998.257 3457151.666 2057.451 8.477 0 0 0 0.0038812 -248.0644355 71.1088596 0.0319516 0.033009 
2910000 3480 998.576 3477123.467 2043.379 8.4858 0 0 0 0.0033349 -248.6468499 27.8511389 0.0328328 0.0304636 
2920000 3490 998.836 3496238.027 2023.969 8.4943 0 0 0 0.0038088 -248.6707526 80.2977672 0.0323796 0.0313519 
2930000 3500 999.049 3513608.289 1967.21 8.5086 0 0 0 0.0039897 -247.9636234 85.9488706 0.0332439 0.0322627 
2940000 3510 999.223 3530978.635 1926.169 8.5164 0 0 0 0.0034703 -248.3300806 24.0877788 0.0322223 0.0323956 
2950000 3520 999.365 3546226.99 1845.56 8.5311 0 0 0 0.0034821 -248.0723216 37.8322847 0.0327328 0.0318921 
2960000 3530 999.481 3567928.945 1907.635 8.5487 0 0 0 0.0034596 -248.4662503 27.2473974 0.032514 0.0319984 
2970000 3540 999.576 3584904.712 1874.049 8.5236 0 0 0 0.0036957 -247.3593376 55.2731547 0.0326377 0.0317722 
2980000 3550 999.654 3600544.546 1813.275 8.5344 0 0 0 0.0033231 -246.9288003 21.6967022 0.0328447 0.0309565 
2990000 3560 997.566 3618565.414 1805.029 8.5199 0 0 0 0.0033505 -246.499192 27.6688561 0.0325842 0.0309231 
3000000 3570 998.011 3629339.254 1668.572 8.532 0 0 0 0.0037735 -244.4135039 50.6072886 0.0318644 0.0312981 
3010000 3580 998.375 3645038.783 1655.898 8.5403 0 0 0 0.0035418 -243.4095217 49.2581588 0.0318227 0.0312808 
3020000 3590 998.672 3662418.186 1672.96 8.5327 0 0 0 0.0034952 -243.012006 60.827216 0.0313134 0.0303382 
3030000 3600 998.915 3682872.733 1745.731 8.5364 0 0 0 0.0035495 -243.2861288 40.6804017 0.032095 0.0305521 
3040000 3610 999.114 3703710.446 1806.97 8.538 0 0 0 0.0035893 -243.2629051 67.2465368 0.0314683 0.0299505 
3050000 3620 999.276 3725534.952 1874.039 8.5301 0 0 0 0.004022 -242.2499959 119.7604415 0.0314087 0.0310615 
3060000 3630 999.408 3747671.985 1936.246 8.5295 0 0 0 0.0034312 -243.0557538 36.8639235 0.031277 0.0303928 
3070000 3640 999.516 3769253.814 1976.582 8.5277 0 0 0 0.0036181 -243.633526 46.9496878 0.0322318 0.0299427 
3080000 3650 999.605 3791040.477 2014.421 8.53 0 0 0 0.0044427 -243.7961684 84.7579212 0.0317273 0.0317777 
3090000 3660 999.677 3810942.12 2010.374 8.5114 0 0 0 0.0035942 -243.9719451 74.0239113 0.0315466 0.0302113 
3100000 3670 999.736 3832712.526 2042.464 8.5175 0 0 0 0.0036007 -244.9424585 53.6406536 0.0307639 0.0304418 
3110000 3680 999.784 3852812.727 2035.538 8.5214 0 0 0 0.0036477 -245.0626022 57.3779449 0.0313707 0.0302571 
3120000 3691 984.539 3873018.01 1997.04 8.3921 0 0 0 0.0039274 -244.680299 70.2123142 0.0311072 0.0314488 
3130000 3701 987.368 3894555.918 2028.968 8.4072 0 0 0 0.0034486 -246.824282 44.8865704 0.031415 0.0297178 
3140000 3711 989.678 3915821.546 2043.696 8.4289 0 0 0 0.0035709 -246.7701296 67.6575423 0.0313741 0.0309219 
3150000 3721 991.566 3935543.209 2033.045 8.4494 0 0 0 0.0033744 -247.9224854 43.9436964 0.0306406 0.0300255 
3160000 3731 993.109 3955380.822 2021.449 8.4631 0 0 0 0.0038477 -247.3004272 63.8379411 0.029836 0.0308203 
3170000 3742 983.473 3970384.881 1907.542 8.3697 0 0 0 0.0032629 -247.8688517 48.1937681 0.0299693 0.0281759 
3180000 3752 986.497 3990465.47 1924.036 8.3814 0 0 0 0.0033363 -249.2960549 36.8271156 0.0304894 0.0300729 
3190000 3762 988.967 4010615.846 1939.4 8.4059 0 0 0 0.0038193 -249.9528492 72.2863046 0.0312317 0.0307239 
3200000 3772 990.985 4026691.697 1876.563 8.4258 0 0 0 0.0039187 -251.0970451 90.096501 0.0309464 0.0320064 
3210000 3782 992.634 4046508.153 1895.159 8.4368 0 0 0 0.0036436 -251.8065042 66.6615928 0.0308106 0.0312832 
3220000 3792 993.982 4063862.982 1868.857 8.4113 0 0 0 0.003575 -251.4909813 61.353937 0.0306111 0.0303058 
3230000 3802 995.082 4083684.043 1890.773 8.4137 0 0 0 0.0034085 -251.6131152 32.2827395 0.0311378 0.0315142 
3240000 3812 995.982 4103174.277 1900.846 8.4305 0 0 0 0.0034728 -251.6709142 56.7338446 0.0320945 0.03081 
3250000 3822 996.717 4125532.489 1961.912 8.4477 0 0 0 0.004158 -251.5372307 117.491676 0.0320722 0.0322222 
3260000 3832 997.318 4148180.86 2017.174 8.4492 0 0 0 0.0036003 -252.311485 59.2904437 0.0320382 0.0314227 
3270000 3842 997.808 4166752.22 1984.004 8.4547 0 0 0 0.0036993 -251.6418824 58.005106 0.0316738 0.0308172 
3280000 3852 996.845 4187105.492 1993.273 8.4536 0 0 0 0.0037586 -250.792686 50.5558657 0.0324518 0.0323091 
3290000 3862 997.422 4207083.611 1991.688 8.4583 0 0 0 0.0048875 -251.1291621 111.1832429 0.0324454 0.033464 
3300000 3872 997.894 4228385.195 2017.921 8.5676 0 0 0 0.0036265 -251.3718381 55.4540434 0.032165 0.0313151 
3310000 3882 998.279 4250402.228 2052.964 8.5649 0 0 0 0.0035595 -251.0304214 50.3758841 0.0317206 0.0319238 
3320000 3892 998.594 4270818.891 2052.609 8.5742 0 0 0 0.0035249 -251.4902302 32.1978431 0.032498 0.0326755 
3330000 3902 998.851 4288670.811 1998.576 8.5663 0 0 0 0.0038305 -250.7490534 85.5043807 0.0323338 0.0321892 
3340000 3912 999.061 4308043.886 1986.225 8.5562 0 0 0 0.0038759 -250.40623 53.4607275 0.0329542 0.0322826 
3350000 3922 999.233 4324614.106 1932.834 8.5585 0 0 0 0.003567 -250.1109024 58.3621023 0.0331074 0.0305234 
3360000 3932 999.373 4344649.15 1944.394 8.5471 0 0 0 0.0040015 -250.0355884 87.1884169 0.0327567 0.0314912 
3370000 3942 999.488 4364059.053 1941.452 8.559 0 0 0 0.0041335 -250.1805635 66.6682336 0.0330084 0.0321874 
3380000 3952 999.582 4384146.044 1952.329 8.5651 0 0 0 0.0037159 -250.2643233 78.4927159 0.03322 0.0309003 
3390000 3962 992.014 4399282.857 1862.791 8.4948 0 0 0 0.0047578 -249.7482504 114.6648642 0.0325443 0.0335728 
3400000 3973 975.929 4417842.157 1828.436 8.3551 0 0 0 0.0042862 -250.1588811 80.0612687 0.0329053 0.0313887 
3410000 3983 980.332 4433768.208 1784.445 8.3721 0 0 0 0.0037827 -250.0298403 55.7382873 0.0329795 0.0317325 
3420000 3993 983.93 4450665.138 1768.279 8.3965 0 0 0 0.0040648 -249.9414377 44.1413105 0.0322782 0.0308465 
3430000 4003 986.87 4470845.901 1813.14 8.4143 0 0 0 0.0038512 -250.3495026 70.9929281 0.0328992 0.0311395 
3440000 4013 989.272 4488227.066 1811.385 8.4307 0 0 0 0.0042257 -250.1711956 47.5266149 0.0323123 0.0314291 
3450000 4024 980.354 4504428.843 1746.424 8.3567 0 0 0 0.0038052 -248.9151987 80.6861393 0.0321268 0.0307159 
3460000 4034 983.948 4526584.805 1833.247 8.4017 0 0 0 0.0040638 -248.715639 53.2509748 0.0320883 0.0324577 
3470000 4044 986.884 4547772.111 1885.172 8.4218 0 0 0 0.0043499 -249.071397 47.5942164 0.0317345 0.0301602 
3480000 4054 989.283 4568212.737 1912.81 8.4468 0 0 0 0.0038083 -248.8733422 81.9318459 0.0319724 0.0314141 
3490000 4064 991.244 4588126.61 1926.235 8.4655 0 0 0 0.00346 -249.1092207 35.029814 0.031642 0.0299568 
3500000 4074 992.846 4607823.14 1934.145 8.4681 0 0 0 0.0040502 -248.8414111 37.1440624 0.0315156 0.0309265 
3510000 4084 985.907 4627693.374 1924.822 8.4154 0 0 0 0.0038027 -248.3468768 54.8491869 0.0305739 0.0294223 
3520000 4095 978.551 4645450.799 1880.227 8.3501 0 0 0 0.0038878 -246.9614879 77.4131863 0.0298473 0.0298334 
3530000 4105 982.474 4661839.944 1837.731 8.39 0 0 0 0.0034673 -247.322466 30.7202607 0.0308622 0.0279687 
3540000 4115 985.68 4678918.342 1815.1 8.4171 0 0 0 0.0040109 -247.1072162 76.4134751 0.031354 0.0303213 
3550000 4125 988.3 4696993.855 1811.737 8.4318 0 0 0 0.0041171 -246.6848088 104.1918418 0.0314575 0.029922 
3560000 4135 990.44 4713960.532 1790.353 8.4539 0 0 0 0.0044576 -246.6403847 47.9041888 0.0324538 0.0312443 
3570000 4145 992.189 4729322.703 1742.69 8.4811 0 0 0 0.0045584 -245.5186296 51.1816986 0.0318963 0.0310303 
3580000 4155 993.618 4742541.166 1664.44 8.482 0 0 0 0.0038194 -243.8896817 94.7011271 0.0315144 0.0308982 
3590000 4165 994.785 4753456.968 1561.915 8.5094 0 0 0 0.0047908 -242.7451147 134.6325208 0.0315146 0.0321945 
3600000 4175 995.739 4768727.85 1555.406 8.518 0 0 0 0.003532 -242.494265 46.9678158 0.031151 0.0293549 
3610000 4185 996.519 4787284.257 1613.519 8.5192 0 0 0 0.0035886 -242.6789902 67.3097524 0.032572 0.0295307 
3620000 4195 997.155 4802831.028 1604.105 8.5216 0 0 0 0.0036907 -241.7059691 65.8508513 0.0330195 0.0288284 
3630000 4205 997.676 4821491.155 1653.784 8.5239 0 0 0 0.0032314 -241.986275 41.4321674 0.0319181 0.0286709 
3640000 4215 998.101 4838863.304 1670.406 8.5223 0 0 0 0.0034708 -241.9832267 61.6881257 0.0328543 0.0294691 
3650000 4225 998.448 4858160.281 1717.962 8.5169 0 0 0 0.0034746 -242.4170861 50.183741 0.0321297 0.0299359 
3660000 4235 998.732 4879383.955 1791.254 8.5014 0 0 0 0.0032623 -241.8125723 27.0988712 0.031956 0.0296857 
3670000 4245 998.964 4901064.574 1860.727 8.5087 0 0 0 0.0037645 -242.4270579 34.7381787 0.0319994 0.0313058 
3680000 4255 999.154 4915852.952 1792.697 8.5062 0 0 0 0.0037109 -241.1470712 94.5112596 0.0317742 0.0293868 
3690000 4265 999.308 4931469.794 1749.023 8.5117 0 0 0 0.0035752 -240.4808038 51.9289311 0.0308048 0.0294828 
3700000 4275 999.435 4942193.561 1622.073 8.5126 0 0 0 0.0038733 -239.9779628 60.0923243 0.0307638 0.0296546 
3710000 4285 999.538 4952206.657 1509.952 8.5291 0 0 0 0.0036222 -238.6357912 55.0387728 0.0313629 0.0301674 
3720000 4295 999.623 4961051.443 1397.022 8.5345 0 0 0 0.0036164 -237.2871357 53.4619966 0.0315187 0.0288692 
3730000 4305 994.702 4974443.591 1379.793 8.4876 0 0 0 0.0034181 -236.2964107 45.0540581 0.0305461 0.0272495 
3740000 4315 995.671 4991600.494 1438.718 8.4986 0 0 0 0.0037948 -236.1375647 93.8058172 0.0310631 0.029098 
3750000 4325 990.751 5008852.874 1479.468 8.4624 0 0 0 0.003353 -235.8928049 33.8643892 0.0317775 0.0288386 
3760000 4335 992.443 5029275.402 1581.078 8.4773 0 0 0 0.0039599 -236.415721 66.201005 0.0318918 0.0292437 
3770000 4345 993.825 5050087.542 1673.36 8.4743 0 0 0 0.0029187 -238.1759999 24.6508453 0.0321922 0.0267866 
3780000 4355 994.955 5069791.985 1727.655 8.4836 0 0 0 0.0037503 -238.6381753 46.688149 0.0315722 0.0277311 
3790000 4365 995.878 5087372.894 1730.091 8.4895 0 0 0 0.0034442 -239.9651199 23.1700165 0.032027 0.0282383 
3800000 4375 996.632 5109393.001 1815.092 8.4825 0 0 0 0.0028819 -241.1256898 28.7212359 0.0314621 0.0261452 
3810000 4385 997.248 5130432.168 1874.107 8.4816 0 0 0 0.003501 -240.9047163 51.360299 0.0309617 0.0290957 
3820000 4395 997.751 5150558.438 1892.774 8.4885 0 0 0 0.0035843 -242.2863292 88.5963635 0.0320613 0.0274637 
3830000 4405 998.163 5172422.794 1946.429 8.4875 0 0 0 0.0033302 -243.3221516 55.3102708 0.0309222 0.0264348 
3840000 4415 998.499 5191619.163 1944.242 8.503 0 0 0 0.0033159 -243.7247518 69.8783831 0.0312397 0.0272998 
3850000 4425 998.773 5211179.736 1944.759 8.4991 0 0 0 0.0035233 -243.104066 76.8965645 0.0309709 0.0280982 
3860000 4435 998.998 5230500.717 1943.769 8.5 0 0 0 0.0031786 -243.5208739 51.8278104 0.0305342 0.0275581 
3870000 4445 999.181 5251271.673 1968.264 8.511 0 0 0 0.0034224 -243.1035414 59.2357091 0.0300943 0.0274633 
3880000 4455 999.331 5271611.311 1977.891 8.5017 0 0 0 0.0033373 -243.673132 48.4456227 0.0305927 0.027833 
3890000 4465 999.453 5291292.254 1973.895 8.4845 0 0 0 0.0030613 -244.7474524 43.9792339 0.0310679 0.0267061 
3900000 4475 999.553 5306379.134 1888.121 8.5015 0 0 0 0.0031926 -244.9356391 64.6318396 0.0311971 0.0268121 
3910000 4485 999.635 5325066.337 1885.289 8.4937 0 0 0 0.0036252 -246.2488029 44.2981001 0.0309964 0.0278034 
3920000 4496 982.688 5343389.704 1840.169 8.3505 0 0 0 0.00362 -248.1069235 72.0956456 0.0308467 0.0295856 
3930000 4506 985.855 5363630.826 1875.273 8.3948 0 0 0 0.0035921 -249.5522997 97.108165 0.0315513 0.0280767 
3940000 4516 988.442 5380623.613 1840.973 8.4229 0 0 0 0.0036121 -249.2218751 77.1651737 0.0318548 0.0285444 
3950000 4526 990.556 5399012.738 1841.972 8.4444 0 0 0 0.0033007 -250.3534685 56.4925492 0.03187 0.0277295 
3960000 4536 992.284 5419021.781 1874.702 8.4649 0 0 0 0.0037792 -249.7893744 50.858689 0.0318815 0.0295519 
3970000 4546 993.695 5436713.346 1852.941 8.4815 0 0 0 0.0034213 -249.4310109 57.8600389 0.0318972 0.0283369 
3980000 4556 994.849 5454946.246 1848.596 8.4986 0 0 0 0.0035534 -249.8175499 62.8358621 0.0305198 0.0291288 
3990000 4566 995.791 5474366.032 1865.404 8.4877 0 0 0 0.0037363 -249.750205 72.3283806 0.0306006 0.0286967 
4000000 4576 996.561 5496320.262 1924.523 8.4853 0 0 0 0.0036558 -249.312985 76.1780038 0.0311814 0.0287076 
