10000 18 159.031 -62.926 -1.115 0.6819 0 0 0 
20000 32 290.559 -107.141 -1.573 1.2419 0 0 0 
30000 76 250.971 -185.023 -1.821 1.433 0 0 0 
40000 113 253.426 -342.681 -1.767 1.6437 0 0 0 
50000 149 278.231 -366.829 -2.077 1.9381 0 0 0 
60000 190 236.466 -429.493 -1.547 1.7003 0 0 0 
70000 217 298.113 -498.825 -2.131 2.1709 0 0 0 
80000 243 326.256 -614.377 -3.064 2.3899 0 0 0 
90000 266 354.776 -832.284 -5.572 2.6041 0 0 0 
100000 292 369.347 -940.405 -4.833 2.7152 0 0 0 
110000 312 417.056 -1076.647 -5.554 3.0537 0 0 0 
120000 345 366.139 -1158.154 -4.054 2.6697 0 0 0 
130000 366 397.022 -1275.778 -4.481 2.9057 0 0 0 
140000 391 393.31 -1327.524 -3.468 2.8754 0 0 0 
150000 409 431.874 -1556.182 -6.153 3.1463 0 0 0 
160000 429 458.112 -1672.641 -6.068 3.3235 0 0 0 
170000 458 397.582 -1735.381 -3.949 2.872 0 0 0 
180000 474 467.75 -1864.197 -5.378 3.3736 0 0 0 
190000 495 458.329 -1902.594 -4.073 3.2884 0 0 0 
200000 522 421.619 -2002.967 -4.162 3.0351 0 0 0 
210000 549 389.468 -2061.954 -3.345 2.8042 0 0 0 
220000 572 403.445 -2091.603 -2.444 2.8922 0 0 0 
230000 593 435.521 -2165.545 -2.976 3.1115 0 0 0 
240000 620 409.594 -2277.587 -3.598 2.928 0 0 0 
250000 653 361.461 -2405.368 -3.564 2.5896 0 0 0 
260000 676 381.261 -2496.383 -3.912 2.7258 0 0 0 
270000 703 375.624 -2635.376 -4.095 2.6875 0 0 0 
280000 721 419.263 -2669.896 -3.457 3.0019 0 0 0 
290000 748 389.844 -2711.108 -2.493 2.8043 0 0 0 
300000 769 430.602 -2813.385 -3.205 3.1182 0 0 0 
310000 798 383.607 -2838.238 -2.172 2.7788 0 0 0 
320000 832 338.147 -2869.814 -1.594 2.4516 0 0 0 
330000 855 374.219 -2885.794 -1.19 2.6989 0 0 0 
340000 875 414.869 -2889.125 -0.913 2.9786 0 0 0 
350000 900 421.493 -2928.066 -1.151 3.0334 0 0 0 
360000 924 408.181 -3053.368 -2.434 2.9404 0 0 0 
370000 955 362.371 -3132.476 -2.382 2.7529 0 0 0 
380000 985 350.9 -3153.409 -1.632 2.7276 0 0 0 
390000 1009 372.922 -3158.194 -1.114 2.8044 0 0 0 
400000 1037 359.588 -3201.858 -1.211 2.6606 0 0 0 
410000 1060 390.525 -3315.937 -2.86 2.8602 0 0 0 
420000 1081 416.956 -3360.772 -2.66 3.0295 0 0 0 
430000 1104 414.546 -3416.001 -2.533 3.0119 0 0 0 
440000 1134 381.619 -3454.673 -2.074 2.7914 0 0 0 
450000 1154 423.803 -3471.001 -1.674 3.1115 0 0 0 
460000 1176 425.08 -3496.527 -1.53 3.1319 0 0 0 
470000 1192 472.946 -3523.084 -1.632 3.5775 0 0 0 
480000 1216 452.585 -3643.612 -3.023 3.3748 0 0 0 
490000 1243 413.917 -3671.81 -2.175 3.0545 0 0 0 
500000 1270 403.729 -3695.954 -1.671 2.957 0 0 0 
510000 1291 415.734 -3741.863 -1.983 3.0417 0 0 0 
520000 1316 408.985 -3894.226 -3.598 2.996 0 0 0 
530000 1356 315.667 -3943.095 -2.169 2.3285 0 0 0 
540000 1382 334.193 -3960.623 -1.582 2.4646 0 0 0 
550000 1406 376.158 -3971.043 -1.06 2.759 0 0 0 
560000 1429 395.765 -4018.314 -1.522 2.8866 0 0 0 
570000 1451 422.193 -4030.858 -1.137 3.0706 0 0 0 
580000 1476 406.783 -4051.858 -0.977 2.9512 0 0 0 
590000 1513 327.402 -4107.781 -1.183 2.3593 0 0 0 
600000 1546 323.547 -4144.807 -1.134 2.3149 0 0 0 
610000 1572 344.971 -4157.737 -0.921 2.4636 0 0 0 
620000 1599 354.801 -4216.07 -1.596 2.531 0 0 0 
630000 1625 363.298 -4228.967 -1.208 2.5867 0 0 0 
640000 1658 329.593 -4287.73 -1.459 2.3465 0 0 0 
650000 1684 344.983 -4283.072 -0.769 2.4535 0 0 0 
660000 1727 282.035 -4319.305 -0.883 2.0138 0 0 0 
670000 1753 315.06 -4339.067 -0.774 2.2473 0 0 0 
680000 1792 290.181 -4358.859 -0.621 2.0798 0 0 0 
690000 1833 246.53 -4452.113 -1.355 1.7693 0 0 0 
700000 1866 269.369 -4477.703 -1.006 1.9198 0 0 0 
710000 1900 280.48 -4497.579 -0.796 1.9852 0 0 0 
720000 1932 288.294 -4508.635 -0.667 2.0474 0 0 0 
730000 1964 294.054 -4515.27 -0.473 2.098 0 0 0 
740000 1995 307.921 -4545.62 -0.785 2.2002 0 0 0 
750000 2029 292.555 -4599.73 -1.287 2.0842 0 0 0 
760000 2060 296.434 -4607.952 -0.849 2.114 0 0 0 
770000 2095 286.915 -4613.119 -0.509 2.0479 0 0 0 
780000 2133 262.984 -4614.272 -0.333 1.8836 0 0 0 
790000 2159 321.034 -4650.658 -0.793 2.2941 0 0 0 
800000 2185 346.381 -4660.688 -0.639 2.4818 0 0 0 
810000 2212 353.738 -4675.843 -0.54 2.5379 0 0 0 
820000 2241 347.681 -4675.781 -0.268 2.5008 0 0 0 
830000 2265 364.117 -4698.778 -0.562 2.6185 0 0 0 
840000 2291 375.555 -4715.084 -0.581 2.7014 0 0 0 
850000 2311 404.232 -4723.529 -0.495 2.9079 0 0 0 
860000 2342 362.577 -4710.059 -0.071 2.6125 0 0 0 
870000 2372 335.296 -4756.043 -0.737 2.4182 0 0 0 
880000 2412 289.69 -4765.03 -0.475 2.1036 0 0 0 
890000 2449 269.334 -4846.167 -1.107 1.9654 0 0 0 
900000 2495 231.782 -4849.271 -0.552 1.6961 0 0 0 
910000 2528 279.7 -4840.198 -0.18 2.0442 0 0 0 
920000 2561 289.553 -4834.246 -0.077 2.1012 0 0 0 
930000 2586 324.313 -4838.461 -0.076 2.3395 0 0 0 
940000 2610 354.439 -4825.894 0.069 2.5449 0 0 0 
950000 2635 373.753 -4798.739 0.512 2.6741 0 0 0 
960000 2673 307.492 -4807.001 0.135 2.219 0 0 0 
970000 2718 270.236 -4803.871 0.077 1.9592 0 0 0 
980000 2753 287.801 -4802.593 0.067 2.0917 0 0 0 
990000 2785 298.257 -4796.862 0.125 2.1687 0 0 0 
1000000 2825 271.158 -4877.958 -1.151 1.9828 0 0 0 
1010000 2860 278.369 -4894.189 -0.682 2.0141 0 0 0 
1020000 2905 234.62 -4879.223 -0.037 1.7141 0 0 0 
1030000 2951 216.456 -4875.87 0.022 1.586 0 0 0 
1040000 2988 247.866 -4934.962 -0.696 1.794 0 0 0 
1050000 3037 221.097 -4923.99 -0.232 1.5936 0 0 0 
1060000 3081 226.98 -4931.887 -0.145 1.613 0 0 0 
1070000 3113 256.468 -4902.262 0.398 1.8236 0 0 0 
1080000 3157 240.802 -4879.326 0.507 1.7306 0 0 0 
1090000 3183 289.884 -4862.035 0.601 2.0773 0 0 0 
1100000 3236 231.034 -4803.333 0.879 1.6737 0 0 0 
1110000 3297 175.882 -4817.917 0.063 1.2944 0 0 0 
1120000 3357 167.741 -4775.495 0.518 1.2288 0 0 0 
1130000 3420 162.651 -4759.12 0.42 1.2049 0 0 0 
1140000 3493 144.418 -4776.042 -0.324 1.0835 0 0 0 
1150000 3549 153.793 -4731.187 0.473 1.1516 0 0 0 
1160000 3612 149.475 -4673.631 0.688 1.1228 0 0 0 
1170000 3684 140.259 -4621.653 0.764 1.0561 0 0 0 
1180000 3738 167.219 -4578.239 0.728 1.2292 0 0 0 
1190000 3802 169.1 -4548.308 0.682 1.2341 0 0 0 
1200000 3855 172.83 -4483.544 0.921 1.2584 0 0 0 
1210000 3918 154.613 -4435.842 0.828 1.1316 0 0 0 
1220000 3989 135.457 -4398.922 0.528 0.9935 0 0 0 
1230000 4052 142.713 -4479.963 -0.653 1.0475 0 0 0 
1240000 4108 152.294 -4420.526 0.446 1.1115 0 0 0 
1250000 4166 161.436 -4395.955 0.336 1.1731 0 0 0 
1260000 4217 170.014 -4371.723 0.475 1.2335 0 0 0 
1270000 4272 171.505 -4339.759 0.515 1.2416 0 0 0 
1280000 4333 172.061 -4300.077 0.689 1.2425 0 0 0 
1290000 4405 148.457 -4251.007 0.656 1.0744 0 0 0 
1300000 4467 139.314 -4242.518 0.312 1.0281 0 0 0 
1310000 4514 194.055 -4224.738 0.404 1.4125 0 0 0 
1320000 4572 173.019 -4187.704 0.482 1.266 0 0 0 
1330000 4613 207.176 -4140.416 0.79 1.5095 0 0 0 
1340000 4665 200.666 -4093.976 0.932 1.4566 0 0 0 
1350000 4724 165.536 -4132.16 0.118 1.1938 0 0 0 
1360000 4775 190.128 -4198.993 -1.036 1.3596 0 0 0 
1370000 4842 150.167 -4203.47 -0.663 1.0807 0 0 0 
1380000 4912 142.456 -4126.038 0.777 1.017 0 0 0 
1390000 4979 144.035 -4061.023 0.934 1.031 0 0 0 
1400000 5042 163.928 -4008.924 0.814 1.1792 0 0 0 
1410000 5091 187.851 -3939.722 1.082 1.3512 0 0 0 
1420000 5141 200.639 -3875.446 1.265 1.4371 0 0 0 
1430000 5190 211.765 -3886.112 0.083 1.5088 0 0 0 
1440000 5244 196.757 -3804.289 0.885 1.4079 0 0 0 
1450000 5304 165.675 -3735.291 1.059 1.1913 0 0 0 
1460000 5351 193.416 -3678.685 1.161 1.3979 0 0 0 
1470000 5403 193.067 -3576.196 1.849 1.408 0 0 0 
1480000 5445 217.267 -3480.789 2.119 1.5778 0 0 0 
1490000 5486 224.891 -3402.736 1.96 1.6237 0 0 0 
1500000 5532 215.104 -3335.701 1.716 1.5463 0 0 0 
1510000 5581 197.415 -3213.997 2.086 1.4171 0 0 0 
1520000 5632 193.597 -3128.014 1.84 1.3923 0 0 0 
1530000 5661 264.351 -3057.212 2.112 1.8727 0 0 0 
1540000 5723 186.801 -2991.353 1.275 1.3345 0 0 0 
1550000 5767 208.089 -2906.435 1.72 1.4798 0 0 0 
1560000 5833 166.653 -2822.551 1.441 1.1904 0 0 0 
1570000 5889 184.053 -2708.884 1.776 1.3269 0 0 0 
1580000 5943 178.623 -2654.256 1.451 1.3067 0 0 0 
1590000 5996 182.77 -2575.558 1.504 1.3329 0 0 0 
1600000 6035 221.655 -2603.676 0.299 1.5903 0 0 0 
1610000 6085 211.703 -2506.324 1.459 1.5088 0 0 0 
1620000 6146 178.553 -2393.607 1.714 1.2762 0 0 0 
1630000 6199 197.039 -2304.309 1.817 1.403 0 0 0 
1640000 6266 152.509 -2237.795 1.169 1.0945 0 0 0 
1650000 6332 141.811 -2114.378 1.622 1.0303 0 0 0 
1660000 6384 172.999 -2047.183 1.43 1.2471 0 0 0 
1670000 6436 188.503 -1957.464 1.568 1.3578 0 0 0 
1680000 6477 215.751 -1865.439 2.059 1.5553 0 0 0 
1690000 6539 182.804 -1735.699 1.923 1.3332 0 0 0 
1700000 6586 200.191 -1637.982 2.023 1.4575 0 0 0 
1710000 6636 195.541 -1532.9 2.083 1.4179 0 0 0 
1720000 6686 204.764 -1420.838 2.32 1.4784 0 0 0 
1730000 6759 148.904 -1322.133 1.58 1.0801 0 0 0 
1740000 6826 159.122 -1214.92 1.65 1.1538 0 0 0 
1750000 6907 122.419 -1066.916 1.626 0.8945 0 0 0 
1760000 6977 138.706 -948.855 1.783 1.0128 0 0 0 
1770000 7050 141.757 -832.264 1.533 1.0486 0 0 0 
1780000 7118 137.557 -717.109 1.654 1.0112 0 0 0 
1790000 7180 153.529 -612.77 1.726 1.1215 0 0 0 
1800000 7241 159.434 -535.951 1.515 1.1672 0 0 0 
1810000 7306 158.803 -418.026 1.839 1.1513 0 0 0 
1820000 7359 183.918 -316.472 1.936 1.3352 0 0 0 
1830000 7407 190.849 -213.402 2.042 1.4008 0 0 0 
1840000 7452 216.241 -114.983 2.297 1.6005 0 0 0 
1850000 7507 183.904 -17.503 1.913 1.3762 0 0 0 
1860000 7560 189.612 83.13 1.905 1.4252 0 0 0 
1870000 7613 194.822 166.729 1.679 1.4438 0 0 0 
1880000 7660 208.397 279.295 2.147 1.5163 0 0 0 
1890000 7710 206.535 393.836 2.304 1.4974 0 0 0 
1900000 7781 160.148 558.075 2.314 1.1505 0 0 0 
1910000 7839 170.561 717.678 2.589 1.2338 0 0 0 
1920000 7908 152.432 866.599 2.266 1.1108 0 0 0 
1930000 7946 199.812 956.168 2.31 1.4611 0 0 0 
1940000 7985 224.422 1057.906 2.352 1.6469 0 0 0 
1950000 8034 220.161 1208.115 2.861 1.61 0 0 0 
1960000 8084 201.334 1342.885 2.625 1.4698 0 0 0 
1970000 8125 221.675 1425.554 2.173 1.6035 0 0 0 
1980000 8182 188.738 1532.102 1.962 1.369 0 0 0 
1990000 8233 195.109 1729.393 3.343 1.4097 0 0 0 
2000000 8281 201.015 1882.472 3.317 1.4443 0 0 0 
2010000 8330 202.421 2035.71 3.228 1.4447 0 0 0 
2020000 8374 208.883 2167.605 3.028 1.4829 0 0 0 
2030000 8419 215.812 2308.963 3.148 1.5353 0 0 0 
2040000 8464 216.268 2431.273 2.774 1.5463 0 0 0 
2050000 8511 206.118 2570.61 2.817 1.5065 0 0 0 
2060000 8553 223.328 2712.192 3.187 1.5983 0 0 0 
2070000 8604 201.003 2871.218 3.115 1.4456 0 0 0 
2080000 8637 235.806 2922.753 2.398 1.6778 0 0 0 
2090000 8689 204.928 3048.961 2.507 1.4666 0 0 0 
2100000 8736 203.663 3168.715 2.38 1.4595 0 0 0 
2110000 8793 177.877 3296.09 2.373 1.277 0 0 0 
2120000 8847 168.809 3437.041 2.492 1.1997 0 0 0 
2130000 8905 178.199 3541.47 1.78 1.2629 0 0 0 
2140000 8964 167.918 3685.334 2.144 1.1932 0 0 0 
2150000 9006 201.107 3821.763 2.627 1.4257 0 0 0 
2160000 9054 206.796 3911.636 2.043 1.4649 0 0 0 
2170000 9110 191.926 4060.417 2.584 1.3818 0 0 0 
2180000 9160 191.424 4257.547 3.306 1.3761 0 0 0 
2190000 9212 191.409 4429.993 3.346 1.3718 0 0 0 
2200000 9256 203.519 4564.868 3.098 1.4556 0 0 0 
2210000 9299 215.271 4753.269 3.754 1.5531 0 0 0 
2220000 9348 204.811 4857.31 2.723 1.5008 0 0 0 
2230000 9393 216.59 4992.963 3.073 1.5638 0 0 0 
2240000 9436 225.736 5114.247 2.952 1.6083 0 0 0 
2250000 9487 210.456 5259.318 2.86 1.4986 0 0 0 
2260000 9529 228.171 5410.497 3.343 1.6242 0 0 0 
2270000 9574 228.203 5586.119 3.74 1.626 0 0 0 
2280000 9622 208.173 5727.592 3.255 1.4904 0 0 0 
2290000 9683 171.524 5901.735 2.96 1.2332 0 0 0 
2300000 9736 186.921 6030.995 2.608 1.3385 0 0 0 
2310000 9788 185.101 6195.226 2.909 1.3246 0 0 0 
2320000 9838 198.167 6348.483 3.062 1.4176 0 0 0 
2330000 9890 186.415 6521.273 3.158 1.3511 0 0 0 
2340000 9937 193.051 6675.27 3.197 1.4003 0 0 0 
2350000 9973 240.129 6804.049 3.401 1.7264 0 0 0 
2360000 10020 227.538 6982.075 3.625 1.6327 0 0 0 
2370000 10075 196.707 7167.505 3.396 1.4157 0 0 0 
2380000 10117 219.464 7332.141 3.685 1.5612 0 0 0 
2390000 10153 242.872 7467.346 3.769 1.7149 0 0 0 
2400000 10201 221.102 7621.183 3.499 1.5704 0 0 0 
2410000 10234 259.504 7743.526 3.592 1.8339 0 0 0 
2420000 10276 245.519 7925.929 4.005 1.7392 0 0 0 
2430000 10317 252.401 8102.068 4.344 1.7788 0 0 0 
2440000 10361 235.098 8271.277 3.906 1.6631 0 0 0 
2450000 10403 234.665 8439.214 3.939 1.6613 0 0 0 
2460000 10444 244.974 8627.883 4.476 1.7371 0 0 0 
2470000 10488 227.549 8769.208 3.616 1.6211 0 0 0 
2480000 10528 235.59 8917.494 3.6 1.682 0 0 0 
2490000 10570 240.038 9101.516 4.027 1.715 0 0 0 
2500000 10616 229.758 9300.008 4.338 1.6436 0 0 0 
2510000 10659 227.735 9490.513 4.379 1.6214 0 0 0 
2520000 10697 245.874 9643.764 4.29 1.7463 0 0 0 
2530000 10746 222.275 9844.824 4.173 1.5784 0 0 0 
2540000 10800 198.585 9979.163 3.168 1.4209 0 0 0 
2550000 10837 233.228 10108.601 3.258 1.661 0 0 0 
2560000 10889 202.831 10276.865 3.23 1.4388 0 0 0 
2570000 10928 229.064 10421.803 3.548 1.6104 0 0 0 
2580000 10976 219.854 10582.425 3.444 1.5406 0 0 0 
2590000 11019 223.913 10770.108 3.95 1.5788 0 0 0 
2600000 11067 217.807 10860.399 2.787 1.5541 0 0 0 
2610000 11117 203.654 11029.043 3.128 1.4577 0 0 0 
2620000 11168 197.398 11212.602 3.465 1.4263 0 0 0 
2630000 11216 203.035 11376.218 3.301 1.46 0 0 0 
2640000 11273 175.987 11506.369 2.685 1.2714 0 0 0 
2650000 11322 195.485 11672.855 3.192 1.4083 0 0 0 
2660000 11373 196.828 11837.545 3.435 1.427 0 0 0 
2670000 11424 193.632 12019.602 3.346 1.399 0 0 0 
2680000 11476 189.887 12177.576 2.944 1.381 0 0 0 
2690000 11524 201.412 12336.922 3.217 1.4708 0 0 0 
2700000 11567 229.757 12409.481 2.071 1.6753 0 0 0 
2710000 11606 237.564 12597.275 3.516 1.7275 0 0 0 
2720000 11653 221.354 12759.388 3.499 1.6067 0 0 0 
2730000 11693 237.555 12900.747 3.656 1.7132 0 0 0 
2740000 11727 254.002 13020.967 3.498 1.8373 0 0 0 
2750000 11778 221.31 13152.979 2.925 1.5875 0 0 0 
2760000 11822 216.262 13295.714 2.967 1.5431 0 0 0 
2770000 11860 248.123 13415.67 3.243 1.7545 0 0 0 
2780000 11907 223.197 13588.387 3.482 1.5782 0 0 0 
2790000 11948 233.603 13746.086 3.645 1.6416 0 0 0 
2800000 11991 227.196 13871.184 3.273 1.6135 0 0 0 
2810000 12038 213.003 14032.284 3.34 1.5112 0 0 0 
2820000 12082 225.627 14179.142 3.278 1.5979 0 0 0 
2830000 12121 239.413 14320.295 3.285 1.7023 0 0 0 
2840000 12160 251.741 14430.189 3.094 1.8116 0 0 0 
2850000 12195 260.391 14587.318 3.904 1.8716 0 0 0 
2860000 12240 232.804 14743.191 3.464 1.6815 0 0 0 
2870000 12290 198.598 14914.875 3.441 1.4275 0 0 0 
2880000 12327 236.43 15031.104 3.2 1.6961 0 0 0 
2890000 12373 221.516 15223.399 3.871 1.5752 0 0 0 
2900000 12414 236.905 15341.659 3.401 1.6845 0 0 0 
2910000 12457 235.637 15508.032 3.704 1.6701 0 0 0 
2920000 12503 227.085 15682.011 3.711 1.6209 0 0 0 
2930000 12546 223.548 15872.273 4.025 1.6045 0 0 0 
2940000 12594 208.047 16062.994 4.014 1.4928 0 0 0 
2950000 12624 255.596 16124.135 2.879 1.8338 0 0 0 
2960000 12668 238.612 16318.963 3.697 1.7065 0 0 0 
2970000 12706 245.534 16506.872 4.487 1.7485 0 0 0 
2980000 12763 194.114 16701.514 3.721 1.3881 0 0 0 
2990000 12813 200.745 16873.429 3.55 1.4435 0 0 0 
3000000 12856 214.071 17063.93 4.054 1.5185 0 0 0 
3010000 12897 242.395 17166.631 3.303 1.7373 0 0 0 
3020000 12948 204.865 17353.972 3.383 1.4774 0 0 0 
3030000 12995 213.279 17532.772 3.694 1.5446 0 0 0 
3040000 13045 198.005 17719.771 3.68 1.4332 0 0 0 
3050000 13099 179.674 17900.316 3.505 1.2975 0 0 0 
3060000 13140 211.017 18070.733 3.672 1.5142 0 0 0 
3070000 13187 211.631 18220.95 3.422 1.5234 0 0 0 
3080000 13252 169.621 18392.976 2.866 1.2373 0 0 0 
3090000 13293 205.848 18561.03 3.627 1.4867 0 0 0 
3100000 13337 217.171 18740.422 3.735 1.5651 0 0 0 
3110000 13382 216.481 18886.377 3.241 1.5557 0 0 0 
3120000 13438 192.999 19085.266 3.453 1.4078 0 0 0 
3130000 13490 190.491 19317.65 3.91 1.3924 0 0 0 
3140000 13538 207.74 19470.292 3.552 1.5199 0 0 0 
3150000 13600 178.097 19664.708 3.353 1.3114 0 0 0 
3160000 13632 237.856 19792.363 3.604 1.7467 0 0 0 
3170000 13688 197.997 19953.469 3.037 1.4633 0 0 0 
3180000 13735 200.433 20161.823 3.937 1.4799 0 0 0 
3190000 13781 209.102 20332.076 3.629 1.5402 0 0 0 
3200000 13822 224.39 20499.728 3.804 1.6329 0 0 0 
3210000 13873 204.125 20678.934 3.632 1.4845 0 0 0 
3220000 13931 184.515 20888.747 3.568 1.3419 0 0 0 
3230000 13973 215.891 21052.77 3.795 1.5686 0 0 0 
3240000 14014 236.692 21207.186 3.774 1.7133 0 0 0 
3250000 14063 218.367 21392.04 3.766 1.5689 0 0 0 
3260000 14108 218.571 21531.547 3.308 1.5627 0 0 0 
3270000 14148 242.808 21656.615 3.117 1.732 0 0 0 
3280000 14188 237.818 21818.017 3.48 1.6821 0 0 0 
3290000 14233 233.125 21993.904 3.739 1.6412 0 0 0 
3300000 14270 249.444 22113.292 3.439 1.753 0 0 0 
3310000 14308 255.14 22263.72 3.589 1.7881 0 0 0 
3320000 14350 246.116 22439.203 3.893 1.7251 0 0 0 
3330000 14393 236.056 22581.434 3.581 1.6773 0 0 0 
3340000 14441 215.46 22769.456 3.604 1.5467 0 0 0 
3350000 14493 202.688 22969.018 3.821 1.4644 0 0 0 
3360000 14537 216.442 23085.894 3.131 1.5724 0 0 0 
3370000 14587 210.339 23273.402 3.529 1.5267 0 0 0 
3380000 14635 211.195 23465.941 3.915 1.5337 0 0 0 
3390000 14677 228.616 23621.236 3.786 1.672 0 0 0 
3400000 14719 235.101 23758.797 3.516 1.7073 0 0 0 
3410000 14771 210.349 23952.506 3.567 1.521 0 0 0 
3420000 14805 255.338 24066.291 3.518 1.841 0 0 0 
3430000 14856 211.249 24249.266 3.366 1.5273 0 0 0 
3440000 14907 193.328 24459.708 3.838 1.3977 0 0 0 
3450000 14956 198.612 24675.072 4.232 1.4343 0 0 0 
3460000 15003 200.745 24855.209 3.931 1.4509 0 0 0 
3470000 15057 193.751 25016.711 3.309 1.4022 0 0 0 
3480000 15107 193.933 25193.601 3.469 1.4048 0 0 0 
3490000 15151 219.618 25322.612 3.053 1.5865 0 0 0 
3500000 15203 208.675 25513.787 3.567 1.5089 0 0 0 
3510000 15247 221.308 25716.69 4.177 1.6013 0 0 0 
3520000 15290 234.057 25880.835 4.005 1.6867 0 0 0 
3530000 15332 237.495 26033.367 3.87 1.7081 0 0 0 
3540000 15374 235.314 26223.011 4.235 1.6876 0 0 0 
3550000 15409 255.828 26355.174 3.849 1.8411 0 0 0 
3560000 15454 236.468 26548.011 4.042 1.6932 0 0 0 
3570000 15497 244.239 26698.602 3.749 1.7462 0 0 0 
3580000 15536 253.049 26866.73 4.139 1.8136 0 0 0 
3590000 15592 200.26 27089.651 4.026 1.4415 0 0 0 
3600000 15635 211.947 27236.458 3.563 1.5242 0 0 0 
3610000 15689 202.831 27434.884 3.727 1.4582 0 0 0 
3620000 15744 194.047 27635.023 3.91 1.3961 0 0 0 
3630000 15798 187.788 27801.227 3.299 1.3606 0 0 0 
3640000 15843 207.327 28002.183 3.92 1.5019 0 0 0 
3650000 15885 228.928 28152.029 3.723 1.655 0 0 0 
3660000 15930 224.079 28335.277 3.758 1.6179 0 0 0 
3670000 15978 220.213 28502.189 3.613 1.5892 0 0 0 
3680000 16013 259.845 28566.036 2.614 1.8794 0 0 0 
3690000 16066 213.33 28764.041 3.313 1.5455 0 0 0 
3700000 16112 211.588 28939.622 3.439 1.5233 0 0 0 
3710000 16161 212.033 29116.589 3.538 1.5306 0 0 0 
3720000 16202 230.022 29323.669 4.439 1.6658 0 0 0 
3730000 16244 229.111 29498.438 4.23 1.6514 0 0 0 
3740000 16300 189.744 29705.032 3.896 1.3688 0 0 0 
3750000 16351 190.716 29870.818 3.441 1.1981 0 0 0 
3760000 16403 194.765 30060.787 3.594 1.1588 0 0 0 
3770000 16447 206.914 30209.554 3.443 1.2078 0 0 0 
3780000 16490 230.412 30392.753 3.967 1.3311 0 0 0 
3790000 16538 219.607 30568.701 3.906 1.2741 0 0 0 
3800000 16578 232.534 30750.714 4.128 1.4638 0 0 0 
3810000 16637 192.224 30957.841 3.825 1.3139 0 0 0 
3820000 16686 193.842 31117.456 3.371 1.3668 0 0 0 
3830000 16728 207.279 31268.19 3.733 1.482 0 0 0 
3840000 16779 197.33 31389.377 2.838 1.4132 0 0 0 
3850000 16829 205.69 31578.655 3.492 1.4682 0 0 0 
3860000 16876 199.929 31699.041 2.895 1.4313 0 0 0 
3870000 16936 180.232 31859.409 2.773 1.2976 0 0 0 
3880000 16982 198.033 31987.673 2.687 1.4311 0 0 0 
3890000 17026 210.087 32170.242 3.421 1.5261 0 0 0 
3900000 17071 224.29 32307.776 3.339 1.6413 0 0 0 
3910000 17123 194.54 32451.142 2.815 1.4217 0 0 0 
3920000 17174 193.52 32637.257 3.242 1.4038 0 0 0 
3930000 17221 203.73 32832.096 3.875 1.4798 0 0 0 
3940000 17266 214.364 32995.573 3.817 1.5581 0 0 0 
3950000 17305 238.9 33159.433 4.098 1.7375 0 0 0 
3960000 17340 259.57 33322.425 4.369 1.8932 0 0 0 
3970000 17393 211.814 33513.761 3.967 1.5598 0 0 0 
3980000 17440 215.542 33708.822 4.046 1.5841 0 0 0 
3990000 17477 243.059 33808.518 4.136 1.7706 0 0 0 
4000000 17523 227.552 33927.972 2.822 1.6584 0 0 0 
