10000 12 177.618 4186.549 74.218 0.1974 0 0 0 0.0 0.0 0.0 0.0 0.0 
20000 25 309.466 8355.806 129.25 0.3437 0 0 0 0.0 0.0 0.0 0.0 0.0 
30000 186 56.041 9947.458 16.469 0.4147 0 0 0 0.0032677 -1.4213576 0.0524591 0.0591198 0.0226148 
40000 686 20.001 13665.281 8.454 0.1839 0 0 0 0.0036406 -2.6429848 0.1208731 0.060193 0.0199766 
50000 1186 20.0 17920.219 8.689 0.1819 0 0 0 0.0030157 -3.8896478 0.0546651 0.0597365 0.0182633 
60000 1686 20.0 21823.803 8.092 0.184 0 0 0 0.0022182 -4.9634385 0.0503028 0.0600303 0.0184543 
70000 2184 20.0 25718.327 8.161 0.1845 0 0 0 0.0019596 -5.8505545 0.0404982 0.0607217 0.0181299 
80000 2684 20.0 29595.309 7.51 0.1823 0 0 0 0.0019659 -6.3839287 0.0599412 0.0654946 0.019667 
90000 3145 20.007 33097.897 7.651 0.1837 0 0 0 0.0016917 -7.1989279 0.0805113 0.0643202 0.0181462 
100000 3233 138.377 35819.122 36.051 1.2771 0 0 0 0.0023516 -8.1726177 0.2618753 0.0693783 0.0218089 
110000 3245 296.057 38763.165 84.563 2.7333 0 0 0 0.0022053 -9.5082669 0.1964718 0.0691131 0.0219635 
120000 3257 413.553 41419.229 113.627 3.8149 0 0 0 0.0021984 -10.949426 0.2487698 0.0673077 0.0215234 
130000 3267 520.83 44601.713 151.287 4.804 0 0 0 0.0026615 -12.4205645 0.4945913 0.066097 0.0215684 
140000 3277 608.484 47915.385 183.617 5.6065 0 0 0 0.0023019 -13.993208 0.3826648 0.0642436 0.0204684 
150000 3287 680.103 51246.375 211.558 6.2676 0 0 0 0.0024448 -15.4883963 0.5580302 0.0622927 0.0199487 
160000 3297 738.621 53778.804 218.959 6.8156 0 0 0 0.001743 -17.1461106 0.2834957 0.0589401 0.0186782 
170000 3307 786.434 55848.44 217.018 7.2572 0 0 0 0.0020667 -18.4040473 0.4875909 0.0564885 0.0172609 
180000 3317 825.501 59318.37 239.742 7.6205 0 0 0 0.0027601 -19.8652314 0.779833 0.0580519 0.0198312 
190000 3328 848.362 63505.647 270.038 7.8299 0 0 0 0.0024763 -21.3406306 0.6264966 0.0567053 0.0182574 
200000 3338 867.267 68408.448 305.876 8.0058 0 0 0 0.0025218 -22.690563 0.9390688 0.0566171 0.0197543 
210000 3348 890.43 72348.677 322.995 8.2224 0 0 0 0.002582 -23.7902629 1.5652568 0.0584644 0.0197742 
220000 3361 867.603 75206.036 300.93 8.0218 0 0 0 0.0024917 -25.185687 0.8203757 0.0575763 0.0188455 
230000 3375 829.95 77455.943 265.616 7.6731 0 0 0 0.0027746 -26.1804986 1.4802351 0.0556044 0.01918 
240000 3385 861.057 81822.173 297.003 7.9662 0 0 0 0.0027068 -27.5868959 0.7973103 0.0562787 0.0188537 
250000 3395 886.473 85515.039 309.726 8.2098 0 0 0 0.0026536 -29.2301484 0.7864078 0.0562916 0.0189952 
260000 3406 893.788 89598.674 323.886 8.2788 0 0 0 0.0028605 -31.0210608 0.6758592 0.055921 0.0204322 
270000 3416 913.217 93372.845 333.631 8.4718 0 0 0 0.0037419 -32.6074284 2.0746289 0.0561644 0.0208893 
280000 3430 862.998 96760.576 310.174 8.0112 0 0 0 0.0036321 -34.4564016 1.7813623 0.0545294 0.0206243 
290000 3440 888.059 99543.412 305.154 8.2547 0 0 0 0.0033511 -35.8690964 1.5906936 0.0512905 0.0195916 
300000 3450 908.536 103117.985 314.976 8.4357 0 0 0 0.0041896 -37.0985303 2.2899548 0.0509117 0.0196488 
310000 3461 912.281 107128.557 326.637 8.4705 0 0 0 0.0037869 -37.9093542 2.1783502 0.0486516 0.0183797 
320000 3471 928.327 111062.594 338.622 8.6244 0 0 0 0.0034705 -39.0963687 1.6390699 0.0492226 0.0188482 
330000 3481 923.689 114584.114 332.779 8.5891 0 0 0 0.003768 -39.9976046 2.156228 0.048186 0.0189062 
340000 3494 894.178 118829.047 332.867 8.3139 0 0 0 0.0033079 -41.0003906 1.185246 0.0483482 0.0183891 
350000 3505 900.858 123164.173 347.428 8.3792 0 0 0 0.0030581 -41.9469453 1.1730039 0.046672 0.0189842 
360000 3515 918.994 127871.003 369.749 8.5475 0 0 0 0.0047733 -42.8260471 4.3185883 0.0488902 0.0195286 
370000 3525 933.812 132545.646 388.462 8.6838 0 0 0 0.0030823 -43.9447171 1.3108525 0.0483034 0.018498 
380000 3535 945.92 137602.846 409.69 8.7973 0 0 0 0.0031204 -44.8498323 0.8861791 0.0498182 0.0194171 
390000 3545 955.812 141635.249 410.456 8.8955 0 0 0 0.0034849 -45.6052332 1.883612 0.0475008 0.018397 
400000 3555 963.896 146730.258 428.272 8.9624 0 0 0 0.0041551 -46.5052499 4.2221356 0.048253 0.0202355 
410000 3565 970.5 151058.092 429.698 9.032 0 0 0 0.0033715 -47.2718784 2.0606879 0.048397 0.0188816 
420000 3576 966.038 155940.055 435.758 8.9882 0 0 0 0.004434 -48.373565 4.5325251 0.0505501 0.0210564 
430000 3586 972.251 160889.155 446.035 9.0454 0 0 0 0.0035366 -49.6162158 4.282973 0.0470171 0.0180656 
440000 3596 977.327 165433.47 447.497 9.103 0 0 0 0.0029095 -50.6203409 2.3829374 0.0455227 0.0177052 
450000 3606 981.475 169708.379 444.886 9.1506 0 0 0 0.0028401 -51.6717071 3.124787 0.0452968 0.0175645 
460000 3616 984.863 174900.317 458.972 9.1823 0 0 0 0.0035312 -52.5572164 5.1274856 0.0457827 0.0187142 
470000 3626 979.924 180130.372 466.775 9.1314 0 0 0 0.0032446 -53.369126 3.7058787 0.0441735 0.0175864 
480000 3636 983.597 185661.24 482.184 9.1681 0 0 0 0.002227 -54.4917548 1.1022041 0.0466567 0.0182554 
490000 3648 946.165 191120.072 474.924 8.8193 0 0 0 0.0033157 -55.6739341 4.7670612 0.0458105 0.0179553 
500000 3658 956.013 195857.35 477.131 8.907 0 0 0 0.0025056 -56.8308067 1.9981817 0.0460309 0.0186784 
510000 3669 948.586 200946.277 473.505 8.8699 0 0 0 0.0028697 -57.7123962 2.7706407 0.0478484 0.0189423 
520000 3679 957.991 206214.695 483.808 9.0211 0 0 0 0.0026602 -59.0194125 2.2740952 0.0456454 0.0173848 
530000 3690 946.569 210774.148 470.524 8.954 0 0 0 0.0031259 -60.2221129 4.6640175 0.0494591 0.0196321 
540000 3700 956.343 215069.168 462.399 9.0927 0 0 0 0.0025214 -61.4350272 2.0204547 0.0479118 0.018458 
550000 3710 964.329 219828.551 463.318 9.1987 0 0 0 0.002854 -62.1319426 2.2119962 0.0468002 0.0184286 
560000 3720 970.854 224787.389 470.527 9.3063 0 0 0 0.0032951 -62.8157902 5.5107505 0.0492121 0.019836 
570000 3730 976.186 230712.533 488.328 9.4428 0 0 0 0.0032576 -63.489362 4.2422857 0.0486768 0.0190445 
580000 3740 978.734 236442.576 508.399 9.4699 0 0 0 0.0025108 -64.1395033 2.0329901 0.0485011 0.0187942 
590000 3750 982.624 242734.022 528.161 9.4995 0 0 0 0.002706 -64.772744 3.8453194 0.0501935 0.0201822 
600000 3761 975.482 248506.509 530.549 9.3944 0 0 0 0.0027758 -65.498046 4.0696435 0.0503458 0.0213435 
610000 3771 979.967 254491.062 545.268 9.4006 0 0 0 0.0024766 -66.4012743 2.7287542 0.0496256 0.019986 
620000 3781 983.631 260244.481 549.924 9.3871 0 0 0 0.0029386 -66.8981624 5.971243 0.0504909 0.0207005 
630000 3791 986.626 265280.625 542.959 9.3756 0 0 0 0.0038417 -67.611505 5.9669883 0.0526923 0.0217281 
640000 3802 973.655 270027.873 520.316 9.2318 0 0 0 0.0024823 -68.6918923 2.4628581 0.0526549 0.0213039 
650000 3812 970.814 275490.114 522.421 9.1757 0 0 0 0.0028444 -69.1466566 4.5089915 0.0537426 0.0221539 
660000 3823 959.779 282007.732 534.153 9.0438 0 0 0 0.0033215 -69.962989 4.7575205 0.0538449 0.0223096 
670000 3833 962.96 287225.886 529.131 9.053 0 0 0 0.0027754 -70.6129328 1.914314 0.0556062 0.0230493 
680000 3847 910.31 293259.41 511.324 8.5398 0 0 0 0.0035622 -71.3965234 5.3917365 0.0561647 0.0239639 
690000 3861 856.625 298050.022 466.979 8.0237 0 0 0 0.0034089 -72.4109724 5.7982318 0.0541708 0.0227726 
700000 3878 781.706 301801.542 395.907 7.3162 0 0 0 0.0031139 -73.5851678 7.3298838 0.0546964 0.0224814 
710000 3888 821.638 307018.917 420.22 7.6849 0 0 0 0.003688 -74.6389123 8.5527573 0.0551554 0.0232131 
720000 3898 849.414 312080.954 433.61 7.9428 0 0 0 0.0036864 -75.6407401 8.0728786 0.0554385 0.0236928 
730000 3908 876.96 318399.43 468.355 8.1912 0 0 0 0.0031237 -76.6819671 7.57998 0.0560156 0.0238473 
740000 3918 899.467 325171.26 505.927 8.3986 0 0 0 0.0026551 -77.972514 2.5510027 0.0563247 0.023648 
750000 3928 917.858 331479.383 530.143 8.5658 0 0 0 0.0026363 -78.9409907 2.4120701 0.0564322 0.0231226 
760000 3938 932.884 337366.729 539.234 8.7067 0 0 0 0.0039079 -80.0103535 10.2856765 0.0586359 0.0241537 
770000 3948 945.161 344405.665 571.38 8.8075 0 0 0 0.0031498 -81.1677945 4.4998821 0.0583179 0.0241731 
780000 3958 952.011 351163.716 589.815 8.8556 0 0 0 0.0031469 -82.0111496 6.2368667 0.0580612 0.0241365 
790000 3968 960.789 357818.65 601.539 8.9304 0 0 0 0.0027257 -82.9833911 3.4207568 0.0567476 0.0235339 
800000 3978 967.962 363967.623 602.365 8.9996 0 0 0 0.0031687 -83.7828681 6.8136369 0.0584766 0.0244491 
810000 3988 973.823 370741.998 615.868 9.0603 0 0 0 0.0034145 -84.9494337 10.7217544 0.0589497 0.0240841 
820000 3999 965.19 377483.616 619.244 8.9746 0 0 0 0.0031199 -85.7519939 6.0503656 0.0585291 0.0243252 
830000 4010 961.153 383741.411 614.179 8.9348 0 0 0 0.0032599 -86.4047609 7.1544903 0.0581558 0.0232235 
840000 4020 968.26 390721.438 629.809 9.0048 0 0 0 0.0030308 -87.1127695 6.4345908 0.0575889 0.0232268 
850000 4030 974.066 397871.841 646.056 9.0526 0 0 0 0.0033253 -88.0436929 10.0312423 0.0572267 0.0227627 
860000 4040 978.81 404678.232 652.056 9.1033 0 0 0 0.0033413 -88.7239239 12.1363458 0.0565828 0.022421 
870000 4050 982.686 412468.256 674.91 9.1428 0 0 0 0.0030385 -89.8509031 9.0765986 0.0566875 0.0236541 
880000 4060 985.853 419769.202 687.213 9.1768 0 0 0 0.0034149 -90.8876943 13.6285204 0.056303 0.0217788 
890000 4070 988.441 426417.935 682.359 9.2078 0 0 0 0.0033507 -92.0451869 11.4760155 0.0582374 0.0232773 
900000 4080 990.556 432422.14 667.923 9.227 0 0 0 0.0024432 -93.1095848 6.2265024 0.0566185 0.0221548 
910000 4090 992.283 439041.499 667.081 9.2429 0 0 0 0.0024279 -93.9662368 5.8752025 0.0570013 0.0217294 
920000 4100 993.695 445126.885 655.881 9.2507 0 0 0 0.0025377 -94.7197439 4.5117058 0.0572831 0.0220753 
930000 4110 994.848 451920.116 660.026 9.257 0 0 0 0.0027701 -94.9278297 7.9924875 0.0566919 0.0219409 
940000 4120 988.633 458369.041 654.463 9.1942 0 0 0 0.0028682 -95.8051492 12.7307567 0.0573025 0.0224466 
950000 4131 970.422 465467.831 648.702 9.0242 0 0 0 0.0028502 -96.3701928 12.486298 0.0568848 0.0219907 
960000 4142 961.547 472838.534 654.78 8.9598 0 0 0 0.0025281 -97.4482529 6.3175871 0.0547833 0.0203745 
970000 4154 939.693 480141.771 649.865 8.7596 0 0 0 0.0025105 -98.2827829 8.6327162 0.0551315 0.0205752 
980000 4165 934.795 487827.411 660.121 8.7113 0 0 0 0.0031136 -98.9332125 14.0089111 0.0571933 0.0217115 
990000 4175 946.723 494964.842 669.745 8.8254 0 0 0 0.0026309 -99.4920152 11.970522 0.0553032 0.0215189 
1000000 4185 956.469 501952.7 674.573 8.9188 0 0 0 0.0029336 -100.7270238 11.0509061 0.056848 0.0216744 
1010000 4195 964.432 509010.368 680.41 8.9849 0 0 0 0.0023138 -101.2757658 6.6101379 0.0543497 0.020275 
1020000 4206 954.78 515756.377 669.359 8.8933 0 0 0 0.0028127 -102.1253313 12.6929315 0.0546647 0.0208561 
1030000 4218 914.746 522109.018 629.237 8.5218 0 0 0 0.0021317 -103.0256932 2.5576707 0.0541612 0.0201686 
1040000 4228 930.342 529476.147 647.999 8.654 0 0 0 0.0030919 -103.6559671 12.0382828 0.0573113 0.0219 
1050000 4238 943.084 535478.149 639.109 8.7753 0 0 0 0.0027345 -104.2716314 11.7600409 0.0554597 0.0205361 
1060000 4250 926.035 543296.047 645.905 8.6218 0 0 0 0.0024709 -104.8258179 11.4576118 0.0549331 0.0203899 
1070000 4261 926.299 550615.66 653.528 8.6241 0 0 0 0.0024948 -105.3857938 12.2086578 0.0533042 0.0204716 
1080000 4271 939.781 557643.602 662.934 8.759 0 0 0 0.0025705 -106.2234529 11.3898373 0.0544583 0.0207122 
1090000 4281 950.797 565847.898 691.129 8.8589 0 0 0 0.0027222 -106.9378611 11.8449512 0.0541925 0.0201092 
1100000 4291 959.797 574622.89 725.012 8.9469 0 0 0 0.002641 -108.1007146 11.4564912 0.0567776 0.0210765 
1110000 4301 967.151 583042.295 745.534 9.006 0 0 0 0.0034258 -108.707334 28.0337102 0.0573215 0.0212653 
1120000 4311 973.16 590867.299 752.488 9.0558 0 0 0 0.00261 -109.7846369 10.1084184 0.056169 0.020255 
1130000 4321 978.07 600264.638 786.638 9.1086 0 0 0 0.0027111 -110.9279171 12.1092751 0.0581367 0.0211327 
1140000 4331 969.789 608584.249 786.557 9.0332 0 0 0 0.0028852 -111.9888922 16.2932697 0.060509 0.0224796 
1150000 4342 963.03 616915.515 781.508 8.9768 0 0 0 0.0030486 -112.9511191 14.4421065 0.0593368 0.0218908 
1160000 4353 957.877 625205.228 781.247 8.9392 0 0 0 0.0026425 -113.6316859 11.619563 0.0603325 0.0217518 
1170000 4363 958.351 632318.951 765.62 8.9412 0 0 0 0.0036661 -114.3034866 13.2272182 0.0622619 0.0237449 
1180000 4373 965.97 639945.511 762.189 9.0121 0 0 0 0.0029302 -115.0437224 11.8461792 0.0602119 0.0216363 
1190000 4383 972.195 647580.721 762.215 9.0678 0 0 0 0.0033561 -115.7807862 18.4750453 0.0615536 0.023281 
1200000 4393 977.281 654884.009 755.027 9.1235 0 0 0 0.0030384 -116.7322942 10.9897539 0.0625845 0.0237319 
1210000 4403 981.437 664120.218 784.462 9.17 0 0 0 0.0029369 -117.8222978 10.6926299 0.0626064 0.023524 
1220000 4413 984.833 673993.122 822.268 9.2059 0 0 0 0.0031156 -119.2925445 11.0346869 0.0664302 0.0245964 
1230000 4423 987.607 683697.943 851.237 9.2291 0 0 0 0.0027912 -120.6865309 4.3592609 0.0661346 0.0236296 
1240000 4433 989.874 693292.619 871.057 9.2475 0 0 0 0.0027591 -121.7792773 5.4449458 0.0679857 0.0250584 
1250000 4443 991.726 703011.791 886.59 9.2542 0 0 0 0.0032252 -122.5673997 14.9370009 0.0718544 0.0264367 
1260000 4453 993.24 712518.22 897.587 9.2688 0 0 0 0.0030419 -123.3072655 8.3178305 0.0720854 0.0268984 
1270000 4463 994.477 723460.84 934.792 9.2815 0 0 0 0.0030502 -124.1492782 12.1628518 0.0704181 0.0254133 
1280000 4473 995.487 732346.854 929.265 9.299 0 0 0 0.0035638 -125.0748844 12.733153 0.0743373 0.0276196 
1290000 4483 996.312 739164.548 883.832 9.3071 0 0 0 0.0034663 -125.4809892 10.3255818 0.0740504 0.0275049 
1300000 4493 996.987 746717.525 860.238 9.3161 0 0 0 0.003396 -125.7495969 13.4472324 0.0735001 0.0270237 
1310000 4503 997.538 754492.091 844.965 9.3201 0 0 0 0.0036612 -126.0138118 18.9144998 0.0722171 0.0267527 
1320000 4513 997.989 761809.149 827.295 9.3296 0 0 0 0.0039173 -126.4072717 21.8535653 0.0742249 0.0280412 
1330000 4523 998.356 770880.363 839.501 9.3383 0 0 0 0.0037859 -126.4134002 15.1758109 0.0748002 0.0282391 
1340000 4533 998.657 778883.875 833.198 9.3475 0 0 0 0.0033027 -127.0371567 13.6714105 0.0740435 0.0273872 
1350000 4543 998.903 788358.133 852.065 9.3402 0 0 0 0.003407 -127.37173 15.5652919 0.0755932 0.028569 
1360000 4553 999.103 798342.457 878.467 9.3429 0 0 0 0.0032514 -128.1901803 7.5922931 0.0770323 0.0286139 
1370000 4563 999.267 807698.043 890.341 9.3472 0 0 0 0.0037364 -129.1459324 22.4979794 0.0777128 0.0291036 
1380000 4573 999.401 816409.264 884.089 9.3512 0 0 0 0.0045797 -129.4899757 32.33235 0.0811918 0.0312089 
1390000 4583 999.511 824322.118 871.277 9.3513 0 0 0 0.0036696 -130.5867519 10.8400608 0.0811384 0.0310011 
1400000 4593 999.6 833336.887 871.504 9.3559 0 0 0 0.0035936 -131.4285738 13.1046624 0.0830155 0.0316134 
1410000 4603 999.674 844361.555 914.547 9.3658 0 0 0 0.0034584 -132.0182609 13.4447722 0.0832296 0.0319019 
1420000 4613 999.733 856207.721 960.857 9.3646 0 0 0 0.0042236 -132.1479335 31.5093756 0.0843063 0.0326244 
1430000 4623 999.782 868264.51 1006.561 9.3555 0 0 0 0.0037039 -132.9215323 16.9816703 0.0844064 0.0327202 
1440000 4633 999.822 880034.049 1037.458 9.3617 0 0 0 0.0038271 -134.3753306 25.8182391 0.0862535 0.0330447 
1450000 4643 999.854 891590.229 1057.154 9.353 0 0 0 0.0035058 -135.077457 11.7765708 0.0847482 0.0318252 
1460000 4653 999.881 902247.638 1059.8 9.3403 0 0 0 0.0038781 -136.0037297 24.0063189 0.0869994 0.0327682 
1470000 4663 999.903 912663.042 1054.403 9.3419 0 0 0 0.0039181 -136.686431 16.5219254 0.0873682 0.0331299 
1480000 4673 999.921 923170.996 1055.451 9.3429 0 0 0 0.0035889 -137.1965675 17.4957412 0.0885385 0.0330323 
1490000 4683 994.589 933597.019 1043.661 9.3008 0 0 0 0.004024 -138.7238504 20.2410071 0.0928013 0.0362709 
1500000 4693 995.579 946856.55 1094.285 9.3017 0 0 0 0.0043135 -140.4565476 23.2651626 0.0963748 0.0372416 
1510000 4703 996.388 959391.677 1122.71 9.3101 0 0 0 0.004614 -141.7080199 21.0578057 0.0977554 0.0369304 
1520000 4713 997.048 972792.716 1163.294 9.317 0 0 0 0.004381 -143.5590941 22.5301658 0.0991688 0.0375388 
1530000 4723 997.532 985645.899 1184.856 9.3122 0 0 0 0.0042684 -144.8773478 23.2985598 0.1003431 0.0380002 
1540000 4733 997.983 998843.549 1208.778 9.3037 0 0 0 0.0040403 -146.0914504 18.9231118 0.1013305 0.0381238 
1550000 4743 998.352 1012940.75 1248.023 9.3111 0 0 0 0.0054585 -147.8476488 50.9055218 0.102856 0.0388215 
1560000 4753 998.654 1025126.196 1242.236 9.3157 0 0 0 0.0046067 -149.2435215 14.8141263 0.1037578 0.0385753 
1570000 4763 998.9 1037502.536 1247.014 9.3174 0 0 0 0.0040446 -150.1154617 20.116232 0.1023481 0.0381291 
1580000 4773 999.101 1048361.658 1212.473 9.3232 0 0 0 0.0039174 -151.5737209 12.8816592 0.1018757 0.0373499 
1590000 4783 999.266 1058430.387 1179.199 9.3151 0 0 0 0.0043676 -152.335315 37.2600745 0.1036886 0.0386648 
1600000 4793 999.4 1069159.582 1153.434 9.3141 0 0 0 0.0038974 -154.0070965 13.3841057 0.1022016 0.0374372 
1610000 4803 999.51 1079789.948 1138.133 9.313 0 0 0 0.0041281 -154.0349462 19.6432483 0.1029301 0.0381285 
1620000 4813 999.599 1090952.067 1140.145 9.3156 0 0 0 0.0041875 -154.0352024 30.8459933 0.1036014 0.0384251 
1630000 4823 999.673 1102909.923 1142.868 9.3134 0 0 0 0.0045866 -155.2663532 38.4570415 0.1059727 0.0400716 
1640000 4833 999.733 1113582.221 1130.613 9.311 0 0 0 0.0045306 -154.7740659 27.1473204 0.1034425 0.0385456 
1650000 4843 999.781 1126906.41 1169.476 9.3137 0 0 0 0.0037893 -155.7830595 11.2733906 0.1048362 0.0392291 
1660000 4853 999.821 1139076.088 1192.949 9.3046 0 0 0 0.0043591 -156.6303494 31.9743697 0.1065938 0.0396189 
1670000 4863 999.854 1150756.338 1175.355 9.3147 0 0 0 0.0041568 -157.4895052 26.0311184 0.1043907 0.0384352 
1680000 4873 999.881 1163437.369 1192.521 9.3134 0 0 0 0.0040788 -158.6260391 28.9430944 0.1055182 0.0388762 
1690000 4883 999.903 1175451.32 1191.136 9.3112 0 0 0 0.0036991 -159.2439132 11.7651794 0.1060867 0.0392788 
1700000 4893 999.92 1189985.225 1240.338 9.3095 0 0 0 0.0037712 -159.7940573 28.2129073 0.1047667 0.0386893 
1710000 4903 999.935 1202654.456 1252.418 9.3273 0 0 0 0.0035844 -160.0154077 16.1337741 0.1030428 0.0372191 
1720000 4913 999.947 1214635.402 1233.049 9.3231 0 0 0 0.0041926 -160.6280207 38.935896 0.103912 0.0379537 
1730000 4923 999.957 1227826.144 1250.018 9.3258 0 0 0 0.0040662 -160.5223416 36.0907341 0.1034286 0.0378729 
1740000 4933 999.965 1240037.448 1246.208 9.333 0 0 0 0.003866 -160.9408566 28.9331782 0.1019804 0.0369009 
1750000 4943 999.971 1252464.914 1248.693 9.3372 0 0 0 0.0039526 -161.4543056 16.4689473 0.1021333 0.0375285 
1760000 4953 999.976 1264166.759 1236.079 9.339 0 0 0 0.0039411 -161.7845146 27.5237584 0.1031872 0.0379033 
1770000 4963 999.981 1275771.667 1214.359 9.3383 0 0 0 0.0037527 -162.2574969 16.297058 0.102 0.0369943 
1780000 4973 999.984 1287160.929 1199.357 9.3334 0 0 0 0.0035399 -162.8729656 19.3367946 0.1009554 0.0367238 
1790000 4983 999.987 1302280.289 1255.587 9.332 0 0 0 0.0036227 -164.6773562 18.6728317 0.101205 0.0367576 
1800000 4993 999.989 1318062.008 1319.238 9.3311 0 0 0 0.003852 -166.2889994 31.4354607 0.1051737 0.0386859 
1810000 5003 999.991 1330415.794 1302.269 9.3369 0 0 0 0.0043427 -167.1322931 42.9435317 0.1056588 0.0390221 
1820000 5013 999.993 1341451.457 1267.274 9.3434 0 0 0 0.0035595 -167.8605228 19.3290577 0.1050956 0.0384831 
1830000 5023 999.994 1354298.755 1269.35 9.3476 0 0 0 0.0036483 -168.7743742 24.7200568 0.1063239 0.0393628 
1840000 5033 999.995 1368295.941 1291.633 9.3491 0 0 0 0.0037938 -170.400625 29.5800964 0.1043358 0.0378926 
1850000 5043 999.996 1382408.181 1313.416 9.3508 0 0 0 0.0035781 -170.712685 28.5521717 0.1046247 0.0372941 
1860000 5053 999.997 1397042.766 1339.393 9.3464 0 0 0 0.0036038 -172.1978583 19.1645485 0.1037115 0.0374155 
1870000 5064 991.076 1412101.531 1359.532 9.2651 0 0 0 0.0041933 -173.3502193 52.0403786 0.1056614 0.0388623 
1880000 5074 992.709 1424295.305 1331.567 9.2742 0 0 0 0.0040739 -173.250683 46.4049822 0.1048817 0.0379871 
1890000 5084 994.043 1437218.049 1325.578 9.2815 0 0 0 0.0041651 -174.4761549 52.1976392 0.1048598 0.0374893 
1900000 5094 995.132 1451891.197 1351.627 9.294 0 0 0 0.0037963 -174.6045633 27.4908036 0.1026824 0.0358682 
1910000 5104 996.023 1465137.032 1344.423 9.3034 0 0 0 0.0041459 -175.5498802 58.7543153 0.1056475 0.0382352 
1920000 5114 996.75 1480092.005 1373.233 9.3167 0 0 0 0.004035 -176.8609834 34.4618644 0.1091931 0.0405342 
1930000 5124 997.345 1493667.172 1372.742 9.3121 0 0 0 0.0033709 -177.3151937 18.2808692 0.1051083 0.0374162 
1940000 5134 997.83 1508892.901 1398.686 9.3071 0 0 0 0.0039443 -179.0173896 46.8289849 0.1080846 0.0386113 
1950000 5144 998.227 1525025.469 1438.265 9.3094 0 0 0 0.003604 -180.4928137 24.2519022 0.1095982 0.0391937 
1960000 5154 998.552 1536046.695 1378.576 9.3219 0 0 0 0.0040439 -180.7350297 31.5995162 0.1109968 0.040457 
1970000 5164 998.817 1550759.121 1393.306 9.3302 0 0 0 0.0037429 -182.6502558 29.4251237 0.1128951 0.0411572 
1980000 5174 999.033 1565324.729 1406.184 9.3301 0 0 0 0.0042896 -184.3360742 35.002994 0.1158338 0.0429643 
1990000 5184 999.21 1578785.704 1394.614 9.326 0 0 0 0.0040559 -184.3686288 38.736969 0.1160887 0.0431632 
2000000 5194 999.354 1593673.614 1411.269 9.3254 0 0 0 0.0040815 -185.2520811 19.8838041 0.1183998 0.0449815 
2010000 5204 999.473 1608058.475 1416.277 9.3257 0 0 0 0.0042211 -186.216824 48.0404393 0.1182154 0.0444264 
2020000 5214 999.569 1623421.792 1439.507 9.3362 0 0 0 0.0042122 -187.4013499 35.1060624 0.1197853 0.0446288 
2030000 5224 999.648 1638530.122 1450.037 9.3284 0 0 0 0.0042232 -188.0020151 45.7706037 0.1196369 0.0445994 
2040000 5234 999.712 1652480.651 1436.338 9.3285 0 0 0 0.0039672 -189.1849165 32.5551638 0.1185556 0.0442516 
2050000 5244 999.765 1666892.745 1440.519 9.341 0 0 0 0.0042391 -189.3561382 54.2379749 0.1204899 0.045424 
2060000 5254 999.808 1683253.417 1476.701 9.3376 0 0 0 0.0039923 -189.9053238 40.0346884 0.1187442 0.0448288 
2070000 5264 999.843 1701460.481 1539.759 9.3301 0 0 0 0.0039489 -191.051215 24.2794813 0.1197081 0.0450311 
2080000 5274 999.872 1718411.39 1570.471 9.3305 0 0 0 0.0043543 -192.7948014 39.8303904 0.1215265 0.0454475 
2090000 5284 999.895 1734664.655 1578.33 9.3227 0 0 0 0.0040788 -193.8912429 21.2260605 0.1234878 0.046235 
2100000 5294 999.914 1750592.617 1581.358 9.3272 0 0 0 0.0037882 -195.1052266 14.0236028 0.123514 0.0453352 
2110000 5304 999.93 1765185.185 1560.45 9.3353 0 0 0 0.0040949 -195.2604001 36.281782 0.1237986 0.0470886 
2120000 5314 999.943 1779816.51 1547.979 9.3408 0 0 0 0.0044023 -195.8672672 52.5135384 0.1255367 0.0486485 
2130000 5324 999.953 1792559.124 1498.749 9.3325 0 0 0 0.0039051 -197.4553959 21.8016696 0.1232889 0.0460915 
2140000 5334 999.962 1807313.937 1493.918 9.3339 0 0 0 0.0043311 -198.4602192 48.3701877 0.1264861 0.0495311 
2150000 5344 999.969 1824564.09 1534.844 9.337 0 0 0 0.0045088 -198.5835219 42.98801 0.1259778 0.0488977 
2160000 5354 999.975 1840632.349 1548.37 9.3426 0 0 0 0.0040526 -200.0697773 17.5368354 0.1250469 0.0467559 
2170000 5364 999.979 1856625.388 1559.212 9.3381 0 0 0 0.0041597 -200.8656286 41.4702572 0.1274424 0.0495156 
2180000 5374 999.983 1873566.817 1581.348 9.3532 0 0 0 0.0042314 -201.7370006 39.2795841 0.125562 0.0475144 
2190000 5384 999.986 1890582.414 1604.449 9.3572 0 0 0 0.0040406 -202.2948842 26.3437972 0.1291149 0.0499433 
2200000 5394 999.989 1906165.692 1596.119 9.3654 0 0 0 0.0039724 -203.2968023 25.1829064 0.1286687 0.0489422 
2210000 5404 999.991 1921058.573 1574.015 9.3623 0 0 0 0.0039809 -204.290515 31.5721603 0.1296791 0.0495419 
2220000 5414 999.992 1934853.678 1536.681 9.3588 0 0 0 0.0041364 -204.7007822 45.2202758 0.1280858 0.0489192 
2230000 5424 999.994 1950241.85 1542.582 9.3561 0 0 0 0.0044057 -206.0074957 56.161627 0.1320593 0.0513612 
2240000 5434 999.995 1964922.068 1527.843 9.3561 0 0 0 0.0039202 -206.5807595 28.5882356 0.1320239 0.0511094 
2250000 5445 985.521 1980138.895 1502.404 9.2194 0 0 0 0.0046705 -207.5626731 61.1677573 0.1339007 0.0526519 
2260000 5455 988.17 1994084.727 1482.21 9.2343 0 0 0 0.0048762 -207.6080718 75.2943443 0.1353165 0.0542293 
2270000 5465 990.334 2008723.958 1481.106 9.2564 0 0 0 0.0043845 -206.9522052 32.6291831 0.1331697 0.0527854 
2280000 5475 992.102 2025155.299 1511.981 9.2758 0 0 0 0.004691 -207.7184623 45.2053314 0.1336993 0.0526841 
2290000 5485 993.547 2041544.924 1534.558 9.2883 0 0 0 0.0041628 -208.1969369 28.2340791 0.1326731 0.0520668 
2300000 5495 994.727 2057683.869 1547.93 9.3043 0 0 0 0.0044291 -208.2829813 41.4481784 0.1336096 0.0525391 
2310000 5505 995.692 2073577.151 1556.076 9.3141 0 0 0 0.0042344 -209.2919605 42.2865549 0.1358157 0.0540101 
2320000 5515 996.48 2090444.336 1579.22 9.3098 0 0 0 0.0048351 -209.5601317 59.4895174 0.1358246 0.0549091 
2330000 5525 997.124 2105866.574 1573.187 9.321 0 0 0 0.0040849 -210.100179 36.5559285 0.1367186 0.0550621 
2340000 5535 997.65 2123324.262 1604.507 9.3217 0 0 0 0.0036305 -211.065361 7.2579817 0.1350329 0.0524291 
2350000 5545 998.08 2138276.731 1583.163 9.3229 0 0 0 0.004738 -210.769719 50.4841983 0.1366879 0.0543592 
2360000 5555 998.431 2154473.399 1589.594 9.3314 0 0 0 0.0038824 -211.555752 17.1204419 0.134981 0.052459 
2370000 5565 998.718 2170124.5 1585.277 9.3279 0 0 0 0.0043819 -211.7476049 48.5726343 0.1353877 0.0527586 
2380000 5575 998.953 2182804.93 1528.273 9.3394 0 0 0 0.0045762 -211.2327715 72.3939159 0.1358787 0.0552181 
2390000 5585 999.144 2197351.935 1515.505 9.341 0 0 0 0.0044021 -210.2277394 59.0141867 0.1341399 0.0535346 
2400000 5595 999.301 2213402.559 1533.262 9.3443 0 0 0 0.0046653 -211.2502225 78.1301329 0.1333843 0.0531321 
2410000 5605 999.429 2228862.602 1534.991 9.3491 0 0 0 0.0038966 -211.6853274 26.1781124 0.1330393 0.0523401 
2420000 5615 999.533 2245226.725 1552.485 9.3498 0 0 0 0.0044296 -211.6510479 55.045576 0.1364785 0.0551139 
2430000 5625 999.619 2262207.005 1579.606 9.3379 0 0 0 0.0039292 -212.2452387 27.7184292 0.1365112 0.0549062 
2440000 5635 999.688 2278943.805 1597.936 9.3384 0 0 0 0.0046193 -212.7622744 74.9733889 0.1372155 0.05512 
2450000 5645 999.745 2295330.767 1605.312 9.3359 0 0 0 0.0037768 -214.2429919 27.8872397 0.1380264 0.0544272 
2460000 5655 999.792 2312897.975 1633.34 9.3309 0 0 0 0.0048962 -214.6334508 100.4359958 0.1421718 0.058 
2470000 5665 999.83 2330439.584 1654.742 9.3306 0 0 0 0.0043102 -215.8537679 54.5206324 0.1415866 0.0570063 
2480000 5675 999.861 2347804.187 1670.316 9.3326 0 0 0 0.0040521 -216.5360876 39.2280458 0.1397842 0.0545195 
2490000 5685 999.887 2365337.318 1685.371 9.3362 0 0 0 0.0037709 -217.3940682 30.0786437 0.1415655 0.0564345 
2500000 5695 999.907 2382190.334 1685.068 9.3388 0 0 0 0.0039374 -218.3066876 32.0681856 0.1414795 0.055648 
2510000 5705 999.924 2397564.548 1659.298 9.3381 0 0 0 0.0039365 -217.9286484 32.4770524 0.1428994 0.0572703 
2520000 5715 999.938 2413631.581 1648.523 9.3375 0 0 0 0.0040609 -217.8480898 33.1258607 0.1424706 0.0567589 
2530000 5725 999.949 2427571.494 1602.956 9.3356 0 0 0 0.0046694 -217.3107433 65.6627493 0.1430315 0.0577668 
2540000 5735 999.959 2443703.672 1603.823 9.337 0 0 0 0.0037839 -217.7679154 27.4034044 0.1423 0.0566032 
2550000 5745 999.966 2459964.969 1607.15 9.3376 0 0 0 0.0040461 -218.2704017 25.2944284 0.1437137 0.0582239 
2560000 5755 999.972 2474920.105 1588.214 9.3393 0 0 0 0.0038332 -218.5049843 22.7232414 0.1415409 0.0562932 
2570000 5765 999.977 2491338.138 1597.543 9.3479 0 0 0 0.0040734 -218.5371723 56.5075945 0.1438463 0.058712 
2580000 5775 999.982 2509252.519 1632.875 9.3484 0 0 0 0.0039202 -220.3014268 22.5996868 0.1435674 0.0568996 
2590000 5785 999.985 2525827.184 1635.151 9.3477 0 0 0 0.0048078 -220.8159692 81.3469155 0.1466601 0.0608356 
2600000 5795 999.988 2542892.401 1648.371 9.3518 0 0 0 0.0041838 -221.1191128 55.5894878 0.1444597 0.0589471 
2610000 5805 999.99 2560772.148 1674.423 9.3464 0 0 0 0.0046769 -221.8377644 75.718827 0.1444977 0.058871 
2620000 5815 999.992 2578457.016 1691.169 9.3455 0 0 0 0.0041143 -222.6146884 54.0533224 0.1447723 0.0583976 
2630000 5825 999.993 2594835.678 1680.973 9.3468 0 0 0 0.0038854 -223.0932191 36.0261721 0.1431636 0.0574829 
2640000 5835 999.995 2612492.917 1696.243 9.35 0 0 0 0.0039993 -223.5486869 38.4853746 0.1444958 0.0580714 
2650000 5845 999.996 2627107.544 1652.834 9.3564 0 0 0 0.0038533 -224.0589439 41.5117393 0.1429002 0.057575 
2660000 5855 999.996 2643244.818 1649.133 9.36 0 0 0 0.0036787 -223.8082645 32.5991707 0.1432472 0.0579575 
2670000 5865 999.997 2658223.618 1621.116 9.3635 0 0 0 0.003678 -224.0108998 35.8447255 0.1429586 0.0577966 
2680000 5875 999.998 2675775.859 1646.28 9.36 0 0 0 0.0042538 -224.1221775 53.193279 0.1442783 0.0605402 
2690000 5885 999.998 2689027.131 1588.449 9.363 0 0 0 0.0038741 -224.0775933 47.7902958 0.1409636 0.0577749 
2700000 5895 999.998 2702575.009 1545.18 9.3582 0 0 0 0.0041817 -223.508086 54.9746135 0.1411401 0.0583011 
2710000 5905 999.999 2712655.273 1449.127 9.3603 0 0 0 0.0042407 -222.4484118 61.1319772 0.1379074 0.0570672 
2720000 5915 999.999 2727387.447 1455.239 9.3576 0 0 0 0.0043521 -222.9609579 75.1544633 0.1405603 0.0596718 
2730000 5925 999.999 2744693.03 1504.036 9.3467 0 0 0 0.0038505 -224.4125667 38.0775042 0.1396634 0.0579033 
2740000 5935 999.999 2758865.081 1487.538 9.3342 0 0 0 0.0042641 -224.5625174 77.8836993 0.1392837 0.0583647 
2750000 5945 999.999 2775196.152 1514.537 9.3252 0 0 0 0.0039725 -225.3999869 49.5700265 0.1393117 0.0582111 
2760000 5955 1000.0 2788460.767 1477.294 9.3328 0 0 0 0.0038093 -224.7116248 30.6871587 0.1403156 0.058893 
2770000 5965 1000.0 2803883.208 1490.084 9.3317 0 0 0 0.0041269 -224.9235783 46.1404891 0.1389607 0.0585554 
2780000 5975 1000.0 2820177.156 1517.406 9.3353 0 0 0 0.0038761 -224.4414445 27.6401023 0.1390022 0.0584919 
2790000 5985 1000.0 2836783.421 1544.089 9.3331 0 0 0 0.0039296 -226.0588171 36.0690186 0.1405986 0.0590398 
2800000 5995 1000.0 2852401.783 1545.628 9.3206 0 0 0 0.0044699 -224.7242945 79.5964926 0.1400039 0.0603101 
2810000 6005 1000.0 2865820.063 1504.216 9.3266 0 0 0 0.0049618 -224.7938991 83.0948125 0.1414762 0.0613719 
2820000 6015 1000.0 2878045.152 1454.549 9.3266 0 0 0 0.0038774 -223.9722659 41.3460026 0.1355993 0.0578414 
2830000 6025 1000.0 2893850.824 1477.298 9.3292 0 0 0 0.003643 -224.3395614 11.7876731 0.1378858 0.0587163 
2840000 6035 1000.0 2907236.916 1451.832 9.328 0 0 0 0.0040516 -223.3846197 59.0559652 0.1351645 0.0581231 
2850000 6045 1000.0 2925179.719 1511.961 9.3267 0 0 0 0.0038988 -224.7115799 40.9888584 0.1360154 0.0575422 
2860000 6055 1000.0 2941470.048 1534.246 9.3247 0 0 0 0.0046813 -224.4103748 51.6631772 0.1342106 0.0575394 
2870000 6065 1000.0 2958561.87 1564.686 9.3248 0 0 0 0.004397 -224.862049 66.6492379 0.1357934 0.0584663 
2880000 6075 1000.0 2975589.478 1590.287 9.3374 0 0 0 0.0039781 -224.8396789 35.1421852 0.1339459 0.0573062 
2890000 6085 1000.0 2991496.761 1592.289 9.345 0 0 0 0.0038123 -225.1898348 35.6389359 0.1330296 0.0557221 
2900000 6095 1000.0 3006934.714 1584.685 9.3372 0 0 0 0.0042438 -225.7455637 83.2239265 0.1356482 0.0574016 
2910000 6105 1000.0 3021602.103 1561.053 9.3354 0 0 0 0.0041409 -226.98992 48.7270256 0.1370064 0.0582027 
2920000 6115 1000.0 3035153.102 1524.526 9.339 0 0 0 0.0037338 -226.6310184 56.388611 0.1353196 0.0565705 
2930000 6125 1000.0 3046634.053 1455.767 9.3399 0 0 0 0.0042979 -225.7952471 68.2600263 0.1342604 0.0578192 
2940000 6135 998.537 3059700.574 1424.786 9.3132 0 0 0 0.0034084 -225.4072309 28.1388812 0.1284376 0.052401 
2950000 6146 983.314 3072144.909 1371.865 9.1718 0 0 0 0.0039882 -224.8803106 48.2339118 0.1372349 0.0635743 
2960000 6156 986.366 3084539.378 1348.399 9.2079 0 0 0 0.0041423 -225.205076 50.9693242 0.1305514 0.0561851 
2970000 6166 988.86 3095659.929 1307.826 9.2301 0 0 0 0.0037497 -224.192767 20.4119968 0.126295 0.0527809 
2980000 6176 990.898 3110677.656 1345.021 9.2497 0 0 0 0.0031356 -224.9144053 17.4697993 0.1289606 0.0545292 
2990000 6186 992.563 3125661.723 1373.169 9.2609 0 0 0 0.0036382 -223.8972171 56.9186638 0.1264188 0.0531153 
3000000 6196 993.923 3142861.536 1435.621 9.2766 0 0 0 0.0039826 -224.3542333 50.977186 0.1269772 0.0536367 
3010000 6206 995.035 3160278.121 1489.89 9.2872 0 0 0 0.0036032 -224.8325856 27.512347 0.1260433 0.0517373 
3020000 6216 995.943 3177031.987 1525.225 9.2812 0 0 0 0.0042738 -226.3154256 90.5932931 0.1302105 0.0545128 
3030000 6226 996.685 3192949.328 1535.621 9.2864 0 0 0 0.0032863 -226.6098931 31.4748059 0.1304452 0.0543935 
3040000 6236 997.292 3208354.802 1535.696 9.2948 0 0 0 0.0040183 -225.9232546 94.5399888 0.1308244 0.0548675 
3050000 6246 997.787 3223922.942 1540.635 9.3088 0 0 0 0.0035009 -225.9613119 37.5275921 0.1314954 0.0541961 
3060000 6256 998.192 3241176.815 1574.58 9.3166 0 0 0 0.003721 -226.4537837 34.8165296 0.1319445 0.054569 
3070000 6266 987.984 3255445.198 1529.836 9.2242 0 0 0 0.0034781 -226.4040318 52.6376988 0.1315589 0.0545479 
3080000 6276 990.182 3269805.927 1509.979 9.2447 0 0 0 0.0034936 -224.5197571 58.2736129 0.1308961 0.0550626 
3090000 6286 991.978 3283856.238 1489.382 9.2519 0 0 0 0.003769 -224.6284267 47.8423143 0.1322453 0.056499 
3100000 6296 993.446 3302700.366 1563.967 9.2577 0 0 0 0.0037068 -226.590921 54.8852859 0.1312521 0.0536622 
3110000 6306 994.645 3317581.44 1549.262 9.2734 0 0 0 0.0033302 -226.2965393 22.9208237 0.1313374 0.0540822 
3120000 6316 995.624 3332055.262 1531.406 9.2889 0 0 0 0.0043591 -225.8503368 56.3060401 0.1357866 0.0582687 
3130000 6326 996.425 3346303.184 1509.027 9.294 0 0 0 0.0043168 -226.7984984 86.4672283 0.1378796 0.0599319 
3140000 6336 997.079 3359663.382 1474.631 9.3019 0 0 0 0.0035233 -226.1413711 44.9609856 0.1346907 0.0565018 
3150000 6346 997.613 3374017.95 1465.451 9.3029 0 0 0 0.0035347 -226.1405032 36.1285659 0.1360579 0.0566191 
3160000 6356 998.05 3392622.245 1537.945 9.3064 0 0 0 0.0039991 -227.5678688 75.273228 0.1385103 0.0581716 
3170000 6366 998.406 3410201.747 1578.688 9.3135 0 0 0 0.0043262 -228.8140496 97.1862905 0.1422625 0.0609497 
3180000 6376 998.698 3426355.279 1585.281 9.3232 0 0 0 0.0035946 -229.4883992 30.5056924 0.1415849 0.0585282 
3190000 6386 998.936 3442998.738 1596.368 9.3283 0 0 0 0.0037418 -229.5827423 52.4587587 0.1445492 0.0620138 
3200000 6396 999.131 3459023.49 1598.917 9.3244 0 0 0 0.004078 -229.8164096 90.893192 0.1440752 0.0615129 
3210000 6406 999.29 3477743.82 1648.947 9.3283 0 0 0 0.003931 -230.6103619 35.0582733 0.1456214 0.0616073 
3220000 6416 999.42 3495926.561 1679.315 9.3366 0 0 0 0.0036531 -230.4333766 27.746013 0.1447347 0.0606821 
3230000 6426 999.526 3515163.601 1724.167 9.34 0 0 0 0.0038794 -231.9464634 67.091204 0.1478057 0.0633263 
3240000 6436 999.613 3532329.327 1722.352 9.3388 0 0 0 0.0034053 -232.7292459 20.7272687 0.1486981 0.0638047 
3250000 6447 983.97 3551161.273 1722.081 9.1896 0 0 0 0.0041316 -233.4446722 54.1851115 0.1488358 0.0640146 
3260000 6457 986.902 3567761.315 1709.27 9.2128 0 0 0 0.0040014 -233.6035637 56.8041147 0.1499832 0.0650468 
3270000 6467 989.298 3580098.212 1623.77 9.2329 0 0 0 0.0044043 -233.1529811 63.8425901 0.1477309 0.063823 
3280000 6477 991.256 3596423.362 1621.525 9.2618 0 0 0 0.0035475 -234.5708655 33.4413557 0.1469545 0.0625361 
3290000 6487 992.855 3610914.392 1591.656 9.2749 0 0 0 0.0038648 -235.6560881 25.1596109 0.1582646 0.0773929 
3300000 6497 994.162 3627663.054 1604.617 9.2817 0 0 0 0.0043585 -235.4509608 87.8172121 0.15169 0.0673916 
3310000 6507 995.23 3640679.172 1549.857 9.2925 0 0 0 0.0044144 -235.9005229 75.7034108 0.1508925 0.0658144 
3320000 6517 996.103 3656511.362 1555.336 9.3042 0 0 0 0.0045222 -236.2068884 71.873379 0.1513319 0.066191 
3330000 6527 996.816 3675209.167 1611.737 9.2976 0 0 0 0.0037679 -237.4355923 17.275521 0.1517445 0.0660199 
3340000 6537 997.398 3691996.972 1624.986 9.311 0 0 0 0.004493 -238.2686336 99.3088212 0.1547648 0.0689072 
3350000 6547 997.874 3709802.311 1658.704 9.3123 0 0 0 0.004684 -239.2210386 82.6973916 0.1559593 0.0682981 
3360000 6557 998.263 3726734.231 1658.585 9.3137 0 0 0 0.0040281 -239.3104194 45.2976869 0.1551358 0.0692265 
3370000 6567 998.581 3741656.144 1629.175 9.3208 0 0 0 0.0045543 -238.7347461 67.0998151 0.1551118 0.069859 
3380000 6577 998.84 3759569.479 1658.759 9.3256 0 0 0 0.0040794 -239.8115477 30.5553381 0.1552059 0.0674378 
3390000 6587 999.052 3777539.035 1685.348 9.3281 0 0 0 0.0046174 -239.7236429 74.082717 0.1592953 0.0733493 
3400000 6597 999.226 3793960.366 1675.357 9.3384 0 0 0 0.0041792 -239.7053841 48.2734352 0.1564169 0.0687229 
3410000 6607 999.367 3813267.282 1721.025 9.3384 0 0 0 0.0041591 -239.9795936 42.8089311 0.1538534 0.0667031 
3420000 6617 999.483 3830382.103 1718.851 9.3322 0 0 0 0.0040857 -239.6472045 42.8010686 0.1532204 0.0676682 
3430000 6627 999.578 3847046.746 1709.603 9.3337 0 0 0 0.0048643 -239.7182398 88.926001 0.1535105 0.0674479 
3440000 6637 999.655 3863634.197 1700.027 9.3363 0 0 0 0.0047856 -239.6701964 87.9848516 0.1544122 0.0689527 
3450000 6647 999.718 3880097.463 1697.316 9.3258 0 0 0 0.0038496 -239.547168 34.8110583 0.152904 0.066806 
3460000 6657 999.77 3890028.87 1563.195 9.3343 0 0 0 0.0046865 -239.1753339 86.0942081 0.1519601 0.0675004 
3470000 6667 999.812 3904560.585 1538.899 9.3494 0 0 0 0.0043946 -238.6004354 52.0570939 0.1518343 0.0667324 
3480000 6677 999.846 3920343.196 1545.897 9.3426 0 0 0 0.004238 -239.0822444 60.5254386 0.1508158 0.06585 
3490000 6687 999.874 3937972.515 1583.687 9.3397 0 0 0 0.0046809 -238.874269 95.8494899 0.1525057 0.0675451 
3500000 6697 999.897 3956576.819 1633.937 9.3402 0 0 0 0.0042782 -239.4074908 55.292033 0.1528771 0.0679647 
3510000 6707 999.916 3973706.988 1650.109 9.3486 0 0 0 0.0039868 -240.791371 35.8932248 0.1517863 0.0654168 
3520000 6717 999.931 3987043.692 1588.62 9.3401 0 0 0 0.0046602 -240.7629564 99.26736 0.1537406 0.0685157 
3530000 6727 999.944 4007400.515 1670.627 9.3433 0 0 0 0.0048924 -240.5475131 118.2250918 0.1531389 0.0681123 
3540000 6737 999.954 4025341.314 1696.678 9.3434 0 0 0 0.0041756 -241.1859483 57.4753776 0.152079 0.0664147 
3550000 6747 999.963 4043484.577 1713.774 9.3368 0 0 0 0.0039965 -241.3389063 47.6846807 0.1514978 0.065766 
3560000 6757 999.969 4062138.93 1746.577 9.3348 0 0 0 0.0037915 -242.3050287 16.7292471 0.1523971 0.0653299 
3570000 6767 999.975 4082233.059 1787.794 9.3413 0 0 0 0.0040986 -243.0006238 49.2053467 0.1520522 0.0658463 
3580000 6777 999.98 4099220.96 1777.767 9.3442 0 0 0 0.0040645 -242.8878292 49.3667068 0.1507503 0.0642014 
3590000 6787 999.983 4114573.414 1729.856 9.3476 0 0 0 0.0038827 -242.531261 57.9458772 0.1526874 0.0664801 
3600000 6797 999.986 4130144.015 1700.748 9.342 0 0 0 0.0043966 -242.3796819 79.5743244 0.1512638 0.0651005 
3610000 6807 999.989 4145942.722 1684.886 9.3399 0 0 0 0.0040892 -242.2235514 39.7101687 0.1524872 0.0656864 
3620000 6817 999.991 4162782.54 1673.25 9.3464 0 0 0 0.0038838 -241.8978996 36.1834536 0.15155 0.0658796 
3630000 6827 999.993 4182599.423 1731.689 9.3505 0 0 0 0.0037927 -242.7148898 44.3325949 0.1529747 0.0663683 
3640000 6837 999.994 4199531.875 1726.736 9.3577 0 0 0 0.0041761 -242.667321 61.0870488 0.1520789 0.0655446 
3650000 6847 999.995 4217908.524 1758.763 9.3669 0 0 0 0.0040092 -243.4728192 47.8159239 0.1531736 0.0661577 
3660000 6857 999.996 4233537.422 1707.934 9.3689 0 0 0 0.0044116 -243.9072037 78.6030953 0.1568769 0.0689738 
3670000 6867 999.997 4252236.007 1739.262 9.3636 0 0 0 0.0039195 -244.2160257 57.8450059 0.1577669 0.0687744 
3680000 6877 999.997 4269746.797 1745.875 9.3603 0 0 0 0.0045487 -245.2727494 79.3983369 0.1577945 0.0685229 
3690000 6887 999.998 4286167.243 1727.72 9.3559 0 0 0 0.0044529 -245.285741 67.7611711 0.1578761 0.0688246 
3700000 6897 999.998 4301741.926 1693.901 9.3535 0 0 0 0.0039404 -245.403232 38.6639539 0.1560638 0.067142 
3710000 6907 999.999 4315595.88 1648.535 9.3463 0 0 0 0.0041727 -245.1565571 48.6654843 0.1555639 0.0678892 
3720000 6917 999.999 4333290.699 1661.197 9.3412 0 0 0 0.0038887 -245.2408251 34.6880834 0.1572454 0.0692215 
3730000 6927 999.999 4352911.295 1719.79 9.3442 0 0 0 0.0045243 -244.815902 77.4510155 0.1573814 0.0685118 
3740000 6937 999.999 4370755.095 1730.024 9.3281 0 0 0 0.0052201 -244.3422515 156.4572431 0.1588042 0.0703347 
3750000 6947 999.999 4389336.493 1753.905 9.3243 0 0 0 0.0044003 -244.5973299 83.0180815 0.1599721 0.0712507 
3760000 6957 999.999 4405530.414 1730.779 9.3291 0 0 0 0.0043266 -244.8154555 54.6762676 0.1574175 0.0686451 
3770000 6967 1000.0 4422092.914 1719.271 9.3353 0 0 0 0.0041573 -243.6439599 77.6548895 0.1580734 0.0703194 
3780000 6977 1000.0 4439394.409 1720.816 9.334 0 0 0 0.0044917 -244.2519431 71.0558752 0.1574031 0.0688056 
3790000 6987 1000.0 4458688.524 1756.581 9.344 0 0 0 0.0046642 -244.554754 90.0125246 0.1605019 0.0714675 
3800000 6997 1000.0 4477603.833 1781.268 9.3519 0 0 0 0.0039063 -245.2373283 22.8316272 0.1589635 0.0689647 
3810000 7007 1000.0 4497931.885 1828.58 9.3643 0 0 0 0.003929 -245.2513716 41.406702 0.1582745 0.0692388 
3820000 7017 1000.0 4518971.069 1880.723 9.3709 0 0 0 0.0047644 -246.4835157 89.7233585 0.1629196 0.072333 
3830000 7027 1000.0 4538750.206 1900.744 9.3682 0 0 0 0.0044505 -246.7863071 69.4097735 0.1622618 0.0717107 
3840000 7037 1000.0 4556592.579 1879.408 9.3654 0 0 0 0.0043026 -246.3506914 49.4776689 0.1608781 0.0703863 
3850000 7047 1000.0 4575735.454 1882.929 9.3582 0 0 0 0.0042393 -246.8979342 56.2795261 0.1632813 0.0727334 
3860000 7057 1000.0 4594747.257 1887.163 9.347 0 0 0 0.0042886 -247.7464468 34.0802227 0.1634782 0.0721534 
3870000 7067 1000.0 4611704.007 1862.353 9.3577 0 0 0 0.0040719 -248.0442365 39.156358 0.1657794 0.074811 
3880000 7077 1000.0 4628473.537 1820.851 9.3662 0 0 0 0.0038159 -247.588244 21.7679202 0.1635872 0.0721928 
3890000 7087 1000.0 4646098.368 1809.79 9.3642 0 0 0 0.0044939 -247.4816654 69.2770885 0.1683462 0.075913 
3900000 7097 1000.0 4661455.988 1760.714 9.3638 0 0 0 0.0045004 -247.8144191 74.7423766 0.1666387 0.0744128 
3910000 7107 1000.0 4678462.843 1747.229 9.3677 0 0 0 0.0040372 -248.004308 33.7739494 0.1660262 0.0738775 
3920000 7117 1000.0 4697403.975 1774.467 9.3556 0 0 0 0.0045095 -248.4247942 79.1455376 0.169326 0.0758999 
3930000 7127 1000.0 4716641.181 1803.232 9.3486 0 0 0 0.004614 -248.5378586 55.8594448 0.1672142 0.0741221 
3940000 7137 1000.0 4736371.07 1832.526 9.3525 0 0 0 0.0044018 -249.1719937 71.425062 0.1701007 0.0756095 
3950000 7147 1000.0 4755761.455 1851.31 9.3599 0 0 0 0.0047856 -249.2691164 66.8599465 0.1694863 0.0769124 
3960000 7157 1000.0 4775701.569 1877.368 9.3591 0 0 0 0.004051 -250.1885792 31.3360267 0.1697206 0.0754939 
3970000 7167 1000.0 4794416.978 1872.601 9.3645 0 0 0 0.0039584 -251.0572753 24.4123594 0.1693057 0.0749629 
3980000 7177 1000.0 4811575.786 1849.155 9.3642 0 0 0 0.0046219 -250.4484284 90.4592504 0.1708955 0.0770139 
3990000 7187 1000.0 4829102.868 1828.824 9.3579 0 0 0 0.0043776 -250.4108477 58.5257425 0.1709625 0.076879 
4000000 7197 1000.0 4848800.864 1854.768 9.3554 0 0 0 0.0045076 -250.2369118 78.6891423 0.1707428 0.0773813 
