10000 12 160.104 26.634 0.406 0.4269 0 0 0 
20000 27 303.234 52.004 0.773 0.8139 0 0 0 
30000 51 351.706 69.996 0.81 1.4525 0 0 0 
40000 73 396.689 98.844 1.016 1.939 0 0 0 
50000 204 101.612 48.899 -0.25 0.5797 0 0 0 
60000 244 201.607 56.612 0.079 1.1777 0 0 0 
70000 264 308.925 79.798 0.463 1.8364 0 0 0 
80000 288 342.481 119.172 0.901 2.0336 0 0 0 
90000 332 273.248 170.16 1.038 1.6354 0 0 0 
100000 363 300.532 210.626 1.15 1.7797 0 0 0 
110000 430 182.669 237.84 0.545 1.0635 0 0 0 
120000 480 197.596 278.424 0.706 1.1504 0 0 0 
130000 512 243.866 333.964 1.2 1.4204 0 0 0 
140000 543 284.802 373.468 1.26 1.6642 0 0 0 
150000 609 174.429 459.867 1.264 1.0354 0 0 0 
160000 716 98.241 590.182 1.228 0.598 0 0 0 
170000 821 96.451 731.386 1.366 0.5905 0 0 0 
180000 984 57.569 933.676 1.199 0.3406 0 0 0 
190000 1125 69.227 1125.85 1.351 0.4166 0 0 0 
200000 1274 77.704 1320.02 1.359 0.4672 0 0 0 
210000 1402 65.703 1495.316 1.327 0.3935 0 0 0 
220000 1501 89.588 1635.259 1.393 0.5197 0 0 0 
230000 1599 103.644 1766.716 1.323 0.6002 0 0 0 
240000 1697 100.16 1892.722 1.312 0.5866 0 0 0 
250000 1854 57.718 2079.737 1.218 0.3351 0 0 0 
260000 2017 56.602 2289.413 1.284 0.3356 0 0 0 
270000 2212 46.418 2529.725 1.206 0.2821 0 0 0 
280000 2422 47.633 2789.44 1.24 0.2861 0 0 0 
290000 2651 44.753 3064.558 1.219 0.2629 0 0 0 
300000 2865 43.903 3324.78 1.163 0.2647 0 0 0 
310000 3096 46.079 3598.087 1.213 0.275 0 0 0 
320000 3313 38.84 3864.05 1.203 0.236 0 0 0 
330000 3542 44.346 4141.224 1.222 0.2651 0 0 0 
340000 3757 43.168 4404.202 1.211 0.2682 0 0 0 
350000 3978 45.155 4670.154 1.228 0.2695 0 0 0 
360000 4204 46.522 4937.906 1.191 0.275 0 0 0 
370000 4455 39.944 5240.659 1.203 0.239 0 0 0 
380000 4690 45.602 5513.171 1.158 0.2742 0 0 0 
390000 4903 45.78 5760.794 1.208 0.2775 0 0 0 
400000 5097 49.817 5999.853 1.206 0.2964 0 0 0 
410000 5290 53.996 6201.235 0.988 0.3179 0 0 0 
420000 5430 60.747 6365.618 1.072 0.3566 0 0 0 
430000 5619 51.8 6583.837 1.195 0.3215 0 0 0 
440000 5822 44.482 6828.26 1.207 0.2702 0 0 0 
450000 6012 54.704 7039.191 1.056 0.3283 0 0 0 
460000 6156 74.254 7226.392 1.336 0.4396 0 0 0 
470000 6348 46.523 7463.129 1.212 0.2804 0 0 0 
480000 6491 67.616 7643.743 1.268 0.4051 0 0 0 
490000 6688 48.135 7871.142 1.208 0.2923 0 0 0 
500000 6873 53.941 8072.187 1.102 0.3273 0 0 0 
510000 7025 68.543 8257.348 1.228 0.4117 0 0 0 
520000 7182 59.194 8457.898 1.285 0.3644 0 0 0 
530000 7342 57.646 8644.196 1.187 0.3484 0 0 0 
540000 7483 58.312 8827.68 1.278 0.3449 0 0 0 
550000 7692 44.111 9077.39 1.167 0.2702 0 0 0 
560000 7868 49.915 9292.619 1.233 0.3042 0 0 0 
570000 8064 50.144 9536.602 1.227 0.3041 0 0 0 
580000 8236 62.866 9740.533 1.209 0.3855 0 0 0 
590000 8447 46.083 9989.298 1.15 0.2843 0 0 0 
600000 8604 57.81 10186.177 1.245 0.3572 0 0 0 
610000 8758 63.94 10387.17 1.301 0.3975 0 0 0 
620000 8923 60.382 10590.983 1.262 0.3835 0 0 0 
630000 9108 51.664 10810.117 1.116 0.3322 0 0 0 
640000 9291 54.433 11034.304 1.232 0.3373 0 0 0 
650000 9455 63.358 11238.001 1.275 0.3845 0 0 0 
660000 9640 53.028 11456.944 1.186 0.3276 0 0 0 
670000 9850 47.667 11711.681 1.242 0.2937 0 0 0 
680000 10047 53.339 11948.384 1.252 0.3248 0 0 0 
690000 10235 55.306 12180.07 1.27 0.3366 0 0 0 
700000 10422 54.809 12402.543 1.154 0.3351 0 0 0 
710000 10622 45.011 12652.327 1.236 0.2803 0 0 0 
720000 10817 45.975 12897.158 1.24 0.2822 0 0 0 
730000 11038 46.962 13161.416 1.203 0.2913 0 0 0 
740000 11236 50.158 13405.44 1.222 0.3154 0 0 0 
750000 11440 48.838 13658.881 1.248 0.2961 0 0 0 
760000 11651 43.958 13913.918 1.196 0.2638 0 0 0 
770000 11835 56.369 14142.763 1.235 0.3393 0 0 0 
780000 12026 52.321 14376.546 1.257 0.319 0 0 0 
790000 12186 69.571 14579.534 1.306 0.4138 0 0 0 
800000 12383 46.958 14816.915 1.212 0.2827 0 0 0 
810000 12567 56.225 15037.079 1.251 0.3429 0 0 0 
820000 12757 47.329 15268.001 1.195 0.2872 0 0 0 
830000 12952 51.161 15503.381 1.169 0.3065 0 0 0 
840000 13156 46.28 15757.473 1.238 0.2787 0 0 0 
850000 13333 57.522 15979.903 1.217 0.3441 0 0 0 
860000 13514 62.374 16209.714 1.314 0.3735 0 0 0 
870000 13697 52.149 16427.428 1.068 0.3062 0 0 0 
880000 13897 47.165 16671.733 1.22 0.2863 0 0 0 
890000 14092 52.926 16919.227 1.292 0.3158 0 0 0 
900000 14250 52.552 17121.396 1.255 0.3172 0 0 0 
910000 14450 49.37 17370.39 1.243 0.3004 0 0 0 
920000 14624 60.865 17593.0 1.285 0.3685 0 0 0 
930000 14821 47.198 17831.276 1.203 0.2814 0 0 0 
940000 15004 57.24 18063.25 1.298 0.3498 0 0 0 
950000 15216 45.658 18317.307 1.197 0.2747 0 0 0 
960000 15416 46.569 18559.092 1.196 0.2841 0 0 0 
970000 15619 49.391 18805.481 1.224 0.3001 0 0 0 
980000 15819 48.667 19046.876 1.179 0.2963 0 0 0 
990000 15996 55.368 19256.747 1.203 0.3324 0 0 0 
1000000 16209 44.377 19512.536 1.215 0.2721 0 0 0 
1010000 16430 53.662 19782.986 1.283 0.3311 0 0 0 
1020000 16669 44.44 20073.974 1.222 0.2693 0 0 0 
1030000 16904 41.143 20349.739 1.188 0.2528 0 0 0 
1040000 17098 49.227 20582.291 1.165 0.3027 0 0 0 
1050000 17300 45.071 20831.17 1.197 0.2783 0 0 0 
1060000 17472 63.494 21052.738 1.298 0.392 0 0 0 
1070000 17678 48.93 21308.362 1.244 0.2969 0 0 0 
1080000 17862 57.083 21528.484 1.194 0.3503 0 0 0 
1090000 18051 54.849 21760.116 1.23 0.3351 0 0 0 
1100000 18234 46.859 21983.003 1.218 0.2827 0 0 0 
1110000 18424 58.393 22216.672 1.247 0.3469 0 0 0 
1120000 18634 48.372 22472.099 1.158 0.2892 0 0 0 
1130000 18818 56.521 22700.8 1.256 0.3457 0 0 0 
1140000 19034 46.718 22967.763 1.247 0.2874 0 0 0 
1150000 19221 64.846 23196.933 1.298 0.3914 0 0 0 
1160000 19432 49.057 23458.331 1.265 0.304 0 0 0 
1170000 19621 57.367 23700.759 1.314 0.349 0 0 0 
1180000 19833 46.224 23958.778 1.232 0.2851 0 0 0 
1190000 20021 51.667 24194.403 1.243 0.3189 0 0 0 
1200000 20232 53.336 24452.689 1.256 0.3217 0 0 0 
1210000 20456 44.618 24716.669 1.219 0.2704 0 0 0 
1220000 20644 47.296 24950.654 1.223 0.2868 0 0 0 
1230000 20859 41.343 25218.344 1.218 0.2552 0 0 0 
1240000 21075 49.878 25482.983 1.245 0.3129 0 0 0 
1250000 21282 47.898 25733.912 1.248 0.286 0 0 0 
1260000 21482 44.446 25982.393 1.225 0.2694 0 0 0 
1270000 21624 58.533 26168.66 1.269 0.3648 0 0 0 
1280000 21803 52.021 26394.825 1.257 0.3152 0 0 0 
1290000 22013 44.426 26646.891 1.2 0.2667 0 0 0 
1300000 22206 46.904 26880.505 1.18 0.284 0 0 0 
1310000 22432 43.931 27157.163 1.231 0.2631 0 0 0 
1320000 22637 45.925 27406.183 1.233 0.2779 0 0 0 
1330000 22833 52.439 27641.079 1.233 0.3151 0 0 0 
1340000 23044 44.662 27897.372 1.209 0.2768 0 0 0 
1350000 23254 45.093 28152.459 1.194 0.2822 0 0 0 
1360000 23467 53.258 28416.747 1.268 0.3234 0 0 0 
1370000 23698 40.847 28695.992 1.199 0.248 0 0 0 
1380000 23868 55.921 28908.415 1.221 0.3458 0 0 0 
1390000 24064 59.289 29151.563 1.261 0.3592 0 0 0 
1400000 24268 44.808 29401.513 1.202 0.2709 0 0 0 
1410000 24492 43.845 29672.577 1.225 0.2669 0 0 0 
1420000 24698 57.107 29917.194 1.245 0.3645 0 0 0 
1430000 24919 50.581 30184.028 1.228 0.3054 0 0 0 
1440000 25135 45.549 30438.719 1.174 0.2803 0 0 0 
1450000 25334 51.135 30675.382 1.152 0.3139 0 0 0 
1460000 25535 49.953 30908.098 1.208 0.3044 0 0 0 
1470000 25740 45.352 31151.12 1.199 0.2719 0 0 0 
1480000 25927 56.674 31366.556 1.103 0.3459 0 0 0 
1490000 26137 44.603 31616.693 1.152 0.2752 0 0 0 
1500000 26369 43.393 31898.157 1.224 0.2637 0 0 0 
1510000 26572 45.829 32137.815 1.172 0.2827 0 0 0 
1520000 26790 42.756 32394.32 1.164 0.2668 0 0 0 
1530000 27024 41.421 32681.409 1.223 0.2566 0 0 0 
1540000 27220 47.36 32921.963 1.175 0.2874 0 0 0 
1550000 27426 49.507 33170.398 1.179 0.3046 0 0 0 
1560000 27594 56.81 33374.735 1.162 0.3463 0 0 0 
1570000 27795 44.886 33615.741 1.151 0.2789 0 0 0 
1580000 28006 47.701 33865.313 1.191 0.2913 0 0 0 
1590000 28195 41.915 34095.735 1.149 0.2557 0 0 0 
1600000 28389 46.091 34323.647 1.139 0.2738 0 0 0 
1610000 28586 45.943 34554.215 1.099 0.2815 0 0 0 
1620000 28809 45.594 34814.801 1.208 0.2796 0 0 0 
1630000 28961 58.785 34991.808 1.121 0.3591 0 0 0 
1640000 29123 58.605 35178.144 1.173 0.3553 0 0 0 
1650000 29320 49.152 35418.082 1.164 0.3018 0 0 0 
1660000 29500 55.774 35639.414 1.238 0.3453 0 0 0 
1670000 29725 44.921 35907.493 1.172 0.2717 0 0 0 
1680000 29955 43.834 36179.316 1.187 0.2716 0 0 0 
1690000 30144 49.341 36416.979 1.252 0.3019 0 0 0 
1700000 30340 48.068 36660.915 1.243 0.2918 0 0 0 
1710000 30561 45.495 36932.971 1.232 0.2806 0 0 0 
1720000 30757 45.886 37175.564 1.201 0.2807 0 0 0 
1730000 30951 53.953 37417.09 1.246 0.3312 0 0 0 
1740000 31120 57.452 37630.387 1.248 0.3489 0 0 0 
1750000 31315 45.866 37862.921 1.166 0.2855 0 0 0 
1760000 31502 50.398 38090.194 1.233 0.3149 0 0 0 
1770000 31727 42.697 38365.529 1.223 0.2624 0 0 0 
1780000 31932 54.311 38617.786 1.257 0.3324 0 0 0 
1790000 32150 46.616 38886.343 1.208 0.2817 0 0 0 
1800000 32360 43.927 39142.327 1.225 0.2686 0 0 0 
1810000 32544 52.046 39372.854 1.242 0.3097 0 0 0 
1820000 32714 62.85 39578.64 1.219 0.3737 0 0 0 
1830000 32900 51.845 39812.381 1.267 0.3122 0 0 0 
1840000 33078 72.98 40037.208 1.34 0.4339 0 0 0 
1850000 33308 42.383 40319.759 1.224 0.2578 0 0 0 
1860000 33521 53.66 40579.028 1.245 0.3194 0 0 0 
1870000 33740 41.313 40838.088 1.185 0.25 0 0 0 
1880000 33931 47.231 41066.136 1.17 0.2849 0 0 0 
1890000 34163 42.099 41344.142 1.186 0.2558 0 0 0 
1900000 34384 39.401 41607.003 1.174 0.2443 0 0 0 
1910000 34601 39.131 41872.036 1.208 0.241 0 0 0 
1920000 34804 54.739 42114.181 1.213 0.3263 0 0 0 
1930000 35000 50.954 42352.457 1.22 0.313 0 0 0 
1940000 35194 58.429 42591.306 1.261 0.3452 0 0 0 
1950000 35393 44.983 42829.674 1.17 0.2731 0 0 0 
1960000 35580 56.308 43054.655 1.232 0.339 0 0 0 
1970000 35778 45.113 43291.94 1.137 0.2744 0 0 0 
1980000 35943 61.899 43484.863 1.209 0.3801 0 0 0 
1990000 36110 50.22 43693.003 1.211 0.3012 0 0 0 
2000000 36306 61.976 43929.189 1.22 0.3822 0 0 0 
