10000 17 169.397 3319.891 56.351 0.188 0 0 0 0.0 0.0 0.0 0.0 0.0 
20000 33 295.961 6164.617 90.185 0.3323 0 0 0 0.0 0.0 0.0 0.0 0.0 
30000 44 408.036 8647.561 114.768 1.6904 0 0 0 0.0021695 -1.357171 0.0303907 0.1293377 0.0172484 
40000 153 197.409 12816.538 80.853 1.4277 0 0 0 0.002416 -2.7549478 0.0531337 0.1118676 0.0198479 
50000 189 222.29 18476.65 111.248 1.7345 0 0 0 0.002256 -4.4378154 0.0619753 0.0934218 0.0172284 
60000 344 80.355 23657.454 37.918 0.6582 0 0 0 0.0023537 -6.1707458 0.1418966 0.0917662 0.0170936 
70000 386 176.891 28622.701 86.839 1.4415 0 0 0 0.0027357 -8.019295 0.1989199 0.0845207 0.0180111 
80000 396 324.142 33964.74 166.668 2.6447 0 0 0 0.0021882 -9.9169804 0.1806708 0.0845832 0.0177272 
90000 406 447.775 39068.206 229.462 3.6573 0 0 0 0.0024759 -11.9930782 0.2990133 0.0837627 0.01858 
100000 416 548.792 44119.736 279.567 4.491 0 0 0 0.0026032 -14.0167707 0.3436743 0.0794098 0.0187761 
110000 426 631.33 50364.458 342.576 5.1688 0 0 0 0.0023865 -15.951427 0.4198434 0.0791497 0.0195889 
120000 436 698.77 56562.076 392.983 5.7426 0 0 0 0.0021469 -17.9422553 0.4095095 0.0806409 0.0183991 
130000 446 753.873 63209.627 443.905 6.1996 0 0 0 0.0023688 -19.9217966 0.5732791 0.0835942 0.0198572 
140000 456 798.896 69066.774 469.442 6.5776 0 0 0 0.0028196 -22.0787073 0.7441842 0.0861675 0.0214433 
150000 466 835.684 75148.279 494.014 6.887 0 0 0 0.0027306 -24.0347687 1.0936312 0.0832134 0.0221664 
160000 476 865.742 81141.339 513.061 7.1257 0 0 0 0.0028368 -26.092692 1.2349468 0.0845862 0.0214954 
170000 486 890.301 87591.256 537.034 7.3642 0 0 0 0.002956 -28.1983289 1.3408526 0.0831076 0.0237846 
180000 496 910.368 94121.27 558.363 7.5145 0 0 0 0.0029029 -30.2478729 1.168447 0.078965 0.0251246 
190000 506 926.764 100339.632 570.527 7.6426 0 0 0 0.0030228 -32.1887123 1.6503127 0.0767961 0.0238923 
200000 516 940.161 106691.781 581.62 7.752 0 0 0 0.0029797 -34.1811442 1.4360823 0.0758714 0.0241408 
210000 526 948.06 112316.668 577.124 7.8118 0 0 0 0.0027929 -36.0992806 1.3403184 0.0717549 0.0246991 
220000 537 944.832 116850.476 546.04 7.7887 0 0 0 0.00353 -38.0471235 2.9043934 0.072803 0.0264755 
230000 547 954.924 121777.498 536.972 7.8828 0 0 0 0.0037685 -39.7172981 3.1637965 0.0728952 0.0274356 
240000 557 963.169 125860.955 512.959 7.975 0 0 0 0.0032815 -41.7627294 2.9329325 0.0704428 0.0252723 
250000 568 939.354 130273.462 485.909 7.7885 0 0 0 0.0027896 -43.5929958 1.7005663 0.0687927 0.0230546 
260000 578 950.448 135179.328 487.656 7.9041 0 0 0 0.0031619 -45.4907187 2.1411329 0.0675971 0.0250024 
270000 588 959.512 140475.804 490.575 7.9858 0 0 0 0.0035855 -47.3942669 2.7434101 0.0656396 0.0279078 
280000 598 966.919 145247.203 493.629 8.0671 0 0 0 0.003206 -48.8646974 3.0576691 0.062148 0.0256801 
290000 608 972.97 150833.47 500.901 8.1191 0 0 0 0.002845 -50.5393587 1.9579613 0.0645495 0.024657 
300000 618 977.915 156855.617 523.99 8.0267 0 0 0 0.0026886 -52.2717011 1.5952369 0.0647631 0.0244826 
310000 628 981.955 163048.816 535.696 8.0745 0 0 0 0.0028892 -53.7560928 1.352037 0.063088 0.0259488 
320000 638 985.256 168426.38 538.401 8.1337 0 0 0 0.0031332 -55.1896115 3.6046593 0.0638076 0.0253708 
330000 648 987.953 173584.833 536.479 8.1813 0 0 0 0.0034067 -56.3751423 3.6755709 0.0651041 0.0281294 
340000 658 990.157 178727.577 533.444 8.2175 0 0 0 0.0037533 -58.0230992 5.4578453 0.0620008 0.0264471 
350000 668 991.957 183833.897 527.771 8.2528 0 0 0 0.0031035 -59.4148322 2.9959759 0.0609344 0.0261079 
360000 678 993.428 190541.92 545.625 8.2923 0 0 0 0.0031345 -61.0113343 3.5903918 0.0619672 0.0257779 
370000 689 980.469 196218.582 548.431 8.2075 0 0 0 0.0033722 -62.1547403 5.2083346 0.057224 0.0248827 
380000 700 970.349 202133.159 546.084 8.1225 0 0 0 0.003556 -63.1194012 6.5525164 0.0569969 0.0253211 
390000 710 975.773 208667.918 563.791 8.1752 0 0 0 0.0027644 -64.503278 3.0069408 0.054766 0.0243672 
400000 720 980.205 215127.487 580.712 8.2292 0 0 0 0.0029882 -65.9695207 3.5436706 0.0562988 0.0252561 
410000 730 983.826 221760.814 597.877 8.2806 0 0 0 0.003012 -67.7296494 4.6518107 0.0563229 0.023733 
420000 740 986.785 227843.3 597.854 8.3183 0 0 0 0.0031675 -69.4159797 4.2309583 0.0567601 0.025085 
430000 751 978.95 233762.374 591.031 8.2712 0 0 0 0.0029354 -70.5867132 3.3342867 0.0572388 0.0245987 
440000 761 982.801 240146.863 599.768 8.3221 0 0 0 0.0030868 -72.3444407 4.726117 0.0585969 0.0258283 
450000 771 985.947 247158.225 618.304 8.3716 0 0 0 0.0028679 -73.4181259 3.2840025 0.0597518 0.0244215 
460000 781 988.518 253980.901 629.717 8.4095 0 0 0 0.0039555 -75.0143279 7.6439603 0.0590429 0.0279313 
470000 791 990.618 261823.739 658.625 8.4306 0 0 0 0.0036972 -76.2892681 5.8879765 0.0600666 0.0273818 
480000 801 992.334 269379.088 676.34 8.4424 0 0 0 0.0029503 -77.7275121 2.6780422 0.059015 0.0260747 
490000 811 993.737 276671.015 685.234 8.4636 0 0 0 0.0032857 -78.9758436 5.5910483 0.0583112 0.0272712 
500000 821 994.882 284546.259 703.147 8.4793 0 0 0 0.0032721 -80.2618759 4.6840557 0.0564915 0.0271115 
510000 831 995.819 292228.515 716.045 8.5013 0 0 0 0.0032499 -81.8075868 3.5035498 0.0591894 0.0265129 
520000 841 991.879 301268.05 746.063 8.4767 0 0 0 0.0037369 -83.4406665 6.3156203 0.0586253 0.0294278 
530000 851 993.365 309714.668 762.368 8.4822 0 0 0 0.0037442 -84.6360797 8.244411 0.0565295 0.0281565 
540000 861 994.579 319577.512 804.92 8.5025 0 0 0 0.004081 -86.3836209 6.9428894 0.0607231 0.0320953 
550000 871 995.57 329904.294 844.347 8.5188 0 0 0 0.0040243 -87.9671165 5.5160139 0.0613618 0.0317107 
560000 881 996.381 339163.346 858.266 8.5304 0 0 0 0.0042584 -89.4077948 11.0606427 0.060281 0.0330388 
570000 891 997.043 347459.465 853.741 8.521 0 0 0 0.003964 -90.4327689 8.4918501 0.0597944 0.0323713 
580000 901 997.584 355452.818 844.22 8.5329 0 0 0 0.0042997 -91.8280567 11.0787539 0.0576831 0.0318723 
590000 912 978.78 363174.848 814.512 8.3798 0 0 0 0.0040776 -92.7646034 9.5842219 0.0584018 0.0330645 
600000 922 982.662 370908.462 806.155 8.4257 0 0 0 0.0038212 -93.5806536 10.2377969 0.0571315 0.0319177 
610000 932 985.834 377859.35 786.437 8.4568 0 0 0 0.0039406 -94.6905767 9.2462442 0.0545268 0.0309247 
620000 942 988.425 385245.359 776.595 8.4556 0 0 0 0.0034823 -95.6521423 6.4512267 0.0532613 0.0305417 
630000 952 990.542 392892.126 776.182 8.4546 0 0 0 0.0034757 -96.8726483 8.1285933 0.0543035 0.0302404 
640000 962 992.272 401167.896 784.291 8.4423 0 0 0 0.0036854 -98.3477969 4.1520016 0.0549739 0.0312475 
650000 972 984.668 411168.297 817.316 8.3585 0 0 0 0.0038202 -100.0756814 10.5480881 0.0535473 0.0314996 
660000 982 987.472 422121.063 864.293 8.3694 0 0 0 0.0036292 -101.8896786 6.2115917 0.0542627 0.0317026 
670000 992 989.764 430975.255 873.816 8.3858 0 0 0 0.0039349 -103.1254415 9.2592587 0.0519056 0.0295313 
680000 1002 991.636 441748.219 910.493 8.3963 0 0 0 0.0041719 -104.9273034 13.1553728 0.0544774 0.0330646 
690000 1012 993.166 450041.426 893.629 8.3939 0 0 0 0.0040208 -106.1541094 14.3143641 0.0521353 0.0327787 
700000 1022 994.416 458509.821 890.37 8.3834 0 0 0 0.0033341 -106.853734 10.8584033 0.0513341 0.0298842 
710000 1033 989.193 466944.227 873.684 8.3458 0 0 0 0.0037422 -107.6975127 10.9878257 0.0508467 0.0311742 
720000 1043 991.17 474648.942 855.65 8.367 0 0 0 0.0037133 -108.0948016 9.2268735 0.0488443 0.0307756 
730000 1053 992.785 483852.187 867.923 8.3777 0 0 0 0.0035825 -109.3875184 10.668861 0.0482124 0.0306471 
740000 1063 980.605 494163.578 891.446 8.2657 0 0 0 0.0037423 -110.1450734 11.9902667 0.0486535 0.0312684 
750000 1073 984.153 504008.945 905.909 8.3 0 0 0 0.0037807 -110.9999147 9.8177612 0.0456816 0.0314203 
760000 1084 982.908 514220.401 921.29 8.2915 0 0 0 0.0036089 -111.8493656 7.6458921 0.0445557 0.0311691 
770000 1094 986.035 525499.778 958.228 8.3071 0 0 0 0.0034174 -113.322515 12.9847916 0.0430623 0.0298327 
780000 1104 988.589 538352.497 1016.789 8.32 0 0 0 0.0039258 -115.4151818 14.9798136 0.0442873 0.0303599 
790000 1114 990.677 551401.409 1068.478 8.3457 0 0 0 0.0037928 -118.0459935 16.5103581 0.0445837 0.0322278 
800000 1124 992.382 563167.64 1087.298 8.3622 0 0 0 0.0034227 -120.0346806 4.5057285 0.044227 0.0327585 
810000 1134 993.776 574782.177 1100.196 8.3801 0 0 0 0.0044791 -121.6203495 12.9282175 0.0440961 0.0352928 
820000 1144 994.914 586218.882 1106.706 8.3965 0 0 0 0.0045886 -123.846876 15.9763714 0.0429238 0.0361088 
830000 1154 995.845 595383.336 1071.44 8.3822 0 0 0 0.0039019 -125.5522718 8.5757234 0.0434033 0.0357641 
840000 1164 996.605 605929.593 1068.145 8.3929 0 0 0 0.0041675 -127.2501369 14.5495995 0.0426803 0.0359698 
850000 1174 997.226 617521.276 1086.821 8.3972 0 0 0 0.0042843 -129.2824914 19.8886223 0.0423574 0.0368427 
860000 1184 997.733 629636.012 1109.78 8.4038 0 0 0 0.0039165 -130.103482 7.6652119 0.0410623 0.0358598 
870000 1194 998.148 641216.534 1117.958 8.4178 0 0 0 0.0051379 -130.9097895 27.7799786 0.0399693 0.0392491 
880000 1204 998.487 653552.657 1140.738 8.4204 0 0 0 0.0044982 -132.7858833 14.6389477 0.0403642 0.0388171 
890000 1214 998.764 667417.872 1184.788 8.4323 0 0 0 0.0047721 -134.6941736 16.1869267 0.0381216 0.0404998 
900000 1224 998.99 683863.246 1270.069 8.434 0 0 0 0.0047437 -136.966319 19.0408085 0.0377573 0.0394438 
910000 1234 999.175 699544.771 1325.2 8.4315 0 0 0 0.0047417 -139.9413195 21.4524931 0.0376034 0.0396403 
920000 1244 999.326 711275.573 1294.641 8.4237 0 0 0 0.0047697 -141.1715045 22.4126662 0.0372653 0.0417477 
930000 1254 999.449 725259.56 1312.688 8.4348 0 0 0 0.0048004 -143.5053921 27.4330625 0.0374996 0.0409656 
940000 1264 999.55 740867.176 1359.15 8.4255 0 0 0 0.0047442 -145.9082994 24.0178598 0.0374275 0.0401582 
950000 1274 999.632 757282.979 1409.038 8.4279 0 0 0 0.005029 -148.1682818 19.90345 0.0363056 0.0439489 
960000 1284 999.699 773476.421 1449.006 8.4151 0 0 0 0.0047304 -150.2861234 11.6433298 0.0358098 0.0440142 
970000 1294 999.754 789262.015 1471.685 8.4088 0 0 0 0.0049778 -152.7107162 28.4849876 0.0344802 0.0438751 
980000 1304 999.799 804307.612 1477.451 8.3943 0 0 0 0.0051954 -154.0130983 29.609499 0.0347818 0.0447158 
990000 1314 999.836 819499.59 1485.049 8.3879 0 0 0 0.0049833 -155.6052104 20.9946706 0.0341016 0.0433941 
1000000 1324 999.866 834533.957 1489.488 8.3827 0 0 0 0.0046225 -157.0079342 17.6752421 0.033704 0.0427792 
1010000 1334 999.891 850083.329 1500.917 8.379 0 0 0 0.0049758 -158.1244074 29.4442815 0.0323116 0.0427414 
1020000 1344 999.911 867007.96 1537.961 8.383 0 0 0 0.0045794 -159.9238312 18.6340911 0.0310473 0.0409114 
1030000 1354 999.927 885190.684 1587.971 8.3779 0 0 0 0.004383 -163.0567442 16.39474 0.0328189 0.0407911 
1040000 1364 999.94 902915.252 1622.374 8.3888 0 0 0 0.0045256 -165.3641938 17.9400367 0.0324014 0.0420638 
1050000 1374 999.951 921080.198 1656.573 8.3775 0 0 0 0.0051437 -167.4649214 54.3135545 0.0333686 0.043464 
1060000 1384 999.96 937961.529 1662.959 8.3754 0 0 0 0.0044757 -169.6350737 17.3765416 0.0322768 0.0417891 
1070000 1394 999.967 956545.387 1697.66 8.3739 0 0 0 0.0046814 -171.9201825 32.5491906 0.0335026 0.0417742 
1080000 1404 999.973 975899.53 1741.549 8.3746 0 0 0 0.0047475 -174.6053389 18.1106698 0.0335728 0.0437868 
1090000 1414 999.978 996092.552 1791.757 8.3857 0 0 0 0.0050502 -176.8141394 27.3186738 0.0340768 0.0423968 
1100000 1424 999.982 1015252.491 1816.148 8.3815 0 0 0 0.0050157 -177.8818674 50.05129 0.0344611 0.041945 
1110000 1434 999.985 1030852.801 1769.131 8.3868 0 0 0 0.0046237 -178.7899653 32.782272 0.0332262 0.0405125 
1120000 1444 999.988 1046870.257 1737.755 8.3785 0 0 0 0.0047984 -181.6037608 52.2643449 0.0345414 0.0407671 
1130000 1454 999.99 1062884.724 1715.121 8.3742 0 0 0 0.0045046 -182.5106196 45.7623975 0.0322261 0.0400791 
1140000 1464 999.992 1082180.446 1754.278 8.3795 0 0 0 0.0043739 -184.4771049 27.6593869 0.0340584 0.0397095 
1150000 1474 999.994 1100238.123 1763.054 8.4064 0 0 0 0.004665 -185.3610572 49.8258839 0.0345218 0.0404833 
1160000 1484 999.995 1117010.23 1748.156 8.4075 0 0 0 0.0045097 -186.7771078 31.7037812 0.0338607 0.0402939 
1170000 1494 999.996 1137629.613 1805.723 8.4136 0 0 0 0.0042646 -188.6726287 25.7921514 0.0334418 0.0379124 
1180000 1504 999.996 1155171.002 1792.515 8.4165 0 0 0 0.0041991 -190.2098859 24.2887175 0.0330924 0.0385532 
1190000 1514 999.997 1175812.374 1841.272 8.4182 0 0 0 0.0046086 -191.6563098 58.2000942 0.0326812 0.0392689 
1200000 1524 999.998 1190569.193 1774.107 8.4279 0 0 0 0.0045667 -192.0554982 47.0480883 0.0332529 0.0392403 
1210000 1534 999.998 1212001.552 1841.158 8.4216 0 0 0 0.0039295 -194.2212948 34.5601628 0.0328721 0.0351586 
1220000 1544 984.974 1232368.059 1847.427 8.2878 0 0 0 0.0042797 -195.6783763 46.3765439 0.0326183 0.0379123 
1230000 1554 987.723 1251518.048 1856.18 8.3134 0 0 0 0.0041339 -196.7881895 34.0232767 0.03264 0.0373641 
1240000 1564 989.968 1269701.918 1849.101 8.3263 0 0 0 0.0042484 -196.7834122 57.4827472 0.032653 0.0359458 
1250000 1574 991.804 1288834.376 1862.782 8.3318 0 0 0 0.0042321 -199.002173 46.1733634 0.0334437 0.0374911 
1260000 1584 993.303 1307648.487 1871.467 8.3439 0 0 0 0.0044277 -200.5860087 55.920203 0.03379 0.0375144 
1270000 1594 994.528 1327402.204 1889.972 8.3526 0 0 0 0.0040718 -201.5231812 31.4123227 0.0327496 0.036638 
1280000 1604 995.529 1347552.257 1906.982 8.3752 0 0 0 0.0040041 -202.1378187 25.918496 0.0329109 0.0365214 
1290000 1614 996.347 1367803.302 1930.567 8.3881 0 0 0 0.0041114 -203.5397461 42.3903391 0.0329477 0.0362759 
1300000 1624 997.015 1387475.797 1935.785 8.3996 0 0 0 0.0045162 -204.0297549 102.8396764 0.0312057 0.0360316 
1310000 1634 997.561 1404448.328 1900.786 8.4129 0 0 0 0.0039072 -206.0025907 30.2301298 0.032228 0.0361463 
1320000 1644 998.007 1421219.445 1859.125 8.4269 0 0 0 0.0041851 -205.9542468 48.8038994 0.0325505 0.0374578 
1330000 1654 998.372 1435070.853 1765.338 8.4259 0 0 0 0.0040926 -207.2990744 46.5985806 0.0322822 0.0360485 
1340000 1664 998.67 1454606.382 1826.79 8.4248 0 0 0 0.0038873 -208.3031087 38.4858494 0.0320783 0.0352918 
1350000 1674 998.913 1475680.585 1857.782 8.4291 0 0 0 0.0040961 -209.0695071 67.8274633 0.0323977 0.0348285 
1360000 1684 999.112 1495277.234 1872.516 8.4199 0 0 0 0.0037759 -211.5250692 38.9033997 0.0328889 0.0338866 
1370000 1694 999.274 1515667.67 1902.792 8.4145 0 0 0 0.0040116 -211.9838614 29.8824457 0.033202 0.0364222 
1380000 1704 999.407 1535606.518 1917.245 8.4241 0 0 0 0.0039482 -213.924937 39.7129515 0.0328591 0.0342753 
1390000 1714 999.516 1557064.499 1957.115 8.4223 0 0 0 0.0042263 -214.9343535 67.3628874 0.0323588 0.0358955 
1400000 1724 999.604 1577376.866 1975.606 8.4243 0 0 0 0.0041786 -216.6134922 64.6487506 0.0330384 0.0352191 
1410000 1734 999.677 1596282.369 1956.514 8.4212 0 0 0 0.0040651 -217.4633903 38.1689477 0.0327774 0.035686 
1420000 1744 999.736 1612722.193 1895.561 8.427 0 0 0 0.0039989 -217.2912755 42.4915188 0.0328111 0.0359325 
1430000 1754 999.784 1626323.406 1797.133 8.4163 0 0 0 0.0040514 -217.4658141 54.0195106 0.0333657 0.0345028 
1440000 1764 999.824 1643728.479 1793.608 8.4041 0 0 0 0.0040917 -218.5785599 69.4647489 0.0314935 0.0342235 
1450000 1774 999.856 1661215.686 1777.442 8.392 0 0 0 0.0039822 -218.6573052 66.2536147 0.0328321 0.034407 
1460000 1784 999.882 1680800.613 1808.815 8.3897 0 0 0 0.004116 -219.2124623 55.1115448 0.0333702 0.0348903 
1470000 1794 999.904 1698363.3 1802.02 8.3978 0 0 0 0.0037446 -219.8624387 31.9887417 0.0333022 0.0343538 
1480000 1804 999.921 1716961.685 1810.003 8.4057 0 0 0 0.0036519 -220.2375413 6.4896696 0.0333553 0.0353364 
1490000 1814 999.936 1734962.106 1810.89 8.396 0 0 0 0.003679 -220.3888568 49.9817222 0.0327233 0.0323094 
1500000 1824 999.948 1753041.11 1806.422 8.3992 0 0 0 0.0038412 -220.4123925 38.7882658 0.032555 0.0344106 
1510000 1834 999.957 1772986.743 1841.512 8.4066 0 0 0 0.0038982 -221.2167524 54.092076 0.0329964 0.0345729 
1520000 1844 999.965 1793467.313 1877.485 8.4129 0 0 0 0.0041625 -222.2256746 79.6482485 0.0326146 0.0333031 
1530000 1854 999.971 1812326.444 1877.582 8.4113 0 0 0 0.0036933 -223.501289 48.9495665 0.0337503 0.0325461 
1540000 1864 999.977 1831748.185 1890.624 8.4036 0 0 0 0.0037395 -224.1682328 38.1229867 0.0337762 0.0342907 
1550000 1874 999.981 1852534.9 1922.916 8.4117 0 0 0 0.0038867 -224.7479637 44.110588 0.0344021 0.0345755 
1560000 1884 999.984 1871814.54 1927.455 8.4023 0 0 0 0.0037242 -224.7094192 57.415465 0.0335461 0.032569 
1570000 1894 999.987 1892630.173 1950.666 8.3898 0 0 0 0.0037549 -225.4103229 53.5519773 0.0331787 0.0330652 
1580000 1904 999.99 1913993.67 1980.263 8.3865 0 0 0 0.0036368 -225.7450755 27.2035012 0.0330129 0.0333637 
1590000 1914 999.991 1935766.611 2020.359 8.3854 0 0 0 0.0038516 -226.4570017 59.9784323 0.033447 0.0331682 
1600000 1924 999.993 1958056.037 2056.144 8.3713 0 0 0 0.0036927 -227.0654812 46.1296285 0.0323794 0.0330305 
1610000 1934 999.994 1980284.154 2085.665 8.3556 0 0 0 0.003698 -228.0005422 53.1858405 0.033309 0.0335805 
1620000 1944 999.995 2003199.909 2123.35 8.3541 0 0 0 0.0041972 -229.7019065 91.4011574 0.0328482 0.0341948 
1630000 1954 999.996 2022431.527 2089.053 8.3578 0 0 0 0.0038974 -230.7002701 61.0360857 0.0332086 0.0336804 
1640000 1964 999.997 2043983.958 2100.887 8.359 0 0 0 0.0034647 -231.5366407 30.9691809 0.0339064 0.031954 
1650000 1974 999.997 2065323.769 2103.484 8.3766 0 0 0 0.0037665 -232.8762966 38.2950981 0.0340463 0.0338132 
1660000 1984 999.998 2086488.619 2107.984 8.3796 0 0 0 0.0035595 -233.7920126 34.1172115 0.0345904 0.0325416 
1670000 1994 999.998 2106657.5 2089.43 8.3832 0 0 0 0.0035165 -234.4844954 25.0606238 0.0331243 0.0327823 
1680000 2004 999.999 2126209.316 2066.31 8.383 0 0 0 0.0038637 -234.7908548 65.4538083 0.0320017 0.0334051 
1690000 2015 996.714 2146273.164 2052.762 8.3539 0 0 0 0.0038354 -235.9687891 56.116657 0.032441 0.0334707 
1700000 2025 997.315 2166459.057 2045.182 8.3586 0 0 0 0.0038035 -237.0899177 69.661122 0.0322931 0.0325363 
1710000 2035 997.806 2187084.656 2046.726 8.3597 0 0 0 0.0038983 -238.041199 47.5039218 0.0327288 0.0345156 
1720000 2045 998.207 2207703.112 2050.672 8.3748 0 0 0 0.0041568 -238.1262896 60.4650805 0.0335173 0.0353746 
1730000 2055 998.535 2227870.367 2046.541 8.379 0 0 0 0.0036213 -239.2458131 43.7715425 0.0330423 0.0328851 
1740000 2065 998.803 2245214.623 1991.159 8.3783 0 0 0 0.0033099 -239.4193297 16.6309145 0.0335727 0.0313939 
1750000 2075 999.022 2262838.95 1946.07 8.395 0 0 0 0.0035738 -239.5374554 42.9327821 0.0335945 0.0323807 
1760000 2085 999.201 2280904.045 1922.113 8.4059 0 0 0 0.0035237 -239.9948581 33.5496793 0.0329755 0.0322299 
1770000 2095 999.347 2299883.921 1918.599 8.4104 0 0 0 0.0036734 -239.6991541 57.826701 0.0327227 0.0325129 
1780000 2105 999.467 2320955.312 1952.349 8.4173 0 0 0 0.0037526 -239.7910102 68.0167536 0.0331078 0.0322971 
1790000 2115 999.564 2333662.512 1829.876 8.4311 0 0 0 0.0038515 -238.0275012 67.4210236 0.0330337 0.0323723 
1800000 2125 999.644 2352944.666 1848.865 8.4215 0 0 0 0.0037198 -237.9946189 71.4229038 0.0325145 0.0320746 
1810000 2135 999.709 2369568.821 1816.459 8.4165 0 0 0 0.0033213 -237.6102876 32.8674237 0.0315907 0.0305524 
1820000 2145 999.762 2388333.259 1829.624 8.4249 0 0 0 0.0035907 -237.5294411 34.4723901 0.0317339 0.0328333 
1830000 2155 999.806 2409455.669 1881.836 8.4396 0 0 0 0.0034667 -238.383721 37.8436213 0.0324427 0.0311855 
1840000 2165 999.841 2427547.533 1868.332 8.4455 0 0 0 0.0036751 -237.7614976 54.5911454 0.0307648 0.0319306 
1850000 2175 999.87 2439317.32 1741.315 8.4314 0 0 0 0.003697 -237.0762369 57.2075963 0.0312282 0.0320422 
1860000 2185 999.894 2459141.682 1787.428 8.4258 0 0 0 0.0037788 -237.3883107 53.9212251 0.030729 0.032811 
1870000 2195 999.913 2480217.307 1845.921 8.4101 0 0 0 0.0034034 -237.6210995 27.9591943 0.0307917 0.031791 
1880000 2205 998.753 2500671.538 1884.765 8.3955 0 0 0 0.004165 -238.0698999 62.4569562 0.0315871 0.0336715 
1890000 2215 989.172 2519125.35 1852.626 8.3117 0 0 0 0.0034959 -238.3872284 45.4359574 0.0325574 0.0311639 
1900000 2225 991.152 2539209.355 1882.405 8.3361 0 0 0 0.0041979 -238.173385 83.0676742 0.0324088 0.033873 
1910000 2235 992.771 2555579.834 1836.313 8.3482 0 0 0 0.0036371 -237.262817 53.3562975 0.031724 0.0310468 
1920000 2245 994.093 2573376.36 1825.937 8.3641 0 0 0 0.0035771 -237.5414459 50.4415965 0.0321348 0.0324411 
1930000 2255 995.174 2592264.711 1843.227 8.3783 0 0 0 0.0039609 -237.1784002 40.6540594 0.0314531 0.0330224 
1940000 2265 996.057 2612211.947 1867.211 8.3732 0 0 0 0.0035138 -237.8889692 34.22848 0.0318613 0.0321801 
1950000 2275 996.778 2631650.6 1877.066 8.3829 0 0 0 0.0038456 -238.2859001 64.8609762 0.0323078 0.032535 
1960000 2285 997.367 2650029.534 1881.645 8.3737 0 0 0 0.0037327 -238.901724 38.9530655 0.0337184 0.0328434 
1970000 2296 981.383 2666785.399 1808.854 8.242 0 0 0 0.0042219 -237.9316063 60.4063694 0.0334799 0.0347953 
1980000 2306 984.789 2685944.542 1823.614 8.2718 0 0 0 0.0035464 -238.3163246 35.1966476 0.0334661 0.0325669 
1990000 2316 987.571 2703970.557 1821.096 8.2949 0 0 0 0.0042626 -238.2192922 99.9595947 0.0324542 0.0341399 
2000000 2326 989.845 2725715.903 1882.461 8.3065 0 0 0 0.0037535 -239.8084679 28.0536493 0.0318224 0.0340995 
2010000 2336 991.703 2745691.292 1903.595 8.3226 0 0 0 0.0040349 -240.4721348 89.8059919 0.0323269 0.0334996 
2020000 2346 993.22 2765449.628 1915.955 8.3331 0 0 0 0.0043984 -240.4411567 92.9189881 0.0326166 0.0344448 
2030000 2356 994.461 2785943.795 1940.56 8.364 0 0 0 0.0039286 -240.6524225 54.0206964 0.0320603 0.032712 
2040000 2366 995.474 2805943.754 1950.863 8.3792 0 0 0 0.0037803 -241.4486511 34.1973139 0.0323332 0.0333052 
2050000 2376 996.302 2823926.839 1924.685 8.3774 0 0 0 0.0038591 -241.78849 54.3796016 0.0324434 0.0336118 
2060000 2386 996.978 2840134.018 1870.211 8.3797 0 0 0 0.0037328 -240.9288385 58.402097 0.0327003 0.0325761 
2070000 2396 997.531 2859129.759 1870.992 8.3947 0 0 0 0.003761 -240.8625794 48.8108675 0.0316999 0.033832 
2080000 2406 997.983 2878717.543 1887.574 8.3997 0 0 0 0.0039829 -240.9715238 49.9575278 0.032936 0.0335608 
2090000 2416 998.352 2895974.357 1860.385 8.3927 0 0 0 0.0040391 -240.84751 46.0027715 0.0328627 0.0337668 
2100000 2426 998.653 2914419.986 1856.444 8.3938 0 0 0 0.0036403 -240.6316613 43.6263049 0.0321685 0.0330682 
2110000 2436 998.9 2933942.757 1875.804 8.3847 0 0 0 0.003912 -241.133653 61.8900335 0.0319147 0.0340147 
2120000 2446 999.101 2954749.357 1917.431 8.3871 0 0 0 0.0037307 -241.4396375 42.0027094 0.032373 0.0337834 
2130000 2456 999.265 2975866.263 1946.973 8.3769 0 0 0 0.0039657 -242.1129977 75.1598449 0.0339201 0.0335968 
2140000 2466 999.4 2998110.244 1999.662 8.3761 0 0 0 0.0042534 -242.424132 96.620398 0.033143 0.0343277 
2150000 2476 999.51 3019885.38 2031.932 8.3752 0 0 0 0.0034471 -242.2065383 49.8288478 0.0330388 0.0311335 
2160000 2486 999.599 3037249.167 1970.898 8.3836 0 0 0 0.0041289 -243.0177176 71.5311808 0.0331013 0.0349614 
2170000 2496 999.673 3054392.749 1924.039 8.4 0 0 0 0.0034042 -242.8246031 32.6125356 0.0341543 0.0313361 
2180000 2506 999.732 3073918.436 1932.028 8.3995 0 0 0 0.0041342 -243.5702844 97.5118028 0.0329432 0.0339686 
2190000 2516 999.781 3094633.266 1954.601 8.4071 0 0 0 0.0033797 -244.8039483 31.4020274 0.0333481 0.0313137 
2200000 2526 999.821 3115922.815 1985.25 8.4119 0 0 0 0.0043452 -244.0421402 102.2168259 0.0326488 0.0333466 
2210000 2536 999.854 3137357.665 2013.849 8.414 0 0 0 0.0035729 -244.9367303 66.8416496 0.0330031 0.0312665 
2220000 2546 999.881 3158820.349 2039.021 8.4115 0 0 0 0.0040952 -244.5448994 75.9466784 0.0332004 0.0323773 
2230000 2556 999.903 3179562.145 2047.977 8.4082 0 0 0 0.0035014 -244.7916615 45.559563 0.0330808 0.0314506 
2240000 2566 999.92 3199982.445 2044.104 8.4083 0 0 0 0.0038179 -244.411567 85.3691908 0.0337968 0.0314736 
2250000 2576 999.935 3220856.913 2054.023 8.413 0 0 0 0.0037852 -245.6416322 80.7123413 0.0335507 0.031329 
2260000 2586 999.947 3241659.348 2058.937 8.4227 0 0 0 0.0036709 -245.9880585 69.7204299 0.0337565 0.0316456 
2270000 2596 999.957 3257992.046 1990.205 8.4468 0 0 0 0.0037602 -245.6162231 107.5441457 0.0343301 0.0304236 
2280000 2606 999.965 3275327.468 1936.09 8.4421 0 0 0 0.0037428 -245.6594861 92.5236997 0.0334876 0.0313887 
2290000 2616 999.971 3296011.268 1958.972 8.434 0 0 0 0.0037294 -246.5908196 66.6577234 0.0328655 0.0318516 
2300000 2626 999.976 3317710.76 1995.343 8.4303 0 0 0 0.0035145 -247.101799 47.7061079 0.0333841 0.0311125 
2310000 2636 999.981 3340058.174 2036.904 8.4152 0 0 0 0.0032395 -248.0087303 27.9042423 0.0329539 0.0300861 
2320000 2646 999.984 3363480.216 2095.248 8.4138 0 0 0 0.0030304 -248.8904605 36.8725492 0.032609 0.0278196 
2330000 2656 999.987 3387626.852 2149.802 8.4143 0 0 0 0.0033525 -249.0526437 61.302426 0.0326348 0.0284284 
2340000 2666 999.989 3410408.124 2177.064 8.3933 0 0 0 0.0036933 -249.2217467 109.302966 0.0331479 0.0293128 
2350000 2676 999.991 3433606.643 2203.152 8.4093 0 0 0 0.0031736 -250.3121376 60.1707882 0.0322894 0.0275759 
2360000 2686 999.993 3455341.069 2198.365 8.4188 0 0 0 0.0035786 -250.8902611 93.5123333 0.0327259 0.0296803 
2370000 2696 999.994 3473322.478 2124.659 8.4274 0 0 0 0.0034418 -250.6708198 71.7410307 0.0325523 0.0296196 
2380000 2706 999.995 3486416.485 1979.502 8.4244 0 0 0 0.0031677 -250.6755153 65.4875164 0.0321077 0.0278205 
2390000 2716 999.996 3508370.646 2021.317 8.437 0 0 0 0.0034795 -250.1675313 90.6931286 0.0327623 0.0281912 
2400000 2726 999.997 3528059.226 2007.122 8.4473 0 0 0 0.0034125 -249.9177014 71.5557141 0.032769 0.0287281 
2410000 2737 984.167 3548346.075 1985.328 8.3032 0 0 0 0.0041435 -250.1891885 117.4787957 0.0340854 0.0304044 
2420000 2747 987.063 3564308.41 1927.599 8.3347 0 0 0 0.0035883 -249.4883038 66.6672734 0.0327512 0.0279556 
2430000 2757 989.43 3582627.158 1896.407 8.332 0 0 0 0.00329 -248.7092943 84.4212174 0.0324786 0.0272395 
2440000 2767 991.363 3603010.179 1928.176 8.35 0 0 0 0.0036924 -249.1167998 107.0166279 0.0329261 0.0299956 
2450000 2777 992.943 3623737.822 1952.305 8.3715 0 0 0 0.0033442 -249.0914533 65.8971182 0.0326851 0.0285857 
2460000 2787 994.234 3645193.22 1989.425 8.3826 0 0 0 0.0034658 -249.9319516 70.094029 0.0327481 0.0290732 
2470000 2797 995.289 3667547.076 2033.467 8.3854 0 0 0 0.0035595 -251.0219685 47.3163226 0.0324714 0.0292025 
2480000 2807 996.151 3688098.524 2053.404 8.389 0 0 0 0.0033066 -252.2092724 61.426518 0.0312273 0.0290157 
2490000 2817 996.855 3707977.774 2028.264 8.3925 0 0 0 0.0036798 -251.6137012 121.8182477 0.0327637 0.0290659 
2500000 2827 997.43 3727443.656 2013.577 8.3918 0 0 0 0.0036209 -251.7160128 78.0543466 0.0321558 0.0306778 
2510000 2837 997.9 3748734.731 2034.473 8.3901 0 0 0 0.0033548 -251.9109199 45.5300009 0.0316658 0.0299639 
2520000 2847 998.284 3769157.949 2037.75 8.3878 0 0 0 0.0042217 -250.554707 152.4180923 0.0313142 0.0324679 
2530000 2857 998.598 3789693.69 2043.418 8.387 0 0 0 0.0038845 -250.136259 80.8337087 0.0325078 0.0307086 
2540000 2867 998.855 3809852.444 2038.605 8.4096 0 0 0 0.0036414 -250.0166399 57.748729 0.0321637 0.0315721 
2550000 2877 999.064 3831219.683 2056.713 8.4201 0 0 0 0.0035505 -250.0847626 78.2308541 0.03168 0.0296284 
2560000 2887 999.235 3851005.175 2044.713 8.4223 0 0 0 0.0040683 -250.0400524 84.6435247 0.0322029 0.0318915 
2570000 2897 999.375 3870245.194 2018.341 8.4307 0 0 0 0.0037984 -250.4701081 89.2937887 0.0329425 0.0309152 
2580000 2907 999.489 3890889.341 2028.434 8.44 0 0 0 0.003468 -251.5008463 16.4365369 0.0325788 0.0311367 
2590000 2917 999.583 3913207.126 2064.12 8.4411 0 0 0 0.0036071 -252.200525 80.0061077 0.0331994 0.0303476 
2600000 2927 999.659 3933266.24 2055.719 8.4466 0 0 0 0.0040609 -252.4681867 109.6511857 0.0332287 0.0324913 
2610000 2937 999.722 3953222.889 2047.311 8.4679 0 0 0 0.0033781 -252.6168859 31.5545504 0.033776 0.0311617 
2620000 2947 999.772 3973665.621 2046.328 8.4713 0 0 0 0.0034192 -254.0957359 56.0148431 0.0343813 0.0308046 
2630000 2957 999.814 3994793.44 2058.738 8.4877 0 0 0 0.0035761 -254.3965925 63.53172 0.0343495 0.0321248 
2640000 2967 999.848 4012013.447 1998.968 8.4814 0 0 0 0.0033253 -254.781396 39.7008101 0.0337169 0.0304052 
2650000 2977 999.876 4029398.361 1952.5 8.4767 0 0 0 0.003145 -254.3592207 44.6994966 0.0338244 0.0286347 
2660000 2987 999.899 4046954.333 1917.05 8.4786 0 0 0 0.0035489 -253.6450547 65.6753071 0.0344656 0.0308506 
2670000 2997 999.917 4064573.065 1886.402 8.4724 0 0 0 0.0034534 -253.1280649 42.4276745 0.0338274 0.0317267 
2680000 3007 999.932 4084086.795 1898.068 8.455 0 0 0 0.0038484 -252.8783918 118.3384168 0.0349362 0.0310664 
2690000 3017 999.945 4100858.652 1852.636 8.4597 0 0 0 0.003593 -253.1888082 64.627757 0.0347386 0.0305403 
2700000 3027 999.955 4116030.538 1796.708 8.4611 0 0 0 0.0032031 -252.1137917 32.1225846 0.0332195 0.0295599 
2710000 3037 999.963 4134230.953 1794.1 8.4634 0 0 0 0.0033975 -251.610192 43.6909113 0.0343641 0.0304741 
2720000 3047 999.97 4154812.575 1845.144 8.4538 0 0 0 0.0035431 -251.8454364 49.8339396 0.0341487 0.0299195 
2730000 3057 999.975 4175330.072 1886.954 8.4341 0 0 0 0.0036269 -252.2487726 75.8404765 0.0344352 0.031004 
2740000 3067 999.98 4194081.935 1893.551 8.4416 0 0 0 0.0033889 -252.0664459 73.2784269 0.0340861 0.0295496 
2750000 3077 999.984 4205360.267 1742.377 8.4501 0 0 0 0.0033617 -250.4643368 45.1911615 0.033231 0.0297206 
2760000 3087 999.987 4215370.91 1604.008 8.4614 0 0 0 0.0033101 -249.1455347 40.9591131 0.0320105 0.029321 
2770000 3097 999.989 4232512.052 1621.603 8.4617 0 0 0 0.003606 -247.9282953 59.5971027 0.0334276 0.0287622 
2780000 3107 999.991 4246883.415 1589.031 8.4657 0 0 0 0.0027042 -246.9678842 11.0155192 0.032968 0.0259857 
2790000 3117 999.993 4265047.312 1633.613 8.4571 0 0 0 0.0036298 -246.2145207 91.39357 0.0317432 0.0291423 
2800000 3127 999.994 4281802.354 1641.551 8.4429 0 0 0 0.0034819 -245.2626562 60.8991073 0.0324075 0.029885 
2810000 3137 999.995 4298319.476 1640.233 8.4526 0 0 0 0.0035255 -244.3037116 91.0162058 0.0320463 0.0279955 
2820000 3147 999.996 4317310.922 1685.344 8.4431 0 0 0 0.0035989 -244.1256224 58.2657219 0.0317712 0.0291587 
2830000 3157 999.997 4336163.49 1720.028 8.4362 0 0 0 0.00351 -243.2094577 58.5494719 0.0327042 0.0283748 
2840000 3167 999.997 4357051.71 1789.93 8.434 0 0 0 0.003247 -243.2588991 70.6551596 0.0314805 0.0273805 
2850000 3177 999.998 4378783.433 1861.009 8.4265 0 0 0 0.0039845 -243.8935468 84.5211844 0.0311913 0.0303278 
2860000 3187 999.998 4400306.465 1912.593 8.4086 0 0 0 0.0031573 -243.8637507 23.6978971 0.0323527 0.0293564 
2870000 3197 999.999 4420640.047 1934.765 8.4097 0 0 0 0.0029976 -245.2714078 29.9486279 0.0331277 0.0275381 
2880000 3207 999.999 4435907.809 1863.59 8.3949 0 0 0 0.0032275 -243.9582397 34.1931215 0.0319006 0.028508 
2890000 3217 999.999 4454509.509 1859.911 8.3892 0 0 0 0.0036851 -244.3716686 59.7693151 0.0319294 0.0297756 
2900000 3227 999.999 4474377.8 1881.116 8.4062 0 0 0 0.0033302 -245.096128 60.1773167 0.0327159 0.0276045 
2910000 3237 999.999 4494050.611 1902.269 8.4359 0 0 0 0.0033325 -244.6614495 59.7524501 0.0323684 0.027478 
2920000 3247 999.999 4514270.768 1925.771 8.4352 0 0 0 0.0030719 -245.2511654 38.767978 0.0324489 0.0278949 
2930000 3258 988.181 4533248.044 1892.877 8.3482 0 0 0 0.0040129 -245.3718392 60.2607736 0.0317365 0.0307342 
2940000 3268 990.343 4552469.585 1898.999 8.3704 0 0 0 0.0033915 -244.7896533 35.3196209 0.031972 0.0287946 
2950000 3278 992.109 4573913.753 1944.284 8.3931 0 0 0 0.0036568 -246.1340266 95.9650886 0.0329305 0.0301124 
2960000 3288 993.553 4595305.046 1980.698 8.4113 0 0 0 0.0034665 -248.8098564 53.4228495 0.0331794 0.0300382 
2970000 3298 994.732 4617355.061 2022.537 8.4196 0 0 0 0.0034001 -249.8973365 32.8308463 0.0325899 0.0296342 
2980000 3308 995.696 4639273.765 2052.343 8.4202 0 0 0 0.0038902 -252.1694539 115.6515001 0.0336986 0.030436 
2990000 3318 996.483 4661562.76 2083.975 8.4266 0 0 0 0.0039762 -252.5452537 92.4910602 0.0334921 0.0325187 
3000000 3328 997.126 4683955.899 2112.494 8.4374 0 0 0 0.0035127 -253.7147815 79.7814477 0.0330799 0.0302522 
3010000 3338 997.652 4705344.328 2116.171 8.4386 0 0 0 0.0033854 -254.7188002 59.0207897 0.0338266 0.0296203 
3020000 3348 998.082 4728091.719 2145.111 8.4423 0 0 0 0.0043888 -255.4747069 100.2057774 0.0336511 0.031297 
3030000 3358 998.433 4750766.735 2167.559 8.4317 0 0 0 0.0031606 -256.7252753 52.9749707 0.0330984 0.0285421 
3040000 3368 998.719 4771992.418 2159.531 8.4352 0 0 0 0.003449 -257.4797945 49.0222673 0.0340355 0.0313451 
3050000 3378 998.954 4792903.414 2147.909 8.4408 0 0 0 0.0034554 -257.3449913 21.1199694 0.0331861 0.0313489 
3060000 3388 999.145 4813114.406 2122.613 8.4461 0 0 0 0.0037117 -257.5510376 87.2333682 0.0338125 0.0313693 
3070000 3398 999.301 4832483.0 2086.83 8.4398 0 0 0 0.0033417 -257.5941614 35.2799107 0.0342038 0.0306689 
3080000 3408 999.429 4853956.798 2097.299 8.4505 0 0 0 0.0039383 -258.5450232 100.3278456 0.0345724 0.0326189 
3090000 3418 999.534 4873711.723 2076.177 8.4473 0 0 0 0.0045339 -258.6457039 172.6265893 0.0337987 0.0334641 
3100000 3428 999.619 4895603.183 2096.793 8.4432 0 0 0 0.0037502 -259.8387335 75.8832042 0.033957 0.032303 
3110000 3438 999.689 4918090.016 2124.789 8.4418 0 0 0 0.0038703 -260.3232758 107.2955929 0.0339746 0.0317745 
3120000 3448 999.746 4941165.291 2157.206 8.4513 0 0 0 0.0041359 -260.6285346 98.3104209 0.0332689 0.0332478 
3130000 3458 999.792 4963768.699 2175.119 8.4313 0 0 0 0.0036494 -261.5377028 85.7994504 0.0340975 0.0302576 
3140000 3468 999.83 4984876.614 2164.864 8.4203 0 0 0 0.0036031 -261.8615097 84.0767271 0.0332938 0.0304783 
3150000 3478 999.861 5001788.764 2079.089 8.4271 0 0 0 0.0038245 -260.6765878 99.9114951 0.0339513 0.0308872 
3160000 3488 999.887 5018761.144 2005.565 8.426 0 0 0 0.0036126 -259.8140243 82.9189617 0.0332615 0.0306518 
3170000 3498 999.907 5034833.032 1938.047 8.4288 0 0 0 0.0032395 -259.5573581 29.1669309 0.0337462 0.0302516 
3180000 3508 999.924 5051854.291 1891.117 8.4297 0 0 0 0.004097 -258.3124718 94.9507067 0.0334824 0.0324184 
3190000 3518 999.938 5070962.843 1895.836 8.4413 0 0 0 0.0036964 -257.6293626 102.8940555 0.0338758 0.0301272 
3200000 3528 999.949 5087719.31 1856.289 8.4328 0 0 0 0.0032526 -256.8963542 39.4484301 0.0339503 0.0295719 
3210000 3538 999.959 5110153.815 1926.367 8.4242 0 0 0 0.0036835 -256.8671686 70.3012871 0.0338634 0.0306257 
3220000 3548 999.966 5130560.719 1950.218 8.4183 0 0 0 0.0036159 -256.1845274 85.4819017 0.0345597 0.0300604 
3230000 3558 999.972 5149944.501 1950.839 8.4279 0 0 0 0.0039015 -255.455139 89.5174797 0.0335727 0.0319552 
3240000 3568 992.371 5170573.648 1951.83 8.3474 0 0 0 0.0034654 -255.2986889 37.5712013 0.0334875 0.0301971 
3250000 3578 993.767 5192304.716 1989.648 8.3528 0 0 0 0.003294 -255.0584487 49.8634426 0.0335982 0.0295491 
3260000 3588 994.907 5213298.043 2013.461 8.3571 0 0 0 0.0040608 -254.6663066 98.1720903 0.0332635 0.0322586 
3270000 3598 995.839 5234976.184 2042.114 8.3777 0 0 0 0.0033437 -255.3665371 39.1267846 0.0332576 0.0287293 
3280000 3608 996.6 5256836.765 2070.551 8.407 0 0 0 0.0032565 -254.9051393 40.9618121 0.0326799 0.0289108 
3290000 3618 997.222 5277840.599 2075.153 8.4252 0 0 0 0.0035504 -255.0996575 95.2465128 0.0334056 0.0289447 
3300000 3628 997.73 5298266.029 2069.885 8.4376 0 0 0 0.0039413 -254.1944922 81.5944409 0.0332219 0.0301252 
3310000 3638 998.145 5319690.036 2085.492 8.4431 0 0 0 0.0032711 -254.3017691 25.4206503 0.0333948 0.0299169 
3320000 3648 998.485 5339396.542 2060.402 8.4374 0 0 0 0.0032909 -252.4431137 33.0843499 0.0340201 0.0303896 
3330000 3658 998.762 5359688.665 2058.614 8.4475 0 0 0 0.0033344 -251.9081453 55.6809044 0.0336255 0.0292409 
3340000 3668 998.988 5380873.866 2068.591 8.4465 0 0 0 0.0031886 -252.1238791 62.4445093 0.0338921 0.0273279 
3350000 3678 999.173 5402119.153 2084.986 8.4408 0 0 0 0.0034528 -252.1993563 64.0811123 0.0331486 0.0284741 
3360000 3688 999.325 5422509.812 2072.501 8.45 0 0 0 0.003438 -253.4256903 53.8466035 0.0331419 0.0299846 
3370000 3698 999.448 5443458.651 2076.744 8.4533 0 0 0 0.0030286 -253.5819669 35.2277722 0.034047 0.0280257 
3380000 3708 999.549 5465429.807 2097.312 8.4508 0 0 0 0.0033729 -255.1325222 74.4627485 0.0336399 0.0280588 
3390000 3718 999.632 5484474.732 2059.465 8.4576 0 0 0 0.0033272 -254.5707984 27.7932417 0.0345592 0.0290625 
3400000 3728 999.699 5505346.725 2070.064 8.4579 0 0 0 0.0031612 -256.5167278 29.6053623 0.0344827 0.0293747 
3410000 3738 999.754 5522583.1 2007.646 8.4587 0 0 0 0.003105 -255.8399779 39.9781431 0.0342888 0.0280956 
3420000 3748 999.799 5544219.874 2033.186 8.462 0 0 0 0.003632 -255.7784446 85.5886476 0.0338698 0.0300019 
3430000 3758 999.836 5567219.097 2088.615 8.4585 0 0 0 0.0031963 -257.1222918 52.2418135 0.0343107 0.0272991 
3440000 3768 999.866 5589051.526 2100.752 8.458 0 0 0 0.0031451 -257.7826494 36.8818967 0.0352113 0.0290208 
3450000 3778 999.89 5611732.082 2132.19 8.468 0 0 0 0.0034063 -257.6023078 69.5823101 0.034836 0.0291581 
3460000 3788 999.91 5634034.801 2150.055 8.466 0 0 0 0.0030547 -258.5838169 31.9823088 0.0344484 0.0282677 
3470000 3798 999.927 5656538.396 2170.598 8.4705 0 0 0 0.0034451 -258.9944332 72.7070256 0.0348931 0.0291919 
3480000 3808 999.94 5672237.315 2070.727 8.463 0 0 0 0.0029829 -258.2591912 48.3502744 0.0335353 0.0266309 
3490000 3818 999.951 5693356.182 2062.966 8.4647 0 0 0 0.0033173 -258.9714024 71.305282 0.0336988 0.0281051 
3500000 3828 999.96 5715144.192 2085.286 8.4606 0 0 0 0.0032423 -259.5842893 54.3508044 0.0327544 0.0286965 
3510000 3839 986.628 5735423.972 2054.823 8.3583 0 0 0 0.0034378 -259.7062561 76.7644377 0.034249 0.0288299 
3520000 3849 989.074 5757739.217 2082.399 8.3712 0 0 0 0.0031044 -260.3383449 49.8033894 0.0339602 0.0278212 
3530000 3859 991.073 5776036.044 2035.068 8.3866 0 0 0 0.0029059 -261.0408312 35.1092046 0.0332711 0.0269716 
3540000 3869 992.706 5793883.298 1988.259 8.3975 0 0 0 0.0031842 -260.6298711 67.9881908 0.0328078 0.0279772 
3550000 3879 994.04 5813127.636 1974.818 8.4106 0 0 0 0.0032728 -260.5949276 70.1042017 0.0335948 0.0272695 
3560000 3889 995.13 5831794.729 1954.865 8.4254 0 0 0 0.0031487 -260.160529 64.3276565 0.0329686 0.0271137 
3570000 3899 996.021 5849102.63 1917.853 8.4195 0 0 0 0.0031343 -260.1057262 66.3996848 0.0327233 0.0270519 
3580000 3909 996.749 5868474.747 1920.798 8.43 0 0 0 0.0036957 -259.5109537 87.5063878 0.0325249 0.0285149 
3590000 3919 997.344 5887594.91 1919.97 8.4336 0 0 0 0.0032505 -259.2479751 78.8594581 0.032614 0.0271037 
3600000 3929 997.83 5907474.137 1929.507 8.4258 0 0 0 0.0035414 -259.053645 97.9756118 0.0315533 0.0286845 
3610000 3939 998.227 5928793.409 1966.682 8.4316 0 0 0 0.0034577 -259.8120755 69.5839223 0.0323934 0.0285362 
3620000 3949 998.551 5949664.989 1985.599 8.4451 0 0 0 0.0032162 -260.2170515 45.6371696 0.0319701 0.0286816 
3630000 3959 998.816 5970339.137 2002.93 8.4497 0 0 0 0.0036269 -258.5815932 101.3429204 0.0328966 0.0286897 
3640000 3969 999.033 5990949.466 2012.887 8.4614 0 0 0 0.003126 -258.9550715 37.8278888 0.0333118 0.0286321 
3650000 3979 999.21 6010586.96 2003.513 8.4647 0 0 0 0.0030132 -258.198738 40.0948154 0.033544 0.0275396 
3660000 3989 999.354 6032323.287 2032.274 8.4611 0 0 0 0.0028883 -258.1026991 20.6127195 0.0330781 0.0271496 
3670000 3999 999.472 6051701.483 2018.271 8.4587 0 0 0 0.0028964 -257.6944605 21.6998281 0.0338215 0.0271337 
3680000 4010 985.884 6070702.499 1968.367 8.3323 0 0 0 0.0039303 -257.4728976 90.8807312 0.0335345 0.0300868 
3690000 4020 988.466 6091319.902 1983.621 8.3551 0 0 0 0.0035066 -257.6673694 91.6971583 0.0330297 0.0290248 
3700000 4030 990.576 6113373.823 2023.71 8.3649 0 0 0 0.0035469 -257.5781476 84.0648905 0.0327379 0.0287912 
3710000 4040 992.3 6131681.724 1990.105 8.3795 0 0 0 0.0033052 -257.6269849 57.3232023 0.0334845 0.0283332 
3720000 4050 993.708 6154407.259 2041.219 8.4003 0 0 0 0.003778 -258.4975642 57.8135034 0.0326306 0.0298836 
3730000 4060 994.859 6176849.33 2077.831 8.4388 0 0 0 0.0036581 -258.4770292 86.9636101 0.0328748 0.0292977 
3740000 4070 995.8 6199348.672 2109.752 8.4401 0 0 0 0.0036857 -259.1932769 93.0343095 0.0339215 0.0283741 
3750000 4080 996.568 6222392.548 2145.32 8.4448 0 0 0 0.0038119 -259.9971101 93.2591416 0.0332762 0.0299789 
3760000 4090 997.196 6245237.574 2170.316 8.4433 0 0 0 0.003607 -261.0292872 61.1918241 0.0333922 0.0292631 
3770000 4100 997.709 6268266.939 2194.527 8.4563 0 0 0 0.0036098 -261.8529665 81.8319182 0.0329276 0.0296419 
3780000 4110 998.128 6291484.802 2218.521 8.4689 0 0 0 0.003039 -263.0063086 41.8105061 0.0336817 0.0272391 
3790000 4120 998.47 6310132.536 2153.842 8.4832 0 0 0 0.0033059 -262.7794832 44.2080658 0.0334696 0.0281571 
3800000 4130 998.75 6330247.128 2125.849 8.4913 0 0 0 0.0034894 -263.1863214 77.5515848 0.0340824 0.0286992 
3810000 4140 998.979 6351177.072 2118.558 8.4928 0 0 0 0.00324 -263.4335966 37.0644184 0.0334318 0.0293404 
3820000 4150 999.166 6371677.415 2106.277 8.5024 0 0 0 0.0031938 -263.6164047 49.0535172 0.0341205 0.0287661 
3830000 4160 999.318 6393656.518 2122.167 8.5104 0 0 0 0.0032253 -263.814828 38.1874732 0.0344941 0.0287306 
3840000 4170 999.443 6412812.447 2085.7 8.5035 0 0 0 0.0031331 -262.7209574 49.2367646 0.0336982 0.0271454 
3850000 4180 983.967 6433201.096 2042.927 8.3485 0 0 0 0.0032781 -263.8589271 37.6675145 0.0336753 0.0296745 
3860000 4191 971.323 6453108.06 2004.445 8.2361 0 0 0 0.0043556 -262.2811194 188.4967346 0.0330552 0.0308986 
3870000 4201 976.569 6466728.613 1880.664 8.2965 0 0 0 0.0040416 -262.09229 83.2417868 0.0329767 0.0302843 
3880000 4211 980.855 6487064.721 1932.055 8.3271 0 0 0 0.0033862 -262.2393275 61.1171067 0.0330995 0.0290365 
3890000 4221 984.357 6507543.52 1932.388 8.3437 0 0 0 0.0036543 -262.0220726 93.6726005 0.0331199 0.0288211 
3900000 4231 987.219 6525946.338 1911.197 8.3766 0 0 0 0.0037534 -261.2433027 91.8283982 0.0327428 0.0283531 
3910000 4241 989.557 6546636.651 1942.892 8.4047 0 0 0 0.0033328 -262.9731294 51.3634199 0.0331438 0.029255 
3920000 4251 991.467 6568686.185 1992.078 8.4312 0 0 0 0.0035449 -262.6161897 59.9053658 0.0329075 0.0294844 
3930000 4261 993.028 6591644.408 2046.12 8.4404 0 0 0 0.003682 -262.9226228 59.1883949 0.0335426 0.0290535 
3940000 4271 994.303 6613131.133 2070.844 8.4395 0 0 0 0.0030555 -263.1635883 32.7490988 0.0326278 0.0279251 
3950000 4281 995.345 6627703.084 1963.635 8.4441 0 0 0 0.0037976 -260.5901375 128.8608241 0.0323845 0.0291749 
3960000 4292 983.34 6645604.415 1897.576 8.3386 0 0 0 0.0033577 -260.2146672 67.490792 0.0325939 0.0286886 
3970000 4302 986.387 6667248.212 1950.941 8.3729 0 0 0 0.0031309 -258.9468034 46.5841554 0.0316731 0.027342 
3980000 4312 988.877 6690891.204 2023.068 8.3954 0 0 0 0.0032712 -259.4050148 68.384053 0.0326918 0.0278989 
3990000 4322 990.912 6713721.05 2070.932 8.4027 0 0 0 0.0036978 -259.9551176 74.3286657 0.0321323 0.0287441 
4000000 4332 992.574 6735928.776 2097.082 8.4188 0 0 0 0.0035527 -260.0677896 66.2296987 0.0319273 0.0274886 
