10000 10 182.927 4346.508 79.401 0.3203 0 0 0 
20000 20 332.392 9134.776 152.755 0.5754 0 0 0 
30000 38 401.727 12172.18 158.794 1.0708 0 0 0 
40000 48 511.167 17041.189 218.429 1.5995 0 0 0 
50000 111 242.854 21820.201 108.292 0.8578 0 0 0 
60000 243 151.834 26227.108 72.477 0.5827 0 0 0 
70000 255 303.654 30480.96 135.051 1.2327 0 0 0 
80000 266 416.24 34584.1 179.887 1.674 0 0 0 
90000 299 365.622 38068.764 148.242 1.45 0 0 0 
100000 314 444.757 42101.59 177.756 1.7662 0 0 0 
110000 325 538.554 47159.954 234.387 2.1174 0 0 0 
120000 335 622.965 52368.804 285.166 2.4552 0 0 0 
130000 348 660.343 57102.698 305.888 2.6219 0 0 0 
140000 358 714.237 61509.244 325.607 2.833 0 0 0 
150000 368 766.511 67456.394 374.098 3.0152 0 0 0 
160000 378 809.222 73787.568 421.019 3.1978 0 0 0 
170000 388 844.121 79458.078 447.791 3.3548 0 0 0 
180000 398 872.635 84641.066 466.021 3.4496 0 0 0 
190000 409 889.326 89379.068 460.828 3.5035 0 0 0 
200000 420 886.844 93790.852 443.273 3.4894 0 0 0 
210000 430 906.377 98901.016 457.627 3.5521 0 0 0 
220000 440 923.503 104696.568 479.446 3.6329 0 0 0 
230000 451 925.268 110311.893 486.926 3.6704 0 0 0 
240000 461 938.939 116128.73 504.486 3.7125 0 0 0 
250000 471 950.109 122107.309 520.861 3.7713 0 0 0 
260000 481 959.235 128121.332 536.21 3.8138 0 0 0 
270000 492 956.524 134402.826 548.027 3.7844 0 0 0 
280000 502 948.797 139426.356 532.47 3.7653 0 0 0 
290000 512 958.163 145036.075 533.507 3.8034 0 0 0 
300000 524 940.065 150865.625 529.952 3.722 0 0 0 
310000 534 941.024 156201.248 525.574 3.7476 0 0 0 
320000 546 928.008 161076.719 506.436 3.6896 0 0 0 
330000 557 929.054 165713.586 491.129 3.6952 0 0 0 
340000 567 942.032 170853.309 495.876 3.7659 0 0 0 
350000 577 952.636 175808.43 495.687 3.8104 0 0 0 
360000 587 961.3 181539.306 509.16 3.837 0 0 0 
370000 597 968.38 187281.18 521.265 3.8747 0 0 0 
380000 607 974.164 192835.569 527.207 3.9001 0 0 0 
390000 617 978.89 198187.521 528.484 3.9085 0 0 0 
400000 627 982.752 203860.291 535.446 3.9204 0 0 0 
410000 637 985.907 209532.74 540.789 3.9222 0 0 0 
420000 647 988.485 214638.107 534.43 3.9282 0 0 0 
430000 657 990.591 219932.318 533.852 4.0018 0 0 0 
440000 667 992.312 224823.572 526.743 4.0307 0 0 0 
450000 677 993.719 230887.957 541.215 4.0132 0 0 0 
460000 687 994.868 236380.167 542.52 4.0057 0 0 0 
470000 697 993.671 242051.48 546.379 4.0065 0 0 0 
480000 707 983.295 247393.154 540.291 3.9646 0 0 0 
490000 719 952.639 250948.073 490.633 3.833 0 0 0 
500000 729 961.302 255168.575 473.578 3.8551 0 0 0 
510000 742 927.065 259110.564 440.459 3.7183 0 0 0 
520000 752 932.026 262411.388 418.957 3.7389 0 0 0 
530000 762 944.461 265892.826 404.063 3.7942 0 0 0 
540000 772 947.865 270856.822 416.567 3.806 0 0 0 
550000 782 957.402 275836.924 433.464 3.8429 0 0 0 
560000 793 950.041 281175.66 443.456 3.8151 0 0 0 
570000 803 959.18 287210.92 473.22 3.8472 0 0 0 
580000 813 966.647 291955.54 477.087 3.8926 0 0 0 
590000 823 972.748 297343.261 481.4 3.9251 0 0 0 
600000 833 977.733 303684.061 509.76 3.9535 0 0 0 
610000 843 981.806 310225.454 535.889 3.985 0 0 0 
620000 854 970.833 315983.867 537.869 3.9421 0 0 0 
630000 864 976.169 322262.874 556.708 3.955 0 0 0 
640000 874 980.528 327977.931 558.13 3.9619 0 0 0 
650000 884 984.09 333776.928 562.437 3.9786 0 0 0 
660000 894 987.0 339340.996 560.162 3.976 0 0 0 
670000 904 989.378 345105.416 564.187 3.9808 0 0 0 
680000 914 991.321 351690.909 578.335 3.9756 0 0 0 
690000 924 992.909 357320.786 576.548 3.977 0 0 0 
700000 934 994.206 362901.529 573.867 3.9694 0 0 0 
710000 944 995.266 368937.049 578.595 3.9831 0 0 0 
720000 954 996.132 374983.397 583.35 3.999 0 0 0 
730000 964 996.839 380245.199 573.56 4.0166 0 0 0 
740000 974 997.418 387047.698 591.952 4.0526 0 0 0 
750000 984 997.89 393546.511 602.316 4.0346 0 0 0 
760000 994 998.276 399954.983 610.791 4.022 0 0 0 
770000 1004 998.591 405246.911 596.142 4.0162 0 0 0 
780000 1014 998.849 411547.161 600.599 4.0083 0 0 0 
790000 1024 999.06 418180.373 611.763 3.993 0 0 0 
800000 1035 990.93 424414.334 610.269 3.9768 0 0 0 
810000 1045 992.589 430524.668 610.716 3.9943 0 0 0 
820000 1055 979.722 436294.211 595.157 3.9358 0 0 0 
830000 1065 983.431 441699.004 587.3 3.9722 0 0 0 
840000 1075 986.462 448003.39 596.274 4.0248 0 0 0 
850000 1085 988.939 454112.803 597.785 4.0175 0 0 0 
860000 1095 990.962 460268.221 599.189 4.0194 0 0 0 
870000 1105 992.615 466863.53 609.926 4.0248 0 0 0 
880000 1115 993.966 473281.376 615.453 4.031 0 0 0 
890000 1126 987.069 480082.055 622.845 3.985 0 0 0 
900000 1136 989.434 486930.663 633.73 4.0172 0 0 0 
910000 1146 991.367 493871.122 645.241 4.011 0 0 0 
920000 1156 979.873 500391.474 637.552 3.947 0 0 0 
930000 1166 983.555 506284.578 630.035 3.9806 0 0 0 
940000 1176 986.563 513343.369 641.42 3.9829 0 0 0 
950000 1186 989.021 519901.993 651.174 4.0122 0 0 0 
960000 1196 991.029 526888.616 654.984 4.015 0 0 0 
970000 1206 992.67 533836.537 661.721 4.0172 0 0 0 
980000 1216 994.011 540511.585 663.621 4.0453 0 0 0 
990000 1226 995.107 547701.967 671.162 4.0362 0 0 0 
1000000 1236 996.002 554682.278 677.185 4.0525 0 0 0 
1010000 1247 985.619 560630.482 655.794 4.0149 0 0 0 
1020000 1257 988.25 567406.582 658.325 4.0323 0 0 0 
1030000 1267 990.399 574249.421 663.039 4.0394 0 0 0 
1040000 1277 992.156 580909.766 662.121 4.0326 0 0 0 
1050000 1287 993.591 587755.964 666.367 4.0234 0 0 0 
1060000 1297 994.763 594553.337 669.459 4.0387 0 0 0 
1070000 1307 995.721 601853.108 680.066 4.0217 0 0 0 
1080000 1317 996.504 608715.393 683.457 4.0064 0 0 0 
1090000 1327 997.143 615861.215 687.561 4.0298 0 0 0 
1100000 1337 993.204 624417.803 719.951 4.0051 0 0 0 
1110000 1347 994.447 632301.48 728.434 4.0177 0 0 0 
1120000 1357 995.463 640692.715 747.681 4.0017 0 0 0 
1130000 1367 996.293 649545.179 771.494 3.9994 0 0 0 
1140000 1377 996.971 656194.035 753.321 3.9958 0 0 0 
1150000 1387 997.525 665280.135 780.705 3.9838 0 0 0 
1160000 1397 997.978 673313.822 786.948 3.9887 0 0 0 
1170000 1407 998.348 681240.865 788.165 3.9904 0 0 0 
1180000 1417 998.65 689228.366 792.446 3.9834 0 0 0 
1190000 1427 998.897 698109.44 806.635 3.981 0 0 0 
1200000 1437 999.099 707327.164 824.101 3.9891 0 0 0 
1210000 1447 999.264 717043.022 850.747 3.9777 0 0 0 
1220000 1457 999.398 726313.212 865.446 3.9828 0 0 0 
1230000 1467 999.508 733647.267 843.903 3.9772 0 0 0 
1240000 1477 999.598 742690.404 857.321 3.9947 0 0 0 
1250000 1487 999.672 750047.848 833.826 4.0018 0 0 0 
1260000 1497 999.732 757193.854 811.782 4.0142 0 0 0 
1270000 1507 999.781 764309.507 792.758 4.0531 0 0 0 
1280000 1517 999.821 772547.112 796.914 4.0333 0 0 0 
1290000 1527 999.854 780965.636 802.082 4.0288 0 0 0 
1300000 1537 999.88 788165.203 789.15 4.0323 0 0 0 
1310000 1547 999.902 797054.061 811.971 4.0336 0 0 0 
1320000 1557 995.77 803815.231 787.232 4.0158 0 0 0 
1330000 1567 996.543 811173.827 775.93 4.0115 0 0 0 
1340000 1577 997.176 818759.614 774.292 4.0172 0 0 0 
1350000 1587 997.692 827439.899 783.996 4.0094 0 0 0 
1360000 1597 998.114 835118.384 786.97 4.0016 0 0 0 
1370000 1608 987.384 842013.047 756.719 4.0031 0 0 0 
1380000 1619 972.171 850645.259 765.036 3.9266 0 0 0 
1390000 1629 977.262 859707.531 789.23 3.9336 0 0 0 
1400000 1639 981.421 868678.412 808.382 3.9481 0 0 0 
1410000 1649 984.82 877595.45 820.922 3.9606 0 0 0 
1420000 1659 987.597 888903.448 879.043 3.9653 0 0 0 
1430000 1669 989.866 898606.333 896.918 3.9952 0 0 0 
1440000 1679 991.72 907334.905 892.428 3.9871 0 0 0 
1450000 1689 985.786 918135.226 921.833 3.9513 0 0 0 
1460000 1699 988.386 927996.401 932.165 3.9656 0 0 0 
1470000 1711 960.338 936971.914 894.572 3.8592 0 0 0 
1480000 1722 957.407 945618.725 882.26 3.8474 0 0 0 
1490000 1732 953.56 953914.377 859.117 3.8376 0 0 0 
1500000 1742 957.555 962012.868 851.811 3.8449 0 0 0 
1510000 1752 965.319 972933.729 890.03 3.8627 0 0 0 
1520000 1762 971.663 983432.805 926.154 3.8917 0 0 0 
1530000 1773 965.55 992577.246 910.629 3.8665 0 0 0 
1540000 1783 971.852 1003291.8 939.412 3.9036 0 0 0 
1550000 1793 977.001 1013356.805 948.998 3.9225 0 0 0 
1560000 1803 976.887 1023655.379 964.661 3.9183 0 0 0 
1570000 1814 971.292 1033281.162 951.087 3.8914 0 0 0 
1580000 1824 976.543 1042034.797 938.187 4.0431 0 0 0 
1590000 1834 980.834 1052579.988 959.099 4.2917 0 0 0 
1600000 1844 984.34 1062893.657 972.763 4.2746 0 0 0 
1610000 1854 987.205 1070899.575 939.593 4.2174 0 0 0 
1620000 1864 989.545 1081454.926 963.984 4.1844 0 0 0 
1630000 1874 991.458 1093349.993 1002.18 4.1782 0 0 0 
1640000 1884 993.02 1106438.957 1061.506 4.1506 0 0 0 
1650000 1894 994.297 1116390.684 1049.113 4.1362 0 0 0 
1660000 1904 995.34 1128540.958 1077.887 4.1026 0 0 0 
1670000 1914 996.193 1142263.205 1132.872 4.0801 0 0 0 
1680000 1925 979.605 1153353.496 1108.338 4.017 0 0 0 
1690000 1935 983.336 1164810.708 1117.607 4.0432 0 0 0 
1700000 1945 986.384 1176887.834 1132.318 4.0556 0 0 0 
1710000 1955 988.875 1190224.509 1169.919 4.0634 0 0 0 
1720000 1965 990.91 1203698.799 1201.207 4.0632 0 0 0 
1730000 1975 992.573 1216989.636 1224.394 4.0512 0 0 0 
1740000 1985 993.931 1230334.842 1243.695 4.0341 0 0 0 
1750000 1995 995.041 1244191.53 1270.225 4.0432 0 0 0 
1760000 2005 995.949 1257902.476 1288.794 4.0404 0 0 0 
1770000 2015 996.69 1271498.694 1300.933 4.0287 0 0 0 
1780000 2025 997.295 1285922.083 1328.861 4.0115 0 0 0 
1790000 2035 993.315 1298760.935 1312.865 3.9823 0 0 0 
1800000 2045 994.538 1312757.212 1327.773 3.9759 0 0 0 
1810000 2055 995.537 1326879.26 1344.009 4.0086 0 0 0 
1820000 2065 996.353 1339805.716 1336.743 4.006 0 0 0 
1830000 2075 997.02 1354034.648 1346.963 4.0357 0 0 0 
1840000 2085 997.566 1369724.457 1389.831 4.0298 0 0 0 
1850000 2095 998.011 1382763.324 1370.437 4.0372 0 0 0 
1860000 2105 998.375 1398857.964 1418.375 4.0297 0 0 0 
1870000 2115 998.672 1412572.76 1407.858 4.027 0 0 0 
1880000 2125 998.915 1424226.441 1366.87 4.0219 0 0 0 
1890000 2135 999.113 1436099.706 1328.011 4.0196 0 0 0 
1900000 2145 999.276 1448052.744 1308.468 4.0152 0 0 0 
1910000 2155 999.408 1462790.159 1335.369 4.0154 0 0 0 
1920000 2165 999.516 1477595.662 1363.914 4.0316 0 0 0 
1930000 2175 999.605 1492353.807 1386.497 4.0256 0 0 0 
1940000 2185 999.677 1508849.187 1431.876 4.027 0 0 0 
1950000 2195 999.736 1523353.537 1437.037 4.0382 0 0 0 
1960000 2205 999.784 1538576.918 1453.425 4.027 0 0 0 
1970000 2215 999.824 1554176.444 1468.32 4.0296 0 0 0 
1980000 2225 999.856 1571013.757 1506.162 4.0373 0 0 0 
1990000 2235 999.882 1587524.953 1537.301 4.0688 0 0 0 
2000000 2245 999.904 1600051.963 1481.03 4.0722 0 0 0 
2010000 2255 999.922 1612191.77 1434.978 4.0767 0 0 0 
2020000 2265 999.936 1625770.252 1421.286 4.0738 0 0 0 
2030000 2276 973.006 1639303.008 1387.198 3.961 0 0 0 
2040000 2286 977.944 1654826.201 1398.606 3.9748 0 0 0 
2050000 2296 981.979 1668275.401 1395.499 3.9803 0 0 0 
2060000 2306 985.275 1683127.258 1406.068 3.989 0 0 0 
2070000 2316 987.969 1699987.369 1455.928 4.003 0 0 0 
2080000 2326 990.17 1715809.14 1481.652 4.0183 0 0 0 
2090000 2336 991.968 1730909.721 1505.586 4.0192 0 0 0 
2100000 2346 993.437 1745638.109 1499.574 4.0259 0 0 0 
2110000 2356 994.638 1762050.061 1509.053 4.0388 0 0 0 
2120000 2366 995.619 1776191.412 1493.75 4.0423 0 0 0 
2130000 2376 996.42 1791334.917 1498.728 4.0435 0 0 0 
2140000 2386 997.075 1808329.906 1528.286 4.078 0 0 0 
2150000 2396 997.61 1824103.726 1537.75 4.0839 0 0 0 
2160000 2406 998.047 1840316.154 1555.646 4.0993 0 0 0 
2170000 2416 998.404 1854631.24 1542.624 4.0818 0 0 0 
2180000 2426 998.696 1869162.068 1511.715 4.0726 0 0 0 
2190000 2436 998.935 1883900.22 1510.053 4.0741 0 0 0 
2200000 2446 999.13 1901376.17 1549.187 4.0795 0 0 0 
2210000 2456 999.289 1917053.407 1553.414 4.0944 0 0 0 
2220000 2466 999.419 1933241.345 1567.851 4.0965 0 0 0 
2230000 2476 999.525 1947011.171 1535.142 4.0822 0 0 0 
2240000 2486 999.612 1960712.611 1504.94 4.0724 0 0 0 
2250000 2496 999.683 1974803.769 1479.181 4.091 0 0 0 
2260000 2506 999.741 1988702.483 1465.685 4.0847 0 0 0 
2270000 2516 999.788 2004301.701 1481.178 4.0732 0 0 0 
2280000 2526 999.827 2018769.15 1473.484 4.0943 0 0 0 
2290000 2536 999.859 2036768.017 1525.76 4.1037 0 0 0 
2300000 2546 999.885 2053701.881 1558.952 4.0989 0 0 0 
2310000 2556 999.906 2070604.487 1576.778 4.1078 0 0 0 
2320000 2566 999.923 2088893.065 1622.11 4.1144 0 0 0 
2330000 2576 999.937 2108395.271 1683.16 4.0962 0 0 0 
2340000 2586 999.949 2126086.723 1700.39 4.0828 0 0 0 
2350000 2596 999.958 2141146.828 1665.21 4.0867 0 0 0 
2360000 2606 999.966 2159133.752 1687.932 4.106 0 0 0 
2370000 2616 999.972 2177647.986 1718.358 4.1057 0 0 0 
2380000 2626 999.977 2196252.889 1739.652 4.1091 0 0 0 
2390000 2636 999.981 2215210.683 1772.09 4.1095 0 0 0 
2400000 2646 999.985 2233953.972 1788.264 4.0989 0 0 0 
2410000 2656 999.987 2253753.892 1826.389 4.0936 0 0 0 
2420000 2666 999.99 2272263.424 1828.124 4.0849 0 0 0 
2430000 2676 999.992 2291388.706 1848.612 4.0873 0 0 0 
2440000 2686 999.993 2309896.112 1852.71 4.0791 0 0 0 
2450000 2696 999.994 2326987.522 1820.439 4.0708 0 0 0 
2460000 2706 999.995 2342290.362 1783.366 4.0792 0 0 0 
2470000 2716 999.996 2361172.46 1790.316 4.0807 0 0 0 
2480000 2726 999.997 2379577.355 1800.5 4.0899 0 0 0 
2490000 2736 999.998 2398028.94 1809.58 4.0804 0 0 0 
2500000 2746 999.998 2416540.882 1815.111 4.0805 0 0 0 
2510000 2756 999.998 2435258.957 1824.025 4.0762 0 0 0 
2520000 2766 999.999 2451962.751 1802.541 4.0858 0 0 0 
2530000 2776 999.999 2469855.569 1796.459 4.1012 0 0 0 
2540000 2786 999.999 2488063.166 1801.742 4.1131 0 0 0 
2550000 2796 999.999 2506245.87 1805.086 4.1119 0 0 0 
2560000 2807 997.794 2522553.383 1767.005 4.112 0 0 0 
2570000 2817 998.197 2539721.23 1757.657 4.1439 0 0 0 
2580000 2827 998.527 2557379.6 1759.19 4.1348 0 0 0 
2590000 2837 998.797 2573904.427 1741.162 4.1421 0 0 0 
2600000 2847 999.017 2591894.736 1752.003 4.1583 0 0 0 
2610000 2857 984.18 2607031.031 1683.821 4.0869 0 0 0 
2620000 2867 987.074 2621998.625 1646.51 4.0882 0 0 0 
2630000 2877 989.439 2638582.915 1653.538 4.0873 0 0 0 
2640000 2887 991.371 2656703.009 1679.039 4.0921 0 0 0 
2650000 2897 992.949 2671487.848 1638.661 4.097 0 0 0 
2660000 2907 994.239 2685917.56 1625.297 4.1126 0 0 0 
2670000 2917 995.293 2699313.615 1554.157 4.1366 0 0 0 
2680000 2928 993.561 2714176.935 1546.568 4.1298 0 0 0 
2690000 2938 994.739 2729327.919 1542.08 4.1263 0 0 0 
2700000 2948 995.701 2739091.393 1441.254 4.1295 0 0 0 
2710000 2958 996.488 2753034.82 1431.184 4.1456 0 0 0 
2720000 2968 997.13 2768321.217 1448.702 4.1934 0 0 0 
2730000 2978 997.655 2785445.324 1496.85 4.1782 0 0 0 
2740000 2988 998.084 2801879.617 1524.679 4.1546 0 0 0 
2750000 2998 998.435 2818529.71 1547.55 4.1705 0 0 0 
2760000 3008 998.721 2830466.013 1482.806 4.1959 0 0 0 
2770000 3018 998.955 2847043.864 1512.562 4.197 0 0 0 
2780000 3028 999.146 2862345.953 1513.355 4.188 0 0 0 
2790000 3038 999.302 2875642.117 1479.039 4.1668 0 0 0 
2800000 3048 999.43 2891328.838 1493.305 4.153 0 0 0 
2810000 3058 999.534 2907944.397 1519.863 4.1516 0 0 0 
2820000 3068 999.619 2925016.605 1555.396 4.1574 0 0 0 
2830000 3078 999.689 2941173.831 1567.707 4.1366 0 0 0 
2840000 3088 985.466 2952744.004 1457.915 4.0784 0 0 0 
2850000 3098 988.125 2969460.338 1516.5 4.0658 0 0 0 
2860000 3108 990.297 2985840.499 1532.818 4.0663 0 0 0 
2870000 3118 992.072 3001912.255 1539.842 4.1094 0 0 0 
2880000 3128 993.522 3020900.655 1608.505 4.1006 0 0 0 
2890000 3138 994.707 3032360.323 1525.479 4.1121 0 0 0 
2900000 3148 995.675 3049515.486 1552.665 4.1103 0 0 0 
2910000 3158 996.466 3068168.418 1635.837 4.1122 0 0 0 
2920000 3168 997.113 3084086.119 1609.596 4.1202 0 0 0 
2930000 3178 997.641 3104152.76 1676.502 4.1244 0 0 0 
2940000 3188 998.073 3124138.289 1744.057 4.1038 0 0 0 
2950000 3198 998.425 3144253.102 1785.756 4.0955 0 0 0 
2960000 3208 998.713 3162651.044 1796.404 4.0964 0 0 0 
2970000 3218 998.949 3184517.916 1867.165 4.0901 0 0 0 
2980000 3228 999.141 3202560.715 1856.073 4.0997 0 0 0 
2990000 3238 999.298 3222649.498 1880.85 4.0935 0 0 0 
3000000 3248 999.426 3241826.309 1889.079 4.1223 0 0 0 
3010000 3258 999.531 3260493.819 1896.129 4.1313 0 0 0 
3020000 3268 999.617 3278491.236 1866.318 4.1318 0 0 0 
3030000 3278 999.687 3296987.785 1864.553 4.1107 0 0 0 
3040000 3288 999.744 3317729.079 1902.031 4.0919 0 0 0 
3050000 3298 999.791 3336266.578 1887.387 4.0904 0 0 0 
3060000 3308 999.829 3355398.992 1895.204 4.0805 0 0 0 
3070000 3318 999.861 3375071.44 1908.648 4.0766 0 0 0 
3080000 3328 999.886 3394630.01 1936.247 4.0766 0 0 0 
3090000 3338 999.907 3413721.921 1914.04 4.0934 0 0 0 
3100000 3348 999.924 3429920.042 1876.449 4.0792 0 0 0 
3110000 3358 999.938 3447584.401 1844.289 4.0675 0 0 0 
3120000 3368 999.949 3467185.03 1867.712 4.0805 0 0 0 
3130000 3378 999.959 3487439.083 1895.313 4.0743 0 0 0 
3140000 3388 999.966 3507719.951 1919.609 4.0975 0 0 0 
3150000 3398 999.972 3528784.422 1948.687 4.1291 0 0 0 
3160000 3408 999.977 3548028.054 1946.953 4.1092 0 0 0 
3170000 3418 999.982 3568829.711 1970.773 4.1205 0 0 0 
3180000 3428 999.985 3587996.912 1962.483 4.138 0 0 0 
3190000 3438 999.988 3605303.76 1923.079 4.1396 0 0 0 
3200000 3448 999.99 3621543.897 1863.387 4.1505 0 0 0 
3210000 3458 999.992 3639173.58 1844.92 4.1457 0 0 0 
3220000 3468 999.993 3657308.835 1851.654 4.1301 0 0 0 
3230000 3478 999.994 3677912.156 1876.663 4.1475 0 0 0 
3240000 3488 999.996 3695268.154 1880.408 4.1272 0 0 0 
3250000 3498 999.996 3712637.043 1832.714 4.1156 0 0 0 
3260000 3508 999.997 3732099.958 1850.955 4.12 0 0 0 
3270000 3518 999.998 3749561.339 1834.014 4.1252 0 0 0 
3280000 3528 999.998 3768265.418 1839.015 4.1149 0 0 0 
3290000 3538 999.998 3788163.74 1868.001 4.1022 0 0 0 
3300000 3548 999.999 3807852.694 1884.879 4.1271 0 0 0 
3310000 3558 999.999 3827752.864 1901.545 4.139 0 0 0 
3320000 3568 999.999 3848257.181 1931.623 4.1225 0 0 0 
3330000 3578 999.999 3867925.756 1938.055 4.1283 0 0 0 
3340000 3588 999.999 3887620.126 1946.516 4.1679 0 0 0 
3350000 3598 1000.0 3908440.412 1965.353 4.1827 0 0 0 
3360000 3608 1000.0 3923627.725 1886.667 4.2101 0 0 0 
3370000 3618 1000.0 3943657.328 1905.661 4.195 0 0 0 
3380000 3628 1000.0 3961169.579 1903.961 4.2023 0 0 0 
3390000 3638 1000.0 3980808.233 1894.123 4.1875 0 0 0 
3400000 3648 1000.0 4002045.825 1935.072 4.1703 0 0 0 
3410000 3658 1000.0 4022949.106 1962.045 4.1995 0 0 0 
3420000 3668 1000.0 4041622.345 1943.06 4.177 0 0 0 
3430000 3678 1000.0 4058362.868 1899.11 4.1608 0 0 0 
3440000 3688 1000.0 4072668.838 1811.202 4.2046 0 0 0 
3450000 3699 989.114 4084445.255 1677.924 4.1481 0 0 0 
3460000 3709 991.105 4102553.627 1706.049 4.1289 0 0 0 
3470000 3719 992.732 4122227.03 1749.956 4.1161 0 0 0 
3480000 3729 994.062 4139889.781 1754.468 4.1199 0 0 0 
3490000 3739 995.148 4160239.06 1805.002 4.1085 0 0 0 
3500000 3749 996.036 4180540.815 1843.863 4.095 0 0 0 
3510000 3759 996.761 4200458.67 1872.086 4.0924 0 0 0 
3520000 3769 997.353 4216374.98 1821.728 4.1198 0 0 0 
3530000 3779 997.837 4234287.359 1829.855 4.1258 0 0 0 
3540000 3789 998.233 4250809.326 1787.428 4.1344 0 0 0 
3550000 3799 998.556 4269011.27 1793.027 4.1298 0 0 0 
3560000 3809 998.82 4286936.443 1801.173 4.114 0 0 0 
3570000 3819 999.036 4304768.587 1791.266 4.11 0 0 0 
3580000 3829 999.212 4325430.5 1841.781 4.1049 0 0 0 
3590000 3839 999.357 4339906.812 1769.547 4.1081 0 0 0 
3600000 3849 999.474 4355976.438 1742.409 4.1443 0 0 0 
3610000 3859 999.57 4368043.61 1656.349 4.1495 0 0 0 
3620000 3869 999.649 4384817.821 1649.81 4.1377 0 0 0 
3630000 3879 999.713 4403770.34 1693.855 4.1206 0 0 0 
3640000 3889 999.766 4422738.05 1730.878 4.1176 0 0 0 
3650000 3899 999.809 4440809.084 1746.32 4.1142 0 0 0 
3660000 3909 999.844 4461154.911 1797.902 4.1099 0 0 0 
3670000 3919 999.872 4483121.676 1870.32 4.1384 0 0 0 
3680000 3929 999.896 4504669.989 1921.283 4.1573 0 0 0 
3690000 3939 999.915 4526450.048 1969.019 4.1597 0 0 0 
3700000 3949 999.93 4547565.69 1996.072 4.163 0 0 0 
3710000 3959 999.943 4566005.675 1973.117 4.1493 0 0 0 
3720000 3969 999.953 4584186.684 1942.138 4.1429 0 0 0 
3730000 3979 999.962 4602346.326 1916.674 4.1333 0 0 0 
3740000 3989 999.969 4619788.04 1880.745 4.1964 0 0 0 
3750000 3999 999.975 4634893.904 1816.517 4.2096 0 0 0 
3760000 4010 989.97 4653295.47 1804.325 4.1566 0 0 0 
3770000 4020 991.804 4670792.777 1795.277 4.2043 0 0 0 
3780000 4030 993.304 4686070.271 1743.845 4.2162 0 0 0 
3790000 4040 994.529 4702703.642 1731.788 4.197 0 0 0 
3800000 4050 995.529 4721505.7 1758.375 4.187 0 0 0 
3810000 4060 996.347 4739597.349 1768.083 4.1854 0 0 0 
3820000 4070 997.015 4758848.745 1799.345 4.1995 0 0 0 
3830000 4080 997.561 4778921.606 1838.324 4.1959 0 0 0 
3840000 4090 998.007 4798622.648 1860.911 4.1777 0 0 0 
3850000 4100 998.372 4818459.687 1881.624 4.1758 0 0 0 
3860000 4110 998.67 4838316.499 1900.617 4.1765 0 0 0 
3870000 4120 998.913 4857837.22 1909.371 4.172 0 0 0 
3880000 4130 999.112 4876692.531 1906.153 4.1616 0 0 0 
3890000 4140 999.274 4895635.126 1903.499 4.1722 0 0 0 
3900000 4150 999.407 4913891.555 1889.118 4.157 0 0 0 
3910000 4160 999.516 4931732.199 1870.763 4.1541 0 0 0 
3920000 4170 995.135 4950404.513 1860.471 4.1473 0 0 0 
3930000 4180 996.025 4969954.947 1877.27 4.1675 0 0 0 
3940000 4190 996.752 4987944.923 1859.378 4.1683 0 0 0 
3950000 4200 997.346 5007212.078 1869.22 4.2311 0 0 0 
3960000 4210 997.832 5026307.287 1876.863 4.1997 0 0 0 
3970000 4220 998.228 5047009.67 1912.057 4.1713 0 0 0 
3980000 4230 998.552 5066210.813 1916.193 4.1481 0 0 0 
3990000 4240 998.817 5086417.742 1941.338 4.1468 0 0 0 
4000000 4250 999.034 5104075.154 1903.842 4.1391 0 0 0 
