10000 13 159.757 -43.298 -0.829 0.5561 0 0 0 0.0 0.0 0.0 0.0 0.0 
20000 25 306.104 -91.242 -1.054 1.0716 0 0 0 0.0 0.0 0.0 0.0 0.0 
30000 274 35.898 -350.561 -0.868 0.4943 0 0 0 0.0140025 -0.5946534 0.0334134 0.0705346 0.1271159 
40000 393 132.496 -448.872 -0.739 2.4408 0 0 0 0.0148134 -1.3462697 0.0593483 0.0919512 0.1326199 
50000 404 284.204 -451.086 -0.636 5.2564 0 0 0 0.0137147 -1.773497 0.0520657 0.0910793 0.1263962 
60000 416 405.633 -456.29 -0.59 7.4818 0 0 0 0.0136218 -2.2640091 0.0523608 0.0826417 0.1280059 
70000 426 514.359 -459.854 -0.546 9.4835 0 0 0 0.0138449 -2.7207669 0.0709755 0.0749637 0.1289073 
80000 436 595.607 -461.926 -0.491 10.9582 0 0 0 0.0140383 -3.14212 0.0818808 0.0700977 0.1308567 
90000 446 669.582 -463.036 -0.441 12.335 0 0 0 0.0140139 -3.5580954 0.0862942 0.0670474 0.1317401 
100000 456 730.024 -465.088 -0.379 13.4431 0 0 0 0.0135733 -3.9552171 0.0599459 0.0653737 0.1303516 
110000 466 779.41 -466.317 -0.334 14.3701 0 0 0 0.0137909 -4.3454995 0.086641 0.0633548 0.1316972 
120000 476 814.509 -468.364 -0.312 15.0238 0 0 0 0.0140685 -4.7375723 0.1510058 0.0622142 0.1319411 
130000 487 834.404 -469.979 -0.275 15.3932 0 0 0 0.0138833 -5.1209171 0.1184188 0.0608991 0.1324087 
140000 497 864.151 -472.995 -0.288 15.9658 0 0 0 0.0135659 -5.4965806 0.0925045 0.0601671 0.1303198 
150000 507 889.002 -484.26 -0.433 16.4382 0 0 0 0.0136307 -5.8563611 0.0958705 0.0599476 0.1314585 
160000 518 900.191 -488.492 -0.418 16.657 0 0 0 0.0134432 -6.2055759 0.1005798 0.0593995 0.1295052 
170000 528 918.449 -488.524 -0.342 16.9823 0 0 0 0.0136051 -6.5485467 0.1203476 0.0584605 0.1304014 
180000 538 933.367 -487.524 -0.26 17.2578 0 0 0 0.0133901 -6.8767431 0.0900788 0.0580134 0.129307 
190000 548 940.538 -508.376 -0.606 17.3786 0 0 0 0.0134686 -7.2119849 0.144674 0.0577344 0.1292012 
200000 558 946.143 -521.343 -0.735 17.4723 0 0 0 0.0132633 -7.5349762 0.1211737 0.0574912 0.1283405 
210000 568 955.995 -525.106 -0.668 17.6695 0 0 0 0.0135419 -7.8477954 0.1593839 0.0553602 0.1296921 
220000 578 964.045 -526.017 -0.565 17.8548 0 0 0 0.0135822 -8.1570983 0.1556854 0.0533326 0.129959 
230000 589 961.628 -530.546 -0.526 17.8333 0 0 0 0.0135257 -8.4909475 0.1482937 0.0508538 0.13078 
240000 599 962.216 -534.183 -0.498 17.8809 0 0 0 0.0136908 -8.8157209 0.1407241 0.0503895 0.1334718 
250000 609 969.128 -555.966 -0.817 18.0104 0 0 0 0.0137221 -9.0949951 0.2024443 0.0495753 0.1331388 
260000 619 974.775 -559.639 -0.718 18.1469 0 0 0 0.0132075 -9.3879428 0.0777654 0.0509364 0.1300341 
270000 629 979.389 -561.783 -0.625 18.2492 0 0 0 0.0131324 -9.6763053 0.0473619 0.0507354 0.1296844 
280000 640 970.914 -569.881 -0.646 18.102 0 0 0 0.0132457 -9.9407052 0.1330687 0.0506406 0.1298078 
290000 651 954.314 -591.52 -0.898 17.8086 0 0 0 0.0132943 -10.1937332 0.1547011 0.0501713 0.1300708 
