10000 12 169.38 4847.43 82.34 0.192 0 0 0 
20000 23 324.363 9211.021 147.996 0.3697 0 0 0 
30000 41 388.799 11511.6 140.227 0.823 0 0 0 
40000 112 220.56 15719.09 87.953 0.6338 0 0 0 
50000 203 90.945 21616.49 45.575 0.2918 0 0 0 
60000 274 122.67 27238.373 68.484 0.4046 0 0 0 
70000 291 268.981 31624.558 128.173 0.9314 0 0 0 
80000 306 379.246 36651.556 185.982 1.3091 0 0 0 
90000 316 492.799 41340.856 237.508 1.6762 0 0 0 
100000 327 568.446 47271.688 294.088 1.9235 0 0 0 
110000 337 647.389 53024.576 345.583 2.2083 0 0 0 
120000 347 711.891 58178.641 376.254 2.4237 0 0 0 
130000 358 754.23 63019.368 391.63 2.5767 0 0 0 
140000 368 799.188 68000.443 411.24 2.7333 0 0 0 
150000 379 825.172 71588.33 395.843 2.8223 0 0 0 
160000 389 857.152 76486.655 413.254 2.9402 0 0 0 
170000 399 883.283 81991.376 438.536 3.0318 0 0 0 
180000 409 904.634 86996.786 449.617 3.0997 0 0 0 
190000 419 922.079 91832.194 455.157 3.1587 0 0 0 
200000 429 936.333 97081.224 467.697 3.2111 0 0 0 
210000 439 947.979 101181.573 457.108 3.2653 0 0 0 
220000 455 859.508 106189.084 417.003 2.9755 0 0 0 
230000 465 883.495 111530.251 437.784 3.058 0 0 0 
240000 475 904.807 115227.958 425.569 3.1364 0 0 0 
250000 485 922.22 120851.934 450.764 3.201 0 0 0 
260000 495 936.448 126509.647 471.882 3.256 0 0 0 
270000 505 948.074 132334.219 492.269 3.2926 0 0 0 
280000 515 957.572 138172.791 509.036 3.3222 0 0 0 
290000 525 965.334 144246.497 526.694 3.3497 0 0 0 
300000 535 971.675 149798.792 531.683 3.3623 0 0 0 
310000 545 976.856 155169.473 532.287 3.3911 0 0 0 
320000 555 981.09 160161.915 525.974 3.4136 0 0 0 
330000 565 984.549 164670.271 512.835 3.4233 0 0 0 
340000 575 970.514 169877.396 504.465 3.3796 0 0 0 
350000 585 975.907 175158.738 506.646 3.3957 0 0 0 
360000 595 980.315 181160.17 525.154 3.4059 0 0 0 
370000 605 983.916 187841.323 551.906 3.4158 0 0 0 
380000 616 972.17 194108.674 562.512 3.3753 0 0 0 
390000 626 977.261 199417.671 552.148 3.4042 0 0 0 
400000 636 981.42 204842.429 552.802 3.4285 0 0 0 
410000 646 984.819 210791.522 561.114 3.4483 0 0 0 
420000 656 987.596 216672.235 563.817 3.4573 0 0 0 
430000 666 989.865 222008.056 559.347 3.4695 0 0 0 
440000 676 991.719 227162.3 553.409 3.4784 0 0 0 
450000 686 993.234 233018.71 555.681 3.4676 0 0 0 
460000 696 994.472 238433.272 554.382 3.4742 0 0 0 
470000 706 995.483 245122.692 573.037 3.4833 0 0 0 
480000 716 996.309 251684.474 588.499 3.4864 0 0 0 
490000 730 919.679 256897.208 534.118 3.224 0 0 0 
500000 740 934.372 262757.455 539.156 3.275 0 0 0 
510000 750 946.377 268593.96 554.585 3.3242 0 0 0 
520000 760 956.186 272431.077 523.677 3.3725 0 0 0 
530000 770 964.201 276097.529 495.833 3.406 0 0 0 
540000 781 954.047 281579.118 493.987 3.366 0 0 0 
550000 791 962.453 287922.571 517.113 3.4015 0 0 0 
560000 801 969.322 295338.13 556.015 3.4339 0 0 0 
570000 811 974.934 300849.307 558.617 3.457 0 0 0 
580000 823 946.949 305098.678 516.855 3.3647 0 0 0 
590000 833 956.654 311079.096 529.331 3.402 0 0 0 
600000 843 964.583 316929.507 541.553 3.4299 0 0 0 
610000 854 961.099 323419.686 554.248 3.4224 0 0 0 
620000 864 968.215 328305.299 542.449 3.4322 0 0 0 
630000 874 961.158 332960.008 520.894 3.3832 0 0 0 
640000 885 965.372 338017.065 515.778 3.3845 0 0 0 
650000 895 971.706 342351.665 499.83 3.4065 0 0 0 
660000 905 976.882 346803.132 490.328 3.4209 0 0 0 
670000 915 981.111 350739.645 472.589 3.438 0 0 0 
680000 925 984.566 356039.704 482.977 3.4557 0 0 0 
690000 935 987.39 360415.686 474.669 3.463 0 0 0 
700000 945 989.696 365751.287 485.748 3.4682 0 0 0 
710000 955 991.581 371341.434 499.232 3.4674 0 0 0 
720000 965 993.121 376882.857 509.178 3.4711 0 0 0 
730000 975 994.38 382133.856 512.505 3.4702 0 0 0 
740000 985 995.408 388419.638 533.979 3.4762 0 0 0 
750000 995 996.248 394566.645 547.292 3.479 0 0 0 
760000 1005 996.934 400735.761 559.102 3.4802 0 0 0 
770000 1015 997.495 405842.744 550.978 3.4883 0 0 0 
780000 1025 997.732 411763.181 559.707 3.499 0 0 0 
790000 1036 982.628 416777.728 539.394 3.4517 0 0 0 
800000 1046 985.806 422079.391 537.65 3.4694 0 0 0 
810000 1056 984.179 428524.152 553.924 3.4594 0 0 0 
820000 1066 987.073 433911.835 552.041 3.4657 0 0 0 
830000 1076 989.438 439344.496 549.419 3.4728 0 0 0 
840000 1086 991.37 444592.644 544.504 3.4696 0 0 0 
850000 1096 992.948 449794.064 538.877 3.4666 0 0 0 
860000 1106 994.238 456034.877 555.034 3.475 0 0 0 
870000 1116 995.292 462040.708 562.948 3.4754 0 0 0 
880000 1126 996.153 468780.619 584.797 3.4728 0 0 0 
890000 1136 987.617 474678.666 579.198 3.4462 0 0 0 
900000 1146 989.882 480133.31 572.312 3.449 0 0 0 
910000 1156 991.733 487500.554 601.359 3.4542 0 0 0 
920000 1166 993.245 493708.755 604.039 3.4604 0 0 0 
930000 1177 984.271 499848.72 600.408 3.4254 0 0 0 
940000 1187 973.649 506171.139 601.179 3.3905 0 0 0 
950000 1197 978.469 512825.266 608.607 3.4013 0 0 0 
960000 1207 982.408 519520.09 622.373 3.4115 0 0 0 
970000 1217 985.626 524958.602 609.027 3.4207 0 0 0 
980000 1228 973.065 531128.917 598.915 3.3742 0 0 0 
990000 1238 977.992 536639.25 590.95 3.3943 0 0 0 
1000000 1248 982.018 541924.082 577.278 3.4053 0 0 0 
1010000 1258 985.307 547872.276 580.901 3.42 0 0 0 
1020000 1268 987.995 554165.058 590.027 3.4355 0 0 0 
1030000 1278 990.191 559368.245 577.943 3.4466 0 0 0 
1040000 1288 991.985 564760.105 567.556 3.4551 0 0 0 
1050000 1298 993.451 570931.271 577.786 3.4639 0 0 0 
1060000 1308 994.649 577243.604 587.053 3.4562 0 0 0 
1070000 1319 981.542 582871.375 573.278 3.405 0 0 0 
1080000 1329 984.919 588953.284 580.513 3.4254 0 0 0 
1090000 1339 987.677 595192.057 591.758 3.4372 0 0 0 
1100000 1349 989.642 601407.541 595.637 3.4416 0 0 0 
1110000 1359 991.537 608037.345 607.695 3.4453 0 0 0 
1120000 1369 993.085 614116.046 607.237 3.4485 0 0 0 
1130000 1379 994.35 620400.47 611.974 3.4517 0 0 0 
1140000 1389 995.384 625907.832 600.292 3.4614 0 0 0 
1150000 1399 996.228 631871.346 599.291 3.47 0 0 0 
1160000 1409 996.918 637610.837 597.776 3.4806 0 0 0 
1170000 1419 997.482 643677.872 596.23 3.4856 0 0 0 
1180000 1429 997.942 649874.274 600.106 3.4804 0 0 0 
1190000 1439 998.319 656595.635 613.76 3.477 0 0 0 
1200000 1449 998.626 663802.281 632.995 3.4819 0 0 0 
1210000 1459 993.602 671428.994 652.204 3.469 0 0 0 
1220000 1469 994.772 678169.128 656.451 3.4705 0 0 0 
1230000 1479 995.728 685575.461 671.811 3.4674 0 0 0 
1240000 1489 996.51 693093.476 689.66 3.4624 0 0 0 
1250000 1499 997.148 699644.482 682.584 3.461 0 0 0 
1260000 1509 995.486 705879.074 671.509 3.4532 0 0 0 
1270000 1520 986.177 713352.473 673.725 3.4195 0 0 0 
1280000 1530 988.705 720930.047 689.937 3.4286 0 0 0 
1290000 1540 990.771 727938.61 692.119 3.4367 0 0 0 
1300000 1550 992.46 734254.481 682.631 3.4353 0 0 0 
1310000 1560 993.839 739933.758 661.456 3.4477 0 0 0 
1320000 1570 994.966 747894.729 683.923 3.4557 0 0 0 
1330000 1580 995.887 755682.667 700.284 3.4652 0 0 0 
1340000 1590 996.639 762761.768 704.293 3.4634 0 0 0 
1350000 1600 997.254 770347.137 714.975 3.4646 0 0 0 
1360000 1610 997.756 776378.573 695.107 3.4736 0 0 0 
1370000 1620 998.167 783594.666 698.12 3.4775 0 0 0 
1380000 1630 998.502 790923.169 705.353 3.4724 0 0 0 
1390000 1640 998.776 798829.809 718.606 3.4735 0 0 0 
1400000 1650 999.0 806360.023 724.385 3.643 0 0 0 
1410000 1660 999.183 813883.475 732.407 3.6217 0 0 0 
1420000 1670 999.332 821999.844 744.123 3.5851 0 0 0 
1430000 1680 999.455 829334.998 744.424 3.5674 0 0 0 
1440000 1690 999.554 838267.834 766.101 3.5424 0 0 0 
1450000 1700 999.636 848055.996 806.117 3.5313 0 0 0 
1460000 1710 999.702 859949.31 875.553 3.5234 0 0 0 
1470000 1720 999.757 871787.981 931.227 3.5071 0 0 0 
1480000 1730 999.801 880517.772 924.36 3.4992 0 0 0 
1490000 1740 999.838 889995.217 928.825 3.4914 0 0 0 
1500000 1750 999.867 898397.42 909.328 3.4837 0 0 0 
1510000 1760 999.892 908480.829 928.077 3.471 0 0 0 
1520000 1770 999.911 919048.905 950.804 3.4638 0 0 0 
1530000 1780 999.928 929804.726 975.184 3.4535 0 0 0 
1540000 1790 999.941 939777.35 980.297 3.4518 0 0 0 
1550000 1800 999.952 952522.28 1030.729 3.4476 0 0 0 
1560000 1811 986.154 960506.529 973.768 3.3999 0 0 0 
1570000 1821 988.687 970609.642 981.428 3.4084 0 0 0 
1580000 1831 990.757 979508.952 966.176 3.4254 0 0 0 
1590000 1841 992.447 987606.468 939.737 3.4401 0 0 0 
1600000 1851 993.829 997115.124 939.699 3.4508 0 0 0 
1610000 1861 994.958 1009630.609 992.617 3.4534 0 0 0 
1620000 1871 995.88 1021722.218 1033.463 3.4551 0 0 0 
1630000 1881 996.634 1034592.728 1081.136 3.4477 0 0 0 
1640000 1891 997.25 1044786.847 1070.097 3.4486 0 0 0 
1650000 1901 997.753 1054382.372 1048.337 3.4502 0 0 0 
1660000 1912 985.637 1063315.776 1007.736 3.4052 0 0 0 
1670000 1922 988.264 1072994.825 1001.885 3.4173 0 0 0 
1680000 1932 990.411 1085321.07 1043.636 3.4106 0 0 0 
1690000 1942 992.165 1095486.273 1038.646 3.4176 0 0 0 
1700000 1952 993.598 1106024.941 1041.604 3.4195 0 0 0 
1710000 1962 994.769 1117146.894 1055.563 3.4258 0 0 0 
1720000 1972 995.726 1129176.044 1083.053 3.4275 0 0 0 
1730000 1982 996.508 1141454.692 1109.407 3.4289 0 0 0 
1740000 1992 997.147 1156068.414 1172.983 3.4355 0 0 0 
1750000 2002 995.186 1170403.374 1218.096 3.4263 0 0 0 
1760000 2012 996.067 1183390.063 1232.409 3.4347 0 0 0 
1770000 2022 996.786 1197695.062 1270.239 3.4367 0 0 0 
1780000 2032 997.374 1210782.624 1279.229 3.4416 0 0 0 
1790000 2042 997.854 1222803.013 1266.367 3.448 0 0 0 
1800000 2052 998.247 1234634.001 1250.017 3.4526 0 0 0 
1810000 2062 998.568 1249617.917 1295.251 3.4567 0 0 0 
1820000 2072 998.83 1264821.882 1336.246 3.4571 0 0 0 
1830000 2082 999.044 1279856.991 1367.258 3.4538 0 0 0 
1840000 2092 999.219 1293976.9 1376.949 3.461 0 0 0 
1850000 2102 986.905 1305122.864 1325.988 3.4163 0 0 0 
1860000 2112 989.301 1319087.753 1320.918 3.4211 0 0 0 
1870000 2122 991.258 1331422.062 1303.403 3.4286 0 0 0 
1880000 2132 992.857 1346484.345 1346.172 3.4296 0 0 0 
1890000 2142 994.164 1359611.724 1338.366 3.4377 0 0 0 
1900000 2152 995.231 1373059.265 1337.165 3.4441 0 0 0 
1910000 2162 996.104 1383937.1 1287.538 3.4487 0 0 0 
1920000 2172 996.816 1397321.744 1299.725 3.4524 0 0 0 
1930000 2182 997.399 1409924.996 1286.839 3.4471 0 0 0 
1940000 2192 997.875 1425020.41 1330.775 3.4481 0 0 0 
1950000 2202 998.263 1440429.246 1372.101 3.4612 0 0 0 
1960000 2212 998.581 1455745.979 1393.854 3.4624 0 0 0 
1970000 2222 998.841 1470084.601 1401.148 3.4468 0 0 0 
1980000 2232 999.053 1479777.829 1321.036 3.4461 0 0 0 
1990000 2242 999.226 1493394.953 1328.675 3.4451 0 0 0 
2000000 2252 999.368 1503731.233 1287.88 3.446 0 0 0 
2010000 2263 992.222 1516324.707 1264.823 3.4262 0 0 0 
2020000 2273 993.645 1530361.013 1288.048 3.4231 0 0 0 
2030000 2283 994.807 1544083.185 1307.335 3.4147 0 0 0 
2040000 2293 995.757 1557673.917 1314.433 3.417 0 0 0 
2050000 2303 989.353 1572044.554 1319.763 3.4021 0 0 0 
2060000 2313 991.301 1588488.234 1383.617 3.4069 0 0 0 
2070000 2323 992.892 1602673.289 1388.285 3.4125 0 0 0 
2080000 2333 994.192 1617626.305 1406.428 3.4213 0 0 0 
2090000 2343 995.255 1633448.165 1436.187 3.4264 0 0 0 
2100000 2354 982.405 1647803.625 1423.365 3.3859 0 0 0 
2110000 2364 985.624 1663174.253 1439.195 3.4032 0 0 0 
2120000 2374 988.253 1678451.362 1455.697 3.408 0 0 0 
2130000 2384 990.402 1694117.856 1478.801 3.4092 0 0 0 
2140000 2394 992.158 1709600.815 1489.432 3.4162 0 0 0 
2150000 2404 993.592 1726153.191 1518.359 3.4299 0 0 0 
2160000 2414 994.765 1742366.442 1538.936 3.4327 0 0 0 
2170000 2424 995.722 1757741.864 1536.298 3.4387 0 0 0 
2180000 2434 996.505 1774397.955 1562.14 3.4431 0 0 0 
2190000 2444 997.144 1788566.386 1535.088 3.4392 0 0 0 
2200000 2454 997.667 1803249.524 1524.237 3.4494 0 0 0 
2210000 2464 998.093 1816216.051 1481.927 3.4486 0 0 0 
2220000 2474 998.442 1829041.834 1444.147 3.4524 0 0 0 
2230000 2484 998.727 1843685.638 1448.528 3.4558 0 0 0 
2240000 2494 998.96 1859121.037 1465.864 3.4522 0 0 0 
2250000 2504 999.15 1874924.745 1484.898 3.4516 0 0 0 
2260000 2514 999.306 1890010.943 1495.495 3.4512 0 0 0 
2270000 2524 999.433 1904365.808 1484.485 3.4489 0 0 0 
2280000 2534 999.536 1919546.587 1489.036 3.4482 0 0 0 
2290000 2544 999.621 1933694.093 1472.899 3.4434 0 0 0 
2300000 2554 999.691 1946631.348 1449.091 3.4424 0 0 0 
2310000 2564 999.747 1961284.564 1446.256 3.4291 0 0 0 
2320000 2574 999.793 1975125.279 1437.952 3.4289 0 0 0 
2330000 2584 999.831 1992123.45 1482.816 3.4291 0 0 0 
2340000 2594 999.862 2007822.849 1498.569 3.4282 0 0 0 
2350000 2604 999.887 2023242.162 1509.958 3.4313 0 0 0 
2360000 2614 999.908 2036033.428 1462.295 3.4419 0 0 0 
2370000 2624 998.136 2050781.651 1462.754 3.4315 0 0 0 
2380000 2634 998.477 2066388.593 1482.631 3.4142 0 0 0 
2390000 2644 998.756 2082948.796 1511.041 3.4025 0 0 0 
2400000 2654 998.983 2099173.352 1533.053 3.4056 0 0 0 
2410000 2664 999.169 2116875.32 1577.033 3.4151 0 0 0 
2420000 2674 999.321 2134375.967 1610.675 3.4247 0 0 0 
2430000 2684 999.446 2151746.167 1630.898 3.4301 0 0 0 
2440000 2694 999.547 2163556.032 1545.456 3.4331 0 0 0 
2450000 2704 999.63 2174695.174 1473.505 3.437 0 0 0 
2460000 2714 999.698 2188838.563 1452.933 3.4401 0 0 0 
2470000 2724 999.753 2198646.345 1377.846 3.4401 0 0 0 
2480000 2734 999.798 2215420.673 1420.518 3.4375 0 0 0 
2490000 2744 999.835 2232363.874 1482.491 3.4338 0 0 0 
2500000 2754 999.865 2248702.842 1502.837 3.4351 0 0 0 
2510000 2764 999.89 2265074.367 1530.255 3.4292 0 0 0 
2520000 2774 999.91 2280250.413 1523.37 3.4308 0 0 0 
2530000 2784 999.926 2295995.946 1533.633 3.4338 0 0 0 
2540000 2794 999.94 2314376.585 1592.748 3.4391 0 0 0 
2550000 2804 999.951 2330987.566 1606.341 3.4379 0 0 0 
2560000 2814 999.96 2346280.49 1586.906 3.424 0 0 0 
2570000 2824 999.967 2362098.216 1585.54 3.4356 0 0 0 
2580000 2834 999.973 2380120.697 1625.393 3.443 0 0 0 
2590000 2844 999.978 2397538.308 1648.762 3.438 0 0 0 
2600000 2854 999.982 2413592.791 1642.251 3.4444 0 0 0 
2610000 2864 999.985 2431469.503 1668.115 3.4444 0 0 0 
2620000 2874 999.988 2449749.073 1696.875 3.4485 0 0 0 
2630000 2884 999.99 2466889.555 1699.956 3.4518 0 0 0 
2640000 2894 999.992 2483555.331 1699.634 3.4325 0 0 0 
2650000 2904 999.993 2500171.802 1688.084 3.4199 0 0 0 
2660000 2914 999.995 2516406.44 1677.799 3.4031 0 0 0 
2670000 2924 999.996 2530815.62 1634.058 3.3896 0 0 0 
2680000 2934 999.996 2547683.312 1640.524 3.3847 0 0 0 
2690000 2945 988.937 2563297.231 1611.654 3.3479 0 0 0 
2700000 2955 990.961 2579322.735 1609.428 3.362 0 0 0 
2710000 2965 992.614 2595378.718 1609.56 3.3819 0 0 0 
2720000 2975 993.965 2611700.079 1613.97 3.3927 0 0 0 
2730000 2985 995.069 2629404.408 1641.882 3.3747 0 0 0 
2740000 2995 995.971 2647562.248 1673.852 3.3889 0 0 0 
2750000 3005 996.708 2665802.504 1701.157 3.397 0 0 0 
2760000 3015 997.31 2684580.714 1735.72 3.4021 0 0 0 
2770000 3025 997.802 2702863.541 1753.441 3.4014 0 0 0 
2780000 3035 998.204 2720901.282 1763.17 3.411 0 0 0 
2790000 3045 998.533 2739076.48 1773.567 3.4133 0 0 0 
2800000 3055 998.801 2757565.764 1787.08 3.4208 0 0 0 
2810000 3065 999.021 2777091.617 1815.539 3.4285 0 0 0 
2820000 3075 999.2 2795536.096 1821.902 3.4205 0 0 0 
2830000 3085 999.346 2812948.828 1806.014 3.4191 0 0 0 
2840000 3095 999.466 2831694.594 1818.439 3.4253 0 0 0 
2850000 3105 999.563 2850496.366 1830.332 3.4288 0 0 0 
2860000 3115 999.643 2869737.74 1846.065 3.4244 0 0 0 
2870000 3125 999.709 2887921.009 1841.366 3.4281 0 0 0 
2880000 3135 993.023 2905168.023 1807.877 3.411 0 0 0 
2890000 3145 992.618 2923251.346 1801.886 3.4127 0 0 0 
2900000 3155 993.968 2936782.002 1723.421 3.4149 0 0 0 
2910000 3165 995.072 2954610.027 1736.916 3.4231 0 0 0 
2920000 3175 995.973 2973412.381 1758.265 3.4239 0 0 0 
2930000 3186 987.434 2990553.054 1737.362 3.4041 0 0 0 
2940000 3196 989.733 3008780.326 1752.679 3.4088 0 0 0 
2950000 3206 991.611 3027142.459 1767.714 3.4216 0 0 0 
2960000 3216 993.146 3044002.025 1751.98 3.4206 0 0 0 
2970000 3226 994.399 3059525.22 1714.267 3.4271 0 0 0 
2980000 3236 995.424 3076173.175 1703.159 3.4222 0 0 0 
2990000 3246 996.261 3093992.704 1716.998 3.4179 0 0 0 
3000000 3256 996.945 3111802.658 1730.112 3.4128 0 0 0 
3010000 3266 997.504 3131206.444 1769.923 3.4154 0 0 0 
3020000 3276 997.96 3151135.368 1811.404 3.4112 0 0 0 
3030000 3286 998.334 3168999.464 1802.182 3.4149 0 0 0 
3040000 3296 998.638 3186813.178 1798.744 3.4212 0 0 0 
3050000 3306 998.887 3205262.942 1806.471 3.4202 0 0 0 
3060000 3316 999.091 3222088.802 1785.039 3.4216 0 0 0 
3070000 3326 999.257 3241944.324 1822.054 3.4265 0 0 0 
3080000 3336 999.393 3260724.276 1832.674 3.4297 0 0 0 
3090000 3346 999.504 3278863.003 1826.639 3.4326 0 0 0 
3100000 3356 999.595 3295315.508 1793.621 3.4372 0 0 0 
3110000 3366 999.669 3314781.992 1819.532 3.4275 0 0 0 
3120000 3376 999.73 3333409.53 1830.062 3.4247 0 0 0 
3130000 3386 999.779 3353267.903 1857.809 3.43 0 0 0 
3140000 3396 999.819 3372789.611 1877.592 3.4245 0 0 0 
3150000 3406 999.852 3392594.199 1895.55 3.4224 0 0 0 
3160000 3416 999.879 3411027.85 1885.909 3.4255 0 0 0 
3170000 3426 999.901 3431401.392 1913.241 3.406 0 0 0 
3180000 3436 999.92 3452675.525 1951.003 3.4004 0 0 0 
3190000 3446 999.934 3473550.339 1976.34 3.4025 0 0 0 
3200000 3456 999.946 3493848.733 1986.733 3.4162 0 0 0 
3210000 3466 999.956 3512830.075 1969.981 3.4193 0 0 0 
3220000 3476 999.964 3531441.053 1950.762 3.43 0 0 0 
3230000 3486 999.971 3551230.282 1956.359 3.4232 0 0 0 
3240000 3496 999.976 3571475.408 1968.251 3.4247 0 0 0 
3250000 3506 999.98 3590440.878 1954.912 3.4314 0 0 0 
3260000 3516 999.984 3608634.172 1931.166 3.4325 0 0 0 
3270000 3526 999.987 3626939.884 1913.228 3.4393 0 0 0 
3280000 3536 999.989 3640654.358 1814.19 3.4396 0 0 0 
3290000 3546 999.991 3657390.986 1789.198 3.4404 0 0 0 
3300000 3556 999.993 3674327.793 1772.339 3.445 0 0 0 
3310000 3566 999.994 3692943.227 1788.613 3.4432 0 0 0 
3320000 3576 999.995 3709258.713 1758.718 3.4392 0 0 0 
3330000 3586 999.996 3726123.086 1749.582 3.4406 0 0 0 
3340000 3596 999.997 3740838.666 1697.962 3.4326 0 0 0 
3350000 3606 999.997 3758528.352 1712.144 3.4338 0 0 0 
3360000 3616 999.998 3777559.376 1749.368 3.44 0 0 0 
3370000 3626 999.998 3797001.616 1784.98 3.4366 0 0 0 
3380000 3636 999.999 3815476.774 1796.491 3.4276 0 0 0 
3390000 3646 999.999 3831840.682 1766.121 3.4254 0 0 0 
3400000 3656 999.999 3849726.971 1771.26 3.4348 0 0 0 
3410000 3666 999.999 3869860.293 1817.028 3.4377 0 0 0 
3420000 3676 999.999 3887991.609 1816.745 3.4425 0 0 0 
3430000 3686 999.999 3903699.932 1772.342 3.4495 0 0 0 
3440000 3696 1000.0 3918882.225 1722.48 3.4444 0 0 0 
3450000 3706 1000.0 3935854.68 1718.734 3.4567 0 0 0 
3460000 3716 1000.0 3953604.271 1729.514 3.4566 0 0 0 
3470000 3726 995.954 3973427.555 1766.5 3.4386 0 0 0 
3480000 3736 996.694 3989572.134 1740.586 3.4479 0 0 0 
3490000 3746 997.299 4007414.152 1751.571 3.4465 0 0 0 
3500000 3756 997.793 4026665.982 1783.204 3.442 0 0 0 
3510000 3766 998.197 4045031.471 1793.763 3.436 0 0 0 
3520000 3776 998.527 4063212.79 1795.247 3.4334 0 0 0 
3530000 3786 998.796 4082263.544 1817.241 3.4154 0 0 0 
3540000 3796 999.016 4101970.907 1843.33 3.4204 0 0 0 
3550000 3806 999.196 4120707.363 1850.587 3.4201 0 0 0 
3560000 3816 999.343 4141611.063 1892.725 3.4159 0 0 0 
3570000 3826 999.463 4162312.092 1925.831 3.4123 0 0 0 
3580000 3836 999.562 4182973.938 1953.962 3.4145 0 0 0 
3590000 3846 999.642 4203977.38 1979.872 3.4139 0 0 0 
3600000 3856 999.707 4224708.449 1995.075 3.4281 0 0 0 
3610000 3866 999.761 4244094.568 1984.629 3.4322 0 0 0 
3620000 3876 999.805 4263783.277 1982.561 3.4341 0 0 0 
3630000 3886 999.84 4284210.664 1991.33 3.4325 0 0 0 
3640000 3896 999.87 4304481.639 1996.77 3.4418 0 0 0 
3650000 3906 999.893 4321358.701 1940.694 3.4469 0 0 0 
3660000 3916 989.545 4338331.091 1879.056 3.4143 0 0 0 
3670000 3926 991.458 4358572.957 1901.218 3.4245 0 0 0 
3680000 3936 993.02 4376357.21 1881.586 3.4234 0 0 0 
3690000 3946 994.297 4396577.011 1906.194 3.4267 0 0 0 
3700000 3956 995.34 4415130.152 1895.494 3.4331 0 0 0 
3710000 3966 996.193 4435408.465 1926.06 3.4349 0 0 0 
3720000 3976 996.889 4455166.547 1929.996 3.4266 0 0 0 
3730000 3986 997.458 4474386.779 1927.366 3.4316 0 0 0 
3740000 3996 997.923 4494015.873 1936.176 3.4329 0 0 0 
3750000 4006 998.303 4513417.204 1935.072 3.4353 0 0 0 
3760000 4016 998.614 4530989.971 1904.18 3.439 0 0 0 
3770000 4026 998.867 4548797.146 1882.443 3.4379 0 0 0 
3780000 4036 999.074 4566634.704 1867.313 3.4422 0 0 0 
3790000 4046 999.244 4582167.242 1803.652 3.4482 0 0 0 
3800000 4056 999.382 4599809.138 1795.632 3.4447 0 0 0 
3810000 4066 999.495 4617331.799 1791.049 3.4428 0 0 0 
3820000 4076 999.587 4635515.862 1795.748 3.4466 0 0 0 
3830000 4086 999.663 4651381.447 1763.407 3.4443 0 0 0 
3840000 4096 999.725 4668063.083 1739.433 3.4422 0 0 0 
3850000 4106 999.775 4684679.98 1732.704 3.4391 0 0 0 
3860000 4116 999.816 4702407.038 1732.228 3.4428 0 0 0 
3870000 4126 999.85 4717451.308 1717.902 3.4483 0 0 0 
3880000 4136 999.877 4733137.841 1667.438 3.4528 0 0 0 
3890000 4146 999.9 4749127.211 1658.116 3.4563 0 0 0 
3900000 4156 999.918 4767606.231 1719.071 3.4542 0 0 0 
3910000 4166 999.933 4786670.774 1726.111 3.4624 0 0 0 
3920000 4176 999.945 4805422.615 1755.289 3.4619 0 0 0 
3930000 4186 999.955 4823180.78 1755.577 3.4643 0 0 0 
3940000 4196 999.963 4840568.033 1757.273 3.4748 0 0 0 
3950000 4206 999.97 4855497.224 1718.379 3.4771 0 0 0 
3960000 4216 999.976 4872247.401 1707.793 3.4719 0 0 0 
3970000 4226 999.98 4890738.136 1721.556 3.4589 0 0 0 
3980000 4236 999.984 4907097.475 1712.895 3.4594 0 0 0 
3990000 4246 999.987 4923451.81 1695.542 3.4544 0 0 0 
4000000 4256 999.989 4940558.729 1708.553 3.4568 0 0 0 
