10000 10 181.354 -3.352 -0.063 0.6325 0 0 0 
20000 20 331.107 -9.24 -0.159 1.1502 0 0 0 
30000 54 325.614 -37.244 -0.488 1.5564 0 0 0 
40000 78 346.382 -51.868 -0.532 1.8692 0 0 0 
50000 121 285.154 -83.415 -0.652 1.65 0 0 0 
60000 166 242.063 -116.187 -0.687 1.451 0 0 0 
70000 208 253.118 -150.264 -0.762 1.5495 0 0 0 
80000 247 242.116 -173.403 -0.683 1.4912 0 0 0 
90000 269 312.013 -182.922 -0.581 1.9522 0 0 0 
100000 296 322.067 -200.01 -0.615 2.039 0 0 0 
110000 328 330.744 -222.74 -0.646 2.1029 0 0 0 
120000 361 322.65 -237.57 -0.579 2.0592 0 0 0 
130000 408 255.429 -253.886 -0.419 1.6371 0 0 0 
140000 441 268.309 -270.534 -0.459 1.6979 0 0 0 
150000 476 281.584 -290.752 -0.536 1.7574 0 0 0 
160000 517 272.514 -315.707 -0.559 1.7015 0 0 0 
170000 548 298.59 -329.143 -0.505 1.8605 0 0 0 
180000 597 241.605 -353.996 -0.486 1.5111 0 0 0 
190000 625 297.968 -370.696 -0.533 1.87 0 0 0 
200000 656 300.879 -381.943 -0.449 1.8978 0 0 0 
210000 691 294.012 -395.617 -0.463 1.8401 0 0 0 
220000 747 214.707 -411.901 -0.381 1.3382 0 0 0 
230000 780 254.394 -423.479 -0.384 1.5686 0 0 0 
240000 813 273.59 -432.619 -0.314 1.6776 0 0 0 
250000 850 278.131 -437.84 -0.205 1.7115 0 0 0 
260000 887 269.909 -455.408 -0.392 1.6593 0 0 0 
270000 937 234.177 -481.503 -0.431 1.4457 0 0 0 
280000 985 213.868 -510.303 -0.505 1.3157 0 0 0 
290000 1018 250.063 -531.185 -0.568 1.5415 0 0 0 
300000 1067 223.554 -562.681 -0.618 1.385 0 0 0 
310000 1107 228.763 -584.656 -0.601 1.4189 0 0 0 
320000 1143 251.204 -600.379 -0.506 1.5695 0 0 0 
330000 1174 277.322 -615.467 -0.512 1.7249 0 0 0 
340000 1214 270.637 -639.39 -0.552 1.6892 0 0 0 
350000 1235 360.149 -649.734 -0.53 2.2513 0 0 0 
360000 1254 403.521 -662.986 -0.587 2.5252 0 0 0 
370000 1292 324.701 -685.252 -0.579 2.0172 0 0 0 
380000 1323 323.218 -698.579 -0.485 1.9972 0 0 0 
390000 1359 291.655 -719.209 -0.538 1.7894 0 0 0 
400000 1396 283.156 -738.238 -0.524 1.7363 0 0 0 
410000 1421 320.867 -746.961 -0.464 1.9821 0 0 0 
420000 1456 297.488 -760.122 -0.391 1.8419 0 0 0 
430000 1486 303.198 -761.452 -0.244 1.8737 0 0 0 
440000 1526 273.48 -770.535 -0.253 1.6841 0 0 0 
450000 1543 350.119 -776.852 -0.283 2.1498 0 0 0 
460000 1571 353.4 -786.31 -0.303 2.1767 0 0 0 
470000 1600 356.589 -797.614 -0.361 2.1945 0 0 0 
480000 1633 331.163 -817.081 -0.462 2.0435 0 0 0 
490000 1656 374.964 -825.726 -0.431 2.3121 0 0 0 
500000 1692 326.638 -844.941 -0.5 2.0207 0 0 0 
510000 1720 333.79 -864.401 -0.598 2.0677 0 0 0 
520000 1751 318.578 -877.549 -0.488 1.9781 0 0 0 
530000 1769 394.639 -885.676 -0.483 2.4507 0 0 0 
540000 1795 406.648 -892.834 -0.395 2.5417 0 0 0 
550000 1812 456.484 -897.083 -0.364 2.8511 0 0 0 
560000 1834 437.496 -900.67 -0.31 2.7306 0 0 0 
570000 1859 435.1 -911.43 -0.351 2.7234 0 0 0 
580000 1873 497.879 -915.138 -0.33 3.1343 0 0 0 
590000 1887 553.273 -914.836 -0.238 3.634 0 0 0 
600000 1909 510.652 -919.94 -0.259 3.5164 0 0 0 
610000 1933 476.788 -919.401 -0.153 3.2435 0 0 0 
620000 1954 472.126 -922.381 -0.156 3.2268 0 0 0 
630000 1979 448.271 -923.725 -0.106 3.0248 0 0 0 
640000 1993 515.13 -925.32 -0.108 3.4731 0 0 0 
650000 2016 495.886 -921.925 -0.025 3.3316 0 0 0 
660000 2037 474.16 -923.903 -0.05 3.192 0 0 0 
670000 2073 370.354 -923.265 -0.001 2.4997 0 0 0 
680000 2095 395.239 -924.594 -0.028 2.6518 0 0 0 
690000 2121 394.394 -926.092 -0.041 2.6276 0 0 0 
700000 2150 364.834 -919.137 0.065 2.4128 0 0 0 
710000 2172 404.601 -922.979 -0.01 2.6647 0 0 0 
720000 2198 395.656 -924.242 -0.018 2.6063 0 0 0 
730000 2217 429.282 -928.568 -0.091 2.8343 0 0 0 
740000 2240 444.67 -944.141 -0.298 2.9139 0 0 0 
750000 2259 463.529 -948.769 -0.286 3.0339 0 0 0 
760000 2298 353.28 -946.328 -0.076 2.3121 0 0 0 
770000 2341 288.653 -938.923 0.084 1.8811 0 0 0 
780000 2382 260.247 -932.985 0.076 1.7088 0 0 0 
790000 2415 272.969 -916.881 0.248 1.7873 0 0 0 
800000 2449 268.483 -912.568 0.177 1.7603 0 0 0 
810000 2492 252.333 -894.949 0.329 1.6555 0 0 0 
820000 2525 262.468 -893.99 0.184 1.7228 0 0 0 
830000 2585 193.139 -869.297 0.376 1.2773 0 0 0 
840000 2628 217.148 -852.198 0.354 1.4321 0 0 0 
850000 2677 197.294 -825.982 0.497 1.3036 0 0 0 
860000 2757 147.493 -768.745 0.644 0.9774 0 0 0 
870000 2852 114.191 -727.272 0.465 0.7618 0 0 0 
880000 2937 112.465 -686.156 0.488 0.7499 0 0 0 
890000 3004 144.754 -658.024 0.448 0.9582 0 0 0 
900000 3107 102.889 -608.107 0.405 0.6889 0 0 0 
910000 3185 110.132 -553.274 0.662 0.7365 0 0 0 
920000 3280 92.302 -501.439 0.548 0.6206 0 0 0 
930000 3359 115.679 -471.758 0.371 0.7745 0 0 0 
940000 3479 89.397 -392.995 0.636 0.5966 0 0 0 
950000 3584 83.542 -353.199 0.396 0.5658 0 0 0 
960000 3698 97.794 -280.251 0.575 0.6539 0 0 0 
970000 3861 64.336 -198.88 0.426 0.4364 0 0 0 
980000 3986 87.044 -155.023 0.424 0.5802 0 0 0 
990000 4142 59.569 -85.929 0.504 0.4029 0 0 0 
1000000 4291 66.026 -22.012 0.458 0.444 0 0 0 
1010000 4406 104.835 43.64 0.537 0.6989 0 0 0 
1020000 4522 96.196 115.938 0.674 0.6419 0 0 0 
1030000 4643 74.596 181.895 0.528 0.4968 0 0 0 
1040000 4756 82.837 239.661 0.481 0.5485 0 0 0 
1050000 4908 71.109 328.5 0.6 0.4763 0 0 0 
1060000 5032 78.224 393.013 0.495 0.5212 0 0 0 
1070000 5116 119.861 433.131 0.496 0.789 0 0 0 
1080000 5203 120.371 476.25 0.497 0.8008 0 0 0 
1090000 5257 161.468 493.69 0.413 1.0664 0 0 0 
1100000 5347 133.782 539.448 0.429 0.8895 0 0 0 
1110000 5441 95.848 569.24 0.311 0.6412 0 0 0 
1120000 5529 89.199 593.106 0.303 0.5926 0 0 0 
1130000 5631 98.74 629.088 0.383 0.6586 0 0 0 
1140000 5705 132.524 665.033 0.425 0.8706 0 0 0 
1150000 5799 114.56 703.627 0.392 0.7605 0 0 0 
1160000 5889 116.943 739.736 0.368 0.7798 0 0 0 
1170000 5987 95.523 768.024 0.299 0.6454 0 0 0 
1180000 6114 65.877 825.122 0.528 0.4504 0 0 0 
1190000 6172 146.424 828.393 0.183 0.9766 0 0 0 
1200000 6269 95.928 883.253 0.535 0.6438 0 0 0 
1210000 6336 127.074 910.128 0.472 0.885 0 0 0 
1220000 6443 91.611 945.339 0.283 0.624 0 0 0 
1230000 6573 66.636 1009.723 0.533 0.4532 0 0 0 
1240000 6684 80.067 1061.268 0.384 0.5412 0 0 0 
1250000 6803 80.996 1096.298 0.359 0.5414 0 0 0 
1260000 6896 90.296 1141.584 0.433 0.5924 0 0 0 
1270000 7008 79.913 1191.829 0.508 0.5253 0 0 0 
1280000 7083 107.846 1222.492 0.434 0.7135 0 0 0 
1290000 7193 96.396 1274.812 0.533 0.6398 0 0 0 
1300000 7248 151.407 1303.272 0.524 1.0042 0 0 0 
1310000 7369 87.453 1354.681 0.449 0.5913 0 0 0 
1320000 7460 94.341 1395.535 0.46 0.6366 0 0 0 
1330000 7555 108.91 1450.543 0.585 0.7294 0 0 0 
1340000 7653 113.721 1502.358 0.575 0.7558 0 0 0 
1350000 7744 109.112 1543.086 0.394 0.7243 0 0 0 
1360000 7866 93.998 1611.353 0.621 0.6302 0 0 0 
1370000 7980 80.046 1677.697 0.59 0.5396 0 0 0 
1380000 8106 80.547 1750.232 0.601 0.5444 0 0 0 
1390000 8226 82.224 1830.589 0.705 0.5528 0 0 0 
1400000 8381 58.433 1922.079 0.61 0.3982 0 0 0 
1410000 8523 61.83 2004.545 0.624 0.4233 0 0 0 
1420000 8647 70.846 2078.719 0.599 0.4812 0 0 0 
1430000 8761 74.435 2138.95 0.568 0.5063 0 0 0 
1440000 8908 69.399 2220.292 0.493 0.4719 0 0 0 
1450000 9026 89.333 2278.283 0.569 0.6067 0 0 0 
1460000 9189 60.447 2375.595 0.563 0.41 0 0 0 
1470000 9323 63.918 2439.686 0.5 0.4321 0 0 0 
1480000 9454 84.81 2533.263 0.69 0.5648 0 0 0 
1490000 9591 67.244 2602.154 0.525 0.4532 0 0 0 
1500000 9724 72.147 2679.168 0.671 0.4848 0 0 0 
1510000 9850 75.98 2759.225 0.632 0.5105 0 0 0 
1520000 9976 73.044 2835.394 0.597 0.4928 0 0 0 
1530000 10110 70.253 2915.637 0.679 0.4743 0 0 0 
1540000 10257 67.215 2996.933 0.538 0.452 0 0 0 
1550000 10405 59.222 3091.227 0.71 0.4053 0 0 0 
1560000 10561 70.381 3163.674 0.397 0.4772 0 0 0 
1570000 10681 81.199 3223.978 0.463 0.5387 0 0 0 
1580000 10785 92.014 3273.921 0.498 0.6162 0 0 0 
1590000 10905 86.765 3350.088 0.683 0.5888 0 0 0 
1600000 10996 98.457 3403.089 0.596 0.662 0 0 0 
1610000 11142 72.659 3489.273 0.595 0.4851 0 0 0 
1620000 11277 70.252 3558.472 0.507 0.4679 0 0 0 
1630000 11403 66.73 3629.115 0.637 0.4463 0 0 0 
1640000 11546 73.406 3716.23 0.521 0.4972 0 0 0 
1650000 11665 72.222 3781.482 0.637 0.4914 0 0 0 
1660000 11787 64.963 3855.747 0.596 0.4387 0 0 0 
1670000 11907 89.564 3921.445 0.558 0.5981 0 0 0 
1680000 12058 65.415 4016.856 0.663 0.4394 0 0 0 
1690000 12192 76.204 4098.958 0.695 0.5115 0 0 0 
1700000 12277 120.68 4148.135 0.598 0.8059 0 0 0 
1710000 12425 61.133 4244.56 0.653 0.4127 0 0 0 
1720000 12536 87.475 4305.512 0.584 0.584 0 0 0 
1730000 12653 82.969 4370.619 0.513 0.5534 0 0 0 
1740000 12801 73.734 4462.703 0.605 0.4913 0 0 0 
1750000 12960 71.942 4551.843 0.556 0.4804 0 0 0 
1760000 13101 71.97 4628.598 0.549 0.4805 0 0 0 
1770000 13238 60.931 4711.847 0.664 0.4086 0 0 0 
1780000 13396 62.425 4809.908 0.664 0.4188 0 0 0 
1790000 13550 77.397 4920.432 0.713 0.5172 0 0 0 
1800000 13732 47.326 5045.049 0.728 0.3237 0 0 0 
1810000 13928 49.064 5153.494 0.501 0.3373 0 0 0 
1820000 14093 55.802 5258.906 0.62 0.3792 0 0 0 
1830000 14234 65.227 5353.964 0.737 0.4451 0 0 0 
1840000 14397 67.378 5453.741 0.738 0.4582 0 0 0 
1850000 14565 57.083 5570.115 0.741 0.3886 0 0 0 
1860000 14763 53.888 5692.873 0.566 0.3662 0 0 0 
1870000 14936 57.651 5790.128 0.574 0.3884 0 0 0 
1880000 15098 60.768 5886.354 0.574 0.4112 0 0 0 
1890000 15293 47.821 6009.883 0.611 0.3289 0 0 0 
1900000 15457 59.602 6136.196 0.786 0.4072 0 0 0 
1910000 15644 54.224 6261.638 0.724 0.3726 0 0 0 
1920000 15839 54.945 6385.013 0.645 0.3696 0 0 0 
1930000 15992 49.233 6484.947 0.671 0.3304 0 0 0 
1940000 16128 79.775 6561.266 0.586 0.5286 0 0 0 
1950000 16303 48.838 6678.845 0.672 0.3282 0 0 0 
1960000 16450 72.755 6776.073 0.715 0.4871 0 0 0 
1970000 16609 64.507 6897.681 0.741 0.4301 0 0 0 
1980000 16743 65.863 6998.094 0.77 0.4406 0 0 0 
1990000 16881 77.89 7098.889 0.816 0.5165 0 0 0 
2000000 17017 66.874 7191.102 0.698 0.4439 0 0 0 
2010000 17138 81.781 7260.461 0.598 0.5393 0 0 0 
2020000 17277 85.134 7341.428 0.629 0.5658 0 0 0 
2030000 17427 60.397 7455.799 0.838 0.4053 0 0 0 
2040000 17555 81.892 7541.939 0.765 0.5439 0 0 0 
2050000 17726 64.127 7671.86 0.82 0.4297 0 0 0 
2060000 17862 64.875 7753.632 0.601 0.4467 0 0 0 
2070000 18031 64.488 7875.017 0.738 0.4353 0 0 0 
2080000 18205 57.319 7991.435 0.652 0.3869 0 0 0 
2090000 18368 68.904 8115.106 0.732 0.4655 0 0 0 
2100000 18523 60.922 8218.674 0.647 0.4203 0 0 0 
2110000 18651 87.4 8308.804 0.625 0.5919 0 0 0 
2120000 18820 51.949 8430.23 0.654 0.3548 0 0 0 
2130000 18992 55.063 8554.719 0.716 0.3655 0 0 0 
2140000 19177 51.554 8678.473 0.77 0.3422 0 0 0 
2150000 19378 48.154 8820.183 0.731 0.3285 0 0 0 
2160000 19496 86.007 8904.183 0.704 0.5757 0 0 0 
2170000 19659 59.43 9015.464 0.685 0.4015 0 0 0 
2180000 19870 45.665 9183.314 0.797 0.3148 0 0 0 
2190000 20078 38.937 9356.097 0.839 0.2717 0 0 0 
2200000 20183 90.707 9422.97 0.701 0.6092 0 0 0 
2210000 20368 49.383 9550.859 0.629 0.3396 0 0 0 
2220000 20552 47.075 9661.546 0.622 0.3218 0 0 0 
2230000 20733 52.691 9799.032 0.767 0.3594 0 0 0 
2240000 20914 47.918 9916.588 0.663 0.3278 0 0 0 
2250000 21109 54.063 10054.218 0.737 0.3617 0 0 0 
2260000 21319 45.053 10211.01 0.782 0.3024 0 0 0 
2270000 21516 47.389 10334.604 0.698 0.318 0 0 0 
2280000 21715 62.297 10474.267 0.575 0.4107 0 0 0 
2290000 21918 50.298 10604.174 0.563 0.3341 0 0 0 
2300000 22117 52.002 10761.968 0.758 0.3458 0 0 0 
2310000 22315 59.617 10902.663 0.664 0.3952 0 0 0 
2320000 22471 61.572 11015.491 0.715 0.4177 0 0 0 
2330000 22658 56.969 11159.059 0.741 0.3944 0 0 0 
2340000 22834 51.93 11275.972 0.728 0.357 0 0 0 
2350000 23036 47.974 11410.676 0.607 0.3351 0 0 0 
2360000 23259 45.914 11572.506 0.773 0.3201 0 0 0 
2370000 23436 50.717 11690.381 0.612 0.3535 0 0 0 
2380000 23632 49.843 11831.134 0.786 0.3469 0 0 0 
2390000 23838 45.723 11975.923 0.818 0.3223 0 0 0 
2400000 24015 63.36 12081.679 0.619 0.4408 0 0 0 
2410000 24206 57.178 12223.724 0.646 0.395 0 0 0 
2420000 24370 47.091 12320.7 0.585 0.3294 0 0 0 
2430000 24566 48.782 12461.762 0.668 0.3403 0 0 0 
2440000 24789 53.345 12611.576 0.719 0.3703 0 0 0 
2450000 24921 104.834 12690.276 0.667 0.7163 0 0 0 
2460000 25104 58.871 12811.934 0.607 0.417 0 0 0 
2470000 25291 51.987 12955.676 0.757 0.3579 0 0 0 
2480000 25488 58.937 13101.329 0.687 0.4014 0 0 0 
2490000 25674 59.827 13238.237 0.721 0.4054 0 0 0 
2500000 25879 49.408 13399.741 0.835 0.3357 0 0 0 
2510000 26059 51.385 13526.573 0.701 0.3528 0 0 0 
2520000 26186 69.263 13623.861 0.769 0.4653 0 0 0 
2530000 26377 53.417 13767.5 0.734 0.36 0 0 0 
2540000 26592 47.192 13929.415 0.737 0.319 0 0 0 
2550000 26722 67.814 14017.209 0.618 0.4493 0 0 0 
2560000 26902 63.682 14161.907 0.837 0.4277 0 0 0 
2570000 27084 62.042 14288.545 0.711 0.425 0 0 0 
2580000 27226 57.614 14394.408 0.798 0.3953 0 0 0 
2590000 27363 73.671 14497.356 0.729 0.5001 0 0 0 
2600000 27569 51.301 14643.958 0.761 0.3563 0 0 0 
2610000 27708 56.476 14737.23 0.67 0.3865 0 0 0 
2620000 27931 50.218 14903.085 0.797 0.3436 0 0 0 
2630000 28083 67.404 15029.581 0.859 0.4544 0 0 0 
2640000 28262 57.507 15165.232 0.69 0.3841 0 0 0 
2650000 28444 52.468 15297.751 0.809 0.3552 0 0 0 
2660000 28608 56.393 15430.363 0.888 0.3821 0 0 0 
2670000 28750 66.841 15522.715 0.632 0.4583 0 0 0 
2680000 28925 65.744 15644.224 0.655 0.4538 0 0 0 
2690000 29092 70.992 15771.9 0.762 0.488 0 0 0 
2700000 29289 46.853 15905.31 0.657 0.3278 0 0 0 
2710000 29466 58.556 16040.805 0.775 0.405 0 0 0 
2720000 29638 51.022 16165.327 0.637 0.3555 0 0 0 
2730000 29805 67.669 16294.958 0.794 0.4533 0 0 0 
2740000 30008 46.574 16438.653 0.717 0.3238 0 0 0 
2750000 30175 61.1 16567.975 0.785 0.4144 0 0 0 
2760000 30296 78.54 16646.811 0.571 0.527 0 0 0 
2770000 30487 57.803 16792.381 0.733 0.3929 0 0 0 
2780000 30662 54.404 16938.083 0.787 0.3716 0 0 0 
2790000 30803 62.213 17055.484 0.83 0.4221 0 0 0 
2800000 30942 59.059 17143.003 0.632 0.4057 0 0 0 
2810000 31113 52.65 17284.542 0.818 0.363 0 0 0 
2820000 31271 53.724 17415.181 0.795 0.3691 0 0 0 
2830000 31403 95.748 17505.428 0.629 0.6484 0 0 0 
2840000 31524 86.736 17595.038 0.729 0.5877 0 0 0 
2850000 31702 56.297 17731.672 0.803 0.3863 0 0 0 
2860000 31887 46.699 17863.282 0.739 0.324 0 0 0 
2870000 32044 70.158 17978.485 0.758 0.4783 0 0 0 
2880000 32206 53.953 18118.859 0.894 0.3738 0 0 0 
2890000 32399 55.338 18270.79 0.768 0.3832 0 0 0 
2900000 32534 68.125 18384.4 0.882 0.4678 0 0 0 
2910000 32723 50.178 18528.023 0.836 0.3482 0 0 0 
2920000 32891 62.338 18662.682 0.784 0.4284 0 0 0 
2930000 32996 91.553 18743.868 0.723 0.6195 0 0 0 
2940000 33139 68.808 18865.645 0.859 0.4551 0 0 0 
2950000 33311 54.251 18992.119 0.726 0.362 0 0 0 
2960000 33508 43.33 19149.714 0.815 0.2947 0 0 0 
2970000 33646 70.246 19246.19 0.739 0.4557 0 0 0 
2980000 33830 56.504 19383.054 0.749 0.3753 0 0 0 
2990000 34014 47.522 19537.796 0.873 0.3169 0 0 0 
3000000 34161 75.905 19649.568 0.759 0.4959 0 0 0 
3010000 34325 58.288 19766.17 0.714 0.3839 0 0 0 
3020000 34493 62.712 19882.924 0.708 0.4102 0 0 0 
3030000 34640 75.816 19988.389 0.733 0.4925 0 0 0 
3040000 34791 65.151 20107.794 0.78 0.4254 0 0 0 
3050000 34949 53.795 20232.196 0.776 0.3504 0 0 0 
3060000 35092 59.578 20343.373 0.773 0.3912 0 0 0 
3070000 35270 46.373 20470.116 0.716 0.3077 0 0 0 
3080000 35456 49.229 20610.689 0.781 0.3262 0 0 0 
3090000 35626 57.937 20741.294 0.862 0.3804 0 0 0 
3100000 35774 55.719 20845.855 0.721 0.3664 0 0 0 
3110000 35910 65.44 20942.467 0.767 0.4307 0 0 0 
3120000 36089 52.904 21084.646 0.824 0.3498 0 0 0 
3130000 36258 61.813 21224.536 0.854 0.4064 0 0 0 
3140000 36429 62.72 21358.274 0.731 0.4107 0 0 0 
3150000 36607 47.441 21499.326 0.78 0.3249 0 0 0 
3160000 36768 65.609 21626.876 0.836 0.4384 0 0 0 
3170000 36922 69.878 21755.478 0.842 0.4739 0 0 0 
3180000 37081 66.043 21855.531 0.725 0.4486 0 0 0 
3190000 37239 66.085 21968.082 0.745 0.4493 0 0 0 
3200000 37406 61.28 22089.849 0.737 0.4171 0 0 0 
3210000 37631 47.479 22273.804 0.843 0.3267 0 0 0 
3220000 37813 50.542 22408.387 0.659 0.3464 0 0 0 
3230000 37979 48.488 22523.11 0.668 0.3319 0 0 0 
3240000 38153 47.123 22662.067 0.784 0.3237 0 0 0 
3250000 38309 55.634 22794.732 0.861 0.3821 0 0 0 
3260000 38468 59.951 22910.732 0.773 0.4076 0 0 0 
3270000 38658 46.394 23043.6 0.699 0.3205 0 0 0 
3280000 38833 56.422 23185.573 0.867 0.3841 0 0 0 
3290000 39019 54.465 23334.511 0.805 0.3695 0 0 0 
3300000 39205 48.838 23477.268 0.728 0.3324 0 0 0 
3310000 39402 45.915 23627.143 0.795 0.3165 0 0 0 
3320000 39546 63.057 23727.532 0.701 0.4305 0 0 0 
3330000 39751 47.206 23875.318 0.658 0.314 0 0 0 
3340000 39916 50.157 24003.095 0.824 0.3337 0 0 0 
3350000 40083 52.113 24122.756 0.707 0.3372 0 0 0 
3360000 40240 59.929 24236.392 0.692 0.3956 0 0 0 
3370000 40384 65.154 24340.815 0.651 0.4361 0 0 0 
3380000 40550 70.741 24455.462 0.658 0.4812 0 0 0 
3390000 40720 59.058 24571.96 0.674 0.4058 0 0 0 
3400000 40916 50.558 24700.599 0.585 0.35 0 0 0 
3410000 41102 66.986 24833.372 0.694 0.4634 0 0 0 
3420000 41259 92.444 24971.29 0.826 0.6152 0 0 0 
3430000 41378 73.778 25049.003 0.681 0.491 0 0 0 
3440000 41567 42.769 25189.267 0.757 0.2864 0 0 0 
3450000 41746 49.615 25335.153 0.87 0.3313 0 0 0 
3460000 41928 58.324 25474.214 0.732 0.3848 0 0 0 
3470000 42115 54.253 25614.122 0.711 0.3604 0 0 0 
3480000 42280 76.354 25734.046 0.716 0.5007 0 0 0 
3490000 42475 50.69 25869.703 0.691 0.3399 0 0 0 
3500000 42636 59.334 25995.808 0.749 0.3961 0 0 0 
3510000 42831 58.462 26119.483 0.646 0.3913 0 0 0 
3520000 42994 58.452 26239.172 0.757 0.3913 0 0 0 
3530000 43168 58.314 26350.304 0.542 0.3856 0 0 0 
3540000 43342 53.45 26487.098 0.804 0.3559 0 0 0 
3550000 43535 58.75 26611.046 0.592 0.3894 0 0 0 
3560000 43710 68.485 26729.122 0.742 0.4524 0 0 0 
3570000 43884 52.297 26861.971 0.709 0.3498 0 0 0 
3580000 44055 64.556 26970.122 0.623 0.4273 0 0 0 
3590000 44223 54.421 27070.762 0.562 0.363 0 0 0 
3600000 44373 66.503 27161.787 0.654 0.4345 0 0 0 
3610000 44547 52.995 27272.459 0.61 0.3554 0 0 0 
3620000 44655 94.284 27349.09 0.772 0.6206 0 0 0 
3630000 44818 64.839 27460.512 0.735 0.4308 0 0 0 
3640000 45019 56.201 27612.272 0.769 0.3746 0 0 0 
3650000 45193 58.502 27719.062 0.605 0.3888 0 0 0 
3660000 45376 45.409 27860.927 0.836 0.307 0 0 0 
3670000 45554 51.216 27991.622 0.722 0.3447 0 0 0 
3680000 45742 53.595 28126.674 0.761 0.3607 0 0 0 
3690000 45913 60.211 28268.252 0.851 0.4042 0 0 0 
3700000 46084 73.742 28392.054 0.686 0.487 0 0 0 
3710000 46274 59.706 28530.821 0.704 0.3999 0 0 0 
3720000 46432 66.259 28653.365 0.735 0.4386 0 0 0 
3730000 46580 73.252 28769.869 0.835 0.4852 0 0 0 
3740000 46757 51.743 28915.454 0.811 0.3504 0 0 0 
3750000 46950 48.33 29059.308 0.804 0.33 0 0 0 
3760000 47093 73.572 29158.851 0.689 0.4971 0 0 0 
3770000 47238 70.652 29280.324 0.776 0.4737 0 0 0 
3780000 47417 63.446 29436.311 0.826 0.4301 0 0 0 
3790000 47592 55.693 29588.156 0.867 0.378 0 0 0 
3800000 47751 61.197 29705.58 0.82 0.4142 0 0 0 
3810000 47909 53.057 29842.341 0.879 0.3521 0 0 0 
3820000 48085 53.549 29962.906 0.776 0.3631 0 0 0 
3830000 48270 48.425 30094.646 0.775 0.3332 0 0 0 
3840000 48400 79.097 30205.442 0.881 0.5308 0 0 0 
3850000 48560 58.97 30332.253 0.797 0.4015 0 0 0 
3860000 48717 56.74 30447.902 0.754 0.3862 0 0 0 
3870000 48912 45.572 30597.689 0.815 0.3074 0 0 0 
3880000 49113 46.547 30757.668 0.73 0.3114 0 0 0 
3890000 49273 64.286 30856.401 0.573 0.4324 0 0 0 
3900000 49446 48.862 30978.086 0.652 0.3316 0 0 0 
3910000 49653 49.339 31131.933 0.636 0.3309 0 0 0 
3920000 49844 54.261 31253.635 0.671 0.3599 0 0 0 
3930000 50018 62.918 31376.402 0.673 0.4153 0 0 0 
3940000 50207 41.78 31512.074 0.682 0.2817 0 0 0 
3950000 50375 53.387 31637.119 0.785 0.3541 0 0 0 
3960000 50527 59.352 31751.965 0.792 0.3906 0 0 0 
3970000 50680 61.062 31873.52 0.753 0.4017 0 0 0 
3980000 50868 47.707 32016.192 0.748 0.351 0 0 0 
3990000 51025 61.151 32113.826 0.622 0.4095 0 0 0 
4000000 51171 71.183 32218.378 0.764 0.4713 0 0 0 
