10000 41 130.671 -27.508 -0.363 0.3635 0 0 0 
20000 72 210.501 -49.084 -0.53 0.5792 0 0 0 
30000 173 116.339 -134.081 -0.802 0.5198 0 0 0 
40000 242 175.805 -187.491 -0.796 0.8613 0 0 0 
50000 270 258.095 -197.85 -0.621 1.2711 0 0 0 
60000 325 205.841 -236.487 -0.684 1.0254 0 0 0 
70000 372 207.777 -271.534 -0.723 1.0399 0 0 0 
80000 417 216.796 -304.793 -0.725 1.0852 0 0 0 
90000 462 221.055 -333.4 -0.703 1.1054 0 0 0 
100000 502 221.721 -360.947 -0.69 1.1167 0 0 0 
110000 569 166.793 -393.562 -0.559 0.8488 0 0 0 
120000 611 193.247 -420.164 -0.588 0.9732 0 0 0 
130000 649 219.519 -450.43 -0.707 1.104 0 0 0 
140000 698 214.294 -467.126 -0.489 1.0723 0 0 0 
150000 737 233.314 -490.818 -0.561 1.1623 0 0 0 
160000 769 254.821 -513.215 -0.623 1.2654 0 0 0 
170000 792 317.77 -528.581 -0.638 1.582 0 0 0 
180000 832 283.777 -555.147 -0.68 1.4168 0 0 0 
190000 867 284.81 -571.913 -0.594 1.4184 0 0 0 
200000 907 259.359 -588.185 -0.491 1.295 0 0 0 
210000 930 317.359 -596.182 -0.46 1.5888 0 0 0 
220000 956 349.223 -608.086 -0.46 1.7562 0 0 0 
230000 991 314.439 -630.856 -0.547 1.583 0 0 0 
240000 1021 324.312 -647.991 -0.56 1.6342 0 0 0 
250000 1059 285.418 -668.506 -0.53 1.4472 0 0 0 
260000 1080 353.279 -682.492 -0.58 1.7919 0 0 0 
270000 1105 378.942 -696.035 -0.562 1.9203 0 0 0 
280000 1139 343.249 -715.015 -0.579 1.7434 0 0 0 
290000 1159 377.443 -724.508 -0.558 1.9168 0 0 0 
300000 1186 375.302 -737.47 -0.514 1.8938 0 0 0 
310000 1224 317.917 -759.83 -0.578 1.6004 0 0 0 
320000 1251 330.391 -770.182 -0.493 1.6581 0 0 0 
330000 1278 354.929 -787.619 -0.565 1.781 0 0 0 
340000 1311 313.293 -803.198 -0.496 1.5736 0 0 0 
350000 1340 323.793 -813.901 -0.416 1.6283 0 0 0 
360000 1364 357.728 -830.246 -0.507 1.7967 0 0 0 
370000 1387 377.415 -840.968 -0.506 1.8937 0 0 0 
380000 1401 464.553 -848.683 -0.514 2.3297 0 0 0 
390000 1422 466.141 -860.087 -0.537 2.3446 0 0 0 
400000 1441 495.715 -869.508 -0.521 2.5026 0 0 0 
410000 1461 485.341 -871.472 -0.366 2.4418 0 0 0 
420000 1484 484.436 -884.82 -0.433 2.4328 0 0 0 
430000 1500 517.915 -892.739 -0.451 2.597 0 0 0 
440000 1517 532.835 -900.374 -0.452 2.6698 0 0 0 
450000 1541 489.972 -896.265 -0.213 2.4544 0 0 0 
460000 1562 485.293 -903.685 -0.255 2.433 0 0 0 
470000 1592 424.989 -911.675 -0.289 2.1353 0 0 0 
480000 1627 345.103 -922.812 -0.282 1.736 0 0 0 
490000 1658 338.493 -929.459 -0.265 1.704 0 0 0 
500000 1681 371.782 -930.297 -0.171 1.8717 0 0 0 
510000 1704 402.769 -939.23 -0.263 2.0251 0 0 0 
520000 1728 400.497 -945.719 -0.264 2.0134 0 0 0 
530000 1755 374.87 -950.391 -0.234 1.8912 0 0 0 
540000 1779 391.555 -952.864 -0.175 1.9741 0 0 0 
550000 1804 390.589 -951.859 -0.078 1.9713 0 0 0 
560000 1829 405.246 -950.005 -0.011 2.0465 0 0 0 
570000 1844 470.793 -952.525 -0.041 2.3811 0 0 0 
580000 1872 423.687 -952.769 -0.02 2.1472 0 0 0 
590000 1896 413.585 -962.653 -0.154 2.0953 0 0 0 
600000 1930 343.2 -962.943 -0.044 1.7379 0 0 0 
610000 1954 362.347 -966.683 -0.086 1.8359 0 0 0 
620000 1979 375.876 -974.341 -0.164 1.9079 0 0 0 
630000 2004 390.289 -973.359 -0.089 1.9807 0 0 0 
640000 2037 334.967 -966.906 0.071 1.6995 0 0 0 
650000 2084 247.47 -953.729 0.185 1.2606 0 0 0 
660000 2126 232.136 -954.5 0.049 1.184 0 0 0 
670000 2171 222.351 -949.823 0.099 1.1379 0 0 0 
680000 2224 216.886 -938.981 0.188 1.1101 0 0 0 
690000 2283 175.835 -925.47 0.25 0.904 0 0 0 
700000 2386 97.751 -875.631 0.348 0.5095 0 0 0 
710000 2469 130.774 -858.731 0.223 0.6777 0 0 0 
720000 2577 98.884 -826.614 0.194 0.5156 0 0 0 
730000 2675 97.954 -796.379 0.285 0.5107 0 0 0 
740000 2757 107.212 -776.34 0.255 0.5569 0 0 0 
750000 2853 84.399 -732.167 0.492 0.4424 0 0 0 
760000 2909 143.816 -711.676 0.449 0.7442 0 0 0 
770000 3012 98.345 -672.467 0.33 0.5164 0 0 0 
780000 3107 110.176 -625.591 0.443 0.578 0 0 0 
790000 3207 101.867 -603.557 0.277 0.5348 0 0 0 
800000 3358 58.663 -566.244 0.259 0.3127 0 0 0 
810000 3462 91.726 -518.342 0.442 0.4828 0 0 0 
820000 3595 67.036 -448.421 0.526 0.3559 0 0 0 
830000 3731 60.132 -371.791 0.501 0.3216 0 0 0 
840000 3867 70.862 -298.923 0.547 0.3765 0 0 0 
850000 3994 73.334 -255.081 0.327 0.39 0 0 0 
860000 4147 57.152 -167.228 0.509 0.3062 0 0 0 
870000 4295 66.115 -82.421 0.467 0.3535 0 0 0 
880000 4443 74.417 -16.141 0.495 0.3961 0 0 0 
890000 4590 80.029 33.205 0.319 0.426 0 0 0 
900000 4752 60.677 113.57 0.437 0.3244 0 0 0 
910000 4945 59.303 183.143 0.441 0.3174 0 0 0 
920000 5130 54.903 270.983 0.581 0.2951 0 0 0 
930000 5271 67.19 338.555 0.582 0.3584 0 0 0 
940000 5470 55.043 390.234 0.251 0.2963 0 0 0 
950000 5635 58.856 453.935 0.349 0.3168 0 0 0 
960000 5788 54.73 525.655 0.567 0.2959 0 0 0 
970000 5940 54.537 590.135 0.517 0.2954 0 0 0 
980000 6155 40.193 710.262 0.711 0.2219 0 0 0 
990000 6289 74.429 770.747 0.472 0.3985 0 0 0 
1000000 6421 79.577 836.934 0.471 0.4236 0 0 0 
1010000 6550 85.31 904.222 0.545 0.4523 0 0 0 
1020000 6705 56.179 975.693 0.578 0.3032 0 0 0 
1030000 6820 78.688 1004.8 0.245 0.4181 0 0 0 
1040000 6995 63.071 1078.087 0.419 0.3385 0 0 0 
1050000 7111 74.152 1138.403 0.514 0.3964 0 0 0 
1060000 7251 69.286 1216.723 0.494 0.3704 0 0 0 
1070000 7392 71.356 1271.93 0.257 0.3815 0 0 0 
1080000 7526 85.866 1324.22 0.377 0.4591 0 0 0 
1090000 7672 70.516 1382.081 0.407 0.3783 0 0 0 
1100000 7810 76.958 1424.068 0.264 0.4126 0 0 0 
1110000 7930 79.375 1445.879 0.181 0.4291 0 0 0 
1120000 8096 55.442 1540.196 0.604 0.3048 0 0 0 
1130000 8262 62.101 1616.504 0.409 0.3375 0 0 0 
1140000 8432 57.815 1718.768 0.639 0.3153 0 0 0 
1150000 8616 57.84 1813.232 0.477 0.3154 0 0 0 
1160000 8747 64.63 1888.447 0.563 0.3503 0 0 0 
1170000 8861 88.066 1934.086 0.454 0.473 0 0 0 
1180000 8972 90.89 1985.054 0.452 0.4885 0 0 0 
1190000 9130 64.811 2073.345 0.481 0.3516 0 0 0 
1200000 9271 65.397 2141.253 0.457 0.3547 0 0 0 
1210000 9448 50.342 2239.024 0.549 0.277 0 0 0 
1220000 9595 70.456 2296.358 0.497 0.3797 0 0 0 
1230000 9701 95.314 2346.112 0.563 0.5096 0 0 0 
1240000 9867 53.06 2426.438 0.582 0.2903 0 0 0 
1250000 10042 57.662 2521.9 0.418 0.3138 0 0 0 
1260000 10190 72.375 2601.99 0.47 0.391 0 0 0 
1270000 10375 60.753 2713.677 0.513 0.33 0 0 0 
1280000 10510 67.739 2783.359 0.576 0.3674 0 0 0 
1290000 10671 59.364 2882.583 0.549 0.3219 0 0 0 
1300000 10835 73.645 2956.614 0.413 0.3956 0 0 0 
1310000 10951 79.29 3010.45 0.518 0.4255 0 0 0 
1320000 11091 92.161 3088.24 0.412 0.4907 0 0 0 
1330000 11202 108.773 3141.045 0.473 0.5752 0 0 0 
1340000 11337 79.162 3229.964 0.687 0.4258 0 0 0 
1350000 11458 74.569 3293.048 0.596 0.402 0 0 0 
1360000 11577 93.999 3374.719 0.633 0.5045 0 0 0 
1370000 11703 65.214 3442.546 0.547 0.3523 0 0 0 
1380000 11851 64.973 3516.804 0.511 0.3501 0 0 0 
1390000 11993 66.161 3596.974 0.562 0.3565 0 0 0 
1400000 12114 68.236 3648.054 0.463 0.3672 0 0 0 
1410000 12247 72.666 3715.396 0.528 0.392 0 0 0 
1420000 12385 65.859 3803.6 0.652 0.3564 0 0 0 
1430000 12557 58.039 3922.018 0.649 0.3148 0 0 0 
1440000 12704 59.973 4015.482 0.592 0.3251 0 0 0 
1450000 12849 75.415 4102.751 0.502 0.4043 0 0 0 
1460000 13011 73.904 4209.027 0.6 0.3965 0 0 0 
1470000 13159 59.957 4275.237 0.544 0.3256 0 0 0 
1480000 13317 75.997 4373.509 0.593 0.4077 0 0 0 
1490000 13458 62.226 4450.497 0.442 0.3353 0 0 0 
1500000 13588 63.42 4526.807 0.639 0.342 0 0 0 
1510000 13744 55.342 4601.065 0.41 0.3005 0 0 0 
1520000 13924 59.39 4699.565 0.478 0.3219 0 0 0 
1530000 14095 58.219 4803.114 0.596 0.3161 0 0 0 
1540000 14238 62.163 4888.481 0.565 0.3359 0 0 0 
1550000 14380 65.33 4971.173 0.612 0.3528 0 0 0 
1560000 14510 68.843 5055.395 0.622 0.3697 0 0 0 
1570000 14695 55.046 5180.963 0.656 0.2984 0 0 0 
1580000 14841 59.671 5255.674 0.578 0.3227 0 0 0 
1590000 14976 81.037 5332.893 0.559 0.4349 0 0 0 
1600000 15119 72.128 5426.087 0.696 0.3861 0 0 0 
1610000 15272 67.328 5531.827 0.711 0.3614 0 0 0 
1620000 15433 66.94 5643.454 0.755 0.3603 0 0 0 
1630000 15597 64.139 5752.243 0.71 0.3451 0 0 0 
1640000 15756 48.412 5859.934 0.648 0.2639 0 0 0 
1650000 15883 61.54 5931.135 0.599 0.3302 0 0 0 
1660000 16024 67.234 6018.057 0.543 0.3583 0 0 0 
1670000 16163 65.757 6091.759 0.582 0.3526 0 0 0 
1680000 16338 55.612 6177.309 0.473 0.2995 0 0 0 
1690000 16505 59.213 6276.996 0.6 0.3186 0 0 0 
1700000 16646 64.431 6368.505 0.697 0.3456 0 0 0 
1710000 16763 92.773 6441.919 0.674 0.4887 0 0 0 
1720000 16884 76.131 6511.234 0.64 0.4039 0 0 0 
1730000 17008 75.824 6588.468 0.52 0.404 0 0 0 
1740000 17130 65.097 6645.338 0.51 0.3487 0 0 0 
1750000 17288 62.024 6709.713 0.395 0.3332 0 0 0 
1760000 17432 57.407 6793.867 0.558 0.309 0 0 0 
1770000 17553 73.575 6865.491 0.585 0.3915 0 0 0 
1780000 17697 59.956 6936.042 0.466 0.3215 0 0 0 
1790000 17860 60.284 7041.327 0.613 0.324 0 0 0 
1800000 18007 63.476 7134.683 0.625 0.3402 0 0 0 
1810000 18165 55.894 7243.358 0.739 0.3014 0 0 0 
1820000 18282 72.168 7322.084 0.697 0.3846 0 0 0 
1830000 18413 78.651 7399.178 0.656 0.4208 0 0 0 
1840000 18580 44.876 7526.596 0.753 0.2447 0 0 0 
1850000 18738 56.722 7638.792 0.733 0.3061 0 0 0 
1860000 18927 54.913 7757.955 0.68 0.2955 0 0 0 
1870000 19116 54.66 7881.748 0.634 0.295 0 0 0 
1880000 19255 76.842 7976.793 0.679 0.4081 0 0 0 
1890000 19409 64.867 8067.412 0.582 0.3469 0 0 0 
1900000 19554 67.334 8152.741 0.504 0.3603 0 0 0 
1910000 19728 55.1 8263.251 0.698 0.2962 0 0 0 
1920000 19901 50.934 8374.781 0.74 0.2758 0 0 0 
1930000 20077 47.056 8477.195 0.613 0.2565 0 0 0 
1940000 20241 62.089 8596.378 0.686 0.3335 0 0 0 
1950000 20406 54.253 8700.088 0.656 0.2923 0 0 0 
1960000 20576 60.029 8822.749 0.694 0.3232 0 0 0 
1970000 20745 55.479 8928.116 0.646 0.2998 0 0 0 
1980000 20908 50.251 9032.333 0.675 0.2728 0 0 0 
1990000 21056 70.291 9137.037 0.718 0.3764 0 0 0 
2000000 21269 45.666 9292.774 0.738 0.2492 0 0 0 
2010000 21466 53.906 9428.549 0.717 0.2918 0 0 0 
2020000 21682 51.275 9573.251 0.708 0.2784 0 0 0 
2030000 21886 43.673 9710.315 0.696 0.2373 0 0 0 
2040000 22021 73.306 9786.114 0.613 0.391 0 0 0 
2050000 22215 44.353 9911.058 0.625 0.241 0 0 0 
2060000 22389 48.101 10013.468 0.648 0.2595 0 0 0 
2070000 22588 43.873 10129.165 0.66 0.2383 0 0 0 
2080000 22747 65.881 10216.419 0.623 0.3514 0 0 0 
2090000 22893 61.752 10323.57 0.825 0.3311 0 0 0 
2100000 23005 86.728 10406.713 0.737 0.4582 0 0 0 
2110000 23188 55.406 10526.487 0.695 0.2979 0 0 0 
2120000 23346 63.65 10621.415 0.588 0.3398 0 0 0 
2130000 23458 81.516 10690.284 0.506 0.4327 0 0 0 
2140000 23598 68.674 10787.613 0.692 0.3654 0 0 0 
2150000 23724 93.187 10873.973 0.601 0.4891 0 0 0 
2160000 23870 82.524 10974.721 0.72 0.4372 0 0 0 
2170000 24015 62.796 11062.314 0.674 0.3359 0 0 0 
2180000 24158 76.995 11160.251 0.627 0.407 0 0 0 
2190000 24322 67.921 11272.56 0.78 0.3628 0 0 0 
2200000 24443 64.769 11354.146 0.765 0.3455 0 0 0 
2210000 24584 74.938 11435.882 0.652 0.3981 0 0 0 
2220000 24707 71.245 11527.733 0.751 0.3819 0 0 0 
2230000 24848 68.358 11633.489 0.758 0.3645 0 0 0 
2240000 24978 76.238 11717.429 0.638 0.4066 0 0 0 
2250000 25121 78.102 11807.38 0.652 0.4178 0 0 0 
2260000 25238 70.831 11877.921 0.524 0.3816 0 0 0 
2270000 25383 64.17 11977.605 0.676 0.3452 0 0 0 
2280000 25572 52.702 12107.592 0.599 0.2875 0 0 0 
2290000 25713 71.029 12207.265 0.73 0.3824 0 0 0 
2300000 25857 64.087 12304.257 0.64 0.3458 0 0 0 
2310000 25979 71.704 12376.87 0.539 0.3868 0 0 0 
2320000 26156 47.732 12496.656 0.696 0.2606 0 0 0 
2330000 26281 71.65 12578.144 0.654 0.3854 0 0 0 
2340000 26461 58.889 12703.058 0.678 0.3194 0 0 0 
2350000 26628 51.646 12805.098 0.612 0.2808 0 0 0 
2360000 26789 57.506 12911.246 0.586 0.3106 0 0 0 
2370000 26995 47.402 13064.293 0.734 0.2597 0 0 0 
2380000 27131 59.519 13152.835 0.587 0.3223 0 0 0 
2390000 27259 85.82 13233.657 0.68 0.4598 0 0 0 
2400000 27399 63.062 13323.406 0.573 0.3392 0 0 0 
2410000 27589 53.667 13436.229 0.593 0.2925 0 0 0 
2420000 27784 48.176 13566.025 0.663 0.2632 0 0 0 
2430000 27948 54.15 13685.213 0.768 0.2938 0 0 0 
2440000 28132 47.904 13814.488 0.753 0.2614 0 0 0 
2450000 28312 53.145 13923.255 0.585 0.2875 0 0 0 
2460000 28471 61.487 14037.538 0.737 0.3318 0 0 0 
2470000 28639 67.906 14143.903 0.638 0.3682 0 0 0 
2480000 28840 65.611 14275.56 0.652 0.3554 0 0 0 
2490000 29055 45.43 14409.432 0.735 0.2489 0 0 0 
2500000 29244 48.042 14541.093 0.717 0.2618 0 0 0 
2510000 29365 70.372 14626.689 0.682 0.3766 0 0 0 
2520000 29565 49.102 14767.413 0.783 0.2665 0 0 0 
2530000 29702 63.576 14866.894 0.809 0.3415 0 0 0 
2540000 29869 69.807 14978.893 0.788 0.3728 0 0 0 
2550000 30036 59.739 15092.73 0.764 0.3222 0 0 0 
2560000 30176 69.196 15198.791 0.762 0.3715 0 0 0 
2570000 30363 54.278 15330.636 0.658 0.2957 0 0 0 
2580000 30523 63.183 15423.127 0.49 0.3431 0 0 0 
2590000 30677 68.106 15528.312 0.722 0.3671 0 0 0 
2600000 30813 64.798 15635.305 0.827 0.3502 0 0 0 
2610000 31004 49.204 15769.316 0.69 0.2693 0 0 0 
2620000 31151 72.13 15885.136 0.756 0.3892 0 0 0 
2630000 31319 62.346 15997.882 0.638 0.337 0 0 0 
2640000 31466 76.266 16105.695 0.724 0.4112 0 0 0 
2650000 31585 77.431 16178.295 0.588 0.4148 0 0 0 
2660000 31715 74.805 16257.824 0.663 0.4053 0 0 0 
2670000 31915 50.608 16388.616 0.64 0.2779 0 0 0 
2680000 32065 58.771 16479.563 0.569 0.3201 0 0 0 
2690000 32240 54.398 16609.699 0.729 0.2975 0 0 0 
2700000 32384 67.916 16708.999 0.753 0.3668 0 0 0 
2710000 32528 70.972 16767.877 0.474 0.3853 0 0 0 
2720000 32707 53.14 16881.47 0.62 0.2904 0 0 0 
2730000 32901 48.155 17014.123 0.664 0.2646 0 0 0 
2740000 33092 61.954 17146.093 0.735 0.3374 0 0 0 
2750000 33314 47.863 17309.408 0.73 0.2641 0 0 0 
2760000 33545 47.437 17443.475 0.702 0.2609 0 0 0 
2770000 33724 57.222 17591.656 0.832 0.3124 0 0 0 
2780000 33877 72.039 17689.598 0.702 0.3907 0 0 0 
2790000 34113 43.739 17860.689 0.679 0.2412 0 0 0 
2800000 34319 42.392 17987.722 0.678 0.2353 0 0 0 
2810000 34493 50.146 18096.502 0.628 0.2753 0 0 0 
2820000 34680 43.414 18230.279 0.746 0.2394 0 0 0 
2830000 34918 41.143 18385.192 0.644 0.2278 0 0 0 
2840000 35081 62.107 18497.151 0.725 0.3405 0 0 0 
2850000 35297 50.537 18639.965 0.582 0.2789 0 0 0 
2860000 35476 44.821 18769.879 0.664 0.2494 0 0 0 
2870000 35608 73.708 18858.282 0.697 0.3953 0 0 0 
2880000 35761 58.41 18963.86 0.644 0.3154 0 0 0 
2890000 35920 77.328 19069.16 0.659 0.4129 0 0 0 
2900000 36096 61.673 19189.51 0.651 0.3328 0 0 0 
2910000 36199 99.97 19259.297 0.606 0.5297 0 0 0 
2920000 36393 62.687 19404.256 0.791 0.3399 0 0 0 
2930000 36552 55.37 19515.889 0.635 0.3001 0 0 0 
2940000 36701 59.293 19628.34 0.784 0.3192 0 0 0 
2950000 36871 60.565 19752.801 0.775 0.3266 0 0 0 
2960000 37068 49.163 19893.085 0.669 0.2673 0 0 0 
2970000 37232 63.552 20014.412 0.8 0.3412 0 0 0 
2980000 37401 58.479 20148.897 0.845 0.3172 0 0 0 
2990000 37540 75.829 20231.204 0.721 0.4047 0 0 0 
3000000 37722 60.171 20362.499 0.783 0.3258 0 0 0 
3010000 37874 68.519 20459.381 0.616 0.3693 0 0 0 
3020000 38017 70.648 20560.277 0.696 0.3788 0 0 0 
3030000 38199 70.411 20695.774 0.726 0.3773 0 0 0 
3040000 38370 50.448 20795.518 0.648 0.2746 0 0 0 
3050000 38606 38.464 20964.485 0.63 0.2134 0 0 0 
3060000 38757 54.928 21056.624 0.619 0.2983 0 0 0 
3070000 38924 62.541 21170.81 0.676 0.3363 0 0 0 
3080000 39114 49.932 21297.774 0.584 0.2718 0 0 0 
3090000 39308 42.962 21431.047 0.715 0.2366 0 0 0 
3100000 39489 51.747 21549.339 0.646 0.2823 0 0 0 
3110000 39681 50.553 21684.532 0.703 0.2756 0 0 0 
3120000 39873 52.815 21815.471 0.628 0.287 0 0 0 
3130000 40059 59.589 21942.536 0.678 0.3245 0 0 0 
3140000 40260 55.214 22062.731 0.624 0.2997 0 0 0 
3150000 40452 53.187 22197.827 0.736 0.2891 0 0 0 
3160000 40644 45.287 22314.545 0.59 0.2488 0 0 0 
3170000 40819 57.714 22428.278 0.687 0.3151 0 0 0 
3180000 40993 65.893 22553.292 0.635 0.3556 0 0 0 
3190000 41162 51.441 22671.498 0.708 0.2801 0 0 0 
3200000 41348 55.757 22800.843 0.735 0.3026 0 0 0 
3210000 41536 49.809 22937.834 0.669 0.2721 0 0 0 
3220000 41706 64.005 23061.388 0.7 0.3445 0 0 0 
3230000 41860 50.788 23172.503 0.714 0.2764 0 0 0 
3240000 42032 55.596 23298.083 0.773 0.3008 0 0 0 
3250000 42205 51.263 23426.25 0.818 0.2785 0 0 0 
3260000 42382 61.517 23562.655 0.822 0.3305 0 0 0 
3270000 42537 56.774 23670.642 0.757 0.3073 0 0 0 
3280000 42703 54.704 23781.851 0.645 0.2961 0 0 0 
3290000 42881 47.817 23929.251 0.782 0.2614 0 0 0 
3300000 43073 52.458 24068.642 0.834 0.2847 0 0 0 
3310000 43258 56.971 24202.788 0.814 0.3081 0 0 0 
3320000 43427 62.12 24308.846 0.694 0.3336 0 0 0 
3330000 43581 61.106 24420.564 0.721 0.3304 0 0 0 
3340000 43771 52.209 24559.43 0.743 0.2845 0 0 0 
3350000 43943 56.934 24686.296 0.754 0.3096 0 0 0 
3360000 44147 49.373 24842.907 0.812 0.269 0 0 0 
3370000 44335 51.729 24980.186 0.727 0.2822 0 0 0 
3380000 44518 51.297 25092.136 0.566 0.2795 0 0 0 
3390000 44694 57.887 25221.393 0.743 0.3183 0 0 0 
3400000 44898 52.587 25370.452 0.651 0.2924 0 0 0 
3410000 45100 52.428 25507.282 0.61 0.2922 0 0 0 
3420000 45263 67.726 25617.722 0.68 0.3718 0 0 0 
3430000 45477 43.751 25765.051 0.744 0.2446 0 0 0 
3440000 45659 47.214 25884.625 0.643 0.2623 0 0 0 
3450000 45845 43.272 26025.785 0.691 0.2422 0 0 0 
3460000 45995 65.787 26131.398 0.742 0.3606 0 0 0 
3470000 46141 77.893 26233.982 0.629 0.4262 0 0 0 
3480000 46301 58.872 26346.746 0.715 0.3262 0 0 0 
3490000 46473 58.796 26472.247 0.679 0.3244 0 0 0 
3500000 46645 65.486 26593.223 0.651 0.3595 0 0 0 
3510000 46824 57.305 26707.68 0.64 0.3158 0 0 0 
3520000 46983 79.653 26821.339 0.681 0.4357 0 0 0 
3530000 47156 60.193 26955.654 0.803 0.329 0 0 0 
3540000 47322 60.813 27064.904 0.698 0.3326 0 0 0 
3550000 47503 53.524 27206.963 0.845 0.2967 0 0 0 
3560000 47646 69.87 27304.688 0.657 0.3823 0 0 0 
3570000 47817 49.783 27421.087 0.652 0.2756 0 0 0 
3580000 48006 52.096 27538.845 0.689 0.2887 0 0 0 
3590000 48209 49.86 27677.23 0.645 0.2765 0 0 0 
3600000 48366 55.228 27805.498 0.813 0.3057 0 0 0 
3610000 48507 70.011 27923.811 0.854 0.3804 0 0 0 
3620000 48687 52.303 28060.694 0.757 0.2871 0 0 0 
3630000 48829 61.335 28172.363 0.811 0.3337 0 0 0 
3640000 49007 54.203 28305.603 0.771 0.2985 0 0 0 
3650000 49173 53.712 28426.69 0.754 0.294 0 0 0 
3660000 49380 45.196 28586.839 0.732 0.2502 0 0 0 
3670000 49524 63.494 28696.161 0.708 0.3444 0 0 0 
3680000 49675 69.326 28808.335 0.83 0.3738 0 0 0 
3690000 49865 63.564 28945.191 0.776 0.3455 0 0 0 
3700000 50074 50.316 29103.335 0.733 0.277 0 0 0 
3710000 50231 64.784 29209.064 0.746 0.353 0 0 0 
3720000 50402 55.295 29359.35 0.842 0.3035 0 0 0 
3730000 50577 60.593 29481.61 0.772 0.3297 0 0 0 
3740000 50741 72.623 29606.9 0.705 0.3939 0 0 0 
3750000 50887 86.655 29694.495 0.694 0.4674 0 0 0 
3760000 51074 64.62 29836.494 0.797 0.3509 0 0 0 
3770000 51241 58.789 29958.346 0.77 0.3217 0 0 0 
3780000 51431 51.509 30089.725 0.716 0.2824 0 0 0 
3790000 51597 55.271 30217.216 0.787 0.3015 0 0 0 
3800000 51790 56.347 30347.51 0.673 0.3084 0 0 0 
3810000 51938 73.264 30468.503 0.791 0.3983 0 0 0 
3820000 52095 54.344 30574.804 0.748 0.2975 0 0 0 
3830000 52273 53.715 30692.329 0.661 0.2939 0 0 0 
3840000 52452 66.77 30814.407 0.609 0.3601 0 0 0 
3850000 52615 68.997 30952.51 0.885 0.3734 0 0 0 
3860000 52791 65.606 31079.661 0.708 0.3579 0 0 0 
3870000 52956 59.127 31205.908 0.798 0.3247 0 0 0 
3880000 53087 67.948 31298.597 0.703 0.3676 0 0 0 
3890000 53241 57.972 31403.777 0.695 0.3156 0 0 0 
3900000 53358 89.224 31492.008 0.708 0.4802 0 0 0 
3910000 53531 60.254 31631.991 0.852 0.3287 0 0 0 
3920000 53665 74.309 31737.071 0.769 0.4045 0 0 0 
3930000 53855 47.747 31886.443 0.777 0.263 0 0 0 
3940000 54028 47.676 32024.764 0.833 0.2622 0 0 0 
3950000 54219 46.077 32168.879 0.745 0.2544 0 0 0 
3960000 54421 40.809 32315.74 0.733 0.2267 0 0 0 
3970000 54585 60.714 32436.889 0.76 0.3305 0 0 0 
3980000 54796 58.154 32595.146 0.793 0.3169 0 0 0 
3990000 55010 43.254 32766.32 0.859 0.2401 0 0 0 
4000000 55164 66.73 32889.472 0.713 0.3668 0 0 0 
