10000 56 102.788 -1353.64 -11.893 2.5641 0 0 0 
20000 111 148.712 -2640.09 -19.161 3.995 0 0 0 
30000 298 50.134 -2835.72 -0.032 1.7801 0 0 0 
40000 639 19.201 -1817.51 5.245 1.076 0 0 0 
50000 1278 13.961 1630.08 5.803 0.9411 0 0 0 
60000 1904 19.512 5519.04 6.335 1.0586 0 0 0 
70000 2290 65.889 8013.9 6.301 1.9521 0 0 0 
80000 2304 225.644 7825.64 1.133 5.1524 0 0 0 
90000 2318 356.697 7563.68 -3.979 7.7615 0 0 0 
100000 2331 442.5 7370.51 -6.059 9.4361 0 0 0 
110000 2345 511.454 7157.45 -8.541 10.7705 0 0 0 
120000 2355 590.196 6933.25 -10.887 12.3064 0 0 0 
130000 2369 618.235 6696.79 -12.112 12.8724 0 0 0 
140000 2383 655.334 6461.23 -13.662 13.64 0 0 0 
150000 2396 681.713 6186.66 -15.145 14.144 0 0 0 
160000 2409 699.318 6072.89 -13.877 14.5066 0 0 0 
170000 2421 727.304 5838.71 -14.855 15.0419 0 0 0 
180000 2434 741.029 5690.84 -14.191 15.2481 0 0 0 
190000 2447 745.647 5516.77 -13.987 15.4014 0 0 0 
200000 2460 751.34 5275.9 -15.123 15.5351 0 0 0 
210000 2471 768.566 5108.61 -14.847 15.9543 0 0 0 
220000 2483 782.468 4830.63 -16.612 16.2463 0 0 0 
230000 2494 809.596 4587.54 -17.658 16.8147 0 0 0 
240000 2510 756.952 4368.2 -16.136 15.6932 0 0 0 
250000 2523 766.031 4206.63 -16.038 15.8416 0 0 0 
260000 2538 748.428 3917.48 -16.983 15.5276 0 0 0 
270000 2552 744.042 3748.42 -15.744 15.5089 0 0 0 
280000 2565 745.957 3477.45 -16.566 15.5762 0 0 0 
290000 2576 777.817 3228.36 -17.901 16.2565 0 0 0 
300000 2587 806.378 2959.37 -19.352 16.7387 0 0 0 
310000 2601 779.434 2770.41 -18.037 16.224 0 0 0 
320000 2614 779.272 2452.14 -19.698 16.2215 0 0 0 
330000 2626 795.235 2202.16 -20.026 16.5298 0 0 0 
340000 2640 774.345 2023.7 -18.228 16.1366 0 0 0 
350000 2654 762.688 1778.94 -18.061 15.8525 0 0 0 
360000 2669 728.862 1510.49 -17.9 15.1676 0 0 0 
370000 2682 737.414 1283.12 -17.883 15.3434 0 0 0 
380000 2695 737.224 1063.05 -17.305 15.3595 0 0 0 
390000 2709 746.054 808.19 -17.891 15.5449 0 0 0 
400000 2721 755.595 604.21 -17.639 15.701 0 0 0 
410000 2733 778.841 363.43 -17.995 16.1842 0 0 0 
420000 2744 809.25 130.74 -18.722 16.7296 0 0 0 
430000 2758 775.396 -108.32 -18.485 16.0719 0 0 0 
440000 2771 765.941 -397.99 -18.669 15.8795 0 0 0 
450000 2786 747.577 -570.24 -17.142 15.5715 0 0 0 
460000 2798 765.629 -821.92 -18.109 15.955 0 0 0 
470000 2813 738.386 -1038.77 -17.023 15.4305 0 0 0 
480000 2826 745.215 -1422.64 -19.54 15.5779 0 0 0 
490000 2838 765.092 -1619.72 -19.314 15.976 0 0 0 
500000 3024 33.481 -842.06 5.094 1.3426 0 0 0 
510000 3721 13.504 2983.41 5.322 0.9301 0 0 0 
520000 3939 57.316 3289.09 -0.534 1.9479 0 0 0 
530000 3991 172.323 3139.71 -2.806 4.261 0 0 0 
540000 4070 90.244 3205.4 1.528 2.5093 0 0 0 
550000 4886 19.528 7353.66 7.3 1.0242 0 0 0 
560000 5524 11.865 10894.54 5.16 0.9058 0 0 0 
570000 6225 16.675 15420.05 6.493 1.0052 0 0 0 
580000 6747 27.779 18656.47 6.352 1.2114 0 0 0 
590000 7139 44.837 21707.89 9.059 1.5189 0 0 0 
600000 7409 32.911 23702.49 7.504 1.2932 0 0 0 
610000 7704 62.734 25465.34 4.255 1.9077 0 0 0 
620000 8265 13.48 28866.65 6.122 0.9327 0 0 0 
630000 8325 165.553 29420.05 8.199 3.8931 0 0 0 
640000 8336 308.465 29285.16 4.149 6.7377 0 0 0 
650000 8356 363.767 29139.66 0.829 7.8158 0 0 0 
660000 8553 31.097 30837.33 7.026 1.2858 0 0 0 
670000 9097 20.589 34930.87 8.662 1.0712 0 0 0 
680000 9414 41.567 38642.04 15.026 1.5094 0 0 0 
690000 9691 33.954 41941.21 10.866 1.3443 0 0 0 
700000 10059 23.548 45796.99 10.864 1.1327 0 0 0 
710000 10548 21.463 50323.58 10.147 1.0934 0 0 0 
720000 10965 23.407 54136.45 8.762 1.1326 0 0 0 
730000 11343 27.713 58334.83 11.314 1.2289 0 0 0 
740000 11557 48.177 61747.17 16.329 1.6252 0 0 0 
750000 11702 63.815 64231.92 16.174 1.9256 0 0 0 
760000 11836 70.718 66822.76 20.405 2.0542 0 0 0 
770000 12003 67.493 69734.63 18.742 2.0075 0 0 0 
780000 12250 34.748 73234.1 12.49 1.3562 0 0 0 
790000 12520 36.315 77020.2 13.014 1.3831 0 0 0 
800000 12723 51.703 79734.53 14.904 1.6739 0 0 0 
810000 12902 50.556 82351.02 13.233 1.6626 0 0 0 
820000 13064 59.689 84610.84 13.906 1.8595 0 0 0 
830000 13243 51.652 87138.23 13.454 1.6934 0 0 0 
840000 13504 38.913 90555.24 13.775 1.4434 0 0 0 
850000 13745 51.224 93846.85 14.729 1.7047 0 0 0 
860000 13976 56.35 96239.96 10.313 1.7919 0 0 0 
870000 14226 36.224 99081.06 10.539 1.3788 0 0 0 
880000 14447 54.79 101847.37 11.088 1.7627 0 0 0 
890000 14670 36.301 104374.3 10.444 1.3959 0 0 0 
900000 14990 27.575 107993.9 11.493 1.2244 0 0 0 
910000 15277 49.914 110920.27 11.129 1.6603 0 0 0 
920000 15484 49.044 113626.84 12.157 1.6473 0 0 0 
930000 15707 32.639 116522.27 12.149 1.322 0 0 0 
940000 16031 27.938 120121.81 12.32 1.2304 0 0 0 
950000 16391 29.4 123844.61 9.605 1.2567 0 0 0 
960000 16848 16.572 128246.78 7.039 0.9958 0 0 0 
970000 17258 34.438 131980.48 8.667 1.3486 0 0 0 
980000 17550 40.774 134943.3 12.172 1.4808 0 0 0 
990000 17777 55.26 137792.57 10.366 1.7437 0 0 0 
1000000 18037 48.921 140379.67 11.98 1.6171 0 0 0 
1010000 18263 34.065 143009.73 11.954 1.3574 0 0 0 
1020000 18493 58.452 146057.03 14.644 1.8062 0 0 0 
1030000 18719 32.169 149022.19 10.235 1.3104 0 0 0 
1040000 19068 34.585 153250.38 14.12 1.3452 0 0 0 
