1000 12 17.58 -372.456 -6.658 0.0346 0 0 0 0.0 0.0 
2000 26 31.073 -767.776 -12.044 0.0605 0 0 0 0.0 0.0 
3000 40 40.995 -1138.015 -15.521 0.0781 0 0 0 0.0 0.0 
4000 53 49.342 -1542.462 -19.112 0.0939 0 0 0 0.0 0.0 
5000 67 54.536 -1929.881 -21.3 0.1029 0 0 0 0.0 0.0 
6000 81 59.058 -2285.309 -22.401 0.1116 0 0 0 0.0 0.0 
7000 94 63.054 -2641.041 -23.538 0.1191 0 0 0 0.0 0.0 
8000 107 65.759 -2980.32 -23.984 0.1249 0 0 0 0.0 0.0 
9000 120 68.053 -3413.468 -25.839 0.1314 0 0 0 0.0 0.0 
10000 134 69.58 -3791.845 -26.466 0.1344 0 0 0 0.0 0.0 
11000 148 70.176 -4191.123 -27.114 0.1349 0 0 0 0.0 0.0 
12000 161 71.982 -4619.079 -28.459 0.1378 0 0 0 0.0 0.0 
13000 174 72.224 -5001.116 -28.38 0.1415 0 0 0 0.0 0.0 
14000 188 72.678 -5370.5 -28.048 0.1754 0 0 0 0.0 0.0 
15000 202 71.737 -5725.459 -27.195 0.1942 0 0 0 0.0 0.0 
16000 216 72.116 -6133.22 -27.597 0.2114 0 0 0 0.0 0.0 
17000 228 74.053 -6476.004 -27.724 0.3028 0 0 0 0.0530815 0.1818785 
18000 239 77.014 -6643.815 -25.021 0.3327 0 0 0 0.0316081 0.1650505 
19000 250 79.462 -6833.351 -23.288 0.3606 0 0 0 0.03767 0.1658244 
20000 260 83.333 -6975.272 -21.837 0.4002 0 0 0 0.0310696 0.1575684 
21000 271 84.743 -7122.472 -19.948 0.4405 0 0 0 0.0243878 0.1380858 
22000 282 87.35 -7215.057 -17.959 0.4808 0 0 0 0.0264724 0.1325269 
23000 292 88.135 -7271.434 -15.736 0.5004 0 0 0 0.0242147 0.1200452 
24000 302 91.454 -7324.7 -13.794 0.5562 0 0 0 0.0200034 0.1100311 
