10000 10 182.927 4769.214 87.307 0.2045 0 0 0 0.0 0.0 0.0 0.0 0.0 
20000 20 319.733 9554.301 152.193 0.3571 0 0 0 0.0 0.0 0.0 0.0 0.0 
30000 172 56.629 11432.013 15.957 0.3582 0 0 0 0.0046365 -1.8214382 0.0564823 0.1810251 0.0340929 
40000 251 177.265 15708.243 76.934 1.4435 0 0 0 0.0044773 -3.3638486 0.0902915 0.1542069 0.0299619 
50000 261 327.766 22421.079 185.88 2.6915 0 0 0 0.0032096 -5.2937421 0.0993515 0.1375521 0.0256511 
60000 271 450.736 28540.908 265.042 3.7066 0 0 0 0.0029316 -7.3623489 0.1199003 0.1243976 0.0232126 
70000 281 551.211 34051.587 317.442 4.5504 0 0 0 0.0025862 -9.484545 0.1426724 0.1153776 0.0197044 
80000 291 633.307 39530.956 360.873 5.2295 0 0 0 0.0033173 -11.4355676 0.3098742 0.1072491 0.0214826 
90000 301 700.385 44689.831 388.567 5.8038 0 0 0 0.0027478 -13.5019155 0.2833374 0.1029714 0.0198845 
100000 311 755.193 50928.861 431.056 6.2536 0 0 0 0.0023561 -15.6430799 0.2858179 0.0994037 0.0190694 
110000 321 799.975 57597.748 475.046 6.6262 0 0 0 0.0027658 -17.6808523 0.4120854 0.0941111 0.0192738 
120000 331 836.565 63889.004 501.893 6.9384 0 0 0 0.0027744 -19.742264 0.6434915 0.0879306 0.0177677 
130000 341 866.461 70676.991 534.018 7.1803 0 0 0 0.0025581 -21.7580268 0.7392592 0.0865243 0.0186891 
140000 351 890.889 77552.079 561.904 7.4035 0 0 0 0.0023373 -23.7601817 0.6079171 0.0853039 0.0193615 
150000 361 910.849 83761.888 572.148 7.5747 0 0 0 0.0030349 -25.690183 1.0332508 0.085946 0.0207689 
160000 371 927.157 89754.053 578.49 7.7216 0 0 0 0.0025688 -27.8073522 0.8088818 0.0840806 0.0202725 
170000 381 940.482 96161.27 588.819 7.8325 0 0 0 0.0028969 -29.891925 1.5053918 0.0812158 0.0196024 
180000 391 951.369 101815.921 584.439 7.9328 0 0 0 0.0032645 -31.9096991 1.9870629 0.077888 0.0203212 
190000 401 960.265 108128.599 593.753 8.0114 0 0 0 0.0026847 -33.9378854 1.1147411 0.0777092 0.0195577 
200000 411 967.534 114431.047 598.661 8.0855 0 0 0 0.0022109 -35.9050037 0.8060785 0.0743806 0.0183828 
210000 421 973.473 120609.489 603.134 8.122 0 0 0 0.0020266 -37.8308103 0.9487625 0.0741801 0.0170009 
220000 431 978.325 125671.206 585.587 8.1702 0 0 0 0.0032212 -39.5872016 2.8525531 0.0746558 0.02001 
230000 441 982.29 130715.267 570.027 8.1969 0 0 0 0.002906 -41.5744191 3.227714 0.0711929 0.0184726 
240000 451 985.53 136185.469 565.26 8.2339 0 0 0 0.0023308 -43.1840977 1.4028529 0.0708239 0.0182388 
250000 461 988.177 142271.402 573.47 8.268 0 0 0 0.0023127 -44.8238179 1.7980646 0.0666841 0.0186337 
260000 471 990.34 147484.813 563.078 8.3063 0 0 0 0.0022849 -46.1979776 1.758131 0.0660756 0.0178602 
270000 481 992.107 152252.059 546.988 8.3331 0 0 0 0.0025056 -47.6593155 2.5165394 0.0630954 0.0180766 
280000 491 993.551 158052.019 552.176 8.387 0 0 0 0.002393 -49.1598161 2.1779621 0.0624728 0.0190151 
290000 501 994.73 163381.018 549.269 8.4216 0 0 0 0.0025181 -50.4290674 2.4430875 0.061978 0.0191856 
300000 512 984.2 168916.378 542.859 8.3452 0 0 0 0.0021497 -51.6274259 1.9034163 0.0599035 0.017483 
310000 522 987.09 173209.458 521.751 8.3616 0 0 0 0.0022927 -52.2603747 2.6405122 0.0554415 0.01816 
320000 532 989.452 177734.119 509.318 8.3828 0 0 0 0.0025958 -53.2720056 2.7008063 0.0535384 0.0189056 
330000 542 991.381 181588.983 486.907 8.4104 0 0 0 0.0032031 -54.0905785 4.3579118 0.0534449 0.0211089 
340000 552 992.958 185740.172 473.995 8.4332 0 0 0 0.0023522 -54.7745621 2.369663 0.0538359 0.0193449 
350000 562 994.246 190841.878 480.42 8.4344 0 0 0 0.0026715 -55.8647823 4.5083103 0.0508184 0.0191188 
360000 572 995.299 195025.887 469.554 8.4426 0 0 0 0.0024688 -56.835622 3.5505594 0.0502915 0.017938 
370000 582 996.159 199680.257 467.958 8.4681 0 0 0 0.0022426 -57.5359063 2.0145293 0.0474716 0.0182803 
380000 592 996.861 204693.026 475.066 8.4808 0 0 0 0.0022859 -58.5137845 2.4558768 0.0484245 0.0185896 
390000 602 997.435 210557.522 495.574 8.4855 0 0 0 0.0022328 -59.580225 2.1494445 0.0466209 0.0177882 
400000 612 997.905 216140.536 507.3 8.4956 0 0 0 0.0021313 -60.0384696 1.7403151 0.0491655 0.017872 
410000 622 998.288 222270.777 525.979 8.49 0 0 0 0.0022037 -61.3487353 2.9921262 0.0500155 0.017555 
420000 632 998.601 228007.912 535.555 8.4906 0 0 0 0.0025844 -62.6648925 5.701 0.0472118 0.0175673 
430000 642 998.857 233775.031 542.585 8.6159 0 0 0 0.0025911 -63.9115553 4.6413371 0.0481252 0.0181691 
440000 652 999.066 239695.612 551.967 8.6065 0 0 0 0.0027504 -64.876263 7.2034 0.0498025 0.0177767 
450000 662 999.237 245779.102 562.532 8.5904 0 0 0 0.0032493 -65.749624 7.9357907 0.0468554 0.0195442 
460000 672 999.376 252302.68 579.233 8.5944 0 0 0 0.0021127 -67.0103894 2.3825058 0.045659 0.0175919 
470000 682 984.502 258706.704 579.994 8.4617 0 0 0 0.0021176 -67.826612 2.3458457 0.0457257 0.0176849 
480000 692 987.337 265322.389 598.957 8.4806 0 0 0 0.0028316 -69.0699044 7.245032 0.0462632 0.0189726 
490000 702 989.653 272071.54 608.061 8.4973 0 0 0 0.0021726 -70.2013981 2.9250955 0.0451928 0.0179047 
500000 713 985.585 278426.203 610.784 8.4484 0 0 0 0.0026379 -71.0088516 7.736489 0.0416266 0.0167804 
510000 723 988.222 284351.955 606.641 8.4698 0 0 0 0.0024433 -72.5956502 5.8959155 0.0432774 0.0172367 
520000 733 990.377 290086.078 602.293 8.5021 0 0 0 0.0019548 -73.5577936 3.5854221 0.0410481 0.0160699 
530000 743 992.137 296077.141 599.536 8.5156 0 0 0 0.0020366 -75.1583637 4.9683708 0.0422978 0.0147644 
540000 753 993.575 302178.763 603.063 8.5457 0 0 0 0.0019831 -76.4617356 5.8569017 0.0403111 0.0153746 
550000 763 994.751 307189.461 582.765 8.5599 0 0 0 0.0023628 -77.0062754 9.4163868 0.0409794 0.0154001 
560000 773 995.711 313157.733 585.276 8.5602 0 0 0 0.0017424 -78.3455815 2.9103902 0.0395598 0.014609 
570000 783 996.495 319333.411 591.891 8.5602 0 0 0 0.0015802 -80.1065879 3.9019365 0.0385908 0.0133659 
580000 793 997.137 325439.452 595.429 8.562 0 0 0 0.0016203 -81.2715312 4.1359473 0.0391067 0.0126687 
590000 803 997.66 330932.887 586.817 8.5572 0 0 0 0.0018943 -82.3907757 5.2683286 0.0383135 0.0143191 
600000 813 998.088 337601.189 600.844 8.5666 0 0 0 0.0023335 -83.5912925 10.7933031 0.039632 0.0151356 
610000 823 998.438 343885.939 605.475 8.5807 0 0 0 0.0020571 -84.2849326 7.1265391 0.0387379 0.0156714 
620000 833 998.724 350192.839 610.854 8.575 0 0 0 0.0015612 -84.9658437 3.753917 0.0389373 0.0130328 
630000 843 998.957 356625.527 617.123 8.5513 0 0 0 0.0018949 -85.6306679 6.0655571 0.0398087 0.0143838 
640000 853 999.148 363089.399 621.447 8.5341 0 0 0 0.0018041 -86.6594046 5.3756909 0.0378635 0.0132086 
650000 863 984.99 369311.786 614.813 8.3942 0 0 0 0.0017615 -87.2842473 6.113429 0.0378897 0.0133361 
660000 873 987.736 375177.836 610.776 8.401 0 0 0 0.0021638 -87.5079577 6.8362034 0.0362938 0.0150662 
670000 883 989.979 381254.632 608.536 8.4018 0 0 0 0.0019122 -87.6953181 7.9796201 0.0362204 0.0133376 
680000 893 991.812 387145.221 608.962 8.4135 0 0 0 0.0021226 -87.9675733 8.801329 0.0357261 0.0139468 
690000 903 993.31 393470.02 612.711 8.4207 0 0 0 0.0022113 -87.9686853 10.6118757 0.0331581 0.0139097 
700000 913 994.534 399937.286 615.147 8.4261 0 0 0 0.0022349 -88.6885842 7.3555334 0.0342342 0.014422 
710000 923 995.534 405691.613 606.218 8.4242 0 0 0 0.001835 -89.8459266 6.6366724 0.0350734 0.0144479 
720000 933 996.351 411057.885 593.463 8.4237 0 0 0 0.0023281 -90.4302772 8.9019096 0.0359547 0.0148356 
730000 943 997.018 417278.585 599.635 8.412 0 0 0 0.0018349 -91.5789158 6.4594966 0.0347642 0.0134234 
740000 953 997.564 424177.923 617.089 8.4058 0 0 0 0.0018888 -92.674071 5.9895405 0.0333155 0.0141385 
750000 963 998.009 430180.775 614.424 8.4055 0 0 0 0.0028749 -93.4156414 11.7473384 0.0363195 0.0172816 
760000 973 998.374 436414.125 617.379 8.4248 0 0 0 0.0024308 -94.359831 8.9606607 0.03504 0.0164611 
770000 983 998.671 442879.069 618.891 8.4238 0 0 0 0.002319 -95.2557591 7.2493197 0.0341443 0.0172593 
780000 994 997.309 449474.05 627.749 8.4192 0 0 0 0.0023861 -96.0500918 6.5917762 0.0334113 0.0174283 
790000 1004 997.801 456143.984 634.968 8.4387 0 0 0 0.0026285 -96.6424688 10.3734054 0.0331779 0.0182188 
800000 1014 998.203 462659.91 637.443 8.4327 0 0 0 0.002987 -97.2973478 9.6766267 0.034642 0.0197026 
810000 1024 998.532 469756.706 650.911 8.4362 0 0 0 0.0023649 -97.8949463 5.442745 0.0334039 0.0192094 
820000 1034 998.801 475703.096 639.967 8.4456 0 0 0 0.002879 -98.4219301 9.7792439 0.0329807 0.0199639 
830000 1044 999.02 483743.124 670.736 8.4431 0 0 0 0.0031188 -99.5260037 10.540426 0.0328188 0.0207506 
840000 1054 999.199 490430.733 669.659 8.455 0 0 0 0.0025532 -100.5295668 7.3975159 0.0310436 0.0204505 
850000 1064 999.346 498150.948 688.543 8.4502 0 0 0 0.0027899 -101.4518364 10.0880034 0.0326809 0.0201771 
860000 1074 999.465 506296.013 712.263 8.4445 0 0 0 0.0029398 -102.9389358 10.8302146 0.0303404 0.0214027 
870000 1084 999.563 514098.074 725.109 8.4478 0 0 0 0.0029578 -104.7394933 12.4517174 0.0322385 0.021288 
880000 1094 999.643 521385.002 724.9 8.4475 0 0 0 0.0028069 -106.1650888 10.4394713 0.0300396 0.0212412 
890000 1104 999.708 528555.175 722.835 8.444 0 0 0 0.0037691 -107.6063616 19.1958688 0.0299303 0.0232524 
900000 1114 999.762 535294.234 714.604 8.4584 0 0 0 0.0024615 -108.6903163 6.3898423 0.028352 0.0201252 
910000 1124 999.805 542918.33 722.782 8.4601 0 0 0 0.0027838 -109.6893312 10.2563035 0.0282975 0.0208413 
920000 1134 999.841 551554.104 750.023 8.4443 0 0 0 0.0024807 -110.8101948 6.9296334 0.027946 0.0211745 
930000 1144 999.87 559702.41 762.682 8.443 0 0 0 0.0025198 -111.5566753 8.0983857 0.0272197 0.020427 
940000 1154 999.894 568978.56 793.017 8.4245 0 0 0 0.0029396 -112.5122598 12.2248244 0.02718 0.0218885 
950000 1164 999.913 577152.16 797.73 8.4186 0 0 0 0.0024103 -113.2944939 5.424659 0.0263331 0.0213126 
960000 1174 999.929 585826.345 809.771 8.4136 0 0 0 0.0026432 -114.1560856 10.9830211 0.0250368 0.0215702 
970000 1184 999.942 592953.431 791.547 8.4323 0 0 0 0.0029907 -114.5116527 12.1610287 0.0238074 0.0214658 
980000 1194 999.953 600995.026 793.586 8.4149 0 0 0 0.002398 -114.8568765 12.7180199 0.0224682 0.0189881 
990000 1204 999.961 609357.221 801.038 8.3963 0 0 0 0.0031763 -115.9779328 19.1452304 0.0238987 0.020834 
1000000 1214 999.968 618253.162 816.686 8.4031 0 0 0 0.0025054 -116.6853833 12.5056895 0.0226644 0.0194677 
1010000 1224 999.974 626912.334 825.903 8.4078 0 0 0 0.0024738 -117.0485482 8.7807976 0.0237075 0.0212025 
1020000 1234 999.979 635812.942 839.687 8.3981 0 0 0 0.0028089 -118.4801801 14.9125004 0.022772 0.0218981 
1030000 1244 999.983 645324.287 858.006 8.3971 0 0 0 0.0025513 -119.5369561 10.1644911 0.0239705 0.0217479 
1040000 1254 999.986 653802.914 857.29 8.4063 0 0 0 0.003265 -120.1454102 17.8996285 0.0237745 0.0241815 
1050000 1264 999.988 661575.371 843.999 8.3905 0 0 0 0.0029897 -120.8212161 16.5805469 0.0237533 0.0240423 
1060000 1274 999.991 671177.781 864.78 8.3666 0 0 0 0.0024798 -121.4644959 8.5008207 0.0245186 0.0226555 
1070000 1284 999.992 680578.524 878.694 8.37 0 0 0 0.0028733 -121.8818392 16.5733505 0.0245817 0.0234682 
1080000 1294 999.994 689546.979 882.596 8.3701 0 0 0 0.0028497 -123.0283816 13.9509512 0.026166 0.0231213 
1090000 1304 999.995 697630.689 868.408 8.3679 0 0 0 0.002671 -124.0480555 7.4583507 0.0254358 0.0234859 
1100000 1314 999.996 706540.41 873.464 8.3603 0 0 0 0.0027899 -124.5814206 11.7535081 0.0248722 0.0231876 
1110000 1324 999.997 715223.738 872.731 8.3528 0 0 0 0.0026781 -125.4374205 7.2614781 0.0250463 0.024041 
1120000 1334 999.997 725699.172 903.272 8.3555 0 0 0 0.0027387 -126.21912 10.616189 0.0249597 0.0243883 
1130000 1344 999.998 736100.238 928.564 8.3559 0 0 0 0.0033005 -127.0654452 15.6835462 0.025889 0.0265113 
1140000 1354 999.998 748369.14 984.813 8.3615 0 0 0 0.0027946 -127.9017231 5.9591402 0.0252304 0.0251778 
1150000 1364 999.998 756431.187 952.405 8.3652 0 0 0 0.0030702 -128.3420075 7.8462507 0.0252647 0.0275919 
1160000 1374 999.999 765479.162 943.213 8.3565 0 0 0 0.0033653 -128.8723242 16.1366159 0.0254474 0.0273317 
1170000 1384 999.999 773573.6 919.913 8.3568 0 0 0 0.0033105 -129.3744884 15.2341382 0.0261868 0.0283953 
1180000 1394 999.999 782918.335 921.76 8.365 0 0 0 0.0028965 -129.5624303 6.7354774 0.0250521 0.0268103 
1190000 1404 999.999 793650.176 950.112 8.3751 0 0 0 0.0029917 -130.721841 11.2433818 0.0256945 0.026385 
1200000 1414 999.999 804554.36 974.754 8.3701 0 0 0 0.0038123 -132.0114696 29.6704022 0.0260864 0.0298616 
1210000 1424 1000.0 814196.634 975.683 8.383 0 0 0 0.0034283 -132.5353976 21.2240704 0.0256943 0.0273395 
1220000 1434 984.993 822197.402 928.224 8.2627 0 0 0 0.0029912 -133.5467158 7.1577174 0.0261821 0.0261145 
1230000 1444 987.739 833589.811 964.802 8.2832 0 0 0 0.0032169 -134.5902884 11.4314383 0.0256522 0.0272057 
1240000 1454 989.982 844206.322 981.159 8.2906 0 0 0 0.0033755 -134.8781358 24.2820341 0.0240179 0.02781 
1250000 1464 991.814 856596.76 1024.649 8.3023 0 0 0 0.0033876 -136.2537247 19.9354821 0.0248443 0.0269003 
1260000 1474 993.312 865763.512 998.322 8.306 0 0 0 0.0035139 -136.3364411 31.0439411 0.0249214 0.0268046 
1270000 1484 994.535 875326.114 1008.28 8.3137 0 0 0 0.0033735 -137.6018139 11.7077651 0.0254877 0.028254 
1280000 1495 992.424 885486.509 1001.473 8.2931 0 0 0 0.0038721 -137.642411 19.2418388 0.0253162 0.0260332 
1290000 1505 993.81 894183.545 978.468 8.3072 0 0 0 0.0032319 -138.4177306 19.315034 0.0249692 0.0267425 
1300000 1515 994.942 902916.599 960.283 8.3237 0 0 0 0.0034091 -138.7432149 20.8643644 0.0257004 0.0265049 
1310000 1525 995.867 913148.56 970.473 8.3223 0 0 0 0.0027685 -140.4599102 17.0819673 0.0245215 0.0252197 
1320000 1535 996.623 924629.866 1001.676 8.3419 0 0 0 0.0027947 -141.0628551 11.2665164 0.0249208 0.0247855 
1330000 1545 997.241 934584.103 999.612 8.3691 0 0 0 0.0036072 -141.282888 17.4561685 0.0247806 0.0267796 
1340000 1555 997.746 948511.204 1070.477 8.3865 0 0 0 0.0029612 -141.9851043 13.9390375 0.0249806 0.0252271 
1350000 1565 998.158 965830.877 1193.157 8.395 0 0 0 0.0031556 -144.6654088 25.1464169 0.0257504 0.0265911 
1360000 1575 998.495 982454.802 1277.061 8.4132 0 0 0 0.0030396 -147.3483585 11.412105 0.0261336 0.0271118 
1370000 1585 998.77 997103.534 1309.535 8.4191 0 0 0 0.0034155 -149.2933451 26.0119386 0.0262776 0.0275241 
1380000 1595 998.995 1007351.556 1258.332 8.4334 0 0 0 0.0033759 -150.4419698 18.8151689 0.0258269 0.0284585 
1390000 1605 999.179 1019432.933 1247.19 8.4304 0 0 0 0.0034206 -151.6832537 16.6632965 0.0254811 0.027003 
1400000 1615 999.329 1032700.103 1263.766 8.4242 0 0 0 0.0032596 -151.6618762 26.6502602 0.0255263 0.0272088 
1410000 1625 999.452 1048862.905 1331.673 8.4242 0 0 0 0.0037958 -153.4634935 22.2532742 0.0257592 0.028888 
1420000 1635 999.552 1066550.94 1411.422 8.4186 0 0 0 0.0034294 -156.2078779 25.8340118 0.0252697 0.0272739 
1430000 1645 999.634 1084631.972 1485.498 8.4002 0 0 0 0.0034518 -158.5852176 16.7183922 0.0257789 0.0296862 
1440000 1655 999.701 1103936.069 1565.121 8.3854 0 0 0 0.0033579 -161.7102564 20.9734363 0.0259654 0.0281377 
1450000 1665 999.756 1122220.796 1615.371 8.3798 0 0 0 0.0040621 -162.5947348 52.7323561 0.026784 0.0306921 
1460000 1675 999.8 1141569.563 1673.127 8.395 0 0 0 0.0036008 -166.2082288 37.2255619 0.0265131 0.0317272 
1470000 1685 999.837 1160184.492 1708.601 8.3879 0 0 0 0.0040959 -167.8927809 39.8605076 0.0272652 0.0317339 
1480000 1695 999.867 1178675.475 1733.097 8.4043 0 0 0 0.0034612 -171.5648406 25.8137312 0.0281522 0.0295364 
1490000 1705 988.393 1195845.52 1710.546 8.3234 0 0 0 0.0040993 -174.5442228 57.7246967 0.0287895 0.0322989 
1500000 1715 990.516 1215363.903 1750.595 8.335 0 0 0 0.0032897 -178.2332838 23.4225427 0.0284227 0.03033 
1510000 1725 992.251 1234514.709 1780.844 8.3508 0 0 0 0.0043162 -180.8867833 68.9297579 0.028672 0.0338357 
1520000 1735 993.669 1255147.078 1829.576 8.3483 0 0 0 0.0039428 -184.1775935 42.1801431 0.0300409 0.0338834 
1530000 1746 988.777 1275006.658 1852.575 8.2882 0 0 0 0.0037039 -187.0676029 41.160277 0.029891 0.032992 
1540000 1756 990.83 1297125.809 1917.978 8.2923 0 0 0 0.0039017 -189.7858496 42.4738361 0.0288455 0.0339025 
1550000 1766 992.508 1317973.307 1948.233 8.2951 0 0 0 0.0042473 -191.7602709 48.0587607 0.0288311 0.0344947 
1560000 1776 993.878 1339813.042 1991.682 8.3083 0 0 0 0.0037847 -193.3776387 30.4180912 0.028229 0.0335362 
1570000 1786 994.998 1360924.964 2013.804 8.3211 0 0 0 0.0034561 -195.6682259 22.0725586 0.029715 0.032112 
1580000 1796 995.913 1382022.452 2031.431 8.3154 0 0 0 0.0040608 -199.1457968 54.3405173 0.0302655 0.0355841 
1590000 1806 996.661 1403479.269 2051.904 8.3023 0 0 0 0.0035339 -202.0007168 16.1290487 0.0303031 0.0336451 
1600000 1816 997.271 1424072.694 2054.883 8.2967 0 0 0 0.0037364 -204.2162057 33.9434557 0.0303985 0.0342066 
1610000 1826 997.771 1441297.688 1993.56 8.3012 0 0 0 0.0038412 -206.0875136 44.5202685 0.0300021 0.0338643 
1620000 1836 998.178 1462093.735 2008.891 8.3002 0 0 0 0.0037483 -207.022965 25.1997238 0.0306155 0.0334797 
1630000 1846 998.512 1482676.632 2018.029 8.287 0 0 0 0.003627 -208.5190377 44.8227326 0.0304013 0.0320578 
1640000 1856 998.784 1501090.519 1984.166 8.289 0 0 0 0.0036861 -209.3458298 40.493834 0.0320418 0.0331473 
1650000 1866 999.006 1516922.171 1910.435 8.3055 0 0 0 0.0038773 -210.6505797 25.5140719 0.0302342 0.0332336 
1660000 1876 999.188 1537228.179 1932.499 8.3145 0 0 0 0.003772 -211.6761604 55.3828493 0.0306017 0.0334334 
1670000 1886 999.337 1558136.047 1962.143 8.3373 0 0 0 0.003569 -212.647674 38.8130663 0.0318183 0.0320964 
1680000 1896 999.458 1579076.033 1984.548 8.3202 0 0 0 0.0040731 -213.7501847 83.8570196 0.0306605 0.0339584 
1690000 1906 999.557 1597035.944 1951.975 8.3302 0 0 0 0.0035853 -214.4683317 22.0527782 0.0307656 0.0329623 
1700000 1916 999.638 1613931.523 1900.703 8.3304 0 0 0 0.0033363 -214.597254 20.9474182 0.0306497 0.031609 
1710000 1926 999.704 1630828.893 1862.816 8.3336 0 0 0 0.003508 -214.258482 34.8750747 0.0291373 0.0323816 
1720000 1936 999.758 1649783.628 1869.056 8.3497 0 0 0 0.0038834 -215.0108535 69.193419 0.0311685 0.0326236 
1730000 1946 999.803 1666548.274 1833.073 8.3475 0 0 0 0.0036418 -214.8791647 56.76771 0.0301886 0.0322837 
1740000 1956 999.839 1682444.002 1789.553 8.3558 0 0 0 0.0034461 -214.7645684 31.0710618 0.0302347 0.0313242 
1750000 1966 999.868 1695053.454 1693.422 8.3731 0 0 0 0.0035964 -214.1040511 67.4790473 0.0304898 0.030185 
1760000 1976 999.892 1710880.957 1675.146 8.3885 0 0 0 0.0037053 -214.0648038 41.5295019 0.0298325 0.0314246 
1770000 1986 999.912 1731797.407 1749.64 8.3876 0 0 0 0.0040585 -214.4651649 64.478078 0.0302415 0.031747 
1780000 1996 999.928 1751363.709 1787.467 8.3995 0 0 0 0.0037213 -215.4974045 51.1578272 0.0300913 0.0313698 
1790000 2006 999.941 1770884.467 1812.951 8.3931 0 0 0 0.0031458 -215.8626866 12.4539332 0.0301049 0.0301731 
1800000 2016 999.952 1788977.852 1809.131 8.3756 0 0 0 0.0035299 -215.812853 40.2383284 0.0292389 0.0311824 
1810000 2026 995.981 1809951.288 1850.787 8.337 0 0 0 0.0032623 -216.902893 15.8584785 0.0312828 0.0300748 
1820000 2036 996.716 1831609.146 1907.718 8.3244 0 0 0 0.0040722 -217.1082658 86.2224161 0.02959 0.0331832 
1830000 2046 997.317 1852764.14 1946.617 8.3062 0 0 0 0.0040581 -217.293659 57.0416952 0.0299809 0.031743 
1840000 2056 997.808 1871368.459 1930.048 8.3375 0 0 0 0.0034679 -218.2812311 41.2571038 0.0298169 0.031234 
1850000 2066 998.209 1888196.203 1890.438 8.3524 0 0 0 0.0034035 -219.0448395 41.2627294 0.0296359 0.0304967 
1860000 2076 998.536 1905694.016 1861.791 8.3597 0 0 0 0.0038121 -218.4733519 66.1658983 0.0313611 0.0310049 
1870000 2086 998.804 1923639.109 1847.024 8.3772 0 0 0 0.0040185 -218.497928 66.9647685 0.0299853 0.0320438 
1880000 2096 999.023 1940025.527 1813.041 8.3572 0 0 0 0.0035238 -218.7184076 62.2831631 0.0292965 0.0309103 
1890000 2106 999.202 1958176.605 1818.634 8.3688 0 0 0 0.0036184 -218.0968423 56.7420056 0.0297896 0.0313282 
1900000 2116 999.348 1973595.934 1764.501 8.3826 0 0 0 0.0042548 -218.7488927 89.7663344 0.031883 0.0345402 
1910000 2126 999.467 1993034.038 1796.865 8.3848 0 0 0 0.0034882 -220.7966668 27.4949687 0.0309179 0.0316176 
1920000 2136 999.564 2013974.004 1849.983 8.391 0 0 0 0.0036029 -221.5198771 50.1099433 0.0300228 0.0317502 
1930000 2146 999.644 2035054.117 1898.67 8.3833 0 0 0 0.0035282 -222.3612601 34.6720791 0.0293065 0.0318418 
1940000 2156 999.709 2053406.17 1883.025 8.3941 0 0 0 0.0040102 -222.8536246 68.060998 0.0301368 0.0330065 
1950000 2166 999.762 2074116.201 1922.213 8.4053 0 0 0 0.003697 -225.0895212 39.3710176 0.0298651 0.0325359 
1960000 2176 999.806 2094018.793 1935.23 8.4 0 0 0 0.0035986 -226.7865613 55.2279738 0.0305718 0.0318755 
1970000 2186 999.841 2113487.884 1935.797 8.4125 0 0 0 0.0034862 -226.2541832 38.8155179 0.030633 0.0322635 
1980000 2196 999.87 2135004.399 1975.295 8.4032 0 0 0 0.0033958 -227.4642354 18.0058266 0.0299468 0.0320979 
1990000 2206 999.894 2156460.989 2007.958 8.4092 0 0 0 0.0033905 -227.7394606 9.2519864 0.0293928 0.0327905 
2000000 2216 999.913 2175528.72 1991.652 8.4084 0 0 0 0.0033566 -228.6036278 28.5815479 0.028344 0.0310577 
2010000 2226 999.929 2196920.868 2017.584 8.3991 0 0 0 0.0037264 -229.49457 51.9529343 0.0297625 0.0316547 
2020000 2236 999.942 2218638.071 2046.577 8.3979 0 0 0 0.0044444 -229.9171312 104.9964261 0.0294409 0.033089 
2030000 2246 999.953 2241034.784 2078.78 8.4139 0 0 0 0.003444 -230.7593658 31.4294526 0.0297763 0.0318196 
2040000 2256 999.961 2259159.264 2036.857 8.4122 0 0 0 0.0036629 -231.5768842 47.7424058 0.0295357 0.0326276 
2050000 2266 999.968 2270128.47 1866.875 8.4234 0 0 0 0.0036014 -230.4999377 44.0334041 0.0293163 0.0319492 
2060000 2276 999.974 2284939.746 1793.329 8.4178 0 0 0 0.0039396 -229.893344 65.7947918 0.0299445 0.0322757 
2070000 2286 999.979 2301541.741 1770.984 8.4124 0 0 0 0.0039145 -229.532532 85.4841147 0.0295909 0.0323941 
2080000 2296 999.983 2322529.044 1830.163 8.4035 0 0 0 0.0032624 -231.0332911 24.5808915 0.0292417 0.030703 
2090000 2306 999.986 2342807.991 1867.99 8.4226 0 0 0 0.0036953 -231.2205105 51.9351006 0.0291506 0.0326787 
2100000 2316 988.929 2358615.8 1790.11 8.3324 0 0 0 0.0147169 -231.2200434 33.4628121 0.0295316 0.0342226 
2110000 2326 990.954 2370640.385 1695.861 8.365 0 0 0 0.0037105 -230.2312069 47.358411 0.0281802 0.032003 
2120000 2336 992.609 2384056.555 1629.825 8.3892 0 0 0 0.0040189 -227.9454004 67.3181077 0.0280348 0.0345456 
2130000 2346 993.961 2401881.323 1635.39 8.4171 0 0 0 0.003942 -227.6952986 79.5342171 0.0299901 0.0319189 
2140000 2356 995.065 2423888.141 1743.679 8.4293 0 0 0 0.0042018 -228.2420622 82.8091876 0.0296148 0.0324872 
2150000 2366 995.968 2443010.048 1780.699 8.4376 0 0 0 0.0034308 -228.0680288 17.288393 0.0288571 0.0311633 
2160000 2376 996.706 2461531.594 1784.533 8.4456 0 0 0 0.0034066 -227.6634698 24.8715671 0.0288636 0.0309051 
2170000 2386 997.308 2478926.471 1803.486 8.4415 0 0 0 0.0038203 -228.5931727 50.0955784 0.0288053 0.0330206 
2180000 2396 997.801 2493337.664 1704.584 8.4558 0 0 0 0.0041297 -227.441662 70.603832 0.0281422 0.0340535 
2190000 2407 984.032 2506623.977 1633.899 8.3408 0 0 0 0.0036372 -225.4682556 24.5951056 0.0276713 0.0315012 
2200000 2418 974.774 2523333.123 1612.609 8.2603 0 0 0 0.0047787 -226.2586981 45.82002 0.0275321 0.0330868 
2210000 2428 979.388 2539329.821 1605.978 8.3013 0 0 0 0.0035296 -225.1113415 31.8248583 0.0285813 0.0321605 
2220000 2438 983.159 2554512.883 1589.712 8.3351 0 0 0 0.0037786 -223.9278063 65.0578658 0.028532 0.0320588 
2230000 2448 982.501 2566303.783 1523.141 8.3305 0 0 0 0.0036728 -220.8125063 41.2640927 0.0279202 0.0327704 
2240000 2459 969.211 2578952.391 1439.445 8.2295 0 0 0 0.0038509 -220.4673415 41.1170588 0.0276656 0.0330697 
2250000 2469 974.844 2596670.161 1501.084 8.2897 0 0 0 0.0046031 -221.7096122 97.6843581 0.0278127 0.0335971 
2260000 2479 979.445 2614740.042 1558.967 8.3382 0 0 0 0.0041968 -223.1915106 53.9637885 0.0280249 0.0330579 
2270000 2489 983.205 2633872.148 1623.571 8.3808 0 0 0 0.0041029 -224.5327739 43.6651361 0.0285555 0.0335203 
2280000 2499 986.278 2650365.69 1627.956 8.3941 0 0 0 0.0049275 -224.1304474 90.5702776 0.0289255 0.0345572 
2290000 2509 988.788 2665992.047 1625.542 8.4079 0 0 0 0.0043325 -223.4693392 84.1151501 0.0292435 0.0347628 
2300000 2519 990.839 2682862.41 1629.219 8.4213 0 0 0 0.0042066 -224.0436691 58.4979344 0.0287339 0.0344059 
2310000 2529 992.515 2701234.789 1670.696 8.4456 0 0 0 0.0036345 -225.5648712 26.9884576 0.0294528 0.0332234 
2320000 2539 993.884 2717722.082 1658.44 8.4452 0 0 0 0.0039216 -226.5390654 59.9913966 0.0295974 0.0332849 
2330000 2549 995.003 2735378.808 1677.843 8.4289 0 0 0 0.0034896 -226.9923093 22.6344645 0.0292812 0.0320358 
2340000 2559 995.917 2753666.982 1712.472 8.4279 0 0 0 0.0043447 -225.7028782 80.744262 0.0292524 0.0344775 
2350000 2569 988.139 2772559.879 1722.462 8.3518 0 0 0 0.0035041 -226.5324752 23.9498728 0.029113 0.0312316 
2360000 2579 990.309 2790446.454 1735.651 8.3743 0 0 0 0.0034924 -226.3685186 27.6059336 0.0289784 0.0320557 
2370000 2589 992.081 2808891.192 1754.114 8.3867 0 0 0 0.0043012 -226.7284988 31.1176866 0.0292318 0.0334093 
2380000 2599 993.53 2826736.183 1764.054 8.386 0 0 0 0.0037869 -226.6921142 31.9139996 0.0292196 0.0335186 
2390000 2609 994.713 2845756.634 1786.811 8.3861 0 0 0 0.004201 -227.8802006 62.1271591 0.0303253 0.0336869 
2400000 2619 995.68 2863776.461 1784.256 8.3938 0 0 0 0.0038317 -228.1826285 46.8735045 0.030463 0.032575 
2410000 2629 996.471 2882332.081 1800.632 8.3933 0 0 0 0.0040448 -228.8853428 78.3431639 0.0298749 0.0333507 
2420000 2639 997.116 2901495.054 1818.461 8.3869 0 0 0 0.0042622 -229.2563197 97.3666336 0.0293214 0.0327803 
2430000 2649 997.644 2921591.262 1855.129 8.3932 0 0 0 0.0039112 -232.4364303 62.5487644 0.0295693 0.0329874 
2440000 2659 998.075 2940303.366 1868.067 8.3964 0 0 0 0.0043948 -233.7836272 113.8027998 0.0299733 0.0345664 
2450000 2669 998.427 2958482.063 1847.113 8.3982 0 0 0 0.003489 -234.0482493 30.1444086 0.0304064 0.0323033 
2460000 2679 998.715 2977179.966 1851.78 8.4066 0 0 0 0.0037925 -234.6546707 20.8953393 0.0309091 0.0326771 
2470000 2689 998.95 2997436.235 1882.638 8.3895 0 0 0 0.0035725 -234.2921672 47.4076936 0.0306553 0.0316701 
2480000 2699 999.142 3016144.574 1879.013 8.3863 0 0 0 0.0037904 -234.7419955 65.197981 0.0299698 0.0328034 
2490000 2709 999.299 3036055.509 1900.55 8.3988 0 0 0 0.0038788 -235.7504484 59.5664189 0.0300039 0.0331704 
2500000 2719 999.427 3053547.102 1879.312 8.4074 0 0 0 0.0040612 -235.8452315 101.634944 0.029478 0.0324882 
2510000 2729 999.532 3072841.832 1883.269 8.406 0 0 0 0.0037295 -236.3190146 36.4028327 0.029878 0.0325962 
2520000 2739 999.618 3091623.567 1881.226 8.4014 0 0 0 0.003725 -237.8150997 64.7661686 0.0304861 0.0321692 
2530000 2749 999.688 3111499.417 1899.939 8.4095 0 0 0 0.0037937 -238.0825214 63.9990374 0.02966 0.033328 
2540000 2759 999.745 3128171.819 1860.027 8.4267 0 0 0 0.0039163 -237.2717818 57.2629798 0.0303176 0.034459 
2550000 2770 993.116 3143201.355 1776.681 8.3769 0 0 0 0.0042533 -236.6211561 100.8177333 0.0302358 0.0334326 
2560000 2780 993.438 3157346.909 1710.351 8.3716 0 0 0 0.0035106 -236.2253743 56.4411706 0.0299214 0.0310064 
2570000 2790 994.638 3173636.845 1695.142 8.3917 0 0 0 0.0039826 -234.4870258 75.3480428 0.0304586 0.0332995 
2580000 2800 995.619 3192692.653 1732.696 8.403 0 0 0 0.0040314 -235.4726366 75.5543419 0.0305013 0.0336296 
2590000 2810 996.421 3212981.375 1786.834 8.4294 0 0 0 0.0038402 -234.9550231 52.7275669 0.0307699 0.0327336 
2600000 2820 997.075 3231888.486 1805.758 8.4306 0 0 0 0.0038382 -234.3038499 78.4414203 0.0301736 0.0329752 
2610000 2830 997.61 3252834.174 1860.749 8.4435 0 0 0 0.0039909 -235.6500366 61.2025398 0.0306267 0.0336932 
2620000 2840 998.047 3271957.148 1867.354 8.4526 0 0 0 0.0039444 -235.5799184 75.6425979 0.0299324 0.0332015 
2630000 2850 998.405 3291376.599 1880.947 8.4705 0 0 0 0.0037837 -235.7533086 48.6785941 0.0305106 0.0325624 
2640000 2860 998.696 3312387.297 1921.112 8.4848 0 0 0 0.0036325 -235.4191713 58.2963736 0.0306438 0.0318611 
2650000 2870 998.935 3333813.574 1960.661 8.4831 0 0 0 0.0039518 -235.401186 71.0611383 0.0298873 0.0332714 
2660000 2880 999.13 3351232.345 1918.368 8.4833 0 0 0 0.004382 -236.2527328 110.6690576 0.0301 0.0338473 
2670000 2890 999.289 3369782.286 1906.584 8.4904 0 0 0 0.0039545 -236.2271686 74.7877694 0.0304273 0.0316619 
2680000 2900 999.419 3390248.144 1932.487 8.4832 0 0 0 0.0039726 -236.9087891 80.1714596 0.0306311 0.0330438 
2690000 2910 999.525 3406641.946 1882.286 8.4715 0 0 0 0.0036887 -236.589437 52.6566184 0.0301236 0.031247 
2700000 2920 999.612 3424236.382 1856.897 8.4624 0 0 0 0.0045612 -235.5254344 135.4900475 0.0307386 0.0332704 
2710000 2930 999.683 3445399.435 1906.357 8.4535 0 0 0 0.0031718 -237.1167061 18.7414035 0.0297648 0.0297733 
2720000 2940 999.741 3464093.635 1902.019 8.4473 0 0 0 0.0035995 -236.5702495 54.6357525 0.0305494 0.029719 
2730000 2950 999.788 3481138.319 1865.387 8.4523 0 0 0 0.0037483 -234.6500141 66.2844461 0.0302638 0.0308083 
2740000 2960 999.827 3495118.811 1783.535 8.455 0 0 0 0.0037428 -234.3390686 68.955508 0.0305359 0.0309524 
2750000 2970 999.859 3513321.964 1786.595 8.4383 0 0 0 0.0034273 -234.9852322 30.4529942 0.0301114 0.0306418 
2760000 2980 994.012 3529938.164 1748.571 8.3916 0 0 0 0.0034005 -236.2931954 24.0011555 0.0300158 0.0315234 
2770000 2990 995.107 3546885.699 1745.097 8.3996 0 0 0 0.0033499 -236.88141 45.9025068 0.0305492 0.0306178 
2780000 3000 996.002 3564760.717 1748.384 8.4152 0 0 0 0.0032403 -236.6433589 32.7862938 0.0299147 0.029676 
2790000 3010 996.733 3581513.122 1732.886 8.4247 0 0 0 0.0040021 -235.3959842 87.4685991 0.0296255 0.0329356 
2800000 3020 997.331 3598483.881 1729.41 8.4397 0 0 0 0.0034857 -235.1426276 38.0394569 0.0298352 0.0304545 
2810000 3030 997.819 3615453.716 1729.933 8.4384 0 0 0 0.0031789 -234.6721592 24.6227348 0.0304659 0.0294697 
2820000 3040 998.218 3634349.681 1753.879 8.4428 0 0 0 0.0033332 -234.8718777 26.6500921 0.0300894 0.0302935 
2830000 3050 998.544 3652048.565 1755.489 8.4443 0 0 0 0.0035998 -233.9897723 51.5824673 0.0305418 0.0310428 
2840000 3060 998.81 3665274.03 1675.645 8.4615 0 0 0 0.003262 -232.2110971 31.8404674 0.0313126 0.029747 
2850000 3070 999.028 3682547.068 1687.275 8.4514 0 0 0 0.003678 -231.1915534 41.8240491 0.0304134 0.0307164 
2860000 3080 999.206 3702199.354 1738.895 8.4578 0 0 0 0.0037179 -231.1929262 46.9994091 0.0306455 0.0329182 
2870000 3090 999.351 3720632.367 1750.903 8.4553 0 0 0 0.004262 -230.5606871 77.9601753 0.0307204 0.0323527 
2880000 3100 999.47 3738408.817 1756.472 8.4523 0 0 0 0.0039472 -229.8871044 64.882849 0.0313938 0.0317331 
2890000 3110 999.567 3756752.622 1774.933 8.4529 0 0 0 0.0041992 -230.3595649 56.2279526 0.0307327 0.0327707 
2900000 3120 999.646 3773794.885 1753.781 8.4587 0 0 0 0.004823 -229.8686083 104.2671003 0.0311966 0.0337489 
2910000 3130 999.711 3791940.657 1780.245 8.4546 0 0 0 0.0037347 -229.7505481 52.173537 0.0300307 0.0317704 
2920000 3140 999.764 3807255.393 1733.966 8.4542 0 0 0 0.0035307 -229.1590425 40.9608357 0.0306455 0.0311381 
2930000 3150 999.807 3821827.124 1671.052 8.4518 0 0 0 0.0033385 -228.4978675 19.3612546 0.0304657 0.0296697 
2940000 3160 999.842 3839337.824 1688.017 8.452 0 0 0 0.0038156 -228.436609 50.7658721 0.0302001 0.0298682 
2950000 3170 999.871 3859321.084 1752.213 8.4571 0 0 0 0.0044205 -228.9787617 70.672673 0.0315988 0.0324348 
2960000 3180 999.895 3879931.527 1799.649 8.4599 0 0 0 0.0040394 -230.3075881 56.0018021 0.0314346 0.0305436 
2970000 3190 999.914 3901113.202 1860.773 8.4672 0 0 0 0.0033533 -232.4750571 38.4825734 0.030926 0.030857 
2980000 3200 999.93 3922796.862 1917.037 8.4645 0 0 0 0.0034951 -233.5665166 72.5423862 0.0322319 0.0293906 
2990000 3210 999.943 3943151.558 1943.238 8.4674 0 0 0 0.0034542 -235.124788 46.4672051 0.0303633 0.030217 
3000000 3220 999.953 3964356.994 1969.992 8.4674 0 0 0 0.0036279 -235.5190548 62.7140084 0.0311783 0.0298257 
3010000 3230 999.962 3980947.956 1930.014 8.4679 0 0 0 0.0040724 -236.1317318 69.0751343 0.0322602 0.0310854 
3020000 3240 999.969 3999004.672 1893.853 8.4869 0 0 0 0.0041879 -236.1081271 49.0275424 0.031761 0.0311288 
3030000 3250 999.974 4019418.381 1916.598 8.4621 0 0 0 0.003433 -236.9724022 38.1128822 0.0312135 0.0306443 
3040000 3260 999.979 4040635.713 1954.842 8.4553 0 0 0 0.004119 -239.1575518 88.0846573 0.0307069 0.0314277 
3050000 3270 999.983 4062770.707 1999.787 8.4578 0 0 0 0.0036547 -240.7027277 70.946449 0.0302554 0.0304206 
3060000 3280 999.986 4084670.701 2035.64 8.4556 0 0 0 0.0031616 -242.1845305 35.1243623 0.0306212 0.0287742 
3070000 3290 999.989 4104444.463 2026.208 8.46 0 0 0 0.0039692 -242.5272925 65.379225 0.0308376 0.031405 
3080000 3300 999.991 4121942.417 1980.014 8.4507 0 0 0 0.0032993 -242.6879537 36.3049656 0.0301262 0.0292284 
3090000 3310 999.992 4143921.432 2012.815 8.4641 0 0 0 0.0032594 -243.6017821 63.1913185 0.0300217 0.0285443 
3100000 3320 999.994 4164390.238 2021.782 8.4666 0 0 0 0.0036613 -244.0073663 79.8088405 0.0303865 0.0291015 
3110000 3330 999.995 4186057.294 2049.311 8.4462 0 0 0 0.0035567 -245.51128 70.8936112 0.0309501 0.0303123 
3120000 3340 999.996 4206803.465 2072.12 8.4372 0 0 0 0.0035483 -247.5853059 55.267362 0.0298727 0.0317398 
3130000 3350 999.997 4225851.485 2030.804 8.4485 0 0 0 0.0031792 -249.171282 35.7891179 0.0300294 0.029534 
3140000 3360 997.05 4245169.761 1997.461 8.4224 0 0 0 0.0036958 -249.4514179 61.597179 0.0303854 0.0321595 
3150000 3370 997.59 4264529.786 1988.488 8.4218 0 0 0 0.004279 -249.1837293 90.416926 0.0300644 0.0326388 
3160000 3380 998.031 4282755.53 1962.972 8.4262 0 0 0 0.0035038 -248.2351743 72.7930702 0.0294923 0.0307778 
3170000 3390 998.391 4299245.713 1900.182 8.4574 0 0 0 0.0034143 -247.1999234 30.1659244 0.0302247 0.0306015 
3180000 3400 998.685 4315063.551 1859.965 9.3103 0 0 0 0.0036434 -245.0093113 54.3443836 0.0311749 0.031152 
3190000 3410 998.926 4330935.887 1805.467 9.1647 0 0 0 0.0041264 -244.2518261 133.9056792 0.0305655 0.0321969 
3200000 3420 999.122 4342890.421 1698.873 9.0494 0 0 0 0.0037643 -241.9334127 73.8937127 0.0305711 0.0322406 
3210000 3430 999.283 4358973.857 1685.273 8.9598 0 0 0 0.0036834 -241.707213 54.5217898 0.0299068 0.0307516 
3220000 3440 999.414 4378373.426 1709.873 8.8638 0 0 0 0.0033513 -243.140183 42.9792973 0.0304087 0.02954 
3230000 3450 999.521 4398540.469 1775.691 8.7862 0 0 0 0.0031669 -241.9099718 41.3495969 0.0302054 0.0290211 
3240000 3460 999.609 4417058.734 1783.181 8.742 0 0 0 0.0033235 -242.2390027 46.3281204 0.0304866 0.029662 
3250000 3470 999.68 4435560.018 1792.559 8.6982 0 0 0 0.0032744 -240.6540375 47.2011413 0.0303524 0.0297517 
3260000 3480 999.739 4455997.411 1845.828 8.6546 0 0 0 0.0044524 -239.9557416 131.247438 0.0289303 0.0319057 
3270000 3490 999.787 4474340.168 1840.775 8.6153 0 0 0 0.0037628 -240.4755929 72.3503474 0.03062 0.0303561 
3280000 3500 999.826 4494651.771 1883.008 8.5781 0 0 0 0.003729 -240.8504414 32.6436867 0.0302508 0.0306771 
3290000 3511 993.419 4514642.453 1893.785 8.5039 0 0 0 0.0040464 -240.5450596 107.0068565 0.0304274 0.03213 
3300000 3521 994.623 4534521.067 1908.546 8.4994 0 0 0 0.0033654 -240.2402896 20.8616068 0.0302232 0.0298162 
3310000 3531 995.606 4555986.109 1953.495 8.4891 0 0 0 0.0035035 -239.7103002 54.6343673 0.0305812 0.0290254 
3320000 3541 996.41 4576175.869 1963.485 8.5038 0 0 0 0.0039687 -240.1550428 44.2948001 0.0306847 0.0303062 
3330000 3551 997.067 4597994.882 2003.469 8.4864 0 0 0 0.0034545 -240.6232802 29.6393846 0.0308692 0.0299445 
3340000 3561 997.603 4618531.295 2015.03 8.4909 0 0 0 0.0033701 -240.252872 63.1259475 0.0311039 0.0281871 
3350000 3571 998.042 4640726.337 2051.176 8.4877 0 0 0 0.0032299 -240.9623189 51.2487579 0.0302931 0.0282659 
3360000 3581 998.4 4661309.003 2052.893 8.4852 0 0 0 0.0038648 -241.1842016 73.590323 0.0304095 0.0285494 
3370000 3591 998.693 4682425.612 2063.944 8.4736 0 0 0 0.003711 -242.6218929 82.50731 0.0304324 0.0291661 
3380000 3601 998.932 4699990.063 2009.044 8.481 0 0 0 0.0038346 -243.2473667 61.7255538 0.0306791 0.0291232 
3390000 3611 999.127 4717930.272 1968.901 8.486 0 0 0 0.0033249 -243.4933336 54.6379149 0.0306498 0.0292028 
3400000 3621 999.287 4740237.373 2016.742 8.4906 0 0 0 0.0033641 -246.3267295 34.5816682 0.0315666 0.0282928 
3410000 3631 999.417 4762080.641 2046.996 8.4989 0 0 0 0.0036138 -246.9782513 94.063358 0.0306656 0.0291673 
3420000 3641 999.524 4781614.032 2030.873 8.4785 0 0 0 0.0031959 -248.3002059 63.8294801 0.0310702 0.0280055 
3430000 3651 999.611 4797808.99 1953.364 8.4884 0 0 0 0.0032049 -247.5517017 40.6350915 0.0302759 0.0290141 
3440000 3661 999.682 4818267.577 1970.486 8.4868 0 0 0 0.003081 -247.9591403 19.1318473 0.0313214 0.0281244 
3450000 3671 999.74 4836869.13 1946.566 8.4855 0 0 0 0.0034899 -248.0276219 44.4634541 0.031147 0.0292214 
3460000 3681 999.788 4857021.769 1961.353 8.4743 0 0 0 0.0031215 -248.0445747 36.4801507 0.030449 0.0285966 
3470000 3691 999.827 4876881.434 1962.938 8.4791 0 0 0 0.0030813 -248.2100081 33.0723443 0.0297701 0.0286532 
3480000 3701 999.858 4894370.817 1923.152 8.492 0 0 0 0.0031264 -248.7226754 43.8033264 0.0304561 0.028096 
3490000 3711 999.884 4915225.596 1955.506 8.4977 0 0 0 0.003111 -248.5225349 43.4809914 0.0298041 0.0266423 
3500000 3721 999.905 4933602.062 1931.817 8.493 0 0 0 0.003718 -248.2407257 65.725471 0.0304178 0.0286025 
3510000 3731 999.923 4954848.982 1966.499 8.4878 0 0 0 0.0030213 -248.839497 48.9011315 0.0290731 0.0262743 
3520000 3741 999.937 4972355.701 1928.725 8.5114 0 0 0 0.0031458 -248.48128 48.5532303 0.0293657 0.0277251 
3530000 3751 999.948 4991395.247 1926.456 8.5027 0 0 0 0.0029639 -249.0520229 33.1910151 0.0301271 0.0264004 
3540000 3761 999.958 5013273.207 1974.738 8.4904 0 0 0 0.0031139 -248.4176228 51.0646557 0.0292432 0.0269675 
3550000 3771 999.966 5032585.023 1964.532 8.4783 0 0 0 0.0032698 -248.4125946 61.2033876 0.0294529 0.0273298 
3560000 3781 999.972 5053537.879 1990.021 8.4828 0 0 0 0.0030405 -248.9426539 44.4321591 0.0286115 0.0273056 
3570000 3791 999.977 5074177.088 2003.279 8.4868 0 0 0 0.0028359 -248.6538352 32.6211761 0.028275 0.0258813 
3580000 3801 999.981 5097290.864 2059.313 8.4897 0 0 0 0.00275 -249.5323356 23.413501 0.0292268 0.0258259 
3590000 3811 999.985 5118258.366 2072.16 8.4887 0 0 0 0.0030965 -251.1199313 70.8602523 0.0296749 0.0267183 
3600000 3821 999.987 5137814.647 2049.042 8.472 0 0 0 0.0032073 -251.1308237 79.5696782 0.0289925 0.0263722 
3610000 3831 999.99 5153199.421 1955.534 8.4586 0 0 0 0.0031318 -249.1652107 39.9983559 0.0291938 0.0272876 
3620000 3841 999.992 5172783.266 1956.456 8.4557 0 0 0 0.0033157 -249.5454068 62.4753791 0.02844 0.0279184 
3630000 3851 999.993 5192631.958 1960.302 8.4658 0 0 0 0.0030589 -249.3641469 42.2769006 0.03057 0.026366 
3640000 3861 999.994 5214514.514 2001.139 8.4592 0 0 0 0.0031163 -250.1779508 41.4097803 0.0296658 0.0267375 
3650000 3871 999.995 5236022.642 2030.021 8.4576 0 0 0 0.0031761 -249.55313 41.2602779 0.0298671 0.0276834 
3660000 3881 999.996 5255614.693 2018.853 8.4548 0 0 0 0.0029984 -249.9426499 62.263819 0.0292231 0.0261557 
3670000 3891 999.997 5273588.384 1977.029 8.4663 0 0 0 0.0031951 -250.5692121 36.0076804 0.029689 0.0280134 
3680000 3901 999.998 5289690.202 1910.881 8.483 0 0 0 0.0029341 -247.6722149 23.8609773 0.0294774 0.0270806 
3690000 3911 999.998 5306883.115 1876.211 8.487 0 0 0 0.0033941 -247.5964227 50.6909653 0.0297376 0.0276178 
3700000 3921 999.998 5327139.567 1902.123 8.4869 0 0 0 0.0030938 -247.9957628 64.5861312 0.0296397 0.0270049 
3710000 3931 999.999 5345832.151 1895.484 8.4604 0 0 0 0.0032116 -246.2396699 69.5117891 0.0295924 0.0274592 
3720000 3941 999.999 5366805.101 1933.823 8.467 0 0 0 0.0031223 -246.762113 56.5631778 0.0306975 0.0277106 
3730000 3951 999.999 5386413.58 1937.948 8.452 0 0 0 0.0035742 -247.2521263 82.8652661 0.0304283 0.0297341 
3740000 3961 999.999 5406801.139 1958.968 8.4263 0 0 0 0.0033336 -247.7748269 66.4746329 0.0309511 0.0282317 
3750000 3971 999.999 5427103.997 1971.03 8.4161 0 0 0 0.003186 -248.8199514 46.8810177 0.0316481 0.0286429 
3760000 3981 1000.0 5448013.089 1991.219 8.4521 0 0 0 0.0034784 -248.8479705 64.2684946 0.0319065 0.029354 
3770000 3991 1000.0 5468431.276 2000.597 8.4774 0 0 0 0.0039571 -248.5113972 80.9061975 0.0317575 0.0310731 
3780000 4001 1000.0 5490804.665 2043.315 8.4902 0 0 0 0.0032592 -249.1650056 44.7758261 0.03186 0.0284138 
3790000 4011 1000.0 5510894.07 2036.572 8.5046 0 0 0 0.0040524 -248.6115669 83.7717842 0.0314898 0.0304828 
3800000 4021 1000.0 5530994.717 2032.779 8.5179 0 0 0 0.0031502 -249.5423604 51.7995037 0.0310462 0.0282673 
3810000 4031 1000.0 5552165.026 2047.41 8.5379 0 0 0 0.0030567 -251.1699642 40.0675657 0.0316738 0.028135 
3820000 4041 1000.0 5572290.02 2041.12 8.5346 0 0 0 0.0033925 -251.1072647 71.1633973 0.0312278 0.0292601 
3830000 4051 1000.0 5589935.806 1990.098 8.5361 0 0 0 0.0034002 -251.3406738 66.9556782 0.0314863 0.0293471 
3840000 4061 1000.0 5606870.808 1940.347 8.5367 0 0 0 0.0035604 -250.3027991 61.8092183 0.031256 0.0290433 
3850000 4071 1000.0 5625191.628 1920.148 8.5279 0 0 0 0.0035848 -250.301296 49.7001122 0.0313209 0.0290987 
3860000 4081 1000.0 5642017.535 1878.232 8.5196 0 0 0 0.0038614 -249.2873586 61.916483 0.0312523 0.0318626 
3870000 4091 1000.0 5660307.986 1865.346 8.5195 0 0 0 0.0035772 -250.1756413 50.5459343 0.0307909 0.0289358 
3880000 4101 1000.0 5679860.315 1882.652 8.528 0 0 0 0.0034099 -250.6606546 59.8435055 0.0309735 0.0291868 
3890000 4111 1000.0 5697489.112 1858.908 8.5148 0 0 0 0.0037055 -251.5674592 95.4202748 0.0308021 0.0296896 
3900000 4121 1000.0 5714991.807 1842.416 8.5007 0 0 0 0.0037493 -250.9543501 88.6479033 0.03061 0.0301835 
3910000 4131 1000.0 5734971.549 1872.796 8.5155 0 0 0 0.0038065 -251.5520611 124.1991181 0.031449 0.0299494 
3920000 4141 1000.0 5752643.36 1852.319 8.5287 0 0 0 0.0033163 -251.3214147 47.4633133 0.0308079 0.0292176 
3930000 4151 1000.0 5772365.12 1871.54 8.5261 0 0 0 0.0033725 -251.5431147 72.5885329 0.0306551 0.0291584 
3940000 4161 1000.0 5794410.489 1934.473 8.5246 0 0 0 0.0039994 -252.1329166 129.5944418 0.0312878 0.0291949 
3950000 4171 1000.0 5816984.385 1992.136 8.5164 0 0 0 0.0031166 -253.0759498 29.2181725 0.0314247 0.0275544 
3960000 4181 1000.0 5839106.99 2032.693 8.5221 0 0 0 0.0032236 -252.6343924 22.8997418 0.0311108 0.0277714 
3970000 4191 1000.0 5860625.243 2053.411 8.5143 0 0 0 0.0031377 -253.353483 53.7574824 0.0314216 0.027513 
3980000 4201 1000.0 5883087.656 2086.812 8.5115 0 0 0 0.0036472 -253.050857 92.9533586 0.0308273 0.0292723 
3990000 4211 1000.0 5906024.788 2130.939 8.5089 0 0 0 0.00304 -253.6830698 39.1341581 0.0310104 0.0264854 
4000000 4221 1000.0 5924840.129 2081.083 8.5105 0 0 0 0.0038255 -252.9985991 96.47814 0.0310532 0.0295283 
