10000.0 117.33333333333333 -14.4292 -36.0278 7.1695 -0.0014 -0.0036 0.0007 -0.1287 -0.38 0.1226 
20000.0 233.66666666666666 -28.7107 -71.5479 14.1266 -0.0014 -0.0036 0.0007 -0.1495 -0.4574 0.1584 
30000.0 570.5 -30.5053 -76.4632 15.4525 -0.001 -0.0025 0.0005 -0.0117 -0.0572 0.0339 
40000.0 1012.3333333333334 -31.257 -76.1177 13.6037 -0.0008 -0.0019 0.0003 0.0035 -0.0116 0.0186 
50000.0 1376.6666666666667 -34.3138 -77.2093 8.5817 -0.0007 -0.0015 0.0002 -0.0122 -0.032 0.0077 
60000.0 1660.0 -37.2682 -79.7533 5.2169 -0.0006 -0.0013 0.0001 -0.0305 -0.0832 0.0222 
70000.0 2047.1666666666667 -37.68 -79.5459 4.1859 -0.0005 -0.0011 0.0001 -0.0195 -0.0852 0.0462 
80000.0 2489.3333333333335 -37.147 -80.1969 5.9029 -0.0005 -0.001 0.0001 -0.016 -0.0697 0.0377 
90000.0 2831.0 -37.1303 -82.1663 7.9056 -0.0004 -0.0009 0.0001 -0.0068 -0.0419 0.0282 
100000.0 3066.8333333333335 -36.65 -83.8869 10.5869 -0.0004 -0.0008 0.0001 0.0002 -0.0071 0.0075 
110000.0 3327.3333333333335 -36.8413 -86.0697 12.387 -0.0003 -0.0008 0.0001 -0.0003 -0.0127 0.012 
120000.0 3585.8333333333335 -37.8187 -88.5495 12.9121 -0.0003 -0.0007 0.0001 -0.0027 -0.008 0.0027 
130000.0 3907.1666666666665 -36.6558 -91.0155 17.7038 -0.0003 -0.0007 0.0001 -0.0005 -0.014 0.013 
140000.0 4071.3333333333335 -35.877 -93.4677 21.7137 -0.0003 -0.0007 0.0002 -0.004 -0.0365 0.0285 
150000.0 4213.0 -35.5308 -96.961 25.8993 -0.0002 -0.0006 0.0002 -0.014 -0.061 0.033 
160000.0 4421.333333333333 -35.362 -99.1162 28.3922 -0.0002 -0.0006 0.0002 -0.0082 -0.0343 0.018 
170000.0 4629.833333333333 -33.1317 -99.8544 33.5911 -0.0002 -0.0006 0.0002 0.0195 -0.014 0.053 
180000.0 4820.666666666667 -30.7273 -101.4026 39.9479 -0.0002 -0.0006 0.0002 0.0082 -0.0418 0.0581 
190000.0 5005.5 -27.9108 -103.3918 47.5701 -0.0001 -0.0005 0.0003 0.0028 -0.0582 0.0639 
200000.0 5203.5 -23.5985 -105.5337 58.3367 -0.0001 -0.0005 0.0003 0.0245 -0.0198 0.0688 
210000.0 5368.333333333333 -20.7807 -109.8991 68.3378 -0.0001 -0.0005 0.0003 0.0173 -0.0343 0.069 
220000.0 5566.333333333333 -16.9313 -113.4828 79.6201 -0.0001 -0.0005 0.0004 0.0322 -0.0074 0.0718 
230000.0 5749.666666666667 -12.7318 -116.6483 91.1846 -0.0001 -0.0005 0.0004 0.0293 -0.0248 0.0835 
240000.0 5936.666666666667 -8.2353 -119.1632 102.6925 -0.0 -0.0005 0.0004 0.0275 -0.0198 0.0748 
250000.0 6118.166666666667 -3.0815 -121.5374 115.3744 -0.0 -0.0005 0.0005 0.0372 -0.0137 0.088 
260000.0 6308.833333333333 3.0887 -122.9058 129.0831 0.0 -0.0005 0.0005 0.0488 0.0024 0.0953 
270000.0 6505.0 10.0913 -123.6413 143.824 0.0 -0.0005 0.0005 0.0548 0.0032 0.1065 
280000.0 6699.0 17.0522 -124.6657 158.77 0.0001 -0.0004 0.0006 0.059 0.0082 0.1098 
290000.0 6881.166666666667 24.263 -125.4247 173.9507 0.0001 -0.0004 0.0006 0.0712 0.0062 0.1361 
300000.0 7025.333333333333 29.8667 -128.3064 188.0397 0.0001 -0.0004 0.0006 0.076 -0.0173 0.1693 
310000.0 7180.166666666667 35.999 -130.2083 202.2063 0.0001 -0.0004 0.0007 0.0762 -0.0186 0.1709 
320000.0 7349.0 43.5598 -130.7965 217.9162 0.0001 -0.0004 0.0007 0.0797 -0.0111 0.1704 
330000.0 7507.0 50.0263 -132.2519 232.3046 0.0002 -0.0004 0.0007 0.0858 -0.0015 0.1732 
340000.0 7666.333333333333 56.8425 -133.3551 247.0401 0.0002 -0.0004 0.0007 0.0798 -0.0094 0.1691 
350000.0 7823.5 63.8078 -134.3748 261.9904 0.0002 -0.0004 0.0007 0.0822 -0.0119 0.1762 
360000.0 7975.333333333333 70.3683 -136.0769 276.8136 0.0002 -0.0004 0.0008 0.0813 -0.0135 0.1761 
370000.0 8133.5 77.9132 -136.6568 292.4831 0.0002 -0.0004 0.0008 0.0807 -0.0079 0.1692 
380000.0 8295.666666666666 86.234 -137.0043 309.4723 0.0002 -0.0004 0.0008 0.0817 -0.0079 0.1712 
390000.0 8469.333333333334 95.591 -136.1649 327.3469 0.0002 -0.0003 0.0008 0.0743 -0.001 0.1497 
400000.0 8648.666666666666 104.0008 -135.192 343.1937 0.0003 -0.0003 0.0009 0.0708 0.0042 0.1375 
410000.0 8812.0 111.8095 -135.0171 358.6361 0.0003 -0.0003 0.0009 0.0818 0.0019 0.1618 
420000.0 8964.666666666666 118.9697 -136.3826 374.3219 0.0003 -0.0003 0.0009 0.0805 0.0047 0.1563 
430000.0 9100.833333333334 125.2722 -139.4406 389.985 0.0003 -0.0003 0.0009 0.084 -0.0014 0.1694 
440000.0 9260.166666666666 133.534 -140.52 407.588 0.0003 -0.0003 0.0009 0.0935 0.0031 0.1839 
450000.0 9437.333333333334 143.219 -140.0698 426.5078 0.0003 -0.0003 0.0009 0.1075 0.0073 0.2077 
460000.0 9612.166666666666 153.249 -138.7158 445.2138 0.0003 -0.0003 0.001 0.1173 0.0066 0.228 
470000.0 9774.166666666666 164.5177 -135.2952 464.3306 0.0004 -0.0003 0.001 0.1325 0.0077 0.2573 
480000.0 9925.666666666666 174.8265 -133.7259 483.3789 0.0004 -0.0003 0.001 0.1308 0.0093 0.2523 
490000.0 10075.5 185.225 -132.8683 503.3183 0.0004 -0.0003 0.001 0.1208 0.0084 0.2333 
500000.0 10231.166666666666 196.0932 -132.1077 524.294 0.0004 -0.0003 0.001 0.1103 0.0077 0.213 
510000.0 10374.666666666666 207.1742 -129.6656 544.0139 0.0004 -0.0003 0.0011 0.128 0.0079 0.2481 
520000.0 10501.666666666666 218.406 -126.8422 563.6542 0.0004 -0.0002 0.0011 0.148 0.0054 0.2906 
530000.0 10632.833333333334 230.469 -123.5679 584.5059 0.0004 -0.0002 0.0011 0.1638 -0.0065 0.3341 
540000.0 10753.666666666666 241.3713 -121.3205 604.0631 0.0004 -0.0002 0.0011 0.1868 -0.011 0.3847 
550000.0 10872.333333333334 251.7455 -118.4812 621.9722 0.0005 -0.0002 0.0011 0.1772 -0.0048 0.3591 
560000.0 10996.833333333334 262.4837 -115.9442 640.9116 0.0005 -0.0002 0.0011 0.17 -0.0038 0.3438 
570000.0 11125.833333333334 274.2948 -111.852 660.4417 0.0005 -0.0002 0.0012 0.1695 0.0006 0.3384 
580000.0 11255.0 285.7358 -108.2817 679.7534 0.0005 -0.0002 0.0012 0.1682 -0.007 0.3433 
590000.0 11398.333333333334 297.7255 -104.4846 699.9356 0.0005 -0.0002 0.0012 0.155 -0.008 0.318 
600000.0 11536.166666666666 309.422 -99.7137 718.5577 0.0005 -0.0002 0.0012 0.146 0.0214 0.2706 
610000.0 11670.0 321.3575 -95.1357 737.8507 0.0005 -0.0002 0.0012 0.143 0.016 0.27 
620000.0 11796.166666666666 333.4678 -89.6739 756.6095 0.0005 -0.0001 0.0012 0.1653 0.0116 0.3191 
630000.0 11921.666666666666 345.5228 -83.8533 774.899 0.0005 -0.0001 0.0012 0.1488 0.0242 0.2735 
640000.0 12054.5 359.7675 -75.2376 794.7726 0.0006 -0.0001 0.0012 0.1573 0.017 0.2977 
650000.0 12186.166666666666 374.0685 -65.8577 813.9947 0.0006 -0.0001 0.0013 0.1812 0.0127 0.3497 
660000.0 12322.166666666666 389.8893 -55.0973 834.876 0.0006 -0.0001 0.0013 0.194 0.0034 0.3846 
670000.0 12449.666666666666 404.7597 -45.1867 854.706 0.0006 -0.0001 0.0013 0.2003 -0.0004 0.4011 
680000.0 12569.0 421.1558 -34.2469 876.5585 0.0006 -0.0001 0.0013 0.2187 -0.0008 0.4381 
690000.0 12646.5 434.3787 -29.0306 897.7879 0.0006 -0.0 0.0013 0.2198 0.004 0.4357 
700000.0 12716.333333333334 447.4887 -25.2376 920.215 0.0006 -0.0 0.0013 0.2183 -0.0146 0.4513 
710000.0 12795.666666666666 462.5357 -20.1918 945.2632 0.0007 -0.0 0.0013 0.229 -0.022 0.48 
720000.0 12880.166666666666 477.6643 -14.1538 969.4825 0.0007 -0.0 0.0013 0.2563 -0.0533 0.566 
730000.0 12975.5 493.5287 -7.0747 994.132 0.0007 -0.0 0.0014 0.2857 -0.0774 0.6487 
740000.0 13073.666666666666 510.1563 0.7375 1019.5751 0.0007 0.0 0.0014 0.3098 -0.0999 0.7196 
750000.0 13183.333333333334 527.8235 11.0677 1044.5793 0.0007 0.0 0.0014 0.3335 -0.1302 0.7972 
760000.0 13300.333333333334 545.524 23.0114 1068.0366 0.0007 0.0 0.0014 0.3302 -0.1202 0.7806 
770000.0 13400.166666666666 562.8948 36.352 1089.4377 0.0007 0.0 0.0014 0.3565 -0.1122 0.8252 
780000.0 13486.5 578.066 46.1231 1110.0089 0.0007 0.0001 0.0014 0.3372 -0.1176 0.792 
790000.0 13562.0 595.3905 54.71 1136.071 0.0008 0.0001 0.0014 0.4213 -0.2861 1.1287 
800000.0 13653.166666666666 616.5165 65.8682 1167.1648 0.0008 0.0001 0.0015 0.494 -0.3707 1.3587 
810000.0 13748.833333333334 638.7298 78.7604 1198.6993 0.0008 0.0001 0.0015 0.5722 -0.449 1.5933 
820000.0 13852.833333333334 663.0615 92.9438 1233.1792 0.0008 0.0001 0.0015 0.6605 -0.5838 1.9048 
830000.0 13962.0 688.0243 107.1675 1268.8812 0.0008 0.0001 0.0015 0.7477 -0.739 2.2344 
840000.0 14076.333333333334 713.3828 120.1223 1306.6434 0.0008 0.0001 0.0016 0.7615 -0.8168 2.3398 
850000.0 14179.333333333334 735.8155 129.1578 1342.4732 0.0009 0.0002 0.0016 0.549 -0.4829 1.5809 
860000.0 14277.333333333334 757.831 136.8529 1378.8091 0.0009 0.0002 0.0016 0.3598 -0.1728 0.8924 
870000.0 14379.0 782.3845 144.4971 1420.2719 0.0009 0.0002 0.0016 0.4128 -0.2616 1.0873 
880000.0 14475.166666666666 804.9802 152.0016 1457.9588 0.0009 0.0002 0.0017 0.5243 -0.408 1.4566 
890000.0 14579.166666666666 827.4603 159.6228 1495.2978 0.0009 0.0002 0.0017 0.592 -0.5384 1.7224 
900000.0 14660.0 848.5143 164.2517 1532.7769 0.0009 0.0002 0.0017 0.6262 -0.5742 1.8266 
910000.0 14737.666666666666 870.43 169.2008 1571.6592 0.001 0.0002 0.0017 0.7377 -0.7235 2.1988 
920000.0 14831.333333333334 894.264 175.4296 1613.0984 0.001 0.0002 0.0018 0.823 -0.8639 2.5099 
930000.0 14926.166666666666 918.1405 180.9097 1655.3713 0.001 0.0002 0.0018 0.8087 -0.8537 2.471 
940000.0 15009.166666666666 939.4497 185.2054 1693.694 0.001 0.0002 0.0018 0.785 -0.8116 2.3816 
950000.0 15102.0 962.6617 191.9768 1733.3465 0.001 0.0002 0.0018 0.8113 -0.8304 2.453 
960000.0 15186.666666666666 986.8118 197.3629 1776.2607 0.001 0.0002 0.0019 0.8748 -0.9187 2.6684 
970000.0 15274.166666666666 1010.896 202.5441 1819.2479 0.001 0.0002 0.0019 0.9183 -1.025 2.8617 
980000.0 15358.5 1034.1225 206.4388 1861.8062 0.0011 0.0002 0.0019 0.9338 -1.0589 2.9266 
990000.0 15445.666666666666 1057.2765 213.9724 1900.5806 0.0011 0.0002 0.0019 0.9242 -0.9844 2.8328 
1000000.0 15531.166666666666 1081.9187 219.4449 1944.3925 0.0011 0.0002 0.0019 0.9563 -1.0193 2.9319 
1010000.0 15595.0 1104.9038 222.1579 1987.6497 0.0011 0.0002 0.002 0.9497 -0.9748 2.8741 
1020000.0 15673.333333333334 1128.174 226.8854 2029.4626 0.0011 0.0002 0.002 0.9815 -1.0347 2.9977 
1030000.0 15740.5 1152.3483 230.9797 2073.717 0.0011 0.0002 0.002 1.0305 -1.0918 3.1528 
1040000.0 15796.5 1175.412 231.4963 2119.3277 0.0011 0.0002 0.002 1.0727 -1.0603 3.2056 
1050000.0 15881.166666666666 1203.656 241.8623 2165.4497 0.0011 0.0002 0.0021 1.0598 -0.9642 3.0838 
1060000.0 15973.5 1231.2317 255.0204 2207.4429 0.0012 0.0002 0.0021 1.0392 -0.9626 3.0409 
1070000.0 16069.0 1259.5108 267.4261 2251.5956 0.0012 0.0002 0.0021 1.022 -0.9101 2.9541 
1080000.0 16166.333333333334 1286.892 283.7317 2290.0523 0.0012 0.0003 0.0021 0.6862 -0.3746 1.7469 
1090000.0 16272.0 1313.7412 301.5073 2325.9751 0.0012 0.0003 0.0021 0.446 -0.0302 0.9222 
1100000.0 16357.5 1338.764 313.3193 2364.2087 0.0012 0.0003 0.0021 0.4412 -0.0455 0.9278 
1110000.0 16432.166666666668 1362.5747 318.5469 2406.6024 0.0012 0.0003 0.0022 0.5355 -0.1803 1.2513 
1120000.0 16499.166666666668 1387.0205 320.7838 2453.2572 0.0012 0.0003 0.0022 0.5393 -0.1732 1.2519 
1130000.0 16566.0 1410.7155 322.2207 2499.2103 0.0012 0.0003 0.0022 0.6953 -0.444 1.8346 
1140000.0 16641.666666666668 1433.831 324.9282 2542.7338 0.0013 0.0003 0.0022 0.7373 -0.5197 1.9944 
1150000.0 16706.666666666668 1458.0652 326.4031 2589.7273 0.0013 0.0003 0.0023 0.8062 -0.6178 2.2301 
1160000.0 16766.833333333332 1478.2355 330.4204 2626.0506 0.0013 0.0003 0.0023 0.802 -0.6432 2.2472 
1170000.0 16830.0 1501.9068 333.4762 2670.3375 0.0013 0.0003 0.0023 0.8053 -0.6484 2.259 
1180000.0 16896.5 1525.1548 335.4505 2714.8592 0.0013 0.0003 0.0023 0.8403 -0.6897 2.3704 
1190000.0 16968.666666666668 1548.1583 338.8764 2757.4402 0.0013 0.0003 0.0023 0.892 -0.745 2.529 
1200000.0 17045.333333333332 1570.7277 344.5391 2796.9162 0.0013 0.0003 0.0023 0.8358 -0.6132 2.2849 
1210000.0 17130.666666666668 1595.4913 353.7863 2837.1963 0.0013 0.0003 0.0023 0.8928 -0.6207 2.4063 
1220000.0 17201.0 1617.679 359.994 2875.364 0.0013 0.0003 0.0024 0.9107 -0.6069 2.4282 
1230000.0 17295.833333333332 1644.5862 372.9348 2916.2375 0.0013 0.0003 0.0024 0.9253 -0.6501 2.5008 
1240000.0 17368.5 1668.3222 383.5358 2953.1085 0.0013 0.0003 0.0024 0.9375 -0.608 2.483 
1250000.0 17429.0 1690.9703 390.088 2991.8527 0.0014 0.0003 0.0024 0.8595 -0.4355 2.1545 
1260000.0 17496.833333333332 1716.756 395.9976 3037.5144 0.0014 0.0003 0.0024 0.7572 -0.3135 1.8278 
1270000.0 17567.0 1741.5713 405.1943 3077.9483 0.0014 0.0003 0.0024 0.7908 -0.3855 1.9671 
1280000.0 17634.666666666668 1765.5752 413.4693 3117.6811 0.0014 0.0003 0.0024 0.8323 -0.4417 2.1064 
1290000.0 17690.0 1789.3302 414.1147 3164.5456 0.0014 0.0003 0.0025 0.8233 -0.4472 2.0939 
1300000.0 17741.833333333332 1813.5192 413.7085 3213.3298 0.0014 0.0003 0.0025 0.8678 -0.5253 2.261 
1310000.0 17793.166666666668 1837.1148 418.7784 3255.4513 0.0014 0.0003 0.0025 0.923 -0.5146 2.3606 
1320000.0 17843.166666666668 1861.6758 423.8567 3299.4949 0.0014 0.0003 0.0025 0.9987 -0.4873 2.4846 
1330000.0 17891.833333333332 1885.7227 429.4988 3341.9465 0.0014 0.0003 0.0025 1.0558 -0.478 2.5896 
1340000.0 17948.333333333332 1911.532 437.8469 3385.2171 0.0014 0.0003 0.0025 1.0873 -0.4794 2.654 
1350000.0 18005.833333333332 1936.6495 445.6112 3427.6878 0.0014 0.0003 0.0025 1.11 -0.4796 2.6996 
1360000.0 18058.5 1961.701 452.0096 3471.3924 0.0014 0.0003 0.0026 1.0988 -0.3803 2.578 
1370000.0 18111.666666666668 1989.33 457.9968 3520.6632 0.0015 0.0003 0.0026 1.0797 -0.2461 2.4054 
1380000.0 18164.0 2014.0413 466.8119 3561.2708 0.0015 0.0003 0.0026 1.145 -0.2806 2.5706 
1390000.0 18214.666666666668 2038.8945 475.6404 3602.1486 0.0015 0.0003 0.0026 1.121 -0.2063 2.4483 
1400000.0 18261.0 2064.5488 481.4061 3647.6916 0.0015 0.0003 0.0026 1.1492 -0.2185 2.5168 
1410000.0 18307.833333333332 2091.5295 490.2225 3692.8365 0.0015 0.0003 0.0026 1.1492 -0.2126 2.5109 
1420000.0 18357.333333333332 2117.322 498.0606 3736.5834 0.0015 0.0004 0.0026 1.1455 -0.2776 2.5686 
1430000.0 18412.333333333332 2141.6323 507.8914 3775.3733 0.0015 0.0004 0.0026 1.0542 -0.2824 2.3907 
1440000.0 18474.333333333332 2165.8008 516.9835 3814.6181 0.0015 0.0004 0.0026 1.0005 -0.3765 2.3775 
1450000.0 18529.666666666668 2193.3257 524.4751 3862.1762 0.0015 0.0004 0.0027 0.9658 -0.3006 2.2323 
1460000.0 18622.333333333332 2217.4645 532.7597 3902.1693 0.0015 0.0004 0.0027 0.7553 -0.3172 1.8279 
1470000.0 18693.666666666668 2244.8335 538.8846 3950.7824 0.0015 0.0004 0.0027 0.6557 -0.1367 1.4481 
1480000.0 18764.0 2273.3625 544.5791 4002.1459 0.0015 0.0004 0.0027 0.6872 -0.1855 1.5598 
1490000.0 18831.5 2300.0963 553.5113 4046.6814 0.0015 0.0004 0.0027 0.5347 0.0524 1.0169 
1500000.0 18913.5 2327.5593 563.181 4091.9377 0.0016 0.0004 0.0027 0.5108 -0.0116 1.0333 
1510000.0 19010.666666666668 2355.8485 571.5094 4140.1876 0.0016 0.0004 0.0027 0.5767 -0.0633 1.2166 
1520000.0 19128.0 2385.2955 578.0488 4192.5422 0.0016 0.0004 0.0028 0.682 -0.1377 1.5017 
1530000.0 19235.0 2410.2062 586.7588 4233.6535 0.0016 0.0004 0.0028 0.6937 -0.1095 1.4968 
1540000.0 19300.666666666668 2438.1222 593.9485 4282.2958 0.0016 0.0004 0.0028 0.7758 -0.1067 1.6584 
1550000.0 19358.0 2466.9122 601.3705 4332.4539 0.0016 0.0004 0.0028 0.9018 -0.1529 1.9566 
1560000.0 19414.166666666668 2491.8898 610.2523 4373.5274 0.0016 0.0004 0.0028 0.9315 -0.1531 2.0161 
1570000.0 19467.333333333332 2515.7617 617.7867 4413.7366 0.0016 0.0004 0.0028 0.9228 -0.1558 2.0015 
1580000.0 19515.0 2540.5737 624.1326 4457.0147 0.0016 0.0004 0.0028 0.9785 -0.164 2.121 
1590000.0 19557.666666666668 2563.8373 630.9548 4496.7198 0.0016 0.0004 0.0028 1.0065 -0.2081 2.2211 
1600000.0 19604.0 2589.2688 639.7343 4538.8034 0.0016 0.0004 0.0028 0.9827 -0.179 2.1443 
1610000.0 19652.666666666668 2618.0587 646.7099 4589.4074 0.0016 0.0004 0.0029 1.064 -0.1882 2.3162 
1620000.0 19690.166666666668 2643.8195 655.0986 4632.5404 0.0016 0.0004 0.0029 1.1827 -0.1609 2.5262 
1630000.0 19725.0 2669.6457 662.6427 4676.6487 0.0016 0.0004 0.0029 1.238 -0.156 2.632 
1640000.0 19756.833333333332 2694.4817 668.4224 4720.5409 0.0016 0.0004 0.0029 1.1845 -0.1714 2.5404 
1650000.0 19796.333333333332 2720.4362 674.2588 4766.6135 0.0016 0.0004 0.0029 1.1213 -0.1753 2.4179 
1660000.0 19845.5 2745.611 681.8309 4809.3911 0.0017 0.0004 0.0029 1.0505 -0.2139 2.3149 
1670000.0 19887.0 2773.713 693.4855 4853.9405 0.0017 0.0004 0.0029 1.1977 -0.1259 2.5213 
1680000.0 19925.333333333332 2801.9822 703.6755 4900.2888 0.0017 0.0004 0.0029 1.3062 -0.0828 2.6952 
1690000.0 19968.333333333332 2829.0778 714.4975 4943.6582 0.0017 0.0004 0.0029 1.2915 -0.0972 2.6802 
1700000.0 20009.666666666668 2857.0838 726.9324 4987.2353 0.0017 0.0004 0.0029 1.3387 -0.0915 2.7688 
1710000.0 20055.0 2883.969 738.2441 5029.6939 0.0017 0.0004 0.0029 1.3318 -0.1727 2.8364 
1720000.0 20104.333333333332 2913.938 750.3496 5077.5264 0.0017 0.0004 0.003 1.3762 -0.2996 3.0519 
1730000.0 20150.833333333332 2940.77 763.8422 5117.6978 0.0017 0.0004 0.003 1.4215 -0.2852 3.1282 
1740000.0 20192.0 2969.7185 775.8036 5163.6334 0.0017 0.0004 0.003 1.4967 -0.2669 3.2602 
1750000.0 20234.0 2998.7055 789.3985 5208.0125 0.0017 0.0005 0.003 1.5577 -0.2944 3.4097 
1760000.0 20271.5 3023.7932 801.831 5245.7554 0.0017 0.0005 0.003 1.5472 -0.2445 3.3388 
1770000.0 20310.833333333332 3051.177 816.0633 5286.2907 0.0017 0.0005 0.003 1.5742 -0.2079 3.3562 
1780000.0 20349.5 3079.779 832.5324 5327.0256 0.0017 0.0005 0.003 1.5918 -0.1611 3.3447 
1790000.0 20397.333333333332 3110.5633 849.4881 5371.6386 0.0017 0.0005 0.003 1.553 -0.2369 3.3429 
1800000.0 20439.833333333332 3141.8185 865.8507 5417.7863 0.0017 0.0005 0.003 1.6348 -0.2311 3.5007 
1810000.0 20487.5 3172.7238 882.9752 5462.4725 0.0018 0.0005 0.003 1.646 -0.3036 3.5956 
1820000.0 20539.333333333332 3202.6838 897.3511 5508.0166 0.0018 0.0005 0.003 1.411 -0.2152 3.0372 
1830000.0 20612.333333333332 3232.4653 914.1191 5550.8115 0.0018 0.0005 0.003 0.9965 -0.3771 2.3701 
1840000.0 20688.333333333332 3263.3267 931.6934 5594.9599 0.0018 0.0005 0.003 1.0523 -0.4719 2.5765 
1850000.0 20745.333333333332 3295.2462 950.8841 5639.6082 0.0018 0.0005 0.003 1.209 -0.3391 2.7571 
1860000.0 20790.166666666668 3326.189 968.3725 5684.0055 0.0018 0.0005 0.0031 1.367 -0.2092 2.9432 
1870000.0 20833.833333333332 3359.4233 986.7918 5732.0549 0.0018 0.0005 0.0031 1.4663 -0.1713 3.104 
1880000.0 20878.5 3391.76 1005.7428 5777.7772 0.0018 0.0005 0.0031 1.5208 -0.0358 3.0774 
1890000.0 20923.333333333332 3423.7088 1024.9291 5822.4886 0.0018 0.0005 0.0031 1.559 -0.1072 3.2252 
1900000.0 20966.666666666668 3454.7998 1042.953 5866.6467 0.0018 0.0005 0.0031 1.653 -0.092 3.398 
1910000.0 21008.5 3484.2123 1058.5196 5909.9051 0.0018 0.0006 0.0031 1.657 -0.0917 3.4057 
1920000.0 21046.833333333332 3514.8708 1076.2046 5953.5371 0.0018 0.0006 0.0031 1.696 -0.0849 3.4769 
1930000.0 21087.5 3542.399 1089.3926 5995.4054 0.0018 0.0006 0.0031 1.6537 -0.1136 3.4209 
1940000.0 21128.333333333332 3571.363 1100.6866 6042.0394 0.0018 0.0006 0.0031 1.6527 -0.1974 3.5027 
1950000.0 21167.833333333332 3598.4818 1113.2354 6083.7283 0.0018 0.0006 0.0031 1.5975 -0.1753 3.3703 
1960000.0 21207.833333333332 3625.373 1126.204 6124.542 0.0018 0.0006 0.0031 1.6017 -0.1616 3.3649 
1970000.0 21244.666666666668 3653.0483 1139.964 6166.1327 0.0019 0.0006 0.0031 1.6213 -0.1778 3.4204 
1980000.0 21279.833333333332 3682.6057 1152.2395 6212.9718 0.0019 0.0006 0.0031 1.6103 -0.1227 3.3433 
1990000.0 21321.666666666668 3712.6803 1165.3147 6260.046 0.0019 0.0006 0.0031 1.4918 -0.2208 3.2045 
2000000.0 21366.166666666668 3742.7918 1178.5499 6307.0338 0.0019 0.0006 0.0032 1.4437 -0.3455 3.2329 
2010000.0 21432.333333333332 3768.524 1196.0157 6341.0323 0.0019 0.0006 0.0032 1.2172 -0.6491 3.0834 
2020000.0 21481.166666666668 3795.724 1210.9669 6380.4811 0.0019 0.0006 0.0032 1.3453 -0.6657 3.3563 
2030000.0 21520.666666666668 3823.0198 1225.4499 6420.5898 0.0019 0.0006 0.0032 1.3535 -0.531 3.238 
2040000.0 21557.0 3851.4455 1240.9293 6461.9617 0.0019 0.0006 0.0032 1.4557 -0.5081 3.4194 
2050000.0 21594.5 3880.0235 1258.0796 6501.9674 0.0019 0.0006 0.0032 1.538 -0.3966 3.4726 
2060000.0 21632.333333333332 3909.2487 1277.9602 6540.5371 0.0019 0.0006 0.0032 1.4993 -0.3772 3.3759 
2070000.0 21670.666666666668 3939.4885 1298.1742 6580.8028 0.0019 0.0006 0.0032 1.4645 -0.4012 3.3302 
2080000.0 21707.666666666668 3969.7087 1315.8039 6623.6134 0.0019 0.0006 0.0032 1.4513 -0.2371 3.1398 
2090000.0 21744.5 4000.9028 1333.0167 6668.789 0.0019 0.0006 0.0032 1.4668 -0.1705 3.1042 
2100000.0 21791.333333333332 4033.0298 1352.2401 6713.8196 0.0019 0.0006 0.0032 1.4838 -0.2131 3.1808 
2110000.0 21821.0 4061.6185 1369.8788 6753.3582 0.0019 0.0006 0.0032 1.5432 -0.1403 3.2266 
2120000.0 21847.833333333332 4089.7742 1387.8905 6791.6578 0.0019 0.0007 0.0032 1.6165 -0.1212 3.3542 
2130000.0 21876.666666666668 4119.5935 1402.7406 6836.4464 0.0019 0.0007 0.0032 1.6612 -0.1471 3.4695 
2140000.0 21907.0 4153.697 1419.2599 6888.1341 0.0019 0.0007 0.0032 1.8033 -0.1664 3.7731 
2150000.0 21935.666666666668 4185.7563 1437.9726 6933.54 0.0019 0.0007 0.0032 1.8837 -0.1186 3.8859 
2160000.0 21959.5 4219.1483 1457.1973 6981.0993 0.002 0.0007 0.0032 2.0358 0.0072 4.0645 
2170000.0 21987.166666666668 4250.233 1477.3425 7023.1235 0.002 0.0007 0.0032 2.0203 -0.0252 4.0659 
2180000.0 22019.0 4279.5855 1491.7201 7067.4509 0.002 0.0007 0.0032 1.9352 -0.1775 4.0478 
2190000.0 22050.5 4310.9392 1504.9445 7116.9338 0.002 0.0007 0.0032 1.9307 -0.2338 4.0951 
2200000.0 22095.0 4340.4773 1519.9943 7160.9603 0.002 0.0007 0.0033 1.8843 -0.2964 4.0651 
2210000.0 22136.333333333332 4370.9575 1533.7812 7208.1338 0.002 0.0007 0.0033 1.9112 -0.3146 4.1369 
2220000.0 22169.333333333332 4402.0085 1549.2998 7254.7172 0.002 0.0007 0.0033 1.8237 -0.2065 3.8538 
2230000.0 22197.333333333332 4436.3057 1567.5824 7305.029 0.002 0.0007 0.0033 1.9767 -0.1814 4.1348 
2240000.0 22222.166666666668 4469.9835 1586.6813 7353.2857 0.002 0.0007 0.0033 2.0598 -0.1282 4.2479 
2250000.0 22246.166666666668 4502.3985 1602.7661 7402.0309 0.002 0.0007 0.0033 2.1463 -0.099 4.3916 
2260000.0 22271.166666666668 4538.3913 1621.9923 7454.7903 0.002 0.0007 0.0033 2.2585 -0.096 4.613 
2270000.0 22291.0 4572.3743 1640.386 7504.3627 0.002 0.0007 0.0033 2.3148 0.0256 4.6041 
2280000.0 22309.166666666668 4605.8427 1657.0209 7554.6644 0.002 0.0007 0.0033 2.3605 0.0385 4.6825 
2290000.0 22335.333333333332 4639.24 1676.2483 7602.2317 0.002 0.0007 0.0033 2.2483 0.0496 4.447 
2300000.0 22361.166666666668 4673.2948 1697.0187 7649.571 0.002 0.0007 0.0033 2.2435 0.1462 4.3408 
2310000.0 22388.666666666668 4707.04 1717.8195 7696.2605 0.002 0.0007 0.0033 2.2847 0.1478 4.4216 
2320000.0 22411.166666666668 4738.9788 1735.2368 7742.7208 0.002 0.0007 0.0033 2.261 0.1153 4.4067 
2330000.0 22440.666666666668 4775.2418 1754.6607 7795.823 0.002 0.0008 0.0033 2.3198 0.1055 4.5341 
2340000.0 22470.666666666668 4810.8168 1772.5302 7849.1035 0.0021 0.0008 0.0034 2.389 0.0653 4.7127 
2350000.0 22500.333333333332 4845.4943 1788.3953 7902.5934 0.0021 0.0008 0.0034 2.4022 0.0227 4.7817 
2360000.0 22532.5 4880.1793 1809.4236 7950.9351 0.0021 0.0008 0.0034 2.3297 0.1091 4.5502 
2370000.0 22568.833333333332 4913.2872 1832.6787 7993.8956 0.0021 0.0008 0.0034 2.0702 0.2994 3.8409 
2380000.0 22605.666666666668 4946.6135 1857.3491 8035.8779 0.0021 0.0008 0.0034 1.7912 0.4024 3.18 
2390000.0 22639.333333333332 4982.1892 1881.0249 8083.3535 0.0021 0.0008 0.0034 1.8307 0.3615 3.2998 
2400000.0 22673.666666666668 5015.0853 1906.1071 8124.0636 0.0021 0.0008 0.0034 1.8398 0.4154 3.2643 
2410000.0 22708.0 5051.375 1929.3324 8173.4176 0.0021 0.0008 0.0034 2.0005 0.5455 3.4555 
2420000.0 22745.833333333332 5085.1898 1954.539 8215.8407 0.0021 0.0008 0.0034 1.8732 0.4551 3.2912 
2430000.0 22789.833333333332 5116.4122 1981.0885 8251.7358 0.0021 0.0008 0.0034 1.675 0.0856 3.2644 
2440000.0 22830.0 5149.1512 2007.3826 8290.9198 0.0021 0.0008 0.0034 1.7058 0.0339 3.3777 
2450000.0 22858.833333333332 5183.3383 2028.3142 8338.3625 0.0021 0.0008 0.0034 1.8372 0.2702 3.4041 
2460000.0 22884.166666666668 5217.8932 2052.7808 8383.0055 0.0021 0.0008 0.0034 1.8717 0.2884 3.4549 
2470000.0 22911.666666666668 5254.5513 2075.2869 8433.8158 0.0021 0.0008 0.0034 1.879 0.278 3.48 
2480000.0 22938.666666666668 5289.661 2096.2088 8483.1132 0.0021 0.0008 0.0034 1.9242 0.3532 3.4951 
2490000.0 22963.5 5323.377 2118.9368 8527.8172 0.0021 0.0009 0.0034 1.9375 0.448 3.427 
2500000.0 22988.5 5358.7998 2143.788 8573.8117 0.0021 0.0009 0.0034 2.021 0.543 3.499 
2510000.0 23015.0 5393.7892 2167.5467 8620.0316 0.0021 0.0009 0.0034 2.0817 0.5767 3.5866 
2520000.0 23038.833333333332 5428.197 2189.9075 8666.4865 0.0022 0.0009 0.0034 2.1105 0.5733 3.6477 
2530000.0 23063.0 5465.7493 2212.9794 8718.5193 0.0022 0.0009 0.0034 2.2378 0.6043 3.8714 
2540000.0 23088.666666666668 5500.1155 2235.8008 8764.4302 0.0022 0.0009 0.0035 2.184 0.4784 3.8896 
2550000.0 23122.5 5532.6858 2261.3012 8804.0705 0.0022 0.0009 0.0035 1.7543 0.1899 3.3187 
2560000.0 23177.166666666668 5562.2855 2289.2191 8835.3519 0.0022 0.0009 0.0035 1.6862 -0.0034 3.3757 
2570000.0 23207.666666666668 5597.47 2313.1683 8881.7717 0.0022 0.0009 0.0035 1.785 0.1784 3.3916 
2580000.0 23249.166666666668 5629.9117 2340.3501 8919.4732 0.0022 0.0009 0.0035 1.6942 0.0966 3.2918 
2590000.0 23286.833333333332 5662.8248 2365.9879 8959.6618 0.0022 0.0009 0.0035 1.784 0.2955 3.2725 
2600000.0 23314.5 5698.1565 2388.2041 9008.1089 0.0022 0.0009 0.0035 1.8888 0.4975 3.2802 
2610000.0 23346.666666666668 5728.3983 2407.1256 9049.6711 0.0022 0.0009 0.0035 1.7992 0.321 3.2774 
2620000.0 23380.833333333332 5760.5218 2425.0634 9095.9802 0.0022 0.0009 0.0035 1.927 0.3232 3.5308 
2630000.0 23422.0 5791.983 2444.5793 9139.3867 0.0022 0.0009 0.0035 1.956 0.2906 3.6214 
2640000.0 23453.0 5823.0755 2465.9707 9180.1803 0.0022 0.0009 0.0035 1.9493 0.3258 3.5729 
2650000.0 23476.333333333332 5854.3957 2486.3839 9222.4074 0.0022 0.0009 0.0035 2.0695 0.3862 3.7528 
2660000.0 23498.0 5885.803 2504.1095 9267.4965 0.0022 0.0009 0.0035 2.1175 0.3882 3.8468 
2670000.0 23517.833333333332 5915.6367 2525.4088 9305.8645 0.0022 0.0009 0.0035 2.1673 0.4234 3.9113 
2680000.0 23534.333333333332 5948.3398 2548.4299 9348.2497 0.0022 0.001 0.0035 2.2547 0.5752 3.9341 
2690000.0 23551.5 5982.4488 2570.0761 9394.8215 0.0022 0.001 0.0035 2.347 0.626 4.068 
2700000.0 23568.333333333332 6014.3895 2596.6738 9432.1052 0.0022 0.001 0.0035 2.3823 0.7126 4.0521 
2710000.0 23587.166666666668 6050.5695 2621.2296 9479.9094 0.0022 0.001 0.0035 2.3957 0.6461 4.1452 
2720000.0 23602.166666666668 6085.2803 2646.5958 9523.9648 0.0022 0.001 0.0035 2.4545 0.7638 4.1452 
2730000.0 23621.5 6120.9508 2670.8152 9571.0865 0.0022 0.001 0.0035 2.5177 0.7629 4.2725 
2740000.0 23638.666666666668 6153.0488 2697.1922 9608.9055 0.0022 0.001 0.0035 2.5133 0.7667 4.26 
2750000.0 23660.666666666668 6185.6515 2721.807 9649.496 0.0022 0.001 0.0035 2.4208 0.696 4.1457 
2760000.0 23683.666666666668 6220.8612 2746.5038 9695.2185 0.0023 0.001 0.0035 2.4252 0.6433 4.207 
2770000.0 23703.333333333332 6255.284 2770.3751 9740.1929 0.0023 0.001 0.0035 2.4725 0.7195 4.2255 
2780000.0 23724.333333333332 6289.8233 2794.1978 9785.4489 0.0023 0.001 0.0035 2.4912 0.7484 4.2339 
2790000.0 23744.166666666668 6324.3427 2816.9646 9831.7207 0.0023 0.001 0.0035 2.4678 0.6729 4.2628 
2800000.0 23768.166666666668 6357.0883 2838.6686 9875.5081 0.0023 0.001 0.0035 2.3243 0.5068 4.1419 
2810000.0 23791.5 6393.031 2863.0662 9922.9958 0.0023 0.001 0.0035 2.2818 0.4016 4.162 
2820000.0 23806.666666666668 6429.2743 2886.4393 9972.1094 0.0023 0.001 0.0035 2.4247 0.5516 4.2977 
2830000.0 23825.5 6464.849 2912.571 10017.127 0.0023 0.001 0.0035 2.4372 0.6278 4.2465 
2840000.0 23842.166666666668 6501.416 2935.2772 10067.5548 0.0023 0.001 0.0035 2.5343 0.6891 4.3796 
2850000.0 23859.0 6537.6218 2956.6794 10118.5643 0.0023 0.001 0.0036 2.6032 0.7452 4.4611 
2860000.0 23878.833333333332 6579.2347 2981.0634 10177.4059 0.0023 0.001 0.0036 2.7492 0.8353 4.663 
2870000.0 23897.333333333332 6618.2363 3006.2567 10230.2159 0.0023 0.001 0.0036 2.8108 0.9122 4.7095 
2880000.0 23920.0 6656.1373 3031.0324 10281.2423 0.0023 0.0011 0.0036 2.7002 0.7751 4.6252 
2890000.0 23949.333333333332 6692.8163 3058.4534 10327.1792 0.0023 0.0011 0.0036 2.5987 0.6936 4.5037 
2900000.0 23972.0 6730.3953 3083.8229 10376.9678 0.0023 0.0011 0.0036 2.5898 0.6673 4.5123 
2910000.0 24006.666666666668 6766.1132 3107.5047 10424.7216 0.0023 0.0011 0.0036 2.3085 0.3198 4.2972 
2920000.0 24044.666666666668 6803.2872 3130.1897 10476.3846 0.0023 0.0011 0.0036 2.2123 0.1789 4.2458 
2930000.0 24076.5 6840.4465 3154.8234 10526.0696 0.0023 0.0011 0.0036 2.2558 0.2459 4.2657 
2940000.0 24106.666666666668 6878.0243 3181.3386 10574.7101 0.0023 0.0011 0.0036 2.247 0.2884 4.2056 
2950000.0 24139.666666666668 6915.9188 3206.5164 10625.3213 0.0023 0.0011 0.0036 2.186 0.1887 4.1833 
2960000.0 24221.333333333332 6947.0875 3241.1162 10653.0588 0.0023 0.0011 0.0036 1.9603 -0.2775 4.1982 
2970000.0 24313.833333333332 6973.67 3278.4121 10668.9279 0.0023 0.0011 0.0036 1.9272 -0.2555 4.1098 
2980000.0 24404.5 7000.8447 3314.6087 10687.0806 0.0023 0.0011 0.0036 1.9087 -0.3227 4.1401 
2990000.0 24492.666666666668 7028.2687 3351.3505 10705.1868 0.0024 0.0011 0.0036 1.9667 -0.2642 4.1975 
3000000.0 24575.166666666668 7057.8045 3386.0916 10729.5174 0.0024 0.0011 0.0036 2.039 -0.093 4.171 
3010000.0 24651.833333333332 7088.8447 3420.3884 10757.3009 0.0024 0.0011 0.0036 2.0138 -0.109 4.1367 
3020000.0 24747.166666666668 7116.7645 3457.263 10776.266 0.0024 0.0011 0.0036 1.9902 -0.0851 4.0654 
3030000.0 24830.5 7150.6902 3492.5954 10808.785 0.0024 0.0012 0.0036 1.9723 0.0116 3.933 
3040000.0 24870.333333333332 7190.3307 3517.9093 10862.752 0.0024 0.0012 0.0036 2.0535 0.2567 3.8503 
3050000.0 24908.333333333332 7227.4645 3543.1199 10911.8091 0.0024 0.0012 0.0036 2.0003 0.2549 3.7458 
3060000.0 24933.5 7264.0577 3568.4026 10959.7127 0.0024 0.0012 0.0036 2.0573 0.4303 3.6844 
3070000.0 24957.833333333332 7301.9635 3592.686 11011.241 0.0024 0.0012 0.0036 2.1567 0.5672 3.7461 
3080000.0 24977.666666666668 7341.0858 3618.2582 11063.9134 0.0024 0.0012 0.0036 2.3145 0.6831 3.9459 
3090000.0 25003.0 7381.4258 3644.2945 11118.5572 0.0024 0.0012 0.0036 2.4308 0.72 4.1416 
3100000.0 25025.5 7419.9722 3671.5243 11168.42 0.0024 0.0012 0.0036 2.5212 0.7456 4.2968 
3110000.0 25047.0 7457.3505 3696.8935 11217.8075 0.0024 0.0012 0.0036 2.5798 0.7446 4.415 
3120000.0 25068.833333333332 7496.7317 3722.485 11270.9784 0.0024 0.0012 0.0036 2.6492 0.7325 4.5659 
3130000.0 25096.833333333332 7533.9695 3749.4568 11318.4822 0.0024 0.0012 0.0036 2.4203 0.6449 4.1958 
3140000.0 25162.666666666668 7568.537 3781.0231 11356.0509 0.0024 0.0012 0.0036 1.982 -0.0854 4.0494 
3150000.0 25214.5 7603.09 3813.0639 11393.1161 0.0024 0.0012 0.0036 1.97 -0.0621 4.0021 
3160000.0 25251.333333333332 7640.5278 3844.7597 11436.296 0.0024 0.0012 0.0036 2.0005 -0.0449 4.0459 
3170000.0 25278.0 7679.3597 3872.5871 11486.1322 0.0024 0.0012 0.0036 2.1215 0.1862 4.0568 
3180000.0 25303.0 7717.6482 3898.4235 11536.8728 0.0024 0.0012 0.0036 2.1973 0.2809 4.1138 
3190000.0 25330.833333333332 7756.6012 3925.4383 11587.764 0.0024 0.0012 0.0036 2.2628 0.2568 4.2689 
3200000.0 25361.833333333332 7792.463 3953.0224 11631.9036 0.0024 0.0012 0.0036 2.2592 0.2208 4.2976 
3210000.0 25389.833333333332 7829.1597 3983.1671 11675.1522 0.0024 0.0012 0.0036 2.288 0.203 4.373 
3220000.0 25418.666666666668 7864.4125 4013.1679 11715.6571 0.0024 0.0012 0.0036 2.2583 0.136 4.3806 
3230000.0 25448.0 7899.2597 4042.6391 11755.8802 0.0024 0.0013 0.0036 2.2242 0.1129 4.3355 
3240000.0 25473.666666666668 7937.443 4069.6717 11805.2143 0.0024 0.0013 0.0036 2.2783 0.1819 4.3748 
3250000.0 25504.5 7974.8983 4097.9327 11851.864 0.0025 0.0013 0.0036 2.2093 0.0366 4.382 
3260000.0 25534.166666666668 8015.4147 4125.9831 11904.8462 0.0025 0.0013 0.0037 2.2447 0.1091 4.3803 
3270000.0 25566.166666666668 8056.1853 4156.3638 11956.0068 0.0025 0.0013 0.0037 2.2997 0.0634 4.536 
3280000.0 25592.833333333332 8097.9953 4183.7455 12012.2452 0.0025 0.0013 0.0037 2.3952 0.1629 4.6275 
3290000.0 25631.5 8137.6418 4210.6076 12064.676 0.0025 0.0013 0.0037 2.3593 -0.0076 4.7262 
3300000.0 25659.666666666668 8179.2833 4238.6259 12119.9407 0.0025 0.0013 0.0037 2.4815 0.0519 4.9111 
3310000.0 25689.166666666668 8218.2312 4265.1351 12171.3272 0.0025 0.0013 0.0037 2.4823 0.1813 4.7833 
3320000.0 25718.5 8255.2193 4289.6495 12220.7892 0.0025 0.0013 0.0037 2.5395 0.2997 4.7793 
3330000.0 25752.833333333332 8295.7643 4314.651 12276.8777 0.0025 0.0013 0.0037 2.5628 0.3601 4.7656 
3340000.0 25792.333333333332 8333.0657 4342.3853 12323.7461 0.0025 0.0013 0.0037 2.4675 0.2188 4.7162 
3350000.0 25828.0 8373.1405 4369.0651 12377.2159 0.0025 0.0013 0.0037 2.3737 0.2255 4.5218 
3360000.0 25863.0 8413.7358 4399.8708 12427.6009 0.0025 0.0013 0.0037 2.3727 0.2061 4.5392 
3370000.0 25898.666666666668 8452.2827 4426.9521 12477.6132 0.0025 0.0013 0.0037 2.3232 0.0947 4.5517 
3380000.0 25931.5 8494.1918 4456.142 12532.2417 0.0025 0.0013 0.0037 2.3947 0.2046 4.5848 
3390000.0 25961.5 8535.0365 4483.0441 12587.0289 0.0025 0.0013 0.0037 2.5523 0.369 4.7356 
3400000.0 25993.833333333332 8576.2232 4510.811 12641.6354 0.0025 0.0013 0.0037 2.5488 0.3976 4.7001 
3410000.0 26022.166666666668 8615.8403 4540.2514 12691.4293 0.0025 0.0013 0.0037 2.602 0.4513 4.7527 
3420000.0 26048.833333333332 8654.3 4569.8694 12738.7306 0.0025 0.0013 0.0037 2.5977 0.494 4.7013 
3430000.0 26074.166666666668 8692.9705 4599.8725 12786.0685 0.0025 0.0013 0.0037 2.6073 0.4984 4.7162 
3440000.0 26096.333333333332 8730.7433 4629.4954 12831.9913 0.0025 0.0013 0.0037 2.6338 0.5056 4.7621 
3450000.0 26121.333333333332 8769.5488 4658.5319 12880.5658 0.0025 0.0014 0.0037 2.6875 0.4695 4.9055 
3460000.0 26143.833333333332 8807.03 4687.7388 12926.3212 0.0025 0.0014 0.0037 2.7792 0.534 5.0244 
3470000.0 26162.5 8844.6515 4715.8773 12973.4257 0.0025 0.0014 0.0037 2.8213 0.5759 5.0667 
3480000.0 26179.833333333332 8882.5645 4741.642 13023.487 0.0026 0.0014 0.0037 2.8663 0.6746 5.058 
3490000.0 26200.5 8921.8042 4767.4944 13076.114 0.0026 0.0014 0.0037 2.8108 0.6011 5.0206 
3500000.0 26222.666666666668 8963.136 4794.1554 13132.1166 0.0026 0.0014 0.0038 2.8103 0.6378 4.9829 
3510000.0 26244.666666666668 9004.8998 4822.3665 13187.4332 0.0026 0.0014 0.0038 2.8595 0.6847 5.0343 
3520000.0 26267.666666666668 9044.9692 4850.5782 13239.3602 0.0026 0.0014 0.0038 2.8038 0.655 4.9526 
3530000.0 26289.166666666668 9086.5927 4878.0994 13295.0859 0.0026 0.0014 0.0038 2.9172 0.7155 5.1188 
3540000.0 26310.5 9128.493 4907.2519 13349.7341 0.0026 0.0014 0.0038 2.9833 0.7295 5.2372 
3550000.0 26338.0 9171.4445 4936.2422 13406.6468 0.0026 0.0014 0.0038 2.9545 0.7046 5.2044 
3560000.0 26363.166666666668 9212.3077 4966.1422 13458.4731 0.0026 0.0014 0.0038 2.9282 0.7866 5.0697 
3570000.0 26390.333333333332 9253.2087 4995.5645 13510.8529 0.0026 0.0014 0.0038 2.6888 0.7454 4.6323 
3580000.0 26427.666666666668 9296.8398 5027.0397 13566.6399 0.0026 0.0014 0.0038 2.4802 0.3917 4.5686 
3590000.0 26457.833333333332 9339.9117 5057.2464 13622.577 0.0026 0.0014 0.0038 2.5022 0.3806 4.6237 
3600000.0 26495.833333333332 9382.3058 5087.7297 13676.8819 0.0026 0.0014 0.0038 2.483 0.4968 4.4692 
3610000.0 26561.5 9424.3572 5121.6503 13727.064 0.0026 0.0014 0.0038 2.1885 0.0455 4.3315 
3620000.0 26611.5 9463.5383 5155.5605 13771.5161 0.0026 0.0014 0.0038 2.2148 0.1161 4.3136 
3630000.0 26658.166666666668 9503.5822 5186.0129 13821.1514 0.0026 0.0014 0.0038 2.2625 0.101 4.424 
3640000.0 26729.166666666668 9537.2517 5222.764 13851.7393 0.0026 0.0014 0.0038 2.1347 -0.0015 4.2708 
3650000.0 26824.833333333332 9568.0978 5263.6169 13872.5787 0.0026 0.0014 0.0038 2.029 0.0001 4.0579 
3660000.0 26915.333333333332 9599.7392 5305.6819 13893.7964 0.0026 0.0014 0.0038 2.0438 0.0684 4.0192 
3670000.0 26949.166666666668 9642.7353 5338.3754 13947.0952 0.0026 0.0015 0.0038 2.2717 0.2418 4.3015 
3680000.0 26971.833333333332 9683.1532 5369.9962 13996.3101 0.0026 0.0015 0.0038 2.4265 0.3251 4.5279 
3690000.0 26994.833333333332 9724.6338 5399.1447 14050.123 0.0026 0.0015 0.0038 2.5562 0.4719 4.6404 
3700000.0 27019.333333333332 9766.775 5430.0471 14103.5029 0.0026 0.0015 0.0038 2.6833 0.5322 4.8344 
3710000.0 27049.833333333332 9809.3123 5460.4726 14158.1521 0.0026 0.0015 0.0038 2.5972 0.3553 4.8391 
3720000.0 27074.333333333332 9850.5843 5492.4996 14208.6691 0.0026 0.0015 0.0038 2.7197 0.4192 5.0202 
3730000.0 27102.333333333332 9891.4192 5524.9944 14257.8439 0.0027 0.0015 0.0038 2.7018 0.3829 5.0208 
3740000.0 27130.833333333332 9933.7792 5559.3196 14308.2388 0.0027 0.0015 0.0038 2.682 0.3466 5.0174 
3750000.0 27159.0 9975.7395 5591.6749 14359.8041 0.0027 0.0015 0.0038 2.689 0.3115 5.0665 
3760000.0 27189.833333333332 10019.2212 5622.7415 14415.7008 0.0027 0.0015 0.0038 2.6302 0.226 5.0344 
3770000.0 27222.666666666668 10062.8513 5652.0324 14473.6703 0.0027 0.0015 0.0038 2.5098 0.1482 4.8715 
3780000.0 27253.166666666668 10109.8467 5683.4812 14536.2121 0.0027 0.0015 0.0038 2.6368 0.2434 5.0303 
3790000.0 27290.5 10157.3218 5715.3012 14599.3425 0.0027 0.0015 0.0039 2.6535 0.1662 5.1408 
3800000.0 27320.833333333332 10204.2797 5747.0106 14661.5488 0.0027 0.0015 0.0039 2.7992 0.2965 5.3018 
3810000.0 27349.166666666668 10249.4743 5775.1208 14723.8279 0.0027 0.0015 0.0039 2.8327 0.4021 5.2632 
3820000.0 27382.666666666668 10295.5868 5801.9421 14789.2316 0.0027 0.0015 0.0039 2.6387 0.5468 4.7305 
3830000.0 27414.0 10341.285 5830.6928 14851.8772 0.0027 0.0015 0.0039 2.6702 0.4492 4.8911 
3840000.0 27444.0 10383.9835 5860.227 14907.74 0.0027 0.0015 0.0039 2.6838 0.4054 4.9622 
3850000.0 27471.166666666668 10428.9885 5887.8332 14970.1438 0.0027 0.0015 0.0039 2.7305 0.5014 4.9596 
3860000.0 27498.5 10473.6353 5914.9534 15032.3173 0.0027 0.0015 0.0039 2.6355 0.615 4.656 
3870000.0 27528.5 10516.0982 5940.8211 15091.3752 0.0027 0.0015 0.0039 2.5145 0.5873 4.4417 
3880000.0 27564.833333333332 10558.7047 5965.4688 15151.9405 0.0027 0.0015 0.0039 2.4498 0.4028 4.4969 
3890000.0 27596.5 10602.4427 5990.1445 15214.7408 0.0027 0.0015 0.0039 2.4887 0.3759 4.6014 
3900000.0 27636.166666666668 10646.6852 6018.255 15275.1153 0.0027 0.0015 0.0039 2.2242 -0.0732 4.5215 
3910000.0 27689.166666666668 10687.9152 6047.2244 15328.6059 0.0027 0.0015 0.0039 2.2045 -0.2602 4.6692 
3920000.0 27751.833333333332 10724.5683 6079.1394 15369.9973 0.0027 0.0016 0.0039 2.1708 -0.2544 4.5961 
3930000.0 27792.833333333332 10767.6512 6105.5298 15429.7725 0.0027 0.0016 0.0039 2.2292 -0.235 4.6933 
3940000.0 27846.0 10807.1825 6134.0406 15480.3244 0.0027 0.0016 0.0039 2.1293 -0.3897 4.6483 
3950000.0 27900.0 10843.7005 6162.9657 15524.4353 0.0027 0.0016 0.0039 2.2238 -0.3206 4.7682 
3960000.0 27979.666666666668 10875.9488 6194.9409 15556.9568 0.0027 0.0016 0.0039 2.1643 -0.3415 4.6702 
3970000.0 28070.833333333332 10906.7502 6231.6166 15581.8838 0.0027 0.0016 0.0039 2.2413 -0.376 4.8587 
3980000.0 28161.0 10937.1498 6267.8786 15606.421 0.0027 0.0016 0.0039 2.2652 -0.382 4.9123 
3990000.0 28244.833333333332 10967.4757 6302.8333 15632.1181 0.0027 0.0016 0.0039 2.2782 -0.3421 4.8984 
4000000.0 28334.5 10997.828 6338.2778 15657.3782 0.0027 0.0016 0.0039 2.2667 -0.2701 4.8034 
4010000.0 28372.0 11041.0353 6361.5353 15720.5354 0.0028 0.0016 0.0039 2.1293 0.1447 4.1139 
4020000.0 28407.0 11081.2773 6386.7753 15775.7793 0.0028 0.0016 0.0039 2.041 0.1794 3.9026 
4030000.0 28450.166666666668 11115.7582 6410.0185 15821.4978 0.0028 0.0016 0.0039 1.6178 -0.0701 3.3058 
4040000.0 28495.333333333332 11149.0817 6438.2596 15859.9037 0.0028 0.0016 0.0039 1.4575 -0.3522 3.2672 
4050000.0 28542.333333333332 11180.7823 6469.5335 15892.0312 0.0028 0.0016 0.0039 1.3118 -0.5384 3.1621 
4060000.0 28664.5 11201.9835 6491.0171 15912.9499 0.0028 0.0016 0.0039 0.9742 -0.9191 2.8674 
4070000.0 28807.166666666668 11228.326 6500.2698 15956.3822 0.0028 0.0016 0.0039 1.0928 -0.7688 2.9544 
4080000.0 28957.166666666668 11253.5833 6503.0575 16004.1091 0.0028 0.0016 0.0039 1.2802 -0.6343 3.1947 
4090000.0 29081.333333333332 11279.6293 6510.6806 16048.578 0.0028 0.0016 0.0039 1.2443 -0.6385 3.1271 
4100000.0 29189.166666666668 11308.381 6517.8696 16098.8924 0.0028 0.0016 0.0039 1.2462 -0.643 3.1353 
4110000.0 29294.833333333332 11334.7267 6523.4783 16145.9751 0.0028 0.0016 0.0039 1.3162 -0.5476 3.18 
4120000.0 29394.333333333332 11362.3568 6531.5389 16193.1748 0.0028 0.0016 0.0039 1.433 -0.4228 3.2888 
4130000.0 29487.0 11391.4853 6539.6314 16243.3393 0.0028 0.0016 0.0039 1.537 -0.3413 3.4153 
4140000.0 29573.666666666668 11419.1477 6544.3915 16293.9038 0.0028 0.0016 0.0039 1.6638 -0.3026 3.6303 
4150000.0 29661.833333333332 11446.5922 6552.5394 16340.6449 0.0028 0.0016 0.0039 1.7698 -0.2398 3.7795 
4160000.0 29745.5 11474.3593 6557.5698 16391.1489 0.0028 0.0016 0.0039 1.9268 -0.2194 4.073 
4170000.0 29825.333333333332 11497.6023 6564.0858 16431.1188 0.0028 0.0016 0.0039 1.9675 -0.2301 4.1651 
4180000.0 29882.5 11529.1398 6581.5305 16476.7492 0.0028 0.0016 0.0039 2.0047 -0.0884 4.0978 
4190000.0 29910.166666666668 11566.2262 6604.0896 16528.3627 0.0028 0.0016 0.0039 2.0858 0.0871 4.0846 
4200000.0 29933.166666666668 11603.8543 6624.8005 16582.9082 0.0028 0.0016 0.0039 2.1925 0.2184 4.1666 
4210000.0 29949.0 11642.1773 6647.9951 16636.3596 0.0028 0.0016 0.004 2.3828 0.4645 4.3012 
4220000.0 29964.333333333332 11683.6498 6674.246 16693.0537 0.0028 0.0016 0.004 2.5665 0.6572 4.4758 
4230000.0 29981.833333333332 11722.0363 6699.5483 16744.5244 0.0028 0.0016 0.004 2.571 0.7322 4.4098 
4240000.0 29998.0 11763.9415 6723.4683 16804.4147 0.0028 0.0016 0.004 2.676 0.8576 4.4944 
4250000.0 30020.666666666668 11803.8058 6746.1511 16861.4606 0.0028 0.0016 0.004 2.4635 0.7588 4.1682 
4260000.0 30039.5 11841.794 6766.0356 16917.5524 0.0028 0.0016 0.004 2.4742 0.8231 4.1252 
4270000.0 30055.333333333332 11874.6815 6784.5807 16964.7823 0.0028 0.0016 0.004 2.4703 0.9475 3.9932 
4280000.0 30071.666666666668 11912.4473 6802.1656 17022.7291 0.0028 0.0016 0.004 2.5382 0.9777 4.0986 
4290000.0 30089.5 11949.5235 6817.9237 17081.1233 0.0028 0.0016 0.004 2.5147 0.9023 4.127 
4300000.0 30105.166666666668 11988.313 6836.2162 17140.4098 0.0028 0.0016 0.004 2.6375 0.9196 4.3554 
4310000.0 30122.166666666668 12026.5188 6854.1651 17198.8726 0.0028 0.0016 0.004 2.652 0.8445 4.4595 
4320000.0 30142.333333333332 12065.3007 6875.7311 17254.8702 0.0028 0.0016 0.004 2.448 0.9407 3.9553 
4330000.0 30160.5 12106.9442 6897.7673 17316.1211 0.0028 0.0016 0.004 2.5383 0.9514 4.1253 
4340000.0 30179.166666666668 12147.551 6923.7223 17371.3797 0.0028 0.0016 0.004 2.4137 1.0491 3.7783 
4350000.0 30202.0 12187.594 6950.7929 17424.3951 0.0028 0.0016 0.004 2.244 0.8336 3.6544 
4360000.0 30236.0 12229.2058 6978.9489 17479.4628 0.0028 0.0016 0.004 2.1617 0.4597 3.8636 
4370000.0 30265.0 12273.5232 7008.7949 17538.2514 0.0028 0.0016 0.004 2.2688 0.4754 4.0623 
4380000.0 30292.5 12317.2685 7036.9132 17597.6238 0.0028 0.0016 0.004 2.3293 0.5646 4.0941 
4390000.0 30332.5 12355.7605 7067.2703 17644.2507 0.0028 0.0016 0.004 2.3153 0.3607 4.27 
4400000.0 30387.5 12392.2533 7097.883 17686.6236 0.0028 0.0016 0.004 2.2847 0.2551 4.3142 
4410000.0 30413.666666666668 12436.1218 7123.2631 17748.9805 0.0028 0.0016 0.004 2.475 0.5271 4.4229 
4420000.0 30441.333333333332 12480.3988 7151.1634 17809.6343 0.0028 0.0016 0.004 2.6333 0.6964 4.5703 
4430000.0 30465.333333333332 12527.9605 7181.4674 17874.4536 0.0028 0.0016 0.004 2.8722 0.9427 4.8016 
4440000.0 30492.333333333332 12574.1523 7209.5295 17938.7751 0.0028 0.0016 0.004 2.9967 1.0195 4.9739 
4450000.0 30513.666666666668 12619.9102 7236.8109 18003.0094 0.0028 0.0016 0.004 3.0547 1.0963 5.0131 
4460000.0 30540.5 12665.1572 7266.7375 18063.5768 0.0028 0.0016 0.0041 2.7928 0.6776 4.9081 
4470000.0 30604.666666666668 12701.4747 7303.7189 18099.2304 0.0028 0.0016 0.004 2.6733 0.3339 5.0128 
4480000.0 30643.333333333332 12744.4108 7338.5551 18150.2665 0.0028 0.0016 0.0041 2.7985 0.6454 4.9516 
4490000.0 30660.666666666668 12793.0605 7369.439 18216.682 0.0028 0.0016 0.0041 3.0038 1.0609 4.9467 
4500000.0 30679.0 12840.517 7399.9567 18281.0773 0.0029 0.0016 0.0041 2.9965 1.2882 4.7048 
4510000.0 30698.0 12886.2385 7429.5166 18342.9604 0.0029 0.0016 0.0041 3.0845 1.3147 4.8543 
4520000.0 30717.333333333332 12930.9812 7457.8162 18404.1461 0.0029 0.0016 0.0041 3.1005 1.4195 4.7815 
4530000.0 30734.833333333332 12979.5503 7485.735 18473.3657 0.0029 0.0017 0.0041 3.2318 1.3958 5.0679 
4540000.0 30758.333333333332 13027.969 7514.324 18541.614 0.0029 0.0017 0.0041 3.1057 1.2056 5.0058 
4550000.0 30894.5 13063.9742 7541.846 18586.1023 0.0029 0.0017 0.0041 2.1652 -0.2237 4.554 
4560000.0 30949.666666666668 13101.57 7574.9488 18628.1912 0.0029 0.0017 0.0041 2.1285 -0.129 4.386 
4570000.0 31027.0 13133.487 7612.04 18654.934 0.0029 0.0017 0.0041 2.1552 -0.0007 4.311 
4580000.0 31083.333333333332 13172.8007 7646.6797 18698.9216 0.0029 0.0017 0.0041 2.3015 0.2035 4.3995 
4590000.0 31110.833333333332 13218.8845 7674.9548 18762.8142 0.0029 0.0017 0.0041 2.4462 0.3834 4.509 
4600000.0 31187.333333333332 13255.1107 7713.8811 18796.3403 0.0029 0.0017 0.0041 2.3703 0.1365 4.6042 
4610000.0 31251.166666666668 13295.2132 7752.0694 18838.3569 0.0029 0.0017 0.0041 2.4718 0.2505 4.6932 
4620000.0 31274.666666666668 13346.2352 7783.5827 18908.8877 0.0029 0.0017 0.0041 2.8492 0.6572 5.0412 
4630000.0 31293.0 13398.3373 7814.1126 18982.5621 0.0029 0.0017 0.0041 3.107 0.9484 5.2656 
4640000.0 31314.666666666668 13450.2572 7846.3301 19054.1843 0.0029 0.0017 0.0041 3.191 0.8421 5.5399 
4650000.0 31337.333333333332 13502.601 7879.8411 19125.3609 0.0029 0.0017 0.0041 3.2907 0.8397 5.7416 
4660000.0 31359.333333333332 13551.479 7912.8832 19190.0748 0.0029 0.0017 0.0041 3.267 0.6255 5.9085 
4670000.0 31389.5 13599.0297 7953.2822 19244.7771 0.0029 0.0017 0.0041 3.2018 0.3016 6.1021 
4680000.0 31405.0 13650.3963 7986.3254 19314.4672 0.0029 0.0017 0.0041 3.4697 0.6974 6.2419 
4690000.0 31422.833333333332 13703.7515 8020.8689 19386.6341 0.0029 0.0017 0.0041 3.662 0.8932 6.4308 
4700000.0 31440.666666666668 13756.5425 8054.1672 19458.9178 0.0029 0.0017 0.0041 3.7918 1.0663 6.5174 
4710000.0 31457.833333333332 13810.4588 8089.0651 19531.8526 0.0029 0.0017 0.0041 3.9268 1.2403 6.6133 
4720000.0 31476.166666666668 13864.5095 8124.379 19604.64 0.0029 0.0017 0.0042 3.9228 1.2263 6.6193 
4730000.0 31493.833333333332 13918.9493 8158.8695 19679.0292 0.0029 0.0017 0.0042 4.012 1.2653 6.7587 
4740000.0 31511.5 13970.8277 8192.5529 19749.1024 0.0029 0.0017 0.0042 4.0153 1.3626 6.668 
4750000.0 31530.666666666668 14024.3392 8227.9497 19820.7286 0.003 0.0017 0.0042 4.073 1.3629 6.7831 
4760000.0 31548.5 14078.6057 8262.6071 19894.6042 0.003 0.0017 0.0042 4.0985 1.3786 6.8184 
4770000.0 31567.5 14131.8965 8297.1816 19966.6114 0.003 0.0017 0.0042 4.0625 1.3909 6.7341 
4780000.0 31586.833333333332 14183.6463 8330.3416 20036.951 0.003 0.0017 0.0042 4.0103 1.3416 6.6791 
4790000.0 31608.333333333332 14235.0823 8363.9535 20106.2112 0.003 0.0017 0.0042 3.717 1.323 6.111 
4800000.0 31626.833333333332 14288.9683 8399.9628 20177.9738 0.003 0.0017 0.0042 3.7033 1.2979 6.1088 
4810000.0 31645.5 14341.1245 8434.3376 20247.9114 0.003 0.0018 0.0042 3.6512 1.2916 6.0107 
4820000.0 31665.5 14393.1405 8469.6507 20316.6303 0.003 0.0018 0.0042 3.6765 1.2899 6.0631 
4830000.0 31683.166666666668 14445.4957 8504.3693 20386.622 0.003 0.0018 0.0042 3.7275 1.2983 6.1567 
4840000.0 31701.833333333332 14498.906 8541.3531 20456.4589 0.003 0.0018 0.0042 3.8155 1.3662 6.2648 
4850000.0 31719.833333333332 14550.687 8578.1532 20523.2208 0.003 0.0018 0.0042 3.9298 1.3889 6.4708 
4860000.0 31743.5 14601.2632 8612.961 20589.5653 0.003 0.0018 0.0042 3.9368 1.259 6.6146 
4870000.0 31770.333333333332 14652.0457 8648.1485 20655.9428 0.003 0.0018 0.0042 4.0097 1.2286 6.7907 
4880000.0 31799.333333333332 14701.9543 8681.658 20722.2506 0.003 0.0018 0.0042 3.9938 1.2043 6.7834 
4890000.0 31835.0 14751.1917 8714.7298 20787.6535 0.003 0.0018 0.0043 3.6052 0.6627 6.5476 
4900000.0 31879.833333333332 14796.5022 8744.8572 20848.1471 0.003 0.0018 0.0043 3.3318 0.3294 6.3343 
4910000.0 31912.0 14847.266 8777.4538 20917.0782 0.003 0.0018 0.0043 3.3152 0.3564 6.2739 
4920000.0 31939.5 14898.585 8808.4639 20988.7061 0.003 0.0018 0.0043 3.4795 0.6604 6.2986 
4930000.0 31969.5 14951.9057 8840.317 21063.4943 0.003 0.0018 0.0043 3.5783 0.7492 6.4075 
4940000.0 31990.0 15005.0567 8872.5655 21137.5479 0.003 0.0018 0.0043 3.6083 0.8334 6.3833 
4950000.0 32005.5 15056.8507 8903.8499 21209.8514 0.003 0.0018 0.0043 3.7862 1.1259 6.4464 
4960000.0 32022.0 15110.5652 8935.4068 21285.7236 0.003 0.0018 0.0043 3.9742 1.255 6.6933 
4970000.0 32038.666666666668 15162.423 8967.2598 21357.5862 0.0031 0.0018 0.0043 4.0263 1.2504 6.8023 
4980000.0 32053.666666666668 15215.4673 8999.8964 21431.0383 0.0031 0.0018 0.0043 4.1703 1.3768 6.9639 
4990000.0 32070.666666666668 15269.1017 9032.0104 21506.193 0.0031 0.0018 0.0043 4.2802 1.4325 7.1279 
5000000.0 32092.333333333332 15322.0975 9062.6884 21581.5066 0.0031 0.0018 0.0043 4.309 1.3417 7.2763 
5010000.0 32108.666666666668 15375.3623 9095.7954 21654.9292 0.0031 0.0018 0.0043 4.3572 1.451 7.2633 
5020000.0 32125.666666666668 15429.3288 9129.7953 21728.8624 0.0031 0.0018 0.0043 4.4208 1.5349 7.3067 
5030000.0 32142.666666666668 15483.6227 9160.7567 21806.4886 0.0031 0.0018 0.0043 4.4938 1.5941 7.3935 
5040000.0 32160.166666666668 15537.9545 9194.1846 21881.7244 0.0031 0.0018 0.0043 4.5117 1.5845 7.4388 
5050000.0 32173.833333333332 15592.7695 9227.3686 21958.1704 0.0031 0.0018 0.0043 4.5927 1.6615 7.5238 
5060000.0 32190.166666666668 15642.1517 9257.514 22026.7893 0.0031 0.0018 0.0044 4.5208 1.6038 7.4379 
5070000.0 32205.833333333332 15695.8133 9286.4245 22105.2021 0.0031 0.0018 0.0044 4.5282 1.5489 7.5074 
5080000.0 32221.166666666668 15750.4063 9317.9655 22182.8472 0.0031 0.0018 0.0044 4.5467 1.5003 7.5931 
5090000.0 32236.666666666668 15805.6063 9349.8176 22261.395 0.0031 0.0018 0.0044 4.5818 1.4729 7.6907 
5100000.0 32251.166666666668 15861.3085 9384.6687 22337.9483 0.0031 0.0018 0.0044 4.5977 1.5018 7.6936 
5110000.0 32270.333333333332 15913.727 9419.246 22408.208 0.0031 0.0018 0.0044 4.3482 1.2269 7.4694 
5120000.0 32293.666666666668 15966.7845 9453.9862 22479.5828 0.0031 0.0018 0.0044 4.1008 0.8497 7.352 
5130000.0 32312.0 16018.5515 9488.7358 22548.3672 0.0031 0.0018 0.0044 4.0715 0.9055 7.2375 
5140000.0 32348.5 16067.6422 9525.8085 22609.4758 0.0031 0.0019 0.0044 3.7405 0.2533 7.2277 
5150000.0 32368.166666666668 16120.9958 9559.4356 22682.5561 0.0031 0.0019 0.0044 3.8692 0.4926 7.2457 
5160000.0 32386.0 16174.713 9593.1544 22756.2716 0.0031 0.0019 0.0044 4.0262 0.7981 7.2542 
5170000.0 32402.333333333332 16231.9128 9625.7729 22838.0528 0.0031 0.0019 0.0044 4.1933 1.0557 7.3309 
5180000.0 32420.833333333332 16289.5045 9656.7534 22922.2556 0.0031 0.0019 0.0044 4.2338 1.1281 7.3396 
5190000.0 32438.666666666668 16343.3 9684.5335 23002.0665 0.0031 0.0019 0.0044 4.3052 1.205 7.4054 
5200000.0 32464.0 16398.5672 9714.4482 23082.6862 0.0032 0.0019 0.0044 4.3358 1.1127 7.559 
5210000.0 32487.0 16452.3403 9743.112 23161.5687 0.0032 0.0019 0.0044 4.27 1.1524 7.3876 
5220000.0 32508.666666666668 16508.5653 9772.406 23244.7247 0.0032 0.0019 0.0045 4.1473 1.2301 7.0646 
5230000.0 32524.166666666668 16564.4132 9801.3526 23327.4738 0.0032 0.0019 0.0045 4.2487 1.3745 7.1229 
5240000.0 32541.0 16621.1868 9831.328 23411.0457 0.0032 0.0019 0.0045 4.2982 1.5176 7.0787 
5250000.0 32558.833333333332 16678.5068 9862.4877 23494.5259 0.0032 0.0019 0.0045 4.1678 1.4337 6.9019 
5260000.0 32574.5 16737.704 9893.4985 23581.9095 0.0032 0.0019 0.0045 4.3262 1.5414 7.1109 
5270000.0 32589.166666666668 16794.983 9923.4051 23666.5609 0.0032 0.0019 0.0045 4.4162 1.6506 7.1818 
5280000.0 32605.666666666668 16854.1303 9954.8635 23753.3971 0.0032 0.0019 0.0045 4.5718 1.684 7.4597 
5290000.0 32619.0 16912.9612 9986.2142 23839.7081 0.0032 0.0019 0.0045 4.7127 1.7478 7.6775 
5300000.0 32635.833333333332 16972.404 10015.5772 23929.2308 0.0032 0.0019 0.0045 4.7763 1.5962 7.9564 
5310000.0 32653.333333333332 17033.5558 10048.4255 24018.6862 0.0032 0.0019 0.0045 4.8548 1.5188 8.1908 
5320000.0 32667.166666666668 17092.4142 10080.3844 24104.4439 0.0032 0.0019 0.0045 4.9855 1.6194 8.3516 
5330000.0 32683.166666666668 17149.8573 10112.6444 24187.0702 0.0032 0.0019 0.0045 4.9697 1.6137 8.3256 
5340000.0 32704.166666666668 17208.9368 10147.403 24270.4706 0.0032 0.0019 0.0045 4.8235 1.2474 8.3996 
5350000.0 32721.166666666668 17267.2053 10178.7788 24355.6319 0.0032 0.0019 0.0046 4.8397 1.2128 8.4665 
5360000.0 32737.666666666668 17325.9682 10213.7903 24438.146 0.0032 0.0019 0.0046 4.8285 1.3374 8.3196 
5370000.0 32755.333333333332 17384.7647 10248.2803 24521.249 0.0032 0.0019 0.0046 4.8168 1.3865 8.2471 
5380000.0 32783.333333333336 17438.3155 10282.1864 24594.4446 0.0032 0.0019 0.0046 3.9418 0.6035 7.2802 
5390000.0 32810.666666666664 17492.6515 10317.8554 24667.4476 0.0032 0.0019 0.0046 3.8493 0.471 7.2277 
5400000.0 32829.666666666664 17544.7802 10352.2778 24737.2826 0.0032 0.0019 0.0046 3.82 0.6556 6.9844 
5410000.0 32849.666666666664 17598.7565 10390.181 24807.332 0.0033 0.0019 0.0046 3.815 0.9074 6.7226 
5420000.0 32867.666666666664 17655.231 10427.6535 24882.8085 0.0033 0.0019 0.0046 3.855 1.1665 6.5435 
5430000.0 32884.166666666664 17713.0867 10465.6908 24960.4826 0.0033 0.0019 0.0046 4.0112 1.3376 6.6847 
5440000.0 32904.333333333336 17772.0063 10504.988 25039.0247 0.0033 0.0019 0.0046 4.0572 1.3161 6.7983 
5450000.0 32918.333333333336 17832.1188 10544.0024 25120.2352 0.0033 0.0019 0.0046 4.2952 1.6009 6.9894 
5460000.0 32933.333333333336 17891.5855 10582.1028 25201.0682 0.0033 0.0019 0.0046 4.4557 1.7567 7.1547 
5470000.0 32954.833333333336 17948.9132 10620.8002 25277.0261 0.0033 0.0019 0.0046 4.2072 1.3195 7.0948 
5480000.0 33011.833333333336 17994.9658 10665.2015 25324.7302 0.0033 0.0019 0.0046 3.8378 0.3953 7.2803 
5490000.0 33040.333333333336 18049.4375 10702.6067 25396.2683 0.0033 0.0019 0.0046 3.9668 0.6696 7.264 
5500000.0 33060.833333333336 18108.009 10736.1212 25479.8968 0.0033 0.002 0.0046 4.1333 1.0175 7.2492 
5510000.0 33087.5 18165.2898 10765.0412 25565.5385 0.0033 0.002 0.0046 4.2945 1.225 7.364 
5520000.0 33109.833333333336 18224.1518 10799.3321 25648.9716 0.0033 0.002 0.0046 4.4918 1.5042 7.4795 
5530000.0 33129.166666666664 18281.329 10830.2942 25732.3638 0.0033 0.002 0.0047 4.5682 1.5363 7.6 
5540000.0 33149.333333333336 18338.2698 10859.2371 25817.3026 0.0033 0.002 0.0047 4.5783 1.4957 7.661 
5550000.0 33167.166666666664 18396.6427 10892.5227 25900.7626 0.0033 0.002 0.0047 4.5703 1.5163 7.6244 
5560000.0 33185.0 18456.3232 10927.0001 25985.6463 0.0033 0.002 0.0047 4.6217 1.666 7.5774 
5570000.0 33203.5 18515.1757 10961.6994 26068.6519 0.0033 0.002 0.0047 4.6325 1.6478 7.6172 
5580000.0 33226.833333333336 18573.5328 10993.9279 26153.1378 0.0033 0.002 0.0047 4.5883 1.5247 7.652 
5590000.0 33243.833333333336 18629.9427 11027.7128 26232.1726 0.0033 0.002 0.0047 4.6243 1.6229 7.6258 
5600000.0 33259.166666666664 18688.2478 11061.5024 26314.9933 0.0033 0.002 0.0047 4.742 1.7516 7.7324 
5610000.0 33274.0 18744.8623 11096.6768 26393.0479 0.0033 0.002 0.0047 4.8275 1.8305 7.8245 
5620000.0 33290.166666666664 18803.6763 11131.5952 26475.7574 0.0033 0.002 0.0047 4.9393 1.8719 8.0068 
5630000.0 33307.666666666664 18863.0375 11168.0597 26558.0153 0.0034 0.002 0.0047 4.9867 1.8998 8.0736 
5640000.0 33326.833333333336 18920.2727 11203.3583 26637.187 0.0034 0.002 0.0047 4.8263 1.8722 7.7805 
5650000.0 33348.833333333336 18976.5033 11235.6535 26717.3532 0.0034 0.002 0.0047 4.7103 1.7775 7.6431 
5660000.0 33363.333333333336 19034.1587 11271.0761 26797.2412 0.0034 0.002 0.0047 4.7915 1.9401 7.6429 
5670000.0 33379.166666666664 19092.025 11306.8759 26877.1741 0.0034 0.002 0.0047 4.7545 1.9189 7.5901 
5680000.0 33407.666666666664 19147.4577 11346.2223 26948.6931 0.0034 0.002 0.0047 4.035 0.9121 7.1579 
5690000.0 33428.333333333336 19203.7208 11382.2288 27025.2129 0.0034 0.002 0.0047 4.1017 1.0359 7.1675 
5700000.0 33446.666666666664 19262.164 11416.7841 27107.5439 0.0034 0.002 0.0048 4.2125 1.182 7.243 
5710000.0 33510.166666666664 19311.3717 11450.9645 27171.7789 0.0034 0.002 0.0048 3.367 -0.3438 7.0778 
5720000.0 33583.166666666664 19357.7982 11483.8932 27231.7031 0.0034 0.002 0.0048 3.319 -0.4183 7.0563 
5730000.0 33635.666666666664 19402.4332 11516.6563 27288.21 0.0034 0.002 0.0048 3.4298 -0.1906 7.0502 
5740000.0 33697.333333333336 19443.694 11550.7035 27336.6845 0.0034 0.002 0.0048 3.4082 -0.1091 6.9254 
5750000.0 33747.833333333336 19491.3535 11583.9922 27398.7148 0.0034 0.002 0.0048 3.468 -0.0231 6.9591 
5760000.0 33786.0 19542.9512 11616.7605 27469.1418 0.0034 0.002 0.0048 3.735 0.4293 7.0407 
5770000.0 33808.833333333336 19599.3927 11645.4935 27553.2918 0.0034 0.002 0.0048 4.0222 0.9038 7.1405 
5780000.0 33828.5 19655.0763 11671.5967 27638.556 0.0034 0.002 0.0048 4.1883 1.1621 7.2146 
5790000.0 33846.166666666664 19709.4402 11699.381 27719.4993 0.0034 0.002 0.0048 4.3295 1.3572 7.3018 
5800000.0 33862.333333333336 19765.1593 11727.1201 27803.1986 0.0034 0.002 0.0048 4.4175 1.4567 7.3783 
5810000.0 33879.0 19821.5935 11756.1009 27887.0861 0.0034 0.002 0.0048 4.5193 1.5479 7.4908 
5820000.0 33896.833333333336 19876.5158 11786.3847 27966.647 0.0034 0.002 0.0048 4.4943 1.5869 7.4018 
5830000.0 33916.166666666664 19930.8988 11818.0566 28043.741 0.0034 0.002 0.0048 4.4087 1.5212 7.2962 
5840000.0 33934.666666666664 19984.2168 11847.9409 28120.4927 0.0034 0.002 0.0048 4.3547 1.4883 7.221 
5850000.0 33952.833333333336 20039.2602 11878.686 28199.8343 0.0034 0.002 0.0048 4.357 1.4397 7.2743 
5860000.0 33971.5 20097.8762 11911.4272 28284.3251 0.0034 0.002 0.0048 4.4802 1.4947 7.4656 
5870000.0 33999.666666666664 20150.3985 11945.1419 28355.6551 0.0034 0.002 0.0048 3.9018 0.7304 7.0733 
5880000.0 34019.0 20203.9442 11976.4119 28431.4764 0.0034 0.002 0.0048 3.9648 0.8252 7.1045 
5890000.0 34036.166666666664 20260.4223 12005.9099 28514.9347 0.0034 0.002 0.0048 4.156 1.0701 7.2419 
5900000.0 34051.833333333336 20317.0637 12035.4177 28598.7096 0.0034 0.002 0.0048 4.289 1.2238 7.3542 
5910000.0 34069.833333333336 20369.0058 12061.2695 28676.7421 0.0034 0.002 0.0049 4.2067 1.1158 7.2976 
5920000.0 34085.0 20422.7103 12087.6871 28757.7336 0.0034 0.002 0.0049 4.3032 1.2247 7.3817 
5930000.0 34099.666666666664 20476.2455 12114.7313 28837.7597 0.0035 0.002 0.0049 4.3592 1.3046 7.4137 
5940000.0 34118.0 20530.7128 12144.3249 28917.1008 0.0035 0.002 0.0049 4.3148 1.2556 7.3741 
5950000.0 34138.0 20586.7365 12176.278 28997.195 0.0035 0.002 0.0049 4.2137 1.1247 7.3027 
5960000.0 34161.666666666664 20640.5437 12207.4315 29073.6558 0.0035 0.002 0.0049 3.9398 0.8851 6.9945 
5970000.0 34188.0 20693.0722 12241.0723 29145.072 0.0035 0.0021 0.0049 3.7605 0.5287 6.9923 
5980000.0 34221.166666666664 20745.2095 12275.8154 29214.6036 0.0035 0.0021 0.0049 3.7658 0.5442 6.9875 
5990000.0 34243.833333333336 20799.8867 12310.136 29289.6373 0.0035 0.0021 0.0049 3.9342 0.79 7.0783 
6000000.0 34263.166666666664 20854.8498 12344.2268 29365.4729 0.0035 0.0021 0.0049 4.1052 1.0835 7.1268 
