10000 11 171.375 -7.221 -0.135 0.5863 0 0 0 
20000 22 312.218 -14.685 -0.242 1.0718 0 0 0 
30000 88 217.434 -70.795 -0.671 1.1267 0 0 0 
40000 126 217.724 -94.761 -0.645 1.2542 0 0 0 
50000 154 271.729 -115.015 -0.682 1.6326 0 0 0 
60000 182 299.136 -126.756 -0.571 1.8319 0 0 0 
70000 222 276.013 -146.618 -0.535 1.711 0 0 0 
80000 254 295.832 -168.334 -0.601 1.8322 0 0 0 
90000 282 328.534 -184.001 -0.58 2.0368 0 0 0 
100000 324 274.876 -207.561 -0.558 1.7052 0 0 0 
110000 365 254.833 -231.012 -0.556 1.5889 0 0 0 
120000 399 265.622 -255.068 -0.643 1.6513 0 0 0 
130000 433 276.306 -266.832 -0.486 1.7134 0 0 0 
140000 484 228.693 -276.917 -0.3 1.4152 0 0 0 
150000 516 264.72 -290.174 -0.34 1.63 0 0 0 
160000 568 215.35 -313.678 -0.444 1.3326 0 0 0 
170000 612 222.358 -321.42 -0.28 1.3797 0 0 0 
180000 659 215.315 -346.213 -0.442 1.3391 0 0 0 
190000 708 213.749 -344.273 -0.129 1.3211 0 0 0 
200000 736 264.527 -345.479 -0.09 1.6363 0 0 0 
210000 769 294.22 -352.182 -0.169 1.8491 0 0 0 
220000 805 290.587 -362.103 -0.232 1.8369 0 0 0 
230000 841 282.879 -361.204 -0.068 1.793 0 0 0 
240000 870 295.729 -371.97 -0.179 1.8833 0 0 0 
250000 899 309.516 -386.68 -0.323 1.9872 0 0 0 
260000 944 255.248 -409.333 -0.417 1.6604 0 0 0 
270000 992 221.733 -426.427 -0.363 1.4526 0 0 0 
280000 1028 251.696 -447.54 -0.463 1.6471 0 0 0 
290000 1066 259.439 -471.117 -0.554 1.663 0 0 0 
300000 1096 310.769 -487.312 -0.547 1.9598 0 0 0 
310000 1117 355.495 -495.886 -0.521 2.229 0 0 0 
320000 1147 342.122 -500.972 -0.35 2.1422 0 0 0 
330000 1168 386.242 -503.827 -0.275 2.4182 0 0 0 
340000 1200 346.797 -515.23 -0.32 2.2005 0 0 0 
350000 1238 286.363 -535.386 -0.423 1.8289 0 0 0 
360000 1263 329.458 -542.009 -0.359 2.1089 0 0 0 
370000 1303 280.451 -551.51 -0.311 1.7919 0 0 0 
380000 1339 284.033 -551.053 -0.143 1.8062 0 0 0 
390000 1360 347.366 -558.022 -0.217 2.2059 0 0 0 
400000 1381 393.642 -571.435 -0.362 2.5003 0 0 0 
410000 1406 383.678 -574.188 -0.26 2.4473 0 0 0 
420000 1448 311.36 -576.488 -0.213 1.9959 0 0 0 
430000 1486 280.034 -576.403 -0.103 1.7997 0 0 0 
440000 1511 334.785 -575.957 -0.071 2.1651 0 0 0 
450000 1530 390.848 -583.124 -0.176 2.5312 0 0 0 
460000 1557 376.934 -588.775 -0.201 2.4352 0 0 0 
470000 1584 382.501 -597.969 -0.236 2.4643 0 0 0 
480000 1603 427.098 -596.644 -0.148 2.7508 0 0 0 
490000 1627 412.794 -610.555 -0.312 2.6653 0 0 0 
500000 1651 417.565 -618.672 -0.33 2.6885 0 0 0 
510000 1681 379.979 -614.44 -0.124 2.4357 0 0 0 
520000 1709 374.109 -610.551 -0.014 2.3839 0 0 0 
530000 1752 280.953 -613.502 -0.084 1.7883 0 0 0 
540000 1788 279.955 -627.06 -0.249 1.7962 0 0 0 
550000 1829 248.764 -628.247 -0.108 1.6071 0 0 0 
560000 1881 206.26 -624.213 -0.012 1.3341 0 0 0 
570000 1935 193.36 -637.226 -0.145 1.2567 0 0 0 
580000 2004 156.767 -635.658 -0.038 1.0185 0 0 0 
590000 2084 127.002 -631.052 0.08 0.8146 0 0 0 
600000 2126 184.168 -618.647 0.21 1.1695 0 0 0 
610000 2168 219.722 -627.48 -0.016 1.3958 0 0 0 
620000 2211 230.068 -615.953 0.155 1.4697 0 0 0 
630000 2275 166.613 -597.81 0.189 1.0694 0 0 0 
640000 2341 156.123 -591.414 0.146 0.9973 0 0 0 
650000 2414 136.047 -555.665 0.429 0.8801 0 0 0 
660000 2507 108.484 -514.608 0.452 0.7044 0 0 0 
670000 2576 142.95 -477.449 0.498 0.929 0 0 0 
680000 2671 113.605 -448.652 0.35 0.7412 0 0 0 
690000 2745 141.92 -424.343 0.322 0.9228 0 0 0 
700000 2851 96.34 -393.61 0.289 0.6378 0 0 0 
710000 2937 116.006 -350.715 0.514 0.7673 0 0 0 
720000 3037 98.33 -313.543 0.298 0.6506 0 0 0 
730000 3135 87.453 -269.353 0.495 0.584 0 0 0 
740000 3241 97.008 -220.69 0.46 0.6487 0 0 0 
750000 3323 107.739 -193.73 0.373 0.7089 0 0 0 
760000 3416 90.108 -152.076 0.44 0.5923 0 0 0 
770000 3557 77.538 -86.578 0.439 0.5095 0 0 0 
780000 3670 80.878 -14.787 0.654 0.531 0 0 0 
790000 3828 61.937 47.734 0.409 0.4111 0 0 0 
800000 3984 64.037 118.446 0.516 0.4222 0 0 0 
810000 4130 62.898 185.156 0.385 0.4166 0 0 0 
820000 4256 81.172 245.676 0.447 0.533 0 0 0 
830000 4401 62.081 299.145 0.306 0.4054 0 0 0 
840000 4570 66.711 380.798 0.541 0.447 0 0 0 
850000 4693 79.342 438.622 0.485 0.5216 0 0 0 
860000 4855 65.313 537.391 0.704 0.428 0 0 0 
870000 5016 61.811 611.208 0.405 0.4064 0 0 0 
880000 5175 62.711 685.125 0.435 0.4126 0 0 0 
890000 5328 62.808 768.763 0.52 0.4124 0 0 0 
900000 5467 60.734 834.188 0.484 0.4018 0 0 0 
910000 5592 81.935 897.49 0.485 0.5495 0 0 0 
920000 5704 89.086 949.983 0.454 0.6002 0 0 0 
930000 5808 112.215 990.399 0.318 0.7403 0 0 0 
940000 5883 119.869 1025.414 0.435 0.7756 0 0 0 
950000 5981 117.159 1085.762 0.656 0.764 0 0 0 
960000 6151 56.462 1180.204 0.541 0.3659 0 0 0 
970000 6243 101.168 1231.938 0.584 0.6418 0 0 0 
980000 6397 66.123 1318.435 0.455 0.4314 0 0 0 
990000 6526 68.684 1387.74 0.521 0.4475 0 0 0 
1000000 6690 73.21 1476.043 0.511 0.4877 0 0 0 
1010000 6843 64.276 1551.532 0.415 0.4248 0 0 0 
1020000 6998 57.716 1632.827 0.57 0.3803 0 0 0 
1030000 7122 64.882 1699.101 0.531 0.4291 0 0 0 
1040000 7229 79.825 1748.418 0.427 0.5205 0 0 0 
1050000 7370 69.063 1841.777 0.698 0.449 0 0 0 
1060000 7489 77.731 1911.025 0.556 0.5046 0 0 0 
1070000 7607 89.795 1979.255 0.591 0.5833 0 0 0 
1080000 7718 96.523 2036.016 0.493 0.6261 0 0 0 
1090000 7822 87.779 2100.354 0.596 0.5749 0 0 0 
1100000 7944 88.406 2152.271 0.54 0.5738 0 0 0 
1110000 8070 77.122 2210.067 0.629 0.501 0 0 0 
1120000 8196 66.711 2291.923 0.662 0.4343 0 0 0 
1130000 8286 93.479 2352.449 0.756 0.6068 0 0 0 
1140000 8381 102.047 2409.096 0.567 0.6628 0 0 0 
1150000 8508 65.279 2470.22 0.546 0.43 0 0 0 
1160000 8642 70.431 2552.771 0.593 0.4622 0 0 0 
1170000 8737 92.029 2612.064 0.684 0.6003 0 0 0 
1180000 8859 83.609 2692.116 0.634 0.5448 0 0 0 
1190000 8962 90.199 2740.887 0.531 0.5886 0 0 0 
1200000 9057 100.082 2792.062 0.52 0.6505 0 0 0 
1210000 9169 86.91 2856.476 0.585 0.5726 0 0 0 
1220000 9256 119.031 2911.404 0.63 0.7728 0 0 0 
1230000 9370 94.718 2987.771 0.672 0.6219 0 0 0 
1240000 9492 83.817 3062.418 0.605 0.5521 0 0 0 
1250000 9633 62.747 3164.526 0.757 0.4153 0 0 0 
1260000 9817 51.697 3287.122 0.706 0.3446 0 0 0 
1270000 9946 68.14 3368.586 0.616 0.4425 0 0 0 
1280000 10090 75.135 3442.99 0.532 0.4937 0 0 0 
1290000 10232 73.74 3513.307 0.549 0.4827 0 0 0 
1300000 10350 85.81 3596.196 0.673 0.5609 0 0 0 
1310000 10476 79.555 3654.668 0.515 0.5185 0 0 0 
1320000 10595 93.553 3716.027 0.519 0.6065 0 0 0 
1330000 10744 55.773 3811.788 0.673 0.3681 0 0 0 
1340000 10908 52.259 3912.3 0.706 0.3453 0 0 0 
1350000 11031 62.058 3989.207 0.599 0.4068 0 0 0 
1360000 11181 62.36 4081.383 0.588 0.4149 0 0 0 
1370000 11321 76.699 4159.588 0.581 0.502 0 0 0 
1380000 11446 79.237 4236.696 0.659 0.5187 0 0 0 
1390000 11578 72.146 4329.094 0.65 0.4774 0 0 0 
1400000 11725 59.535 4434.354 0.71 0.3937 0 0 0 
1410000 11899 53.978 4534.708 0.614 0.3596 0 0 0 
1420000 12075 54.377 4639.079 0.584 0.3629 0 0 0 
1430000 12234 65.342 4736.193 0.575 0.4295 0 0 0 
1440000 12354 85.975 4818.97 0.671 0.5688 0 0 0 
1450000 12487 79.739 4910.337 0.671 0.5173 0 0 0 
1460000 12635 64.515 5004.561 0.619 0.4156 0 0 0 
1470000 12779 71.753 5101.091 0.655 0.4605 0 0 0 
1480000 12981 56.624 5258.015 0.713 0.3691 0 0 0 
1490000 13083 94.181 5297.997 0.417 0.6027 0 0 0 
1500000 13275 47.693 5418.537 0.695 0.3137 0 0 0 
1510000 13408 83.278 5489.96 0.517 0.5377 0 0 0 
1520000 13570 59.12 5562.228 0.503 0.3809 0 0 0 
1530000 13763 48.964 5675.798 0.569 0.3235 0 0 0 
1540000 13923 59.513 5780.721 0.727 0.3901 0 0 0 
1550000 14084 64.265 5892.108 0.696 0.6848 0 0 0 
1560000 14260 53.309 6010.412 0.778 0.3698 0 0 0 
1570000 14442 58.42 6136.792 0.721 0.3945 0 0 0 
1580000 14605 57.373 6230.189 0.545 0.3879 0 0 0 
1590000 14779 59.147 6340.531 0.695 0.3977 0 0 0 
1600000 14945 63.917 6432.97 0.61 0.4284 0 0 0 
1610000 15110 52.443 6542.758 0.708 0.3545 0 0 0 
1620000 15262 60.758 6623.012 0.467 0.4102 0 0 0 
1630000 15433 67.86 6754.721 0.787 0.4615 0 0 0 
1640000 15611 54.887 6854.884 0.541 0.3671 0 0 0 
1650000 15735 82.937 6924.837 0.534 0.5416 0 0 0 
1660000 15887 61.699 7009.062 0.52 0.4031 0 0 0 
1670000 16022 66.665 7096.275 0.721 0.4395 0 0 0 
1680000 16163 62.167 7167.044 0.517 0.4105 0 0 0 
1690000 16296 63.675 7246.061 0.54 0.421 0 0 0 
1700000 16449 62.159 7325.139 0.576 0.4068 0 0 0 
1710000 16575 76.28 7403.174 0.581 0.4945 0 0 0 
1720000 16724 70.205 7508.495 0.74 0.4574 0 0 0 
1730000 16894 57.819 7612.963 0.641 0.3735 0 0 0 
1740000 17028 90.481 7704.616 0.611 0.5928 0 0 0 
1750000 17179 69.53 7787.595 0.592 0.4614 0 0 0 
1760000 17321 77.586 7863.666 0.545 0.5178 0 0 0 
1770000 17442 78.484 7945.063 0.668 0.5277 0 0 0 
1780000 17584 77.802 8037.269 0.642 0.5253 0 0 0 
1790000 17728 73.56 8127.343 0.609 0.496 0 0 0 
1800000 17870 85.715 8211.452 0.485 0.575 0 0 0 
1810000 17969 105.85 8276.213 0.593 0.711 0 0 0 
1820000 18131 63.353 8374.422 0.591 0.4326 0 0 0 
1830000 18301 61.663 8478.495 0.659 0.4171 0 0 0 
1840000 18413 81.452 8546.258 0.691 0.5453 0 0 0 
1850000 18587 57.353 8648.658 0.512 0.3868 0 0 0 
1860000 18693 74.014 8716.618 0.611 0.494 0 0 0 
1870000 18801 79.682 8786.263 0.609 0.5318 0 0 0 
1880000 18928 102.497 8855.052 0.568 0.6706 0 0 0 
1890000 19014 124.371 8910.75 0.609 0.8073 0 0 0 
1900000 19153 71.519 8985.605 0.5 0.4702 0 0 0 
1910000 19322 56.726 9092.775 0.671 0.3763 0 0 0 
1920000 19450 89.378 9158.876 0.482 0.5832 0 0 0 
1930000 19568 83.009 9234.528 0.708 0.5449 0 0 0 
1940000 19702 77.251 9316.712 0.561 0.5061 0 0 0 
1950000 19843 66.996 9384.089 0.492 0.4458 0 0 0 
1960000 19965 80.179 9458.611 0.709 0.5365 0 0 0 
1970000 20112 62.314 9566.084 0.73 0.4219 0 0 0 
1980000 20245 77.077 9633.964 0.433 0.5183 0 0 0 
1990000 20381 67.283 9720.263 0.642 0.4493 0 0 0 
2000000 20483 89.355 9792.53 0.697 0.5898 0 0 0 
2010000 20653 53.588 9896.931 0.617 0.3615 0 0 0 
2020000 20804 56.975 9996.348 0.679 0.383 0 0 0 
2030000 20957 67.784 10081.292 0.565 0.455 0 0 0 
2040000 21121 63.185 10165.794 0.537 0.4228 0 0 0 
2050000 21254 73.925 10254.966 0.644 0.4909 0 0 0 
2060000 21409 61.898 10352.145 0.608 0.4078 0 0 0 
2070000 21530 83.334 10435.052 0.618 0.543 0 0 0 
2080000 21623 91.809 10490.349 0.58 0.5963 0 0 0 
2090000 21773 77.655 10580.695 0.563 0.5082 0 0 0 
2100000 21876 96.593 10657.439 0.753 0.6261 0 0 0 
2110000 22029 69.38 10756.709 0.76 0.4561 0 0 0 
2120000 22171 72.464 10856.816 0.667 0.4751 0 0 0 
2130000 22323 76.35 10936.786 0.529 0.4988 0 0 0 
2140000 22479 52.86 11031.128 0.658 0.3535 0 0 0 
2150000 22620 74.295 11121.977 0.68 0.494 0 0 0 
2160000 22761 75.23 11205.582 0.598 0.5096 0 0 0 
2170000 22886 72.298 11264.258 0.473 0.4903 0 0 0 
2180000 23001 89.113 11338.844 0.602 0.5942 0 0 0 
2190000 23160 52.941 11430.09 0.653 0.3606 0 0 0 
2200000 23327 52.93 11521.243 0.502 0.3616 0 0 0 
2210000 23508 59.35 11654.737 0.718 0.4033 0 0 0 
2220000 23629 77.083 11741.394 0.764 0.5176 0 0 0 
2230000 23775 66.952 11827.394 0.668 0.4541 0 0 0 
2240000 23877 107.04 11893.373 0.596 0.7073 0 0 0 
2250000 24009 79.563 11993.245 0.76 0.5327 0 0 0 
2260000 24106 100.171 12045.792 0.561 0.6501 0 0 0 
2270000 24260 50.688 12139.763 0.558 0.3351 0 0 0 
2280000 24394 73.457 12228.285 0.599 0.4764 0 0 0 
2290000 24548 52.681 12314.368 0.595 0.3463 0 0 0 
2300000 24680 89.724 12396.318 0.598 0.5853 0 0 0 
2310000 24807 78.614 12493.308 0.699 0.514 0 0 0 
2320000 24959 75.837 12571.709 0.428 0.4893 0 0 0 
2330000 25094 89.581 12642.81 0.55 0.5791 0 0 0 
2340000 25246 78.307 12725.39 0.528 0.5094 0 0 0 
2350000 25420 65.21 12836.258 0.588 0.4398 0 0 0 
2360000 25565 64.001 12929.393 0.62 0.434 0 0 0 
2370000 25723 66.849 13040.475 0.659 0.453 0 0 0 
2380000 25873 53.76 13143.049 0.649 0.3648 0 0 0 
2390000 26042 49.79 13272.178 0.808 0.3377 0 0 0 
2400000 26206 54.394 13374.507 0.591 0.371 0 0 0 
2410000 26400 47.343 13499.319 0.581 0.3229 0 0 0 
2420000 26590 50.002 13620.094 0.68 0.3376 0 0 0 
2430000 26756 56.506 13750.731 0.727 0.3803 0 0 0 
2440000 26938 56.532 13850.939 0.591 0.3754 0 0 0 
2450000 27111 48.002 13972.128 0.753 0.3224 0 0 0 
2460000 27295 50.911 14084.581 0.702 0.3398 0 0 0 
2470000 27486 45.801 14206.244 0.686 0.3129 0 0 0 
2480000 27641 67.445 14312.033 0.704 0.4555 0 0 0 
2490000 27829 47.317 14428.407 0.622 0.3228 0 0 0 
2500000 27970 77.558 14517.635 0.665 0.5179 0 0 0 
2510000 28124 59.89 14620.785 0.729 0.3947 0 0 0 
2520000 28280 67.264 14727.531 0.617 0.4422 0 0 0 
2530000 28435 72.989 14828.567 0.605 0.4753 0 0 0 
2540000 28581 59.737 14923.055 0.712 0.3932 0 0 0 
2550000 28763 57.187 15057.598 0.724 0.3754 0 0 0 
2560000 28944 51.464 15177.145 0.661 0.3402 0 0 0 
2570000 29107 45.235 15290.435 0.727 0.3017 0 0 0 
2580000 29280 55.108 15414.09 0.707 0.364 0 0 0 
2590000 29449 67.844 15519.454 0.641 0.4525 0 0 0 
2600000 29585 84.589 15607.708 0.659 0.5639 0 0 0 
2610000 29736 67.97 15709.044 0.665 0.4539 0 0 0 
2620000 29925 59.295 15832.458 0.644 0.399 0 0 0 
2630000 30111 62.728 15922.837 0.546 0.4199 0 0 0 
2640000 30242 79.285 16012.003 0.644 0.511 0 0 0 
2650000 30364 89.476 16078.571 0.431 0.5803 0 0 0 
2660000 30533 49.368 16188.214 0.6 0.3293 0 0 0 
2670000 30669 77.357 16286.84 0.706 0.51 0 0 0 
2680000 30863 50.128 16427.382 0.739 0.3341 0 0 0 
2690000 31020 56.091 16533.507 0.67 0.3752 0 0 0 
2700000 31185 55.237 16645.032 0.707 0.3687 0 0 0 
2710000 31312 82.816 16732.262 0.657 0.5391 0 0 0 
2720000 31468 75.468 16840.446 0.598 0.5079 0 0 0 
2730000 31611 74.072 16937.57 0.674 0.5005 0 0 0 
2740000 31765 57.965 17029.801 0.574 0.3949 0 0 0 
2750000 31917 60.759 17131.976 0.756 0.41 0 0 0 
2760000 32083 54.694 17246.285 0.709 0.3637 0 0 0 
2770000 32233 69.734 17358.272 0.764 0.4589 0 0 0 
2780000 32383 64.878 17458.362 0.685 0.429 0 0 0 
2790000 32555 50.296 17597.02 0.844 0.338 0 0 0 
2800000 32702 64.49 17700.356 0.755 0.4298 0 0 0 
2810000 32851 76.011 17814.187 0.798 0.5018 0 0 0 
2820000 32970 95.32 17891.471 0.706 0.6277 0 0 0 
2830000 33155 69.169 18027.082 0.715 0.4642 0 0 0 
2840000 33256 91.033 18080.531 0.547 0.6084 0 0 0 
2850000 33416 72.752 18182.976 0.636 0.4865 0 0 0 
2860000 33575 57.57 18297.048 0.633 0.3867 0 0 0 
2870000 33707 64.172 18379.363 0.653 0.4271 0 0 0 
2880000 33856 63.155 18466.559 0.553 0.421 0 0 0 
2890000 33978 79.569 18532.83 0.518 0.522 0 0 0 
2900000 34157 57.716 18664.375 0.777 0.3802 0 0 0 
2910000 34316 49.823 18783.24 0.7 0.3275 0 0 0 
2920000 34492 69.89 18891.547 0.481 0.4512 0 0 0 
2930000 34680 48.792 19036.452 0.75 0.3209 0 0 0 
2940000 34874 56.997 19166.905 0.703 0.3708 0 0 0 
2950000 34995 87.995 19262.088 0.79 0.5666 0 0 0 
2960000 35212 43.932 19419.889 0.759 0.292 0 0 0 
2970000 35388 49.339 19556.338 0.736 0.3242 0 0 0 
2980000 35598 43.984 19716.942 0.727 0.286 0 0 0 
2990000 35793 52.836 19838.874 0.594 0.342 0 0 0 
3000000 35986 52.783 19980.751 0.783 0.345 0 0 0 
3010000 36155 50.751 20104.38 0.728 0.3328 0 0 0 
3020000 36342 56.026 20228.172 0.629 0.3675 0 0 0 
3030000 36521 50.62 20347.891 0.674 0.3333 0 0 0 
3040000 36733 47.724 20504.876 0.791 0.316 0 0 0 
3050000 36934 45.762 20640.583 0.637 0.3021 0 0 0 
3060000 37114 50.771 20765.453 0.753 0.3342 0 0 0 
3070000 37325 48.749 20915.237 0.654 0.3178 0 0 0 
3080000 37527 49.505 21053.803 0.702 0.3279 0 0 0 
3090000 37700 55.591 21175.361 0.682 0.3636 0 0 0 
3100000 37852 65.655 21281.768 0.765 0.4279 0 0 0 
3110000 37995 85.5 21385.118 0.716 0.5642 0 0 0 
3120000 38147 64.684 21492.05 0.701 0.4296 0 0 0 
3130000 38290 80.977 21575.148 0.661 0.5294 0 0 0 
3140000 38485 56.471 21722.714 0.757 0.375 0 0 0 
3150000 38648 53.294 21854.9 0.825 0.3572 0 0 0 
3160000 38773 65.752 21948.229 0.755 0.4381 0 0 0 
3170000 38983 51.338 22098.833 0.745 0.3357 0 0 0 
3180000 39128 75.457 22196.138 0.705 0.487 0 0 0 
3190000 39273 70.98 22293.7 0.66 0.4739 0 0 0 
3200000 39452 50.333 22425.421 0.709 0.3423 0 0 0 
3210000 39626 59.122 22541.941 0.659 0.4029 0 0 0 
3220000 39770 68.833 22637.983 0.64 0.4485 0 0 0 
3230000 39963 51.858 22781.565 0.708 0.3415 0 0 0 
3240000 40139 46.244 22905.792 0.681 0.3092 0 0 0 
3250000 40276 57.85 22997.171 0.639 0.385 0 0 0 
3260000 40471 50.435 23128.622 0.691 0.3337 0 0 0 
3270000 40601 83.814 23210.989 0.601 0.5466 0 0 0 
3280000 40758 57.753 23314.678 0.63 0.3801 0 0 0 
3290000 40921 77.394 23417.869 0.602 0.5009 0 0 0 
3300000 41079 58.39 23533.832 0.757 0.3784 0 0 0 
3310000 41213 67.933 23632.155 0.738 0.44 0 0 0 
3320000 41384 57.488 23775.857 0.804 0.3743 0 0 0 
3330000 41550 67.946 23898.131 0.662 0.4372 0 0 0 
3340000 41677 88.517 23985.025 0.648 0.5639 0 0 0 
3350000 41898 42.713 24140.855 0.734 0.285 0 0 0 
3360000 42020 82.007 24221.003 0.691 0.5384 0 0 0 
3370000 42189 61.553 24346.407 0.651 0.4049 0 0 0 
3380000 42367 56.887 24464.856 0.662 0.3738 0 0 0 
3390000 42514 79.74 24572.359 0.802 0.5209 0 0 0 
3400000 42701 54.073 24704.1 0.663 0.3558 0 0 0 
3410000 42821 74.067 24785.939 0.643 0.4813 0 0 0 
3420000 43008 50.82 24917.563 0.656 0.3341 0 0 0 
3430000 43180 62.972 25019.965 0.604 0.4127 0 0 0 
3440000 43357 49.257 25135.461 0.8 0.3235 0 0 0 
3450000 43504 66.683 25212.71 0.431 0.4346 0 0 0 
3460000 43655 65.277 25306.27 0.605 0.4259 0 0 0 
3470000 43784 68.213 25392.34 0.605 0.4456 0 0 0 
3480000 43935 71.261 25501.806 0.625 0.4689 0 0 0 
3490000 44035 103.38 25561.901 0.645 0.6616 0 0 0 
3500000 44227 49.972 25690.44 0.686 0.3295 0 0 0 
3510000 44376 76.098 25785.678 0.565 0.4885 0 0 0 
3520000 44530 54.72 25903.806 0.702 0.3587 0 0 0 
3530000 44673 63.219 26006.856 0.747 0.4165 0 0 0 
3540000 44820 57.216 26120.522 0.773 0.3789 0 0 0 
3550000 44942 64.736 26208.21 0.715 0.4254 0 0 0 
3560000 45137 63.663 26356.146 0.752 0.4221 0 0 0 
3570000 45321 52.167 26485.113 0.637 0.3462 0 0 0 
3580000 45515 51.234 26621.687 0.829 0.341 0 0 0 
3590000 45678 60.957 26761.077 0.884 0.4084 0 0 0 
3600000 45831 68.952 26874.396 0.806 0.4636 0 0 0 
3610000 45966 63.458 26961.863 0.637 0.4261 0 0 0 
3620000 46128 73.381 27072.275 0.71 0.487 0 0 0 
3630000 46330 43.504 27237.212 0.838 0.2958 0 0 0 
3640000 46518 65.916 27372.023 0.705 0.4391 0 0 0 
3650000 46680 59.747 27486.578 0.627 0.402 0 0 0 
3660000 46851 63.07 27591.763 0.574 0.4205 0 0 0 
3670000 47016 56.452 27725.389 0.762 0.38 0 0 0 
3680000 47166 85.349 27827.642 0.713 0.5642 0 0 0 
3690000 47286 80.356 27907.676 0.704 0.5286 0 0 0 
3700000 47426 72.158 28006.034 0.678 0.4762 0 0 0 
3710000 47563 64.183 28099.186 0.708 0.4195 0 0 0 
3720000 47703 73.348 28199.677 0.701 0.4741 0 0 0 
3730000 47876 63.708 28329.799 0.79 0.413 0 0 0 
3740000 48039 80.932 28443.419 0.608 0.5214 0 0 0 
3750000 48199 67.407 28550.158 0.614 0.4356 0 0 0 
3760000 48375 65.859 28686.806 0.784 0.4256 0 0 0 
3770000 48543 52.563 28809.53 0.755 0.3423 0 0 0 
3780000 48744 46.177 28959.436 0.755 0.3151 0 0 0 
3790000 48892 76.546 29058.03 0.698 0.5111 0 0 0 
3800000 49047 68.82 29171.861 0.729 0.4621 0 0 0 
3810000 49195 66.667 29282.724 0.749 0.4468 0 0 0 
3820000 49392 46.363 29418.239 0.635 0.3131 0 0 0 
3830000 49511 87.635 29493.919 0.583 0.5813 0 0 0 
3840000 49679 53.623 29630.976 0.796 0.3627 0 0 0 
3850000 49815 77.983 29725.313 0.686 0.5219 0 0 0 
3860000 49954 65.869 29811.012 0.652 0.4411 0 0 0 
3870000 50104 70.47 29925.6 0.764 0.4729 0 0 0 
3880000 50248 73.438 30030.038 0.659 0.4973 0 0 0 
3890000 50415 62.978 30143.927 0.669 0.426 0 0 0 
3900000 50581 56.492 30256.399 0.749 0.3831 0 0 0 
3910000 50724 69.243 30356.04 0.664 0.4662 0 0 0 
3920000 50871 69.531 30451.408 0.596 0.4919 0 0 0 
3930000 51027 60.116 30565.972 0.708 0.4288 0 0 0 
3940000 51178 76.869 30689.734 0.789 0.5217 0 0 0 
3950000 51315 63.171 30799.326 0.796 0.4255 0 0 0 
3960000 51446 79.711 30880.286 0.671 0.5345 0 0 0 
3970000 51577 65.675 30961.531 0.652 0.4474 0 0 0 
3980000 51711 81.785 31047.828 0.618 0.5576 0 0 0 
3990000 51860 62.502 31152.984 0.758 0.4213 0 0 0 
4000000 51973 94.402 31219.82 0.641 0.6254 0 0 0 
