10000 14 160.772 -5.683 -0.109 0.5602 0 0 0 
20000 30 300.625 -11.63 -0.173 1.0498 0 0 0 
30000 86 203.463 -56.193 -0.622 1.0238 0 0 0 
40000 100 329.431 -61.987 -0.566 1.8515 0 0 0 
50000 114 429.447 -63.303 -0.454 2.4993 0 0 0 
60000 130 472.898 -74.567 -0.528 2.8127 0 0 0 
70000 263 76.628 -176.815 -0.761 0.4809 0 0 0 
80000 379 133.602 -272.304 -0.756 0.8354 0 0 0 
90000 393 265.04 -277.936 -0.676 1.6418 0 0 0 
100000 421 306.814 -295.355 -0.642 1.8972 0 0 0 
110000 453 306.568 -314.396 -0.633 1.9014 0 0 0 
120000 478 337.012 -332.747 -0.676 2.0895 0 0 0 
130000 507 354.769 -349.516 -0.633 2.1943 0 0 0 
140000 538 340.124 -369.861 -0.624 2.0946 0 0 0 
150000 562 354.844 -377.762 -0.514 2.1774 0 0 0 
160000 583 389.663 -386.323 -0.488 2.3897 0 0 0 
170000 600 455.113 -392.947 -0.46 2.7917 0 0 0 
180000 615 498.635 -397.333 -0.413 3.0778 0 0 0 
190000 637 497.577 -404.338 -0.372 3.071 0 0 0 
200000 654 532.091 -405.535 -0.289 3.2976 0 0 0 
210000 680 455.983 -416.1 -0.344 2.8735 0 0 0 
220000 705 436.574 -422.15 -0.297 2.7595 0 0 0 
230000 732 412.994 -435.975 -0.366 2.6109 0 0 0 
240000 773 306.901 -462.166 -0.525 1.9503 0 0 0 
250000 797 354.778 -473.054 -0.511 2.2639 0 0 0 
260000 828 340.62 -493.23 -0.577 2.1425 0 0 0 
270000 856 357.072 -506.761 -0.536 2.2268 0 0 0 
280000 901 283.179 -502.658 -0.148 1.7582 0 0 0 
290000 931 308.442 -518.15 -0.322 1.9008 0 0 0 
300000 965 307.844 -525.625 -0.241 1.896 0 0 0 
310000 1004 274.801 -549.999 -0.435 1.7013 0 0 0 
320000 1041 274.987 -564.485 -0.408 1.7127 0 0 0 
330000 1073 303.007 -583.859 -0.487 1.8849 0 0 0 
340000 1102 318.733 -590.487 -0.382 1.9817 0 0 0 
350000 1139 286.706 -605.666 -0.381 1.7774 0 0 0 
360000 1181 267.835 -637.415 -0.61 1.6561 0 0 0 
370000 1215 274.664 -657.405 -0.591 1.6943 0 0 0 
380000 1246 293.915 -680.553 -0.652 1.814 0 0 0 
390000 1306 213.173 -737.151 -0.856 1.3228 0 0 0 
400000 1341 256.437 -763.056 -0.788 1.5834 0 0 0 
410000 1368 293.729 -784.34 -0.788 1.8095 0 0 0 
420000 1393 348.769 -803.294 -0.772 2.1509 0 0 0 
430000 1427 317.178 -822.585 -0.683 1.9656 0 0 0 
440000 1454 326.902 -843.511 -0.727 2.0251 0 0 0 
450000 1486 326.129 -856.774 -0.584 2.0317 0 0 0 
460000 1512 352.626 -868.346 -0.529 2.196 0 0 0 
470000 1544 336.574 -881.478 -0.465 2.0884 0 0 0 
480000 1564 388.296 -895.111 -0.539 2.3985 0 0 0 
490000 1598 334.182 -904.119 -0.398 2.0637 0 0 0 
500000 1624 364.061 -915.421 -0.411 2.2499 0 0 0 
510000 1642 418.77 -925.111 -0.462 2.6028 0 0 0 
520000 1669 386.296 -935.47 -0.448 2.4095 0 0 0 
530000 1705 334.097 -953.157 -0.473 2.0951 0 0 0 
540000 1737 321.672 -968.236 -0.474 2.0201 0 0 0 
550000 1765 335.413 -975.219 -0.356 2.0984 0 0 0 
560000 1790 361.526 -984.978 -0.362 2.2522 0 0 0 
570000 1809 408.98 -995.329 -0.433 2.5453 0 0 0 
580000 1831 422.077 -998.097 -0.325 2.628 0 0 0 
590000 1848 467.808 -993.466 -0.157 2.9045 0 0 0 
600000 1866 499.652 -998.747 -0.195 3.1004 0 0 0 
610000 1892 462.923 -1003.429 -0.163 2.8768 0 0 0 
620000 1925 388.565 -1007.526 -0.13 2.4366 0 0 0 
630000 1953 372.067 -1019.065 -0.233 2.3463 0 0 0 
640000 1987 326.633 -1032.22 -0.318 2.0649 0 0 0 
650000 2025 306.386 -1043.409 -0.282 1.9698 0 0 0 
660000 2053 329.272 -1046.928 -0.204 2.135 0 0 0 
670000 2081 338.05 -1052.218 -0.196 2.2163 0 0 0 
680000 2110 336.38 -1064.016 -0.286 2.199 0 0 0 
690000 2138 342.68 -1077.935 -0.374 2.1942 0 0 0 
700000 2164 350.624 -1089.492 -0.395 2.2137 0 0 0 
710000 2190 357.836 -1102.92 -0.468 2.253 0 0 0 
720000 2217 367.785 -1107.072 -0.335 2.3132 0 0 0 
730000 2242 370.028 -1104.709 -0.151 2.3234 0 0 0 
740000 2258 442.367 -1105.518 -0.12 2.7771 0 0 0 
750000 2283 426.886 -1103.085 -0.05 2.6818 0 0 0 
760000 2312 395.602 -1105.771 -0.051 2.4814 0 0 0 
770000 2331 438.434 -1109.773 -0.101 2.7378 0 0 0 
780000 2365 365.69 -1121.229 -0.217 2.2859 0 0 0 
790000 2392 368.641 -1117.119 -0.054 2.3009 0 0 0 
800000 2436 275.319 -1103.928 0.188 1.7173 0 0 0 
810000 2471 282.221 -1105.716 0.09 1.7629 0 0 0 
820000 2511 273.068 -1100.186 0.115 1.7099 0 0 0 
830000 2535 323.386 -1109.954 -0.106 2.0199 0 0 0 
840000 2560 354.097 -1124.478 -0.293 2.21 0 0 0 
850000 2597 305.002 -1142.939 -0.402 1.9055 0 0 0 
860000 2629 308.142 -1150.312 -0.322 1.9479 0 0 0 
870000 2674 250.14 -1156.867 -0.213 1.5868 0 0 0 
880000 2706 275.682 -1151.702 -0.045 1.7651 0 0 0 
890000 2746 267.297 -1146.273 0.025 1.7223 0 0 0 
900000 2788 249.553 -1139.335 0.084 1.6042 0 0 0 
910000 2819 293.855 -1150.216 -0.104 1.8717 0 0 0 
920000 2851 299.181 -1145.616 -0.008 1.9019 0 0 0 
930000 2899 232.174 -1143.921 0.003 1.4774 0 0 0 
940000 2947 220.893 -1140.897 0.029 1.4039 0 0 0 
950000 2993 206.543 -1132.992 0.111 1.3121 0 0 0 
960000 3064 153.407 -1121.635 0.207 0.9707 0 0 0 
970000 3117 179.624 -1101.794 0.298 1.1316 0 0 0 
980000 3165 208.756 -1095.399 0.185 1.3109 0 0 0 
990000 3201 245.602 -1089.054 0.189 1.5402 0 0 0 
1000000 3262 179.855 -1049.628 0.577 1.1332 0 0 0 
1010000 3320 184.299 -1023.484 0.449 1.1632 0 0 0 
1020000 3394 143.118 -996.579 0.306 0.9078 0 0 0 
1030000 3437 191.834 -981.702 0.304 1.2098 0 0 0 
1040000 3503 147.948 -959.508 0.322 0.9395 0 0 0 
1050000 3554 180.693 -934.201 0.419 1.1454 0 0 0 
1060000 3664 91.791 -895.518 0.286 0.5895 0 0 0 
1070000 3783 69.819 -821.339 0.637 0.4555 0 0 0 
1080000 3882 77.848 -783.341 0.463 0.5251 0 0 0 
1090000 3997 77.925 -732.898 0.37 0.5419 0 0 0 
1100000 4137 66.179 -657.865 0.599 0.4592 0 0 0 
1110000 4281 68.486 -608.897 0.289 0.4718 0 0 0 
1120000 4409 68.152 -567.709 0.369 0.4665 0 0 0 
1130000 4532 72.008 -509.278 0.477 0.4958 0 0 0 
1140000 4650 76.128 -463.913 0.374 0.5333 0 0 0 
1150000 4777 73.428 -385.831 0.649 0.5174 0 0 0 
1160000 4929 61.849 -292.618 0.681 0.4269 0 0 0 
1170000 5036 83.877 -241.736 0.539 0.5815 0 0 0 
1180000 5171 62.757 -189.258 0.356 0.4343 0 0 0 
1190000 5335 60.375 -119.844 0.381 0.4182 0 0 0 
1200000 5489 64.563 -36.554 0.496 0.4414 0 0 0 
1210000 5636 67.438 25.662 0.469 0.4527 0 0 0 
1220000 5829 51.093 123.783 0.601 0.3402 0 0 0 
1230000 6002 55.92 226.142 0.552 0.3739 0 0 0 
1240000 6182 66.384 309.411 0.468 0.4455 0 0 0 
1250000 6370 52.098 400.614 0.463 0.3529 0 0 0 
1260000 6535 58.821 495.021 0.592 0.3964 0 0 0 
1270000 6665 82.189 570.264 0.591 0.5447 0 0 0 
1280000 6813 61.866 655.321 0.548 0.4112 0 0 0 
1290000 6940 95.36 715.062 0.496 0.6289 0 0 0 
1300000 7065 91.21 771.338 0.418 0.6018 0 0 0 
1310000 7194 76.742 849.625 0.577 0.5029 0 0 0 
1320000 7296 100.692 902.712 0.584 0.6539 0 0 0 
1330000 7456 67.138 1003.779 0.591 0.4439 0 0 0 
1340000 7601 78.582 1081.599 0.611 0.5167 0 0 0 
1350000 7728 72.873 1163.873 0.67 0.4792 0 0 0 
1360000 7873 64.982 1231.691 0.399 0.4303 0 0 0 
1370000 7993 86.002 1280.446 0.519 0.5617 0 0 0 
1380000 8154 59.71 1358.406 0.483 0.3933 0 0 0 
1390000 8295 73.06 1428.331 0.478 0.4777 0 0 0 
1400000 8406 79.692 1467.851 0.321 0.5177 0 0 0 
1410000 8541 78.481 1527.546 0.491 0.5404 0 0 0 
1420000 8644 88.041 1593.075 0.676 0.604 0 0 0 
1430000 8773 75.411 1644.078 0.357 0.5146 0 0 0 
1440000 8901 77.796 1707.097 0.428 0.5275 0 0 0 
1450000 9009 79.275 1766.14 0.468 0.5329 0 0 0 
1460000 9129 86.958 1820.777 0.476 0.5793 0 0 0 
1470000 9238 97.391 1874.957 0.521 0.6515 0 0 0 
1480000 9370 76.623 1935.67 0.457 0.5129 0 0 0 
1490000 9468 87.868 1984.319 0.475 0.5929 0 0 0 
1500000 9593 81.226 2039.561 0.394 0.5377 0 0 0 
1510000 9724 81.947 2094.901 0.519 0.5372 0 0 0 
1520000 9841 80.113 2163.934 0.52 0.5342 0 0 0 
1530000 9966 68.756 2219.06 0.478 0.4658 0 0 0 
1540000 10100 84.209 2293.691 0.586 0.5704 0 0 0 
1550000 10231 67.513 2369.327 0.605 0.4579 0 0 0 
1560000 10353 82.075 2425.377 0.459 0.5516 0 0 0 
1570000 10463 74.942 2477.673 0.453 0.5079 0 0 0 
1580000 10568 82.043 2512.897 0.312 0.5559 0 0 0 
1590000 10669 99.967 2564.29 0.486 0.6787 0 0 0 
1600000 10828 59.064 2635.68 0.408 0.4073 0 0 0 
1610000 10974 60.132 2712.252 0.578 0.4144 0 0 0 
1620000 11119 76.35 2777.547 0.37 0.5305 0 0 0 
1630000 11278 66.519 2843.388 0.393 0.4713 0 0 0 
1640000 11423 57.165 2903.115 0.444 0.3988 0 0 0 
1650000 11537 81.689 2963.787 0.486 0.5623 0 0 0 
1660000 11651 76.339 3019.733 0.521 0.5291 0 0 0 
1670000 11756 90.166 3075.122 0.547 0.6071 0 0 0 
1680000 11901 61.449 3156.657 0.647 0.4204 0 0 0 
1690000 11976 110.96 3188.116 0.484 0.75 0 0 0 
1700000 12093 75.25 3229.671 0.345 0.5187 0 0 0 
1710000 12210 74.995 3284.356 0.455 0.5038 0 0 0 
1720000 12354 77.888 3356.65 0.538 0.5129 0 0 0 
1730000 12446 111.855 3398.811 0.474 0.7329 0 0 0 
1740000 12602 66.442 3489.347 0.494 0.4387 0 0 0 
1750000 12770 52.102 3575.753 0.495 0.3487 0 0 0 
1760000 12846 127.473 3612.3 0.466 0.82 0 0 0 
1770000 13028 61.824 3710.916 0.496 0.4023 0 0 0 
1780000 13197 57.404 3820.481 0.603 0.3762 0 0 0 
1790000 13334 66.157 3883.926 0.496 0.4306 0 0 0 
1800000 13476 70.875 3948.796 0.511 0.465 0 0 0 
1810000 13645 72.575 4046.364 0.609 0.4768 0 0 0 
1820000 13818 55.529 4136.001 0.459 0.3685 0 0 0 
1830000 14030 48.347 4250.567 0.499 0.3207 0 0 0 
1840000 14186 56.702 4324.724 0.461 0.3728 0 0 0 
1850000 14355 46.476 4398.481 0.497 0.3079 0 0 0 
1860000 14545 52.777 4517.316 0.662 0.3476 0 0 0 
1870000 14733 49.29 4610.33 0.525 0.3325 0 0 0 
1880000 14919 63.366 4709.42 0.471 0.4239 0 0 0 
1890000 15075 73.028 4802.237 0.554 0.4885 0 0 0 
1900000 15209 61.576 4878.704 0.633 0.4142 0 0 0 
1910000 15325 86.256 4950.986 0.664 0.5773 0 0 0 
1920000 15506 54.154 5046.57 0.515 0.368 0 0 0 
1930000 15632 64.062 5112.979 0.576 0.4255 0 0 0 
1940000 15761 70.177 5180.368 0.6 0.4649 0 0 0 
1950000 15873 82.883 5236.289 0.612 0.5513 0 0 0 
1960000 15964 123.223 5279.192 0.472 0.8122 0 0 0 
1970000 16144 50.017 5391.928 0.612 0.3392 0 0 0 
1980000 16311 59.931 5477.531 0.516 0.3967 0 0 0 
1990000 16463 61.368 5577.591 0.703 0.4048 0 0 0 
2000000 16635 53.681 5668.174 0.501 0.3597 0 0 0 
2010000 16795 72.757 5762.829 0.619 0.4878 0 0 0 
2020000 16955 64.724 5853.246 0.581 0.43 0 0 0 
2030000 17117 55.258 5951.858 0.563 0.3681 0 0 0 
2040000 17232 76.747 6029.813 0.672 0.5095 0 0 0 
2050000 17369 82.205 6105.532 0.545 0.5705 0 0 0 
2060000 17553 45.339 6202.54 0.52 0.3226 0 0 0 
2070000 17693 62.997 6287.188 0.652 0.474 0 0 0 
2080000 17842 73.472 6366.602 0.442 0.4985 0 0 0 
2090000 18023 48.686 6448.318 0.424 0.332 0 0 0 
2100000 18194 50.302 6545.87 0.547 0.3499 0 0 0 
2110000 18352 66.796 6636.438 0.522 0.4711 0 0 0 
2120000 18477 67.157 6687.608 0.478 0.4747 0 0 0 
2130000 18613 68.824 6768.248 0.682 0.4839 0 0 0 
2140000 18747 72.678 6828.247 0.415 0.4982 0 0 0 
2150000 18889 64.124 6898.448 0.529 0.4397 0 0 0 
2160000 19001 84.397 6954.577 0.587 0.5713 0 0 0 
2170000 19133 88.327 7043.668 0.659 0.5965 0 0 0 
2180000 19240 95.506 7099.851 0.567 0.6425 0 0 0 
2190000 19372 71.069 7161.958 0.491 0.4843 0 0 0 
2200000 19509 73.397 7249.554 0.521 0.5176 0 0 0 
2210000 19672 53.38 7353.568 0.472 0.3841 0 0 0 
2220000 19811 70.896 7444.806 0.578 0.5014 0 0 0 
2230000 19919 115.118 7505.14 0.585 0.7708 0 0 0 
2240000 20076 63.989 7617.637 0.702 0.4441 0 0 0 
2250000 20226 66.364 7704.493 0.572 0.4659 0 0 0 
2260000 20366 77.866 7785.588 0.546 0.5375 0 0 0 
2270000 20509 56.108 7884.751 0.739 0.3962 0 0 0 
2280000 20641 73.745 7970.1 0.656 0.5099 0 0 0 
2290000 20767 75.183 8040.764 0.525 0.5094 0 0 0 
2300000 20841 130.462 8074.97 0.467 0.8851 0 0 0 
2310000 20974 82.347 8136.132 0.472 0.5694 0 0 0 
2320000 21140 54.567 8222.422 0.535 0.3821 0 0 0 
2330000 21282 76.189 8323.129 0.665 0.5268 0 0 0 
2340000 21452 53.533 8415.699 0.531 0.3672 0 0 0 
2350000 21588 89.005 8507.811 0.731 0.6087 0 0 0 
2360000 21708 73.216 8579.942 0.648 0.5003 0 0 0 
2370000 21831 63.338 8648.828 0.592 0.4334 0 0 0 
2380000 21969 69.778 8733.562 0.559 0.4773 0 0 0 
2390000 22092 88.965 8807.148 0.581 0.6053 0 0 0 
2400000 22271 52.364 8892.688 0.323 0.3579 0 0 0 
2410000 22409 63.279 8961.157 0.442 0.4243 0 0 0 
2420000 22598 53.441 9079.124 0.589 0.3638 0 0 0 
2430000 22792 60.097 9213.734 0.702 0.4066 0 0 0 
2440000 22901 91.867 9272.609 0.475 0.6199 0 0 0 
2450000 23026 79.901 9362.34 0.687 0.5392 0 0 0 
2460000 23190 57.078 9456.933 0.578 0.3919 0 0 0 
2470000 23318 68.233 9522.929 0.603 0.4637 0 0 0 
2480000 23456 78.549 9611.213 0.641 0.531 0 0 0 
2490000 23578 78.938 9685.01 0.602 0.5334 0 0 0 
2500000 23729 62.535 9780.249 0.629 0.4269 0 0 0 
2510000 23896 72.61 9885.339 0.608 0.5013 0 0 0 
2520000 24082 57.071 9976.481 0.351 0.3757 0 0 0 
2530000 24232 60.562 10070.83 0.605 0.3965 0 0 0 
2540000 24406 64.758 10189.471 0.665 0.4222 0 0 0 
2550000 24578 63.343 10303.768 0.643 0.4072 0 0 0 
2560000 24711 71.395 10382.647 0.649 0.4705 0 0 0 
2570000 24884 52.487 10494.275 0.671 0.3475 0 0 0 
2580000 25041 53.348 10601.658 0.704 0.3469 0 0 0 
2590000 25226 52.194 10723.521 0.706 0.3433 0 0 0 
2600000 25375 60.807 10810.963 0.587 0.3938 0 0 0 
2610000 25507 77.589 10883.218 0.637 0.4958 0 0 0 
2620000 25695 59.023 11017.953 0.766 0.3808 0 0 0 
2630000 25854 60.218 11119.612 0.662 0.3896 0 0 0 
2640000 25974 90.887 11188.776 0.595 0.5771 0 0 0 
2650000 26142 60.656 11297.624 0.638 0.3921 0 0 0 
2660000 26271 81.037 11385.446 0.653 0.5167 0 0 0 
2670000 26448 60.819 11485.314 0.459 0.3896 0 0 0 
2680000 26632 53.936 11606.065 0.654 0.3472 0 0 0 
2690000 26758 76.196 11670.47 0.524 0.4884 0 0 0 
2700000 26916 64.363 11762.863 0.618 0.4144 0 0 0 
2710000 27064 57.933 11839.799 0.603 0.386 0 0 0 
2720000 27182 74.797 11902.922 0.623 0.4907 0 0 0 
2730000 27337 61.211 12006.934 0.698 0.4023 0 0 0 
2740000 27520 57.182 12130.659 0.775 0.3799 0 0 0 
2750000 27666 57.972 12215.142 0.582 0.382 0 0 0 
2760000 27844 61.49 12326.276 0.533 0.404 0 0 0 
2770000 27966 95.366 12396.787 0.547 0.6161 0 0 0 
2780000 28094 71.922 12489.882 0.751 0.4689 0 0 0 
2790000 28194 114.753 12558.04 0.702 0.7371 0 0 0 
2800000 28326 62.754 12630.313 0.576 0.4087 0 0 0 
2810000 28441 91.433 12685.731 0.544 0.5855 0 0 0 
2820000 28571 73.154 12756.648 0.632 0.4682 0 0 0 
2830000 28672 98.538 12816.141 0.531 0.6265 0 0 0 
2840000 28823 57.645 12903.564 0.612 0.3749 0 0 0 
2850000 28972 63.171 12991.371 0.658 0.4083 0 0 0 
2860000 29104 71.04 13062.028 0.596 0.46 0 0 0 
2870000 29262 63.291 13159.225 0.62 0.4112 0 0 0 
2880000 29428 54.197 13256.081 0.529 0.3542 0 0 0 
2890000 29533 96.826 13321.873 0.497 0.6193 0 0 0 
2900000 29668 71.645 13420.065 0.65 0.4637 0 0 0 
2910000 29779 90.751 13481.595 0.443 0.6001 0 0 0 
2920000 29893 79.67 13540.49 0.52 0.5258 0 0 0 
2930000 30013 90.913 13617.156 0.67 0.6 0 0 0 
2940000 30165 68.329 13720.101 0.712 0.4562 0 0 0 
2950000 30296 68.542 13799.315 0.665 0.46 0 0 0 
2960000 30441 67.025 13894.837 0.659 0.4534 0 0 0 
2970000 30581 82.071 13971.569 0.552 0.5592 0 0 0 
2980000 30749 58.593 14056.26 0.5 0.3981 0 0 0 
2990000 30915 54.957 14170.972 0.671 0.3717 0 0 0 
3000000 31061 77.153 14251.686 0.532 0.4975 0 0 0 
3010000 31206 63.116 14335.378 0.569 0.4128 0 0 0 
3020000 31370 62.185 14430.211 0.618 0.4071 0 0 0 
3030000 31529 62.066 14532.043 0.629 0.4111 0 0 0 
3040000 31664 76.998 14603.779 0.52 0.5107 0 0 0 
3050000 31814 60.437 14698.218 0.609 0.4011 0 0 0 
3060000 31948 74.744 14772.779 0.526 0.4884 0 0 0 
3070000 32111 54.39 14864.051 0.565 0.3597 0 0 0 
3080000 32285 52.69 14982.41 0.756 0.3578 0 0 0 
3090000 32438 68.277 15069.968 0.555 0.4493 0 0 0 
3100000 32574 65.392 15154.419 0.663 0.4286 0 0 0 
3110000 32668 104.569 15194.472 0.589 0.6937 0 0 0 
3120000 32770 101.215 15262.506 0.694 0.6625 0 0 0 
3130000 32888 86.777 15328.637 0.589 0.5682 0 0 0 
3140000 33023 75.773 15403.909 0.543 0.5003 0 0 0 
3150000 33158 78.994 15491.53 0.655 0.5242 0 0 0 
3160000 33317 48.312 15582.902 0.692 0.324 0 0 0 
3170000 33421 76.561 15638.767 0.576 0.5021 0 0 0 
3180000 33576 65.084 15746.162 0.775 0.4319 0 0 0 
3190000 33676 89.558 15802.183 0.6 0.5907 0 0 0 
3200000 33795 73.189 15877.352 0.635 0.4819 0 0 0 
3210000 33965 61.684 15981.962 0.606 0.4109 0 0 0 
3220000 34140 59.748 16089.414 0.675 0.3947 0 0 0 
3230000 34290 61.919 16185.529 0.677 0.4104 0 0 0 
3240000 34449 68.225 16280.864 0.55 0.4493 0 0 0 
3250000 34598 82.744 16378.692 0.607 0.5409 0 0 0 
3260000 34719 74.73 16440.243 0.551 0.4881 0 0 0 
3270000 34855 79.996 16537.532 0.797 0.5225 0 0 0 
3280000 34990 80.326 16619.444 0.663 0.5248 0 0 0 
3290000 35184 42.877 16742.616 0.591 0.2919 0 0 0 
3300000 35380 46.169 16873.762 0.71 0.3183 0 0 0 
3310000 35530 53.252 16962.957 0.703 0.3707 0 0 0 
3320000 35673 61.907 17054.746 0.649 0.4226 0 0 0 
3330000 35833 52.347 17154.059 0.609 0.3585 0 0 0 
3340000 36000 55.368 17257.812 0.615 0.3754 0 0 0 
3350000 36154 72.801 17352.433 0.633 0.4924 0 0 0 
3360000 36327 59.644 17500.716 0.868 0.396 0 0 0 
3370000 36483 74.45 17605.319 0.672 0.4922 0 0 0 
3380000 36625 72.678 17692.063 0.55 0.4787 0 0 0 
3390000 36797 53.188 17782.922 0.543 0.3719 0 0 0 
3400000 36938 66.332 17862.587 0.583 0.4642 0 0 0 
3410000 37104 63.671 17971.728 0.649 0.442 0 0 0 
3420000 37255 55.693 18081.597 0.69 0.3878 0 0 0 
3430000 37384 74.528 18167.525 0.653 0.5073 0 0 0 
3440000 37523 75.555 18263.296 0.654 0.52 0 0 0 
3450000 37661 66.771 18349.424 0.615 0.4525 0 0 0 
3460000 37831 58.474 18440.589 0.521 0.389 0 0 0 
3470000 37939 87.239 18499.579 0.52 0.5693 0 0 0 
3480000 38102 72.872 18611.775 0.579 0.4812 0 0 0 
3490000 38256 65.09 18732.737 0.735 0.4274 0 0 0 
3500000 38394 59.695 18835.847 0.76 0.3894 0 0 0 
3510000 38530 75.367 18929.078 0.725 0.4963 0 0 0 
3520000 38671 69.827 19015.006 0.551 0.4548 0 0 0 
3530000 38852 52.521 19146.864 0.69 0.3448 0 0 0 
3540000 38992 78.466 19241.394 0.671 0.5094 0 0 0 
3550000 39128 64.282 19310.435 0.385 0.418 0 0 0 
3560000 39237 83.175 19388.788 0.715 0.5426 0 0 0 
3570000 39383 59.442 19489.427 0.676 0.4038 0 0 0 
3580000 39536 60.008 19579.491 0.607 0.4078 0 0 0 
3590000 39735 54.574 19717.464 0.72 0.3713 0 0 0 
3600000 39870 73.063 19803.486 0.676 0.4941 0 0 0 
3610000 40022 60.642 19906.384 0.66 0.4228 0 0 0 
3620000 40150 66.139 19983.048 0.699 0.4553 0 0 0 
3630000 40299 66.826 20075.041 0.623 0.4617 0 0 0 
3640000 40444 65.593 20182.8 0.699 0.4599 0 0 0 
3650000 40606 56.657 20295.598 0.671 0.3986 0 0 0 
3660000 40782 55.833 20422.431 0.676 0.3896 0 0 0 
3670000 40951 59.811 20542.56 0.727 0.414 0 0 0 
3680000 41086 58.513 20614.584 0.521 0.4045 0 0 0 
3690000 41291 50.546 20748.553 0.665 0.3527 0 0 0 
3700000 41435 75.386 20839.87 0.538 0.5202 0 0 0 
3710000 41587 69.513 20940.876 0.646 0.4816 0 0 0 
3720000 41748 66.126 21040.443 0.639 0.4416 0 0 0 
3730000 41877 65.55 21098.016 0.447 0.4311 0 0 0 
3740000 42022 60.537 21193.883 0.728 0.3969 0 0 0 
3750000 42189 57.088 21313.459 0.669 0.3733 0 0 0 
3760000 42345 69.057 21423.919 0.78 0.4493 0 0 0 
3770000 42525 54.013 21546.716 0.634 0.3655 0 0 0 
3780000 42673 76.562 21655.576 0.741 0.5137 0 0 0 
3790000 42857 54.31 21780.423 0.624 0.3652 0 0 0 
3800000 43019 57.256 21883.056 0.71 0.3865 0 0 0 
3810000 43148 64.676 21976.798 0.651 0.4324 0 0 0 
3820000 43301 53.297 22072.415 0.716 0.3567 0 0 0 
3830000 43450 70.37 22172.523 0.659 0.4687 0 0 0 
3840000 43617 53.791 22282.379 0.601 0.3604 0 0 0 
3850000 43771 64.714 22399.235 0.773 0.4307 0 0 0 
3860000 43903 78.628 22500.339 0.777 0.5269 0 0 0 
3870000 44041 76.128 22609.493 0.864 0.5081 0 0 0 
3880000 44150 88.19 22694.958 0.786 0.5839 0 0 0 
3890000 44274 93.323 22779.789 0.61 0.6143 0 0 0 
3900000 44407 64.269 22866.084 0.725 0.4264 0 0 0 
3910000 44538 83.953 22959.952 0.785 0.5497 0 0 0 
3920000 44703 62.701 23071.895 0.696 0.4263 0 0 0 
3930000 44803 93.547 23131.758 0.586 0.6311 0 0 0 
3940000 44949 74.927 23218.454 0.638 0.5139 0 0 0 
3950000 45083 67.813 23288.734 0.454 0.4683 0 0 0 
3960000 45234 69.013 23386.907 0.679 0.4822 0 0 0 
3970000 45402 65.517 23494.035 0.624 0.4603 0 0 0 
3980000 45550 64.939 23585.048 0.635 0.4532 0 0 0 
3990000 45683 73.134 23681.326 0.762 0.5169 0 0 0 
4000000 45824 67.085 23766.461 0.656 0.4656 0 0 0 
