10000 41 130.671 -27.508 -0.363 0.3635 0 0 0 
20000 72 210.501 -49.084 -0.53 0.5792 0 0 0 
30000 173 116.339 -134.081 -0.802 0.5198 0 0 0 
40000 242 175.805 -187.491 -0.796 0.8613 0 0 0 
50000 270 258.095 -197.85 -0.621 1.2711 0 0 0 
60000 325 205.841 -236.487 -0.684 1.0254 0 0 0 
70000 372 207.777 -271.534 -0.723 1.0399 0 0 0 
80000 417 216.796 -304.793 -0.725 1.0852 0 0 0 
90000 462 221.055 -333.4 -0.703 1.1054 0 0 0 
100000 502 221.721 -360.947 -0.69 1.1167 0 0 0 
110000 569 166.793 -393.562 -0.559 0.8488 0 0 0 
120000 611 193.247 -420.164 -0.588 0.9732 0 0 0 
130000 649 219.519 -450.43 -0.707 1.104 0 0 0 
140000 698 214.294 -467.126 -0.489 1.0723 0 0 0 
150000 737 233.314 -490.818 -0.561 1.1623 0 0 0 
160000 769 254.821 -513.215 -0.623 1.2654 0 0 0 
170000 792 317.77 -528.581 -0.638 1.582 0 0 0 
180000 832 283.777 -555.147 -0.68 1.4168 0 0 0 
190000 867 284.81 -571.913 -0.594 1.4184 0 0 0 
200000 907 259.359 -588.185 -0.491 1.295 0 0 0 
210000 930 317.359 -596.182 -0.46 1.5888 0 0 0 
220000 956 349.223 -608.086 -0.46 1.7562 0 0 0 
230000 991 314.439 -630.856 -0.547 1.583 0 0 0 
240000 1021 324.312 -647.991 -0.56 1.6342 0 0 0 
250000 1059 285.418 -668.506 -0.53 1.4472 0 0 0 
260000 1080 353.279 -682.492 -0.58 1.7919 0 0 0 
270000 1105 378.942 -696.035 -0.562 1.9203 0 0 0 
280000 1139 343.249 -715.015 -0.579 1.7434 0 0 0 
290000 1159 377.443 -724.508 -0.558 1.9168 0 0 0 
300000 1186 375.302 -737.47 -0.514 1.8938 0 0 0 
310000 1224 317.917 -759.83 -0.578 1.6004 0 0 0 
320000 1251 330.391 -770.182 -0.493 1.6581 0 0 0 
330000 1278 354.929 -787.619 -0.565 1.781 0 0 0 
340000 1311 313.293 -803.198 -0.496 1.5736 0 0 0 
350000 1340 323.793 -813.901 -0.416 1.6283 0 0 0 
360000 1364 357.728 -830.246 -0.507 1.7967 0 0 0 
370000 1387 377.415 -840.968 -0.506 1.8937 0 0 0 
380000 1401 464.553 -848.683 -0.514 2.3297 0 0 0 
390000 1422 466.141 -860.087 -0.537 2.3446 0 0 0 
400000 1441 495.715 -869.508 -0.521 2.5026 0 0 0 
410000 1461 485.341 -871.472 -0.366 2.4418 0 0 0 
420000 1484 484.436 -884.82 -0.433 2.4328 0 0 0 
430000 1500 517.915 -892.739 -0.451 2.597 0 0 0 
440000 1517 532.835 -900.374 -0.452 2.6698 0 0 0 
450000 1541 489.972 -896.265 -0.213 2.4544 0 0 0 
460000 1562 485.293 -903.685 -0.255 2.433 0 0 0 
470000 1592 424.989 -911.675 -0.289 2.1353 0 0 0 
480000 1627 345.103 -922.812 -0.282 1.736 0 0 0 
490000 1658 338.493 -929.459 -0.265 1.704 0 0 0 
500000 1681 371.782 -930.297 -0.171 1.8717 0 0 0 
510000 1704 402.769 -939.23 -0.263 2.0251 0 0 0 
520000 1728 400.497 -945.719 -0.264 2.0134 0 0 0 
530000 1755 374.87 -950.391 -0.234 1.8912 0 0 0 
540000 1779 391.555 -952.864 -0.175 1.9741 0 0 0 
550000 1804 390.589 -951.859 -0.078 1.9713 0 0 0 
560000 1829 405.246 -950.005 -0.011 2.0465 0 0 0 
570000 1844 470.793 -952.525 -0.041 2.3811 0 0 0 
580000 1872 423.687 -952.769 -0.02 2.1472 0 0 0 
590000 1896 413.585 -962.653 -0.154 2.0953 0 0 0 
600000 1930 343.2 -962.943 -0.044 1.7379 0 0 0 
610000 1954 362.347 -966.683 -0.086 1.8359 0 0 0 
620000 1979 375.876 -974.341 -0.164 1.9079 0 0 0 
630000 2004 390.289 -973.359 -0.089 1.9807 0 0 0 
640000 2037 334.967 -966.906 0.071 1.6995 0 0 0 
650000 2084 247.47 -953.729 0.185 1.2606 0 0 0 
660000 2126 232.136 -954.5 0.049 1.184 0 0 0 
670000 2171 222.351 -949.823 0.099 1.1379 0 0 0 
680000 2224 216.886 -938.981 0.188 1.1101 0 0 0 
690000 2283 175.835 -925.47 0.25 0.904 0 0 0 
700000 2386 97.751 -875.631 0.348 0.5095 0 0 0 
710000 2469 130.774 -858.731 0.223 0.6777 0 0 0 
720000 2577 98.884 -826.614 0.194 0.5156 0 0 0 
730000 2675 97.954 -796.379 0.285 0.5107 0 0 0 
740000 2757 107.212 -776.34 0.255 0.5569 0 0 0 
750000 2853 84.399 -732.167 0.492 0.4424 0 0 0 
760000 2909 143.816 -711.676 0.449 0.7442 0 0 0 
770000 3012 98.345 -672.467 0.33 0.5164 0 0 0 
780000 3107 110.176 -625.591 0.443 0.578 0 0 0 
790000 3207 101.867 -603.557 0.277 0.5348 0 0 0 
800000 3358 58.663 -566.244 0.259 0.3127 0 0 0 
810000 3462 91.726 -518.342 0.442 0.4828 0 0 0 
820000 3595 67.036 -448.421 0.526 0.3559 0 0 0 
830000 3731 60.132 -371.791 0.501 0.3216 0 0 0 
840000 3867 70.862 -298.923 0.547 0.3765 0 0 0 
850000 3994 73.334 -255.081 0.327 0.39 0 0 0 
860000 4147 57.152 -167.228 0.509 0.3062 0 0 0 
870000 4295 66.115 -82.421 0.467 0.3535 0 0 0 
880000 4443 74.417 -16.141 0.495 0.3961 0 0 0 
890000 4590 80.029 33.205 0.319 0.426 0 0 0 
900000 4752 60.677 113.57 0.437 0.3244 0 0 0 
910000 4945 59.303 183.143 0.441 0.3174 0 0 0 
920000 5130 54.903 270.983 0.581 0.2951 0 0 0 
930000 5271 67.19 338.555 0.582 0.3584 0 0 0 
940000 5470 55.043 390.234 0.251 0.2963 0 0 0 
950000 5635 58.856 453.935 0.349 0.3168 0 0 0 
960000 5788 54.73 525.655 0.567 0.2959 0 0 0 
970000 5940 54.537 590.135 0.517 0.2954 0 0 0 
980000 6155 40.193 710.262 0.711 0.2219 0 0 0 
990000 6289 74.429 770.747 0.472 0.3985 0 0 0 
1000000 6421 79.577 836.934 0.471 0.4236 0 0 0 
1010000 6550 85.31 904.222 0.545 0.4523 0 0 0 
1020000 6705 56.179 975.693 0.578 0.3032 0 0 0 
1030000 6820 78.688 1004.8 0.245 0.4181 0 0 0 
1040000 6995 63.071 1078.087 0.419 0.3385 0 0 0 
1050000 7111 74.152 1138.403 0.514 0.3964 0 0 0 
1060000 7251 69.286 1216.723 0.494 0.3704 0 0 0 
1070000 7392 71.356 1271.93 0.257 0.3815 0 0 0 
1080000 7526 85.866 1324.22 0.377 0.4591 0 0 0 
1090000 7672 70.516 1382.081 0.407 0.3783 0 0 0 
1100000 7810 76.958 1424.068 0.264 0.4126 0 0 0 
1110000 7930 79.375 1445.879 0.181 0.4291 0 0 0 
1120000 8096 55.442 1540.196 0.604 0.3048 0 0 0 
1130000 8262 62.101 1616.504 0.409 0.3375 0 0 0 
