10000 44 129.996 -34.193 -0.476 0.4635 0 0 0 
20000 80 202.409 -58.742 -0.589 0.7216 0 0 0 
30000 184 109.095 -144.562 -0.796 0.6353 0 0 0 
40000 210 219.749 -156.525 -0.659 1.3711 0 0 0 
50000 241 280.292 -173.156 -0.587 1.783 0 0 0 
60000 274 276.789 -191.919 -0.589 1.7609 0 0 0 
70000 312 267.904 -220.257 -0.658 1.6881 0 0 0 
80000 365 196.706 -255.124 -0.661 1.243 0 0 0 
90000 401 233.649 -275.175 -0.61 1.4665 0 0 0 
100000 453 210.313 -304.756 -0.558 1.3087 0 0 0 
110000 530 151.283 -353.41 -0.594 0.948 0 0 0 
120000 582 180.632 -379.584 -0.543 1.1259 0 0 0 
130000 619 216.505 -401.891 -0.577 1.3485 0 0 0 
140000 663 222.516 -430.912 -0.624 1.3868 0 0 0 
150000 710 216.065 -444.821 -0.398 1.3499 0 0 0 
160000 743 259.165 -465.452 -0.502 1.6075 0 0 0 
170000 768 317.484 -475.638 -0.468 1.963 0 0 0 
180000 800 312.492 -493.034 -0.508 1.9346 0 0 0 
190000 819 368.854 -499.236 -0.458 2.2635 0 0 0 
200000 849 358.717 -515.112 -0.48 2.1969 0 0 0 
210000 886 312.073 -535.677 -0.505 1.9222 0 0 0 
220000 924 273.63 -549.293 -0.418 1.6975 0 0 0 
230000 958 272.792 -562.59 -0.41 1.6991 0 0 0 
240000 992 285.721 -581.679 -0.496 1.7808 0 0 0 
250000 1022 307.974 -591.206 -0.418 1.9249 0 0 0 
260000 1058 284.345 -596.918 -0.276 1.7771 0 0 0 
270000 1082 331.482 -597.035 -0.172 2.0677 0 0 0 
280000 1118 305.312 -604.796 -0.189 1.9065 0 0 0 
290000 1141 357.791 -612.249 -0.231 2.2304 0 0 0 
300000 1162 391.246 -618.515 -0.249 2.4337 0 0 0 
310000 1191 363.607 -623.074 -0.208 2.2827 0 0 0 
320000 1234 300.975 -648.152 -0.434 1.9025 0 0 0 
330000 1270 291.249 -663.843 -0.406 1.8524 0 0 0 
340000 1305 275.867 -679.314 -0.425 1.7557 0 0 0 
350000 1352 236.425 -714.333 -0.617 1.5026 0 0 0 
360000 1383 287.899 -733.102 -0.618 1.8276 0 0 0 
370000 1410 320.379 -737.692 -0.433 2.0363 0 0 0 
380000 1437 343.323 -750.473 -0.452 2.1762 0 0 0 
390000 1456 389.003 -759.009 -0.453 2.4555 0 0 0 
400000 1480 402.529 -771.687 -0.486 2.5296 0 0 0 
410000 1498 455.413 -785.374 -0.566 2.8689 0 0 0 
420000 1522 434.534 -800.843 -0.591 2.8092 0 0 0 
430000 1535 509.191 -806.074 -0.545 3.3377 0 0 0 
440000 1554 517.696 -817.245 -0.563 3.431 0 0 0 
450000 1581 451.435 -832.922 -0.567 2.9568 0 0 0 
460000 1617 374.622 -834.69 -0.287 2.4438 0 0 0 
470000 1641 387.941 -837.986 -0.231 2.5222 0 0 0 
480000 1662 412.765 -838.497 -0.16 2.6316 0 0 0 
490000 1679 467.142 -839.896 -0.126 2.9503 0 0 0 
500000 1699 478.549 -842.082 -0.146 3.0095 0 0 0 
510000 1728 415.627 -852.612 -0.25 2.6039 0 0 0 
520000 1754 391.431 -856.135 -0.19 2.4703 0 0 0 
530000 1776 415.134 -865.729 -0.272 2.6343 0 0 0 
540000 1790 479.236 -870.936 -0.301 3.0468 0 0 0 
550000 1819 422.6 -877.709 -0.275 2.6918 0 0 0 
560000 1853 366.946 -877.116 -0.114 2.3425 0 0 0 
570000 1890 310.157 -880.288 -0.063 1.9873 0 0 0 
580000 1920 322.047 -884.789 -0.123 2.059 0 0 0 
590000 1961 279.576 -885.252 -0.002 1.7892 0 0 0 
600000 2002 256.095 -868.242 0.228 1.6395 0 0 0 
610000 2046 230.886 -849.178 0.349 1.4882 0 0 0 
620000 2092 213.356 -859.188 0.044 1.3764 0 0 0 
630000 2167 140.124 -861.896 -0.045 0.9113 0 0 0 
640000 2211 192.863 -865.796 -0.052 1.2462 0 0 0 
650000 2264 205.663 -848.702 0.154 1.3229 0 0 0 
660000 2333 164.554 -819.858 0.286 1.0583 0 0 0 
670000 2386 169.734 -810.435 0.251 1.099 0 0 0 
680000 2473 122.641 -789.569 0.251 0.8048 0 0 0 
690000 2536 164.828 -788.569 0.066 1.0813 0 0 0 
700000 2618 140.132 -778.939 0.115 0.9278 0 0 0 
710000 2744 84.711 -735.13 0.385 0.5655 0 0 0 
720000 2836 85.022 -696.874 0.497 0.5569 0 0 0 
730000 2954 83.946 -672.982 0.359 0.5491 0 0 0 
740000 3066 83.338 -649.029 0.213 0.5466 0 0 0 
750000 3213 68.023 -597.493 0.301 0.45 0 0 0 
760000 3347 79.042 -530.734 0.504 0.5246 0 0 0 
770000 3496 68.337 -469.459 0.469 0.4577 0 0 0 
780000 3664 59.635 -382.559 0.568 0.3997 0 0 0 
790000 3831 55.304 -305.238 0.468 0.3724 0 0 0 
800000 3964 65.496 -235.717 0.474 0.4412 0 0 0 
810000 4165 43.896 -143.978 0.484 0.2947 0 0 0 
820000 4324 64.064 -74.305 0.474 0.4252 0 0 0 
830000 4516 45.591 3.75 0.375 0.307 0 0 0 
840000 4731 43.834 129.377 0.607 0.2932 0 0 0 
850000 4958 44.396 237.065 0.366 0.2963 0 0 0 
860000 5165 46.413 318.729 0.363 0.3104 0 0 0 
870000 5351 55.792 425.491 0.534 0.3705 0 0 0 
880000 5517 51.018 507.881 0.395 0.3392 0 0 0 
890000 5697 55.405 580.188 0.361 0.3668 0 0 0 
900000 5896 46.214 665.564 0.451 0.3088 0 0 0 
910000 6043 71.388 750.928 0.548 0.483 0 0 0 
920000 6216 49.566 826.641 0.412 0.3361 0 0 0 
930000 6416 43.324 943.209 0.572 0.2956 0 0 0 
940000 6576 51.861 1019.451 0.529 0.3516 0 0 0 
950000 6762 56.422 1131.998 0.649 0.3808 0 0 0 
960000 6937 74.75 1203.357 0.344 0.4987 0 0 0 
970000 7132 53.226 1302.913 0.546 0.3571 0 0 0 
980000 7277 60.415 1388.002 0.554 0.3959 0 0 0 
990000 7454 54.828 1487.771 0.605 0.3671 0 0 0 
1000000 7620 57.476 1572.289 0.518 0.3872 0 0 0 
1010000 7812 46.607 1682.827 0.584 0.3164 0 0 0 
1020000 7998 51.534 1783.251 0.599 0.3449 0 0 0 
1030000 8159 53.811 1862.635 0.497 0.364 0 0 0 
1040000 8290 70.683 1928.467 0.57 0.4713 0 0 0 
1050000 8477 50.605 2032.209 0.586 0.3384 0 0 0 
1060000 8666 46.975 2157.737 0.651 0.3181 0 0 0 
1070000 8840 53.648 2277.909 0.691 0.3637 0 0 0 
1080000 9009 57.532 2361.189 0.495 0.3888 0 0 0 
1090000 9215 58.802 2479.838 0.576 0.3974 0 0 0 
1100000 9357 78.924 2573.945 0.696 0.5277 0 0 0 
1110000 9518 56.966 2671.063 0.638 0.3824 0 0 0 
1120000 9698 56.16 2777.536 0.468 0.3747 0 0 0 
1130000 9837 80.76 2856.544 0.552 0.5218 0 0 0 
1140000 10017 54.804 2965.033 0.524 0.3576 0 0 0 
1150000 10151 72.137 3051.242 0.64 0.4706 0 0 0 
1160000 10286 74.774 3122.153 0.539 0.492 0 0 0 
1170000 10379 88.995 3173.589 0.585 0.5887 0 0 0 
1180000 10495 83.425 3233.773 0.566 0.5517 0 0 0 
1190000 10651 68.964 3318.102 0.505 0.462 0 0 0 
1200000 10785 74.837 3386.361 0.494 0.5083 0 0 0 
1210000 10890 86.664 3443.2 0.57 0.5824 0 0 0 
1220000 11019 67.584 3530.115 0.706 0.4599 0 0 0 
1230000 11164 70.693 3607.257 0.482 0.4756 0 0 0 
1240000 11280 74.934 3669.614 0.485 0.4983 0 0 0 
1250000 11428 63.425 3759.903 0.593 0.4226 0 0 0 
1260000 11570 65.162 3840.149 0.466 0.4367 0 0 0 
1270000 11690 71.116 3922.397 0.625 0.4771 0 0 0 
1280000 11855 53.975 4021.999 0.529 0.3661 0 0 0 
1290000 12011 68.076 4112.559 0.562 0.456 0 0 0 
1300000 12136 89.509 4185.697 0.541 0.5938 0 0 0 
1310000 12285 69.402 4274.869 0.655 0.4616 0 0 0 
1320000 12443 58.833 4369.363 0.611 0.3938 0 0 0 
1330000 12578 68.261 4446.622 0.636 0.452 0 0 0 
1340000 12728 59.16 4531.178 0.526 0.3908 0 0 0 
1350000 12845 90.977 4598.734 0.58 0.5909 0 0 0 
1360000 13007 54.159 4686.811 0.556 0.363 0 0 0 
1370000 13151 70.84 4772.886 0.612 0.4728 0 0 0 
1380000 13253 99.203 4827.272 0.609 0.6541 0 0 0 
1390000 13384 79.0 4922.452 0.695 0.5312 0 0 0 
1400000 13501 86.278 4973.309 0.546 0.5781 0 0 0 
1410000 13646 56.737 5062.847 0.711 0.3914 0 0 0 
1420000 13780 76.844 5138.937 0.614 0.516 0 0 0 
1430000 13927 67.915 5244.431 0.659 0.4605 0 0 0 
1440000 14062 71.443 5335.568 0.66 0.4757 0 0 0 
1450000 14202 62.452 5418.562 0.505 0.409 0 0 0 
1460000 14360 50.159 5511.119 0.643 0.3328 0 0 0 
1470000 14496 69.19 5595.528 0.654 0.454 0 0 0 
1480000 14672 60.301 5704.044 0.577 0.3908 0 0 0 
1490000 14852 52.876 5814.805 0.558 0.345 0 0 0 
1500000 14990 79.329 5872.768 0.378 0.5127 0 0 0 
1510000 15099 80.182 5926.057 0.453 0.514 0 0 0 
1520000 15258 67.101 6005.979 0.491 0.4303 0 0 0 
1530000 15380 72.149 6048.829 0.344 0.4662 0 0 0 
1540000 15533 56.362 6128.405 0.512 0.3741 0 0 0 
1550000 15692 54.589 6232.341 0.665 0.3637 0 0 0 
1560000 15860 63.156 6318.949 0.647 0.4243 0 0 0 
1570000 15986 77.594 6405.51 0.694 0.5115 0 0 0 
1580000 16124 64.457 6492.91 0.688 0.4293 0 0 0 
1590000 16292 57.042 6585.691 0.592 0.3791 0 0 0 
1600000 16464 62.385 6694.498 0.595 0.4205 0 0 0 
1610000 16616 61.973 6780.978 0.567 0.4169 0 0 0 
1620000 16726 80.554 6853.313 0.679 0.535 0 0 0 
1630000 16852 93.458 6922.079 0.658 0.6165 0 0 0 
1640000 17003 83.198 7019.699 0.652 0.5489 0 0 0 
1650000 17146 70.309 7105.096 0.627 0.4714 0 0 0 
1660000 17300 69.783 7195.432 0.578 0.4694 0 0 0 
1670000 17418 68.653 7277.632 0.72 0.4634 0 0 0 
1680000 17582 59.526 7364.002 0.499 0.3989 0 0 0 
1690000 17734 74.221 7450.45 0.543 0.4957 0 0 0 
1700000 17904 56.124 7565.228 0.633 0.3769 0 0 0 
1710000 18075 57.067 7680.728 0.681 0.3812 0 0 0 
1720000 18229 64.802 7773.294 0.676 0.4347 0 0 0 
1730000 18400 53.965 7890.73 0.7 0.3628 0 0 0 
1740000 18544 65.384 7987.247 0.686 0.4284 0 0 0 
1750000 18691 56.061 8078.67 0.644 0.3692 0 0 0 
1760000 18823 86.407 8157.386 0.58 0.563 0 0 0 
1770000 18963 72.659 8221.667 0.568 0.4794 0 0 0 
1780000 19113 67.655 8330.142 0.754 0.443 0 0 0 
1790000 19265 68.206 8436.691 0.69 0.4569 0 0 0 
1800000 19427 54.717 8531.509 0.544 0.3695 0 0 0 
1810000 19558 76.347 8609.188 0.568 0.5109 0 0 0 
1820000 19641 103.466 8654.192 0.504 0.6916 0 0 0 
1830000 19792 66.279 8745.557 0.684 0.4467 0 0 0 
1840000 19930 79.93 8840.266 0.738 0.5394 0 0 0 
1850000 20098 62.542 8949.36 0.686 0.4265 0 0 0 
1860000 20227 71.022 9031.102 0.6 0.4802 0 0 0 
1870000 20370 71.233 9139.333 0.803 0.473 0 0 0 
1880000 20474 78.836 9209.807 0.683 0.5153 0 0 0 
1890000 20633 59.218 9309.434 0.605 0.391 0 0 0 
1900000 20774 58.875 9399.109 0.644 0.3848 0 0 0 
1910000 20890 91.993 9469.614 0.573 0.5979 0 0 0 
1920000 21024 86.627 9554.246 0.596 0.5689 0 0 0 
1930000 21155 71.69 9653.901 0.765 0.4767 0 0 0 
1940000 21293 70.276 9750.413 0.695 0.4586 0 0 0 
1950000 21437 79.219 9839.271 0.586 0.5105 0 0 0 
1960000 21570 67.32 9930.726 0.707 0.4387 0 0 0 
1970000 21714 69.783 10021.441 0.624 0.4549 0 0 0 
1980000 21867 49.377 10125.13 0.696 0.332 0 0 0 
1990000 22004 64.7 10202.646 0.6 0.4285 0 0 0 
2000000 22128 70.427 10269.397 0.415 0.4628 0 0 0 
2010000 22264 67.097 10366.722 0.713 0.4421 0 0 0 
2020000 22425 73.531 10468.939 0.629 0.4782 0 0 0 
2030000 22561 74.223 10549.215 0.611 0.485 0 0 0 
2040000 22690 63.121 10634.907 0.594 0.4199 0 0 0 
2050000 22814 88.161 10715.906 0.674 0.5711 0 0 0 
2060000 22943 81.575 10801.39 0.672 0.5279 0 0 0 
2070000 23054 105.453 10889.046 0.835 0.6821 0 0 0 
2080000 23150 91.548 10953.418 0.731 0.6074 0 0 0 
2090000 23284 65.415 11048.177 0.773 0.441 0 0 0 
2100000 23424 74.622 11153.358 0.682 0.4992 0 0 0 
2110000 23598 56.856 11280.154 0.765 0.3798 0 0 0 
2120000 23774 54.053 11408.891 0.684 0.3663 0 0 0 
2130000 23962 48.293 11537.729 0.66 0.3322 0 0 0 
2140000 24103 73.252 11651.509 0.779 0.4984 0 0 0 
2150000 24215 83.395 11721.916 0.705 0.5612 0 0 0 
2160000 24376 63.079 11831.519 0.71 0.4164 0 0 0 
2170000 24513 66.087 11921.033 0.763 0.441 0 0 0 
2180000 24717 44.441 12075.896 0.774 0.3052 0 0 0 
2190000 24893 52.635 12190.869 0.779 0.3624 0 0 0 
2200000 25027 68.839 12289.741 0.757 0.4658 0 0 0 
2210000 25191 51.24 12406.529 0.7 0.3472 0 0 0 
2220000 25397 56.217 12549.4 0.698 0.3774 0 0 0 
2230000 25567 53.915 12663.797 0.706 0.3634 0 0 0 
2240000 25736 71.221 12783.959 0.761 0.4766 0 0 0 
2250000 25875 77.388 12877.577 0.632 0.5058 0 0 0 
2260000 26038 65.108 12991.431 0.636 0.4253 0 0 0 
2270000 26146 85.248 13072.272 0.718 0.5521 0 0 0 
2280000 26291 73.283 13170.081 0.655 0.4844 0 0 0 
2290000 26462 48.251 13305.859 0.742 0.324 0 0 0 
2300000 26621 72.314 13431.489 0.769 0.4762 0 0 0 
2310000 26769 74.002 13526.219 0.625 0.4864 0 0 0 
2320000 26951 53.597 13639.199 0.622 0.3583 0 0 0 
2330000 27126 52.46 13752.905 0.546 0.3508 0 0 0 
2340000 27304 48.206 13863.66 0.723 0.3233 0 0 0 
2350000 27460 62.299 13968.684 0.677 0.4142 0 0 0 
2360000 27598 72.627 14055.441 0.684 0.4893 0 0 0 
2370000 27749 58.437 14157.313 0.687 0.396 0 0 0 
2380000 27893 61.157 14243.991 0.609 0.4115 0 0 0 
2390000 28046 65.334 14333.642 0.582 0.4398 0 0 0 
2400000 28209 57.963 14433.291 0.609 0.3947 0 0 0 
2410000 28361 79.189 14532.183 0.641 0.5368 0 0 0 
2420000 28524 63.251 14644.032 0.601 0.4305 0 0 0 
2430000 28664 77.204 14738.907 0.698 0.5272 0 0 0 
2440000 28810 70.613 14831.407 0.645 0.4847 0 0 0 
2450000 28926 86.468 14908.372 0.654 0.5904 0 0 0 
2460000 29090 60.649 15015.299 0.755 0.4162 0 0 0 
2470000 29226 73.954 15107.753 0.742 0.4982 0 0 0 
2480000 29361 80.279 15191.348 0.555 0.5424 0 0 0 
2490000 29511 63.467 15295.801 0.736 0.4326 0 0 0 
2500000 29653 67.43 15388.429 0.719 0.4594 0 0 0 
2510000 29800 62.152 15510.194 0.83 0.4246 0 0 0 
2520000 29904 80.212 15580.904 0.748 0.5443 0 0 0 
2530000 30044 83.322 15681.495 0.707 0.5903 0 0 0 
2540000 30166 88.2 15753.744 0.675 0.6007 0 0 0 
2550000 30345 63.1 15865.474 0.659 0.4338 0 0 0 
2560000 30547 42.36 15994.502 0.544 0.2927 0 0 0 
2570000 30713 67.262 16103.577 0.611 0.4489 0 0 0 
2580000 30847 77.754 16190.421 0.728 0.5226 0 0 0 
2590000 30978 69.11 16275.699 0.616 0.4675 0 0 0 
2600000 31124 65.871 16378.606 0.648 0.4441 0 0 0 
2610000 31276 68.159 16481.603 0.679 0.4628 0 0 0 
2620000 31436 64.762 16572.369 0.644 0.439 0 0 0 
2630000 31571 66.12 16660.305 0.659 0.4455 0 0 0 
2640000 31716 65.378 16762.072 0.669 0.4445 0 0 0 
2650000 31864 77.68 16860.514 0.667 0.527 0 0 0 
2660000 32023 55.497 16966.539 0.622 0.3787 0 0 0 
2670000 32181 56.601 17081.75 0.786 0.3869 0 0 0 
2680000 32352 66.196 17197.635 0.624 0.4405 0 0 0 
2690000 32481 83.831 17283.419 0.682 0.5552 0 0 0 
2700000 32612 74.537 17383.888 0.798 0.4916 0 0 0 
2710000 32769 65.722 17501.983 0.723 0.4481 0 0 0 
2720000 32925 63.877 17621.068 0.74 0.4368 0 0 0 
2730000 33044 82.949 17699.052 0.682 0.5698 0 0 0 
2740000 33168 68.57 17793.946 0.683 0.4708 0 0 0 
2750000 33309 86.151 17889.782 0.732 0.5784 0 0 0 
2760000 33458 60.947 17983.535 0.665 0.4115 0 0 0 
2770000 33563 109.785 18062.805 0.732 0.7335 0 0 0 
2780000 33733 71.398 18161.977 0.576 0.4784 0 0 0 
2790000 33874 59.75 18273.836 0.845 0.405 0 0 0 
2800000 34000 60.937 18360.486 0.76 0.4134 0 0 0 
2810000 34141 63.541 18458.318 0.724 0.4254 0 0 0 
2820000 34285 55.442 18567.635 0.704 0.3728 0 0 0 
2830000 34469 67.17 18680.236 0.507 0.4513 0 0 0 
2840000 34636 65.573 18800.1 0.613 0.4376 0 0 0 
2850000 34784 85.722 18894.742 0.651 0.5649 0 0 0 
2860000 34942 61.882 19003.785 0.763 0.4174 0 0 0 
2870000 35065 66.636 19095.775 0.815 0.4504 0 0 0 
2880000 35222 65.924 19191.579 0.635 0.4424 0 0 0 
2890000 35384 58.728 19290.25 0.552 0.3966 0 0 0 
2900000 35504 77.35 19370.924 0.635 0.5168 0 0 0 
2910000 35682 67.36 19491.846 0.641 0.4458 0 0 0 
2920000 35849 72.467 19599.94 0.753 0.468 0 0 0 
2930000 35988 58.447 19689.463 0.725 0.3802 0 0 0 
2940000 36128 78.261 19782.18 0.591 0.5032 0 0 0 
2950000 36312 63.768 19901.105 0.705 0.4277 0 0 0 
2960000 36440 78.419 19993.861 0.723 0.5288 0 0 0 
2970000 36609 54.491 20107.774 0.58 0.3681 0 0 0 
2980000 36749 65.31 20202.755 0.623 0.4324 0 0 0 
2990000 36907 64.31 20305.406 0.624 0.4271 0 0 0 
3000000 37044 73.154 20419.54 0.797 0.4945 0 0 0 
3010000 37190 81.135 20516.338 0.582 0.5291 0 0 0 
3020000 37373 47.09 20644.251 0.747 0.3115 0 0 0 
3030000 37521 57.964 20730.816 0.591 0.3796 0 0 0 
3040000 37653 64.544 20815.639 0.665 0.4203 0 0 0 
3050000 37769 77.757 20898.299 0.67 0.5029 0 0 0 
3060000 37929 55.821 21005.471 0.741 0.3652 0 0 0 
3070000 38078 67.121 21111.604 0.729 0.4379 0 0 0 
3080000 38260 49.857 21250.468 0.801 0.3276 0 0 0 
3090000 38381 90.757 21340.539 0.791 0.5845 0 0 0 
3100000 38528 61.934 21428.638 0.65 0.4058 0 0 0 
3110000 38709 57.01 21560.439 0.728 0.3901 0 0 0 
3120000 38848 68.565 21642.231 0.58 0.4669 0 0 0 
3130000 39055 51.378 21808.229 0.795 0.3552 0 0 0 
3140000 39180 76.029 21899.948 0.75 0.5175 0 0 0 
3150000 39319 63.309 21987.411 0.655 0.4233 0 0 0 
3160000 39439 80.557 22056.053 0.58 0.532 0 0 0 
3170000 39607 63.975 22153.185 0.595 0.4281 0 0 0 
3180000 39763 63.95 22262.064 0.712 0.4376 0 0 0 
3190000 39948 59.22 22379.872 0.612 0.3944 0 0 0 
3200000 40089 63.749 22476.036 0.649 0.4189 0 0 0 
3210000 40246 63.388 22587.581 0.766 0.4156 0 0 0 
3220000 40404 63.857 22678.444 0.608 0.4234 0 0 0 
3230000 40555 60.176 22780.79 0.817 0.3994 0 0 0 
3240000 40746 51.812 22914.878 0.676 0.3477 0 0 0 
3250000 40886 83.76 22995.454 0.536 0.5554 0 0 0 
3260000 41058 54.921 23124.377 0.764 0.3672 0 0 0 
3270000 41222 67.34 23251.331 0.779 0.4448 0 0 0 
3280000 41327 96.392 23325.335 0.704 0.6285 0 0 0 
3290000 41471 69.615 23419.915 0.626 0.4598 0 0 0 
3300000 41626 57.375 23509.82 0.616 0.3815 0 0 0 
3310000 41753 66.001 23609.362 0.715 0.4333 0 0 0 
3320000 41909 64.454 23706.205 0.613 0.4273 0 0 0 
3330000 42059 69.22 23814.967 0.726 0.4558 0 0 0 
3340000 42238 54.626 23929.059 0.623 0.3634 0 0 0 
3350000 42406 73.875 24040.131 0.652 0.4943 0 0 0 
3360000 42549 82.947 24155.965 0.864 0.5456 0 0 0 
3370000 42695 77.863 24262.967 0.773 0.5051 0 0 0 
3380000 42831 73.243 24351.721 0.675 0.4764 0 0 0 
3390000 42935 89.408 24420.38 0.718 0.5931 0 0 0 
3400000 43051 79.558 24505.092 0.736 0.5338 0 0 0 
3410000 43130 113.595 24556.599 0.731 0.7571 0 0 0 
3420000 43234 97.576 24637.743 0.794 0.651 0 0 0 
3430000 43398 51.184 24756.643 0.672 0.3452 0 0 0 
3440000 43538 76.082 24853.416 0.625 0.5045 0 0 0 
3450000 43718 60.51 24986.323 0.756 0.3992 0 0 0 
3460000 43855 78.646 25092.136 0.706 0.5102 0 0 0 
3470000 44042 48.077 25230.056 0.716 0.3181 0 0 0 
3480000 44220 54.226 25370.906 0.767 0.3549 0 0 0 
3490000 44408 50.417 25501.726 0.749 0.3314 0 0 0 
3500000 44528 80.691 25588.019 0.731 0.5239 0 0 0 
3510000 44676 61.907 25692.647 0.691 0.4066 0 0 0 
3520000 44800 94.326 25772.917 0.696 0.6133 0 0 0 
3530000 44910 83.912 25841.594 0.603 0.5411 0 0 0 
3540000 45027 79.139 25921.551 0.688 0.5156 0 0 0 
3550000 45147 78.735 25998.087 0.683 0.5113 0 0 0 
3560000 45267 69.328 26068.73 0.58 0.4534 0 0 0 
3570000 45372 88.268 26126.499 0.471 0.5765 0 0 0 
3580000 45519 63.638 26214.299 0.702 0.4198 0 0 0 
3590000 45692 53.297 26342.22 0.622 0.3546 0 0 0 
3600000 45808 85.847 26428.818 0.729 0.5681 0 0 0 
3610000 45975 65.161 26528.842 0.603 0.4339 0 0 0 
3620000 46104 70.52 26616.828 0.674 0.4694 0 0 0 
3630000 46245 80.68 26702.589 0.527 0.5396 0 0 0 
3640000 46358 81.648 26778.353 0.688 0.5432 0 0 0 
3650000 46471 95.474 26847.727 0.623 0.6327 0 0 0 
3660000 46613 73.919 26956.752 0.766 0.4879 0 0 0 
3670000 46743 66.154 27041.924 0.648 0.4508 0 0 0 
3680000 46852 93.1 27121.661 0.694 0.6225 0 0 0 
3690000 46972 84.635 27196.775 0.602 0.5631 0 0 0 
3700000 47103 72.157 27284.47 0.64 0.4808 0 0 0 
3710000 47210 121.121 27358.117 0.637 0.7916 0 0 0 
3720000 47309 111.362 27422.512 0.651 0.7247 0 0 0 
3730000 47447 59.324 27521.888 0.68 0.389 0 0 0 
3740000 47608 76.253 27623.998 0.707 0.49 0 0 0 
3750000 47787 53.798 27757.754 0.691 0.3547 0 0 0 
3760000 47931 63.805 27860.398 0.714 0.4156 0 0 0 
3770000 48073 70.254 27954.98 0.652 0.4666 0 0 0 
3780000 48222 61.858 28064.713 0.688 0.4233 0 0 0 
3790000 48348 84.022 28167.156 0.78 0.574 0 0 0 
3800000 48483 65.967 28250.699 0.637 0.4587 0 0 0 
3810000 48632 58.988 28344.157 0.625 0.4106 0 0 0 
3820000 48783 60.637 28436.386 0.668 0.41 0 0 0 
3830000 48938 59.212 28548.437 0.64 0.4037 0 0 0 
3840000 49082 74.73 28664.937 0.819 0.5143 0 0 0 
3850000 49271 56.238 28800.89 0.758 0.3849 0 0 0 
3860000 49408 65.092 28893.01 0.744 0.4359 0 0 0 
3870000 49544 67.001 28987.665 0.807 0.4497 0 0 0 
3880000 49712 58.232 29100.491 0.708 0.3933 0 0 0 
3890000 49847 75.354 29204.49 0.75 0.5052 0 0 0 
3900000 49976 69.183 29280.523 0.623 0.469 0 0 0 
3910000 50106 73.598 29373.307 0.79 0.4919 0 0 0 
3920000 50264 56.961 29470.205 0.662 0.3862 0 0 0 
3930000 50419 63.217 29565.663 0.622 0.4193 0 0 0 
3940000 50583 60.075 29682.752 0.674 0.4009 0 0 0 
3950000 50735 83.001 29791.208 0.777 0.5497 0 0 0 
3960000 50897 52.336 29906.369 0.726 0.3489 0 0 0 
3970000 51061 55.13 30019.156 0.801 0.3606 0 0 0 
3980000 51189 86.449 30102.118 0.645 0.5551 0 0 0 
3990000 51339 78.28 30202.603 0.632 0.5101 0 0 0 
4000000 51515 61.065 30333.641 0.872 0.4047 0 0 0 
