10000 10 182.927 -9221.453 -168.775 0.1848 0 0 0 
20000 20 332.392 -18841.84 -313.819 0.3367 0 0 0 
30000 30 454.516 -32406.193 -505.115 0.8242 0 0 0 
40000 40 554.3 -45491.343 -652.087 1.2371 0 0 0 
50000 50 635.83 -58972.569 -779.308 1.5583 0 0 0 
60000 60 702.447 -67709.829 -796.388 1.8267 0 0 0 
70000 70 756.877 -75405.264 -790.749 2.038 0 0 0 
80000 80 801.351 -82465.894 -773.82 2.215 0 0 0 
90000 90 837.689 -86510.32 -705.818 2.3591 0 0 0 
100000 100 867.38 -87707.534 -595.083 2.4741 0 0 0 
110000 110 891.64 -89728.434 -522.372 2.5699 0 0 0 
120000 120 911.462 -89274.519 -418.722 2.6548 0 0 0 
130000 130 927.658 -88418.529 -325.259 2.7167 0 0 0 
140000 140 940.891 -86559.049 -230.294 2.7703 0 0 0 
150000 150 951.704 -83563.343 -133.4 2.818 0 0 0 
160000 160 960.539 -80048.48 -44.416 2.8451 0 0 0 
170000 170 967.757 -76414.884 29.773 2.8698 0 0 0 
180000 180 973.655 -72663.608 92.728 2.8927 0 0 0 
190000 190 978.474 -69476.706 134.149 2.9154 0 0 0 
200000 200 982.412 -66967.941 153.63 2.9316 0 0 0 
210000 210 985.629 -62008.648 216.348 2.941 0 0 0 
220000 220 988.258 -56941.977 269.3 2.9634 0 0 0 
230000 230 990.406 -52667.391 297.667 2.9693 0 0 0 
240000 240 992.161 -48997.007 310.225 2.9791 0 0 0 
250000 250 993.595 -44255.227 340.278 2.9848 0 0 0 
260000 260 994.767 -40483.211 345.952 2.9976 0 0 0 
270000 270 995.724 -35465.769 374.557 2.9998 0 0 0 
280000 280 996.506 -30756.729 392.054 2.9982 0 0 0 
290000 290 997.145 -25875.546 409.174 2.9957 0 0 0 
300000 300 997.667 -22027.732 405.149 2.9947 0 0 0 
310000 310 998.094 -17073.324 421.474 2.9979 0 0 0 
320000 320 998.443 -11933.85 438.706 3.0004 0 0 0 
330000 330 998.728 -6570.9 456.568 3.0072 0 0 0 
340000 340 998.96 -448.218 485.106 3.0064 0 0 0 
350000 350 999.151 5314.297 501.715 3.0134 0 0 0 
360000 360 999.306 11240.817 518.487 3.0091 0 0 0 
370000 370 999.433 17550.437 539.187 3.0071 0 0 0 
380000 380 999.537 23851.878 555.999 3.0109 0 0 0 
390000 390 999.621 31296.993 590.719 3.0128 0 0 0 
400000 400 999.691 37834.303 602.045 3.0126 0 0 0 
410000 410 999.747 44109.744 606.571 3.0228 0 0 0 
420000 420 999.793 50101.57 605.561 3.0356 0 0 0 
430000 430 999.831 56546.965 612.793 3.038 0 0 0 
440000 440 999.862 63704.375 631.528 3.0488 0 0 0 
450000 450 999.887 70502.988 640.167 3.0522 0 0 0 
460000 460 999.908 77370.391 648.701 3.0566 0 0 0 
470000 470 999.925 84854.237 667.076 3.0559 0 0 0 
480000 480 999.939 92214.226 679.705 3.0619 0 0 0 
490000 490 999.95 100050.866 698.856 3.059 0 0 0 
500000 500 999.959 107775.344 712.073 3.0547 0 0 0 
510000 510 999.966 116269.873 737.927 3.035 0 0 0 
520000 520 999.973 125398.296 769.242 3.0244 0 0 0 
530000 530 999.978 133960.412 785.623 3.0262 0 0 0 
540000 540 999.982 143291.35 812.802 3.0237 0 0 0 
550000 550 999.985 152122.451 825.469 3.0145 0 0 0 
560000 560 999.988 160328.963 824.354 3.0156 0 0 0 
570000 570 999.99 169045.621 833.426 3.0205 0 0 0 
580000 580 999.992 177271.318 831.456 3.0111 0 0 0 
590000 590 999.993 186158.636 842.425 3.0077 0 0 0 
600000 600 999.995 194660.609 843.306 3.0086 0 0 0 
610000 610 999.996 201462.345 813.602 3.0127 0 0 0 
620000 620 999.996 210163.739 823.811 3.0073 0 0 0 
630000 630 999.997 219910.454 850.464 3.0046 0 0 0 
640000 640 999.998 227916.534 840.622 3.007 0 0 0 
650000 650 999.998 237677.807 866.218 3.0057 0 0 0 
660000 660 999.998 245586.813 853.912 3.0066 0 0 0 
670000 670 999.999 255726.045 883.126 3.0072 0 0 0 
680000 680 999.999 266602.362 919.325 3.0055 0 0 0 
690000 690 999.999 278374.265 966.867 3.0081 0 0 0 
700000 700 999.999 289236.641 988.363 3.0109 0 0 0 
710000 710 999.999 300374.711 1011.255 3.0043 0 0 0 
720000 720 1000.0 311621.336 1031.981 3.0015 0 0 0 
730000 730 1000.0 320500.463 1005.009 3.0057 0 0 0 
740000 740 1000.0 329055.655 977.34 3.0085 0 0 0 
750000 750 1000.0 338137.79 966.11 2.9957 0 0 0 
760000 760 1000.0 349375.386 994.834 3.0033 0 0 0 
770000 770 1000.0 361027.618 1025.919 2.9996 0 0 0 
780000 780 1000.0 372571.404 1049.008 2.9966 0 0 0 
790000 790 1000.0 384024.999 1067.561 2.9989 0 0 0 
800000 800 1000.0 396278.581 1096.292 3.0013 0 0 0 
810000 810 1000.0 408472.939 1119.043 3.0028 0 0 0 
820000 820 1000.0 420886.973 1141.125 3.0094 0 0 0 
830000 830 1000.0 433359.462 1160.993 3.0265 0 0 0 
840000 840 1000.0 445783.538 1176.304 3.0388 0 0 0 
850000 850 1000.0 457966.718 1183.474 3.0426 0 0 0 
860000 860 1000.0 470706.432 1199.745 3.0454 0 0 0 
870000 870 1000.0 481909.969 1186.523 3.0463 0 0 0 
880000 880 1000.0 493128.358 1174.313 3.0439 0 0 0 
890000 890 1000.0 504185.458 1162.721 3.0399 0 0 0 
900000 900 1000.0 515828.53 1162.563 3.0419 0 0 0 
910000 910 1000.0 527180.665 1157.526 3.0405 0 0 0 
920000 920 1000.0 537493.725 1132.476 3.0328 0 0 0 
930000 930 1000.0 547915.252 1114.594 3.0267 0 0 0 
940000 940 1000.0 559461.65 1121.816 3.0185 0 0 0 
950000 950 1000.0 570578.765 1120.336 3.0179 0 0 0 
960000 960 1000.0 583826.241 1157.843 3.0001 0 0 0 
970000 970 1000.0 597299.989 1192.887 2.9967 0 0 0 
980000 980 1000.0 610457.695 1216.507 3.0001 0 0 0 
990000 990 1000.0 623770.281 1237.366 2.9879 0 0 0 
1000000 1000 1000.0 637225.218 1258.103 2.9797 0 0 0 
1010000 1010 1000.0 649149.568 1245.683 2.9827 0 0 0 
1020000 1020 1000.0 661354.933 1241.392 2.9806 0 0 0 
1030000 1030 1000.0 673252.933 1232.533 2.9767 0 0 0 
1040000 1040 1000.0 685470.445 1232.768 2.974 0 0 0 
1050000 1050 1000.0 698719.849 1249.27 2.9769 0 0 0 
1060000 1060 1000.0 712459.14 1272.047 2.9793 0 0 0 
1070000 1070 1000.0 725910.353 1285.483 2.9791 0 0 0 
1080000 1080 1000.0 738884.345 1287.963 2.9705 0 0 0 
1090000 1090 1000.0 752602.09 1303.974 2.9667 0 0 0 
1100000 1100 1000.0 766055.222 1311.312 2.9689 0 0 0 
1110000 1110 1000.0 779979.168 1326.279 2.9693 0 0 0 
1120000 1120 1000.0 792941.588 1321.108 2.9678 0 0 0 
1130000 1130 1000.0 805839.839 1314.894 2.972 0 0 0 
1140000 1140 1000.0 819028.074 1315.753 2.9726 0 0 0 
1150000 1150 1000.0 831578.53 1304.302 2.9699 0 0 0 
1160000 1160 1000.0 844835.087 1308.055 2.9687 0 0 0 
1170000 1170 1000.0 858432.271 1317.91 2.9718 0 0 0 
1180000 1180 1000.0 871593.152 1317.905 2.9721 0 0 0 
1190000 1190 1000.0 884837.931 1319.774 2.9748 0 0 0 
1200000 1200 1000.0 897968.248 1317.946 2.974 0 0 0 
1210000 1210 1000.0 907869.703 1257.151 2.9754 0 0 0 
1220000 1220 1000.0 920356.834 1255.501 2.9776 0 0 0 
1230000 1230 1000.0 932433.975 1247.841 2.974 0 0 0 
1240000 1240 1000.0 945409.754 1257.644 2.9757 0 0 0 
1250000 1250 1000.0 958212.196 1261.696 2.9715 0 0 0 
1260000 1260 1000.0 970024.4 1246.761 2.9711 0 0 0 
1270000 1270 1000.0 981646.755 1231.263 2.9774 0 0 0 
1280000 1280 1000.0 992502.993 1205.518 2.9852 0 0 0 
1290000 1290 1000.0 1005722.18 1227.749 2.9823 0 0 0 
1300000 1300 1000.0 1018907.737 1243.859 2.9752 0 0 0 
1310000 1310 1000.0 1031608.596 1248.533 2.9825 0 0 0 
1320000 1320 1000.0 1044602.407 1258.511 2.9839 0 0 0 
1330000 1330 1000.0 1056203.177 1240.473 2.985 0 0 0 
1340000 1340 1000.0 1069100.075 1249.908 2.9862 0 0 0 
1350000 1350 1000.0 1082905.082 1274.144 2.9841 0 0 0 
1360000 1360 1000.0 1096980.648 1298.67 2.9803 0 0 0 
1370000 1370 1000.0 1111525.424 1327.171 2.9802 0 0 0 
1380000 1380 1000.0 1125370.542 1337.164 2.9863 0 0 0 
1390000 1390 1000.0 1138689.946 1336.198 2.9962 0 0 0 
1400000 1400 1000.0 1152504.29 1344.891 2.9982 0 0 0 
1410000 1410 1000.0 1165889.918 1343.738 2.9949 0 0 0 
1420000 1420 1000.0 1178738.197 1333.141 2.9901 0 0 0 
1430000 1430 1000.0 1192510.174 1341.449 2.9963 0 0 0 
1440000 1440 1000.0 1206076.116 1345.0 2.9947 0 0 0 
1450000 1450 1000.0 1220288.648 1359.262 2.9967 0 0 0 
1460000 1460 1000.0 1233738.947 1356.514 3.0057 0 0 0 
1470000 1470 1000.0 1246067.012 1333.364 3.0023 0 0 0 
1480000 1480 1000.0 1253469.452 1227.862 2.9988 0 0 0 
1490000 1490 1000.0 1259464.756 1115.712 3.0017 0 0 0 
1500000 1500 1000.0 1268337.537 1075.838 3.0141 0 0 0 
1510000 1510 1000.0 1278559.094 1067.642 3.0132 0 0 0 
1520000 1520 1000.0 1291502.631 1108.422 3.0094 0 0 0 
1530000 1530 1000.0 1304818.399 1149.707 3.0113 0 0 0 
1540000 1540 1000.0 1318404.439 1187.121 3.0087 0 0 0 
1550000 1550 1000.0 1332028.857 1219.964 3.004 0 0 0 
1560000 1560 1000.0 1345155.877 1235.147 3.0063 0 0 0 
1570000 1570 1000.0 1358758.72 1257.189 3.0085 0 0 0 
1580000 1580 1000.0 1370658.094 1244.533 2.9982 0 0 0 
1590000 1590 1000.0 1383693.28 1255.479 2.9975 0 0 0 
1600000 1600 1000.0 1397123.854 1271.224 2.9995 0 0 0 
1610000 1610 1000.0 1409079.696 1255.933 3.0076 0 0 0 
1620000 1620 1000.0 1421014.432 1244.837 3.0144 0 0 0 
1630000 1630 1000.0 1431157.133 1201.456 3.0124 0 0 0 
1640000 1640 1000.0 1444455.959 1225.885 3.0101 0 0 0 
1650000 1650 1000.0 1457412.545 1238.274 3.0091 0 0 0 
1660000 1660 1000.0 1469577.288 1234.59 3.009 0 0 0 
1670000 1670 1000.0 1482195.885 1239.752 3.0002 0 0 0 
1680000 1680 1000.0 1494458.755 1237.348 2.998 0 0 0 
1690000 1690 1000.0 1507551.79 1250.775 2.9901 0 0 0 
1700000 1700 1000.0 1520295.082 1255.876 2.993 0 0 0 
1710000 1710 1000.0 1534145.212 1279.359 2.9955 0 0 0 
1720000 1720 1000.0 1548359.549 1305.052 2.9908 0 0 0 
1730000 1730 1000.0 1561746.781 1311.368 2.9912 0 0 0 
1740000 1740 1000.0 1575687.77 1326.681 2.9829 0 0 0 
1750000 1750 1000.0 1589036.909 1328.449 2.9793 0 0 0 
1760000 1760 1000.0 1602934.987 1340.112 2.9749 0 0 0 
1770000 1770 1000.0 1616857.829 1349.328 2.9782 0 0 0 
1780000 1780 1000.0 1630003.473 1342.489 2.9824 0 0 0 
1790000 1790 1000.0 1642548.717 1326.649 2.9867 0 0 0 
1800000 1800 1000.0 1656309.598 1335.748 2.9887 0 0 0 
1810000 1810 1000.0 1669274.646 1329.042 2.9861 0 0 0 
1820000 1820 1000.0 1682603.017 1329.649 2.9865 0 0 0 
1830000 1830 1000.0 1695815.621 1329.225 2.9868 0 0 0 
1840000 1840 1000.0 1708962.41 1326.237 2.9856 0 0 0 
1850000 1850 1000.0 1721057.208 1304.106 2.9823 0 0 0 
1860000 1860 1000.0 1735021.453 1321.68 2.9834 0 0 0 
1870000 1870 1000.0 1749331.259 1341.811 2.9746 0 0 0 
1880000 1880 1000.0 1763517.589 1355.705 2.9684 0 0 0 
1890000 1890 1000.0 1777229.228 1359.259 2.9721 0 0 0 
1900000 1900 1000.0 1791363.92 1369.205 2.9742 0 0 0 
1910000 1910 1000.0 1805710.874 1381.063 2.9777 0 0 0 
1920000 1920 1000.0 1820216.91 1392.895 2.9754 0 0 0 
1930000 1930 1000.0 1834870.576 1405.869 2.9716 0 0 0 
1940000 1940 1000.0 1846591.503 1364.094 2.9828 0 0 0 
1950000 1950 1000.0 1859932.067 1358.187 2.9902 0 0 0 
1960000 1960 1000.0 1874006.486 1368.389 2.9872 0 0 0 
1970000 1970 1000.0 1888428.311 1382.122 2.9884 0 0 0 
1980000 1980 1000.0 1902246.491 1382.994 2.9877 0 0 0 
1990000 1990 1000.0 1916635.806 1392.845 2.9816 0 0 0 
2000000 2000 1000.0 1930618.008 1393.872 2.977 0 0 0 
2010000 2010 1000.0 1943538.673 1374.653 2.9775 0 0 0 
2020000 2020 1000.0 1956066.375 1352.359 2.9763 0 0 0 
2030000 2030 1000.0 1966869.58 1302.191 2.9771 0 0 0 
2040000 2040 1000.0 1980436.702 1311.873 2.9795 0 0 0 
2050000 2050 1000.0 1994726.878 1333.278 2.974 0 0 0 
2060000 2060 1000.0 2008319.747 1338.427 2.9762 0 0 0 
2070000 2070 1000.0 2021739.765 1339.277 2.9755 0 0 0 
2080000 2080 1000.0 2034773.121 1332.902 2.975 0 0 0 
2090000 2090 1000.0 2048680.053 1342.987 2.9721 0 0 0 
2100000 2100 1000.0 2060723.026 1319.097 2.9693 0 0 0 
2110000 2110 1000.0 2073991.999 1320.392 2.9673 0 0 0 
2120000 2120 1000.0 2088094.72 1337.46 2.9788 0 0 0 
2130000 2130 1000.0 2103844.938 1380.49 2.9743 0 0 0 
2140000 2140 1000.0 2119181.956 1408.634 2.9785 0 0 0 
2150000 2150 1000.0 2134667.551 1434.182 2.9725 0 0 0 
2160000 2160 1000.0 2149921.822 1451.064 2.9632 0 0 0 
2170000 2170 1000.0 2164358.58 1449.156 2.9653 0 0 0 
2180000 2180 1000.0 2178776.219 1447.891 2.9614 0 0 0 
2190000 2190 1000.0 2193136.938 1445.959 2.9622 0 0 0 
2200000 2200 1000.0 2206676.698 1429.081 2.9645 0 0 0 
2210000 2210 1000.0 2221171.806 1432.633 2.9617 0 0 0 
2220000 2220 1000.0 2235565.164 1434.112 2.9664 0 0 0 
2230000 2230 1000.0 2250793.55 1450.488 2.9743 0 0 0 
2240000 2240 1000.0 2265293.692 1450.897 2.977 0 0 0 
2250000 2250 1000.0 2278402.619 1424.674 2.9733 0 0 0 
2260000 2260 1000.0 2292921.503 1429.824 2.9766 0 0 0 
2270000 2270 1000.0 2307174.781 1428.587 2.9787 0 0 0 
2280000 2280 1000.0 2321823.648 1434.464 2.972 0 0 0 
2290000 2290 1000.0 2336411.74 1438.679 2.969 0 0 0 
2300000 2300 1000.0 2350263.304 1429.504 2.973 0 0 0 
2310000 2310 1000.0 2363458.172 1409.068 2.9718 0 0 0 
2320000 2320 1000.0 2378185.512 1420.358 2.975 0 0 0 
2330000 2330 1000.0 2392837.86 1428.719 2.9812 0 0 0 
2340000 2340 1000.0 2407308.225 1432.071 2.9834 0 0 0 
2350000 2350 1000.0 2421420.195 1429.068 2.9817 0 0 0 
2360000 2360 1000.0 2436295.627 1440.379 2.9824 0 0 0 
2370000 2370 1000.0 2451375.248 1452.452 2.986 0 0 0 
2380000 2380 1000.0 2466793.073 1468.696 2.9854 0 0 0 
2390000 2390 1000.0 2481859.627 1475.716 2.9879 0 0 0 
2400000 2400 1000.0 2497248.763 1487.69 2.9828 0 0 0 
2410000 2410 1000.0 2512351.309 1491.679 2.986 0 0 0 
2420000 2420 1000.0 2527505.969 1495.852 2.9864 0 0 0 
2430000 2430 1000.0 2542495.508 1496.643 2.9944 0 0 0 
2440000 2440 1000.0 2557332.514 1494.404 2.992 0 0 0 
2450000 2450 1000.0 2572158.172 1492.403 2.9913 0 0 0 
2460000 2460 1000.0 2587228.47 1495.303 2.9884 0 0 0 
2470000 2470 1000.0 2602281.98 1496.456 2.9838 0 0 0 
2480000 2480 1000.0 2616085.914 1474.974 2.9821 0 0 0 
2490000 2490 1000.0 2631079.276 1480.764 2.9787 0 0 0 
2500000 2500 1000.0 2647119.798 1503.086 2.986 0 0 0 
2510000 2510 1000.0 2660699.511 1476.998 2.9771 0 0 0 
2520000 2520 1000.0 2675332.063 1474.865 2.9738 0 0 0 
2530000 2530 1000.0 2690838.319 1488.835 2.9757 0 0 0 
2540000 2540 1000.0 2705964.667 1493.295 2.9763 0 0 0 
2550000 2550 1000.0 2720522.353 1485.942 2.9802 0 0 0 
2560000 2560 1000.0 2734027.274 1458.989 2.9803 0 0 0 
2570000 2570 1000.0 2749815.306 1481.375 2.9769 0 0 0 
2580000 2580 1000.0 2765488.683 1497.921 2.9789 0 0 0 
2590000 2590 1000.0 2781311.411 1513.168 2.9825 0 0 0 
2600000 2600 1000.0 2797135.342 1525.439 2.9815 0 0 0 
2610000 2610 1000.0 2812790.053 1532.767 2.9772 0 0 0 
2620000 2620 1000.0 2829011.694 1548.68 2.9691 0 0 0 
2630000 2630 1000.0 2844594.38 1550.11 2.9714 0 0 0 
2640000 2640 1000.0 2859832.885 1545.611 2.9733 0 0 0 
2650000 2650 1000.0 2875525.505 1550.73 2.9715 0 0 0 
2660000 2660 1000.0 2891376.017 1556.943 2.9779 0 0 0 
2670000 2670 1000.0 2906370.266 1546.614 2.9661 0 0 0 
2680000 2680 1000.0 2920398.708 1521.848 2.971 0 0 0 
2690000 2690 1000.0 2934761.994 1505.788 2.9717 0 0 0 
2700000 2700 1000.0 2949210.829 1494.773 2.9688 0 0 0 
2710000 2710 1000.0 2964054.003 1491.966 2.9678 0 0 0 
2720000 2720 1000.0 2978576.508 1485.15 2.9686 0 0 0 
2730000 2730 1000.0 2994566.167 1505.511 2.9686 0 0 0 
2740000 2740 1000.0 3010586.686 1522.984 2.9721 0 0 0 
2750000 2750 1000.0 3026369.847 1533.342 2.9745 0 0 0 
2760000 2760 1000.0 3041593.594 1531.152 2.9705 0 0 0 
2770000 2770 1000.0 3057843.204 1548.613 2.9763 0 0 0 
2780000 2780 1000.0 3073742.436 1556.855 2.9754 0 0 0 
2790000 2790 1000.0 3088731.419 1546.376 2.9718 0 0 0 
2800000 2800 1000.0 3104009.825 1542.868 2.9777 0 0 0 
2810000 2810 1000.0 3118668.925 1528.037 2.9699 0 0 0 
2820000 2820 1000.0 3132789.758 1507.002 2.9726 0 0 0 
2830000 2830 1000.0 3147720.835 1504.87 2.9758 0 0 0 
2840000 2840 1000.0 3163528.029 1518.653 2.9771 0 0 0 
2850000 2850 1000.0 3177886.499 1503.318 2.9818 0 0 0 
2860000 2860 1000.0 3192749.937 1500.873 2.984 0 0 0 
2870000 2870 1000.0 3207015.798 1486.479 2.9776 0 0 0 
2880000 2880 1000.0 3221887.556 1486.446 2.9737 0 0 0 
2890000 2890 1000.0 3236884.884 1488.775 2.9679 0 0 0 
2900000 2900 1000.0 3251332.118 1479.003 2.9685 0 0 0 
2910000 2910 1000.0 3265977.159 1476.021 2.9839 0 0 0 
2920000 2920 1000.0 3280727.11 1476.279 2.9792 0 0 0 
2930000 2930 1000.0 3294814.54 1464.251 2.9773 0 0 0 
2940000 2940 1000.0 3309486.269 1464.89 2.9767 0 0 0 
2950000 2950 1000.0 3322655.033 1436.821 2.9798 0 0 0 
2960000 2960 1000.0 3337605.484 1448.362 2.9744 0 0 0 
2970000 2970 1000.0 3353362.201 1471.366 2.9704 0 0 0 
2980000 2980 1000.0 3369307.674 1493.851 2.9723 0 0 0 
2990000 2990 1000.0 3382591.835 1462.927 2.9728 0 0 0 
3000000 3000 1000.0 3397421.655 1467.111 2.9744 0 0 0 
3010000 3010 1000.0 3413303.653 1489.221 2.9761 0 0 0 
3020000 3020 1000.0 3429120.113 1506.054 2.9817 0 0 0 
3030000 3030 1000.0 3445374.531 1528.296 2.9784 0 0 0 
3040000 3040 1000.0 3460508.411 1525.41 2.9683 0 0 0 
3050000 3050 1000.0 3476393.999 1536.783 2.9692 0 0 0 
3060000 3060 1000.0 3491372.877 1530.391 2.9722 0 0 0 
3070000 3070 1000.0 3507011.461 1537.09 2.9721 0 0 0 
3080000 3080 1000.0 3522499.707 1539.89 2.969 0 0 0 
3090000 3090 1000.0 3538666.14 1553.543 2.973 0 0 0 
3100000 3100 1000.0 3554433.169 1558.091 2.974 0 0 0 
3110000 3110 1000.0 3569739.723 1553.717 2.9734 0 0 0 
3120000 3120 1000.0 3583528.576 1520.076 2.9796 0 0 0 
3130000 3130 1000.0 3598639.656 1518.161 2.9818 0 0 0 
3140000 3140 1000.0 3613544.645 1512.169 2.9832 0 0 0 
3150000 3150 1000.0 3627401.65 1490.558 2.9836 0 0 0 
3160000 3160 1000.0 3641389.375 1475.19 2.9914 0 0 0 
3170000 3170 1000.0 3656322.3 1479.346 2.9848 0 0 0 
3180000 3180 1000.0 3672884.915 1512.712 2.9812 0 0 0 
3190000 3190 1000.0 3688269.955 1517.755 2.9809 0 0 0 
3200000 3200 1000.0 3705018.459 1546.288 2.9913 0 0 0 
3210000 3210 1000.0 3722684.175 1586.106 2.9884 0 0 0 
3220000 3220 1000.0 3739965.826 1611.971 2.9955 0 0 0 
3230000 3230 1000.0 3754863.66 1587.765 2.9877 0 0 0 
3240000 3240 1000.0 3771365.223 1599.03 2.987 0 0 0 
3250000 3250 1000.0 3786549.078 1584.237 2.9853 0 0 0 
3260000 3260 1000.0 3802439.419 1585.535 2.9862 0 0 0 
3270000 3270 1000.0 3818701.2 1592.877 2.9874 0 0 0 
3280000 3280 1000.0 3835867.328 1615.884 2.9799 0 0 0 
3290000 3290 1000.0 3850120.445 1580.435 2.9856 0 0 0 
3300000 3300 1000.0 3864549.36 1554.34 2.9834 0 0 0 
3310000 3310 1000.0 3880901.795 1570.046 2.9878 0 0 0 
3320000 3320 1000.0 3896637.512 1570.969 2.9905 0 0 0 
3330000 3330 1000.0 3913110.43 1584.077 2.9915 0 0 0 
3340000 3340 1000.0 3929525.538 1594.802 3.002 0 0 0 
3350000 3350 1000.0 3945971.596 1604.397 2.9991 0 0 0 
3360000 3360 1000.0 3962259.547 1607.995 3.0035 0 0 0 
3370000 3370 1000.0 3975803.675 1559.637 3.001 0 0 0 
3380000 3380 1000.0 3992385.709 1577.363 3.0027 0 0 0 
3390000 3390 1000.0 4008679.736 1587.181 2.9964 0 0 0 
3400000 3400 1000.0 4023090.771 1560.92 2.9965 0 0 0 
3410000 3410 1000.0 4038522.531 1558.356 2.9955 0 0 0 
3420000 3420 1000.0 4052898.656 1535.528 2.9994 0 0 0 
3430000 3430 1000.0 4065912.185 1491.679 2.9968 0 0 0 
3440000 3440 1000.0 4081609.434 1506.266 2.9928 0 0 0 
3450000 3450 1000.0 4096872.139 1509.292 2.9887 0 0 0 
3460000 3460 1000.0 4112989.414 1528.14 2.9902 0 0 0 
3470000 3470 1000.0 4129379.235 1548.171 2.9868 0 0 0 
3480000 3480 1000.0 4143524.038 1522.151 2.9883 0 0 0 
3490000 3490 1000.0 4159086.342 1527.942 2.9852 0 0 0 
3500000 3500 1000.0 4175492.529 1549.175 2.9831 0 0 0 
3510000 3510 1000.0 4191841.498 1564.702 2.9911 0 0 0 
3520000 3520 1000.0 4208281.105 1579.242 2.9853 0 0 0 
3530000 3530 1000.0 4224025.831 1579.0 2.987 0 0 0 
3540000 3540 1000.0 4240054.206 1583.112 2.9908 0 0 0 
3550000 3550 1000.0 4255081.463 1569.314 2.9912 0 0 0 
3560000 3560 1000.0 4271959.961 1590.714 2.9944 0 0 0 
3570000 3570 1000.0 4288463.553 1601.506 2.9876 0 0 0 
3580000 3580 1000.0 4304828.17 1607.69 2.9871 0 0 0 
3590000 3590 1000.0 4321194.805 1612.21 2.9935 0 0 0 
3600000 3600 1000.0 4337167.977 1609.829 2.9949 0 0 0 
3610000 3610 1000.0 4352661.4 1598.608 3.0017 0 0 0 
3620000 3620 1000.0 4367709.028 1582.028 2.9963 0 0 0 
3630000 3630 1000.0 4383182.196 1575.721 2.9901 0 0 0 
3640000 3640 1000.0 4398488.634 1567.107 2.9927 0 0 0 
3650000 3650 1000.0 4414300.334 1569.715 2.998 0 0 0 
3660000 3660 1000.0 4430673.226 1581.723 2.9992 0 0 0 
3670000 3670 1000.0 4446299.361 1577.708 3.0023 0 0 0 
3680000 3680 1000.0 4460665.318 1552.298 3.0079 0 0 0 
3690000 3690 1000.0 4476690.583 1561.909 3.0056 0 0 0 
3700000 3700 1000.0 4493041.841 1575.186 3.005 0 0 0 
3710000 3710 1000.0 4509729.909 1592.43 3.0132 0 0 0 
3720000 3720 1000.0 4525905.054 1596.984 3.0178 0 0 0 
3730000 3730 1000.0 4542120.164 1601.472 3.0129 0 0 0 
3740000 3740 1000.0 4558497.626 1607.92 3.0141 0 0 0 
3750000 3750 1000.0 4574392.503 1605.111 3.016 0 0 0 
3760000 3760 1000.0 4590039.212 1597.592 3.0146 0 0 0 
3770000 3770 1000.0 4606116.926 1599.555 3.0202 0 0 0 
3780000 3780 1000.0 4622796.462 1612.139 3.0135 0 0 0 
3790000 3790 1000.0 4639735.858 1627.511 3.0125 0 0 0 
3800000 3800 1000.0 4656695.809 1639.881 3.0107 0 0 0 
3810000 3810 1000.0 4673758.79 1652.012 3.0119 0 0 0 
3820000 3820 1000.0 4691588.253 1675.802 3.0069 0 0 0 
3830000 3830 1000.0 4708839.47 1684.927 3.0128 0 0 0 
3840000 3840 1000.0 4726566.553 1701.181 3.0147 0 0 0 
3850000 3850 1000.0 4744845.976 1724.375 3.0193 0 0 0 
3860000 3860 1000.0 4762611.569 1734.256 3.013 0 0 0 
3870000 3870 1000.0 4780373.893 1741.869 3.0133 0 0 0 
3880000 3880 1000.0 4797804.21 1742.165 3.0048 0 0 0 
3890000 3890 1000.0 4815542.59 1747.644 3.0052 0 0 0 
3900000 3900 1000.0 4832318.61 1733.452 3.0077 0 0 0 
3910000 3910 1000.0 4849359.415 1727.589 3.0082 0 0 0 
3920000 3920 1000.0 4867141.027 1737.866 3.0057 0 0 0 
3930000 3930 1000.0 4885664.404 1758.692 3.0098 0 0 0 
3940000 3940 1000.0 4904176.378 1775.522 3.022 0 0 0 
3950000 3950 1000.0 4922530.511 1786.158 3.0169 0 0 0 
3960000 3960 1000.0 4939959.076 1778.364 3.0134 0 0 0 
3970000 3970 1000.0 4956903.212 1762.963 3.0116 0 0 0 
3980000 3980 1000.0 4974963.981 1770.66 3.0106 0 0 0 
3990000 3990 1000.0 4993650.298 1787.922 3.006 0 0 0 
4000000 4000 1000.0 5011137.638 1780.923 3.0018 0 0 0 
4010000 4010 1000.0 5028258.141 1766.741 3.0068 0 0 0 
4020000 4020 1000.0 5045805.932 1764.069 3.0116 0 0 0 
4030000 4030 1000.0 5062153.297 1740.871 3.0128 0 0 0 
4040000 4040 1000.0 5079299.406 1735.892 3.0098 0 0 0 
4050000 4050 1000.0 5095194.791 1708.503 3.0129 0 0 0 
4060000 4060 1000.0 5111708.783 1697.423 3.0135 0 0 0 
4070000 4070 1000.0 5127461.654 1675.353 3.0103 0 0 0 
4080000 4080 1000.0 5144930.225 1688.905 3.011 0 0 0 
4090000 4090 1000.0 5161474.853 1682.911 3.0072 0 0 0 
4100000 4100 1000.0 5178295.082 1682.145 3.004 0 0 0 
4110000 4110 1000.0 5195851.161 1695.792 2.9972 0 0 0 
4120000 4120 1000.0 5214258.803 1722.756 2.9926 0 0 0 
4130000 4130 1000.0 5231575.008 1723.979 2.9906 0 0 0 
4140000 4140 1000.0 5248675.471 1721.427 2.9903 0 0 0 
4150000 4150 1000.0 5265453.551 1714.334 2.9942 0 0 0 
4160000 4160 1000.0 5281569.321 1695.787 3.0026 0 0 0 
4170000 4170 1000.0 5298859.644 1701.436 2.9981 0 0 0 
4180000 4180 1000.0 5315522.554 1695.279 2.9968 0 0 0 
4190000 4190 1000.0 5332443.949 1695.038 2.995 0 0 0 
4200000 4200 1000.0 5349828.464 1703.442 3.0047 0 0 0 
4210000 4210 1000.0 5367178.991 1709.664 2.9981 0 0 0 
4220000 4220 1000.0 5383558.361 1696.768 2.9976 0 0 0 
4230000 4230 1000.0 5400686.432 1699.852 2.9982 0 0 0 
4240000 4240 1000.0 5417523.802 1697.468 3.0007 0 0 0 
4250000 4250 1000.0 5432910.94 1667.188 3.0035 0 0 0 
4260000 4260 1000.0 5450343.954 1681.012 3.0088 0 0 0 
4270000 4270 1000.0 5467512.805 1687.235 3.0039 0 0 0 
4280000 4280 1000.0 5485193.428 1701.457 3.0102 0 0 0 
4290000 4290 1000.0 5502563.688 1708.475 3.0117 0 0 0 
4300000 4300 1000.0 5520362.447 1721.964 3.012 0 0 0 
4310000 4310 1000.0 5538453.715 1737.823 3.0137 0 0 0 
4320000 4320 1000.0 5556345.073 1747.403 3.0082 0 0 0 
4330000 4330 1000.0 5574497.909 1760.361 3.0063 0 0 0 
4340000 4340 1000.0 5591255.184 1745.62 3.0139 0 0 0 
4350000 4350 1000.0 5608143.931 1734.885 3.0134 0 0 0 
4360000 4360 1000.0 5625920.268 1742.49 3.0127 0 0 0 
4370000 4370 1000.0 5643241.823 1741.143 3.0098 0 0 0 
4380000 4380 1000.0 5660653.916 1740.314 3.0206 0 0 0 
4390000 4390 1000.0 5676030.504 1701.376 3.0234 0 0 0 
4400000 4400 1000.0 5691612.705 1675.822 3.0204 0 0 0 
4410000 4410 1000.0 5708678.625 1681.347 3.0172 0 0 0 
4420000 4420 1000.0 5724605.169 1664.615 3.0119 0 0 0 
4430000 4430 1000.0 5741432.616 1667.944 3.0177 0 0 0 
4440000 4440 1000.0 5757446.473 1655.571 3.0178 0 0 0 
4450000 4450 1000.0 5775270.397 1678.451 3.0093 0 0 0 
4460000 4460 1000.0 5793114.637 1698.24 3.0067 0 0 0 
4470000 4470 1000.0 5810375.769 1703.674 3.0091 0 0 0 
4480000 4480 1000.0 5828728.077 1727.79 3.0125 0 0 0 
4490000 4490 1000.0 5846391.258 1734.5 3.0051 0 0 0 
4500000 4500 1000.0 5863564.52 1729.989 3.0045 0 0 0 
4510000 4510 1000.0 5881282.692 1737.563 3.0008 0 0 0 
4520000 4520 1000.0 5897003.362 1706.201 3.0069 0 0 0 
4530000 4530 1000.0 5914502.867 1714.449 3.0069 0 0 0 
4540000 4540 1000.0 5931307.776 1707.916 3.0057 0 0 0 
4550000 4550 1000.0 5948081.678 1702.417 3.0018 0 0 0 
4560000 4560 1000.0 5964327.572 1687.318 3.0072 0 0 0 
4570000 4570 1000.0 5981371.963 1690.495 3.0028 0 0 0 
4580000 4580 1000.0 5999001.108 1703.902 2.9976 0 0 0 
4590000 4590 1000.0 6013797.547 1661.284 3.0003 0 0 0 
4600000 4600 1000.0 6030128.428 1655.623 2.9971 0 0 0 
4610000 4610 1000.0 6045809.546 1639.325 3.0053 0 0 0 
4620000 4620 1000.0 6061840.585 1631.961 3.0084 0 0 0 
4630000 4630 1000.0 6078725.11 1642.024 3.0069 0 0 0 
4640000 4640 1000.0 6094796.827 1635.225 3.0073 0 0 0 
4650000 4650 1000.0 6112867.566 1667.116 3.0116 0 0 0 
4660000 4660 1000.0 6131117.883 1696.082 3.0022 0 0 0 
4670000 4670 1000.0 6149043.188 1713.414 3.0022 0 0 0 
4680000 4680 1000.0 6167254.724 1733.218 2.9994 0 0 0 
4690000 4690 1000.0 6184854.329 1738.377 3.0074 0 0 0 
4700000 4700 1000.0 6201069.55 1717.934 3.0064 0 0 0 
4710000 4710 1000.0 6217703.696 1708.385 3.0109 0 0 0 
4720000 4720 1000.0 6234013.98 1693.764 3.0089 0 0 0 
4730000 4730 1000.0 6250286.648 1681.954 2.9997 0 0 0 
4740000 4740 1000.0 6266379.513 1668.919 2.9965 0 0 0 
4750000 4750 1000.0 6282593.632 1661.467 2.9988 0 0 0 
4760000 4760 1000.0 6300073.227 1678.665 3.0008 0 0 0 
4770000 4770 1000.0 6316778.614 1678.055 2.9969 0 0 0 
4780000 4780 1000.0 6331523.237 1641.91 2.99 0 0 0 
4790000 4790 1000.0 6347450.392 1635.169 2.9867 0 0 0 
4800000 4800 1000.0 6364978.21 1655.861 2.9926 0 0 0 
4810000 4810 1000.0 6381908.649 1662.939 2.993 0 0 0 
4820000 4820 1000.0 6399682.865 1684.013 2.9943 0 0 0 
4830000 4830 1000.0 6417185.819 1695.634 2.9977 0 0 0 
4840000 4840 1000.0 6434919.369 1709.528 2.9973 0 0 0 
4850000 4850 1000.0 6453379.203 1734.611 3.0 0 0 0 
4860000 4860 1000.0 6470968.0 1738.009 3.0009 0 0 0 
4870000 4870 1000.0 6488175.114 1734.557 3.0014 0 0 0 
4880000 4880 1000.0 6505628.466 1735.968 3.0035 0 0 0 
4890000 4890 1000.0 6519787.413 1678.325 3.0046 0 0 0 
4900000 4900 1000.0 6535680.441 1662.958 2.9984 0 0 0 
4910000 4910 1000.0 6553909.553 1692.385 2.9997 0 0 0 
4920000 4920 1000.0 6571705.687 1708.637 3.0024 0 0 0 
4930000 4930 1000.0 6588708.76 1706.781 3.0017 0 0 0 
4940000 4940 1000.0 6606586.91 1721.644 2.9964 0 0 0 
4950000 4950 1000.0 6624596.775 1735.161 3.0033 0 0 0 
4960000 4960 1000.0 6641856.302 1733.702 3.006 0 0 0 
4970000 4970 1000.0 6660520.227 1758.222 3.0044 0 0 0 
4980000 4980 1000.0 6679235.437 1778.874 3.0082 0 0 0 
4990000 4990 1000.0 6697442.077 1786.812 3.0031 0 0 0 
5000000 5000 1000.0 6715925.731 1797.801 2.9998 0 0 0 
5010000 5010 1000.0 6734024.31 1800.208 3.0025 0 0 0 
5020000 5020 1000.0 6752749.663 1813.772 3.0064 0 0 0 
5030000 5030 1000.0 6771222.839 1819.579 3.0108 0 0 0 
5040000 5040 1000.0 6790529.555 1840.057 3.0162 0 0 0 
5050000 5050 1000.0 6809316.664 1846.777 3.0239 0 0 0 
5060000 5060 1000.0 6827838.926 1847.056 3.0232 0 0 0 
5070000 5070 1000.0 6846372.432 1848.179 3.0181 0 0 0 
5080000 5080 1000.0 6864915.627 1849.353 3.0134 0 0 0 
5090000 5090 1000.0 6883632.249 1853.492 3.0211 0 0 0 
5100000 5100 1000.0 6901813.183 1847.244 3.0176 0 0 0 
5110000 5110 1000.0 6920064.987 1842.617 3.0094 0 0 0 
5120000 5120 1000.0 6937913.188 1831.742 3.0087 0 0 0 
5130000 5130 1000.0 6955632.265 1821.201 3.0153 0 0 0 
5140000 5140 1000.0 6973319.57 1811.702 3.0148 0 0 0 
5150000 5150 1000.0 6991581.705 1814.066 3.0184 0 0 0 
5160000 5160 1000.0 7009275.598 1805.878 3.0159 0 0 0 
5170000 5170 1000.0 7027558.312 1809.539 3.0098 0 0 0 
5180000 5180 1000.0 7045984.963 1815.437 3.01 0 0 0 
5190000 5190 1000.0 7063361.879 1801.026 3.0097 0 0 0 
5200000 5200 1000.0 7081940.958 1811.719 3.0103 0 0 0 
5210000 5210 1000.0 7100606.628 1821.814 3.0094 0 0 0 
5220000 5220 1000.0 7118935.638 1823.908 3.0035 0 0 0 
5230000 5230 1000.0 7136588.856 1812.922 3.0121 0 0 0 
5240000 5240 1000.0 7154803.831 1815.088 3.0154 0 0 0 
5250000 5250 1000.0 7173291.052 1822.006 3.0273 0 0 0 
5260000 5260 1000.0 7191669.313 1824.524 3.0304 0 0 0 
5270000 5270 1000.0 7210077.341 1827.904 3.0199 0 0 0 
5280000 5280 1000.0 7229125.261 1841.687 3.0222 0 0 0 
5290000 5290 1000.0 7247166.012 1834.966 3.0219 0 0 0 
5300000 5300 1000.0 7265434.391 1832.938 3.0235 0 0 0 
5310000 5310 1000.0 7283770.755 1833.214 3.0249 0 0 0 
5320000 5320 1000.0 7301353.607 1818.614 3.0292 0 0 0 
5330000 5330 1000.0 7318903.146 1807.079 3.0311 0 0 0 
5340000 5340 1000.0 7337153.212 1810.726 3.0236 0 0 0 
5350000 5350 1000.0 7354841.241 1803.081 3.0216 0 0 0 
5360000 5360 1000.0 7373138.877 1807.497 3.016 0 0 0 
5370000 5370 1000.0 7390986.139 1803.477 3.0184 0 0 0 
5380000 5380 1000.0 7409350.705 1809.748 3.012 0 0 0 
5390000 5390 1000.0 7427204.325 1805.103 3.0084 0 0 0 
5400000 5400 1000.0 7445153.464 1803.199 3.0119 0 0 0 
5410000 5410 1000.0 7463163.964 1803.035 3.0098 0 0 0 
5420000 5420 1000.0 7480269.606 1786.569 3.0026 0 0 0 
5430000 5430 1000.0 7498071.232 1785.694 3.0011 0 0 0 
5440000 5440 1000.0 7516219.134 1790.896 3.0033 0 0 0 
5450000 5450 1000.0 7533556.205 1780.591 3.0071 0 0 0 
5460000 5460 1000.0 7551041.795 1774.573 3.0058 0 0 0 
5470000 5470 1000.0 7568905.705 1777.108 3.0076 0 0 0 
5480000 5480 1000.0 7585750.95 1759.431 3.01 0 0 0 
5490000 5490 1000.0 7603303.172 1758.11 3.0047 0 0 0 
5500000 5500 1000.0 7620994.911 1760.268 3.0042 0 0 0 
5510000 5510 1000.0 7639263.369 1772.16 3.0056 0 0 0 
5520000 5520 1000.0 7657213.684 1776.351 3.0075 0 0 0 
5530000 5530 1000.0 7673953.717 1756.964 3.0009 0 0 0 
5540000 5540 1000.0 7690002.75 1729.43 2.9983 0 0 0 
5550000 5550 1000.0 7701974.282 1632.923 2.9982 0 0 0 
5560000 5560 1000.0 7720650.517 1675.687 3.0061 0 0 0 
5570000 5570 1000.0 7737922.896 1686.038 3.0138 0 0 0 
5580000 5580 1000.0 7755979.481 1707.551 3.0105 0 0 0 
5590000 5590 1000.0 7774026.487 1725.901 3.0084 0 0 0 
5600000 5600 1000.0 7791308.394 1727.274 3.0091 0 0 0 
5610000 5610 1000.0 7809523.162 1743.799 3.0022 0 0 0 
5620000 5620 1000.0 7827029.565 1744.399 3.0031 0 0 0 
5630000 5630 1000.0 7845655.4 1765.531 2.9956 0 0 0 
5640000 5640 1000.0 7863719.256 1773.218 2.9936 0 0 0 
5650000 5650 1000.0 7882028.605 1784.879 2.997 0 0 0 
5660000 5660 1000.0 7900488.915 1796.014 2.9951 0 0 0 
5670000 5670 1000.0 7918549.43 1797.758 2.9999 0 0 0 
5680000 5680 1000.0 7936290.551 1793.331 2.9945 0 0 0 
5690000 5690 1000.0 7954647.92 1801.377 2.9973 0 0 0 
5700000 5700 1000.0 7972233.726 1793.287 2.9942 0 0 0 
5710000 5710 1000.0 7990162.433 1792.619 3.0009 0 0 0 
5720000 5720 1000.0 8008656.894 1802.998 3.0095 0 0 0 
5730000 5730 1000.0 8026701.849 1804.379 3.0063 0 0 0 
5740000 5740 1000.0 8044565.861 1801.191 3.0069 0 0 0 
5750000 5750 1000.0 8061939.832 1789.779 3.0074 0 0 0 
5760000 5760 1000.0 8079789.638 1789.163 3.0155 0 0 0 
5770000 5770 1000.0 8098418.43 1802.299 3.0132 0 0 0 
5780000 5780 1000.0 8115989.003 1794.358 3.0091 0 0 0 
5790000 5790 1000.0 8133565.653 1787.268 3.0077 0 0 0 
5800000 5800 1000.0 8150334.148 1767.214 2.9999 0 0 0 
5810000 5810 1000.0 8167570.481 1757.922 3.007 0 0 0 
5820000 5820 1000.0 8184523.94 1746.444 3.005 0 0 0 
5830000 5830 1000.0 8202703.479 1759.204 3.0069 0 0 0 
5840000 5840 1000.0 8220102.56 1754.881 3.0149 0 0 0 
5850000 5850 1000.0 8237335.748 1749.454 3.0152 0 0 0 
5860000 5860 1000.0 8254274.363 1740.121 3.015 0 0 0 
5870000 5870 1000.0 8269966.524 1708.081 3.0203 0 0 0 
5880000 5880 1000.0 8286557.828 1698.733 3.0291 0 0 0 
5890000 5890 1000.0 8303528.62 1697.674 3.0293 0 0 0 
5900000 5900 1000.0 8319989.678 1688.637 3.0337 0 0 0 
5910000 5910 1000.0 8336954.682 1690.083 3.024 0 0 0 
5920000 5920 1000.0 8354140.135 1695.028 3.0282 0 0 0 
5930000 5930 1000.0 8371636.571 1705.548 3.0298 0 0 0 
5940000 5940 1000.0 8388892.163 1709.613 3.0259 0 0 0 
5950000 5950 1000.0 8406798.741 1724.903 3.0193 0 0 0 
5960000 5960 1000.0 8425046.764 1743.911 3.0169 0 0 0 
5970000 5970 1000.0 8444157.588 1773.988 3.015 0 0 0 
5980000 5980 1000.0 8461688.514 1770.016 3.0153 0 0 0 
5990000 5990 1000.0 8479440.207 1770.61 3.0181 0 0 0 
6000000 6000 1000.0 8497918.726 1784.737 3.0243 0 0 0 
