10000 10 182.927 5.0 0.092 0.5354 0 0 0 
20000 20 332.392 3.0 0.039 0.9599 0 0 0 
30000 30 454.376 -5.0 -0.111 1.8304 0 0 0 
40000 160 129.477 -45.0 -0.216 0.7081 0 0 0 
50000 185 225.659 -8.0 0.391 1.2919 0 0 0 
60000 289 120.596 16.0 0.265 0.7062 0 0 0 
70000 322 209.167 80.0 0.993 1.2029 0 0 0 
80000 340 316.305 155.0 1.998 1.8075 0 0 0 
90000 363 348.851 215.0 2.191 1.9924 0 0 0 
100000 384 395.343 303.0 2.881 2.2441 0 0 0 
110000 416 351.851 403.0 2.97 2.027 0 0 0 
120000 454 308.532 516.0 3.006 1.7758 0 0 0 
130000 491 284.162 585.0 2.311 1.6274 0 0 0 
140000 537 236.309 692.0 2.262 1.3558 0 0 0 
150000 600 163.949 770.0 1.526 0.9528 0 0 0 
160000 667 157.842 875.0 1.577 0.9155 0 0 0 
170000 713 190.933 993.0 2.175 1.0913 0 0 0 
180000 743 237.798 1082.0 2.377 1.359 0 0 0 
190000 770 303.844 1187.0 3.109 1.7226 0 0 0 
200000 795 340.78 1287.0 3.458 1.9178 0 0 0 
210000 851 231.478 1426.0 2.909 1.3092 0 0 0 
220000 876 296.732 1546.0 3.562 1.6585 0 0 0 
230000 891 399.318 1612.0 3.887 2.2157 0 0 0 
240000 906 461.97 1707.0 4.378 2.5546 0 0 0 
250000 934 417.376 1845.0 4.668 2.3045 0 0 0 
260000 966 356.032 1971.0 4.26 1.9733 0 0 0 
270000 990 384.716 2060.0 4.016 2.1391 0 0 0 
280000 1012 412.3 2206.0 5.101 2.287 0 0 0 
290000 1030 444.47 2333.0 5.608 2.4582 0 0 0 
300000 1046 500.981 2452.0 6.119 2.7684 0 0 0 
310000 1065 507.048 2618.0 6.935 2.7927 0 0 0 
320000 1085 494.149 2805.0 7.736 2.7093 0 0 0 
330000 1103 527.427 2966.0 8.127 2.8919 0 0 0 
340000 1125 502.121 3165.0 8.53 2.7476 0 0 0 
350000 1147 485.859 3344.0 8.387 2.667 0 0 0 
360000 1165 494.089 3505.0 8.407 2.7183 0 0 0 
370000 1184 509.131 3684.0 8.788 2.7962 0 0 0 
380000 1203 519.368 3852.0 8.825 2.8457 0 0 0 
390000 1226 482.84 4031.0 8.48 2.6558 0 0 0 
400000 1245 495.393 4159.0 7.969 2.7309 0 0 0 
410000 1267 485.06 4344.0 8.059 2.6616 0 0 0 
420000 1289 474.122 4511.0 7.94 2.5842 0 0 0 
430000 1315 440.276 4694.0 7.679 2.3999 0 0 0 
440000 1337 447.27 4881.0 8.015 2.4603 0 0 0 
450000 1364 414.157 4987.0 6.284 2.3036 0 0 0 
460000 1394 372.693 5200.0 6.572 2.0804 0 0 0 
470000 1418 372.55 5377.0 6.745 2.0756 0 0 0 
480000 1446 368.529 5542.0 6.446 2.062 0 0 0 
490000 1475 354.864 5769.0 7.056 1.9913 0 0 0 
500000 1505 342.439 6008.0 7.458 1.9187 0 0 0 
510000 1526 394.773 6195.0 8.045 2.203 0 0 0 
520000 1545 429.048 6374.0 8.373 2.3911 0 0 0 
530000 1567 443.208 6567.0 8.497 2.478 0 0 0 
540000 1592 426.217 6788.0 8.709 2.3819 0 0 0 
550000 1613 440.402 6965.0 8.53 2.4606 0 0 0 
560000 1638 423.637 7186.0 8.714 2.3681 0 0 0 
570000 1661 421.342 7413.0 9.128 2.3532 0 0 0 
580000 1686 410.093 7623.0 8.871 2.2921 0 0 0 
590000 1710 412.312 7836.0 8.881 2.3067 0 0 0 
600000 1732 429.31 8012.0 8.613 2.4033 0 0 0 
610000 1756 416.453 8234.0 8.733 2.3255 0 0 0 
620000 1782 398.154 8478.0 8.973 2.2246 0 0 0 
630000 1802 434.128 8646.0 8.813 2.418 0 0 0 
640000 1823 444.662 8847.0 9.185 2.4453 0 0 0 
650000 1844 465.256 9017.0 8.723 2.5406 0 0 0 
660000 1875 387.446 9257.0 8.238 2.1078 0 0 0 
670000 1901 392.368 9480.0 8.335 2.1248 0 0 0 
680000 1929 372.061 9660.0 7.479 2.0165 0 0 0 
690000 1959 354.973 9893.0 7.603 1.9247 0 0 0 
700000 1985 372.778 10125.0 8.229 2.0208 0 0 0 
710000 2010 383.606 10334.0 8.208 2.085 0 0 0 
720000 2034 401.014 10527.0 8.118 2.1825 0 0 0 
730000 2056 410.065 10714.0 8.213 2.251 0 0 0 
740000 2082 410.977 10913.0 8.013 2.2792 0 0 0 
750000 2109 396.976 11117.0 7.952 2.2167 0 0 0 
760000 2136 382.283 11359.0 8.385 2.1415 0 0 0 
770000 2163 383.566 11574.0 8.276 2.1493 0 0 0 
780000 2190 379.626 11791.0 8.217 2.1384 0 0 0 
790000 2211 412.584 11969.0 8.162 2.3309 0 0 0 
800000 2236 412.059 12193.0 8.488 2.3251 0 0 0 
810000 2260 408.192 12427.0 8.941 2.2884 0 0 0 
820000 2288 385.036 12664.0 8.827 2.1553 0 0 0 
830000 2312 388.206 12844.0 8.289 2.1698 0 0 0 
840000 2334 418.892 13040.0 8.456 2.3355 0 0 0 
850000 2356 433.123 13220.0 8.329 2.4152 0 0 0 
860000 2380 430.35 13425.0 8.497 2.3976 0 0 0 
870000 2409 381.375 13639.0 7.868 2.1247 0 0 0 
880000 2435 378.872 13852.0 7.987 2.1123 0 0 0 
890000 2461 384.824 14091.0 8.571 2.136 0 0 0 
900000 2487 382.829 14336.0 8.836 2.123 0 0 0 
910000 2518 354.728 14574.0 8.286 1.9669 0 0 0 
920000 2543 371.424 14791.0 8.402 2.0552 0 0 0 
930000 2565 402.107 14995.0 8.752 2.2145 0 0 0 
940000 2587 420.285 15203.0 9.003 2.3076 0 0 0 
950000 2615 389.731 15445.0 8.85 2.1275 0 0 0 
960000 2643 381.121 15700.0 9.098 2.0724 0 0 0 
970000 2670 372.401 15920.0 8.736 2.0306 0 0 0 
980000 2694 391.371 16126.0 8.628 2.1364 0 0 0 
990000 2718 398.858 16324.0 8.443 2.1789 0 0 0 
1000000 2746 379.827 16564.0 8.546 2.0737 0 0 0 
1010000 2770 392.042 16778.0 8.658 2.1537 0 0 0 
1020000 2795 396.045 16994.0 8.765 2.1818 0 0 0 
1030000 2821 387.672 17232.0 8.817 2.1455 0 0 0 
1040000 2845 402.014 17437.0 8.872 2.2243 0 0 0 
1050000 2871 395.291 17664.0 8.793 2.1919 0 0 0 
1060000 2896 399.814 17908.0 9.152 2.2144 0 0 0 
1070000 2918 415.908 18119.0 9.27 2.2956 0 0 0 
1080000 2943 413.55 18326.0 8.994 2.2879 0 0 0 
1090000 2965 422.424 18525.0 8.881 2.3707 0 0 0 
1100000 2991 411.895 18759.0 9.067 2.3356 0 0 0 
1110000 3014 418.522 18972.0 9.05 2.3883 0 0 0 
1120000 3041 403.124 19218.0 9.186 2.3048 0 0 0 
1130000 3066 398.134 19461.0 9.29 2.2768 0 0 0 
1140000 3093 387.479 19688.0 8.972 2.2191 0 0 0 
1150000 3120 382.476 19925.0 8.838 2.1944 0 0 0 
1160000 3145 387.96 20157.0 8.958 2.23 0 0 0 
1170000 3173 376.105 20435.0 9.408 2.1585 0 0 0 
1180000 3193 416.662 20606.0 9.145 2.3837 0 0 0 
1190000 3225 366.648 20882.0 8.839 2.0966 0 0 0 
1200000 3252 369.133 21127.0 8.946 2.1064 0 0 0 
1210000 3276 382.702 21357.0 9.137 2.1808 0 0 0 
1220000 3299 401.847 21571.0 9.198 2.2907 0 0 0 
1230000 3327 387.207 21816.0 9.041 2.2019 0 0 0 
1240000 3356 367.799 22093.0 9.32 2.0854 0 0 0 
1250000 3382 376.507 22337.0 9.412 2.1285 0 0 0 
1260000 3407 379.084 22587.0 9.496 2.1438 0 0 0 
1270000 3434 378.493 22845.0 9.549 2.1422 0 0 0 
1280000 3463 357.416 23059.0 8.581 2.0219 0 0 0 
1290000 3484 402.27 23243.0 8.633 2.245 0 0 0 
1300000 3507 410.157 23451.0 8.768 2.2539 0 0 0 
1310000 3531 415.72 23635.0 8.343 2.2771 0 0 0 
1320000 3555 420.711 23796.0 7.737 2.2978 0 0 0 
1330000 3584 389.576 24035.0 7.977 2.1214 0 0 0 
1340000 3607 407.048 24238.0 8.28 2.2128 0 0 0 
1350000 3631 416.025 24457.0 8.689 2.2639 0 0 0 
1360000 3652 438.373 24643.0 8.787 2.3799 0 0 0 
1370000 3675 434.976 24862.0 8.93 2.3567 0 0 0 
1380000 3697 444.524 25055.0 8.951 2.404 0 0 0 
1390000 3720 437.741 25254.0 8.898 2.373 0 0 0 
1400000 3745 421.391 25478.0 8.881 2.2868 0 0 0 
1410000 3763 457.152 25634.0 8.85 2.5214 0 0 0 
1420000 3785 464.971 25829.0 8.921 2.5859 0 0 0 
1430000 3808 453.943 26033.0 8.838 2.5394 0 0 0 
1440000 3830 452.522 26237.0 8.999 2.5447 0 0 0 
1450000 3853 443.178 26438.0 8.901 2.5015 0 0 0 
1460000 3875 448.8 26621.0 8.745 2.5407 0 0 0 
1470000 3895 456.729 26807.0 8.759 2.5852 0 0 0 
1480000 3917 459.961 27004.0 8.904 2.6071 0 0 0 
1490000 3940 441.209 27201.0 8.806 2.5008 0 0 0 
1500000 3965 436.098 27425.0 8.851 2.4659 0 0 0 
1510000 3986 449.176 27624.0 9.112 2.5369 0 0 0 
1520000 4003 487.166 27779.0 9.029 2.7561 0 0 0 
1530000 4031 432.893 28018.0 8.96 2.4487 0 0 0 
1540000 4053 441.232 28217.0 8.906 2.5042 0 0 0 
1550000 4077 426.54 28444.0 9.08 2.4199 0 0 0 
1560000 4100 434.118 28633.0 8.805 2.4667 0 0 0 
1570000 4123 432.098 28840.0 8.868 2.4538 0 0 0 
1580000 4145 428.671 29030.0 8.78 2.4314 0 0 0 
1590000 4168 434.09 29242.0 8.93 2.4455 0 0 0 
1600000 4193 428.427 29465.0 8.984 2.4151 0 0 0 
1610000 4216 431.553 29681.0 9.192 2.4072 0 0 0 
1620000 4241 414.175 29894.0 8.899 2.2885 0 0 0 
1630000 4260 441.201 30073.0 8.977 2.4278 0 0 0 
1640000 4284 439.496 30269.0 8.808 2.4076 0 0 0 
1650000 4308 430.169 30485.0 8.845 2.3505 0 0 0 
1660000 4333 412.274 30726.0 9.057 2.2567 0 0 0 
1670000 4357 418.814 30927.0 8.881 2.2879 0 0 0 
1680000 4380 420.862 31133.0 8.828 2.313 0 0 0 
1690000 4403 422.934 31330.0 8.774 2.317 0 0 0 
1700000 4427 417.271 31555.0 8.926 2.2816 0 0 0 
1710000 4451 419.77 31760.0 8.769 2.3031 0 0 0 
1720000 4473 437.057 31942.0 8.64 2.3999 0 0 0 
1730000 4497 426.566 32132.0 8.321 2.3473 0 0 0 
1740000 4519 437.747 32320.0 8.526 2.4094 0 0 0 
1750000 4542 427.638 32534.0 8.711 2.3493 0 0 0 
1760000 4569 410.796 32770.0 8.865 2.2592 0 0 0 
1770000 4591 424.739 32982.0 9.081 2.3324 0 0 0 
1780000 4614 423.356 33199.0 9.141 2.3405 0 0 0 
1790000 4643 394.629 33450.0 8.99 2.1868 0 0 0 
1800000 4672 371.378 33699.0 8.804 2.0543 0 0 0 
1810000 4696 393.692 33906.0 8.84 2.1843 0 0 0 
1820000 4716 428.74 34082.0 8.827 2.3593 0 0 0 
1830000 4745 392.663 34341.0 8.84 2.169 0 0 0 
1840000 4763 438.611 34493.0 8.656 2.4184 0 0 0 
1850000 4786 432.689 34678.0 8.458 2.4006 0 0 0 
1860000 4810 429.842 34885.0 8.623 2.3824 0 0 0 
1870000 4840 386.574 35158.0 8.855 2.1398 0 0 0 
1880000 4868 374.594 35418.0 8.968 2.0676 0 0 0 
1890000 4900 347.888 35703.0 9.006 1.9225 0 0 0 
1900000 4927 361.365 35920.0 8.65 1.9937 0 0 0 
1910000 4958 339.666 36187.0 8.54 1.868 0 0 0 
1920000 4986 348.451 36415.0 8.363 1.9087 0 0 0 
1930000 5012 367.778 36660.0 8.907 2.0115 0 0 0 
1940000 5039 367.767 36920.0 9.094 2.0125 0 0 0 
1950000 5062 397.305 37125.0 8.999 2.1779 0 0 0 
1960000 5089 379.067 37386.0 9.301 2.0771 0 0 0 
1970000 5118 367.088 37653.0 9.343 2.0383 0 0 0 
1980000 5146 360.406 37904.0 9.158 2.0303 0 0 0 
1990000 5175 356.007 38145.0 8.772 2.022 0 0 0 
2000000 5203 355.204 38398.0 8.929 2.0266 0 0 0 
2010000 5228 368.113 38626.0 8.914 2.1052 0 0 0 
2020000 5256 368.683 38874.0 9.011 2.1083 0 0 0 
2030000 5281 378.041 39090.0 8.769 2.1589 0 0 0 
2040000 5310 362.585 39347.0 8.793 2.0737 0 0 0 
2050000 5336 370.238 39603.0 9.164 2.1184 0 0 0 
2060000 5361 385.562 39830.0 9.193 2.2057 0 0 0 
2070000 5383 411.319 40027.0 9.131 2.3494 0 0 0 
2080000 5407 418.629 40234.0 9.072 2.3929 0 0 0 
2090000 5432 407.466 40457.0 8.901 2.3252 0 0 0 
2100000 5457 401.782 40688.0 9.041 2.2941 0 0 0 
2110000 5482 401.743 40891.0 8.697 2.3022 0 0 0 
2120000 5505 411.712 41110.0 9.029 2.3507 0 0 0 
2130000 5528 425.955 41304.0 8.772 2.4327 0 0 0 
2140000 5551 433.011 41498.0 8.648 2.4742 0 0 0 
2150000 5581 382.626 41758.0 8.661 2.1872 0 0 0 
2160000 5606 391.491 41957.0 8.376 2.2359 0 0 0 
2170000 5629 395.942 42154.0 8.399 2.2396 0 0 0 
2180000 5651 420.932 42325.0 8.314 2.382 0 0 0 
2190000 5678 393.571 42571.0 8.561 2.2348 0 0 0 
2200000 5702 413.098 42766.0 8.553 2.3437 0 0 0 
2210000 5727 396.16 42970.0 8.198 2.2564 0 0 0 
2220000 5756 372.538 43211.0 8.338 2.1214 0 0 0 
2230000 5782 376.668 43462.0 8.856 2.1433 0 0 0 
2240000 5807 384.438 43690.0 9.034 2.183 0 0 0 
2250000 5835 371.018 43957.0 9.154 2.1052 0 0 0 
2260000 5863 354.665 44222.0 9.204 2.0175 0 0 0 
2270000 5888 382.881 44439.0 9.058 2.1738 0 0 0 
2280000 5917 362.826 44708.0 9.111 2.057 0 0 0 
2290000 5940 386.867 44908.0 8.876 2.1756 0 0 0 
2300000 5963 402.077 45126.0 9.103 2.237 0 0 0 
2310000 5983 436.721 45311.0 9.154 2.4238 0 0 0 
2320000 6013 389.607 45571.0 8.968 2.1553 0 0 0 
2330000 6040 386.101 45816.0 9.086 2.1263 0 0 0 
2340000 6066 384.218 46050.0 9.015 2.1063 0 0 0 
2350000 6093 375.126 46301.0 9.107 2.0492 0 0 0 
2360000 6119 377.934 46532.0 8.971 2.065 0 0 0 
2370000 6142 396.344 46734.0 8.904 2.1695 0 0 0 
2380000 6168 394.309 46947.0 8.679 2.1401 0 0 0 
2390000 6195 383.89 47195.0 8.864 2.091 0 0 0 
2400000 6214 417.698 47382.0 9.071 2.2757 0 0 0 
2410000 6231 469.069 47539.0 9.132 2.5499 0 0 0 
2420000 6255 441.293 47744.0 8.923 2.4042 0 0 0 
2430000 6282 413.409 47981.0 8.914 2.2537 0 0 0 
2440000 6307 414.619 48198.0 8.824 2.2649 0 0 0 
2450000 6334 398.722 48455.0 9.22 2.1837 0 0 0 
2460000 6359 397.284 48673.0 8.962 2.1772 0 0 0 
2470000 6385 391.129 48904.0 8.951 2.1476 0 0 0 
2480000 6406 424.107 49067.0 8.494 2.335 0 0 0 
2490000 6433 404.097 49300.0 8.675 2.2235 0 0 0 
2500000 6455 412.992 49527.0 9.113 2.2649 0 0 0 
2510000 6479 414.405 49731.0 8.882 2.2687 0 0 0 
2520000 6500 440.591 49928.0 9.151 2.415 0 0 0 
2530000 6525 420.799 50164.0 9.152 2.306 0 0 0 
2540000 6552 401.294 50380.0 8.753 2.2144 0 0 0 
2550000 6577 401.657 50582.0 8.536 2.2256 0 0 0 
2560000 6599 422.765 50762.0 8.443 2.3394 0 0 0 
2570000 6616 465.459 50913.0 8.454 2.5726 0 0 0 
2580000 6638 461.103 51099.0 8.527 2.5492 0 0 0 
2590000 6662 440.725 51331.0 8.88 2.4201 0 0 0 
2600000 6685 426.145 51528.0 8.752 2.3411 0 0 0 
2610000 6710 422.377 51762.0 9.004 2.3227 0 0 0 
2620000 6743 362.314 52020.0 8.395 2.0096 0 0 0 
2630000 6772 353.359 52299.0 8.943 1.9708 0 0 0 
2640000 6800 352.784 52544.0 8.818 1.9787 0 0 0 
2650000 6824 366.916 52747.0 8.695 2.0696 0 0 0 
2660000 6848 388.982 52952.0 8.607 2.1959 0 0 0 
2670000 6871 406.021 53152.0 8.658 2.2861 0 0 0 
2680000 6896 397.533 53377.0 8.768 2.233 0 0 0 
2690000 6925 378.375 53623.0 8.599 2.1222 0 0 0 
2700000 6950 382.641 53846.0 8.732 2.1466 0 0 0 
2710000 6978 378.386 54087.0 8.698 2.1205 0 0 0 
2720000 7007 363.108 54353.0 8.944 2.0327 0 0 0 
2730000 7033 366.021 54580.0 8.809 2.0465 0 0 0 
2740000 7058 382.842 54814.0 9.056 2.1345 0 0 0 
2750000 7084 383.399 55038.0 8.991 2.137 0 0 0 
2760000 7110 378.144 55278.0 8.992 2.1438 0 0 0 
2770000 7134 396.13 55493.0 9.109 2.2347 0 0 0 
2780000 7161 385.48 55732.0 8.999 2.1639 0 0 0 
2790000 7186 392.754 55969.0 9.164 2.2043 0 0 0 
2800000 7211 388.077 56204.0 9.204 2.1514 0 0 0 
2810000 7235 407.853 56415.0 9.16 2.2493 0 0 0 
2820000 7259 405.688 56656.0 9.364 2.2339 0 0 0 
2830000 7289 378.068 56941.0 9.457 2.0826 0 0 0 
2840000 7317 368.187 57210.0 9.496 2.0267 0 0 0 
2850000 7342 381.273 57436.0 9.328 2.1046 0 0 0 
2860000 7364 408.358 57624.0 9.121 2.2597 0 0 0 
2870000 7391 386.822 57890.0 9.312 2.1404 0 0 0 
2880000 7413 415.076 58081.0 9.111 2.2977 0 0 0 
2890000 7439 401.438 58322.0 9.171 2.2213 0 0 0 
2900000 7467 376.545 58559.0 8.913 2.0827 0 0 0 
2910000 7494 377.684 58811.0 9.094 2.0895 0 0 0 
2920000 7514 418.923 58990.0 9.031 2.3131 0 0 0 
2930000 7540 411.649 59216.0 9.072 2.2721 0 0 0 
2940000 7569 377.908 59478.0 8.957 2.0853 0 0 0 
2950000 7592 403.047 59673.0 8.811 2.2377 0 0 0 
2960000 7618 391.838 59914.0 8.985 2.1763 0 0 0 
2970000 7642 399.352 60133.0 9.09 2.2165 0 0 0 
2980000 7672 364.599 60411.0 9.053 2.0239 0 0 0 
2990000 7700 363.521 60652.0 8.932 2.0203 0 0 0 
3000000 7730 348.235 60904.0 8.673 1.942 0 0 0 
3010000 7759 352.493 61154.0 8.728 1.9617 0 0 0 
3020000 7787 351.283 61425.0 9.103 1.9541 0 0 0 
3030000 7814 357.99 61655.0 8.873 1.9898 0 0 0 
3040000 7841 363.465 61887.0 8.703 2.0264 0 0 0 
3050000 7869 360.327 62142.0 8.866 2.0068 0 0 0 
3060000 7898 353.092 62408.0 9.075 1.9621 0 0 0 
3070000 7923 375.182 62640.0 9.163 2.078 0 0 0 
3080000 7944 402.344 62849.0 9.368 2.2318 0 0 0 
3090000 7967 421.087 63058.0 9.271 2.3323 0 0 0 
3100000 7988 439.124 63243.0 9.24 2.4301 0 0 0 
3110000 8009 446.992 63439.0 9.101 2.4685 0 0 0 
3120000 8036 418.798 63676.0 9.053 2.3159 0 0 0 
3130000 8061 410.56 63911.0 9.236 2.2727 0 0 0 
3140000 8086 408.117 64124.0 8.966 2.2626 0 0 0 
3150000 8109 414.929 64333.0 8.975 2.3058 0 0 0 
3160000 8135 404.219 64574.0 9.102 2.2395 0 0 0 
3170000 8159 406.832 64784.0 9.0 2.2573 0 0 0 
3180000 8184 390.832 65019.0 9.047 2.1636 0 0 0 
3190000 8207 404.572 65211.0 8.851 2.2329 0 0 0 
3200000 8229 432.185 65408.0 8.834 2.3936 0 0 0 
3210000 8250 450.045 65590.0 8.732 2.494 0 0 0 
3220000 8275 431.721 65815.0 8.951 2.3961 0 0 0 
3230000 8299 427.755 66043.0 9.14 2.3724 0 0 0 
3240000 8320 436.901 66248.0 9.27 2.4193 0 0 0 
3250000 8346 417.6 66498.0 9.398 2.3142 0 0 0 
3260000 8372 408.831 66745.0 9.444 2.2677 0 0 0 
3270000 8400 386.707 67006.0 9.495 2.1457 0 0 0 
3280000 8427 379.11 67252.0 9.281 2.1095 0 0 0 
3290000 8453 379.702 67493.0 9.238 2.1095 0 0 0 
3300000 8480 372.418 67736.0 9.183 2.0675 0 0 0 
3310000 8510 356.123 68014.0 9.235 1.9725 0 0 0 
3320000 8537 362.474 68270.0 9.388 2.0043 0 0 0 
3330000 8563 379.42 68501.0 9.258 2.0983 0 0 0 
3340000 8594 354.35 68771.0 9.101 1.9598 0 0 0 
3350000 8617 385.918 68983.0 9.052 2.1305 0 0 0 
3360000 8639 410.889 69179.0 8.996 2.2617 0 0 0 
3370000 8664 406.387 69397.0 8.979 2.239 0 0 0 
3380000 8688 402.952 69606.0 8.766 2.2262 0 0 0 
3390000 8715 388.873 69863.0 9.105 2.1507 0 0 0 
3400000 8742 382.21 70113.0 9.201 2.1206 0 0 0 
3410000 8772 359.479 70376.0 9.104 2.002 0 0 0 
3420000 8799 363.996 70632.0 9.164 2.0278 0 0 0 
3430000 8829 352.473 70920.0 9.384 1.9624 0 0 0 
3440000 8858 347.732 71189.0 9.364 1.9345 0 0 0 
3450000 8881 378.584 71405.0 9.365 2.105 0 0 0 
3460000 8904 400.382 71610.0 9.127 2.2355 0 0 0 
3470000 8928 402.665 71835.0 9.216 2.2421 0 0 0 
3480000 8956 384.045 72083.0 9.095 2.1448 0 0 0 
3490000 8983 373.284 72338.0 9.259 2.0829 0 0 0 
3500000 9011 370.506 72608.0 9.375 2.0704 0 0 0 
3510000 9042 345.696 72909.0 9.519 1.9328 0 0 0 
3520000 9065 383.1 73109.0 9.316 2.1393 0 0 0 
3530000 9090 397.015 73352.0 9.482 2.2204 0 0 0 
3540000 9117 386.119 73612.0 9.496 2.1569 0 0 0 
3550000 9140 399.078 73827.0 9.403 2.227 0 0 0 
3560000 9164 406.067 74060.0 9.498 2.2687 0 0 0 
3570000 9191 388.58 74298.0 9.205 2.1436 0 0 0 
3580000 9218 377.928 74552.0 9.384 2.0655 0 0 0 
3590000 9247 359.546 74834.0 9.448 1.9649 0 0 0 
3600000 9276 350.176 75090.0 9.161 1.9377 0 0 0 
3610000 9304 353.776 75337.0 8.968 1.972 0 0 0 
3620000 9329 375.573 75559.0 9.047 2.0986 0 0 0 
3630000 9356 365.882 75807.0 8.991 2.0503 0 0 0 
3640000 9381 384.923 76018.0 8.798 2.1953 0 0 0 
3650000 9404 404.136 76228.0 8.896 2.2885 0 0 0 
3660000 9428 398.601 76438.0 8.875 2.2537 0 0 0 
3670000 9451 413.911 76648.0 9.017 2.3319 0 0 0 
3680000 9479 392.056 76876.0 8.602 2.2084 0 0 0 
3690000 9502 405.37 77078.0 8.7 2.2885 0 0 0 
3700000 9529 391.819 77341.0 9.114 2.2209 0 0 0 
3710000 9555 382.029 77572.0 9.081 2.1691 0 0 0 
3720000 9578 409.671 77778.0 9.075 2.3297 0 0 0 
3730000 9607 381.609 78039.0 9.061 2.1713 0 0 0 
3740000 9632 385.247 78276.0 9.132 2.1937 0 0 0 
3750000 9663 355.111 78561.0 9.128 2.0237 0 0 0 
3760000 9688 371.67 78770.0 8.872 2.1275 0 0 0 
3770000 9717 361.469 79032.0 9.01 2.0731 0 0 0 
3780000 9744 366.208 79269.0 8.986 2.0962 0 0 0 
3790000 9779 319.897 79578.0 8.75 1.8283 0 0 0 
3800000 9807 335.75 79831.0 8.842 1.9082 0 0 0 
3810000 9836 340.857 80083.0 8.861 1.932 0 0 0 
3820000 9862 358.06 80334.0 9.178 2.0343 0 0 0 
3830000 9888 364.273 80591.0 9.484 2.0583 0 0 0 
3840000 9916 360.572 80849.0 9.328 2.0467 0 0 0 
3850000 9945 355.33 81115.0 9.271 2.0132 0 0 0 
3860000 9972 363.561 81365.0 9.264 2.0551 0 0 0 
3870000 9998 368.882 81611.0 9.341 2.0887 0 0 0 
3880000 10024 374.46 81870.0 9.585 2.1189 0 0 0 
3890000 10050 378.765 82099.0 9.357 2.1407 0 0 0 
3900000 10077 377.267 82350.0 9.365 2.1305 0 0 0 
3910000 10106 349.63 82632.0 9.377 1.9835 0 0 0 
3920000 10136 347.403 82899.0 9.141 1.9688 0 0 0 
3930000 10163 365.826 83150.0 9.332 2.08 0 0 0 
3940000 10192 355.556 83425.0 9.327 2.0264 0 0 0 
3950000 10216 378.586 83629.0 8.94 2.165 0 0 0 
3960000 10243 377.513 83857.0 8.808 2.1552 0 0 0 
3970000 10273 352.628 84135.0 8.909 2.0117 0 0 0 
3980000 10305 335.173 84434.0 9.142 1.9137 0 0 0 
3990000 10331 357.226 84683.0 9.446 2.0368 0 0 0 
4000000 10358 355.662 84936.0 9.267 2.0279 0 0 0 
