1000.0 125.0 -123.0 nan nan -0.123 nan nan -0.912 nan nan 
2000.0 251.0 -241.0 nan nan -0.1205 nan nan -0.95 nan nan 
3000.0 378.0 -364.0 nan nan -0.1213 nan nan -0.957 nan nan 
4000.0 503.0 -487.0 nan nan -0.1218 nan nan -0.977 nan nan 
5000.0 630.0 -608.0 nan nan -0.1216 nan nan -0.981 nan nan 
6000.0 757.0 -729.0 nan nan -0.1215 nan nan -0.959 nan nan 
7000.0 882.0 -852.0 nan nan -0.1217 nan nan -0.988 nan nan 
8000.0 1011.0 -967.0 nan nan -0.1209 nan nan -0.904 nan nan 
9000.0 1137.0 -1089.0 nan nan -0.121 nan nan -0.966 nan nan 
10000.0 1262.0 -1208.0 nan nan -0.1208 nan nan -0.953 nan nan 
11000.0 1388.0 -1330.0 nan nan -0.1209 nan nan -0.966 nan nan 
12000.0 1515.0 -1447.0 nan nan -0.1206 nan nan -0.934 nan nan 
13000.0 1640.0 -1572.0 nan nan -0.1209 nan nan -0.995 nan nan 
14000.0 1766.0 -1686.0 nan nan -0.1204 nan nan -0.873 nan nan 
15000.0 1892.0 -1808.0 nan nan -0.1205 nan nan -0.981 nan nan 
16000.0 2019.0 -1929.0 nan nan -0.1206 nan nan -0.976 nan nan 
17000.0 2146.0 -2050.0 nan nan -0.1206 nan nan -0.958 nan nan 
18000.0 2271.0 -2175.0 nan nan -0.1208 nan nan -0.997 nan nan 
19000.0 2398.0 -2292.0 nan nan -0.1206 nan nan -0.906 nan nan 
20000.0 2524.0 -2414.0 nan nan -0.1207 nan nan -0.975 nan nan 
21000.0 2651.0 -2533.0 nan nan -0.1206 nan nan -0.934 nan nan 
22000.0 2778.0 -2654.0 nan nan -0.1206 nan nan -0.957 nan nan 
23000.0 2903.0 -2777.0 nan nan -0.1207 nan nan -0.989 nan nan 
24000.0 3030.0 -2894.0 nan nan -0.1206 nan nan -0.947 nan nan 
25000.0 3158.0 -3012.0 nan nan -0.1205 nan nan -0.905 nan nan 
26000.0 3284.0 -3134.0 nan nan -0.1205 nan nan -0.96 nan nan 
27000.0 3411.0 -3257.0 nan nan -0.1206 nan nan -0.978 nan nan 
28000.0 3536.0 -3382.0 nan nan -0.1208 nan nan -0.998 nan nan 
29000.0 3664.0 -3500.0 nan nan -0.1207 nan nan -0.967 nan nan 
30000.0 3789.0 -3621.0 nan nan -0.1207 nan nan -0.987 nan nan 
31000.0 3917.0 -3743.0 nan nan -0.1207 nan nan -0.956 nan nan 
32000.0 4045.0 -3863.0 nan nan -0.1207 nan nan -0.935 nan nan 
33000.0 4170.0 -3984.0 nan nan -0.1207 nan nan -0.94 nan nan 
34000.0 4297.0 -4103.0 nan nan -0.1207 nan nan -0.939 nan nan 
35000.0 4425.0 -4223.0 nan nan -0.1207 nan nan -0.954 nan nan 
36000.0 4552.0 -4340.0 nan nan -0.1206 nan nan -0.922 nan nan 
37000.0 4678.0 -4462.0 nan nan -0.1206 nan nan -0.966 nan nan 
38000.0 4803.0 -4585.0 nan nan -0.1207 nan nan -0.991 nan nan 
39000.0 4928.0 -4710.0 nan nan -0.1208 nan nan -0.999 nan nan 
40000.0 5053.0 -4833.0 nan nan -0.1208 nan nan -0.984 nan nan 
41000.0 5181.0 -4951.0 nan nan -0.1208 nan nan -0.924 nan nan 
42000.0 5308.0 -5068.0 nan nan -0.1207 nan nan -0.919 nan nan 
43000.0 5434.0 -5186.0 nan nan -0.1206 nan nan -0.945 nan nan 
44000.0 5562.0 -5306.0 nan nan -0.1206 nan nan -0.966 nan nan 
45000.0 5688.0 -5422.0 nan nan -0.1205 nan nan -0.925 nan nan 
46000.0 5816.0 -5544.0 nan nan -0.1205 nan nan -0.931 nan nan 
47000.0 5946.0 -5660.0 nan nan -0.1204 nan nan -0.877 nan nan 
48000.0 6075.0 -5775.0 nan nan -0.1203 nan nan -0.905 nan nan 
49000.0 6202.0 -5890.0 nan nan -0.1202 nan nan -0.897 nan nan 
50000.0 6330.0 -6010.0 nan nan -0.1202 nan nan -0.923 nan nan 
51000.0 6457.0 -6129.0 nan nan -0.1202 nan nan -0.967 nan nan 
52000.0 6585.0 -6243.0 nan nan -0.1201 nan nan -0.922 nan nan 
53000.0 6713.0 -6363.0 nan nan -0.1201 nan nan -0.953 nan nan 
54000.0 6840.0 -6480.0 nan nan -0.12 nan nan -0.894 nan nan 
55000.0 6967.0 -6601.0 nan nan -0.12 nan nan -0.912 nan nan 
56000.0 7094.0 -6722.0 nan nan -0.12 nan nan -0.971 nan nan 
57000.0 7220.0 -6840.0 nan nan -0.12 nan nan -0.951 nan nan 
58000.0 7348.0 -6952.0 nan nan -0.1199 nan nan -0.912 nan nan 
59000.0 7474.0 -7074.0 nan nan -0.1199 nan nan -0.956 nan nan 
60000.0 7602.0 -7192.0 nan nan -0.1199 nan nan -0.928 nan nan 
61000.0 7729.0 -7311.0 nan nan -0.1199 nan nan -0.934 nan nan 
62000.0 7855.0 -7435.0 nan nan -0.1199 nan nan -0.987 nan nan 
63000.0 7981.0 -7553.0 nan nan -0.1199 nan nan -0.956 nan nan 
64000.0 8108.0 -7672.0 nan nan -0.1199 nan nan -0.953 nan nan 
65000.0 8235.0 -7791.0 nan nan -0.1199 nan nan -0.926 nan nan 
66000.0 8362.0 -7908.0 nan nan -0.1198 nan nan -0.928 nan nan 
67000.0 8491.0 -8025.0 nan nan -0.1198 nan nan -0.94 nan nan 
68000.0 8618.0 -8142.0 nan nan -0.1197 nan nan -0.915 nan nan 
69000.0 8744.0 -8262.0 nan nan -0.1197 nan nan -0.921 nan nan 
70000.0 8872.0 -8376.0 nan nan -0.1197 nan nan -0.876 nan nan 
71000.0 8999.0 -8497.0 nan nan -0.1197 nan nan -0.957 nan nan 
72000.0 9126.0 -8618.0 nan nan -0.1197 nan nan -0.964 nan nan 
73000.0 9251.0 -8741.0 nan nan -0.1197 nan nan -0.985 nan nan 
74000.0 9380.0 -8854.0 nan nan -0.1196 nan nan -0.911 nan nan 
75000.0 9507.0 -8975.0 nan nan -0.1197 nan nan -0.961 nan nan 
76000.0 9635.0 -9093.0 nan nan -0.1196 nan nan -0.946 nan nan 
77000.0 9762.0 -9214.0 nan nan -0.1197 nan nan -0.97 nan nan 
78000.0 9891.0 -9325.0 nan nan -0.1196 nan nan -0.816 nan nan 
79000.0 10020.0 -9442.0 nan nan -0.1195 nan nan -0.882 nan nan 
80000.0 10147.0 -9561.0 nan nan -0.1195 nan nan -0.96 nan nan 
81000.0 10277.0 -9673.0 nan nan -0.1194 nan nan -0.912 nan nan 
82000.0 10404.0 -9788.0 nan nan -0.1194 nan nan -0.933 nan nan 
83000.0 10531.0 -9907.0 nan nan -0.1194 nan nan -0.951 nan nan 
84000.0 10658.0 -10026.0 nan nan -0.1194 nan nan -0.934 nan nan 
85000.0 10787.0 -10143.0 nan nan -0.1193 nan nan -0.941 nan nan 
86000.0 10913.0 -10263.0 nan nan -0.1193 nan nan -0.933 nan nan 
87000.0 11039.0 -10375.0 nan nan -0.1193 nan nan -0.92 nan nan 
88000.0 11167.0 -10485.0 nan nan -0.1191 nan nan -0.882 nan nan 
89000.0 11296.0 -10602.0 nan nan -0.1191 nan nan -0.919 nan nan 
90000.0 11425.0 -10713.0 nan nan -0.119 nan nan -0.874 nan nan 
91000.0 11552.0 -10824.0 nan nan -0.1189 nan nan -0.864 nan nan 
92000.0 11681.0 -10937.0 nan nan -0.1189 nan nan -0.865 nan nan 
93000.0 11812.0 -11044.0 nan nan -0.1188 nan nan -0.783 nan nan 
94000.0 11938.0 -11164.0 nan nan -0.1188 nan nan -0.959 nan nan 
95000.0 12065.0 -11281.0 nan nan -0.1187 nan nan -0.942 nan nan 
96000.0 12195.0 -11393.0 nan nan -0.1187 nan nan -0.832 nan nan 
97000.0 12324.0 -11500.0 nan nan -0.1186 nan nan -0.838 nan nan 
98000.0 12452.0 -11614.0 nan nan -0.1185 nan nan -0.904 nan nan 
99000.0 12582.0 -11726.0 nan nan -0.1184 nan nan -0.871 nan nan 
100000.0 12711.0 -11831.0 nan nan -0.1183 nan nan -0.817 nan nan 
101000.0 12841.0 -11943.0 nan nan -0.1182 nan nan -0.879 nan nan 
102000.0 12969.0 -12055.0 nan nan -0.1182 nan nan -0.789 nan nan 
103000.0 13099.0 -12157.0 nan nan -0.118 nan nan -0.774 nan nan 
104000.0 13234.0 -12254.0 nan nan -0.1178 nan nan -0.757 nan nan 
105000.0 13367.0 -12339.0 nan nan -0.1175 nan nan -0.722 nan nan 
106000.0 13504.0 -12426.0 nan nan -0.1172 nan nan -0.69 nan nan 
107000.0 13638.0 -12518.0 nan nan -0.117 nan nan -0.64 nan nan 
108000.0 13772.0 -12608.0 nan nan -0.1167 nan nan -0.589 nan nan 
109000.0 13905.0 -12703.0 nan nan -0.1165 nan nan -0.661 nan nan 
110000.0 14040.0 -12792.0 nan nan -0.1163 nan nan -0.612 nan nan 
111000.0 14183.0 -12857.0 nan nan -0.1158 nan nan -0.405 nan nan 
112000.0 14327.0 -12927.0 nan nan -0.1154 nan nan -0.499 nan nan 
113000.0 14468.0 -12982.0 nan nan -0.1149 nan nan -0.51 nan nan 
114000.0 14610.0 -13044.0 nan nan -0.1144 nan nan -0.433 nan nan 
115000.0 14763.0 -13075.0 nan nan -0.1137 nan nan -0.316 nan nan 
116000.0 14916.0 -13110.0 nan nan -0.113 nan nan -0.193 nan nan 
117000.0 15069.0 -13135.0 nan nan -0.1123 nan nan -0.09 nan nan 
118000.0 15226.0 -13148.0 nan nan -0.1114 nan nan -0.117 nan nan 
119000.0 15399.0 -13119.0 nan nan -0.1102 nan nan 0.092 nan nan 
120000.0 15577.0 -13067.0 nan nan -0.1089 nan nan 0.327 nan nan 
121000.0 15748.0 -13026.0 nan nan -0.1077 nan nan 0.149 nan nan 
122000.0 15930.0 -12950.0 nan nan -0.1061 nan nan 0.394 nan nan 
123000.0 16119.0 -12845.0 nan nan -0.1044 nan nan 0.651 nan nan 
124000.0 16308.0 -12756.0 nan nan -0.1029 nan nan 0.533 nan nan 
125000.0 16503.0 -12641.0 nan nan -0.1011 nan nan 0.532 nan nan 
126000.0 16704.0 -12500.0 nan nan -0.0992 nan nan 0.703 nan nan 
127000.0 16910.0 -12350.0 nan nan -0.0972 nan nan 0.725 nan nan 
128000.0 17110.0 -12218.0 nan nan -0.0955 nan nan 0.684 nan nan 
129000.0 17317.0 -12073.0 nan nan -0.0936 nan nan 0.632 nan nan 
130000.0 17518.0 -11932.0 nan nan -0.0918 nan nan 0.622 nan nan 
131000.0 17718.0 -11816.0 nan nan -0.0902 nan nan 0.575 nan nan 
132000.0 17918.0 -11684.0 nan nan -0.0885 nan nan 0.647 nan nan 
133000.0 18118.0 -11548.0 nan nan -0.0868 nan nan 0.613 nan nan 
134000.0 18323.0 -11401.0 nan nan -0.0851 nan nan 0.67 nan nan 
135000.0 18522.0 -11266.0 nan nan -0.0835 nan nan 0.654 nan nan 
136000.0 18718.0 -11148.0 nan nan -0.082 nan nan 0.47 nan nan 
137000.0 18912.0 -11050.0 nan nan -0.0807 nan nan 0.556 nan nan 
138000.0 19109.0 -10921.0 nan nan -0.0791 nan nan 0.722 nan nan 
139000.0 19306.0 -10794.0 nan nan -0.0777 nan nan 0.702 nan nan 
140000.0 19515.0 -10641.0 nan nan -0.076 nan nan 0.711 nan nan 
141000.0 19717.0 -10493.0 nan nan -0.0744 nan nan 0.678 nan nan 
142000.0 19925.0 -10341.0 nan nan -0.0728 nan nan 0.757 nan nan 
143000.0 20145.0 -10163.0 nan nan -0.0711 nan nan 0.871 nan nan 
144000.0 20364.0 -9994.0 nan nan -0.0694 nan nan 0.851 nan nan 
145000.0 20574.0 -9844.0 nan nan -0.0679 nan nan 0.705 nan nan 
146000.0 20775.0 -9711.0 nan nan -0.0665 nan nan 0.597 nan nan 
147000.0 20979.0 -9569.0 nan nan -0.0651 nan nan 0.715 nan nan 
148000.0 21192.0 -9406.0 nan nan -0.0636 nan nan 0.749 nan nan 
149000.0 21399.0 -9261.0 nan nan -0.0622 nan nan 0.787 nan nan 
150000.0 21604.0 -9132.0 nan nan -0.0609 nan nan 0.667 nan nan 
151000.0 21812.0 -8982.0 nan nan -0.0595 nan nan 0.73 nan nan 
152000.0 22028.0 -8814.0 nan nan -0.058 nan nan 0.781 nan nan 
153000.0 22250.0 -8634.0 nan nan -0.0564 nan nan 0.823 nan nan 
154000.0 22460.0 -8486.0 nan nan -0.0551 nan nan 0.708 nan nan 
155000.0 22663.0 -8339.0 nan nan -0.0538 nan nan 0.681 nan nan 
156000.0 22875.0 -8163.0 nan nan -0.0523 nan nan 0.832 nan nan 
157000.0 23087.0 -7977.0 nan nan -0.0508 nan nan 0.846 nan nan 
158000.0 23307.0 -7795.0 nan nan -0.0493 nan nan 0.8 nan nan 
159000.0 23530.0 -7610.0 nan nan -0.0479 nan nan 0.82 nan nan 
160000.0 23755.0 -7407.0 nan nan -0.0463 nan nan 0.958 nan nan 
161000.0 23977.0 -7221.0 nan nan -0.0449 nan nan 0.886 nan nan 
162000.0 24183.0 -7049.0 nan nan -0.0435 nan nan 0.77 nan nan 
163000.0 24401.0 -6863.0 nan nan -0.0421 nan nan 0.858 nan nan 
164000.0 24618.0 -6678.0 nan nan -0.0407 nan nan 0.874 nan nan 
165000.0 24837.0 -6483.0 nan nan -0.0393 nan nan 0.887 nan nan 
166000.0 25054.0 -6280.0 nan nan -0.0378 nan nan 0.944 nan nan 
167000.0 25284.0 -6066.0 nan nan -0.0363 nan nan 0.929 nan nan 
168000.0 25502.0 -5876.0 nan nan -0.035 nan nan 0.827 nan nan 
169000.0 25722.0 -5674.0 nan nan -0.0336 nan nan 0.944 nan nan 
170000.0 25938.0 -5488.0 nan nan -0.0323 nan nan 0.846 nan nan 
171000.0 26159.0 -5297.0 nan nan -0.031 nan nan 0.891 nan nan 
172000.0 26390.0 -5094.0 nan nan -0.0296 nan nan 0.876 nan nan 
173000.0 26613.0 -4889.0 nan nan -0.0283 nan nan 0.929 nan nan 
174000.0 26840.0 -4688.0 nan nan -0.0269 nan nan 0.925 nan nan 
175000.0 27062.0 -4496.0 nan nan -0.0257 nan nan 0.848 nan nan 
176000.0 27286.0 -4290.0 nan nan -0.0244 nan nan 0.976 nan nan 
177000.0 27519.0 -4069.0 nan nan -0.023 nan nan 0.954 nan nan 
178000.0 27739.0 -3875.0 nan nan -0.0218 nan nan 0.765 nan nan 
179000.0 27972.0 -3662.0 nan nan -0.0205 nan nan 0.894 nan nan 
180000.0 28188.0 -3474.0 nan nan -0.0193 nan nan 0.845 nan nan 
181000.0 28402.0 -3294.0 nan nan -0.0182 nan nan 0.8 nan nan 
182000.0 28623.0 -3113.0 nan nan -0.0171 nan nan 0.863 nan nan 
183000.0 28849.0 -2917.0 nan nan -0.0159 nan nan 0.895 nan nan 
184000.0 29077.0 -2719.0 nan nan -0.0148 nan nan 0.859 nan nan 
185000.0 29286.0 -2544.0 nan nan -0.0138 nan nan 0.886 nan nan 
186000.0 29508.0 -2350.0 nan nan -0.0126 nan nan 0.785 nan nan 
187000.0 29729.0 -2153.0 nan nan -0.0115 nan nan 0.917 nan nan 
188000.0 29950.0 -1954.0 nan nan -0.0104 nan nan 0.938 nan nan 
189000.0 30186.0 -1752.0 nan nan -0.0093 nan nan 0.821 nan nan 
190000.0 30419.0 -1539.0 nan nan -0.0081 nan nan 0.932 nan nan 
191000.0 30637.0 -1351.0 nan nan -0.0071 nan nan 0.865 nan nan 
192000.0 30859.0 -1161.0 nan nan -0.006 nan nan 0.857 nan nan 
193000.0 31080.0 -970.0 nan nan -0.005 nan nan 0.832 nan nan 
194000.0 31307.0 -763.0 nan nan -0.0039 nan nan 0.945 nan nan 
195000.0 31528.0 -572.0 nan nan -0.0029 nan nan 0.911 nan nan 
196000.0 31750.0 -388.0 nan nan -0.002 nan nan 0.866 nan nan 
197000.0 31983.0 -169.0 nan nan -0.0009 nan nan 0.961 nan nan 
198000.0 32211.0 35.0 nan nan 0.0002 nan nan 0.842 nan nan 
199000.0 32437.0 231.0 nan nan 0.0012 nan nan 0.826 nan nan 
200000.0 32650.0 428.0 nan nan 0.0021 nan nan 0.942 nan nan 
