1000.0 125.0 -123.0 nan nan -0.123 nan nan -0.905 nan nan 
2000.0 250.0 -246.0 nan nan -0.123 nan nan -0.974 nan nan 
3000.0 377.0 -369.0 nan nan -0.123 nan nan -0.973 nan nan 
4000.0 504.0 -486.0 nan nan -0.1215 nan nan -0.917 nan nan 
5000.0 630.0 -604.0 nan nan -0.1208 nan nan -0.943 nan nan 
6000.0 756.0 -726.0 nan nan -0.121 nan nan -0.971 nan nan 
7000.0 881.0 -851.0 nan nan -0.1216 nan nan -0.998 nan nan 
8000.0 1007.0 -971.0 nan nan -0.1214 nan nan -0.948 nan nan 
9000.0 1134.0 -1090.0 nan nan -0.1211 nan nan -0.916 nan nan 
10000.0 1261.0 -1209.0 nan nan -0.1209 nan nan -0.939 nan nan 
11000.0 1387.0 -1333.0 nan nan -0.1212 nan nan -0.99 nan nan 
12000.0 1513.0 -1455.0 nan nan -0.1212 nan nan -0.97 nan nan 
13000.0 1639.0 -1575.0 nan nan -0.1212 nan nan -0.959 nan nan 
14000.0 1765.0 -1699.0 nan nan -0.1214 nan nan -0.96 nan nan 
15000.0 1891.0 -1823.0 nan nan -0.1215 nan nan -0.957 nan nan 
16000.0 2017.0 -1945.0 nan nan -0.1216 nan nan -0.986 nan nan 
17000.0 2143.0 -2069.0 nan nan -0.1217 nan nan -0.994 nan nan 
18000.0 2268.0 -2194.0 nan nan -0.1219 nan nan -1.0 nan nan 
19000.0 2395.0 -2313.0 nan nan -0.1217 nan nan -0.949 nan nan 
20000.0 2521.0 -2433.0 nan nan -0.1216 nan nan -0.965 nan nan 
21000.0 2648.0 -2552.0 nan nan -0.1215 nan nan -0.93 nan nan 
22000.0 2773.0 -2677.0 nan nan -0.1217 nan nan -0.994 nan nan 
23000.0 2899.0 -2797.0 nan nan -0.1216 nan nan -0.943 nan nan 
24000.0 3026.0 -2918.0 nan nan -0.1216 nan nan -0.937 nan nan 
25000.0 3153.0 -3039.0 nan nan -0.1216 nan nan -0.948 nan nan 
26000.0 3278.0 -3160.0 nan nan -0.1215 nan nan -0.973 nan nan 
27000.0 3404.0 -3284.0 nan nan -0.1216 nan nan -0.994 nan nan 
28000.0 3529.0 -3407.0 nan nan -0.1217 nan nan -0.969 nan nan 
29000.0 3655.0 -3529.0 nan nan -0.1217 nan nan -0.983 nan nan 
30000.0 3782.0 -3650.0 nan nan -0.1217 nan nan -0.974 nan nan 
31000.0 3908.0 -3772.0 nan nan -0.1217 nan nan -0.98 nan nan 
32000.0 4033.0 -3895.0 nan nan -0.1217 nan nan -0.989 nan nan 
33000.0 4161.0 -4011.0 nan nan -0.1215 nan nan -0.942 nan nan 
34000.0 4288.0 -4132.0 nan nan -0.1215 nan nan -0.912 nan nan 
35000.0 4413.0 -4257.0 nan nan -0.1216 nan nan -0.993 nan nan 
36000.0 4538.0 -4382.0 nan nan -0.1217 nan nan -0.999 nan nan 
37000.0 4664.0 -4502.0 nan nan -0.1217 nan nan -0.982 nan nan 
38000.0 4790.0 -4622.0 nan nan -0.1216 nan nan -0.939 nan nan 
39000.0 4915.0 -4745.0 nan nan -0.1217 nan nan -0.986 nan nan 
40000.0 5041.0 -4869.0 nan nan -0.1217 nan nan -0.994 nan nan 
41000.0 5166.0 -4992.0 nan nan -0.1218 nan nan -0.967 nan nan 
42000.0 5295.0 -5111.0 nan nan -0.1217 nan nan -0.874 nan nan 
43000.0 5420.0 -5232.0 nan nan -0.1217 nan nan -0.97 nan nan 
44000.0 5546.0 -5354.0 nan nan -0.1217 nan nan -0.991 nan nan 
45000.0 5672.0 -5474.0 nan nan -0.1216 nan nan -0.947 nan nan 
46000.0 5798.0 -5596.0 nan nan -0.1217 nan nan -0.946 nan nan 
47000.0 5925.0 -5715.0 nan nan -0.1216 nan nan -0.917 nan nan 
48000.0 6050.0 -5838.0 nan nan -0.1216 nan nan -0.977 nan nan 
49000.0 6176.0 -5956.0 nan nan -0.1216 nan nan -0.93 nan nan 
50000.0 6305.0 -6071.0 nan nan -0.1214 nan nan -0.85 nan nan 
51000.0 6433.0 -6191.0 nan nan -0.1214 nan nan -0.95 nan nan 
52000.0 6558.0 -6312.0 nan nan -0.1214 nan nan -0.986 nan nan 
53000.0 6685.0 -6429.0 nan nan -0.1213 nan nan -0.928 nan nan 
54000.0 6813.0 -6545.0 nan nan -0.1212 nan nan -0.909 nan nan 
55000.0 6939.0 -6667.0 nan nan -0.1212 nan nan -0.975 nan nan 
56000.0 7065.0 -6787.0 nan nan -0.1212 nan nan -0.956 nan nan 
57000.0 7192.0 -6906.0 nan nan -0.1212 nan nan -0.914 nan nan 
58000.0 7319.0 -7023.0 nan nan -0.1211 nan nan -0.915 nan nan 
59000.0 7448.0 -7138.0 nan nan -0.121 nan nan -0.9 nan nan 
60000.0 7576.0 -7258.0 nan nan -0.121 nan nan -0.937 nan nan 
61000.0 7703.0 -7373.0 nan nan -0.1209 nan nan -0.922 nan nan 
62000.0 7830.0 -7492.0 nan nan -0.1208 nan nan -0.894 nan nan 
63000.0 7960.0 -7608.0 nan nan -0.1208 nan nan -0.889 nan nan 
64000.0 8089.0 -7719.0 nan nan -0.1206 nan nan -0.886 nan nan 
65000.0 8222.0 -7826.0 nan nan -0.1204 nan nan -0.738 nan nan 
66000.0 8351.0 -7933.0 nan nan -0.1202 nan nan -0.811 nan nan 
67000.0 8480.0 -8046.0 nan nan -0.1201 nan nan -0.906 nan nan 
68000.0 8609.0 -8147.0 nan nan -0.1198 nan nan -0.783 nan nan 
69000.0 8741.0 -8247.0 nan nan -0.1195 nan nan -0.755 nan nan 
70000.0 8871.0 -8349.0 nan nan -0.1193 nan nan -0.78 nan nan 
71000.0 8999.0 -8463.0 nan nan -0.1192 nan nan -0.914 nan nan 
72000.0 9131.0 -8563.0 nan nan -0.1189 nan nan -0.69 nan nan 
73000.0 9265.0 -8653.0 nan nan -0.1185 nan nan -0.707 nan nan 
74000.0 9398.0 -8740.0 nan nan -0.1181 nan nan -0.69 nan nan 
75000.0 9530.0 -8830.0 nan nan -0.1177 nan nan -0.688 nan nan 
76000.0 9663.0 -8921.0 nan nan -0.1174 nan nan -0.667 nan nan 
77000.0 9801.0 -8991.0 nan nan -0.1168 nan nan -0.55 nan nan 
78000.0 9933.0 -9091.0 nan nan -0.1166 nan nan -0.715 nan nan 
79000.0 10072.0 -9164.0 nan nan -0.116 nan nan -0.495 nan nan 
80000.0 10208.0 -9248.0 nan nan -0.1156 nan nan -0.59 nan nan 
81000.0 10350.0 -9304.0 nan nan -0.1149 nan nan -0.428 nan nan 
82000.0 10481.0 -9399.0 nan nan -0.1146 nan nan -0.701 nan nan 
83000.0 10621.0 -9463.0 nan nan -0.114 nan nan -0.459 nan nan 
84000.0 10759.0 -9537.0 nan nan -0.1135 nan nan -0.533 nan nan 
85000.0 10909.0 -9581.0 nan nan -0.1127 nan nan -0.258 nan nan 
86000.0 11054.0 -9620.0 nan nan -0.1119 nan nan -0.332 nan nan 
87000.0 11206.0 -9646.0 nan nan -0.1109 nan nan -0.181 nan nan 
88000.0 11350.0 -9676.0 nan nan -0.11 nan nan -0.234 nan nan 
89000.0 11501.0 -9699.0 nan nan -0.109 nan nan -0.138 nan nan 
90000.0 11655.0 -9711.0 nan nan -0.1079 nan nan -0.107 nan nan 
91000.0 11813.0 -9723.0 nan nan -0.1068 nan nan 0.002 nan nan 
92000.0 11975.0 -9711.0 nan nan -0.1056 nan nan 0.244 nan nan 
93000.0 12131.0 -9713.0 nan nan -0.1044 nan nan 0.044 nan nan 
94000.0 12303.0 -9677.0 nan nan -0.1029 nan nan 0.143 nan nan 
95000.0 12465.0 -9665.0 nan nan -0.1017 nan nan 0.0 nan nan 
96000.0 12648.0 -9618.0 nan nan -0.1002 nan nan 0.267 nan nan 
97000.0 12818.0 -9568.0 nan nan -0.0986 nan nan 0.466 nan nan 
98000.0 12996.0 -9502.0 nan nan -0.097 nan nan 0.354 nan nan 
99000.0 13176.0 -9434.0 nan nan -0.0953 nan nan 0.367 nan nan 
100000.0 13365.0 -9331.0 nan nan -0.0933 nan nan 0.504 nan nan 
101000.0 13548.0 -9270.0 nan nan -0.0918 nan nan 0.258 nan nan 
102000.0 13730.0 -9188.0 nan nan -0.0901 nan nan 0.505 nan nan 
103000.0 13909.0 -9121.0 nan nan -0.0886 nan nan 0.318 nan nan 
104000.0 14094.0 -9032.0 nan nan -0.0868 nan nan 0.535 nan nan 
105000.0 14277.0 -8959.0 nan nan -0.0853 nan nan 0.326 nan nan 
106000.0 14472.0 -8842.0 nan nan -0.0834 nan nan 0.642 nan nan 
107000.0 14661.0 -8757.0 nan nan -0.0818 nan nan 0.415 nan nan 
108000.0 14856.0 -8644.0 nan nan -0.08 nan nan 0.535 nan nan 
109000.0 15038.0 -8562.0 nan nan -0.0786 nan nan 0.525 nan nan 
110000.0 15222.0 -8476.0 nan nan -0.0771 nan nan 0.334 nan nan 
111000.0 15408.0 -8394.0 nan nan -0.0756 nan nan 0.325 nan nan 
112000.0 15600.0 -8284.0 nan nan -0.074 nan nan 0.528 nan nan 
113000.0 15788.0 -8176.0 nan nan -0.0724 nan nan 0.603 nan nan 
114000.0 15983.0 -8067.0 nan nan -0.0708 nan nan 0.56 nan nan 
115000.0 16187.0 -7937.0 nan nan -0.069 nan nan 0.758 nan nan 
116000.0 16384.0 -7808.0 nan nan -0.0673 nan nan 0.64 nan nan 
117000.0 16587.0 -7655.0 nan nan -0.0654 nan nan 0.78 nan nan 
118000.0 16786.0 -7522.0 nan nan -0.0637 nan nan 0.717 nan nan 
119000.0 16993.0 -7373.0 nan nan -0.062 nan nan 0.691 nan nan 
120000.0 17199.0 -7205.0 nan nan -0.06 nan nan 0.858 nan nan 
121000.0 17413.0 -7037.0 nan nan -0.0582 nan nan 0.739 nan nan 
122000.0 17615.0 -6907.0 nan nan -0.0566 nan nan 0.621 nan nan 
123000.0 17812.0 -6776.0 nan nan -0.0551 nan nan 0.719 nan nan 
124000.0 18023.0 -6619.0 nan nan -0.0534 nan nan 0.831 nan nan 
125000.0 18234.0 -6458.0 nan nan -0.0517 nan nan 0.8 nan nan 
126000.0 18438.0 -6316.0 nan nan -0.0501 nan nan 0.694 nan nan 
127000.0 18643.0 -6171.0 nan nan -0.0486 nan nan 0.738 nan nan 
128000.0 18860.0 -5992.0 nan nan -0.0468 nan nan 0.768 nan nan 
129000.0 19074.0 -5816.0 nan nan -0.0451 nan nan 0.749 nan nan 
130000.0 19282.0 -5648.0 nan nan -0.0434 nan nan 0.747 nan nan 
131000.0 19494.0 -5484.0 nan nan -0.0419 nan nan 0.741 nan nan 
132000.0 19710.0 -5314.0 nan nan -0.0403 nan nan 0.78 nan nan 
133000.0 19906.0 -5190.0 nan nan -0.039 nan nan 0.608 nan nan 
134000.0 20106.0 -5064.0 nan nan -0.0378 nan nan 0.587 nan nan 
135000.0 20315.0 -4901.0 nan nan -0.0363 nan nan 0.92 nan nan 
136000.0 20532.0 -4714.0 nan nan -0.0347 nan nan 0.911 nan nan 
137000.0 20745.0 -4555.0 nan nan -0.0332 nan nan 0.759 nan nan 
138000.0 20967.0 -4361.0 nan nan -0.0316 nan nan 0.849 nan nan 
139000.0 21177.0 -4187.0 nan nan -0.0301 nan nan 0.792 nan nan 
140000.0 21400.0 -3994.0 nan nan -0.0285 nan nan 0.833 nan nan 
141000.0 21623.0 -3807.0 nan nan -0.027 nan nan 0.83 nan nan 
142000.0 21829.0 -3641.0 nan nan -0.0256 nan nan 0.783 nan nan 
143000.0 22045.0 -3463.0 nan nan -0.0242 nan nan 0.806 nan nan 
144000.0 22257.0 -3283.0 nan nan -0.0228 nan nan 0.868 nan nan 
145000.0 22476.0 -3090.0 nan nan -0.0213 nan nan 0.872 nan nan 
146000.0 22704.0 -2886.0 nan nan -0.0198 nan nan 0.921 nan nan 
147000.0 22924.0 -2684.0 nan nan -0.0183 nan nan 0.918 nan nan 
148000.0 23137.0 -2491.0 nan nan -0.0168 nan nan 0.866 nan nan 
149000.0 23352.0 -2322.0 nan nan -0.0156 nan nan 0.759 nan nan 
150000.0 23555.0 -2179.0 nan nan -0.0145 nan nan 0.631 nan nan 
151000.0 23762.0 -2032.0 nan nan -0.0135 nan nan 0.81 nan nan 
152000.0 23967.0 -1875.0 nan nan -0.0123 nan nan 0.78 nan nan 
153000.0 24175.0 -1717.0 nan nan -0.0112 nan nan 0.73 nan nan 
154000.0 24376.0 -1582.0 nan nan -0.0103 nan nan 0.804 nan nan 
155000.0 24572.0 -1450.0 nan nan -0.0094 nan nan 0.632 nan nan 
156000.0 24772.0 -1294.0 nan nan -0.0083 nan nan 0.813 nan nan 
157000.0 24985.0 -1121.0 nan nan -0.0071 nan nan 0.827 nan nan 
158000.0 25200.0 -946.0 nan nan -0.006 nan nan 0.906 nan nan 
159000.0 25421.0 -751.0 nan nan -0.0047 nan nan 0.905 nan nan 
160000.0 25644.0 -548.0 nan nan -0.0034 nan nan 0.902 nan nan 
161000.0 25854.0 -378.0 nan nan -0.0023 nan nan 0.766 nan nan 
162000.0 26076.0 -184.0 nan nan -0.0011 nan nan 0.848 nan nan 
163000.0 26300.0 16.0 nan nan 0.0001 nan nan 0.902 nan nan 
164000.0 26519.0 207.0 nan nan 0.0013 nan nan 0.879 nan nan 
165000.0 26741.0 393.0 nan nan 0.0024 nan nan 0.85 nan nan 
166000.0 26969.0 591.0 nan nan 0.0036 nan nan 0.907 nan nan 
167000.0 27179.0 769.0 nan nan 0.0046 nan nan 0.851 nan nan 
168000.0 27392.0 940.0 nan nan 0.0056 nan nan 0.748 nan nan 
169000.0 27614.0 1116.0 nan nan 0.0066 nan nan 0.761 nan nan 
170000.0 27836.0 1314.0 nan nan 0.0077 nan nan 0.932 nan nan 
171000.0 28065.0 1513.0 nan nan 0.0088 nan nan 0.843 nan nan 
172000.0 28288.0 1718.0 nan nan 0.01 nan nan 0.956 nan nan 
173000.0 28505.0 1915.0 nan nan 0.0111 nan nan 0.879 nan nan 
174000.0 28718.0 2088.0 nan nan 0.012 nan nan 0.853 nan nan 
175000.0 28939.0 2281.0 nan nan 0.013 nan nan 0.813 nan nan 
176000.0 29162.0 2474.0 nan nan 0.0141 nan nan 0.822 nan nan 
177000.0 29378.0 2660.0 nan nan 0.015 nan nan 0.846 nan nan 
178000.0 29602.0 2844.0 nan nan 0.016 nan nan 0.759 nan nan 
179000.0 29823.0 3033.0 nan nan 0.0169 nan nan 0.866 nan nan 
180000.0 30037.0 3209.0 nan nan 0.0178 nan nan 0.804 nan nan 
181000.0 30251.0 3381.0 nan nan 0.0187 nan nan 0.798 nan nan 
182000.0 30460.0 3548.0 nan nan 0.0195 nan nan 0.795 nan nan 
183000.0 30671.0 3713.0 nan nan 0.0203 nan nan 0.793 nan nan 
184000.0 30875.0 3873.0 nan nan 0.021 nan nan 0.797 nan nan 
185000.0 31075.0 4021.0 nan nan 0.0217 nan nan 0.698 nan nan 
186000.0 31283.0 4175.0 nan nan 0.0224 nan nan 0.712 nan nan 
187000.0 31493.0 4329.0 nan nan 0.0231 nan nan 0.703 nan nan 
188000.0 31685.0 4447.0 nan nan 0.0237 nan nan 0.65 nan nan 
189000.0 31897.0 4621.0 nan nan 0.0244 nan nan 0.881 nan nan 
190000.0 32106.0 4774.0 nan nan 0.0251 nan nan 0.779 nan nan 
191000.0 32317.0 4947.0 nan nan 0.0259 nan nan 0.855 nan nan 
192000.0 32536.0 5136.0 nan nan 0.0268 nan nan 0.85 nan nan 
193000.0 32758.0 5320.0 nan nan 0.0276 nan nan 0.763 nan nan 
194000.0 32981.0 5517.0 nan nan 0.0284 nan nan 0.889 nan nan 
195000.0 33200.0 5710.0 nan nan 0.0293 nan nan 0.884 nan nan 
196000.0 33425.0 5921.0 nan nan 0.0302 nan nan 0.964 nan nan 
197000.0 33648.0 6122.0 nan nan 0.0311 nan nan 0.925 nan nan 
198000.0 33876.0 6324.0 nan nan 0.0319 nan nan 0.841 nan nan 
199000.0 34102.0 6520.0 nan nan 0.0328 nan nan 0.855 nan nan 
200000.0 34326.0 6720.0 nan nan 0.0336 nan nan 0.92 nan nan 
