1000.0 127.0 -119.0 nan nan -0.119 nan nan -0.88 nan nan 
2000.0 254.0 -238.0 nan nan -0.119 nan nan -0.954 nan nan 
3000.0 379.0 -363.0 nan nan -0.121 nan nan -0.996 nan nan 
4000.0 506.0 -482.0 nan nan -0.1205 nan nan -0.933 nan nan 
5000.0 633.0 -603.0 nan nan -0.1206 nan nan -0.947 nan nan 
6000.0 759.0 -723.0 nan nan -0.1205 nan nan -0.938 nan nan 
7000.0 889.0 -839.0 nan nan -0.1199 nan nan -0.9 nan nan 
8000.0 1015.0 -957.0 nan nan -0.1196 nan nan -0.928 nan nan 
9000.0 1140.0 -1080.0 nan nan -0.12 nan nan -0.956 nan nan 
10000.0 1268.0 -1198.0 nan nan -0.1198 nan nan -0.872 nan nan 
11000.0 1393.0 -1321.0 nan nan -0.1201 nan nan -0.972 nan nan 
12000.0 1519.0 -1439.0 nan nan -0.1199 nan nan -0.914 nan nan 
13000.0 1646.0 -1560.0 nan nan -0.12 nan nan -0.97 nan nan 
14000.0 1773.0 -1675.0 nan nan -0.1196 nan nan -0.914 nan nan 
15000.0 1900.0 -1794.0 nan nan -0.1196 nan nan -0.916 nan nan 
16000.0 2026.0 -1916.0 nan nan -0.1198 nan nan -0.966 nan nan 
17000.0 2156.0 -2030.0 nan nan -0.1194 nan nan -0.877 nan nan 
18000.0 2282.0 -2146.0 nan nan -0.1192 nan nan -0.926 nan nan 
19000.0 2409.0 -2267.0 nan nan -0.1193 nan nan -0.945 nan nan 
20000.0 2537.0 -2387.0 nan nan -0.1194 nan nan -0.923 nan nan 
21000.0 2663.0 -2507.0 nan nan -0.1194 nan nan -0.972 nan nan 
22000.0 2789.0 -2629.0 nan nan -0.1195 nan nan -0.985 nan nan 
23000.0 2916.0 -2752.0 nan nan -0.1197 nan nan -0.975 nan nan 
24000.0 3043.0 -2871.0 nan nan -0.1196 nan nan -0.96 nan nan 
25000.0 3169.0 -2993.0 nan nan -0.1197 nan nan -0.987 nan nan 
26000.0 3295.0 -3111.0 nan nan -0.1197 nan nan -0.959 nan nan 
27000.0 3424.0 -3224.0 nan nan -0.1194 nan nan -0.835 nan nan 
28000.0 3550.0 -3346.0 nan nan -0.1195 nan nan -0.966 nan nan 
29000.0 3676.0 -3464.0 nan nan -0.1194 nan nan -0.98 nan nan 
30000.0 3804.0 -3584.0 nan nan -0.1195 nan nan -0.93 nan nan 
31000.0 3929.0 -3705.0 nan nan -0.1195 nan nan -0.934 nan nan 
32000.0 4055.0 -3823.0 nan nan -0.1195 nan nan -0.953 nan nan 
33000.0 4180.0 -3948.0 nan nan -0.1196 nan nan -0.996 nan nan 
34000.0 4307.0 -4069.0 nan nan -0.1197 nan nan -0.947 nan nan 
35000.0 4433.0 -4191.0 nan nan -0.1197 nan nan -0.976 nan nan 
36000.0 4559.0 -4315.0 nan nan -0.1199 nan nan -0.989 nan nan 
37000.0 4685.0 -4435.0 nan nan -0.1199 nan nan -0.941 nan nan 
38000.0 4811.0 -4557.0 nan nan -0.1199 nan nan -0.979 nan nan 
39000.0 4936.0 -4680.0 nan nan -0.12 nan nan -0.975 nan nan 
40000.0 5064.0 -4796.0 nan nan -0.1199 nan nan -0.885 nan nan 
41000.0 5190.0 -4916.0 nan nan -0.1199 nan nan -0.95 nan nan 
42000.0 5315.0 -5039.0 nan nan -0.12 nan nan -0.99 nan nan 
43000.0 5443.0 -5159.0 nan nan -0.12 nan nan -0.967 nan nan 
44000.0 5572.0 -5274.0 nan nan -0.1199 nan nan -0.902 nan nan 
45000.0 5700.0 -5390.0 nan nan -0.1198 nan nan -0.916 nan nan 
46000.0 5828.0 -5504.0 nan nan -0.1197 nan nan -0.907 nan nan 
47000.0 5955.0 -5625.0 nan nan -0.1197 nan nan -0.939 nan nan 
48000.0 6081.0 -5747.0 nan nan -0.1197 nan nan -0.97 nan nan 
49000.0 6208.0 -5864.0 nan nan -0.1197 nan nan -0.925 nan nan 
50000.0 6333.0 -5985.0 nan nan -0.1197 nan nan -0.982 nan nan 
51000.0 6461.0 -6103.0 nan nan -0.1197 nan nan -0.94 nan nan 
52000.0 6588.0 -6220.0 nan nan -0.1196 nan nan -0.926 nan nan 
53000.0 6714.0 -6344.0 nan nan -0.1197 nan nan -0.957 nan nan 
54000.0 6839.0 -6469.0 nan nan -0.1198 nan nan -0.997 nan nan 
55000.0 6965.0 -6589.0 nan nan -0.1198 nan nan -0.968 nan nan 
56000.0 7092.0 -6706.0 nan nan -0.1198 nan nan -0.949 nan nan 
57000.0 7218.0 -6826.0 nan nan -0.1198 nan nan -0.965 nan nan 
58000.0 7346.0 -6944.0 nan nan -0.1197 nan nan -0.915 nan nan 
59000.0 7474.0 -7060.0 nan nan -0.1197 nan nan -0.884 nan nan 
60000.0 7601.0 -7179.0 nan nan -0.1196 nan nan -0.922 nan nan 
61000.0 7730.0 -7294.0 nan nan -0.1196 nan nan -0.854 nan nan 
62000.0 7856.0 -7414.0 nan nan -0.1196 nan nan -0.96 nan nan 
63000.0 7983.0 -7529.0 nan nan -0.1195 nan nan -0.887 nan nan 
64000.0 8109.0 -7653.0 nan nan -0.1196 nan nan -0.952 nan nan 
65000.0 8236.0 -7774.0 nan nan -0.1196 nan nan -0.97 nan nan 
66000.0 8365.0 -7893.0 nan nan -0.1196 nan nan -0.946 nan nan 
67000.0 8492.0 -8016.0 nan nan -0.1196 nan nan -0.967 nan nan 
68000.0 8619.0 -8133.0 nan nan -0.1196 nan nan -0.883 nan nan 
69000.0 8746.0 -8250.0 nan nan -0.1196 nan nan -0.908 nan nan 
70000.0 8874.0 -8370.0 nan nan -0.1196 nan nan -0.955 nan nan 
71000.0 9000.0 -8490.0 nan nan -0.1196 nan nan -0.929 nan nan 
72000.0 9127.0 -8611.0 nan nan -0.1196 nan nan -0.956 nan nan 
73000.0 9253.0 -8729.0 nan nan -0.1196 nan nan -0.939 nan nan 
74000.0 9378.0 -8850.0 nan nan -0.1196 nan nan -0.985 nan nan 
75000.0 9505.0 -8971.0 nan nan -0.1196 nan nan -0.954 nan nan 
76000.0 9631.0 -9093.0 nan nan -0.1196 nan nan -0.978 nan nan 
77000.0 9758.0 -9212.0 nan nan -0.1196 nan nan -0.93 nan nan 
78000.0 9886.0 -9330.0 nan nan -0.1196 nan nan -0.884 nan nan 
79000.0 10015.0 -9441.0 nan nan -0.1195 nan nan -0.893 nan nan 
80000.0 10141.0 -9563.0 nan nan -0.1195 nan nan -0.945 nan nan 
81000.0 10269.0 -9677.0 nan nan -0.1195 nan nan -0.896 nan nan 
82000.0 10396.0 -9800.0 nan nan -0.1195 nan nan -0.934 nan nan 
83000.0 10522.0 -9922.0 nan nan -0.1195 nan nan -0.957 nan nan 
84000.0 10649.0 -10039.0 nan nan -0.1195 nan nan -0.913 nan nan 
85000.0 10777.0 -10157.0 nan nan -0.1195 nan nan -0.931 nan nan 
86000.0 10904.0 -10276.0 nan nan -0.1195 nan nan -0.942 nan nan 
87000.0 11031.0 -10395.0 nan nan -0.1195 nan nan -0.939 nan nan 
88000.0 11157.0 -10517.0 nan nan -0.1195 nan nan -0.971 nan nan 
89000.0 11284.0 -10636.0 nan nan -0.1195 nan nan -0.924 nan nan 
90000.0 11410.0 -10758.0 nan nan -0.1195 nan nan -0.956 nan nan 
91000.0 11539.0 -10871.0 nan nan -0.1195 nan nan -0.891 nan nan 
92000.0 11669.0 -10985.0 nan nan -0.1194 nan nan -0.865 nan nan 
93000.0 11796.0 -11106.0 nan nan -0.1194 nan nan -0.93 nan nan 
94000.0 11924.0 -11224.0 nan nan -0.1194 nan nan -0.938 nan nan 
95000.0 12051.0 -11335.0 nan nan -0.1193 nan nan -0.89 nan nan 
96000.0 12177.0 -11453.0 nan nan -0.1193 nan nan -0.937 nan nan 
97000.0 12306.0 -11568.0 nan nan -0.1193 nan nan -0.906 nan nan 
98000.0 12435.0 -11683.0 nan nan -0.1192 nan nan -0.927 nan nan 
99000.0 12564.0 -11798.0 nan nan -0.1192 nan nan -0.903 nan nan 
100000.0 12690.0 -11916.0 nan nan -0.1192 nan nan -0.946 nan nan 
101000.0 12820.0 -12028.0 nan nan -0.1191 nan nan -0.924 nan nan 
102000.0 12948.0 -12142.0 nan nan -0.119 nan nan -0.922 nan nan 
103000.0 13074.0 -12262.0 nan nan -0.119 nan nan -0.919 nan nan 
104000.0 13204.0 -12374.0 nan nan -0.119 nan nan -0.857 nan nan 
105000.0 13332.0 -12492.0 nan nan -0.119 nan nan -0.879 nan nan 
106000.0 13460.0 -12606.0 nan nan -0.1189 nan nan -0.916 nan nan 
107000.0 13588.0 -12720.0 nan nan -0.1189 nan nan -0.896 nan nan 
108000.0 13719.0 -12827.0 nan nan -0.1188 nan nan -0.817 nan nan 
109000.0 13852.0 -12934.0 nan nan -0.1187 nan nan -0.839 nan nan 
110000.0 13984.0 -13036.0 nan nan -0.1185 nan nan -0.792 nan nan 
111000.0 14115.0 -13141.0 nan nan -0.1184 nan nan -0.772 nan nan 
112000.0 14244.0 -13246.0 nan nan -0.1183 nan nan -0.788 nan nan 
113000.0 14375.0 -13351.0 nan nan -0.1182 nan nan -0.852 nan nan 
114000.0 14504.0 -13458.0 nan nan -0.1181 nan nan -0.841 nan nan 
115000.0 14638.0 -13554.0 nan nan -0.1179 nan nan -0.69 nan nan 
116000.0 14771.0 -13645.0 nan nan -0.1176 nan nan -0.722 nan nan 
117000.0 14904.0 -13742.0 nan nan -0.1175 nan nan -0.717 nan nan 
118000.0 15041.0 -13825.0 nan nan -0.1172 nan nan -0.583 nan nan 
119000.0 15174.0 -13916.0 nan nan -0.1169 nan nan -0.675 nan nan 
120000.0 15313.0 -13991.0 nan nan -0.1166 nan nan -0.596 nan nan 
121000.0 15448.0 -14082.0 nan nan -0.1164 nan nan -0.667 nan nan 
122000.0 15585.0 -14171.0 nan nan -0.1162 nan nan -0.678 nan nan 
123000.0 15719.0 -14259.0 nan nan -0.1159 nan nan -0.694 nan nan 
124000.0 15857.0 -14333.0 nan nan -0.1156 nan nan -0.458 nan nan 
125000.0 15998.0 -14396.0 nan nan -0.1152 nan nan -0.466 nan nan 
126000.0 16141.0 -14447.0 nan nan -0.1147 nan nan -0.325 nan nan 
127000.0 16291.0 -14479.0 nan nan -0.114 nan nan -0.236 nan nan 
128000.0 16444.0 -14508.0 nan nan -0.1133 nan nan -0.212 nan nan 
129000.0 16597.0 -14517.0 nan nan -0.1125 nan nan 0.119 nan nan 
130000.0 16758.0 -14512.0 nan nan -0.1116 nan nan 0.01 nan nan 
131000.0 16922.0 -14500.0 nan nan -0.1107 nan nan 0.095 nan nan 
