10000 10 182.927 -13123.394 -240.18 0.1974 0 0 0 0.0 0.0 0.0 0.0 0.0 
20000 20 332.392 -26274.121 -436.88 0.3572 0 0 0 0.0 0.0 0.0 0.0 0.0 
30000 30 454.516 -39172.145 -591.907 2.536 0 0 0 0.0087234 2.2529044 0.1237116 0.1516491 0.0793795 
40000 40 554.3 -51357.766 -707.608 4.2532 0 0 0 0.0085873 4.27602 0.2554481 0.0946896 0.0707086 
50000 50 635.83 -62619.923 -783.785 5.7165 0 0 0 0.0064693 6.2069623 0.3914152 0.0782767 0.0596979 
60000 60 702.447 -74801.256 -863.085 6.9503 0 0 0 0.0060969 8.2182719 0.4512188 0.0712392 0.0555072 
70000 70 756.877 -84498.824 -881.278 7.9204 0 0 0 0.0060913 9.6325192 0.5632497 0.0635033 0.0539458 
80000 80 801.351 -91320.5 -845.227 8.7091 0 0 0 0.0071498 9.9504838 0.8915227 0.0585923 0.0616348 
90000 90 837.689 -99648.017 -841.104 9.3356 0 0 0 0.0072491 9.5393707 1.238701 0.0645208 0.06259 
100000 100 867.38 -103629.471 -758.687 9.8602 0 0 0 0.0073004 9.6184091 1.6766512 0.0620955 0.0663892 
110000 110 891.64 -107268.485 -689.111 10.3053 0 0 0 0.0070093 9.0743969 1.5876742 0.0512359 0.0646982 
120000 120 911.462 -108772.593 -590.307 10.6943 0 0 0 0.0075685 7.5258596 1.5592709 0.0493411 0.0680679 
130000 130 927.658 -110559.216 -515.851 10.9916 0 0 0 0.0083139 6.0590421 1.6659234 0.0532703 0.0739532 
140000 140 940.891 -109787.991 -405.877 11.2495 0 0 0 0.0088777 4.5230826 1.4252226 0.0540405 0.0788778 
150000 150 951.704 -106992.826 -281.306 11.4545 0 0 0 0.0088137 2.3153941 1.4618166 0.0594064 0.078964 
160000 160 960.539 -106835.703 -223.298 11.6379 0 0 0 0.0091572 -0.0587165 1.4575578 0.0609853 0.0797127 
170000 170 967.757 -106896.56 -183.621 11.7664 0 0 0 0.0089892 -2.2515705 1.2683321 0.0669017 0.0792522 
180000 180 973.655 -103805.761 -94.687 11.92 0 0 0 0.0099677 -4.8291198 1.334426 0.0659378 0.0868794 
190000 190 978.474 -101895.999 -42.346 12.0245 0 0 0 0.0085061 -7.2091745 1.2230715 0.0608601 0.0774282 
200000 200 982.412 -100540.81 -12.709 12.0805 0 0 0 0.0090048 -9.6982611 1.6484903 0.0561783 0.0797614 
210000 210 985.629 -99349.638 9.507 12.1181 0 0 0 0.0087743 -12.9267642 1.318964 0.0476557 0.0776614 
220000 220 988.258 -98338.138 31.509 12.2175 0 0 0 0.0094367 -16.7245987 1.6837983 0.0515463 0.0824828 
230000 230 990.406 -95108.332 83.683 12.246 0 0 0 0.0091503 -18.9753587 1.7766724 0.050983 0.0765458 
240000 240 992.161 -92506.451 116.162 12.2583 0 0 0 0.0087957 -22.5666955 1.6243125 0.0502262 0.0768769 
250000 250 993.595 -89951.108 142.443 12.2721 0 0 0 0.0092273 -25.301946 1.8648845 0.0493743 0.0792188 
260000 260 994.767 -86579.48 176.45 12.2994 0 0 0 0.009192 -28.3524583 2.4362235 0.046752 0.0784628 
270000 270 995.724 -80969.511 247.064 12.3372 0 0 0 0.0094084 -31.3465008 2.7702235 0.049765 0.0805602 
280000 280 996.506 -75581.995 300.667 12.3795 0 0 0 0.008626 -33.6814666 2.1987795 0.0512335 0.0776016 
290000 290 997.145 -69561.516 357.142 12.4432 0 0 0 0.0089054 -35.6053027 2.0662273 0.0472503 0.078185 
300000 300 997.667 -61143.667 446.688 12.4697 0 0 0 0.0091601 -38.1107771 3.6949181 0.0493496 0.0786389 
310000 310 998.094 -50958.272 552.059 12.543 0 0 0 0.009421 -40.9864866 1.9417785 0.0491054 0.0807517 
320000 320 998.443 -38344.835 682.11 12.5671 0 0 0 0.0089255 -43.1449384 4.1435778 0.0522947 0.0794857 
330000 330 998.728 -26044.613 782.49 12.5836 0 0 0 0.0091217 -46.1143665 2.2305362 0.0512563 0.0798876 
340000 340 998.96 -17886.46 788.923 12.6745 0 0 0 0.0085828 -48.4023226 2.7915963 0.0491159 0.0749757 
350000 350 999.151 -9016.23 805.762 12.7097 0 0 0 0.0083597 -50.8336258 3.4938567 0.0483902 0.0736084 
360000 360 999.306 -611.295 812.355 12.7208 0 0 0 0.0087459 -53.5077916 3.8426076 0.0523974 0.0743656 
370000 370 999.433 9600.572 851.286 12.7555 0 0 0 0.0079354 -56.1716539 5.2389047 0.0513269 0.0693668 
380000 380 999.537 21458.662 912.823 12.7888 0 0 0 0.0084221 -58.9577924 5.0774921 0.0496441 0.0729504 
390000 390 999.621 34174.007 978.709 12.7837 0 0 0 0.0084464 -62.3203359 3.6145092 0.0449057 0.073211 
400000 400 999.691 47369.867 1041.356 12.7889 0 0 0 0.0086344 -65.2924001 5.48483 0.0507201 0.0755292 
410000 410 999.747 59974.361 1080.825 12.7828 0 0 0 0.0087301 -68.7210417 6.9530429 0.0532791 0.0769207 
420000 420 999.793 71205.03 1089.061 12.7803 0 0 0 0.0086794 -72.0582877 7.6551664 0.0496071 0.0763314 
430000 430 999.831 81967.379 1088.7 12.7816 0 0 0 0.0081619 -74.886634 1.9387379 0.0487143 0.0732659 
440000 440 999.862 88145.144 1008.329 12.7693 0 0 0 0.00935 -76.6800604 6.5139036 0.0492963 0.080672 
450000 450 999.887 99347.921 1029.303 12.7692 0 0 0 0.0094755 -79.6684135 6.7059614 0.0484712 0.0838774 
460000 460 999.908 110178.452 1040.489 12.7324 0 0 0 0.0102511 -82.1107627 9.6875491 0.0502151 0.0870889 
470000 470 999.925 123387.464 1092.61 12.7347 0 0 0 0.0102677 -84.3553812 9.590493 0.0440919 0.0895735 
480000 480 999.939 137979.495 1158.952 12.7364 0 0 0 0.0097551 -87.2327192 4.6595333 0.0477747 0.083889 
490000 490 999.95 151700.34 1197.283 12.714 0 0 0 0.0095522 -90.033175 6.5971717 0.0480256 0.0827467 
500000 500 999.959 165754.7 1235.135 12.7171 0 0 0 0.0093187 -92.8295108 7.0454784 0.0478659 0.0816578 
510000 510 999.966 178723.473 1246.027 12.7239 0 0 0 0.0108432 -94.809027 20.0302969 0.0531191 0.09136 
520000 520 999.973 191824.534 1257.934 12.7234 0 0 0 0.0098415 -97.3468503 14.3373385 0.0461928 0.0845641 
530000 530 999.978 206276.994 1292.813 12.7373 0 0 0 0.009316 -99.553701 6.1532193 0.0444547 0.0824453 
540000 540 999.982 221738.693 1339.224 12.7867 0 0 0 0.0098646 -102.4121285 19.3019942 0.0472783 0.0859937 
550000 550 999.985 236837.743 1369.755 12.8605 0 0 0 0.0101633 -104.9306991 13.4167768 0.0422739 0.0870539 
560000 560 999.988 251706.073 1391.096 12.0895 0 0 0 0.0094232 -107.8322112 10.2695517 0.0436521 0.0843585 
570000 570 999.99 265920.774 1395.704 11.4561 0 0 0 0.0100352 -110.3547553 16.418832 0.0424227 0.0865149 
580000 580 999.992 279342.452 1386.396 11.1787 0 0 0 0.0099695 -112.5134868 24.1277663 0.0417958 0.0866389 
590000 590 999.993 293476.226 1390.762 11.1615 0 0 0 0.0101056 -114.0772445 19.507891 0.044059 0.086395 
600000 600 999.995 307793.096 1399.726 11.1971 0 0 0 0.009381 -116.3848602 12.6905238 0.0479174 0.081512 
610000 610 999.996 322296.231 1408.448 11.2263 0 0 0 0.0095601 -118.4775724 3.6926567 0.0506437 0.0824023 
620000 620 999.996 336908.751 1417.805 11.2766 0 0 0 0.0094118 -120.4085677 16.0812062 0.0460073 0.0810408 
630000 630 999.997 352267.734 1439.393 11.3055 0 0 0 0.0088052 -122.3548067 16.8775969 0.0460641 0.0781826 
640000 640 999.998 367274.929 1450.766 11.3388 0 0 0 0.009175 -124.8652506 13.4816685 0.0478799 0.0792774 
650000 650 999.998 380875.531 1434.897 11.3582 0 0 0 0.0093572 -126.6668676 17.6574481 0.0485641 0.0805917 
660000 660 999.998 396298.257 1454.397 11.3963 0 0 0 0.0088664 -128.6651806 22.0441275 0.0441357 0.0788641 
670000 670 999.999 410813.72 1454.285 11.4324 0 0 0 0.0097251 -130.5180162 24.7797126 0.0431756 0.0843916 
680000 680 999.999 427020.898 1485.227 11.4656 0 0 0 0.0089021 -132.300841 19.7662634 0.042759 0.0792302 
690000 690 999.999 443295.395 1510.993 11.4826 0 0 0 0.0085855 -134.2259423 14.269053 0.0418097 0.0769252 
700000 700 999.999 459915.334 1538.704 11.4794 0 0 0 0.0084121 -136.0350126 18.0233145 0.0429169 0.0741393 
710000 710 999.999 472725.132 1490.325 11.5078 0 0 0 0.0090772 -137.1992386 19.6934054 0.0435949 0.0793707 
720000 720 1000.0 488990.577 1515.414 11.5232 0 0 0 0.0083814 -139.1498231 26.264586 0.0419278 0.0732804 
730000 730 1000.0 504710.807 1524.672 11.5504 0 0 0 0.0082949 -140.6639429 17.5157137 0.0424567 0.0731198 
740000 740 1000.0 520984.941 1543.357 11.5478 0 0 0 0.0087416 -142.0976825 20.9036092 0.0404118 0.0732248 
750000 750 1000.0 537018.538 1554.628 11.5558 0 0 0 0.008414 -143.8001379 16.8328946 0.0404316 0.0743315 
760000 760 1000.0 553091.637 1564.288 11.5747 0 0 0 0.0086664 -145.2882057 31.0516568 0.0432728 0.0752456 
770000 770 1000.0 569128.761 1571.708 11.5704 0 0 0 0.0085308 -146.7885977 41.5547021 0.0433686 0.0740768 
780000 780 1000.0 585303.767 1579.873 11.5791 0 0 0 0.0080864 -148.3852292 22.4928752 0.0423542 0.0720209 
790000 790 1000.0 601273.756 1582.714 11.5956 0 0 0 0.0087624 -149.924158 31.8537951 0.0406852 0.0757852 
800000 800 1000.0 616785.657 1576.799 11.6098 0 0 0 0.008613 -151.3336073 19.8647294 0.039357 0.0757382 
810000 810 1000.0 632253.466 1571.738 11.605 0 0 0 0.0083984 -152.6682946 36.4889589 0.0414223 0.0725281 
820000 820 1000.0 647778.876 1568.011 11.5917 0 0 0 0.0080506 -153.8654386 18.5166445 0.0395639 0.0702316 
830000 830 1000.0 663616.666 1571.156 11.5857 0 0 0 0.0083387 -155.1320386 18.5535414 0.0417069 0.0726041 
840000 840 1000.0 679347.708 1571.43 11.5852 0 0 0 0.0079385 -156.1325269 30.6505175 0.0387676 0.070549 
850000 850 1000.0 694933.056 1569.279 11.5788 0 0 0 0.0084866 -157.3967148 33.786728 0.0365071 0.0723282 
860000 860 1000.0 711144.591 1578.912 11.5505 0 0 0 0.0078772 -158.405609 26.0801171 0.0388106 0.0695398 
870000 870 1000.0 727619.956 1591.43 11.5598 0 0 0 0.0081816 -159.6963149 18.7986379 0.0393452 0.0695498 
880000 880 1000.0 743937.264 1598.606 11.5808 0 0 0 0.0079368 -160.6216359 28.175494 0.0374794 0.0691248 
890000 890 1000.0 760563.117 1610.385 11.5922 0 0 0 0.0076174 -161.7012243 38.0804939 0.0366613 0.0671975 
900000 900 1000.0 776629.201 1609.624 11.6346 0 0 0 0.0074908 -162.5693752 21.3245511 0.037154 0.0657418 
910000 910 1000.0 792685.008 1608.895 11.622 0 0 0 0.0077489 -163.909777 42.463131 0.0391934 0.0674598 
920000 920 1000.0 808575.556 1605.46 11.6136 0 0 0 0.0089088 -164.8895047 26.2427241 0.0387207 0.0750121 
930000 930 1000.0 824807.857 1608.648 11.606 0 0 0 0.0079154 -165.5749012 46.0427822 0.0403397 0.0697714 
940000 940 1000.0 840134.415 1594.606 11.5955 0 0 0 0.0088976 -166.8606134 20.4015448 0.0389067 0.0761817 
950000 950 1000.0 854738.39 1569.648 11.6008 0 0 0 0.0079769 -167.4356632 24.5802874 0.0399545 0.0725121 
960000 960 1000.0 869336.469 1549.822 11.5961 0 0 0 0.0085586 -168.2615463 19.0996772 0.0392805 0.0748167 
970000 970 1000.0 885105.95 1555.619 11.601 0 0 0 0.0080769 -168.789766 12.059949 0.0413827 0.072846 
980000 980 1000.0 900666.744 1555.815 11.6013 0 0 0 0.0085915 -169.7361913 23.095094 0.0394099 0.0764006 
990000 990 1000.0 916718.26 1564.529 11.5914 0 0 0 0.0092629 -170.7375128 24.5358232 0.0400585 0.0794861 
1000000 1000 1000.0 932749.978 1571.739 11.6058 0 0 0 0.0093347 -171.3455273 26.3724466 0.0401048 0.0806162 
1010000 1010 1000.0 949250.686 1586.393 11.5832 0 0 0 0.0092724 -172.1510559 18.531444 0.039556 0.0793145 
1020000 1020 1000.0 966034.644 1603.096 11.5886 0 0 0 0.0094578 -173.0510769 26.9766095 0.0411 0.0797163 
1030000 1030 1000.0 982159.488 1604.613 11.5786 0 0 0 0.0089118 -173.6830309 22.7590826 0.0408475 0.07982 
1040000 1040 1000.0 998251.998 1605.58 11.5922 0 0 0 0.0092432 -174.4667869 26.9229124 0.043019 0.0814794 
1050000 1050 1000.0 1014127.01 1602.242 11.554 0 0 0 0.0099548 -175.1349982 28.0940621 0.0410651 0.0845858 
1060000 1060 1000.0 1029564.476 1591.863 11.5538 0 0 0 0.0092759 -175.6487496 26.185728 0.0412935 0.0820992 
1070000 1070 1000.0 1045887.994 1599.638 11.5593 0 0 0 0.0099254 -176.0672617 49.443164 0.0413212 0.0845934 
1080000 1080 1000.0 1062117.482 1603.505 11.5677 0 0 0 0.0106442 -176.6613109 57.3748496 0.0435881 0.0883992 
1090000 1090 1000.0 1078583.322 1611.098 11.5885 0 0 0 0.0098823 -177.4713771 22.4725793 0.0414346 0.086361 
1100000 1100 1000.0 1095031.268 1617.345 11.5758 0 0 0 0.010395 -177.7236317 34.9582588 0.0426874 0.0898372 
1110000 1110 1000.0 1111700.049 1626.947 11.5901 0 0 0 0.0100861 -178.5166773 19.9908317 0.0429368 0.087659 
1120000 1120 1000.0 1128689.743 1640.405 11.5946 0 0 0 0.0101645 -179.0402374 25.5705978 0.0436378 0.0884895 
1130000 1130 1000.0 1145148.994 1641.6 11.607 0 0 0 0.0099154 -179.5052236 22.4027263 0.041672 0.0857037 
1140000 1140 1000.0 1162153.685 1652.313 11.5993 0 0 0 0.0100434 -180.1677485 42.9494761 0.0418013 0.0856894 
1150000 1150 1000.0 1177317.212 1627.362 11.6304 0 0 0 0.0102737 -180.5947723 27.1232946 0.0419597 0.0886956 
1160000 1160 1000.0 1193863.944 1632.419 11.6065 0 0 0 0.0101088 -181.1786106 40.6309971 0.0385924 0.087619 
1170000 1170 1000.0 1211132.294 1649.616 11.6276 0 0 0 0.0101666 -181.8832594 57.7443249 0.0408759 0.0870077 
1180000 1180 1000.0 1227599.039 1649.362 11.6466 0 0 0 0.0096305 -182.7287144 39.2036098 0.0406733 0.0836505 
1190000 1190 1000.0 1244615.711 1658.788 11.6636 0 0 0 0.0092363 -183.2395437 21.8614967 0.039941 0.0811533 
1200000 1200 1000.0 1261207.595 1658.455 11.6706 0 0 0 0.0098796 -183.6324704 38.955631 0.0394529 0.0842268 
1210000 1210 1000.0 1277924.451 1661.177 11.6791 0 0 0 0.0101442 -184.2438611 25.0615914 0.0396235 0.0862873 
1220000 1220 1000.0 1294607.724 1662.693 11.6623 0 0 0 0.009376 -184.6602921 24.8703979 0.0398372 0.082523 
1230000 1230 1000.0 1311749.014 1671.972 11.6708 0 0 0 0.0095097 -185.189372 27.9832823 0.0385702 0.0836189 
1240000 1240 1000.0 1328488.214 1671.945 11.7025 0 0 0 0.0100357 -185.7035186 45.5585733 0.0376672 0.0853495 
1250000 1250 1000.0 1345032.955 1669.238 11.6688 0 0 0 0.0094716 -186.2566334 29.1036755 0.037944 0.0814842 
1260000 1260 1000.0 1361902.206 1672.419 11.6556 0 0 0 0.0096696 -187.1192796 28.1248322 0.0380913 0.083561 
1270000 1270 1000.0 1379489.659 1687.863 11.664 0 0 0 0.0095714 -187.6087332 45.4152888 0.0385862 0.0812884 
1280000 1280 1000.0 1396906.249 1697.642 11.6565 0 0 0 0.0098883 -188.015265 27.9097338 0.0384724 0.0851973 
1290000 1290 1000.0 1413670.843 1693.488 11.6586 0 0 0 0.0100546 -188.223111 69.1183492 0.0385239 0.0857769 
1300000 1300 1000.0 1430496.671 1691.647 11.6819 0 0 0 0.0095419 -189.0046131 13.0847955 0.0389442 0.0829675 
1310000 1310 1000.0 1447499.392 1693.041 11.6858 0 0 0 0.0095579 -189.401252 13.777833 0.0395618 0.0828603 
1320000 1320 1000.0 1464478.913 1694.042 11.6971 0 0 0 0.009769 -189.993673 21.8825155 0.039574 0.082903 
1330000 1330 1000.0 1481473.225 1695.375 11.684 0 0 0 0.0093392 -190.2992551 27.7969373 0.038971 0.0813287 
1340000 1340 1000.0 1498447.676 1695.871 11.7132 0 0 0 0.0098759 -190.5076969 40.6354632 0.0395917 0.0827345 
1350000 1350 1000.0 1515639.233 1700.273 11.7012 0 0 0 0.0097096 -191.3506634 50.5331089 0.0398978 0.0842931 
1360000 1360 1000.0 1532574.977 1699.393 11.6878 0 0 0 0.0092607 -191.4566258 31.0569832 0.0399939 0.0821191 
1370000 1370 1000.0 1550265.748 1711.963 11.6789 0 0 0 0.0095043 -192.0729944 14.3226754 0.0395375 0.0820023 
1380000 1380 1000.0 1567800.55 1719.313 11.6995 0 0 0 0.0095071 -192.2538796 30.5296021 0.0393928 0.0811947 
1390000 1390 1000.0 1585601.895 1730.521 11.724 0 0 0 0.0092715 -192.9204304 21.8593764 0.0423238 0.0818293 
1400000 1400 1000.0 1602681.869 1726.558 11.7107 0 0 0 0.0097401 -193.1780271 56.1966492 0.03974 0.0812845 
1410000 1410 1000.0 1619471.373 1717.694 11.7415 0 0 0 0.0095556 -193.1751999 53.4637688 0.0407118 0.0815743 
1420000 1420 1000.0 1636530.205 1716.339 11.7671 0 0 0 0.0089738 -193.6426406 33.0772467 0.0389631 0.0790991 
1430000 1430 1000.0 1653195.986 1707.324 11.7769 0 0 0 0.0091626 -194.0498223 9.529327 0.0406857 0.0804133 
1440000 1440 1000.0 1669860.247 1699.713 11.797 0 0 0 0.0093633 -194.1668193 46.6571498 0.0405399 0.0811496 
1450000 1450 1000.0 1686858.822 1700.033 11.8233 0 0 0 0.0088043 -194.8035305 22.4835034 0.0422627 0.0773116 
1460000 1460 1000.0 1703720.545 1697.212 11.7848 0 0 0 0.0088272 -194.9378104 50.1982808 0.0414208 0.078326 
1470000 1470 1000.0 1719751.509 1679.738 11.788 0 0 0 0.0093632 -195.1584764 40.4116278 0.0413066 0.0801714 
1480000 1480 1000.0 1737286.815 1693.492 11.7612 0 0 0 0.0088173 -195.4431101 24.2945482 0.0415897 0.0786955 
1490000 1490 1000.0 1754912.83 1706.882 11.7817 0 0 0 0.0094959 -195.8332053 37.9699549 0.0412216 0.0825289 
1500000 1500 1000.0 1772681.169 1719.952 11.794 0 0 0 0.009288 -196.145833 43.1112749 0.041442 0.0802027 
1510000 1510 1000.0 1790026.73 1722.433 11.806 0 0 0 0.0091959 -196.3487256 33.7535048 0.0413084 0.0798172 
1520000 1520 1000.0 1807427.421 1725.901 11.7815 0 0 0 0.008933 -196.5306448 50.1690289 0.0408266 0.0767848 
1530000 1530 1000.0 1824943.714 1730.712 11.7422 0 0 0 0.009191 -197.1563468 24.913821 0.0410772 0.080968 
1540000 1540 1000.0 1842198.031 1730.068 11.708 0 0 0 0.0092712 -197.2551372 53.700938 0.039206 0.0815746 
1550000 1550 1000.0 1859689.526 1733.48 11.7357 0 0 0 0.0092857 -197.6588739 47.1453031 0.0409013 0.0808511 
1560000 1560 1000.0 1877046.469 1733.869 11.7512 0 0 0 0.0082148 -198.2241073 38.4671769 0.0415945 0.073628 
1570000 1570 1000.0 1894682.05 1739.126 11.7485 0 0 0 0.0097371 -198.0938688 74.5984333 0.0435318 0.0827895 
1580000 1580 1000.0 1911800.184 1734.061 11.7697 0 0 0 0.0089531 -198.4489929 36.2105357 0.0419673 0.0774828 
1590000 1590 1000.0 1929747.619 1745.198 11.781 0 0 0 0.0092869 -198.7668171 46.944774 0.0413216 0.0799353 
1600000 1600 1000.0 1946652.73 1734.865 11.804 0 0 0 0.0091739 -199.1136871 47.34532 0.0402087 0.0780062 
1610000 1610 1000.0 1963694.207 1729.227 11.872 0 0 0 0.0096332 -199.4248625 32.153827 0.0418628 0.0822936 
1620000 1620 1000.0 1980749.381 1725.308 11.8977 0 0 0 0.0091593 -199.4321668 56.4352345 0.0412801 0.0794478 
1630000 1630 1000.0 1998196.24 1728.857 11.8714 0 0 0 0.0094667 -199.8270335 25.4759798 0.0420222 0.0834222 
1640000 1640 1000.0 2015197.862 1723.647 11.8601 0 0 0 0.0091062 -199.721385 52.4739922 0.0420497 0.0792903 
1650000 1650 1000.0 2031548.177 1707.531 11.8867 0 0 0 0.0090834 -199.9744726 37.5884275 0.0417294 0.0794316 
1660000 1660 1000.0 2049321.579 1720.381 11.8564 0 0 0 0.0094984 -200.1555073 48.0751339 0.0415127 0.0823389 
1670000 1670 1000.0 2067249.417 1733.808 11.8427 0 0 0 0.0087512 -200.6691213 45.5860967 0.0417397 0.077358 
1680000 1680 1000.0 2084701.284 1735.563 11.8538 0 0 0 0.0096728 -200.7951144 57.997217 0.0432893 0.0817547 
1690000 1690 1000.0 2101747.606 1729.48 11.865 0 0 0 0.0091146 -201.1283594 50.2698677 0.0408419 0.0807226 
1700000 1700 1000.0 2118647.488 1722.371 11.8738 0 0 0 0.0087928 -201.4540842 17.5308321 0.0395843 0.0781994 
1710000 1710 1000.0 2136051.048 1725.947 11.8698 0 0 0 0.0087698 -201.5992127 26.8610283 0.0398759 0.0768463 
1720000 1720 1000.0 2153640.388 1732.238 11.8824 0 0 0 0.0092126 -201.6381558 37.3723935 0.0414809 0.0807473 
1730000 1730 1000.0 2171266.544 1737.857 11.864 0 0 0 0.0098234 -201.6493834 60.43222 0.0421026 0.0836694 
1740000 1740 1000.0 2188814.391 1741.004 11.8542 0 0 0 0.0090622 -202.0226913 24.1386062 0.0412778 0.079439 
1750000 1750 1000.0 2205967.602 1735.845 11.8447 0 0 0 0.0088022 -202.2470142 16.5977763 0.0409303 0.0780599 
1760000 1760 1000.0 2223718.406 1743.018 11.8452 0 0 0 0.0091665 -202.1733942 50.1950691 0.0424488 0.0800558 
1770000 1770 1000.0 2241396.824 1747.491 11.854 0 0 0 0.0090697 -202.2889707 54.6556785 0.0396157 0.0797218 
1780000 1780 1000.0 2259167.428 1752.875 11.8455 0 0 0 0.0086505 -202.8577545 17.2427293 0.040201 0.0779512 
1790000 1790 1000.0 2277406.595 1766.106 11.8402 0 0 0 0.0090327 -203.1014886 26.836207 0.0434024 0.080722 
1800000 1800 1000.0 2295178.392 1767.971 11.8642 0 0 0 0.0090163 -203.2398646 39.8982901 0.042958 0.080298 
1810000 1810 1000.0 2313613.109 1782.067 11.8369 0 0 0 0.008634 -203.5875812 49.9413612 0.0416053 0.0774789 
1820000 1820 1000.0 2331881.362 1789.751 11.8347 0 0 0 0.009222 -204.0354772 47.7038831 0.0419785 0.0812444 
1830000 1830 1000.0 2349895.005 1792.159 11.8701 0 0 0 0.0089356 -204.2803091 19.9782309 0.0420826 0.0786164 
1840000 1840 1000.0 2368372.764 1802.509 11.8672 0 0 0 0.0093278 -204.6050476 26.8888786 0.0423653 0.0812212 
1850000 1850 1000.0 2386883.398 1811.863 11.9033 0 0 0 0.0090935 -204.8645895 42.5769172 0.0405694 0.0807557 
1860000 1860 1000.0 2405308.838 1817.263 11.9244 0 0 0 0.0098691 -204.9744233 60.5890648 0.0417391 0.0853912 
1870000 1870 1000.0 2424108.429 1828.553 11.9 0 0 0 0.0089688 -205.5329968 39.1298415 0.0428316 0.0790727 
1880000 1880 1000.0 2442191.931 1824.841 11.8923 0 0 0 0.0090417 -205.3414083 61.0891853 0.0404504 0.0798469 
1890000 1890 1000.0 2461065.767 1836.113 11.8875 0 0 0 0.0087541 -206.0264034 29.18863 0.0403564 0.0785015 
1900000 1900 1000.0 2479805.105 1843.181 11.8868 0 0 0 0.0085645 -206.6016572 52.3787252 0.039319 0.0759058 
1910000 1910 1000.0 2498401.027 1845.865 11.8868 0 0 0 0.0090839 -206.6511572 49.2300626 0.0393681 0.078257 
1920000 1920 1000.0 2516932.912 1847.093 11.8986 0 0 0 0.0090916 -207.0007753 75.2127594 0.0389826 0.0792031 
1930000 1930 1000.0 2535564.689 1850.172 11.9248 0 0 0 0.0093629 -207.2706645 39.3248546 0.0403253 0.0826854 
1940000 1940 1000.0 2554252.018 1853.374 11.9546 0 0 0 0.0091672 -207.994614 33.1365886 0.0402393 0.0809505 
1950000 1950 1000.0 2572886.675 1855.275 11.9602 0 0 0 0.0091897 -208.3626058 50.7674884 0.0398014 0.0803178 
1960000 1960 1000.0 2591363.39 1854.192 11.9478 0 0 0 0.010276 -208.5250721 39.3787089 0.0402662 0.0869012 
1970000 1970 1000.0 2609572.842 1848.327 11.9721 0 0 0 0.009893 -208.7354142 62.2870719 0.0405379 0.0836073 
1980000 1980 1000.0 2628090.158 1848.787 12.0234 0 0 0 0.0099413 -209.2959256 50.5508629 0.0401888 0.0852477 
1990000 1990 1000.0 2646396.207 1845.201 12.024 0 0 0 0.0095926 -209.7684232 36.4926945 0.0403083 0.0828183 
2000000 2000 1000.0 2664924.505 1846.495 12.0112 0 0 0 0.0100589 -210.0031998 25.9373977 0.0402253 0.0859993 
2010000 2010 1000.0 2682912.44 1837.185 12.0171 0 0 0 0.0092564 -210.207006 50.198158 0.0406646 0.0826746 
2020000 2020 1000.0 2700966.797 1831.388 12.0 0 0 0 0.0100551 -210.6292089 76.4573929 0.0385669 0.0853322 
2030000 2030 1000.0 2719499.07 1835.682 11.9881 0 0 0 0.0092025 -210.7146297 77.5046995 0.0407182 0.079728 
2040000 2040 1000.0 2738140.526 1840.897 11.977 0 0 0 0.0102118 -211.2023883 41.9203971 0.0420955 0.0874816 
2050000 2050 1000.0 2756749.413 1844.498 11.9689 0 0 0 0.0101359 -211.489185 52.3725518 0.0391234 0.086757 
2060000 2060 1000.0 2775340.239 1847.019 11.937 0 0 0 0.0105594 -211.7578417 45.8637506 0.0409806 0.0885943 
2070000 2070 1000.0 2793820.137 1847.804 11.9444 0 0 0 0.0101486 -211.901328 34.1071697 0.0403999 0.0871768 
2080000 2080 1000.0 2812709.306 1855.082 11.9375 0 0 0 0.0102924 -212.3129056 30.9811998 0.0393953 0.08877 
2090000 2090 1000.0 2831099.636 1852.376 11.9405 0 0 0 0.0098726 -212.2198739 52.9358402 0.0421215 0.0867306 
2100000 2100 1000.0 2849122.708 1843.618 11.9493 0 0 0 0.0100052 -212.7777791 26.344534 0.0394613 0.0848801 
2110000 2110 1000.0 2868440.045 1860.017 11.9008 0 0 0 0.0101951 -212.6748296 39.2481357 0.0397355 0.0864843 
2120000 2120 1000.0 2887259.977 1863.706 11.8965 0 0 0 0.0100911 -212.9259275 46.8519485 0.0405219 0.0826847 
2130000 2130 1000.0 2905644.145 1859.383 11.8876 0 0 0 0.0104137 -212.822455 75.0238561 0.0395676 0.0881416 
2140000 2140 1000.0 2924858.584 1870.445 11.8853 0 0 0 0.0101973 -213.1788503 58.9027537 0.0398656 0.0878326 
2150000 2150 1000.0 2943616.794 1871.885 11.8834 0 0 0 0.0101786 -213.1013521 91.9996994 0.0423481 0.0871196 
2160000 2160 1000.0 2961948.155 1864.983 11.8881 0 0 0 0.0099598 -213.781543 23.5882429 0.0398139 0.0855853 
2170000 2170 1000.0 2980789.452 1868.787 11.8691 0 0 0 0.0099801 -213.4931408 56.4975425 0.0411339 0.0861825 
2180000 2180 1000.0 2999534.168 1869.581 11.8931 0 0 0 0.0098369 -213.7957389 25.1851749 0.0413661 0.0853026 
2190000 2190 1000.0 3017851.013 1862.951 11.9343 0 0 0 0.00941 -214.2655069 43.5767823 0.0406446 0.0813998 
2200000 2200 1000.0 3036117.439 1856.299 11.9462 0 0 0 0.0099332 -214.4276775 27.5400232 0.0404647 0.085337 
2210000 2210 1000.0 3054588.959 1855.147 11.9761 0 0 0 0.0093872 -214.7739827 20.7884182 0.0403635 0.083171 
2220000 2220 1000.0 3073542.466 1862.709 11.9434 0 0 0 0.0104429 -214.5031986 43.1785548 0.0414878 0.088999 
2230000 2230 1000.0 3092196.624 1862.661 11.9684 0 0 0 0.0100881 -214.8749511 72.0713896 0.0412709 0.0860996 
2240000 2240 1000.0 3111057.439 1867.115 11.9875 0 0 0 0.0098893 -214.7166346 56.4803518 0.0408092 0.0865302 
2250000 2250 1000.0 3129775.523 1867.45 12.0682 0 0 0 0.0094124 -215.0535695 45.2708424 0.0396386 0.0827374 
2260000 2260 1000.0 3148351.348 1866.099 12.0806 0 0 0 0.0094365 -215.0880821 42.4645882 0.0414366 0.0849513 
2270000 2270 1000.0 3166985.885 1866.035 12.0843 0 0 0 0.0096514 -215.2248048 62.6681749 0.0429851 0.0848464 
2280000 2280 1000.0 3185560.239 1864.236 12.0948 0 0 0 0.0093947 -215.4818907 69.6163034 0.0417514 0.082721 
2290000 2290 1000.0 3204962.529 1878.394 12.111 0 0 0 0.0101893 -215.643928 31.2601067 0.0415218 0.0888908 
2300000 2300 1000.0 3224452.925 1891.296 12.0978 0 0 0 0.0094136 -216.0165264 51.4880148 0.0423535 0.0841632 
2310000 2310 1000.0 3244047.519 1904.245 12.0653 0 0 0 0.0099207 -215.951262 36.7247388 0.0421134 0.0855948 
2320000 2320 1000.0 3262903.93 1901.185 12.0631 0 0 0 0.0093491 -216.1441426 46.6262692 0.042275 0.0823627 
2330000 2330 1000.0 3281449.105 1892.269 12.0821 0 0 0 0.009312 -216.5695126 52.9020308 0.0414073 0.0826256 
2340000 2340 1000.0 3299156.392 1870.083 12.111 0 0 0 0.0095785 -216.3205611 38.3616169 0.0426548 0.0856877 
2350000 2350 1000.0 3317625.79 1866.041 12.1784 0 0 0 0.0100725 -216.0672866 106.534424 0.0429946 0.0860486 
2360000 2360 1000.0 3337280.725 1884.406 12.1888 0 0 0 0.0090003 -216.5167371 23.7989798 0.0427382 0.0799876 
2370000 2370 1000.0 3356508.055 1891.268 12.1787 0 0 0 0.0097347 -216.3932422 92.905054 0.042622 0.0844662 
2380000 2380 1000.0 3375844.504 1898.963 12.136 0 0 0 0.0090618 -216.9494836 18.2875848 0.0412674 0.081461 
2390000 2390 1000.0 3394471.93 1892.222 12.0871 0 0 0 0.0093266 -217.1360917 26.2621011 0.040665 0.0816989 
2400000 2400 1000.0 3412966.355 1884.954 12.0788 0 0 0 0.0100635 -216.9240882 75.6399403 0.0405763 0.0868382 
2410000 2410 1000.0 3431883.023 1886.383 12.0592 0 0 0 0.0096356 -217.1992491 71.7397615 0.0423549 0.0826748 
2420000 2420 1000.0 3451257.581 1896.129 12.0211 0 0 0 0.0096359 -217.1179722 64.8127204 0.0398468 0.0832795 
2430000 2430 1000.0 3470142.8 1894.215 11.9764 0 0 0 0.0092309 -217.5551312 43.0588323 0.0409386 0.0817958 
2440000 2440 1000.0 3489380.6 1899.485 11.9417 0 0 0 0.0093133 -217.5547934 46.0525276 0.0410982 0.0818872 
2450000 2450 1000.0 3507275.589 1879.603 11.9092 0 0 0 0.0095683 -217.6925331 47.3882582 0.0415771 0.0833071 
2460000 2460 1000.0 3524557.488 1851.908 11.8957 0 0 0 0.0095996 -217.5441841 78.9266126 0.0422739 0.0841058 
2470000 2470 1000.0 3543837.523 1866.142 11.8887 0 0 0 0.0093863 -217.9963513 25.2914369 0.0414789 0.082969 
2480000 2480 1000.0 3563463.964 1883.991 11.9194 0 0 0 0.0095875 -217.6861232 56.017102 0.0398609 0.0822248 
2490000 2490 1000.0 3583227.488 1900.823 11.9271 0 0 0 0.0086534 -217.7697845 69.3635079 0.038963 0.076725 
2500000 2500 1000.0 3602617.733 1907.571 11.9524 0 0 0 0.0096007 -218.1888755 58.1647505 0.0396314 0.0828139 
2510000 2510 1000.0 3621976.037 1912.43 11.9477 0 0 0 0.008951 -218.3254422 33.769785 0.03907 0.079926 
2520000 2520 1000.0 3641141.382 1913.392 11.9411 0 0 0 0.0090464 -218.0971403 46.9660337 0.0410108 0.0785803 
2530000 2530 1000.0 3660090.174 1909.683 11.9316 0 0 0 0.0091433 -218.6690892 28.1625302 0.0389419 0.0798754 
2540000 2540 1000.0 3678996.49 1906.271 11.9134 0 0 0 0.0091527 -218.9616504 36.9314529 0.0391895 0.078783 
2550000 2550 1000.0 3698014.932 1905.302 11.9224 0 0 0 0.0084634 -219.0981546 46.5865897 0.037867 0.0753737 
2560000 2560 1000.0 3717757.886 1918.119 11.9349 0 0 0 0.0088164 -219.422154 25.975487 0.036877 0.0781583 
2570000 2570 1000.0 3737582.578 1929.606 11.9606 0 0 0 0.0091148 -219.3181546 38.5661469 0.0378063 0.0783404 
2580000 2580 1000.0 3757312.921 1937.208 11.9874 0 0 0 0.0087546 -219.5454376 44.5243899 0.0367031 0.0759448 
2590000 2590 1000.0 3776763.844 1938.909 12.0193 0 0 0 0.0085393 -219.5795945 46.7800447 0.0386149 0.0754843 
2600000 2600 1000.0 3795946.027 1935.084 12.014 0 0 0 0.0087332 -219.8172664 57.9741854 0.0377929 0.0765909 
2610000 2610 1000.0 3815511.003 1939.246 12.0067 0 0 0 0.008627 -220.1107908 28.4436259 0.037363 0.0748055 
2620000 2620 1000.0 3835526.57 1950.419 12.0383 0 0 0 0.0084683 -220.1694848 48.7068263 0.0390934 0.0744036 
2630000 2630 1000.0 3854616.33 1942.492 12.0592 0 0 0 0.0080555 -220.45933 20.4034299 0.039602 0.0722067 
2640000 2640 1000.0 3873249.321 1928.02 12.0694 0 0 0 0.0077034 -220.5932591 42.4775919 0.038413 0.0680873 
2650000 2650 1000.0 3892228.875 1922.671 12.0742 0 0 0 0.0088127 -220.4992069 47.1905159 0.0370931 0.0764352 
2660000 2660 1000.0 3911421.251 1922.126 12.1208 0 0 0 0.0088854 -220.8161687 45.7884942 0.0383188 0.0765299 
2670000 2670 1000.0 3931200.162 1932.581 12.1267 0 0 0 0.0085056 -220.874601 42.8127275 0.0393507 0.0752838 
2680000 2680 1000.0 3951057.725 1942.075 12.0691 0 0 0 0.0084801 -221.2439299 17.1791416 0.0388829 0.0753411 
2690000 2690 1000.0 3970999.694 1951.756 12.0846 0 0 0 0.0087561 -220.965993 53.5306682 0.0382374 0.07584 
2700000 2700 1000.0 3990987.404 1960.508 12.0951 0 0 0 0.0084617 -221.2917227 39.4955009 0.0386839 0.0739883 
2710000 2710 1000.0 4010979.177 1967.647 12.1171 0 0 0 0.0082958 -221.4630897 30.4833081 0.0375735 0.0734205 
2720000 2720 1000.0 4030971.736 1973.733 12.0999 0 0 0 0.009028 -221.6129912 41.2243504 0.0394213 0.0778053 
2730000 2730 1000.0 4051335.374 1985.16 12.1474 0 0 0 0.0086277 -221.8095097 62.6827681 0.0391444 0.0749489 
2740000 2740 1000.0 4071754.649 1995.536 12.1889 0 0 0 0.0085715 -221.9767002 60.7180494 0.0387735 0.0750226 
2750000 2750 1000.0 4091601.134 1993.16 12.1927 0 0 0 0.0079816 -222.3303255 36.8249856 0.037973 0.0719326 
2760000 2760 1000.0 4111296.014 1988.88 12.1754 0 0 0 0.0086814 -222.25733 46.9667367 0.0402528 0.0764461 
2770000 2770 1000.0 4130596.72 1977.574 12.2704 0 0 0 0.0083733 -222.4905563 51.3833351 0.0387888 0.0729575 
2780000 2780 1000.0 4149769.508 1967.378 12.2399 0 0 0 0.0078859 -222.5970865 29.8702974 0.0387197 0.0706207 
2790000 2790 1000.0 4169117.471 1960.836 12.1926 0 0 0 0.0090373 -222.5040753 56.1312861 0.039218 0.0789404 
2800000 2800 1000.0 4188516.758 1957.127 12.1974 0 0 0 0.0088274 -222.5457106 54.6124197 0.0384892 0.0768879 
2810000 2810 1000.0 4208113.991 1957.978 12.2153 0 0 0 0.0085412 -222.4421176 32.5466437 0.0403043 0.074248 
2820000 2820 1000.0 4227432.219 1953.406 12.2638 0 0 0 0.0091558 -222.2540945 81.1882025 0.0389284 0.0792175 
2830000 2830 1000.0 4246709.792 1948.906 12.3006 0 0 0 0.0091424 -222.4985017 44.0042645 0.0388664 0.0797159 
2840000 2840 1000.0 4265862.529 1941.987 12.3367 0 0 0 0.0097913 -222.767424 40.7272648 0.0393948 0.0833542 
2850000 2850 1000.0 4284532.001 1927.747 12.3148 0 0 0 0.0092832 -222.6191061 41.1273133 0.0400862 0.080651 
2860000 2860 1000.0 4303648.233 1925.059 12.3229 0 0 0 0.0088118 -222.9830335 37.6710024 0.0388909 0.078034 
2870000 2870 1000.0 4323248.832 1931.323 12.32 0 0 0 0.0089204 -223.1693004 47.9512703 0.0400011 0.0770998 
2880000 2880 1000.0 4342258.836 1925.683 12.2685 0 0 0 0.0098704 -223.0330947 29.865602 0.0408132 0.0825245 
2890000 2890 1000.0 4361745.23 1929.807 12.2833 0 0 0 0.0098176 -223.128244 77.0443309 0.0389867 0.0808805 
2900000 2900 1000.0 4381148.415 1931.856 12.3011 0 0 0 0.0092573 -222.9998488 38.3752171 0.0393947 0.0786914 
2910000 2910 1000.0 4400209.8 1926.326 12.2867 0 0 0 0.009217 -223.2856343 51.3600436 0.0387839 0.0808875 
2920000 2920 1000.0 4419489.723 1927.0 12.2852 0 0 0 0.010264 -223.1847607 44.5393955 0.0387277 0.0828045 
2930000 2930 1000.0 4439162.41 1934.176 12.2862 0 0 0 0.0096647 -223.0264029 51.0405119 0.0403064 0.0820813 
2940000 2940 1000.0 4458691.067 1937.738 12.3021 0 0 0 0.0095005 -222.9451774 25.3059675 0.0389479 0.0811498 
2950000 2950 1000.0 4477385.278 1924.958 12.3366 0 0 0 0.009668 -222.7450145 54.7712684 0.0395296 0.0809086 
2960000 2960 1000.0 4496338.931 1919.929 12.4402 0 0 0 0.0094983 -222.9104327 61.3282166 0.0375962 0.081381 
2970000 2970 1000.0 4515604.675 1921.106 12.4369 0 0 0 0.010377 -223.0076023 21.0069232 0.0385967 0.0853465 
2980000 2980 1000.0 4534951.847 1923.387 12.4634 0 0 0 0.0102426 -222.9605409 55.299494 0.0391495 0.0834798 
2990000 2990 1000.0 4554650.406 1931.877 12.4572 0 0 0 0.0098542 -222.8906448 67.3596577 0.0390923 0.0844811 
3000000 3000 1000.0 4574136.337 1934.812 12.4059 0 0 0 0.0095574 -223.3007679 36.69112 0.0390206 0.0805241 
3010000 3010 1000.0 4593020.13 1925.809 12.3667 0 0 0 0.0098403 -223.1211024 43.4649872 0.0386375 0.0819996 
3020000 3020 1000.0 4611848.282 1918.091 12.3531 0 0 0 0.009211 -222.9764867 46.0002838 0.0384958 0.0798895 
3030000 3030 1000.0 4630747.743 1913.176 12.4763 0 0 0 0.0093218 -222.9640396 68.6733702 0.0381057 0.0804467 
3040000 3040 1000.0 4650105.017 1917.576 12.4688 0 0 0 0.0100106 -222.8947231 35.0535452 0.039785 0.0835529 
3050000 3050 1000.0 4669312.827 1918.007 12.7014 0 0 0 0.0102558 -222.726028 88.393012 0.0376749 0.0843749 
3060000 3060 1000.0 4688602.184 1919.91 12.7007 0 0 0 0.0105639 -222.9498168 84.3980364 0.0374837 0.0864507 
3070000 3070 1000.0 4708207.227 1927.764 12.9508 0 0 0 0.0095991 -223.0572255 34.4250147 0.0386232 0.0826372 
3080000 3080 1000.0 4727979.002 1936.692 13.0028 0 0 0 0.0088742 -223.397508 15.520182 0.0387465 0.0777833 
3090000 3090 1000.0 4747271.897 1935.037 13.0352 0 0 0 0.0095808 -222.8215318 63.5812224 0.0389031 0.0816434 
3100000 3100 1000.0 4766716.253 1936.618 12.9971 0 0 0 0.0097549 -222.8354044 70.4354195 0.0390691 0.0827058 
3110000 3110 1000.0 4786391.958 1942.275 13.0338 0 0 0 0.0084498 -222.9146701 12.0871138 0.0383838 0.0748654 
3120000 3120 1000.0 4805978.588 1945.333 13.1888 0 0 0 0.0085666 -223.0118859 45.6709239 0.036488 0.0755658 
3130000 3130 1000.0 4825445.955 1945.746 13.2001 0 0 0 0.0086176 -223.0031213 25.082592 0.0391136 0.0768129 
3140000 3140 1000.0 4845365.885 1954.243 13.2966 0 0 0 0.0094399 -222.9144169 64.7426803 0.0382441 0.0822772 
3150000 3150 1000.0 4864430.707 1945.428 13.5957 0 0 0 0.0089393 -223.0626079 63.5447945 0.037888 0.077391 
3160000 3160 1000.0 4883345.321 1935.674 13.5003 0 0 0 0.0093667 -223.2575471 75.7157813 0.0391705 0.0773869 
3170000 3170 1000.0 4902784.64 1937.651 13.4332 0 0 0 0.0088084 -223.3248972 40.1860143 0.039261 0.0769475 
3180000 3180 1000.0 4923034.228 1953.544 13.5029 0 0 0 0.0083779 -223.385721 35.7537661 0.0399565 0.0742541 
3190000 3190 1000.0 4942752.562 1957.064 13.7849 0 0 0 0.0093126 -223.0789293 49.5284109 0.0376383 0.0794707 
3200000 3200 1000.0 4963040.288 1970.229 13.7252 0 0 0 0.0084649 -223.3135549 37.8140882 0.037746 0.0750537 
3210000 3210 1000.0 4982573.84 1967.261 13.7688 0 0 0 0.0089517 -222.9785746 57.9413757 0.0380353 0.0768158 
3220000 3220 1000.0 5002839.736 1977.901 13.8013 0 0 0 0.0079644 -223.4401542 31.637547 0.0363343 0.0709606 
3230000 3230 1000.0 5022649.756 1978.435 13.657 0 0 0 0.0087351 -223.0903775 79.3851544 0.0364159 0.0756696 
3240000 3240 1000.0 5042327.279 1976.118 13.9231 0 0 0 0.0083643 -223.16172 49.2485516 0.0372243 0.0732381 
3250000 3250 1000.0 5062112.649 1977.012 14.06 0 0 0 0.0084173 -223.1562883 48.099237 0.0372342 0.0719112 
3260000 3260 1000.0 5082068.828 1980.485 14.0054 0 0 0 0.0086553 -223.2813125 32.4793644 0.0361702 0.0762732 
3270000 3270 1000.0 5102736.29 1996.253 13.9596 0 0 0 0.0077854 -223.22257 27.2426471 0.0363922 0.0705536 
3280000 3280 1000.0 5122708.111 1996.357 14.138 0 0 0 0.0086929 -223.1726566 46.994227 0.0362673 0.074536 
3290000 3290 1000.0 5142803.579 1999.004 14.2431 0 0 0 0.0080416 -223.3136396 51.306378 0.0358748 0.0706524 
3300000 3300 1000.0 5163091.386 2004.318 14.3309 0 0 0 0.008215 -223.2427256 61.8616503 0.0373003 0.07191 
3310000 3310 1000.0 5183281.477 2007.078 14.3221 0 0 0 0.0085041 -222.9788648 78.1813725 0.0359453 0.0741645 
3320000 3320 1000.0 5202018.792 1980.606 14.3131 0 0 0 0.0080423 -223.1152617 31.4449804 0.0368499 0.0705344 
3330000 3330 1000.0 5221743.209 1979.035 14.4161 0 0 0 0.0084583 -223.0821755 41.0125091 0.0362978 0.0743056 
3340000 3340 1000.0 5241862.56 1984.951 14.6859 0 0 0 0.0081843 -223.404403 44.2513354 0.0360379 0.0715022 
3350000 3350 1000.0 5262244.283 1994.569 14.7627 0 0 0 0.0083767 -223.4904044 40.3913905 0.0360252 0.0738819 
3360000 3360 1000.0 5282144.016 1993.451 14.9223 0 0 0 0.0084198 -223.7225122 46.988171 0.0358628 0.073693 
3370000 3370 1000.0 5302101.4 1993.813 15.0947 0 0 0 0.0084427 -223.9571536 44.9371303 0.0349648 0.073219 
3380000 3380 1000.0 5321913.112 1991.528 15.1782 0 0 0 0.008186 -223.7984736 41.1382655 0.036333 0.0725065 
3390000 3390 1000.0 5342014.207 1995.024 15.3168 0 0 0 0.0086515 -223.6122069 51.9810745 0.0342727 0.0754666 
3400000 3400 1000.0 5361981.984 1995.165 15.4348 0 0 0 0.0086799 -223.7441956 48.8566648 0.0336992 0.0756999 
3410000 3410 1000.0 5380723.956 1973.55 15.565 0 0 0 0.0082114 -223.7334893 70.380648 0.0354368 0.0717905 
3420000 3420 1000.0 5399785.191 1960.953 15.6468 0 0 0 0.0080235 -223.4560499 66.1527266 0.035109 0.0710847 
3430000 3430 1000.0 5418772.655 1948.99 15.6726 0 0 0 0.0083076 -223.9973042 27.2854882 0.034492 0.0736965 
3440000 3440 1000.0 5438176.236 1947.671 15.7392 0 0 0 0.0087599 -223.6962971 71.5073771 0.0351265 0.076693 
3450000 3450 1000.0 5457329.845 1941.954 15.7623 0 0 0 0.0086236 -223.6417336 85.0921605 0.0357768 0.0759476 
3460000 3460 1000.0 5476717.904 1941.18 15.7949 0 0 0 0.0086424 -223.3344035 82.5313576 0.0359583 0.0757274 
3470000 3470 1000.0 5496134.207 1941.445 15.7697 0 0 0 0.0091309 -223.6437932 28.7233401 0.0347376 0.0773052 
3480000 3480 1000.0 5515114.821 1933.792 15.7382 0 0 0 0.008469 -223.5322644 19.3444713 0.0357159 0.0751727 
3490000 3490 1000.0 5534640.141 1937.481 15.7435 0 0 0 0.0081612 -223.7448737 16.346206 0.0343316 0.0737533 
3500000 3500 1000.0 5554459.588 1945.677 15.7707 0 0 0 0.0090456 -223.6957581 29.4332566 0.0345384 0.0796048 
3510000 3510 1000.0 5574034.444 1947.687 15.8073 0 0 0 0.0086484 -223.7468138 27.3721036 0.0349496 0.0766451 
3520000 3520 1000.0 5593880.509 1954.723 15.8184 0 0 0 0.0088484 -224.157441 35.6980008 0.0357573 0.0779635 
3530000 3530 1000.0 5613826.233 1962.034 15.8367 0 0 0 0.0084106 -224.2484152 34.5827544 0.0367316 0.0749968 
3540000 3540 1000.0 5633512.563 1963.079 15.8753 0 0 0 0.0087753 -224.1571905 52.0079467 0.0367334 0.0765869 
3550000 3550 1000.0 5653218.931 1964.501 15.8975 0 0 0 0.009579 -223.8398085 122.1763419 0.0361859 0.0818854 
3560000 3560 1000.0 5672706.138 1961.627 15.9051 0 0 0 0.0093071 -224.1453296 67.5722537 0.0358191 0.0810255 
3570000 3570 1000.0 5692778.366 1969.721 15.9307 0 0 0 0.0088204 -224.1873856 59.7334506 0.0367144 0.0772467 
3580000 3580 1000.0 5712744.022 1974.858 15.9119 0 0 0 0.0085037 -224.2991131 36.6309478 0.0359248 0.0751808 
3590000 3590 1000.0 5732676.871 1977.916 15.9176 0 0 0 0.0086081 -224.135917 36.611098 0.0353034 0.076346 
3600000 3600 1000.0 5752277.509 1974.583 15.9121 0 0 0 0.00915 -224.0203411 54.8234751 0.03603 0.0792324 
3610000 3610 1000.0 5771568.423 1966.59 15.9225 0 0 0 0.0085928 -223.8415455 54.7114954 0.0369508 0.0758008 
3620000 3620 1000.0 5790705.084 1956.896 15.9582 0 0 0 0.0086556 -223.9901934 41.5486997 0.0353542 0.0770121 
3630000 3630 1000.0 5810280.01 1956.579 15.9907 0 0 0 0.0086627 -223.8294869 79.2427818 0.0351192 0.0750498 
3640000 3640 1000.0 5829211.071 1944.921 15.9628 0 0 0 0.0088183 -223.7973831 71.8419203 0.0351666 0.0774119 
3650000 3650 1000.0 5848339.656 1939.31 15.9296 0 0 0 0.0085414 -223.6568786 67.1729184 0.0353134 0.0747435 
3660000 3660 1000.0 5867821.745 1940.985 15.9293 0 0 0 0.0082681 -223.9689154 24.2337924 0.0340825 0.0737443 
3670000 3670 1000.0 5886917.402 1934.684 15.9134 0 0 0 0.0090976 -224.0116385 40.5539798 0.0361546 0.0792782 
3680000 3680 1000.0 5906353.708 1936.078 15.8664 0 0 0 0.0081137 -223.8424177 47.3608444 0.0350509 0.0722298 
3690000 3690 1000.0 5925225.317 1927.066 15.8751 0 0 0 0.0090924 -223.9359591 43.4680883 0.0342294 0.078306 
3700000 3700 1000.0 5944890.812 1934.064 15.8899 0 0 0 0.0090388 -223.7577243 68.1507119 0.0357824 0.0790299 
3710000 3710 1000.0 5964078.316 1931.121 15.7692 0 0 0 0.0084653 -223.8449175 31.3727554 0.0363449 0.0755457 
3720000 3720 1000.0 5983947.783 1941.527 15.7131 0 0 0 0.0083637 -223.6218885 33.6795654 0.0361838 0.0743412 
3730000 3730 1000.0 6003398.14 1941.79 15.5466 0 0 0 0.008598 -223.4062754 46.0973293 0.0357021 0.0736131 
3740000 3740 1000.0 6023686.954 1957.771 15.1843 0 0 0 0.0085745 -223.4333443 66.1515973 0.0345976 0.0729868 
3750000 3750 1000.0 6043766.404 1966.784 15.2708 0 0 0 0.00856 -223.6059579 20.2808956 0.0370826 0.0743594 
3760000 3760 1000.0 6063205.964 1962.801 15.0206 0 0 0 0.0092003 -223.1320546 78.0975946 0.0372748 0.0760994 
3770000 3770 1000.0 6082624.596 1959.164 14.7332 0 0 0 0.0089789 -223.4936433 35.6925389 0.0368685 0.0769964 
3780000 3780 1000.0 6102133.092 1957.373 14.3633 0 0 0 0.0083235 -223.042356 95.4376952 0.0345908 0.0715757 
3790000 3790 1000.0 6122258.982 1967.934 14.142 0 0 0 0.0081373 -223.4043352 28.6998104 0.0352946 0.0719393 
3800000 3800 1000.0 6142142.553 1971.99 14.0191 0 0 0 0.0079257 -223.4103304 43.9051145 0.0329772 0.0705067 
3810000 3810 1000.0 6161638.864 1968.482 13.847 0 0 0 0.0083765 -223.5023219 25.4526287 0.0350749 0.0723993 
3820000 3820 1000.0 6181665.888 1974.536 13.6241 0 0 0 0.0080843 -223.5129174 53.5015714 0.0349149 0.0704193 
3830000 3830 1000.0 6201708.974 1979.868 13.3732 0 0 0 0.0079751 -223.6037438 64.2648285 0.0337704 0.0709619 
3840000 3840 1000.0 6221392.843 1977.616 13.1818 0 0 0 0.0085741 -223.2972929 96.2552687 0.0338033 0.0719367 
3850000 3850 1000.0 6240596.773 1966.941 13.0797 0 0 0 0.0083348 -223.7210247 47.4737406 0.0339667 0.0732269 
3860000 3860 1000.0 6260442.019 1969.638 12.9873 0 0 0 0.0079803 -223.8427566 48.3445761 0.0342519 0.0699276 
3870000 3870 1000.0 6279454.801 1956.971 12.9111 0 0 0 0.0082763 -223.6724128 73.5411218 0.0341972 0.0710979 
3880000 3880 1000.0 6299394.842 1964.111 12.8409 0 0 0 0.0084151 -223.7470645 70.3690172 0.0340072 0.0715057 
3890000 3890 1000.0 6319158.772 1966.555 12.7734 0 0 0 0.0081748 -223.990205 85.6590104 0.0339567 0.0703241 
3900000 3900 1000.0 6339283.273 1975.19 12.7168 0 0 0 0.0075229 -224.1253791 49.7841154 0.0323997 0.0669733 
3910000 3910 1000.0 6359323.839 1980.153 12.6998 0 0 0 0.0080186 -224.6238904 19.6438617 0.034777 0.0706314 
3920000 3920 1000.0 6379807.951 1992.798 12.6937 0 0 0 0.0075475 -224.6551971 45.4693438 0.0347003 0.0674355 
3930000 3930 1000.0 6400208.409 2001.117 12.699 0 0 0 0.0082402 -224.7630417 40.7445579 0.0347494 0.0722352 
3940000 3940 1000.0 6420610.577 2008.104 12.7491 0 0 0 0.0082853 -224.7976413 25.621216 0.0345377 0.0735785 
3950000 3950 1000.0 6440966.532 2013.272 12.7584 0 0 0 0.0074996 -225.3816218 34.4501516 0.0339229 0.0672379 
3960000 3960 1000.0 6461201.425 2015.248 12.8412 0 0 0 0.0093548 -225.0939134 100.2844546 0.0356908 0.0783342 
3970000 3970 1000.0 6481028.028 2009.481 13.0081 0 0 0 0.0075096 -225.4278747 35.8614176 0.0332614 0.0677266 
3980000 3980 1000.0 6501577.058 2017.707 13.1528 0 0 0 0.0076983 -225.4310489 55.3917228 0.0334001 0.0689297 
3990000 3990 1000.0 6522313.239 2027.897 13.339 0 0 0 0.0084453 -225.4030563 35.4613234 0.0349462 0.0735028 
4000000 4000 1000.0 6543221.897 2039.261 13.3383 0 0 0 0.0076722 -225.3362812 50.060614 0.0355922 0.0680765 
4010000 4010 1000.0 6563760.559 2041.795 13.3407 0 0 0 0.0081051 -225.7526734 47.7747944 0.0348939 0.0712396 
4020000 4020 1000.0 6583636.395 2031.281 13.4227 0 0 0 0.0073869 -225.7535933 32.8346855 0.0352816 0.0665957 
4030000 4030 1000.0 6603415.501 2021.846 13.4991 0 0 0 0.0073043 -226.0103152 21.3997239 0.0361003 0.066984 
4040000 4040 1000.0 6623325.758 2016.4 13.6525 0 0 0 0.007753 -225.9592505 44.6816829 0.0363728 0.0692964 
4050000 4050 1000.0 6643563.204 2018.279 13.6527 0 0 0 0.0079459 -226.0530098 39.3537575 0.0344689 0.0703987 
4060000 4060 1000.0 6663524.05 2014.451 13.5522 0 0 0 0.0081037 -225.8226386 73.1157704 0.0361008 0.069946 
4070000 4070 1000.0 6683726.124 2015.622 13.5784 0 0 0 0.0071077 -226.0371403 10.3544295 0.0347273 0.0652917 
4080000 4080 1000.0 6703274.464 2004.084 13.5799 0 0 0 0.0076475 -225.8041861 59.2893555 0.0355005 0.0671442 
4090000 4090 1000.0 6723051.286 1999.365 13.578 0 0 0 0.0082968 -225.9344816 56.1840093 0.036236 0.0724219 
4100000 4100 1000.0 6743027.473 1999.145 13.5273 0 0 0 0.0078694 -226.0166459 32.1844332 0.0344409 0.0696713 
4110000 4110 1000.0 6763183.722 2001.823 13.4444 0 0 0 0.0073738 -225.9925218 47.8818506 0.0339939 0.0659188 
4120000 4120 1000.0 6782801.279 1994.56 13.4331 0 0 0 0.0078885 -225.7281116 33.2591 0.0343719 0.0699028 
4130000 4130 1000.0 6801249.668 1967.564 13.5293 0 0 0 0.0079421 -225.7181738 35.2855643 0.0341149 0.0689425 
4140000 4140 1000.0 6821506.285 1978.744 13.6326 0 0 0 0.0078551 -225.2446994 65.4717134 0.0354213 0.0684594 
4150000 4150 1000.0 6842055.671 1992.898 13.5599 0 0 0 0.0082554 -225.3265306 95.0311358 0.033769 0.0705851 
4160000 4160 1000.0 6862233.818 1997.257 13.4669 0 0 0 0.0081189 -225.5487101 50.8331372 0.0342196 0.0713663 
4170000 4170 1000.0 6882066.785 1994.603 13.3792 0 0 0 0.0084424 -225.4074136 54.2999432 0.0347255 0.0725241 
4180000 4180 1000.0 6901483.05 1984.93 13.4342 0 0 0 0.0077877 -225.2264823 53.5903953 0.035976 0.0688537 
4190000 4190 1000.0 6921539.966 1988.765 13.5057 0 0 0 0.0075943 -225.2934032 51.3988654 0.0354084 0.0666413 
