10000 12 168.771 -6.654 -0.125 0.5059 0 0 0 
20000 23 313.813 -13.869 -0.235 0.943 0 0 0 
30000 59 301.063 -41.572 -0.499 1.31 0 0 0 
40000 69 428.567 -46.477 -0.501 2.1055 0 0 0 
50000 80 526.685 -49.085 -0.449 2.719 0 0 0 
60000 92 592.335 -52.672 -0.415 3.1479 0 0 0 
70000 129 404.8 -71.512 -0.498 2.2119 0 0 0 
80000 171 321.574 -106.034 -0.686 1.8095 0 0 0 
90000 194 367.735 -118.536 -0.615 2.0968 0 0 0 
100000 207 451.053 -116.666 -0.454 2.5921 0 0 0 
110000 218 551.901 -120.169 -0.416 3.1901 0 0 0 
120000 246 455.304 -132.109 -0.43 2.6409 0 0 0 
130000 257 547.298 -138.364 -0.461 3.1774 0 0 0 
140000 272 571.625 -136.724 -0.298 3.3191 0 0 0 
150000 307 430.672 -136.953 -0.148 2.5119 0 0 0 
160000 343 334.804 -130.734 0.053 1.9573 0 0 0 
170000 379 302.255 -121.501 0.139 1.7525 0 0 0 
180000 444 194.68 -101.785 0.364 1.131 0 0 0 
190000 554 116.504 -50.574 0.416 0.6815 0 0 0 
200000 657 100.535 3.285 0.481 0.5928 0 0 0 
210000 786 76.907 30.521 0.168 0.4814 0 0 0 
220000 861 143.281 17.614 -0.045 0.8675 0 0 0 
230000 927 143.166 52.488 0.442 0.8273 0 0 0 
240000 1063 72.353 179.393 0.898 0.4217 0 0 0 
250000 1194 77.506 285.594 0.798 0.4546 0 0 0 
260000 1371 49.484 437.531 0.879 0.2891 0 0 0 
270000 1564 50.582 617.663 0.914 0.2968 0 0 0 
280000 1769 46.775 813.515 0.923 0.2761 0 0 0 
290000 1979 51.901 1008.686 0.982 0.3037 0 0 0 
300000 2198 43.797 1228.461 1.018 0.2668 0 0 0 
310000 2378 58.868 1409.108 0.974 0.354 0 0 0 
320000 2575 51.132 1602.748 0.97 0.3054 0 0 0 
330000 2785 47.286 1813.659 1.016 0.2847 0 0 0 
340000 3019 40.841 2052.585 1.02 0.2478 0 0 0 
350000 3241 41.888 2275.944 1.001 0.2536 0 0 0 
360000 3462 43.158 2501.856 1.021 0.2598 0 0 0 
370000 3706 40.076 2746.982 0.98 0.2424 0 0 0 
380000 3886 61.847 2927.675 1.01 0.369 0 0 0 
390000 4135 39.882 3181.744 1.02 0.2456 0 0 0 
400000 4363 39.107 3414.634 1.02 0.2345 0 0 0 
410000 4614 39.906 3670.581 1.02 0.2308 0 0 0 
420000 4859 40.849 3920.666 1.021 0.238 0 0 0 
430000 5100 42.704 4162.724 1.009 0.245 0 0 0 
440000 5318 50.807 4381.684 0.993 0.2914 0 0 0 
450000 5555 41.432 4613.754 0.999 0.24 0 0 0 
460000 5802 37.512 4855.81 0.955 0.2182 0 0 0 
470000 6060 38.29 5114.858 0.999 0.2298 0 0 0 
480000 6301 39.59 5352.861 0.991 0.2385 0 0 0 
490000 6554 40.976 5602.92 0.989 0.2462 0 0 0 
500000 6789 41.589 5837.129 1.01 0.2566 0 0 0 
510000 7007 50.802 6056.408 1.011 0.3162 0 0 0 
520000 7258 38.438 6304.477 1.013 0.2325 0 0 0 
530000 7488 41.702 6537.455 1.009 0.2524 0 0 0 
540000 7724 46.349 6774.581 1.009 0.2808 0 0 0 
550000 7975 41.762 7024.644 1.013 0.2546 0 0 0 
560000 8212 41.957 7262.71 0.984 0.2565 0 0 0 
570000 8439 48.137 7492.789 0.993 0.2951 0 0 0 
580000 8655 48.682 7709.976 1.012 0.2971 0 0 0 
590000 8885 39.748 7942.836 1.019 0.2406 0 0 0 
600000 9144 40.31 8200.948 1.013 0.2452 0 0 0 
610000 9410 34.693 8472.047 1.018 0.2143 0 0 0 
620000 9650 43.316 8716.938 1.021 0.2709 0 0 0 
630000 9902 39.412 8973.976 1.02 0.232 0 0 0 
640000 10106 41.134 9177.107 0.982 0.2418 0 0 0 
650000 10363 40.562 9437.145 1.01 0.2443 0 0 0 
660000 10624 40.026 9701.307 1.01 0.2434 0 0 0 
670000 10856 39.202 9938.082 1.02 0.2402 0 0 0 
680000 11100 40.709 10183.126 1.016 0.2438 0 0 0 
690000 11323 39.938 10402.931 1.002 0.2382 0 0 0 
700000 11527 49.901 10609.937 1.021 0.2957 0 0 0 
710000 11760 39.841 10843.819 0.992 0.2412 0 0 0 
720000 11988 38.761 11072.752 1.018 0.235 0 0 0 
730000 12246 36.465 11333.825 1.014 0.2218 0 0 0 
740000 12486 45.854 11570.914 0.996 0.2729 0 0 0 
750000 12721 37.618 11804.998 0.998 0.2287 0 0 0 
760000 12949 40.436 12032.143 0.983 0.2446 0 0 0 
770000 13165 53.419 12251.004 1.003 0.3218 0 0 0 
780000 13405 40.233 12492.135 0.997 0.2441 0 0 0 
790000 13634 38.907 12712.361 0.978 0.236 0 0 0 
800000 13896 39.911 12967.416 0.94 0.2387 0 0 0 
810000 14151 38.119 13223.483 1.007 0.2307 0 0 0 
820000 14393 48.759 13458.646 0.908 0.2979 0 0 0 
830000 14635 36.234 13697.886 1.004 0.22 0 0 0 
840000 14861 46.154 13924.783 1.002 0.2793 0 0 0 
850000 15116 37.603 14180.892 0.998 0.2365 0 0 0 
860000 15384 38.177 14452.027 1.003 0.2339 0 0 0 
870000 15643 39.497 14716.12 1.02 0.243 0 0 0 
880000 15869 56.306 14941.247 0.963 0.3402 0 0 0 
890000 16104 42.72 15177.448 0.998 0.2611 0 0 0 
900000 16299 39.575 15373.595 1.017 0.2436 0 0 0 
910000 16545 40.983 15618.652 0.983 0.2474 0 0 0 
920000 16743 51.891 15815.424 0.959 0.3108 0 0 0 
930000 16999 39.116 16070.599 1.003 0.2353 0 0 0 
940000 17225 49.652 16295.629 0.98 0.2956 0 0 0 
950000 17468 41.296 16541.612 1.008 0.2464 0 0 0 
960000 17736 38.045 16814.699 1.019 0.2249 0 0 0 
970000 17979 40.565 17060.83 1.021 0.2396 0 0 0 
980000 18195 40.508 17273.97 1.002 0.2399 0 0 0 
990000 18441 41.22 17523.034 0.993 0.2491 0 0 0 
1000000 18670 41.386 17750.945 1.002 0.2501 0 0 0 
