10000.0 12.625 -9.625 -11.987 -7.263 -0.001 -0.0012 -0.0007 -0.1692 -0.2072 -0.1313 
20000.0 24.625 -20.125 -24.9054 -15.3446 -0.001 -0.0012 -0.0008 -0.317 -0.3736 -0.2604 
30000.0 50.375 -41.625 -52.3027 -30.9473 -0.0014 -0.0017 -0.001 -0.5194 -0.6049 -0.4339 
40000.0 63.625 -52.375 -63.6972 -41.0528 -0.0013 -0.0016 -0.001 -0.5885 -0.6759 -0.5011 
50000.0 78.0 -59.25 -71.0626 -47.4374 -0.0012 -0.0014 -0.0009 -0.5642 -0.6681 -0.4604 
60000.0 101.375 -76.625 -98.3061 -54.9439 -0.0013 -0.0016 -0.0009 -0.6204 -0.7276 -0.5131 
70000.0 122.625 -94.875 -114.402 -75.348 -0.0014 -0.0016 -0.0011 -0.7088 -0.7781 -0.6394 
80000.0 160.125 -125.125 -169.8511 -80.3989 -0.0016 -0.0021 -0.001 -0.7311 -0.7737 -0.6886 
90000.0 185.75 -142.75 -197.9305 -87.5695 -0.0016 -0.0022 -0.001 -0.7039 -0.763 -0.6448 
100000.0 211.25 -162.0 -216.1527 -107.8473 -0.0016 -0.0022 -0.0011 -0.7324 -0.794 -0.6707 
110000.0 248.125 -186.875 -254.8266 -118.9234 -0.0017 -0.0023 -0.0011 -0.6815 -0.7751 -0.5879 
120000.0 271.25 -202.25 -267.6824 -136.8176 -0.0017 -0.0022 -0.0011 -0.6872 -0.7861 -0.5884 
130000.0 288.0 -213.25 -278.7358 -147.7642 -0.0016 -0.0021 -0.0011 -0.6876 -0.7968 -0.5784 
140000.0 313.625 -227.375 -289.3163 -165.4337 -0.0016 -0.0021 -0.0012 -0.6444 -0.8322 -0.4566 
150000.0 330.875 -237.375 -299.5431 -175.2069 -0.0016 -0.002 -0.0012 -0.6386 -0.8154 -0.4618 
160000.0 348.125 -247.125 -309.6335 -184.6165 -0.0015 -0.0019 -0.0012 -0.6235 -0.7903 -0.4567 
170000.0 369.125 -260.375 -323.4599 -197.2901 -0.0015 -0.0019 -0.0012 -0.6215 -0.7529 -0.4901 
180000.0 389.125 -269.875 -335.9689 -203.7811 -0.0015 -0.0019 -0.0011 -0.5676 -0.7437 -0.3915 
190000.0 414.625 -273.375 -341.5796 -205.1704 -0.0014 -0.0018 -0.0011 -0.4086 -0.6573 -0.16 
200000.0 460.5 -289.25 -357.0903 -221.4097 -0.0014 -0.0018 -0.0011 -0.386 -0.6756 -0.0964 
210000.0 492.625 -296.375 -364.0092 -228.7408 -0.0014 -0.0017 -0.0011 -0.3164 -0.614 -0.0188 
220000.0 518.125 -299.875 -369.2733 -230.4767 -0.0014 -0.0017 -0.001 -0.2615 -0.5197 -0.0033 
230000.0 553.125 -304.375 -383.5432 -225.2068 -0.0013 -0.0017 -0.001 -0.2473 -0.5718 0.0773 
240000.0 592.25 -303.0 -397.3588 -208.6412 -0.0013 -0.0017 -0.0009 -0.1342 -0.5319 0.2634 
250000.0 629.75 -297.5 -412.7731 -182.2269 -0.0012 -0.0017 -0.0007 -0.1125 -0.5548 0.3298 
260000.0 667.25 -290.25 -429.5979 -150.9021 -0.0011 -0.0017 -0.0006 -0.0744 -0.5525 0.4037 
270000.0 714.25 -268.25 -443.0716 -93.4284 -0.001 -0.0016 -0.0003 0.0089 -0.5003 0.5181 
280000.0 773.5 -236.5 -452.2901 -20.7099 -0.0008 -0.0016 -0.0001 0.0834 -0.4214 0.5881 
290000.0 833.125 -204.625 -473.4982 64.2482 -0.0007 -0.0016 0.0002 0.0641 -0.442 0.5702 
300000.0 893.5 -173.25 -496.7436 150.2436 -0.0006 -0.0017 0.0005 0.0615 -0.4678 0.5908 
310000.0 954.875 -143.625 -515.1683 227.9183 -0.0005 -0.0017 0.0007 0.096 -0.4439 0.6359 
320000.0 1018.25 -103.25 -519.923 313.423 -0.0003 -0.0016 0.001 0.1934 -0.3727 0.7594 
330000.0 1099.125 -51.125 -524.1485 421.8985 -0.0002 -0.0016 0.0013 0.2021 -0.3638 0.7681 
340000.0 1197.0 6.0 -540.1666 552.1666 0.0 -0.0016 0.0016 0.2729 -0.323 0.8688 
350000.0 1291.5 78.0 -541.1443 697.1443 0.0002 -0.0015 0.002 0.3062 -0.2729 0.8854 
360000.0 1391.375 141.375 -544.4237 827.1737 0.0004 -0.0015 0.0023 0.3139 -0.1847 0.8124 
370000.0 1496.5 218.25 -544.1026 980.6026 0.0006 -0.0015 0.0027 0.3748 -0.1171 0.8666 
380000.0 1616.0 313.5 -505.6316 1132.6316 0.0008 -0.0013 0.003 0.5065 0.0433 0.9697 
390000.0 1725.625 402.625 -453.4646 1258.7146 0.001 -0.0012 0.0032 0.6063 0.232 0.9805 
400000.0 1863.625 527.125 -388.3131 1442.5631 0.0013 -0.001 0.0036 0.6954 0.3235 1.0672 
410000.0 2011.0 662.25 -320.7793 1645.2793 0.0016 -0.0008 0.004 0.6859 0.2877 1.0841 
420000.0 2151.5 789.25 -259.8781 1838.3781 0.0019 -0.0006 0.0044 0.7039 0.3366 1.0712 
430000.0 2293.0 919.0 -187.7652 2025.7652 0.0021 -0.0004 0.0047 0.7125 0.3449 1.0801 
440000.0 2439.75 1048.25 -106.2704 2202.7704 0.0024 -0.0002 0.005 0.7248 0.3712 1.0783 
450000.0 2599.25 1185.5 -13.3473 2384.3473 0.0026 -0.0 0.0053 0.6952 0.2967 1.0938 
460000.0 2760.5 1329.75 83.0906 2576.4094 0.0029 0.0002 0.0056 0.6872 0.2399 1.1346 
470000.0 2923.125 1471.125 167.4281 2774.8219 0.0031 0.0004 0.0059 0.6796 0.2129 1.1464 
480000.0 3095.625 1633.375 268.3453 2998.4047 0.0034 0.0006 0.0062 0.7556 0.3922 1.1191 
490000.0 3267.25 1791.0 365.6805 3216.3195 0.0037 0.0007 0.0066 0.7771 0.4462 1.1081 
500000.0 3440.75 1954.0 466.1167 3441.8833 0.0039 0.0009 0.0069 0.8051 0.4871 1.1232 
510000.0 3632.375 2136.125 580.1425 3692.1075 0.0042 0.0011 0.0072 0.8178 0.5145 1.121 
520000.0 3818.25 2314.75 711.2452 3918.2548 0.0045 0.0014 0.0075 0.8661 0.6453 1.0869 
530000.0 4009.75 2498.25 850.3144 4146.1856 0.0047 0.0016 0.0078 0.9004 0.7163 1.0844 
540000.0 4208.5 2689.5 994.0249 4384.9751 0.005 0.0018 0.0081 0.9065 0.6989 1.1141 
550000.0 4411.375 2885.375 1144.5132 4626.2368 0.0052 0.0021 0.0084 0.9099 0.7305 1.0892 
560000.0 4612.25 3079.25 1293.5122 4864.9878 0.0055 0.0023 0.0087 0.885 0.6851 1.0849 
570000.0 4820.0 3277.25 1437.1162 5117.3838 0.0057 0.0025 0.009 0.9114 0.7713 1.0515 
580000.0 5035.0 3486.5 1595.6817 5377.3183 0.006 0.0028 0.0093 0.9369 0.8423 1.0314 
590000.0 5253.875 3697.375 1770.1467 5624.6033 0.0063 0.003 0.0095 0.946 0.874 1.018 
600000.0 5469.25 3906.0 1937.0006 5874.9994 0.0065 0.0032 0.0098 0.9496 0.872 1.0273 
610000.0 5678.125 4107.125 2080.7204 6133.5296 0.0067 0.0034 0.0101 0.9394 0.8564 1.0223 
620000.0 5897.125 4319.375 2252.4813 6386.2687 0.007 0.0036 0.0103 0.9611 0.9062 1.016 
630000.0 6120.125 4537.875 2438.9925 6636.7575 0.0072 0.0039 0.0105 0.9664 0.8962 1.0366 
640000.0 6344.5 4754.0 2619.0908 6888.9092 0.0074 0.0041 0.0108 0.93 0.8264 1.0336 
650000.0 6574.125 4975.625 2805.5845 7145.6655 0.0077 0.0043 0.011 0.9545 0.8748 1.0342 
660000.0 6805.125 5201.375 2996.1535 7406.5965 0.0079 0.0045 0.0112 0.9752 0.9407 1.0098 
670000.0 7031.375 5423.875 3185.8336 7661.9164 0.0081 0.0048 0.0114 0.9735 0.937 1.01 
680000.0 7264.25 5650.5 3381.6511 7919.3489 0.0083 0.005 0.0116 0.958 0.9107 1.0053 
690000.0 7495.875 5876.625 3589.7188 8163.5312 0.0085 0.0052 0.0118 0.979 0.96 0.998 
700000.0 7730.25 6106.0 3787.6052 8424.3948 0.0087 0.0054 0.012 0.9751 0.9297 1.0206 
710000.0 7950.0 6319.5 3987.7483 8651.2517 0.0089 0.0056 0.0122 0.9659 0.9426 0.9891 
720000.0 8196.75 6558.5 4203.5102 8913.4898 0.0091 0.0058 0.0124 0.954 0.9015 1.0065 
730000.0 8445.875 6800.625 4431.9268 9169.3232 0.0093 0.0061 0.0126 0.9719 0.9312 1.0126 
740000.0 8691.125 7039.875 4666.8721 9412.8779 0.0095 0.0063 0.0127 0.9792 0.9588 0.9997 
750000.0 8930.125 7273.875 4894.5983 9653.1517 0.0097 0.0065 0.0129 0.9692 0.9436 0.9949 
760000.0 9179.5 7520.0 5145.6901 9894.3099 0.0099 0.0068 0.013 0.988 0.9736 1.0024 
770000.0 9423.75 7761.25 5384.104 10138.396 0.0101 0.007 0.0132 0.9864 0.9697 1.0031 
780000.0 9661.75 7994.25 5618.7448 10369.7552 0.0102 0.0072 0.0133 0.9684 0.939 0.9978 
790000.0 9915.125 8245.125 5861.6263 10628.6237 0.0104 0.0074 0.0135 0.9801 0.9575 1.0027 
800000.0 10149.5 8474.75 6088.2129 10861.2871 0.0106 0.0076 0.0136 0.9736 0.9502 0.9971 
810000.0 10388.125 8709.125 6315.8867 11102.3633 0.0108 0.0078 0.0137 0.99 0.9831 0.9969 
820000.0 10640.0 8958.25 6558.0109 11358.4891 0.0109 0.008 0.0139 0.9951 0.9896 1.0007 
830000.0 10895.625 9211.875 6812.6966 11611.0534 0.0111 0.0082 0.014 0.998 0.9954 1.0006 
840000.0 11137.25 9448.75 7044.6437 11852.8563 0.0112 0.0084 0.0141 0.9786 0.96 0.9973 
850000.0 11387.125 9695.875 7289.205 12102.545 0.0114 0.0086 0.0142 0.9931 0.9847 1.0015 
860000.0 11628.375 9934.875 7527.486 12342.264 0.0116 0.0088 0.0144 0.9884 0.9747 1.002 
870000.0 11871.375 10173.875 7770.7758 12576.9742 0.0117 0.0089 0.0145 0.9838 0.9702 0.9973 
880000.0 12121.125 10420.125 8009.982 12830.268 0.0118 0.0091 0.0146 0.982 0.9601 1.0039 
890000.0 12367.625 10661.625 8239.0279 13084.2221 0.012 0.0093 0.0147 0.9779 0.9632 0.9925 
900000.0 12601.875 10893.375 8475.3775 13311.3725 0.0121 0.0094 0.0148 0.9914 0.9812 1.0016 
910000.0 12850.25 11137.5 8725.3728 13549.6272 0.0122 0.0096 0.0149 0.9759 0.9602 0.9916 
920000.0 13099.875 11383.625 8954.5737 13812.6763 0.0124 0.0097 0.015 0.9911 0.9816 1.0006 
930000.0 13345.875 11624.375 9183.5456 14065.2044 0.0125 0.0099 0.0151 0.9625 0.9113 1.0137 
940000.0 13582.75 11856.75 9407.6144 14305.8856 0.0126 0.01 0.0152 0.9886 0.9733 1.0039 
950000.0 13824.25 12096.5 9646.4514 14546.5486 0.0127 0.0102 0.0153 0.9922 0.9823 1.0022 
960000.0 14073.125 12342.125 9898.8737 14785.3763 0.0129 0.0103 0.0154 0.9879 0.9747 1.001 
970000.0 14327.0 12592.75 10146.1631 15039.3369 0.013 0.0105 0.0155 0.9944 0.9895 0.9992 
980000.0 14580.375 12843.125 10400.3327 15285.9173 0.0131 0.0106 0.0156 0.9851 0.9738 0.9965 
990000.0 14822.375 13082.125 10639.4919 15524.7581 0.0132 0.0107 0.0157 0.9844 0.9715 0.9973 
1000000.0 15083.375 13339.875 10900.7436 15779.0064 0.0133 0.0109 0.0158 0.9821 0.957 1.0073 
