10000 10 170.467 4577.607 77.642 0.1897 0 0 0 0.0 0.0 0.0 0.0 0.0 
20000 21 315.724 9067.465 143.527 0.35 0 0 0 0.0 0.0 0.0 0.0 0.0 
30000 66 243.625 11454.943 87.514 1.0794 0 0 0 0.0033096 -1.6499767 0.0236912 0.1498615 0.0241714 
40000 115 251.313 15154.552 92.497 1.7524 0 0 0 0.002936 -3.2541441 0.0488519 0.130722 0.0217399 
50000 207 177.337 19084.231 69.502 1.4105 0 0 0 0.0034106 -4.784492 0.139575 0.1236838 0.0241319 
60000 220 322.317 24228.933 148.179 2.6255 0 0 0 0.0024534 -6.5515206 0.1143979 0.1059299 0.0189832 
70000 268 218.852 28532.036 96.796 1.8021 0 0 0 0.0029672 -8.4362883 0.2399858 0.091852 0.0201675 
80000 380 135.028 33126.301 66.41 1.1271 0 0 0 0.003307 -10.2901636 0.4412872 0.0876462 0.0239023 
90000 390 293.255 38037.592 144.392 2.4518 0 0 0 0.0031205 -12.046251 0.4943671 0.0793027 0.021358 
100000 400 422.538 42554.228 202.564 3.521 0 0 0 0.0020022 -13.7494516 0.2424538 0.0724419 0.017302 
110000 410 528.171 47829.87 257.056 4.4033 0 0 0 0.0030126 -15.5492262 0.6159468 0.0710426 0.021361 
120000 421 615.088 52998.027 306.946 5.1365 0 0 0 0.0027872 -17.5700732 0.785605 0.0694751 0.0200157 
130000 431 685.499 57842.7 340.231 5.7119 0 0 0 0.0023191 -19.531086 0.5930312 0.0672343 0.0184942 
140000 441 743.029 62798.457 369.302 6.2117 0 0 0 0.0022973 -21.5308179 0.7256373 0.0644536 0.0191305 
150000 451 790.036 68047.059 396.455 6.596 0 0 0 0.0024144 -23.3770332 0.8751055 0.0634521 0.0174961 
160000 461 828.444 73421.153 421.784 6.9256 0 0 0 0.0026448 -25.1997872 1.2413497 0.0624385 0.0190539 
170000 471 859.827 78698.256 441.236 7.2009 0 0 0 0.0027147 -27.0533569 1.4996467 0.0640008 0.0190447 
180000 481 885.468 83223.883 443.16 7.4072 0 0 0 0.002232 -28.8670654 1.3122577 0.0615395 0.0161664 
190000 491 906.419 87911.137 448.367 7.5798 0 0 0 0.0030645 -30.6017335 2.1743444 0.0615847 0.0200037 
200000 501 923.538 92385.276 449.204 7.726 0 0 0 0.0022915 -32.369646 1.2062851 0.0604875 0.0189487 
210000 511 937.525 97611.558 462.431 7.8353 0 0 0 0.0025677 -34.0144896 1.4246338 0.0583488 0.0189156 
220000 521 939.682 102984.168 471.032 7.849 0 0 0 0.0024822 -35.4120638 1.9514959 0.0587887 0.0197633 
230000 531 950.715 108258.904 482.534 7.938 0 0 0 0.0028427 -36.7696035 2.4089737 0.0593495 0.0211542 
240000 541 959.731 113375.201 486.363 8.0253 0 0 0 0.003224 -38.3809486 3.063882 0.0562087 0.0213133 
250000 551 967.097 117532.332 476.693 8.0987 0 0 0 0.0024693 -40.1593573 2.0667209 0.0556797 0.020598 
260000 561 973.116 122335.686 478.012 8.1651 0 0 0 0.0027277 -41.597659 1.9091649 0.0567022 0.021246 
270000 571 978.034 127084.567 475.643 8.1912 0 0 0 0.0026625 -43.307753 1.504738 0.0548817 0.0215597 
280000 581 982.052 132188.64 481.376 8.2361 0 0 0 0.0023643 -44.704038 1.0108261 0.0518607 0.0203899 
290000 591 985.335 137555.784 490.945 8.2678 0 0 0 0.0023249 -46.2822566 1.2662939 0.0547835 0.0203261 
300000 601 988.018 142614.253 495.673 8.295 0 0 0 0.002942 -47.746574 2.7617584 0.053293 0.0213854 
310000 611 990.21 148034.682 499.973 8.3227 0 0 0 0.0026519 -49.2971621 2.4698025 0.0545136 0.0199662 
320000 621 992.001 153265.588 507.182 8.3414 0 0 0 0.0026711 -50.8295709 2.5372334 0.0544315 0.0216993 
330000 631 993.464 158907.479 518.212 8.36 0 0 0 0.0025931 -52.0941701 2.7988295 0.0546738 0.0209326 
340000 641 994.66 164602.784 526.605 8.3945 0 0 0 0.0032365 -53.4370908 3.9945901 0.0530341 0.022884 
350000 651 995.636 169768.974 526.118 8.4089 0 0 0 0.002923 -54.9590507 3.1627841 0.054091 0.0239355 
360000 661 996.435 174586.55 521.36 8.4298 0 0 0 0.0029136 -56.3183771 3.2834637 0.0518192 0.0211899 
370000 671 997.087 178134.809 489.67 8.4522 0 0 0 0.0028409 -58.3312483 3.6980921 0.0501728 0.0229244 
380000 684 958.328 181383.214 437.984 8.1097 0 0 0 0.0030993 -59.8864008 4.5169966 0.0496202 0.0229496 
390000 704 807.022 183973.255 336.21 6.8497 0 0 0 0.0024929 -61.2444306 3.3434349 0.0491961 0.0206319 
400000 720 743.701 187378.47 290.665 6.3092 0 0 0 0.0024999 -62.9669312 4.1384366 0.0468403 0.0192898 
410000 730 790.585 192251.871 330.465 6.7165 0 0 0 0.0023445 -64.594634 2.8838196 0.0472095 0.0193303 
420000 740 828.893 197247.093 363.996 7.0263 0 0 0 0.002573 -65.4873711 5.2622806 0.0456847 0.018768 
430000 750 860.193 202341.334 386.554 7.2996 0 0 0 0.0030324 -67.0406093 7.9070802 0.0446633 0.0189413 
440000 761 879.946 208085.494 420.494 7.4616 0 0 0 0.0026706 -68.1217176 4.9936391 0.0437139 0.0186696 
450000 771 901.907 213585.16 445.88 7.6481 0 0 0 0.0022918 -69.1281199 5.7292288 0.0436821 0.0172615 
460000 784 868.343 218352.484 427.316 7.3738 0 0 0 0.0030035 -70.210486 10.0666271 0.043732 0.0170892 
470000 794 880.68 223622.047 438.368 7.4667 0 0 0 0.0023726 -71.4702368 6.7343946 0.0424775 0.0176083 
