10000 11 166.791 2.0 0.032 0.6333 0 0 0 
20000 21 319.207 9.0 0.116 1.2007 0 0 0 
30000 189 70.97 -42.0 -0.11 0.5178 0 0 0 
40000 266 128.621 -38.0 0.024 0.9819 0 0 0 
50000 317 174.309 -2.0 0.415 1.301 0 0 0 
60000 341 271.687 81.0 1.661 2.0129 0 0 0 
70000 365 307.255 151.0 2.091 2.298 0 0 0 
80000 379 413.972 227.0 2.853 3.104 0 0 0 
90000 391 509.541 290.0 3.415 3.7983 0 0 0 
100000 405 543.323 349.0 3.595 4.0354 0 0 0 
110000 429 499.681 380.0 2.738 3.7171 0 0 0 
120000 456 424.637 431.0 2.243 3.1669 0 0 0 
130000 475 451.408 488.0 2.472 3.3536 0 0 0 
140000 494 491.367 536.0 2.526 3.6474 0 0 0 
150000 513 492.756 585.0 2.543 3.638 0 0 0 
160000 533 495.335 645.0 2.602 3.6675 0 0 0 
170000 556 474.325 713.0 2.783 3.5038 0 0 0 
180000 577 470.849 786.0 2.965 3.4722 0 0 0 
190000 598 467.783 852.0 3.0 3.4539 0 0 0 
200000 614 512.275 929.0 3.642 3.7575 0 0 0 
210000 630 547.55 992.0 3.717 3.9997 0 0 0 
220000 643 600.506 1100.0 4.701 4.3745 0 0 0 
230000 660 592.982 1179.0 4.781 4.3273 0 0 0 
240000 675 610.223 1269.0 5.056 4.4645 0 0 0 
250000 691 617.41 1358.0 5.199 4.4866 0 0 0 
260000 711 585.394 1471.0 5.345 4.2392 0 0 0 
270000 731 557.395 1573.0 5.288 4.0536 0 0 0 
280000 755 503.081 1710.0 5.455 3.6497 0 0 0 
290000 771 534.448 1801.0 5.559 3.8825 0 0 0 
300000 790 535.385 1906.0 5.46 3.8946 0 0 0 
310000 809 539.445 2011.0 5.549 3.9241 0 0 0 
320000 825 554.693 2122.0 5.91 4.0583 0 0 0 
330000 844 543.846 2229.0 5.825 3.9914 0 0 0 
340000 857 586.816 2330.0 6.171 4.2569 0 0 0 
350000 889 454.027 2446.0 4.937 3.298 0 0 0 
360000 915 428.208 2578.0 5.028 3.1051 0 0 0 
370000 946 376.479 2712.0 4.741 2.7334 0 0 0 
380000 963 433.923 2863.0 5.836 3.1219 0 0 0 
390000 983 452.815 2983.0 5.901 3.2594 0 0 0 
400000 1001 488.895 3081.0 5.899 3.5191 0 0 0 
410000 1022 474.135 3226.0 6.165 3.4136 0 0 0 
420000 1041 494.12 3355.0 6.421 3.5826 0 0 0 
430000 1062 487.424 3508.0 6.758 3.536 0 0 0 
440000 1087 448.643 3667.0 6.478 3.2421 0 0 0 
450000 1109 452.118 3826.0 6.8 3.2777 0 0 0 
460000 1131 454.705 3977.0 6.8 3.3008 0 0 0 
470000 1153 454.359 4150.0 7.162 3.3009 0 0 0 
480000 1186 380.214 4386.0 7.161 2.7453 0 0 0 
490000 1208 408.759 4564.0 7.48 2.9663 0 0 0 
500000 1231 417.007 4760.0 7.771 3.0128 0 0 0 
510000 1253 432.983 4929.0 7.863 3.1175 0 0 0 
520000 1276 434.81 5126.0 8.121 3.117 0 0 0 
530000 1300 419.394 5311.0 7.991 3.0174 0 0 0 
540000 1325 413.831 5473.0 7.412 2.9871 0 0 0 
550000 1352 393.349 5685.0 7.563 2.8457 0 0 0 
560000 1372 424.07 5853.0 7.718 3.0672 0 0 0 
570000 1395 433.138 6055.0 8.208 3.1187 0 0 0 
580000 1418 432.25 6256.0 8.47 3.1144 0 0 0 
590000 1440 442.132 6451.0 8.547 3.2039 0 0 0 
600000 1463 441.099 6645.0 8.539 3.1909 0 0 0 
610000 1489 418.215 6863.0 8.397 3.0389 0 0 0 
620000 1510 438.315 7025.0 8.206 3.1762 0 0 0 
630000 1534 428.793 7238.0 8.428 3.0985 0 0 0 
640000 1560 411.08 7445.0 8.257 2.977 0 0 0 
650000 1583 425.296 7640.0 8.432 3.0719 0 0 0 
660000 1614 374.548 7900.0 8.307 2.7083 0 0 0 
670000 1638 389.862 8101.0 8.252 2.8164 0 0 0 
680000 1666 372.076 8308.0 7.843 2.6976 0 0 0 
690000 1696 346.481 8521.0 7.591 2.5146 0 0 0 
700000 1723 363.215 8754.0 8.108 2.6197 0 0 0 
710000 1749 369.854 8956.0 7.942 2.6563 0 0 0 
720000 1777 362.726 9201.0 8.161 2.5952 0 0 0 
730000 1806 358.189 9456.0 8.498 2.5616 0 0 0 
740000 1830 384.299 9667.0 8.538 2.7647 0 0 0 
750000 1853 401.931 9881.0 8.851 2.8859 0 0 0 
760000 1876 416.723 10086.0 8.947 2.983 0 0 0 
770000 1896 442.883 10258.0 8.778 3.1771 0 0 0 
780000 1925 395.637 10498.0 8.458 2.829 0 0 0 
790000 1956 361.808 10727.0 8.009 2.5937 0 0 0 
800000 1988 331.728 10965.0 7.626 2.3794 0 0 0 
810000 2008 377.21 11162.0 8.309 2.7104 0 0 0 
820000 2030 416.448 11353.0 8.546 3.0082 0 0 0 
830000 2053 417.927 11544.0 8.346 3.0133 0 0 0 
840000 2078 411.197 11771.0 8.644 2.9856 0 0 0 
850000 2103 401.311 11989.0 8.776 2.8955 0 0 0 
860000 2122 446.11 12151.0 8.626 3.2176 0 0 0 
870000 2145 444.138 12353.0 8.749 3.198 0 0 0 
880000 2166 454.537 12555.0 9.012 3.2707 0 0 0 
890000 2189 453.578 12767.0 9.116 3.2796 0 0 0 
900000 2220 381.916 13019.0 8.625 2.7514 0 0 0 
910000 2246 389.757 13248.0 8.791 2.8003 0 0 0 
920000 2271 380.594 13475.0 8.804 2.7363 0 0 0 
930000 2298 377.902 13682.0 8.319 2.7075 0 0 0 
940000 2318 413.191 13843.0 8.182 2.9737 0 0 0 
950000 2346 384.2 14078.0 8.302 2.7668 0 0 0 
960000 2371 397.43 14301.0 8.531 2.8696 0 0 0 
970000 2404 353.51 14568.0 8.424 2.5666 0 0 0 
980000 2433 350.703 14804.0 8.25 2.5664 0 0 0 
990000 2462 336.9 15039.0 8.168 2.4553 0 0 0 
1000000 2481 401.51 15208.0 8.4 2.9077 0 0 0 
1010000 2510 382.301 15438.0 8.31 2.7626 0 0 0 
1020000 2534 401.726 15620.0 8.08 2.9158 0 0 0 
1030000 2558 400.352 15789.0 7.545 2.9051 0 0 0 
1040000 2587 371.459 16039.0 7.951 2.6917 0 0 0 
1050000 2617 358.937 16299.0 8.359 2.5953 0 0 0 
1060000 2644 369.224 16525.0 8.435 2.6749 0 0 0 
1070000 2667 394.486 16713.0 8.307 2.8596 0 0 0 
1080000 2692 394.443 16939.0 8.461 2.8536 0 0 0 
1090000 2715 405.573 17143.0 8.636 2.9323 0 0 0 
1100000 2745 376.201 17370.0 8.176 2.7262 0 0 0 
1110000 2771 373.085 17620.0 8.714 2.7002 0 0 0 
1120000 2800 359.856 17849.0 8.335 2.5929 0 0 0 
1130000 2823 383.058 18051.0 8.49 2.7529 0 0 0 
1140000 2843 410.981 18236.0 8.712 2.9423 0 0 0 
1150000 2868 419.267 18441.0 8.448 3.0222 0 0 0 
1160000 2891 411.441 18649.0 8.674 2.9505 0 0 0 
1170000 2916 413.94 18849.0 8.438 2.9746 0 0 0 
1180000 2942 410.911 19056.0 8.274 2.9675 0 0 0 
1190000 2968 394.579 19302.0 8.655 2.8511 0 0 0 
1200000 2991 409.632 19515.0 8.851 2.958 0 0 0 
1210000 3013 426.384 19702.0 8.712 3.0583 0 0 0 
1220000 3043 385.35 19948.0 8.49 2.7837 0 0 0 
1230000 3066 404.258 20151.0 8.701 2.9052 0 0 0 
1240000 3091 403.189 20384.0 8.851 2.9101 0 0 0 
1250000 3118 386.802 20596.0 8.469 2.7941 0 0 0 
1260000 3146 373.719 20869.0 9.099 2.7071 0 0 0 
1270000 3171 376.253 21095.0 8.902 2.7227 0 0 0 
1280000 3201 359.214 21356.0 8.838 2.592 0 0 0 
1290000 3229 357.728 21606.0 8.824 2.5819 0 0 0 
1300000 3256 365.573 21832.0 8.661 2.6366 0 0 0 
1310000 3279 387.188 22023.0 8.584 2.7898 0 0 0 
1320000 3304 395.451 22246.0 8.657 2.8465 0 0 0 
1330000 3332 380.782 22494.0 8.703 2.7531 0 0 0 
1340000 3358 384.482 22732.0 9.018 2.7735 0 0 0 
1350000 3384 380.827 22973.0 9.023 2.7467 0 0 0 
1360000 3406 412.669 23158.0 8.794 2.9772 0 0 0 
1370000 3432 399.761 23403.0 9.11 2.8701 0 0 0 
1380000 3463 362.256 23703.0 9.335 2.6023 0 0 0 
1390000 3486 374.353 23906.0 9.063 2.6953 0 0 0 
1400000 3512 388.022 24142.0 9.119 2.7862 0 0 0 
1410000 3537 398.209 24351.0 8.934 2.853 0 0 0 
1420000 3568 360.343 24647.0 9.185 2.5612 0 0 0 
1430000 3598 349.094 24907.0 8.928 2.4918 0 0 0 
1440000 3629 335.36 25166.0 8.754 2.4181 0 0 0 
1450000 3656 347.255 25415.0 8.949 2.5015 0 0 0 
1460000 3684 347.197 25626.0 8.248 2.4999 0 0 0 
1470000 3713 344.122 25871.0 8.34 2.4766 0 0 0 
1480000 3744 330.303 26162.0 8.83 2.3785 0 0 0 
1490000 3772 346.97 26413.0 8.942 2.5 0 0 0 
1500000 3801 346.408 26686.0 9.143 2.4967 0 0 0 
1510000 3829 343.052 26918.0 8.611 2.4781 0 0 0 
1520000 3859 339.419 27201.0 9.043 2.4547 0 0 0 
1530000 3886 352.892 27449.0 9.083 2.573 0 0 0 
1540000 3910 376.675 27680.0 9.302 2.7217 0 0 0 
1550000 3934 395.802 27888.0 9.109 2.86 0 0 0 
1560000 3956 406.129 28112.0 9.374 2.9309 0 0 0 
1570000 3984 387.168 28370.0 9.356 2.7907 0 0 0 
1580000 4010 380.242 28612.0 9.313 2.743 0 0 0 
1590000 4036 386.489 28852.0 9.352 2.7986 0 0 0 
1600000 4063 376.161 29105.0 9.249 2.7125 0 0 0 
1610000 4091 371.604 29369.0 9.423 2.6915 0 0 0 
1620000 4115 387.083 29598.0 9.401 2.6068 0 0 0 
1630000 4139 392.877 29828.0 9.381 2.4596 0 0 0 
1640000 4171 356.831 30124.0 9.267 2.1164 0 0 0 
1650000 4199 361.913 30387.0 9.484 2.0859 0 0 0 
1660000 4223 382.391 30621.0 9.593 2.1653 0 0 0 
1670000 4248 385.076 30865.0 9.564 2.1618 0 0 0 
1680000 4280 353.062 31172.0 9.569 2.0227 0 0 0 
1690000 4308 347.112 31444.0 9.587 2.0232 0 0 0 
1700000 4336 358.81 31709.0 9.603 2.0983 0 0 0 
1710000 4367 342.227 32009.0 9.656 1.969 0 0 0 
1720000 4393 357.104 32251.0 9.451 2.0051 0 0 0 
1730000 4420 362.31 32486.0 9.148 2.0133 0 0 0 
1740000 4447 363.309 32740.0 9.266 2.0036 0 0 0 
1750000 4475 359.424 33002.0 9.296 1.9738 0 0 0 
1760000 4507 339.781 33295.0 9.296 1.864 0 0 0 
1770000 4533 357.16 33543.0 9.332 1.9606 0 0 0 
1780000 4563 344.509 33814.0 9.191 1.8862 0 0 0 
1790000 4595 331.844 34097.0 9.036 1.8161 0 0 0 
1800000 4621 353.659 34321.0 8.878 1.945 0 0 0 
1810000 4641 406.619 34495.0 8.866 2.2215 0 0 0 
1820000 4667 386.744 34733.0 8.906 2.1078 0 0 0 
1830000 4698 363.658 35006.0 9.008 1.9817 0 0 0 
1840000 4723 372.671 35258.0 9.303 2.0303 0 0 0 
1850000 4746 397.001 35440.0 8.888 2.1758 0 0 0 
1860000 4775 373.659 35713.0 9.182 2.0402 0 0 0 
1870000 4806 350.544 35989.0 8.991 1.9108 0 0 0 
1880000 4834 350.131 36251.0 9.187 1.9097 0 0 0 
1890000 4861 358.503 36504.0 9.199 1.9638 0 0 0 
1900000 4889 362.49 36769.0 9.329 1.9822 0 0 0 
1910000 4919 346.785 37042.0 9.289 1.8921 0 0 0 
1920000 4943 375.638 37255.0 9.123 2.0447 0 0 0 
1930000 4970 374.438 37515.0 9.256 2.046 0 0 0 
1940000 4999 361.17 37792.0 9.482 1.9777 0 0 0 
1950000 5024 371.372 38037.0 9.501 2.0357 0 0 0 
1960000 5045 406.392 38240.0 9.546 2.2227 0 0 0 
1970000 5073 381.366 38505.0 9.526 2.085 0 0 0 
1980000 5102 368.864 38769.0 9.438 2.0219 0 0 0 
1990000 5133 341.904 39072.0 9.512 1.8774 0 0 0 
2000000 5159 358.445 39317.0 9.473 1.9684 0 0 0 
2010000 5187 365.484 39567.0 9.265 2.013 0 0 0 
2020000 5211 384.921 39779.0 9.148 2.1156 0 0 0 
2030000 5240 362.928 40036.0 9.018 1.9977 0 0 0 
2040000 5269 358.307 40304.0 9.151 1.9717 0 0 0 
2050000 5300 343.376 40596.0 9.274 1.8854 0 0 0 
2060000 5327 351.64 40837.0 9.1 1.9317 0 0 0 
2070000 5349 385.233 41039.0 9.114 2.1144 0 0 0 
2080000 5378 366.394 41304.0 9.106 2.0126 0 0 0 
2090000 5405 368.33 41553.0 9.107 2.0201 0 0 0 
2100000 5430 380.044 41793.0 9.291 2.0839 0 0 0 
2110000 5460 358.468 42069.0 9.199 1.9668 0 0 0 
2120000 5490 348.313 42338.0 9.136 1.9129 0 0 0 
2130000 5518 353.504 42603.0 9.357 1.9385 0 0 0 
2140000 5546 356.742 42866.0 9.315 1.958 0 0 0 
2150000 5576 346.583 43127.0 9.05 1.9005 0 0 0 
2160000 5604 353.825 43361.0 8.754 1.9402 0 0 0 
2170000 5635 341.279 43609.0 8.448 1.8721 0 0 0 
2180000 5665 332.824 43885.0 8.716 1.8276 0 0 0 
2190000 5693 342.927 44152.0 9.037 1.882 0 0 0 
2200000 5720 357.196 44395.0 9.152 1.9518 0 0 0 
2210000 5750 344.679 44671.0 9.116 1.8739 0 0 0 
2220000 5779 346.579 44932.0 9.12 1.8892 0 0 0 
2230000 5810 335.397 45227.0 9.262 1.8327 0 0 0 
2240000 5842 319.798 45505.0 8.991 1.7458 0 0 0 
2250000 5865 363.983 45731.0 9.288 2.0006 0 0 0 
2260000 5890 381.502 45971.0 9.43 2.1119 0 0 0 
2270000 5918 364.89 46227.0 9.284 2.0222 0 0 0 
2280000 5947 361.349 46494.0 9.301 2.0009 0 0 0 
2290000 5972 374.247 46724.0 9.23 2.0845 0 0 0 
2300000 6003 340.794 47004.0 9.079 1.903 0 0 0 
2310000 6032 353.142 47279.0 9.28 1.9679 0 0 0 
2320000 6062 347.377 47577.0 9.545 1.9259 0 0 0 
2330000 6088 367.374 47815.0 9.433 2.0425 0 0 0 
2340000 6112 383.561 48040.0 9.411 2.1228 0 0 0 
2350000 6133 414.112 48235.0 9.36 2.2803 0 0 0 
2360000 6155 426.513 48441.0 9.288 2.3432 0 0 0 
2370000 6181 407.191 48684.0 9.287 2.2322 0 0 0 
2380000 6204 425.182 48889.0 9.302 2.3228 0 0 0 
2390000 6228 425.058 49092.0 9.006 2.3239 0 0 0 
2400000 6255 399.766 49333.0 8.917 2.1897 0 0 0 
2410000 6278 407.243 49537.0 8.875 2.2521 0 0 0 
2420000 6307 378.802 49808.0 9.103 2.1103 0 0 0 
2430000 6333 378.004 50041.0 9.072 2.1141 0 0 0 
2440000 6359 384.376 50277.0 9.148 2.1569 0 0 0 
2450000 6387 369.261 50524.0 8.87 2.1108 0 0 0 
2460000 6418 346.643 50785.0 8.671 1.9659 0 0 0 
2470000 6441 363.685 50976.0 8.588 2.0601 0 0 0 
2480000 6473 348.261 51250.0 8.642 1.9747 0 0 0 
2490000 6502 353.934 51482.0 8.357 2.0086 0 0 0 
2500000 6532 342.285 51732.0 8.277 1.9375 0 0 0 
2510000 6565 322.672 52004.0 8.372 1.8219 0 0 0 
2520000 6591 341.265 52232.0 8.401 1.9267 0 0 0 
2530000 6618 357.916 52466.0 8.573 2.0171 0 0 0 
2540000 6645 359.906 52705.0 8.657 2.0295 0 0 0 
2550000 6667 390.708 52910.0 8.886 2.1974 0 0 0 
2560000 6695 374.375 53184.0 9.275 2.1054 0 0 0 
2570000 6721 374.337 53433.0 9.39 2.1014 0 0 0 
2580000 6747 380.625 53683.0 9.505 2.1376 0 0 0 
2590000 6774 372.346 53934.0 9.481 2.096 0 0 0 
2600000 6801 365.492 54205.0 9.664 2.0573 0 0 0 
2610000 6828 371.189 54463.0 9.66 2.0752 0 0 0 
2620000 6851 403.593 54683.0 9.703 2.2404 0 0 0 
2630000 6881 372.295 54966.0 9.622 2.0721 0 0 0 
2640000 6905 384.029 55211.0 9.712 2.1375 0 0 0 
2650000 6935 363.596 55493.0 9.591 2.0274 0 0 0 
2660000 6963 359.45 55759.0 9.532 2.0044 0 0 0 
2670000 6989 372.855 56002.0 9.433 2.078 0 0 0 
2680000 7015 365.988 56255.0 9.479 2.0368 0 0 0 
2690000 7040 381.285 56495.0 9.495 2.1254 0 0 0 
2700000 7069 374.142 56762.0 9.543 2.0851 0 0 0 
2710000 7098 359.358 57029.0 9.371 2.0036 0 0 0 
2720000 7122 378.048 57259.0 9.349 2.1116 0 0 0 
2730000 7151 361.791 57526.0 9.255 2.0237 0 0 0 
2740000 7180 356.954 57805.0 9.434 1.9943 0 0 0 
2750000 7207 364.713 58031.0 9.061 2.0415 0 0 0 
2760000 7234 367.604 58299.0 9.349 2.0528 0 0 0 
2770000 7265 345.361 58599.0 9.467 1.9276 0 0 0 
2780000 7291 359.59 58854.0 9.569 2.0053 0 0 0 
2790000 7322 346.822 59136.0 9.469 1.9256 0 0 0 
2800000 7352 341.664 59412.0 9.342 1.9008 0 0 0 
2810000 7379 355.829 59660.0 9.21 1.9868 0 0 0 
2820000 7403 379.84 59867.0 9.042 2.1153 0 0 0 
2830000 7432 358.721 60138.0 9.078 2.0054 0 0 0 
2840000 7459 365.709 60374.0 8.952 2.0477 0 0 0 
2850000 7482 384.217 60566.0 8.733 2.153 0 0 0 
2860000 7508 386.415 60801.0 8.947 2.159 0 0 0 
2870000 7539 354.139 61099.0 9.215 1.9817 0 0 0 
2880000 7568 346.442 61376.0 9.348 1.9382 0 0 0 
2890000 7591 376.688 61594.0 9.311 2.107 0 0 0 
2900000 7622 350.197 61880.0 9.37 1.9582 0 0 0 
2910000 7649 362.015 62138.0 9.324 2.0297 0 0 0 
2920000 7676 364.913 62402.0 9.461 2.041 0 0 0 
2930000 7706 347.173 62679.0 9.356 1.9433 0 0 0 
2940000 7734 349.013 62946.0 9.417 1.9461 0 0 0 
2950000 7758 380.543 63159.0 9.312 2.1262 0 0 0 
2960000 7783 381.743 63409.0 9.495 2.1342 0 0 0 
2970000 7811 378.233 63665.0 9.423 2.1115 0 0 0 
2980000 7840 363.521 63934.0 9.357 2.0349 0 0 0 
2990000 7865 367.915 64174.0 9.409 2.0583 0 0 0 
3000000 7890 375.24 64416.0 9.467 2.0985 0 0 0 
3010000 7918 378.054 64673.0 9.398 2.1135 0 0 0 
3020000 7948 357.291 64965.0 9.61 1.9968 0 0 0 
3030000 7973 370.255 65211.0 9.586 2.0719 0 0 0 
3040000 7994 408.148 65412.0 9.623 2.2747 0 0 0 
3050000 8022 386.779 65685.0 9.678 2.1587 0 0 0 
3060000 8049 380.207 65938.0 9.559 2.1231 0 0 0 
3070000 8076 379.861 66207.0 9.745 2.1202 0 0 0 
3080000 8106 354.983 66462.0 9.242 1.9841 0 0 0 
3090000 8134 349.351 66731.0 9.287 1.953 0 0 0 
3100000 8161 360.851 66993.0 9.497 2.0141 0 0 0 
3110000 8190 351.243 67270.0 9.553 1.9612 0 0 0 
3120000 8218 358.041 67523.0 9.424 2.0036 0 0 0 
3130000 8248 343.248 67810.0 9.446 1.9205 0 0 0 
3140000 8276 351.532 68073.0 9.517 1.9672 0 0 0 
3150000 8305 341.445 68334.0 9.208 1.9175 0 0 0 
3160000 8338 323.745 68645.0 9.276 1.8181 0 0 0 
3170000 8369 324.547 68923.0 9.219 1.8236 0 0 0 
3180000 8398 328.888 69216.0 9.522 1.8452 0 0 0 
3190000 8433 310.092 69536.0 9.483 1.7432 0 0 0 
3200000 8461 325.444 69813.0 9.496 1.8325 0 0 0 
3210000 8495 312.259 70135.0 9.484 1.7518 0 0 0 
3220000 8530 302.47 70445.0 9.255 1.6938 0 0 0 
3230000 8559 315.234 70717.0 9.193 1.7664 0 0 0 
3240000 8592 312.673 71031.0 9.408 1.7541 0 0 0 
3250000 8622 314.444 71319.0 9.417 1.7643 0 0 0 
3260000 8646 356.875 71528.0 9.194 2.0021 0 0 0 
3270000 8672 372.675 71772.0 9.309 2.0856 0 0 0 
3280000 8700 364.154 72044.0 9.555 2.0334 0 0 0 
3290000 8731 344.243 72342.0 9.52 1.9302 0 0 0 
3300000 8760 344.533 72614.0 9.538 1.9331 0 0 0 
3310000 8788 346.184 72873.0 9.366 1.9403 0 0 0 
3320000 8820 331.607 73180.0 9.545 1.868 0 0 0 
3330000 8843 372.448 73407.0 9.63 2.0951 0 0 0 
3340000 8867 390.663 73644.0 9.63 2.1987 0 0 0 
3350000 8895 381.735 73905.0 9.618 2.1456 0 0 0 
3360000 8922 376.457 74174.0 9.646 2.1229 0 0 0 
3370000 8951 360.136 74463.0 9.777 2.0307 0 0 0 
3380000 8976 373.5 74697.0 9.65 2.1016 0 0 0 
3390000 9008 345.723 74997.0 9.523 1.9488 0 0 0 
3400000 9036 345.178 75256.0 9.438 1.9515 0 0 0 
3410000 9066 343.218 75525.0 9.177 1.9387 0 0 0 
3420000 9094 352.211 75788.0 9.341 1.9881 0 0 0 
3430000 9123 340.779 76060.0 9.347 1.9298 0 0 0 
3440000 9160 304.233 76421.0 9.528 1.7116 0 0 0 
3450000 9192 305.903 76720.0 9.52 1.7218 0 0 0 
3460000 9222 316.877 77006.0 9.513 1.7797 0 0 0 
3470000 9252 323.877 77297.0 9.598 1.817 0 0 0 
3480000 9286 312.085 77597.0 9.321 1.7488 0 0 0 
3490000 9317 314.703 77910.0 9.615 1.7616 0 0 0 
3500000 9347 323.822 78166.0 9.228 1.8134 0 0 0 
3510000 9373 344.378 78411.0 9.267 1.9282 0 0 0 
3520000 9406 323.733 78704.0 9.181 1.8194 0 0 0 
3530000 9430 362.848 78912.0 8.867 2.0378 0 0 0 
3540000 9460 351.317 79179.0 8.913 1.974 0 0 0 
3550000 9487 354.708 79414.0 8.733 1.9804 0 0 0 
3560000 9511 389.131 79631.0 8.895 2.1632 0 0 0 
3570000 9535 395.867 79863.0 9.116 2.2895 0 0 0 
3580000 9562 388.551 80100.0 8.958 2.3419 0 0 0 
3590000 9591 368.42 80378.0 9.23 2.1435 0 0 0 
3600000 9620 361.482 80653.0 9.418 2.0523 0 0 0 
3610000 9644 382.81 80876.0 9.34 2.1402 0 0 0 
3620000 9676 347.888 81190.0 9.564 1.9314 0 0 0 
3630000 9709 327.079 81500.0 9.52 1.8056 0 0 0 
3640000 9737 335.081 81774.0 9.623 1.8505 0 0 0 
3650000 9762 354.812 82009.0 9.507 1.9538 0 0 0 
3660000 9788 375.011 82260.0 9.603 2.0564 0 0 0 
3670000 9814 378.541 82497.0 9.5 2.0699 0 0 0 
3680000 9844 355.509 82799.0 9.611 1.9432 0 0 0 
3690000 9871 360.762 83052.0 9.52 1.9707 0 0 0 
3700000 9900 358.521 83318.0 9.359 1.957 0 0 0 
3710000 9927 359.811 83574.0 9.42 1.9604 0 0 0 
3720000 9951 386.309 83800.0 9.41 2.0983 0 0 0 
3730000 9981 359.956 84073.0 9.295 1.9566 0 0 0 
3740000 10011 352.503 84356.0 9.438 1.9181 0 0 0 
3750000 10040 349.024 84631.0 9.384 1.8997 0 0 0 
3760000 10068 349.509 84879.0 9.197 1.9177 0 0 0 
3770000 10097 333.313 85158.0 9.363 1.837 0 0 0 
3780000 10122 373.214 85367.0 9.04 2.0727 0 0 0 
3790000 10151 358.266 85607.0 8.824 2.0219 0 0 0 
3800000 10183 333.461 85902.0 8.998 1.8803 0 0 0 
3810000 10209 337.601 86150.0 9.268 1.9014 0 0 0 
3820000 10240 337.98 86436.0 9.18 1.9087 0 0 0 
3830000 10269 342.403 86725.0 9.497 1.9199 0 0 0 
3840000 10297 345.364 86968.0 9.13 1.9212 0 0 0 
3850000 10325 350.099 87216.0 9.066 1.9416 0 0 0 
3860000 10351 365.624 87455.0 9.107 2.0182 0 0 0 
3870000 10380 353.435 87718.0 9.18 1.951 0 0 0 
3880000 10412 330.991 88018.0 9.21 1.826 0 0 0 
3890000 10439 348.306 88277.0 9.448 1.9194 0 0 0 
3900000 10464 369.585 88502.0 9.371 2.032 0 0 0 
3910000 10491 372.747 88749.0 9.324 2.0438 0 0 0 
3920000 10516 376.142 88987.0 9.26 2.0647 0 0 0 
3930000 10539 397.995 89193.0 9.247 2.1817 0 0 0 
3940000 10563 404.9 89426.0 9.382 2.2179 0 0 0 
3950000 10587 410.029 89643.0 9.27 2.2536 0 0 0 
3960000 10608 437.064 89843.0 9.352 2.401 0 0 0 
3970000 10640 376.594 90157.0 9.565 2.0789 0 0 0 
3980000 10670 353.549 90446.0 9.517 1.9595 0 0 0 
3990000 10697 355.99 90686.0 9.238 1.9894 0 0 0 
4000000 10722 376.759 90927.0 9.395 2.0944 0 0 0 
