10000 10 182.927 4703.408 85.899 0.2003 0 0 0 0.0 0.0 0.0 0.0 0.0 
20000 20 332.392 9589.518 159.592 0.3641 0 0 0 0.0 0.0 0.0 0.0 0.0 
30000 46 357.0 11508.934 124.065 1.5822 0 0 0 0.0036767 -2.0410817 0.0249923 0.1447824 0.0269268 
40000 74 360.616 15303.225 129.155 2.2107 0 0 0 0.0053182 -4.0009859 0.0551335 0.1665182 0.0353709 
50000 110 322.969 20455.68 137.78 2.3107 0 0 0 0.0047948 -5.920964 0.1053084 0.1502745 0.0351709 
60000 120 446.816 27319.977 240.607 3.388 0 0 0 0.0037216 -8.1324081 0.0881744 0.1422392 0.0311541 
70000 130 548.008 33247.886 303.736 4.2812 0 0 0 0.0041037 -10.471036 0.1358018 0.1354408 0.0282104 
80000 140 630.69 39046.444 358.824 5.0308 0 0 0 0.0049926 -12.6590843 0.4194512 0.1296325 0.0297886 
90000 151 692.389 44751.649 391.475 5.5867 0 0 0 0.0041985 -14.8095222 0.3157639 0.1219599 0.0293588 
100000 161 748.659 50695.005 428.836 6.0964 0 0 0 0.0033783 -16.9449058 0.2702989 0.1212934 0.0263358 
110000 171 794.636 56752.913 461.097 6.4895 0 0 0 0.0037916 -19.0582075 0.5328189 0.1140878 0.0244382 
120000 181 832.203 62670.403 484.889 6.8345 0 0 0 0.003737 -21.2693528 0.6884105 0.1082756 0.0257969 
130000 191 862.897 67671.023 487.62 7.1377 0 0 0 0.0034604 -23.4512249 0.4921941 0.1057468 0.0257085 
140000 201 887.977 73527.477 506.025 7.3386 0 0 0 0.0037228 -25.5367983 1.2235291 0.1011129 0.0263085 
150000 212 893.493 79004.268 504.203 7.3746 0 0 0 0.002876 -27.6513241 0.6157871 0.0946671 0.0247476 
160000 222 912.976 84583.127 513.341 7.5366 0 0 0 0.0035269 -29.8554245 1.0446395 0.095925 0.0254555 
170000 232 928.895 90222.982 523.229 7.6672 0 0 0 0.0041374 -31.9663762 2.0466474 0.0953227 0.0273377 
180000 242 941.902 96191.245 536.999 7.7958 0 0 0 0.0035461 -33.8699279 1.8127686 0.0893925 0.0256474 
190000 252 952.53 102252.589 550.583 7.8713 0 0 0 0.0032847 -35.9002991 1.9201708 0.0897086 0.0251776 
200000 262 961.213 107432.171 545.036 7.9553 0 0 0 0.0032631 -37.763446 1.7894849 0.0844753 0.0234251 
210000 272 968.308 112971.294 546.555 8.0107 0 0 0 0.0030045 -39.6160031 1.1784694 0.083806 0.0228543 
220000 282 974.106 118759.492 552.088 8.0591 0 0 0 0.0034883 -41.1063505 2.3508111 0.0798418 0.0248886 
230000 292 978.842 124967.506 562.873 8.1135 0 0 0 0.0033672 -43.1806022 2.2379179 0.0785403 0.0254628 
240000 302 982.713 130749.821 566.955 8.1445 0 0 0 0.0029463 -45.1122065 2.074966 0.074965 0.0228442 
250000 312 985.875 136217.141 562.153 8.1774 0 0 0 0.0035063 -46.6526538 4.1751024 0.0738685 0.0235402 
260000 322 988.459 142494.347 575.636 8.1927 0 0 0 0.0033995 -48.0853442 3.1793016 0.0677115 0.0229288 
270000 332 990.57 148585.102 582.244 8.2061 0 0 0 0.0033706 -49.6461147 3.2790735 0.0666254 0.0254596 
280000 342 992.295 154722.247 588.118 8.2307 0 0 0 0.0030358 -51.0768682 2.9266072 0.0652797 0.0223869 
290000 352 993.705 160570.039 587.98 8.263 0 0 0 0.0027042 -52.4219015 1.8367366 0.0632543 0.0235808 
300000 362 994.856 166950.289 595.307 8.2622 0 0 0 0.0024069 -53.8073577 1.635051 0.0621559 0.0212021 
310000 372 995.797 173077.5 599.225 8.2894 0 0 0 0.0029307 -55.3344064 3.7229368 0.0606809 0.0234182 
320000 382 996.566 178618.362 590.967 8.2966 0 0 0 0.0025987 -56.478076 1.684761 0.0588507 0.0228785 
330000 392 997.194 183669.719 576.126 8.3312 0 0 0 0.0034696 -57.9172048 4.3297388 0.0571818 0.0235809 
340000 402 997.707 190226.621 590.889 8.3405 0 0 0 0.0030084 -58.810861 3.5733403 0.0551574 0.0241702 
350000 412 998.127 196939.621 604.62 8.3521 0 0 0 0.0026279 -60.2501316 3.049207 0.0529192 0.0210986 
360000 422 998.469 203730.721 618.755 8.3759 0 0 0 0.0025835 -61.7090987 3.5961314 0.0539265 0.0219333 
370000 432 998.749 210348.799 627.759 8.3718 0 0 0 0.002458 -63.413137 2.9746363 0.0527088 0.0199314 
380000 442 998.978 216140.898 618.798 8.3576 0 0 0 0.0022612 -64.8689514 2.3131381 0.0543009 0.0199082 
390000 452 999.165 221782.39 605.952 8.3745 0 0 0 0.0029802 -66.8093395 6.4590853 0.0536319 0.0217121 
400000 462 999.318 227682.989 603.726 8.4051 0 0 0 0.0026956 -68.5780003 4.4030335 0.054739 0.0213222 
410000 472 996.38 232657.625 585.157 8.412 0 0 0 0.0028004 -70.4329293 6.1436883 0.0536227 0.0219449 
420000 483 986.568 237961.065 566.972 8.3599 0 0 0 0.0028582 -72.0030766 5.5255354 0.0536925 0.0216623 
430000 493 989.025 243597.47 567.57 8.4089 0 0 0 0.0025669 -73.5431911 4.0401385 0.0524842 0.0205872 
440000 503 991.033 248658.642 555.416 8.4504 0 0 0 0.0027346 -75.1695081 4.9061555 0.0516963 0.021783 
450000 513 992.673 253820.739 548.364 8.4707 0 0 0 0.0030605 -76.830208 7.2197894 0.0512214 0.0217982 
460000 523 987.033 260511.782 562.93 8.413 0 0 0 0.0029138 -78.2583098 5.6200108 0.0518264 0.0220001 
470000 533 988.905 268814.699 613.379 8.4319 0 0 0 0.0028725 -79.7854779 2.5355257 0.0529962 0.0218842 
480000 543 990.935 277462.821 658.353 8.4608 0 0 0 0.0036668 -81.8095592 9.4988814 0.0552651 0.0246965 
490000 553 992.593 286341.959 700.793 8.482 0 0 0 0.0037594 -83.6614026 13.5200978 0.0529782 0.0240484 
500000 563 993.948 294692.495 728.033 8.5 0 0 0 0.0031438 -85.278177 7.0498134 0.055579 0.0243374 
510000 573 995.055 303011.011 747.178 8.5215 0 0 0 0.0025617 -86.8866297 4.0559468 0.0547544 0.0227547 
520000 583 995.96 311048.423 756.064 8.5384 0 0 0 0.0031834 -88.314813 9.1113797 0.0542029 0.0223625 
530000 593 996.699 319607.583 775.477 8.5559 0 0 0 0.0034015 -90.3978848 14.1102351 0.0555709 0.0223816 
540000 603 997.303 326935.974 768.613 8.5682 0 0 0 0.0028275 -91.871701 7.4340225 0.0560068 0.0231783 
550000 613 997.796 335086.06 773.832 8.5757 0 0 0 0.0025305 -93.6989984 3.6601504 0.0558393 0.021343 
560000 623 998.199 342976.516 780.559 8.5731 0 0 0 0.0031599 -95.3497099 7.3873123 0.0557768 0.0235957 
570000 633 998.529 350440.952 772.354 8.5589 0 0 0 0.0035676 -96.6584794 13.3318175 0.0542875 0.0252642 
580000 643 998.798 357845.589 767.015 8.558 0 0 0 0.0030654 -98.2643843 4.7927008 0.0548508 0.0240573 
590000 653 999.018 364961.661 757.57 8.5745 0 0 0 0.0026311 -99.379581 3.4124433 0.0501719 0.0242623 
600000 663 999.197 372275.32 752.28 8.5588 0 0 0 0.0032668 -100.4953382 10.5968275 0.0514278 0.0244003 
610000 673 999.344 380033.676 756.556 8.5406 0 0 0 0.003486 -101.5784944 12.4419966 0.0518928 0.0247595 
620000 683 999.464 386747.442 737.599 8.5349 0 0 0 0.0031384 -102.6743414 11.7077396 0.0523606 0.0242683 
630000 693 999.562 395066.787 759.452 8.5455 0 0 0 0.0030772 -103.8573498 6.223454 0.053507 0.0247699 
640000 703 999.642 405254.42 801.619 8.5373 0 0 0 0.0034888 -104.667838 14.4779602 0.050729 0.0268382 
650000 713 999.708 413987.651 816.071 8.5501 0 0 0 0.0032155 -106.3200989 11.0105839 0.0527679 0.0245923 
660000 723 999.761 423900.162 851.478 8.5573 0 0 0 0.0035873 -106.9124891 17.3537282 0.0538194 0.025972 
670000 733 999.805 432313.278 849.932 8.5648 0 0 0 0.0037147 -108.0247625 16.8155286 0.0548616 0.0260599 
680000 743 999.841 440255.387 840.25 8.5397 0 0 0 0.0029547 -109.0411331 7.2511449 0.051712 0.0250598 
690000 753 999.87 449345.214 854.439 8.5335 0 0 0 0.0030677 -109.7509998 8.4248644 0.0485797 0.0243653 
700000 763 999.894 457994.918 853.002 8.5389 0 0 0 0.003013 -110.6629982 10.6022205 0.0501686 0.0257711 
710000 773 999.913 466550.401 853.487 8.5344 0 0 0 0.0028524 -111.4468545 7.5795008 0.0498068 0.0249215 
720000 784 989.358 474216.994 830.473 8.4185 0 0 0 0.0032175 -112.3161937 12.8356697 0.0488756 0.0257083 
730000 794 991.305 481453.525 809.701 8.451 0 0 0 0.0033607 -113.0677057 12.1587083 0.0464193 0.0257097 
740000 804 984.444 488133.437 778.857 8.4053 0 0 0 0.0033216 -113.7719791 11.7123379 0.0483978 0.0261195 
750000 814 987.289 496075.818 782.65 8.4371 0 0 0 0.0030133 -114.6802711 11.4138282 0.0451729 0.0248691 
760000 824 989.614 503688.524 772.921 8.4572 0 0 0 0.0036813 -115.3816373 17.1937144 0.0442711 0.0273039 
770000 834 991.514 513150.546 804.412 8.4819 0 0 0 0.0029866 -116.4475204 12.3694869 0.0454262 0.0254056 
780000 844 993.067 521614.904 815.917 8.5037 0 0 0 0.0035208 -117.3484351 13.521813 0.0435124 0.025333 
790000 854 994.335 528851.818 802.127 8.5183 0 0 0 0.0030644 -117.7226867 7.4705315 0.0431321 0.0252901 
800000 864 995.371 536409.542 792.84 8.5238 0 0 0 0.0031346 -118.7068301 7.0430551 0.0395332 0.0252899 
810000 874 996.218 545373.496 808.022 8.54 0 0 0 0.0036757 -118.4052568 18.3132947 0.0402969 0.0254872 
820000 884 996.91 554999.982 833.633 8.5479 0 0 0 0.0038094 -119.1712167 23.1330873 0.0403596 0.0254883 
830000 894 997.475 564429.461 852.482 8.527 0 0 0 0.0029129 -120.0821788 9.5068117 0.0401711 0.0248779 
840000 904 997.937 575071.152 894.518 8.5245 0 0 0 0.0033456 -121.2660292 15.1934249 0.0391217 0.0264509 
850000 915 991.586 584883.543 907.66 8.4547 0 0 0 0.0029201 -122.5805344 9.218727 0.0389849 0.0250452 
860000 925 993.125 596118.505 947.457 8.4563 0 0 0 0.0039285 -123.2766607 17.2989451 0.0379811 0.0262742 
870000 935 994.383 604953.012 936.579 8.4558 0 0 0 0.0044539 -124.6343325 29.0155033 0.0376729 0.0281027 
880000 945 995.41 612203.598 895.304 8.4641 0 0 0 0.0028679 -126.1138358 8.8844982 0.0368653 0.0246856 
890000 955 996.25 618969.056 855.84 8.4606 0 0 0 0.0029953 -126.9131234 6.8169891 0.0352389 0.0240561 
900000 965 996.936 625832.263 826.884 8.4484 0 0 0 0.003351 -128.3943103 11.5282935 0.0338669 0.0259013 
910000 975 997.496 632664.939 799.736 8.4437 0 0 0 0.0031271 -128.9992519 14.0692235 0.034263 0.0259287 
920000 985 997.954 641675.463 818.869 8.4328 0 0 0 0.0029345 -130.4853464 7.3402912 0.0336846 0.0254372 
930000 995 998.329 651364.667 846.214 8.4413 0 0 0 0.0029136 -131.0388912 14.8928902 0.0315967 0.0238198 
940000 1005 998.634 660843.591 867.583 8.4229 0 0 0 0.0031935 -132.3364382 15.9807828 0.0330673 0.0269341 
950000 1015 998.884 670488.345 882.946 8.4063 0 0 0 0.0032194 -132.8858878 15.7096085 0.0319379 0.0265995 
960000 1025 999.088 677518.033 850.486 8.4029 0 0 0 0.0037777 -132.9007188 20.5580751 0.0297149 0.0268676 
970000 1035 999.255 689497.571 915.244 8.4038 0 0 0 0.0029842 -134.1886996 8.0162568 0.0300806 0.0268566 
980000 1045 999.391 701442.264 967.278 8.412 0 0 0 0.0039366 -135.5462575 23.7741217 0.029708 0.0296256 
990000 1055 993.704 713600.687 1004.823 8.3595 0 0 0 0.0042398 -137.0445629 26.2783686 0.0296662 0.0307593 
1000000 1065 994.855 722275.143 981.114 8.3738 0 0 0 0.0033784 -138.2435792 16.5274554 0.0296132 0.0293624 
1010000 1075 995.796 731997.29 978.787 8.3761 0 0 0 0.0037439 -139.0297102 17.9721956 0.0293746 0.0300976 
1020000 1085 996.565 746149.114 1058.76 8.3951 0 0 0 0.0033548 -141.0155258 10.4660451 0.0299098 0.0294282 
1030000 1095 997.194 761678.458 1148.521 8.4146 0 0 0 0.0031205 -143.0631464 7.3185061 0.0291204 0.0292781 
1040000 1105 997.707 776825.263 1217.8 8.4451 0 0 0 0.0034561 -145.1042178 12.6256969 0.0302368 0.0298996 
1050000 1115 998.126 790807.08 1251.974 8.4459 0 0 0 0.0037345 -146.5271647 23.8169295 0.0296793 0.0293695 
1060000 1125 998.469 805966.328 1297.644 8.4444 0 0 0 0.0037934 -147.8568361 30.3105254 0.030284 0.0310953 
1070000 1135 998.749 821343.883 1343.098 8.4653 0 0 0 0.0038552 -150.0832231 18.0413662 0.0310838 0.0312995 
1080000 1145 998.978 836614.376 1376.286 8.4683 0 0 0 0.0035099 -151.9607267 11.674573 0.0313246 0.0318776 
1090000 1155 999.165 850436.482 1378.218 8.4729 0 0 0 0.0035138 -153.2667806 16.6759225 0.0314671 0.0309215 
1100000 1165 999.318 862319.731 1344.373 8.4661 0 0 0 0.0033767 -154.9078822 6.7426717 0.0315954 0.0317797 
1110000 1175 999.443 876504.742 1356.916 8.4651 0 0 0 0.0036378 -156.7351662 17.9046576 0.0315453 0.0320296 
1120000 1185 999.545 891192.16 1379.394 8.4688 0 0 0 0.0045873 -158.3852215 29.8345114 0.0323603 0.0343265 
1130000 1195 999.628 899472.814 1279.779 8.4776 0 0 0 0.0037271 -159.7871076 19.616446 0.0319888 0.0321502 
1140000 1205 999.696 911694.888 1268.278 8.4741 0 0 0 0.0037803 -160.9000795 21.9054137 0.0334741 0.033205 
1150000 1215 999.752 925328.499 1288.858 8.482 0 0 0 0.003693 -162.3655634 27.8844163 0.0338111 0.0321562 
1160000 1225 999.797 939580.019 1314.35 8.4817 0 0 0 0.0038305 -164.2874994 26.4179739 0.0331028 0.0333679 
1170000 1235 999.834 952586.807 1311.969 8.4736 0 0 0 0.0037482 -165.4079416 21.7618589 0.0327978 0.0327916 
1180000 1246 987.511 964905.895 1278.445 8.3745 0 0 0 0.0037899 -166.4800414 16.8964234 0.032012 0.0335553 
1190000 1256 989.796 978080.021 1283.756 8.407 0 0 0 0.0036181 -167.1333565 26.6052343 0.032433 0.0329176 
1200000 1266 980.162 992691.439 1297.397 8.3176 0 0 0 0.0049035 -168.6747558 68.6216244 0.033015 0.0358113 
1210000 1276 983.791 1004742.288 1285.145 8.3457 0 0 0 0.0045482 -169.7783838 49.6841954 0.0340048 0.034407 
1220000 1286 986.756 1019187.646 1315.268 8.384 0 0 0 0.0041414 -170.5601848 36.2798117 0.0338775 0.033728 
1230000 1296 989.179 1034996.334 1354.317 8.4029 0 0 0 0.0035228 -171.0047732 12.2191812 0.0343548 0.0326028 
1240000 1306 991.158 1051616.166 1412.563 8.4196 0 0 0 0.0034306 -172.0496518 16.4846196 0.0349429 0.0315488 
1250000 1316 992.776 1065982.141 1419.466 8.3997 0 0 0 0.0039942 -172.5099312 29.4605163 0.0339059 0.0330231 
1260000 1326 994.097 1082218.75 1454.127 8.384 0 0 0 0.0043503 -173.2267844 42.0698874 0.0350081 0.0326762 
1270000 1336 995.177 1096732.352 1463.792 8.3977 0 0 0 0.0037889 -174.3824688 26.7070783 0.0328665 0.0320549 
1280000 1346 996.059 1113604.558 1493.451 8.4024 0 0 0 0.0037597 -175.5247235 20.0832038 0.0342852 0.0331514 
1290000 1356 996.78 1129469.468 1514.252 8.4009 0 0 0 0.0037673 -176.6518846 18.7447471 0.0342616 0.0337633 
1300000 1366 997.369 1144664.862 1517.08 8.3932 0 0 0 0.0039465 -177.5083423 13.933176 0.0352961 0.0345221 
1310000 1376 997.85 1159768.058 1515.819 8.4044 0 0 0 0.0040048 -178.4809302 25.9635069 0.0340491 0.0353255 
1320000 1386 998.244 1175949.832 1533.255 8.4017 0 0 0 0.003837 -179.9403873 23.6613629 0.0338035 0.0341334 
1330000 1396 998.565 1191062.794 1525.898 8.4243 0 0 0 0.0041994 -181.4516135 41.760336 0.0338962 0.0362119 
1340000 1406 998.827 1205567.485 1511.504 8.4152 0 0 0 0.0037623 -183.1967126 17.8821865 0.035455 0.0356436 
1350000 1416 999.042 1223651.879 1564.0 8.4141 0 0 0 0.0038501 -184.5727688 22.1445223 0.0342777 0.035715 
1360000 1426 999.217 1241839.297 1611.762 8.4226 0 0 0 0.004354 -186.1152589 25.7168348 0.0357556 0.0393768 
1370000 1436 999.36 1259258.446 1633.108 8.4166 0 0 0 0.0044896 -187.913234 45.0465557 0.0361595 0.0382413 
1380000 1446 999.477 1275953.072 1640.081 8.4104 0 0 0 0.0039759 -189.8001576 11.9441828 0.0351865 0.037961 
1390000 1456 999.573 1292382.764 1646.107 8.4023 0 0 0 0.0049026 -190.8578409 74.8378544 0.0361852 0.0391578 
1400000 1466 999.651 1305582.821 1583.321 8.4132 0 0 0 0.0041785 -191.7451867 28.9625043 0.0366038 0.0380108 
1410000 1476 999.715 1316181.219 1489.6 8.409 0 0 0 0.0042097 -192.1232764 33.6633514 0.0364083 0.0377342 
1420000 1486 999.767 1332906.835 1520.871 8.4065 0 0 0 0.0042132 -192.9504011 42.4689576 0.0344777 0.0373437 
1430000 1497 992.924 1348124.621 1508.609 8.3461 0 0 0 0.0043058 -193.5650678 35.2078476 0.03521 0.0388199 
1440000 1507 994.218 1363627.283 1515.802 8.373 0 0 0 0.0044945 -194.0221411 25.1066806 0.0347973 0.0394043 
1450000 1517 995.276 1376812.954 1477.354 8.3856 0 0 0 0.0042779 -194.6791415 42.7881018 0.0355515 0.0372791 
1460000 1527 996.14 1394609.711 1531.8 8.38 0 0 0 0.0044882 -194.8139962 53.6287301 0.0355481 0.0386966 
1470000 1537 996.846 1409580.514 1524.479 8.3929 0 0 0 0.0043586 -195.9790272 30.7892963 0.0353792 0.0396851 
1480000 1547 997.423 1425955.293 1543.431 8.4038 0 0 0 0.0041722 -195.7287851 15.7788208 0.0345595 0.0385311 
1490000 1557 997.895 1439748.635 1515.241 8.4159 0 0 0 0.0048209 -196.3910501 50.7233722 0.0355096 0.0383597 
1500000 1567 985.876 1453824.892 1467.98 8.3166 0 0 0 0.0040303 -197.8047278 19.3673578 0.0343659 0.0373597 
1510000 1577 988.46 1473515.192 1566.682 8.339 0 0 0 0.0051996 -197.7105759 93.2317087 0.034349 0.0402916 
1520000 1588 986.676 1492681.356 1626.059 8.3209 0 0 0 0.0045448 -199.7062394 31.8997644 0.0343937 0.0398311 
1530000 1598 989.113 1511006.285 1661.709 8.3518 0 0 0 0.0048693 -199.7422426 26.500711 0.0340606 0.0409289 
1540000 1608 991.105 1528883.998 1686.124 8.3666 0 0 0 0.0046309 -201.3420589 47.3369261 0.0355506 0.0405935 
1550000 1618 992.732 1545930.336 1689.199 8.3865 0 0 0 0.0048104 -201.6209582 37.8890338 0.0349163 0.0406403 
1560000 1628 994.061 1565381.827 1735.711 8.3994 0 0 0 0.0045273 -202.6952062 47.194592 0.0348874 0.0398792 
1570000 1638 995.148 1584559.181 1769.264 8.4129 0 0 0 0.0052126 -203.0441974 74.7510544 0.0348519 0.0421765 
1580000 1648 996.035 1602742.982 1777.83 8.425 0 0 0 0.0048146 -204.1516368 51.7545818 0.0331429 0.0411766 
1590000 1658 996.761 1621943.48 1804.602 8.4292 0 0 0 0.0046358 -205.61766 46.5046367 0.033075 0.039178 
1600000 1668 997.353 1639984.084 1803.345 8.4446 0 0 0 0.0044986 -207.0339961 27.4473607 0.0340512 0.040556 
1610000 1678 996.097 1656462.633 1773.343 8.4179 0 0 0 0.0047768 -208.9073503 29.5383006 0.0341307 0.0405926 
1620000 1688 996.811 1675999.224 1806.171 8.4229 0 0 0 0.0051703 -209.9670131 43.5780415 0.0336825 0.0408886 
1630000 1698 997.395 1694912.402 1822.494 8.4299 0 0 0 0.0044859 -210.7002328 33.8242513 0.0340981 0.0394955 
1640000 1708 997.871 1709855.454 1761.455 8.4363 0 0 0 0.0046321 -211.384513 36.7717596 0.0335536 0.0389081 
1650000 1718 998.261 1726559.836 1744.88 8.4495 0 0 0 0.0049831 -212.9029313 44.0488352 0.0337401 0.0406804 
1660000 1728 998.579 1743279.153 1731.556 8.4552 0 0 0 0.0043161 -213.540316 27.6361817 0.0331116 0.0387055 
1670000 1738 998.839 1758766.674 1698.228 8.4416 0 0 0 0.0046561 -214.1379363 62.4916253 0.03406 0.0398937 
1680000 1748 999.051 1774879.972 1681.125 8.4293 0 0 0 0.0054215 -214.7090777 67.731187 0.034767 0.0408232 
1690000 1758 999.225 1787100.944 1594.285 8.4317 0 0 0 0.0043977 -215.2341313 10.7727648 0.0344318 0.0397608 
1700000 1768 999.367 1803976.163 1613.894 8.4324 0 0 0 0.0046982 -216.0863433 58.2936531 0.0340972 0.0395862 
1710000 1778 999.482 1821132.435 1630.25 8.4207 0 0 0 0.0042324 -216.15364 40.9364865 0.0341774 0.0390333 
1720000 1788 999.577 1838980.104 1657.461 8.4303 0 0 0 0.0048067 -216.3667552 64.5349159 0.0347761 0.0405243 
1730000 1798 999.654 1859254.696 1725.026 8.4306 0 0 0 0.0040926 -217.1262047 32.3047039 0.0343204 0.0382451 
1740000 1808 999.718 1875824.372 1710.6 8.4306 0 0 0 0.0041433 -217.2738861 45.8534014 0.0335638 0.0369016 
1750000 1818 999.769 1891174.668 1678.026 8.4315 0 0 0 0.0040807 -217.0633685 41.8798239 0.0343772 0.0370335 
1760000 1828 999.812 1906482.259 1652.313 8.4277 0 0 0 0.0036228 -217.4512126 13.9719097 0.033662 0.034488 
1770000 1838 999.846 1924651.391 1681.721 8.4248 0 0 0 0.0036136 -217.8560111 15.5830399 0.0341251 0.0345512 
1780000 1848 999.874 1942595.142 1700.028 8.414 0 0 0 0.0038924 -218.488941 37.813016 0.0330217 0.0354011 
1790000 1858 999.897 1959497.825 1697.899 8.4203 0 0 0 0.0038461 -218.6415855 41.1369325 0.0326312 0.0347814 
1800000 1868 999.916 1978726.789 1738.673 8.4208 0 0 0 0.0046238 -219.154451 99.8928517 0.0340425 0.0370727 
1810000 1878 999.931 1998966.354 1791.274 8.4286 0 0 0 0.0040002 -220.2859533 71.0571566 0.034278 0.0339575 
1820000 1889 968.266 2015886.143 1712.981 8.1639 0 0 0 0.003782 -221.1571486 38.806156 0.0344656 0.0344908 
1830000 1899 974.071 2030466.658 1665.848 8.2335 0 0 0 0.0040866 -219.9033986 70.0814519 0.0329537 0.0338235 
1840000 1909 978.814 2050423.164 1723.326 8.2774 0 0 0 0.0042854 -221.2387279 81.2222292 0.0331456 0.034255 
1850000 1919 982.69 2066061.189 1695.144 8.2915 0 0 0 0.0045039 -221.5422694 96.9687926 0.0330982 0.0369357 
1860000 1929 985.856 2085626.572 1742.858 8.3283 0 0 0 0.0042264 -222.8439082 63.0381134 0.0341287 0.0357261 
1870000 1939 988.443 2104323.96 1766.729 8.3627 0 0 0 0.0040185 -224.3306851 35.6047886 0.0345514 0.0362402 
1880000 1949 990.557 2121282.803 1753.782 8.3664 0 0 0 0.004028 -223.411953 57.4401223 0.0343435 0.0341325 
1890000 1959 992.285 2142577.823 1818.857 8.3682 0 0 0 0.0037978 -226.1388453 54.774663 0.0333658 0.0336531 
1900000 1969 993.696 2163903.453 1875.197 8.3825 0 0 0 0.0042998 -227.1559376 76.7032191 0.034429 0.0348327 
1910000 1979 994.849 2185049.645 1921.223 8.3931 0 0 0 0.0040172 -228.9419657 33.5965117 0.0343091 0.0346376 
1920000 1989 995.791 2205474.692 1946.728 8.3974 0 0 0 0.0040077 -229.2197639 50.4399415 0.0344158 0.0357383 
1930000 1999 996.561 2226197.639 1966.108 8.4066 0 0 0 0.0042861 -229.3180642 94.3477732 0.0331577 0.035202 
1940000 2009 997.19 2245942.151 1971.431 8.4082 0 0 0 0.0043264 -230.8570928 84.1193772 0.0337416 0.0356242 
1950000 2019 997.704 2263112.675 1920.154 8.4149 0 0 0 0.003775 -232.081283 24.0157684 0.0345595 0.035259 
1960000 2029 998.124 2281709.193 1910.499 8.4183 0 0 0 0.0048023 -232.9201986 115.7962962 0.0341915 0.0390181 
1970000 2039 998.467 2301532.056 1931.294 8.393 0 0 0 0.0046225 -232.9233278 61.0643518 0.0351989 0.0372155 
1980000 2049 998.748 2320504.227 1917.909 8.4 0 0 0 0.0042436 -233.9332666 55.6826734 0.0344893 0.0377881 
1990000 2059 998.977 2338262.991 1889.403 8.3924 0 0 0 0.004447 -234.4380305 77.9520426 0.0351389 0.0384932 
2000000 2069 999.164 2356752.818 1882.963 8.392 0 0 0 0.0046614 -235.038521 107.6807327 0.0353464 0.0380346 
2010000 2079 999.317 2374904.779 1869.192 8.3954 0 0 0 0.0041231 -235.1328026 36.4234234 0.0349831 0.037825 
2020000 2089 999.442 2392682.455 1860.863 8.3984 0 0 0 0.0044441 -234.2406259 83.3697351 0.0350769 0.0382138 
2030000 2099 999.544 2410234.352 1842.325 8.3937 0 0 0 0.0038164 -235.3857933 27.7472772 0.0349005 0.0359994 
2040000 2109 999.627 2425398.927 1775.494 8.4146 0 0 0 0.0041697 -234.8093618 62.9097479 0.0349176 0.0363791 
2050000 2119 999.696 2441147.192 1734.817 8.4192 0 0 0 0.0044321 -235.0795906 67.1566218 0.0356091 0.0387027 
2060000 2129 999.751 2459587.29 1771.244 8.4347 0 0 0 0.0037803 -235.3103449 31.8092108 0.0351542 0.0351729 
2070000 2139 999.797 2477335.837 1759.467 8.4551 0 0 0 0.0039991 -236.1289272 26.3999417 0.0354889 0.0376368 
2080000 2149 998.155 2495105.44 1782.975 8.4384 0 0 0 0.004414 -237.0179002 67.46742 0.0351493 0.0373124 
2090000 2159 998.493 2513496.022 1772.609 8.458 0 0 0 0.0041065 -236.5798826 43.2835425 0.0351745 0.0362416 
2100000 2169 998.768 2530550.715 1782.763 8.4529 0 0 0 0.0043529 -236.2279884 63.7017418 0.0340794 0.0372751 
2110000 2179 998.994 2547635.896 1742.576 8.4532 0 0 0 0.0039178 -236.0680131 32.4745911 0.0346751 0.0361566 
2120000 2189 999.178 2564609.542 1749.941 8.4564 0 0 0 0.0039621 -235.5818 47.8626917 0.0335374 0.0356616 
2130000 2199 999.328 2586900.206 1829.779 8.4632 0 0 0 0.0043469 -236.0994521 74.3428998 0.0335347 0.0365127 
2140000 2209 999.451 2609357.351 1906.768 8.4528 0 0 0 0.0043083 -236.4915401 80.3114197 0.0330297 0.0356744 
2150000 2219 999.551 2629556.933 1956.682 8.4739 0 0 0 0.004501 -237.2717236 105.283536 0.0334748 0.0353146 
2160000 2229 999.634 2644890.774 1861.616 8.4832 0 0 0 0.0039895 -237.5080566 69.874933 0.0336554 0.0336723 
2170000 2239 999.701 2659822.472 1809.425 8.4694 0 0 0 0.0040226 -236.3070518 83.377802 0.0329032 0.032802 
2180000 2249 999.755 2677670.776 1782.534 8.4841 0 0 0 0.0036633 -236.0681207 39.5339718 0.0330453 0.0327073 
2190000 2259 999.8 2693736.916 1751.557 8.4908 0 0 0 0.0041603 -235.4493955 119.4585006 0.0325493 0.0330393 
2200000 2269 999.837 2710111.697 1748.426 8.4937 0 0 0 0.0038435 -235.5940296 66.7802762 0.0312148 0.032395 
2210000 2279 999.867 2722516.254 1634.637 8.5038 0 0 0 0.0035711 -234.80943 52.7090367 0.0308704 0.0307465 
2220000 2289 999.891 2734846.644 1581.248 8.5095 0 0 0 0.0037529 -232.6725181 46.0783606 0.0314023 0.0316809 
2230000 2299 999.911 2753743.9 1640.868 8.5012 0 0 0 0.0038593 -233.8298906 61.405053 0.0309737 0.0319967 
2240000 2309 999.927 2772416.764 1662.334 8.5009 0 0 0 0.0033745 -234.281099 25.1539077 0.0318236 0.0310691 
2250000 2319 999.941 2793926.76 1748.965 8.4862 0 0 0 0.0038183 -235.0634577 63.1871363 0.0314115 0.0320274 
2260000 2329 999.951 2813304.467 1791.906 8.4899 0 0 0 0.0042458 -235.4395628 82.0969174 0.0316482 0.0314037 
2270000 2339 999.96 2832888.806 1817.756 8.488 0 0 0 0.0040802 -236.2431752 45.3855612 0.0327067 0.0325502 
2280000 2349 999.968 2852756.469 1857.501 8.4788 0 0 0 0.0034025 -236.6824984 54.2349255 0.0315676 0.0297012 
2290000 2359 999.973 2870319.592 1833.74 8.4855 0 0 0 0.0040477 -237.0151978 86.9655253 0.0332131 0.0322129 
2300000 2369 999.978 2891511.554 1887.275 8.4715 0 0 0 0.0037208 -237.6679218 63.4044558 0.0329725 0.0317221 
2310000 2379 999.982 2913035.002 1937.431 8.4754 0 0 0 0.0034365 -239.6796425 45.2567972 0.0324502 0.0301957 
2320000 2389 999.986 2931400.034 1921.312 8.4718 0 0 0 0.0037216 -240.0248498 37.3217704 0.0327988 0.0315143 
2330000 2399 999.988 2948080.808 1872.949 8.4745 0 0 0 0.0038154 -239.6710057 76.3065355 0.0326118 0.0318351 
2340000 2409 999.99 2963058.567 1808.415 8.467 0 0 0 0.0042366 -238.3899974 104.1907802 0.0328038 0.0337282 
2350000 2419 999.992 2981723.449 1824.015 8.4723 0 0 0 0.0035802 -237.9359134 30.6131057 0.0329553 0.0324162 
2360000 2430 990.939 3002444.993 1849.605 8.4071 0 0 0 0.0037601 -238.8696275 47.1983824 0.0330943 0.032805 
2370000 2440 992.597 3020577.86 1840.377 8.4354 0 0 0 0.003576 -240.8378266 28.7231637 0.0318369 0.032976 
2380000 2450 993.951 3038201.969 1825.529 8.5012 0 0 0 0.0036358 -241.2868613 51.4251399 0.032672 0.0321701 
2390000 2460 995.057 3054677.818 1793.076 8.5146 0 0 0 0.0035338 -240.6085871 54.7117811 0.0319636 0.0313522 
2400000 2470 995.962 3070717.066 1760.932 8.5291 0 0 0 0.0036796 -241.1044497 40.460961 0.0329874 0.03269 
2410000 2480 996.7 3085692.636 1727.62 8.548 0 0 0 0.003924 -242.5254262 80.4094383 0.0330274 0.0328063 
2420000 2490 997.304 3104743.269 1750.051 8.555 0 0 0 0.0034122 -243.3486576 29.3524741 0.0332621 0.0311984 
2430000 2500 997.797 3119894.715 1709.11 8.5591 0 0 0 0.0038057 -243.6589202 73.2224526 0.0323943 0.031574 
2440000 2510 998.2 3138331.458 1730.811 8.5739 0 0 0 0.0036793 -243.2934181 73.3887681 0.0339348 0.0314078 
2450000 2520 998.529 3155600.312 1731.571 8.5908 0 0 0 0.0040739 -242.6835301 105.8070201 0.0338085 0.0326114 
2460000 2530 998.798 3173863.805 1746.966 8.6055 0 0 0 0.0034852 -242.0255092 65.6486651 0.0328471 0.0306563 
2470000 2540 999.018 3191308.424 1754.753 8.6132 0 0 0 0.0036388 -242.3944411 53.0156241 0.0320718 0.0317402 
2480000 2550 999.198 3205737.747 1693.521 8.6141 0 0 0 0.0034181 -241.7049328 33.2206481 0.0329387 0.0309575 
2490000 2560 999.345 3224857.084 1732.187 8.611 0 0 0 0.0043542 -240.9832323 138.1756822 0.0319521 0.0317371 
2500000 2570 999.464 3243963.79 1766.901 8.6087 0 0 0 0.0035823 -240.7075174 54.8944271 0.0322834 0.0312803 
2510000 2580 999.562 3264976.28 1826.007 8.613 0 0 0 0.0035689 -241.0800632 81.3210477 0.0315857 0.0300633 
2520000 2590 999.642 3286346.909 1883.45 8.6149 0 0 0 0.0037965 -241.7560101 89.8228816 0.0319947 0.0301472 
2530000 2600 999.708 3305200.434 1881.974 8.6051 0 0 0 0.0035283 -241.8036506 52.6528608 0.0321952 0.0310612 
2540000 2610 999.761 3327386.013 1950.486 8.6114 0 0 0 0.003596 -243.1697665 69.6072244 0.0326065 0.0305386 
2550000 2620 999.805 3348736.371 1981.013 8.6219 0 0 0 0.0035061 -243.8336284 56.5784061 0.0313169 0.0298911 
2560000 2630 999.841 3370207.528 2010.814 8.6186 0 0 0 0.0032863 -243.6995751 35.8987438 0.0319487 0.0289391 
2570000 2640 999.87 3391766.211 2036.075 8.6171 0 0 0 0.0041047 -244.6399779 127.9068381 0.0311631 0.0305806 
2580000 2650 999.894 3412321.416 2036.249 8.632 0 0 0 0.0035309 -245.9598739 66.0762765 0.0326042 0.0305343 
2590000 2660 999.913 3432239.955 2037.839 8.6403 0 0 0 0.0035868 -247.3371302 51.7452558 0.0320776 0.0303204 
2600000 2670 999.929 3453233.649 2043.771 8.6474 0 0 0 0.0034601 -247.4641083 60.6145638 0.0328023 0.0297504 
2610000 2680 999.942 3471579.314 2007.038 8.6473 0 0 0 0.003815 -248.4389507 79.3467638 0.0325468 0.031621 
2620000 2690 999.953 3491991.954 2009.566 8.6444 0 0 0 0.0036823 -249.187154 81.6178128 0.0327865 0.0318978 
2630000 2700 999.961 3511423.984 1999.743 8.627 0 0 0 0.0031816 -249.4358267 21.8669629 0.0327437 0.0301872 
2640000 2710 999.968 3527883.037 1930.78 8.6214 0 0 0 0.0034005 -249.7117705 42.3104568 0.0325704 0.0307618 
2650000 2720 999.974 3546636.211 1921.431 8.6294 0 0 0 0.0036624 -249.9529417 61.5211248 0.0332346 0.0314693 
2660000 2730 999.979 3565095.986 1916.0 8.6379 0 0 0 0.0035666 -250.5085101 60.6381258 0.0329807 0.0310737 
2670000 2740 999.983 3580586.982 1850.808 8.6341 0 0 0 0.0049418 -249.8813101 176.1811349 0.0314323 0.0331604 
2680000 2750 999.986 3602962.234 1914.075 8.6285 0 0 0 0.0033179 -252.3044781 49.4534966 0.0329537 0.0296584 
2690000 2760 999.988 3624867.421 1964.202 8.6292 0 0 0 0.0035951 -253.2369839 55.0336949 0.0328776 0.0307947 
2700000 2770 999.991 3646602.433 2002.716 8.6168 0 0 0 0.003966 -253.7725917 90.335379 0.0331378 0.0312964 
2710000 2780 999.992 3664368.565 1961.753 8.6162 0 0 0 0.0034255 -253.2655011 57.1188345 0.0337837 0.0299708 
2720000 2790 999.994 3680759.524 1901.109 8.6173 0 0 0 0.003641 -252.5650424 87.0783058 0.033435 0.0302609 
2730000 2800 999.995 3697384.404 1856.231 8.6283 0 0 0 0.0033469 -252.8731991 26.8059163 0.0323365 0.0311604 
2740000 2811 984.901 3716518.537 1841.261 8.5151 0 0 0 0.0034928 -252.2206521 34.2595825 0.0325884 0.0308828 
2750000 2821 987.663 3735946.063 1860.394 8.5236 0 0 0 0.0037347 -251.9202733 81.593428 0.0324939 0.0310232 
2760000 2831 989.92 3754585.812 1859.83 8.544 0 0 0 0.0038054 -250.8950091 109.5829564 0.0331797 0.030537 
2770000 2841 991.764 3774367.944 1880.87 8.5606 0 0 0 0.0030597 -250.8953171 22.2870629 0.0326139 0.0287107 
2780000 2851 993.27 3793213.877 1879.182 8.5923 0 0 0 0.0034742 -250.1608942 64.4822391 0.0333204 0.0294977 
2790000 2861 994.501 3809235.65 1827.432 8.5847 0 0 0 0.0039714 -248.4713894 84.2599282 0.0330481 0.0316968 
2800000 2871 995.507 3829050.55 1857.468 8.5841 0 0 0 0.0036882 -247.8002843 50.0062208 0.0330349 0.031651 
2810000 2881 996.329 3851168.831 1920.564 8.5909 0 0 0 0.0038742 -248.5931041 102.4638766 0.0334515 0.0307278 
2820000 2891 997.001 3868899.53 1891.854 8.5855 0 0 0 0.0034787 -247.6638814 48.0749187 0.0336844 0.0314293 
2830000 2901 997.549 3889001.123 1912.81 8.5982 0 0 0 0.0037773 -247.0598673 90.9179788 0.0340491 0.0302606 
2840000 2911 997.998 3907890.594 1908.818 8.5937 0 0 0 0.003777 -247.3963936 70.1193758 0.0330905 0.0315582 
2850000 2921 998.364 3929773.149 1954.791 8.5905 0 0 0 0.0034808 -247.3730646 68.4954344 0.0341123 0.0298119 
2860000 2931 998.663 3948340.833 1943.189 8.5891 0 0 0 0.0037686 -247.5165659 71.4542673 0.0329807 0.0315085 
2870000 2941 998.908 3967103.722 1928.066 8.5804 0 0 0 0.0033311 -246.9011628 35.3231008 0.033483 0.0301922 
2880000 2951 999.108 3987596.015 1947.453 8.5491 0 0 0 0.0035734 -247.323575 52.7030605 0.0333636 0.0315096 
2890000 2961 999.271 4008921.1 1984.596 8.5382 0 0 0 0.0036061 -247.0805322 89.5368257 0.0341228 0.0302606 
2900000 2971 999.404 4028451.971 1976.435 8.5204 0 0 0 0.0035937 -246.6519394 53.6733228 0.0332059 0.0299359 
2910000 2981 999.513 4048785.032 1987.55 8.5127 0 0 0 0.0033346 -247.1126418 47.4015375 0.0334691 0.0295699 
2920000 2991 991.414 4070273.83 1998.947 8.4427 0 0 0 0.0039286 -247.7347821 59.7919145 0.0336237 0.031223 
2930000 3001 992.984 4091075.603 2012.857 8.4367 0 0 0 0.0033634 -248.7745952 23.7162704 0.0327284 0.0301034 
2940000 3011 994.268 4111018.739 2007.902 8.4518 0 0 0 0.0036588 -249.0316772 67.3691256 0.0335282 0.0308458 
2950000 3021 995.316 4133033.195 2045.102 8.4709 0 0 0 0.0031893 -249.7608407 26.6698138 0.0347652 0.0298434 
2960000 3031 996.173 4153423.428 2064.347 8.4915 0 0 0 0.0032209 -250.1139532 29.3301253 0.0337312 0.0294646 
2970000 3041 996.873 4173390.582 2037.066 8.5008 0 0 0 0.0034743 -250.3694872 54.9018922 0.0351674 0.0306383 
2980000 3051 997.445 4191200.019 1987.286 8.5066 0 0 0 0.0034414 -251.1709745 34.5884512 0.0340602 0.0311744 
2990000 3061 997.913 4209762.917 1963.766 8.5027 0 0 0 0.0033498 -252.118543 46.0050285 0.0334152 0.0303752 
3000000 3071 998.294 4227506.982 1933.067 8.5021 0 0 0 0.0041109 -252.5755011 100.2761701 0.0333512 0.0330989 
3010000 3081 998.606 4249008.281 1969.849 8.5098 0 0 0 0.0035875 -251.6487196 70.5017834 0.0327656 0.0307836 
3020000 3091 998.861 4271743.929 2025.432 8.4938 0 0 0 0.0040211 -253.0221515 100.2066396 0.034112 0.031382 
3030000 3101 999.07 4294880.535 2076.392 8.5034 0 0 0 0.0042081 -254.1385095 109.5468829 0.0341281 0.0336823 
3040000 3111 999.24 4317193.136 2104.193 8.4999 0 0 0 0.003391 -254.9673464 31.4597013 0.0344289 0.0310286 
3050000 3121 999.379 4338916.88 2116.891 8.4941 0 0 0 0.0032309 -255.9618401 30.6541686 0.0332856 0.0296263 
3060000 3131 999.492 4360159.307 2120.967 8.4814 0 0 0 0.003571 -256.1571186 85.4196546 0.0331958 0.0307351 
3070000 3141 999.585 4382445.462 2139.3 8.4712 0 0 0 0.0035675 -257.559043 55.9408308 0.0352313 0.0316899 
3080000 3151 994.807 4403615.44 2129.458 8.4341 0 0 0 0.0040971 -257.6500086 80.0886985 0.0341843 0.0337425 
3090000 3161 995.757 4422680.903 2085.255 8.4493 0 0 0 0.0036165 -257.1098502 50.6715329 0.0328036 0.0321549 
3100000 3172 992.544 4438543.734 1983.536 8.4295 0 0 0 0.0035282 -257.0445904 44.5225232 0.0337082 0.0314676 
3110000 3182 993.908 4458376.512 1987.046 8.4504 0 0 0 0.0033749 -256.3560836 37.1169641 0.0326442 0.0310449 
3120000 3192 995.022 4477321.513 1972.873 8.4539 0 0 0 0.0038137 -255.7255225 58.8748739 0.032643 0.0321333 
3130000 3202 995.933 4496250.774 1956.772 8.4598 0 0 0 0.0037544 -255.5898707 85.7604767 0.0328079 0.0318198 
3140000 3212 996.677 4513853.628 1923.719 8.4399 0 0 0 0.0039628 -255.1747633 48.8967571 0.0337837 0.0342689 
3150000 3222 997.285 4534688.518 1955.225 8.3053 0 0 0 0.0044179 -255.1332924 82.6347084 0.0330935 0.0348071 
3160000 3232 997.781 4551499.117 1903.311 8.3281 0 0 0 0.0040391 -254.2815551 72.6537473 0.0342249 0.0345582 
3170000 3242 998.187 4572626.531 1939.486 8.3648 0 0 0 0.0037875 -254.8454468 44.6183045 0.0330359 0.0328118 
3180000 3252 998.519 4593555.4 1968.419 8.3984 0 0 0 0.0035772 -255.2949519 20.6548367 0.0344125 0.0335194 
3190000 3262 998.79 4614318.939 1985.496 8.4405 0 0 0 0.0037918 -255.302886 41.9803525 0.0352127 0.0330823 
3200000 3272 999.011 4633661.693 1976.46 8.4408 0 0 0 0.0036082 -255.0685986 34.251151 0.0346459 0.0334406 
3210000 3282 999.192 4654471.819 2000.022 8.4449 0 0 0 0.0034645 -254.7291263 33.2047967 0.0333881 0.0318798 
3220000 3292 999.34 4676563.57 2034.788 8.4571 0 0 0 0.0039029 -254.3924892 63.1876711 0.033316 0.0328422 
3230000 3302 999.461 4695528.029 2006.818 8.4651 0 0 0 0.003704 -253.153834 37.8074239 0.0343223 0.0318747 
3240000 3312 999.559 4714119.344 1983.386 8.4628 0 0 0 0.0037858 -252.870378 59.3671046 0.0347187 0.0327091 
3250000 3322 999.64 4732126.168 1950.5 8.4749 0 0 0 0.003928 -252.9812808 66.5833804 0.0342639 0.0336937 
3260000 3332 999.706 4751941.309 1960.55 8.4696 0 0 0 0.0037879 -252.1567101 69.821901 0.0332802 0.0333523 
3270000 3342 999.76 4771169.616 1951.592 8.4767 0 0 0 0.0040037 -251.6120758 83.8303588 0.0340254 0.0329349 
3280000 3352 984.688 4791369.814 1926.764 8.359 0 0 0 0.0038927 -251.7223868 59.4945293 0.0341588 0.0346836 
3290000 3362 987.489 4813040.206 1972.611 8.387 0 0 0 0.0042958 -251.497843 72.3657136 0.0336768 0.0348223 
3300000 3372 989.778 4834263.504 2004.1 8.3993 0 0 0 0.0040725 -253.2306717 91.8099735 0.0329485 0.033049 
3310000 3382 991.648 4855122.465 2018.48 8.4031 0 0 0 0.0043838 -252.90643 97.0454756 0.0323716 0.0353522 
3320000 3392 993.175 4876225.339 2037.433 8.4334 0 0 0 0.0037686 -253.5671649 49.508035 0.0334966 0.0335519 
3330000 3402 994.424 4897774.099 2053.326 8.4475 0 0 0 0.0037723 -254.0852977 31.4009986 0.0339624 0.0336501 
3340000 3412 995.444 4918836.883 2059.938 8.4326 0 0 0 0.0043373 -254.3551202 91.0583012 0.0327383 0.0356846 
3350000 3422 996.277 4939741.519 2069.125 8.4439 0 0 0 0.003535 -254.6721744 28.5406089 0.0322331 0.0327502 
3360000 3432 996.958 4958912.253 2034.556 8.4577 0 0 0 0.0037738 -254.9501526 64.2018187 0.0322071 0.0334527 
3370000 3442 997.515 4978579.184 2022.64 8.4759 0 0 0 0.0041871 -254.8370513 93.3497016 0.0337968 0.0346613 
3380000 3452 997.969 4997551.734 2004.896 8.4865 0 0 0 0.0037527 -254.9878286 48.0361126 0.0339705 0.0332754 
3390000 3462 998.341 5019500.096 2031.344 8.4939 0 0 0 0.004087 -254.752047 78.8401369 0.0332469 0.0349545 
3400000 3472 998.644 5040142.671 2043.511 8.4995 0 0 0 0.0038054 -255.5258811 41.3675644 0.0327189 0.0342662 
3410000 3482 998.892 5057627.567 1984.708 8.4952 0 0 0 0.0041392 -254.5598445 80.1658262 0.0326586 0.0353489 
3420000 3492 999.095 5073665.618 1937.694 8.5043 0 0 0 0.0037156 -253.5090045 41.0149792 0.0322165 0.0337042 
3430000 3502 999.26 5088490.966 1832.07 8.5038 0 0 0 0.0036388 -252.6090093 45.4783279 0.032595 0.0325872 
3440000 3512 999.396 5109036.809 1875.607 8.5017 0 0 0 0.0039472 -252.2624519 73.7398314 0.0321965 0.0343401 
3450000 3523 985.976 5125414.722 1803.839 8.3746 0 0 0 0.0037844 -252.1719695 53.3080557 0.0322687 0.0337518 
3460000 3533 988.541 5145011.238 1835.986 8.4155 0 0 0 0.0035629 -252.3973849 42.8918387 0.0328829 0.0317727 
3470000 3543 990.637 5164446.756 1852.692 8.4093 0 0 0 0.0035172 -251.6156645 23.1474246 0.0323611 0.0328399 
3480000 3553 992.35 5185265.709 1897.32 8.4277 0 0 0 0.0038093 -252.2869925 59.5991135 0.0315345 0.0329459 
3490000 3563 993.749 5204369.503 1897.819 8.438 0 0 0 0.0041623 -251.7701914 78.3426371 0.03355 0.0345503 
3500000 3573 994.893 5224335.837 1915.794 8.4549 0 0 0 0.0044006 -251.1049904 98.6387804 0.0328153 0.0350462 
3510000 3583 995.827 5244603.859 1937.6 8.4536 0 0 0 0.0042655 -250.7662015 75.3672629 0.0334519 0.0343755 
3520000 3593 996.59 5266030.405 1976.319 8.4561 0 0 0 0.0042375 -250.7135015 74.4072599 0.0328891 0.0355429 
3530000 3603 997.214 5286655.92 1994.404 8.4819 0 0 0 0.0039775 -251.2207054 69.5131236 0.0328789 0.0338352 
3540000 3613 997.724 5309487.814 2041.035 8.4718 0 0 0 0.0038113 -251.5218848 64.1401503 0.0332335 0.0333847 
3550000 3623 998.14 5331210.255 2067.027 8.4596 0 0 0 0.0038127 -251.3465385 62.1159962 0.032756 0.0316538 
3560000 3633 998.48 5353571.1 2098.813 8.4607 0 0 0 0.0039813 -252.7068587 73.9364834 0.032678 0.033929 
3570000 3643 998.758 5374985.354 2108.756 8.4839 0 0 0 0.0041995 -252.41072 119.1998257 0.0310148 0.0329149 
3580000 3653 998.985 5395218.821 2090.214 8.4861 0 0 0 0.0039047 -252.0123477 80.5750773 0.0327255 0.0332024 
3590000 3663 999.171 5415724.4 2086.838 8.4869 0 0 0 0.0037301 -252.3779952 62.8231223 0.0329647 0.0324667 
3600000 3673 999.323 5437015.143 2091.994 8.4886 0 0 0 0.0037281 -252.648846 45.1928196 0.0338241 0.0332519 
3610000 3683 999.447 5459377.979 2118.126 8.4995 0 0 0 0.0034483 -253.8317833 23.2448849 0.0319978 0.0325424 
3620000 3693 999.548 5480822.529 2121.454 8.4955 0 0 0 0.0041761 -254.2047415 106.0755202 0.0328574 0.0337771 
3630000 3703 999.631 5503005.845 2141.085 8.4983 0 0 0 0.0038572 -256.4339884 74.8757378 0.0332998 0.0333424 
3640000 3713 999.698 5525796.748 2167.115 8.4928 0 0 0 0.0035093 -256.9831846 52.2105025 0.0324349 0.0313366 
3650000 3723 999.753 5547792.22 2174.514 8.5102 0 0 0 0.0035167 -257.7353704 27.9735472 0.033668 0.0329433 
3660000 3733 999.798 5570228.175 2183.61 8.5134 0 0 0 0.0043851 -257.4148494 140.4869435 0.0339584 0.0332684 
3670000 3743 999.835 5592534.492 2196.026 8.4945 0 0 0 0.0039253 -258.4501982 103.0290829 0.0336202 0.0316908 
3680000 3753 999.865 5614585.958 2193.755 8.5074 0 0 0 0.0037764 -259.1041573 71.7908362 0.0342974 0.0328931 
3690000 3763 999.89 5636244.558 2190.405 8.5126 0 0 0 0.003838 -259.1171462 80.3323567 0.0337729 0.0320026 
3700000 3773 999.91 5658861.683 2205.994 8.5058 0 0 0 0.0037233 -259.3374969 72.7643306 0.0334846 0.0320923 
3710000 3783 999.927 5680037.881 2188.349 8.5055 0 0 0 0.0034267 -259.5532245 27.6716196 0.032803 0.0314656 
3720000 3793 999.94 5701047.338 2173.054 8.5067 0 0 0 0.0035663 -258.9144487 47.6335265 0.0335856 0.0324258 
3730000 3803 999.951 5722206.776 2164.31 8.5098 0 0 0 0.0036706 -259.206741 53.1325096 0.0344411 0.0324891 
3740000 3813 999.96 5743906.426 2169.55 8.5125 0 0 0 0.0041893 -258.8407389 125.3313449 0.0333525 0.0326319 
3750000 3823 999.967 5761884.415 2102.625 8.525 0 0 0 0.0033297 -258.9570624 28.4246377 0.032901 0.0308531 
3760000 3833 999.973 5783053.15 2101.172 8.5249 0 0 0 0.0040071 -258.3101333 90.4878666 0.0333948 0.0332888 
3770000 3843 999.978 5805140.403 2117.625 8.5298 0 0 0 0.003655 -258.3108351 65.576205 0.033269 0.0317974 
3780000 3853 999.982 5827443.467 2139.153 8.5549 0 0 0 0.0039511 -258.8733059 86.0650518 0.0327103 0.0333665 
3790000 3863 999.985 5848743.323 2140.406 8.556 0 0 0 0.0045579 -258.6266696 151.2263438 0.0326819 0.0350677 
3800000 3873 999.988 5869688.09 2130.677 8.5489 0 0 0 0.0034328 -258.9306574 40.3605186 0.0334763 0.0312669 
3810000 3884 984.35 5891676.098 2110.185 8.4194 0 0 0 0.0040765 -258.5628173 106.8733972 0.0338875 0.0327052 
3820000 3894 987.213 5912924.578 2114.481 8.4388 0 0 0 0.0039363 -259.2098546 86.8521217 0.0335017 0.0324366 
3830000 3904 989.552 5933810.975 2108.466 8.4588 0 0 0 0.0036279 -258.853365 51.8190436 0.0325001 0.0321561 
3840000 3914 991.463 5955940.028 2127.776 8.4824 0 0 0 0.0037389 -258.7613125 70.4941395 0.0330163 0.0315934 
3850000 3924 993.025 5977648.702 2135.495 8.4898 0 0 0 0.0034069 -258.8780786 47.1156371 0.0339087 0.0304985 
3860000 3934 994.301 6000336.367 2159.971 8.5056 0 0 0 0.0036858 -258.7354449 73.9840988 0.0337124 0.030577 
3870000 3944 987.795 6022353.517 2155.761 8.447 0 0 0 0.0041808 -258.9032112 104.4800196 0.0333689 0.0331759 
3880000 3954 990.028 6044767.784 2164.983 8.464 0 0 0 0.0035102 -259.0919237 45.7088219 0.0327483 0.0314082 
3890000 3964 991.852 6067675.934 2188.522 8.4782 0 0 0 0.0038451 -259.6610465 64.9741559 0.0333947 0.0333701 
3900000 3974 993.342 6089215.206 2186.591 8.4796 0 0 0 0.0035269 -259.5009764 50.0392412 0.0326676 0.0313087 
3910000 3984 994.56 6111778.257 2197.259 8.4809 0 0 0 0.003825 -259.5237029 82.4026134 0.0329095 0.0323518 
3920000 3994 995.555 6134655.943 2217.73 8.487 0 0 0 0.0039156 -259.9939335 82.1230535 0.0335588 0.0328025 
3930000 4004 996.368 6152776.27 2134.705 8.5007 0 0 0 0.0039639 -259.8347063 79.90944 0.0338434 0.0332979 
3940000 4014 997.033 6174530.165 2146.96 8.5046 0 0 0 0.0040056 -259.8992622 79.2686588 0.033333 0.0343891 
3950000 4024 997.576 6194378.933 2117.464 8.4863 0 0 0 0.0038116 -260.4945543 48.9841448 0.0328321 0.0339164 
3960000 4034 998.019 6208171.972 2005.397 8.5107 0 0 0 0.0037259 -259.6453585 51.0945101 0.0336006 0.0334439 
3970000 4044 998.381 6225602.601 1946.375 8.5136 0 0 0 0.003708 -259.3130766 35.0448326 0.0322845 0.033468 
3980000 4054 998.677 6233656.644 1723.509 8.5126 0 0 0 0.0037285 -257.3854511 44.1523476 0.0328017 0.0323632 
3990000 4064 998.919 6249877.181 1711.58 8.5064 0 0 0 0.0039557 -257.0876854 63.8773993 0.0318064 0.0331483 
4000000 4074 999.117 6266794.508 1707.806 8.5168 0 0 0 0.0043035 -256.5334786 134.6932102 0.0319865 0.0331373 
