10000 3 144.385 0.0 -0.059 0.6585 1 237.0 -0.3 
20000 7 333.019 11.0 0.157 1.5193 2 3473.0 211.43 
30000 12 508.456 34.0 0.638 2.3221 4 8468.0 778.6883 
40000 17 676.723 37.0 0.612 3.9995 5 9103.0 748.5195 
50000 21 782.125 50.0 0.839 5.4616 7 12319.0 926.5308 
60000 26 922.323 66.0 1.065 7.344 8 16434.0 1067.5777 
70000 30 1052.116 68.0 1.024 9.0276 10 18470.0 1228.3679 
80000 34 1153.712 68.0 0.944 10.3759 11 19706.0 1229.2311 
90000 38 1266.454 85.0 1.168 11.8314 12 24962.0 1286.008 
100000 42 1334.61 93.0 1.27 12.7739 14 26758.0 1532.2965 
110000 46 1431.934 107.0 1.253 14.0284 15 29134.0 1460.7669 
120000 51 1506.792 112.0 1.418 15.0539 17 31029.0 1513.0511 
130000 55 1591.033 133.0 1.677 16.1333 18 35885.0 1731.446 
140000 60 1613.971 162.0 2.08 16.549 20 39460.0 1842.5013 
150000 64 1700.173 165.0 1.974 17.6307 21 41396.0 1821.9512 
160000 69 1722.392 173.0 1.954 18.0191 23 44091.0 1763.4104 
170000 72 1789.638 174.0 1.861 18.8537 24 45128.0 1690.7694 
180000 75 1861.902 177.0 1.81 19.7399 25 46785.0 1687.3925 
190000 79 1924.235 193.0 1.958 20.5307 26 50441.0 1844.3532 
200000 83 1955.217 200.0 1.964 20.9519 27 52117.0 1775.6179 
210000 88 2006.45 201.0 1.797 21.6274 29 53452.0 1630.4805 
220000 93 1971.419 209.0 1.775 21.3221 31 55007.0 1483.7192 
230000 96 2034.941 211.0 1.711 22.0871 32 56304.0 1465.0473 
240000 101 2077.406 213.0 1.591 22.6419 33 57699.0 1318.2425 
250000 105 2075.846 227.0 1.741 22.6787 35 61475.0 1558.0065 
260000 109 2127.004 232.0 1.644 23.3065 36 64611.0 1555.9058 
270000 113 2176.257 243.0 1.787 23.909 37 68007.0 1706.0152 
280000 116 2213.152 249.0 1.803 24.3573 38 69164.0 1729.1137 
290000 120 2236.783 256.0 1.803 24.6638 40 72420.0 1827.4121 
300000 126 2145.982 261.0 1.687 23.6966 42 73534.0 1582.0338 
310000 131 2183.261 258.0 1.467 24.1575 43 73689.0 1439.5304 
320000 134 2203.288 260.0 1.418 24.4048 44 74546.0 1381.2774 
330000 138 2273.969 256.0 1.23 25.2288 46 74542.0 1118.2647 
340000 141 2314.854 256.0 1.158 25.7094 47 74779.0 1030.1382 
350000 147 2232.811 272.0 1.335 24.82 49 78313.0 1173.442 
360000 151 2272.333 283.0 1.446 25.2796 50 82089.0 1367.7978 
370000 156 2244.023 300.0 1.638 24.9762 52 85464.0 1488.9462 
380000 160 2247.311 298.0 1.473 25.0303 53 85620.0 1355.7516 
390000 165 2208.704 301.0 1.373 24.6085 55 86575.0 1152.7888 
400000 168 2253.527 312.0 1.532 25.1156 56 89172.0 1337.2099 
410000 173 2275.903 317.0 1.48 25.3734 57 91327.0 1419.1889 
420000 179 2213.577 328.0 1.519 24.6842 59 94541.0 1285.573 
430000 182 2271.699 330.0 1.371 25.3521 60 95598.0 1328.7157 
440000 186 2276.412 332.0 1.395 25.4113 62 96474.0 1258.6897 
450000 193 2164.613 337.0 1.3 24.1661 64 97427.0 1108.5687 
460000 198 2151.892 338.0 1.198 24.0286 66 98382.0 993.3706 
470000 202 2202.623 343.0 1.185 24.6006 67 100678.0 957.7336 
480000 205 2245.18 340.0 1.076 25.0802 68 100675.0 1027.6602 
490000 209 2277.154 341.0 1.012 25.442 69 101531.0 924.5942 
500000 212 2354.196 351.0 1.151 26.3076 70 106728.0 917.8348 
510000 217 2275.859 353.0 1.078 25.4347 72 108763.0 1410.8762 
520000 221 2319.449 357.0 1.07 25.9266 73 110599.0 1453.4885 
530000 225 2290.188 358.0 1.007 25.6018 75 111215.0 1238.7557 
540000 229 2334.355 371.0 1.183 26.0973 76 113851.0 1378.5802 
550000 233 2367.367 368.0 1.033 26.4701 77 114247.0 1240.4221 
560000 236 2428.788 366.0 0.933 27.1599 78 114644.0 1156.0799 
570000 241 2394.817 374.0 0.992 26.7811 80 117619.0 1258.8547 
580000 245 2370.64 378.0 0.992 26.5116 81 119155.0 1220.6693 
590000 250 2360.88 383.0 0.996 26.4048 83 120790.0 1211.5721 
600000 255 2309.616 403.0 1.289 25.8315 85 124665.0 1347.6034 
610000 259 2297.281 405.0 1.226 25.6946 86 125141.0 1260.5431 
620000 263 2360.182 401.0 1.053 26.4009 87 125137.0 1134.1888 
630000 267 2329.988 411.0 1.053 26.0638 89 126913.0 1048.1229 
640000 271 2324.2 424.0 1.341 25.9969 90 129469.0 1119.0106 
650000 276 2350.935 429.0 1.313 26.2999 92 132824.0 1357.0286 
660000 279 2382.111 431.0 1.254 26.6495 93 134461.0 1383.0257 
670000 285 2273.389 440.0 1.291 25.4328 95 136495.0 1305.4808 
680000 291 2213.182 441.0 1.127 24.7592 97 137829.0 1173.2695 
690000 297 2192.706 439.0 0.996 24.5301 99 138143.0 995.3783 
700000 300 2240.851 447.0 1.092 25.0696 100 140400.0 1121.5405 
710000 304 2265.202 448.0 1.024 25.3441 101 141736.0 1143.0864 
720000 308 2279.148 450.0 0.987 25.5014 102 144072.0 1028.4778 
730000 312 2321.544 451.0 0.931 25.9775 104 145208.0 1157.097 
740000 315 2346.081 466.0 1.166 26.2507 105 148285.0 1349.0873 
750000 320 2346.067 471.0 1.135 26.25 106 150340.0 1277.8786 
760000 324 2338.241 473.0 1.105 26.1696 108 151516.0 1280.3116 
770000 327 2366.172 479.0 1.157 26.4935 109 153833.0 1383.9805 
780000 331 2409.552 495.0 1.34 26.9926 110 156209.0 1403.2824 
790000 334 2438.884 510.0 1.534 27.3236 111 158486.0 1504.6542 
800000 338 2449.232 524.0 1.744 27.4353 112 161002.0 1491.8888 
810000 342 2480.345 525.0 1.627 27.7831 114 162638.0 1533.8599 
820000 345 2477.967 530.0 1.629 27.7556 115 163915.0 1508.1739 
830000 350 2480.512 549.0 1.839 27.7822 116 167550.0 1537.0565 
840000 353 2520.085 546.0 1.672 28.2264 117 167547.0 1567.0509 
850000 357 2489.275 561.0 1.838 27.8791 119 170343.0 1548.7412 
860000 361 2507.334 576.0 1.983 28.0805 120 172639.0 1623.5671 
870000 365 2539.71 572.0 1.751 28.4448 121 172635.0 1460.9104 
880000 369 2534.695 575.0 1.676 28.3902 123 174931.0 1412.7674 
890000 372 2512.637 591.0 1.897 28.1491 124 177248.0 1503.1907 
900000 376 2516.837 607.0 2.06 28.2223 125 180124.0 1640.5716 
910000 380 2527.022 621.0 2.142 28.3455 126 181440.0 1476.2144 
920000 384 2551.191 627.0 2.131 28.6296 128 185436.0 1713.9637 
930000 388 2567.261 644.0 2.22 28.8207 129 188292.0 1778.2673 
940000 392 2548.066 662.0 2.432 28.6122 130 193788.0 1800.1406 
950000 395 2565.125 668.0 2.443 28.8106 131 196425.0 2259.8265 
960000 399 2585.211 685.0 2.451 29.0452 133 202161.0 2219.4895 
970000 403 2596.406 684.0 2.315 29.1766 134 202397.0 2203.2405 
980000 407 2582.913 699.0 2.477 29.018 135 204513.0 2218.6165 
990000 411 2561.854 708.0 2.458 28.7748 137 206569.0 2000.9094 
1000000 415 2579.606 714.0 2.386 28.9684 138 209005.0 2044.5184 
1010000 418 2592.72 723.0 2.283 29.11 139 212102.0 2001.7666 
1020000 422 2572.986 720.0 2.179 28.8819 140 212358.0 1975.2899 
1030000 427 2559.138 715.0 1.873 28.7215 142 212353.0 1599.4148 
1040000 431 2516.088 738.0 2.058 28.2292 143 216689.0 1657.1734 
1050000 435 2510.999 743.0 2.071 28.1699 145 217745.0 1624.9404 
1060000 441 2409.482 750.0 1.962 27.0263 147 219599.0 1484.6317 
1070000 446 2401.919 752.0 1.851 26.9363 148 221534.0 1441.8686 
1080000 449 2425.481 750.0 1.683 27.2103 149 221851.0 1401.3817 
1090000 454 2391.172 761.0 1.634 26.8333 151 224626.0 1301.1492 
1100000 458 2422.91 765.0 1.62 27.1989 152 226162.0 1306.7343 
1110000 462 2427.422 785.0 1.964 27.2585 154 228098.0 1386.8848 
1120000 466 2416.668 791.0 1.924 27.1426 155 229534.0 1391.8963 
1130000 471 2385.129 791.0 1.743 26.7951 157 229929.0 1166.866 
1140000 474 2407.782 793.0 1.622 27.056 158 230326.0 1065.8794 
1150000 479 2403.194 803.0 1.713 27.0086 159 232421.0 1054.9914 
1160000 483 2415.663 809.0 1.699 27.1551 161 234297.0 1166.1731 
1170000 486 2485.821 813.0 1.674 27.9354 162 236114.0 1231.2558 
1180000 489 2487.144 818.0 1.675 27.9441 163 238131.0 1309.8302 
1190000 493 2507.651 819.0 1.568 28.1746 164 239487.0 1178.5472 
1200000 499 2414.27 827.0 1.537 27.1298 166 241861.0 1299.0532 
1210000 502 2436.858 829.0 1.486 27.388 167 243158.0 1298.8479 
1220000 507 2406.8 834.0 1.447 27.0544 169 244813.0 1217.4968 
1230000 513 2352.251 854.0 1.665 26.444 171 247587.0 1250.8024 
1240000 517 2366.162 864.0 1.729 26.6052 172 252203.0 1587.4222 
1250000 521 2331.61 881.0 1.804 26.2184 173 257259.0 1716.3799 
1260000 526 2322.626 892.0 1.958 26.1218 175 260154.0 1741.8978 
1270000 531 2282.379 887.0 1.674 25.6741 177 260149.0 1530.9672 
1280000 537 2245.817 894.0 1.618 25.2678 179 262983.0 1510.5134 
1290000 540 2300.794 899.0 1.62 25.8888 180 265160.0 1577.1621 
1300000 543 2335.552 897.0 1.486 26.2834 181 265237.0 1427.1459 
1310000 547 2378.339 901.0 1.45 26.7677 182 265993.0 1320.1313 
1320000 552 2344.002 908.0 1.443 26.3816 184 268128.0 1308.3363 
1330000 556 2357.181 932.0 1.804 26.5318 185 273884.0 1559.2027 
1340000 559 2384.951 932.0 1.659 26.8478 186 275101.0 1596.9824 
1350000 564 2351.338 940.0 1.69 26.4682 188 277696.0 1651.1858 
1360000 568 2371.421 948.0 1.617 26.6959 189 280092.0 1595.7672 
1370000 572 2387.466 951.0 1.644 26.8756 190 281968.0 1619.8905 
1380000 576 2406.281 951.0 1.519 27.0756 192 282824.0 1518.1413 
1390000 580 2414.177 950.0 1.362 27.1556 193 283060.0 1382.0272 
1400000 585 2354.419 965.0 1.531 26.4747 195 287655.0 1554.872 
1410000 589 2373.063 971.0 1.451 26.6747 196 289991.0 1499.0848 
1420000 593 2394.653 971.0 1.415 26.91 197 290307.0 1482.8763 
1430000 596 2430.822 968.0 1.273 27.3111 198 290304.0 1366.2887 
1440000 601 2409.13 973.0 1.251 27.0606 200 292419.0 1302.1238 
1450000 604 2434.893 971.0 1.138 27.3456 201 292916.0 1237.6115 
1460000 608 2461.381 978.0 1.012 27.6566 202 293912.0 1113.5503 
1470000 613 2420.531 995.0 1.403 27.2007 204 297727.0 1368.0057 
1480000 616 2443.348 1003.0 1.478 27.4627 205 299384.0 1372.9052 
1490000 620 2472.355 1014.0 1.501 27.7976 206 300900.0 1307.3147 
1500000 626 2366.502 1031.0 1.615 26.6081 208 304614.0 1260.9549 
1510000 631 2311.971 1037.0 1.648 25.9996 210 307449.0 1423.0034 
1520000 635 2324.133 1038.0 1.579 26.1374 211 308585.0 1394.4031 
1530000 641 2284.018 1054.0 1.691 25.6702 213 312579.0 1527.4965 
1540000 644 2302.236 1079.0 2.048 25.8642 214 318336.0 1502.4469 
1550000 648 2356.699 1082.0 2.005 26.4675 216 320772.0 1957.212 
1560000 651 2383.879 1079.0 1.828 26.7682 217 320769.0 1761.1908 
1570000 655 2424.733 1082.0 1.744 27.2192 218 322445.0 1752.7717 
1580000 660 2385.571 1097.0 1.874 26.781 220 325080.0 1680.5751 
1590000 666 2313.501 1102.0 1.761 25.9784 222 327334.0 1586.6958 
1600000 670 2309.193 1109.0 1.762 25.9314 223 329630.0 1657.7262 
1610000 675 2294.862 1120.0 1.816 25.7621 225 331685.0 1548.1882 
1620000 680 2243.359 1121.0 1.661 25.1782 226 333120.0 1521.0694 
1630000 685 2225.447 1136.0 1.787 24.9789 228 336095.0 1534.4962 
1640000 690 2225.807 1145.0 1.79 24.9811 230 338090.0 1426.5719 
1650000 696 2146.014 1145.0 1.586 24.0781 232 339384.0 1273.5533 
1660000 702 2080.108 1152.0 1.538 23.3338 234 342958.0 1359.4082 
1670000 706 2137.117 1152.0 1.417 23.9781 235 343594.0 1287.1673 
1680000 709 2198.96 1151.0 1.275 24.6812 236 344391.0 1158.1506 
1690000 714 2140.33 1166.0 1.365 24.028 238 349946.0 1375.532 
1700000 718 2206.384 1164.0 1.335 24.7774 239 350102.0 1423.6788 
1710000 722 2213.427 1176.0 1.464 24.8588 240 354178.0 1539.0109 
1720000 728 2169.84 1180.0 1.376 24.3766 242 355932.0 1401.4288 
1730000 732 2203.085 1181.0 1.288 24.7552 244 357588.0 1453.5874 
1740000 735 2235.073 1182.0 1.232 25.1185 245 358745.0 1423.9286 
1750000 739 2270.366 1191.0 1.213 25.5181 246 361421.0 1371.2358 
1760000 743 2297.971 1194.0 1.276 25.8326 247 363477.0 1411.8122 
1770000 747 2278.516 1212.0 1.533 25.609 249 367313.0 1712.3979 
1780000 752 2298.001 1223.0 1.602 25.8167 250 371028.0 1718.8581 
1790000 755 2332.251 1239.0 1.819 26.1923 251 373165.0 1822.6723 
1800000 760 2317.492 1253.0 1.888 26.0187 253 376560.0 1843.3945 
1810000 764 2339.038 1272.0 2.124 26.2538 254 382216.0 2178.7551 
1820000 769 2308.834 1269.0 1.862 25.9099 256 382971.0 1951.0216 
1830000 774 2253.966 1281.0 1.904 25.2916 258 385566.0 1815.3575 
1840000 779 2229.298 1293.0 1.954 25.0086 259 389121.0 1903.5218 
1850000 782 2289.114 1291.0 1.78 25.6763 260 389378.0 1798.8696 
1860000 786 2292.019 1302.0 1.874 25.7005 262 391454.0 1677.5144 
1870000 791 2301.595 1310.0 1.826 25.8008 263 393129.0 1653.4629 
1880000 795 2318.489 1331.0 2.117 25.9885 265 397685.0 1816.335 
1890000 799 2289.1 1332.0 1.973 25.6559 266 398241.0 1666.4015 
1900000 803 2331.914 1348.0 2.088 26.1316 267 400697.0 1705.4613 
1910000 807 2309.759 1362.0 2.239 25.8803 269 402973.0 1659.0537 
1920000 813 2262.782 1384.0 2.414 25.3494 271 406367.0 1674.8635 
1930000 817 2286.432 1397.0 2.482 25.6121 272 407783.0 1649.0771 
1940000 820 2334.209 1394.0 2.278 26.1472 273 407780.0 1483.8694 
1950000 824 2351.63 1402.0 2.258 26.3396 274 410036.0 1419.1825 
1960000 828 2360.969 1401.0 2.065 26.4429 276 411152.0 1388.7678 
1970000 832 2384.493 1409.0 2.057 26.7011 277 412768.0 1411.591 
1980000 836 2388.004 1435.0 2.407 26.7361 278 415604.0 1408.1319 
1990000 839 2419.772 1434.0 2.207 27.0926 279 415921.0 1413.0187 
2000000 844 2404.25 1437.0 2.09 26.9288 281 417836.0 1359.7752 
2010000 847 2429.661 1444.0 1.968 27.2238 282 420213.0 1223.4977 
2020000 852 2382.794 1443.0 1.89 26.708 284 421248.0 1308.6631 
2030000 857 2365.043 1466.0 1.959 26.5187 285 430043.0 1553.4968 
2040000 863 2307.103 1472.0 1.993 25.8767 287 431997.0 1849.3624 
2050000 866 2339.441 1494.0 2.259 26.2444 288 433534.0 1764.1262 
2060000 870 2383.69 1490.0 2.081 26.7498 290 433530.0 1529.1722 
2070000 873 2410.243 1496.0 2.078 27.0538 291 434927.0 1515.955 
2080000 878 2395.383 1514.0 2.222 26.8934 292 439722.0 1764.0595 
2090000 882 2398.958 1516.0 2.089 26.9378 294 440918.0 1620.3182 
2100000 886 2385.154 1521.0 1.985 26.7881 295 441634.0 1497.9864 
2110000 891 2381.665 1541.0 2.219 26.7528 297 444809.0 1550.1989 
2120000 894 2397.761 1551.0 2.282 26.9367 298 447366.0 1650.8791 
2130000 898 2395.779 1577.0 2.61 26.9181 299 448922.0 1641.4911 
2140000 901 2466.358 1581.0 2.398 27.7178 300 450119.0 1477.042 
2150000 906 2446.874 1591.0 2.489 27.5042 302 453014.0 1579.034 
2160000 909 2470.05 1596.0 2.441 27.7684 303 455571.0 1676.8306 
2170000 914 2453.101 1601.0 2.299 27.5795 304 456366.0 1588.8476 
2180000 917 2466.741 1604.0 2.225 27.7355 305 458023.0 1429.6628 
2190000 922 2460.173 1612.0 2.11 27.6648 307 460738.0 1514.8569 
2200000 925 2468.888 1619.0 2.1 27.766 308 463495.0 1543.0712 
2210000 928 2548.386 1621.0 2.092 28.6664 309 465492.0 1748.4641 
2220000 933 2505.227 1619.0 1.853 28.185 311 466507.0 1517.6859 
2230000 937 2514.848 1627.0 1.862 28.2955 312 468003.0 1515.6173 
2240000 941 2508.063 1655.0 2.253 28.2185 313 471419.0 1625.7556 
2250000 945 2521.034 1652.0 2.021 28.3669 315 471715.0 1418.292 
2260000 949 2520.451 1660.0 2.019 28.361 316 474171.0 1472.1628 
2270000 953 2506.846 1668.0 2.022 28.2094 317 476267.0 1426.6465 
2280000 957 2504.122 1686.0 2.221 28.1761 319 480143.0 1685.2137 
2290000 960 2527.955 1683.0 2.032 28.4461 320 480140.0 1516.3923 
2300000 966 2457.247 1702.0 2.172 27.6478 322 484834.0 1676.3078 
2310000 969 2484.036 1700.0 2.005 27.9401 323 484911.0 1516.377 
2320000 973 2479.687 1703.0 1.906 27.8809 324 485767.0 1450.4393 
2330000 978 2473.606 1705.0 1.761 27.8002 326 488242.0 1410.8858 
2340000 981 2480.691 1702.0 1.599 27.8798 327 488239.0 1269.4973 
2350000 986 2473.451 1704.0 1.485 27.8022 328 489674.0 1174.2475 
2360000 990 2478.177 1729.0 1.865 27.8585 330 493330.0 1417.3705 
2370000 996 2351.338 1741.0 1.876 26.4316 332 496624.0 1449.3001 
2380000 1000 2373.911 1750.0 1.902 26.6905 333 501540.0 1796.0701 
2390000 1003 2409.529 1755.0 1.832 27.0941 334 502177.0 1616.1631 
2400000 1008 2395.464 1775.0 2.106 26.9236 336 506792.0 1819.9221 
2410000 1011 2418.581 1777.0 2.024 27.1763 337 508329.0 1791.6299 
2420000 1016 2387.369 1795.0 1.866 26.8173 338 511704.0 1790.1669 
2430000 1022 2339.33 1808.0 2.186 26.2676 340 513378.0 1753.4652 
2440000 1027 2295.456 1828.0 2.335 25.7658 342 519493.0 1911.1368 
2450000 1030 2344.566 1828.0 2.198 26.3129 343 520370.0 1833.7231 
2460000 1033 2376.441 1842.0 2.303 26.6657 344 524527.0 2026.0508 
2470000 1039 2339.422 1850.0 2.245 26.2413 346 527081.0 1999.5312 
2480000 1043 2345.358 1862.0 2.306 26.3035 347 530637.0 1919.278 
2490000 1047 2338.523 1882.0 2.52 26.2227 349 532773.0 1980.4452 
2500000 1050 2370.569 1879.0 2.313 26.5809 350 532770.0 1782.1007 
2510000 1056 2342.133 1883.0 2.131 26.2578 352 534384.0 1603.3316 
2520000 1059 2370.96 1886.0 2.065 26.5785 353 535541.0 1558.6984 
2530000 1063 2394.308 1886.0 1.903 26.8377 354 536997.0 1548.5286 
2540000 1066 2415.613 1896.0 1.989 27.074 355 539714.0 1571.3757 
2550000 1070 2443.279 1905.0 2.009 27.3825 356 543330.0 1683.9381 
2560000 1074 2461.694 1911.0 1.966 27.5881 358 546106.0 1801.0199 
2570000 1078 2440.615 1919.0 1.97 27.349 359 547922.0 1754.6179 
2580000 1082 2479.868 1937.0 2.168 27.7866 360 552518.0 1818.8561 
2590000 1086 2465.918 1940.0 2.059 27.6368 362 553714.0 1833.9035 
2600000 1091 2443.565 1961.0 2.268 27.3953 363 558209.0 1908.2131 
2610000 1095 2435.69 1975.0 2.366 27.3145 365 559825.0 1879.8826 
2620000 1098 2461.44 1972.0 2.168 27.6114 366 559822.0 1691.5944 
2630000 1102 2491.688 1995.0 2.447 27.951 367 562778.0 1818.1349 
2640000 1106 2502.631 2013.0 2.547 28.0679 368 566854.0 1796.0214 
2650000 1112 2395.546 2032.0 2.626 26.8624 370 570128.0 1898.4074 
2660000 1116 2414.988 2048.0 2.769 27.079 372 574824.0 2079.54 
2670000 1119 2427.931 2054.0 2.722 27.2323 373 576701.0 2059.286 
2680000 1125 2328.217 2060.0 2.493 26.1216 375 579555.0 1868.6516 
2690000 1131 2296.469 2060.0 2.246 25.7764 377 581829.0 1804.8378 
2700000 1134 2304.65 2069.0 2.292 25.8726 378 584326.0 1874.054 
2710000 1138 2365.937 2071.0 2.154 26.5694 379 585882.0 1802.3486 
2720000 1142 2380.654 2082.0 2.121 26.7399 380 589238.0 1751.8138 
2730000 1147 2349.28 2096.0 2.219 26.3819 382 592693.0 1900.5992 
2740000 1150 2401.46 2099.0 2.184 26.9695 383 593750.0 1896.2392 
2750000 1153 2422.715 2110.0 2.269 27.2134 384 595247.0 1856.3153 
2760000 1157 2440.188 2114.0 2.092 27.4168 385 597123.0 1804.3838 
2770000 1163 2383.574 2134.0 2.296 26.7861 387 600417.0 1590.5809 
2780000 1166 2397.275 2140.0 2.301 26.9422 388 602134.0 1679.2228 
2790000 1171 2392.809 2140.0 2.08 26.8975 390 603489.0 1650.4005 
2800000 1174 2423.715 2147.0 2.037 27.2501 391 607406.0 1597.0604 
2810000 1178 2444.522 2165.0 2.224 27.4884 392 613282.0 2131.0544 
2820000 1184 2363.325 2166.0 2.048 26.5781 394 615336.0 1940.184 
2830000 1188 2353.726 2181.0 1.988 26.4736 396 619592.0 1942.1791 
2840000 1192 2381.182 2177.0 1.944 26.7812 397 619588.0 1935.6612 
2850000 1197 2339.537 2189.0 1.848 26.3024 399 623163.0 1741.7155 
2860000 1200 2370.399 2186.0 1.815 26.6424 400 623160.0 1737.244 
2870000 1204 2400.812 2193.0 1.809 26.9767 401 625636.0 1811.2196 
2880000 1208 2393.367 2208.0 1.962 26.8849 402 629072.0 1803.7976 
2890000 1212 2426.342 2211.0 1.867 27.249 404 630928.0 1799.5061 
2900000 1215 2434.949 2230.0 2.092 27.341 405 635165.0 1963.2555 
2910000 1220 2433.035 2237.0 2.001 27.3135 406 638100.0 2056.6299 
2920000 1225 2404.317 2243.0 1.961 26.985 408 640835.0 1934.9002 
2930000 1229 2409.683 2248.0 1.924 27.0393 409 642251.0 1827.1102 
2940000 1232 2445.821 2248.0 1.752 27.4423 410 643208.0 1780.0992 
2950000 1236 2448.235 2261.0 1.925 27.463 412 645284.0 1735.7103 
2960000 1239 2487.386 2271.0 1.989 27.8998 413 649461.0 1939.8393 
2970000 1244 2452.532 2274.0 1.873 27.5045 414 651656.0 1921.5554 
2980000 1251 2335.109 2286.0 1.858 26.1834 417 654029.0 1695.3209 
2990000 1256 2289.242 2295.0 1.797 25.6706 418 655144.0 1573.4888 
3000000 1260 2285.689 2312.0 2.001 25.6376 420 657560.0 1543.9559 
3010000 1264 2338.019 2308.0 1.805 26.2348 421 657556.0 1405.2603 
3020000 1270 2240.443 2332.0 2.019 25.1429 423 662030.0 1457.4909 
3030000 1274 2284.924 2332.0 1.902 25.651 424 663526.0 1431.4418 
3040000 1278 2302.272 2339.0 1.891 25.8537 426 667782.0 1719.8978 
3050000 1281 2336.44 2350.0 1.995 26.2435 427 673379.0 2107.6081 
3060000 1285 2331.793 2349.0 1.82 26.1968 428 674335.0 1992.5472 
3070000 1292 2248.5 2353.0 1.62 25.2646 430 675208.0 1660.5933 
3080000 1296 2231.842 2358.0 1.631 25.082 432 678424.0 1702.5106 
3090000 1300 2256.681 2364.0 1.505 25.3672 433 680760.0 1675.9595 
3100000 1305 2266.091 2363.0 1.453 25.4783 435 681715.0 1533.9572 
3110000 1309 2272.703 2373.0 1.534 25.5556 436 683531.0 1562.2615 
3120000 1313 2274.718 2383.0 1.609 25.581 437 686247.0 1599.7353 
3130000 1317 2299.987 2394.0 1.7 25.8687 439 689483.0 1683.4156 
3140000 1320 2338.866 2401.0 1.741 26.309 440 692400.0 1806.7741 
3150000 1325 2311.489 2410.0 1.634 26.0043 441 696815.0 1753.7966 
3160000 1329 2317.33 2420.0 1.818 26.0715 443 699331.0 1948.6053 
3170000 1333 2348.091 2419.0 1.657 26.4161 444 700447.0 1865.4448 
3180000 1337 2349.449 2440.0 1.923 26.4325 445 704603.0 1876.6003 
3190000 1341 2388.515 2436.0 1.715 26.8765 447 704599.0 1715.6762 
3200000 1347 2310.834 2449.0 1.769 26.0032 449 708093.0 1720.9277 
3210000 1350 2369.853 2446.0 1.606 26.6699 450 708090.0 1548.535 
3220000 1353 2407.376 2446.0 1.512 27.0944 451 709227.0 1507.3815 
3230000 1357 2432.979 2445.0 1.374 27.3847 452 710323.0 1466.3433 
3240000 1362 2390.47 2464.0 1.617 26.9062 454 712858.0 1433.1681 
3250000 1365 2438.944 2464.0 1.521 27.4547 455 714055.0 1409.5513 
3260000 1371 2353.877 2484.0 1.739 26.4955 457 721029.0 1821.1665 
3270000 1374 2381.438 2488.0 1.715 26.8077 457 730346.0 1821.1665 
3280000 1378 2403.404 2495.0 1.718 27.0577 459 731802.0 2459.2849 
3290000 1382 2403.678 2512.0 1.836 27.0599 460 738938.0 2781.0564 
3300000 1386 2410.441 2514.0 1.811 27.1375 461 740314.0 2648.6508 
3310000 1389 2448.339 2516.0 1.645 27.5663 462 741971.0 2521.4857 
3320000 1393 2488.388 2512.0 1.534 28.0195 464 741967.0 2191.2334 
3330000 1396 2533.442 2525.0 1.698 28.5267 464 751224.0 2191.2334 
3340000 1400 2549.228 2532.0 1.705 28.7062 465 761580.0 2897.7101 
3350000 1405 2476.439 2551.0 1.9 27.8742 467 765095.0 3624.2852 
3360000 1409 2479.06 2568.0 2.084 27.9021 468 768511.0 3477.5566 
3370000 1413 2499.481 2564.0 1.844 28.1284 470 768507.0 2929.6509 
3380000 1418 2445.57 2566.0 1.704 27.5121 471 770262.0 2772.3858 
3390000 1422 2434.562 2572.0 1.691 27.3789 473 772718.0 2527.0625 
3400000 1425 2459.992 2578.0 1.61 27.6583 474 776315.0 2456.0562 
3410000 1429 2483.514 2579.0 1.601 27.9126 475 778091.0 2388.1506 
3420000 1433 2498.935 2580.0 1.499 28.079 476 779147.0 2327.0356 
3430000 1437 2476.68 2579.0 1.362 27.8229 478 780243.0 2078.7288 
3440000 1441 2498.244 2578.0 1.236 28.0586 479 780479.0 1894.5559 
3450000 1446 2441.663 2579.0 1.14 27.4161 481 781674.0 1654.0203 
3460000 1450 2455.523 2580.0 1.07 27.5659 482 782950.0 1616.3183 
3470000 1455 2412.673 2580.0 0.966 27.0806 484 784525.0 1462.8478 
3480000 1460 2369.25 2590.0 1.067 26.5887 485 787040.0 1528.263 
3490000 1463 2393.644 2613.0 1.457 26.8604 486 790957.0 1583.1367 
3500000 1468 2405.913 2628.0 1.615 27.0046 488 793512.0 1613.3707 
3510000 1472 2404.797 2645.0 1.821 26.9966 489 797908.0 1835.7337 
3520000 1477 2370.181 2643.0 1.61 26.617 491 799103.0 1650.1743 
3530000 1481 2335.942 2654.0 1.7 26.2362 492 800859.0 1660.8568 
3540000 1485 2373.143 2650.0 1.49 26.6628 494 800855.0 1452.724 
3550000 1488 2412.24 2647.0 1.344 27.1074 495 800852.0 1307.1516 
3560000 1492 2434.088 2652.0 1.335 27.3583 496 804048.0 1496.1365 
3570000 1496 2425.02 2696.0 1.938 27.2579 497 813284.0 1706.2228 
3580000 1500 2451.039 2707.0 2.148 27.5548 499 816640.0 2209.0705 
3590000 1503 2492.406 2726.0 2.394 28.0234 500 822457.0 2569.8634 
3600000 1508 2435.479 2731.0 2.225 27.3861 501 824252.0 2360.5771 
3610000 1512 2426.614 2741.0 2.191 27.2886 503 828908.0 2334.2974 
3620000 1516 2461.719 2742.0 2.117 27.6862 504 829304.0 2262.5677 
3630000 1522 2391.7 2757.0 2.183 26.8946 506 832178.0 2148.1098 
3640000 1526 2372.574 2762.0 2.054 26.6814 507 834794.0 2016.9989 
3650000 1531 2365.068 2767.0 1.989 26.5985 509 836689.0 1956.9991 
3660000 1535 2333.567 2775.0 2.006 26.2449 510 840105.0 2032.9992 
3670000 1540 2293.581 2788.0 2.074 25.7967 512 842940.0 1852.1593 
3680000 1545 2279.437 2810.0 2.312 25.6388 514 844535.0 1810.8791 
3690000 1550 2243.16 2814.0 2.15 25.2308 515 847630.0 1717.4911 
3700000 1554 2256.37 2820.0 2.124 25.3799 517 848846.0 1712.3978 
3710000 1558 2266.264 2825.0 2.017 25.4938 518 850522.0 1588.858 
3720000 1563 2283.022 2847.0 2.293 25.6849 520 853177.0 1647.005 
3730000 1567 2310.183 2862.0 2.307 25.9912 521 856233.0 1680.0045 
3740000 1570 2325.077 2871.0 2.439 26.1603 522 858310.0 1827.7041 
3750000 1576 2280.463 2896.0 2.634 25.6617 524 865244.0 2040.8703 
3760000 1581 2255.182 2896.0 2.384 25.382 526 866599.0 1896.5349 
3770000 1585 2252.83 2909.0 2.435 25.358 527 870655.0 2032.5814 
3780000 1589 2296.397 2924.0 2.556 25.8503 528 874691.0 2121.0233 
3790000 1594 2265.426 2923.0 2.291 25.5038 530 875786.0 2000.2589 
3800000 1600 2197.757 2949.0 2.462 24.7387 532 879840.0 1800.8397 
3810000 1604 2184.257 2948.0 2.308 24.5889 533 880856.0 1832.4557 
3820000 1610 2167.591 2948.0 1.986 24.4044 535 882230.0 1599.5191 
3830000 1614 2196.598 2955.0 2.028 24.7307 537 884826.0 1649.4405 
3840000 1617 2217.585 2967.0 2.149 24.9664 538 886863.0 1688.1964 
3850000 1621 2277.273 2966.0 1.905 25.6408 539 887099.0 1519.0768 
3860000 1625 2301.226 2973.0 1.947 25.9103 540 888895.0 1570.8691 
3870000 1629 2319.636 2975.0 1.834 26.1195 542 890691.0 1451.834 
3880000 1632 2337.413 2986.0 1.942 26.3191 543 893648.0 1602.3506 
3890000 1638 2282.997 2996.0 1.92 25.7052 545 896282.0 1554.934 
3900000 1641 2332.196 3007.0 2.023 26.2555 546 900259.0 1797.1406 
3910000 1646 2313.851 3014.0 1.906 26.0364 547 901694.0 1705.1265 
3920000 1650 2297.151 3017.0 1.854 25.8383 549 904130.0 1634.9825 
3930000 1653 2344.432 3022.0 1.862 26.3642 550 906907.0 1789.1842 
3940000 1657 2402.632 3040.0 2.051 27.0227 551 910803.0 1919.9658 
3950000 1660 2442.724 3041.0 1.968 27.4784 552 912080.0 1935.6692 
3960000 1663 2460.72 3047.0 1.952 27.684 553 915297.0 1823.8023 
3970000 1667 2513.029 3045.0 1.742 28.2771 554 916093.0 1881.1221 
3980000 1672 2477.402 3048.0 1.669 27.8778 556 918448.0 1822.9389 
3990000 1677 2419.011 3061.0 1.758 27.22 558 921563.0 1773.0105 
4000000 1682 2391.594 3075.0 1.857 26.9115 559 932518.0 1787.4094 
4010000 1685 2413.524 3075.0 1.689 27.1605 560 933815.0 2512.2685 
4020000 1689 2431.647 3080.0 1.715 27.3648 561 936751.0 2450.7417 
4030000 1694 2382.139 3086.0 1.672 26.8079 563 939066.0 2243.1307 
4040000 1698 2414.919 3082.0 1.464 27.1805 564 939062.0 2202.5177 
4050000 1701 2451.187 3089.0 1.498 27.5899 565 941819.0 2033.9659 
4060000 1707 2380.046 3089.0 1.348 26.783 567 942293.0 1848.5424 
4070000 1710 2401.982 3097.0 1.346 27.0191 568 945490.0 1801.3881 
4080000 1715 2390.818 3100.0 1.233 26.8832 570 947285.0 1727.5544 
4090000 1718 2411.406 3097.0 1.217 27.1088 571 947282.0 1672.499 
4100000 1723 2378.739 3109.0 1.336 26.7304 573 951297.0 1755.3542 
4110000 1727 2400.311 3120.0 1.442 26.9645 574 955033.0 1953.5187 
4120000 1731 2423.89 3124.0 1.408 27.2211 575 957329.0 1921.8669 
4130000 1735 2417.844 3124.0 1.3 27.1474 577 958165.0 1699.5422 
4140000 1739 2432.265 3136.0 1.427 27.3021 578 960841.0 1797.2879 
4150000 1742 2440.865 3138.0 1.384 27.3948 579 962018.0 1617.2591 
4160000 1746 2497.034 3146.0 1.433 28.0329 580 965494.0 1775.2332 
4170000 1752 2386.406 3174.0 1.438 26.7971 582 968568.0 1749.7689 
4180000 1756 2384.377 3178.0 1.761 26.7801 584 969984.0 1660.7428 
4190000 1759 2427.66 3175.0 1.598 27.2733 585 969981.0 1494.3685 
4200000 1763 2405.539 3185.0 1.571 27.0296 586 973717.0 1534.6317 
4210000 1768 2422.569 3212.0 2.045 27.2224 588 977632.0 1795.8817 
4220000 1771 2451.029 3222.0 2.123 27.5446 589 981309.0 1983.9935 
4230000 1776 2430.677 3241.0 2.293 27.3185 590 984224.0 1863.2942 
4240000 1780 2447.214 3237.0 2.038 27.5109 592 984220.0 1701.2983 
4250000 1784 2429.521 3273.0 2.536 27.3016 593 990036.0 2072.8684 
4260000 1788 2463.582 3278.0 2.473 27.6755 594 990752.0 1961.2816 
4270000 1792 2442.548 3287.0 2.456 27.4308 596 993648.0 1879.2681 
4280000 1798 2368.802 3300.0 2.425 26.6051 598 998962.0 2035.6372 
4290000 1801 2399.41 3314.0 2.536 26.9555 599 1004839.0 2369.7734 
4300000 1805 2421.112 3330.0 2.473 27.205 600 1007655.0 2274.4961 
4310000 1808 2440.812 3333.0 2.579 27.4294 601 1008432.0 2290.7465 
4320000 1812 2457.717 3348.0 2.521 27.6218 602 1011188.0 2085.3718 
4330000 1816 2473.544 3358.0 2.671 27.803 604 1014744.0 2292.9812 
4340000 1820 2490.773 3375.0 2.676 28.0003 605 1019360.0 2419.3831 
4350000 1825 2435.888 3392.0 2.868 27.3844 607 1024455.0 2551.3303 
4360000 1829 2447.891 3408.0 2.76 27.5234 608 1027791.0 2479.8973 
4370000 1833 2439.645 3417.0 2.905 27.4339 609 1030767.0 2495.6075 
4380000 1837 2471.311 3415.0 2.641 27.7838 611 1030923.0 2202.4721 
4390000 1841 2438.937 3424.0 2.614 27.4102 612 1033279.0 2045.9249 
4400000 1845 2436.903 3428.0 2.333 27.3808 613 1034815.0 2013.0324 
4410000 1849 2471.794 3435.0 2.443 27.7643 615 1037271.0 2014.5862 
4420000 1852 2490.459 3444.0 2.472 27.9755 616 1039368.0 2022.8276 
4430000 1855 2512.032 3446.0 2.268 28.2243 617 1040405.0 1820.2449 
4440000 1859 2567.041 3456.0 2.315 28.8412 618 1042141.0 1853.9204 
4450000 1864 2519.459 3456.0 2.151 28.3119 620 1044276.0 1765.9055 
4460000 1867 2535.969 3453.0 1.965 28.5024 621 1044273.0 1589.015 
4470000 1872 2518.47 3461.0 1.931 28.3096 622 1047208.0 1537.8135 
4480000 1876 2494.474 3474.0 2.036 28.0432 624 1050224.0 1709.2589 
4490000 1881 2470.667 3470.0 1.763 27.7798 625 1050299.0 1546.033 
4500000 1884 2464.084 3480.0 1.859 27.7077 626 1052536.0 1399.1297 
4510000 1889 2464.037 3481.0 1.701 27.7114 628 1053331.0 1407.1251 
4520000 1894 2399.847 3490.0 1.707 26.9902 630 1056646.0 1446.6013 
4530000 1900 2321.487 3489.0 1.492 26.1128 632 1058320.0 1323.1771 
4540000 1903 2356.161 3494.0 1.504 26.5053 633 1059617.0 1320.5593 
4550000 1907 2399.355 3506.0 1.623 26.9815 634 1064293.0 1486.2034 
4560000 1910 2420.048 3514.0 1.627 27.2059 635 1067910.0 1691.2831 
4570000 1915 2425.301 3536.0 1.967 27.2537 637 1070205.0 1759.5693 
4580000 1918 2434.784 3550.0 2.126 27.3527 638 1074402.0 2003.3124 
4590000 1921 2473.789 3547.0 1.942 27.7851 639 1074399.0 1802.6811 
4600000 1925 2505.569 3546.0 1.774 28.1358 640 1074635.0 1622.113 
4610000 1930 2456.282 3574.0 2.152 27.5756 642 1080290.0 1876.7415 
4620000 1934 2455.263 3594.0 2.218 27.5583 643 1084166.0 1900.7674 
4630000 1939 2429.426 3611.0 2.479 27.2629 645 1087021.0 1973.2516 
4640000 1943 2423.161 3625.0 2.385 27.1887 646 1091277.0 1981.6264 
4650000 1948 2399.054 3624.0 2.304 26.9139 648 1092312.0 1906.5474 
4660000 1952 2398.801 3632.0 2.206 26.9071 649 1094208.0 1731.5927 
4670000 1957 2338.8 3650.0 2.427 26.2288 651 1097383.0 1876.6201 
4680000 1963 2275.179 3659.0 2.322 25.5098 653 1100937.0 1860.4922 
4690000 1967 2277.714 3672.0 2.218 25.5349 654 1103273.0 1768.143 
4700000 1971 2314.056 3681.0 2.395 25.9395 655 1105329.0 1747.0287 
4710000 1975 2297.277 3689.0 2.365 25.7476 657 1107245.0 1777.5233 
4720000 1980 2275.212 3720.0 2.743 25.4965 658 1111120.0 1775.4709 
4730000 1984 2300.328 3724.0 2.607 25.7769 660 1112956.0 1812.3615 
4740000 1988 2348.242 3720.0 2.327 26.3131 661 1112952.0 1630.8253 
4750000 1992 2327.85 3726.0 2.243 26.0828 662 1114928.0 1633.4428 
4760000 1995 2370.908 3737.0 2.288 26.5613 663 1117765.0 1563.7985 
4770000 1999 2391.347 3741.0 2.224 26.7899 665 1119641.0 1603.9068 
4780000 2004 2371.947 3756.0 2.16 26.5706 666 1123476.0 1765.2161 
4790000 2010 2289.769 3755.0 2.036 25.6485 668 1124170.0 1594.655 
4800000 2014 2314.092 3757.0 1.918 25.9212 670 1126406.0 1515.1006 
4810000 2019 2265.631 3772.0 2.027 25.3763 671 1129381.0 1495.2905 
4820000 2023 2280.699 3773.0 1.889 25.5532 673 1130857.0 1508.0153 
4830000 2028 2265.511 3783.0 1.886 25.391 674 1133552.0 1440.9138 
4840000 2032 2297.571 3784.0 1.777 25.7502 676 1135208.0 1499.9702 
4850000 2035 2343.919 3781.0 1.614 26.2683 677 1135205.0 1349.6732 
4860000 2039 2358.007 3798.0 1.725 26.4267 678 1138321.0 1372.4058 
4870000 2044 2314.049 3802.0 1.734 25.932 680 1139936.0 1411.6787 
4880000 2048 2327.945 3816.0 1.855 26.0852 681 1143032.0 1408.2109 
4890000 2052 2317.962 3829.0 1.979 25.9699 682 1146708.0 1667.0898 
4900000 2056 2366.606 3831.0 1.865 26.5236 684 1148564.0 1661.7727 
4910000 2060 2350.755 3851.0 2.048 26.3422 685 1151560.0 1675.2954 
4920000 2066 2314.352 3874.0 2.295 25.9323 687 1155394.0 1736.0193 
4930000 2069 2337.006 3875.0 2.198 26.1862 688 1156511.0 1784.1174 
4940000 2073 2362.977 3879.0 1.99 26.4765 689 1157367.0 1605.4056 
4950000 2077 2361.908 3879.0 1.948 26.4623 691 1157783.0 1415.4086 
4960000 2082 2349.237 3886.0 1.78 26.3202 692 1160758.0 1463.5677 
4970000 2086 2368.957 3902.0 2.065 26.5358 694 1162994.0 1501.1198 
4980000 2089 2397.332 3904.0 1.985 26.8528 695 1163391.0 1390.7079 
4990000 2093 2425.7 3918.0 2.085 27.1703 696 1168527.0 1561.3371 
5000000 2098 2361.804 3920.0 1.943 26.4528 698 1169722.0 1559.713 
5010000 2101 2406.785 3926.0 1.945 26.9574 699 1170439.0 1475.4417 
5020000 2105 2423.308 3935.0 1.907 27.1424 700 1172015.0 1453.5976 
5030000 2109 2427.332 3952.0 2.15 27.1858 701 1176731.0 1633.9378 
5040000 2112 2462.028 3949.0 1.965 27.5761 702 1176728.0 1648.244 
5050000 2116 2478.576 3954.0 1.852 27.7623 704 1179244.0 1472.5077 
5060000 2122 2413.53 3961.0 1.827 27.0317 706 1181438.0 1498.3612 
5070000 2127 2371.584 3977.0 1.849 26.5608 707 1185953.0 1598.2251 
5080000 2131 2379.227 3988.0 2.033 26.6453 709 1189149.0 1795.7923 
5090000 2135 2398.813 4003.0 2.167 26.8647 710 1193905.0 2091.9131 
5100000 2140 2342.918 4017.0 2.228 26.2371 712 1197120.0 1996.8796 
5110000 2143 2424.159 4022.0 2.192 27.1489 713 1198497.0 1934.8916 
5120000 2147 2397.76 4023.0 2.041 26.8644 714 1199133.0 1805.1025 
5130000 2151 2418.619 4023.0 1.884 27.1112 715 1200229.0 1632.2922 
5140000 2155 2390.326 4030.0 1.88 26.8038 717 1201765.0 1567.3867 
5150000 2159 2411.231 4030.0 1.695 27.0482 718 1202081.0 1426.348 
5160000 2164 2366.745 4045.0 1.853 26.5455 720 1206316.0 1569.9719 
5170000 2172 2205.208 4059.0 1.819 24.7293 722 1211268.0 1596.1072 
5180000 2177 2198.496 4060.0 1.681 24.6509 724 1212203.0 1510.8769 
5190000 2181 2205.022 4062.0 1.569 24.7208 725 1212679.0 1399.4892 
5200000 2186 2210.33 4068.0 1.532 24.7771 727 1213834.0 1232.2162 
5210000 2190 2219.823 4083.0 1.722 24.8879 728 1216970.0 1348.6946 
5220000 2194 2255.479 4083.0 1.59 25.3 730 1218246.0 1308.0726 
5230000 2197 2283.306 4088.0 1.536 25.618 731 1220263.0 1354.9654 
5240000 2202 2303.506 4096.0 1.599 25.8551 732 1221958.0 1307.1688 
5250000 2205 2325.909 4099.0 1.564 26.1141 733 1223935.0 1282.152 
5260000 2210 2319.077 4114.0 1.708 26.0439 735 1228810.0 1640.1731 
5270000 2214 2324.339 4122.0 1.651 26.1089 736 1231126.0 1659.8558 
5280000 2219 2314.733 4124.0 1.605 26.0071 738 1232761.0 1576.7132 
5290000 2222 2330.272 4142.0 1.705 26.1848 739 1235258.0 1514.7419 
5300000 2226 2352.633 4146.0 1.802 26.4396 740 1237654.0 1652.9677 
5310000 2230 2362.449 4142.0 1.585 26.5558 742 1237650.0 1453.5338 
5320000 2235 2317.002 4140.0 1.394 26.0484 743 1238045.0 1347.8804 
5330000 2239 2325.522 4150.0 1.48 26.1469 745 1241301.0 1417.2132 
5340000 2244 2332.243 4164.0 1.575 26.2267 746 1247136.0 1413.1918 
5350000 2249 2284.741 4178.0 1.719 25.6939 748 1250171.0 1761.5154 
5360000 2253 2280.905 4181.0 1.603 25.6534 749 1251947.0 1769.0638 
5370000 2257 2308.007 4194.0 1.796 25.9602 751 1254003.0 1712.1717 
5380000 2263 2258.587 4233.0 2.337 25.3946 753 1257377.0 1712.4891 
5390000 2268 2239.115 4244.0 2.318 25.166 754 1259712.0 1774.9402 
5400000 2272 2266.914 4246.0 2.176 25.4719 756 1260128.0 1478.9315 
5410000 2275 2307.013 4248.0 2.085 25.9169 757 1261285.0 1446.7384 
5420000 2278 2354.733 4247.0 1.943 26.4478 758 1261442.0 1317.7646 
5430000 2282 2360.645 4263.0 2.105 26.5064 759 1264698.0 1495.6881 
5440000 2287 2314.378 4276.0 2.156 25.9798 761 1268033.0 1541.3374 
5450000 2291 2362.699 4278.0 2.031 26.5166 762 1269709.0 1386.9036 
5460000 2294 2404.526 4275.0 1.853 26.9832 763 1269706.0 1415.9133 
5470000 2298 2396.784 4277.0 1.729 26.9019 764 1270302.0 1298.0219 
5480000 2302 2426.531 4279.0 1.653 27.2426 766 1270778.0 1131.2278 
5490000 2306 2434.027 4283.0 1.582 27.3351 767 1272374.0 1057.805 
5500000 2310 2448.623 4305.0 1.787 27.5027 768 1276010.0 1197.7245 
5510000 2314 2379.066 4306.0 1.742 26.7253 770 1277686.0 1270.9868 
5520000 2318 2462.553 4311.0 1.742 27.6737 771 1280242.0 1479.5882 
5530000 2323 2426.725 4323.0 1.808 27.2766 773 1283037.0 1470.0964 
5540000 2327 2409.238 4333.0 1.768 27.083 774 1284693.0 1346.7868 
5550000 2331 2441.587 4329.0 1.648 27.453 775 1284689.0 1353.8081 
5560000 2335 2437.776 4331.0 1.561 27.416 777 1286125.0 1240.0146 
5570000 2339 2420.614 4335.0 1.439 27.2331 778 1289001.0 1243.7131 
5580000 2343 2417.802 4345.0 1.596 27.2047 779 1291917.0 1439.0418 
5590000 2347 2416.026 4351.0 1.592 27.1874 781 1292713.0 1363.8538 
5600000 2351 2437.02 4375.0 1.82 27.4248 782 1297469.0 1521.1685 
5610000 2355 2448.265 4381.0 1.908 27.554 783 1299465.0 1670.7516 
5620000 2361 2391.315 4392.0 1.9 26.9151 785 1303759.0 1673.1388 
5630000 2364 2416.767 4389.0 1.729 27.2064 786 1303756.0 1685.5249 
5640000 2370 2351.885 4400.0 1.662 26.4764 788 1307130.0 1660.5052 
5650000 2374 2329.845 4402.0 1.65 26.229 790 1307906.0 1451.2392 
5660000 2378 2376.762 4411.0 1.659 26.7575 791 1309842.0 1345.8153 
5670000 2381 2416.173 4413.0 1.581 27.2042 792 1311519.0 1364.9338 
5680000 2384 2449.326 4418.0 1.645 27.5805 793 1313336.0 1476.1404 
5690000 2389 2435.104 4415.0 1.429 27.4226 795 1313671.0 1318.3037 
5700000 2394 2402.77 4420.0 1.39 27.0597 796 1315426.0 1282.1733 
5710000 2397 2423.799 4432.0 1.52 27.2979 797 1318543.0 1409.656 
5720000 2401 2401.093 4438.0 1.537 27.0429 799 1320619.0 1458.8514 
5730000 2405 2442.681 4447.0 1.599 27.5108 800 1323995.0 1462.6662 
5740000 2410 2407.213 4448.0 1.465 27.1117 802 1326090.0 1563.3896 
5750000 2415 2348.988 4444.0 1.247 26.456 803 1326165.0 1414.7507 
5760000 2419 2394.877 4447.0 1.209 26.9719 805 1327381.0 1267.3781 
5770000 2423 2392.556 4457.0 1.308 26.9459 806 1330857.0 1464.3402 
5780000 2426 2434.045 4460.0 1.173 27.4143 807 1332194.0 1341.6062 
5790000 2430 2439.423 4465.0 1.295 27.4737 808 1334150.0 1357.1456 
5800000 2434 2474.629 4467.0 1.236 27.8691 810 1335166.0 1362.7179 
5810000 2439 2424.116 4486.0 1.485 27.2979 811 1339981.0 1484.1461 
5820000 2445 2335.913 4495.0 1.478 26.3047 813 1344135.0 1764.7884 
5830000 2449 2325.872 4515.0 1.75 26.1917 815 1348451.0 1857.1086 
5840000 2452 2383.863 4515.0 1.588 26.8458 816 1349268.0 1671.0977 
5850000 2456 2384.021 4536.0 1.794 26.8397 817 1352324.0 1709.688 
5860000 2461 2329.865 4538.0 1.73 26.2178 819 1353119.0 1603.6772 
5870000 2466 2300.98 4549.0 1.834 25.8882 820 1357214.0 1677.0095 
5880000 2470 2324.145 4561.0 1.905 26.1372 822 1361070.0 1883.8077 
5890000 2474 2339.987 4570.0 1.933 26.3063 823 1363826.0 1901.1269 
5900000 2478 2384.985 4577.0 1.901 26.8034 824 1364702.0 1820.7142 
5910000 2481 2408.887 4579.0 1.768 27.067 825 1366379.0 1726.3428 
5920000 2485 2447.195 4580.0 1.746 27.4895 827 1367535.0 1664.9677 
5930000 2491 2314.404 4591.0 1.697 25.9928 829 1371309.0 1597.0538 
5940000 2495 2330.936 4596.0 1.642 26.1726 830 1373345.0 1637.0484 
5950000 2499 2379.302 4597.0 1.607 26.7096 831 1374561.0 1711.0436 
5960000 2503 2375.868 4607.0 1.679 26.6659 833 1377037.0 1633.3753 
5970000 2507 2377.695 4622.0 1.802 26.6801 834 1381113.0 1829.7378 
5980000 2511 2387.192 4631.0 1.872 26.7822 835 1382789.0 1862.464 
5990000 2517 2319.414 4633.0 1.692 26.0182 837 1385703.0 1800.0258 
6000000 2521 2312.78 4637.0 1.639 25.9428 839 1387599.0 1646.6509 
6010000 2527 2270.627 4645.0 1.607 25.4648 841 1390753.0 1633.4173 
6020000 2530 2302.703 4642.0 1.453 25.8232 842 1390750.0 1469.7755 
6030000 2534 2310.968 4649.0 1.478 25.9106 843 1392026.0 1450.498 
6040000 2538 2364.561 4648.0 1.345 26.5097 844 1392262.0 1305.1482 
6050000 2542 2360.527 4650.0 1.283 26.4635 846 1393278.0 1180.2 
6060000 2545 2389.572 4651.0 1.226 26.7876 847 1394735.0 1207.88 
6070000 2551 2327.265 4661.0 1.281 26.0869 849 1398509.0 1334.8128 
6080000 2555 2352.467 4667.0 1.296 26.3691 850 1399905.0 1341.0315 
6090000 2558 2376.429 4685.0 1.434 26.6441 851 1404642.0 1400.6284 
6100000 2564 2302.082 4701.0 1.602 25.8174 853 1407756.0 1553.739 
6110000 2568 2348.447 4710.0 1.732 26.3515 854 1412332.0 1528.0651 
6120000 2571 2361.363 4712.0 1.687 26.4942 855 1412689.0 1868.9586 
6130000 2579 2233.025 4725.0 1.693 25.0484 858 1415241.0 1617.6578 
6140000 2583 2264.676 4733.0 1.724 25.4002 859 1417257.0 1455.592 
6150000 2587 2248.752 4734.0 1.607 25.2184 861 1418133.0 1445.8595 
6160000 2591 2291.718 4751.0 1.811 25.6962 862 1421949.0 1558.9736 
6170000 2594 2309.713 4769.0 2.023 25.8944 863 1426006.0 1714.7762 
6180000 2598 2345.8 4779.0 2.098 26.2962 864 1428322.0 1952.9986 
6190000 2602 2359.622 4785.0 2.053 26.4492 866 1430258.0 1811.3589 
6200000 2606 2399.709 4790.0 1.974 26.8983 867 1432894.0 1789.923 
6210000 2610 2378.459 4809.0 2.192 26.6656 868 1438330.0 2014.6307 
6220000 2615 2357.207 4824.0 2.29 26.442 870 1442925.0 2286.8809 
6230000 2619 2352.483 4830.0 2.235 26.397 871 1443701.0 2081.8928 
6240000 2622 2390.63 4840.0 2.184 26.8334 872 1447058.0 1951.4035 
6250000 2627 2346.419 4852.0 2.239 26.3431 874 1451933.0 2236.4668 
6260000 2633 2305.08 4870.0 2.305 25.8848 876 1457827.0 2336.9681 
6270000 2638 2289.06 4903.0 2.806 25.7098 878 1462942.0 2546.3742 
6280000 2642 2305.198 4905.0 2.609 25.8988 879 1463738.0 2331.4368 
6290000 2646 2270.131 4909.0 2.501 25.5086 880 1464314.0 2179.9931 
6300000 2650 2306.548 4907.0 2.268 25.9251 882 1465110.0 1859.6244 
6310000 2654 2346.367 4934.0 2.433 26.3758 883 1470806.0 2117.362 
6320000 2657 2366.37 4940.0 2.52 26.599 884 1473283.0 2197.3258 
6330000 2661 2388.669 4949.0 2.539 26.8403 885 1476499.0 2241.2932 
6340000 2665 2415.905 4952.0 2.418 27.1532 887 1478375.0 2128.8775 
6350000 2668 2442.766 4961.0 2.454 27.4598 888 1480832.0 2161.6897 
6360000 2672 2464.537 4969.0 2.415 27.7088 889 1483888.0 2211.2208 
6370000 2677 2447.884 4977.0 2.336 27.5258 891 1487323.0 2152.1188 
6380000 2681 2403.053 4986.0 2.266 27.0243 892 1489639.0 2144.6069 
6390000 2685 2411.467 5003.0 2.463 27.1213 893 1495835.0 2087.8462 
6400000 2689 2457.012 5013.0 2.489 27.6406 895 1500611.0 2605.9855 
6410000 2692 2461.086 5026.0 2.502 27.691 896 1503688.0 2453.0869 
6420000 2696 2471.199 5036.0 2.597 27.8065 897 1506744.0 2713.4782 
6430000 2700 2501.976 5044.0 2.55 28.1549 898 1508460.0 2497.8304 
6440000 2703 2517.023 5051.0 2.54 28.3243 899 1510197.0 2363.7474 
6450000 2707 2560.101 5055.0 2.422 28.8041 901 1512213.0 2272.6654 
6460000 2711 2524.189 5062.0 2.272 28.3903 902 1514049.0 2079.0988 
6470000 2715 2533.719 5064.0 2.23 28.4889 903 1516085.0 2072.8889 
6480000 2719 2551.062 5076.0 2.294 28.6747 905 1519461.0 2150.07 
6490000 2723 2556.41 5081.0 2.214 28.7344 906 1522137.0 2048.763 
6500000 2728 2473.19 5081.0 2.002 27.7936 908 1522712.0 1855.5281 
6510000 2732 2464.265 5096.0 1.945 27.6845 909 1526288.0 1785.6753 
6520000 2737 2417.019 5099.0 1.966 27.1593 911 1528623.0 1817.627 
6530000 2742 2413.888 5100.0 1.83 27.1325 912 1530938.0 1947.5643 
6540000 2745 2416.746 5105.0 1.823 27.1685 913 1531935.0 1760.5078 
6550000 2750 2411.488 5126.0 2.037 27.1141 915 1536250.0 1806.2413 
6560000 2753 2446.315 5128.0 1.978 27.5093 916 1538027.0 1759.3172 
6570000 2758 2418.328 5137.0 1.965 27.1964 918 1540582.0 1829.4769 
6580000 2761 2438.02 5147.0 2.043 27.4213 919 1542999.0 1888.2292 
6590000 2767 2357.623 5173.0 2.234 26.5173 921 1548993.0 1947.0957 
6600000 2771 2399.207 5169.0 2.058 26.9831 922 1548989.0 1914.0861 
6610000 2774 2420.411 5189.0 2.331 27.2133 923 1551746.0 1838.3775 
6620000 2778 2423.798 5197.0 2.291 27.2484 924 1554482.0 1814.2398 
6630000 2783 2409.078 5208.0 2.228 27.0735 926 1557777.0 1845.5642 
6640000 2788 2385.186 5215.0 2.229 26.7981 928 1559492.0 1838.337 
6650000 2791 2437.788 5215.0 2.096 27.3842 929 1559729.0 1678.2033 
6660000 2794 2452.738 5215.0 1.974 27.5466 930 1560546.0 1592.083 
6670000 2798 2463.332 5227.0 1.997 27.671 931 1572582.0 1676.5747 
6680000 2803 2438.249 5226.0 1.843 27.3978 932 1572897.0 2468.5172 
6690000 2807 2403.404 5240.0 1.853 27.011 934 1577573.0 2320.1289 
6700000 2812 2418.397 5246.0 1.91 27.1942 935 1579588.0 2251.816 
6710000 2815 2456.924 5243.0 1.738 27.632 936 1579585.0 2228.3344 
6720000 2820 2426.548 5242.0 1.555 27.295 938 1580740.0 1868.3809 
6730000 2825 2339.314 5256.0 1.592 26.3136 940 1586635.0 2008.0185 
6740000 2830 2308.552 5257.0 1.473 25.9672 941 1587710.0 1924.9167 
6750000 2837 2218.39 5256.0 1.318 24.9544 944 1589263.0 1641.0713 
6760000 2840 2253.184 5253.0 1.182 25.3499 945 1589260.0 1476.6641 
6770000 2844 2285.062 5250.0 1.012 25.713 946 1589656.0 1328.6977 
6780000 2849 2270.317 5251.0 0.955 25.5489 948 1590331.0 1179.6752 
6790000 2852 2288.411 5264.0 1.155 25.7529 949 1592668.0 1295.4076 
6800000 2858 2246.143 5275.0 1.098 25.2789 951 1597302.0 1317.7102 
6810000 2863 2223.024 5283.0 1.259 25.0186 952 1599357.0 1483.6392 
6820000 2866 2268.63 5280.0 1.145 25.5266 953 1599354.0 1424.9752 
6830000 2871 2242.246 5285.0 1.135 25.2197 955 1601889.0 1211.66 
6840000 2874 2303.841 5286.0 1.089 25.917 956 1602686.0 1286.194 
6850000 2880 2272.101 5304.0 1.311 25.5463 958 1605920.0 1428.4471 
6860000 2884 2277.277 5329.0 1.553 25.5953 959 1610536.0 1633.3024 
6870000 2888 2274.811 5332.0 1.564 25.5618 961 1612052.0 1553.0049 
6880000 2894 2220.487 5348.0 1.753 24.9404 963 1614666.0 1534.964 
6890000 2897 2270.978 5351.0 1.711 25.5011 964 1615843.0 1499.1676 
6900000 2904 2195.264 5365.0 1.747 24.6403 966 1619796.0 1554.1558 
6910000 2909 2169.5 5389.0 2.048 24.3443 968 1624011.0 1687.2962 
6920000 2913 2197.026 5386.0 1.831 24.6551 969 1624087.0 1526.2665 
6930000 2918 2173.18 5407.0 2.052 24.3816 971 1628742.0 1673.7059 
6940000 2923 2169.035 5409.0 1.876 24.3304 972 1628997.0 1514.0353 
6950000 2926 2189.368 5426.0 2.12 24.5632 973 1633054.0 1568.3318 
6960000 2930 2211.686 5422.0 1.878 24.8239 975 1633050.0 1465.9787 
6970000 2934 2268.727 5425.0 1.755 25.4749 976 1634246.0 1319.0809 
6980000 2939 2250.153 5427.0 1.66 25.2728 978 1636361.0 1381.0855 
6990000 2943 2246.996 5426.0 1.512 25.2433 979 1637857.0 1392.677 
7000000 2948 2253.32 5459.0 2.016 25.3185 981 1646232.0 1947.6983 
7010000 2952 2268.788 5456.0 1.782 25.4982 982 1646628.0 1752.6285 
7020000 2956 2281.238 5469.0 1.898 25.6404 983 1649664.0 1673.0656 
7030000 2960 2293.346 5487.0 2.122 25.7845 985 1652360.0 1847.8132 
7040000 2966 2194.862 5486.0 1.86 24.6786 987 1653394.0 1597.7587 
7050000 2972 2161.721 5485.0 1.63 24.3115 989 1654428.0 1389.6145 
7060000 2976 2182.544 5492.0 1.639 24.5544 990 1655944.0 1322.3531 
7070000 2980 2189.87 5500.0 1.614 24.6265 991 1658400.0 1319.8178 
7080000 2984 2199.651 5505.0 1.647 24.7282 993 1659976.0 1402.8824 
7090000 2988 2245.272 5503.0 1.442 25.2337 994 1660572.0 1262.2942 
7100000 2993 2250.261 5514.0 1.544 25.2813 996 1663527.0 1353.6883 
7110000 2998 2205.721 5521.0 1.533 24.7729 997 1666082.0 1358.0194 
7120000 3002 2231.024 5533.0 1.643 25.0513 999 1668258.0 1421.8257 
7130000 3005 2267.716 5530.0 1.488 25.46 1000 1668255.0 1279.3432 
7140000 3011 2199.878 5539.0 1.42 24.6929 1002 1669969.0 1175.698 
7150000 3014 2268.582 5545.0 1.492 25.4601 1003 1671326.0 1145.8282 
7160000 3019 2255.882 5551.0 1.504 25.3126 1004 1673961.0 1174.9454 
7170000 3023 2301.311 5547.0 1.31 25.8287 1006 1673957.0 1131.1357 
7180000 3027 2263.433 5548.0 1.169 25.4022 1007 1675313.0 1033.7222 
7190000 3034 2158.557 5564.0 1.253 24.2198 1009 1680466.0 1277.945 
7200000 3039 2165.481 5576.0 1.459 24.292 1011 1686121.0 1591.3654 
7210000 3044 2144.118 5587.0 1.543 24.0448 1013 1687816.0 1590.636 
7220000 3050 2096.386 5594.0 1.499 23.5054 1015 1689570.0 1449.4451 
7230000 3053 2154.346 5592.0 1.371 24.1548 1016 1689967.0 1344.2006 
7240000 3057 2189.564 5611.0 1.633 24.545 1017 1693943.0 1583.4806 
7250000 3061 2228.045 5623.0 1.735 24.9719 1018 1697319.0 1640.8325 
7260000 3064 2267.983 5622.0 1.614 25.4197 1019 1698116.0 1622.4493 
7270000 3068 2313.571 5633.0 1.703 25.9285 1021 1701492.0 1710.0139 
7280000 3072 2322.859 5652.0 1.894 26.0358 1022 1704948.0 1826.7125 
7290000 3076 2346.865 5664.0 2.014 26.3163 1023 1707384.0 1881.7413 
7300000 3080 2354.518 5674.0 2.051 26.4157 1025 1711280.0 1958.2404 
7310000 3085 2298.69 5678.0 1.93 25.7964 1026 1714355.0 1922.1164 
7320000 3088 2330.895 5686.0 1.978 26.1635 1027 1716312.0 1877.6047 
7330000 3092 2378.149 5691.0 1.92 26.7037 1029 1718168.0 1882.6898 
7340000 3096 2342.427 5692.0 1.79 26.3059 1030 1719004.0 1778.1209 
7350000 3101 2363.34 5698.0 1.736 26.5345 1032 1721799.0 1710.1079 
7360000 3106 2329.244 5693.0 1.473 26.1467 1033 1721794.0 1538.7971 
7370000 3110 2312.08 5701.0 1.512 25.9486 1035 1724110.0 1459.4557 
7380000 3114 2346.03 5708.0 1.511 26.3231 1036 1725966.0 1451.2101 
7390000 3118 2333.301 5715.0 1.452 26.1742 1037 1727802.0 1377.7891 
7400000 3122 2375.468 5714.0 1.412 26.6455 1039 1728038.0 1281.0392 
7410000 3127 2353.45 5736.0 1.709 26.4041 1040 1731013.0 1260.6352 
7420000 3132 2317.939 5744.0 1.663 26.0137 1042 1732668.0 1351.5445 
7430000 3136 2304.919 5755.0 1.784 25.8651 1043 1734284.0 1336.0901 
7440000 3139 2339.471 5752.0 1.62 26.2507 1044 1734281.0 1250.1811 
7450000 3144 2359.068 5772.0 1.799 26.4655 1046 1738476.0 1198.0767 
7460000 3149 2322.092 5817.0 2.531 26.0432 1048 1742291.0 1533.8721 
7470000 3153 2337.222 5824.0 2.468 26.2088 1049 1743767.0 1528.1849 
7480000 3159 2236.711 5837.0 2.28 25.0788 1051 1747401.0 1379.0598 
7490000 3162 2272.236 5840.0 2.361 25.4766 1052 1749058.0 1448.8538 
7500000 3167 2257.747 5839.0 2.077 25.3128 1054 1750653.0 1402.4016 
7510000 3171 2300.137 5850.0 2.168 25.7916 1055 1753049.0 1413.8614 
7520000 3175 2328.997 5852.0 2.022 26.1275 1056 1754665.0 1440.1753 
7530000 3179 2295.393 5867.0 1.979 25.7559 1058 1759181.0 1542.772 
7540000 3183 2361.61 5864.0 1.956 26.5133 1059 1759577.0 1594.1948 
7550000 3187 2336.492 5868.0 1.841 26.2384 1060 1761373.0 1558.4753 
7560000 3190 2382.599 5871.0 1.812 26.763 1061 1763190.0 1506.3278 
7570000 3194 2432.009 5868.0 1.631 27.3294 1063 1763586.0 1416.1555 
7580000 3201 2299.136 5870.0 1.46 25.839 1065 1765799.0 1209.1159 
7590000 3204 2334.197 5880.0 1.568 26.236 1066 1768876.0 1551.9044 
7600000 3208 2374.774 5892.0 1.686 26.6967 1067 1771472.0 1396.4139 
7610000 3211 2391.196 5895.0 1.648 26.8848 1068 1773029.0 1516.4725 
7620000 3217 2342.666 5899.0 1.542 26.3404 1070 1775323.0 1384.1727 
7630000 3220 2346.474 5902.0 1.472 26.3769 1071 1776720.0 1459.4555 
7640000 3224 2419.459 5901.0 1.378 27.1907 1073 1777816.0 1417.5889 
7650000 3227 2419.181 5900.0 1.278 27.1917 1074 1778333.0 1327.53 
7660000 3233 2372.81 5910.0 1.319 26.6754 1076 1782667.0 1485.5293 
7670000 3237 2393.359 5919.0 1.393 26.9116 1077 1784803.0 1550.6764 
7680000 3241 2361.031 5935.0 1.415 26.5512 1078 1787659.0 1559.3088 
7690000 3245 2394.848 5935.0 1.475 26.9367 1080 1788835.0 1490.2701 
7700000 3248 2421.421 5938.0 1.45 27.2396 1081 1789512.0 1408.9431 
7710000 3253 2410.177 5963.0 1.656 27.1144 1082 1794887.0 1537.7488 
7720000 3258 2368.973 5958.0 1.53 26.6479 1084 1794882.0 1486.2065 
7730000 3261 2402.624 5960.0 1.381 27.0194 1085 1796019.0 1337.2859 
7740000 3266 2377.811 5972.0 1.584 26.7298 1087 1797114.0 1295.2315 
7750000 3269 2414.514 5982.0 1.609 27.1359 1088 1799651.0 1237.4084 
7760000 3273 2459.373 5978.0 1.482 27.6346 1089 1799647.0 1295.3676 
7770000 3277 2470.261 5987.0 1.547 27.7502 1090 1802003.0 1247.5308 
7780000 3280 2515.891 5997.0 1.648 28.2746 1091 1804280.0 1374.4777 
7790000 3283 2549.246 6002.0 1.649 28.6544 1092 1806117.0 1366.7299 
7800000 3288 2511.967 6010.0 1.61 28.2408 1094 1808572.0 1466.0813 
7810000 3292 2505.511 6015.0 1.621 28.173 1095 1810888.0 1453.1731 
7820000 3296 2511.85 6017.0 1.535 28.2485 1097 1811784.0 1401.5002 
7830000 3299 2517.533 6025.0 1.601 28.314 1098 1813361.0 1419.0502 
7840000 3303 2504.466 6039.0 1.748 28.1673 1099 1816237.0 1564.8452 
7850000 3307 2523.879 6041.0 1.651 28.3888 1100 1818653.0 1518.0607 
7860000 3312 2506.875 6046.0 1.592 28.2021 1102 1820648.0 1427.8591 
7870000 3317 2447.058 6053.0 1.574 27.5313 1104 1821683.0 1364.7959 
7880000 3322 2399.418 6060.0 1.565 26.9973 1105 1823518.0 1236.0163 
7890000 3326 2425.634 6065.0 1.544 27.294 1107 1824754.0 1283.0032 
7900000 3330 2389.147 6075.0 1.585 26.885 1108 1826990.0 1232.4029 
7910000 3334 2408.262 6082.0 1.642 27.1022 1109 1829306.0 1254.8626 
7920000 3338 2428.299 6082.0 1.514 27.3321 1111 1830422.0 1336.6687 
7930000 3341 2458.018 6079.0 1.366 27.6592 1112 1830419.0 1202.7018 
7940000 3345 2486.143 6075.0 1.182 27.9813 1113 1830415.0 1082.1317 
7950000 3348 2510.482 6072.0 1.054 28.2584 1114 1830412.0 973.6185 
7960000 3352 2540.715 6071.0 0.951 28.6032 1115 1830648.0 899.9566 
7970000 3356 2522.195 6088.0 1.205 28.3959 1117 1833164.0 973.9949 
7980000 3360 2522.299 6099.0 1.32 28.3979 1118 1835280.0 1088.2954 
7990000 3367 2398.492 6111.0 1.363 27.0049 1120 1839053.0 1247.5493 
8000000 3371 2405.906 6114.0 1.317 27.0885 1122 1840229.0 1124.5449 
8010000 3375 2355.935 6131.0 1.505 26.5263 1123 1843545.0 1241.7904 
8020000 3379 2395.679 6134.0 1.487 26.9771 1124 1845121.0 1219.3114 
8030000 3383 2420.815 6141.0 1.51 27.2608 1126 1846297.0 1247.2722 
8040000 3386 2438.057 6146.0 1.518 27.4561 1127 1848574.0 1350.245 
8050000 3390 2469.907 6146.0 1.363 27.8167 1128 1849710.0 1214.9205 
8060000 3394 2454.241 6149.0 1.354 27.6419 1129 1851706.0 1259.1284 
8070000 3398 2472.512 6156.0 1.384 27.8502 1131 1853562.0 1338.524 
8080000 3405 2342.5 6163.0 1.298 26.3855 1133 1854535.0 1165.0345 
8090000 3408 2386.006 6178.0 1.359 26.8772 1134 1858172.0 1164.231 
8100000 3412 2424.319 6185.0 1.563 27.3084 1135 1860168.0 1311.5079 
8110000 3416 2419.933 6210.0 1.955 27.2575 1137 1863264.0 1537.9514 
8120000 3421 2383.29 6225.0 2.053 26.8446 1138 1865419.0 1567.8563 
8130000 3425 2362.547 6246.0 2.3 26.6103 1140 1870095.0 1745.3936 
8140000 3429 2400.244 6250.0 2.157 27.0366 1141 1871431.0 1688.5542 
8150000 3432 2443.18 6259.0 2.126 27.5225 1142 1874408.0 1699.3988 
8160000 3437 2415.389 6267.0 2.182 27.2094 1144 1877303.0 1767.143 
8170000 3440 2457.317 6272.0 2.149 27.6832 1145 1879140.0 1774.1287 
8180000 3443 2466.136 6276.0 2.101 27.7825 1146 1880657.0 1748.4159 
8190000 3448 2452.169 6298.0 2.244 27.6236 1147 1886772.0 1897.2743 
8200000 3451 2480.622 6295.0 2.13 27.9458 1148 1886769.0 1995.2468 
8210000 3455 2486.329 6311.0 2.28 28.0095 1150 1890285.0 1957.1799 
8220000 3460 2479.614 6317.0 2.162 27.9342 1151 1894980.0 1911.1619 
8230000 3463 2516.014 6324.0 2.189 28.3474 1152 1898977.0 2319.7458 
8240000 3466 2558.768 6321.0 2.002 28.8351 1153 1898974.0 2207.4712 
8250000 3470 2551.374 6326.0 1.942 28.7518 1155 1901430.0 2020.4817 
8260000 3473 2566.963 6335.0 1.946 28.926 1156 1903287.0 1980.1335 
8270000 3477 2574.911 6341.0 1.97 29.015 1157 1906523.0 1997.8201 
8280000 3480 2622.658 6348.0 1.855 29.5542 1158 1910520.0 1929.7381 
8290000 3487 2492.232 6351.0 1.791 28.0843 1160 1912953.0 2017.3179 
8300000 3490 2539.661 6353.0 1.725 28.6193 1161 1914730.0 1961.2861 
8310000 3493 2563.101 6350.0 1.565 28.8837 1162 1914727.0 1942.8575 
8320000 3497 2573.611 6354.0 1.521 29.0028 1164 1915843.0 1685.1446 
8330000 3503 2442.699 6356.0 1.383 27.5245 1166 1916877.0 1459.5971 
8340000 3508 2439.34 6369.0 1.501 27.4862 1167 1923112.0 1649.3374 
8350000 3511 2452.57 6377.0 1.57 27.6343 1168 1925009.0 1772.1036 
8360000 3517 2363.004 6388.0 1.576 26.6234 1170 1926883.0 1713.834 
8370000 3521 2391.803 6392.0 1.548 26.9488 1172 1928579.0 1629.6355 
8380000 3524 2422.482 6396.0 1.534 27.2931 1173 1930816.0 1690.372 
8390000 3528 2442.375 6408.0 1.59 27.516 1174 1933172.0 1733.0348 
8400000 3533 2430.227 6432.0 1.959 27.3745 1176 1936727.0 1771.5882 
8410000 3537 2428.899 6446.0 1.979 27.3583 1177 1939623.0 1798.1293 
8420000 3541 2442.564 6447.0 1.94 27.5131 1178 1941159.0 1704.0164 
8430000 3545 2443.83 6463.0 2.104 27.527 1180 1943535.0 1756.2833 
8440000 3548 2475.357 6466.0 2.039 27.8824 1181 1945712.0 1798.355 
8450000 3552 2466.214 6469.0 1.937 27.7828 1182 1948508.0 1898.2195 
8460000 3557 2418.074 6478.0 1.929 27.2393 1184 1952363.0 1911.7878 
8470000 3561 2437.504 6488.0 1.852 27.4583 1185 1954859.0 1784.309 
8480000 3564 2463.166 6490.0 1.9 27.7486 1186 1955916.0 1791.5781 
8490000 3568 2459.858 6496.0 1.79 27.7134 1187 1958572.0 1784.1203 
8500000 3573 2457.133 6508.0 1.921 27.684 1189 1960327.0 1776.5674 
8510000 3576 2480.121 6507.0 1.75 27.9438 1190 1960964.0 1622.6107 
8520000 3580 2523.009 6504.0 1.593 28.4274 1191 1961360.0 1524.0496 
8530000 3583 2540.051 6505.0 1.519 28.6193 1192 1963157.0 1411.3447 
8540000 3589 2467.421 6509.0 1.425 27.7991 1194 1964951.0 1452.6192 
8550000 3594 2409.029 6509.0 1.288 27.1406 1196 1965386.0 1248.8515 
8560000 3598 2428.939 6511.0 1.23 27.3648 1197 1967182.0 1123.6664 
8570000 3602 2393.014 6512.0 1.136 26.9593 1199 1968218.0 1135.5998 
8580000 3607 2381.254 6528.0 1.214 26.8143 1200 1970533.0 1191.7398 
8590000 3612 2321.507 6544.0 1.424 26.1341 1202 1973508.0 1148.1392 
8600000 3620 2186.795 6555.0 1.531 24.6157 1205 1977960.0 1433.8205 
8610000 3625 2157.606 6579.0 1.835 24.2868 1206 1982495.0 1552.1384 
8620000 3630 2144.845 6583.0 1.714 24.1458 1208 1985770.0 1669.4621 
8630000 3634 2185.143 6597.0 1.884 24.5996 1209 1989026.0 1876.2159 
8640000 3637 2226.613 6605.0 1.933 25.0679 1210 1993123.0 1728.2943 
8650000 3641 2224.044 6604.0 1.765 25.0407 1212 1994259.0 1882.3484 
8660000 3645 2267.808 6615.0 1.84 25.5362 1213 1996235.0 1891.8136 
8670000 3649 2301.877 6631.0 2.015 25.9192 1214 1999371.0 1814.3322 
8680000 3653 2282.235 6629.0 1.821 25.6995 1216 1999527.0 1666.8391 
8690000 3657 2309.507 6636.0 1.758 26.0115 1217 2002323.0 1755.8552 
8700000 3661 2328.014 6655.0 1.911 26.2184 1218 2007379.0 1695.9697 
8710000 3665 2368.314 6654.0 1.874 26.6748 1220 2008315.0 1830.3654 
8720000 3671 2291.136 6671.0 1.977 25.803 1222 2010509.0 1686.226 
8730000 3676 2224.805 6682.0 1.998 25.0474 1223 2014524.0 1781.3034 
8740000 3680 2233.97 6694.0 2.076 25.1402 1225 2015920.0 1706.4858 
8750000 3685 2248.619 6696.0 1.918 25.2943 1226 2017795.0 1543.5372 
8760000 3691 2179.733 6714.0 2.053 24.5074 1228 2020489.0 1498.2951 
8770000 3694 2224.856 6716.0 1.873 25.0123 1229 2022486.0 1528.1656 
8780000 3700 2154.424 6717.0 1.693 24.2135 1231 2024140.0 1485.2441 
8790000 3705 2157.903 6737.0 1.738 24.2444 1233 2027975.0 1541.8778 
8800000 3708 2207.888 6739.0 1.924 24.7994 1234 2028552.0 1569.39 
8810000 3713 2190.891 6768.0 2.306 24.6139 1236 2032667.0 1675.8359 
8820000 3716 2244.068 6765.0 2.111 25.2192 1237 2032664.0 1507.9523 
8830000 3721 2261.805 6777.0 2.14 25.426 1238 2035139.0 1580.8571 
8840000 3724 2305.21 6777.0 2.015 25.9205 1239 2035376.0 1446.4714 
8850000 3728 2304.928 6791.0 2.096 25.9188 1241 2038112.0 1386.6718 
8860000 3732 2346.802 6797.0 2.032 26.3975 1242 2042108.0 1407.7046 
8870000 3736 2363.573 6806.0 2.102 26.5909 1243 2045644.0 1826.6342 
8880000 3739 2382.163 6828.0 2.253 26.8103 1244 2052701.0 1823.6707 
8890000 3743 2422.81 6837.0 2.406 27.2731 1246 2057897.0 2572.6033 
8900000 3747 2430.233 6855.0 2.449 27.3597 1247 2061813.0 2551.043 
8910000 3751 2452.396 6851.0 2.294 27.6135 1248 2061809.0 2451.6387 
8920000 3755 2417.805 6865.0 2.385 27.2232 1250 2066345.0 2418.6573 
8930000 3760 2407.83 6869.0 2.229 27.1047 1251 2069360.0 2478.4916 
8940000 3763 2412.622 6884.0 2.393 27.1488 1252 2071877.0 2286.3424 
8950000 3770 2331.079 6888.0 2.149 26.2182 1255 2073070.0 1936.6906 
8960000 3775 2288.845 6892.0 1.964 25.7338 1256 2074605.0 1776.7216 
8970000 3779 2277.528 6911.0 2.234 25.5967 1258 2078241.0 1900.3745 
8980000 3784 2285.49 6911.0 2.018 25.678 1259 2079436.0 1822.037 
8990000 3788 2294.447 6930.0 2.229 25.7684 1261 2084952.0 2020.68 
9000000 3793 2247.927 6949.0 2.311 25.2402 1262 2089647.0 1900.312 
9010000 3797 2281.289 6947.0 2.169 25.6102 1264 2089803.0 1903.8827 
9020000 3803 2226.197 6952.0 2.018 24.9878 1266 2092317.0 1785.375 
9030000 3807 2221.921 6960.0 1.977 24.9356 1267 2094353.0 1714.5375 
9040000 3811 2257.008 6971.0 2.076 25.333 1268 2107009.0 1910.7837 
9050000 3815 2265.086 6973.0 1.858 25.4332 1269 2107425.0 2713.3054 
9060000 3819 2300.336 6978.0 1.905 25.837 1271 2109741.0 2466.2074 
9070000 3822 2340.888 6978.0 1.792 26.3018 1272 2111058.0 2351.2866 
9080000 3827 2334.981 7001.0 2.067 26.2321 1273 2115333.0 2423.858 
9090000 3834 2207.754 7011.0 1.987 24.795 1276 2117626.0 2086.1794 
9100000 3839 2182.323 7030.0 2.103 24.5056 1277 2119861.0 2021.2615 
9110000 3843 2188.541 7033.0 2.054 24.5711 1279 2120417.0 1762.2518 
9120000 3849 2151.43 7057.0 2.283 24.1466 1281 2125091.0 1873.054 
9130000 3853 2179.56 7069.0 2.34 24.4594 1282 2127387.0 1907.4486 
9140000 3858 2100.133 7072.0 2.157 23.5682 1284 2128602.0 1664.8633 
9150000 3864 2084.615 7087.0 2.22 23.4032 1286 2130816.0 1576.3693 
9160000 3868 2133.506 7097.0 2.242 23.96 1287 2133092.0 1646.4324 
9170000 3872 2172.168 7114.0 2.396 24.4003 1288 2136348.0 1639.4891 
9180000 3875 2183.745 7126.0 2.488 24.5342 1289 2138685.0 1691.2402 
9190000 3879 2225.788 7132.0 2.415 25.0141 1291 2140961.0 1764.7346 
9200000 3884 2230.927 7141.0 2.226 25.0768 1292 2143396.0 1595.9611 
9210000 3888 2265.965 7144.0 2.241 25.4651 1294 2144712.0 1624.9585 
9220000 3893 2240.942 7168.0 2.489 25.1714 1295 2149687.0 1844.1627 
9230000 3896 2270.445 7165.0 2.283 25.4994 1296 2149684.0 1775.4464 
9240000 3902 2217.587 7161.0 1.948 24.8995 1298 2150678.0 1437.5416 
9250000 3906 2237.69 7170.0 1.974 25.1199 1300 2152614.0 1447.8387 
9260000 3911 2205.421 7203.0 2.424 24.758 1301 2157749.0 1540.7548 
9270000 3914 2245.424 7204.0 2.303 25.2029 1302 2159206.0 1662.3793 
9280000 3919 2263.201 7206.0 2.121 25.3978 1304 2169121.0 2469.2573 
9290000 3922 2309.281 7211.0 2.017 25.912 1305 2171998.0 2350.0315 
9300000 3926 2336.366 7212.0 1.858 26.2125 1306 2173554.0 2274.7284 
9310000 3930 2360.376 7215.0 1.866 26.4807 1307 2175410.0 2254.9555 
9320000 3933 2377.206 7230.0 2.006 26.6653 1308 2178367.0 2245.16 
9330000 3940 2283.346 7233.0 1.839 25.619 1311 2179640.0 1931.8486 
9340000 3944 2300.452 7244.0 1.911 25.8204 1312 2182856.0 2060.3638 
9350000 3947 2326.764 7246.0 1.838 26.1242 1313 2184133.0 1982.0274 
9360000 3952 2304.455 7249.0 1.605 25.8768 1315 2186568.0 1668.8722 
9370000 3956 2332.334 7253.0 1.675 26.1894 1316 2188404.0 1681.685 
9380000 3959 2388.283 7250.0 1.518 26.8132 1317 2188401.0 1697.2165 
9390000 3962 2410.191 7253.0 1.486 27.062 1318 2190058.0 1693.1948 
9400000 3967 2380.464 7266.0 1.606 26.7381 1320 2191793.0 1544.9178 
9410000 3970 2428.346 7266.0 1.51 27.2821 1321 2193110.0 1522.126 
9420000 3975 2418.209 7286.0 1.598 27.1753 1322 2197805.0 1507.6134 
9430000 3979 2423.971 7293.0 1.761 27.2435 1324 2200341.0 1768.5969 
9440000 3984 2382.141 7291.0 1.496 26.7783 1325 2201356.0 1591.4372 
9450000 3988 2361.59 7301.0 1.634 26.5491 1327 2204332.0 1671.8941 
9460000 3994 2322.717 7313.0 1.681 26.115 1329 2206986.0 1607.6642 
9470000 3997 2355.756 7326.0 1.839 26.4875 1330 2208263.0 1574.5978 
9480000 4001 2384.811 7338.0 1.93 26.8161 1331 2209759.0 1542.838 
9490000 4006 2348.38 7338.0 1.744 26.4092 1333 2210034.0 1296.3288 
9500000 4010 2356.183 7344.0 1.728 26.5 1334 2213110.0 1294.3959 
9510000 4013 2389.518 7341.0 1.568 26.8785 1335 2213107.0 1344.6563 
9520000 4017 2405.095 7363.0 1.663 27.0537 1336 2217223.0 1277.8907 
9530000 4022 2364.43 7364.0 1.727 26.5993 1338 2218238.0 1446.1215 
9540000 4026 2387.198 7364.0 1.592 26.8583 1339 2219694.0 1447.2093 
9550000 4031 2366.803 7374.0 1.574 26.6295 1341 2222349.0 1383.2695 
9560000 4036 2292.706 7397.0 1.909 25.7937 1343 2226104.0 1513.6783 
9570000 4040 2307.202 7427.0 2.346 25.9566 1344 2232280.0 1810.0105 
9580000 4043 2360.735 7427.0 2.21 26.5662 1345 2232517.0 1798.7095 
9590000 4048 2356.731 7447.0 2.376 26.5251 1347 2235732.0 1785.5847 
9600000 4051 2384.609 7461.0 2.455 26.8408 1348 2240289.0 1942.7262 
9610000 4055 2403.112 7489.0 2.589 27.0514 1349 2245925.0 2212.1536 
9620000 4059 2433.167 7493.0 2.731 27.39 1350 2246881.0 2218.6382 
9630000 4066 2264.713 7514.0 2.559 25.4937 1353 2250994.0 1929.1343 
9640000 4070 2303.131 7516.0 2.49 25.9278 1354 2253430.0 1895.9208 
9650000 4075 2277.566 7531.0 2.653 25.6385 1356 2256425.0 2045.9259 
9660000 4078 2287.833 7545.0 2.675 25.7564 1357 2263222.0 2321.0333 
9670000 4083 2321.276 7570.0 2.953 26.1346 1358 2267637.0 2556.63 
9680000 4089 2250.549 7579.0 2.824 25.3259 1360 2270691.0 2502.5003 
9690000 4094 2203.423 7594.0 2.829 24.7855 1362 2274066.0 2274.0552 
9700000 4099 2171.346 7602.0 2.728 24.4143 1364 2277401.0 2264.6147 
9710000 4103 2203.646 7621.0 2.595 24.767 1365 2280577.0 2263.8533 
9720000 4108 2184.496 7641.0 2.998 24.5429 1367 2281572.0 2011.5511 
9730000 4112 2188.47 7645.0 2.844 24.5826 1368 2283628.0 2016.096 
9740000 4117 2220.129 7664.0 2.937 24.9313 1370 2287343.0 1982.8678 
9750000 4123 2117.51 7676.0 2.806 23.7732 1372 2289277.0 1748.1529 
9760000 4128 2148.102 7677.0 2.572 24.1099 1373 2289912.0 1677.0376 
9770000 4131 2165.352 7687.0 2.521 24.3013 1374 2293489.0 1509.0338 
9780000 4138 2112.855 7699.0 2.512 23.7044 1377 2297622.0 1781.9727 
9790000 4144 2030.496 7705.0 2.34 22.7773 1379 2300096.0 1674.0279 
9800000 4148 2089.155 7729.0 2.394 23.4376 1380 2303232.0 1680.3251 
9810000 4153 2068.908 7739.0 2.578 23.2055 1382 2305067.0 1658.4933 
9820000 4157 2115.045 7739.0 2.378 23.7198 1383 2306383.0 1624.344 
9830000 4160 2159.904 7736.0 2.179 24.226 1384 2306380.0 1461.6096 
9840000 4165 2184.138 7739.0 2.027 24.495 1386 2308095.0 1353.7338 
9850000 4170 2138.39 7743.0 1.895 23.9786 1387 2310310.0 1270.0604 
9860000 4174 2175.003 7744.0 1.786 24.3851 1389 2311886.0 1336.1789 
9870000 4178 2184.003 7766.0 1.975 24.4849 1390 2314862.0 1362.261 
9880000 4183 2199.341 7773.0 2.02 24.668 1392 2316997.0 1441.0614 
9890000 4187 2221.372 7791.0 2.215 24.9227 1393 2322353.0 1832.6553 
9900000 4190 2261.072 7793.0 2.065 25.3756 1394 2323390.0 1729.0898 
9910000 4194 2301.885 7796.0 2.017 25.8421 1395 2323946.0 1635.8808 
9920000 4197 2328.816 7806.0 1.98 26.1503 1396 2327183.0 1471.9927 
9930000 4201 2357.415 7809.0 1.998 26.4786 1398 2329199.0 1685.3441 
9940000 4204 2391.421 7809.0 1.822 26.8664 1399 2329436.0 1516.5097 
9950000 4208 2437.04 7815.0 1.856 27.3847 1400 2332432.0 1504.5587 
9960000 4213 2354.343 7823.0 1.808 26.4594 1402 2334987.0 1584.5226 
9970000 4218 2361.405 7835.0 1.861 26.5442 1403 2339502.0 1835.7703 
9980000 4222 2345.629 7841.0 1.854 26.3665 1405 2341778.0 1788.2039 
9990000 4226 2373.644 7855.0 1.981 26.6754 1406 2343214.0 1753.0835 
10000000 4229 2394.249 7867.0 2.1 26.9097 1407 2346131.0 1689.4752 
