10000 12 171.718 -60.993 -1.049 0.7651 0 0 0 
20000 24 313.447 -115.623 -1.881 1.3887 0 0 0 
30000 51 346.967 -138.806 -1.423 1.9712 0 0 0 
40000 62 462.063 -141.96 -1.194 2.9354 0 0 0 
50000 72 552.683 -144.415 -1.023 3.6715 0 0 0 
60000 82 634.51 -147.76 -0.9 4.3472 0 0 0 
70000 95 681.688 -158.453 -0.882 4.7658 0 0 0 
80000 116 592.903 -192.337 -0.832 4.187 0 0 0 
90000 168 317.158 -249.924 -1.116 2.2751 0 0 0 
100000 194 335.845 -363.675 -2.303 2.4376 0 0 0 
110000 240 260.794 -557.589 -3.091 1.9209 0 0 0 
120000 261 337.82 -667.31 -3.985 2.503 0 0 0 
130000 299 299.302 -735.752 -2.735 2.2206 0 0 0 
140000 329 316.097 -864.142 -3.619 2.3358 0 0 0 
150000 356 338.327 -969.563 -3.845 2.4968 0 0 0 
160000 386 332.281 -1047.536 -3.425 2.4502 0 0 0 
170000 407 373.308 -1131.481 -3.594 2.7659 0 0 0 
180000 448 288.511 -1234.718 -3.111 2.1403 0 0 0 
190000 473 334.073 -1398.51 -4.212 2.461 0 0 0 
200000 499 342.569 -1576.143 -4.809 2.5365 0 0 0 
210000 524 372.103 -1700.459 -5.387 2.7296 0 0 0 
220000 561 322.023 -1788.799 -3.763 2.356 0 0 0 
230000 591 312.212 -1972.582 -4.761 2.2863 0 0 0 
240000 624 315.221 -2091.206 -4.497 2.3112 0 0 0 
250000 659 291.554 -2147.829 -2.882 2.1412 0 0 0 
260000 700 257.474 -2326.612 -3.601 1.8965 0 0 0 
270000 730 296.327 -2384.507 -2.823 2.1807 0 0 0 
280000 766 282.638 -2445.61 -2.333 2.0879 0 0 0 
290000 809 254.437 -2496.132 -1.666 1.8578 0 0 0 
300000 835 308.223 -2604.576 -2.675 2.2251 0 0 0 
310000 878 249.041 -2725.029 -2.804 1.8004 0 0 0 
320000 925 239.647 -2869.148 -3.491 1.7272 0 0 0 
330000 946 322.737 -3019.117 -4.598 2.3341 0 0 0 
340000 979 298.685 -3164.079 -4.15 2.1946 0 0 0 
350000 1012 296.288 -3230.149 -3.205 2.1935 0 0 0 
360000 1032 363.595 -3299.796 -3.328 2.6905 0 0 0 
370000 1056 386.661 -3363.393 -2.936 2.8602 0 0 0 
380000 1088 345.115 -3411.339 -2.139 2.5616 0 0 0 
390000 1117 340.386 -3458.966 -1.996 2.5217 0 0 0 
400000 1156 301.381 -3507.013 -1.577 2.2264 0 0 0 
410000 1182 324.986 -3552.973 -1.75 2.3926 0 0 0 
420000 1199 387.364 -3588.991 -1.784 2.8547 0 0 0 
430000 1227 362.781 -3661.979 -2.067 2.6801 0 0 0 
440000 1255 361.317 -3690.194 -1.54 2.6717 0 0 0 
450000 1298 278.519 -3802.733 -1.597 2.062 0 0 0 
460000 1326 317.728 -3831.855 -1.707 2.3416 0 0 0 
470000 1342 395.735 -3828.864 -1.219 2.9163 0 0 0 
480000 1359 453.749 -3914.3 -2.411 3.3537 0 0 0 
490000 1378 470.3 -3949.134 -2.318 3.4761 0 0 0 
500000 1425 327.304 -4003.292 -1.559 2.4065 0 0 0 
510000 1458 311.395 -4099.69 -2.37 2.2744 0 0 0 
520000 1489 307.469 -4172.759 -2.295 2.2351 0 0 0 
530000 1517 320.145 -4197.16 -1.647 2.3148 0 0 0 
540000 1543 350.034 -4201.565 -1.049 2.5465 0 0 0 
550000 1572 334.459 -4241.553 -1.094 2.4512 0 0 0 
560000 1598 348.034 -4248.192 -0.837 2.5316 0 0 0 
570000 1622 369.92 -4307.849 -1.374 2.6794 0 0 0 
580000 1647 384.148 -4322.503 -1.041 2.7693 0 0 0 
590000 1674 374.028 -4364.504 -1.348 2.6941 0 0 0 
600000 1699 377.969 -4501.928 -2.416 2.7166 0 0 0 
610000 1718 428.852 -4517.885 -2.198 3.0763 0 0 0 
620000 1744 397.272 -4586.319 -2.341 2.8777 0 0 0 
630000 1768 415.858 -4638.518 -2.226 3.0248 0 0 0 
640000 1793 404.862 -4641.331 -1.366 2.9506 0 0 0 
650000 1819 402.323 -4687.026 -1.54 2.9327 0 0 0 
660000 1854 332.994 -4815.94 -2.272 2.4337 0 0 0 
670000 1891 286.254 -4850.177 -1.582 2.1011 0 0 0 
680000 1927 274.12 -4895.539 -1.44 2.0129 0 0 0 
690000 1958 287.647 -4934.354 -1.46 2.116 0 0 0 
700000 1993 291.97 -4938.677 -0.745 2.1416 0 0 0 
710000 2015 353.133 -4991.797 -1.447 2.6122 0 0 0 
720000 2044 341.484 -5039.145 -1.57 2.5161 0 0 0 
730000 2077 318.891 -5044.976 -0.917 2.3426 0 0 0 
740000 2094 389.204 -5044.487 -0.702 2.8448 0 0 0 
750000 2112 440.362 -5080.461 -1.11 3.2032 0 0 0 
760000 2134 445.762 -5093.865 -1.029 3.243 0 0 0 
770000 2167 379.388 -5108.469 -0.639 2.7642 0 0 0 
780000 2190 397.649 -5159.068 -1.098 2.886 0 0 0 
790000 2218 374.2 -5217.342 -1.374 2.7144 0 0 0 
800000 2263 281.145 -5244.929 -1.024 2.0372 0 0 0 
810000 2311 236.984 -5294.911 -1.151 1.6996 0 0 0 
820000 2346 265.298 -5290.054 -0.471 1.8832 0 0 0 
830000 2372 317.78 -5286.66 -0.245 2.2382 0 0 0 
840000 2399 327.442 -5288.143 -0.141 2.3251 0 0 0 
850000 2419 388.708 -5321.492 -0.591 2.8026 0 0 0 
860000 2445 385.256 -5318.433 -0.317 2.7962 0 0 0 
870000 2480 324.322 -5314.589 -0.113 2.3661 0 0 0 
880000 2525 262.372 -5297.625 0.241 1.9258 0 0 0 
890000 2547 336.199 -5323.293 -0.284 2.4587 0 0 0 
900000 2592 266.48 -5339.093 -0.508 1.9492 0 0 0 
910000 2620 298.218 -5369.721 -0.834 2.1669 0 0 0 
920000 2663 267.014 -5402.334 -0.708 1.9352 0 0 0 
930000 2693 307.298 -5393.675 -0.24 2.2188 0 0 0 
940000 2728 287.169 -5406.551 -0.184 2.0729 0 0 0 
950000 2768 257.528 -5441.37 -0.712 1.8591 0 0 0 
960000 2813 235.109 -5441.726 -0.244 1.6984 0 0 0 
970000 2847 271.427 -5448.181 -0.239 1.9605 0 0 0 
980000 2904 203.38 -5490.379 -0.635 1.4783 0 0 0 
990000 2944 223.367 -5528.778 -0.685 1.6288 0 0 0 
1000000 3003 169.25 -5521.414 -0.215 1.2495 0 0 0 
1010000 3049 186.927 -5486.13 0.284 1.3782 0 0 0 
1020000 3093 214.946 -5471.212 0.427 1.5591 0 0 0 
1030000 3138 212.123 -5481.206 0.156 1.5416 0 0 0 
1040000 3174 251.768 -5458.79 0.509 1.8257 0 0 0 
1050000 3220 230.334 -5407.433 0.941 1.6535 0 0 0 
1060000 3270 219.34 -5383.133 0.609 1.5673 0 0 0 
1070000 3322 192.801 -5353.657 0.604 1.379 0 0 0 
1080000 3364 214.288 -5278.215 1.158 1.5313 0 0 0 
1090000 3416 205.038 -5328.001 -0.125 1.4736 0 0 0 
1100000 3471 183.833 -5321.123 0.18 1.312 0 0 0 
1110000 3532 157.611 -5354.676 -0.308 1.1476 0 0 0 
1120000 3586 164.167 -5388.134 -0.248 1.1918 0 0 0 
1130000 3650 164.677 -5357.878 0.268 1.1831 0 0 0 
1140000 3710 166.686 -5371.215 -0.317 1.2162 0 0 0 
1150000 3773 157.563 -5311.436 0.489 1.1587 0 0 0 
1160000 3843 149.503 -5347.313 -0.964 1.103 0 0 0 
1170000 3913 139.549 -5319.372 -0.104 1.0387 0 0 0 
1180000 3965 176.566 -5283.313 0.464 1.3013 0 0 0 
1190000 4057 102.665 -5222.474 0.448 0.7682 0 0 0 
1200000 4106 166.999 -5248.353 0.247 1.2483 0 0 0 
1210000 4168 162.745 -5213.509 0.226 1.2183 0 0 0 
1220000 4210 189.888 -5183.24 0.486 1.4031 0 0 0 
1230000 4282 143.272 -5198.225 0.276 1.0632 0 0 0 
1240000 4327 172.484 -5237.965 -0.16 1.2689 0 0 0 
1250000 4397 141.53 -5216.622 0.239 1.0842 0 0 0 
1260000 4451 163.315 -5268.76 -0.274 1.2168 0 0 0 
1270000 4510 160.197 -5261.757 0.075 1.1834 0 0 0 
1280000 4569 168.863 -5211.107 0.645 1.2502 0 0 0 
1290000 4608 205.751 -5201.239 0.252 1.5307 0 0 0 
1300000 4655 216.236 -5176.04 0.472 1.6137 0 0 0 
1310000 4695 234.367 -5090.758 1.419 1.7331 0 0 0 
1320000 4740 211.786 -5041.41 1.195 1.5702 0 0 0 
1330000 4800 182.642 -4985.424 1.036 1.3629 0 0 0 
1340000 4865 170.379 -4951.351 0.677 1.2683 0 0 0 
1350000 4905 215.708 -4922.604 0.646 1.5879 0 0 0 
1360000 4950 215.205 -4873.457 0.912 1.5789 0 0 0 
1370000 4986 250.937 -4818.076 1.251 1.8294 0 0 0 
1380000 5050 181.933 -4731.217 1.276 1.3444 0 0 0 
1390000 5100 195.562 -4651.041 1.519 1.43 0 0 0 
1400000 5158 188.573 -4611.239 0.85 1.3757 0 0 0 
1410000 5197 215.36 -4579.118 0.857 1.5763 0 0 0 
1420000 5252 194.774 -4475.093 1.578 1.4214 0 0 0 
1430000 5310 169.649 -4407.075 1.239 1.254 0 0 0 
1440000 5365 170.782 -4339.297 1.118 1.265 0 0 0 
1450000 5437 140.498 -4296.24 0.834 1.0535 0 0 0 
1460000 5489 171.559 -4192.501 1.467 1.2758 0 0 0 
1470000 5539 195.412 -4192.201 -0.001 1.457 0 0 0 
1480000 5578 229.064 -4154.766 0.35 1.698 0 0 0 
1490000 5625 216.34 -4066.936 1.35 1.6011 0 0 0 
1500000 5677 201.588 -3947.197 1.993 1.4801 0 0 0 
1510000 5740 168.552 -3825.669 2.056 1.2398 0 0 0 
1520000 5805 153.529 -3709.249 1.837 1.1416 0 0 0 
1530000 5853 183.33 -3627.177 1.709 1.3516 0 0 0 
1540000 5928 146.806 -3495.053 1.897 1.0886 0 0 0 
1550000 5992 152.733 -3408.264 1.492 1.1161 0 0 0 
1560000 6046 170.311 -3315.449 1.507 1.2374 0 0 0 
1570000 6102 180.722 -3215.019 1.527 1.3401 0 0 0 
1580000 6179 143.715 -3127.107 1.097 1.0733 0 0 0 
1590000 6225 192.24 -3067.682 1.207 1.4186 0 0 0 
1600000 6283 179.32 -2970.006 1.551 1.3284 0 0 0 
1610000 6330 202.361 -2906.0 1.44 1.4876 0 0 0 
1620000 6375 219.71 -2821.253 1.562 1.6131 0 0 0 
1630000 6428 188.385 -2712.828 1.869 1.3897 0 0 0 
1640000 6481 181.752 -2610.763 1.811 1.3315 0 0 0 
1650000 6536 182.359 -2492.739 2.121 1.3292 0 0 0 
1660000 6601 157.224 -2383.93 1.719 1.1576 0 0 0 
1670000 6668 148.872 -2299.719 1.218 1.0959 0 0 0 
1680000 6730 155.338 -2206.144 1.428 1.1535 0 0 0 
1690000 6764 225.615 -2114.942 2.08 1.66 0 0 0 
1700000 6829 179.53 -1987.02 2.149 1.3254 0 0 0 
1710000 6876 195.955 -1865.71 2.38 1.4427 0 0 0 
1720000 6920 209.63 -1787.103 2.022 1.543 0 0 0 
1730000 6960 229.515 -1723.511 1.832 1.6927 0 0 0 
1740000 7001 238.259 -1595.796 2.483 1.7584 0 0 0 
1750000 7047 206.277 -1466.099 2.646 1.5274 0 0 0 
1760000 7099 192.69 -1344.028 2.349 1.4044 0 0 0 
1770000 7140 220.27 -1221.832 2.705 1.5845 0 0 0 
1780000 7186 224.214 -1063.343 3.207 1.6047 0 0 0 
1790000 7224 248.655 -957.621 3.0 1.772 0 0 0 
1800000 7272 227.1 -908.387 1.714 1.6402 0 0 0 
1810000 7322 204.605 -786.016 2.245 1.4979 0 0 0 
1820000 7376 187.029 -649.97 2.351 1.368 0 0 0 
1830000 7432 177.469 -499.277 2.631 1.2963 0 0 0 
1840000 7493 164.716 -346.286 2.375 1.2041 0 0 0 
1850000 7533 206.703 -323.467 1.805 1.506 0 0 0 
1860000 7578 218.018 -180.947 2.643 1.5926 0 0 0 
1870000 7612 252.212 -53.353 3.141 1.8219 0 0 0 
1880000 7662 222.975 131.857 3.698 1.6026 0 0 0 
1890000 7720 187.028 299.0 3.055 1.3599 0 0 0 
1900000 7767 199.168 437.903 2.923 1.4446 0 0 0 
1910000 7813 205.606 596.278 3.169 1.4867 0 0 0 
1920000 7870 187.62 781.103 3.207 1.3634 0 0 0 
1930000 7917 205.65 923.634 3.157 1.4697 0 0 0 
1940000 7961 214.158 1058.356 3.101 1.5352 0 0 0 
1950000 8011 200.513 1209.813 3.052 1.4514 0 0 0 
1960000 8062 197.128 1371.678 3.251 1.4357 0 0 0 
1970000 8109 207.189 1565.095 3.762 1.5066 0 0 0 
1980000 8165 180.746 1722.983 3.101 1.3181 0 0 0 
1990000 8205 218.54 1859.023 3.153 1.5928 0 0 0 
2000000 8254 210.499 2013.761 3.176 1.5349 0 0 0 
2010000 8307 197.742 2121.043 2.705 1.4462 0 0 0 
2020000 8358 194.054 2265.323 2.822 1.4155 0 0 0 
2030000 8405 205.64 2424.39 3.222 1.4983 0 0 0 
2040000 8453 211.075 2565.394 3.06 1.5346 0 0 0 
2050000 8497 227.349 2696.776 3.206 1.641 0 0 0 
2060000 8546 208.232 2897.592 3.768 1.5165 0 0 0 
2070000 8592 219.011 3045.576 3.536 1.5924 0 0 0 
2080000 8636 213.366 3234.725 3.837 1.5487 0 0 0 
2090000 8681 220.946 3431.468 4.178 1.5928 0 0 0 
2100000 8725 223.513 3633.93 4.407 1.6261 0 0 0 
2110000 8772 216.949 3814.902 4.123 1.58 0 0 0 
2120000 8813 232.211 3977.294 4.0 1.6773 0 0 0 
2130000 8850 249.606 4162.509 4.516 1.7876 0 0 0 
2140000 8903 216.481 4366.498 4.302 1.5527 0 0 0 
2150000 8954 203.77 4553.098 4.025 1.4584 0 0 0 
2160000 8990 242.367 4677.61 3.534 1.726 0 0 0 
2170000 9031 245.285 4864.277 4.104 1.7562 0 0 0 
2180000 9079 223.917 5054.316 3.982 1.6037 0 0 0 
2190000 9116 249.221 5206.647 3.955 1.7654 0 0 0 
2200000 9152 263.447 5372.055 4.31 1.8682 0 0 0 
2210000 9193 256.222 5523.701 3.798 1.8222 0 0 0 
2220000 9235 253.563 5662.335 3.458 1.8112 0 0 0 
2230000 9285 220.685 5874.929 3.975 1.5777 0 0 0 
2240000 9327 225.322 6013.582 3.551 1.6187 0 0 0 
2250000 9378 206.052 6200.005 3.691 1.4822 0 0 0 
2260000 9430 198.167 6383.173 3.711 1.4379 0 0 0 
2270000 9483 191.673 6582.093 3.799 1.3952 0 0 0 
2280000 9525 215.61 6766.522 4.046 1.5636 0 0 0 
2290000 9560 245.3 6912.612 3.939 1.8632 0 0 0 
2300000 9601 246.14 7094.119 4.281 1.8034 0 0 0 
2310000 9635 272.639 7290.842 5.071 1.956 0 0 0 
2320000 9673 264.887 7445.075 4.477 1.8858 0 0 0 
2330000 9717 238.745 7632.574 4.188 1.6967 0 0 0 
2340000 9761 237.617 7811.234 4.122 1.6871 0 0 0 
2350000 9804 231.42 8010.522 4.288 1.6385 0 0 0 
2360000 9855 199.685 8187.823 3.619 1.4311 0 0 0 
2370000 9898 207.664 8350.042 3.729 1.4911 0 0 0 
2380000 9943 217.39 8532.494 3.908 1.5694 0 0 0 
2390000 9984 235.619 8726.628 4.357 1.6947 0 0 0 
2400000 10017 273.079 8834.408 4.051 1.9565 0 0 0 
2410000 10063 235.089 9038.953 4.122 1.6941 0 0 0 
2420000 10103 236.124 9187.451 3.899 1.6954 0 0 0 
2430000 10142 246.68 9372.875 4.244 1.7653 0 0 0 
2440000 10180 257.362 9472.126 3.497 1.8356 0 0 0 
2450000 10222 243.02 9636.955 3.798 1.7339 0 0 0 
2460000 10268 224.952 9804.531 3.677 1.6078 0 0 0 
2470000 10318 207.604 9994.632 3.694 1.4914 0 0 0 
2480000 10358 230.327 10176.799 4.25 1.65 0 0 0 
2490000 10406 211.992 10341.757 3.775 1.5398 0 0 0 
2500000 10450 222.975 10544.968 4.208 1.6208 0 0 0 
2510000 10494 230.624 10736.072 4.36 1.6645 0 0 0 
2520000 10544 211.2 10921.262 3.968 1.517 0 0 0 
2530000 10586 222.713 11077.826 4.0 1.602 0 0 0 
2540000 10627 239.696 11255.269 4.127 1.7283 0 0 0 
2550000 10675 216.248 11413.646 3.735 1.5482 0 0 0 
2560000 10722 213.104 11606.439 3.967 1.5172 0 0 0 
2570000 10768 215.786 11810.141 4.263 1.5741 0 0 0 
2580000 10809 225.986 12002.332 4.337 1.6529 0 0 0 
2590000 10852 233.223 12197.038 4.496 1.6946 0 0 0 
2600000 10893 234.584 12388.826 4.565 1.7042 0 0 0 
2610000 10925 261.976 12565.556 4.962 1.8946 0 0 0 
2620000 10971 245.887 12776.198 4.955 1.7783 0 0 0 
2630000 11015 239.12 12958.435 4.519 1.7369 0 0 0 
2640000 11055 250.006 13148.606 4.709 1.8209 0 0 0 
2650000 11098 239.937 13344.883 4.6 1.7464 0 0 0 
2660000 11137 251.411 13563.723 5.245 1.8272 0 0 0 
2670000 11185 225.047 13762.587 4.643 1.6413 0 0 0 
2680000 11232 216.058 14000.61 4.964 1.5735 0 0 0 
2690000 11271 237.438 14167.077 4.536 1.7278 0 0 0 
2700000 11307 261.389 14330.572 4.47 1.8836 0 0 0 
2710000 11353 233.935 14527.476 4.27 1.6787 0 0 0 
2720000 11382 283.317 14661.888 4.47 2.0035 0 0 0 
2730000 11422 265.323 14833.333 4.268 1.8722 0 0 0 
2740000 11462 258.286 15004.062 4.19 1.8286 0 0 0 
2750000 11491 299.778 15132.262 4.318 2.1181 0 0 0 
2760000 11537 246.883 15320.815 4.085 1.5938 0 0 0 
2770000 11569 276.711 15476.499 4.51 1.6749 0 0 0 
2780000 11618 236.257 15656.976 3.942 1.3897 0 0 0 
2790000 11663 228.31 15846.371 4.314 1.3278 0 0 0 
2800000 11708 223.026 16026.98 4.159 1.2914 0 0 0 
2810000 11753 222.859 16249.835 4.624 1.2854 0 0 0 
2820000 11805 204.571 16480.859 4.561 1.183 0 0 0 
2830000 11854 210.741 16665.911 4.141 1.2215 0 0 0 
2840000 11905 193.182 16822.493 3.277 1.1226 0 0 0 
2850000 11954 199.402 16981.757 3.389 1.1549 0 0 0 
2860000 12002 204.172 17169.242 3.808 1.1832 0 0 0 
2870000 12042 222.746 17294.275 3.232 1.3518 0 0 0 
2880000 12088 218.281 17508.402 4.14 1.2941 0 0 0 
2890000 12131 215.591 17704.551 4.379 1.2764 0 0 0 
2900000 12174 236.857 17906.991 4.496 1.4166 0 0 0 
2910000 12217 227.62 18096.676 4.486 1.3621 0 0 0 
2920000 12263 222.761 18273.881 4.16 1.3617 0 0 0 
2930000 12309 227.916 18474.305 4.24 1.381 0 0 0 
2940000 12353 226.395 18640.454 4.0 1.3835 0 0 0 
2950000 12402 212.275 18850.072 4.15 1.3122 0 0 0 
2960000 12439 243.126 19020.463 4.386 1.6838 0 0 0 
2970000 12483 239.243 19227.891 4.606 1.9775 0 0 0 
2980000 12538 195.127 19449.257 4.061 1.7406 0 0 0 
2990000 12576 216.552 19622.012 4.312 1.9812 0 0 0 
3000000 12622 227.282 19830.963 4.508 2.1129 0 0 0 
3010000 12668 221.276 20005.627 3.967 2.0725 0 0 0 
3020000 12714 216.47 20187.168 3.843 2.0489 0 0 0 
3030000 12764 207.546 20396.895 4.11 1.9196 0 0 0 
3040000 12814 196.43 20590.198 4.092 1.8261 0 0 0 
3050000 12862 202.827 20782.921 4.119 1.8813 0 0 0 
3060000 12917 182.727 20978.065 3.66 1.6961 0 0 0 
3070000 12967 181.71 21177.489 3.705 1.6876 0 0 0 
3080000 13004 232.535 21368.754 4.57 2.1467 0 0 0 
3090000 13046 230.473 21535.3 4.199 2.1382 0 0 0 
3100000 13098 201.92 21746.923 4.139 1.8655 0 0 0 
3110000 13139 222.102 21945.412 4.522 2.0316 0 0 0 
3120000 13179 222.94 22128.698 4.422 2.0931 0 0 0 
3130000 13222 233.901 22303.462 4.319 2.1646 0 0 0 
3140000 13262 239.763 22445.379 3.88 2.1861 0 0 0 
3150000 13311 224.994 22637.921 3.939 2.06 0 0 0 
3160000 13354 222.857 22831.979 4.191 2.0829 0 0 0 
3170000 13397 222.839 23065.323 5.116 2.0464 0 0 0 
3180000 13441 238.572 23258.598 4.827 2.1928 0 0 0 
3190000 13497 197.957 23505.127 4.631 1.8503 0 0 0 
3200000 13538 225.529 23726.793 5.084 2.1112 0 0 0 
3210000 13585 223.754 23901.301 4.205 2.0844 0 0 0 
3220000 13630 225.311 24133.145 4.786 2.0884 0 0 0 
3230000 13670 234.567 24269.906 4.142 2.1522 0 0 0 
3240000 13709 247.571 24483.662 4.744 2.2799 0 0 0 
3250000 13746 267.953 24646.487 4.539 2.4846 0 0 0 
3260000 13784 256.949 24807.095 4.281 2.3634 0 0 0 
3270000 13825 257.452 25021.168 4.89 2.3183 0 0 0 
3280000 13875 221.632 25191.081 4.117 2.0677 0 0 0 
3290000 13909 254.024 25277.973 3.717 2.3413 0 0 0 
3300000 13940 283.566 25420.928 4.1 2.5756 0 0 0 
3310000 13979 264.383 25594.438 4.272 2.419 0 0 0 
3320000 14032 215.507 25807.008 4.093 2.0077 0 0 0 
3330000 14079 213.67 26017.849 4.384 1.974 0 0 0 
3340000 14111 254.743 26147.298 4.081 2.3343 0 0 0 
3350000 14156 218.681 26334.145 4.047 2.0204 0 0 0 
3360000 14203 224.975 26525.026 4.115 2.0655 0 0 0 
3370000 14252 210.45 26717.036 3.891 1.9371 0 0 0 
3380000 14305 187.716 26940.25 4.103 1.7335 0 0 0 
3390000 14346 213.755 27136.191 4.411 1.9632 0 0 0 
3400000 14389 228.849 27305.402 4.228 2.0974 0 0 0 
3410000 14439 204.698 27485.165 3.673 1.9116 0 0 0 
3420000 14479 234.862 27663.893 4.13 2.1863 0 0 0 
3430000 14533 200.317 27867.531 3.89 1.8498 0 0 0 
3440000 14571 235.071 28018.026 3.957 2.1599 0 0 0 
3450000 14608 251.486 28180.034 4.135 2.3406 0 0 0 
3460000 14640 280.457 28324.236 4.396 2.5749 0 0 0 
3470000 14680 260.894 28505.164 4.503 2.4294 0 0 0 
3480000 14729 234.386 28709.033 4.451 2.1728 0 0 0 
3490000 14770 240.785 28885.726 4.311 2.1629 0 0 0 
3500000 14809 255.208 29031.337 4.098 2.051 0 0 0 
3510000 14845 261.999 29193.05 4.306 1.9952 0 0 0 
3520000 14896 219.467 29365.156 3.614 1.6332 0 0 0 
3530000 14933 248.356 29515.975 3.874 1.8336 0 0 0 
3540000 14985 211.086 29685.121 3.419 1.557 0 0 0 
3550000 15038 195.37 29902.013 3.751 1.4366 0 0 0 
3560000 15089 199.323 30112.815 4.053 1.4593 0 0 0 
3570000 15133 222.261 30316.28 4.457 1.6149 0 0 0 
3580000 15192 185.467 30518.877 3.778 1.3551 0 0 0 
3590000 15238 196.291 30711.385 3.942 1.4368 0 0 0 
3600000 15284 209.741 30873.654 3.759 1.529 0 0 0 
3610000 15338 191.485 31070.181 3.672 1.3959 0 0 0 
3620000 15377 235.583 31203.722 3.581 1.7201 0 0 0 
3630000 15422 221.335 31367.873 3.544 1.6119 0 0 0 
3640000 15461 247.896 31512.93 3.595 1.7952 0 0 0 
3650000 15499 256.365 31676.572 3.917 1.8517 0 0 0 
3660000 15555 198.484 31897.237 3.854 1.4422 0 0 0 
3670000 15609 193.887 32099.657 3.915 1.4125 0 0 0 
3680000 15657 203.613 32310.525 4.263 1.475 0 0 0 
3690000 15707 202.8 32521.47 4.292 1.4702 0 0 0 
3700000 15755 203.425 32701.66 4.016 1.4808 0 0 0 
3710000 15801 208.559 32891.308 4.228 1.5029 0 0 0 
3720000 15843 223.945 33043.862 3.801 1.5994 0 0 0 
3730000 15878 253.52 33175.253 3.828 1.8186 0 0 0 
3740000 15919 256.81 33375.046 4.562 1.8446 0 0 0 
3750000 15956 265.29 33553.26 4.715 1.9299 0 0 0 
3760000 15999 244.807 33748.004 4.526 1.7904 0 0 0 
3770000 16053 214.957 33942.785 4.08 1.584 0 0 0 
3780000 16101 211.402 34150.183 4.2 1.5541 0 0 0 
3790000 16145 226.74 34353.501 4.451 1.6528 0 0 0 
3800000 16191 221.897 34521.872 3.926 1.6135 0 0 0 
3810000 16239 209.043 34713.407 3.852 1.5047 0 0 0 
3820000 16282 225.132 34900.734 4.191 1.6177 0 0 0 
3830000 16311 271.577 35023.908 4.22 1.9539 0 0 0 
3840000 16358 242.37 35209.205 4.091 1.7502 0 0 0 
3850000 16406 230.885 35388.67 3.946 1.6685 0 0 0 
3860000 16442 254.4 35527.829 3.953 1.8326 0 0 0 
3870000 16487 231.602 35710.221 3.966 1.6707 0 0 0 
3880000 16532 227.398 35885.152 3.99 1.6319 0 0 0 
3890000 16578 220.722 36080.076 4.253 1.58 0 0 0 
3900000 16620 231.337 36241.06 3.929 1.6602 0 0 0 
3910000 16676 187.825 36438.737 3.515 1.3682 0 0 0 
3920000 16714 235.15 36606.412 4.057 1.7044 0 0 0 
3930000 16762 215.709 36818.087 4.183 1.5843 0 0 0 
3940000 16804 230.95 37003.106 4.334 1.6966 0 0 0 
3950000 16849 222.987 37205.132 4.266 1.6422 0 0 0 
3960000 16894 219.533 37447.289 4.805 1.6105 0 0 0 
3970000 16935 229.637 37625.82 4.572 1.673 0 0 0 
3980000 16980 228.85 37800.703 4.146 1.6523 0 0 0 
3990000 17019 250.124 37958.709 4.16 1.8147 0 0 0 
4000000 17063 235.861 38138.119 4.164 1.7097 0 0 0 
