10000 480 21.386 2791.008 5.984 0.0229 0 0 0 
20000 897 22.48 5814.133 6.546 0.0237 0 0 0 
30000 1019 54.272 9487.42 21.285 0.1824 0 0 0 
40000 1516 20.007 14129.772 9.586 0.0682 0 0 0 
50000 2016 20.0 18697.957 9.055 0.0665 0 0 0 
60000 2516 20.0 23193.879 8.849 0.0669 0 0 0 
70000 3016 20.0 27708.687 9.048 0.0667 0 0 0 
80000 3302 88.802 32227.792 43.467 0.3044 0 0 0 
90000 3312 255.485 37810.513 135.995 0.866 0 0 0 
100000 3322 391.677 42388.102 197.29 1.3387 0 0 0 
110000 3332 502.956 47106.943 246.737 1.7249 0 0 0 
120000 3342 593.879 50942.986 272.447 2.0404 0 0 0 
130000 3354 649.286 56031.619 304.258 2.2323 0 0 0 
140000 3365 687.512 59858.232 311.519 2.3548 0 0 0 
150000 3385 625.211 63582.521 266.992 2.1373 0 0 0 
160000 3399 659.748 67856.367 281.403 2.2528 0 0 0 
170000 3413 672.098 71427.796 275.695 2.2985 0 0 0 
180000 3423 732.08 76231.86 312.56 2.5034 0 0 0 
190000 3433 781.09 81751.168 355.954 2.666 0 0 0 
200000 3443 821.134 86518.729 379.609 2.8062 0 0 0 
210000 3462 726.092 90735.559 330.221 2.4912 0 0 0 
220000 3478 694.843 95428.259 319.143 2.3818 0 0 0 
230000 3502 580.794 100526.939 274.822 2.0006 0 0 0 
240000 3512 657.478 105073.928 306.841 2.2596 0 0 0 
250000 3523 709.464 110563.9 345.532 2.4437 0 0 0 
260000 3533 762.611 115924.385 383.194 2.6278 0 0 0 
270000 3543 806.036 120775.306 399.141 2.7758 0 0 0 
280000 3553 841.517 124796.259 401.049 2.905 0 0 0 
290000 3563 870.508 129379.084 409.774 3.0174 0 0 0 
300000 3573 894.196 136210.081 460.823 3.0927 0 0 0 
310000 3585 887.874 140875.533 449.137 3.0712 0 0 0 
320000 3595 907.051 144752.548 435.363 3.1343 0 0 0 
330000 3605 924.054 149211.34 436.865 3.2008 0 0 0 
340000 3615 937.946 153978.081 444.952 3.2533 0 0 0 
350000 3625 949.298 158781.626 450.657 3.2977 0 0 0 
360000 3635 943.035 163592.082 450.207 3.2824 0 0 0 
370000 3646 941.896 169651.573 471.931 3.288 0 0 0 
380000 3656 952.525 174399.489 472.326 3.3187 0 0 0 
390000 3666 961.209 179952.838 484.948 3.3598 0 0 0 
400000 3677 952.277 185840.16 495.783 3.3278 0 0 0 
410000 3687 961.007 192529.349 527.337 3.3484 0 0 0 
420000 3697 968.14 199039.453 551.879 3.3521 0 0 0 
430000 3708 960.3 204702.183 546.608 3.3205 0 0 0 
440000 3719 952.465 209176.816 521.501 3.3038 0 0 0 
450000 3729 961.16 214672.905 525.567 3.3479 0 0 0 
460000 3739 968.265 219441.493 516.86 3.3712 0 0 0 
470000 3749 974.07 224659.73 517.725 3.3895 0 0 0 
480000 3759 978.813 230008.902 520.534 3.4203 0 0 0 
490000 3769 982.689 235057.263 518.041 3.4328 0 0 0 
500000 3779 985.856 240336.288 519.568 3.4418 0 0 0 
510000 3789 988.443 245023.352 511.337 3.4594 0 0 0 
520000 3799 990.557 249758.385 503.328 3.4699 0 0 0 
530000 3809 992.285 254722.417 501.792 3.4788 0 0 0 
540000 3820 979.632 259772.653 494.851 3.44 0 0 0 
550000 3830 983.358 264564.067 491.742 3.4681 0 0 0 
560000 3840 972.926 269103.577 481.268 3.4414 0 0 0 
570000 3853 923.888 273285.166 443.464 3.2733 0 0 0 
580000 3865 917.128 277395.655 425.06 3.2563 0 0 0 
590000 3877 893.031 282266.424 419.564 3.184 0 0 0 
600000 3889 890.804 287097.84 421.189 3.1811 0 0 0 
610000 3900 884.729 292161.827 423.933 3.164 0 0 0 
620000 3910 905.815 298016.49 452.718 3.2326 0 0 0 
630000 3920 923.044 304410.033 486.751 3.2876 0 0 0 
640000 3930 937.121 310898.701 514.554 3.3879 0 0 0 
650000 3940 948.623 317146.814 536.306 3.4028 0 0 0 
660000 3950 958.022 323720.147 558.145 3.4183 0 0 0 
670000 3960 965.701 330208.506 576.804 3.4249 0 0 0 
680000 3970 971.975 336201.042 582.396 3.44 0 0 0 
690000 3980 977.101 341629.442 571.489 3.4484 0 0 0 
700000 3990 981.29 347312.39 572.333 3.4615 0 0 0 
710000 4001 973.176 353004.663 563.221 3.4292 0 0 0 
720000 4011 978.083 357923.94 550.607 3.4385 0 0 0 
730000 4022 969.093 364003.083 554.802 3.4067 0 0 0 
740000 4032 974.747 369849.863 560.203 3.4229 0 0 0 
750000 4042 979.366 375686.284 564.572 3.4363 0 0 0 
760000 4052 983.141 381744.87 571.211 3.446 0 0 0 
770000 4062 986.225 387902.958 579.759 3.4575 0 0 0 
780000 4075 938.318 393571.207 548.553 3.2802 0 0 0 
790000 4085 945.358 400133.82 564.875 3.2947 0 0 0 
800000 4095 947.5 405811.429 560.783 3.2978 0 0 0 
810000 4107 928.167 410909.915 533.269 3.2232 0 0 0 
820000 4117 941.307 415632.229 523.073 3.271 0 0 0 
830000 4127 940.25 421508.083 527.089 3.2586 0 0 0 
840000 4137 951.18 427853.936 545.707 3.2957 0 0 0 
850000 4149 929.074 433857.34 539.501 3.2259 0 0 0 
860000 4161 914.767 439915.966 535.018 3.1808 0 0 0 
870000 4171 930.359 445920.946 549.551 3.2369 0 0 0 
880000 4182 932.308 451821.116 549.57 3.2419 0 0 0 
890000 4192 944.691 457992.559 562.044 3.2932 0 0 0 
900000 4202 952.187 464435.737 573.863 3.3283 0 0 0 
910000 4212 951.556 471204.274 586.249 3.3214 0 0 0 
920000 4224 923.544 477292.974 570.438 3.2201 0 0 0 
930000 4235 926.307 483764.048 575.484 3.2217 0 0 0 
940000 4246 924.489 489869.678 572.487 3.2287 0 0 0 
950000 4256 928.874 495859.422 571.406 3.2439 0 0 0 
960000 4266 941.885 502281.119 583.813 3.2794 0 0 0 
970000 4277 947.805 508626.493 590.569 3.2962 0 0 0 
980000 4287 957.353 514985.166 599.495 3.326 0 0 0 
990000 4297 965.154 521555.354 609.918 3.3569 0 0 0 
1000000 4307 971.529 527174.21 600.348 3.3831 0 0 0 
1010000 4318 950.108 532999.845 580.383 3.3119 0 0 0 
1020000 4329 944.822 538481.506 567.72 3.2958 0 0 0 
1030000 4344 874.186 543665.695 510.233 3.0517 0 0 0 
1040000 4354 897.2 550417.452 540.008 3.1225 0 0 0 
1050000 4365 903.971 555935.265 534.94 3.1413 0 0 0 
1060000 4375 921.537 560998.63 529.543 3.2048 0 0 0 
1070000 4385 920.27 565730.274 515.695 3.2076 0 0 0 
1080000 4395 934.855 571913.504 528.54 3.2634 0 0 0 
1090000 4405 946.772 578265.771 546.473 3.3048 0 0 0 
1100000 4415 956.509 584681.86 568.459 3.332 0 0 0 
1110000 4426 955.973 590809.567 568.791 3.3296 0 0 0 
1120000 4436 964.027 596509.669 569.49 3.3557 0 0 0 
1130000 4446 970.607 602949.593 582.247 3.3809 0 0 0 
1140000 4456 975.984 609014.821 588.663 3.4022 0 0 0 
1150000 4466 979.457 615036.003 590.735 3.4186 0 0 0 
1160000 4478 947.047 620811.393 565.249 3.3052 0 0 0 
1170000 4489 934.418 627037.758 563.936 3.2598 0 0 0 
1180000 4500 930.79 633766.972 573.237 3.2462 0 0 0 
1190000 4513 897.235 640476.612 560.499 3.1349 0 0 0 
1200000 4523 916.033 647093.158 580.651 3.1986 0 0 0 
1210000 4533 931.393 654396.911 606.965 3.2457 0 0 0 
1220000 4543 943.943 661738.804 629.605 3.2882 0 0 0 
1230000 4553 954.197 669197.182 651.827 3.3198 0 0 0 
1240000 4563 962.576 676199.944 659.358 3.3425 0 0 0 
1250000 4574 954.57 682801.533 651.146 3.309 0 0 0 
1260000 4584 962.88 690050.84 664.354 3.3441 0 0 0 
1270000 4594 969.67 698375.941 694.526 3.3709 0 0 0 
1280000 4604 975.218 705885.446 706.922 3.3901 0 0 0 
1290000 4615 964.637 713144.76 699.282 3.3475 0 0 0 
1300000 4625 968.705 721803.535 727.673 3.3658 0 0 0 
1310000 4635 974.429 729026.991 728.228 3.3913 0 0 0 
1320000 4645 979.107 736513.075 731.129 3.4018 0 0 0 
1330000 4655 982.929 744820.989 748.966 3.4167 0 0 0 
1340000 4665 986.052 751471.294 733.041 3.4373 0 0 0 
1350000 4675 988.603 759458.644 746.191 3.451 0 0 0 
1360000 4685 990.688 767117.947 750.178 3.4637 0 0 0 
1370000 4695 992.391 774597.376 750.845 3.4673 0 0 0 
1380000 4705 993.783 782411.468 757.494 3.4678 0 0 0 
1390000 4715 994.92 790040.315 756.871 3.4707 0 0 0 
1400000 4725 995.85 798251.637 767.951 3.4702 0 0 0 
1410000 4735 996.609 805767.089 765.566 3.4762 0 0 0 
1420000 4745 997.229 814023.039 777.164 3.4945 0 0 0 
1430000 4755 997.736 822648.363 793.35 3.502 0 0 0 
1440000 4765 998.15 832116.38 822.203 3.5016 0 0 0 
1450000 4775 998.489 838822.634 794.158 3.5006 0 0 0 
1460000 4785 998.765 847457.158 807.619 3.503 0 0 0 
1470000 4795 998.991 856425.443 822.195 3.5012 0 0 0 
1480000 4805 999.176 866236.13 852.469 3.5074 0 0 0 
1490000 4815 999.326 877261.88 898.699 3.4994 0 0 0 
1500000 4825 999.45 885213.566 878.412 3.5013 0 0 0 
1510000 4835 999.55 892773.415 857.166 3.5015 0 0 0 
1520000 4845 999.633 899650.244 826.648 3.4992 0 0 0 
1530000 4855 999.7 907021.452 810.541 3.5054 0 0 0 
1540000 4865 999.755 915836.115 824.117 3.5105 0 0 0 
1550000 4875 999.8 924165.458 824.135 3.5032 0 0 0 
1560000 4885 999.836 932553.56 827.672 3.5134 0 0 0 
1570000 4895 999.866 943679.553 880.617 3.507 0 0 0 
1580000 4905 999.891 954793.302 925.7 3.4897 0 0 0 
1590000 4915 999.911 965831.712 958.256 3.4844 0 0 0 
1600000 4925 999.927 978765.185 1019.914 3.4818 0 0 0 
1610000 4935 999.94 990277.353 1043.075 3.4821 0 0 0 
1620000 4945 999.951 1001398.966 1056.313 3.4827 0 0 0 
1630000 4955 999.96 1014101.01 1094.325 3.4807 0 0 0 
1640000 4965 999.967 1028330.661 1154.518 3.4846 0 0 0 
1650000 4975 999.973 1039133.046 1140.071 3.4852 0 0 0 
1660000 4985 999.978 1050054.872 1131.306 3.4757 0 0 0 
1670000 4995 999.982 1060086.036 1110.986 3.4732 0 0 0 
1680000 5005 999.985 1069421.612 1077.779 3.473 0 0 0 
1690000 5015 999.988 1081999.146 1109.937 3.4737 0 0 0 
1700000 5025 999.99 1092934.211 1106.132 3.4718 0 0 0 
1710000 5035 999.992 1103482.595 1097.353 3.4714 0 0 0 
1720000 5045 999.994 1116112.294 1127.583 3.4684 0 0 0 
1730000 5055 999.995 1130325.096 1182.078 3.4655 0 0 0 
1740000 5065 999.996 1141900.63 1176.557 3.4575 0 0 0 
1750000 5075 999.996 1156947.154 1236.82 3.45 0 0 0 
1760000 5085 999.997 1171938.61 1285.197 3.4309 0 0 0 
1770000 5095 999.998 1186586.37 1318.617 3.4292 0 0 0 
1780000 5105 999.998 1201936.753 1359.344 3.4265 0 0 0 
1790000 5115 999.998 1216815.706 1382.153 3.4348 0 0 0 
1800000 5125 999.999 1231171.842 1391.183 3.4466 0 0 0 
1810000 5135 999.999 1245587.745 1401.026 3.4457 0 0 0 
1820000 5145 999.999 1261747.835 1439.618 3.452 0 0 0 
1830000 5155 999.999 1275427.044 1427.127 3.4476 0 0 0 
1840000 5165 999.999 1289825.168 1429.879 3.4464 0 0 0 
1850000 5175 995.074 1303010.279 1403.563 3.4367 0 0 0 
1860000 5185 995.975 1316086.39 1386.936 3.4405 0 0 0 
1870000 5195 996.711 1329597.708 1377.938 3.4476 0 0 0 
1880000 5205 997.313 1344350.456 1399.794 3.4444 0 0 0 
1890000 5215 997.805 1358740.376 1404.243 3.4495 0 0 0 
1900000 5225 989.019 1372954.311 1394.342 3.4147 0 0 0 
1910000 5236 976.571 1387767.502 1390.602 3.3763 0 0 0 
1920000 5246 980.857 1401569.578 1389.811 3.3902 0 0 0 
1930000 5256 980.478 1417063.844 1411.742 3.3924 0 0 0 
1940000 5266 984.049 1432682.011 1442.614 3.3978 0 0 0 
1950000 5276 986.751 1448631.355 1484.998 3.4001 0 0 0 
1960000 5286 989.175 1462593.879 1450.404 3.4067 0 0 0 
1970000 5296 991.155 1478662.907 1481.233 3.4109 0 0 0 
1980000 5306 992.773 1493380.886 1480.834 3.4224 0 0 0 
1990000 5316 994.095 1510128.594 1511.537 3.4216 0 0 0 
2000000 5326 995.175 1526374.928 1534.43 3.4337 0 0 0 
2010000 5337 992.735 1540479.946 1505.473 3.4206 0 0 0 
2020000 5347 987.25 1556410.49 1509.783 3.3981 0 0 0 
2030000 5357 989.582 1570160.928 1486.953 3.4019 0 0 0 
2040000 5367 987.842 1585548.0 1491.843 3.3949 0 0 0 
2050000 5377 990.066 1601468.817 1506.593 3.4027 0 0 0 
2060000 5387 991.883 1617254.206 1517.46 3.4092 0 0 0 
2070000 5397 993.368 1633010.274 1534.799 3.4201 0 0 0 
2080000 5407 994.581 1648884.774 1541.341 3.4177 0 0 0 
2090000 5417 995.573 1666438.087 1583.443 3.4206 0 0 0 
2100000 5427 996.382 1678784.965 1523.415 3.4181 0 0 0 
2110000 5437 997.044 1688404.995 1415.758 3.4189 0 0 0 
2120000 5447 997.585 1699074.434 1362.736 3.4182 0 0 0 
2130000 5457 998.027 1712664.964 1350.575 3.427 0 0 0 
2140000 5467 998.388 1730142.922 1426.706 3.4362 0 0 0 
2150000 5477 998.683 1748375.004 1496.7 3.4346 0 0 0 
2160000 5487 998.924 1766709.848 1557.591 3.4432 0 0 0 
2170000 5497 999.12 1784976.481 1606.878 3.441 0 0 0 
2180000 5507 998.52 1802086.113 1629.391 3.4569 0 0 0 
2190000 5517 998.79 1818777.389 1631.482 3.4621 0 0 0 
2200000 5527 999.012 1834263.3 1614.533 3.4541 0 0 0 
2210000 5537 999.079 1847735.54 1569.139 3.4626 0 0 0 
2220000 5547 999.248 1865430.513 1604.022 3.4723 0 0 0 
2230000 5557 999.385 1884084.021 1646.194 3.4685 0 0 0 
2240000 5567 999.498 1901595.928 1671.066 3.4701 0 0 0 
2250000 5577 999.59 1917738.834 1652.683 3.4679 0 0 0 
2260000 5587 999.665 1933830.538 1654.595 3.464 0 0 0 
2270000 5597 999.726 1947297.211 1598.584 3.4779 0 0 0 
2280000 5607 999.776 1963507.302 1603.884 3.4773 0 0 0 
2290000 5617 999.817 1979660.393 1600.292 3.4744 0 0 0 
2300000 5627 999.851 1998086.123 1644.542 3.4722 0 0 0 
2310000 5637 999.878 2014859.757 1654.831 3.4806 0 0 0 
2320000 5647 999.9 2032799.09 1676.349 3.4743 0 0 0 
2330000 5657 999.919 2049901.552 1682.868 3.4725 0 0 0 
2340000 5667 999.933 2066782.631 1686.282 3.4628 0 0 0 
2350000 5677 999.946 2083017.088 1675.047 3.4702 0 0 0 
2360000 5687 999.956 2101579.424 1707.32 3.471 0 0 0 
2370000 5697 999.964 2118152.198 1699.13 3.4702 0 0 0 
2380000 5707 999.97 2133683.241 1670.819 3.4617 0 0 0 
2390000 5717 999.976 2150691.593 1679.692 3.463 0 0 0 
2400000 5727 999.98 2168393.721 1695.295 3.4651 0 0 0 
2410000 5737 999.984 2186187.327 1711.944 3.4657 0 0 0 
2420000 5747 999.987 2203857.756 1729.684 3.4602 0 0 0 
2430000 5757 999.989 2222631.155 1746.191 3.4575 0 0 0 
2440000 5767 999.991 2241985.207 1779.028 3.4525 0 0 0 
2450000 5777 999.993 2260247.48 1787.949 3.4477 0 0 0 
2460000 5787 999.994 2278398.741 1793.937 3.4463 0 0 0 
2470000 5797 999.995 2295957.118 1787.178 3.4505 0 0 0 
2480000 5807 999.996 2313831.33 1784.923 3.4464 0 0 0 
2490000 5818 992.409 2332708.313 1794.675 3.4166 0 0 0 
2500000 5828 993.798 2351783.215 1817.14 3.4256 0 0 0 
2510000 5838 994.932 2371601.973 1847.724 3.4304 0 0 0 
2520000 5848 995.859 2389322.171 1836.373 3.4298 0 0 0 
2530000 5858 996.617 2408143.737 1842.462 3.4297 0 0 0 
2540000 5868 997.236 2425854.796 1830.018 3.4378 0 0 0 
2550000 5878 997.741 2446403.707 1871.284 3.4333 0 0 0 
2560000 5888 998.155 2464282.377 1857.23 3.4419 0 0 0 
2570000 5898 998.492 2485194.445 1899.748 3.4495 0 0 0 
2580000 5908 998.768 2505273.853 1919.437 3.4576 0 0 0 
2590000 5918 998.993 2526001.696 1947.646 3.4622 0 0 0 
2600000 5928 999.177 2545826.209 1953.881 3.4601 0 0 0 
2610000 5938 999.328 2565153.818 1949.434 3.4582 0 0 0 
2620000 5948 999.451 2584290.401 1944.831 3.4552 0 0 0 
2630000 5958 999.551 2602322.93 1917.743 3.4572 0 0 0 
2640000 5968 999.633 2620070.109 1888.855 3.4568 0 0 0 
2650000 5978 999.7 2638155.709 1873.853 3.4603 0 0 0 
2660000 5988 999.755 2655741.204 1854.123 3.4573 0 0 0 
2670000 5998 999.8 2675265.779 1872.772 3.4548 0 0 0 
2680000 6008 999.837 2692647.711 1850.271 3.4521 0 0 0 
2690000 6018 999.866 2712054.681 1867.418 3.4465 0 0 0 
2700000 6028 999.891 2731228.95 1876.907 3.4532 0 0 0 
2710000 6038 999.911 2751494.009 1904.03 3.4607 0 0 0 
2720000 6048 999.927 2771237.155 1915.676 3.4655 0 0 0 
2730000 6058 999.94 2791562.802 1936.353 3.4521 0 0 0 
2740000 6068 999.951 2810177.691 1923.427 3.4537 0 0 0 
2750000 6078 999.96 2828482.675 1902.92 3.4553 0 0 0 
2760000 6088 999.968 2846093.197 1876.23 3.4572 0 0 0 
2770000 6098 999.973 2865507.966 1888.142 3.4615 0 0 0 
2780000 6108 999.978 2885824.977 1912.767 3.4594 0 0 0 
2790000 6118 999.982 2905691.074 1924.935 3.4511 0 0 0 
2800000 6128 999.986 2926604.382 1954.436 3.4525 0 0 0 
2810000 6138 999.988 2946687.152 1965.666 3.4586 0 0 0 
2820000 6148 999.99 2964531.607 1931.915 3.4553 0 0 0 
2830000 6158 999.992 2982584.563 1910.685 3.4506 0 0 0 
2840000 6168 999.994 3000804.975 1892.706 3.4492 0 0 0 
2850000 6178 999.995 3019431.36 1883.345 3.4514 0 0 0 
2860000 6188 999.996 3036825.48 1859.674 3.4578 0 0 0 
2870000 6198 999.996 3055621.631 1863.657 3.4654 0 0 0 
2880000 6208 999.997 3076584.209 1906.946 3.4597 0 0 0 
2890000 6218 999.998 3094738.677 1888.411 3.4539 0 0 0 
2900000 6228 999.998 3113275.965 1883.599 3.4348 0 0 0 
2910000 6238 999.998 3133239.772 1903.257 3.4268 0 0 0 
2920000 6248 999.999 3154043.218 1934.963 3.4303 0 0 0 
2930000 6258 999.999 3173167.824 1930.34 3.4325 0 0 0 
2940000 6268 999.999 3191557.777 1912.824 3.4366 0 0 0 
2950000 6278 999.999 3211354.672 1925.98 3.4406 0 0 0 
2960000 6288 986.983 3232243.721 1928.406 3.4012 0 0 0 
2970000 6298 989.364 3253228.041 1967.439 3.4042 0 0 0 
2980000 6308 991.31 3273564.077 1972.565 3.4081 0 0 0 
2990000 6318 992.899 3293460.782 1976.557 3.4035 0 0 0 
3000000 6328 994.198 3310565.814 1923.275 3.4215 0 0 0 
3010000 6338 995.26 3331282.693 1952.778 3.4197 0 0 0 
3020000 6348 996.127 3353451.308 1997.069 3.4229 0 0 0 
3030000 6358 996.835 3375032.387 2028.646 3.4224 0 0 0 
3040000 6368 997.414 3395535.264 2034.569 3.4346 0 0 0 
3050000 6378 997.887 3414639.95 2010.425 3.4412 0 0 0 
3060000 6388 998.274 3434111.147 1995.375 3.4473 0 0 0 
3070000 6398 998.589 3452300.362 1980.18 3.4567 0 0 0 
3080000 6408 998.847 3470140.222 1935.928 3.454 0 0 0 
3090000 6419 985.924 3484874.12 1825.878 3.4133 0 0 0 
3100000 6429 988.499 3502485.75 1808.949 3.4097 0 0 0 
3110000 6440 979.629 3522584.425 1829.255 3.3756 0 0 0 
3120000 6450 981.805 3541580.641 1841.376 3.3797 0 0 0 
3130000 6460 985.133 3564524.32 1924.273 3.3858 0 0 0 
3140000 6470 987.853 3586842.97 1988.394 3.3964 0 0 0 
3150000 6480 990.075 3606855.525 1987.467 3.4001 0 0 0 
3160000 6490 991.89 3628174.137 2010.096 3.3993 0 0 0 
3170000 6500 993.374 3649491.252 2034.783 3.4046 0 0 0 
3180000 6510 994.586 3670757.902 2050.083 3.4064 0 0 0 
3190000 6520 995.576 3691484.448 2054.656 3.4129 0 0 0 
3200000 6530 996.386 3710189.871 2019.026 3.4211 0 0 0 
3210000 6540 997.047 3730457.337 2023.093 3.4349 0 0 0 
3220000 6550 997.587 3751996.506 2046.129 3.4352 0 0 0 
3230000 6560 998.028 3772878.147 2054.944 3.4296 0 0 0 
3240000 6570 998.389 3790496.759 1999.16 3.4324 0 0 0 
3250000 6580 998.684 3809440.021 1979.286 3.4271 0 0 0 
3260000 6590 990.315 3830257.849 1978.251 3.3929 0 0 0 
3270000 6600 992.086 3850738.447 1992.786 3.3991 0 0 0 
3280000 6610 993.534 3868329.611 1953.456 3.4092 0 0 0 
3290000 6620 994.717 3886052.776 1914.098 3.4191 0 0 0 
3300000 6630 995.683 3904426.799 1906.308 3.4283 0 0 0 
3310000 6640 996.473 3922015.036 1876.322 3.4348 0 0 0 
3320000 6650 997.118 3941226.566 1884.082 3.4407 0 0 0 
3330000 6660 995.603 3959717.149 1871.166 3.4292 0 0 0 
3340000 6670 996.408 3979312.062 1887.813 3.4292 0 0 0 
3350000 6680 997.065 3997700.664 1881.927 3.4286 0 0 0 
3360000 6690 997.602 4017839.421 1902.113 3.4312 0 0 0 
3370000 6700 998.04 4038454.952 1934.755 3.4353 0 0 0 
3380000 6710 998.399 4056320.93 1899.709 3.4423 0 0 0 
3390000 6720 998.692 4073408.916 1864.207 3.4437 0 0 0 
3400000 6730 998.931 4090151.858 1827.299 3.4441 0 0 0 
3410000 6740 999.127 4110206.282 1861.98 3.4497 0 0 0 
3420000 6750 999.286 4124585.943 1786.685 3.4579 0 0 0 
3430000 6760 999.417 4144140.705 1817.456 3.4435 0 0 0 
3440000 6770 999.524 4160265.657 1781.138 3.4478 0 0 0 
3450000 6780 999.611 4178711.808 1814.868 3.4498 0 0 0 
3460000 6790 999.682 4198173.728 1819.495 3.4504 0 0 0 
3470000 6800 999.74 4214908.641 1789.495 3.4527 0 0 0 
3480000 6810 999.788 4231095.676 1779.75 3.4601 0 0 0 
3490000 6820 999.827 4242972.112 1648.821 3.4602 0 0 0 
3500000 6830 999.858 4255845.886 1594.504 3.4644 0 0 0 
3510000 6840 999.884 4273907.303 1627.898 3.462 0 0 0 
3520000 6850 999.905 4292668.187 1670.839 3.4572 0 0 0 
3530000 6860 999.923 4310300.348 1693.024 3.4523 0 0 0 
3540000 6870 999.937 4329576.425 1733.392 3.4435 0 0 0 
3550000 6880 999.948 4343701.678 1690.466 3.4495 0 0 0 
3560000 6890 999.958 4360722.137 1683.464 3.4547 0 0 0 
3570000 6900 999.966 4379162.596 1709.435 3.4551 0 0 0 
3580000 6910 999.972 4396052.626 1712.067 3.4564 0 0 0 
3590000 6920 999.977 4414488.405 1729.581 3.4504 0 0 0 
3600000 6930 999.981 4433790.44 1768.869 3.4347 0 0 0 
3610000 6940 999.985 4451838.439 1792.529 3.4084 0 0 0 
3620000 6950 999.987 4471139.108 1800.255 3.4094 0 0 0 
3630000 6961 995.702 4489415.995 1800.048 3.3952 0 0 0 
3640000 6971 996.489 4507417.782 1800.56 3.3958 0 0 0 
3650000 6981 997.131 4523233.671 1760.377 3.4146 0 0 0 
3660000 6991 997.656 4541408.218 1771.836 3.4247 0 0 0 
3670000 7001 998.085 4559636.669 1779.379 3.4351 0 0 0 
3680000 7011 998.435 4576607.414 1765.496 3.4463 0 0 0 
3690000 7021 998.721 4591301.862 1712.417 3.4587 0 0 0 
3700000 7031 998.955 4607479.145 1698.055 3.4562 0 0 0 
3710000 7041 995.249 4621804.419 1643.277 3.44 0 0 0 
3720000 7051 996.118 4637101.699 1620.643 3.4447 0 0 0 
3730000 7061 996.828 4655700.814 1660.992 3.4498 0 0 0 
3740000 7071 997.408 4670887.511 1641.6 3.4566 0 0 0 
3750000 7081 997.882 4687810.131 1650.398 3.4647 0 0 0 
3760000 7091 998.27 4706006.77 1678.535 3.4653 0 0 0 
3770000 7101 998.586 4727308.232 1760.135 3.4591 0 0 0 
3780000 7111 998.845 4747103.206 1800.893 3.4648 0 0 0 
3790000 7122 987.079 4767884.745 1832.504 3.4129 0 0 0 
3800000 7132 976.636 4786746.043 1817.43 3.3701 0 0 0 
3810000 7142 980.91 4808176.211 1872.818 3.3856 0 0 0 
3820000 7153 979.957 4827517.899 1883.921 3.3883 0 0 0 
3830000 7163 983.623 4848015.535 1917.065 3.4064 0 0 0 
3840000 7173 986.619 4869506.391 1960.371 3.4077 0 0 0 
3850000 7183 989.067 4889601.151 1968.346 3.4128 0 0 0 
3860000 7193 991.067 4908424.789 1953.742 3.4167 0 0 0 
3870000 7203 992.701 4927431.134 1947.559 3.4269 0 0 0 
3880000 7213 994.036 4948065.952 1971.88 3.4237 0 0 0 
3890000 7223 995.127 4969823.869 2007.589 3.4384 0 0 0 
3900000 7233 996.018 4990596.479 2019.905 3.4373 0 0 0 
3910000 7243 996.747 5010525.853 2017.234 3.4367 0 0 0 
3920000 7253 997.342 5029124.627 1988.174 3.4429 0 0 0 
3930000 7263 986.601 5050264.525 1993.188 3.4181 0 0 0 
3940000 7273 989.052 5072525.857 2031.996 3.4236 0 0 0 
3950000 7283 991.055 5090229.924 1981.566 3.4376 0 0 0 
3960000 7293 992.691 5110470.801 1989.327 3.445 0 0 0 
3970000 7303 994.028 5131070.243 2001.362 3.4458 0 0 0 
3980000 7313 995.121 5149956.802 1982.928 3.4486 0 0 0 
3990000 7323 996.013 5172087.87 2027.199 3.444 0 0 0 
4000000 7333 996.742 5190785.676 1998.914 3.4521 0 0 0 
