10000 10 182.927 -11947.789 -219.063 0.1966 0 0 0 0.0 0.0 0.0 0.0 0.0 
20000 20 332.392 -23354.454 -387.542 0.3577 0 0 0 0.0 0.0 0.0 0.0 0.0 
30000 30 454.516 -37353.375 -572.284 1.6901 0 0 0 0.015427 1.9062961 0.3593094 0.1579663 0.1379274 
40000 40 554.3 -49473.214 -687.115 2.7656 0 0 0 0.0123868 3.4084739 0.5866699 0.1237551 0.1135483 
50000 50 635.83 -57494.609 -708.595 3.6456 0 0 0 0.0124741 4.0055304 0.9181466 0.108565 0.1124106 
60000 60 702.447 -59489.065 -618.591 4.3723 0 0 0 0.0121836 3.8821901 0.9344109 0.099836 0.108885 
70000 70 756.877 -65887.057 -621.68 4.9615 0 0 0 0.0125149 3.6705683 1.113621 0.1021821 0.1137696 
80000 80 801.351 -71058.038 -602.218 5.4266 0 0 0 0.0127294 3.3912928 1.2029314 0.0915683 0.1161621 
90000 90 837.689 -74179.354 -550.0 5.8036 0 0 0 0.0135135 2.6811613 1.2019031 0.0947558 0.1214313 
100000 100 867.38 -77935.589 -516.181 6.1422 0 0 0 0.0130265 2.0119873 1.2329997 0.099001 0.1202592 
110000 110 891.64 -86646.871 -582.357 6.4114 0 0 0 0.0132735 1.8060654 1.4899164 0.0940185 0.1207484 
120000 120 911.462 -94007.674 -605.971 6.6245 0 0 0 0.0124027 1.1770549 1.4497004 0.0955831 0.114876 
130000 130 927.658 -97653.115 -559.489 6.7865 0 0 0 0.012819 0.5407058 1.6856979 0.0929245 0.1185906 
140000 140 940.891 -98223.575 -466.77 6.9333 0 0 0 0.0129188 -0.732647 1.6473396 0.0887074 0.1180713 
150000 150 951.704 -97792.358 -373.674 7.0346 0 0 0 0.0135833 -2.2178958 1.6445114 0.0865093 0.1215856 
160000 160 960.539 -95231.4 -257.879 7.1319 0 0 0 0.0135279 -4.2255742 1.6801616 0.0869776 0.1217598 
170000 170 967.757 -94572.593 -201.944 7.2225 0 0 0 0.0126882 -6.6358665 1.6149161 0.0822579 0.1158976 
180000 180 973.655 -90856.944 -97.085 7.2796 0 0 0 0.0122545 -9.1293021 1.6274871 0.0789158 0.1109473 
190000 190 978.474 -87625.763 -20.513 7.3256 0 0 0 0.0117608 -11.499608 1.5121987 0.0758837 0.1070341 
200000 200 982.412 -86017.302 9.781 7.3695 0 0 0 0.0116241 -13.253476 1.658569 0.0755015 0.1051031 
210000 210 985.629 -84063.979 45.886 7.4027 0 0 0 0.0113007 -15.5277894 1.6499374 0.0732571 0.1022277 
220000 220 988.258 -79744.238 116.715 7.43 0 0 0 0.0113176 -17.3827967 1.6955251 0.072051 0.1021665 
230000 230 990.406 -75124.639 180.027 7.4532 0 0 0 0.0117104 -20.3959016 2.3418073 0.0697627 0.1037568 
240000 240 992.161 -70059.141 240.26 7.4721 0 0 0 0.0116714 -23.2687405 2.3129629 0.0645344 0.1024089 
250000 250 993.595 -66559.205 260.543 7.4887 0 0 0 0.012376 -25.6634762 2.5400545 0.0675699 0.1056151 
260000 260 994.767 -60608.16 322.027 7.5059 0 0 0 0.0114485 -27.9900203 3.104278 0.0711293 0.0995142 
270000 270 995.724 -54995.161 365.676 7.5361 0 0 0 0.0103327 -29.8912054 2.4582802 0.0730334 0.0914685 
280000 280 996.506 -49579.96 397.634 7.5373 0 0 0 0.010614 -31.9315185 2.2064791 0.0689531 0.0916565 
290000 290 997.145 -42788.963 449.657 7.5474 0 0 0 0.0101824 -34.6541259 2.0927537 0.0746069 0.0881406 
300000 300 997.667 -34278.738 523.635 7.5467 0 0 0 0.0095447 -37.0956212 2.9793072 0.0715409 0.0845838 
310000 310 998.094 -25900.686 580.363 7.5578 0 0 0 0.0093378 -40.029558 3.8276078 0.0736371 0.0817172 
320000 320 998.443 -18907.098 602.168 7.5603 0 0 0 0.0090861 -42.6791254 2.288273 0.0725814 0.0796224 
330000 330 998.728 -11904.828 619.77 7.5716 0 0 0 0.0091859 -44.9112424 4.3238568 0.0718122 0.0781235 
340000 340 998.96 -5145.001 630.207 7.5806 0 0 0 0.008207 -47.7935622 2.625401 0.0693801 0.0719975 
350000 350 999.151 1878.351 643.755 7.5866 0 0 0 0.00753 -49.6678309 2.2833739 0.0664395 0.0673632 
360000 360 999.306 9223.61 660.771 7.582 0 0 0 0.0070254 -51.534177 3.4083346 0.0657915 0.0611236 
370000 370 999.433 16255.196 668.664 7.5881 0 0 0 0.0070598 -53.6516208 4.9889544 0.0673714 0.0592178 
380000 380 999.537 24693.631 700.769 7.5908 0 0 0 0.0065542 -55.5497566 5.1753214 0.0625167 0.0582668 
390000 390 999.621 33675.723 736.797 7.6014 0 0 0 0.0067206 -57.4236413 3.4936888 0.0651234 0.0594171 
400000 400 999.691 42753.291 767.794 7.6114 0 0 0 0.0063584 -59.7901518 5.1005251 0.0599425 0.0560557 
410000 410 999.747 52657.589 808.461 7.6077 0 0 0 0.0063718 -61.9876002 4.1936231 0.0632003 0.0570319 
420000 420 999.793 61794.841 828.004 7.6061 0 0 0 0.0059163 -64.3654215 3.4334812 0.0628503 0.0529175 
430000 430 999.831 71780.09 859.72 7.6042 0 0 0 0.0056423 -66.4768249 3.2452293 0.0622204 0.051912 
440000 440 999.862 80944.71 870.386 7.6033 0 0 0 0.0059692 -68.0611783 6.979679 0.0599233 0.054205 
450000 450 999.887 90670.254 889.19 7.6052 0 0 0 0.0059889 -70.0552574 8.9853884 0.0660728 0.0537147 
460000 460 999.908 100869.939 913.363 7.6034 0 0 0 0.0063128 -72.0579032 9.4345121 0.0694908 0.0555604 
470000 470 999.925 109256.923 898.595 7.6153 0 0 0 0.0064579 -74.3707299 6.7160318 0.0627167 0.0582909 
480000 480 999.939 118765.292 908.533 7.6176 0 0 0 0.0069026 -76.9144901 6.7088073 0.0687191 0.0631081 
490000 490 999.95 127542.042 902.239 7.643 0 0 0 0.0069836 -78.9273562 7.1637987 0.0671108 0.0632623 
500000 500 999.959 135686.823 887.938 7.6626 0 0 0 0.0075212 -80.1619863 7.6525706 0.0662148 0.0630043 
510000 510 999.966 145424.401 903.768 7.68 0 0 0 0.0071947 -81.8267928 4.5317963 0.0639452 0.0635163 
520000 520 999.973 156333.453 938.344 7.68 0 0 0 0.0068485 -83.4789687 4.6257493 0.0656449 0.0612812 
530000 530 999.978 168001.601 979.716 7.6829 0 0 0 0.0070207 -85.3956524 9.1236629 0.0694667 0.0642212 
540000 540 999.982 178864.133 998.584 7.686 0 0 0 0.0070856 -87.109723 8.9769307 0.0699122 0.0631779 
550000 550 999.985 189429.507 1009.378 7.6868 0 0 0 0.0075741 -89.092739 13.4033969 0.0705306 0.0674089 
560000 560 999.988 201017.095 1036.869 7.6758 0 0 0 0.0073947 -91.0583851 12.2938306 0.070222 0.0652648 
570000 570 999.99 212345.006 1054.505 7.6717 0 0 0 0.007566 -92.8802634 5.7584253 0.0695083 0.0684838 
580000 580 999.992 223398.083 1063.452 7.6563 0 0 0 0.0076449 -94.6475806 9.6906387 0.0748699 0.0689008 
590000 590 999.993 233547.23 1055.084 7.6533 0 0 0 0.0080914 -96.1923293 8.8908415 0.0750952 0.0710346 
600000 600 999.995 242616.79 1027.466 7.6379 0 0 0 0.0078385 -97.9231512 8.4516937 0.0679072 0.0705681 
610000 610 999.996 251140.285 995.76 7.6371 0 0 0 0.008298 -98.8536568 14.9239552 0.0708357 0.0735886 
620000 620 999.996 260994.763 993.298 7.6372 0 0 0 0.0085963 -100.2853888 15.0689523 0.0709901 0.0737185 
630000 630 999.997 271089.143 996.52 7.6316 0 0 0 0.0079941 -101.8729306 6.2227434 0.0702751 0.0725983 
640000 640 999.998 280354.237 983.444 7.6469 0 0 0 0.0079758 -103.1006289 10.6073593 0.0663746 0.0706449 
650000 650 999.998 290165.517 983.952 7.6534 0 0 0 0.0080937 -103.9113256 16.136459 0.0642021 0.0720338 
660000 660 999.998 300628.496 995.908 7.6511 0 0 0 0.0081559 -105.7730513 4.1046229 0.0653353 0.0734382 
670000 670 999.999 310183.412 988.439 7.658 0 0 0 0.0080274 -106.6826792 19.9691465 0.0691062 0.069952 
680000 680 999.999 319667.29 980.905 7.66 0 0 0 0.0080752 -108.1182977 17.8131792 0.0687785 0.071285 
690000 690 999.999 328074.084 956.839 7.655 0 0 0 0.0078656 -109.3968261 16.1407366 0.0686839 0.0693394 
700000 700 999.999 338797.968 979.259 7.6485 0 0 0 0.0090599 -110.7024931 19.6294917 0.0658613 0.0766967 
710000 710 999.999 348329.219 978.639 7.653 0 0 0 0.0080115 -112.1600341 17.2134909 0.0674467 0.0708986 
720000 720 1000.0 361416.624 1037.759 7.666 0 0 0 0.007863 -113.8984262 9.8847865 0.0672138 0.0699695 
730000 730 1000.0 373068.554 1060.927 7.6605 0 0 0 0.0078082 -114.998946 18.8380463 0.0640568 0.0683284 
740000 740 1000.0 378191.49 961.942 7.6703 0 0 0 0.0081796 -114.7218685 9.8836556 0.0641421 0.0693638 
750000 750 1000.0 385473.766 922.639 7.6754 0 0 0 0.0086456 -114.7397195 12.0676389 0.0633117 0.0709436 
760000 760 1000.0 396524.583 956.599 7.6643 0 0 0 0.0079485 -116.1158292 26.7301029 0.0649111 0.0682343 
770000 770 1000.0 408125.997 993.057 7.655 0 0 0 0.0081226 -117.4308165 21.8151136 0.0662474 0.0706134 
780000 780 1000.0 420064.94 1028.753 7.6507 0 0 0 0.0077929 -119.6550139 15.2419091 0.0623845 0.0664835 
790000 790 1000.0 433132.103 1080.24 7.6487 0 0 0 0.0082322 -120.5376872 21.4335046 0.0631067 0.0679807 
800000 800 1000.0 445927.801 1116.855 7.6316 0 0 0 0.0073049 -122.5866621 12.7007843 0.0612968 0.0653607 
810000 810 1000.0 458063.586 1135.091 7.6383 0 0 0 0.0084383 -123.6931631 21.6016554 0.0616241 0.0709832 
820000 820 1000.0 469329.967 1132.91 7.6344 0 0 0 0.0080637 -125.9787124 22.6301668 0.0600183 0.0698586 
830000 830 1000.0 480577.712 1131.678 7.6269 0 0 0 0.0083208 -127.3234952 23.3892134 0.0592479 0.0710579 
840000 840 1000.0 493244.003 1156.97 7.6189 0 0 0 0.0079416 -128.3631793 22.1098049 0.0613016 0.0701206 
850000 850 1000.0 507540.88 1207.844 7.637 0 0 0 0.0082368 -130.9539376 9.4141272 0.059118 0.0715132 
860000 860 1000.0 522340.31 1257.802 7.6268 0 0 0 0.0080283 -132.9824136 21.4766522 0.0581059 0.0715294 
870000 870 1000.0 535921.782 1275.076 7.6512 0 0 0 0.0080011 -133.7261094 9.0085202 0.0588569 0.0704507 
880000 880 1000.0 550464.404 1308.53 7.6443 0 0 0 0.0080605 -135.7862452 15.1913315 0.057994 0.0703128 
890000 890 1000.0 565251.126 1339.739 7.6436 0 0 0 0.0082199 -138.0471874 21.9389083 0.0590711 0.0723733 
900000 900 1000.0 579924.984 1362.962 7.6638 0 0 0 0.0083375 -139.3329627 31.4871685 0.05669 0.0711021 
910000 910 1000.0 594861.416 1386.15 7.6605 0 0 0 0.0082916 -141.9509485 19.9920068 0.0571031 0.0718863 
920000 920 1000.0 609141.446 1393.778 7.6713 0 0 0 0.0082001 -142.6887937 10.4012954 0.0580052 0.0698935 
930000 930 1000.0 623920.828 1409.729 7.6764 0 0 0 0.0083972 -143.9878094 47.2176662 0.0593588 0.0711135 
940000 940 1000.0 638572.08 1420.125 7.6645 0 0 0 0.0085571 -147.8895686 33.9490652 0.0592114 0.0738585 
950000 950 1000.0 653362.048 1431.183 7.6677 0 0 0 0.0081123 -150.3081981 18.0858636 0.0564234 0.0717425 
960000 960 1000.0 667915.588 1436.14 7.6761 0 0 0 0.0076965 -152.2652593 35.0839949 0.0555239 0.0689137 
970000 970 1000.0 682999.176 1449.382 7.6698 0 0 0 0.0082721 -153.3626075 26.1557848 0.0569056 0.0737497 
980000 980 1000.0 698392.921 1466.186 7.6532 0 0 0 0.0080985 -154.5869526 19.1190529 0.0574743 0.0718718 
990000 990 1000.0 713237.15 1469.328 7.6374 0 0 0 0.0079226 -155.9435512 20.5501067 0.0566273 0.0701601 
1000000 1000 1000.0 727978.786 1470.394 7.6379 0 0 0 0.0079526 -156.7208771 20.9080036 0.0598701 0.0706784 
1010000 1010 1000.0 743417.207 1483.609 7.6508 0 0 0 0.0082097 -158.3038406 20.4785269 0.0567051 0.0731478 
1020000 1020 1000.0 756632.658 1455.811 7.6631 0 0 0 0.0077711 -159.6054537 21.4487524 0.0585762 0.0683081 
1030000 1030 1000.0 769509.698 1426.289 7.6777 0 0 0 0.0074983 -160.620232 24.0904462 0.0546502 0.0677524 
1040000 1040 1000.0 783690.735 1424.416 7.6679 0 0 0 0.0077639 -161.9042952 38.03351 0.0577199 0.0673923 
1050000 1050 1000.0 798780.399 1439.311 7.6723 0 0 0 0.0074496 -162.8285386 42.8343679 0.0575797 0.0655057 
1060000 1060 1000.0 813740.053 1449.839 7.6698 0 0 0 0.0073163 -163.6022157 22.470426 0.0597479 0.0651488 
1070000 1070 1000.0 829542.49 1473.305 7.6631 0 0 0 0.0077684 -164.7230394 33.8246391 0.056003 0.0669957 
1080000 1080 1000.0 845488.046 1495.252 7.6539 0 0 0 0.0074687 -165.8950485 33.3857018 0.0569058 0.0656673 
1090000 1090 1000.0 860433.615 1495.297 7.6523 0 0 0 0.0072561 -166.4543515 10.1740052 0.0588878 0.0644344 
1100000 1100 1000.0 876363.313 1513.057 7.6369 0 0 0 0.0080098 -167.308101 55.1401608 0.057949 0.0685683 
1110000 1110 1000.0 889982.85 1481.729 7.6139 0 0 0 0.0072091 -168.3114073 23.7049922 0.0579895 0.064989 
1120000 1120 1000.0 906179.15 1507.374 7.6141 0 0 0 0.0072775 -170.038555 33.4118114 0.0546986 0.0636906 
1130000 1130 1000.0 921639.114 1514.941 7.6039 0 0 0 0.0069215 -170.6844246 33.4963016 0.0570431 0.0624011 
1140000 1140 1000.0 935823.375 1497.298 7.6085 0 0 0 0.0072943 -171.555517 23.5425186 0.0579639 0.0649031 
1150000 1150 1000.0 950209.695 1487.251 7.6158 0 0 0 0.0071029 -172.3358456 30.2463776 0.055988 0.0632802 
1160000 1160 1000.0 966219.519 1507.98 7.6218 0 0 0 0.0075099 -173.7690607 22.9838362 0.0590514 0.0664459 
1170000 1170 1000.0 981806.412 1516.827 7.6235 0 0 0 0.0072984 -174.3058575 37.6221107 0.0559271 0.0649143 
1180000 1180 1000.0 997734.048 1530.847 7.6299 0 0 0 0.0071517 -174.6973422 40.3484219 0.057064 0.0630414 
1190000 1190 1000.0 1013999.268 1548.104 7.6375 0 0 0 0.0070342 -175.804237 53.0058651 0.0558454 0.0620655 
1200000 1200 1000.0 1030606.369 1568.736 7.6335 0 0 0 0.0067433 -177.1700235 30.5487589 0.0549758 0.060829 
1210000 1210 1000.0 1047187.025 1585.85 7.6384 0 0 0 0.0066601 -177.7494689 19.3198937 0.0567249 0.0597316 
1220000 1220 1000.0 1063516.332 1594.625 7.644 0 0 0 0.0067392 -178.5855298 33.0747474 0.0552668 0.0614523 
1230000 1230 1000.0 1079882.332 1602.382 7.6606 0 0 0 0.0067514 -179.7579252 25.5821562 0.0565049 0.0610342 
1240000 1240 1000.0 1092942.751 1546.729 7.6811 0 0 0 0.0071929 -180.2840978 28.7573261 0.0557145 0.0631756 
1250000 1250 1000.0 1108453.187 1547.463 7.6995 0 0 0 0.0070061 -181.0774871 39.1375268 0.0539386 0.0624196 
1260000 1260 1000.0 1124145.371 1551.47 7.6993 0 0 0 0.0068492 -181.7247469 26.5157252 0.0546102 0.0619943 
1270000 1270 1000.0 1139273.674 1544.242 7.7011 0 0 0 0.0068244 -181.9266727 63.3736569 0.0538996 0.0597187 
1280000 1280 1000.0 1153273.031 1517.174 7.6985 0 0 0 0.0068905 -182.8832302 36.797462 0.0544152 0.0612538 
1290000 1290 1000.0 1168725.919 1522.603 7.6998 0 0 0 0.0069815 -183.0348316 66.4123695 0.0546851 0.061115 
1300000 1300 1000.0 1184441.861 1531.783 7.6983 0 0 0 0.0068461 -183.5262313 44.586718 0.0547907 0.0595972 
1310000 1310 1000.0 1199467.039 1526.172 7.693 0 0 0 0.0067072 -183.7548479 55.0569929 0.0535289 0.0576932 
1320000 1320 1000.0 1214171.4 1515.57 7.6727 0 0 0 0.00698 -184.4540991 52.5953139 0.050018 0.0600832 
1330000 1330 1000.0 1229504.083 1518.967 7.6807 0 0 0 0.0065622 -185.0555968 34.1559406 0.0517028 0.0592078 
1340000 1340 1000.0 1245350.259 1530.74 7.6656 0 0 0 0.006705 -185.2319528 55.4788291 0.0519786 0.0592934 
1350000 1350 1000.0 1260520.092 1528.175 7.6574 0 0 0 0.0062774 -185.9536287 32.411823 0.0528371 0.0562896 
1360000 1360 1000.0 1276089.584 1534.327 7.649 0 0 0 0.0061641 -186.3871733 26.2114645 0.0511097 0.0548866 
1370000 1370 1000.0 1291754.124 1540.233 7.6368 0 0 0 0.0063384 -187.2699606 41.0103356 0.0529812 0.0569873 
1380000 1380 1000.0 1306505.287 1527.979 7.6544 0 0 0 0.0061212 -187.8352663 21.4675717 0.0513031 0.0558864 
1390000 1390 1000.0 1321201.012 1517.197 7.6657 0 0 0 0.0067338 -187.6468993 36.6387465 0.0549502 0.058191 
1400000 1400 1000.0 1337592.118 1539.855 7.6724 0 0 0 0.0063521 -188.3629817 30.3360725 0.0533689 0.0573072 
1410000 1410 1000.0 1354167.903 1560.442 7.6701 0 0 0 0.0061397 -188.5521424 46.9400295 0.0527209 0.0556608 
1420000 1420 1000.0 1370150.003 1566.957 7.6648 0 0 0 0.0059343 -189.2637746 13.2614809 0.0520744 0.05327 
1430000 1430 1000.0 1385638.287 1563.02 7.6621 0 0 0 0.0065797 -189.1015361 51.3576166 0.055235 0.0565892 
1440000 1440 1000.0 1402060.309 1577.262 7.6617 0 0 0 0.0061143 -190.3263057 39.2471821 0.0533715 0.0549887 
1450000 1450 1000.0 1417857.989 1577.386 7.659 0 0 0 0.006296 -190.561664 40.6357296 0.0517743 0.0562716 
1460000 1460 1000.0 1434232.986 1588.278 7.6538 0 0 0 0.0064458 -190.889319 36.945134 0.0511377 0.0562477 
1470000 1470 1000.0 1450055.198 1587.535 7.6603 0 0 0 0.006492 -191.2301891 52.9517865 0.0532903 0.0576131 
1480000 1480 1000.0 1466181.387 1592.457 7.659 0 0 0 0.0063085 -191.9436805 32.7879181 0.0531728 0.0558284 
1490000 1490 1000.0 1482469.376 1599.565 7.6665 0 0 0 0.0059266 -192.6917301 35.1522233 0.0540874 0.0542807 
1500000 1500 1000.0 1497358.112 1581.135 7.6646 0 0 0 0.0060336 -193.0450843 29.0726143 0.0527065 0.0551188 
1510000 1510 1000.0 1513253.642 1583.045 7.6542 0 0 0 0.0060004 -193.6601048 15.6335195 0.0515178 0.0548875 
1520000 1520 1000.0 1529132.727 1583.775 7.6538 0 0 0 0.0059022 -193.7252289 31.6086691 0.0517177 0.0532129 
1530000 1530 1000.0 1545679.538 1596.617 7.6581 0 0 0 0.0060806 -194.7500202 41.1268524 0.0522391 0.0549878 
1540000 1540 1000.0 1561825.159 1598.828 7.6699 0 0 0 0.0063258 -194.9163851 33.0681557 0.0517784 0.0581498 
1550000 1550 1000.0 1577271.434 1588.849 7.6906 0 0 0 0.0063356 -195.2466294 45.5602786 0.0521528 0.0563438 
1560000 1560 1000.0 1592116.741 1571.281 7.6947 0 0 0 0.0064193 -195.2002868 61.3205333 0.052853 0.0563475 
1570000 1570 1000.0 1608528.272 1583.888 7.7074 0 0 0 0.0059253 -195.8326732 33.6790187 0.0532818 0.0535882 
1580000 1580 1000.0 1624346.548 1582.605 7.6946 0 0 0 0.0059979 -196.0637401 31.3401714 0.0546685 0.0543507 
1590000 1590 1000.0 1640501.096 1588.857 7.6869 0 0 0 0.0060572 -196.4733358 30.3468446 0.0519047 0.0543613 
1600000 1600 1000.0 1656341.198 1587.912 7.685 0 0 0 0.0059865 -196.7730051 55.0535747 0.0527463 0.0537001 
1610000 1610 1000.0 1671912.906 1582.5 7.6856 0 0 0 0.0062584 -196.6634413 70.0757076 0.0524695 0.0557545 
1620000 1620 1000.0 1687753.436 1582.86 7.6735 0 0 0 0.0061201 -197.1093444 41.6374185 0.0527443 0.0546498 
1630000 1630 1000.0 1704522.968 1600.326 7.6822 0 0 0 0.0063362 -197.4369483 49.3041998 0.0541959 0.056589 
1640000 1640 1000.0 1721162.763 1611.758 7.6928 0 0 0 0.006155 -197.7801743 57.0306032 0.051417 0.0548111 
1650000 1650 1000.0 1737599.913 1617.176 7.6981 0 0 0 0.0057523 -197.7360601 51.9914401 0.0527785 0.0512877 
1660000 1660 1000.0 1754271.1 1626.609 7.6903 0 0 0 0.0059374 -198.410032 29.5131201 0.0514475 0.053451 
1670000 1670 1000.0 1769669.184 1610.912 7.6805 0 0 0 0.0065334 -198.106359 34.9454179 0.0529079 0.055543 
1680000 1680 1000.0 1782265.82 1547.373 7.6774 0 0 0 0.0059686 -197.5939068 48.9271261 0.0536073 0.0523192 
1690000 1690 1000.0 1795288.639 1503.507 7.6716 0 0 0 0.0063191 -198.1303139 34.6787936 0.054209 0.0548155 
1700000 1700 1000.0 1810192.076 1501.019 7.6679 0 0 0 0.0058281 -197.7260975 37.7512195 0.0544268 0.0523892 
1710000 1710 1000.0 1826539.954 1525.287 7.6762 0 0 0 0.0063012 -197.7453936 60.4418152 0.0535696 0.0546814 
1720000 1720 1000.0 1843465.541 1555.371 7.6876 0 0 0 0.0056463 -198.3545255 33.0378725 0.0548639 0.0510454 
1730000 1730 1000.0 1859594.089 1565.954 7.6832 0 0 0 0.0057286 -198.1809408 23.8632102 0.0547048 0.0516842 
1740000 1740 1000.0 1875496.054 1569.692 7.6907 0 0 0 0.0060767 -198.4360276 40.2879796 0.0529442 0.0535227 
1750000 1750 1000.0 1891292.618 1571.013 7.685 0 0 0 0.0056224 -198.3162687 28.2286103 0.0549079 0.0509664 
1760000 1760 1000.0 1906888.64 1568.899 7.6779 0 0 0 0.0055759 -198.5780071 62.650363 0.0537755 0.0494326 
1770000 1770 1000.0 1923508.704 1586.019 7.6748 0 0 0 0.0056648 -199.0518093 37.0362052 0.0530611 0.0506914 
1780000 1780 1000.0 1939686.336 1591.562 7.6725 0 0 0 0.0055297 -199.5466409 18.8974472 0.0553053 0.0512611 
1790000 1790 1000.0 1955266.649 1585.345 7.6827 0 0 0 0.0059594 -199.0678171 75.8855999 0.055319 0.0528071 
1800000 1800 1000.0 1969862.333 1562.273 7.6695 0 0 0 0.0054662 -199.0206176 43.3963709 0.0539792 0.0487954 
1810000 1810 1000.0 1985516.826 1562.328 7.6628 0 0 0 0.005938 -199.1293897 65.8298777 0.0525287 0.0513278 
1820000 1820 1000.0 2001645.41 1571.957 7.6634 0 0 0 0.0058019 -199.6672659 41.5479408 0.0537614 0.0521219 
1830000 1830 1000.0 2017558.331 1575.721 7.6519 0 0 0 0.0056828 -199.7525691 31.7179294 0.0531154 0.0513652 
1840000 1840 1000.0 2032623.355 1562.416 7.6519 0 0 0 0.0055321 -199.3791173 41.3877008 0.0541591 0.0488378 
1850000 1850 1000.0 2049089.221 1578.674 7.6513 0 0 0 0.0052746 -199.5419903 38.6674158 0.0528061 0.0483246 
1860000 1860 1000.0 2066143.433 1602.113 7.6492 0 0 0 0.0051996 -199.6969834 42.9410812 0.0518227 0.0475108 
1870000 1870 1000.0 2081879.056 1597.151 7.6592 0 0 0 0.0056121 -199.5531943 101.5975242 0.0551672 0.0500679 
1880000 1880 1000.0 2098918.122 1616.911 7.6783 0 0 0 0.0052736 -200.5893528 47.2671387 0.0518595 0.047424 
1890000 1890 1000.0 2114111.892 1598.245 7.6961 0 0 0 0.0052831 -200.6147792 64.3439003 0.0525498 0.0477203 
1900000 1900 1000.0 2129852.781 1594.245 7.7003 0 0 0 0.0055121 -201.3034714 25.376936 0.0534412 0.0493618 
1910000 1910 1000.0 2146170.049 1600.974 7.6916 0 0 0 0.0054519 -201.2317677 31.0674362 0.0515386 0.0488008 
1920000 1920 1000.0 2162610.232 1609.046 7.6807 0 0 0 0.0054665 -200.8737994 48.6526402 0.0514741 0.0489186 
1930000 1930 1000.0 2178507.388 1606.218 7.6718 0 0 0 0.0052358 -201.0971325 59.0855723 0.0503267 0.0477179 
1940000 1940 1000.0 2194623.607 1607.786 7.6753 0 0 0 0.0052326 -201.0509407 26.009384 0.0523553 0.0475041 
1950000 1950 1000.0 2211461.262 1622.184 7.667 0 0 0 0.0059391 -201.1396145 69.4699161 0.0533463 0.051043 
1960000 1960 1000.0 2227503.721 1619.16 7.6523 0 0 0 0.0059044 -201.6277817 48.6544739 0.0537271 0.0507752 
1970000 1970 1000.0 2243543.98 1616.711 7.6429 0 0 0 0.0055934 -201.3975289 43.7261275 0.0513666 0.0501735 
1980000 1980 1000.0 2260082.092 1624.023 7.6299 0 0 0 0.0053558 -202.0872027 36.5385777 0.0539169 0.0485692 
1990000 1990 1000.0 2277293.396 1641.535 7.624 0 0 0 0.0052047 -201.7739966 43.4344873 0.0512262 0.0468663 
2000000 2000 1000.0 2293910.526 1645.879 7.6139 0 0 0 0.0056196 -202.2161272 55.4383884 0.050963 0.0495615 
2010000 2010 1000.0 2311454.378 1665.71 7.6169 0 0 0 0.0049083 -202.4109243 44.6886663 0.0508515 0.0452924 
2020000 2020 1000.0 2328730.527 1676.961 7.6252 0 0 0 0.0050161 -202.6604082 36.3418182 0.0496922 0.046325 
2030000 2030 1000.0 2345481.842 1676.42 7.6149 0 0 0 0.0049874 -203.1180089 45.4896175 0.0489521 0.0450637 
2040000 2040 1000.0 2362587.876 1682.847 7.617 0 0 0 0.0050219 -203.980044 24.3695745 0.0500999 0.0466307 
2050000 2050 1000.0 2379246.328 1680.023 7.607 0 0 0 0.0050337 -204.0977997 34.6450617 0.0504006 0.045542 
2060000 2060 1000.0 2395669.03 1673.19 7.6009 0 0 0 0.0054323 -204.0795091 48.6812787 0.0498499 0.0487056 
2070000 2070 1000.0 2412791.137 1680.435 7.6109 0 0 0 0.0050929 -204.1801104 42.4774003 0.0503893 0.0463296 
2080000 2080 1000.0 2430464.668 1696.022 7.6157 0 0 0 0.0051002 -204.7036742 35.1978532 0.0498907 0.046191 
2090000 2090 1000.0 2447538.202 1699.823 7.6158 0 0 0 0.0056699 -204.6849057 34.5916202 0.0511822 0.0504969 
2100000 2100 1000.0 2465024.419 1708.536 7.6155 0 0 0 0.0053904 -205.4516895 48.6028841 0.0510879 0.0476762 
2110000 2110 1000.0 2481999.184 1706.102 7.6147 0 0 0 0.0053401 -205.9413378 50.260449 0.049505 0.0474952 
2120000 2120 1000.0 2498721.786 1699.708 7.6129 0 0 0 0.0050335 -205.7841241 57.4836563 0.0507111 0.04425 
2130000 2130 1000.0 2515795.355 1701.589 7.6184 0 0 0 0.0051037 -205.8065321 65.3783911 0.0507148 0.0459647 
2140000 2140 1000.0 2533190.302 1708.251 7.6154 0 0 0 0.0053479 -206.160352 66.8076281 0.0502281 0.0468822 
2150000 2150 1000.0 2550129.04 1705.776 7.6204 0 0 0 0.005091 -206.4479653 51.9038851 0.049339 0.0462669 
2160000 2160 1000.0 2567145.416 1705.071 7.6115 0 0 0 0.0052135 -206.689276 47.3145578 0.049588 0.0445507 
2170000 2170 1000.0 2584724.459 1714.82 7.6107 0 0 0 0.0047983 -207.350976 28.1855775 0.0490491 0.0450951 
2180000 2180 1000.0 2601427.377 1706.466 7.6218 0 0 0 0.00489 -207.3768115 20.4115499 0.0499259 0.0448766 
2190000 2190 1000.0 2618023.515 1697.644 7.623 0 0 0 0.0050157 -207.7878745 48.0416291 0.0491462 0.0448627 
2200000 2200 1000.0 2635179.851 1701.117 7.6345 0 0 0 0.0049298 -208.1144672 38.8292213 0.0490704 0.0446108 
2210000 2210 1000.0 2653109.855 1717.852 7.6417 0 0 0 0.0049385 -208.0714754 24.9267019 0.048521 0.0456506 
2220000 2220 1000.0 2670108.148 1714.819 7.6416 0 0 0 0.005079 -208.213455 52.468386 0.0480209 0.045756 
2230000 2230 1000.0 2687678.692 1722.262 7.6387 0 0 0 0.0049508 -208.5175118 46.1818232 0.0496115 0.045144 
2240000 2240 1000.0 2705319.355 1729.64 7.6331 0 0 0 0.0052676 -208.9578864 62.5185422 0.0501452 0.0460637 
2250000 2250 1000.0 2722715.011 1731.457 7.6288 0 0 0 0.005129 -209.2271946 61.031388 0.0494824 0.0460555 
2260000 2260 1000.0 2740216.853 1734.595 7.6174 0 0 0 0.0050584 -209.2209981 60.9150144 0.0512036 0.0456354 
2270000 2270 1000.0 2757810.059 1739.248 7.6136 0 0 0 0.0048288 -209.5761062 62.7691765 0.0505168 0.0434804 
2280000 2280 1000.0 2775796.283 1750.546 7.6154 0 0 0 0.0044956 -210.1503853 53.3784629 0.0488622 0.0414547 
2290000 2290 1000.0 2794261.641 1768.486 7.6108 0 0 0 0.0050326 -210.4527831 37.6830226 0.047792 0.0443546 
2300000 2300 1000.0 2812541.373 1778.925 7.6143 0 0 0 0.0047032 -210.797265 34.5907548 0.0497918 0.0426766 
2310000 2310 1000.0 2830858.106 1788.575 7.6073 0 0 0 0.0049782 -211.2644563 56.1239817 0.0480303 0.0431032 
2320000 2320 1000.0 2849105.864 1795.195 7.6076 0 0 0 0.0047097 -212.001759 50.0701574 0.0513877 0.042849 
2330000 2330 1000.0 2867200.384 1797.895 7.6023 0 0 0 0.0045532 -212.4900841 23.931631 0.0473033 0.0414457 
2340000 2340 1000.0 2885571.789 1805.363 7.6099 0 0 0 0.0045113 -212.1134811 33.0866703 0.047318 0.0413168 
2350000 2350 1000.0 2903577.814 1804.791 7.6199 0 0 0 0.0046404 -212.9284544 60.033025 0.0489019 0.0417751 
2360000 2360 1000.0 2921184.801 1796.815 7.6174 0 0 0 0.0041463 -213.7589642 12.1809986 0.0472917 0.0389428 
2370000 2370 1000.0 2939363.953 1800.473 7.6136 0 0 0 0.0045891 -213.3897041 61.3189165 0.0459494 0.0404467 
2380000 2380 1000.0 2958058.345 1813.118 7.6208 0 0 0 0.0042755 -214.1324896 32.376855 0.046247 0.0389305 
2390000 2390 1000.0 2976176.824 1811.664 7.6328 0 0 0 0.0048537 -214.313581 55.751956 0.046535 0.0444184 
2400000 2400 1000.0 2993361.153 1794.795 7.6375 0 0 0 0.0046557 -214.4431031 36.7614475 0.045377 0.0422721 
2410000 2410 1000.0 3010893.383 1787.188 7.64 0 0 0 0.0043567 -215.0169687 34.8065575 0.0461571 0.0401208 
2420000 2420 1000.0 3028509.26 1782.892 7.6366 0 0 0 0.0045077 -215.0991229 60.733847 0.0458555 0.0402901 
2430000 2430 1000.0 3045911.665 1774.581 7.6347 0 0 0 0.0045667 -215.0782179 75.1743299 0.0443016 0.0409213 
2440000 2440 1000.0 3063571.587 1772.962 7.6374 0 0 0 0.0043647 -215.2699348 60.3862884 0.0448006 0.0396101 
2450000 2450 1000.0 3080808.741 1763.597 7.6331 0 0 0 0.0042369 -215.4891434 60.8904046 0.045004 0.0384578 
2460000 2460 1000.0 3097797.059 1751.626 7.6272 0 0 0 0.0044821 -215.5667283 72.7247918 0.0439277 0.0398256 
2470000 2470 1000.0 3115459.895 1753.678 7.6379 0 0 0 0.0046836 -215.4976411 39.6637683 0.0447326 0.0406357 
2480000 2480 1000.0 3132002.057 1735.738 7.6363 0 0 0 0.0048832 -216.1465667 46.0806767 0.0460596 0.0420954 
2490000 2490 1000.0 3149221.091 1733.476 7.6303 0 0 0 0.0044658 -215.7596647 36.9741154 0.0438432 0.0398564 
2500000 2500 1000.0 3165849.337 1720.308 7.6261 0 0 0 0.0045129 -215.7674106 53.3984135 0.045162 0.0409678 
2510000 2510 1000.0 3182570.014 1711.225 7.6232 0 0 0 0.0049078 -215.2294901 85.1972423 0.0437412 0.042884 
2520000 2520 1000.0 3199936.349 1715.922 7.6295 0 0 0 0.0046614 -215.784045 73.5974748 0.046018 0.0399505 
2530000 2530 1000.0 3218035.082 1733.072 7.6224 0 0 0 0.0040881 -215.9627706 21.8852645 0.0460569 0.038006 
2540000 2540 1000.0 3235910.812 1742.342 7.6102 0 0 0 0.004712 -215.0502418 73.0998403 0.0476469 0.041423 
2550000 2550 1000.0 3253128.129 1738.965 7.6132 0 0 0 0.0045697 -214.983115 34.5861625 0.0448154 0.0403784 
2560000 2560 1000.0 3270825.655 1745.432 7.619 0 0 0 0.0042423 -215.6334679 34.0167519 0.0463593 0.0395208 
2570000 2570 1000.0 3289656.676 1770.724 7.6129 0 0 0 0.0046181 -215.6465483 44.2557664 0.0470387 0.0402876 
2580000 2580 1000.0 3308249.112 1786.845 7.6197 0 0 0 0.0047244 -214.9980642 69.7246535 0.0478866 0.0411579 
2590000 2590 1000.0 3326971.955 1802.258 7.6135 0 0 0 0.0047281 -215.2071301 93.2346688 0.0468075 0.0420374 
2600000 2600 1000.0 3345434.42 1810.237 7.6078 0 0 0 0.0046327 -215.8642684 65.1897301 0.0463366 0.0412808 
2610000 2610 1000.0 3363884.998 1817.161 7.6172 0 0 0 0.0045877 -215.6470763 32.5492776 0.0475117 0.0413128 
2620000 2620 1000.0 3382484.791 1825.178 7.6173 0 0 0 0.0045116 -216.2959569 46.5415051 0.0476007 0.0412672 
2630000 2630 1000.0 3400966.463 1829.524 7.6155 0 0 0 0.0047526 -216.0923967 64.2074856 0.0471242 0.0425499 
2640000 2640 1000.0 3420333.604 1848.667 7.6177 0 0 0 0.0044637 -216.3124857 59.4436734 0.0475047 0.0409987 
2650000 2650 1000.0 3438832.057 1849.131 7.6114 0 0 0 0.0042387 -216.5105813 37.9221677 0.0487983 0.0392116 
2660000 2660 1000.0 3457242.716 1847.469 7.6133 0 0 0 0.0044481 -217.3446832 35.1814414 0.0474928 0.038894 
2670000 2670 1000.0 3476103.888 1854.497 7.6017 0 0 0 0.0044571 -217.2950085 72.2841233 0.0463986 0.0404886 
2680000 2680 1000.0 3494649.143 1854.411 7.6028 0 0 0 0.0049519 -217.9420342 67.0083397 0.0484872 0.0414351 
2690000 2690 1000.0 3512595.474 1844.464 7.5982 0 0 0 0.0043348 -217.8633269 95.3061388 0.0470022 0.0386869 
2700000 2700 1000.0 3531794.066 1858.271 7.5967 0 0 0 0.0043446 -218.4889655 37.4810287 0.0474099 0.0387752 
2710000 2710 1000.0 3550576.341 1861.608 7.5869 0 0 0 0.0039946 -218.6467904 40.5337148 0.046684 0.0367088 
2720000 2720 1000.0 3569231.241 1862.432 7.5912 0 0 0 0.0040903 -219.2818446 47.2967313 0.0458966 0.0373297 
2730000 2730 1000.0 3587946.436 1864.469 7.6022 0 0 0 0.003931 -219.8951095 54.3449908 0.0459552 0.0363414 
2740000 2740 1000.0 3606113.436 1855.428 7.6028 0 0 0 0.0041934 -219.6346289 34.1867144 0.0480192 0.0391786 
2750000 2750 1000.0 3622972.761 1824.132 7.6038 0 0 0 0.0043024 -220.2602118 58.098473 0.0478931 0.0384676 
2760000 2760 1000.0 3641398.479 1827.15 7.6115 0 0 0 0.0045566 -220.4225961 75.6018023 0.0475165 0.0407114 
2770000 2770 1000.0 3659685.475 1827.228 7.6181 0 0 0 0.004254 -220.8528758 50.1404274 0.0477342 0.0388459 
2780000 2780 1000.0 3677623.21 1821.284 7.6291 0 0 0 0.0043754 -221.2191955 59.0798935 0.0463523 0.0391824 
2790000 2790 1000.0 3694174.529 1791.879 7.6141 0 0 0 0.0039886 -221.3488641 40.6063213 0.0466839 0.037021 
2800000 2800 1000.0 3712086.001 1791.007 7.6188 0 0 0 0.0044489 -221.4671517 26.6458496 0.0456392 0.0396647 
2810000 2810 1000.0 3729276.761 1778.361 7.6229 0 0 0 0.0041125 -221.1038059 33.3151061 0.0479465 0.0371801 
2820000 2820 1000.0 3746673.471 1770.945 7.6208 0 0 0 0.0045632 -220.9001521 64.795186 0.0466362 0.0390454 
2830000 2830 1000.0 3764513.731 1773.34 7.6182 0 0 0 0.0045949 -221.0451526 73.1764736 0.0489485 0.0400767 
2840000 2840 1000.0 3782054.335 1769.829 7.5994 0 0 0 0.0043931 -221.2242816 99.2297241 0.0475329 0.0396028 
2850000 2850 1000.0 3799208.491 1760.054 7.6128 0 0 0 0.0042946 -221.3541195 46.9270903 0.048933 0.0389023 
2860000 2860 1000.0 3817159.068 1766.057 7.6102 0 0 0 0.0045035 -221.5434992 42.9735774 0.0493869 0.0407696 
2870000 2870 1000.0 3835436.604 1776.924 7.6166 0 0 0 0.0043471 -221.1946654 71.744915 0.0482637 0.0390834 
2880000 2880 1000.0 3850813.458 1733.109 7.6051 0 0 0 0.0044313 -220.4805014 48.9147132 0.0493841 0.0404351 
2890000 2890 1000.0 3868593.217 1741.458 7.5943 0 0 0 0.0045333 -220.3183581 83.4279251 0.050526 0.0397092 
2900000 2900 1000.0 3885475.18 1731.586 7.5978 0 0 0 0.0045787 -220.4801703 51.5210246 0.0494473 0.0414209 
2910000 2910 1000.0 3899498.238 1669.421 7.598 0 0 0 0.0048394 -219.829497 60.1343221 0.0500104 0.0421867 
2920000 2920 1000.0 3916924.708 1682.739 7.5952 0 0 0 0.0049503 -219.5738754 35.5224774 0.0505718 0.0440977 
2930000 2930 1000.0 3934336.185 1693.484 7.6045 0 0 0 0.0044722 -219.8230363 32.1660586 0.0508174 0.0403307 
2940000 2940 1000.0 3952352.947 1713.386 7.6053 0 0 0 0.0047959 -219.7702362 45.9292648 0.0509907 0.0436828 
2950000 2950 1000.0 3967870.759 1683.903 7.5143 0 0 0 0.0047169 -219.4969185 61.8771519 0.0502941 0.0428421 
2960000 2960 1000.0 3985023.061 1690.527 7.5366 0 0 0 0.0047214 -218.9903306 52.5467357 0.0502541 0.041498 
2970000 2970 1000.0 4003080.697 1712.16 7.5688 0 0 0 0.0046783 -218.721542 44.4219895 0.0499817 0.0413547 
2980000 2980 1000.0 4020519.5 1717.777 7.5837 0 0 0 0.0046156 -219.0539931 35.7088104 0.0498308 0.042623 
2990000 2990 1000.0 4038314.469 1729.032 7.5955 0 0 0 0.0049094 -219.6085201 50.186231 0.0517176 0.0445812 
3000000 3000 1000.0 4056536.272 1746.229 7.6106 0 0 0 0.0045364 -219.8043399 51.8947151 0.0519374 0.0413335 
3010000 3010 1000.0 4074555.625 1756.115 7.6308 0 0 0 0.0047149 -219.4524698 39.7490706 0.052899 0.0425206 
3020000 3020 1000.0 4092827.054 1769.349 7.6248 0 0 0 0.0046715 -219.3933378 59.319667 0.0508325 0.041634 
3030000 3030 1000.0 4111158.479 1780.986 7.6245 0 0 0 0.0048074 -219.9636729 43.333536 0.0514251 0.0412721 
3040000 3040 1000.0 4129893.562 1797.766 7.6125 0 0 0 0.0043395 -219.4637136 48.0112645 0.0510122 0.0398603 
3050000 3050 1000.0 4149397.515 1825.652 7.6196 0 0 0 0.0046221 -220.3976885 52.918327 0.0495909 0.0411846 
3060000 3060 1000.0 4168472.5 1840.247 7.6176 0 0 0 0.0047376 -220.5411464 30.206968 0.0508666 0.0421048 
3070000 3070 1000.0 4187044.616 1843.97 7.6337 0 0 0 0.0044371 -220.7058094 36.77601 0.0499409 0.0400586 
3080000 3080 1000.0 4205263.291 1839.972 7.6374 0 0 0 0.0047393 -221.9286118 104.1765146 0.0493174 0.0420247 
3090000 3090 1000.0 4223092.032 1830.002 7.6332 0 0 0 0.0046524 -221.1752225 75.4865026 0.0501384 0.04217 
3100000 3100 1000.0 4241993.973 1840.541 7.6398 0 0 0 0.0045689 -221.9645599 30.162627 0.0497373 0.0413528 
3110000 3110 1000.0 4261151.427 1854.185 7.6491 0 0 0 0.0046151 -222.9134922 33.765219 0.0503329 0.0412386 
3120000 3120 1000.0 4279736.519 1855.743 7.6474 0 0 0 0.0047074 -223.0651233 44.166139 0.0502922 0.0415684 
3130000 3130 1000.0 4298459.138 1858.502 7.6456 0 0 0 0.0046751 -223.0122227 70.1940974 0.0519984 0.0416383 
3140000 3140 1000.0 4317913.055 1875.031 7.6343 0 0 0 0.0044952 -223.3885071 49.3127853 0.0515211 0.0415521 
3150000 3150 1000.0 4336810.773 1878.776 7.6371 0 0 0 0.0046467 -224.1361566 39.8195923 0.0513243 0.0414945 
3160000 3160 1000.0 4356561.217 1896.371 7.6404 0 0 0 0.0046084 -224.4336341 34.3124292 0.0498908 0.0414162 
3170000 3170 1000.0 4376257.908 1909.555 7.6649 0 0 0 0.0046198 -224.9275266 30.7755577 0.0494744 0.0424413 
3180000 3180 1000.0 4396666.29 1933.289 7.6631 0 0 0 0.0044352 -225.0657233 84.5831634 0.0502267 0.0401123 
3190000 3190 1000.0 4415606.795 1926.843 7.6734 0 0 0 0.0045958 -225.8604246 50.6829401 0.0504202 0.0409776 
3200000 3200 1000.0 4434394.56 1917.85 7.6854 0 0 0 0.0043643 -226.1912654 56.2406581 0.0500203 0.0393606 
3210000 3210 1000.0 4453641.018 1918.669 7.6791 0 0 0 0.0045291 -226.4711377 62.0639109 0.0489663 0.0409967 
3220000 3220 1000.0 4472363.371 1910.464 7.6864 0 0 0 0.0044171 -226.8667029 50.3644134 0.0488424 0.0385041 
3230000 3230 1000.0 4491230.139 1906.841 7.6767 0 0 0 0.0046212 -226.6630309 110.2987859 0.0495704 0.0397558 
3240000 3240 1000.0 4510073.531 1902.528 7.6852 0 0 0 0.0045809 -226.4886431 125.2589861 0.0499461 0.0401857 
3250000 3250 1000.0 4528652.288 1894.573 7.6827 0 0 0 0.0041305 -227.0717256 48.0001694 0.0480996 0.0375528 
3260000 3260 1000.0 4546313.381 1870.78 7.6688 0 0 0 0.0045205 -226.9605687 44.9514666 0.0486522 0.0389416 
3270000 3270 1000.0 4563696.899 1847.12 7.6776 0 0 0 0.0041883 -226.8044096 39.2028792 0.0491198 0.0379112 
3280000 3280 1000.0 4583290.335 1867.462 7.6811 0 0 0 0.0043385 -226.8240341 47.0132553 0.0495003 0.0391191 
3290000 3290 1000.0 4603116.628 1888.222 7.6903 0 0 0 0.00424 -227.1117723 47.8685854 0.0482921 0.0383199 
3300000 3300 1000.0 4622996.524 1906.73 7.6832 0 0 0 0.0043034 -227.4250449 66.6085327 0.04895 0.038843 
3310000 3310 1000.0 4642883.673 1921.523 7.696 0 0 0 0.0038942 -227.9254365 54.0844885 0.0477366 0.0351162 
3320000 3320 1000.0 4662117.355 1921.397 7.7026 0 0 0 0.0042687 -228.3712584 47.3902226 0.0484081 0.0385519 
3330000 3330 1000.0 4682076.618 1935.19 7.6963 0 0 0 0.0043722 -228.7539695 54.5538078 0.0467335 0.0387863 
3340000 3340 1000.0 4701834.393 1942.242 7.6948 0 0 0 0.0038857 -228.9461727 36.6986103 0.0466175 0.0357287 
3350000 3350 1000.0 4721535.534 1947.879 7.6806 0 0 0 0.0042764 -229.365392 42.5878522 0.0465182 0.0384792 
3360000 3360 1000.0 4741669.689 1959.691 7.6773 0 0 0 0.0043393 -229.831939 35.0240962 0.0472137 0.0386463 
3370000 3370 1000.0 4762035.92 1973.574 7.6752 0 0 0 0.0041652 -230.117415 64.5232256 0.0460274 0.0365238 
3380000 3380 1000.0 4782259.782 1982.759 7.6723 0 0 0 0.0041937 -230.1287497 52.2587512 0.048316 0.0379766 
3390000 3390 1000.0 4802214.753 1984.869 7.6661 0 0 0 0.004033 -230.8685807 56.5355401 0.0468785 0.0368587 
3400000 3400 1000.0 4822364.673 1991.279 7.6628 0 0 0 0.0043788 -231.0062138 48.0801871 0.0481641 0.039681 
3410000 3410 1000.0 4840411.652 1954.138 7.6541 0 0 0 0.004379 -230.7671193 99.9539424 0.0487475 0.0385473 
3420000 3420 1000.0 4859437.232 1943.211 7.6408 0 0 0 0.003976 -231.2555599 48.7023239 0.0483663 0.0357708 
3430000 3430 1000.0 4879695.57 1958.271 7.6367 0 0 0 0.0042663 -231.4996086 48.259484 0.0480994 0.0383581 
3440000 3440 1000.0 4899978.913 1970.518 7.6326 0 0 0 0.0049403 -231.8213003 70.1267604 0.048514 0.0416114 
3450000 3450 1000.0 4918225.386 1942.339 7.6306 0 0 0 0.0043824 -232.4873634 55.927922 0.0470219 0.037953 
3460000 3460 1000.0 4938059.127 1949.802 7.6176 0 0 0 0.004248 -232.6076294 41.1060798 0.0468935 0.0376573 
3470000 3470 1000.0 4958235.221 1961.9 7.6185 0 0 0 0.0042711 -233.0263144 100.9846466 0.0465428 0.0379038 
3480000 3480 1000.0 4977831.33 1961.156 7.6237 0 0 0 0.004342 -232.4877036 72.6402885 0.046176 0.0386478 
3490000 3490 1000.0 4998056.001 1972.635 7.6254 0 0 0 0.0044392 -233.2379305 81.1483364 0.0471984 0.0393376 
3500000 3500 1000.0 5017578.456 1969.688 7.636 0 0 0 0.0046613 -233.3449536 30.399506 0.0474726 0.0402326 
3510000 3510 1000.0 5036574.189 1956.663 7.6234 0 0 0 0.0045832 -233.5453118 82.9626609 0.0466784 0.0404656 
3520000 3520 1000.0 5055051.195 1937.157 7.631 0 0 0 0.0044626 -233.821667 75.4172146 0.0469992 0.0392474 
3530000 3530 1000.0 5074176.35 1932.578 7.6269 0 0 0 0.0042794 -233.918752 66.5660777 0.0464503 0.0380636 
3540000 3540 1000.0 5092899.925 1921.668 7.6313 0 0 0 0.0043883 -234.2386171 70.177327 0.0463521 0.0385841 
3550000 3550 1000.0 5112045.14 1920.425 7.6231 0 0 0 0.0043049 -233.881375 74.9229708 0.0481688 0.038909 
3560000 3560 1000.0 5131578.515 1926.514 7.62 0 0 0 0.0044916 -233.9591526 50.800582 0.0478694 0.0385909 
3570000 3570 1000.0 5151662.968 1941.725 7.6198 0 0 0 0.004151 -234.0037254 48.6168958 0.0469925 0.0378578 
3580000 3580 1000.0 5172223.353 1962.893 7.6208 0 0 0 0.0045687 -234.0956434 73.7196739 0.0477271 0.0397003 
3590000 3590 1000.0 5192411.647 1973.359 7.6117 0 0 0 0.0038053 -234.971572 59.541373 0.0466784 0.035537 
3600000 3600 1000.0 5212476.432 1979.698 7.605 0 0 0 0.0040381 -234.6343703 48.7100593 0.0472862 0.0368428 
3610000 3610 1000.0 5232458.928 1982.017 7.6072 0 0 0 0.0045741 -235.2116937 38.329235 0.047127 0.0394451 
3620000 3620 1000.0 5252632.42 1988.723 7.6139 0 0 0 0.0043782 -235.8895167 51.6296961 0.0476803 0.0380401 
3630000 3630 1000.0 5271710.877 1973.34 7.6114 0 0 0 0.0042149 -235.9464802 59.460615 0.047121 0.0381629 
3640000 3640 1000.0 5291915.82 1980.966 7.6106 0 0 0 0.0043277 -236.1470489 75.3242027 0.047969 0.0375591 
3650000 3650 1000.0 5311703.834 1980.951 7.6249 0 0 0 0.0041429 -236.4929236 82.8526601 0.0474947 0.0367045 
3660000 3660 1000.0 5331530.606 1981.329 7.6292 0 0 0 0.0041119 -236.6834321 53.7814539 0.0484582 0.0373243 
3670000 3670 1000.0 5351062.01 1975.94 7.6353 0 0 0 0.0041217 -236.7676922 97.8904324 0.0485864 0.0377351 
3680000 3680 1000.0 5371527.885 1989.625 7.6394 0 0 0 0.0041862 -237.0341334 70.3737518 0.0461378 0.0370946 
3690000 3690 1000.0 5391982.77 1999.907 7.6412 0 0 0 0.0040922 -237.1617233 65.3339378 0.0468923 0.0373428 
3700000 3700 1000.0 5412475.211 2008.621 7.639 0 0 0 0.0040942 -237.0713113 71.8447637 0.0472502 0.0367472 
3710000 3710 1000.0 5432855.469 2014.284 7.638 0 0 0 0.0041415 -237.586469 85.4369378 0.0473837 0.0373733 
3720000 3720 1000.0 5453429.074 2021.84 7.633 0 0 0 0.0039064 -237.9308072 58.9489898 0.0463835 0.035597 
3730000 3730 1000.0 5473183.417 2012.943 7.6262 0 0 0 0.0036486 -238.330055 27.0717184 0.0461381 0.0340831 
3740000 3740 1000.0 5493334.619 2013.59 7.6244 0 0 0 0.0039259 -238.5784261 51.5100732 0.0460196 0.0355726 
3750000 3750 1000.0 5513160.368 2007.229 7.6242 0 0 0 0.0039918 -238.3731026 66.8100613 0.0450462 0.0361768 
3760000 3760 1000.0 5533333.951 2009.175 7.622 0 0 0 0.0039706 -238.6650357 36.6889016 0.04669 0.0351775 
3770000 3770 1000.0 5553712.074 2014.224 7.6301 0 0 0 0.0039637 -238.3891135 99.0013498 0.0472391 0.0360724 
3780000 3780 1000.0 5574104.613 2018.237 7.635 0 0 0 0.0037974 -238.6668508 45.2247813 0.045649 0.0347256 
3790000 3790 1000.0 5593333.95 2000.737 7.6286 0 0 0 0.0042158 -238.3651912 59.4484174 0.0465103 0.0370044 
3800000 3800 1000.0 5614011.237 2013.214 7.6282 0 0 0 0.0041206 -238.4835107 55.8794963 0.0462397 0.0357317 
3810000 3810 1000.0 5634235.839 2014.795 7.6445 0 0 0 0.0040292 -238.6736881 33.3009789 0.0464649 0.0361456 
3820000 3820 1000.0 5653920.73 2006.738 7.6341 0 0 0 0.0036647 -238.4695057 39.7737886 0.0448261 0.0334727 
3830000 3830 1000.0 5674038.045 2007.785 7.6472 0 0 0 0.004092 -238.4663708 88.8979461 0.0456611 0.0359078 
3840000 3840 1000.0 5694927.948 2022.61 7.6603 0 0 0 0.0038444 -238.8984788 81.7083295 0.0458672 0.0338254 
3850000 3850 1000.0 5715145.303 2022.095 7.6543 0 0 0 0.0040282 -238.8752068 66.485494 0.046021 0.0343443 
3860000 3860 1000.0 5735140.478 2018.173 7.6562 0 0 0 0.0039371 -239.1565002 71.4265036 0.0450511 0.0350769 
3870000 3870 1000.0 5754001.462 1993.86 7.6488 0 0 0 0.0039294 -239.1578784 70.391005 0.0452845 0.0349248 
3880000 3880 1000.0 5774497.252 2004.759 7.6481 0 0 0 0.0037196 -238.9039416 71.8505129 0.0467714 0.0329789 
3890000 3890 1000.0 5794647.899 2006.103 7.649 0 0 0 0.0043415 -238.8658751 88.6148016 0.0449706 0.0363751 
3900000 3900 1000.0 5815253.548 2015.719 7.6443 0 0 0 0.0038972 -238.9867412 37.9390493 0.0458191 0.0359604 
3910000 3910 1000.0 5835895.193 2024.588 7.6446 0 0 0 0.0039337 -239.003409 49.8262296 0.0450725 0.0357688 
3920000 3920 1000.0 5856089.936 2022.666 7.6508 0 0 0 0.0037868 -238.8485892 52.6674065 0.0454853 0.0337966 
3930000 3930 1000.0 5876169.66 2019.553 7.6463 0 0 0 0.0042436 -238.7336608 55.3855175 0.0460388 0.0364585 
3940000 3940 1000.0 5897012.117 2031.402 7.6319 0 0 0 0.0042762 -239.1603072 45.7193021 0.0455645 0.0353602 
3950000 3950 1000.0 5916821.609 2021.713 7.6249 0 0 0 0.0040679 -239.0944182 75.6222762 0.0442857 0.0362157 
3960000 3960 1000.0 5935408.681 1991.681 7.624 0 0 0 0.0039853 -238.7893139 84.5974764 0.0460488 0.0352402 
3970000 3970 1000.0 5955193.141 1989.163 7.6204 0 0 0 0.0039696 -238.9486333 29.4745013 0.0452249 0.0353962 
3980000 3980 1000.0 5975320.702 1993.336 7.6218 0 0 0 0.0038338 -238.5916046 52.3753521 0.0459875 0.0349403 
3990000 3990 1000.0 5996538.032 2016.593 7.6271 0 0 0 0.0039705 -238.9557806 78.1105429 0.0461851 0.0357833 
4000000 4000 1000.0 6017333.854 2028.193 7.628 0 0 0 0.0040006 -238.9800554 63.9045587 0.0459022 0.0346013 
4010000 4010 1000.0 6037319.656 2021.919 7.6398 0 0 0 0.00389 -238.7846184 82.8526813 0.0454895 0.0347953 
4020000 4020 1000.0 6057947.352 2029.581 7.6492 0 0 0 0.0040444 -239.0662637 57.7693235 0.0461446 0.0366658 
4030000 4030 1000.0 6078861.449 2041.144 7.6453 0 0 0 0.004276 -238.951411 70.997264 0.0487881 0.0377912 
4040000 4040 1000.0 6099575.564 2046.504 7.6503 0 0 0 0.0041087 -238.535018 78.2536257 0.0479779 0.0370511 
4050000 4050 1000.0 6120472.002 2054.174 7.6523 0 0 0 0.0041235 -239.1759008 72.2690054 0.0469575 0.0367032 
4060000 4060 1000.0 6141057.061 2055.298 7.6637 0 0 0 0.0039364 -239.3959586 53.2776296 0.0459562 0.0353982 
4070000 4070 1000.0 6161612.701 2055.195 7.6611 0 0 0 0.0037384 -239.4610381 40.8664436 0.0457996 0.0344517 
4080000 4080 1000.0 6181680.89 2045.746 7.6567 0 0 0 0.0038614 -239.3357356 54.1955564 0.0464239 0.0340301 
4090000 4090 1000.0 6202250.815 2048.103 7.65 0 0 0 0.003998 -239.6353777 44.0799429 0.047552 0.0358265 
4100000 4100 1000.0 6222990.71 2052.966 7.6487 0 0 0 0.0038127 -239.4637791 52.7122774 0.0460542 0.0348858 
4110000 4110 1000.0 6243643.644 2055.294 7.6429 0 0 0 0.0039255 -239.8530659 65.7922756 0.0467388 0.0354059 
4120000 4120 1000.0 6265179.131 2073.92 7.6385 0 0 0 0.0037713 -239.9503484 42.2539215 0.0471637 0.0340883 
4130000 4130 1000.0 6286164.096 2077.872 7.6343 0 0 0 0.0040109 -240.4431876 22.7067258 0.0470244 0.036648 
4140000 4140 1000.0 6307067.62 2080.356 7.6257 0 0 0 0.0037525 -240.6083547 38.8905536 0.0479146 0.0347366 
4150000 4150 1000.0 6327813.386 2080.084 7.6279 0 0 0 0.0038487 -240.4101537 35.1114426 0.0467608 0.0358416 
4160000 4160 1000.0 6348461.307 2078.0 7.6325 0 0 0 0.0042898 -240.6858419 95.1794104 0.0475071 0.0373178 
4170000 4170 1000.0 6368603.792 2066.477 7.6276 0 0 0 0.0040349 -241.2336348 30.9083515 0.0481558 0.0367423 
4180000 4180 1000.0 6389736.776 2074.679 7.6161 0 0 0 0.0042092 -241.0135428 90.8468187 0.0475801 0.0375626 
4190000 4190 1000.0 6410408.057 2072.411 7.6141 0 0 0 0.0042389 -241.7478341 53.6606315 0.0476616 0.0369173 
4200000 4200 1000.0 6430301.624 2057.386 7.6181 0 0 0 0.0041668 -241.4214102 65.2397318 0.0483282 0.0371587 
4210000 4210 1000.0 6451364.694 2065.647 7.6255 0 0 0 0.0039333 -241.3512669 66.6184108 0.0475907 0.0359414 
4220000 4220 1000.0 6471899.974 2063.569 7.6153 0 0 0 0.0044291 -241.9077444 38.2247955 0.049196 0.0386094 
4230000 4230 1000.0 6493167.147 2074.234 7.6234 0 0 0 0.0039875 -241.8854183 56.3972814 0.0481516 0.0356562 
4240000 4240 1000.0 6512784.948 2053.814 7.6271 0 0 0 0.0040879 -241.901273 80.3491693 0.0490457 0.0360983 
4250000 4250 1000.0 6532903.394 2045.92 7.6307 0 0 0 0.0040259 -241.7042741 56.7478902 0.048744 0.0367843 
4260000 4260 1000.0 6554233.668 2061.53 7.618 0 0 0 0.0046257 -242.0387997 89.546981 0.0478752 0.0408258 
4270000 4270 1000.0 6575338.668 2070.667 7.6219 0 0 0 0.0042688 -242.4431233 68.1756924 0.0490443 0.0372674 
4280000 4280 1000.0 6595893.294 2067.638 7.6156 0 0 0 0.0044556 -242.5602222 84.8054928 0.0488034 0.0385074 
4290000 4290 1000.0 6617039.476 2076.366 7.626 0 0 0 0.0044528 -243.0260887 63.4292902 0.0484165 0.0393239 
4300000 4300 1000.0 6636849.29 2057.862 7.6348 0 0 0 0.0040222 -242.9527283 22.8947747 0.0502081 0.0369426 
4310000 4310 1000.0 6657368.601 2057.025 7.6356 0 0 0 0.0041218 -242.9972642 31.0060832 0.0477239 0.0369364 
4320000 4320 1000.0 6678873.563 2074.399 7.6379 0 0 0 0.0042064 -242.7027096 81.1188331 0.0477591 0.0382388 
4330000 4330 1000.0 6700485.197 2090.582 7.6463 0 0 0 0.0040061 -243.0782984 65.0483018 0.0467512 0.0362504 
4340000 4340 1000.0 6722522.198 2112.064 7.639 0 0 0 0.0041948 -243.3939676 34.3205692 0.0472766 0.0375952 
4350000 4350 1000.0 6744324.892 2124.769 7.6287 0 0 0 0.003962 -243.6765252 48.99307 0.0477778 0.0360778 
4360000 4360 1000.0 6765547.182 2124.236 7.6222 0 0 0 0.0043684 -243.9065237 37.879596 0.0481689 0.039072 
4370000 4370 1000.0 6786929.062 2126.603 7.6305 0 0 0 0.0042017 -244.5371077 24.6972165 0.0477489 0.0378448 
4380000 4380 1000.0 6808058.178 2124.052 7.6321 0 0 0 0.0042109 -244.5061441 70.8878743 0.0479191 0.037571 
4390000 4390 1000.0 6827487.43 2090.116 7.6322 0 0 0 0.0042937 -244.2337709 52.8327988 0.0479234 0.0377478 
4400000 4400 1000.0 6847700.637 2077.586 7.6367 0 0 0 0.0042888 -244.4943644 38.9490037 0.0485442 0.0389123 
4410000 4410 1000.0 6868847.578 2083.712 7.6383 0 0 0 0.0043776 -244.6898391 100.5076353 0.0480639 0.038975 
4420000 4420 1000.0 6889525.301 2080.953 7.6334 0 0 0 0.0041832 -245.2339353 32.5130581 0.0473327 0.0365299 
4430000 4430 1000.0 6909804.296 2070.788 7.6444 0 0 0 0.0044044 -244.5628549 88.4010376 0.0494545 0.0388148 
4440000 4440 1000.0 6930334.332 2067.423 7.6424 0 0 0 0.0041722 -244.6702666 63.9450015 0.0473874 0.0374265 
4450000 4450 1000.0 6951076.006 2069.419 7.6542 0 0 0 0.0040587 -244.7635792 72.9847428 0.0476833 0.0369828 
4460000 4460 1000.0 6971518.161 2065.398 7.6529 0 0 0 0.0042693 -245.2241869 44.460002 0.047669 0.0387202 
4470000 4470 1000.0 6992503.057 2071.254 7.6435 0 0 0 0.0040243 -245.1658358 71.9599876 0.0466278 0.0362846 
4480000 4480 1000.0 7011508.913 2039.77 7.6462 0 0 0 0.0043235 -244.8945077 47.1809204 0.0482118 0.039174 
4490000 4490 1000.0 7031353.226 2029.482 7.6342 0 0 0 0.0041107 -244.7164968 44.461241 0.049234 0.0376851 
4500000 4500 1000.0 7051818.334 2031.673 7.6361 0 0 0 0.0042805 -244.7370978 43.7276266 0.046439 0.0380745 
4510000 4510 1000.0 7073348.134 2054.149 7.6397 0 0 0 0.0039467 -245.328697 62.5058599 0.0468315 0.0365587 
4520000 4520 1000.0 7093527.656 2047.758 7.6403 0 0 0 0.0043968 -244.2506293 113.030979 0.0475384 0.0386637 
4530000 4530 1000.0 7115226.662 2070.488 7.6262 0 0 0 0.00442 -244.7544422 87.6598117 0.0473451 0.0391244 
4540000 4540 1000.0 7137004.373 2090.157 7.6183 0 0 0 0.0043442 -245.2223573 28.9999766 0.0472645 0.0385661 
4550000 4550 1000.0 7158514.958 2101.422 7.63 0 0 0 0.0041969 -245.1685722 73.7120781 0.0473625 0.0374829 
4560000 4560 1000.0 7179409.646 2099.816 7.6473 0 0 0 0.0041567 -245.4822153 61.9426657 0.0468592 0.03683 
4570000 4570 1000.0 7200512.233 2101.836 7.6613 0 0 0 0.0041339 -245.5443958 33.9582285 0.0475449 0.037264 
4580000 4580 1000.0 7221539.259 2101.967 7.6601 0 0 0 0.0045059 -244.9900194 173.267758 0.047676 0.0385047 
4590000 4590 1000.0 7242588.477 2102.509 7.6507 0 0 0 0.0040292 -245.5274471 39.4365592 0.046781 0.0364838 
4600000 4600 1000.0 7263560.28 2101.445 7.6467 0 0 0 0.0043338 -246.2442944 54.5967187 0.0467664 0.0383082 
4610000 4610 1000.0 7284924.933 2107.873 7.6653 0 0 0 0.00424 -246.088013 31.5415127 0.0454151 0.0370768 
4620000 4620 1000.0 7305750.387 2103.337 7.6592 0 0 0 0.0039392 -246.8937922 58.2144388 0.0456196 0.035832 
4630000 4630 1000.0 7327461.349 2115.483 7.6583 0 0 0 0.0040222 -246.9970484 42.2093823 0.0453309 0.0349432 
4640000 4640 1000.0 7349195.915 2126.563 7.6551 0 0 0 0.0039624 -246.9095043 61.4716218 0.0456952 0.0357039 
4650000 4650 1000.0 7370633.195 2130.175 7.6534 0 0 0 0.0039267 -247.4951137 30.995361 0.0457588 0.0360197 
4660000 4660 1000.0 7391684.982 2125.312 7.6538 0 0 0 0.0039989 -247.759706 34.3676303 0.0448224 0.0360923 
4670000 4670 1000.0 7413454.215 2134.907 7.6569 0 0 0 0.0039739 -247.9066602 51.5260187 0.0448874 0.0363029 
4680000 4680 1000.0 7434941.747 2137.431 7.6561 0 0 0 0.0039896 -248.3181956 36.2394496 0.0445728 0.0356036 
4690000 4690 1000.0 7456360.456 2138.17 7.6537 0 0 0 0.0041325 -248.6408546 49.2459619 0.0446076 0.0367503 
4700000 4700 1000.0 7477853.807 2140.037 7.6557 0 0 0 0.0040525 -248.9314513 61.9492027 0.0440577 0.0352734 
4710000 4710 1000.0 7499621.709 2146.953 7.6561 0 0 0 0.0038254 -249.0865144 36.1154634 0.0431363 0.0353811 
4720000 4720 1000.0 7521165.314 2147.421 7.653 0 0 0 0.0042002 -249.6231772 77.1596505 0.0428206 0.0366069 
4730000 4730 1000.0 7542723.427 2148.641 7.659 0 0 0 0.0040808 -249.6080743 54.6715949 0.0434896 0.0360968 
4740000 4740 1000.0 7563881.706 2142.672 7.6761 0 0 0 0.0041564 -249.813261 77.4455402 0.0425606 0.0354428 
4750000 4750 1000.0 7584950.6 2136.057 7.6833 0 0 0 0.0042148 -249.4929456 87.3794056 0.0436283 0.0366446 
4760000 4760 1000.0 7605663.735 2123.921 7.6852 0 0 0 0.0043906 -249.7312514 65.1572456 0.0435593 0.0373825 
4770000 4770 1000.0 7626583.164 2118.76 7.6856 0 0 0 0.004129 -249.5220419 50.6857857 0.043457 0.0364871 
4780000 4780 1000.0 7647370.788 2112.259 7.6948 0 0 0 0.0038795 -249.310492 56.1950553 0.0441726 0.0351138 
4790000 4790 1000.0 7667901.216 2100.808 7.7007 0 0 0 0.0037729 -249.6268671 34.7435316 0.0436815 0.0344973 
4800000 4800 1000.0 7688220.512 2088.138 7.6994 0 0 0 0.0040133 -249.3713716 50.5893543 0.0429829 0.0364958 
4810000 4810 1000.0 7708472.265 2076.414 7.6922 0 0 0 0.0041852 -249.2859501 62.8032394 0.0413705 0.0354046 
4820000 4820 1000.0 7725280.008 2002.934 7.686 0 0 0 0.004364 -248.0656265 38.5316619 0.0442698 0.0377994 
4830000 4830 1000.0 7745313.885 2003.279 7.6957 0 0 0 0.0041264 -248.4301027 73.3217725 0.0441914 0.0365564 
4840000 4840 1000.0 7766254.445 2020.544 7.6995 0 0 0 0.004209 -247.7510451 95.3100158 0.0445323 0.037041 
4850000 4850 1000.0 7787419.503 2038.332 7.6902 0 0 0 0.0039772 -248.0206576 71.3529547 0.04348 0.0359504 
4860000 4860 1000.0 7808682.361 2054.406 7.7013 0 0 0 0.0039719 -248.0267726 45.5331224 0.0433358 0.0358315 
4870000 4870 1000.0 7830212.562 2072.906 7.7008 0 0 0 0.0042584 -247.5322215 75.7039222 0.0430684 0.0381502 
4880000 4880 1000.0 7851757.492 2087.683 7.6965 0 0 0 0.0041231 -247.7040443 69.1566163 0.0430932 0.0352614 
4890000 4890 1000.0 7873654.492 2106.272 7.7057 0 0 0 0.0038282 -248.2456984 74.1875077 0.0439208 0.0342406 
4900000 4900 1000.0 7895760.995 2126.226 7.7097 0 0 0 0.0036356 -248.3083193 46.8800116 0.043985 0.032863 
4910000 4910 1000.0 7918178.415 2147.689 7.7133 0 0 0 0.0041506 -247.9142993 38.6372438 0.0447228 0.0358437 
4920000 4920 1000.0 7940234.644 2158.154 7.7085 0 0 0 0.0043245 -248.175425 83.0732551 0.0439983 0.0373282 
4930000 4930 1000.0 7961961.363 2160.982 7.7281 0 0 0 0.0041435 -247.5054836 123.0955994 0.043357 0.0369068 
4940000 4940 1000.0 7983063.762 2151.205 7.7252 0 0 0 0.0039505 -248.0979415 47.8365665 0.043263 0.0359667 
4950000 4950 1000.0 8004025.525 2141.364 7.7197 0 0 0 0.0038485 -248.2364524 57.4281136 0.0436998 0.0347864 
4960000 4960 1000.0 8025549.024 2144.065 7.7157 0 0 0 0.0037698 -248.2564215 33.9579853 0.0434552 0.0347113 
4970000 4970 1000.0 8046654.215 2137.968 7.7156 0 0 0 0.003668 -248.0932712 35.212134 0.0449898 0.0335165 
4980000 4980 1000.0 8067233.98 2123.239 7.7338 0 0 0 0.0038659 -247.5036519 85.2447481 0.0440237 0.0352531 
4990000 4990 1000.0 8088896.376 2130.887 7.7223 0 0 0 0.0038053 -248.3956573 46.5091882 0.0434515 0.0339717 
5000000 5000 1000.0 8110031.371 2127.454 7.7172 0 0 0 0.0041522 -247.979788 83.707467 0.0439503 0.0362566 
5010000 5010 1000.0 8130617.865 2114.394 7.7224 0 0 0 0.004214 -248.1230686 119.934397 0.0436022 0.0353942 
5020000 5020 1000.0 8150514.59 2091.894 7.7313 0 0 0 0.0036311 -249.1281465 8.17708 0.0428139 0.033285 
5030000 5030 1000.0 8170792.058 2080.157 7.734 0 0 0 0.0036775 -248.9050577 54.5556285 0.043033 0.0337175 
5040000 5040 1000.0 8191572.483 2080.042 7.7208 0 0 0 0.0045604 -249.0884202 83.0612443 0.0428479 0.0384715 
5050000 5050 1000.0 8211485.145 2063.526 7.7154 0 0 0 0.0045095 -248.8305661 64.7321906 0.0433298 0.0361172 
5060000 5060 1000.0 8232223.842 2065.423 7.7051 0 0 0 0.0041776 -248.8080353 82.0517348 0.0423848 0.0359518 
5070000 5070 1000.0 8253760.572 2081.384 7.6909 0 0 0 0.0038038 -248.9639938 39.5618786 0.0421668 0.0334334 
5080000 5080 1000.0 8273044.494 2054.565 7.6741 0 0 0 0.003834 -248.798727 46.1870605 0.0421778 0.0349963 
5090000 5090 1000.0 8293553.412 2053.515 7.663 0 0 0 0.003889 -248.8118701 40.7924005 0.0423693 0.0346144 
5100000 5100 1000.0 8313960.329 2050.464 7.6623 0 0 0 0.0041743 -248.358064 73.8919338 0.0427863 0.0369296 
5110000 5110 1000.0 8333945.384 2041.167 7.6739 0 0 0 0.0036481 -248.1514198 65.0267554 0.0424859 0.0331488 
5120000 5120 1000.0 8353670.972 2029.158 7.6801 0 0 0 0.0038452 -247.8716793 52.6240651 0.0429757 0.033867 
5130000 5130 1000.0 8373391.393 2019.723 7.6829 0 0 0 0.0038191 -247.4832485 89.7165449 0.0435142 0.0335157 
5140000 5140 1000.0 8394532.094 2037.236 7.6838 0 0 0 0.0037228 -247.2919496 46.9625118 0.0432155 0.0334498 
5150000 5150 1000.0 8415853.779 2055.29 7.6672 0 0 0 0.0041395 -247.1216781 81.2834276 0.0433944 0.0349145 
5160000 5160 1000.0 8436765.447 2061.302 7.6634 0 0 0 0.0040803 -247.2185382 35.4054708 0.0429539 0.0349559 
5170000 5170 1000.0 8456306.518 2040.896 7.6526 0 0 0 0.0039718 -247.334948 46.7911076 0.0432854 0.034237 
5180000 5180 1000.0 8474090.692 1994.622 7.6473 0 0 0 0.0043665 -246.5415478 65.7833441 0.0446935 0.0376581 
5190000 5190 1000.0 8493066.641 1976.61 7.6367 0 0 0 0.0039354 -246.3875615 71.2931309 0.043605 0.0349202 
5200000 5200 1000.0 8514050.143 1999.042 7.6206 0 0 0 0.0035928 -245.9923419 64.4806316 0.0444867 0.0325455 
5210000 5210 1000.0 8534172.493 2001.79 7.6436 0 0 0 0.00372 -246.2577347 35.2594549 0.0454511 0.0336442 
5220000 5220 1000.0 8555327.044 2023.283 7.6471 0 0 0 0.0041023 -246.1980966 56.4899118 0.0455441 0.0363021 
5230000 5230 1000.0 8576069.999 2032.918 7.639 0 0 0 0.0036733 -246.197354 69.9632611 0.0446326 0.0332036 
5240000 5240 1000.0 8596360.136 2031.968 7.6279 0 0 0 0.0037234 -245.9133734 49.326605 0.0454847 0.0330448 
5250000 5250 1000.0 8617307.366 2043.18 7.6436 0 0 0 0.0042775 -246.2578619 83.3819691 0.0445496 0.0348287 
5260000 5260 1000.0 8638899.666 2064.546 7.6411 0 0 0 0.0037247 -246.1642485 64.5685143 0.0447044 0.0334642 
5270000 5270 1000.0 8659114.364 2056.507 7.6338 0 0 0 0.0041015 -245.8082122 44.7925529 0.0449255 0.0348147 
5280000 5280 1000.0 8679846.091 2059.55 7.6339 0 0 0 0.0036339 -245.654404 43.7248442 0.0445696 0.0334574 
5290000 5290 1000.0 8700840.352 2066.922 7.646 0 0 0 0.0036848 -246.0794333 48.3785926 0.0445803 0.0328032 
5300000 5300 1000.0 8721539.329 2067.09 7.6541 0 0 0 0.0037532 -246.2269333 44.5165081 0.0440888 0.0335451 
5310000 5310 1000.0 8743712.954 2095.316 7.6606 0 0 0 0.0038583 -245.7150245 64.4681965 0.0444651 0.033893 
5320000 5320 1000.0 8765815.093 2117.034 7.6661 0 0 0 0.0032836 -246.6739186 47.0213352 0.0438762 0.0302178 
5330000 5330 1000.0 8787324.322 2123.419 7.6622 0 0 0 0.0036757 -246.6587078 89.9007179 0.0440655 0.0324613 
5340000 5340 1000.0 8808914.964 2130.41 7.6605 0 0 0 0.0033391 -246.8419908 25.6985759 0.0431228 0.0310006 
5350000 5350 1000.0 8831192.724 2148.372 7.658 0 0 0 0.0036537 -246.8557986 99.7741743 0.0432258 0.0324513 
5360000 5360 1000.0 8852525.711 2145.534 7.651 0 0 0 0.003718 -247.1080938 65.3122602 0.0442373 0.0331381 
5370000 5370 1000.0 8874412.377 2153.147 7.6428 0 0 0 0.0036966 -247.6357627 54.9437293 0.0439077 0.0332821 
5380000 5380 1000.0 8894940.014 2134.85 7.6471 0 0 0 0.0037365 -247.3800118 90.4746699 0.0429318 0.0325246 
5390000 5390 1000.0 8915693.574 2124.539 7.6444 0 0 0 0.0033354 -247.7819066 62.3313625 0.0422415 0.0303785 
5400000 5400 1000.0 8936858.181 2123.089 7.6418 0 0 0 0.0036617 -247.883981 60.3214307 0.0424345 0.032842 
5410000 5410 1000.0 8959350.508 2146.313 7.6459 0 0 0 0.0037431 -248.4232229 64.9704987 0.0416114 0.0326116 
5420000 5420 1000.0 8980696.437 2143.51 7.649 0 0 0 0.0037971 -248.1387481 64.0044995 0.0421351 0.0332753 
5430000 5430 1000.0 9001625.263 2134.059 7.6316 0 0 0 0.0036493 -247.8592669 70.6593761 0.0424578 0.0327036 
5440000 5440 1000.0 9023107.445 2136.705 7.6292 0 0 0 0.0040258 -248.6168561 95.7306102 0.0415781 0.034061 
5450000 5450 1000.0 9044734.58 2141.454 7.6306 0 0 0 0.0039038 -248.4233778 89.1863685 0.0414733 0.0335175 
5460000 5460 1000.0 9066045.469 2139.738 7.6411 0 0 0 0.0038696 -248.6598229 55.2147682 0.0426245 0.0346084 
5470000 5470 1000.0 9087002.508 2131.666 7.6463 0 0 0 0.0037897 -248.7150279 94.3365545 0.0422631 0.0316674 
5480000 5480 1000.0 9108060.959 2126.477 7.6595 0 0 0 0.0036884 -249.1569176 69.0353589 0.0427139 0.0322571 
5490000 5490 1000.0 9128975.404 2120.873 7.6619 0 0 0 0.003973 -248.979207 88.2736546 0.0427412 0.034832 
5500000 5500 1000.0 9148859.472 2096.953 7.6564 0 0 0 0.0034508 -249.2380838 75.5586931 0.0414313 0.0313289 
5510000 5510 1000.0 9167793.405 2060.44 7.6507 0 0 0 0.003855 -249.0266461 139.2266868 0.0421059 0.0332784 
5520000 5520 1000.0 9188662.361 2065.421 7.6527 0 0 0 0.0039065 -248.6026517 83.0703238 0.0425501 0.0346795 
5530000 5530 1000.0 9210532.313 2088.006 7.6531 0 0 0 0.0041242 -249.0580299 77.5754931 0.0421623 0.03518 
5540000 5540 1000.0 9233128.203 2118.695 7.6475 0 0 0 0.0040695 -249.3242871 55.7672107 0.0427128 0.0353091 
5550000 5550 1000.0 9254964.726 2131.007 7.6444 0 0 0 0.0042113 -248.8676127 72.8886431 0.0443001 0.0361527 
5560000 5560 1000.0 9276217.316 2131.068 7.6367 0 0 0 0.003739 -249.2078717 64.1555051 0.0434419 0.0327382 
5570000 5570 1000.0 9297074.436 2122.999 7.6359 0 0 0 0.0039471 -249.229045 95.7391241 0.0438282 0.0353381 
5580000 5580 1000.0 9319274.422 2140.983 7.64 0 0 0 0.0036063 -249.8489842 60.1711469 0.0425579 0.0315325 
5590000 5590 1000.0 9341843.808 2162.182 7.6479 0 0 0 0.004333 -249.5606514 154.8054657 0.04327 0.0345429 
5600000 5600 1000.0 9364725.05 2185.334 7.6501 0 0 0 0.0039481 -250.126716 101.0291742 0.0454088 0.0336278 
5610000 5610 1000.0 9386871.62 2189.841 7.6496 0 0 0 0.0041159 -250.1873404 48.8409936 0.0444352 0.0352319 
5620000 5620 1000.0 9408260.996 2180.582 7.653 0 0 0 0.0035275 -250.5282453 30.6739831 0.0437158 0.0323244 
5630000 5630 1000.0 9430370.011 2186.319 7.6593 0 0 0 0.0039911 -250.4876703 92.6063797 0.0427496 0.0334492 
5640000 5640 1000.0 9452304.649 2187.914 7.6569 0 0 0 0.0036329 -250.450408 74.1639288 0.0438873 0.0324212 
5650000 5650 1000.0 9474723.184 2198.442 7.6586 0 0 0 0.0036797 -251.0034132 38.4814848 0.0432182 0.0332246 
5660000 5660 1000.0 9496893.003 2201.559 7.6696 0 0 0 0.0037853 -251.1316508 46.1286777 0.0420752 0.0334082 
5670000 5670 1000.0 9518791.368 2198.884 7.6666 0 0 0 0.0034644 -251.0566354 59.5766984 0.0425385 0.0310374 
5680000 5680 1000.0 9541819.444 2217.543 7.6683 0 0 0 0.0033039 -251.8077065 24.6566446 0.0423836 0.0306507 
5690000 5690 1000.0 9564358.476 2223.639 7.6805 0 0 0 0.0035049 -252.322811 68.8441777 0.0420428 0.0313614 
5700000 5700 1000.0 9586997.873 2231.04 7.6789 0 0 0 0.0033974 -252.4775462 66.9962011 0.042972 0.0296886 
5710000 5710 1000.0 9609145.73 2228.291 7.678 0 0 0 0.0034656 -253.1216129 44.0465922 0.0430241 0.0311923 
5720000 5720 1000.0 9632580.729 2248.862 7.6645 0 0 0 0.0033227 -253.3671052 19.827141 0.0425737 0.0304996 
5730000 5730 1000.0 9654855.952 2245.666 7.6709 0 0 0 0.0033819 -253.3915163 61.1997849 0.042368 0.0291071 
5740000 5740 1000.0 9677486.343 2249.635 7.6696 0 0 0 0.0033631 -253.4834761 53.5874027 0.0419294 0.0299128 
5750000 5750 1000.0 9699927.987 2247.821 7.6715 0 0 0 0.0032564 -254.0491232 55.8384288 0.0432586 0.0293035 
5760000 5760 1000.0 9722454.353 2248.721 7.6664 0 0 0 0.00373 -254.295109 51.8949886 0.0424589 0.0314434 
5770000 5770 1000.0 9745479.256 2258.56 7.6736 0 0 0 0.0030746 -254.8877722 35.5970641 0.0423882 0.0282103 
5780000 5780 1000.0 9768137.133 2259.525 7.6763 0 0 0 0.0035006 -254.4627722 73.6356886 0.044053 0.0305948 
5790000 5790 1000.0 9789756.915 2240.323 7.6854 0 0 0 0.003396 -254.9028262 60.4054817 0.0446616 0.0301844 
5800000 5800 1000.0 9812319.019 2243.279 7.6806 0 0 0 0.0034663 -254.9916113 56.791585 0.0431837 0.0298474 
5810000 5810 1000.0 9834548.623 2239.46 7.6857 0 0 0 0.0031761 -254.9920371 49.823242 0.0436039 0.0288474 
5820000 5820 1000.0 9856519.055 2231.447 7.6774 0 0 0 0.0032612 -255.4674009 56.944078 0.0435034 0.0293838 
5830000 5830 1000.0 9877693.863 2210.352 7.6773 0 0 0 0.0037283 -255.4127189 60.854561 0.0439543 0.0317227 
5840000 5840 1000.0 9900383.271 2221.983 7.6787 0 0 0 0.0039171 -255.598773 69.4406891 0.0438072 0.0320566 
5850000 5850 1000.0 9923658.009 2241.225 7.6715 0 0 0 0.0034012 -256.0122569 46.1550761 0.0447224 0.029824 
5860000 5860 1000.0 9946430.383 2247.389 7.6871 0 0 0 0.0032901 -256.6810319 51.2499857 0.0436056 0.0293728 
5870000 5870 1000.0 9968236.999 2235.046 7.6802 0 0 0 0.0036912 -256.0380785 96.3600489 0.0438361 0.0304234 
5880000 5880 1000.0 9990143.906 2228.114 7.692 0 0 0 0.0030362 -256.0737386 73.2809296 0.0458078 0.0273904 
5890000 5890 1000.0 10012692.498 2233.228 7.6962 0 0 0 0.0035636 -256.2019292 111.2545512 0.0438524 0.0299925 
5900000 5900 1000.0 10035163.052 2235.923 7.6937 0 0 0 0.0034315 -257.0741027 64.8851502 0.0446322 0.0291917 
5910000 5910 1000.0 10057230.026 2230.26 7.6869 0 0 0 0.003204 -257.2311768 66.0256107 0.0448063 0.0279794 
5920000 5920 1000.0 10080233.908 2243.323 7.6951 0 0 0 0.0033288 -257.6144895 24.3123277 0.0436044 0.0290238 
5930000 5930 1000.0 10103405.927 2257.386 7.6965 0 0 0 0.0035581 -257.6084238 88.277882 0.0438886 0.0304568 
5940000 5940 1000.0 10125977.943 2256.795 7.6933 0 0 0 0.0032051 -257.5207833 79.8198157 0.0442441 0.028178 
5950000 5950 1000.0 10148766.156 2261.214 7.6879 0 0 0 0.0031558 -257.9485758 34.8788761 0.0443749 0.0275368 
5960000 5960 1000.0 10171443.365 2261.886 7.6844 0 0 0 0.0032729 -258.115089 67.2111786 0.0427495 0.0283959 
5970000 5970 1000.0 10193807.647 2256.905 7.6758 0 0 0 0.0031788 -258.7718128 59.638862 0.0436312 0.0280288 
5980000 5980 1000.0 10216314.907 2256.299 7.6959 0 0 0 0.0029273 -258.6480135 41.1780576 0.0438584 0.0264291 
5990000 5990 1000.0 10238135.237 2241.68 7.7014 0 0 0 0.0029268 -258.467525 52.8692297 0.0435148 0.0261763 
6000000 6000 1000.0 10260123.259 2234.277 7.6787 0 0 0 0.0033096 -258.5828956 120.6810262 0.0433099 0.0280093 
