10000 19 159.243 1337.267 20.91 1.2784 19 43379.0 1802.1056 
20000 43 262.29 2721.467 35.386 2.1152 43 85776.0 1783.6059 
30000 67 322.867 4217.067 46.343 2.6097 67 129830.0 1912.8057 
40000 84 396.146 5226.133 49.774 4.0675 84 157897.0 1608.9784 
50000 100 455.823 6452.533 57.176 5.4715 100 183621.0 1587.3059 
60000 120 474.425 8464.4 71.074 6.2275 120 220098.0 1789.4588 
70000 140 484.703 10458.733 81.169 6.6634 140 255860.0 1777.6529 
80000 165 449.01 13057.267 89.692 6.3856 165 303383.0 1829.4 
90000 192 416.572 16063.267 99.644 6.1127 192 358110.0 2158.0884 
100000 221 385.194 18911.0 98.744 5.7864 221 407347.0 1680.1506 
110000 251 354.51 21767.867 95.458 5.3971 251 456988.0 1432.8862 
120000 277 360.962 24526.933 100.09 5.5476 277 504101.0 1869.7976 
130000 303 368.243 27582.333 106.784 5.6821 303 555388.0 1852.7568 
140000 321 425.394 29695.867 109.823 6.5777 321 589850.0 1808.3241 
150000 342 438.575 32095.667 110.271 6.779 342 628509.0 1644.1694 
160000 365 436.709 35122.0 117.594 6.7529 365 677932.0 1957.1602 
170000 406 321.815 38871.267 102.224 5.0074 406 739775.0 1545.9488 
180000 437 313.277 41651.667 94.432 4.8814 437 784886.0 1359.0477 
190000 478 277.347 45008.2 88.618 4.3266 478 839728.0 1362.6727 
200000 511 293.456 48490.2 97.301 4.5752 511 898173.0 1823.8577 
210000 539 315.789 51899.133 107.273 4.9166 539 953132.0 1995.4212 
220000 560 377.339 54466.133 112.569 5.8622 560 994438.0 2078.4168 
230000 596 322.959 58291.867 108.916 5.0273 596 1055721.0 1633.1753 
240000 637 282.438 62683.467 110.396 4.4053 637 1127356.0 1927.7854 
250000 671 284.648 67533.0 125.118 4.4483 671 1206352.0 2260.7745 
260000 704 296.164 72305.267 135.467 4.659 704 1283728.0 2314.8142 
270000 731 325.513 76640.6 144.705 5.0964 731 1352054.0 2491.1948 
280000 736 467.597 77206.067 142.147 7.2819 736 1358943.0 2080.2704 
290000 767 406.401 82241.867 150.681 6.3306 767 1439933.0 2586.6379 
300000 800 355.425 86640.0 142.631 5.5632 800 1510079.0 1983.1095 
310000 825 351.613 91069.267 155.641 5.4812 825 1580916.0 2921.575 
320000 843 425.116 94458.333 164.662 6.553 843 1635554.0 2927.242 
330000 869 413.389 98510.667 161.675 6.4019 869 1700099.0 2450.123 
340000 900 370.548 103343.467 159.437 5.7861 900 1777598.0 2530.3405 
350000 922 401.007 107584.0 171.1 6.3393 922 1846481.0 3122.649 
360000 949 386.048 112111.467 169.686 6.1301 949 1918583.0 2592.5375 
370000 976 381.951 116372.467 165.914 6.0881 976 1987245.0 2534.7944 
380000 1003 376.487 121209.933 171.506 6.0993 1003 2066737.0 2873.5226 
390000 1025 400.945 125811.933 182.586 6.4924 1025 2141789.0 3233.9134 
400000 1046 427.525 130074.0 189.835 6.9656 1046 2211074.0 3411.4065 
410000 1065 459.305 134304.467 200.025 7.5582 1065 2280666.0 3528.628 
420000 1080 519.673 137817.467 210.768 8.6028 1080 2338591.0 3960.2028 
430000 1098 527.185 142031.333 216.293 8.7946 1098 2408009.0 3768.299 
440000 1116 539.588 146317.733 225.337 9.0359 1116 2477364.0 3886.612 
450000 1129 587.576 150118.4 238.748 9.8699 1129 2539680.0 4459.9766 
460000 1143 609.395 154060.533 246.996 10.259 1143 2604057.0 4468.7312 
470000 1153 686.359 156950.4 257.13 11.6319 1153 2651214.0 4811.8687 
480000 1167 685.307 160829.4 260.952 11.7903 1167 2713852.0 4506.1184 
490000 1178 725.0 164062.267 265.314 12.691 1178 2765381.0 4458.4441 
500000 1192 736.748 168167.533 275.164 13.0772 1192 2830908.0 4718.2328 
510000 1207 719.572 172366.133 278.821 12.7946 1207 2897949.0 4687.8679 
520000 1215 788.053 175225.333 286.822 13.8274 1215 2942822.0 5002.7944 
530000 1227 791.728 178756.333 286.488 13.6921 1227 2997567.0 4617.8249 
540000 1232 841.52 180446.067 291.211 14.434 1232 3022788.0 4819.0469 
550000 1245 854.898 184269.733 292.276 14.5732 1245 3083045.0 4577.5863 
560000 1259 843.97 188227.133 292.209 14.3452 1259 3145435.0 4539.7112 
570000 1267 869.721 190843.933 295.51 14.7159 1267 3186473.0 4787.6613 
580000 1273 997.249 192643.2 298.955 16.6944 1273 3214130.0 4872.9902 
590000 1280 1057.913 194829.067 301.533 17.6331 1280 3247608.0 4942.5903 
600000 1292 1009.159 198652.0 303.687 16.884 1292 3308762.0 4979.208 
610000 1303 983.683 202068.0 301.338 16.5031 1303 3363872.0 4741.8085 
620000 1313 990.271 205278.533 306.33 16.622 1313 3413457.0 4918.437 
630000 1318 1068.938 207071.4 309.351 17.8557 1318 3440813.0 5020.692 
640000 1326 1077.281 209707.2 312.193 17.993 1326 3481351.0 5069.6133 
650000 1338 1052.973 213243.667 308.41 17.5938 1338 3536661.0 4613.2894 
660000 1346 1062.017 216096.6 314.435 18.0594 1346 3581146.0 5060.3675 
670000 1349 1223.051 217029.133 317.487 20.5263 1349 3594000.0 5070.2199 
680000 1359 1175.104 220623.333 323.124 19.7484 1359 3649724.0 5336.9889 
690000 1365 1215.56 222576.267 323.038 20.3258 1365 3679015.0 5132.1071 
700000 1376 1175.572 225617.333 316.713 19.6127 1376 3726036.0 4535.9777 
710000 1392 1011.857 230722.933 313.536 17.2489 1392 3806437.0 4590.8963 
720000 1407 922.751 235878.333 321.183 16.2665 1407 3887610.0 5246.9474 
730000 1416 962.108 239046.733 329.43 17.2057 1416 3936581.0 5569.1317 
740000 1433 852.976 244492.733 325.977 15.6569 1433 4022177.0 5129.3822 
750000 1439 933.137 246539.867 326.848 17.1205 1439 4053121.0 5099.9376 
760000 1451 905.62 250446.333 328.383 16.5353 1451 4113512.0 5150.1117 
770000 1469 808.506 256711.933 333.893 14.6707 1469 4211121.0 5394.5396 
780000 1485 748.902 262298.6 337.837 13.5547 1485 4298871.0 5532.9017 
790000 1492 846.892 264815.267 341.742 15.0048 1492 4337454.0 5583.5939 
800000 1505 826.986 269714.8 349.505 14.6067 1505 4413647.0 5706.0431 
810000 1521 775.004 275352.067 352.742 13.7488 1521 4502311.0 5646.0832 
820000 1537 727.351 281198.333 352.695 12.9502 1537 4593768.0 5623.4317 
830000 1554 687.529 287114.667 352.33 12.2752 1554 4686229.0 5561.1316 
840000 1570 671.464 292758.333 352.846 11.9641 1570 4774203.0 5511.0717 
850000 1583 685.362 297813.8 357.397 12.1694 1583 4853180.0 5759.279 
860000 1599 675.622 303524.067 360.962 12.0381 1599 4942870.0 5745.856 
870000 1610 720.253 307592.4 361.534 12.6927 1610 5006215.0 5643.3649 
880000 1624 719.735 312762.933 361.927 12.6778 1624 5086866.0 5623.964 
890000 1643 660.062 319180.933 356.131 11.6916 1643 5186785.0 5259.2814 
900000 1650 762.773 321578.533 355.139 13.2756 1650 5223195.0 5299.8008 
910000 1665 734.888 327268.933 359.803 12.8655 1665 5313124.0 5806.1055 
920000 1680 706.673 333408.933 369.746 12.4585 1680 5408869.0 6132.5454 
930000 1695 708.079 338547.133 369.305 12.4485 1695 5488497.0 5611.3245 
940000 1710 693.438 344471.8 372.788 12.2269 1710 5580480.0 5927.2538 
950000 1724 702.62 349676.333 373.406 12.3961 1724 5661852.0 5824.7907 
960000 1736 732.534 354316.267 375.987 12.8654 1736 5733876.0 5929.1334 
970000 1747 765.049 358342.733 371.709 13.3581 1747 5795901.0 5642.1644 
980000 1762 721.671 364156.333 373.483 12.6846 1762 5886570.0 5850.2318 
990000 1775 749.377 368996.133 377.93 13.115 1775 5961746.0 6046.9382 
1000000 1789 735.815 374609.733 381.411 12.9242 1789 6050415.0 6182.4552 
1010000 1803 737.694 379693.0 378.905 12.9259 1803 6129264.0 5949.9505 
1020000 1813 783.873 383641.267 379.303 13.6679 1813 6190411.0 5981.5972 
1030000 1823 820.021 387622.867 382.683 14.232 1823 6251604.0 6072.0787 
1040000 1834 841.132 391653.733 383.537 14.5614 1834 6313582.0 6025.3728 
1050000 1838 967.147 393300.067 385.355 16.5174 1838 6337767.0 6019.6444 
1060000 1851 915.372 398283.667 381.402 15.6708 1851 6414737.0 5830.7876 
1070000 1865 876.413 403297.467 379.911 15.0619 1865 6492420.0 5810.2953 
1080000 1876 878.916 407310.4 377.696 15.0759 1876 6554358.0 5781.7194 
1090000 1890 836.202 412470.933 371.706 14.4055 1890 6634502.0 5538.0902 
1100000 1903 813.614 417771.0 378.897 14.1 1903 6716716.0 6109.1921 
1110000 1914 838.494 421812.467 379.829 14.4993 1914 6779446.0 6023.219 
1120000 1922 898.525 424749.733 381.005 15.4317 1922 6824084.0 5927.7687 
1130000 1937 824.185 430689.2 378.151 14.2579 1937 6916889.0 5627.4764 
1140000 1953 776.844 436706.267 380.547 13.5262 1953 7011329.0 6009.0371 
1150000 1965 780.24 441571.333 383.053 13.6983 1965 7087612.0 6167.4579 
1160000 1979 768.82 446633.467 380.958 13.4713 1979 7167024.0 5909.5243 
1170000 1992 775.288 451794.0 386.45 13.5309 1992 7247172.0 6260.162 
1180000 2005 773.305 456570.667 381.1 13.4633 2005 7322407.0 5914.9065 
1190000 2017 784.115 461008.8 378.514 13.6308 2017 7391140.0 5841.6713 
1200000 2030 777.63 466316.067 383.568 13.5182 2030 7474153.0 6131.9021 
1210000 2043 744.187 471715.667 387.059 13.0001 2043 7558121.0 6260.6237 
1220000 2054 804.532 476390.867 398.673 13.961 2054 7630858.0 6668.5033 
1230000 2065 828.583 480386.667 392.545 14.3218 2065 7692482.0 6075.878 
1240000 2078 815.627 485738.533 397.999 14.1244 2078 7774963.0 6319.7853 
1250000 2092 791.969 490778.867 389.155 13.7417 2092 7853230.0 5651.1657 
1260000 2108 737.658 497171.133 386.536 12.9085 2108 7952843.0 5874.4693 
1270000 2122 737.582 502422.0 388.768 12.8764 2122 8033826.0 6003.9012 
1280000 2137 713.681 508617.6 391.659 12.5473 2137 8130682.0 6147.397 
1290000 2142 806.808 510460.733 391.43 13.9893 2142 8157859.0 6029.3618 
1300000 2151 873.665 514401.667 396.651 15.0504 2151 8218202.0 6334.4426 
1310000 2160 885.074 517724.667 391.073 15.1981 2160 8269212.0 5886.2715 
1320000 2165 1003.069 519866.533 395.681 17.0228 2165 8301029.0 6141.102 
1330000 2174 1043.529 523242.067 394.939 17.6057 2174 8352540.0 6095.1235 
1340000 2188 936.331 528868.6 394.502 15.9357 2188 8440343.0 6183.6715 
1350000 2194 1048.219 531038.733 396.103 17.6643 2194 8472698.0 6153.1566 
1360000 2204 1040.633 534783.467 391.611 17.545 2204 8530411.0 5791.2314 
1370000 2213 1049.408 538580.4 394.26 17.7015 2213 8588827.0 6072.8724 
1380000 2226 983.685 543677.2 392.829 16.7051 2226 8667796.0 6127.1893 
1390000 2240 923.976 548911.067 389.987 15.7074 2240 8748694.0 5973.2842 
1400000 2249 950.197 552832.067 393.556 16.1564 2249 8808601.0 6149.6831 
1410000 2258 949.344 556348.0 396.828 16.1599 2258 8862027.0 6265.8781 
1420000 2269 966.669 560756.467 397.272 16.4593 2269 8929742.0 6099.7996 
1430000 2280 957.866 565059.6 396.08 16.3424 2280 8996098.0 6073.2793 
1440000 2293 918.22 570642.8 404.882 15.7338 2293 9082270.0 6501.6924 
1450000 2309 838.779 576853.2 402.418 14.4969 2309 9178443.0 6146.5153 
1460000 2316 892.357 580559.8 409.604 15.3451 2316 9235039.0 6577.2561 
1470000 2330 861.609 586191.667 413.245 14.8641 2330 9322471.0 6582.5239 
1480000 2345 809.549 591928.867 404.702 14.0706 2345 9411229.0 5972.5927 
1490000 2354 864.169 595640.0 408.596 14.9377 2354 9467920.0 6317.2956 
1500000 2369 811.342 602051.4 412.656 14.0865 2369 9566918.0 6556.6372 
1510000 2382 796.744 607321.867 410.406 13.882 2382 9648614.0 6337.0179 
1520000 2396 779.143 612583.267 404.792 13.606 2396 9730182.0 6062.6055 
1530000 2402 869.055 615493.333 408.109 15.005 2402 9773875.0 6248.4481 
1540000 2412 902.504 619606.467 411.056 15.5219 2412 9836868.0 6431.1074 
1550000 2427 828.339 625996.667 411.98 14.4095 2427 9935909.0 6418.7898 
1560000 2435 858.707 629232.533 410.519 14.8473 2435 9984940.0 6223.3739 
1570000 2454 784.751 635908.467 395.322 13.6067 2454 10088774.0 5836.8414 
1580000 2467 779.799 641096.4 394.881 13.56 2467 10169461.0 6090.5754 
1590000 2478 781.861 645912.2 399.67 13.6094 2478 10243679.0 6348.9712 
1600000 2494 758.361 652170.6 401.712 13.2559 2494 10340962.0 6350.201 
1610000 2507 768.315 657365.933 404.46 13.5855 2507 10421240.0 6343.6469 
1620000 2520 770.699 662365.533 400.766 13.5687 2520 10498433.0 6248.3394 
1630000 2531 796.047 667320.533 406.799 14.0129 2531 10575211.0 6503.6403 
1640000 2544 795.756 672607.867 409.469 14.0405 2544 10657649.0 6656.1159 
1650000 2553 839.313 676713.133 413.916 14.7289 2553 10721351.0 6700.2765 
1660000 2566 826.927 682101.333 417.371 14.5012 2566 10804425.0 6535.6644 
1670000 2578 787.494 687419.333 415.064 13.8906 2578 10886851.0 6285.9145 
1680000 2596 750.583 694258.0 411.65 13.2526 2596 10992780.0 6220.9719 
1690000 2609 731.479 699875.333 409.683 12.9707 2609 11080228.0 6341.4 
1700000 2616 839.158 702673.133 411.817 14.6575 2616 11122799.0 6427.6542 
1710000 2631 785.276 708482.0 402.932 13.7745 2631 11212429.0 5985.5661 
1720000 2644 788.876 713646.933 405.862 13.8504 2644 11292118.0 6303.7084 
1730000 2656 791.078 719134.933 412.87 13.9129 2656 11376666.0 6626.4482 
1740000 2671 759.059 725678.6 419.345 13.5844 2671 11478134.0 6680.5155 
1750000 2685 746.534 731736.6 422.687 13.3542 2685 11571830.0 6704.2895 
1760000 2699 724.244 737708.067 428.294 12.9713 2699 11664562.0 6869.3253 
1770000 2711 763.586 742996.467 426.551 13.5614 2711 11746050.0 6595.7783 
1780000 2726 742.567 749168.6 424.881 13.2022 2726 11841614.0 6468.341 
1790000 2735 790.268 753223.867 423.094 14.1299 2735 11903529.0 6385.7967 
1800000 2745 801.827 757537.733 425.654 14.3224 2745 11970401.0 6627.3362 
1810000 2762 768.713 763703.067 413.642 13.6693 2762 12066188.0 6168.6055 
1820000 2771 828.247 767752.533 420.768 14.7054 2771 12128805.0 6714.9028 
1830000 2785 792.731 773217.333 408.177 14.0266 2785 12212852.0 5710.7139 
1840000 2795 838.767 776928.533 403.632 14.6955 2795 12268897.0 5664.7629 
1850000 2805 867.659 781440.333 409.896 15.1762 2805 12338581.0 6413.5749 
1860000 2820 821.569 787828.0 418.41 14.5385 2820 12437782.0 6869.4852 
1870000 2828 881.294 791393.4 421.034 15.4898 2828 12492089.0 6679.9956 
1880000 2840 868.902 796272.2 414.443 15.272 2840 12568423.0 6193.8771 
1890000 2850 895.654 800260.8 413.675 15.6746 2850 12629772.0 6412.9543 
1900000 2866 820.101 806346.533 402.998 14.4672 2866 12723986.0 5910.3245 
1910000 2880 794.924 811781.867 398.67 14.2381 2880 12807816.0 5931.3881 
1920000 2891 814.002 816556.133 404.484 14.4692 2891 12881341.0 6388.5454 
1930000 2898 899.039 819485.667 408.248 15.7764 2898 12925510.0 6481.4765 
1940000 2909 883.073 824014.333 407.04 15.4486 2909 12995293.0 6120.3993 
1950000 2925 822.982 829701.067 395.008 14.3853 2925 13083112.0 5854.5451 
1960000 2940 774.653 835888.8 396.2 13.6106 2940 13179975.0 6177.6062 
1970000 2956 741.953 842451.267 404.796 13.1605 2956 13281521.0 6408.6317 
1980000 2971 725.392 848720.933 410.402 12.9115 2971 13379730.0 6659.604 
1990000 2987 697.22 855419.0 412.515 12.4702 2987 13483325.0 6464.9235 
2000000 2996 742.537 859864.8 417.591 13.3062 2996 13551365.0 6629.1039 
2010000 3006 796.594 864117.467 420.487 14.1272 3006 13616820.0 6570.7994 
2020000 3023 740.55 870198.267 405.947 13.1152 3023 13711381.0 5650.6829 
2030000 3033 784.126 874325.067 404.55 13.7752 3033 13774738.0 5970.9842 
2040000 3042 800.34 878715.133 412.445 14.0612 3042 13841964.0 6611.7726 
2050000 3053 848.933 883763.667 424.79 14.9031 3053 13920528.0 7131.3321 
2060000 3062 893.513 887973.267 433.091 15.5937 3062 13985279.0 7318.0877 
2070000 3073 902.458 892891.333 439.159 15.7552 3073 14061358.0 7299.2825 
2080000 3087 854.619 898953.267 437.9 15.0343 3087 14155217.0 6823.2907 
2090000 3102 804.194 905046.2 428.601 14.1804 3102 14249622.0 6247.5062 
2100000 3116 766.872 911195.6 428.277 13.641 3116 14345130.0 6663.056 
2110000 3125 806.745 914777.533 421.747 14.3643 3125 14399988.0 6341.0035 
2120000 3138 831.484 919800.667 419.977 14.7288 3138 14477401.0 6534.074 
2130000 3148 865.942 923886.533 417.323 15.2497 3148 14539911.0 6262.1549 
2140000 3159 832.398 928953.267 421.813 14.6876 3159 14617981.0 6549.1107 
2150000 3172 854.162 934464.933 424.58 14.9714 3172 14702874.0 6664.9425 
2160000 3186 817.261 941046.733 433.341 14.4064 3186 14804722.0 7093.5634 
2170000 3197 838.978 945751.067 432.847 14.7155 3197 14877133.0 6869.8552 
2180000 3207 873.293 950180.467 434.707 15.213 3207 14945067.0 6845.8831 
2190000 3221 816.943 956100.067 429.985 14.3007 3221 15036599.0 6522.6466 
2200000 3235 813.191 962049.6 436.394 14.2242 3235 15128759.0 6923.5788 
2210000 3251 759.628 968864.333 432.532 13.3827 3251 15233702.0 6582.0706 
2220000 3264 765.088 974498.667 435.336 13.4808 3264 15320678.0 6862.6365 
2230000 3277 748.998 980940.667 443.235 13.297 3277 15420245.0 7236.5802 
2240000 3287 805.794 985205.6 445.459 14.1926 3287 15485850.0 7012.819 
2250000 3301 774.38 991733.667 444.814 13.7456 3301 15586743.0 6858.6544 
2260000 3317 737.869 998264.267 437.404 13.2374 3317 15688229.0 6581.1885 
2270000 3330 708.881 1003768.333 430.136 12.7572 3330 15773625.0 6352.7982 
2280000 3347 707.477 1010351.4 424.299 12.6989 3347 15875876.0 6349.5605 
2290000 3363 685.547 1017148.067 424.988 12.3563 3363 15981195.0 6678.5863 
2300000 3378 680.376 1023511.6 424.952 12.2664 3378 16080169.0 6704.6203 
2310000 3390 709.773 1028855.667 425.218 12.7325 3390 16163355.0 6601.8891 
2320000 3404 713.37 1034947.133 428.868 12.7465 3404 16257204.0 6773.6765 
2330000 3420 689.322 1041632.6 426.364 12.3197 3420 16360902.0 6606.397 
2340000 3436 667.246 1048489.133 423.717 11.9647 3436 16466957.0 6648.6042 
2350000 3453 653.916 1055270.067 423.322 11.7948 3453 16571830.0 6619.5079 
2360000 3469 645.779 1061945.8 421.847 11.6344 3469 16674871.0 6529.7106 
2370000 3485 640.288 1068544.467 419.581 11.5424 3485 16776862.0 6435.8159 
2380000 3500 641.327 1075429.333 425.617 11.6113 3500 16883046.0 6724.5199 
2390000 3516 636.622 1082187.067 424.961 11.578 3516 16987636.0 6547.8623 
2400000 3532 640.115 1088981.333 429.708 11.7041 3532 17092987.0 6882.9153 
2410000 3543 690.492 1094383.533 438.085 12.5804 3543 17176304.0 7220.8298 
2420000 3558 686.469 1100830.467 436.453 12.5346 3558 17276976.0 6883.5403 
2430000 3572 683.342 1107087.133 436.271 12.4768 3572 17374315.0 6824.8369 
2440000 3583 735.76 1111461.2 432.309 13.216 3583 17441621.0 6584.7387 
2450000 3594 773.148 1115663.133 424.535 13.7227 3594 17506006.0 6145.1791 
2460000 3606 777.46 1121148.867 425.288 13.7561 3606 17590738.0 6534.2965 
2470000 3621 749.155 1127974.267 433.691 13.3497 3621 17696491.0 6877.693 
2480000 3637 721.624 1134692.6 434.511 12.9013 3637 17800467.0 6825.4463 
2490000 3649 743.075 1140142.0 439.527 13.2211 3649 17884257.0 6948.2438 
2500000 3664 719.53 1146761.6 438.05 12.8187 3664 17986572.0 6745.8325 
2510000 3680 692.982 1153702.333 436.445 12.3683 3680 18093797.0 6772.6961 
2520000 3690 747.393 1157901.667 433.091 13.1905 3690 18158196.0 6517.754 
2530000 3705 717.472 1164678.467 432.722 12.7067 3705 18262714.0 6597.8064 
2540000 3717 741.482 1170158.267 439.24 13.1631 3717 18347096.0 6975.5112 
2550000 3733 713.588 1176909.4 438.578 12.6872 3733 18451178.0 6885.3658 
2560000 3747 693.052 1183162.6 437.031 12.3328 3747 18547463.0 6688.2147 
2570000 3763 694.544 1189314.467 428.379 12.3476 3763 18642299.0 6173.5491 
2580000 3775 713.988 1194659.867 424.597 12.675 3775 18725021.0 6332.587 
2590000 3792 677.763 1201439.667 417.429 12.0945 3792 18830075.0 6187.3 
2600000 3808 669.23 1208119.267 421.671 11.9819 3808 18933992.0 6700.227 
2610000 3823 662.8 1214680.667 422.226 11.8976 3823 19035706.0 6602.0681 
2620000 3836 645.043 1219799.133 415.699 11.5609 3836 19114127.0 6236.8945 
2630000 3849 690.053 1225743.533 424.876 12.3563 3849 19205730.0 6897.8207 
2640000 3863 711.212 1232040.267 430.707 12.7412 3863 19302994.0 6934.4589 
2650000 3878 710.593 1238444.067 437.242 12.8058 3878 19401907.0 7123.8368 
2660000 3890 728.284 1243890.667 436.423 13.0048 3890 19485598.0 6748.2277 
2670000 3905 706.933 1250753.533 438.711 12.5992 3905 19591322.0 6763.4693 
2680000 3920 703.682 1256999.4 437.218 12.5508 3920 19687729.0 6698.2004 
2690000 3931 732.64 1261556.4 432.733 12.9296 3931 19757416.0 6507.1368 
2700000 3944 747.685 1267706.2 440.437 13.2224 3944 19852411.0 7108.0371 
2710000 3958 733.923 1274420.467 446.324 13.0365 3958 19955920.0 7123.7803 
2720000 3971 746.535 1279748.2 441.342 13.2115 3971 20038340.0 6644.0824 
2730000 3984 761.385 1285373.4 443.966 13.4572 3984 20125139.0 6895.2933 
2740000 3999 725.861 1292105.533 437.565 12.9552 3999 20228942.0 6611.6941 
2750000 4015 709.788 1298804.267 440.395 12.8012 4015 20332737.0 6886.2045 
2760000 4025 734.155 1303603.667 439.681 13.1986 4025 20406746.0 6775.7816 
2770000 4040 741.378 1309918.267 442.2 13.321 4040 20503946.0 6922.9979 
2780000 4055 719.387 1316493.067 439.306 12.9547 4055 20606042.0 6680.006 
2790000 4069 703.139 1322828.0 437.787 12.678 4069 20704226.0 6554.4064 
2800000 4081 731.475 1328007.267 434.098 13.0895 4081 20784031.0 6571.1343 
2810000 4094 746.803 1333518.4 434.113 13.2975 4094 20868604.0 6810.5463 
2820000 4109 727.131 1339906.933 432.961 13.0102 4109 20966870.0 6635.5134 
2830000 4124 701.611 1346331.4 427.795 12.5497 4124 21066515.0 6265.2242 
2840000 4138 713.64 1352254.133 432.32 12.7393 4138 21157448.0 6648.9583 
2850000 4153 696.576 1359191.733 436.612 12.4883 4153 21264631.0 6776.3217 
2860000 4165 730.159 1364742.067 443.446 13.097 4165 21350799.0 7113.4364 
2870000 4177 750.687 1370102.533 442.375 13.4393 4177 21433573.0 6922.9232 
2880000 4192 720.664 1376371.8 436.385 12.9862 4192 21531045.0 6616.2334 
2890000 4205 744.083 1382140.4 441.905 13.3888 4205 21620699.0 7001.2083 
2900000 4219 734.255 1388534.933 443.87 13.288 4219 21719879.0 6972.6 
2910000 4231 754.16 1393984.467 445.107 13.5813 4231 21803811.0 6808.7741 
2920000 4246 732.98 1400334.933 441.748 13.1741 4246 21901658.0 6727.9586 
2930000 4258 757.132 1405911.467 445.273 13.4875 4258 21987653.0 7059.7011 
2940000 4273 736.964 1412663.0 449.069 13.1591 4273 22092077.0 7167.3294 
2950000 4284 763.075 1418057.6 451.697 13.5729 4284 22175681.0 7255.3067 
2960000 4298 755.628 1424065.067 449.174 13.465 4298 22269591.0 6978.0271 
2970000 4312 741.822 1430630.333 451.61 13.231 4312 22370889.0 6905.6624 
2980000 4327 721.965 1437103.133 446.594 12.9331 4327 22471344.0 6586.9388 
2990000 4342 711.334 1443806.2 449.328 12.7298 4342 22575149.0 6986.4857 
3000000 4353 750.884 1449216.867 460.18 13.4133 4353 22658542.0 7568.6677 
3010000 4362 806.294 1453378.333 458.579 14.2531 4362 22722376.0 7160.4943 
3020000 4375 787.432 1460001.8 463.524 13.9853 4375 22824837.0 7288.1591 
3030000 4389 767.415 1465639.8 446.91 13.5659 4389 22911699.0 6251.8232 
3040000 4405 738.177 1472318.133 445.825 13.0998 4405 23014992.0 6606.0489 
3050000 4420 713.645 1479119.133 443.557 12.6814 4420 23119806.0 6691.9815 
3060000 4436 694.171 1485472.333 434.807 12.3708 4436 23217657.0 6453.1201 
3070000 4448 715.899 1490657.133 431.818 12.7043 4448 23297471.0 6721.9516 
3080000 4461 729.446 1496047.2 430.045 12.9302 4461 23380591.0 6572.6275 
3090000 4477 697.703 1502448.933 419.168 12.3644 4477 23479678.0 5960.8629 
3100000 4495 654.52 1508583.533 396.181 11.5823 4495 23575002.0 5165.9094 
3110000 4512 637.83 1515422.867 399.684 11.3505 4512 23680569.0 6097.3072 
3120000 4527 644.991 1522356.067 415.761 11.5109 4527 23787059.0 6856.4872 
3130000 4541 642.45 1528904.8 421.448 11.474 4541 23887712.0 6698.1121 
3140000 4555 670.58 1534784.0 424.565 11.929 4555 23978262.0 6820.9444 
3150000 4569 679.362 1541511.333 436.755 12.1449 4569 24082868.0 7436.2322 
3160000 4580 713.234 1546490.733 440.273 12.6779 4580 24159337.0 7054.9681 
3170000 4592 755.927 1551072.133 431.1 13.3299 4592 24230144.0 6460.4542 
3180000 4602 797.789 1555373.0 427.714 13.9594 4602 24296187.0 6348.8927 
3190000 4617 755.777 1561740.267 422.841 13.3481 4617 24395558.0 6099.8674 
3200000 4631 750.015 1568103.467 432.906 13.3671 4631 24494976.0 7151.9231 
3210000 4646 735.365 1574612.2 437.679 13.1427 4646 24595711.0 6904.2683 
3220000 4662 703.149 1581351.8 431.904 12.5955 4662 24700241.0 6535.9015 
3230000 4678 679.131 1588114.133 427.712 12.1846 4678 24805284.0 6546.4225 
3240000 4689 722.035 1593634.2 440.471 12.9087 4689 24890791.0 7317.668 
3250000 4704 709.948 1600435.8 445.528 12.7447 4704 24996200.0 7100.7743 
3260000 4719 702.885 1607031.8 447.074 12.659 4719 25098656.0 7008.7886 
3270000 4733 701.701 1613288.733 444.297 12.6538 4733 25195557.0 6952.8112 
3280000 4748 697.29 1619850.733 445.903 12.6378 4748 25297541.0 6908.3137 
3290000 4763 684.874 1626734.333 446.572 12.4257 4763 25403710.0 7059.4454 
3300000 4778 682.526 1633496.4 448.816 12.3981 4778 25508155.0 7174.5096 
3310000 4792 686.99 1640187.267 453.923 12.5343 4792 25611913.0 7337.4308 
3320000 4805 711.32 1645637.733 452.295 12.8472 4805 25695869.0 7020.9882 
3330000 4816 745.748 1650101.2 437.859 13.2852 4816 25763916.0 6313.3635 
3340000 4831 726.522 1656681.8 439.481 12.9913 4831 25865533.0 6814.357 
3350000 4844 725.477 1662946.067 448.487 13.0792 4844 25962616.0 7330.74 
3360000 4860 706.517 1669819.667 443.755 12.7187 4860 26068743.0 6672.3548 
3370000 4875 696.646 1676570.2 445.848 12.5836 4875 26172786.0 6965.5692 
3380000 4890 684.88 1683259.867 443.42 12.4327 4890 26276474.0 6724.8059 
3390000 4905 682.513 1689921.533 445.939 12.4732 4905 26379904.0 6898.844 
3400000 4921 669.246 1696724.4 441.604 12.2076 4921 26485259.0 6552.8881 
3410000 4933 705.752 1702257.467 445.866 12.8044 4933 26571182.0 6841.6848 
3420000 4945 718.996 1707782.467 440.694 13.0005 4945 26656060.0 6715.6555 
3430000 4959 725.182 1714313.8 451.947 13.1378 4959 26757328.0 7152.6294 
3440000 4970 746.074 1719238.6 450.173 13.4088 4970 26832860.0 6905.0357 
3450000 4984 750.977 1725313.867 447.304 13.4181 4984 26926745.0 6815.8088 
3460000 4999 730.405 1731898.6 445.859 13.0651 4999 27028707.0 6784.3617 
3470000 5013 716.754 1738768.067 450.679 12.859 5013 27134676.0 7119.5146 
3480000 5029 699.439 1745555.6 448.729 12.5773 5029 27239829.0 6865.9968 
3490000 5041 727.604 1750804.933 446.832 13.0089 5041 27321067.0 6926.0993 
3500000 5057 702.014 1757465.933 439.96 12.5614 5057 27424322.0 6624.7025 
3510000 5070 708.593 1762924.6 431.865 12.6054 5070 27508486.0 6298.6388 
3520000 5085 703.907 1769503.533 437.269 12.5778 5085 27610866.0 6905.7067 
3530000 5101 680.567 1776121.533 430.214 12.1939 5101 27712853.0 6438.2218 
3540000 5116 671.946 1782866.333 431.982 12.1103 5116 27817570.0 6684.4965 
3550000 5131 667.968 1789757.267 437.581 12.0578 5131 27924037.0 7050.7509 
3560000 5145 688.919 1795360.0 433.443 12.3904 5145 28010073.0 6455.9911 
3570000 5158 700.284 1800907.867 428.459 12.532 5158 28095573.0 6376.8419 
3580000 5171 719.362 1806421.2 431.425 12.8669 5171 28180847.0 6777.1107 
3590000 5184 733.538 1811845.6 427.273 13.0455 5184 28264532.0 6468.3798 
3600000 5200 696.688 1818734.867 423.625 12.4751 5200 28371030.0 6425.3382 
3610000 5215 683.094 1825121.733 424.86 12.3077 5215 28469781.0 6643.9923 
3620000 5228 714.241 1830601.8 429.981 12.8284 5228 28554636.0 6767.6129 
3630000 5239 745.919 1836142.2 437.703 13.3588 5239 28640161.0 7088.291 
3640000 5252 760.217 1841682.867 438.66 13.5468 5252 28725791.0 6922.8255 
3650000 5261 814.617 1845903.933 441.177 14.3982 5261 28790870.0 6837.7813 
3660000 5276 776.513 1852520.933 441.556 13.7648 5276 28892758.0 6824.8803 
3670000 5292 734.17 1859268.133 435.522 13.0382 5292 28997115.0 6509.5477 
3680000 5305 737.529 1865730.6 447.136 13.1567 5305 29097356.0 7174.3886 
3690000 5320 719.64 1872145.6 442.329 12.8939 5320 29196497.0 6650.9325 
3700000 5332 745.308 1877598.533 447.668 13.2764 5332 29280367.0 7021.464 
3710000 5347 717.758 1884248.4 441.968 12.8159 5347 29383189.0 6633.3384 
3720000 5362 706.45 1891049.133 446.455 12.6568 5362 29488379.0 6983.2858 
3730000 5377 691.443 1897837.867 445.004 12.3933 5377 29593083.0 6725.2792 
3740000 5393 683.765 1904514.667 444.804 12.324 5393 29696190.0 6793.3261 
3750000 5408 666.831 1911291.733 438.23 12.0338 5408 29800839.0 6493.3013 
3760000 5423 673.731 1917849.2 442.308 12.1868 5423 29902214.0 6963.3081 
3770000 5438 679.252 1924464.733 447.183 12.3235 5438 30004981.0 7133.4433 
3780000 5450 670.757 1929990.667 443.186 12.1688 5450 30090137.0 6738.5603 
3790000 5464 711.64 1936660.667 452.987 12.8508 5464 30193488.0 7503.4174 
3800000 5478 718.243 1943191.267 460.659 12.9924 5478 30294717.0 7482.6624 
3810000 5492 709.794 1950017.4 461.651 12.9099 5492 30400280.0 7216.762 
3820000 5506 717.214 1956386.333 463.904 13.0731 5506 30499143.0 7055.4421 
3830000 5517 748.667 1961640.867 463.562 13.5623 5517 30580406.0 7172.4741 
3840000 5533 718.868 1968318.667 453.017 13.0528 5533 30683750.0 6693.0355 
3850000 5548 702.557 1975099.067 451.734 12.7636 5548 30788654.0 6917.5099 
3860000 5559 707.625 1980525.333 456.505 12.8978 5559 30872387.0 7106.3413 
3870000 5573 727.981 1986934.6 457.331 13.2031 5573 30971402.0 7165.2302 
3880000 5586 742.298 1992645.667 453.485 13.434 5586 31059133.0 6932.1624 
3890000 5599 755.626 1997584.133 442.621 13.6687 5599 31134639.0 6385.788 
3900000 5608 778.537 2001863.2 440.754 13.9877 5608 31199793.0 6491.8355 
3910000 5614 905.946 2004402.667 437.319 15.9227 5614 31237831.0 6319.1855 
3920000 5621 947.547 2007432.133 438.814 16.5284 5621 31283555.0 6525.9273 
3930000 5637 890.456 2013816.2 434.28 15.5875 5637 31382259.0 6501.713 
3940000 5649 867.665 2019396.133 432.943 15.2153 5649 31468179.0 6561.6456 
3950000 5664 811.89 2025884.4 434.295 14.344 5664 31568220.0 6645.1188 
3960000 5680 767.64 2032640.0 432.679 13.594 5680 31673165.0 6555.8346 
3970000 5696 729.065 2039441.267 430.885 12.9815 5696 31778504.0 6734.7198 
3980000 5712 695.787 2046177.467 425.377 12.402 5712 31883555.0 6466.7497 
3990000 5725 720.808 2051850.067 431.459 12.823 5725 31971115.0 6995.9602 
4000000 5736 731.036 2056583.933 429.448 12.9936 5736 32043806.0 6671.136 
4010000 5746 810.096 2060415.267 426.504 14.2299 5746 32101977.0 6374.6064 
4020000 5756 847.505 2064739.067 425.552 14.8239 5756 32168046.0 6516.8545 
4030000 5770 814.748 2071420.467 438.469 14.405 5770 32272193.0 7298.8922 
4040000 5786 764.197 2078045.067 432.887 13.6079 5786 32375434.0 6726.5101 
4050000 5800 744.742 2084624.533 437.282 13.3638 5800 32477324.0 6865.6406 
4060000 5814 741.869 2091193.933 447.919 13.3729 5814 32579381.0 7465.7213 
4070000 5829 727.083 2097981.267 452.805 13.1927 5829 32684523.0 7140.5844 
4080000 5844 712.674 2104494.6 448.377 12.9863 5844 32785761.0 7097.36 
4090000 5859 692.436 2111239.467 443.442 12.6126 5859 32890427.0 6697.8314 
4100000 5875 678.025 2118037.867 441.215 12.4711 5875 32995621.0 6681.1265 
4110000 5892 655.775 2124621.267 427.956 12.0514 5892 33097850.0 6252.4137 
4120000 5908 648.922 2131353.533 427.304 11.8801 5908 33202095.0 6636.8459 
4130000 5921 665.457 2136779.467 420.32 12.0883 5921 33285693.0 6368.0011 
4140000 5936 666.913 2143330.667 425.039 12.119 5936 33387831.0 6634.4055 
4150000 5951 670.433 2148754.4 411.56 12.0579 5951 33471093.0 6073.5571 
4160000 5968 645.248 2155310.267 402.883 11.6188 5968 33572403.0 5743.4187 
4170000 5983 643.395 2162098.0 411.017 11.6112 5983 33677810.0 6382.6786 
4180000 5999 644.844 2168806.0 417.655 11.6701 5999 33781920.0 6736.186 
4190000 6016 629.626 2175441.533 411.029 11.3509 6016 33884506.0 6166.7437 
4200000 6030 638.048 2182115.0 418.826 11.5325 6030 33987914.0 6692.2874 
4210000 6037 723.861 2185453.733 426.267 12.9123 6037 34038768.0 6903.287 
4220000 6050 755.588 2191728.533 442.734 13.5441 6050 34136201.0 7544.7818 
4230000 6064 752.401 2198375.667 455.597 13.5893 6064 34239356.0 7719.7612 
4240000 6079 725.947 2205171.133 451.92 13.1529 6079 34344530.0 7033.3446 
4250000 6090 753.811 2210534.267 456.604 13.6174 6090 34427002.0 7290.7576 
4260000 6101 795.143 2214775.533 447.722 14.2069 6101 34491941.0 6686.32 
4270000 6115 772.482 2220305.8 431.415 13.7531 6115 34577305.0 5920.1153 
4280000 6126 798.506 2225171.867 431.824 14.1562 6126 34652285.0 6502.9077 
4290000 6140 778.43 2231939.6 445.208 13.9178 6140 34757186.0 7342.8955 
4300000 6153 777.417 2237404.6 441.537 13.8868 6153 34841131.0 6835.9626 
4310000 6167 763.718 2242699.133 428.682 13.6806 6167 34922938.0 6107.6735 
4320000 6178 784.821 2248152.2 436.542 13.9519 6178 35007028.0 6812.4204 
4330000 6192 757.327 2254151.533 433.521 13.4848 6192 35100061.0 6539.8986 
4340000 6208 733.569 2260837.333 432.583 13.0806 6208 35203928.0 6869.1558 
4350000 6223 717.273 2267585.8 438.041 12.8595 6223 35308239.0 6924.9539 
4360000 6238 703.552 2274256.333 439.004 12.6467 6238 35411710.0 7014.7446 
4370000 6250 733.294 2279879.067 446.522 13.1585 6250 35498325.0 7372.7831 
4380000 6265 718.082 2286530.6 447.279 12.9512 6265 35601383.0 7088.2227 
4390000 6279 714.262 2293516.067 458.242 12.9677 6279 35708754.0 7540.9599 
4400000 6292 725.392 2299135.333 451.38 13.0686 6292 35795104.0 6778.1155 
4410000 6309 689.076 2305899.733 438.567 12.4119 6309 35899758.0 6362.269 
4420000 6318 757.713 2310146.6 440.48 13.5087 6318 35964922.0 6662.483 
4430000 6333 729.397 2316819.867 438.48 13.0572 6333 36067749.0 6425.3049 
4440000 6348 714.742 2323635.533 443.99 12.8675 6348 36173105.0 6850.1052 
4450000 6363 711.453 2330351.667 451.122 12.8454 6363 36276792.0 7325.3098 
4460000 6374 754.146 2335787.867 459.534 13.577 6374 36360811.0 7502.9904 
4470000 6389 729.155 2342216.4 449.77 13.1199 6389 36460329.0 6743.8716 
4480000 6394 793.753 2344905.667 450.641 14.1153 6394 36500523.0 6819.9083 
4490000 6404 873.558 2349589.933 454.056 15.3458 6404 36572525.0 7112.0496 
4500000 6418 834.77 2356273.6 460.186 14.8066 6418 36676084.0 7371.4205 
4510000 6434 783.175 2363068.2 455.296 13.9841 6434 36781260.0 6946.8008 
4520000 6449 753.396 2369903.8 455.311 13.5227 6449 36887004.0 7138.2825 
4530000 6464 732.269 2376820.867 457.746 13.1577 6464 36993934.0 7242.4565 
4540000 6479 711.417 2383664.6 455.22 12.8145 6479 37099892.0 6947.3589 
4550000 6495 693.895 2390406.933 450.198 12.5695 6495 37204534.0 6693.4386 
4560000 6509 692.594 2397010.4 450.713 12.5568 6509 37306882.0 6833.6684 
4570000 6525 676.798 2403716.867 444.16 12.2382 6525 37411573.0 6924.2398 
4580000 6540 669.34 2410348.067 441.051 12.1694 6540 37513861.0 6667.5514 
4590000 6555 672.058 2416964.733 442.408 12.1953 6555 37616186.0 6665.733 
4600000 6570 673.218 2423076.533 436.428 12.188 6570 37711019.0 6571.0171 
4610000 6584 682.493 2429456.0 440.338 12.3729 6584 37809633.0 6928.6876 
4620000 6597 700.956 2435373.0 442.339 12.6787 6597 37901169.0 6873.0116 
4630000 6611 690.862 2441787.6 437.815 12.5086 6611 38000872.0 6661.8794 
4640000 6627 682.62 2448451.6 438.473 12.3697 6627 38103945.0 6802.1577 
4650000 6640 699.758 2454769.467 446.801 12.6472 6640 38202043.0 7237.9039 
4660000 6654 702.945 2461377.733 452.996 12.7617 6654 38304393.0 7324.2339 
4670000 6668 706.805 2467797.0 455.319 12.8439 6668 38404360.0 7160.4431 
4680000 6683 700.278 2474247.333 450.807 12.7559 6683 38504293.0 6795.5868 
4690000 6698 689.839 2481124.933 452.122 12.5757 6698 38610777.0 6898.5681 
4700000 6709 738.95 2486360.067 458.247 13.4562 6709 38691613.0 7318.2598 
4710000 6720 772.041 2491734.133 461.742 14.2383 6720 38774182.0 7350.8763 
4720000 6731 800.976 2496979.6 466.896 14.7948 6731 38855056.0 7556.9423 
4730000 6744 789.166 2503383.533 468.013 14.4896 6744 38954156.0 7353.7129 
4740000 6758 775.142 2509604.267 466.289 14.1892 6758 39050103.0 7226.0869 
4750000 6771 771.111 2516312.667 475.821 14.1204 6771 39154127.0 7709.3105 
4760000 6787 734.962 2523085.867 464.062 13.4219 6787 39259122.0 6997.8595 
4770000 6801 728.269 2529898.0 468.927 13.3333 6801 39364606.0 7486.6627 
4780000 6816 710.952 2536622.8 462.514 12.9926 6816 39468986.0 6972.7994 
4790000 6830 714.984 2543354.533 469.064 13.0725 6830 39573425.0 7507.5319 
4800000 6844 706.951 2549868.8 463.872 12.8875 6844 39674423.0 7028.1024 
4810000 6854 766.586 2555253.0 480.3 13.8771 6854 39757489.0 8009.608 
4820000 6868 753.743 2561500.0 473.465 13.6152 6868 39854348.0 7087.1881 
4830000 6883 734.819 2568267.733 469.952 13.256 6883 39958625.0 7094.0603 
4840000 6894 763.337 2573723.4 468.651 13.6665 6894 40042759.0 7123.1389 
4850000 6908 749.832 2580221.867 466.431 13.4521 6908 40144050.0 7139.1739 
4860000 6921 737.83 2586329.867 468.41 13.2757 6921 40238537.0 7253.5979 
4870000 6935 752.863 2592578.067 468.014 13.5687 6935 40334785.0 7247.2581 
4880000 6949 737.763 2599424.333 469.712 13.3368 6949 40440866.0 7452.3616 
4890000 6963 728.945 2606289.867 472.413 13.1952 6963 40547117.0 7449.6095 
4900000 6978 718.121 2613013.333 469.497 12.9802 6978 40650969.0 7204.9124 
4910000 6990 744.932 2618553.067 466.566 13.3779 6990 40736401.0 7138.618 
4920000 7004 745.223 2624233.2 456.304 13.3279 7004 40823603.0 6568.4907 
4930000 7020 710.595 2630969.933 445.558 12.7298 7020 40927222.0 6408.6492 
4940000 7034 699.458 2637836.533 448.455 12.5833 7034 41033299.0 6840.1627 
4950000 7051 678.007 2644618.6 441.508 12.2518 7051 41138504.0 6759.2003 
4960000 7067 666.231 2651353.133 437.797 12.0224 7067 41242663.0 6615.1654 
4970000 7083 651.559 2658096.933 430.95 11.7485 7083 41346880.0 6426.3067 
4980000 7098 652.986 2664780.4 433.131 11.7497 7098 41450526.0 6657.6745 
4990000 7112 665.087 2671332.0 439.269 12.0114 7112 41551686.0 7058.6373 
5000000 7126 672.341 2678069.2 446.504 12.1604 7126 41656204.0 7191.6487 
5010000 7141 681.305 2684719.4 452.537 12.3852 7141 41759766.0 7344.2924 
5020000 7156 674.89 2691236.267 446.582 12.2241 7156 41860872.0 6932.1915 
5030000 7169 689.617 2697509.267 450.149 12.4804 7169 41958717.0 7010.2903 
5040000 7183 703.872 2703965.267 457.982 12.7524 7183 42059272.0 7248.7972 
5050000 7195 729.412 2709423.733 457.417 13.1751 7195 42143348.0 7097.782 
5060000 7209 724.753 2715904.867 459.157 13.1112 7209 42243573.0 7285.4954 
5070000 7219 779.371 2720295.667 458.665 13.9503 7219 42310901.0 7067.1258 
5080000 7233 758.776 2726673.533 454.621 13.636 7233 42409879.0 6973.7718 
5090000 7249 721.997 2733542.8 448.836 13.0134 7249 42515977.0 6789.4325 
5100000 7261 714.1 2739034.0 446.81 12.8728 7261 42600720.0 6908.6696 
5110000 7276 724.546 2745586.6 444.582 13.7684 7276 42701712.0 6791.8864 
5120000 7290 730.507 2752102.4 456.428 14.9996 7290 42802323.0 7439.3049 
5130000 7305 710.561 2758707.4 450.136 15.2649 7305 42904134.0 6680.3025 
5140000 7318 724.937 2764693.467 454.03 16.5025 7318 42996257.0 7170.1896 
5150000 7331 727.347 2771404.067 462.854 17.2637 7331 43100039.0 7394.7727 
5160000 7346 716.431 2777720.0 456.332 17.5796 7346 43199031.0 6824.7456 
5170000 7358 735.588 2783193.533 453.539 18.3677 7358 43283544.0 6887.3232 
5180000 7375 685.781 2789915.2 432.401 17.4124 7375 43386938.0 6083.7763 
5190000 7390 679.522 2796427.0 434.335 17.578 7390 43487421.0 6526.5186 
5200000 7407 660.907 2803216.267 427.733 17.2174 7407 43592300.0 6480.9557 
5210000 7416 709.295 2807628.8 436.282 18.4862 7416 43659700.0 7075.1187 
5220000 7430 728.948 2813916.8 438.014 19.0313 7430 43757038.0 6728.8868 
5230000 7445 710.152 2820585.933 437.35 18.6234 7445 43860307.0 6609.9582 
5240000 7462 679.875 2827373.067 429.564 17.8995 7462 43965150.0 6442.7692 
5250000 7474 688.668 2833324.8 437.25 18.2305 7474 44057035.0 7024.3126 
5260000 7487 710.075 2838701.333 434.748 18.7044 7487 44139853.0 6484.2788 
5270000 7501 725.335 2844512.067 434.81 19.091 7501 44229805.0 6668.3564 
5280000 7514 730.009 2851251.133 450.846 19.3721 7514 44333671.0 7415.2212 
5290000 7524 752.01 2856140.467 453.417 19.9094 7524 44408606.0 7153.9424 
5300000 7539 749.601 2862392.0 448.007 19.8223 7539 44505041.0 6667.9896 
5310000 7549 797.075 2866459.133 443.433 20.8771 7549 44567277.0 6538.5122 
5320000 7563 767.262 2873023.933 444.312 20.2359 7563 44669303.0 6806.0767 
5330000 7576 771.982 2878372.733 439.479 20.282 7576 44752059.0 6751.0029 
5340000 7588 776.088 2884744.467 452.861 20.4725 7588 44851025.0 7413.6723 
5350000 7599 809.055 2889931.467 459.729 21.2956 7599 44930494.0 7391.7144 
5360000 7613 794.012 2896424.6 466.95 21.013 7613 45031252.0 7637.0966 
5370000 7627 766.988 2903050.867 464.76 20.3497 7627 45133678.0 7120.1466 
5380000 7641 757.795 2909840.067 470.863 20.1649 7641 45238757.0 7385.3491 
5390000 7655 748.223 2915858.867 461.032 19.8308 7655 45331927.0 6805.4401 
5400000 7671 717.637 2922557.467 452.004 19.0557 7671 45435808.0 6871.4439 
5410000 7687 690.724 2929216.2 440.916 18.3411 7687 45539160.0 6423.7696 
5420000 7701 689.541 2935878.733 444.316 18.2836 7701 45642556.0 7030.8356 
5430000 7716 685.83 2942499.067 444.94 18.2605 7716 45745127.0 6891.7966 
5440000 7730 692.399 2949065.067 451.803 18.4686 7730 45847106.0 7253.8214 
5450000 7745 686.956 2955931.267 453.681 18.3326 7745 45952979.0 7080.6612 
5460000 7760 681.707 2962755.267 453.549 18.2027 7760 46058615.0 6856.5136 
5470000 7774 683.719 2969460.467 456.438 18.312 7774 46162136.0 7177.4769 
5480000 7789 683.046 2975407.933 444.361 18.179 7789 46254137.0 6457.8411 
5490000 7803 692.808 2981756.0 448.31 18.433 7803 46352667.0 6930.2597 
5500000 7817 687.687 2988609.8 451.539 18.3289 7817 46458658.0 7091.0595 
5510000 7832 687.047 2995052.333 449.451 18.2663 7832 46558506.0 6841.2026 
5520000 7846 698.742 3001663.467 458.361 18.596 7846 46660843.0 7352.0273 
5530000 7860 695.986 3008468.8 460.491 18.585 7860 46765965.0 7153.4997 
5540000 7874 703.656 3015123.6 466.138 18.8979 7874 46869171.0 7338.9577 
5550000 7889 695.911 3021879.0 463.451 18.699 7889 46973711.0 7083.9079 
5560000 7904 684.636 3028119.4 448.564 18.3286 7904 47070722.0 6401.6649 
5570000 7918 685.16 3034787.533 452.85 18.3501 7918 47173776.0 7064.6237 
5580000 7933 685.398 3041612.333 455.379 18.3532 7933 47279460.0 7087.287 
5590000 7947 689.122 3048336.867 459.081 18.4144 7947 47383805.0 7253.1008 
5600000 7963 672.514 3055230.8 452.235 18.0058 7963 47490325.0 6801.1282 
5610000 7978 674.218 3061916.2 452.43 18.0382 7978 47593676.0 6884.2164 
5620000 7992 679.848 3068483.133 453.822 18.1267 7992 47695509.0 7048.5579 
5630000 7999 782.14 3071576.533 453.68 20.513 7999 47742430.0 6974.9696 
5640000 8010 802.831 3077158.2 462.019 21.0606 8010 47828143.0 7386.9664 
5650000 8025 770.534 3083778.667 458.63 20.3243 8025 47931120.0 7082.714 
5660000 8039 760.457 3090366.333 464.423 20.1391 8039 48033028.0 7289.1785 
5670000 8055 721.73 3097218.6 453.15 19.1801 8055 48138901.0 6663.2469 
5680000 8069 717.362 3103910.067 457.659 19.108 8069 48242466.0 7054.2291 
5690000 8084 705.186 3110601.133 455.574 18.7776 8084 48346381.0 7034.5968 
5700000 8096 729.721 3116976.533 469.149 19.4588 8096 48444933.0 7753.5979 
5710000 8112 701.44 3123741.0 457.312 18.7392 8112 48549477.0 6686.2334 
5720000 8127 686.221 3130501.933 451.968 18.3434 8127 48654283.0 6837.7912 
5730000 8142 688.365 3137075.267 452.674 17.3274 8142 48756184.0 7008.6907 
5740000 8156 691.723 3143497.467 453.347 16.1989 8156 48856114.0 7098.8421 
5750000 8171 684.359 3150149.733 449.438 15.149 8171 48959370.0 6758.8445 
5760000 8184 703.603 3156339.733 455.373 14.8516 8184 49055492.0 7256.4533 
5770000 8200 689.905 3163061.533 451.034 14.2828 8200 49159717.0 6982.044 
5780000 8214 693.703 3169825.533 457.45 14.024 8214 49264420.0 7231.4302 
5790000 8228 693.581 3176580.6 459.773 13.6947 8228 49369083.0 7201.0139 
5800000 8242 695.481 3183283.733 462.931 13.5702 8242 49472787.0 7169.9786 
5810000 8255 713.292 3188843.933 457.172 13.6873 8255 49558414.0 6818.205 
5820000 8269 716.768 3195436.6 462.469 13.6418 8269 49659923.0 7268.2901 
5830000 8283 714.34 3202057.0 463.794 13.4501 8283 49762946.0 7289.5598 
5840000 8297 717.845 3208670.333 468.479 13.4193 8297 49865540.0 7213.9704 
5850000 8308 741.421 3213931.867 462.287 13.6871 8308 49946847.0 6978.1268 
5860000 8322 738.85 3220620.933 468.674 13.6103 8322 50050114.0 7526.3963 
5870000 8336 734.342 3227291.4 471.496 13.4965 8336 50153462.0 7417.7782 
5880000 8351 710.237 3233933.667 461.846 13.0276 8351 50256195.0 6843.2403 
5890000 8367 689.167 3240685.067 451.746 12.5925 8367 50360541.0 6813.1927 
5900000 8384 670.807 3247281.467 439.769 12.1637 8384 50462562.0 6615.1146 
5910000 8398 680.528 3254017.0 449.257 12.3649 8398 50566572.0 7109.4788 
5920000 8414 654.188 3260784.6 434.305 11.8684 8414 50671020.0 6259.3842 
5930000 8430 654.673 3267642.067 438.537 11.8854 8430 50776733.0 6810.1951 
5940000 8445 658.269 3274229.0 439.405 11.9404 8445 50878711.0 6833.2155 
5950000 8460 659.189 3281094.0 443.255 11.9577 8460 50984328.0 7203.9442 
5960000 8474 668.096 3287855.467 450.747 12.209 8474 51088805.0 7257.2096 
5970000 8486 715.512 3293426.4 458.468 12.9308 8486 51174270.0 7395.7344 
5980000 8499 721.52 3300003.333 464.971 13.8315 8499 51275711.0 7569.2855 
5990000 8512 734.466 3306673.6 477.316 15.4705 8512 51378874.0 7927.5482 
6000000 8526 727.394 3313148.8 474.497 16.2563 8526 51478752.0 7205.6263 
6010000 8541 719.595 3319524.267 464.35 15.6401 8541 51577061.0 6938.3435 
6020000 8556 706.687 3326463.267 464.477 14.9022 8556 51684234.0 7351.6169 
6030000 8567 710.69 3332066.933 468.124 14.6213 8567 51770390.0 7407.6362 
6040000 8582 726.274 3338595.467 462.413 14.4341 8582 51871453.0 7069.0525 
6050000 8599 690.824 3345658.0 451.663 13.5124 8599 51980046.0 6559.619 
6060000 8614 682.134 3352394.733 449.246 13.1353 8614 52084185.0 6957.5096 
6070000 8625 720.728 3357324.067 449.35 13.6353 8625 52160323.0 7021.3122 
6080000 8636 751.114 3362792.0 454.769 14.0429 8636 52244661.0 7130.065 
6090000 8646 776.063 3367183.933 455.742 14.3697 8646 52312253.0 7151.9438 
6100000 8660 781.707 3373377.733 453.942 14.3736 8660 52408098.0 7106.7028 
6110000 8674 769.344 3379979.0 459.979 14.1315 8674 52510469.0 7356.533 
6120000 8689 743.101 3386756.333 458.492 13.6986 8689 52615172.0 7068.6806 
6130000 8701 759.49 3392303.867 457.415 13.9047 8701 52700471.0 6872.4035 
6140000 8714 765.627 3398870.467 470.77 14.067 8714 52802752.0 7801.5061 
6150000 8722 826.428 3403211.6 474.593 15.0257 8722 52868950.0 7680.1782 
6160000 8737 790.41 3410021.467 473.044 14.4315 8737 52973861.0 7445.9601 
6170000 8752 754.465 3416678.333 463.464 13.7532 8752 53076698.0 7063.1863 
6180000 8763 792.869 3421990.333 472.58 14.3741 8763 53158380.0 7654.4164 
6190000 8776 785.577 3428672.2 480.897 14.2756 8776 53261296.0 7865.7492 
6200000 8789 780.545 3435450.067 489.537 14.244 8789 53365719.0 7860.3994 
6210000 8804 749.966 3442246.2 479.118 13.7194 8804 53470579.0 7117.1989 
6220000 8817 753.624 3447808.467 468.457 13.752 8817 53555930.0 6662.7697 
6230000 8828 787.322 3453232.133 475.014 14.3196 8828 53639443.0 7355.1506 
6240000 8843 748.179 3459948.2 463.155 13.6539 8843 53742802.0 6900.3516 
6250000 8858 729.005 3466685.533 460.195 13.3295 8858 53847026.0 7110.9865 
6260000 8872 729.022 3473342.4 466.719 13.3725 8872 53949901.0 7481.2684 
6270000 8886 724.065 3479960.133 466.728 13.4996 8886 54052763.0 7450.4994 
6280000 8901 704.498 3486474.533 455.508 13.3646 8901 54154129.0 6474.7189 
6290000 8916 699.378 3493351.0 459.004 13.6071 8916 54260379.0 7169.6985 
6300000 8930 701.724 3500048.133 462.383 13.5606 8930 54363590.0 7382.9738 
6310000 8940 758.344 3504273.0 459.114 14.2935 8940 54428244.0 6968.6865 
6320000 8954 740.335 3510904.867 458.214 13.8484 8954 54530766.0 6995.168 
6330000 8970 713.568 3517596.267 450.304 13.283 8970 54634565.0 6552.644 
6340000 8981 750.162 3523033.0 458.353 14.0875 8981 54718593.0 7383.2292 
6350000 8994 750.512 3529518.667 464.69 13.9481 8994 54818896.0 7514.2692 
6360000 9008 738.932 3536394.867 469.748 13.6833 9008 54925120.0 7426.5823 
6370000 9024 712.097 3543262.2 461.137 13.1091 9024 55031079.0 6903.4996 
6380000 9035 723.191 3548610.267 467.054 13.2573 9035 55112965.0 7445.5007 
6390000 9048 763.686 3554759.933 472.381 13.8482 9048 55207753.0 7568.3659 
6400000 9063 737.026 3561541.8 466.259 13.3937 9063 55312766.0 7093.6797 
6410000 9075 757.428 3567047.8 463.724 13.6545 9075 55397320.0 6989.345 
6420000 9090 730.812 3573812.533 459.01 13.2016 9090 55501819.0 6944.1866 
6430000 9103 735.231 3580017.333 460.361 13.2511 9103 55597625.0 7160.1386 
6440000 9119 709.92 3586722.533 451.577 12.791 9119 55701181.0 6634.3162 
6450000 9134 694.031 3593376.066 446.676 12.5042 9134 55804253.0 6447.0276 
6460000 9149 684.084 3600136.466 445.809 12.3774 9149 55908784.0 6423.2597 
6470000 9165 674.512 3606914.0 444.442 12.2387 9165 56013725.0 6591.1488 
6480000 9179 676.14 3613515.733 446.753 12.2838 9179 56115666.0 6753.3536 
6490000 9194 675.324 3620180.533 447.482 12.3016 9194 56218315.0 6968.3217 
6500000 9209 668.141 3626702.466 439.719 12.121 9209 56319384.0 6586.4442 
6510000 9224 675.322 3633211.466 443.835 12.2524 9224 56420095.0 6945.9363 
6520000 9238 684.813 3639647.0 447.561 12.412 9238 56519911.0 7012.3537 
6530000 9253 679.325 3646311.2 446.551 12.3362 9253 56623065.0 6911.7818 
6540000 9262 742.433 3650487.333 446.538 13.2746 9262 56687077.0 6953.1813 
6550000 9277 716.37 3657076.933 439.698 12.8137 9277 56789110.0 6288.1717 
6560000 9291 724.181 3663631.733 452.835 13.0376 9291 56890841.0 7274.5991 
6570000 9306 708.246 3670371.133 450.698 12.7916 9306 56994986.0 7105.6221 
6580000 9322 689.538 3677030.666 444.335 12.5201 9322 57098055.0 6912.5647 
6590000 9337 685.937 3683674.6 445.849 12.542 9337 57200690.0 7010.6469 
6600000 9348 724.276 3688985.733 447.807 13.5481 9348 57282484.0 6930.6574 
6610000 9359 763.218 3694074.666 452.016 15.2279 9359 57361138.0 6941.9931 
6620000 9373 749.905 3700539.0 453.864 15.5255 9373 57461181.0 6931.2303 
6630000 9384 774.144 3706007.066 458.295 16.4811 9384 57545472.0 7045.5186 
6640000 9397 778.506 3712483.8 471.062 17.5975 9397 57645786.0 7728.1912 
6650000 9411 759.011 3718581.2 459.828 17.8027 9411 57741354.0 6915.8947 
6660000 9426 737.502 3725139.0 455.342 17.8344 9426 57842254.0 6817.5352 
6670000 9440 733.286 3731780.8 461.294 18.1558 9440 57944951.0 7046.1473 
6680000 9454 724.424 3738069.133 454.579 18.2604 9454 58042135.0 6942.8937 
6690000 9468 719.613 3744729.266 458.067 18.3895 9468 58145111.0 7150.3836 
6700000 9487 667.398 3751421.133 430.833 17.2019 9487 58248578.0 5885.9673 
6710000 9501 673.124 3757761.533 431.263 17.4615 9501 58346134.0 6465.4944 
6720000 9516 673.221 3764211.266 433.25 17.517 9516 58445598.0 6580.8726 
6730000 9530 681.083 3770615.333 437.005 17.7966 9530 58544209.0 6720.8995 
6740000 9542 710.492 3776533.4 450.946 18.6222 9542 58635721.0 7490.1029 
6750000 9557 706.403 3783129.333 449.926 18.5371 9557 58737632.0 7001.3798 
6760000 9572 689.634 3789994.2 446.934 18.1805 9572 58843198.0 6878.6586 
6770000 9586 695.803 3796646.8 453.808 18.3629 9586 58945950.0 7093.7176 
6780000 9601 682.135 3803393.066 448.753 18.0302 9601 59050280.0 6854.0267 
6790000 9616 690.13 3810092.133 456.473 18.358 9616 59153610.0 7133.0544 
6800000 9630 678.062 3816875.266 454.792 18.0595 9630 59257980.0 6854.9767 
6810000 9644 703.955 3823289.8 463.936 18.7059 9644 59357414.0 7335.9434 
6820000 9658 698.44 3829695.8 456.115 18.548 9658 59457209.0 6932.5651 
6830000 9674 686.12 3835929.2 443.852 18.1713 9674 59553817.0 6502.8376 
6840000 9687 696.929 3842466.333 451.656 18.4923 9687 59655302.0 7192.2081 
6850000 9698 737.853 3847977.066 462.042 19.5821 9698 59740116.0 7529.1678 
6860000 9710 760.928 3853481.8 465.052 20.1263 9710 59824757.0 7414.5749 
6870000 9725 734.349 3860370.866 462.014 19.556 9725 59930989.0 6965.4382 
6880000 9734 789.776 3864546.933 459.356 20.8228 9734 59995018.0 6855.6871 
6890000 9750 750.284 3871348.6 453.919 19.9243 9750 60099978.0 6901.1606 
6900000 9764 731.325 3878107.266 454.544 19.5067 9764 60204537.0 6940.9575 
6910000 9778 734.829 3884725.666 463.468 19.6387 9778 60306864.0 7433.7161 
6920000 9793 720.556 3891457.066 462.285 19.2355 9793 60410946.0 7090.8687 
6930000 9809 693.919 3898282.4 452.124 18.5412 9809 60516241.0 6720.8823 
6940000 9825 674.19 3905168.933 445.599 17.9813 9825 60622038.0 6636.513 
6950000 9838 692.202 3911289.133 447.976 18.3962 9838 60716280.0 6963.0343 
6960000 9853 692.211 3917974.6 452.065 18.4741 9853 60819652.0 7059.3157 
6970000 9866 687.489 3924134.866 451.018 18.4007 9866 60914432.0 6933.7406 
6980000 9881 696.138 3930201.4 442.493 18.5489 9881 61007884.0 6541.6234 
6990000 9895 700.444 3936891.866 451.226 18.7354 9895 61111138.0 7018.5272 
7000000 9908 705.889 3943174.666 456.451 18.948 9908 61208487.0 7308.0605 
7010000 9919 751.219 3948533.866 459.873 20.0554 9919 61291011.0 7370.518 
7020000 9930 769.098 3953557.8 456.042 20.5149 9930 61368165.0 6872.4429 
7030000 9943 783.183 3959316.733 458.683 20.826 9943 61456797.0 7111.0141 
7040000 9955 762.302 3965232.733 462.031 20.3412 9955 61547527.0 7142.9469 
7050000 9971 753.295 3971782.133 453.626 20.0919 9971 61648763.0 6716.8053 
7060000 9985 741.136 3978348.2 455.143 19.7598 9985 61750771.0 7085.4218 
7070000 9997 757.689 3983727.6 453.046 20.0959 9997 61833510.0 7042.741 
7080000 10010 760.167 3990344.133 465.597 20.2244 10010 61936128.0 7498.1788 
7090000 10024 749.661 3997113.066 470.478 19.9863 10024 62040937.0 7636.0914 
7100000 10038 741.601 4003634.066 469.922 19.8333 10038 62141847.0 7346.2565 
7110000 10051 745.214 4010089.133 475.258 19.9543 10051 62241873.0 7657.4846 
7120000 10065 734.855 4016817.0 474.074 19.656 10065 62345806.0 7397.8488 
7130000 10079 728.141 4023117.866 467.376 19.4774 10079 62443757.0 6920.8227 
7140000 10093 732.113 4029840.2 475.143 19.6627 10093 62547905.0 7533.1 
7150000 10107 718.657 4036651.733 472.302 19.3554 10107 62653011.0 7205.0661 
7160000 10117 760.427 4041593.666 477.946 20.3764 10117 62729149.0 7637.417 
7170000 10130 768.281 4047884.2 476.656 20.5481 10130 62826764.0 7307.7432 
7180000 10146 734.412 4054483.0 462.769 19.6187 10146 62928881.0 7076.2446 
7190000 10156 784.151 4059631.133 475.156 20.8535 10156 63007949.0 7764.7006 
7200000 10171 754.682 4066402.533 469.79 20.1911 10171 63112891.0 7140.8433 
7210000 10184 739.825 4072495.933 468.156 19.833 10184 63206784.0 7131.8465 
7220000 10194 803.797 4077063.8 468.731 21.2966 10194 63276604.0 7114.8178 
7230000 10208 775.613 4083858.933 468.425 20.7676 10208 63381473.0 7200.1868 
7240000 10222 764.139 4090642.866 474.945 20.7168 10222 63486125.0 7511.066 
7250000 10237 736.802 4097395.733 467.811 20.1554 10237 63590410.0 6964.0417 
7260000 10249 756.439 4102931.8 463.509 20.672 10249 63675730.0 6941.5694 
7270000 10265 724.217 4109771.866 456.206 19.8873 10265 63781395.0 6761.2454 
7280000 10279 717.958 4116686.466 462.674 19.8399 10279 63887970.0 7065.3825 
7290000 10289 769.163 4121063.0 457.834 21.0622 10289 63954488.0 6744.4723 
7300000 10307 707.813 4127791.733 434.691 19.4269 10307 64058339.0 6221.2538 
7310000 10323 681.698 4134603.066 429.914 18.8181 10323 64163129.0 6318.2711 
7320000 10335 695.412 4140446.866 446.521 19.2774 10335 64252880.0 7487.1278 
7330000 10345 768.862 4145619.133 457.448 21.1616 10345 64332467.0 7765.3808 
7340000 10359 760.686 4152049.066 461.217 20.9997 10359 64431509.0 7168.1555 
7350000 10373 723.598 4158216.466 450.565 19.9928 10373 64526856.0 6673.9907 
7360000 10384 778.893 4163726.2 463.234 21.4618 10384 64611917.0 7696.4949 
7370000 10398 758.021 4170192.8 458.813 20.9126 10398 64712223.0 7048.4071 
7380000 10413 739.065 4176739.066 456.352 20.3946 10413 64812883.0 6777.5093 
7390000 10427 720.524 4182921.933 455.206 20.0074 10427 64908191.0 6997.7152 
7400000 10441 724.126 4189290.6 450.287 20.0708 10441 65006373.0 6741.7132 
7410000 10454 729.431 4195502.4 454.854 20.1859 10454 65102742.0 7096.2799 
7420000 10469 726.754 4201768.466 451.34 20.1385 10469 65199961.0 6724.6153 
7430000 10483 721.115 4208358.866 454.926 19.9965 10483 65301941.0 7105.7053 
7440000 10497 715.412 4214872.0 453.431 19.844 10497 65402510.0 6930.1336 
7450000 10511 715.942 4221686.0 462.474 19.8852 10511 65507922.0 7353.0924 
7460000 10523 738.713 4227453.533 463.339 20.4246 10523 65597388.0 7230.2044 
7470000 10537 738.402 4234170.666 471.071 20.4989 10537 65701446.0 7641.7884 
7480000 10549 764.611 4239648.333 469.736 21.1245 10549 65785645.0 7219.1969 
7490000 10560 758.916 4245389.8 478.449 21.0521 10560 65873821.0 7734.8128 
7500000 10575 767.453 4252031.066 473.343 21.2146 10575 65976031.0 7182.4158 
7510000 10591 724.366 4258913.133 458.604 20.0828 10591 66082012.0 6568.9371 
7520000 10605 716.113 4265425.8 456.875 19.886 10605 66183275.0 6756.5904 
7530000 10616 754.523 4270930.666 463.835 20.9254 10616 66268087.0 7329.9634 
7540000 10627 778.477 4276040.866 465.443 21.5228 10627 66346755.0 7305.1834 
7550000 10637 827.593 4280490.266 464.997 22.7266 10637 66415084.0 7168.8877 
7560000 10649 825.212 4287019.733 479.738 22.7518 10649 66516183.0 7838.2279 
7570000 10664 783.23 4293863.8 473.002 21.7113 10664 66621859.0 7019.3381 
7580000 10676 795.804 4299316.133 469.192 21.9665 10676 66705684.0 6885.7381 
7590000 10690 778.362 4306062.0 473.857 21.5596 10690 66810374.0 7307.5169 
7600000 10702 767.985 4312140.866 474.849 21.321 10702 66904461.0 7329.5978 
7610000 10713 812.027 4316851.4 470.57 22.3133 10713 66976386.0 6948.504 
7620000 10727 782.437 4323201.866 463.78 21.5001 10727 67073948.0 6942.3843 
7630000 10742 754.958 4329812.266 460.221 20.8574 10742 67176433.0 7025.0679 
7640000 10757 735.574 4336539.333 459.392 20.3477 10757 67280022.0 6964.4914 
7650000 10769 754.582 4341940.866 457.304 20.8435 10769 67363754.0 7014.4137 
7660000 10783 745.044 4348772.333 465.18 20.6322 10783 67469104.0 7479.655 
7670000 10797 739.075 4355300.733 466.427 20.5214 10797 67570359.0 7449.5007 
7680000 10808 761.261 4360937.066 467.641 21.0517 10808 67656918.0 7251.991 
7690000 10823 742.515 4367736.533 468.348 20.6018 10823 67762104.0 7173.8173 
7700000 10839 711.064 4374617.2 458.005 19.8181 10839 67868313.0 6905.9226 
7710000 10855 689.868 4381472.933 451.946 19.2134 10855 67974308.0 6833.2683 
7720000 10868 683.787 4387416.6 445.783 19.0377 10868 68066286.0 6718.4976 
7730000 10878 756.511 4391945.466 449.66 20.814 10878 68136426.0 7035.2475 
7740000 10893 736.107 4398785.8 453.518 20.3456 10893 68241810.0 7191.3613 
7750000 10905 752.627 4404283.8 452.218 20.6955 10905 68326496.0 7153.0602 
7760000 10919 743.631 4411078.066 459.623 20.566 10919 68431440.0 7221.5185 
7770000 10929 725.831 4415498.866 454.593 20.0874 10929 68499122.0 6836.0846 
7780000 10939 829.438 4420962.4 471.856 22.7674 10939 68582840.0 7901.371 
7790000 10950 859.049 4426215.6 481.04 23.5542 10950 68663442.0 7959.273 
7800000 10964 821.759 4432769.533 476.079 22.6351 10964 68764726.0 7357.8263 
7810000 10978 793.115 4439362.466 474.41 21.8825 10978 68866387.0 7261.7022 
7820000 10992 777.714 4445777.6 471.855 21.4643 10992 68965674.0 7104.1064 
7830000 11005 770.61 4452068.466 471.05 21.3051 11005 69063787.0 7321.4833 
7840000 11019 765.114 4458921.466 481.637 21.2447 11019 69169326.0 7953.3364 
7850000 11032 753.866 4465517.733 479.587 20.9086 11032 69271266.0 7452.2702 
7860000 11044 774.61 4471057.4 477.048 21.399 11044 69356689.0 7261.4597 
7870000 11057 772.032 4477639.4 482.085 21.3336 11057 69458809.0 7706.697 
7880000 11067 830.551 4481876.2 479.722 22.8011 11067 69523739.0 7353.3962 
7890000 11074 913.896 4485653.0 488.344 24.8842 11074 69581245.0 7818.3561 
7900000 11087 877.488 4491837.933 482.936 23.9849 11087 69676511.0 7343.1326 
7910000 11099 863.32 4497007.666 471.33 23.5496 11099 69756225.0 6819.344 
7920000 11110 839.323 4502462.6 474.546 23.015 11110 69840553.0 7364.6312 
7930000 11119 912.533 4506482.6 470.982 24.7587 11119 69901617.0 7035.918 
7940000 11131 885.033 4511520.333 455.295 23.8173 11131 69979451.0 6489.872 
7950000 11150 778.672 4517981.733 424.141 20.833 11150 70079824.0 5412.7726 
7960000 11165 744.603 4524729.533 427.252 19.9115 11165 70184469.0 6354.4246 
7970000 11170 846.656 4526824.133 425.284 22.2506 11170 70215702.0 6196.0008 
7980000 11180 883.572 4531780.333 435.516 23.1326 11180 70291599.0 6969.4701 
7990000 11189 922.05 4535595.333 436.254 23.982 11189 70350248.0 6821.2523 
8000000 11200 892.853 4541331.933 452.771 23.3274 11200 70438416.0 7715.9535 
8010000 11213 887.56 4547482.666 457.879 23.2498 11213 70533505.0 7408.0202 
8020000 11226 857.478 4554000.266 465.737 22.6132 11226 70634334.0 7615.9923 
8030000 11239 840.551 4559667.133 462.102 22.144 11239 70721407.0 6980.9802 
8040000 11253 800.918 4566340.0 460.461 21.1757 11253 70824491.0 6935.9236 
8050000 11268 770.628 4573098.933 460.3 20.4539 11268 70929222.0 7055.9788 
8060000 11282 752.853 4579983.133 465.573 20.1314 11282 71034945.0 7509.3443 
8070000 11297 742.274 4586404.466 463.506 19.8256 11297 71133987.0 7179.422 
8080000 11310 728.886 4592514.8 457.595 19.475 11310 71228660.0 6759.191 
8090000 11320 758.371 4597135.533 462.017 20.1762 11320 71299480.0 7177.7782 
8100000 11330 807.173 4601553.066 457.808 21.2884 11330 71367306.0 6877.7402 
8110000 11343 795.762 4606955.2 448.656 20.996 11343 71450016.0 6532.5988 
8120000 11355 817.713 4612601.2 451.2 21.5218 11355 71537736.0 7028.5848 
8130000 11370 778.325 4619395.666 451.769 20.5865 11370 71642886.0 6861.7652 
8140000 11387 723.919 4625774.0 429.852 19.1507 11387 71742044.0 5966.9204 
8150000 11402 711.6 4632390.2 434.893 18.9062 11402 71845087.0 6826.8864 
8160000 11415 714.733 4638759.4 441.553 19.0163 11415 71943400.0 7086.6311 
8170000 11430 708.844 4645340.2 445.169 18.8476 11430 72044782.0 6904.5709 
8180000 11445 701.322 4652080.866 448.395 18.6123 11445 72149096.0 7062.5636 
8190000 11460 689.573 4658878.733 447.577 18.3713 11460 72254282.0 6901.2974 
8200000 11474 694.265 4665310.666 449.107 18.4187 11474 72353424.0 7038.2006 
8210000 11486 722.55 4670698.4 446.949 19.0331 11486 72436158.0 6891.3243 
8220000 11497 762.592 4674967.666 439.32 19.9087 11497 72501096.0 6372.3267 
8230000 11509 751.397 4680368.333 436.915 19.6848 11509 72583692.0 6572.6731 
8240000 11522 772.59 4686009.333 438.131 20.1795 11522 72670702.0 6783.1868 
8250000 11534 785.731 4691477.733 441.36 20.5186 11534 72754831.0 6818.9483 
8260000 11549 761.268 4697789.266 440.408 19.9369 11549 72852949.0 6841.6837 
8270000 11560 794.097 4703072.466 449.267 20.7762 11560 72934237.0 7218.962 
8280000 11574 767.16 4709683.6 452.226 20.2116 11574 73036542.0 7074.3975 
8290000 11587 770.296 4715734.133 455.35 20.2878 11587 73130548.0 6991.3458 
8300000 11600 763.926 4722354.866 463.44 20.1931 11600 73233309.0 7392.3432 
8310000 11613 760.318 4729236.933 475.61 20.1627 11613 73339413.0 7975.9225 
8320000 11627 758.225 4736060.266 484.597 20.1656 11627 73444670.0 7907.9538 
8330000 11643 725.746 4742835.933 471.226 19.2778 11643 73548955.0 6892.9248 
8340000 11658 704.118 4749452.266 459.3 18.6948 11658 73650989.0 6528.6911 
8350000 11672 708.645 4756129.866 465.195 18.8055 11672 73753970.0 7180.4727 
8360000 11685 713.957 4762737.2 469.557 18.9568 11685 73856391.0 7523.7136 
8370000 11699 723.252 4769228.266 474.328 19.254 11699 73956963.0 7461.5889 
8380000 11713 715.562 4775923.266 471.851 19.0453 11713 74060354.0 7069.8554 
8390000 11728 706.637 4782310.333 461.99 18.7925 11728 74159614.0 6929.2811 
8400000 11741 712.949 4788963.4 467.965 18.9626 11741 74262402.0 7295.2286 
8410000 11756 701.331 4795680.533 463.138 18.6825 11756 74365954.0 6984.7118 
8420000 11769 717.415 4802285.4 473.637 19.2162 11769 74468407.0 7801.0019 
8430000 11785 699.234 4808993.333 463.507 18.7566 11785 74572268.0 7049.7528 
8440000 11797 728.868 4814334.466 460.916 19.4273 11797 74654726.0 7111.8308 
8450000 11810 731.383 4821082.266 469.913 19.5114 11810 74759039.0 7536.7508 
8460000 11825 712.397 4827876.866 464.042 19.0515 11825 74864204.0 7140.5379 
8470000 11838 729.212 4834429.0 475.848 19.4895 11838 74965589.0 7802.5398 
8480000 11850 756.663 4839886.866 473.219 20.0828 11850 75049601.0 7337.4633 
8490000 11861 781.947 4845334.0 475.667 20.6407 11861 75133664.0 7419.5237 
8500000 11875 765.905 4852082.266 477.669 20.2314 11875 75237953.0 7426.9983 
8510000 11886 793.004 4857497.866 479.698 20.8822 11886 75320964.0 7294.8707 
8520000 11898 806.418 4862981.933 477.071 21.1803 11898 75405355.0 7198.2507 
8530000 11912 784.445 4869812.4 479.884 20.6709 11912 75510589.0 7571.8812 
8540000 11926 763.119 4876565.133 477.677 20.1735 11926 75614824.0 7217.9845 
8550000 11940 743.757 4883315.066 474.042 19.8761 11940 75718710.0 7101.859 
8560000 11954 736.563 4889577.133 468.376 19.846 11954 75815442.0 7054.6007 
8570000 11965 779.042 4894691.733 473.12 21.0613 11965 75894414.0 7433.9061 
8580000 11979 760.803 4901201.2 468.179 20.7805 11979 75994951.0 7204.6973 
8590000 11995 733.639 4908017.066 463.743 20.2269 11995 76100124.0 7040.7272 
8600000 12008 736.277 4914746.8 472.095 20.3677 12008 76204455.0 7486.9021 
8610000 12023 722.56 4921492.066 469.721 20.0093 12023 76308969.0 7144.9027 
8620000 12037 716.49 4928288.333 470.753 19.9546 12037 76413919.0 7177.5727 
8630000 12052 700.878 4934865.4 460.637 19.5508 12052 76515818.0 6846.2505 
8640000 12068 682.002 4941688.4 452.397 18.9868 12068 76620816.0 6682.5904 
8650000 12082 683.69 4948523.0 457.065 19.0611 12082 76726039.0 7133.492 
8660000 12098 664.488 4955303.666 446.048 18.5455 12098 76830848.0 6398.5507 
8670000 12113 674.59 4961940.0 451.881 18.9075 12113 76933687.0 7101.1339 
8680000 12129 662.559 4968703.933 444.839 18.5148 12129 77038273.0 6650.7528 
8690000 12143 670.846 4975357.533 449.215 18.7895 12143 77140800.0 6970.4831 
8700000 12156 670.197 4981213.8 448.002 18.7791 12156 77231100.0 6854.8525 
8710000 12167 742.716 4986019.266 449.553 20.5501 12167 77305420.0 6993.9614 
8720000 12182 721.895 4992609.533 445.817 20.015 12182 77407318.0 6735.3333 
8730000 12197 707.016 4999473.8 448.645 19.6468 12197 77513346.0 7173.6881 
8740000 12207 746.414 5004889.266 458.67 20.7058 12207 77596695.0 7537.1186 
8750000 12217 799.611 5009231.266 457.408 21.9968 12217 77663293.0 7127.7423 
8760000 12234 744.759 5016155.266 447.365 20.6007 12234 77770167.0 6726.2667 
8770000 12245 762.127 5021808.466 452.104 21.0142 12245 77856803.0 7099.8686 
8780000 12260 750.596 5028633.4 461.654 20.8484 12260 77961948.0 7503.7643 
8790000 12272 766.999 5034262.466 462.043 21.202 12272 78048282.0 7290.8054 
8800000 12281 825.005 5038639.133 463.363 22.6424 12281 78115174.0 7145.2257 
8810000 12296 789.579 5045419.533 464.752 21.7967 12296 78220264.0 7260.3147 
8820000 12309 776.75 5052043.733 469.26 21.5551 12309 78322461.0 7476.0069 
8830000 12323 769.541 5058864.866 479.514 21.4746 12323 78427868.0 7780.9748 
8840000 12334 789.692 5064236.666 476.897 21.8407 12334 78510812.0 7301.9597 
8850000 12343 847.451 5068439.933 477.151 23.237 12343 78575215.0 7330.0913 
8860000 12353 879.495 5073053.4 476.115 24.0412 12353 78645831.0 7285.2403 
8870000 12369 812.145 5079736.866 461.923 22.3233 12369 78749216.0 6776.2338 
8880000 12384 773.045 5086351.0 455.318 21.3761 12384 78851711.0 6737.6529 
8890000 12398 752.121 5093134.0 457.729 20.8902 12398 78956532.0 7088.8142 
8900000 12409 776.299 5098537.333 460.167 21.4845 12409 79039647.0 7249.145 
8910000 12421 782.056 5104631.666 471.654 21.6973 12421 79133678.0 7666.661 
8920000 12432 815.47 5110123.866 478.284 22.553 12432 79218547.0 7698.7394 
8930000 12446 791.985 5116876.733 480.579 21.986 12446 79322863.0 7586.3035 
8940000 12461 765.832 5122834.133 463.741 21.1975 12461 79414500.0 6527.3797 
8950000 12471 770.816 5127519.6 454.845 21.2528 12471 79486280.0 6390.079 
8960000 12485 785.278 5133937.4 462.424 21.6709 12485 79584998.0 7135.931 
8970000 12498 780.58 5139296.666 450.138 21.4862 12498 79667163.0 6264.7808 
8980000 12513 749.688 5146097.466 450.25 20.7588 12513 79771956.0 6762.0164 
8990000 12525 759.057 5151406.333 444.845 20.9204 12525 79854089.0 6707.8595 
9000000 12542 716.547 5158307.8 438.189 19.7737 12542 79959924.0 6480.688 
9010000 12554 739.293 5163824.933 442.32 20.434 12554 80045035.0 6758.4341 
9020000 12569 721.205 5170675.666 446.832 20.0401 12569 80150824.0 6901.96 
9030000 12583 715.779 5177308.0 450.455 19.9282 12583 80253170.0 7014.7987 
9040000 12597 717.553 5183905.133 457.459 20.0402 12597 80355170.0 7173.0261 
9050000 12607 760.184 5189085.466 462.101 21.1065 12607 80435028.0 7474.4937 
9060000 12622 733.153 5195867.8 456.815 20.4429 12622 80540241.0 6952.5024 
9070000 12636 733.806 5202205.2 459.3 20.5168 12636 80638580.0 7044.5663 
9080000 12651 715.347 5209014.133 457.21 19.9902 12651 80743930.0 6916.8295 
9090000 12668 686.567 5215776.066 445.355 19.2072 12668 80848325.0 6668.3528 
9100000 12682 690.117 5222516.8 451.957 19.3255 12682 80953038.0 7369.1903 
9110000 12696 692.576 5229062.533 453.266 19.4193 12696 81054399.0 7044.694 
9120000 12711 690.449 5235764.6 455.227 19.3969 12711 81158145.0 7105.7099 
9130000 12726 684.511 5242500.6 453.493 19.2231 12726 81262119.0 6995.7316 
9140000 12741 683.005 5249339.4 456.533 19.253 12741 81367640.0 7074.7613 
9150000 12754 697.375 5256163.8 467.994 19.6288 12754 81472714.0 7739.6092 
9160000 12771 664.037 5262962.2 447.329 18.6092 12771 81578424.0 6470.5207 
9170000 12785 675.287 5269801.533 456.742 18.9624 12785 81684379.0 7367.4344 
9180000 12796 728.468 5274951.866 461.0 20.2612 12796 81763752.0 7323.8006 
9190000 12811 715.042 5281427.0 455.727 19.9023 12811 81863934.0 6826.2599 
9200000 12824 721.984 5287825.6 461.195 20.1091 12824 81963562.0 7280.1283 
9210000 12839 714.907 5294421.2 459.874 19.9812 12839 82065980.0 6992.3088 
9220000 12853 708.76 5301294.2 462.995 19.8202 12853 82171740.0 7160.2199 
9230000 12867 703.198 5308048.066 463.929 19.6745 12867 82276273.0 7159.2953 
9240000 12881 711.146 5314674.466 469.258 19.9136 12881 82378775.0 7190.6435 
9250000 12893 733.805 5319964.133 460.308 19.8568 12893 82460744.0 6720.1908 
9260000 12907 736.893 5326087.066 460.852 18.3316 12907 82555419.0 7138.8139 
9270000 12922 716.51 5332729.2 454.677 16.7149 12922 82658585.0 6796.6638 
9280000 12937 697.182 5339465.8 448.31 15.3946 12937 82762885.0 6701.3268 
9290000 12950 718.412 5344988.6 449.012 15.0358 12950 82848293.0 6916.2862 
9300000 12964 717.795 5351636.066 455.721 14.5482 12964 82951213.0 7241.8664 
9310000 12975 748.82 5357243.266 460.915 14.7273 12975 83037651.0 7472.221 
9320000 12990 726.96 5363999.4 458.268 14.0411 12990 83142517.0 7103.6172 
9330000 13004 716.835 5370450.133 456.35 13.6249 13004 83242736.0 6861.1733 
9340000 13017 735.206 5375901.733 452.403 13.7231 13017 83327031.0 6779.9828 
9350000 13032 716.195 5382761.066 452.892 13.3089 13032 83433279.0 7103.8435 
9360000 13049 678.554 5389568.866 437.921 12.5256 13049 83538359.0 6324.2541 
9370000 13064 680.548 5396249.2 442.961 12.5029 13064 83642096.0 6884.7216 
9380000 13078 686.912 5402804.666 447.744 12.6217 13078 83744065.0 7015.794 
9390000 13093 677.297 5409397.866 442.677 12.416 13093 83846631.0 6743.0702 
9400000 13105 716.553 5414702.6 443.519 13.0175 13105 83928307.0 6903.0239 
9410000 13120 708.155 5420794.533 437.165 12.8524 13120 84023096.0 6659.4547 
9420000 13132 712.08 5426833.666 442.779 12.9042 13132 84116443.0 6908.9496 
9430000 13147 716.769 5433526.2 448.507 13.0187 13147 84219776.0 7025.1149 
9440000 13160 725.931 5439951.6 457.508 13.1798 13160 84318967.0 7221.2654 
9450000 13174 720.977 5446537.6 458.769 13.2622 13174 84420877.0 7249.2452 
9460000 13187 731.722 5453183.333 470.741 13.4535 13187 84523841.0 7589.6496 
9470000 13200 739.98 5459975.666 482.558 13.5785 13200 84628839.0 8096.6776 
9480000 13213 753.12 5466360.333 488.725 13.7801 13213 84727648.0 8014.991 
9490000 13225 765.65 5472728.133 494.779 13.9636 13225 84826142.0 8095.832 
9500000 13238 768.547 5479255.466 497.679 14.0445 13238 84927547.0 7919.8044 
9510000 13248 798.88 5484314.066 496.068 14.4995 13248 85005743.0 7703.4101 
9520000 13261 796.074 5490791.266 496.135 14.4736 13261 85106274.0 7641.4053 
9530000 13276 763.226 5497400.133 481.351 13.8798 13276 85208612.0 6947.7578 
9540000 13290 758.247 5502892.733 461.853 13.6629 13290 85293206.0 6237.2015 
9550000 13305 737.436 5509165.466 452.624 13.2434 13305 85390667.0 6498.1375 
9560000 13320 718.351 5515866.533 450.677 12.9473 13320 85494121.0 6776.236 
9570000 13335 698.563 5522670.666 447.938 12.6149 13335 85599197.0 6652.7171 
9580000 13351 685.236 5529252.666 442.835 12.3721 13351 85701258.0 6705.3067 
9590000 13366 674.528 5535922.666 438.711 12.1565 13366 85804316.0 6648.9412 
9600000 13380 683.669 5542738.733 450.25 12.3687 13380 85909645.0 7135.6297 
9610000 13395 678.428 5549329.2 447.371 12.2841 13395 86012000.0 6706.1031 
9620000 13407 717.031 5554896.6 454.529 12.9756 13407 86097933.0 7237.485 
9630000 13420 728.727 5561601.466 468.243 13.2397 13420 86202040.0 7873.1771 
9640000 13435 708.457 5568219.066 457.911 12.8826 13435 86304223.0 6846.663 
9650000 13449 708.577 5575050.933 464.384 12.9516 13449 86409596.0 7281.755 
9660000 13461 738.163 5580561.8 466.242 13.4386 13461 86494054.0 7370.7587 
9670000 13475 728.614 5587370.933 468.645 13.3074 13475 86599310.0 7336.0846 
9680000 13488 740.749 5594013.266 480.607 13.56 13488 86702260.0 7936.6912 
9690000 13499 773.623 5599462.599 481.474 14.0834 13499 86786335.0 7759.8327 
9700000 13512 766.919 5606101.466 485.14 14.0319 13512 86888602.0 7786.3462 
9710000 13526 764.554 5612891.333 492.423 14.0263 13526 86993388.0 7910.821 
9720000 13538 771.641 5618457.133 482.167 14.0795 13538 87078700.0 7163.6481 
9730000 13552 755.263 5624774.399 472.707 13.7817 13552 87176899.0 6896.7431 
9740000 13567 741.608 5631401.333 470.229 13.5887 13567 87279452.0 7057.6865 
9750000 13580 734.789 5637950.333 473.112 13.4864 13580 87380375.0 7466.0193 
9760000 13590 786.655 5642608.466 472.146 14.2806 13590 87451947.0 7299.2754 
9770000 13601 825.985 5648043.333 483.227 14.9425 13601 87535078.0 7822.7313 
9780000 13611 849.507 5653668.533 493.946 15.3906 13611 87621428.0 8163.4729 
9790000 13627 789.404 5659975.799 468.43 14.2994 13627 87718644.0 6532.9524 
9800000 13641 767.326 5666264.999 462.004 13.9195 13641 87816073.0 6665.2546 
9810000 13654 770.819 5671925.333 456.98 13.9238 13654 87902959.0 6597.7442 
9820000 13669 743.667 5678748.866 456.517 13.4754 13669 88008310.0 7046.9814 
9830000 13683 732.593 5685373.733 457.728 13.2736 13683 88111048.0 7054.6453 
9840000 13698 712.046 5692032.533 452.226 12.96 13698 88214367.0 6836.2553 
9850000 13714 690.6 5698521.333 440.962 12.7095 13714 88315536.0 6486.3318 
9860000 13729 690.628 5705052.666 443.666 12.641 13729 88416409.0 6927.7577 
9870000 13743 685.798 5711577.399 441.985 12.5375 13743 88517165.0 6594.3687 
9880000 13759 671.55 5718121.599 435.576 12.2748 13759 88618582.0 6593.2677 
9890000 13770 718.586 5723462.866 445.697 13.0147 13770 88700751.0 7309.6247 
9900000 13785 708.996 5730264.533 450.427 12.8764 13785 88805510.0 7082.0105 
9910000 13799 702.233 5737040.333 453.359 12.8385 13799 88910162.0 7207.8563 
9920000 13812 732.651 5742801.999 458.527 13.2926 13812 88998329.0 7359.1627 
9930000 13820 806.911 5747205.266 470.269 14.4285 13820 89065441.0 7844.226 
9940000 13830 845.594 5751575.599 466.827 14.983 13830 89132232.0 7142.6776 
9950000 13838 906.774 5755928.133 478.926 15.9628 13838 89198645.0 7880.25 
9960000 13848 912.951 5761371.199 484.174 16.0963 13848 89282604.0 7865.4781 
9970000 13862 871.315 5768048.599 487.088 15.4565 13862 89385786.0 7709.7944 
9980000 13876 825.904 5774765.933 480.292 14.7384 13876 89489638.0 7256.9914 
9990000 13886 863.404 5779041.533 474.278 15.174 13886 89555107.0 6950.6402 
10000000 13900 825.517 5785732.266 474.636 14.4994 13900 89658470.0 7290.6707 
