10000 10 182.927 2691.048 49.083 0.1768 0 0 0 0.0 0.0 0.0 0.0 0.0 
20000 20 332.392 5399.582 89.894 0.3203 0 0 0 0.0 0.0 0.0 0.0 0.0 
30000 56 314.413 8924.592 101.474 1.0925 0 0 0 0.0033747 -1.4234937 0.0147958 0.0099035 0.0031607 
40000 69 414.924 14179.221 167.301 1.9106 0 0 0 0.0024246 -2.7701007 0.0236288 0.0080911 0.0023162 
50000 86 462.372 20498.359 227.624 2.3917 0 0 0 0.0027158 -4.4228778 0.0525727 0.0075433 0.0025134 
60000 97 560.05 26473.626 295.389 3.0809 0 0 0 0.0018071 -6.1573513 0.0592668 0.0054349 0.0017404 
70000 107 640.529 33461.24 368.025 3.6406 0 0 0 0.0019104 -8.172192 0.0792016 0.0047822 0.0018281 
80000 119 685.825 40601.298 419.146 3.9683 0 0 0 0.0019612 -10.2929836 0.1117308 0.0039161 0.0018307 
90000 129 729.111 47117.033 452.369 4.2723 0 0 0 0.0020078 -12.4123406 0.1874081 0.003586 0.001918 
100000 141 753.284 52264.987 447.455 4.4751 0 0 0 0.0020042 -14.2968409 0.2366397 0.0033537 0.0018698 
110000 151 798.415 57991.351 471.245 4.7861 0 0 0 0.0025295 -16.2011139 0.5915995 0.0032018 0.0023074 
120000 162 830.162 64210.243 495.154 5.0031 0 0 0 0.0018163 -18.1801629 0.4536047 0.0031185 0.0017613 
130000 172 861.23 70889.383 527.579 5.2172 0 0 0 0.0022011 -20.2235028 0.5669047 0.0028096 0.0019805 
140000 182 880.02 76586.88 533.319 5.3544 0 0 0 0.0013735 -22.1637851 0.3701003 0.0026738 0.0013121 
150000 192 901.968 82036.718 535.547 5.5078 0 0 0 0.0015068 -24.186485 0.5629251 0.0024923 0.0014448 
160000 204 899.088 86926.001 513.298 5.5006 0 0 0 0.0012094 -26.1032897 0.3543092 0.002395 0.0011846 
170000 214 904.207 92372.256 510.996 5.5401 0 0 0 0.0017151 -27.9842208 0.9728233 0.0024913 0.0016227 
180000 224 921.73 97914.916 517.839 5.6499 0 0 0 0.0020655 -29.7979016 1.4518245 0.0024223 0.0019523 
190000 234 936.048 103468.88 529.535 5.7407 0 0 0 0.0014772 -31.4642711 0.8228448 0.0024846 0.0014258 
200000 244 947.747 108803.451 528.057 5.8179 0 0 0 0.0013595 -33.0862558 0.870304 0.002369 0.0012979 
210000 256 925.894 114908.062 525.036 5.7075 0 0 0 0.0013081 -34.4078184 0.6882754 0.0023883 0.0012707 
220000 267 923.872 120818.267 526.668 5.6992 0 0 0 0.0017088 -35.5341436 1.5219119 0.0022158 0.0016328 
230000 277 937.798 126805.622 539.291 5.8083 0 0 0 0.0015852 -36.8644977 1.5665135 0.0021634 0.0015039 
240000 288 930.487 132263.523 529.039 5.7686 0 0 0 0.001324 -38.0352608 0.8524613 0.0021494 0.0012658 
250000 298 943.203 137684.744 533.28 5.8578 0 0 0 0.001709 -39.1835721 1.8993151 0.00214 0.0016001 
260000 309 939.224 143378.18 531.695 5.8393 0 0 0 0.0014991 -40.4529657 1.3081495 0.00214 0.0014247 
270000 320 941.994 149224.233 536.86 5.855 0 0 0 0.001572 -41.9170825 2.0302642 0.0020382 0.0014469 
280000 330 942.435 155418.67 545.152 5.858 0 0 0 0.0018466 -43.0112213 2.6536885 0.0020137 0.0016886 
290000 340 952.966 162054.492 567.18 5.9248 0 0 0 0.0012168 -44.6553501 1.3867677 0.0018857 0.0011792 
300000 351 952.169 168237.299 569.813 5.9261 0 0 0 0.0012588 -46.1345472 1.0976192 0.0018903 0.0011976 
310000 363 929.799 174781.319 566.846 5.7928 0 0 0 0.0013288 -47.6751777 1.251252 0.0018691 0.0012512 
320000 377 876.722 180288.466 524.159 5.4631 0 0 0 0.001258 -49.0145397 1.7085749 0.0018606 0.0011946 
330000 387 899.273 185025.585 516.584 5.6119 0 0 0 0.0017456 -50.4709217 2.7098532 0.001866 0.0015796 
340000 397 917.699 189075.485 495.741 5.7337 0 0 0 0.002116 -51.7761043 3.4117424 0.0019096 0.001896 
350000 407 927.35 193911.471 490.404 5.7709 0 0 0 0.0018246 -53.2394154 2.7385357 0.0019088 0.001696 
360000 418 933.204 197633.845 463.84 5.8099 0 0 0 0.0017312 -54.3826168 3.4713802 0.001798 0.0016239 
370000 428 930.498 201479.993 440.928 5.8089 0 0 0 0.0013721 -55.4556612 1.4400287 0.0019273 0.0013155 
380000 439 932.027 205906.956 434.754 5.8333 0 0 0 0.0024293 -56.4677938 5.5185052 0.0020705 0.0021914 
390000 449 943.901 212032.504 467.638 5.9057 0 0 0 0.002341 -57.3451342 5.5572655 0.0020217 0.002101 
400000 459 954.163 217145.099 474.384 5.9632 0 0 0 0.0026727 -58.2733807 8.2639432 0.0019017 0.002396 
410000 470 949.515 222786.409 485.214 5.9394 0 0 0 0.001837 -59.4481169 3.8685945 0.0018908 0.0016749 
420000 480 958.75 228630.774 503.021 5.9926 0 0 0 0.001525 -60.5777582 3.8674189 0.001887 0.0014494 
430000 490 966.296 233578.488 500.827 6.0416 0 0 0 0.0014106 -61.5333065 2.7483086 0.0017924 0.0013473 
440000 500 972.461 238412.841 498.806 6.0891 0 0 0 0.0018672 -62.6126433 4.4253151 0.001802 0.0017076 
450000 510 977.499 243472.743 501.558 6.124 0 0 0 0.0015997 -63.7117086 2.9503196 0.0018954 0.0014615 
460000 523 934.031 248856.376 481.889 5.8561 0 0 0 0.0017984 -64.5556342 3.8805189 0.0017607 0.0016499 
470000 533 937.081 254143.759 486.203 5.8706 0 0 0 0.0017054 -65.5735701 4.0199173 0.0017201 0.0015534 
480000 546 907.512 259436.818 472.535 5.6677 0 0 0 0.0015009 -66.43761 3.2869473 0.0017845 0.0013999 
490000 556 924.43 264945.797 487.944 5.7851 0 0 0 0.0025296 -66.9212423 6.7131012 0.0018019 0.0022785 
500000 566 938.254 270171.981 493.905 5.8662 0 0 0 0.0020279 -67.5114966 4.426017 0.0019669 0.001914 
510000 576 947.327 275168.012 494.323 5.9357 0 0 0 0.0018786 -68.0682406 2.9729272 0.0018614 0.0017264 
520000 586 956.962 280923.056 509.613 5.9845 0 0 0 0.001916 -68.7740711 3.1735698 0.0019226 0.0017376 
530000 596 964.835 286570.563 519.748 6.0354 0 0 0 0.0018699 -69.4728631 4.1997062 0.0018144 0.0017701 
540000 606 965.486 291411.099 509.285 6.0374 0 0 0 0.0022327 -70.1509388 4.3975895 0.0017282 0.001976 
550000 616 971.799 296841.131 516.447 6.0586 0 0 0 0.0024091 -70.9939079 7.4197792 0.0016411 0.0021763 
560000 626 973.959 302761.285 525.227 6.0691 0 0 0 0.0019318 -72.1507154 5.5440696 0.0016636 0.0017885 
570000 636 978.723 309602.851 554.978 6.1053 0 0 0 0.0023514 -73.2115953 8.4578354 0.001722 0.0021151 
580000 646 982.615 315749.861 570.296 6.1223 0 0 0 0.0018856 -74.180089 3.7904798 0.001721 0.0017502 
590000 656 985.795 321766.919 576.814 6.134 0 0 0 0.002091 -75.041294 7.1238638 0.0017312 0.0019223 
600000 666 988.394 326827.418 562.774 6.1393 0 0 0 0.0025544 -75.9416725 10.1332993 0.0015998 0.0023313 
610000 676 987.824 330964.123 533.77 6.1281 0 0 0 0.0017327 -76.7375879 3.8116244 0.0018518 0.0015946 
620000 687 975.95 335304.02 506.292 6.0326 0 0 0 0.0017521 -77.4052525 4.0688881 0.0019406 0.0016128 
630000 698 957.576 340332.957 494.44 5.9194 0 0 0 0.0020043 -78.0912881 6.1015595 0.002032 0.0018457 
640000 708 965.337 345456.763 497.439 5.9757 0 0 0 0.0019623 -78.2383482 4.9319688 0.0019158 0.0017984 
650000 718 971.678 351223.344 515.588 6.0212 0 0 0 0.0019071 -78.9187632 4.4322784 0.0019682 0.0017851 
660000 728 976.859 355979.518 508.159 6.0501 0 0 0 0.0025976 -79.3016668 7.0568197 0.0018666 0.0022964 
670000 738 981.092 361126.271 507.208 6.0879 0 0 0 0.0017847 -80.0910248 4.1929533 0.0017961 0.0016605 
680000 749 975.722 366548.689 508.736 6.0484 0 0 0 0.0015231 -80.653626 2.7930038 0.0017785 0.0014257 
690000 760 962.22 371782.592 503.555 5.9718 0 0 0 0.00208 -81.0998874 7.2063216 0.0016832 0.0018606 
700000 770 969.131 377037.738 507.088 6.0212 0 0 0 0.002126 -81.8307734 7.3943677 0.0017154 0.001916 
710000 780 974.778 383099.599 524.461 6.0525 0 0 0 0.0019824 -82.3902223 8.4179158 0.0017212 0.0018129 
720000 790 979.391 389160.222 539.049 6.0888 0 0 0 0.0023849 -82.8406576 9.3817011 0.0015534 0.0021278 
730000 800 983.161 395377.465 554.307 6.1157 0 0 0 0.0015197 -83.1815466 2.4127054 0.0016446 0.0014556 
740000 810 986.242 400853.473 553.41 6.1277 0 0 0 0.0019222 -83.4749408 6.4524795 0.0016799 0.0018056 
750000 820 988.758 406349.179 552.538 6.139 0 0 0 0.0013768 -83.7681352 2.4340514 0.0015522 0.0013426 
760000 830 990.815 412423.692 561.854 6.15 0 0 0 0.0016481 -83.9966435 4.4185196 0.0017527 0.0015365 
770000 840 992.495 417446.305 549.461 6.1637 0 0 0 0.001207 -84.165762 1.876445 0.0016559 0.0011778 
780000 850 993.868 422864.858 548.106 6.1812 0 0 0 0.0020711 -84.4696214 8.0987071 0.0016292 0.0019317 
790000 860 994.99 428012.179 542.244 6.1906 0 0 0 0.0019451 -84.4007898 6.3498475 0.0015875 0.0018083 
800000 870 995.906 433534.721 544.33 6.1982 0 0 0 0.0022308 -84.470513 8.7216807 0.0016009 0.0020522 
810000 880 996.655 438956.89 542.969 6.2044 0 0 0 0.002206 -84.7989157 6.2955141 0.0016169 0.0020497 
820000 890 997.267 445032.222 556.27 6.1926 0 0 0 0.0021408 -85.3804192 8.774951 0.0017139 0.0019863 
830000 900 997.767 450004.344 545.532 6.1927 0 0 0 0.0023881 -85.8964737 8.9998354 0.0017634 0.0022834 
840000 910 998.175 455134.489 538.009 6.2051 0 0 0 0.0023493 -86.4210697 6.1381918 0.0018167 0.0021319 
850000 920 998.509 460490.366 537.179 6.2007 0 0 0 0.0021781 -86.5160209 4.2737941 0.0018314 0.0020485 
860000 930 998.782 466552.685 550.441 6.1962 0 0 0 0.0023515 -87.0369502 5.4344585 0.0018608 0.0022371 
870000 940 999.005 472591.975 560.674 6.2006 0 0 0 0.0020146 -87.2712326 2.9941213 0.0019085 0.0019637 
880000 950 999.187 478940.608 573.919 6.1951 0 0 0 0.0028181 -87.3831833 8.6776823 0.0019394 0.0025938 
890000 960 999.336 484843.396 574.965 6.1992 0 0 0 0.0026888 -87.8427345 6.0748119 0.0019262 0.0025101 
900000 970 999.457 490812.679 580.525 6.1998 0 0 0 0.0029905 -88.2427567 9.5685005 0.0019103 0.00279 
910000 980 999.556 495778.04 565.641 6.1968 0 0 0 0.0042991 -88.2869846 18.0101546 0.0019647 0.0036841 
920000 990 999.638 501709.086 569.375 6.2052 0 0 0 0.0028638 -88.6382876 8.7144665 0.0020073 0.0026594 
930000 1000 999.704 508096.287 583.677 6.2117 0 0 0 0.0030808 -88.9796898 10.9213636 0.0020677 0.0028954 
940000 1010 999.758 514324.386 588.508 6.2154 0 0 0 0.0028691 -89.6124974 6.2912278 0.0020504 0.0026682 
950000 1020 999.802 519798.875 581.553 6.2021 0 0 0 0.0027184 -89.6646554 6.011617 0.0020675 0.0025323 
960000 1030 999.838 526140.068 592.253 6.2011 0 0 0 0.0028383 -89.6906113 7.038859 0.0019862 0.0026484 
970000 1040 999.868 532047.568 592.701 6.2012 0 0 0 0.0027007 -90.0184563 4.8168425 0.0021329 0.0025935 
980000 1050 999.892 537587.178 585.038 6.1987 0 0 0 0.0032674 -90.3597773 7.1868246 0.0021988 0.0030914 
990000 1060 999.912 543557.872 586.862 6.2044 0 0 0 0.0034218 -90.7123631 7.9424142 0.0021734 0.0031583 
1000000 1070 999.928 549983.044 596.398 6.2001 0 0 0 0.0036916 -90.8264321 9.2912933 0.0022038 0.0034374 
1010000 1080 990.455 556250.019 595.402 6.1377 0 0 0 0.0037247 -91.5284232 8.5752492 0.002249 0.0034894 
1020000 1090 992.201 562369.788 598.767 6.1527 0 0 0 0.0033926 -91.7685747 5.2353073 0.0023352 0.0032903 
1030000 1100 993.628 568524.027 597.699 6.1629 0 0 0 0.0036487 -91.5432231 8.9324351 0.0024307 0.0034473 
1040000 1110 994.793 574637.743 604.43 6.1713 0 0 0 0.0037318 -91.8307954 7.2801613 0.0023722 0.0034583 
1050000 1120 995.746 582023.748 626.334 6.1894 0 0 0 0.003817 -92.6410059 10.0458748 0.0023426 0.0036603 
1060000 1130 996.524 588576.233 632.92 6.1953 0 0 0 0.0044654 -92.8100609 14.9734929 0.0024138 0.0041901 
1070000 1140 997.16 596974.68 669.079 6.1932 0 0 0 0.0043565 -93.4948789 7.0189662 0.0024563 0.0040371 
1080000 1150 997.679 604672.529 691.978 6.1978 0 0 0 0.0040039 -94.0931333 9.7427379 0.0024461 0.0037911 
1090000 1160 998.104 613082.689 717.02 6.1993 0 0 0 0.0049598 -94.6372773 15.6197326 0.0024901 0.0045642 
1100000 1170 998.451 620407.31 720.097 6.2022 0 0 0 0.0043771 -95.0336508 10.9077524 0.0024663 0.0040999 
1110000 1180 998.734 627535.038 714.908 6.1979 0 0 0 0.0053046 -95.6545477 16.7834298 0.0026153 0.004889 
1120000 1190 998.966 635103.727 726.184 6.1852 0 0 0 0.0043802 -96.7825513 7.3369196 0.0026443 0.0041994 
1130000 1200 999.155 641412.623 708.412 6.186 0 0 0 0.0046509 -96.9364711 7.572074 0.0026395 0.0044509 
1140000 1210 999.31 648260.488 706.522 6.1772 0 0 0 0.0041055 -97.3133989 7.39236 0.0025981 0.0040204 
1150000 1220 999.436 655256.151 705.14 6.1721 0 0 0 0.0041577 -97.4267247 8.2721757 0.0026148 0.0040493 
1160000 1230 999.539 660954.363 683.022 6.1904 0 0 0 0.0044825 -96.732172 9.8244658 0.0026066 0.0042997 
1170000 1240 999.623 667692.115 674.892 6.1865 0 0 0 0.0043966 -97.6556442 6.3326335 0.0027137 0.004207 
1180000 1250 999.692 674586.42 682.808 6.1875 0 0 0 0.0042278 -97.7188168 6.9252281 0.0027099 0.0040609 
1190000 1260 999.749 681934.644 690.079 6.1872 0 0 0 0.00368 -99.0022156 2.7969179 0.0027867 0.0036443 
1200000 1270 999.795 689604.153 703.726 6.2056 0 0 0 0.0043241 -99.6137129 8.5439227 0.0027004 0.0041679 
1210000 1280 999.832 699219.524 748.544 6.2016 0 0 0 0.0044161 -100.6293898 8.7400801 0.0026399 0.0042266 
1220000 1290 999.863 705673.328 731.097 6.2003 0 0 0 0.004744 -100.7008869 14.4293916 0.0026562 0.0044965 
1230000 1300 999.888 711822.003 712.686 6.2008 0 0 0 0.0041986 -101.2883225 7.1984808 0.002673 0.00402 
1240000 1310 999.908 719665.16 722.008 6.2101 0 0 0 0.0047495 -101.5786329 15.6120068 0.0026093 0.0044734 
1250000 1320 999.925 728538.916 751.735 6.2219 0 0 0 0.0042752 -101.9808525 4.8651384 0.0026461 0.0040879 
1260000 1330 999.939 737397.847 781.018 6.2208 0 0 0 0.0044567 -104.0198358 10.9122262 0.0027564 0.0042542 
1270000 1340 999.95 745223.715 781.497 6.2192 0 0 0 0.0050882 -103.3876683 17.5669025 0.0027133 0.004743 
1280000 1350 999.959 752129.708 766.825 6.2256 0 0 0 0.0038098 -103.3415805 5.0636323 0.0026785 0.0036809 
1290000 1360 999.967 760106.51 771.274 6.229 0 0 0 0.0052705 -103.7897316 16.8902509 0.0027291 0.0048433 
1300000 1370 999.973 768057.097 775.63 6.2101 0 0 0 0.0044785 -104.3533049 16.6122758 0.0027049 0.0042365 
1310000 1380 999.978 775914.108 770.178 6.2188 0 0 0 0.0045255 -105.1785877 13.75452 0.0026874 0.0042883 
1320000 1390 999.982 783423.097 774.285 6.2212 0 0 0 0.0042014 -105.2195497 12.3983371 0.0026341 0.0039574 
1330000 1400 999.985 790950.497 767.51 6.2275 0 0 0 0.0036474 -105.666312 7.3313463 0.0026724 0.0035233 
1340000 1410 999.988 799275.266 777.494 6.2218 0 0 0 0.0036127 -106.6316474 7.3115252 0.002628 0.0034923 
1350000 1420 999.99 806804.882 780.929 6.2199 0 0 0 0.0042694 -107.5364059 13.198213 0.0026353 0.003968 
1360000 1430 999.992 814525.678 774.074 6.2209 0 0 0 0.00462 -109.1833133 11.8003708 0.0026523 0.0042946 
1370000 1440 999.993 822782.187 783.372 6.2241 0 0 0 0.0038453 -109.815445 7.1048777 0.0026529 0.0037122 
1380000 1451 990.305 832850.3 815.541 6.1736 0 0 0 0.0039716 -110.5497433 8.5487059 0.002664 0.0038787 
1390000 1461 992.078 841749.083 829.5 6.1769 0 0 0 0.0040761 -110.9422566 10.7353182 0.0026157 0.0039245 
1400000 1471 993.527 851644.449 857.125 6.1835 0 0 0 0.0048281 -112.6172976 14.2360543 0.0026436 0.0043656 
1410000 1481 994.711 862659.677 901.492 6.1889 0 0 0 0.0040164 -113.4877269 10.0347854 0.0026905 0.0038102 
1420000 1491 995.679 873404.005 934.452 6.1983 0 0 0 0.0040152 -114.2507926 10.5152784 0.0026544 0.0038667 
1430000 1501 996.469 883771.356 954.947 6.1948 0 0 0 0.0039686 -115.3347041 10.8781426 0.0025696 0.0037932 
1440000 1511 997.115 893204.877 950.689 6.1888 0 0 0 0.0040071 -116.5379692 15.5559749 0.0026134 0.0038161 
1450000 1521 997.643 904087.928 977.814 6.1954 0 0 0 0.0035749 -117.6434837 3.9841014 0.0027061 0.0035097 
1460000 1531 998.074 913901.85 979.273 6.1884 0 0 0 0.0046252 -118.7385909 23.3210641 0.0027579 0.0043204 
1470000 1541 998.426 925450.574 1010.751 6.1964 0 0 0 0.0040271 -120.2198299 14.5064062 0.0027626 0.0038767 
1480000 1551 998.714 937001.819 1038.239 6.2022 0 0 0 0.0041751 -121.8525712 16.9918352 0.0028662 0.0040202 
1490000 1561 998.949 949018.026 1067.393 6.2028 0 0 0 0.0042462 -123.9342382 18.9539046 0.0028458 0.0041136 
1500000 1571 999.142 957529.931 1025.823 6.2185 0 0 0 0.0043924 -125.1893731 17.0541672 0.0027615 0.0041437 
1510000 1582 977.724 966779.787 982.9 6.0707 0 0 0 0.0043182 -126.293998 15.8486872 0.0027098 0.004197 
1520000 1592 981.799 975556.603 965.476 6.109 0 0 0 0.0045465 -127.7830332 20.6894671 0.0027806 0.0043338 
1530000 1602 985.128 984583.019 953.097 6.1335 0 0 0 0.0044892 -129.1011463 13.8161316 0.0028 0.0043117 
1540000 1612 987.849 992830.249 928.999 6.1503 0 0 0 0.0045891 -130.0402485 16.3565566 0.0028754 0.0044302 
1550000 1622 990.071 1001960.721 925.281 6.1602 0 0 0 0.0047231 -130.8328359 21.4800364 0.0027945 0.0044323 
1560000 1632 991.888 1011891.567 942.852 6.1747 0 0 0 0.003867 -132.2727972 17.3947407 0.0028192 0.0037967 
1570000 1642 993.372 1021270.283 941.463 6.1787 0 0 0 0.0039926 -133.4905285 19.5169284 0.0028228 0.0039041 
1580000 1652 994.584 1029985.196 925.029 6.1907 0 0 0 0.0041685 -134.7732842 13.0439697 0.002843 0.0040984 
1590000 1662 995.575 1040083.441 945.194 6.1846 0 0 0 0.0041481 -135.5611297 17.1060965 0.0027742 0.0040228 
1600000 1672 996.384 1051222.49 971.285 6.1922 0 0 0 0.0043556 -136.7815931 23.6540989 0.0027689 0.0041556 
1610000 1682 997.046 1059749.737 947.648 6.1865 0 0 0 0.0041532 -137.3501996 14.1689131 0.0026759 0.0039978 
1620000 1692 997.586 1070911.104 977.486 6.1765 0 0 0 0.0038273 -137.9093015 14.0053296 0.0026276 0.0037139 
1630000 1702 998.028 1080961.432 985.189 6.1796 0 0 0 0.0039451 -139.0096186 22.1708804 0.0027132 0.0038435 
1640000 1712 998.388 1091105.353 992.159 6.1814 0 0 0 0.0037644 -139.5997101 10.7006029 0.0026985 0.0036701 
1650000 1722 998.683 1102122.619 1010.383 6.1759 0 0 0 0.0038379 -140.0712275 19.9118644 0.0027556 0.0037211 
1660000 1732 998.924 1112105.462 1014.872 6.1699 0 0 0 0.003986 -140.7079966 21.9574012 0.0028579 0.0039284 
1670000 1742 999.121 1123126.329 1026.748 6.1824 0 0 0 0.0038582 -141.1915039 12.236306 0.0027236 0.0037725 
1680000 1752 999.282 1134088.639 1036.162 6.1888 0 0 0 0.0036199 -141.4352304 10.4216859 0.0027356 0.0035689 
1690000 1762 999.413 1145193.813 1051.902 6.2093 0 0 0 0.0043544 -141.9411238 17.5711323 0.0027466 0.0041576 
1700000 1772 999.52 1157313.905 1079.119 6.216 0 0 0 0.004097 -143.0459333 20.6614721 0.0029053 0.0040336 
1710000 1782 999.608 1169552.215 1111.81 6.2158 0 0 0 0.0038793 -143.9246739 24.6859773 0.0027921 0.0037998 
1720000 1792 999.68 1183178.705 1151.81 6.1852 0 0 0 0.0037155 -145.4116799 11.2447683 0.0027616 0.0036738 
1730000 1802 999.738 1196081.149 1176.887 6.189 0 0 0 0.0036936 -146.3913179 15.0157227 0.0028492 0.0036339 
1740000 1812 999.786 1210480.806 1227.657 6.1967 0 0 0 0.0035961 -148.0219361 11.8479874 0.0029061 0.0035569 
1750000 1822 999.825 1225330.353 1276.706 6.1971 0 0 0 0.0033476 -149.813711 9.5556693 0.0029735 0.0033225 
1760000 1832 999.857 1240172.427 1309.931 6.1935 0 0 0 0.0043862 -151.149513 31.0206571 0.0028576 0.0042489 
1770000 1842 999.883 1256784.776 1375.96 6.1953 0 0 0 0.0045244 -152.9303549 34.2118999 0.0029987 0.0043795 
1780000 1852 999.905 1271985.679 1400.287 6.194 0 0 0 0.0046014 -155.5985165 33.1062163 0.0030233 0.0044667 
1790000 1862 999.922 1286450.947 1410.457 6.1763 0 0 0 0.0041102 -156.772528 17.91376 0.0030093 0.0040552 
1800000 1872 999.936 1300035.956 1402.032 6.1849 0 0 0 0.0045261 -157.548959 25.6632126 0.0031539 0.0043321 
1810000 1882 999.948 1312738.339 1378.218 6.1809 0 0 0 0.0039547 -158.9335253 9.3047297 0.0030977 0.0039192 
1820000 1892 999.958 1326481.307 1377.944 6.1846 0 0 0 0.0042521 -159.8210218 16.5475191 0.0030719 0.0041361 
1830000 1902 999.965 1339194.765 1366.358 6.1955 0 0 0 0.0044405 -161.0514229 18.4771359 0.0030806 0.0043361 
1840000 1912 999.972 1352056.825 1342.769 6.2002 0 0 0 0.0048167 -162.2858576 36.7893995 0.0032018 0.0045693 
1850000 1922 999.977 1365663.751 1346.801 6.2006 0 0 0 0.0042214 -163.2941491 15.5599997 0.0032282 0.0040487 
1860000 1932 999.981 1379906.636 1358.55 6.1933 0 0 0 0.0042142 -164.7351869 24.0155291 0.0031001 0.0041553 
1870000 1942 999.985 1395536.276 1393.774 6.1783 0 0 0 0.0049777 -165.4702341 48.3325546 0.0030085 0.004794 
1880000 1952 999.987 1410599.558 1418.024 6.1698 0 0 0 0.0044824 -167.1026483 30.5300295 0.0030997 0.0043834 
1890000 1962 999.99 1426025.986 1439.202 6.1627 0 0 0 0.004336 -168.9188474 31.5859057 0.003077 0.0042533 
1900000 1972 999.992 1441788.944 1464.104 6.152 0 0 0 0.004701 -169.640129 53.6492837 0.0031576 0.0045836 
1910000 1982 999.993 1456755.111 1472.244 6.1544 0 0 0 0.004366 -170.3563417 26.4286653 0.0030745 0.0042674 
1920000 1992 999.994 1471990.915 1477.269 6.146 0 0 0 0.0046324 -171.1081984 40.2056153 0.0031072 0.0045374 
1930000 2002 999.995 1485177.843 1448.433 6.1553 0 0 0 0.0040895 -171.5824615 14.3596353 0.0031267 0.0040234 
1940000 2012 999.996 1501640.27 1484.059 6.1624 0 0 0 0.0043451 -172.536214 28.3110564 0.0031386 0.0042609 
1950000 2022 999.997 1517067.465 1495.324 6.1658 0 0 0 0.0040123 -173.0955108 19.1518347 0.0030136 0.00393 
1960000 2032 999.997 1531762.569 1488.211 6.178 0 0 0 0.0044021 -173.8714838 34.2157967 0.0031463 0.0043153 
1970000 2042 999.998 1545901.704 1474.771 6.1727 0 0 0 0.0047328 -173.494916 42.2583411 0.0031232 0.0046202 
1980000 2052 999.998 1562778.122 1516.394 6.1625 0 0 0 0.0042313 -174.754187 22.6613113 0.0031714 0.0041235 
1990000 2062 999.999 1576266.769 1483.9 6.1603 0 0 0 0.004169 -175.4214273 21.3074223 0.0031483 0.0040618 
2000000 2072 999.999 1593054.587 1518.393 6.1517 0 0 0 0.0037578 -176.3634159 7.1570129 0.0031395 0.0037204 
2010000 2082 999.999 1609752.772 1547.148 6.1407 0 0 0 0.0042916 -177.4489076 29.8029243 0.0031479 0.0042125 
2020000 2092 999.999 1625980.887 1574.799 6.1513 0 0 0 0.0040706 -179.2300814 26.8023035 0.0032004 0.0040151 
2030000 2102 999.999 1639624.754 1531.101 6.1617 0 0 0 0.0048118 -179.2830407 37.8384954 0.0031295 0.0046444 
2040000 2112 1000.0 1654618.916 1523.049 6.1754 0 0 0 0.0039124 -180.6557649 18.8219734 0.003175 0.0038824 
2050000 2122 1000.0 1669130.34 1516.534 6.1789 0 0 0 0.0045101 -181.1230349 35.3631792 0.0030923 0.0044002 
2060000 2132 1000.0 1683496.928 1490.713 6.1843 0 0 0 0.0045272 -181.7158609 34.2926389 0.00315 0.004421 
2070000 2142 1000.0 1698726.92 1499.659 6.1829 0 0 0 0.0041855 -182.1899793 20.6758686 0.0032018 0.0041486 
2080000 2152 1000.0 1709612.28 1424.965 6.1915 0 0 0 0.0041525 -182.4908015 23.7865005 0.003183 0.0041115 
2090000 2162 1000.0 1722970.195 1409.847 6.1828 0 0 0 0.0043615 -182.1761811 29.6427154 0.0031723 0.0042995 
2100000 2172 1000.0 1733245.845 1339.639 6.1838 0 0 0 0.0041665 -182.3911739 28.4491796 0.0031134 0.0041137 
2110000 2182 1000.0 1747207.976 1344.129 6.1885 0 0 0 0.0036946 -182.5423284 8.7195248 0.0032393 0.0036819 
2120000 2192 1000.0 1763454.299 1399.266 6.1811 0 0 0 0.0043918 -182.6819265 32.086168 0.0031577 0.004208 
2130000 2202 1000.0 1777138.26 1401.671 6.1824 0 0 0 0.0047163 -183.7396497 40.8694028 0.0031273 0.0044755 
2140000 2212 1000.0 1789342.461 1356.611 6.1793 0 0 0 0.0042748 -183.4618261 42.900837 0.0031338 0.0041857 
2150000 2222 1000.0 1805353.208 1407.213 6.1899 0 0 0 0.0038101 -183.9163431 8.1642768 0.003064 0.003781 
2160000 2232 1000.0 1823240.598 1470.087 6.1896 0 0 0 0.0043142 -185.2310531 27.723952 0.003155 0.0041895 
2170000 2242 1000.0 1838721.972 1487.635 6.1838 0 0 0 0.0041162 -185.2037279 24.4957384 0.0031219 0.0039835 
2180000 2252 1000.0 1855797.447 1525.585 6.1705 0 0 0 0.0037804 -185.9575639 16.6154868 0.0032288 0.0037347 
2190000 2262 1000.0 1872842.078 1558.678 6.186 0 0 0 0.0040864 -185.8742903 32.1903082 0.0031733 0.0039933 
2200000 2272 1000.0 1888308.002 1554.127 6.1786 0 0 0 0.0046956 -186.2509034 58.1931978 0.0031076 0.0044829 
2210000 2282 1000.0 1903392.929 1555.175 6.1881 0 0 0 0.0037869 -186.4477943 15.8471379 0.0031367 0.0037441 
2220000 2292 1000.0 1919616.923 1558.346 6.1796 0 0 0 0.0036593 -186.0130594 13.829967 0.0032583 0.0036116 
2230000 2302 1000.0 1935782.565 1570.923 6.1851 0 0 0 0.0039069 -186.884584 19.9027294 0.0032083 0.0038388 
2240000 2312 1000.0 1952984.41 1600.16 6.179 0 0 0 0.0041502 -187.2684296 37.0876865 0.0031482 0.00401 
2250000 2322 1000.0 1969646.62 1608.218 6.1895 0 0 0 0.0041368 -188.2453027 34.9936875 0.0031707 0.0039312 
2260000 2332 1000.0 1986340.119 1619.65 6.1938 0 0 0 0.0043175 -189.3321102 46.0511784 0.0030937 0.004191 
2270000 2342 1000.0 2003904.038 1645.789 6.1953 0 0 0 0.0041927 -189.7949222 40.6700791 0.003106 0.0040533 
2280000 2352 1000.0 2021742.005 1671.542 6.1953 0 0 0 0.0043849 -191.1080869 45.109325 0.0031418 0.0042706 
2290000 2362 1000.0 2037176.787 1647.834 6.187 0 0 0 0.0041105 -191.6392463 30.0656958 0.0031419 0.0040405 
2300000 2372 1000.0 2049614.899 1570.07 6.1823 0 0 0 0.0039981 -191.9575634 39.3654072 0.0031684 0.0039276 
2310000 2383 982.88 2065457.696 1546.389 6.0798 0 0 0 0.0047048 -192.1612596 26.2795547 0.0032283 0.0042499 
2320000 2393 986.012 2082876.877 1584.002 6.1071 0 0 0 0.0049195 -192.6811173 51.1998539 0.0033503 0.0047469 
2330000 2403 988.571 2099534.474 1600.79 6.1174 0 0 0 0.0045838 -193.9343519 46.2242322 0.0032118 0.0044942 
2340000 2413 990.661 2116589.814 1619.17 6.1266 0 0 0 0.0042352 -194.3955799 33.0874923 0.0032704 0.0041919 
2350000 2423 992.37 2132696.995 1618.24 6.1215 0 0 0 0.0044855 -195.0249811 43.6733192 0.0032947 0.0043677 
2360000 2433 993.765 2148152.476 1602.925 6.1229 0 0 0 0.0048049 -195.5377415 48.8965719 0.0032648 0.0046544 
2370000 2443 994.906 2161408.862 1551.257 6.115 0 0 0 0.0046374 -196.2682087 70.1328789 0.0031907 0.004476 
2380000 2453 995.838 2173250.624 1489.615 6.1295 0 0 0 0.0046676 -195.890542 49.6740338 0.0031316 0.0044586 
2390000 2463 996.599 2184790.964 1418.34 6.1548 0 0 0 0.0040934 -195.2193066 36.7279076 0.0031917 0.004039 
2400000 2474 983.263 2196176.367 1352.434 6.0828 0 0 0 0.0043488 -195.1229597 35.8084581 0.0031276 0.0042305 
2410000 2484 978.445 2211437.007 1367.757 6.052 0 0 0 0.004043 -195.6676948 27.1343398 0.0032264 0.0039302 
2420000 2494 982.388 2226742.872 1398.374 6.0662 0 0 0 0.0046247 -195.8395969 53.5651248 0.0031977 0.0044085 
2430000 2504 983.259 2244774.218 1474.765 6.0693 0 0 0 0.0044559 -196.0309958 23.0929376 0.0032368 0.0043669 
2440000 2514 986.322 2263897.405 1548.429 6.0887 0 0 0 0.0043411 -197.4284694 39.4297453 0.00322 0.0042311 
2450000 2524 988.824 2281747.728 1588.909 6.103 0 0 0 0.0043289 -198.5222356 45.5974439 0.0031936 0.0042359 
2460000 2534 990.868 2300339.366 1641.323 6.1105 0 0 0 0.0040928 -198.6932406 25.2861577 0.0032548 0.0039616 
2470000 2544 992.539 2320089.242 1701.737 6.1123 0 0 0 0.0042884 -199.3909236 30.9151962 0.0032099 0.0041292 
2480000 2554 993.904 2339072.599 1738.279 6.1338 0 0 0 0.0039631 -199.9196922 21.235281 0.0032168 0.0038596 
2490000 2564 995.019 2358583.702 1774.183 6.1514 0 0 0 0.0050413 -201.152613 63.7265607 0.00326 0.0047686 
2500000 2574 995.93 2375439.707 1762.544 6.1487 0 0 0 0.0045885 -202.8689539 53.9154128 0.0032607 0.0043941 
2510000 2584 996.674 2394101.813 1782.258 6.1555 0 0 0 0.0043831 -204.0067302 46.6866335 0.0032371 0.0042204 
2520000 2594 997.283 2413051.451 1809.388 6.1562 0 0 0 0.0047712 -205.0443715 68.9829303 0.0032357 0.0045758 
2530000 2604 997.78 2431147.511 1805.303 6.1654 0 0 0 0.004474 -206.2273442 49.8760655 0.0032181 0.0043179 
2540000 2614 998.186 2450559.027 1831.911 6.1696 0 0 0 0.0049387 -206.2459778 59.6996939 0.0032656 0.0046326 
2550000 2624 998.518 2470207.629 1851.244 6.1822 0 0 0 0.0036701 -207.870645 21.2930964 0.0032409 0.0036082 
2560000 2634 998.789 2489028.202 1860.111 6.1783 0 0 0 0.0045498 -209.0861906 52.3329611 0.0032908 0.0044273 
2570000 2644 999.01 2509996.871 1901.74 6.1741 0 0 0 0.0043023 -210.6483456 41.3729303 0.0032229 0.0041571 
2580000 2654 999.191 2530707.108 1932.117 6.1631 0 0 0 0.0039056 -212.924606 20.3711876 0.0032538 0.0038394 
2590000 2664 999.339 2551196.714 1953.671 6.172 0 0 0 0.0048922 -215.0029075 96.3239225 0.0032103 0.0046629 
2600000 2674 999.46 2571830.021 1974.137 6.172 0 0 0 0.0040949 -217.0822236 63.5662335 0.0032447 0.0040022 
2610000 2684 999.559 2593312.848 2008.4 6.1796 0 0 0 0.004059 -218.6491551 26.6764241 0.0032743 0.0039902 
2620000 2694 999.64 2612016.279 1978.606 6.1762 0 0 0 0.0047616 -219.3475898 108.6755377 0.0033009 0.0046006 
2630000 2704 999.706 2628449.113 1929.496 6.1757 0 0 0 0.0042437 -219.8485594 49.9208532 0.0032973 0.0041144 
2640000 2714 999.759 2643569.11 1840.945 6.1519 0 0 0 0.0039331 -219.3771149 38.6899577 0.0033017 0.0038358 
2650000 2724 999.803 2658778.375 1789.194 6.1465 0 0 0 0.0039213 -219.5919118 35.1280972 0.0032907 0.0038499 
2660000 2734 999.839 2674725.332 1754.118 6.1418 0 0 0 0.0039035 -219.6451794 24.9028392 0.0033439 0.0038694 
2670000 2744 999.869 2692431.359 1751.101 6.1446 0 0 0 0.0045291 -219.3714089 29.0315025 0.0032894 0.0042005 
2680000 2754 999.893 2713871.328 1824.26 6.1463 0 0 0 0.0041 -219.2210399 46.9347849 0.00337 0.0039944 
2690000 2764 999.912 2735578.048 1890.145 6.1413 0 0 0 0.0039544 -220.648919 41.6439412 0.0033014 0.0038617 
2700000 2774 999.928 2756419.618 1922.577 6.1369 0 0 0 0.003792 -221.2738101 32.1640631 0.0033044 0.0037362 
2710000 2784 999.942 2777198.746 1953.018 6.1414 0 0 0 0.00408 -221.5676735 42.150494 0.003301 0.00402 
2720000 2794 999.952 2798756.811 1988.691 6.1304 0 0 0 0.0047461 -222.7240773 108.1241278 0.0033655 0.0045844 
2730000 2804 999.961 2820707.082 2027.381 6.1266 0 0 0 0.003944 -223.5713874 42.928481 0.0034435 0.0038635 
2740000 2814 999.968 2841573.889 2038.29 6.14 0 0 0 0.0040246 -223.7713972 61.6350162 0.0034125 0.0039146 
2750000 2824 999.974 2862562.631 2049.434 6.1418 0 0 0 0.0037543 -224.8109944 34.2668261 0.0033117 0.0036294 
2760000 2834 999.979 2884122.031 2069.073 6.151 0 0 0 0.0037077 -226.0978259 28.0928188 0.0033332 0.0036674 
2770000 2844 999.983 2902502.001 2029.335 6.1679 0 0 0 0.0040181 -225.8177702 28.7246804 0.0033526 0.0038261 
2780000 2854 999.986 2923015.499 2031.335 6.1695 0 0 0 0.003994 -225.9014951 50.3514076 0.0032957 0.0039044 
2790000 2864 999.988 2942088.592 2008.491 6.1763 0 0 0 0.0037728 -225.7837425 51.7007629 0.0033113 0.0036947 
2800000 2874 999.991 2963137.081 2027.823 6.1821 0 0 0 0.0043829 -226.7258626 82.2450496 0.003358 0.0042265 
2810000 2884 999.992 2983307.416 2026.469 6.1866 0 0 0 0.0039826 -226.5970975 50.930844 0.0033675 0.0038879 
2820000 2894 999.994 3003233.064 2018.351 6.187 0 0 0 0.0037911 -227.7836179 43.286696 0.0033593 0.0037093 
2830000 2904 999.995 3022973.043 2010.839 6.1821 0 0 0 0.0042043 -229.0650046 53.4333263 0.0035013 0.0040507 
2840000 2914 999.996 3043020.314 2010.363 6.1724 0 0 0 0.0042253 -230.4736442 69.4418296 0.0033753 0.0041182 
2850000 2924 999.997 3063271.839 2014.862 6.1669 0 0 0 0.0043822 -231.3338878 60.8470539 0.0033924 0.0042323 
2860000 2934 999.997 3082409.766 1996.103 6.1519 0 0 0 0.0035561 -232.1875868 20.7040209 0.0033015 0.0035348 
2870000 2944 999.998 3102843.641 2004.507 6.1611 0 0 0 0.0041198 -233.3139813 62.9586019 0.0031583 0.0040241 
2880000 2954 999.998 3122511.694 1998.804 6.1615 0 0 0 0.0039745 -233.4368562 35.0988759 0.0032256 0.0039312 
2890000 2964 999.998 3139849.252 1952.657 6.1531 0 0 0 0.0041759 -232.9402225 60.8502391 0.0032775 0.0040907 
2900000 2974 999.999 3158943.117 1943.36 6.152 0 0 0 0.0040501 -233.1419851 60.9655185 0.0031677 0.0039622 
2910000 2984 999.999 3178690.256 1947.888 6.1565 0 0 0 0.0041284 -233.2550635 59.6337284 0.0032423 0.0040386 
2920000 2994 999.999 3199614.133 1974.688 6.1608 0 0 0 0.0039156 -233.6042091 35.4418727 0.0032761 0.0038594 
2930000 3004 999.999 3221483.598 2012.087 6.1781 0 0 0 0.0038903 -233.6537797 28.5890669 0.0032572 0.0038498 
2940000 3014 999.999 3242721.565 2032.585 6.1806 0 0 0 0.0039135 -234.1349241 53.6365803 0.003201 0.0038439 
2950000 3024 1000.0 3264006.843 2050.46 6.1696 0 0 0 0.0039845 -234.3260975 34.6456274 0.0032545 0.0039273 
2960000 3034 1000.0 3285209.016 2064.445 6.1722 0 0 0 0.0038891 -234.5399673 45.0103247 0.0032268 0.0038229 
2970000 3044 1000.0 3305706.579 2062.626 6.1619 0 0 0 0.0043717 -234.8309143 85.148547 0.0031353 0.0042467 
2980000 3054 1000.0 3327075.674 2073.116 6.1632 0 0 0 0.0037608 -234.8732634 25.1315713 0.0031903 0.0036986 
2990000 3064 1000.0 3348371.665 2085.001 6.1785 0 0 0 0.004383 -235.4983448 91.6674037 0.0031841 0.0042252 
3000000 3074 1000.0 3369247.779 2088.076 6.1798 0 0 0 0.0039027 -235.3857376 44.0646513 0.0031935 0.0038501 
3010000 3084 1000.0 3389758.43 2079.522 6.1869 0 0 0 0.0039655 -235.3929581 46.6753391 0.0031824 0.0038917 
3020000 3094 1000.0 3407651.324 2029.259 6.1947 0 0 0 0.0041431 -234.9715799 71.8497572 0.0031936 0.0040349 
3030000 3104 1000.0 3427644.213 2021.226 6.1898 0 0 0 0.0035874 -235.2468515 30.1727381 0.0032406 0.0035405 
3040000 3114 1000.0 3447443.109 2011.451 6.1842 0 0 0 0.0037993 -235.2486504 51.3779792 0.0031064 0.0037326 
3050000 3124 1000.0 3466451.429 1995.728 6.1745 0 0 0 0.0037255 -235.3648714 36.4293121 0.0030456 0.0036665 
3060000 3134 1000.0 3486777.591 2001.471 6.1711 0 0 0 0.0037507 -235.734979 38.1008547 0.0031139 0.0037036 
3070000 3144 1000.0 3505536.021 1978.007 6.1696 0 0 0 0.0041197 -235.1763785 64.7020143 0.0031864 0.004031 
3080000 3154 1000.0 3526309.163 1997.57 6.1806 0 0 0 0.0040289 -235.5514004 60.3422931 0.0031277 0.0039553 
3090000 3164 1000.0 3542137.662 1939.264 6.1723 0 0 0 0.003589 -235.2731873 37.3819052 0.0032407 0.0035384 
3100000 3174 1000.0 3561913.3 1930.97 6.1716 0 0 0 0.00363 -235.4943253 32.6710838 0.003166 0.0035595 
3110000 3184 1000.0 3581517.411 1936.796 6.1641 0 0 0 0.0038069 -235.3478333 64.8142677 0.0031094 0.0037291 
3120000 3195 983.923 3601977.314 1924.409 6.0616 0 0 0 0.004268 -234.8944513 111.1078534 0.0031298 0.0041109 
3130000 3205 986.864 3623951.183 1976.189 6.0731 0 0 0 0.0040117 -234.9614695 63.1739957 0.0031864 0.0039026 
3140000 3215 989.267 3644481.236 1988.287 6.0962 0 0 0 0.0034105 -235.298957 28.2509563 0.0031394 0.0033659 
3150000 3225 991.23 3665811.586 2015.488 6.1166 0 0 0 0.0033398 -235.399263 28.742639 0.0031125 0.0032986 
3160000 3235 992.834 3688560.247 2065.285 6.1234 0 0 0 0.0038945 -235.5793299 83.6367511 0.0031717 0.0037747 
3170000 3245 994.145 3710565.629 2088.12 6.1328 0 0 0 0.0036897 -235.7837607 52.3562724 0.0031961 0.0036017 
3180000 3255 995.216 3732373.419 2104.993 6.1417 0 0 0 0.0035839 -236.5799735 36.4666404 0.0031744 0.0034962 
3190000 3265 996.091 3752396.916 2085.983 6.1536 0 0 0 0.0037865 -236.3630992 71.4263034 0.0031982 0.0036794 
3200000 3275 996.806 3771727.848 2055.27 6.1482 0 0 0 0.0037529 -236.9876024 50.8157332 0.0031808 0.0036578 
3210000 3285 997.391 3790766.798 2027.068 6.1372 0 0 0 0.0036748 -236.7271256 55.4973752 0.0031258 0.0035631 
3220000 3295 997.868 3809939.796 2012.732 6.1516 0 0 0 0.0037848 -237.4615575 63.3832737 0.0031645 0.0036942 
3230000 3305 998.258 3828741.491 1982.472 6.1559 0 0 0 0.0044412 -237.4445407 84.5763689 0.0031586 0.0042957 
3240000 3315 998.577 3847934.538 1971.854 6.1603 0 0 0 0.0035751 -237.4826317 43.6118787 0.0030728 0.0035268 
3250000 3325 998.837 3866449.819 1946.991 6.1496 0 0 0 0.0037297 -237.8920681 63.3913364 0.0030907 0.0036388 
3260000 3335 999.05 3887218.062 1971.427 6.1549 0 0 0 0.0038657 -237.6620246 67.4374735 0.003114 0.0037596 
3270000 3346 985.746 3908308.426 1970.081 6.0777 0 0 0 0.0037834 -238.1953129 63.0541563 0.0031362 0.0036872 
3280000 3356 988.353 3929139.372 1991.796 6.0886 0 0 0 0.0040639 -238.1183679 84.9765819 0.0030932 0.0039319 
3290000 3366 990.484 3950340.415 2020.593 6.0863 0 0 0 0.0041079 -239.2493222 82.2891989 0.0030828 0.0039652 
3300000 3376 992.225 3967891.116 1970.847 6.0751 0 0 0 0.0043131 -238.5952732 97.6836554 0.0030677 0.0041289 
3310000 3386 993.647 3987475.75 1966.254 6.1037 0 0 0 0.0044824 -238.7935739 57.5006219 0.003105 0.0040246 
3320000 3396 994.809 4003431.158 1897.962 6.1026 0 0 0 0.0036108 -238.3494832 44.2223277 0.0031338 0.0035216 
3330000 3406 995.759 4016065.17 1784.419 6.1147 0 0 0 0.0036684 -236.2070081 52.3721631 0.0031071 0.0035831 
3340000 3416 996.535 4034363.058 1792.371 6.1069 0 0 0 0.0039324 -235.943007 64.9033942 0.0030768 0.0038196 
3350000 3426 997.168 4053812.176 1818.763 6.1181 0 0 0 0.0032951 -236.358577 17.6608328 0.0030766 0.0032734 
3360000 3436 997.686 4073346.5 1847.726 6.1357 0 0 0 0.0037087 -235.3955861 44.1378632 0.0030423 0.0036476 
3370000 3446 998.11 4094045.902 1886.002 6.1489 0 0 0 0.0043364 -235.0850796 84.9812669 0.0030437 0.0040849 
3380000 3456 998.455 4111573.259 1866.082 6.1573 0 0 0 0.0041424 -234.1906047 99.6879485 0.002984 0.0039895 
3390000 3466 998.738 4132014.763 1897.433 6.1662 0 0 0 0.0031226 -234.899206 19.061538 0.0030481 0.0030885 
3400000 3476 998.969 4150972.585 1894.073 6.1716 0 0 0 0.0037079 -235.0735704 43.4454212 0.0030656 0.0036377 
3410000 3486 999.157 4170014.423 1896.943 6.1611 0 0 0 0.0032994 -234.6699422 30.8601172 0.0030093 0.0032573 
3420000 3496 999.312 4192016.622 1953.281 6.1669 0 0 0 0.0034788 -235.5534422 41.4868781 0.0030237 0.0034292 
3430000 3506 999.438 4213854.963 1995.488 6.1725 0 0 0 0.0040978 -235.6262445 59.9182042 0.0029836 0.0038664 
3440000 3516 999.54 4235788.461 2033.503 6.1848 0 0 0 0.0038253 -236.4042178 72.382145 0.0030581 0.0036774 
3450000 3526 999.624 4257380.348 2055.156 6.1716 0 0 0 0.0035198 -236.6145644 41.0098444 0.0029984 0.0034529 
3460000 3536 999.693 4279256.811 2079.283 6.1713 0 0 0 0.0034558 -236.8377112 36.0657063 0.0029913 0.0033914 
3470000 3546 999.749 4301235.314 2101.97 6.174 0 0 0 0.0036624 -237.3751285 43.795608 0.0029208 0.0035799 
3480000 3557 984.798 4321737.802 2058.814 6.0777 0 0 0 0.0037156 -237.0540324 57.2164574 0.0029696 0.0036181 
3490000 3567 987.579 4342603.484 2062.819 6.0977 0 0 0 0.0039705 -237.4055174 78.3048214 0.0029939 0.0038456 
3500000 3577 989.851 4363686.864 2071.275 6.1024 0 0 0 0.0032868 -238.4352268 23.7024636 0.0030784 0.0032437 
3510000 3587 991.707 4383750.573 2060.221 6.1051 0 0 0 0.0034822 -238.8001411 35.6375505 0.0030455 0.0033948 
3520000 3597 980.28 4404910.229 2041.82 6.0483 0 0 0 0.0038153 -239.1117284 43.7612616 0.0031245 0.0037047 
3530000 3607 983.888 4425625.172 2061.089 6.0675 0 0 0 0.0036389 -240.0949166 50.1731706 0.0030822 0.0035552 
3540000 3617 986.835 4446264.146 2051.198 6.0918 0 0 0 0.0036427 -241.1839883 51.4697233 0.0030903 0.0035517 
3550000 3627 989.243 4463391.764 1983.61 6.1133 0 0 0 0.0036171 -239.9209874 42.0999606 0.003091 0.0035002 
3560000 3637 991.211 4480623.42 1941.389 6.1322 0 0 0 0.0041098 -240.0877745 97.2398914 0.0030529 0.0040018 
3570000 3647 992.819 4499159.157 1919.164 6.1379 0 0 0 0.0036184 -238.9445125 45.9538416 0.0031216 0.003531 
3580000 3657 994.132 4518082.277 1914.792 6.1457 0 0 0 0.0039334 -239.1542725 67.4914785 0.0031255 0.0037338 
3590000 3667 995.206 4538996.174 1947.984 6.1471 0 0 0 0.0033185 -239.6793331 24.4397245 0.0031284 0.0032719 
3600000 3677 996.083 4559389.494 1960.977 6.1499 0 0 0 0.0037006 -240.424672 27.5457286 0.0030965 0.0035928 
3610000 3687 996.799 4580674.31 1994.884 6.1585 0 0 0 0.0038841 -241.0753898 57.8606301 0.0030329 0.0037474 
3620000 3697 997.385 4600807.835 2002.244 6.1644 0 0 0 0.003626 -240.8180474 45.8767642 0.0031457 0.0035493 
3630000 3707 997.863 4619701.223 1974.035 6.1432 0 0 0 0.0047996 -240.0151011 103.341168 0.0030577 0.004435 
3640000 3717 998.254 4637308.739 1933.536 6.1544 0 0 0 0.0037631 -240.2949247 54.7706551 0.0029826 0.0036488 
3650000 3727 998.573 4652603.738 1887.496 6.1664 0 0 0 0.0034718 -238.7574778 47.2598957 0.0030683 0.0033717 
3660000 3737 998.834 4670172.127 1842.487 6.1622 0 0 0 0.0035253 -238.5681436 42.8230993 0.0030839 0.0034609 
3670000 3747 999.048 4685660.862 1792.451 6.1641 0 0 0 0.0037527 -237.5949876 51.8050514 0.0030174 0.0036716 
3680000 3757 999.222 4704823.987 1809.656 6.1686 0 0 0 0.0038745 -237.0900769 76.6321774 0.0029998 0.0037444 
3690000 3768 986.973 4723578.049 1804.599 6.0918 0 0 0 0.0038657 -237.0587366 59.5836483 0.0030022 0.0037421 
3700000 3778 989.356 4746046.002 1883.342 6.1018 0 0 0 0.0038432 -237.5349374 36.8432061 0.002958 0.0036907 
3710000 3788 991.303 4766223.879 1908.449 6.1318 0 0 0 0.0033598 -237.6508767 38.4045477 0.0030382 0.0033035 
3720000 3799 979.994 4782748.991 1839.823 6.0605 0 0 0 0.0042098 -236.6704721 76.1047366 0.0029271 0.0040207 
3730000 3809 983.654 4802519.088 1861.883 6.0852 0 0 0 0.0039773 -236.8091271 64.8964143 0.002946 0.0038679 
3740000 3819 986.644 4820133.902 1846.782 6.1044 0 0 0 0.0039817 -235.9473093 63.4173458 0.0029224 0.003848 
3750000 3829 989.087 4836900.463 1815.873 6.1153 0 0 0 0.0038267 -236.6919983 57.1370574 0.0028251 0.0037296 
3760000 3839 991.083 4856282.088 1837.708 6.1163 0 0 0 0.0038595 -237.2464376 45.8808002 0.0028257 0.0037139 
3770000 3849 985.465 4875000.61 1828.953 6.0966 0 0 0 0.0036918 -238.0886749 50.5022919 0.0029133 0.0035804 
3780000 3859 988.124 4894777.324 1858.122 6.1152 0 0 0 0.0043855 -238.1956869 88.3594607 0.0029814 0.0041772 
3790000 3869 990.296 4914938.613 1889.606 6.1334 0 0 0 0.003414 -238.0369478 23.5608818 0.002885 0.0033794 
3800000 3879 992.071 4933516.099 1901.475 6.1389 0 0 0 0.0036015 -238.4399517 36.9518027 0.0028523 0.0035356 
3810000 3889 993.522 4950653.532 1854.477 6.1569 0 0 0 0.0034373 -237.05108 26.5508214 0.002853 0.0033806 
3820000 3899 994.707 4969724.622 1862.088 6.1663 0 0 0 0.0039124 -236.2796408 59.813855 0.0029016 0.0038024 
3830000 3909 995.675 4988377.95 1859.842 6.1662 0 0 0 0.0038269 -236.5286522 31.7080742 0.0029654 0.0036834 
3840000 3919 996.466 5007106.082 1859.888 6.1658 0 0 0 0.0037122 -236.9197173 51.6945968 0.0029832 0.003623 
3850000 3929 997.113 5027101.727 1886.557 6.162 0 0 0 0.0041488 -237.4620959 74.2781347 0.0030296 0.0039901 
3860000 3939 997.641 5048909.492 1941.764 6.165 0 0 0 0.0040247 -238.1961433 72.9575807 0.0030176 0.0039037 
3870000 3949 998.072 5069037.222 1959.403 6.1651 0 0 0 0.0039479 -238.7906289 57.5710041 0.0030035 0.0038042 
3880000 3959 998.425 5087119.618 1925.898 6.1495 0 0 0 0.0040351 -238.7882356 56.3606161 0.0029854 0.0038751 
3890000 3969 998.713 5106917.285 1934.472 6.1528 0 0 0 0.0032629 -238.2759458 15.1196921 0.003006 0.0032384 
3900000 3979 998.949 5127467.732 1964.933 6.1535 0 0 0 0.0035905 -238.1497685 35.2972499 0.0029902 0.0034845 
3910000 3989 999.141 5145003.819 1927.635 6.1605 0 0 0 0.0042411 -238.3918994 108.5888674 0.0029624 0.0040719 
3920000 3999 999.298 5165779.607 1949.181 6.1579 0 0 0 0.0038117 -240.0279202 61.7850559 0.0029349 0.0036781 
3930000 4009 999.426 5186912.829 1979.684 6.1476 0 0 0 0.0036075 -240.4655485 45.4321592 0.0030247 0.0035235 
3940000 4019 999.531 5207862.756 2000.869 6.1538 0 0 0 0.0036607 -240.9213405 47.9397194 0.0029764 0.0035761 
3950000 4029 999.617 5227282.043 1989.208 6.1573 0 0 0 0.0036076 -241.1077393 42.3751229 0.002949 0.0035203 
3960000 4039 999.687 5247083.441 1993.008 6.1565 0 0 0 0.0035674 -241.5528589 32.4762851 0.0029514 0.0034841 
3970000 4049 999.744 5268941.694 2021.864 6.1535 0 0 0 0.0039191 -241.6671394 80.7722722 0.0029691 0.0037923 
3980000 4059 999.791 5290069.183 2039.626 6.1557 0 0 0 0.0034542 -241.9453315 57.3476214 0.0029492 0.0033818 
3990000 4069 999.829 5309878.793 2034.163 6.1524 0 0 0 0.0036929 -242.1100185 78.3143019 0.0029288 0.003562 
4000000 4079 999.861 5328232.88 1996.413 6.1431 0 0 0 0.0035007 -242.0523199 46.3653675 0.0029766 0.0034059 
