10000 10 182.927 -13709.06 -250.887 0.29 0 0 0 
20000 20 332.392 -28095.237 -468.159 0.5215 0 0 0 
30000 30 454.516 -38606.488 -575.452 1.1331 0 0 0 
40000 40 554.3 -41756.335 -528.552 1.6987 0 0 0 
50000 50 635.83 -43461.707 -455.478 2.0921 0 0 0 
60000 60 702.447 -43048.508 -364.54 2.4207 0 0 0 
70000 70 756.877 -41511.08 -266.829 2.6895 0 0 0 
80000 80 801.351 -40244.328 -192.984 2.8851 0 0 0 
90000 90 837.689 -36352.268 -87.649 3.1106 0 0 0 
100000 100 867.38 -33059.78 -9.733 3.2586 0 0 0 
110000 110 891.64 -27834.751 87.826 3.4005 0 0 0 
120000 120 911.462 -24908.516 124.023 3.4961 0 0 0 
130000 130 927.658 -20646.482 179.869 3.5956 0 0 0 
140000 140 940.891 -16774.371 217.216 3.6784 0 0 0 
150000 150 951.704 -11431.957 275.681 3.729 0 0 0 
160000 160 960.539 -5993.39 324.788 3.7416 0 0 0 
170000 170 967.757 -737.117 361.506 3.7677 0 0 0 
180000 180 973.655 5194.829 404.211 3.793 0 0 0 
190000 190 978.474 11225.099 440.795 3.7929 0 0 0 
200000 200 982.412 17572.998 476.349 3.8384 0 0 0 
210000 210 985.629 23382.868 495.446 3.8487 0 0 0 
220000 220 988.258 29095.603 509.424 3.8541 0 0 0 
230000 230 990.406 34933.042 522.544 3.8482 0 0 0 
240000 240 992.161 39007.715 502.2 3.8393 0 0 0 
250000 250 993.595 44870.717 517.261 3.8513 0 0 0 
260000 260 994.767 49870.173 512.727 3.8616 0 0 0 
270000 270 995.724 52850.694 477.104 3.9161 0 0 0 
280000 280 996.506 58897.993 500.659 3.9195 0 0 0 
290000 290 997.145 64945.928 519.7 3.9247 0 0 0 
300000 300 997.667 70773.325 531.541 3.8977 0 0 0 
310000 310 998.094 76585.531 540.916 3.9091 0 0 0 
320000 320 998.443 80115.509 509.96 3.9709 0 0 0 
330000 330 998.728 85178.954 510.347 3.9543 0 0 0 
340000 340 998.96 92165.707 545.365 3.9513 0 0 0 
350000 350 999.151 100242.524 593.348 3.9597 0 0 0 
360000 360 999.306 108477.375 635.278 3.9659 0 0 0 
370000 370 999.433 115973.762 655.673 3.9619 0 0 0 
380000 380 999.537 123687.571 676.296 3.9915 0 0 0 
390000 390 999.621 131425.121 694.685 3.9513 0 0 0 
400000 400 999.691 139164.755 709.134 3.9692 0 0 0 
410000 410 999.747 146472.407 712.135 3.9547 0 0 0 
420000 420 999.793 154651.137 731.173 3.953 0 0 0 
430000 430 999.831 162927.163 749.183 3.9398 0 0 0 
440000 440 999.862 171796.939 774.199 3.9324 0 0 0 
450000 450 999.887 180602.431 793.848 3.9329 0 0 0 
460000 460 999.908 189827.142 817.17 3.9261 0 0 0 
470000 470 999.925 199238.787 840.174 3.9356 0 0 0 
480000 480 999.939 207859.181 844.216 3.9732 0 0 0 
490000 490 999.95 217058.567 857.688 3.9857 0 0 0 
500000 500 999.959 225242.927 850.418 3.9898 0 0 0 
510000 510 999.966 233191.774 841.211 3.9683 0 0 0 
520000 520 999.973 242042.389 849.021 3.9556 0 0 0 
530000 530 999.978 250906.032 855.862 3.9429 0 0 0 
540000 540 999.982 260433.764 874.193 3.9157 0 0 0 
550000 550 999.985 270828.226 905.08 3.9158 0 0 0 
560000 560 999.988 281402.399 933.055 3.9234 0 0 0 
570000 570 999.99 292178.832 959.977 3.961 0 0 0 
580000 580 999.992 303100.04 983.735 3.9523 0 0 0 
590000 590 999.993 313506.36 993.975 3.9643 0 0 0 
600000 600 999.995 324535.154 1013.486 3.967 0 0 0 
610000 610 999.996 335621.157 1031.294 3.9794 0 0 0 
620000 620 999.996 346490.099 1041.23 4.0 0 0 0 
630000 630 999.997 357933.858 1060.415 3.9831 0 0 0 
640000 640 999.998 368211.938 1055.006 3.9926 0 0 0 
650000 650 999.998 379896.098 1075.662 4.0067 0 0 0 
660000 660 999.998 391974.379 1099.741 3.9731 0 0 0 
670000 670 999.999 403470.429 1108.679 3.9682 0 0 0 
680000 680 999.999 415213.569 1120.696 3.9344 0 0 0 
690000 690 999.999 426816.837 1127.783 3.9047 0 0 0 
700000 700 999.999 438337.46 1132.065 3.9099 0 0 0 
710000 710 999.999 448860.902 1117.393 3.921 0 0 0 
720000 720 1000.0 460607.64 1128.312 3.9192 0 0 0 
730000 730 1000.0 471323.033 1118.145 3.9145 0 0 0 
740000 740 1000.0 483423.615 1134.513 3.9047 0 0 0 
750000 750 1000.0 495765.047 1152.92 3.9119 0 0 0 
760000 760 1000.0 506797.098 1143.568 3.9404 0 0 0 
770000 770 1000.0 518331.133 1145.469 3.9094 0 0 0 
780000 780 1000.0 528312.602 1120.153 3.9261 0 0 0 
790000 790 1000.0 539624.47 1122.433 3.9506 0 0 0 
800000 800 1000.0 547592.074 1060.019 3.963 0 0 0 
810000 810 1000.0 559269.169 1080.352 3.9505 0 0 0 
820000 820 1000.0 570897.082 1095.894 3.9539 0 0 0 
830000 830 1000.0 582093.609 1099.275 3.928 0 0 0 
840000 840 1000.0 593771.191 1111.667 3.9036 0 0 0 
850000 850 1000.0 605083.497 1115.486 3.9135 0 0 0 
860000 860 1000.0 615132.031 1097.55 3.9473 0 0 0 
870000 870 1000.0 627112.35 1115.931 3.9379 0 0 0 
880000 880 1000.0 638640.562 1122.471 3.9234 0 0 0 
890000 890 1000.0 649200.376 1110.67 3.9015 0 0 0 
900000 900 1000.0 661305.292 1128.97 3.9037 0 0 0 
910000 910 1000.0 673817.317 1151.29 3.9023 0 0 0 
920000 920 1000.0 686402.409 1170.916 3.9081 0 0 0 
930000 930 1000.0 699267.488 1192.128 3.9279 0 0 0 
940000 940 1000.0 712235.03 1210.922 3.934 0 0 0 
950000 950 1000.0 724448.806 1212.507 3.9521 0 0 0 
960000 960 1000.0 736452.088 1209.345 3.9555 0 0 0 
970000 970 1000.0 748607.671 1210.282 3.9695 0 0 0 
980000 980 1000.0 761545.088 1225.676 3.9534 0 0 0 
990000 990 1000.0 773786.634 1225.344 3.9386 0 0 0 
1000000 1000 1000.0 786406.051 1231.832 3.9257 0 0 0 
1010000 1010 1000.0 798477.352 1226.895 3.9536 0 0 0 
1020000 1020 1000.0 810388.222 1219.21 3.9708 0 0 0 
1030000 1030 1000.0 821626.092 1200.876 3.9395 0 0 0 
1040000 1040 1000.0 833458.565 1198.74 3.923 0 0 0 
1050000 1050 1000.0 846276.632 1213.606 3.9006 0 0 0 
1060000 1060 1000.0 858908.632 1223.272 3.8898 0 0 0 
1070000 1070 1000.0 870341.408 1209.321 3.8732 0 0 0 
1080000 1080 1000.0 882611.282 1211.931 3.8601 0 0 0 
1090000 1090 1000.0 894830.854 1214.184 3.8488 0 0 0 
1100000 1100 1000.0 907741.823 1228.39 3.8506 0 0 0 
1110000 1110 1000.0 921209.538 1250.496 3.8541 0 0 0 
1120000 1120 1000.0 934615.761 1266.574 3.8752 0 0 0 
1130000 1130 1000.0 947158.052 1264.184 3.8883 0 0 0 
1140000 1140 1000.0 960592.531 1278.644 3.9113 0 0 0 
1150000 1150 1000.0 974451.965 1297.83 3.8946 0 0 0 
1160000 1160 1000.0 988186.785 1311.942 3.9343 0 0 0 
1170000 1170 1000.0 1001320.516 1313.478 3.9142 0 0 0 
1180000 1180 1000.0 1015055.973 1326.105 3.9217 0 0 0 
1190000 1190 1000.0 1028341.095 1326.713 3.9176 0 0 0 
1200000 1200 1000.0 1042486.039 1342.917 3.939 0 0 0 
1210000 1210 1000.0 1056782.001 1359.045 3.9169 0 0 0 
1220000 1220 1000.0 1070364.919 1358.47 3.9135 0 0 0 
1230000 1230 1000.0 1083990.995 1359.553 3.9 0 0 0 
1240000 1240 1000.0 1097898.248 1365.252 3.9279 0 0 0 
1250000 1250 1000.0 1111722.135 1368.034 3.995 0 0 0 
1260000 1260 1000.0 1124921.38 1359.366 4.0139 0 0 0 
1270000 1270 1000.0 1138536.021 1360.538 4.0038 0 0 0 
1280000 1280 1000.0 1152344.225 1363.357 3.9732 0 0 0 
1290000 1290 1000.0 1166188.987 1367.99 3.9529 0 0 0 
1300000 1300 1000.0 1180568.502 1380.681 3.9422 0 0 0 
1310000 1310 1000.0 1195187.36 1395.573 3.9216 0 0 0 
1320000 1320 1000.0 1209770.222 1407.44 3.9253 0 0 0 
1330000 1330 1000.0 1224795.234 1424.924 3.9101 0 0 0 
1340000 1340 1000.0 1239630.64 1435.285 3.9119 0 0 0 
1350000 1350 1000.0 1254580.615 1445.919 3.9111 0 0 0 
1360000 1360 1000.0 1268860.522 1442.687 3.9055 0 0 0 
1370000 1370 1000.0 1284160.287 1458.28 3.9056 0 0 0 
1380000 1380 1000.0 1299403.557 1469.994 3.9043 0 0 0 
1390000 1390 1000.0 1314846.665 1483.673 3.9067 0 0 0 
1400000 1400 1000.0 1330086.473 1490.774 3.9087 0 0 0 
1410000 1410 1000.0 1344792.961 1487.118 3.9452 0 0 0 
1420000 1420 1000.0 1359120.341 1477.179 3.9623 0 0 0 
1430000 1430 1000.0 1371996.774 1440.723 3.9589 0 0 0 
1440000 1440 1000.0 1385736.285 1428.127 3.9481 0 0 0 
1450000 1450 1000.0 1400728.27 1441.123 3.9372 0 0 0 
1460000 1460 1000.0 1415713.662 1451.185 3.9341 0 0 0 
1470000 1470 1000.0 1429836.169 1443.508 3.9261 0 0 0 
1480000 1480 1000.0 1442126.895 1403.765 3.9476 0 0 0 
1490000 1490 1000.0 1456357.752 1407.87 3.9872 0 0 0 
1500000 1500 1000.0 1471558.718 1427.814 3.9984 0 0 0 
1510000 1510 1000.0 1483606.948 1387.137 3.9786 0 0 0 
1520000 1520 1000.0 1497974.269 1396.133 3.9805 0 0 0 
1530000 1530 1000.0 1513082.794 1417.145 3.9683 0 0 0 
1540000 1540 1000.0 1528406.092 1438.296 3.9567 0 0 0 
1550000 1550 1000.0 1543649.82 1454.319 3.9843 0 0 0 
1560000 1560 1000.0 1558733.058 1464.333 4.0114 0 0 0 
1570000 1570 1000.0 1573469.877 1466.763 3.9867 0 0 0 
1580000 1580 1000.0 1588031.903 1464.903 3.9741 0 0 0 
1590000 1590 1000.0 1602213.358 1455.943 3.9642 0 0 0 
1600000 1600 1000.0 1617492.521 1469.66 3.9809 0 0 0 
1610000 1610 1000.0 1631634.023 1460.253 3.9687 0 0 0 
1620000 1620 1000.0 1646516.386 1463.662 3.9695 0 0 0 
1630000 1630 1000.0 1661224.009 1465.921 3.9675 0 0 0 
1640000 1640 1000.0 1673262.236 1418.166 3.9867 0 0 0 
1650000 1650 1000.0 1689469.512 1455.235 3.9847 0 0 0 
1660000 1660 1000.0 1704361.219 1461.705 3.9761 0 0 0 
1670000 1670 1000.0 1719050.5 1462.549 3.9663 0 0 0 
1680000 1680 1000.0 1734182.003 1471.979 3.9456 0 0 0 
1690000 1690 1000.0 1748909.534 1471.196 3.9698 0 0 0 
1700000 1700 1000.0 1764463.138 1486.592 3.9501 0 0 0 
1710000 1710 1000.0 1779381.489 1487.7 3.9596 0 0 0 
1720000 1720 1000.0 1794291.392 1488.499 3.9477 0 0 0 
1730000 1730 1000.0 1808016.178 1465.994 3.9447 0 0 0 
1740000 1740 1000.0 1820955.127 1434.942 3.9314 0 0 0 
1750000 1750 1000.0 1834710.03 1425.744 3.926 0 0 0 
1760000 1760 1000.0 1848702.062 1419.097 3.9138 0 0 0 
1770000 1770 1000.0 1862264.813 1406.763 3.9105 0 0 0 
1780000 1780 1000.0 1873964.97 1361.5 3.9241 0 0 0 
1790000 1790 1000.0 1887474.277 1359.325 3.9245 0 0 0 
1800000 1800 1000.0 1900203.387 1343.654 3.9196 0 0 0 
1810000 1810 1000.0 1913012.876 1332.027 3.9444 0 0 0 
1820000 1820 1000.0 1926525.041 1336.449 3.9444 0 0 0 
1830000 1830 1000.0 1940464.095 1346.207 3.9459 0 0 0 
1840000 1840 1000.0 1954964.934 1365.82 3.9884 0 0 0 
1850000 1850 1000.0 1970228.625 1395.675 4.0189 0 0 0 
1860000 1860 1000.0 1984729.322 1405.744 4.0149 0 0 0 
1870000 1870 1000.0 1999891.05 1425.876 3.9985 0 0 0 
1880000 1880 1000.0 2014957.246 1441.343 3.9889 0 0 0 
1890000 1890 1000.0 2030756.076 1467.671 4.0022 0 0 0 
1900000 1900 1000.0 2046821.211 1492.63 3.983 0 0 0 
1910000 1910 1000.0 2061852.396 1493.061 3.9568 0 0 0 
1920000 1920 1000.0 2077191.921 1500.446 3.9662 0 0 0 
1930000 1930 1000.0 2090357.039 1467.913 3.9597 0 0 0 
1940000 1940 1000.0 2105744.884 1481.265 3.9591 0 0 0 
1950000 1950 1000.0 2121720.948 1502.535 3.9743 0 0 0 
1960000 1960 1000.0 2137044.381 1507.416 3.9515 0 0 0 
1970000 1970 1000.0 2152926.638 1521.968 3.9619 0 0 0 
1980000 1980 1000.0 2167344.257 1507.742 3.9544 0 0 0 
1990000 1990 1000.0 2183229.941 1522.604 3.9877 0 0 0 
2000000 2000 1000.0 2199927.12 1549.802 3.9924 0 0 0 
2010000 2010 1000.0 2216178.711 1562.865 4.0096 0 0 0 
2020000 2020 1000.0 2232606.482 1577.864 4.0015 0 0 0 
2030000 2030 1000.0 2248726.366 1583.861 3.9912 0 0 0 
2040000 2040 1000.0 2265089.677 1593.59 3.9826 0 0 0 
2050000 2050 1000.0 2281240.237 1597.511 3.979 0 0 0 
2060000 2060 1000.0 2297560.051 1603.763 4.0206 0 0 0 
2070000 2070 1000.0 2314289.85 1616.489 4.001 0 0 0 
2080000 2080 1000.0 2330139.137 1610.403 3.9811 0 0 0 
2090000 2090 1000.0 2344258.034 1575.577 3.9909 0 0 0 
2100000 2100 1000.0 2357384.509 1531.547 3.9724 0 0 0 
2110000 2110 1000.0 2373487.19 1545.785 3.9568 0 0 0 
2120000 2120 1000.0 2390265.734 1570.62 3.9736 0 0 0 
2130000 2130 1000.0 2406626.576 1582.554 3.9566 0 0 0 
2140000 2140 1000.0 2423029.552 1592.99 3.9433 0 0 0 
2150000 2150 1000.0 2439825.34 1608.424 3.9595 0 0 0 
2160000 2160 1000.0 2456237.136 1614.508 3.9552 0 0 0 
2170000 2170 1000.0 2472231.141 1611.492 3.9444 0 0 0 
2180000 2180 1000.0 2487835.363 1601.939 3.9556 0 0 0 
2190000 2190 1000.0 2504591.446 1615.943 3.953 0 0 0 
2200000 2200 1000.0 2520860.002 1617.997 3.9751 0 0 0 
2210000 2210 1000.0 2536642.613 1610.435 4.0253 0 0 0 
2220000 2220 1000.0 2553435.694 1623.265 4.0633 0 0 0 
2230000 2230 1000.0 2570761.444 1643.211 4.0449 0 0 0 
2240000 2240 1000.0 2587953.665 1656.938 4.0423 0 0 0 
2250000 2250 1000.0 2604285.768 1651.978 4.0431 0 0 0 
2260000 2260 1000.0 2621323.603 1661.429 4.0419 0 0 0 
2270000 2270 1000.0 2638426.297 1670.034 4.0216 0 0 0 
2280000 2280 1000.0 2655235.429 1672.6 4.0209 0 0 0 
2290000 2290 1000.0 2672287.884 1678.301 4.0136 0 0 0 
2300000 2300 1000.0 2689240.762 1681.522 4.01 0 0 0 
2310000 2310 1000.0 2705816.752 1677.07 4.0009 0 0 0 
2320000 2320 1000.0 2722559.162 1676.134 3.9843 0 0 0 
2330000 2330 1000.0 2739308.811 1676.54 3.9885 0 0 0 
2340000 2340 1000.0 2756155.493 1678.058 3.9757 0 0 0 
2350000 2350 1000.0 2773098.191 1681.204 3.9975 0 0 0 
2360000 2360 1000.0 2790012.026 1683.165 3.9986 0 0 0 
2370000 2370 1000.0 2807951.107 1703.046 4.0279 0 0 0 
2380000 2380 1000.0 2824661.056 1697.55 4.0296 0 0 0 
2390000 2390 1000.0 2841282.555 1690.905 4.0252 0 0 0 
2400000 2400 1000.0 2858035.723 1688.44 4.0163 0 0 0 
2410000 2410 1000.0 2874753.277 1685.542 4.0277 0 0 0 
2420000 2420 1000.0 2891591.408 1685.506 4.0088 0 0 0 
2430000 2430 1000.0 2908297.329 1682.503 4.0046 0 0 0 
2440000 2440 1000.0 2925227.649 1684.497 4.0234 0 0 0 
2450000 2450 1000.0 2942733.029 1696.483 4.0078 0 0 0 
2460000 2460 1000.0 2960314.746 1707.253 4.0023 0 0 0 
2470000 2470 1000.0 2977526.421 1709.393 3.9968 0 0 0 
2480000 2480 1000.0 2994140.775 1701.261 3.9955 0 0 0 
2490000 2490 1000.0 3010788.522 1694.353 4.0025 0 0 0 
2500000 2500 1000.0 3024020.759 1628.069 4.0079 0 0 0 
2510000 2510 1000.0 3040458.117 1631.941 3.9985 0 0 0 
2520000 2520 1000.0 3057272.752 1640.915 4.0119 0 0 0 
2530000 2530 1000.0 3074547.271 1656.651 4.0166 0 0 0 
2540000 2540 1000.0 3091269.683 1659.63 4.0196 0 0 0 
2550000 2550 1000.0 3109084.059 1682.379 4.0188 0 0 0 
2560000 2560 1000.0 3126660.67 1696.184 4.0171 0 0 0 
2570000 2570 1000.0 3143728.958 1698.278 4.0234 0 0 0 
2580000 2580 1000.0 3161035.802 1704.488 4.0338 0 0 0 
2590000 2590 1000.0 3178076.762 1704.737 4.0256 0 0 0 
2600000 2600 1000.0 3195240.163 1706.744 4.0592 0 0 0 
2610000 2610 1000.0 3212613.427 1712.207 4.0527 0 0 0 
2620000 2620 1000.0 3229689.017 1711.033 4.0592 0 0 0 
2630000 2630 1000.0 3246627.375 1707.595 4.0435 0 0 0 
2640000 2640 1000.0 3262142.844 1679.232 4.0427 0 0 0 
2650000 2650 1000.0 3278368.401 1668.915 4.0448 0 0 0 
2660000 2660 1000.0 3294413.177 1656.765 4.0305 0 0 0 
2670000 2670 1000.0 3310547.87 1648.315 4.0299 0 0 0 
2680000 2680 1000.0 3327784.55 1662.024 4.0185 0 0 0 
2690000 2690 1000.0 3344766.329 1668.048 4.0221 0 0 0 
2700000 2700 1000.0 3361654.29 1672.285 4.0171 0 0 0 
2710000 2710 1000.0 3378376.598 1672.648 4.0318 0 0 0 
2720000 2720 1000.0 3395098.854 1672.119 4.0273 0 0 0 
2730000 2730 1000.0 3412749.961 1689.523 4.0493 0 0 0 
2740000 2740 1000.0 3431288.065 1718.869 4.082 0 0 0 
2750000 2750 1000.0 3448905.726 1726.815 4.1062 0 0 0 
2760000 2760 1000.0 3466140.628 1726.543 4.095 0 0 0 
2770000 2770 1000.0 3483332.831 1725.299 4.0763 0 0 0 
2780000 2780 1000.0 3500998.445 1732.938 4.0564 0 0 0 
2790000 2790 1000.0 3518818.091 1742.043 4.0512 0 0 0 
2800000 2800 1000.0 3536521.213 1747.332 4.044 0 0 0 
2810000 2810 1000.0 3554121.006 1749.938 4.0409 0 0 0 
2820000 2820 1000.0 3571431.836 1746.098 4.0426 0 0 0 
2830000 2830 1000.0 3589101.522 1750.098 4.0557 0 0 0 
2840000 2840 1000.0 3606368.422 1745.068 4.0439 0 0 0 
2850000 2850 1000.0 3623424.277 1738.15 4.0401 0 0 0 
2860000 2860 1000.0 3640865.176 1739.129 4.0428 0 0 0 
2870000 2870 1000.0 3658436.966 1742.248 4.0528 0 0 0 
2880000 2880 1000.0 3676409.699 1752.183 4.0501 0 0 0 
2890000 2890 1000.0 3694325.853 1759.276 4.0551 0 0 0 
2900000 2900 1000.0 3709952.342 1724.415 4.0519 0 0 0 
2910000 2910 1000.0 3727512.936 1730.122 4.0735 0 0 0 
2920000 2920 1000.0 3744691.056 1727.964 4.0746 0 0 0 
2930000 2930 1000.0 3762218.166 1732.177 4.0773 0 0 0 
2940000 2940 1000.0 3779732.115 1735.485 4.0662 0 0 0 
2950000 2950 1000.0 3797425.397 1741.521 4.0569 0 0 0 
2960000 2960 1000.0 3815045.219 1744.855 4.0494 0 0 0 
2970000 2970 1000.0 3832733.596 1749.083 4.0436 0 0 0 
2980000 2980 1000.0 3851048.57 1764.323 4.0673 0 0 0 
2990000 2990 1000.0 3868584.829 1762.373 4.0834 0 0 0 
3000000 3000 1000.0 3886576.975 1768.901 4.0849 0 0 0 
3010000 3010 1000.0 3904410.253 1771.535 4.1022 0 0 0 
3020000 3020 1000.0 3922662.968 1781.513 4.1079 0 0 0 
3030000 3030 1000.0 3940935.471 1789.708 4.1089 0 0 0 
3040000 3040 1000.0 3959508.448 1801.983 4.1066 0 0 0 
3050000 3050 1000.0 3977795.275 1806.598 4.0909 0 0 0 
3060000 3060 1000.0 3995971.624 1809.061 4.1122 0 0 0 
3070000 3070 1000.0 4014047.256 1809.165 4.0935 0 0 0 
3080000 3080 1000.0 4032659.08 1818.263 4.112 0 0 0 
3090000 3090 1000.0 4051530.927 1831.036 4.1087 0 0 0 
3100000 3100 1000.0 4069693.186 1828.571 4.0902 0 0 0 
3110000 3110 1000.0 4087969.531 1828.701 4.0772 0 0 0 
3120000 3120 1000.0 4106916.537 1840.556 4.078 0 0 0 
3130000 3130 1000.0 4125593.754 1845.085 4.106 0 0 0 
3140000 3140 1000.0 4143957.992 1843.794 4.1022 0 0 0 
3150000 3150 1000.0 4162497.468 1845.72 4.111 0 0 0 
3160000 3160 1000.0 4181396.021 1853.98 4.1077 0 0 0 
3170000 3170 1000.0 4200249.8 1860.115 4.1084 0 0 0 
3180000 3180 1000.0 4219073.999 1864.379 4.1184 0 0 0 
3190000 3190 1000.0 4237674.254 1863.626 4.1147 0 0 0 
3200000 3200 1000.0 4255145.206 1842.254 4.1153 0 0 0 
3210000 3210 1000.0 4272066.738 1815.91 4.1175 0 0 0 
3220000 3220 1000.0 4289274.306 1798.398 4.1002 0 0 0 
3230000 3230 1000.0 4306780.837 1789.67 4.098 0 0 0 
3240000 3240 1000.0 4324408.834 1785.085 4.1133 0 0 0 
3250000 3250 1000.0 4341915.584 1779.213 4.1028 0 0 0 
3260000 3260 1000.0 4359112.215 1767.769 4.0911 0 0 0 
3270000 3270 1000.0 4376376.584 1759.582 4.0822 0 0 0 
3280000 3280 1000.0 4393050.504 1742.208 4.0757 0 0 0 
3290000 3290 1000.0 4410352.698 1739.719 4.0826 0 0 0 
3300000 3300 1000.0 4427982.857 1743.982 4.0851 0 0 0 
3310000 3310 1000.0 4446150.368 1756.87 4.0998 0 0 0 
3320000 3320 1000.0 4462973.56 1743.505 4.0866 0 0 0 
3330000 3330 1000.0 4480324.327 1742.273 4.0713 0 0 0 
3340000 3340 1000.0 4498279.245 1752.486 4.0731 0 0 0 
3350000 3350 1000.0 4515605.822 1748.001 4.0775 0 0 0 
3360000 3360 1000.0 4533821.452 1762.214 4.1004 0 0 0 
3370000 3370 1000.0 4552513.3 1782.064 4.1039 0 0 0 
3380000 3380 1000.0 4570760.077 1789.244 4.103 0 0 0 
3390000 3390 1000.0 4589178.96 1799.129 4.1084 0 0 0 
3400000 3400 1000.0 4607869.61 1812.069 4.1114 0 0 0 
3410000 3410 1000.0 4626841.22 1827.483 4.1156 0 0 0 
3420000 3420 1000.0 4645866.149 1841.04 4.1104 0 0 0 
3430000 3430 1000.0 4661527.105 1787.909 4.1122 0 0 0 
3440000 3440 1000.0 4680752.965 1812.83 4.0973 0 0 0 
3450000 3450 1000.0 4700258.526 1838.002 4.1023 0 0 0 
3460000 3460 1000.0 4719703.571 1857.302 4.1035 0 0 0 
3470000 3470 1000.0 4739308.789 1875.831 4.1007 0 0 0 
3480000 3480 1000.0 4758148.88 1877.467 4.0899 0 0 0 
3490000 3490 1000.0 4774398.546 1828.188 4.1006 0 0 0 
3500000 3500 1000.0 4793632.579 1845.231 4.0865 0 0 0 
3510000 3510 1000.0 4812928.179 1860.566 4.0802 0 0 0 
3520000 3520 1000.0 4831515.343 1860.274 4.0703 0 0 0 
3530000 3530 1000.0 4850831.252 1873.819 4.069 0 0 0 
3540000 3540 1000.0 4870568.927 1891.978 4.0703 0 0 0 
3550000 3550 1000.0 4890127.828 1903.39 4.0732 0 0 0 
3560000 3560 1000.0 4910212.444 1922.71 4.0813 0 0 0 
3570000 3570 1000.0 4929741.251 1928.285 4.0863 0 0 0 
3580000 3580 1000.0 4948685.64 1921.994 4.1071 0 0 0 
3590000 3590 1000.0 4968826.85 1938.977 4.1261 0 0 0 
3600000 3600 1000.0 4988076.195 1936.475 4.1149 0 0 0 
3610000 3610 1000.0 5007429.167 1936.584 4.1044 0 0 0 
3620000 3620 1000.0 5026770.003 1936.284 4.1017 0 0 0 
3630000 3630 1000.0 5046550.692 1944.114 4.0923 0 0 0 
3640000 3640 1000.0 5066391.099 1951.142 4.099 0 0 0 
3650000 3650 1000.0 5086252.017 1957.715 4.1048 0 0 0 
3660000 3660 1000.0 5105699.918 1955.562 4.1052 0 0 0 
3670000 3670 1000.0 5125156.855 1953.785 4.1103 0 0 0 
3680000 3680 1000.0 5145319.487 1965.481 4.1049 0 0 0 
3690000 3690 1000.0 5164514.262 1956.492 4.1247 0 0 0 
3700000 3700 1000.0 5183923.968 1953.789 4.1187 0 0 0 
3710000 3710 1000.0 5202904.443 1943.69 4.114 0 0 0 
3720000 3720 1000.0 5221906.241 1935.775 4.1309 0 0 0 
3730000 3730 1000.0 5241227.175 1935.308 4.1282 0 0 0 
3740000 3740 1000.0 5260952.51 1941.712 4.1325 0 0 0 
3750000 3750 1000.0 5280286.518 1940.45 4.117 0 0 0 
3760000 3760 1000.0 5300126.787 1948.359 4.1123 0 0 0 
3770000 3770 1000.0 5319984.148 1955.501 4.1072 0 0 0 
3780000 3780 1000.0 5339320.777 1951.953 4.1024 0 0 0 
3790000 3790 1000.0 5358182.491 1939.756 4.1158 0 0 0 
3800000 3800 1000.0 5376642.272 1922.274 4.1091 0 0 0 
3810000 3810 1000.0 5395111.147 1908.923 4.1359 0 0 0 
3820000 3820 1000.0 5414747.543 1919.129 4.1342 0 0 0 
3830000 3830 1000.0 5433875.382 1917.909 4.1175 0 0 0 
3840000 3840 1000.0 5452586.105 1909.567 4.1249 0 0 0 
3850000 3850 1000.0 5471455.028 1905.245 4.1131 0 0 0 
3860000 3860 1000.0 5490218.464 1899.472 4.1241 0 0 0 
3870000 3870 1000.0 5509806.71 1910.16 4.11 0 0 0 
3880000 3880 1000.0 5529917.592 1929.076 4.1084 0 0 0 
3890000 3890 1000.0 5549706.655 1937.761 4.1146 0 0 0 
3900000 3900 1000.0 5569542.583 1946.139 4.1024 0 0 0 
3910000 3910 1000.0 5589300.062 1951.684 4.0921 0 0 0 
3920000 3920 1000.0 5608881.518 1953.201 4.0896 0 0 0 
3930000 3930 1000.0 5628296.498 1951.242 4.109 0 0 0 
3940000 3940 1000.0 5647826.676 1951.687 4.1032 0 0 0 
3950000 3950 1000.0 5667842.509 1960.883 4.0955 0 0 0 
3960000 3960 1000.0 5687690.975 1964.854 4.0945 0 0 0 
3970000 3970 1000.0 5707532.003 1968.825 4.0991 0 0 0 
3980000 3980 1000.0 5727957.206 1982.326 4.106 0 0 0 
3990000 3990 1000.0 5747399.278 1975.278 4.1203 0 0 0 
4000000 4000 1000.0 5766506.174 1963.606 4.1287 0 0 0 
