10000 10 171.221 4003.704 66.906 0.3302 0 0 0 
20000 20 322.827 7847.747 126.615 0.6332 0 0 0 
30000 76 215.327 10206.008 69.175 0.686 0 0 0 
40000 287 43.686 14318.533 22.818 0.1774 0 0 0 
50000 330 166.904 20078.727 96.194 0.6809 0 0 0 
60000 343 301.041 26471.797 183.851 1.2217 0 0 0 
70000 370 355.958 32792.567 221.497 1.4261 0 0 0 
80000 380 473.771 38772.014 290.202 1.8813 0 0 0 
90000 390 570.032 43480.873 323.646 2.255 0 0 0 
100000 401 623.228 47741.513 330.356 2.4622 0 0 0 
110000 412 680.713 51393.159 330.184 2.6915 0 0 0 
120000 422 739.119 55511.232 346.8 2.9417 0 0 0 
130000 432 786.841 60385.039 369.549 3.1531 0 0 0 
140000 442 825.834 65986.374 404.093 3.296 0 0 0 
150000 452 857.694 71320.356 430.984 3.423 0 0 0 
160000 462 883.725 76195.046 439.71 3.5278 0 0 0 
170000 472 904.995 81861.254 463.249 3.6061 0 0 0 
180000 482 922.374 86300.975 459.727 3.6807 0 0 0 
190000 492 936.574 91535.134 469.624 3.7348 0 0 0 
200000 502 948.176 96764.853 481.363 3.768 0 0 0 
210000 512 957.656 101663.758 483.429 3.8102 0 0 0 
220000 522 965.402 106278.423 480.434 3.8615 0 0 0 
230000 532 971.731 110874.084 474.52 3.9213 0 0 0 
240000 542 976.902 116228.401 485.217 3.9336 0 0 0 
250000 552 981.127 121429.126 491.503 3.9467 0 0 0 
260000 562 984.58 127073.38 505.898 3.9491 0 0 0 
270000 572 987.4 132566.761 515.218 3.9507 0 0 0 
280000 582 989.705 137995.046 521.047 3.9914 0 0 0 
290000 592 991.588 142604.911 510.525 3.9965 0 0 0 
300000 602 993.127 147034.171 496.42 3.9963 0 0 0 
310000 613 980.811 152078.882 493.067 3.9577 0 0 0 
320000 624 974.358 157421.725 494.423 3.9285 0 0 0 
330000 634 979.048 162679.212 500.236 3.9691 0 0 0 
340000 646 935.185 166665.003 456.266 3.8076 0 0 0 
350000 657 934.265 172053.34 466.461 3.8139 0 0 0 
360000 667 946.29 177558.381 481.842 3.8608 0 0 0 
370000 678 940.705 182832.581 481.469 3.8496 0 0 0 
380000 688 951.552 188050.846 488.856 3.8855 0 0 0 
390000 699 945.875 193084.424 484.091 3.848 0 0 0 
400000 709 955.776 198851.58 501.245 3.8902 0 0 0 
410000 719 963.866 204234.75 507.439 3.91 0 0 0 
420000 731 930.369 209863.567 494.131 3.7736 0 0 0 
430000 742 931.761 215762.632 508.217 3.7751 0 0 0 
440000 752 934.399 221165.21 511.056 3.7746 0 0 0 
450000 762 946.399 226858.306 522.491 3.85 0 0 0 
460000 772 956.204 231782.637 512.892 3.8938 0 0 0 
470000 782 963.756 237045.418 513.676 3.9247 0 0 0 
480000 792 970.386 243533.561 543.158 3.933 0 0 0 
490000 803 962.845 249291.314 536.05 3.8949 0 0 0 
500000 813 967.337 255200.803 547.442 3.9172 0 0 0 
510000 824 964.011 260471.536 538.745 3.9078 0 0 0 
520000 834 957.419 266519.981 543.782 3.8754 0 0 0 
530000 844 965.208 272872.878 558.665 3.9093 0 0 0 
540000 854 971.573 279913.464 583.078 3.984 0 0 0 
550000 864 976.773 287768.371 622.313 3.9885 0 0 0 
560000 874 981.022 295370.376 644.024 3.997 0 0 0 
570000 884 984.493 303196.92 668.073 4.0184 0 0 0 
580000 894 987.33 309970.699 668.187 4.0158 0 0 0 
590000 904 989.648 317417.57 684.695 4.0195 0 0 0 
600000 915 976.326 324776.092 684.313 3.9576 0 0 0 
610000 925 980.656 333225.58 711.292 3.9781 0 0 0 
620000 935 984.195 340766.069 722.772 3.9906 0 0 0 
630000 945 987.086 347836.031 721.413 4.0158 0 0 0 
640000 955 989.448 355682.269 733.219 4.0229 0 0 0 
650000 965 991.379 363951.287 752.524 4.0218 0 0 0 
660000 975 992.956 371305.623 741.73 4.0209 0 0 0 
670000 988 950.506 378944.009 714.186 3.8764 0 0 0 
680000 1001 907.094 387158.95 694.496 3.6895 0 0 0 
690000 1013 892.561 396385.399 713.563 3.6189 0 0 0 
700000 1023 898.009 405064.167 729.786 3.6292 0 0 0 
710000 1033 916.666 413233.776 746.762 3.7032 0 0 0 
720000 1043 931.91 422140.024 765.542 3.7848 0 0 0 
730000 1053 944.365 429850.577 773.174 3.832 0 0 0 
740000 1063 954.542 437775.408 776.949 3.8726 0 0 0 
750000 1073 962.858 447189.733 805.299 3.9043 0 0 0 
760000 1083 969.652 453667.662 777.722 3.9356 0 0 0 
770000 1093 975.204 462702.555 794.372 3.9715 0 0 0 
780000 1103 979.74 473580.976 849.789 3.996 0 0 0 
790000 1114 970.369 483520.302 863.652 3.9442 0 0 0 
800000 1124 975.789 493123.367 879.327 3.9748 0 0 0 
810000 1134 980.218 504636.448 930.261 3.9763 0 0 0 
820000 1144 983.837 517579.165 996.346 3.9933 0 0 0 
830000 1154 986.793 527959.237 1006.687 4.0171 0 0 0 
840000 1164 989.209 538677.01 1017.116 4.0132 0 0 0 
850000 1174 991.183 546887.769 983.728 4.0195 0 0 0 
860000 1184 992.796 555451.983 961.304 4.0187 0 0 0 
870000 1194 994.114 563685.731 933.542 4.0274 0 0 0 
880000 1204 995.191 572666.902 922.483 4.0262 0 0 0 
890000 1214 996.07 583536.123 949.931 4.0382 0 0 0 
900000 1224 996.789 597250.275 1035.726 4.0467 0 0 0 
910000 1234 997.377 610579.528 1082.002 4.0388 0 0 0 
920000 1245 989.228 622767.695 1102.435 4.0204 0 0 0 
930000 1255 991.199 634827.807 1121.241 4.0604 0 0 0 
940000 1265 992.809 646086.741 1122.581 4.064 0 0 0 
950000 1275 994.124 656778.584 1115.482 4.0596 0 0 0 
960000 1285 995.199 669328.924 1140.251 4.0784 0 0 0 
970000 1295 996.077 685585.688 1229.14 4.0652 0 0 0 
980000 1305 996.795 702775.146 1318.335 4.0527 0 0 0 
990000 1315 997.381 718674.096 1368.291 4.0541 0 0 0 
1000000 1325 997.86 734267.691 1403.601 4.0431 0 0 0 
1010000 1335 997.632 744630.529 1336.067 4.0458 0 0 0 
1020000 1345 998.065 756199.751 1304.638 4.0689 0 0 0 
1030000 1355 998.419 764955.418 1224.309 4.066 0 0 0 
1040000 1365 998.708 777569.493 1235.138 4.0645 0 0 0 
1050000 1375 998.944 792963.864 1291.7 4.082 0 0 0 
1060000 1385 999.138 805737.527 1288.976 4.0712 0 0 0 
1070000 1395 999.295 820621.423 1324.654 4.0784 0 0 0 
1080000 1405 999.424 832412.673 1300.26 4.0955 0 0 0 
1090000 1415 999.53 846157.215 1312.969 4.0802 0 0 0 
1100000 1425 999.616 860167.519 1328.118 4.0672 0 0 0 
1110000 1435 999.686 873491.724 1326.582 4.0582 0 0 0 
1120000 1445 999.743 887595.781 1344.551 4.0483 0 0 0 
1130000 1455 999.79 902711.833 1372.373 4.0432 0 0 0 
1140000 1465 999.829 920122.396 1439.246 4.036 0 0 0 
1150000 1475 999.86 937767.876 1501.457 4.0452 0 0 0 
1160000 1485 999.886 953392.39 1507.295 4.0568 0 0 0 
1170000 1495 999.907 971599.182 1566.652 4.0568 0 0 0 
1180000 1505 999.924 990878.068 1631.65 4.0518 0 0 0 
1190000 1515 999.938 1006685.797 1624.139 4.0404 0 0 0 
1200000 1525 999.949 1022556.032 1615.717 4.0391 0 0 0 
1210000 1535 999.958 1037901.764 1602.312 4.0328 0 0 0 
1220000 1545 999.966 1055937.389 1638.853 4.0258 0 0 0 
1230000 1555 999.972 1075820.057 1703.524 4.0371 0 0 0 
1240000 1565 999.977 1094968.394 1742.827 4.045 0 0 0 
1250000 1575 999.981 1111709.812 1729.538 4.0367 0 0 0 
1260000 1585 999.985 1132000.251 1787.136 4.0281 0 0 0 
1270000 1595 999.988 1152455.041 1832.686 4.0228 0 0 0 
1280000 1605 999.99 1170631.954 1828.831 4.021 0 0 0 
1290000 1615 999.992 1188965.598 1828.303 4.0547 0 0 0 
1300000 1625 999.993 1209156.536 1863.008 4.0458 0 0 0 
1310000 1635 999.994 1229792.799 1901.881 4.0394 0 0 0 
1320000 1645 999.995 1248294.35 1889.222 4.0541 0 0 0 
1330000 1655 999.996 1265476.369 1855.56 4.0636 0 0 0 
1340000 1665 999.997 1285628.525 1883.483 4.0619 0 0 0 
1350000 1675 999.998 1304669.722 1889.663 4.0545 0 0 0 
1360000 1685 999.998 1323393.659 1886.363 4.0495 0 0 0 
1370000 1695 999.998 1341121.144 1866.38 4.0468 0 0 0 
1380000 1705 999.999 1357151.794 1818.877 4.0615 0 0 0 
1390000 1715 999.999 1376505.458 1843.34 4.0517 0 0 0 
1400000 1725 999.999 1394898.547 1842.353 4.0608 0 0 0 
1410000 1735 999.999 1415179.11 1876.316 4.0659 0 0 0 
1420000 1745 999.999 1435771.943 1909.238 4.0757 0 0 0 
1430000 1755 1000.0 1456316.443 1936.4 4.0898 0 0 0 
1440000 1765 1000.0 1477419.755 1966.562 4.0802 0 0 0 
1450000 1775 1000.0 1498679.333 1995.263 4.0701 0 0 0 
1460000 1785 1000.0 1519162.117 2006.169 4.0681 0 0 0 
1470000 1795 1000.0 1539102.983 2005.078 4.0762 0 0 0 
1480000 1805 1000.0 1558619.806 1997.3 4.0666 0 0 0 
1490000 1815 1000.0 1579413.337 2013.635 4.0593 0 0 0 
1500000 1825 1000.0 1598705.639 1998.303 4.0517 0 0 0 
1510000 1835 1000.0 1617042.475 1970.082 4.0488 0 0 0 
1520000 1845 1000.0 1634264.89 1924.014 4.0684 0 0 0 
1530000 1855 1000.0 1652502.95 1902.365 4.0807 0 0 0 
1540000 1865 1000.0 1673986.696 1946.25 4.072 0 0 0 
1550000 1875 1000.0 1696051.001 1994.191 4.0906 0 0 0 
1560000 1885 1000.0 1718801.424 2045.627 4.0812 0 0 0 
1570000 1895 1000.0 1741911.651 2093.937 4.0863 0 0 0 
1580000 1905 1000.0 1765339.245 2139.639 4.0954 0 0 0 
1590000 1915 1000.0 1789056.609 2181.837 4.0812 0 0 0 
1600000 1925 1000.0 1811537.319 2194.122 4.0747 0 0 0 
1610000 1935 1000.0 1834109.439 2205.454 4.076 0 0 0 
1620000 1945 1000.0 1855081.894 2190.112 4.0753 0 0 0 
1630000 1955 1000.0 1877397.318 2194.263 4.0645 0 0 0 
1640000 1965 1000.0 1899949.687 2205.598 4.079 0 0 0 
1650000 1975 1000.0 1922860.679 2221.404 4.0691 0 0 0 
1660000 1985 1000.0 1945605.72 2233.798 4.0696 0 0 0 
1670000 1995 1000.0 1969644.35 2262.708 4.0659 0 0 0 
1680000 2005 1000.0 1990640.046 2235.677 4.0736 0 0 0 
1690000 2015 1000.0 2013348.487 2238.63 4.0727 0 0 0 
1700000 2025 1000.0 2036140.762 2244.708 4.0712 0 0 0 
1710000 2035 1000.0 2054537.866 2170.792 4.063 0 0 0 
1720000 2045 1000.0 2077167.946 2188.316 4.2778 0 0 0 
1730000 2055 1000.0 2094805.656 2106.701 4.3292 0 0 0 
1740000 2065 1000.0 2116690.332 2124.764 4.2929 0 0 0 
1750000 2075 1000.0 2136800.621 2100.109 4.2612 0 0 0 
1760000 2085 1000.0 2158697.038 2117.169 4.761 0 0 0 
1770000 2095 1000.0 2180391.584 2125.945 4.6307 0 0 0 
1780000 2105 1000.0 2197053.546 2045.78 4.5319 0 0 0 
1790000 2115 1000.0 2214692.373 1990.181 4.486 0 0 0 
1800000 2125 1000.0 2230715.917 1919.843 4.4063 0 0 0 
1810000 2135 1000.0 2244122.117 1817.495 4.3659 0 0 0 
1820000 2145 1000.0 2263475.128 1837.058 4.3181 0 0 0 
1830000 2155 1000.0 2281702.641 1835.339 4.2829 0 0 0 
1840000 2165 1000.0 2300828.226 1854.113 4.2513 0 0 0 
1850000 2175 1000.0 2322591.616 1910.162 4.238 0 0 0 
1860000 2185 1000.0 2345454.506 1978.147 4.1991 0 0 0 
1870000 2195 1000.0 2367317.551 2016.54 4.17 0 0 0 
1880000 2205 1000.0 2385938.062 1985.288 4.1617 0 0 0 
1890000 2215 1000.0 2409539.527 2055.777 4.1639 0 0 0 
1900000 2225 1000.0 2429750.503 2048.85 4.1568 0 0 0 
1910000 2235 1000.0 2452378.511 2088.326 4.1605 0 0 0 
1920000 2245 1000.0 2473788.045 2097.433 4.1575 0 0 0 
1930000 2255 1000.0 2493794.65 2081.157 4.1443 0 0 0 
1940000 2265 1000.0 2513402.065 2062.238 4.1492 0 0 0 
1950000 2275 1000.0 2534396.064 2071.417 4.1548 0 0 0 
1960000 2285 1000.0 2554621.965 2060.653 4.1719 0 0 0 
1970000 2295 1000.0 2576201.223 2079.916 4.1433 0 0 0 
1980000 2305 1000.0 2597402.584 2089.479 4.1419 0 0 0 
1990000 2315 1000.0 2620262.295 2124.138 4.1227 0 0 0 
2000000 2325 1000.0 2642714.698 2147.408 4.1058 0 0 0 
2010000 2335 1000.0 2661551.174 2094.951 4.1021 0 0 0 
2020000 2345 1000.0 2682326.146 2092.743 4.1068 0 0 0 
2030000 2355 1000.0 2702313.528 2075.329 4.1016 0 0 0 
2040000 2365 1000.0 2725939.965 2127.504 4.1178 0 0 0 
2050000 2375 1000.0 2748068.883 2142.277 4.1258 0 0 0 
2060000 2385 1000.0 2768866.647 2129.29 4.1246 0 0 0 
2070000 2395 1000.0 2787257.226 2080.702 4.1475 0 0 0 
2080000 2405 1000.0 2804338.763 2012.072 4.1365 0 0 0 
2090000 2416 986.693 2827369.23 2040.017 4.0607 0 0 0 
2100000 2426 989.128 2848277.845 2050.366 4.0606 0 0 0 
2110000 2436 991.116 2871697.907 2103.535 4.0915 0 0 0 
2120000 2446 988.788 2894770.62 2133.322 4.0654 0 0 0 
2130000 2456 990.839 2915392.792 2121.58 4.0813 0 0 0 
2140000 2466 992.515 2932391.395 2046.88 4.0869 0 0 0 
2150000 2476 993.884 2952594.281 2041.795 4.0822 0 0 0 
2160000 2486 995.003 2971325.965 2016.111 4.0791 0 0 0 
2170000 2496 995.917 2993475.967 2050.294 4.0902 0 0 0 
2180000 2506 996.664 3014749.253 2063.072 4.117 0 0 0 
2190000 2516 997.274 3038663.775 2122.313 4.1062 0 0 0 
2200000 2526 997.773 3062526.547 2170.337 4.1145 0 0 0 
2210000 2536 998.18 3080556.153 2100.156 4.1227 0 0 0 
2220000 2546 998.513 3099276.006 2063.27 4.115 0 0 0 
2230000 2556 998.785 3118047.368 2025.263 4.1079 0 0 0 
2240000 2566 999.007 3137847.472 2019.132 4.1157 0 0 0 
2250000 2576 999.189 3159820.792 2051.661 4.1285 0 0 0 
2260000 2586 999.337 3182822.604 2094.74 4.1203 0 0 0 
2270000 2596 999.459 3206183.541 2139.514 4.1627 0 0 0 
2280000 2606 999.558 3228669.592 2161.38 4.1538 0 0 0 
2290000 2616 999.639 3252577.743 2203.86 4.1362 0 0 0 
2300000 2626 999.705 3276853.899 2245.989 4.1284 0 0 0 
2310000 2636 999.759 3299117.563 2243.583 4.1176 0 0 0 
2320000 2646 999.803 3323605.752 2279.452 4.1311 0 0 0 
2330000 2656 999.839 3346567.608 2283.162 4.128 0 0 0 
2340000 2666 999.868 3370043.692 2296.902 4.1255 0 0 0 
2350000 2676 999.892 3391286.193 2265.86 4.1097 0 0 0 
2360000 2686 999.912 3412937.329 2250.687 4.1294 0 0 0 
2370000 2696 999.928 3435987.91 2257.768 4.1338 0 0 0 
2380000 2706 999.941 3458094.347 2250.861 4.1158 0 0 0 
2390000 2716 999.952 3479703.604 2234.585 4.1335 0 0 0 
2400000 2726 999.961 3501244.81 2222.397 4.1252 0 0 0 
2410000 2736 999.968 3525059.534 2249.898 4.111 0 0 0 
2420000 2746 999.974 3546222.981 2221.583 4.1134 0 0 0 
2430000 2756 999.979 3570061.903 2251.305 4.1047 0 0 0 
2440000 2766 999.983 3593942.163 2276.557 4.1018 0 0 0 
2450000 2776 999.986 3616831.623 2279.065 4.0914 0 0 0 
2460000 2786 999.988 3637600.816 2242.795 4.1013 0 0 0 
2470000 2796 999.99 3659120.811 2229.316 4.0998 0 0 0 
2480000 2806 999.992 3676345.635 2136.55 4.0956 0 0 0 
2490000 2816 999.994 3692568.83 2038.97 4.1089 0 0 0 
2500000 2826 999.995 3714556.195 2067.625 4.1 0 0 0 
2510000 2836 999.996 3736601.148 2091.938 4.0973 0 0 0 
2520000 2846 999.997 3758938.018 2116.872 4.0992 0 0 0 
2530000 2856 999.997 3783883.681 2186.199 4.101 0 0 0 
2540000 2866 999.998 3805418.317 2180.371 4.1228 0 0 0 
2550000 2876 999.998 3828538.812 2204.487 4.1533 0 0 0 
2560000 2886 999.998 3850654.125 2206.057 4.1828 0 0 0 
2570000 2896 999.999 3869527.783 2152.304 4.1617 0 0 0 
2580000 2906 999.999 3887764.805 2094.392 4.1632 0 0 0 
2590000 2916 999.999 3906449.095 2049.67 4.1462 0 0 0 
2600000 2926 999.999 3927990.619 2072.43 4.1299 0 0 0 
2610000 2936 999.999 3950173.043 2098.344 4.1461 0 0 0 
2620000 2946 1000.0 3968393.174 2049.127 4.137 0 0 0 
2630000 2956 1000.0 3983825.356 1957.82 4.1475 0 0 0 
2640000 2966 1000.0 4000799.573 1906.096 4.1539 0 0 0 
2650000 2976 1000.0 4022075.121 1947.437 4.1456 0 0 0 
2660000 2986 1000.0 4043464.212 1982.084 4.1534 0 0 0 
2670000 2996 1000.0 4061368.293 1946.578 4.3738 0 0 0 
2680000 3006 1000.0 4081520.073 1958.208 4.3769 0 0 0 
2690000 3016 1000.0 4102097.355 1979.066 4.3175 0 0 0 
2700000 3026 989.388 4118840.499 1920.385 4.2397 0 0 0 
2710000 3036 991.329 4140721.169 1955.157 4.2142 0 0 0 
2720000 3046 992.915 4162464.117 1994.393 4.1833 0 0 0 
2730000 3056 994.211 4181650.743 1980.797 4.1677 0 0 0 
2740000 3066 995.27 4202097.769 1987.954 4.1543 0 0 0 
2750000 3076 996.135 4222787.159 2006.535 4.1635 0 0 0 
2760000 3086 996.842 4242656.799 2003.835 4.1544 0 0 0 
2770000 3096 997.42 4262591.14 1996.441 4.1409 0 0 0 
2780000 3106 997.892 4282889.198 2004.404 4.1549 0 0 0 
2790000 3116 998.278 4302087.007 1992.917 4.1566 0 0 0 
2800000 3126 998.593 4320321.822 1977.87 4.1415 0 0 0 
2810000 3136 998.85 4342145.355 1996.134 4.132 0 0 0 
2820000 3146 999.06 4365178.793 2053.441 4.1376 0 0 0 
2830000 3156 999.232 4388572.73 2104.001 4.12 0 0 0 
2840000 3166 999.373 4411103.924 2135.723 4.1215 0 0 0 
2850000 3176 999.487 4430940.113 2099.917 4.1152 0 0 0 
2860000 3186 999.581 4450101.077 2070.721 4.1042 0 0 0 
2870000 3196 999.658 4469985.028 2049.019 4.1077 0 0 0 
2880000 3206 999.72 4489478.269 2036.244 4.1023 0 0 0 
2890000 3216 999.772 4509210.824 2022.16 4.1152 0 0 0 
2900000 3226 999.813 4527421.678 1987.406 4.1098 0 0 0 
2910000 3236 999.847 4541730.527 1902.129 4.1233 0 0 0 
2920000 3246 999.875 4556874.878 1815.394 4.1298 0 0 0 
2930000 3256 999.898 4570080.971 1736.336 4.1497 0 0 0 
2940000 3266 999.917 4584707.299 1691.832 4.1411 0 0 0 
2950000 3276 999.932 4599842.766 1640.881 4.1449 0 0 0 
2960000 3286 999.944 4616636.706 1640.786 4.1419 0 0 0 
2970000 3296 999.955 4631925.805 1630.736 4.1545 0 0 0 
2980000 3306 999.963 4650936.795 1669.253 4.2104 0 0 0 
2990000 3316 999.97 4671089.341 1731.585 4.1988 0 0 0 
3000000 3326 999.975 4692768.263 1812.514 4.1853 0 0 0 
3010000 3336 999.98 4709698.581 1791.397 4.1828 0 0 0 
3020000 3346 999.983 4731195.452 1849.084 4.163 0 0 0 
3030000 3356 999.986 4753931.679 1926.594 4.1881 0 0 0 
3040000 3366 999.989 4775317.748 1967.317 4.1682 0 0 0 
3050000 3376 999.991 4797088.876 2006.228 4.1532 0 0 0 
3060000 3386 999.993 4819723.972 2056.763 4.1614 0 0 0 
3070000 3396 999.994 4841271.342 2075.69 4.1634 0 0 0 
3080000 3406 999.995 4861286.996 2062.686 4.1525 0 0 0 
3090000 3416 999.996 4882565.51 2069.786 4.1448 0 0 0 
3100000 3426 999.997 4902670.608 2061.932 4.1422 0 0 0 
3110000 3436 999.997 4921577.938 2029.855 4.1688 0 0 0 
3120000 3446 999.998 4942003.048 2035.576 4.1564 0 0 0 
3130000 3456 999.998 4960417.927 2015.07 4.1506 0 0 0 
3140000 3466 999.999 4980957.715 2010.878 4.1533 0 0 0 
3150000 3476 999.999 5001118.019 2004.739 4.1402 0 0 0 
3160000 3486 999.999 5021560.038 2011.225 4.1471 0 0 0 
3170000 3496 999.999 5042009.477 2022.909 4.1493 0 0 0 
3180000 3506 999.999 5061534.323 2003.238 4.1642 0 0 0 
3190000 3516 999.999 5080135.813 1980.876 4.1778 0 0 0 
3200000 3526 1000.0 5101417.328 2004.904 4.1725 0 0 0 
3210000 3536 1000.0 5122506.458 2030.228 4.1594 0 0 0 
3220000 3546 1000.0 5142551.818 2023.045 4.1713 0 0 0 
3230000 3556 1000.0 5162878.38 2021.398 4.1621 0 0 0 
3240000 3566 1000.0 5184177.561 2043.793 4.1626 0 0 0 
3250000 3576 1000.0 5205869.741 2067.336 4.1473 0 0 0 
3260000 3586 1000.0 5225921.641 2055.059 4.1792 0 0 0 
3270000 3596 1000.0 5247185.573 2068.585 4.1843 0 0 0 
3280000 3606 1000.0 5268625.496 2080.506 4.2042 0 0 0 
3290000 3616 1000.0 5289983.772 2091.655 4.1847 0 0 0 
3300000 3626 1000.0 5310716.112 2087.671 4.171 0 0 0 
3310000 3636 1000.0 5330834.868 2076.074 4.1794 0 0 0 
3320000 3646 1000.0 5349052.105 2028.532 4.1677 0 0 0 
3330000 3656 1000.0 5368233.126 2005.227 4.1685 0 0 0 
3340000 3666 1000.0 5389145.526 2025.604 4.1718 0 0 0 
3350000 3676 1000.0 5409249.903 2016.548 4.172 0 0 0 
3360000 3686 1000.0 5430847.648 2042.655 4.1755 0 0 0 
3370000 3696 1000.0 5452294.562 2060.591 4.1826 0 0 0 
3380000 3706 1000.0 5473386.21 2069.678 4.1882 0 0 0 
3390000 3716 1000.0 5494061.922 2071.17 4.1754 0 0 0 
3400000 3726 1000.0 5515235.14 2077.515 4.2043 0 0 0 
3410000 3736 1000.0 5536508.591 2085.473 4.1872 0 0 0 
3420000 3746 1000.0 5556205.329 2067.43 4.1692 0 0 0 
3430000 3756 1000.0 5576382.895 2069.831 4.1614 0 0 0 
3440000 3766 1000.0 5593999.089 1999.476 4.189 0 0 0 
3450000 3776 1000.0 5614042.41 1996.515 4.1924 0 0 0 
3460000 3786 1000.0 5631631.061 1966.926 4.187 0 0 0 
3470000 3796 1000.0 5652993.099 1988.821 4.1828 0 0 0 
3480000 3806 1000.0 5673586.435 2001.132 4.1846 0 0 0 
3490000 3816 1000.0 5693707.687 2004.836 4.2044 0 0 0 
3500000 3826 1000.0 5714602.423 2028.688 4.1851 0 0 0 
3510000 3836 1000.0 5734016.077 2002.358 4.2052 0 0 0 
3520000 3846 1000.0 5753183.507 1989.759 4.1918 0 0 0 
3530000 3856 1000.0 5773099.926 1995.657 4.1871 0 0 0 
3540000 3866 1000.0 5793037.612 1991.487 4.2081 0 0 0 
3550000 3876 1000.0 5811587.128 1965.793 4.1936 0 0 0 
3560000 3886 1000.0 5826820.423 1901.115 4.1907 0 0 0 
3570000 3896 1000.0 5847197.296 1907.233 4.1813 0 0 0 
3580000 3906 1000.0 5867471.029 1931.29 4.1759 0 0 0 
3590000 3916 1000.0 5887549.762 1943.209 4.1662 0 0 0 
3600000 3926 1000.0 5904937.391 1906.692 4.1988 0 0 0 
3610000 3936 1000.0 5924979.795 1934.418 4.1987 0 0 0 
3620000 3946 1000.0 5944607.932 1931.309 4.2092 0 0 0 
3630000 3956 1000.0 5965041.716 1949.953 4.2136 0 0 0 
3640000 3966 1000.0 5981901.823 1902.433 4.2012 0 0 0 
3650000 3976 1000.0 5999425.903 1878.686 4.1904 0 0 0 
3660000 3986 999.096 6018885.096 1886.421 4.2043 0 0 0 
3670000 3996 999.261 6036346.011 1865.341 4.2386 0 0 0 
3680000 4006 999.397 6055236.896 1864.488 4.2617 0 0 0 
3690000 4016 999.507 6074782.38 1876.653 4.2817 0 0 0 
3700000 4026 999.597 6096449.9 1928.973 4.2875 0 0 0 
3710000 4036 999.671 6115901.086 1934.301 4.2836 0 0 0 
3720000 4048 966.234 6134551.333 1856.862 4.1168 0 0 0 
3730000 4058 972.411 6153318.033 1867.138 4.119 0 0 0 
3740000 4068 977.458 6169071.147 1806.497 4.1138 0 0 0 
3750000 4078 981.581 6181889.897 1714.25 4.124 0 0 0 
3760000 4088 984.951 6201492.957 1757.295 4.1271 0 0 0 
3770000 4098 987.704 6216444.853 1703.605 4.1454 0 0 0 
3780000 4109 974.014 6232253.957 1659.527 4.0908 0 0 0 
3790000 4120 963.635 6245719.563 1583.347 4.0388 0 0 0 
3800000 4130 970.287 6265664.031 1652.345 4.0651 0 0 0 
3810000 4140 975.723 6286813.565 1739.497 4.1022 0 0 0 
3820000 4150 980.164 6308596.729 1820.227 4.0987 0 0 0 
3830000 4160 983.792 6330065.878 1880.823 4.1081 0 0 0 
3840000 4170 986.757 6350494.976 1909.058 4.124 0 0 0 
3850000 4180 989.18 6372180.36 1956.944 4.111 0 0 0 
3860000 4190 991.159 6393908.73 1996.656 4.1163 0 0 0 
3870000 4200 984.449 6412912.296 1959.53 4.1027 0 0 0 
3880000 4210 987.294 6433758.278 1984.398 4.1025 0 0 0 
3890000 4220 989.618 6451978.383 1955.579 4.1173 0 0 0 
3900000 4230 991.517 6467467.149 1874.902 4.1371 0 0 0 
3910000 4240 993.069 6484857.059 1853.467 4.1327 0 0 0 
3920000 4250 994.337 6504500.866 1866.623 4.1314 0 0 0 
3930000 4260 995.373 6523936.186 1884.729 4.126 0 0 0 
3940000 4270 996.219 6543797.726 1901.095 4.1229 0 0 0 
3950000 4280 996.911 6561504.364 1874.284 4.1212 0 0 0 
3960000 4290 997.476 6579033.104 1853.264 4.1188 0 0 0 
3970000 4300 997.938 6595494.817 1814.809 4.1497 0 0 0 
3980000 4310 998.315 6614925.277 1837.534 4.1423 0 0 0 
3990000 4320 998.623 6635054.482 1871.559 4.1588 0 0 0 
4000000 4330 998.875 6654498.556 1884.961 4.2077 0 0 0 
