10000 10 182.927 -13703.692 -250.681 0.1802 0 0 0 0.0 0.0 0.0 0.0 0.0 
20000 20 332.392 -27503.274 -457.211 0.3251 0 0 0 0.0 0.0 0.0 0.0 0.0 
30000 30 454.516 -40826.592 -616.823 1.2855 0 0 0 0.0127204 2.2442952 0.0841093 0.1895866 0.1149243 
40000 40 554.3 -53973.486 -744.995 2.0534 0 0 0 0.0109857 4.1467325 0.2746409 0.1255279 0.0991533 
50000 50 635.83 -66659.829 -839.437 2.6963 0 0 0 0.009853 5.941043 0.3846214 0.0928231 0.0889154 
60000 60 702.447 -79092.083 -915.44 3.2102 0 0 0 0.0096227 7.0931313 0.5644711 0.0866751 0.0879905 
70000 70 756.877 -86688.105 -883.65 3.8433 0 0 0 0.0086642 7.715243 0.7975244 0.0812237 0.0788069 
80000 80 801.351 -91697.172 -810.769 4.7969 0 0 0 0.0085688 7.9262958 1.2411357 0.0734766 0.0752712 
90000 90 837.689 -95024.393 -722.165 5.4799 0 0 0 0.0087155 7.4040692 1.5139606 0.0696971 0.0766506 
100000 100 867.38 -100250.633 -685.37 5.4861 0 0 0 0.0081591 6.6647092 2.0519462 0.0656843 0.073775 
110000 110 891.64 -101511.025 -580.999 5.511 0 0 0 0.0081571 5.7237076 2.4579161 0.0596082 0.0708979 
120000 120 911.462 -101790.571 -477.994 5.5085 0 0 0 0.0076006 4.1312309 2.4165559 0.0559011 0.0687918 
130000 130 927.658 -102610.893 -400.513 5.5166 0 0 0 0.0075008 2.8688258 2.5535291 0.0526024 0.0655041 
140000 140 940.891 -99177.798 -264.972 5.5138 0 0 0 0.0072953 0.5821481 2.3073944 0.0500688 0.0611635 
150000 150 951.704 -97046.921 -175.267 5.5098 0 0 0 0.0064912 -1.3265055 2.2504341 0.050282 0.0587091 
160000 160 960.539 -92431.967 -59.058 5.5106 0 0 0 0.0058863 -3.4890941 1.8111008 0.045475 0.0534029 
170000 170 967.757 -87864.902 34.922 5.5194 0 0 0 0.0058528 -5.7862667 1.7094527 0.0478158 0.0529435 
180000 180 973.655 -83026.303 117.204 5.5276 0 0 0 0.0057404 -7.8670616 1.6778731 0.046917 0.049878 
190000 190 978.474 -78122.28 185.137 5.6231 0 0 0 0.0057114 -9.6996037 1.4305962 0.0428976 0.0486227 
200000 200 982.412 -75706.741 193.948 5.6337 0 0 0 0.0061856 -11.8298094 1.5954391 0.044959 0.0505789 
210000 210 985.629 -71283.586 240.138 6.158 0 0 0 0.0053866 -14.519553 1.6039574 0.0420366 0.0459416 
220000 220 988.258 -67887.041 258.015 6.8953 0 0 0 0.0054087 -16.7867293 1.5885628 0.0428509 0.0457417 
230000 230 990.406 -63422.329 293.188 7.5085 0 0 0 0.0045414 -19.2234749 1.4216226 0.0357725 0.038426 
240000 240 992.161 -56955.498 357.851 7.9944 0 0 0 0.0042284 -21.4240633 1.406372 0.0357932 0.0373945 
250000 250 993.595 -50967.809 401.751 8.3642 0 0 0 0.0037708 -23.7850336 1.1245005 0.0317026 0.0332181 
260000 260 994.767 -45554.532 427.281 8.2454 0 0 0 0.0038686 -25.8471247 1.2745371 0.0330403 0.0328186 
270000 270 995.724 -40073.608 449.757 7.7986 0 0 0 0.0036048 -27.5664681 1.767974 0.034641 0.0292313 
280000 280 996.506 -35830.663 445.729 7.4484 0 0 0 0.0032765 -29.0820162 1.7094388 0.031475 0.0268813 
290000 290 997.145 -30166.357 467.984 7.1565 0 0 0 0.0028445 -30.4744581 1.1850269 0.0322395 0.0250735 
300000 300 997.667 -24666.208 482.609 6.8574 0 0 0 0.0032466 -31.7603425 1.8098045 0.0275047 0.0240348 
310000 310 998.094 -19515.353 489.348 6.6462 0 0 0 0.0025818 -32.9338163 1.0822976 0.0368659 0.0215934 
320000 320 998.443 -13283.84 513.801 6.4557 0 0 0 0.0026787 -34.0990426 2.5244395 0.0387628 0.0205542 
330000 330 998.728 -6626.954 541.658 6.297 0 0 0 0.0021866 -35.3976784 1.4137634 0.0369144 0.019019 
340000 340 998.96 -3186.5 504.965 6.1659 0 0 0 0.0024317 -38.1590037 2.2081722 0.046628 0.0204747 
350000 350 999.151 1606.158 500.682 6.1322 0 0 0 0.0024275 -38.8564021 0.9553339 0.048385 0.0210599 
360000 360 999.306 6082.372 490.304 6.1448 0 0 0 0.0032696 -39.9288843 1.9985095 0.054963 0.0286642 
370000 370 999.433 11231.276 495.464 6.1872 0 0 0 0.003446 -42.0184296 1.4092285 0.0486638 0.0303489 
380000 380 999.537 15537.415 482.373 6.1868 0 0 0 0.0034995 -44.0997183 2.1801902 0.0557627 0.0305923 
390000 390 999.621 20983.614 493.744 6.2212 0 0 0 0.0036566 -45.405188 1.8130745 0.0603223 0.0328746 
400000 400 999.691 27920.08 530.6 6.2429 0 0 0 0.003563 -47.1779354 2.0248564 0.058783 0.0323703 
410000 410 999.747 33828.645 540.328 6.2687 0 0 0 0.0044044 -49.2584778 3.0759397 0.0551896 0.0385035 
420000 420 999.793 38742.41 532.5 6.2734 0 0 0 0.0047486 -51.9349964 3.1065428 0.0594466 0.0416969 
430000 430 999.831 44632.229 542.501 6.2649 0 0 0 0.0050252 -54.7343542 2.1761524 0.0570443 0.0447272 
440000 440 999.862 50099.152 543.146 6.2687 0 0 0 0.0048231 -56.8842493 3.6304607 0.0574958 0.0422022 
450000 450 999.887 56214.444 555.916 6.2805 0 0 0 0.0049277 -58.3292486 2.537489 0.0554546 0.0439065 
460000 460 999.908 62802.847 575.223 6.3065 0 0 0 0.0054159 -59.5650143 3.9552335 0.0563127 0.047159 
470000 470 999.925 69545.065 592.967 6.3095 0 0 0 0.0053353 -60.9068016 4.9947698 0.053704 0.04695 
480000 480 999.939 77286.942 626.687 6.2555 0 0 0 0.005259 -62.4841765 5.3556398 0.0578563 0.0472548 
490000 490 999.95 85808.473 667.771 6.2623 0 0 0 0.005475 -64.0224086 4.7131052 0.0579974 0.0494174 
500000 500 999.959 95058.354 714.57 6.2163 0 0 0 0.005553 -65.9213875 2.8385349 0.0580866 0.0505631 
510000 510 999.966 104445.178 755.454 6.1452 0 0 0 0.0061962 -67.6857214 5.1963108 0.0621295 0.0564252 
520000 520 999.973 114260.854 796.214 6.0945 0 0 0 0.0065275 -69.5877154 5.2249846 0.0622636 0.0587783 
530000 530 999.978 123224.626 813.938 6.0294 0 0 0 0.0064248 -71.4150075 4.9316768 0.06326 0.0576557 
540000 540 999.982 131140.22 809.726 5.965 0 0 0 0.0069452 -73.0870892 5.2299272 0.0625607 0.0621667 
550000 550 999.985 139010.378 805.434 5.9147 0 0 0 0.0069499 -74.6864605 8.6017674 0.0547506 0.0617437 
560000 560 999.988 147673.763 816.05 5.9465 0 0 0 0.0066033 -76.3267068 4.2017762 0.05711 0.0606931 
570000 570 999.99 156489.632 827.485 5.9689 0 0 0 0.0066694 -78.0228466 2.6316653 0.0554701 0.0611103 
580000 580 999.992 165661.656 844.127 5.9672 0 0 0 0.0061371 -79.6756574 6.3495128 0.0542559 0.0569487 
590000 590 999.993 174508.777 852.589 5.9991 0 0 0 0.007027 -81.5697064 9.6377055 0.0570896 0.0626906 
600000 600 999.995 184325.015 876.144 5.9785 0 0 0 0.0068383 -83.209687 6.8779375 0.0554961 0.0619254 
610000 610 999.996 192531.063 864.292 5.9897 0 0 0 0.0066741 -84.3215884 10.4909653 0.0562581 0.0600515 
620000 620 999.996 199167.117 825.582 5.9747 0 0 0 0.0064898 -85.6736866 8.1100437 0.0597818 0.0584731 
630000 630 999.997 208988.878 853.154 5.9507 0 0 0 0.0062342 -86.9967154 7.007353 0.055468 0.0551002 
640000 640 999.998 215155.666 812.421 5.8751 0 0 0 0.0063201 -88.3114188 9.622449 0.0552282 0.057541 
650000 650 999.998 225118.999 846.693 5.8251 0 0 0 0.0062952 -89.8499814 9.8383862 0.0622474 0.0574935 
660000 660 999.998 235042.07 873.523 5.7937 0 0 0 0.0065298 -91.2284292 6.9485145 0.0578157 0.0605465 
670000 670 999.999 245548.072 905.712 5.7611 0 0 0 0.0063818 -92.6770629 15.3043762 0.0605949 0.0569332 
680000 680 999.999 256363.62 938.629 5.7338 0 0 0 0.0063757 -94.0568306 8.3894914 0.0587172 0.0585847 
690000 690 999.999 266760.801 957.065 5.7244 0 0 0 0.00627 -95.2160902 6.7089991 0.0587363 0.0582045 
700000 700 999.999 277796.936 984.073 5.702 0 0 0 0.0067864 -96.1402748 16.368496 0.0578726 0.0598663 
710000 710 999.999 289255.757 1013.932 5.7236 0 0 0 0.0061474 -97.6965645 6.8180374 0.05702 0.0556649 
720000 720 1000.0 300762.619 1038.94 5.7777 0 0 0 0.0061993 -98.7386691 8.4379448 0.0537563 0.0570669 
730000 730 1000.0 312426.591 1062.461 5.8291 0 0 0 0.0062521 -99.8854123 13.3112795 0.05469 0.0567877 
740000 740 1000.0 324124.533 1082.155 5.9528 0 0 0 0.0059209 -101.4446177 12.7962184 0.0539312 0.0538212 
750000 750 1000.0 336470.632 1110.102 6.1009 0 0 0 0.0060202 -103.0208837 7.6722362 0.0558899 0.0545336 
760000 760 1000.0 347949.356 1116.671 6.2184 0 0 0 0.0059115 -104.1717755 11.9655271 0.0541029 0.0536601 
770000 770 1000.0 359291.227 1119.911 6.2328 0 0 0 0.0061743 -105.5137278 12.4728155 0.0546681 0.0558921 
780000 780 1000.0 370464.15 1119.507 6.3369 0 0 0 0.0058431 -106.9030958 10.9682798 0.0544752 0.0537394 
