10000 10 182.927 -13435.514 -245.841 0.2964 0 0 0 
20000 20 332.392 -26947.343 -448.327 0.5399 0 0 0 
30000 30 454.516 -39515.883 -595.492 1.1248 0 0 0 
40000 40 554.3 -53942.64 -750.261 1.6286 0 0 0 
50000 50 635.83 -66920.359 -849.915 2.0262 0 0 0 
60000 60 702.447 -79231.959 -919.696 2.3661 0 0 0 
70000 70 756.877 -87437.509 -897.556 2.6558 0 0 0 
80000 80 801.351 -92010.691 -813.195 2.8736 0 0 0 
90000 90 837.689 -96873.748 -755.036 3.0695 0 0 0 
100000 100 867.38 -106359.7 -789.331 3.2549 0 0 0 
110000 110 891.64 -104613.182 -610.604 3.3484 0 0 0 
120000 120 911.462 -108009.52 -565.263 3.4649 0 0 0 
130000 130 927.658 -105326.917 -410.647 3.5679 0 0 0 
140000 140 940.891 -104932.621 -329.688 3.6301 0 0 0 
150000 150 951.704 -101390.149 -205.518 3.7094 0 0 0 
160000 160 960.539 -96729.373 -82.527 3.7851 0 0 0 
170000 170 967.757 -93390.552 -6.543 3.8366 0 0 0 
180000 180 973.655 -99469.78 -118.842 3.8747 0 0 0 
190000 190 978.474 -103801.686 -171.512 3.9085 0 0 0 
200000 200 982.412 -104575.237 -152.55 3.9246 0 0 0 
210000 210 985.629 -100773.053 -56.287 3.9087 0 0 0 
220000 220 988.258 -98140.377 4.577 3.9108 0 0 0 
230000 230 990.406 -99816.804 -25.664 3.9259 0 0 0 
240000 240 992.161 -98920.149 -3.939 3.971 0 0 0 
250000 250 993.595 -98946.802 -3.592 3.9472 0 0 0 
260000 260 994.767 -94465.204 79.141 3.9648 0 0 0 
270000 270 995.724 -89795.813 150.093 3.972 0 0 0 
280000 280 996.506 -85919.949 194.667 3.9705 0 0 0 
290000 290 997.145 -82114.291 228.202 3.973 0 0 0 
300000 300 997.667 -77744.595 266.41 3.9593 0 0 0 
310000 310 998.094 -74304.79 280.472 3.9888 0 0 0 
320000 320 998.443 -71511.077 279.406 3.9532 0 0 0 
330000 330 998.728 -68708.584 279.495 3.9614 0 0 0 
340000 340 998.96 -65626.99 284.282 3.9434 0 0 0 
350000 350 999.151 -62720.022 286.778 3.9164 0 0 0 
360000 360 999.306 -61896.515 249.186 3.9389 0 0 0 
370000 370 999.433 -57407.559 284.775 3.9403 0 0 0 
380000 380 999.537 -51984.0 331.553 3.915 0 0 0 
390000 390 999.621 -46343.001 374.204 3.9042 0 0 0 
400000 400 999.691 -40470.8 413.248 3.9082 0 0 0 
410000 410 999.747 -34453.494 447.716 3.94 0 0 0 
420000 420 999.793 -29361.487 458.852 3.9874 0 0 0 
430000 430 999.831 -22865.297 493.845 3.9918 0 0 0 
440000 440 999.862 -16480.666 520.301 3.9907 0 0 0 
450000 450 999.887 -10772.673 529.582 4.0156 0 0 0 
460000 460 999.908 -5465.353 529.038 4.0398 0 0 0 
470000 470 999.925 283.05 537.234 4.0177 0 0 0 
480000 480 999.939 7701.091 574.656 4.0003 0 0 0 
490000 490 999.95 14408.29 592.644 4.0016 0 0 0 
500000 500 999.959 21259.658 609.853 3.9966 0 0 0 
510000 510 999.966 28116.871 623.488 3.9793 0 0 0 
520000 520 999.973 34823.421 631.862 3.9866 0 0 0 
530000 530 999.978 42280.868 653.453 3.9687 0 0 0 
540000 540 999.982 50347.156 682.406 3.9608 0 0 0 
550000 550 999.985 56296.08 666.149 4.0061 0 0 0 
560000 560 999.988 60173.729 616.333 4.0236 0 0 0 
570000 570 999.99 64814.852 588.239 4.0237 0 0 0 
580000 580 999.992 71897.346 611.69 4.0132 0 0 0 
590000 590 999.993 76258.453 581.695 3.9917 0 0 0 
600000 600 999.995 84457.134 624.224 4.0068 0 0 0 
610000 610 999.996 88161.768 580.02 4.0046 0 0 0 
620000 620 999.996 94643.901 593.008 3.9865 0 0 0 
630000 630 999.997 100825.272 596.673 3.998 0 0 0 
640000 640 999.998 108255.31 624.195 4.0276 0 0 0 
650000 650 999.998 118437.322 697.414 3.9932 0 0 0 
660000 660 999.998 128892.973 761.089 3.9861 0 0 0 
670000 670 999.999 138921.463 806.101 3.982 0 0 0 
680000 680 999.999 148167.825 826.62 3.9841 0 0 0 
690000 690 999.999 156323.936 825.838 3.9678 0 0 0 
700000 700 999.999 165640.687 845.956 3.9758 0 0 0 
710000 710 999.999 176856.365 896.018 3.9565 0 0 0 
720000 720 1000.0 188695.926 948.931 3.9457 0 0 0 
730000 730 1000.0 200816.912 997.027 3.9568 0 0 0 
740000 740 1000.0 212067.223 1019.998 3.9477 0 0 0 
750000 750 1000.0 222570.762 1025.41 3.9608 0 0 0 
760000 760 1000.0 234788.396 1061.127 3.9506 0 0 0 
770000 770 1000.0 244358.14 1040.478 3.9565 0 0 0 
780000 780 1000.0 253580.638 1019.147 3.9984 0 0 0 
790000 790 1000.0 264936.24 1040.725 4.0023 0 0 0 
800000 800 1000.0 276222.325 1055.431 4.0225 0 0 0 
810000 810 1000.0 286267.141 1047.04 4.029 0 0 0 
820000 820 1000.0 295967.532 1031.715 4.0388 0 0 0 
830000 830 1000.0 306988.06 1045.31 4.0447 0 0 0 
840000 840 1000.0 316592.767 1029.168 4.0555 0 0 0 
850000 850 1000.0 328470.635 1058.415 4.0602 0 0 0 
860000 860 1000.0 341004.211 1094.118 4.0936 0 0 0 
870000 870 1000.0 353321.073 1119.089 4.0963 0 0 0 
880000 880 1000.0 366788.081 1160.315 4.1035 0 0 0 
890000 890 1000.0 380270.617 1194.849 4.0931 0 0 0 
900000 900 1000.0 394058.407 1230.24 4.0744 0 0 0 
910000 910 1000.0 408931.95 1277.324 4.0596 0 0 0 
920000 920 1000.0 424039.232 1320.275 4.032 0 0 0 
930000 930 1000.0 437836.93 1330.994 4.0135 0 0 0 
940000 940 1000.0 451506.684 1337.552 4.0128 0 0 0 
950000 950 1000.0 465979.752 1357.284 4.0208 0 0 0 
960000 960 1000.0 479539.195 1356.906 4.0328 0 0 0 
970000 970 1000.0 492442.772 1345.28 4.0485 0 0 0 
980000 980 1000.0 506167.32 1349.986 4.0383 0 0 0 
990000 990 1000.0 521512.794 1384.242 4.0274 0 0 0 
1000000 1000 1000.0 536847.129 1411.27 4.0508 0 0 0 
1010000 1010 1000.0 551599.428 1422.715 4.0598 0 0 0 
1020000 1020 1000.0 567423.038 1452.587 4.0749 0 0 0 
1030000 1030 1000.0 583863.198 1487.575 4.1134 0 0 0 
1040000 1040 1000.0 600268.764 1515.357 4.1153 0 0 0 
1050000 1050 1000.0 615543.352 1517.446 4.1167 0 0 0 
1060000 1060 1000.0 629630.569 1496.019 4.1382 0 0 0 
1070000 1070 1000.0 645056.476 1504.222 4.0998 0 0 0 
1080000 1080 1000.0 661108.471 1522.874 4.0861 0 0 0 
1090000 1090 1000.0 677092.862 1536.097 4.0611 0 0 0 
1100000 1100 1000.0 693041.303 1547.436 4.0824 0 0 0 
1110000 1110 1000.0 707429.126 1528.001 4.0584 0 0 0 
1120000 1120 1000.0 723234.31 1537.185 4.0385 0 0 0 
1130000 1130 1000.0 739925.13 1560.902 4.0382 0 0 0 
1140000 1140 1000.0 755790.446 1566.602 4.0214 0 0 0 
1150000 1150 1000.0 772460.309 1584.404 4.0139 0 0 0 
1160000 1160 1000.0 789103.724 1598.987 3.9974 0 0 0 
1170000 1170 1000.0 806019.936 1615.97 3.9964 0 0 0 
1180000 1180 1000.0 822605.091 1623.926 3.978 0 0 0 
1190000 1190 1000.0 838860.932 1624.228 3.9925 0 0 0 
1200000 1200 1000.0 855376.767 1629.114 4.0207 0 0 0 
1210000 1210 1000.0 871150.917 1619.872 4.0074 0 0 0 
1220000 1220 1000.0 887138.476 1615.27 4.0101 0 0 0 
1230000 1230 1000.0 903180.109 1612.312 4.0306 0 0 0 
1240000 1240 1000.0 919638.227 1618.152 4.02 0 0 0 
1250000 1250 1000.0 935797.851 1617.505 4.0346 0 0 0 
1260000 1260 1000.0 951920.226 1616.383 4.0216 0 0 0 
1270000 1270 1000.0 967964.488 1613.527 4.0231 0 0 0 
1280000 1280 1000.0 983275.018 1598.035 4.0534 0 0 0 
1290000 1290 1000.0 999394.315 1600.503 4.0348 0 0 0 
1300000 1300 1000.0 1015155.199 1596.428 4.0271 0 0 0 
1310000 1310 1000.0 1030119.362 1579.405 4.0507 0 0 0 
1320000 1320 1000.0 1045505.674 1571.278 4.0348 0 0 0 
1330000 1330 1000.0 1060143.109 1552.783 4.0332 0 0 0 
1340000 1340 1000.0 1075799.521 1554.863 4.0484 0 0 0 
1350000 1350 1000.0 1089971.439 1528.747 4.0546 0 0 0 
1360000 1360 1000.0 1104617.173 1517.839 4.0591 0 0 0 
1370000 1370 1000.0 1120087.152 1523.054 4.0648 0 0 0 
1380000 1380 1000.0 1136617.01 1547.015 4.0572 0 0 0 
1390000 1390 1000.0 1152644.169 1557.516 4.0706 0 0 0 
1400000 1400 1000.0 1169374.789 1578.241 4.0711 0 0 0 
1410000 1410 1000.0 1185299.65 1582.581 4.0667 0 0 0 
1420000 1420 1000.0 1201890.674 1597.576 4.0464 0 0 0 
1430000 1430 1000.0 1219015.554 1619.536 4.0455 0 0 0 
1440000 1440 1000.0 1237172.031 1654.805 4.0363 0 0 0 
1450000 1450 1000.0 1254611.028 1671.51 4.0416 0 0 0 
1460000 1460 1000.0 1271813.077 1680.679 4.0684 0 0 0 
1470000 1470 1000.0 1289472.45 1696.124 4.0563 0 0 0 
1480000 1480 1000.0 1305436.291 1676.878 4.0581 0 0 0 
1490000 1490 1000.0 1320601.168 1649.648 4.0603 0 0 0 
1500000 1500 1000.0 1336710.73 1639.724 4.0661 0 0 0 
1510000 1510 1000.0 1353241.549 1642.879 4.0492 0 0 0 
1520000 1520 1000.0 1370486.727 1658.209 4.0432 0 0 0 
1530000 1530 1000.0 1387910.2 1673.981 4.0263 0 0 0 
1540000 1540 1000.0 1405044.749 1681.656 4.0384 0 0 0 
1550000 1550 1000.0 1422434.637 1691.93 4.0597 0 0 0 
1560000 1560 1000.0 1439371.02 1691.708 4.0746 0 0 0 
1570000 1570 1000.0 1456510.204 1695.178 4.0795 0 0 0 
1580000 1580 1000.0 1473774.535 1701.264 4.0699 0 0 0 
1590000 1590 1000.0 1490383.113 1692.578 4.0879 0 0 0 
1600000 1600 1000.0 1508088.547 1706.412 4.0852 0 0 0 
1610000 1610 1000.0 1525570.272 1714.692 4.0765 0 0 0 
1620000 1620 1000.0 1544368.924 1745.643 4.0896 0 0 0 
1630000 1630 1000.0 1561997.91 1748.615 4.0965 0 0 0 
1640000 1640 1000.0 1579903.459 1755.81 4.0831 0 0 0 
1650000 1650 1000.0 1597748.825 1761.085 4.0635 0 0 0 
1660000 1660 1000.0 1615691.005 1766.668 4.0922 0 0 0 
1670000 1670 1000.0 1632944.097 1759.268 4.1336 0 0 0 
1680000 1680 1000.0 1650600.753 1761.201 4.1598 0 0 0 
1690000 1690 1000.0 1667972.728 1756.874 4.1364 0 0 0 
1700000 1700 1000.0 1685634.067 1758.818 4.1386 0 0 0 
1710000 1710 1000.0 1703316.825 1760.269 4.1192 0 0 0 
1720000 1720 1000.0 1720997.598 1762.19 4.0915 0 0 0 
1730000 1730 1000.0 1738814.352 1765.375 4.0808 0 0 0 
1740000 1740 1000.0 1755865.515 1755.402 4.1139 0 0 0 
1750000 1750 1000.0 1773054.562 1747.976 4.1125 0 0 0 
1760000 1760 1000.0 1791278.406 1761.523 4.1085 0 0 0 
1770000 1770 1000.0 1809490.979 1772.365 4.0969 0 0 0 
1780000 1780 1000.0 1827836.148 1783.95 4.1086 0 0 0 
1790000 1790 1000.0 1846247.147 1793.846 4.1093 0 0 0 
1800000 1800 1000.0 1865265.04 1813.667 4.1061 0 0 0 
1810000 1810 1000.0 1884345.094 1830.821 4.1013 0 0 0 
1820000 1820 1000.0 1903026.209 1837.652 4.1009 0 0 0 
1830000 1830 1000.0 1922147.583 1851.606 4.1135 0 0 0 
1840000 1840 1000.0 1941896.138 1874.236 4.1289 0 0 0 
1850000 1850 1000.0 1961311.158 1886.603 4.1214 0 0 0 
1860000 1860 1000.0 1980156.215 1886.078 4.127 0 0 0 
1870000 1870 1000.0 1999864.024 1900.907 4.1701 0 0 0 
1880000 1880 1000.0 2019299.974 1908.785 4.1616 0 0 0 
1890000 1890 1000.0 2038867.194 1917.869 4.1698 0 0 0 
1900000 1900 1000.0 2058321.591 1922.31 4.185 0 0 0 
1910000 1910 1000.0 2077922.883 1929.46 4.1723 0 0 0 
1920000 1920 1000.0 2098118.762 1945.621 4.1555 0 0 0 
1930000 1930 1000.0 2117565.122 1945.652 4.1495 0 0 0 
1940000 1940 1000.0 2137373.521 1952.106 4.1713 0 0 0 
1950000 1950 1000.0 2157513.356 1963.472 4.1832 0 0 0 
1960000 1960 1000.0 2177683.551 1972.727 4.1913 0 0 0 
1970000 1970 1000.0 2196896.381 1963.294 4.1884 0 0 0 
1980000 1980 1000.0 2216582.299 1963.815 4.1692 0 0 0 
1990000 1990 1000.0 2235682.942 1953.709 4.1633 0 0 0 
2000000 2000 1000.0 2253939.056 1930.084 4.1541 0 0 0 
2010000 2010 1000.0 2272516.966 1916.383 4.1621 0 0 0 
2020000 2020 1000.0 2291362.67 1910.659 4.1469 0 0 0 
2030000 2030 1000.0 2310369.372 1908.714 4.1463 0 0 0 
2040000 2040 1000.0 2329513.062 1909.456 4.1386 0 0 0 
2050000 2050 1000.0 2348472.69 1907.327 4.1203 0 0 0 
2060000 2060 1000.0 2367267.111 1901.868 4.1058 0 0 0 
2070000 2070 1000.0 2386484.448 1905.262 4.1251 0 0 0 
2080000 2080 1000.0 2406328.519 1919.388 4.1116 0 0 0 
2090000 2090 1000.0 2426816.367 1943.109 4.113 0 0 0 
2100000 2100 1000.0 2446793.901 1952.625 4.1062 0 0 0 
2110000 2110 1000.0 2466424.791 1954.53 4.1058 0 0 0 
2120000 2120 1000.0 2487112.515 1975.635 4.1457 0 0 0 
2130000 2130 1000.0 2506331.543 1966.248 4.1469 0 0 0 
2140000 2140 1000.0 2526013.004 1967.152 4.1253 0 0 0 
2150000 2150 1000.0 2545659.247 1966.889 4.1259 0 0 0 
2160000 2160 1000.0 2564979.77 1960.041 4.1504 0 0 0 
2170000 2170 1000.0 2583936.047 1947.867 4.1457 0 0 0 
2180000 2180 1000.0 2603487.688 1949.079 4.1293 0 0 0 
2190000 2190 1000.0 2623264.158 1954.439 4.1175 0 0 0 
2200000 2200 1000.0 2642555.184 1949.353 4.1234 0 0 0 
2210000 2210 1000.0 2662091.748 1950.4 4.126 0 0 0 
2220000 2220 1000.0 2680720.613 1934.282 4.127 0 0 0 
2230000 2230 1000.0 2699725.547 1927.464 4.118 0 0 0 
2240000 2240 1000.0 2718288.211 1913.911 4.1268 0 0 0 
2250000 2250 1000.0 2736867.909 1904.643 4.1457 0 0 0 
2260000 2260 1000.0 2756336.634 1912.072 4.169 0 0 0 
2270000 2270 1000.0 2776124.021 1924.359 4.1725 0 0 0 
2280000 2280 1000.0 2795725.865 1931.16 4.1754 0 0 0 
2290000 2290 1000.0 2815591.729 1940.193 4.1826 0 0 0 
2300000 2300 1000.0 2835964.23 1958.072 4.1902 0 0 0 
2310000 2310 1000.0 2855862.296 1963.564 4.1776 0 0 0 
2320000 2320 1000.0 2875773.534 1968.946 4.1667 0 0 0 
2330000 2330 1000.0 2895930.219 1977.677 4.1802 0 0 0 
2340000 2340 1000.0 2915332.783 1970.676 4.1673 0 0 0 
2350000 2350 1000.0 2934799.321 1965.709 4.1614 0 0 0 
2360000 2360 1000.0 2955259.258 1980.063 4.1939 0 0 0 
2370000 2370 1000.0 2974942.579 1977.437 4.2223 0 0 0 
2380000 2380 1000.0 2994334.043 1970.005 4.214 0 0 0 
2390000 2390 1000.0 3014083.58 1971.078 4.1946 0 0 0 
2400000 2400 1000.0 3033924.926 1973.552 4.1786 0 0 0 
2410000 2410 1000.0 3054076.021 1981.248 4.1668 0 0 0 
2420000 2420 1000.0 3074273.544 1987.802 4.1676 0 0 0 
2430000 2430 1000.0 3094584.612 1996.159 4.1746 0 0 0 
2440000 2440 1000.0 3115521.058 2014.122 4.164 0 0 0 
2450000 2450 1000.0 3135285.733 2007.449 4.1661 0 0 0 
2460000 2460 1000.0 3155580.755 2011.626 4.1623 0 0 0 
2470000 2470 1000.0 3175812.344 2013.7 4.1577 0 0 0 
2480000 2480 1000.0 3195401.743 2003.594 4.1792 0 0 0 
2490000 2490 1000.0 3214576.9 1988.291 4.1825 0 0 0 
2500000 2500 1000.0 3234297.089 1985.362 4.1631 0 0 0 
2510000 2510 1000.0 3253452.482 1972.725 4.1827 0 0 0 
2520000 2520 1000.0 3272149.092 1954.657 4.1877 0 0 0 
2530000 2530 1000.0 3291349.145 1948.228 4.1847 0 0 0 
2540000 2540 1000.0 3310947.428 1950.239 4.1937 0 0 0 
2550000 2550 1000.0 3329641.587 1935.204 4.1955 0 0 0 
2560000 2560 1000.0 3348651.248 1928.952 4.2002 0 0 0 
2570000 2570 1000.0 3367718.886 1925.029 4.182 0 0 0 
2580000 2580 1000.0 3386151.027 1909.653 4.1727 0 0 0 
2590000 2590 1000.0 3405036.642 1906.013 4.1713 0 0 0 
2600000 2600 1000.0 3424322.033 1910.257 4.1588 0 0 0 
2610000 2610 1000.0 3443391.602 1909.605 4.1601 0 0 0 
2620000 2620 1000.0 3462048.912 1901.899 4.1587 0 0 0 
2630000 2630 1000.0 3481106.972 1902.87 4.1638 0 0 0 
2640000 2640 1000.0 3499468.442 1890.518 4.2061 0 0 0 
2650000 2650 1000.0 3518334.111 1889.461 4.2327 0 0 0 
2660000 2660 1000.0 3537686.343 1898.248 4.2187 0 0 0 
2670000 2670 1000.0 3557004.689 1904.744 4.201 0 0 0 
2680000 2680 1000.0 3577770.453 1936.191 4.1857 0 0 0 
2690000 2690 1000.0 3594559.513 1889.243 4.1882 0 0 0 
2700000 2700 1000.0 3614548.556 1909.504 4.1685 0 0 0 
2710000 2710 1000.0 3635231.474 1937.921 4.1498 0 0 0 
2720000 2720 1000.0 3655065.946 1945.88 4.1486 0 0 0 
2730000 2730 1000.0 3674933.814 1953.248 4.1408 0 0 0 
2740000 2740 1000.0 3692733.077 1923.554 4.3373 0 0 0 
2750000 2750 1000.0 3712212.204 1928.002 4.4265 0 0 0 
2760000 2760 1000.0 3731236.503 1923.215 4.4341 0 0 0 
2770000 2770 1000.0 3751210.02 1936.395 4.4395 0 0 0 
2780000 2780 1000.0 3769432.815 1915.319 4.3956 0 0 0 
2790000 2790 1000.0 3787737.405 1900.186 4.3523 0 0 0 
2800000 2800 1000.0 3806933.918 1903.491 4.3204 0 0 0 
2810000 2810 1000.0 3825942.609 1903.258 4.2848 0 0 0 
2820000 2820 1000.0 3845083.751 1905.476 4.2491 0 0 0 
2830000 2830 1000.0 3863905.999 1901.505 4.23 0 0 0 
2840000 2840 1000.0 3881507.369 1875.978 4.2016 0 0 0 
2850000 2850 1000.0 3899756.706 1866.64 4.1934 0 0 0 
2860000 2860 1000.0 3918371.644 1865.303 4.1807 0 0 0 
2870000 2870 1000.0 3937577.551 1875.621 4.1598 0 0 0 
2880000 2880 1000.0 3956745.189 1882.908 4.1487 0 0 0 
2890000 2890 1000.0 3975501.966 1882.044 4.1483 0 0 0 
2900000 2900 1000.0 3996029.199 1913.685 4.1328 0 0 0 
2910000 2910 1000.0 4015910.143 1927.536 4.1179 0 0 0 
2920000 2920 1000.0 4035875.308 1939.741 4.1267 0 0 0 
2930000 2930 1000.0 4056140.097 1955.564 4.1398 0 0 0 
2940000 2940 1000.0 4076584.154 1971.557 4.14 0 0 0 
2950000 2950 1000.0 4096519.81 1975.257 4.1531 0 0 0 
2960000 2960 1000.0 4116050.21 1971.518 4.1688 0 0 0 
2970000 2970 1000.0 4135699.661 1970.197 4.1843 0 0 0 
2980000 2980 1000.0 4155878.274 1979.368 4.1716 0 0 0 
2990000 2990 1000.0 4176254.062 1990.334 4.1683 0 0 0 
3000000 3000 1000.0 4196683.406 1999.805 4.1842 0 0 0 
3010000 3010 1000.0 4217127.529 2007.705 4.1708 0 0 0 
3020000 3020 1000.0 4237311.424 2010.392 4.1882 0 0 0 
3030000 3030 1000.0 4257452.994 2011.039 4.1884 0 0 0 
3040000 3040 1000.0 4277370.285 2007.249 4.1758 0 0 0 
3050000 3050 1000.0 4296432.085 1989.221 4.1747 0 0 0 
3060000 3060 1000.0 4315397.196 1972.433 4.175 0 0 0 
3070000 3070 1000.0 4334832.172 1967.431 4.1689 0 0 0 
3080000 3080 1000.0 4354309.519 1963.402 4.1765 0 0 0 
3090000 3090 1000.0 4373836.278 1961.878 4.1728 0 0 0 
3100000 3100 1000.0 4394017.954 1972.081 4.167 0 0 0 
3110000 3110 1000.0 4414358.231 1983.587 4.1869 0 0 0 
3120000 3120 1000.0 4435120.618 2000.522 4.1826 0 0 0 
3130000 3130 1000.0 4456234.29 2020.681 4.1929 0 0 0 
3140000 3140 1000.0 4476215.985 2016.578 4.1934 0 0 0 
3150000 3150 1000.0 4497500.423 2036.984 4.2128 0 0 0 
3160000 3160 1000.0 4518027.358 2040.427 4.2177 0 0 0 
3170000 3170 1000.0 4538630.448 2043.969 4.2048 0 0 0 
3180000 3180 1000.0 4559493.737 2052.587 4.2478 0 0 0 
3190000 3190 1000.0 4580686.913 2064.695 4.2499 0 0 0 
3200000 3200 1000.0 4601006.34 2058.713 4.2642 0 0 0 
3210000 3210 1000.0 4620742.251 2043.053 4.2536 0 0 0 
3220000 3220 1000.0 4641324.165 2045.793 4.259 0 0 0 
3230000 3230 1000.0 4661619.572 2043.002 4.2655 0 0 0 
3240000 3240 1000.0 4682404.764 2048.822 4.2679 0 0 0 
3250000 3250 1000.0 4703269.62 2055.708 4.2527 0 0 0 
3260000 3260 1000.0 4724701.271 2071.842 4.2513 0 0 0 
3270000 3270 1000.0 4745422.182 2072.275 4.2495 0 0 0 
3280000 3280 1000.0 4765989.622 2069.271 4.262 0 0 0 
3290000 3290 1000.0 4786814.925 2071.827 4.277 0 0 0 
3300000 3300 1000.0 4807956.441 2079.718 4.2699 0 0 0 
3310000 3310 1000.0 4828987.693 2083.942 4.2796 0 0 0 
3320000 3320 1000.0 4850889.393 2103.81 4.2715 0 0 0 
3330000 3330 1000.0 4872833.018 2120.523 4.2683 0 0 0 
3340000 3340 1000.0 4894941.564 2136.726 4.2581 0 0 0 
3350000 3350 1000.0 4916517.32 2139.984 4.2642 0 0 0 
3360000 3360 1000.0 4937615.207 2133.644 4.259 0 0 0 
3370000 3370 1000.0 4957337.034 2104.786 4.2478 0 0 0 
3380000 3380 1000.0 4977467.964 2087.067 4.2597 0 0 0 
3390000 3390 1000.0 4996133.063 2047.137 4.2452 0 0 0 
3400000 3400 1000.0 5015810.866 2032.889 4.2471 0 0 0 
3410000 3410 1000.0 5034820.868 2008.817 4.2483 0 0 0 
3420000 3420 1000.0 5053548.415 1983.824 4.252 0 0 0 
3430000 3430 1000.0 5073714.31 1989.67 4.2443 0 0 0 
3440000 3440 1000.0 5094226.563 2001.408 4.2312 0 0 0 
3450000 3450 1000.0 5114186.548 2000.634 4.2381 0 0 0 
3460000 3460 1000.0 5134746.843 2010.806 4.2507 0 0 0 
3470000 3470 1000.0 5154717.995 2008.967 4.2611 0 0 0 
3480000 3480 1000.0 5175936.449 2029.7 4.2489 0 0 0 
3490000 3490 1000.0 5197784.749 2058.51 4.2803 0 0 0 
3500000 3500 1000.0 5218163.841 2054.589 4.2761 0 0 0 
3510000 3510 1000.0 5239050.313 2060.674 4.2764 0 0 0 
3520000 3520 1000.0 5260526.28 2076.34 4.2793 0 0 0 
3530000 3530 1000.0 5278006.223 2021.138 4.2926 0 0 0 
3540000 3540 1000.0 5298769.891 2031.053 4.2995 0 0 0 
3550000 3550 1000.0 5319691.336 2042.513 4.2837 0 0 0 
3560000 3560 1000.0 5341427.08 2066.895 4.2871 0 0 0 
3570000 3570 1000.0 5362085.776 2067.223 4.288 0 0 0 
3580000 3580 1000.0 5383734.686 2085.942 4.2891 0 0 0 
3590000 3590 1000.0 5405499.227 2101.743 4.2915 0 0 0 
3600000 3600 1000.0 5426612.322 2104.471 4.2782 0 0 0 
3610000 3610 1000.0 5448545.586 2120.233 4.2801 0 0 0 
3620000 3620 1000.0 5469888.186 2122.589 4.2646 0 0 0 
3630000 3630 1000.0 5492520.149 2148.414 4.2596 0 0 0 
3640000 3640 1000.0 5515222.834 2171.12 4.271 0 0 0 
3650000 3650 1000.0 5537412.207 2179.468 4.2875 0 0 0 
3660000 3660 1000.0 5560310.449 2200.049 4.2749 0 0 0 
3670000 3670 1000.0 5582991.375 2212.232 4.2716 0 0 0 
3680000 3680 1000.0 5605352.551 2216.876 4.2811 0 0 0 
3690000 3690 1000.0 5627514.405 2216.211 4.294 0 0 0 
3700000 3700 1000.0 5650083.494 2223.723 4.3135 0 0 0 
3710000 3710 1000.0 5673582.375 2246.931 4.3223 0 0 0 
3720000 3720 1000.0 5696716.285 2258.791 4.3311 0 0 0 
3730000 3730 1000.0 5719187.389 2256.56 4.3286 0 0 0 
3740000 3740 1000.0 5741869.66 2259.098 4.3145 0 0 0 
3750000 3750 1000.0 5764171.018 2253.887 4.2989 0 0 0 
3760000 3760 1000.0 5787406.57 2266.619 4.3139 0 0 0 
3770000 3770 1000.0 5809632.001 2258.252 4.2936 0 0 0 
3780000 3780 1000.0 5832111.206 2256.36 4.3042 0 0 0 
3790000 3790 1000.0 5855219.801 2266.062 4.3017 0 0 0 
3800000 3800 1000.0 5877706.513 2262.699 4.2997 0 0 0 
3810000 3810 1000.0 5899101.541 2239.51 4.2895 0 0 0 
3820000 3820 1000.0 5920022.997 2212.421 4.2942 0 0 0 
3830000 3830 1000.0 5942397.272 2216.665 4.2922 0 0 0 
3840000 3840 1000.0 5964524.495 2216.27 4.2925 0 0 0 
3850000 3850 1000.0 5987258.194 2226.649 4.3123 0 0 0 
3860000 3860 1000.0 6009875.665 2233.016 4.3039 0 0 0 
3870000 3870 1000.0 6032019.617 2229.96 4.3068 0 0 0 
3880000 3880 1000.0 6055144.933 2244.892 4.3436 0 0 0 
3890000 3890 1000.0 6078421.546 2260.071 4.3505 0 0 0 
3900000 3900 1000.0 6101403.507 2266.744 4.3458 0 0 0 
3910000 3910 1000.0 6123860.82 2262.629 4.3328 0 0 0 
3920000 3920 1000.0 6146453.62 2262.243 4.3186 0 0 0 
3930000 3930 1000.0 6169777.969 2275.047 4.3232 0 0 0 
3940000 3940 1000.0 6192789.65 2279.698 4.3087 0 0 0 
3950000 3950 1000.0 6215435.489 2276.877 4.3073 0 0 0 
3960000 3960 1000.0 6237877.614 2270.426 4.3077 0 0 0 
3970000 3970 1000.0 6259652.115 2252.716 4.3005 0 0 0 
3980000 3980 1000.0 6281071.491 2232.512 4.3129 0 0 0 
3990000 3990 1000.0 6302043.195 2208.028 4.2918 0 0 0 
4000000 4000 1000.0 6323632.263 2199.652 4.2831 0 0 0 
