10000 10 182.927 5562.189 101.676 0.3205 0 0 0 
20000 20 332.392 10949.216 181.575 0.5788 0 0 0 
30000 54 291.961 14121.568 131.194 0.7906 0 0 0 
40000 108 244.593 18244.028 105.801 0.8401 0 0 0 
50000 350 25.558 22020.132 7.814 0.0978 0 0 0 
60000 649 63.884 25605.531 28.263 0.2587 0 0 0 
70000 659 235.125 31654.065 133.547 0.9402 0 0 0 
80000 669 375.041 37771.966 223.915 1.4847 0 0 0 
90000 679 489.363 42613.18 272.264 1.9486 0 0 0 
100000 689 582.773 48826.165 332.431 2.311 0 0 0 
110000 699 659.095 54313.59 374.107 2.6121 0 0 0 
120000 712 689.104 59888.041 389.338 2.7168 0 0 0 
130000 722 745.975 65388.485 416.345 2.9644 0 0 0 
140000 732 792.443 72109.556 462.571 3.1626 0 0 0 
150000 742 830.411 78204.655 493.975 3.296 0 0 0 
160000 752 861.433 84773.199 520.686 3.3993 0 0 0 
170000 762 886.781 91653.509 549.621 3.495 0 0 0 
180000 772 907.492 97365.277 556.063 3.5825 0 0 0 
190000 782 924.414 103832.284 571.486 3.634 0 0 0 
200000 792 938.241 110554.982 589.0 3.7069 0 0 0 
210000 802 949.538 117223.942 605.847 3.769 0 0 0 
220000 812 958.769 124035.554 617.585 3.795 0 0 0 
230000 823 952.9 130487.804 613.913 3.7793 0 0 0 
240000 833 961.516 137233.169 626.247 3.8203 0 0 0 
250000 843 968.556 144094.311 635.47 3.8364 0 0 0 
260000 853 974.308 150554.511 637.614 3.8628 0 0 0 
270000 863 979.008 156525.418 628.723 3.8736 0 0 0 
280000 873 982.848 162835.852 632.202 3.9116 0 0 0 
290000 883 985.985 168664.392 622.868 3.9621 0 0 0 
300000 893 988.549 174919.942 621.496 3.9693 0 0 0 
310000 903 990.644 181338.051 625.745 3.9667 0 0 0 
320000 913 992.355 187612.006 625.355 3.9828 0 0 0 
330000 923 993.754 195023.896 646.683 3.9902 0 0 0 
340000 933 994.896 202372.187 663.244 3.9779 0 0 0 
350000 943 995.83 209052.208 665.445 3.9949 0 0 0 
360000 953 996.593 215167.711 655.53 3.9853 0 0 0 
370000 963 997.216 221238.581 646.275 3.9924 0 0 0 
380000 973 997.725 227168.149 636.382 4.012 0 0 0 
390000 983 998.141 234005.819 647.518 4.0018 0 0 0 
400000 993 998.481 240701.489 649.834 3.9882 0 0 0 
410000 1003 998.759 247143.609 647.485 4.0203 0 0 0 
420000 1013 998.986 253834.16 651.147 4.0111 0 0 0 
430000 1023 999.172 259766.241 639.368 4.0554 0 0 0 
440000 1033 999.323 265117.247 623.455 4.0539 0 0 0 
450000 1043 999.447 271287.375 622.149 4.0538 0 0 0 
460000 1053 999.548 277390.518 617.926 4.0524 0 0 0 
470000 1063 999.631 283448.031 617.083 4.0368 0 0 0 
480000 1073 999.698 290532.059 631.763 4.0249 0 0 0 
490000 1083 999.754 296879.304 633.611 4.006 0 0 0 
500000 1093 999.799 303205.556 633.849 4.027 0 0 0 
510000 1103 999.835 310051.787 641.069 4.0406 0 0 0 
520000 1113 999.866 315794.171 629.342 4.0409 0 0 0 
530000 1123 999.89 321283.949 616.214 4.0474 0 0 0 
540000 1133 999.91 327213.015 611.265 4.0488 0 0 0 
550000 1143 999.927 333572.566 612.875 4.0395 0 0 0 
560000 1153 999.94 340123.683 622.495 4.0358 0 0 0 
570000 1163 999.951 348067.794 651.615 4.0213 0 0 0 
580000 1174 991.687 353927.605 636.411 3.9824 0 0 0 
590000 1184 993.208 359846.165 628.465 3.9881 0 0 0 
600000 1194 994.45 365986.162 624.995 4.0198 0 0 0 
610000 1204 995.465 371620.265 612.945 4.0268 0 0 0 
620000 1214 996.295 376777.566 596.025 4.0366 0 0 0 
630000 1224 996.973 382735.869 595.781 4.0563 0 0 0 
640000 1234 997.526 389257.548 606.443 4.0373 0 0 0 
650000 1244 997.979 395738.644 613.575 4.0213 0 0 0 
660000 1254 998.349 402372.766 622.793 4.029 0 0 0 
670000 1264 998.651 409087.147 631.371 4.0157 0 0 0 
680000 1274 998.898 416269.52 646.895 4.0406 0 0 0 
690000 1284 999.099 422621.613 644.611 4.0325 0 0 0 
700000 1294 999.264 429606.069 654.125 4.0349 0 0 0 
710000 1304 999.399 437593.903 681.82 4.0142 0 0 0 
720000 1314 999.509 446253.746 714.886 4.006 0 0 0 
730000 1324 999.599 454105.154 728.344 4.0105 0 0 0 
740000 1334 999.672 461056.576 721.655 4.0121 0 0 0 
750000 1344 999.732 468396.275 725.101 4.0199 0 0 0 
760000 1354 999.781 475524.791 723.745 4.008 0 0 0 
770000 1364 999.821 482485.879 717.779 4.0054 0 0 0 
780000 1374 999.854 489773.273 718.741 4.0075 0 0 0 
790000 1384 991.598 497128.179 713.393 3.9743 0 0 0 
800000 1394 993.135 502590.868 681.572 4.0022 0 0 0 
810000 1404 994.391 509010.813 676.928 4.0036 0 0 0 
820000 1414 995.417 516206.187 685.026 3.9978 0 0 0 
830000 1424 996.255 522935.176 683.701 3.9946 0 0 0 
840000 1434 996.94 532390.108 731.41 4.0137 0 0 0 
850000 1444 997.5 539580.885 732.875 4.0267 0 0 0 
860000 1454 997.957 547519.641 739.714 4.0404 0 0 0 
870000 1464 998.331 555233.907 741.856 4.0514 0 0 0 
880000 1474 998.636 563998.958 769.18 4.0477 0 0 0 
890000 1484 998.886 571563.439 766.745 4.0463 0 0 0 
900000 1494 999.09 577939.737 745.912 4.0283 0 0 0 
910000 1505 975.358 584521.965 713.861 3.9237 0 0 0 
920000 1515 979.865 592780.085 728.019 3.9387 0 0 0 
930000 1525 983.548 600764.355 746.163 3.9503 0 0 0 
940000 1535 986.558 609528.079 767.919 3.9502 0 0 0 
950000 1545 989.017 617414.891 766.971 3.957 0 0 0 
960000 1555 991.026 625284.92 771.994 3.9612 0 0 0 
970000 1565 992.668 634146.27 798.422 3.9569 0 0 0 
980000 1575 994.009 643069.452 813.437 3.9679 0 0 0 
990000 1585 995.105 652483.445 831.749 3.9757 0 0 0 
1000000 1595 996.0 662768.668 872.425 3.9661 0 0 0 
1010000 1605 996.732 672050.486 880.8 3.9714 0 0 0 
1020000 1615 997.33 682503.113 906.508 3.9755 0 0 0 
1030000 1625 997.818 693273.02 937.105 3.9806 0 0 0 
1040000 1635 998.217 704494.256 973.92 4.0064 0 0 0 
1050000 1646 983.152 716261.41 993.669 3.9507 0 0 0 
1060000 1656 986.234 726883.347 1002.513 3.9567 0 0 0 
1070000 1667 975.677 735759.411 970.779 3.9015 0 0 0 
1080000 1678 963.944 745873.923 963.968 3.8569 0 0 0 
1090000 1689 937.973 757148.544 961.602 3.7496 0 0 0 
1100000 1703 887.343 769589.397 944.32 3.5655 0 0 0 
1110000 1714 895.26 780361.654 955.907 3.6088 0 0 0 
1120000 1724 914.42 790433.197 966.396 3.6797 0 0 0 
1130000 1734 916.666 802282.888 988.066 3.69 0 0 0 
1140000 1744 931.91 816123.424 1060.704 3.7847 0 0 0 
1150000 1754 944.366 829098.149 1100.277 3.8347 0 0 0 
1160000 1764 954.543 843256.797 1175.646 3.862 0 0 0 
1170000 1774 962.858 856672.953 1188.638 3.9148 0 0 0 
1180000 1784 969.652 867149.396 1172.244 3.9362 0 0 0 
1190000 1794 975.204 878025.713 1147.889 3.9506 0 0 0 
1200000 1804 979.74 890288.629 1159.058 3.9503 0 0 0 
1210000 1814 983.446 905948.009 1232.957 3.9483 0 0 0 
1220000 1824 986.474 920274.417 1270.045 3.9466 0 0 0 
1230000 1834 988.948 932344.419 1253.371 3.9545 0 0 0 
1240000 1844 990.97 946021.358 1277.932 3.9573 0 0 0 
1250000 1854 992.622 960437.673 1311.729 3.9661 0 0 0 
1260000 1865 976.076 973685.57 1289.66 3.8992 0 0 0 
1270000 1875 980.452 985829.984 1274.487 3.9342 0 0 0 
1280000 1885 984.028 998399.64 1271.406 3.9419 0 0 0 
1290000 1895 986.95 1012946.993 1311.117 3.9403 0 0 0 
1300000 1905 989.337 1024429.883 1271.269 3.9507 0 0 0 
1310000 1915 991.288 1037538.764 1280.218 3.9534 0 0 0 
1320000 1925 992.881 1051175.169 1293.982 3.9681 0 0 0 
1330000 1935 994.183 1067227.505 1354.448 3.9734 0 0 0 
1340000 1945 995.247 1084955.859 1427.555 3.9792 0 0 0 
1350000 1955 996.117 1103398.482 1503.444 4.0008 0 0 0 
1360000 1965 996.827 1119540.155 1536.812 4.0043 0 0 0 
1370000 1975 997.408 1135676.724 1541.152 3.9879 0 0 0 
1380000 1985 997.882 1152340.033 1568.477 3.9939 0 0 0 
1390000 1995 998.269 1170303.784 1605.106 3.9784 0 0 0 
1400000 2005 998.586 1189098.914 1652.288 3.9981 0 0 0 
1410000 2015 998.845 1208259.399 1706.058 3.9912 0 0 0 
1420000 2025 999.056 1225043.373 1700.962 3.9769 0 0 0 
1430000 2035 999.229 1237826.272 1621.551 3.9757 0 0 0 
1440000 2045 999.37 1253444.2 1610.373 3.9862 0 0 0 
1450000 2055 999.485 1268925.235 1598.919 4.0246 0 0 0 
1460000 2065 999.579 1285507.23 1607.705 4.0157 0 0 0 
1470000 2075 999.656 1303298.563 1644.168 4.0105 0 0 0 
1480000 2085 999.719 1322405.432 1689.591 4.0045 0 0 0 
1490000 2095 999.77 1340090.739 1699.566 4.0163 0 0 0 
1500000 2105 999.812 1358784.495 1734.214 4.0052 0 0 0 
1510000 2115 999.847 1377236.782 1776.617 4.0158 0 0 0 
1520000 2125 999.875 1394861.501 1744.242 4.003 0 0 0 
1530000 2135 999.898 1414793.75 1794.366 3.9932 0 0 0 
1540000 2145 999.916 1433367.201 1809.083 4.0067 0 0 0 
1550000 2155 999.932 1449054.758 1761.271 4.0274 0 0 0 
1560000 2165 999.944 1466524.755 1761.289 4.0336 0 0 0 
1570000 2175 999.954 1486244.575 1798.669 4.0497 0 0 0 
1580000 2185 999.963 1502889.22 1781.556 4.0407 0 0 0 
1590000 2195 999.97 1518486.763 1743.353 4.0286 0 0 0 
1600000 2205 999.975 1535416.585 1747.987 4.016 0 0 0 
1610000 2215 999.98 1554465.173 1759.064 4.0049 0 0 0 
1620000 2225 999.983 1571195.514 1749.981 3.9994 0 0 0 
1630000 2235 999.986 1589435.453 1756.492 3.9952 0 0 0 
1640000 2245 999.989 1607759.736 1766.246 3.9943 0 0 0 
1650000 2255 999.991 1625497.283 1780.02 3.9885 0 0 0 
1660000 2265 999.993 1644654.147 1794.743 3.9804 0 0 0 
1670000 2275 999.994 1664922.778 1835.729 3.9708 0 0 0 
1680000 2286 995.012 1684840.975 1859.361 3.9478 0 0 0 
1690000 2296 995.925 1704852.081 1885.261 3.9459 0 0 0 
1700000 2306 996.67 1726316.18 1932.047 3.9539 0 0 0 
1710000 2316 997.279 1747213.384 1961.675 3.9518 0 0 0 
1720000 2326 997.777 1765779.647 1941.051 3.9585 0 0 0 
1730000 2336 998.184 1780949.064 1862.595 3.9723 0 0 0 
1740000 2346 998.516 1797757.786 1830.834 3.987 0 0 0 
1750000 2356 998.787 1817221.212 1852.023 3.9972 0 0 0 
1760000 2366 999.009 1832013.729 1782.915 4.0258 0 0 0 
1770000 2376 999.19 1846059.34 1712.605 4.0457 0 0 0 
1780000 2386 999.339 1859200.831 1640.104 4.0591 0 0 0 
1790000 2396 999.46 1874578.257 1625.927 4.0634 0 0 0 
1800000 2406 984.702 1886218.528 1527.919 4.0029 0 0 0 
1810000 2416 987.5 1897311.322 1447.098 4.0088 0 0 0 
1820000 2426 989.787 1908908.579 1383.721 4.0102 0 0 0 
1830000 2436 991.655 1926651.925 1451.015 4.0189 0 0 0 
1840000 2446 993.181 1944115.322 1531.766 4.0225 0 0 0 
1850000 2456 994.429 1957595.088 1476.402 4.0443 0 0 0 
1860000 2466 995.448 1973719.27 1501.115 4.0412 0 0 0 
1870000 2476 996.281 1988390.044 1492.451 4.0268 0 0 0 
1880000 2486 996.961 2005034.508 1534.982 4.0153 0 0 0 
1890000 2496 997.517 2019487.246 1516.08 4.0241 0 0 0 
1900000 2506 997.971 2033944.728 1506.865 4.0532 0 0 0 
1910000 2516 998.342 2052242.649 1552.352 4.0606 0 0 0 
1920000 2526 998.646 2069377.784 1588.116 4.0857 0 0 0 
1930000 2536 998.893 2085227.224 1576.813 4.0698 0 0 0 
1940000 2546 999.096 2104388.528 1639.708 4.0516 0 0 0 
1950000 2556 999.261 2120579.409 1633.054 4.0424 0 0 0 
1960000 2566 999.396 2140430.506 1694.316 4.0381 0 0 0 
1970000 2576 999.507 2161042.611 1773.913 4.0225 0 0 0 
1980000 2586 999.597 2179641.914 1782.63 4.0191 0 0 0 
1990000 2596 999.671 2199593.757 1820.051 4.0074 0 0 0 
2000000 2606 999.731 2218575.788 1837.487 4.0109 0 0 0 
2010000 2616 999.78 2237074.037 1835.865 4.0416 0 0 0 
2020000 2626 999.82 2256855.933 1860.789 4.0436 0 0 0 
2030000 2636 999.853 2274796.955 1851.805 4.0363 0 0 0 
2040000 2646 999.88 2292187.01 1831.393 4.0262 0 0 0 
2050000 2658 980.301 2306217.602 1719.856 3.9611 0 0 0 
2060000 2668 983.905 2321003.356 1674.419 3.9673 0 0 0 
2070000 2678 986.849 2336935.402 1657.549 4.0089 0 0 0 
2080000 2688 989.255 2351517.873 1620.342 4.0331 0 0 0 
2090000 2698 991.22 2364466.695 1558.162 4.0473 0 0 0 
2100000 2708 976.499 2379632.175 1517.48 3.983 0 0 0 
2110000 2718 980.798 2393222.913 1487.467 3.9871 0 0 0 
2120000 2728 984.311 2409358.421 1512.615 3.9877 0 0 0 
2130000 2738 987.181 2425087.953 1518.952 3.9911 0 0 0 
2140000 2748 989.526 2441519.757 1540.07 3.9915 0 0 0 
2150000 2758 991.442 2461130.617 1620.484 4.0021 0 0 0 
2160000 2768 993.007 2479477.64 1651.9 3.9978 0 0 0 
2170000 2778 994.286 2500619.496 1737.532 4.0021 0 0 0 
2180000 2788 995.332 2521780.883 1802.31 4.0147 0 0 0 
2190000 2798 996.186 2538279.704 1800.234 4.0185 0 0 0 
2200000 2808 996.883 2559683.273 1839.48 4.0315 0 0 0 
2210000 2818 997.453 2577905.716 1835.304 4.0296 0 0 0 
2220000 2828 997.919 2598101.88 1868.054 4.0378 0 0 0 
2230000 2838 998.3 2614764.736 1842.976 4.0565 0 0 0 
2240000 2848 998.611 2635339.782 1876.924 4.0487 0 0 0 
2250000 2858 998.865 2656815.225 1924.603 4.0405 0 0 0 
2260000 2868 999.073 2677311.78 1951.342 4.0599 0 0 0 
2270000 2878 999.242 2699028.97 1986.914 4.051 0 0 0 
2280000 2888 999.381 2717627.524 1980.329 4.038 0 0 0 
2290000 2898 999.494 2732360.177 1870.439 4.0659 0 0 0 
2300000 2908 999.587 2753222.32 1912.574 4.0628 0 0 0 
2310000 2918 999.662 2773322.367 1926.19 4.0518 0 0 0 
2320000 2928 999.724 2789135.658 1876.377 4.0604 0 0 0 
2330000 2938 999.775 2806553.442 1862.061 4.0526 0 0 0 
2340000 2948 999.816 2825991.932 1852.609 4.0644 0 0 0 
2350000 2958 999.849 2846065.463 1875.817 4.068 0 0 0 
2360000 2968 999.877 2866978.7 1921.123 4.0735 0 0 0 
2370000 2978 999.9 2889864.183 1984.563 4.0738 0 0 0 
2380000 2988 999.918 2910968.197 2007.886 4.0622 0 0 0 
2390000 2998 999.933 2933855.655 2059.361 4.0632 0 0 0 
2400000 3008 999.945 2955694.315 2083.914 4.0505 0 0 0 
2410000 3018 999.955 2977505.039 2105.541 4.0525 0 0 0 
2420000 3028 999.963 2999267.188 2111.691 4.0775 0 0 0 
2430000 3038 999.97 3019082.645 2096.882 4.0654 0 0 0 
2440000 3048 999.976 3040634.631 2099.641 4.0634 0 0 0 
2450000 3058 999.98 3063909.491 2143.059 4.061 0 0 0 
2460000 3068 999.984 3086115.332 2161.955 4.062 0 0 0 
2470000 3078 999.987 3109351.562 2186.721 4.0526 0 0 0 
2480000 3088 999.989 3130820.874 2182.573 4.0584 0 0 0 
2490000 3098 999.991 3152937.35 2182.735 4.053 0 0 0 
2500000 3108 999.993 3174281.337 2175.556 4.0462 0 0 0 
2510000 3118 999.994 3194632.235 2147.288 4.0718 0 0 0 
2520000 3128 999.995 3215503.412 2142.783 4.0711 0 0 0 
2530000 3138 999.996 3236298.727 2125.265 4.0627 0 0 0 
2540000 3148 999.997 3257326.485 2128.332 4.0748 0 0 0 
2550000 3158 999.997 3279640.815 2140.216 4.0676 0 0 0 
2560000 3168 999.998 3298051.297 2087.775 4.0783 0 0 0 
2570000 3178 999.998 3318698.485 2080.515 4.0788 0 0 0 
2580000 3188 999.999 3336884.324 2043.227 4.0837 0 0 0 
2590000 3198 999.999 3355505.22 2005.19 4.1001 0 0 0 
2600000 3208 999.999 3374524.471 1984.08 4.1593 0 0 0 
2610000 3218 999.999 3392101.543 1943.269 4.1615 0 0 0 
2620000 3228 999.999 3409382.306 1899.329 4.1822 0 0 0 
2630000 3238 999.999 3429159.263 1917.39 4.159 0 0 0 
2640000 3248 1000.0 3449815.693 1941.206 4.1717 0 0 0 
2650000 3258 1000.0 3469943.657 1951.356 4.1946 0 0 0 
2660000 3268 1000.0 3489044.583 1945.163 4.1857 0 0 0 
2670000 3278 1000.0 3508562.117 1946.994 4.18 0 0 0 
2680000 3288 1000.0 3523546.393 1861.676 4.1978 0 0 0 
2690000 3299 996.427 3539155.609 1802.431 4.1556 0 0 0 
2700000 3309 997.08 3556345.692 1789.114 4.1511 0 0 0 
2710000 3319 985.448 3569885.013 1707.533 4.082 0 0 0 
2720000 3329 988.11 3590088.093 1741.061 4.076 0 0 0 
2730000 3339 990.285 3609825.012 1792.201 4.0905 0 0 0 
2740000 3349 992.062 3624868.445 1742.327 4.1227 0 0 0 
2750000 3359 993.514 3640071.354 1686.377 4.1108 0 0 0 
2760000 3369 994.701 3657401.753 1695.379 4.1056 0 0 0 
2770000 3379 995.67 3676423.666 1736.416 4.114 0 0 0 
2780000 3389 996.462 3696703.507 1792.277 4.1016 0 0 0 
2790000 3399 997.109 3717191.913 1833.353 4.1215 0 0 0 
2800000 3409 997.638 3737802.974 1875.921 4.1375 0 0 0 
2810000 3419 998.07 3753176.454 1840.298 4.1348 0 0 0 
2820000 3429 998.423 3768344.959 1783.016 4.16 0 0 0 
2830000 3439 998.712 3781880.785 1684.009 4.1526 0 0 0 
2840000 3449 998.947 3799217.65 1695.92 4.1551 0 0 0 
2850000 3459 999.14 3820560.355 1769.838 4.1373 0 0 0 
2860000 3469 999.297 3840143.655 1807.274 4.124 0 0 0 
2870000 3479 999.426 3861578.314 1867.651 4.1084 0 0 0 
2880000 3489 999.531 3881136.172 1882.274 4.105 0 0 0 
2890000 3499 999.617 3900129.817 1887.278 4.0971 0 0 0 
2900000 3509 999.687 3922141.675 1941.274 4.0837 0 0 0 
2910000 3519 999.744 3945157.026 2006.721 4.1007 0 0 0 
2920000 3529 999.791 3967207.077 2045.263 4.1372 0 0 0 
2930000 3539 999.829 3989495.208 2078.78 4.1222 0 0 0 
2940000 3549 999.86 4012053.689 2110.539 4.0992 0 0 0 
2950000 3559 999.886 4033611.384 2147.773 4.1166 0 0 0 
2960000 3569 999.907 4056506.183 2147.797 4.1255 0 0 0 
2970000 3579 999.924 4078277.271 2151.863 4.1101 0 0 0 
2980000 3589 999.938 4101188.993 2179.533 4.0946 0 0 0 
2990000 3599 999.949 4123461.155 2187.898 4.1027 0 0 0 
3000000 3609 999.958 4146138.42 2207.384 4.1092 0 0 0 
3010000 3619 999.966 4168590.038 2208.498 4.1067 0 0 0 
3020000 3629 999.972 4189206.608 2181.249 4.0986 0 0 0 
3030000 3639 999.977 4208173.874 2147.504 4.1073 0 0 0 
3040000 3649 999.981 4228418.488 2108.754 4.1283 0 0 0 
3050000 3659 999.985 4250437.364 2123.621 4.1317 0 0 0 
3060000 3669 999.988 4272344.401 2137.163 4.1114 0 0 0 
3070000 3679 999.99 4294354.182 2146.121 4.1014 0 0 0 
3080000 3689 999.992 4317059.968 2166.528 4.0994 0 0 0 
3090000 3699 999.993 4339452.508 2185.999 4.0912 0 0 0 
3100000 3709 999.994 4359608.592 2160.806 4.125 0 0 0 
3110000 3719 999.995 4378063.217 2096.523 4.1831 0 0 0 
3120000 3729 999.996 4398194.492 2082.45 4.167 0 0 0 
3130000 3739 999.997 4420535.265 2108.344 4.1711 0 0 0 
3140000 3749 999.998 4441346.912 2110.268 4.2244 0 0 0 
3150000 3759 999.998 4462309.574 2103.648 4.2627 0 0 0 
3160000 3769 999.998 4483719.141 2108.588 4.2923 0 0 0 
3170000 3779 999.999 4505789.084 2124.873 4.3088 0 0 0 
3180000 3790 986.006 4521606.598 1996.185 4.2774 0 0 0 
3190000 3800 988.566 4539347.337 1958.362 4.3212 0 0 0 
3200000 3810 990.658 4555777.248 1896.11 4.3503 0 0 0 
3210000 3820 992.367 4575753.884 1917.841 4.3716 0 0 0 
3220000 3830 993.763 4597831.577 1971.237 4.3813 0 0 0 
3230000 3840 994.904 4615641.75 1943.045 4.4071 0 0 0 
3240000 3850 995.836 4636339.218 1958.738 4.4167 0 0 0 
3250000 3860 996.598 4652818.772 1918.78 4.4257 0 0 0 
3260000 3870 997.22 4673026.992 1920.899 4.4299 0 0 0 
3270000 3880 997.729 4693167.221 1935.92 4.4335 0 0 0 
3280000 3890 998.144 4714145.254 1966.207 4.4387 0 0 0 
3290000 3900 998.484 4735532.16 1996.095 4.4518 0 0 0 
3300000 3910 998.761 4758628.989 2053.119 4.4575 0 0 0 
3310000 3920 998.988 4779582.413 2062.32 4.4578 0 0 0 
3320000 3930 999.173 4801972.972 2093.968 4.4448 0 0 0 
3330000 3940 999.324 4822746.711 2086.656 4.45 0 0 0 
3340000 3950 999.448 4845300.254 2117.672 4.4455 0 0 0 
3350000 3960 999.549 4867919.466 2143.518 4.4494 0 0 0 
3360000 3970 999.631 4891071.171 2175.592 4.444 0 0 0 
3370000 3980 999.699 4912357.419 2165.135 4.4444 0 0 0 
3380000 3990 999.754 4935949.554 2199.587 4.4533 0 0 0 
3390000 4000 999.799 4958154.949 2205.531 4.4526 0 0 0 
3400000 4010 999.836 4980994.958 2219.615 4.44 0 0 0 
3410000 4020 999.866 5003146.978 2216.415 4.4357 0 0 0 
3420000 4030 999.89 5026712.435 2242.451 4.4418 0 0 0 
3430000 4040 999.91 5047387.298 2210.197 4.4337 0 0 0 
3440000 4050 999.927 5066225.412 2151.153 4.4441 0 0 0 
3450000 4060 999.94 5088276.935 2176.579 4.4542 0 0 0 
3460000 4070 999.951 5110019.847 2166.691 4.45 0 0 0 
3470000 4080 999.96 5133172.592 2190.6 4.4535 0 0 0 
3480000 4090 999.967 5156416.59 2216.795 4.4505 0 0 0 
3490000 4100 999.973 5179154.342 2227.224 4.4341 0 0 0 
3500000 4110 999.978 5201838.347 2234.473 4.4312 0 0 0 
3510000 4120 999.982 5223765.177 2225.676 4.4279 0 0 0 
3520000 4130 999.985 5243317.661 2173.381 4.4322 0 0 0 
3530000 4140 999.988 5267128.571 2213.564 4.4245 0 0 0 
3540000 4150 999.99 5290403.643 2232.273 4.4216 0 0 0 
3550000 4160 999.992 5312553.285 2229.742 4.4208 0 0 0 
3560000 4170 999.994 5336337.628 2253.949 4.4336 0 0 0 
3570000 4180 999.995 5359965.72 2275.894 4.4395 0 0 0 
3580000 4190 999.996 5382939.562 2277.822 4.4294 0 0 0 
3590000 4200 999.996 5401923.401 2210.056 4.426 0 0 0 
3600000 4210 999.997 5423238.119 2195.784 4.4206 0 0 0 
3610000 4220 999.998 5445443.854 2199.623 4.4187 0 0 0 
3620000 4230 999.998 5467777.948 2205.294 4.4228 0 0 0 
3630000 4240 999.998 5489975.98 2211.079 4.4298 0 0 0 
3640000 4250 999.999 5512443.122 2216.211 4.43 0 0 0 
3650000 4260 999.999 5534617.034 2217.629 4.4367 0 0 0 
3660000 4270 999.999 5555599.572 2195.825 4.4469 0 0 0 
3670000 4280 999.999 5578219.745 2210.808 4.4525 0 0 0 
3680000 4290 999.999 5599689.189 2199.217 4.4597 0 0 0 
3690000 4300 1000.0 5620255.365 2170.039 4.4666 0 0 0 
3700000 4310 1000.0 5639655.552 2129.958 4.4703 0 0 0 
3710000 4320 1000.0 5656069.044 2039.136 4.4791 0 0 0 
3720000 4330 1000.0 5670327.667 1936.613 4.4885 0 0 0 
3730000 4340 1000.0 5686624.766 1867.281 4.4911 0 0 0 
3740000 4350 1000.0 5706872.766 1892.058 4.4865 0 0 0 
3750000 4360 1000.0 5725664.018 1888.869 4.4929 0 0 0 
3760000 4370 992.461 5746557.467 1910.246 4.4486 0 0 0 
3770000 4380 993.84 5768545.317 1961.574 4.4507 0 0 0 
3780000 4390 994.967 5790117.4 2000.774 4.4453 0 0 0 
3790000 4400 995.888 5811175.463 2020.315 4.4445 0 0 0 
3800000 4410 996.64 5831981.294 2041.541 4.4439 0 0 0 
3810000 4420 997.255 5850123.328 1991.785 4.4466 0 0 0 
3820000 4430 997.757 5865255.2 1929.236 4.4484 0 0 0 
3830000 4440 998.167 5882686.483 1868.661 4.4496 0 0 0 
3840000 4450 998.502 5891450.443 1706.195 4.463 0 0 0 
3850000 4460 998.776 5902384.328 1594.083 4.4691 0 0 0 
3860000 4470 999.0 5915382.398 1541.232 4.4732 0 0 0 
3870000 4480 999.183 5931259.625 1533.204 4.4825 0 0 0 
3880000 4490 999.333 5948850.118 1574.555 4.477 0 0 0 
3890000 4500 999.455 5965947.376 1612.723 4.4696 0 0 0 
3900000 4510 999.554 5986986.239 1698.255 4.4602 0 0 0 
3910000 4520 999.636 6007656.464 1749.885 4.455 0 0 0 
3920000 4530 999.703 6030063.891 1839.902 4.4494 0 0 0 
3930000 4540 999.757 6052302.273 1911.312 4.4406 0 0 0 
3940000 4550 999.801 6073877.569 1958.434 4.4344 0 0 0 
3950000 4560 999.838 6096434.653 2011.623 4.4369 0 0 0 
3960000 4570 999.867 6118199.922 2061.335 4.4315 0 0 0 
3970000 4580 999.892 6142035.226 2099.012 4.4291 0 0 0 
3980000 4590 999.911 6163365.919 2108.896 4.4278 0 0 0 
3990000 4600 999.928 6184659.888 2111.217 4.4222 0 0 0 
4000000 4610 999.941 6207628.531 2142.039 4.426 0 0 0 
