10000 10 182.927 -5.0 -0.088 0.5521 0 0 0 
20000 20 318.372 -10.0 -0.181 0.9903 0 0 0 
30000 109 130.941 -33.0 -0.14 0.7351 0 0 0 
40000 125 269.864 -30.0 -0.051 1.9157 0 0 0 
50000 135 403.426 -37.0 -0.168 3.015 0 0 0 
60000 145 512.556 -46.0 -0.3 3.6928 0 0 0 
70000 156 594.58 -55.0 -0.405 4.0584 0 0 0 
80000 199 396.721 -66.0 -0.304 2.5915 0 0 0 
90000 274 190.812 -67.0 -0.094 1.2103 0 0 0 
100000 306 255.047 -24.0 0.613 1.5368 0 0 0 
110000 327 327.96 39.0 1.317 2.1661 0 0 0 
120000 352 343.839 125.0 2.104 2.4493 0 0 0 
130000 366 433.879 181.0 2.631 3.2202 0 0 0 
140000 388 455.516 267.0 3.104 3.466 0 0 0 
150000 412 437.37 336.0 3.062 3.3755 0 0 0 
160000 439 406.946 411.0 2.801 3.163 0 0 0 
170000 462 414.092 485.0 3.015 3.2298 0 0 0 
180000 505 297.482 568.0 2.249 2.3412 0 0 0 
190000 543 276.511 671.0 2.48 2.1715 0 0 0 
200000 575 292.75 752.0 2.508 2.2893 0 0 0 
210000 607 298.191 851.0 2.801 2.3642 0 0 0 
220000 625 381.663 929.0 3.32 2.9973 0 0 0 
230000 643 440.373 1020.0 3.884 3.4423 0 0 0 
240000 663 460.293 1105.0 4.023 3.5844 0 0 0 
250000 680 488.892 1190.0 4.255 3.7955 0 0 0 
260000 694 560.367 1249.0 4.32 4.3448 0 0 0 
270000 709 574.289 1331.0 4.613 4.4326 0 0 0 
280000 728 558.408 1395.0 4.154 4.3043 0 0 0 
290000 748 541.438 1514.0 4.738 4.1578 0 0 0 
300000 765 543.646 1613.0 5.148 4.165 0 0 0 
310000 784 552.252 1711.0 5.127 4.2254 0 0 0 
320000 805 522.254 1844.0 5.519 3.9834 0 0 0 
330000 827 501.163 1974.0 5.708 3.8224 0 0 0 
340000 848 498.635 2087.0 5.578 3.808 0 0 0 
350000 873 463.369 2215.0 5.467 3.5428 0 0 0 
360000 898 432.382 2304.0 4.771 3.2997 0 0 0 
370000 920 441.641 2442.0 5.226 3.3777 0 0 0 
380000 943 442.48 2639.0 6.472 3.3887 0 0 0 
390000 968 419.943 2809.0 6.557 3.2325 0 0 0 
400000 990 423.873 2930.0 6.195 3.249 0 0 0 
410000 1014 423.874 3071.0 6.028 3.2576 0 0 0 
420000 1038 426.111 3250.0 6.606 3.2764 0 0 0 
430000 1063 406.898 3446.0 6.989 3.1285 0 0 0 
440000 1090 392.565 3654.0 7.272 3.0023 0 0 0 
450000 1117 380.359 3815.0 6.648 2.9086 0 0 0 
460000 1143 385.837 4001.0 6.962 2.9377 0 0 0 
470000 1170 376.568 4206.0 7.058 2.8758 0 0 0 
480000 1198 372.306 4405.0 7.193 2.8414 0 0 0 
490000 1224 370.152 4584.0 6.999 2.8252 0 0 0 
500000 1250 376.235 4780.0 7.194 2.8829 0 0 0 
510000 1276 378.464 4978.0 7.394 2.9021 0 0 0 
520000 1295 421.925 5116.0 7.238 3.2359 0 0 0 
530000 1322 396.599 5340.0 7.728 3.0458 0 0 0 
540000 1345 401.179 5504.0 7.473 3.0776 0 0 0 
550000 1367 431.739 5667.0 7.573 3.3195 0 0 0 
560000 1395 395.183 5876.0 7.376 3.0385 0 0 0 
570000 1423 381.324 6064.0 7.054 2.9244 0 0 0 
580000 1452 360.714 6259.0 6.907 2.7681 0 0 0 
590000 1485 333.759 6459.0 6.575 2.5709 0 0 0 
600000 1509 361.65 6636.0 6.866 2.7777 0 0 0 
610000 1536 355.847 6780.0 6.261 2.737 0 0 0 
620000 1556 395.262 6930.0 6.71 3.0718 0 0 0 
630000 1590 350.846 7165.0 6.819 2.7011 0 0 0 
640000 1620 343.739 7417.0 7.524 2.6285 0 0 0 
650000 1650 337.903 7621.0 7.185 2.5646 0 0 0 
660000 1675 361.992 7849.0 7.917 2.7385 0 0 0 
670000 1698 388.288 8052.0 8.354 2.9427 0 0 0 
680000 1721 402.15 8258.0 8.56 3.0647 0 0 0 
690000 1744 414.809 8433.0 8.115 3.176 0 0 0 
700000 1765 427.059 8608.0 8.26 3.2676 0 0 0 
710000 1795 392.849 8843.0 8.02 3.0045 0 0 0 
720000 1814 432.876 9022.0 8.39 3.3196 0 0 0 
730000 1835 445.68 9217.0 8.654 3.4181 0 0 0 
740000 1862 412.773 9420.0 8.218 3.1584 0 0 0 
750000 1885 427.706 9611.0 8.369 3.2768 0 0 0 
760000 1906 442.884 9797.0 8.54 3.4015 0 0 0 
770000 1925 461.037 9980.0 8.771 3.5376 0 0 0 
780000 1950 437.076 10209.0 8.955 3.3441 0 0 0 
790000 1970 462.424 10395.0 9.107 3.526 0 0 0 
800000 1993 453.503 10600.0 9.059 3.4571 0 0 0 
810000 2019 428.777 10804.0 8.503 3.291 0 0 0 
820000 2042 428.616 11009.0 8.6 3.2864 0 0 0 
830000 2070 402.901 11222.0 8.262 3.0777 0 0 0 
840000 2094 401.868 11398.0 7.784 3.0977 0 0 0 
850000 2121 379.607 11602.0 7.721 2.9195 0 0 0 
860000 2150 370.635 11808.0 7.386 2.8477 0 0 0 
870000 2178 364.502 12007.0 7.39 2.7872 0 0 0 
880000 2207 351.978 12191.0 6.842 2.7148 0 0 0 
890000 2231 376.122 12395.0 7.423 2.8782 0 0 0 
900000 2257 377.137 12607.0 7.61 2.8768 0 0 0 
910000 2282 395.356 12819.0 8.096 3.0151 0 0 0 
920000 2306 398.824 13010.0 7.951 3.0424 0 0 0 
930000 2333 387.686 13226.0 8.1 2.9622 0 0 0 
940000 2359 381.853 13446.0 8.208 2.9011 0 0 0 
950000 2381 414.558 13624.0 8.112 3.1834 0 0 0 
960000 2403 418.239 13821.0 8.403 3.2043 0 0 0 
970000 2438 358.699 14113.0 8.477 2.7513 0 0 0 
980000 2467 348.926 14361.0 8.446 2.6677 0 0 0 
990000 2490 383.56 14562.0 8.57 2.9245 0 0 0 
1000000 2507 438.574 14708.0 8.606 3.3322 0 0 0 
1010000 2530 443.481 14896.0 8.454 3.3766 0 0 0 
1020000 2557 411.342 15119.0 8.31 3.1209 0 0 0 
1030000 2578 431.826 15301.0 8.445 3.2884 0 0 0 
1040000 2604 408.622 15537.0 8.611 3.1151 0 0 0 
1050000 2629 413.286 15765.0 8.885 3.1408 0 0 0 
1060000 2653 412.141 16005.0 9.215 3.1367 0 0 0 
1070000 2682 381.4 16260.0 9.06 2.9044 0 0 0 
1080000 2703 420.687 16466.0 9.315 3.2098 0 0 0 
1090000 2724 444.309 16652.0 9.226 3.386 0 0 0 
1100000 2753 394.946 16907.0 8.985 3.0178 0 0 0 
1110000 2774 428.6 17085.0 8.824 3.2936 0 0 0 
1120000 2802 398.91 17320.0 8.625 3.0733 0 0 0 
1130000 2821 427.342 17503.0 8.929 3.2812 0 0 0 
1140000 2847 417.726 17744.0 9.096 3.2037 0 0 0 
1150000 2877 382.741 18013.0 9.185 2.9251 0 0 0 
1160000 2902 389.369 18262.0 9.446 2.9673 0 0 0 
1170000 2927 397.295 18484.0 9.283 3.0481 0 0 0 
1180000 2953 395.394 18711.0 9.13 3.0337 0 0 0 
1190000 2979 388.72 18949.0 9.064 2.9897 0 0 0 
1200000 3003 397.695 19176.0 9.165 3.0718 0 0 0 
1210000 3030 385.763 19420.0 9.061 2.9784 0 0 0 
1220000 3056 385.142 19653.0 9.067 2.9741 0 0 0 
1230000 3078 407.707 19849.0 8.94 3.1467 0 0 0 
1240000 3103 409.139 20061.0 8.758 3.1632 0 0 0 
1250000 3130 389.607 20275.0 8.478 3.0309 0 0 0 
1260000 3158 373.205 20516.0 8.427 2.9093 0 0 0 
1270000 3181 396.237 20719.0 8.571 3.084 0 0 0 
1280000 3214 353.144 20955.0 7.93 2.748 0 0 0 
1290000 3239 375.096 21173.0 8.366 2.9026 0 0 0 
1300000 3264 380.255 21410.0 8.634 2.9594 0 0 0 
1310000 3288 395.421 21630.0 8.862 3.058 0 0 0 
1320000 3312 405.411 21840.0 8.804 3.1164 0 0 0 
1330000 3337 403.729 22024.0 8.288 3.1192 0 0 0 
1340000 3362 390.827 22235.0 8.231 3.0025 0 0 0 
1350000 3389 387.937 22452.0 8.254 2.9832 0 0 0 
1360000 3415 387.742 22673.0 8.349 2.9983 0 0 0 
1370000 3437 416.864 22852.0 8.309 3.205 0 0 0 
1380000 3463 404.694 23064.0 8.178 3.1019 0 0 0 
1390000 3492 381.069 23314.0 8.386 2.9234 0 0 0 
1400000 3519 371.671 23553.0 8.663 2.861 0 0 0 
1410000 3542 394.569 23750.0 8.519 3.0213 0 0 0 
1420000 3572 372.812 23992.0 8.423 2.8756 0 0 0 
1430000 3597 383.027 24223.0 8.648 2.9739 0 0 0 
1440000 3621 385.932 24433.0 8.623 2.9555 0 0 0 
1450000 3648 388.235 24664.0 8.608 2.989 0 0 0 
1460000 3673 403.36 24863.0 8.492 3.0973 0 0 0 
1470000 3700 383.865 25111.0 8.656 2.961 0 0 0 
1480000 3725 393.317 25352.0 9.131 3.0207 0 0 0 
1490000 3754 369.963 25608.0 8.893 2.8362 0 0 0 
1500000 3779 381.103 25828.0 8.899 2.9525 0 0 0 
1510000 3805 385.612 26076.0 9.222 2.9682 0 0 0 
1520000 3826 417.446 26286.0 9.444 3.1982 0 0 0 
1530000 3847 439.015 26470.0 9.211 3.3708 0 0 0 
1540000 3869 444.799 26689.0 9.494 3.4254 0 0 0 
1550000 3890 455.079 26894.0 9.536 3.4934 0 0 0 
1560000 3916 427.785 27142.0 9.55 3.2662 0 0 0 
1570000 3938 426.101 27348.0 9.407 3.2715 0 0 0 
1580000 3965 410.36 27580.0 9.141 3.1529 0 0 0 
1590000 3990 403.587 27805.0 9.057 3.1181 0 0 0 
1600000 4015 404.879 28039.0 9.22 3.152 0 0 0 
1610000 4039 413.176 28233.0 8.795 3.2096 0 0 0 
1620000 4066 393.863 28492.0 9.025 3.0593 0 0 0 
1630000 4095 371.032 28761.0 9.136 2.8531 0 0 0 
1640000 4121 372.923 29009.0 9.279 2.865 0 0 0 
1650000 4141 417.828 29188.0 9.203 3.2275 0 0 0 
1660000 4165 415.574 29398.0 9.032 3.2078 0 0 0 
1670000 4189 412.806 29626.0 9.088 3.1879 0 0 0 
1680000 4210 438.228 29805.0 8.906 3.3825 0 0 0 
1690000 4237 414.445 30047.0 9.057 3.211 0 0 0 
1700000 4271 351.443 30351.0 8.86 2.7206 0 0 0 
1710000 4299 341.638 30582.0 8.602 2.6293 0 0 0 
1720000 4326 364.833 30810.0 8.546 2.7927 0 0 0 
1730000 4354 363.92 31037.0 8.361 2.7957 0 0 0 
1740000 4385 346.466 31318.0 8.734 2.6566 0 0 0 
1750000 4414 344.383 31576.0 8.779 2.6523 0 0 0 
1760000 4443 350.782 31814.0 8.64 2.7106 0 0 0 
1770000 4467 371.228 32044.0 8.937 2.8428 0 0 0 
1780000 4490 393.656 32247.0 8.937 3.0277 0 0 0 
1790000 4517 381.921 32505.0 9.148 2.9511 0 0 0 
1800000 4542 385.971 32721.0 8.951 2.9863 0 0 0 
1810000 4565 415.378 32921.0 8.989 3.2031 0 0 0 
1820000 4586 421.681 33126.0 9.107 3.2704 0 0 0 
1830000 4613 411.727 33382.0 9.237 3.1853 0 0 0 
1840000 4641 389.14 33644.0 9.315 2.9985 0 0 0 
1850000 4668 376.191 33874.0 9.069 2.9001 0 0 0 
1860000 4698 359.828 34146.0 8.986 2.7611 0 0 0 
1870000 4722 384.072 34362.0 8.925 2.9545 0 0 0 
1880000 4750 374.446 34625.0 9.225 2.8623 0 0 0 
1890000 4777 363.463 34893.0 9.419 2.7809 0 0 0 
1900000 4805 358.324 35154.0 9.387 2.7391 0 0 0 
1910000 4833 368.647 35410.0 9.393 2.834 0 0 0 
1920000 4859 378.004 35665.0 9.479 2.9058 0 0 0 
1930000 4890 352.451 35946.0 9.259 2.72 0 0 0 
1940000 4918 352.526 36221.0 9.528 2.7304 0 0 0 
1950000 4947 344.704 36483.0 9.201 2.6867 0 0 0 
1960000 4975 355.151 36739.0 9.267 2.7412 0 0 0 
1970000 5002 359.413 36981.0 9.085 2.7547 0 0 0 
1980000 5027 375.7 37207.0 9.084 2.8793 0 0 0 
1990000 5054 369.921 37459.0 9.119 2.8393 0 0 0 
2000000 5078 399.843 37651.0 8.848 3.0855 0 0 0 
2010000 5108 365.428 37933.0 8.98 2.8167 0 0 0 
2020000 5136 362.315 38199.0 9.221 2.7921 0 0 0 
2030000 5162 373.632 38450.0 9.43 2.9001 0 0 0 
2040000 5188 377.705 38680.0 9.078 2.9588 0 0 0 
2050000 5216 367.899 38921.0 8.861 2.8753 0 0 0 
2060000 5245 355.12 39180.0 9.019 2.7748 0 0 0 
2070000 5275 338.223 39457.0 8.98 2.6412 0 0 0 
2080000 5305 338.815 39720.0 8.953 2.6202 0 0 0 
2090000 5339 316.225 39984.0 8.36 2.4522 0 0 0 
2100000 5364 350.768 40210.0 8.634 2.7114 0 0 0 
2110000 5394 339.214 40494.0 8.895 2.624 0 0 0 
2120000 5420 354.651 40731.0 8.969 2.7432 0 0 0 
2130000 5446 371.688 40959.0 9.054 2.8969 0 0 0 
2140000 5473 364.365 41226.0 9.242 2.8466 0 0 0 
2150000 5502 362.645 41493.0 9.28 2.8255 0 0 0 
2160000 5526 385.441 41705.0 9.087 2.9938 0 0 0 
2170000 5554 367.778 41961.0 9.086 2.8242 0 0 0 
2180000 5579 379.212 42192.0 9.167 2.8721 0 0 0 
2190000 5603 390.61 42402.0 9.015 2.9288 0 0 0 
2200000 5627 395.916 42631.0 9.214 2.9421 0 0 0 
2210000 5652 401.037 42864.0 9.254 2.9634 0 0 0 
2220000 5681 378.146 43147.0 9.491 2.7832 0 0 0 
2230000 5710 368.034 43411.0 9.434 2.701 0 0 0 
2240000 5738 358.288 43677.0 9.363 2.6161 0 0 0 
2250000 5767 350.793 43948.0 9.3 2.5596 0 0 0 
2260000 5792 369.198 44177.0 9.229 2.6945 0 0 0 
2270000 5816 390.68 44403.0 9.388 2.8413 0 0 0 
2280000 5843 385.021 44649.0 9.248 2.8088 0 0 0 
2290000 5867 391.081 44857.0 8.951 2.8574 0 0 0 
2300000 5891 396.823 45075.0 8.962 2.8969 0 0 0 
2310000 5919 384.899 45316.0 8.963 2.8177 0 0 0 
2320000 5939 403.79 45510.0 9.125 2.9545 0 0 0 
2330000 5967 390.944 45765.0 9.125 2.8661 0 0 0 
2340000 5995 376.287 46011.0 8.992 2.7621 0 0 0 
2350000 6022 376.361 46263.0 9.227 2.7564 0 0 0 
2360000 6046 388.398 46487.0 9.107 2.8432 0 0 0 
2370000 6075 367.252 46749.0 9.11 2.6781 0 0 0 
2380000 6108 335.797 47046.0 9.057 2.4558 0 0 0 
2390000 6131 367.086 47261.0 9.09 2.7142 0 0 0 
2400000 6157 376.641 47501.0 9.189 2.7823 0 0 0 
2410000 6182 387.471 47745.0 9.373 2.8577 0 0 0 
2420000 6210 375.048 47997.0 9.25 2.7474 0 0 0 
2430000 6237 375.047 48253.0 9.331 2.7485 0 0 0 
2440000 6257 413.667 48431.0 9.138 3.01 0 0 0 
2450000 6286 382.252 48685.0 8.942 2.7955 0 0 0 
2460000 6311 385.473 48887.0 8.551 2.8298 0 0 0 
2470000 6336 403.867 49106.0 8.718 2.9447 0 0 0 
2480000 6360 403.576 49343.0 9.152 2.9331 0 0 0 
2490000 6386 396.486 49590.0 9.349 2.9019 0 0 0 
2500000 6415 364.193 49876.0 9.483 2.669 0 0 0 
2510000 6441 377.955 50112.0 9.387 2.7828 0 0 0 
2520000 6467 378.754 50357.0 9.365 2.7921 0 0 0 
2530000 6495 364.309 50586.0 8.785 2.6991 0 0 0 
2540000 6518 386.953 50791.0 8.807 2.866 0 0 0 
2550000 6547 366.121 51054.0 8.936 2.7271 0 0 0 
2560000 6575 366.921 51290.0 8.824 2.734 0 0 0 
2570000 6606 341.131 51574.0 8.88 2.5346 0 0 0 
2580000 6634 345.684 51810.0 8.736 2.568 0 0 0 
2590000 6665 333.64 52103.0 9.038 2.4816 0 0 0 
2600000 6692 352.727 52344.0 9.084 2.6084 0 0 0 
2610000 6723 335.74 52619.0 8.891 2.4749 0 0 0 
2620000 6750 349.58 52868.0 9.072 2.5833 0 0 0 
2630000 6777 352.132 53095.0 8.729 2.6035 0 0 0 
2640000 6809 335.656 53373.0 8.778 2.466 0 0 0 
2650000 6840 327.424 53663.0 8.936 2.4121 0 0 0 
2660000 6871 320.959 53958.0 9.213 2.3543 0 0 0 
2670000 6894 366.49 54166.0 9.157 2.683 0 0 0 
2680000 6923 356.18 54447.0 9.452 2.6255 0 0 0 
2690000 6950 364.708 54682.0 9.191 2.6748 0 0 0 
2700000 6972 381.933 54884.0 9.249 2.7814 0 0 0 
2710000 7001 371.335 55162.0 9.343 2.7259 0 0 0 
2720000 7030 355.842 55428.0 9.271 2.6039 0 0 0 
2730000 7056 371.0 55659.0 9.266 2.7242 0 0 0 
2740000 7087 348.312 55950.0 9.353 2.5612 0 0 0 
2750000 7110 373.175 56174.0 9.357 2.7484 0 0 0 
2760000 7140 357.151 56441.0 9.183 2.6292 0 0 0 
2770000 7170 347.253 56711.0 9.131 2.5499 0 0 0 
2780000 7198 350.379 56959.0 8.987 2.5742 0 0 0 
2790000 7229 332.606 57244.0 8.949 2.4391 0 0 0 
2800000 7253 359.31 57443.0 8.712 2.6566 0 0 0 
2810000 7280 368.199 57681.0 8.834 2.6979 0 0 0 
2820000 7310 350.106 57941.0 8.853 2.5588 0 0 0 
2830000 7337 350.906 58210.0 9.197 2.5645 0 0 0 
2840000 7362 369.819 58443.0 9.234 2.7334 0 0 0 
2850000 7388 375.565 58697.0 9.45 2.7586 0 0 0 
2860000 7415 378.798 58934.0 9.259 2.7715 0 0 0 
2870000 7444 363.292 59181.0 8.873 2.6696 0 0 0 
2880000 7469 369.403 59403.0 8.904 2.7109 0 0 0 
2890000 7499 357.074 59677.0 8.928 2.6102 0 0 0 
2900000 7525 371.1 59904.0 8.877 2.7164 0 0 0 
2910000 7554 360.133 60158.0 8.876 2.6413 0 0 0 
2920000 7585 340.394 60461.0 9.179 2.4896 0 0 0 
2930000 7619 318.308 60752.0 8.922 2.3374 0 0 0 
2940000 7649 328.515 61032.0 9.133 2.4164 0 0 0 
2950000 7678 334.435 61292.0 8.949 2.4594 0 0 0 
2960000 7707 335.727 61573.0 9.225 2.484 0 0 0 
2970000 7738 325.632 61862.0 9.241 2.3993 0 0 0 
2980000 7764 350.148 62106.0 9.375 2.5717 0 0 0 
2990000 7792 347.928 62372.0 9.354 2.5557 0 0 0 
3000000 7821 342.715 62640.0 9.335 2.5156 0 0 0 
3010000 7851 337.29 62926.0 9.454 2.4871 0 0 0 
3020000 7875 367.294 63150.0 9.433 2.7041 0 0 0 
3030000 7900 384.069 63390.0 9.55 2.8257 0 0 0 
3040000 7930 359.239 63684.0 9.706 2.6564 0 0 0 
3050000 7956 365.022 63940.0 9.637 2.7077 0 0 0 
3060000 7986 353.895 64231.0 9.702 2.6307 0 0 0 
3070000 8018 341.149 64517.0 9.449 2.5244 0 0 0 
3080000 8046 345.025 64790.0 9.492 2.5528 0 0 0 
3090000 8069 367.906 65005.0 9.582 2.7263 0 0 0 
3100000 8099 358.671 65292.0 9.458 2.6549 0 0 0 
3110000 8128 356.077 65568.0 9.56 2.6356 0 0 0 
3120000 8158 346.866 65846.0 9.431 2.5568 0 0 0 
3130000 8187 340.92 66123.0 9.414 2.5273 0 0 0 
3140000 8215 348.071 66374.0 9.34 2.5622 0 0 0 
3150000 8246 332.873 66680.0 9.513 2.4439 0 0 0 
3160000 8269 372.865 66899.0 9.443 2.7346 0 0 0 
3170000 8294 382.723 67118.0 9.146 2.8236 0 0 0 
3180000 8317 399.345 67327.0 9.121 2.935 0 0 0 
3190000 8348 363.604 67615.0 9.237 2.6624 0 0 0 
3200000 8373 379.517 67829.0 9.102 2.7866 0 0 0 
3210000 8403 356.827 68109.0 9.072 2.6141 0 0 0 
3220000 8435 337.901 68402.0 9.181 2.4706 0 0 0 
3230000 8464 340.83 68660.0 8.981 2.5056 0 0 0 
3240000 8489 360.229 68896.0 9.115 2.6447 0 0 0 
3250000 8518 352.186 69168.0 9.213 2.5862 0 0 0 
3260000 8548 344.709 69442.0 9.294 2.5326 0 0 0 
3270000 8575 344.009 69699.0 9.335 2.5298 0 0 0 
3280000 8603 356.338 69961.0 9.351 2.6117 0 0 0 
3290000 8631 357.321 70213.0 9.187 2.5926 0 0 0 
3300000 8659 360.527 70471.0 9.296 2.6276 0 0 0 
3310000 8687 359.312 70751.0 9.533 2.6078 0 0 0 
3320000 8717 348.358 71022.0 9.434 2.5466 0 0 0 
3330000 8749 325.825 71275.0 8.537 2.3894 0 0 0 
3340000 8783 309.055 71582.0 8.782 2.2805 0 0 0 
3350000 8809 331.903 71812.0 8.779 2.4462 0 0 0 
3360000 8836 354.985 72076.0 9.209 2.6037 0 0 0 
3370000 8864 351.616 72338.0 9.209 2.5863 0 0 0 
3380000 8890 366.824 72569.0 9.14 2.6964 0 0 0 
3390000 8920 352.959 72831.0 9.006 2.5874 0 0 0 
3400000 8947 364.042 73078.0 9.101 2.6714 0 0 0 
3410000 8965 418.181 73253.0 9.18 3.0541 0 0 0 
3420000 8995 380.036 73547.0 9.419 2.7851 0 0 0 
3430000 9022 378.387 73804.0 9.486 2.7676 0 0 0 
3440000 9050 369.577 74069.0 9.519 2.7213 0 0 0 
3450000 9074 386.185 74304.0 9.573 2.839 0 0 0 
3460000 9099 392.365 74526.0 9.442 2.8861 0 0 0 
3470000 9127 376.429 74805.0 9.615 2.7666 0 0 0 
3480000 9154 371.549 75058.0 9.482 2.726 0 0 0 
3490000 9180 378.007 75283.0 9.257 2.7645 0 0 0 
3500000 9207 372.254 75541.0 9.285 2.7364 0 0 0 
3510000 9235 369.43 75789.0 9.258 2.7155 0 0 0 
3520000 9261 372.431 76049.0 9.482 2.73 0 0 0 
3530000 9285 388.66 76286.0 9.579 2.8418 0 0 0 
3540000 9312 387.727 76519.0 9.275 2.8314 0 0 0 
3550000 9337 390.995 76744.0 9.221 2.846 0 0 0 
3560000 9360 393.225 76979.0 9.511 2.8602 0 0 0 
3570000 9389 378.61 77259.0 9.577 2.7604 0 0 0 
3580000 9415 381.832 77504.0 9.586 2.7926 0 0 0 
3590000 9445 360.698 77793.0 9.682 2.6628 0 0 0 
3600000 9468 372.897 78023.0 9.666 2.7468 0 0 0 
3610000 9496 373.347 78282.0 9.539 2.7438 0 0 0 
3620000 9526 355.723 78571.0 9.592 2.6137 0 0 0 
3630000 9552 365.423 78812.0 9.523 2.6886 0 0 0 
3640000 9582 346.808 79104.0 9.62 2.566 0 0 0 
3650000 9609 353.387 79352.0 9.468 2.6075 0 0 0 
3660000 9640 341.424 79652.0 9.541 2.5159 0 0 0 
3670000 9668 350.164 79916.0 9.463 2.5686 0 0 0 
3680000 9696 349.261 80174.0 9.302 2.5661 0 0 0 
3690000 9727 336.368 80463.0 9.337 2.4619 0 0 0 
3700000 9755 345.496 80718.0 9.207 2.5275 0 0 0 
3710000 9785 345.724 80988.0 9.178 2.5228 0 0 0 
3720000 9817 324.961 81292.0 9.29 2.3794 0 0 0 
3730000 9842 358.106 81528.0 9.351 2.6207 0 0 0 
3740000 9872 348.446 81816.0 9.485 2.5528 0 0 0 
3750000 9905 324.833 82135.0 9.598 2.3821 0 0 0 
3760000 9939 310.354 82468.0 9.723 2.275 0 0 0 
3770000 9968 325.876 82746.0 9.586 2.3845 0 0 0 
3780000 10000 323.819 83037.0 9.439 2.3746 0 0 0 
3790000 10029 328.925 83313.0 9.474 2.404 0 0 0 
3800000 10055 349.085 83545.0 9.158 2.5637 0 0 0 
3810000 10088 324.232 83856.0 9.318 2.3965 0 0 0 
3820000 10119 326.885 84156.0 9.552 2.4074 0 0 0 
3830000 10150 320.735 84452.0 9.545 2.3611 0 0 0 
3840000 10181 323.591 84740.0 9.438 2.3884 0 0 0 
3850000 10216 302.393 85057.0 9.235 2.2233 0 0 0 
3860000 10249 306.868 85363.0 9.267 2.2332 0 0 0 
3870000 10277 322.957 85642.0 9.464 2.3672 0 0 0 
3880000 10307 326.278 85920.0 9.434 2.3831 0 0 0 
3890000 10333 350.521 86176.0 9.572 2.5567 0 0 0 
3900000 10365 329.903 86479.0 9.533 2.4093 0 0 0 
3910000 10397 318.277 86775.0 9.49 2.3276 0 0 0 
3920000 10426 330.041 87056.0 9.644 2.4091 0 0 0 
3930000 10455 332.381 87348.0 9.76 2.4201 0 0 0 
3940000 10484 341.367 87607.0 9.415 2.479 0 0 0 
3950000 10514 336.448 87886.0 9.396 2.4486 0 0 0 
3960000 10543 332.579 88165.0 9.524 2.4137 0 0 0 
3970000 10575 334.564 88464.0 9.548 2.4379 0 0 0 
3980000 10604 334.006 88758.0 9.679 2.4409 0 0 0 
3990000 10634 337.996 89043.0 9.569 2.4703 0 0 0 
4000000 10664 337.943 89326.0 9.56 2.4886 0 0 0 
