10000.0 10.0 -13777.9451 -14109.1208 -13446.7695 -1.3778 -1.4109 -1.3447 -252.0269 -258.0957 -245.9581 
20000.0 20.0 -27639.5582 -28320.0943 -26959.0222 -1.382 -1.416 -1.348 -459.5155 -470.9259 -448.1051 
30000.0 30.0 -40656.5805 -41834.7588 -39478.4022 -1.3552 -1.3945 -1.3159 -613.439 -632.9547 -593.9233 
40000.0 40.0 -52723.1666 -56583.5889 -48862.7443 -1.3181 -1.4146 -1.2216 -721.9342 -789.24 -654.6285 
50000.0 50.0 -64064.9362 -71112.1614 -57017.7111 -1.2813 -1.4222 -1.1404 -796.2301 -912.4432 -680.0171 
60000.0 60.0 -73892.6963 -84582.1876 -63203.2049 -1.2315 -1.4097 -1.0534 -829.8749 -991.4302 -668.3195 
70000.0 70.0 -83290.4517 -97933.8489 -68647.0546 -1.1899 -1.3991 -0.9807 -849.1975 -1055.0737 -643.3213 
80000.0 80.0 -91459.7701 -109410.4532 -73509.087 -1.1432 -1.3676 -0.9189 -842.157 -1071.9495 -612.3645 
90000.0 90.0 -99385.283 -121814.6548 -76955.9112 -1.1043 -1.3535 -0.8551 -834.0134 -1105.5745 -562.4522 
100000.0 100.0 -106271.1391 -131981.5837 -80560.6946 -1.0627 -1.3198 -0.8056 -806.3644 -1094.2175 -518.5112 
110000.0 110.0 -109437.4871 -138506.9474 -80368.0268 -0.9949 -1.2592 -0.7306 -716.5495 -1024.0544 -409.0446 
120000.0 120.0 -115241.6315 -147675.8231 -82807.4399 -0.9603 -1.2306 -0.6901 -692.3772 -1007.6366 -377.1179 
130000.0 130.0 -118388.317 -154258.5194 -82518.1146 -0.9107 -1.1866 -0.6348 -623.6773 -947.9121 -299.4424 
140000.0 140.0 -122322.0184 -161137.0726 -83506.9641 -0.8737 -1.151 -0.5965 -581.4707 -900.3547 -262.5868 
150000.0 150.0 -123651.5084 -165093.9662 -82209.0506 -0.8243 -1.1006 -0.5481 -498.7815 -812.1261 -185.4369 
160000.0 160.0 -124762.9155 -169326.4818 -80199.3492 -0.7798 -1.0583 -0.5012 -427.7151 -748.0124 -107.4178 
170000.0 170.0 -124816.3461 -171908.0788 -77724.6135 -0.7342 -1.0112 -0.4572 -350.3625 -663.7829 -36.9421 
180000.0 180.0 -125821.4686 -175024.8882 -76618.049 -0.699 -0.9724 -0.4257 -304.6136 -602.4105 -6.8168 
190000.0 190.0 -126126.1671 -177077.3731 -75174.9612 -0.6638 -0.932 -0.3957 -253.7017 -532.6085 25.205 
200000.0 200.0 -124615.4658 -177114.938 -72115.9935 -0.6231 -0.8856 -0.3606 -179.6111 -434.1024 74.8802 
210000.0 210.0 -122870.172 -177163.8805 -68576.4635 -0.5851 -0.8436 -0.3266 -114.9514 -355.9379 126.0351 
220000.0 220.0 -121178.8349 -177348.3236 -65009.3461 -0.5508 -0.8061 -0.2955 -63.1101 -302.0183 175.7981 
230000.0 230.0 -118847.2095 -176176.3149 -61518.1041 -0.5167 -0.766 -0.2675 -8.2834 -232.3339 215.7671 
240000.0 240.0 -116161.9462 -174054.7167 -58269.1758 -0.484 -0.7252 -0.2428 42.4684 -156.1556 241.0924 
250000.0 250.0 -113574.2311 -172275.8834 -54872.5789 -0.4543 -0.6891 -0.2195 83.803 -99.9606 267.5666 
260000.0 260.0 -109127.4746 -168470.1695 -49784.7798 -0.4197 -0.648 -0.1915 149.9831 -21.8891 321.8554 
270000.0 270.0 -104715.6424 -164151.7049 -45279.5798 -0.3878 -0.608 -0.1677 203.8835 46.4298 361.3372 
280000.0 280.0 -101009.0635 -161943.2661 -40074.8609 -0.3607 -0.5784 -0.1431 234.2042 70.8751 397.5334 
290000.0 290.0 -96410.1638 -158276.7034 -34543.6241 -0.3324 -0.5458 -0.1191 275.3329 117.5388 433.127 
300000.0 300.0 -92344.2146 -155322.2435 -29366.1858 -0.3078 -0.5177 -0.0979 298.65 144.4071 452.8929 
310000.0 310.0 -88814.4045 -152734.406 -24894.403 -0.2865 -0.4927 -0.0803 309.6641 155.4927 463.8355 
320000.0 320.0 -84903.0724 -148813.4443 -20992.7004 -0.2653 -0.465 -0.0656 325.2841 183.4119 467.1564 
330000.0 330.0 -80663.4024 -145038.4225 -16288.3822 -0.2444 -0.4395 -0.0494 343.7442 203.4058 484.0827 
340000.0 340.0 -76463.5724 -142089.5745 -10837.5702 -0.2249 -0.4179 -0.0319 357.1257 208.8567 505.3948 
350000.0 350.0 -71920.7643 -138847.048 -4994.4805 -0.2055 -0.3967 -0.0143 374.8035 221.102 528.505 
360000.0 360.0 -66839.158 -135088.4741 1410.1581 -0.1857 -0.3752 0.0039 399.1444 230.1598 568.129 
370000.0 370.0 -61618.8679 -130839.0371 7601.3013 -0.1665 -0.3536 0.0205 421.4355 257.5981 585.2729 
380000.0 380.0 -55664.7359 -126031.8534 14702.3816 -0.1465 -0.3317 0.0387 453.4956 288.6091 618.3822 
390000.0 390.0 -50111.9564 -121628.9451 21405.0323 -0.1285 -0.3119 0.0549 471.9062 311.2055 632.607 
400000.0 400.0 -44201.8562 -117240.4269 28836.7144 -0.1105 -0.2931 0.0721 493.4865 321.6601 665.3129 
410000.0 410.0 -38210.0399 -112712.2662 36292.1865 -0.0932 -0.2749 0.0885 512.5872 328.8648 696.3097 
420000.0 420.0 -32053.8331 -108513.1242 44405.4579 -0.0763 -0.2584 0.1057 531.3445 332.4107 730.2783 
430000.0 430.0 -25341.0754 -103412.5422 52730.3915 -0.0589 -0.2405 0.1226 557.2966 352.6169 761.9763 
440000.0 440.0 -18479.7919 -98257.0551 61297.4714 -0.042 -0.2233 0.1393 580.9614 371.1393 790.7835 
450000.0 450.0 -11810.3331 -93319.1402 69698.474 -0.0262 -0.2074 0.1549 596.4539 381.5687 811.339 
460000.0 460.0 -5244.6951 -88625.7526 78136.3623 -0.0114 -0.1927 0.1699 607.595 389.9091 825.2809 
470000.0 470.0 2095.4021 -82839.7471 87030.5514 0.0045 -0.1763 0.1852 630.7184 414.8182 846.6185 
480000.0 480.0 9353.302 -77120.6374 95827.2414 0.0195 -0.1607 0.1996 648.2479 431.4508 865.0449 
490000.0 490.0 17093.1878 -70939.6985 105126.074 0.0349 -0.1448 0.2145 671.2032 453.6307 888.7758 
500000.0 500.0 24661.6681 -64795.8378 114119.1741 0.0493 -0.1296 0.2282 686.7801 466.4895 907.0708 
510000.0 510.0 32324.3176 -58623.3985 123272.0337 0.0634 -0.1149 0.2417 701.6058 476.9485 926.263 
520000.0 520.0 39761.2941 -52947.5152 132470.1034 0.0765 -0.1018 0.2548 708.9835 480.3653 937.6017 
530000.0 530.0 46925.426 -47842.3138 141693.1658 0.0885 -0.0903 0.2673 710.0344 469.8389 950.2298 
540000.0 540.0 55166.2022 -41423.4624 151755.8669 0.1022 -0.0767 0.281 731.0863 489.8035 972.369 
550000.0 550.0 63083.1436 -35455.5266 161621.8139 0.1147 -0.0645 0.2939 742.382 497.6963 987.0677 
560000.0 560.0 70224.7285 -30394.7665 170844.2235 0.1254 -0.0543 0.3051 737.0721 485.7543 988.3899 
570000.0 570.0 77345.3881 -25929.535 180620.3113 0.1357 -0.0455 0.3169 732.6537 465.7948 999.5127 
580000.0 580.0 85176.8808 -20387.5608 190741.3223 0.1469 -0.0352 0.3289 742.1708 473.9972 1010.3443 
590000.0 590.0 92551.312 -15538.2307 200640.8547 0.1569 -0.0263 0.3401 741.9916 467.8381 1016.1451 
600000.0 600.0 100999.0128 -9319.2793 211317.3048 0.1683 -0.0155 0.3522 760.9529 494.0427 1027.863 
610000.0 610.0 108716.2682 -3650.4358 221082.9723 0.1782 -0.006 0.3624 763.3175 500.8842 1025.7508 
620000.0 620.0 116569.8868 1824.0174 231315.7561 0.188 0.0029 0.3731 767.5494 501.8035 1033.2953 
630000.0 630.0 125084.3129 8091.6011 242077.0247 0.1985 0.0128 0.3842 783.0106 518.6121 1047.4092 
640000.0 640.0 133541.827 14438.3054 252645.3486 0.2087 0.0226 0.3948 794.4494 534.9629 1053.9358 
650000.0 650.0 142688.0156 21243.6956 264132.3356 0.2195 0.0327 0.4064 816.3383 561.6449 1071.0316 
660000.0 660.0 152097.3962 28287.2705 275907.522 0.2305 0.0429 0.418 839.2301 586.2513 1092.2089 
670000.0 670.0 161169.3174 34928.587 287410.0477 0.2406 0.0521 0.429 851.7128 598.3556 1105.0699 
680000.0 680.0 170490.9959 41909.085 299072.9068 0.2507 0.0616 0.4398 866.3026 613.4601 1119.1451 
690000.0 690.0 179959.0514 49151.7508 310766.3519 0.2608 0.0712 0.4504 881.18 628.9138 1133.4462 
700000.0 700.0 189522.5847 56597.6868 322447.4827 0.2707 0.0809 0.4606 894.8579 645.6028 1144.1129 
710000.0 710.0 199164.304 64427.7068 333900.9012 0.2805 0.0907 0.4703 907.6326 665.0067 1150.2586 
720000.0 720.0 208856.9909 72063.0621 345650.9197 0.2901 0.1001 0.4801 918.9131 678.3752 1159.451 
730000.0 730.0 218623.7342 80187.1896 357060.2789 0.2995 0.1098 0.4891 929.647 695.7576 1163.5364 
740000.0 740.0 228282.5019 87821.2623 368743.7414 0.3085 0.1187 0.4983 936.1368 702.0463 1170.2272 
750000.0 750.0 238065.3905 95543.6254 380587.1556 0.3174 0.1274 0.5074 943.7972 708.1978 1179.3967 
760000.0 760.0 247892.2202 103374.0147 392410.4258 0.3262 0.136 0.5163 951.1158 711.8529 1190.3786 
770000.0 770.0 257635.0149 111047.6148 404222.415 0.3346 0.1442 0.525 955.0251 715.6927 1194.3576 
780000.0 780.0 266977.6822 118445.472 415509.8925 0.3423 0.1519 0.5327 952.095 710.1296 1194.0604 
790000.0 790.0 277133.645 126576.6652 427690.6248 0.3508 0.1602 0.5414 964.1525 719.2273 1209.0777 
800000.0 800.0 286979.7379 135006.8247 438952.6511 0.3587 0.1688 0.5487 967.119 721.9618 1212.2762 
810000.0 810.0 297331.0178 143297.6049 451364.4306 0.3671 0.1769 0.5572 980.0299 729.335 1230.7247 
820000.0 820.0 307571.1175 151760.3119 463381.9231 0.3751 0.1851 0.5651 987.9398 744.8278 1231.0517 
830000.0 830.0 317430.6984 159710.4221 475150.9747 0.3824 0.1924 0.5725 987.4956 751.1167 1223.8745 
840000.0 840.0 327012.6682 167546.8233 486478.5132 0.3893 0.1995 0.5791 982.3014 755.286 1209.3167 
850000.0 850.0 337310.4768 176277.663 498343.2905 0.3968 0.2074 0.5863 991.253 771.0123 1211.4937 
860000.0 860.0 347857.8964 185196.4903 510519.3025 0.4045 0.2153 0.5936 1003.1695 782.1349 1224.2041 
870000.0 870.0 358614.8879 194088.4217 523141.354 0.4122 0.2231 0.6013 1016.2218 790.2851 1242.1584 
880000.0 880.0 369798.3198 203131.9431 536464.6964 0.4202 0.2308 0.6096 1034.7171 797.6153 1271.8189 
890000.0 890.0 380570.3455 211915.5849 549225.1061 0.4276 0.2381 0.6171 1042.9246 793.9592 1291.89 
900000.0 900.0 392446.2635 221926.3895 562966.1375 0.4361 0.2466 0.6255 1069.8355 823.6499 1316.0211 
910000.0 910.0 404190.4855 231578.3964 576802.5746 0.4442 0.2545 0.6338 1088.8618 838.2279 1339.4956 
920000.0 920.0 416370.3111 241922.2896 590818.3327 0.4526 0.263 0.6422 1112.4841 863.3309 1361.6373 
930000.0 930.0 428491.3362 252019.8101 604962.8624 0.4607 0.271 0.6505 1130.7595 881.9406 1379.5784 
940000.0 940.0 440515.067 261837.7167 619192.4173 0.4686 0.2786 0.6587 1143.9729 893.9196 1394.0261 
950000.0 950.0 452320.4734 271440.2051 633200.7416 0.4761 0.2857 0.6665 1150.4626 896.8782 1404.047 
960000.0 960.0 464162.5934 281504.4294 646820.7573 0.4835 0.2932 0.6738 1156.4845 910.9214 1402.0476 
970000.0 970.0 475948.8408 291328.7414 660568.9401 0.4907 0.3003 0.681 1160.6342 919.186 1402.0825 
980000.0 980.0 487802.8119 301202.2311 674403.3927 0.4978 0.3073 0.6882 1165.397 928.9048 1401.8892 
990000.0 990.0 499962.6388 311586.9492 688338.3283 0.505 0.3147 0.6953 1174.635 942.1904 1407.0796 
1000000.0 1000.0 512004.8114 321821.8286 702187.7941 0.512 0.3218 0.7022 1179.5952 952.0057 1407.1848 
1010000.0 1010.0 524275.876 332479.2767 716072.4753 0.5191 0.3292 0.709 1188.0501 964.5275 1411.5728 
1020000.0 1020.0 536954.1237 343443.6651 730464.5824 0.5264 0.3367 0.7161 1202.5927 977.7969 1427.3886 
1030000.0 1030.0 549646.1194 354506.7951 744785.4437 0.5336 0.3442 0.7231 1214.4968 987.0081 1441.9854 
1040000.0 1040.0 562598.1804 366016.708 759179.6528 0.541 0.3519 0.73 1229.3221 1002.9842 1455.66 
1050000.0 1050.0 575321.6601 377024.5846 773618.7356 0.5479 0.3591 0.7368 1237.1068 1012.4465 1461.767 
1060000.0 1060.0 588018.06 387958.2446 788077.8754 0.5547 0.366 0.7435 1243.0155 1019.7439 1466.2871 
1070000.0 1070.0 600557.6516 399076.3113 802038.9919 0.5613 0.373 0.7496 1244.9874 1024.1349 1465.8398 
1080000.0 1080.0 613263.3496 410268.9777 816257.7215 0.5678 0.3799 0.7558 1249.6974 1030.6022 1468.7925 
1090000.0 1090.0 626077.5968 421327.7149 830827.4786 0.5744 0.3865 0.7622 1255.524 1033.33 1477.718 
1100000.0 1100.0 638634.1192 432021.9692 845246.2693 0.5806 0.3927 0.7684 1255.6366 1028.2585 1483.0148 
1110000.0 1110.0 651045.1324 442794.1652 859296.0995 0.5865 0.3989 0.7741 1253.1221 1033.5702 1472.674 
1120000.0 1120.0 663999.3915 454090.6171 873908.1659 0.5929 0.4054 0.7803 1260.786 1042.1582 1479.4138 
1130000.0 1130.0 677225.7559 465573.1024 888878.4093 0.5993 0.412 0.7866 1272.052 1049.8124 1494.2916 
1140000.0 1140.0 690646.9399 477476.1051 903817.7746 0.6058 0.4188 0.7928 1285.3226 1069.1974 1501.4478 
1150000.0 1150.0 704536.7659 489875.499 919198.0327 0.6126 0.426 0.7993 1304.2321 1093.3027 1515.1616 
1160000.0 1160.0 718152.3369 502216.2344 934088.4393 0.6191 0.4329 0.8052 1314.2802 1113.7882 1514.7723 
1170000.0 1170.0 731663.6128 514355.1399 948972.0856 0.6254 0.4396 0.8111 1321.5248 1124.8313 1518.2182 
1180000.0 1180.0 745596.4693 526743.8938 964449.0447 0.6319 0.4464 0.8173 1335.0158 1136.9342 1533.0973 
1190000.0 1190.0 759573.5831 539106.2414 980040.9249 0.6383 0.453 0.8236 1346.4865 1147.6024 1545.3706 
1200000.0 1200.0 773647.8463 551526.6214 995769.0711 0.6447 0.4596 0.8298 1357.7291 1158.1619 1557.2963 
1210000.0 1210.0 787913.5864 564231.8373 1011595.3354 0.6512 0.4663 0.836 1370.3674 1172.8636 1567.8711 
1220000.0 1220.0 801909.7609 576702.6935 1027116.8283 0.6573 0.4727 0.8419 1375.764 1177.6969 1573.8311 
1230000.0 1230.0 815827.7746 588671.9964 1042983.5528 0.6633 0.4786 0.848 1378.4157 1168.6618 1588.1697 
1240000.0 1240.0 829546.976 600253.7775 1058840.1745 0.669 0.4841 0.8539 1377.238 1152.5089 1601.9671 
1250000.0 1250.0 843265.3006 611941.9561 1074588.6451 0.6746 0.4896 0.8597 1376.1889 1142.0546 1610.3232 
1260000.0 1260.0 857318.88 624130.4779 1090507.2821 0.6804 0.4953 0.8655 1381.6535 1141.914 1621.393 
1270000.0 1270.0 871095.2775 636123.5209 1106067.0341 0.6859 0.5009 0.8709 1380.3401 1143.3987 1617.2815 
1280000.0 1280.0 884157.4628 646422.9071 1121892.0184 0.6907 0.505 0.8765 1367.4135 1119.4034 1615.4236 
1290000.0 1290.0 897349.2178 657460.3367 1137238.0988 0.6956 0.5097 0.8816 1358.0707 1102.9158 1613.2257 
1300000.0 1300.0 911603.2548 669794.3099 1153412.1996 0.7012 0.5152 0.8872 1370.7003 1120.3266 1621.0739 
1310000.0 1310.0 926211.787 682957.1124 1169466.4616 0.707 0.5213 0.8927 1387.2773 1151.8837 1622.6708 
1320000.0 1320.0 941144.0076 696622.9969 1185665.0183 0.713 0.5277 0.8982 1406.6254 1185.1763 1628.0745 
1330000.0 1330.0 956068.0205 710358.0413 1201777.9997 0.7188 0.5341 0.9036 1422.354 1216.9127 1627.7953 
1340000.0 1340.0 971230.3156 724269.2033 1218191.428 0.7248 0.5405 0.9091 1439.5972 1244.1614 1635.0331 
1350000.0 1350.0 986085.1191 737798.8877 1234371.3505 0.7304 0.5465 0.9143 1447.8725 1259.2815 1636.4635 
1360000.0 1360.0 1000969.8509 751424.8983 1250514.8035 0.736 0.5525 0.9195 1455.5614 1272.3556 1638.7672 
1370000.0 1370.0 1016087.9498 765387.65 1266788.2495 0.7417 0.5587 0.9247 1465.7589 1289.3277 1642.19 
1380000.0 1380.0 1031004.0787 778976.5638 1283031.5937 0.7471 0.5645 0.9297 1470.5353 1295.684 1645.3865 
1390000.0 1390.0 1046210.1056 792739.2487 1299680.9625 0.7527 0.5703 0.935 1479.7176 1302.2758 1657.1595 
1400000.0 1400.0 1061542.315 806769.8983 1316314.7317 0.7582 0.5763 0.9402 1489.3955 1314.4898 1664.3012 
1410000.0 1410.0 1076198.0366 820946.8145 1331449.2587 0.7633 0.5822 0.9443 1484.9138 1318.2394 1651.5881 
1420000.0 1420.0 1091417.522 835204.6163 1347630.4277 0.7686 0.5882 0.949 1492.0038 1328.2681 1655.7394 
1430000.0 1430.0 1106531.6455 849399.176 1363664.115 0.7738 0.594 0.9536 1495.4601 1328.3816 1662.5386 
1440000.0 1440.0 1121909.3876 863762.0974 1380056.6778 0.7791 0.5998 0.9584 1502.9254 1335.1034 1670.7474 
1450000.0 1450.0 1137238.7022 877929.1486 1396548.2559 0.7843 0.6055 0.9631 1508.6004 1342.791 1674.4097 
1460000.0 1460.0 1152777.0446 892317.6644 1413236.4249 0.7896 0.6112 0.968 1516.7834 1350.338 1683.2288 
1470000.0 1470.0 1168181.558 906801.1031 1429562.0129 0.7947 0.6169 0.9725 1520.9668 1353.2782 1688.6553 
1480000.0 1480.0 1183334.1145 921291.0487 1445377.1803 0.7996 0.6225 0.9766 1519.8754 1353.8006 1685.9502 
1490000.0 1490.0 1198643.4895 935729.1136 1461557.8654 0.8045 0.628 0.9809 1522.2364 1359.9445 1684.5282 
1500000.0 1500.0 1214175.7829 950248.9367 1478102.629 0.8095 0.6335 0.9854 1527.4721 1371.0947 1683.8496 
1510000.0 1510.0 1229401.438 964754.0209 1494048.8551 0.8142 0.6389 0.9894 1526.8484 1366.5319 1687.1649 
1520000.0 1520.0 1245203.8861 979831.6652 1510576.1071 0.8192 0.6446 0.9938 1536.6195 1378.97 1694.269 
1530000.0 1530.0 1261138.9928 994830.2303 1527447.7552 0.8243 0.6502 0.9983 1546.5393 1392.8911 1700.1874 
1540000.0 1540.0 1277086.7758 1009582.4365 1544591.115 0.8293 0.6556 1.003 1555.4731 1394.6766 1716.2696 
1550000.0 1550.0 1292705.1378 1024414.0826 1560996.1929 0.834 0.6609 1.0071 1556.6816 1396.5187 1716.8445 
1560000.0 1560.0 1308983.9992 1039792.4415 1578175.557 0.8391 0.6665 1.0117 1569.7329 1410.2943 1729.1715 
1570000.0 1570.0 1324677.1891 1054486.2906 1594868.0877 0.8437 0.6716 1.0158 1569.6272 1409.1228 1730.1317 
1580000.0 1580.0 1340342.6502 1069089.8235 1611595.477 0.8483 0.6766 1.02 1569.1889 1406.6831 1731.6946 
1590000.0 1590.0 1355658.5951 1084122.2095 1627194.9807 0.8526 0.6818 1.0234 1562.803 1413.0131 1712.5929 
1600000.0 1600.0 1371979.6488 1099657.8288 1644301.4687 0.8575 0.6873 1.0277 1575.6136 1426.2501 1724.9771 
1610000.0 1610.0 1388265.1565 1115321.2383 1661209.0747 0.8623 0.6927 1.0318 1585.2936 1432.7818 1737.8055 
1620000.0 1620.0 1404645.7215 1130920.7327 1678370.7103 0.8671 0.6981 1.036 1594.8352 1438.1131 1751.5574 
1630000.0 1630.0 1420649.1173 1146308.3043 1694989.9302 0.8716 0.7033 1.0399 1595.602 1440.1992 1751.0048 
1640000.0 1640.0 1436656.2874 1161791.1048 1711521.47 0.876 0.7084 1.0436 1596.4295 1434.8078 1758.0512 
1650000.0 1650.0 1453174.0978 1177288.9927 1729059.2028 0.8807 0.7135 1.0479 1606.7438 1447.038 1766.4495 
1660000.0 1660.0 1469639.1835 1192901.2903 1746377.0767 0.8853 0.7186 1.052 1613.7711 1454.8209 1772.7213 
1670000.0 1670.0 1485719.6486 1208076.1618 1763363.1355 0.8897 0.7234 1.0559 1612.6707 1455.8198 1769.5217 
1680000.0 1680.0 1501763.1895 1223160.0962 1780366.2828 0.8939 0.7281 1.0597 1611.1376 1458.2037 1764.0715 
1690000.0 1690.0 1517942.9012 1238437.6194 1797448.1831 0.8982 0.7328 1.0636 1612.219 1461.4434 1762.9946 
1700000.0 1700.0 1534103.1721 1253606.4351 1814599.9091 0.9024 0.7374 1.0674 1612.9289 1463.5989 1762.2588 
1710000.0 1710.0 1550533.4691 1269111.1988 1831955.7395 0.9067 0.7422 1.0713 1618.5838 1466.9292 1770.2383 
1720000.0 1720.0 1566822.5478 1284518.056 1849127.0395 0.9109 0.7468 1.0751 1620.4788 1470.6675 1770.29 
1730000.0 1730.0 1582989.5834 1299764.2975 1866214.8693 0.915 0.7513 1.0787 1619.5749 1467.3632 1771.7865 
1740000.0 1740.0 1598665.0851 1314532.3323 1882797.838 0.9188 0.7555 1.0821 1609.9824 1458.5411 1761.4236 
1750000.0 1750.0 1614987.9731 1329965.8265 1900010.1198 0.9229 0.76 1.0857 1614.2281 1459.3566 1769.0996 
1760000.0 1760.0 1631481.3748 1345575.5547 1917387.1948 0.927 0.7645 1.0894 1620.42 1462.0339 1778.8061 
1770000.0 1770.0 1648149.1156 1361371.3746 1934926.8566 0.9312 0.7691 1.0932 1628.7735 1464.2698 1793.2772 
1780000.0 1780.0 1664373.0952 1376883.7355 1951862.455 0.935 0.7735 1.0966 1627.3385 1457.719 1796.958 
1790000.0 1790.0 1680767.7501 1392578.829 1968956.6712 0.939 0.778 1.1 1629.2738 1461.002 1797.5455 
1800000.0 1800.0 1697163.1951 1408163.3513 1986163.0389 0.9429 0.7823 1.1034 1631.2041 1459.0789 1803.3293 
1810000.0 1810.0 1713524.1099 1423773.1652 2003275.0546 0.9467 0.7866 1.1068 1632.2512 1455.7429 1808.7596 
1820000.0 1820.0 1730092.4904 1439575.4348 2020609.546 0.9506 0.791 1.1102 1636.8316 1459.1304 1814.5329 
1830000.0 1830.0 1746916.2178 1455511.1729 2038321.2626 0.9546 0.7954 1.1138 1645.12 1464.0456 1826.1944 
1840000.0 1840.0 1763685.0589 1471524.104 2055846.0138 0.9585 0.7997 1.1173 1650.9784 1470.3798 1831.5769 
1850000.0 1850.0 1780664.2251 1487454.1539 2073874.2964 0.9625 0.804 1.121 1659.7055 1479.4031 1840.0079 
1860000.0 1860.0 1797864.9194 1503877.4071 2091852.4316 0.9666 0.8085 1.1247 1670.7845 1491.129 1850.44 
1870000.0 1870.0 1815220.6186 1520117.5346 2110323.7027 0.9707 0.8129 1.1285 1682.5584 1500.4986 1864.6182 
1880000.0 1880.0 1832665.0955 1536519.2824 2128810.9086 0.9748 0.8173 1.1323 1693.973 1510.9653 1876.9807 
1890000.0 1890.0 1850095.2315 1552853.8559 2147336.6071 0.9789 0.8216 1.1362 1703.1985 1519.6987 1886.6983 
1900000.0 1900.0 1867579.1279 1569445.3404 2165712.9153 0.9829 0.826 1.1398 1711.4431 1531.5232 1891.3631 
1910000.0 1910.0 1885100.2374 1586062.7762 2184137.6985 0.987 0.8304 1.1435 1718.7738 1537.7305 1899.817 
1920000.0 1920.0 1902619.3231 1602654.7857 2202583.8605 0.9909 0.8347 1.1472 1724.6486 1542.2658 1907.0315 
1930000.0 1930.0 1919836.8239 1618971.0242 2220702.6235 0.9947 0.8388 1.1506 1724.2909 1534.4758 1914.1059 
1940000.0 1940.0 1937449.6031 1635524.8726 2239374.3336 0.9987 0.8431 1.1543 1731.1086 1541.2793 1920.938 
1950000.0 1950.0 1954999.4408 1651976.792 2258022.0895 1.0026 0.8472 1.158 1735.3817 1543.9903 1926.7732 
1960000.0 1960.0 1972542.7368 1668302.0349 2276783.4386 1.0064 0.8512 1.1616 1738.6424 1544.4001 1932.8846 
1970000.0 1970.0 1989644.2315 1683950.9198 2295337.5432 1.01 0.8548 1.1651 1733.3151 1539.2037 1927.4266 
1980000.0 1980.0 2006819.8605 1699616.0311 2314023.6899 1.0135 0.8584 1.1687 1730.6604 1528.997 1932.3238 
1990000.0 1990.0 2024191.387 1715954.7919 2332427.9821 1.0172 0.8623 1.1721 1731.7976 1537.2865 1926.3087 
2000000.0 2000.0 2041850.3202 1732391.475 2351309.1655 1.0209 0.8662 1.1757 1738.1822 1547.9549 1928.4096 
2010000.0 2010.0 2059522.5145 1748776.0058 2370269.0232 1.0246 0.87 1.1792 1743.3281 1555.4025 1931.2538 
2020000.0 2020.0 2077188.4045 1765122.2177 2389254.5913 1.0283 0.8738 1.1828 1747.6141 1561.3207 1933.9075 
2030000.0 2030.0 2094809.7299 1781477.3177 2408142.1421 1.0319 0.8776 1.1863 1750.1185 1564.8201 1935.4169 
2040000.0 2040.0 2112462.3202 1797766.106 2427158.5345 1.0355 0.8813 1.1898 1752.8961 1567.4643 1938.328 
2050000.0 2050.0 2129936.7899 1814143.5683 2445730.0114 1.039 0.8849 1.193 1752.0593 1572.398 1931.7205 
2060000.0 2060.0 2147634.7068 1830753.0118 2464516.4017 1.0425 0.8887 1.1964 1755.548 1581.3222 1929.7738 
2070000.0 2070.0 2165284.2289 1847164.0345 2483404.4232 1.046 0.8923 1.1997 1757.1986 1587.9898 1926.4074 
2080000.0 2080.0 2182873.3537 1863484.618 2502262.0895 1.0495 0.8959 1.203 1757.5868 1588.6785 1926.495 
2090000.0 2090.0 2200583.6964 1879939.8329 2521227.5599 1.0529 0.8995 1.2063 1760.1539 1583.3267 1936.981 
2100000.0 2100.0 2218031.8484 1896364.9662 2539698.7306 1.0562 0.903 1.2094 1757.917 1573.7015 1942.1325 
2110000.0 2110.0 2236002.6351 1913102.5902 2558902.6801 1.0597 0.9067 1.2128 1764.9486 1581.2996 1948.5977 
2120000.0 2120.0 2254000.8594 1929609.9505 2578391.7682 1.0632 0.9102 1.2162 1771.4688 1587.2463 1955.6912 
2130000.0 2130.0 2271510.9232 1945732.3746 2597289.4719 1.0664 0.9135 1.2194 1767.6218 1585.1971 1950.0464 
2140000.0 2140.0 2288917.1725 1961783.5163 2616050.8287 1.0696 0.9167 1.2225 1762.8301 1581.8465 1943.8137 
2150000.0 2150.0 2306917.6232 1978542.3254 2635292.9211 1.073 0.9203 1.2257 1769.7885 1590.0606 1949.5164 
2160000.0 2160.0 2325128.7294 1995712.1619 2654545.2969 1.0764 0.9239 1.229 1779.0699 1600.3264 1957.8134 
2170000.0 2170.0 2343040.7616 2012898.3101 2673183.2131 1.0797 0.9276 1.2319 1780.8308 1605.5086 1956.1529 
2180000.0 2180.0 2360981.9125 2030059.3006 2691904.5244 1.083 0.9312 1.2348 1783.3265 1607.7173 1958.9357 
2190000.0 2190.0 2379349.794 2047416.1898 2711283.3982 1.0865 0.9349 1.238 1793.2688 1619.1877 1967.3498 
2200000.0 2200.0 2397638.7671 2064574.5748 2730702.9595 1.0898 0.9384 1.2412 1799.5741 1622.7734 1976.3749 
2210000.0 2210.0 2415884.6716 2081595.4223 2750173.921 1.0932 0.9419 1.2444 1804.2468 1623.8133 1984.6802 
2220000.0 2220.0 2434272.7961 2098911.1288 2769634.4634 1.0965 0.9455 1.2476 1810.5698 1631.7659 1989.3736 
2230000.0 2230.0 2452573.7504 2116063.4524 2789084.0483 1.0998 0.9489 1.2507 1813.8915 1633.834 1993.949 
2240000.0 2240.0 2470760.8858 2133049.8389 2808471.9326 1.103 0.9523 1.2538 1814.7778 1636.9042 1992.6513 
2250000.0 2250.0 2488848.6523 2150139.4185 2827557.886 1.1062 0.9556 1.2567 1813.6237 1640.911 1986.3365 
2260000.0 2260.0 2507198.0159 2167171.3759 2847224.6559 1.1094 0.9589 1.2598 1817.4212 1646.1981 1988.6444 
2270000.0 2270.0 2525730.7534 2184532.7854 2866928.7214 1.1127 0.9623 1.263 1823.9929 1653.2048 1994.781 
2280000.0 2280.0 2544133.5675 2201818.5441 2886448.5909 1.1158 0.9657 1.266 1827.0184 1654.6719 1999.3648 
2290000.0 2290.0 2562709.5456 2219105.011 2906314.0802 1.1191 0.969 1.2691 1832.3586 1658.204 2006.5133 
2300000.0 2300.0 2581068.337 2236417.4527 2925719.2213 1.1222 0.9724 1.2721 1833.2871 1656.9885 2009.5857 
2310000.0 2310.0 2599433.0589 2253787.2346 2945078.8832 1.1253 0.9757 1.2749 1833.9495 1656.6393 2011.2597 
2320000.0 2320.0 2617969.709 2271377.2659 2964562.1521 1.1284 0.979 1.2778 1837.5444 1656.5021 2018.5866 
2330000.0 2330.0 2636524.2672 2288908.7073 2984139.8272 1.1316 0.9824 1.2807 1841.0318 1660.9888 2021.0747 
2340000.0 2340.0 2655111.434 2306218.6937 3004004.1743 1.1347 0.9856 1.2838 1844.2194 1659.0607 2029.378 
2350000.0 2350.0 2673698.8562 2323587.6898 3023810.0227 1.1377 0.9888 1.2867 1846.7188 1660.3378 2033.0997 
2360000.0 2360.0 2692458.0156 2340965.5747 3043950.4565 1.1409 0.9919 1.2898 1852.1438 1660.9101 2043.3774 
2370000.0 2370.0 2711117.5154 2358215.4176 3064019.6131 1.1439 0.995 1.2928 1854.6016 1663.1986 2046.0046 
2380000.0 2380.0 2729535.0312 2375221.8498 3083848.2127 1.1469 0.998 1.2957 1852.2254 1663.6434 2040.8074 
2390000.0 2390.0 2747837.9876 2392253.7208 3103422.2544 1.1497 1.0009 1.2985 1848.3092 1667.7308 2028.8877 
2400000.0 2400.0 2766315.6276 2409609.3133 3123021.9419 1.1526 1.004 1.3013 1848.3448 1666.6473 2030.0422 
2410000.0 2410.0 2784577.6786 2426432.9856 3142722.3717 1.1554 1.0068 1.304 1844.2285 1661.183 2027.274 
2420000.0 2420.0 2803031.476 2443510.7311 3162552.2209 1.1583 1.0097 1.3068 1844.5129 1661.6233 2027.4025 
2430000.0 2430.0 2821433.8389 2460614.6337 3182253.044 1.1611 1.0126 1.3096 1843.7048 1663.898 2023.5115 
2440000.0 2440.0 2839939.0129 2477688.7973 3202189.2284 1.1639 1.0154 1.3124 1845.0408 1665.8556 2024.2259 
2450000.0 2450.0 2858804.5576 2495319.7987 3222289.3166 1.1669 1.0185 1.3152 1852.6946 1677.0406 2028.3486 
2460000.0 2460.0 2877452.8561 2512512.6328 3242393.0794 1.1697 1.0213 1.318 1854.9071 1680.295 2029.5193 
2470000.0 2470.0 2896014.9955 2529480.2646 3262549.7264 1.1725 1.0241 1.3209 1854.8329 1678.8101 2030.8557 
2480000.0 2480.0 2914616.0301 2546592.0071 3282640.0532 1.1752 1.0269 1.3236 1855.9212 1676.81 2035.0325 
2490000.0 2490.0 2933040.5059 2563512.5244 3302568.4874 1.1779 1.0295 1.3263 1853.2986 1671.286 2035.3112 
2500000.0 2500.0 2950833.3961 2579644.1815 3322022.6108 1.1803 1.0319 1.3288 1839.9671 1647.7673 2032.167 
2510000.0 2510.0 2969111.2599 2596466.1069 3341756.4128 1.1829 1.0344 1.3314 1837.9885 1645.8917 2030.0853 
2520000.0 2520.0 2987237.4795 2612889.3794 3361585.5796 1.1854 1.0369 1.334 1833.2629 1633.6782 2032.8475 
2530000.0 2530.0 3005812.9412 2630023.2923 3381602.5902 1.1881 1.0395 1.3366 1837.8892 1635.9772 2039.8013 
2540000.0 2540.0 3024149.032 2647059.5515 3401238.5125 1.1906 1.0421 1.3391 1836.9524 1640.9545 2032.9502 
2550000.0 2550.0 3042587.8006 2664113.8153 3421061.786 1.1932 1.0448 1.3416 1838.2744 1649.0475 2027.5013 
2560000.0 2560.0 3061216.5061 2681117.0493 3441315.963 1.1958 1.0473 1.3443 1842.7614 1651.7374 2033.7854 
2570000.0 2570.0 3079604.0886 2698259.9267 3460948.2506 1.1983 1.0499 1.3467 1841.9639 1656.9395 2026.9882 
2580000.0 2580.0 3097803.9414 2715353.2198 3480254.663 1.2007 1.0525 1.3489 1837.972 1659.9888 2015.9552 
2590000.0 2590.0 3115534.5321 2732171.1387 3498897.9255 1.2029 1.0549 1.3509 1826.0009 1654.6584 1997.3434 
2600000.0 2600.0 3134024.7719 2749562.5255 3518487.0182 1.2054 1.0575 1.3533 1830.2731 1662.9277 1997.6185 
2610000.0 2610.0 3152661.6826 2766803.2057 3538520.1596 1.2079 1.0601 1.3558 1836.3015 1665.9953 2006.6077 
2620000.0 2620.0 3171462.8746 2784198.3463 3558727.403 1.2105 1.0627 1.3583 1844.2612 1668.4985 2020.024 
2630000.0 2630.0 3190210.8675 2801610.7921 3578810.9429 1.213 1.0653 1.3608 1849.936 1670.2683 2029.6037 
2640000.0 2640.0 3208541.1269 2818512.5352 3598569.7186 1.2154 1.0676 1.3631 1846.9562 1660.0888 2033.8237 
2650000.0 2650.0 3226904.943 2835248.2711 3618561.6149 1.2177 1.0699 1.3655 1844.8618 1650.3802 2039.3433 
2660000.0 2660.0 3245208.5959 2851871.5662 3638545.6255 1.22 1.0721 1.3679 1842.4196 1644.9562 2039.8831 
2670000.0 2670.0 3263665.3441 2869068.38 3658262.3083 1.2223 1.0746 1.3701 1842.9439 1647.2377 2038.65 
2680000.0 2680.0 3282554.3245 2886752.3532 3678356.2958 1.2248 1.0771 1.3725 1851.2408 1658.3933 2044.0882 
2690000.0 2690.0 3301319.9159 2904618.0974 3698021.7343 1.2273 1.0798 1.3747 1855.6389 1665.3545 2045.9232 
2700000.0 2700.0 3320495.1592 2922616.2063 3718374.1122 1.2298 1.0825 1.3772 1866.9025 1678.1297 2055.6753 
2710000.0 2710.0 3339676.5918 2940531.7693 3738821.4142 1.2324 1.0851 1.3796 1876.1904 1687.9902 2064.3906 
2720000.0 2720.0 3358687.6248 2958313.8707 3759061.3788 1.2348 1.0876 1.382 1880.5854 1694.6919 2066.4788 
2730000.0 2730.0 3377865.9566 2976147.8681 3779584.0452 1.2373 1.0902 1.3845 1887.4205 1702.2153 2072.6257 
2740000.0 2740.0 3396653.2251 2993725.0251 3799581.4252 1.2397 1.0926 1.3867 1885.9461 1703.5829 2068.3093 
2750000.0 2750.0 3415349.1334 3011058.8304 3819639.4363 1.2419 1.0949 1.389 1882.9895 1698.3306 2067.6484 
2760000.0 2760.0 3434285.9662 3028617.8328 3839954.0997 1.2443 1.0973 1.3913 1884.8488 1696.8956 2072.8019 
2770000.0 2770.0 3453444.1689 3046400.8672 3860487.4705 1.2467 1.0998 1.3937 1890.4984 1701.5123 2079.4845 
2780000.0 2780.0 3472407.6961 3064112.2437 3880703.1486 1.2491 1.1022 1.3959 1891.5242 1701.1804 2081.8681 
2790000.0 2790.0 3491307.388 3081512.5492 3901102.2268 1.2514 1.1045 1.3982 1891.1622 1694.3559 2087.9686 
2800000.0 2800.0 3510422.6645 3099206.8298 3921638.4992 1.2537 1.1069 1.4006 1894.9614 1694.9586 2094.9641 
2810000.0 2810.0 3529539.7841 3116847.4618 3942232.1064 1.2561 1.1092 1.4029 1898.2255 1696.105 2100.346 
2820000.0 2820.0 3548567.9722 3134636.2978 3962499.6467 1.2584 1.1116 1.4051 1899.0194 1698.7765 2099.2623 
2830000.0 2830.0 3567594.1336 3152362.018 3982826.2492 1.2606 1.1139 1.4074 1899.9149 1701.2433 2098.5865 
2840000.0 2840.0 3586340.956 3169885.9028 4002796.0092 1.2628 1.1162 1.4094 1895.0228 1694.7977 2095.2478 
2850000.0 2850.0 3604858.7734 3187141.6595 4022575.8873 1.2649 1.1183 1.4114 1887.1966 1689.4041 2084.9892 
2860000.0 2860.0 3623691.9719 3204257.158 4043126.7858 1.267 1.1204 1.4137 1886.4039 1685.9614 2086.8464 
2870000.0 2870.0 3642677.1706 3221580.3034 4063774.0379 1.2692 1.1225 1.4159 1888.6194 1685.1974 2092.0413 
2880000.0 2880.0 3661816.9819 3239143.4598 4084490.504 1.2715 1.1247 1.4182 1893.1774 1688.105 2098.2497 
2890000.0 2890.0 3680896.4944 3256598.2182 4105194.7706 1.2737 1.1269 1.4205 1895.9538 1686.3594 2105.5481 
2900000.0 2900.0 3699931.542 3273876.947 4125986.137 1.2758 1.1289 1.4228 1897.5938 1683.0571 2112.1304 
2910000.0 2910.0 3719085.6061 3291415.8312 4146755.381 1.278 1.1311 1.425 1900.7992 1687.7602 2113.8383 
2920000.0 2920.0 3737829.4951 3308546.2055 4167112.7847 1.2801 1.1331 1.4271 1896.0471 1685.2027 2106.8915 
2930000.0 2930.0 3756720.5526 3325298.2664 4188142.8389 1.2822 1.1349 1.4294 1894.5824 1675.2625 2113.9022 
2940000.0 2940.0 3775765.7481 3342701.2293 4208830.267 1.2843 1.137 1.4316 1896.4971 1680.7957 2112.1986 
2950000.0 2950.0 3794839.8728 3360168.1486 4229511.5969 1.2864 1.139 1.4337 1898.276 1687.6276 2108.9244 
2960000.0 2960.0 3814014.4811 3377648.8974 4250380.0649 1.2885 1.1411 1.4359 1901.8875 1691.7978 2111.9772 
2970000.0 2970.0 3833040.1796 3394958.7373 4271121.622 1.2906 1.1431 1.4381 1902.1271 1690.9851 2113.2691 
2980000.0 2980.0 3851718.4018 3411685.6721 4291751.1314 1.2925 1.1449 1.4402 1895.5938 1679.045 2112.1425 
2990000.0 2990.0 3870452.5819 3428771.3196 4312133.8442 1.2945 1.1467 1.4422 1891.6764 1676.1388 2107.214 
3000000.0 3000.0 3889114.4504 3445360.1577 4332868.743 1.2964 1.1485 1.4443 1886.7856 1668.8129 2104.7584 
3010000.0 3010.0 3907999.7284 3462006.8767 4353992.58 1.2983 1.1502 1.4465 1887.0906 1661.1471 2113.0341 
3020000.0 3020.0 3927014.9531 3478728.6741 4375301.2321 1.3003 1.1519 1.4488 1889.9326 1654.2146 2125.6506 
3030000.0 3030.0 3946123.1069 3495634.1035 4396612.1102 1.3024 1.1537 1.451 1893.7841 1653.1201 2134.4482 
3040000.0 3040.0 3965304.2771 3512614.1549 4417994.3994 1.3044 1.1555 1.4533 1898.0851 1655.2836 2140.8867 
3050000.0 3050.0 3984429.0528 3529675.6702 4439182.4353 1.3064 1.1573 1.4555 1900.799 1658.2986 2143.2994 
3060000.0 3060.0 4003129.007 3546350.0469 4459907.9671 1.3082 1.1589 1.4575 1895.259 1656.6159 2133.9021 
3070000.0 3070.0 4021973.6331 3563027.3268 4480919.9395 1.3101 1.1606 1.4596 1893.339 1655.0363 2131.6417 
3080000.0 3080.0 4041182.1635 3580056.6994 4502307.6276 1.3121 1.1624 1.4618 1898.3105 1655.9529 2140.6681 
3090000.0 3090.0 4060266.608 3597532.6288 4523000.5872 1.314 1.1643 1.4638 1900.2284 1667.7884 2132.6683 
3100000.0 3100.0 4079413.3359 3614988.1093 4543838.5624 1.3159 1.1661 1.4658 1902.8776 1673.5551 2132.2001 
3110000.0 3110.0 4098276.6122 3631663.8971 4564889.3274 1.3178 1.1677 1.4678 1899.8635 1666.4018 2133.3252 
3120000.0 3120.0 4117411.1419 3648751.5723 4586070.7115 1.3197 1.1695 1.4699 1902.5584 1670.672 2134.4447 
3130000.0 3130.0 4136592.009 3665746.3725 4607437.6455 1.3216 1.1712 1.472 1905.3638 1671.5507 2139.1768 
3140000.0 3140.0 4155927.2864 3682939.88 4628914.6928 1.3235 1.1729 1.4742 1910.756 1675.7892 2145.7228 
3150000.0 3150.0 4175328.4751 3700049.1243 4650607.826 1.3255 1.1746 1.4764 1916.0708 1675.9338 2156.2077 
3160000.0 3160.0 4194653.1852 3717357.1522 4671949.2183 1.3274 1.1764 1.4785 1919.0825 1678.8478 2159.3172 
3170000.0 3170.0 4213739.8145 3734305.0499 4693174.5791 1.3293 1.178 1.4805 1917.3168 1675.9129 2158.7206 
3180000.0 3180.0 4232870.4944 3751065.1429 4714675.8459 1.3311 1.1796 1.4826 1916.5505 1669.9237 2163.1773 
3190000.0 3190.0 4251896.2391 3767828.1941 4735964.2842 1.3329 1.1811 1.4846 1914.179 1666.0934 2162.2646 
3200000.0 3200.0 4270693.3002 3784514.9415 4756871.659 1.3346 1.1827 1.4865 1907.8615 1663.7224 2152.0006 
3210000.0 3210.0 4289722.1734 3801756.1384 4777688.2083 1.3364 1.1843 1.4884 1907.0302 1668.0272 2146.0333 
3220000.0 3220.0 4308984.3981 3819109.291 4798859.5053 1.3382 1.1861 1.4903 1910.463 1673.8764 2147.0496 
3230000.0 3230.0 4328140.7008 3836224.5421 4820056.8594 1.34 1.1877 1.4923 1911.4866 1673.8761 2149.0971 
3240000.0 3240.0 4347271.9336 3853557.8035 4840986.0637 1.3418 1.1894 1.4941 1911.8278 1678.5614 2145.0941 
3250000.0 3250.0 4366205.8314 3870507.4713 4861904.1915 1.3434 1.1909 1.496 1908.5662 1679.5179 2137.6146 
3260000.0 3260.0 4385104.2518 3887352.2419 4882856.2616 1.3451 1.1924 1.4978 1905.2606 1678.1423 2132.379 
3270000.0 3270.0 4403890.1796 3904133.4726 4903646.8867 1.3468 1.1939 1.4996 1900.2759 1674.1844 2126.3673 
3280000.0 3280.0 4422648.0054 3920767.069 4924528.9417 1.3484 1.1954 1.5014 1895.7178 1668.538 2122.8975 
3290000.0 3290.0 4441662.3152 3937557.1643 4945767.4662 1.35 1.1968 1.5033 1896.7585 1666.7694 2126.7476 
3300000.0 3300.0 4460822.2156 3954472.8349 4967171.5963 1.3518 1.1983 1.5052 1900.1795 1666.9485 2133.4105 
3310000.0 3310.0 4480065.3618 3971431.5551 4988699.1684 1.3535 1.1998 1.5072 1904.5659 1667.7655 2141.3663 
3320000.0 3320.0 4499238.8044 3988158.7509 5010318.8579 1.3552 1.2013 1.5091 1907.1129 1663.1013 2151.1244 
3330000.0 3330.0 4518695.0306 4005477.8478 5031912.2134 1.357 1.2028 1.5111 1914.1615 1670.5262 2157.7968 
3340000.0 3340.0 4538190.8099 4022679.6448 5053701.975 1.3587 1.2044 1.5131 1920.713 1674.0912 2167.3348 
3350000.0 3350.0 4557668.643 4039867.2941 5075469.9919 1.3605 1.2059 1.5151 1925.4585 1675.9761 2174.9409 
3360000.0 3360.0 4576881.9809 4056671.2634 5097092.6984 1.3622 1.2073 1.517 1924.448 1671.4972 2177.3988 
3370000.0 3370.0 4595967.7819 4073582.2579 5118353.3058 1.3638 1.2088 1.5188 1921.7335 1671.822 2171.645 
3380000.0 3380.0 4615274.7374 4090721.372 5139828.1027 1.3655 1.2103 1.5207 1923.1353 1675.0777 2171.1928 
3390000.0 3390.0 4634348.3353 4107724.5234 5160972.1471 1.3671 1.2117 1.5224 1920.226 1675.9738 2164.4782 
3400000.0 3400.0 4653136.7555 4124313.3554 5181960.1556 1.3686 1.213 1.5241 1912.031 1674.6682 2149.3938 
3410000.0 3410.0 4672286.0024 4141249.1408 5203322.8639 1.3702 1.2144 1.5259 1912.5077 1673.9411 2151.0744 
3420000.0 3420.0 4691176.8362 4158213.8461 5224139.8264 1.3717 1.2159 1.5275 1908.1608 1672.0414 2144.2801 
3430000.0 3430.0 4709647.34 4174405.0415 5244889.6385 1.3731 1.217 1.5291 1896.5721 1657.7291 2135.4152 
3440000.0 3440.0 4728629.2435 4191151.4438 5266107.0432 1.3746 1.2184 1.5308 1896.9084 1660.9228 2132.8939 
3450000.0 3450.0 4747580.6936 4208076.6375 5287084.7497 1.3761 1.2197 1.5325 1896.5828 1666.2179 2126.9476 
3460000.0 3460.0 4766821.4971 4225191.0252 5308451.969 1.3777 1.2212 1.5342 1901.5935 1672.7072 2130.4798 
3470000.0 3470.0 4786115.5251 4242392.5445 5329838.5058 1.3793 1.2226 1.536 1906.8241 1679.4214 2134.2268 
3480000.0 3480.0 4805446.7961 4259587.5203 5351306.072 1.3809 1.224 1.5377 1911.8474 1685.0039 2138.6909 
3490000.0 3490.0 4824480.3681 4276616.3575 5372344.3787 1.3824 1.2254 1.5394 1909.9491 1683.3437 2136.5546 
3500000.0 3500.0 4843896.57 4293812.966 5393980.174 1.384 1.2268 1.5411 1915.7495 1685.6105 2145.8885 
3510000.0 3510.0 4863443.0094 4311316.0343 5415569.9844 1.3856 1.2283 1.5429 1922.7991 1692.3142 2153.2841 
3520000.0 3520.0 4882920.9708 4328664.839 5437177.1025 1.3872 1.2297 1.5447 1927.3102 1693.7257 2160.8948 
3530000.0 3530.0 4902069.8964 4345852.3532 5458287.4395 1.3887 1.2311 1.5463 1925.8881 1694.6728 2157.1034 
3540000.0 3540.0 4921832.2541 4363558.9676 5480105.5406 1.3903 1.2326 1.5481 1935.085 1703.7079 2166.4621 
3550000.0 3550.0 4941368.065 4381224.201 5501511.929 1.3919 1.2341 1.5497 1938.2982 1709.8226 2166.7739 
3560000.0 3560.0 4960933.8058 4398942.258 5522925.3535 1.3935 1.2357 1.5514 1941.7533 1716.6907 2166.8158 
3570000.0 3570.0 4980005.5171 4416555.0323 5543456.002 1.395 1.2371 1.5528 1935.8335 1721.3551 2150.3119 
3580000.0 3580.0 4999559.0002 4434169.8653 5564948.1352 1.3965 1.2386 1.5545 1939.5704 1724.5381 2154.6027 
3590000.0 3590.0 5019085.0689 4451711.378 5586458.7598 1.3981 1.24 1.5561 1941.9125 1729.6456 2154.1794 
3600000.0 3600.0 5038647.3094 4469245.7411 5608048.8777 1.3996 1.2415 1.5578 1944.6164 1732.42 2156.8128 
3610000.0 3610.0 5058401.7036 4486954.203 5629849.2042 1.4012 1.2429 1.5595 1950.348 1737.0743 2163.6217 
3620000.0 3620.0 5077787.1149 4504470.3887 5651103.841 1.4027 1.2443 1.5611 1948.3201 1737.1877 2159.4526 
3630000.0 3630.0 5097615.9019 4522118.3488 5673113.455 1.4043 1.2458 1.5628 1954.6546 1740.382 2168.9272 
3640000.0 3640.0 5117505.7082 4539938.3289 5695073.0876 1.4059 1.2472 1.5646 1961.0115 1744.9368 2177.0862 
3650000.0 3650.0 5137468.4138 4557701.144 5717235.6835 1.4075 1.2487 1.5664 1967.4645 1747.1742 2187.7548 
3660000.0 3660.0 5157086.562 4574728.1429 5739444.9811 1.409 1.2499 1.5682 1966.4794 1733.7609 2199.1978 
3670000.0 3670.0 5176593.6885 4591582.2538 5761605.1232 1.4105 1.2511 1.5699 1963.3241 1720.4053 2206.243 
3680000.0 3680.0 5195912.6558 4608590.5417 5783234.7698 1.4119 1.2523 1.5715 1957.7499 1710.0615 2205.4382 
3690000.0 3690.0 5215067.0336 4625822.8758 5804311.1914 1.4133 1.2536 1.573 1949.8271 1703.8819 2195.7723 
3700000.0 3700.0 5234627.4764 4643210.502 5826044.4508 1.4148 1.2549 1.5746 1950.8918 1703.7057 2198.0778 
3710000.0 3710.0 5254274.19 4660390.065 5848158.315 1.4162 1.2562 1.5763 1953.4956 1699.5547 2207.4365 
3720000.0 3720.0 5274003.3569 4677680.3797 5870326.334 1.4177 1.2574 1.578 1956.8532 1699.4488 2214.2577 
3730000.0 3730.0 5294026.0285 4695245.1636 5892806.8934 1.4193 1.2588 1.5798 1965.1788 1705.4908 2224.8667 
3740000.0 3740.0 5314040.4362 4712943.296 5915137.5765 1.4209 1.2601 1.5816 1971.7918 1714.4714 2229.1121 
3750000.0 3750.0 5334086.2551 4730588.5958 5937583.9145 1.4224 1.2615 1.5834 1977.8598 1720.8643 2234.8552 
3760000.0 3760.0 5354319.1164 4748288.9863 5960349.2464 1.424 1.2628 1.5852 1986.1331 1727.8784 2244.3879 
3770000.0 3770.0 5374486.977 4766065.1519 5982908.8021 1.4256 1.2642 1.587 1991.8364 1735.7436 2247.9291 
3780000.0 3780.0 5394724.4104 4783943.0884 6005505.7324 1.4272 1.2656 1.5888 1997.7308 1743.9037 2251.5578 
3790000.0 3790.0 5415014.7973 4801842.4737 6028187.1208 1.4288 1.267 1.5906 2003.2979 1749.5298 2257.0659 
3800000.0 3800.0 5435161.1133 4819689.1102 6050633.1163 1.4303 1.2683 1.5923 2005.3849 1753.1473 2257.6225 
3810000.0 3810.0 5455081.2335 4837523.0167 6072639.4503 1.4318 1.2697 1.5939 2002.848 1755.1666 2250.5294 
3820000.0 3820.0 5475015.7336 4855402.5676 6094628.8997 1.4333 1.271 1.5955 2001.058 1759.2829 2242.8331 
3830000.0 3830.0 5495084.283 4873371.8023 6116796.7637 1.4347 1.2724 1.5971 2002.2355 1763.3869 2241.0841 
3840000.0 3840.0 5515182.0269 4891351.6172 6139012.4365 1.4362 1.2738 1.5987 2003.6324 1766.6618 2240.6029 
3850000.0 3850.0 5535209.5707 4909151.2091 6161267.9324 1.4377 1.2751 1.6003 2003.4461 1765.5545 2241.3377 
3860000.0 3860.0 5555424.6802 4927317.4384 6183531.9221 1.4392 1.2765 1.602 2006.6506 1769.8275 2243.4737 
3870000.0 3870.0 5575481.2563 4945411.762 6205550.7505 1.4407 1.2779 1.6035 2006.6219 1772.9598 2240.2839 
3880000.0 3880.0 5595641.5894 4963419.732 6227863.4467 1.4422 1.2792 1.6051 2008.465 1775.7599 2241.1701 
3890000.0 3890.0 5615793.2608 4981403.5876 6250182.9339 1.4436 1.2806 1.6067 2009.5399 1775.6154 2243.4644 
3900000.0 3900.0 5635991.5505 4999407.2313 6272575.8697 1.4451 1.2819 1.6084 2011.1881 1776.6451 2245.7311 
3910000.0 3910.0 5656063.1286 5017496.7909 6294629.4663 1.4466 1.2832 1.6099 2010.3675 1779.3371 2241.3979 
3920000.0 3920.0 5676130.6964 5035532.4035 6316728.9892 1.448 1.2846 1.6114 2009.7506 1781.0985 2238.4028 
3930000.0 3930.0 5696074.6664 5053575.6841 6338573.6487 1.4494 1.2859 1.6129 2007.105 1782.3787 2231.8313 
3940000.0 3940.0 5715891.4049 5071200.1589 6360582.6509 1.4507 1.2871 1.6144 2002.2016 1777.7597 2226.6435 
3950000.0 3950.0 5735509.8881 5088838.0565 6382181.7198 1.452 1.2883 1.6157 1994.6464 1771.2896 2218.0031 
3960000.0 3960.0 5755759.2688 5106835.6216 6404682.9159 1.4535 1.2896 1.6173 2000.1237 1775.4872 2224.7603 
3970000.0 3970.0 5775862.773 5124912.4964 6426813.0496 1.4549 1.2909 1.6188 2001.9502 1780.2711 2223.6294 
3980000.0 3980.0 5796136.337 5143263.2965 6449009.3775 1.4563 1.2923 1.6204 2006.7072 1789.1049 2224.3096 
3990000.0 3990.0 5816190.5934 5161378.306 6471002.8808 1.4577 1.2936 1.6218 2006.4345 1792.7926 2220.0764 
4000000.0 4000.0 5835878.5984 5179217.0019 6492540.1949 1.459 1.2948 1.6231 1999.6612 1790.4223 2208.9002 
