10000.0 10.0 -12657.401 nan nan -1.2657 nan nan -231.598 nan nan 
20000.0 20.0 -25535.228 nan nan -1.2768 nan nan -425.041 nan nan 
30000.0 30.0 -39414.663 nan nan -1.3138 nan nan -601.021 nan nan 
40000.0 40.0 -52258.498 nan nan -1.3065 nan nan -725.651 nan nan 
50000.0 50.0 -49404.771 nan nan -0.9881 nan nan -539.269 nan nan 
60000.0 60.0 -47721.441 nan nan -0.7954 nan nan -410.545 nan nan 
70000.0 70.0 -42665.866 nan nan -0.6095 nan nan -242.214 nan nan 
80000.0 80.0 -39637.569 nan nan -0.4955 nan nan -143.479 nan nan 
90000.0 90.0 -40134.514 nan nan -0.4459 nan nan -122.75 nan nan 
100000.0 100.0 -41290.481 nan nan -0.4129 nan nan -122.099 nan nan 
110000.0 110.0 -37822.738 nan nan -0.3438 nan nan -36.229 nan nan 
120000.0 120.0 -32342.406 nan nan -0.2695 nan nan 70.959 nan nan 
130000.0 130.0 -26306.206 nan nan -0.2024 nan nan 168.356 nan nan 
140000.0 140.0 -20497.791 nan nan -0.1464 nan nan 243.733 nan nan 
150000.0 150.0 -14906.349 nan nan -0.0994 nan nan 301.468 nan nan 
160000.0 160.0 -9112.291 nan nan -0.057 nan nan 352.657 nan nan 
170000.0 170.0 -2991.341 nan nan -0.0176 nan nan 400.386 nan nan 
180000.0 180.0 2983.701 nan nan 0.0166 nan nan 436.578 nan nan 
190000.0 190.0 8982.01 nan nan 0.0473 nan nan 466.521 nan nan 
200000.0 200.0 15193.233 nan nan 0.076 nan nan 494.681 nan nan 
210000.0 210.0 20948.567 nan nan 0.0998 nan nan 509.394 nan nan 
220000.0 220.0 26484.679 nan nan 0.1204 nan nan 517.27 nan nan 
230000.0 230.0 32019.421 nan nan 0.1392 nan nan 523.823 nan nan 
240000.0 240.0 37078.179 nan nan 0.1545 nan nan 520.398 nan nan 
250000.0 250.0 41991.299 nan nan 0.168 nan nan 514.858 nan nan 
260000.0 260.0 47352.676 nan nan 0.1821 nan nan 518.727 nan nan 
270000.0 270.0 53185.143 nan nan 0.197 nan nan 530.725 nan nan 
280000.0 280.0 59603.342 nan nan 0.2129 nan nan 551.145 nan nan 
290000.0 290.0 65015.044 nan nan 0.2242 nan nan 549.664 nan nan 
300000.0 300.0 70882.112 nan nan 0.2363 nan nan 556.213 nan nan 
310000.0 310.0 76179.266 nan nan 0.2457 nan nan 551.384 nan nan 
320000.0 320.0 82921.723 nan nan 0.2591 nan nan 574.539 nan nan 
330000.0 330.0 89818.262 nan nan 0.2722 nan nan 595.349 nan nan 
340000.0 340.0 97015.477 nan nan 0.2853 nan nan 618.158 nan nan 
350000.0 350.0 102989.113 nan nan 0.2943 nan nan 614.805 nan nan 
360000.0 360.0 109975.339 nan nan 0.3055 nan nan 630.518 nan nan 
370000.0 370.0 117533.542 nan nan 0.3177 nan nan 653.25 nan nan 
380000.0 380.0 124989.84 nan nan 0.3289 nan nan 670.284 nan nan 
390000.0 390.0 132263.055 nan nan 0.3391 nan nan 680.559 nan nan 
400000.0 400.0 139507.355 nan nan 0.3488 nan nan 688.637 nan nan 
410000.0 410.0 146864.048 nan nan 0.3582 nan nan 697.572 nan nan 
420000.0 420.0 155093.477 nan nan 0.3693 nan nan 720.66 nan nan 
430000.0 430.0 164010.873 nan nan 0.3814 nan nan 752.312 nan nan 
440000.0 440.0 172546.219 nan nan 0.3922 nan nan 770.688 nan nan 
450000.0 450.0 181525.534 nan nan 0.4034 nan nan 793.82 nan nan 
460000.0 460.0 190902.803 nan nan 0.415 nan nan 820.006 nan nan 
470000.0 470.0 199530.795 nan nan 0.4245 nan nan 828.029 nan nan 
480000.0 480.0 208238.327 nan nan 0.4338 nan nan 835.995 nan nan 
490000.0 490.0 217818.349 nan nan 0.4445 nan nan 858.24 nan nan 
500000.0 500.0 227293.49 nan nan 0.4546 nan nan 874.666 nan nan 
510000.0 510.0 236532.457 nan nan 0.4638 nan nan 883.646 nan nan 
520000.0 520.0 245214.574 nan nan 0.4716 nan nan 880.816 nan nan 
530000.0 530.0 252616.232 nan nan 0.4766 nan nan 854.404 nan nan 
540000.0 540.0 260440.183 nan nan 0.4823 nan nan 841.055 nan nan 
550000.0 550.0 268280.843 nan nan 0.4878 nan nan 831.627 nan nan 
560000.0 560.0 277732.807 nan nan 0.496 nan nan 852.603 nan nan 
570000.0 570.0 287803.165 nan nan 0.5049 nan nan 880.573 nan nan 
580000.0 580.0 297248.48 nan nan 0.5125 nan nan 890.985 nan nan 
