10000.0 10.0 -13123.394 nan nan -1.3123 nan nan -240.18 nan nan 
20000.0 20.0 -26274.121 nan nan -1.3137 nan nan -436.88 nan nan 
30000.0 30.0 -39172.145 nan nan -1.3057 nan nan -591.907 nan nan 
40000.0 40.0 -51357.766 nan nan -1.2839 nan nan -707.608 nan nan 
50000.0 50.0 -62619.923 nan nan -1.2524 nan nan -783.785 nan nan 
60000.0 60.0 -74801.256 nan nan -1.2467 nan nan -863.085 nan nan 
70000.0 70.0 -84498.824 nan nan -1.2071 nan nan -881.278 nan nan 
80000.0 80.0 -91320.5 nan nan -1.1415 nan nan -845.227 nan nan 
90000.0 90.0 -99648.017 nan nan -1.1072 nan nan -841.104 nan nan 
100000.0 100.0 -103629.471 nan nan -1.0363 nan nan -758.687 nan nan 
110000.0 110.0 -107268.485 nan nan -0.9752 nan nan -689.111 nan nan 
120000.0 120.0 -108772.593 nan nan -0.9064 nan nan -590.307 nan nan 
130000.0 130.0 -110559.216 nan nan -0.8505 nan nan -515.851 nan nan 
140000.0 140.0 -109787.991 nan nan -0.7842 nan nan -405.877 nan nan 
150000.0 150.0 -106992.826 nan nan -0.7133 nan nan -281.306 nan nan 
160000.0 160.0 -106835.703 nan nan -0.6677 nan nan -223.298 nan nan 
170000.0 170.0 -106896.56 nan nan -0.6288 nan nan -183.621 nan nan 
180000.0 180.0 -103805.761 nan nan -0.5767 nan nan -94.687 nan nan 
190000.0 190.0 -101895.999 nan nan -0.5363 nan nan -42.346 nan nan 
200000.0 200.0 -100540.81 nan nan -0.5027 nan nan -12.709 nan nan 
210000.0 210.0 -99349.638 nan nan -0.4731 nan nan 9.507 nan nan 
220000.0 220.0 -98338.138 nan nan -0.447 nan nan 31.509 nan nan 
230000.0 230.0 -95108.332 nan nan -0.4135 nan nan 83.683 nan nan 
240000.0 240.0 -92506.451 nan nan -0.3854 nan nan 116.162 nan nan 
250000.0 250.0 -89951.108 nan nan -0.3598 nan nan 142.443 nan nan 
260000.0 260.0 -86579.48 nan nan -0.333 nan nan 176.45 nan nan 
270000.0 270.0 -80969.511 nan nan -0.2999 nan nan 247.064 nan nan 
280000.0 280.0 -75581.995 nan nan -0.2699 nan nan 300.667 nan nan 
290000.0 290.0 -69561.516 nan nan -0.2399 nan nan 357.142 nan nan 
300000.0 300.0 -61143.667 nan nan -0.2038 nan nan 446.688 nan nan 
310000.0 310.0 -50958.272 nan nan -0.1644 nan nan 552.059 nan nan 
320000.0 320.0 -38344.835 nan nan -0.1198 nan nan 682.11 nan nan 
330000.0 330.0 -26044.613 nan nan -0.0789 nan nan 782.49 nan nan 
340000.0 340.0 -17886.46 nan nan -0.0526 nan nan 788.923 nan nan 
350000.0 350.0 -9016.23 nan nan -0.0258 nan nan 805.762 nan nan 
360000.0 360.0 -611.295 nan nan -0.0017 nan nan 812.355 nan nan 
370000.0 370.0 9600.572 nan nan 0.0259 nan nan 851.286 nan nan 
380000.0 380.0 21458.662 nan nan 0.0565 nan nan 912.823 nan nan 
390000.0 390.0 34174.007 nan nan 0.0876 nan nan 978.709 nan nan 
400000.0 400.0 47369.867 nan nan 0.1184 nan nan 1041.356 nan nan 
410000.0 410.0 59974.361 nan nan 0.1463 nan nan 1080.825 nan nan 
420000.0 420.0 71205.03 nan nan 0.1695 nan nan 1089.061 nan nan 
430000.0 430.0 81967.379 nan nan 0.1906 nan nan 1088.7 nan nan 
440000.0 440.0 88145.144 nan nan 0.2003 nan nan 1008.329 nan nan 
450000.0 450.0 99347.921 nan nan 0.2208 nan nan 1029.303 nan nan 
460000.0 460.0 110178.452 nan nan 0.2395 nan nan 1040.489 nan nan 
470000.0 470.0 123387.464 nan nan 0.2625 nan nan 1092.61 nan nan 
480000.0 480.0 137979.495 nan nan 0.2875 nan nan 1158.952 nan nan 
490000.0 490.0 151700.34 nan nan 0.3096 nan nan 1197.283 nan nan 
500000.0 500.0 165754.7 nan nan 0.3315 nan nan 1235.135 nan nan 
510000.0 510.0 178723.473 nan nan 0.3504 nan nan 1246.027 nan nan 
520000.0 520.0 191824.534 nan nan 0.3689 nan nan 1257.934 nan nan 
530000.0 530.0 206276.994 nan nan 0.3892 nan nan 1292.813 nan nan 
540000.0 540.0 221738.693 nan nan 0.4106 nan nan 1339.224 nan nan 
550000.0 550.0 236837.743 nan nan 0.4306 nan nan 1369.755 nan nan 
560000.0 560.0 251706.073 nan nan 0.4495 nan nan 1391.096 nan nan 
570000.0 570.0 265920.774 nan nan 0.4665 nan nan 1395.704 nan nan 
580000.0 580.0 279342.452 nan nan 0.4816 nan nan 1386.396 nan nan 
590000.0 590.0 293476.226 nan nan 0.4974 nan nan 1390.762 nan nan 
600000.0 600.0 307793.096 nan nan 0.513 nan nan 1399.726 nan nan 
610000.0 610.0 322296.231 nan nan 0.5284 nan nan 1408.448 nan nan 
620000.0 620.0 336908.751 nan nan 0.5434 nan nan 1417.805 nan nan 
630000.0 630.0 352267.734 nan nan 0.5592 nan nan 1439.393 nan nan 
640000.0 640.0 367274.929 nan nan 0.5739 nan nan 1450.766 nan nan 
650000.0 650.0 380875.531 nan nan 0.586 nan nan 1434.897 nan nan 
660000.0 660.0 396298.257 nan nan 0.6005 nan nan 1454.397 nan nan 
670000.0 670.0 410813.72 nan nan 0.6132 nan nan 1454.285 nan nan 
680000.0 680.0 427020.898 nan nan 0.628 nan nan 1485.227 nan nan 
690000.0 690.0 443295.395 nan nan 0.6425 nan nan 1510.993 nan nan 
700000.0 700.0 459915.334 nan nan 0.657 nan nan 1538.704 nan nan 
710000.0 710.0 472725.132 nan nan 0.6658 nan nan 1490.325 nan nan 
720000.0 720.0 488990.577 nan nan 0.6792 nan nan 1515.414 nan nan 
730000.0 730.0 504710.807 nan nan 0.6914 nan nan 1524.672 nan nan 
740000.0 740.0 520984.941 nan nan 0.704 nan nan 1543.357 nan nan 
750000.0 750.0 537018.538 nan nan 0.716 nan nan 1554.628 nan nan 
760000.0 760.0 553091.637 nan nan 0.7278 nan nan 1564.288 nan nan 
770000.0 770.0 569128.761 nan nan 0.7391 nan nan 1571.708 nan nan 
780000.0 780.0 585303.767 nan nan 0.7504 nan nan 1579.873 nan nan 
790000.0 790.0 601273.756 nan nan 0.7611 nan nan 1582.714 nan nan 
800000.0 800.0 616785.657 nan nan 0.771 nan nan 1576.799 nan nan 
810000.0 810.0 632253.466 nan nan 0.7806 nan nan 1571.738 nan nan 
820000.0 820.0 647778.876 nan nan 0.79 nan nan 1568.011 nan nan 
830000.0 830.0 663616.666 nan nan 0.7995 nan nan 1571.156 nan nan 
840000.0 840.0 679347.708 nan nan 0.8087 nan nan 1571.43 nan nan 
850000.0 850.0 694933.056 nan nan 0.8176 nan nan 1569.279 nan nan 
860000.0 860.0 711144.591 nan nan 0.8269 nan nan 1578.912 nan nan 
870000.0 870.0 727619.956 nan nan 0.8363 nan nan 1591.43 nan nan 
880000.0 880.0 743937.264 nan nan 0.8454 nan nan 1598.606 nan nan 
890000.0 890.0 760563.117 nan nan 0.8546 nan nan 1610.385 nan nan 
900000.0 900.0 776629.201 nan nan 0.8629 nan nan 1609.624 nan nan 
910000.0 910.0 792685.008 nan nan 0.8711 nan nan 1608.895 nan nan 
920000.0 920.0 808575.556 nan nan 0.8789 nan nan 1605.46 nan nan 
930000.0 930.0 824807.857 nan nan 0.8869 nan nan 1608.648 nan nan 
940000.0 940.0 840134.415 nan nan 0.8938 nan nan 1594.606 nan nan 
950000.0 950.0 854738.39 nan nan 0.8997 nan nan 1569.648 nan nan 
960000.0 960.0 869336.469 nan nan 0.9056 nan nan 1549.822 nan nan 
970000.0 970.0 885105.95 nan nan 0.9125 nan nan 1555.619 nan nan 
980000.0 980.0 900666.744 nan nan 0.919 nan nan 1555.815 nan nan 
990000.0 990.0 916718.26 nan nan 0.926 nan nan 1564.529 nan nan 
1000000.0 1000.0 932749.978 nan nan 0.9327 nan nan 1571.739 nan nan 
1010000.0 1010.0 949250.686 nan nan 0.9399 nan nan 1586.393 nan nan 
1020000.0 1020.0 966034.644 nan nan 0.9471 nan nan 1603.096 nan nan 
1030000.0 1030.0 982159.488 nan nan 0.9536 nan nan 1604.613 nan nan 
1040000.0 1040.0 998251.998 nan nan 0.9599 nan nan 1605.58 nan nan 
1050000.0 1050.0 1014127.01 nan nan 0.9658 nan nan 1602.242 nan nan 
1060000.0 1060.0 1029564.476 nan nan 0.9713 nan nan 1591.863 nan nan 
1070000.0 1070.0 1045887.994 nan nan 0.9775 nan nan 1599.638 nan nan 
1080000.0 1080.0 1062117.482 nan nan 0.9834 nan nan 1603.505 nan nan 
1090000.0 1090.0 1078583.322 nan nan 0.9895 nan nan 1611.098 nan nan 
1100000.0 1100.0 1095031.268 nan nan 0.9955 nan nan 1617.345 nan nan 
1110000.0 1110.0 1111700.049 nan nan 1.0015 nan nan 1626.947 nan nan 
1120000.0 1120.0 1128689.743 nan nan 1.0078 nan nan 1640.405 nan nan 
1130000.0 1130.0 1145148.994 nan nan 1.0134 nan nan 1641.6 nan nan 
1140000.0 1140.0 1162153.685 nan nan 1.0194 nan nan 1652.313 nan nan 
1150000.0 1150.0 1177317.212 nan nan 1.0238 nan nan 1627.362 nan nan 
1160000.0 1160.0 1193863.944 nan nan 1.0292 nan nan 1632.419 nan nan 
1170000.0 1170.0 1211132.294 nan nan 1.0352 nan nan 1649.616 nan nan 
1180000.0 1180.0 1227599.039 nan nan 1.0403 nan nan 1649.362 nan nan 
1190000.0 1190.0 1244615.711 nan nan 1.0459 nan nan 1658.788 nan nan 
1200000.0 1200.0 1261207.595 nan nan 1.051 nan nan 1658.455 nan nan 
1210000.0 1210.0 1277924.451 nan nan 1.0561 nan nan 1661.177 nan nan 
1220000.0 1220.0 1294607.724 nan nan 1.0612 nan nan 1662.693 nan nan 
1230000.0 1230.0 1311749.014 nan nan 1.0665 nan nan 1671.972 nan nan 
1240000.0 1240.0 1328488.214 nan nan 1.0714 nan nan 1671.945 nan nan 
1250000.0 1250.0 1345032.955 nan nan 1.076 nan nan 1669.238 nan nan 
1260000.0 1260.0 1361902.206 nan nan 1.0809 nan nan 1672.419 nan nan 
1270000.0 1270.0 1379489.659 nan nan 1.0862 nan nan 1687.863 nan nan 
1280000.0 1280.0 1396906.249 nan nan 1.0913 nan nan 1697.642 nan nan 
1290000.0 1290.0 1413670.843 nan nan 1.0959 nan nan 1693.488 nan nan 
1300000.0 1300.0 1430496.671 nan nan 1.1004 nan nan 1691.647 nan nan 
1310000.0 1310.0 1447499.392 nan nan 1.105 nan nan 1693.041 nan nan 
1320000.0 1320.0 1464478.913 nan nan 1.1095 nan nan 1694.042 nan nan 
1330000.0 1330.0 1481473.225 nan nan 1.1139 nan nan 1695.375 nan nan 
1340000.0 1340.0 1498447.676 nan nan 1.1182 nan nan 1695.871 nan nan 
1350000.0 1350.0 1515639.233 nan nan 1.1227 nan nan 1700.273 nan nan 
1360000.0 1360.0 1532574.977 nan nan 1.1269 nan nan 1699.393 nan nan 
1370000.0 1370.0 1550265.748 nan nan 1.1316 nan nan 1711.963 nan nan 
1380000.0 1380.0 1567800.55 nan nan 1.1361 nan nan 1719.313 nan nan 
1390000.0 1390.0 1585601.895 nan nan 1.1407 nan nan 1730.521 nan nan 
1400000.0 1400.0 1602681.869 nan nan 1.1448 nan nan 1726.558 nan nan 
1410000.0 1410.0 1619471.373 nan nan 1.1486 nan nan 1717.694 nan nan 
1420000.0 1420.0 1636530.205 nan nan 1.1525 nan nan 1716.339 nan nan 
1430000.0 1430.0 1653195.986 nan nan 1.1561 nan nan 1707.324 nan nan 
1440000.0 1440.0 1669860.247 nan nan 1.1596 nan nan 1699.713 nan nan 
1450000.0 1450.0 1686858.822 nan nan 1.1634 nan nan 1700.033 nan nan 
1460000.0 1460.0 1703720.545 nan nan 1.1669 nan nan 1697.212 nan nan 
1470000.0 1470.0 1719751.509 nan nan 1.1699 nan nan 1679.738 nan nan 
1480000.0 1480.0 1737286.815 nan nan 1.1738 nan nan 1693.492 nan nan 
1490000.0 1490.0 1754912.83 nan nan 1.1778 nan nan 1706.882 nan nan 
1500000.0 1500.0 1772681.169 nan nan 1.1818 nan nan 1719.952 nan nan 
1510000.0 1510.0 1790026.73 nan nan 1.1854 nan nan 1722.433 nan nan 
1520000.0 1520.0 1807427.421 nan nan 1.1891 nan nan 1725.901 nan nan 
1530000.0 1530.0 1824943.714 nan nan 1.1928 nan nan 1730.712 nan nan 
1540000.0 1540.0 1842198.031 nan nan 1.1962 nan nan 1730.068 nan nan 
1550000.0 1550.0 1859689.526 nan nan 1.1998 nan nan 1733.48 nan nan 
1560000.0 1560.0 1877046.469 nan nan 1.2032 nan nan 1733.869 nan nan 
1570000.0 1570.0 1894682.05 nan nan 1.2068 nan nan 1739.126 nan nan 
1580000.0 1580.0 1911800.184 nan nan 1.21 nan nan 1734.061 nan nan 
1590000.0 1590.0 1929747.619 nan nan 1.2137 nan nan 1745.198 nan nan 
1600000.0 1600.0 1946652.73 nan nan 1.2167 nan nan 1734.865 nan nan 
1610000.0 1610.0 1963694.207 nan nan 1.2197 nan nan 1729.227 nan nan 
1620000.0 1620.0 1980749.381 nan nan 1.2227 nan nan 1725.308 nan nan 
1630000.0 1630.0 1998196.24 nan nan 1.2259 nan nan 1728.857 nan nan 
1640000.0 1640.0 2015197.862 nan nan 1.2288 nan nan 1723.647 nan nan 
1650000.0 1650.0 2031548.177 nan nan 1.2312 nan nan 1707.531 nan nan 
1660000.0 1660.0 2049321.579 nan nan 1.2345 nan nan 1720.381 nan nan 
1670000.0 1670.0 2067249.417 nan nan 1.2379 nan nan 1733.808 nan nan 
1680000.0 1680.0 2084701.284 nan nan 1.2409 nan nan 1735.563 nan nan 
1690000.0 1690.0 2101747.606 nan nan 1.2436 nan nan 1729.48 nan nan 
1700000.0 1700.0 2118647.488 nan nan 1.2463 nan nan 1722.371 nan nan 
1710000.0 1710.0 2136051.048 nan nan 1.2492 nan nan 1725.947 nan nan 
1720000.0 1720.0 2153640.388 nan nan 1.2521 nan nan 1732.238 nan nan 
1730000.0 1730.0 2171266.544 nan nan 1.2551 nan nan 1737.857 nan nan 
1740000.0 1740.0 2188814.391 nan nan 1.2579 nan nan 1741.004 nan nan 
1750000.0 1750.0 2205967.602 nan nan 1.2606 nan nan 1735.845 nan nan 
1760000.0 1760.0 2223718.406 nan nan 1.2635 nan nan 1743.018 nan nan 
1770000.0 1770.0 2241396.824 nan nan 1.2663 nan nan 1747.491 nan nan 
1780000.0 1780.0 2259167.428 nan nan 1.2692 nan nan 1752.875 nan nan 
1790000.0 1790.0 2277406.595 nan nan 1.2723 nan nan 1766.106 nan nan 
1800000.0 1800.0 2295178.392 nan nan 1.2751 nan nan 1767.971 nan nan 
1810000.0 1810.0 2313613.109 nan nan 1.2782 nan nan 1782.067 nan nan 
1820000.0 1820.0 2331881.362 nan nan 1.2813 nan nan 1789.751 nan nan 
1830000.0 1830.0 2349895.005 nan nan 1.2841 nan nan 1792.159 nan nan 
1840000.0 1840.0 2368372.764 nan nan 1.2872 nan nan 1802.509 nan nan 
1850000.0 1850.0 2386883.398 nan nan 1.2902 nan nan 1811.863 nan nan 
1860000.0 1860.0 2405308.838 nan nan 1.2932 nan nan 1817.263 nan nan 
1870000.0 1870.0 2424108.429 nan nan 1.2963 nan nan 1828.553 nan nan 
1880000.0 1880.0 2442191.931 nan nan 1.299 nan nan 1824.841 nan nan 
1890000.0 1890.0 2461065.767 nan nan 1.3022 nan nan 1836.113 nan nan 
1900000.0 1900.0 2479805.105 nan nan 1.3052 nan nan 1843.181 nan nan 
1910000.0 1910.0 2498401.027 nan nan 1.3081 nan nan 1845.865 nan nan 
1920000.0 1920.0 2516932.912 nan nan 1.3109 nan nan 1847.093 nan nan 
1930000.0 1930.0 2535564.689 nan nan 1.3138 nan nan 1850.172 nan nan 
1940000.0 1940.0 2554252.018 nan nan 1.3166 nan nan 1853.374 nan nan 
1950000.0 1950.0 2572886.675 nan nan 1.3194 nan nan 1855.275 nan nan 
1960000.0 1960.0 2591363.39 nan nan 1.3221 nan nan 1854.192 nan nan 
1970000.0 1970.0 2609572.842 nan nan 1.3247 nan nan 1848.327 nan nan 
1980000.0 1980.0 2628090.158 nan nan 1.3273 nan nan 1848.787 nan nan 
1990000.0 1990.0 2646396.207 nan nan 1.3298 nan nan 1845.201 nan nan 
2000000.0 2000.0 2664924.505 nan nan 1.3325 nan nan 1846.495 nan nan 
2010000.0 2010.0 2682912.44 nan nan 1.3348 nan nan 1837.185 nan nan 
2020000.0 2020.0 2700966.797 nan nan 1.3371 nan nan 1831.388 nan nan 
2030000.0 2030.0 2719499.07 nan nan 1.3397 nan nan 1835.682 nan nan 
2040000.0 2040.0 2738140.526 nan nan 1.3422 nan nan 1840.897 nan nan 
2050000.0 2050.0 2756749.413 nan nan 1.3448 nan nan 1844.498 nan nan 
2060000.0 2060.0 2775340.239 nan nan 1.3473 nan nan 1847.019 nan nan 
2070000.0 2070.0 2793820.137 nan nan 1.3497 nan nan 1847.804 nan nan 
2080000.0 2080.0 2812709.306 nan nan 1.3523 nan nan 1855.082 nan nan 
2090000.0 2090.0 2831099.636 nan nan 1.3546 nan nan 1852.376 nan nan 
2100000.0 2100.0 2849122.708 nan nan 1.3567 nan nan 1843.618 nan nan 
2110000.0 2110.0 2868440.045 nan nan 1.3595 nan nan 1860.017 nan nan 
2120000.0 2120.0 2887259.977 nan nan 1.3619 nan nan 1863.706 nan nan 
2130000.0 2130.0 2905644.145 nan nan 1.3642 nan nan 1859.383 nan nan 
2140000.0 2140.0 2924858.584 nan nan 1.3668 nan nan 1870.445 nan nan 
2150000.0 2150.0 2943616.794 nan nan 1.3691 nan nan 1871.885 nan nan 
2160000.0 2160.0 2961948.155 nan nan 1.3713 nan nan 1864.983 nan nan 
2170000.0 2170.0 2980789.452 nan nan 1.3736 nan nan 1868.787 nan nan 
2180000.0 2180.0 2999534.168 nan nan 1.3759 nan nan 1869.581 nan nan 
2190000.0 2190.0 3017851.013 nan nan 1.378 nan nan 1862.951 nan nan 
2200000.0 2200.0 3036117.439 nan nan 1.3801 nan nan 1856.299 nan nan 
2210000.0 2210.0 3054588.959 nan nan 1.3822 nan nan 1855.147 nan nan 
2220000.0 2220.0 3073542.466 nan nan 1.3845 nan nan 1862.709 nan nan 
2230000.0 2230.0 3092196.624 nan nan 1.3866 nan nan 1862.661 nan nan 
2240000.0 2240.0 3111057.439 nan nan 1.3889 nan nan 1867.115 nan nan 
2250000.0 2250.0 3129775.523 nan nan 1.391 nan nan 1867.45 nan nan 
2260000.0 2260.0 3148351.348 nan nan 1.3931 nan nan 1866.099 nan nan 
2270000.0 2270.0 3166985.885 nan nan 1.3951 nan nan 1866.035 nan nan 
2280000.0 2280.0 3185560.239 nan nan 1.3972 nan nan 1864.236 nan nan 
2290000.0 2290.0 3204962.529 nan nan 1.3995 nan nan 1878.394 nan nan 
2300000.0 2300.0 3224452.925 nan nan 1.4019 nan nan 1891.296 nan nan 
2310000.0 2310.0 3244047.519 nan nan 1.4043 nan nan 1904.245 nan nan 
2320000.0 2320.0 3262903.93 nan nan 1.4064 nan nan 1901.185 nan nan 
2330000.0 2330.0 3281449.105 nan nan 1.4083 nan nan 1892.269 nan nan 
2340000.0 2340.0 3299156.392 nan nan 1.4099 nan nan 1870.083 nan nan 
2350000.0 2350.0 3317625.79 nan nan 1.4118 nan nan 1866.041 nan nan 
2360000.0 2360.0 3337280.725 nan nan 1.4141 nan nan 1884.406 nan nan 
2370000.0 2370.0 3356508.055 nan nan 1.4162 nan nan 1891.268 nan nan 
2380000.0 2380.0 3375844.504 nan nan 1.4184 nan nan 1898.963 nan nan 
2390000.0 2390.0 3394471.93 nan nan 1.4203 nan nan 1892.222 nan nan 
2400000.0 2400.0 3412966.355 nan nan 1.4221 nan nan 1884.954 nan nan 
2410000.0 2410.0 3431883.023 nan nan 1.424 nan nan 1886.383 nan nan 
2420000.0 2420.0 3451257.581 nan nan 1.4261 nan nan 1896.129 nan nan 
2430000.0 2430.0 3470142.8 nan nan 1.428 nan nan 1894.215 nan nan 
2440000.0 2440.0 3489380.6 nan nan 1.4301 nan nan 1899.485 nan nan 
2450000.0 2450.0 3507275.589 nan nan 1.4315 nan nan 1879.603 nan nan 
2460000.0 2460.0 3524557.488 nan nan 1.4327 nan nan 1851.908 nan nan 
2470000.0 2470.0 3543837.523 nan nan 1.4348 nan nan 1866.142 nan nan 
2480000.0 2480.0 3563463.964 nan nan 1.4369 nan nan 1883.991 nan nan 
2490000.0 2490.0 3583227.488 nan nan 1.439 nan nan 1900.823 nan nan 
2500000.0 2500.0 3602617.733 nan nan 1.441 nan nan 1907.571 nan nan 
2510000.0 2510.0 3621976.037 nan nan 1.443 nan nan 1912.43 nan nan 
2520000.0 2520.0 3641141.382 nan nan 1.4449 nan nan 1913.392 nan nan 
2530000.0 2530.0 3660090.174 nan nan 1.4467 nan nan 1909.683 nan nan 
2540000.0 2540.0 3678996.49 nan nan 1.4484 nan nan 1906.271 nan nan 
2550000.0 2550.0 3698014.932 nan nan 1.4502 nan nan 1905.302 nan nan 
2560000.0 2560.0 3717757.886 nan nan 1.4522 nan nan 1918.119 nan nan 
2570000.0 2570.0 3737582.578 nan nan 1.4543 nan nan 1929.606 nan nan 
2580000.0 2580.0 3757312.921 nan nan 1.4563 nan nan 1937.208 nan nan 
2590000.0 2590.0 3776763.844 nan nan 1.4582 nan nan 1938.909 nan nan 
2600000.0 2600.0 3795946.027 nan nan 1.46 nan nan 1935.084 nan nan 
2610000.0 2610.0 3815511.003 nan nan 1.4619 nan nan 1939.246 nan nan 
2620000.0 2620.0 3835526.57 nan nan 1.4639 nan nan 1950.419 nan nan 
2630000.0 2630.0 3854616.33 nan nan 1.4656 nan nan 1942.492 nan nan 
2640000.0 2640.0 3873249.321 nan nan 1.4671 nan nan 1928.02 nan nan 
2650000.0 2650.0 3892228.875 nan nan 1.4688 nan nan 1922.671 nan nan 
2660000.0 2660.0 3911421.251 nan nan 1.4705 nan nan 1922.126 nan nan 
2670000.0 2670.0 3931200.162 nan nan 1.4724 nan nan 1932.581 nan nan 
2680000.0 2680.0 3951057.725 nan nan 1.4743 nan nan 1942.075 nan nan 
2690000.0 2690.0 3970999.694 nan nan 1.4762 nan nan 1951.756 nan nan 
2700000.0 2700.0 3990987.404 nan nan 1.4781 nan nan 1960.508 nan nan 
2710000.0 2710.0 4010979.177 nan nan 1.4801 nan nan 1967.647 nan nan 
2720000.0 2720.0 4030971.736 nan nan 1.482 nan nan 1973.733 nan nan 
2730000.0 2730.0 4051335.374 nan nan 1.484 nan nan 1985.16 nan nan 
2740000.0 2740.0 4071754.649 nan nan 1.486 nan nan 1995.536 nan nan 
2750000.0 2750.0 4091601.134 nan nan 1.4879 nan nan 1993.16 nan nan 
2760000.0 2760.0 4111296.014 nan nan 1.4896 nan nan 1988.88 nan nan 
2770000.0 2770.0 4130596.72 nan nan 1.4912 nan nan 1977.574 nan nan 
2780000.0 2780.0 4149769.508 nan nan 1.4927 nan nan 1967.378 nan nan 
2790000.0 2790.0 4169117.471 nan nan 1.4943 nan nan 1960.836 nan nan 
2800000.0 2800.0 4188516.758 nan nan 1.4959 nan nan 1957.127 nan nan 
2810000.0 2810.0 4208113.991 nan nan 1.4975 nan nan 1957.978 nan nan 
2820000.0 2820.0 4227432.219 nan nan 1.4991 nan nan 1953.406 nan nan 
2830000.0 2830.0 4246709.792 nan nan 1.5006 nan nan 1948.906 nan nan 
2840000.0 2840.0 4265862.529 nan nan 1.5021 nan nan 1941.987 nan nan 
2850000.0 2850.0 4284532.001 nan nan 1.5033 nan nan 1927.747 nan nan 
2860000.0 2860.0 4303648.233 nan nan 1.5048 nan nan 1925.059 nan nan 
2870000.0 2870.0 4323248.832 nan nan 1.5064 nan nan 1931.323 nan nan 
2880000.0 2880.0 4342258.836 nan nan 1.5077 nan nan 1925.683 nan nan 
2890000.0 2890.0 4361745.23 nan nan 1.5093 nan nan 1929.807 nan nan 
2900000.0 2900.0 4381148.415 nan nan 1.5107 nan nan 1931.856 nan nan 
2910000.0 2910.0 4400209.8 nan nan 1.5121 nan nan 1926.326 nan nan 
2920000.0 2920.0 4419489.723 nan nan 1.5135 nan nan 1927.0 nan nan 
2930000.0 2930.0 4439162.41 nan nan 1.5151 nan nan 1934.176 nan nan 
2940000.0 2940.0 4458691.067 nan nan 1.5166 nan nan 1937.738 nan nan 
2950000.0 2950.0 4477385.278 nan nan 1.5178 nan nan 1924.958 nan nan 
2960000.0 2960.0 4496338.931 nan nan 1.519 nan nan 1919.929 nan nan 
2970000.0 2970.0 4515604.675 nan nan 1.5204 nan nan 1921.106 nan nan 
2980000.0 2980.0 4534951.847 nan nan 1.5218 nan nan 1923.387 nan nan 
2990000.0 2990.0 4554650.406 nan nan 1.5233 nan nan 1931.877 nan nan 
3000000.0 3000.0 4574136.337 nan nan 1.5247 nan nan 1934.812 nan nan 
3010000.0 3010.0 4593020.13 nan nan 1.5259 nan nan 1925.809 nan nan 
3020000.0 3020.0 4611848.282 nan nan 1.5271 nan nan 1918.091 nan nan 
3030000.0 3030.0 4630747.743 nan nan 1.5283 nan nan 1913.176 nan nan 
3040000.0 3040.0 4650105.017 nan nan 1.5296 nan nan 1917.576 nan nan 
3050000.0 3050.0 4669312.827 nan nan 1.5309 nan nan 1918.007 nan nan 
3060000.0 3060.0 4688602.184 nan nan 1.5322 nan nan 1919.91 nan nan 
3070000.0 3070.0 4708207.227 nan nan 1.5336 nan nan 1927.764 nan nan 
3080000.0 3080.0 4727979.002 nan nan 1.5351 nan nan 1936.692 nan nan 
3090000.0 3090.0 4747271.897 nan nan 1.5363 nan nan 1935.037 nan nan 
3100000.0 3100.0 4766716.253 nan nan 1.5377 nan nan 1936.618 nan nan 
3110000.0 3110.0 4786391.958 nan nan 1.539 nan nan 1942.275 nan nan 
3120000.0 3120.0 4805978.588 nan nan 1.5404 nan nan 1945.333 nan nan 
3130000.0 3130.0 4825445.955 nan nan 1.5417 nan nan 1945.746 nan nan 
3140000.0 3140.0 4845365.885 nan nan 1.5431 nan nan 1954.243 nan nan 
3150000.0 3150.0 4864430.707 nan nan 1.5443 nan nan 1945.428 nan nan 
3160000.0 3160.0 4883345.321 nan nan 1.5454 nan nan 1935.674 nan nan 
3170000.0 3170.0 4902784.64 nan nan 1.5466 nan nan 1937.651 nan nan 
3180000.0 3180.0 4923034.228 nan nan 1.5481 nan nan 1953.544 nan nan 
3190000.0 3190.0 4942752.562 nan nan 1.5495 nan nan 1957.064 nan nan 
3200000.0 3200.0 4963040.288 nan nan 1.551 nan nan 1970.229 nan nan 
3210000.0 3210.0 4982573.84 nan nan 1.5522 nan nan 1967.261 nan nan 
3220000.0 3220.0 5002839.736 nan nan 1.5537 nan nan 1977.901 nan nan 
3230000.0 3230.0 5022649.756 nan nan 1.555 nan nan 1978.435 nan nan 
3240000.0 3240.0 5042327.279 nan nan 1.5563 nan nan 1976.118 nan nan 
3250000.0 3250.0 5062112.649 nan nan 1.5576 nan nan 1977.012 nan nan 
3260000.0 3260.0 5082068.828 nan nan 1.5589 nan nan 1980.485 nan nan 
3270000.0 3270.0 5102736.29 nan nan 1.5605 nan nan 1996.253 nan nan 
3280000.0 3280.0 5122708.111 nan nan 1.5618 nan nan 1996.357 nan nan 
3290000.0 3290.0 5142803.579 nan nan 1.5632 nan nan 1999.004 nan nan 
3300000.0 3300.0 5163091.386 nan nan 1.5646 nan nan 2004.318 nan nan 
3310000.0 3310.0 5183281.477 nan nan 1.5659 nan nan 2007.078 nan nan 
3320000.0 3320.0 5202018.792 nan nan 1.5669 nan nan 1980.606 nan nan 
3330000.0 3330.0 5221743.209 nan nan 1.5681 nan nan 1979.035 nan nan 
3340000.0 3340.0 5241862.56 nan nan 1.5694 nan nan 1984.951 nan nan 
3350000.0 3350.0 5262244.283 nan nan 1.5708 nan nan 1994.569 nan nan 
3360000.0 3360.0 5282144.016 nan nan 1.5721 nan nan 1993.451 nan nan 
3370000.0 3370.0 5302101.4 nan nan 1.5733 nan nan 1993.813 nan nan 
3380000.0 3380.0 5321913.112 nan nan 1.5745 nan nan 1991.528 nan nan 
3390000.0 3390.0 5342014.207 nan nan 1.5758 nan nan 1995.024 nan nan 
3400000.0 3400.0 5361981.984 nan nan 1.5771 nan nan 1995.165 nan nan 
3410000.0 3410.0 5380723.956 nan nan 1.5779 nan nan 1973.55 nan nan 
3420000.0 3420.0 5399785.191 nan nan 1.5789 nan nan 1960.953 nan nan 
3430000.0 3430.0 5418772.655 nan nan 1.5798 nan nan 1948.99 nan nan 
3440000.0 3440.0 5438176.236 nan nan 1.5809 nan nan 1947.671 nan nan 
3450000.0 3450.0 5457329.845 nan nan 1.5818 nan nan 1941.954 nan nan 
3460000.0 3460.0 5476717.904 nan nan 1.5829 nan nan 1941.18 nan nan 
3470000.0 3470.0 5496134.207 nan nan 1.5839 nan nan 1941.445 nan nan 
3480000.0 3480.0 5515114.821 nan nan 1.5848 nan nan 1933.792 nan nan 
3490000.0 3490.0 5534640.141 nan nan 1.5859 nan nan 1937.481 nan nan 
3500000.0 3500.0 5554459.588 nan nan 1.587 nan nan 1945.677 nan nan 
3510000.0 3510.0 5574034.444 nan nan 1.588 nan nan 1947.687 nan nan 
3520000.0 3520.0 5593880.509 nan nan 1.5892 nan nan 1954.723 nan nan 
3530000.0 3530.0 5613826.233 nan nan 1.5903 nan nan 1962.034 nan nan 
3540000.0 3540.0 5633512.563 nan nan 1.5914 nan nan 1963.079 nan nan 
3550000.0 3550.0 5653218.931 nan nan 1.5925 nan nan 1964.501 nan nan 
3560000.0 3560.0 5672706.138 nan nan 1.5935 nan nan 1961.627 nan nan 
3570000.0 3570.0 5692778.366 nan nan 1.5946 nan nan 1969.721 nan nan 
3580000.0 3580.0 5712744.022 nan nan 1.5957 nan nan 1974.858 nan nan 
3590000.0 3590.0 5732676.871 nan nan 1.5968 nan nan 1977.916 nan nan 
3600000.0 3600.0 5752277.509 nan nan 1.5979 nan nan 1974.583 nan nan 
3610000.0 3610.0 5771568.423 nan nan 1.5988 nan nan 1966.59 nan nan 
3620000.0 3620.0 5790705.084 nan nan 1.5996 nan nan 1956.896 nan nan 
3630000.0 3630.0 5810280.01 nan nan 1.6006 nan nan 1956.579 nan nan 
3640000.0 3640.0 5829211.071 nan nan 1.6014 nan nan 1944.921 nan nan 
3650000.0 3650.0 5848339.656 nan nan 1.6023 nan nan 1939.31 nan nan 
3660000.0 3660.0 5867821.745 nan nan 1.6032 nan nan 1940.985 nan nan 
3670000.0 3670.0 5886917.402 nan nan 1.6041 nan nan 1934.684 nan nan 
3680000.0 3680.0 5906353.708 nan nan 1.605 nan nan 1936.078 nan nan 
3690000.0 3690.0 5925225.317 nan nan 1.6058 nan nan 1927.066 nan nan 
3700000.0 3700.0 5944890.812 nan nan 1.6067 nan nan 1934.064 nan nan 
3710000.0 3710.0 5964078.316 nan nan 1.6076 nan nan 1931.121 nan nan 
3720000.0 3720.0 5983947.783 nan nan 1.6086 nan nan 1941.527 nan nan 
3730000.0 3730.0 6003398.14 nan nan 1.6095 nan nan 1941.79 nan nan 
3740000.0 3740.0 6023686.954 nan nan 1.6106 nan nan 1957.771 nan nan 
3750000.0 3750.0 6043766.404 nan nan 1.6117 nan nan 1966.784 nan nan 
3760000.0 3760.0 6063205.964 nan nan 1.6126 nan nan 1962.801 nan nan 
3770000.0 3770.0 6082624.596 nan nan 1.6134 nan nan 1959.164 nan nan 
3780000.0 3780.0 6102133.092 nan nan 1.6143 nan nan 1957.373 nan nan 
3790000.0 3790.0 6122258.982 nan nan 1.6154 nan nan 1967.934 nan nan 
3800000.0 3800.0 6142142.553 nan nan 1.6164 nan nan 1971.99 nan nan 
3810000.0 3810.0 6161638.864 nan nan 1.6172 nan nan 1968.482 nan nan 
3820000.0 3820.0 6181665.888 nan nan 1.6182 nan nan 1974.536 nan nan 
3830000.0 3830.0 6201708.974 nan nan 1.6192 nan nan 1979.868 nan nan 
3840000.0 3840.0 6221392.843 nan nan 1.6202 nan nan 1977.616 nan nan 
3850000.0 3850.0 6240596.773 nan nan 1.6209 nan nan 1966.941 nan nan 
3860000.0 3860.0 6260442.019 nan nan 1.6219 nan nan 1969.638 nan nan 
3870000.0 3870.0 6279454.801 nan nan 1.6226 nan nan 1956.971 nan nan 
3880000.0 3880.0 6299394.842 nan nan 1.6236 nan nan 1964.111 nan nan 
3890000.0 3890.0 6319158.772 nan nan 1.6245 nan nan 1966.555 nan nan 
3900000.0 3900.0 6339283.273 nan nan 1.6255 nan nan 1975.19 nan nan 
3910000.0 3910.0 6359323.839 nan nan 1.6264 nan nan 1980.153 nan nan 
3920000.0 3920.0 6379807.951 nan nan 1.6275 nan nan 1992.798 nan nan 
3930000.0 3930.0 6400208.409 nan nan 1.6286 nan nan 2001.117 nan nan 
3940000.0 3940.0 6420610.577 nan nan 1.6296 nan nan 2008.104 nan nan 
3950000.0 3950.0 6440966.532 nan nan 1.6306 nan nan 2013.272 nan nan 
3960000.0 3960.0 6461201.425 nan nan 1.6316 nan nan 2015.248 nan nan 
3970000.0 3970.0 6481028.028 nan nan 1.6325 nan nan 2009.481 nan nan 
3980000.0 3980.0 6501577.058 nan nan 1.6336 nan nan 2017.707 nan nan 
3990000.0 3990.0 6522313.239 nan nan 1.6347 nan nan 2027.897 nan nan 
4000000.0 4000.0 6543221.897 nan nan 1.6358 nan nan 2039.261 nan nan 
4010000.0 4010.0 6563760.559 nan nan 1.6368 nan nan 2041.795 nan nan 
4020000.0 4020.0 6583636.395 nan nan 1.6377 nan nan 2031.281 nan nan 
4030000.0 4030.0 6603415.501 nan nan 1.6386 nan nan 2021.846 nan nan 
4040000.0 4040.0 6623325.758 nan nan 1.6394 nan nan 2016.4 nan nan 
4050000.0 4050.0 6643563.204 nan nan 1.6404 nan nan 2018.279 nan nan 
4060000.0 4060.0 6663524.05 nan nan 1.6413 nan nan 2014.451 nan nan 
4070000.0 4070.0 6683726.124 nan nan 1.6422 nan nan 2015.622 nan nan 
4080000.0 4080.0 6703274.464 nan nan 1.643 nan nan 2004.084 nan nan 
4090000.0 4090.0 6723051.286 nan nan 1.6438 nan nan 1999.365 nan nan 
4100000.0 4100.0 6743027.473 nan nan 1.6446 nan nan 1999.145 nan nan 
4110000.0 4110.0 6763183.722 nan nan 1.6455 nan nan 2001.823 nan nan 
4120000.0 4120.0 6782801.279 nan nan 1.6463 nan nan 1994.56 nan nan 
4130000.0 4130.0 6801249.668 nan nan 1.6468 nan nan 1967.564 nan nan 
4140000.0 4140.0 6821506.285 nan nan 1.6477 nan nan 1978.744 nan nan 
4150000.0 4150.0 6842055.671 nan nan 1.6487 nan nan 1992.898 nan nan 
4160000.0 4160.0 6862233.818 nan nan 1.6496 nan nan 1997.257 nan nan 
4170000.0 4170.0 6882066.785 nan nan 1.6504 nan nan 1994.603 nan nan 
4180000.0 4180.0 6901483.05 nan nan 1.6511 nan nan 1984.93 nan nan 
4190000.0 4190.0 6921539.966 nan nan 1.6519 nan nan 1988.765 nan nan 
