10000.0 10.0 -12624.8543 -20504.2932 -4745.4155 -1.2625 -2.0504 -0.4745 -230.9383 -374.8992 -86.9774 
20000.0 20.0 -25258.664 -40295.1713 -10222.1567 -1.2629 -2.0148 -0.5111 -419.762 -668.4417 -171.0823 
30000.0 30.0 -38560.4387 -53175.2213 -23945.656 -1.2853 -1.7725 -0.7982 -586.369 -780.7031 -392.0349 
40000.0 40.0 -50727.131 -62696.9562 -38757.3058 -1.2682 -1.5674 -0.9689 -701.7487 -813.4127 -590.0847 
50000.0 50.0 -63240.8553 -72559.7497 -53921.961 -1.2648 -1.4512 -1.0784 -801.964 -854.8552 -749.0728 
60000.0 60.0 -74895.821 -90484.2939 -59307.3481 -1.2483 -1.5081 -0.9885 -868.6507 -1024.4212 -712.8801 
70000.0 70.0 -84459.4083 -104095.6224 -64823.1942 -1.2066 -1.4871 -0.926 -883.1117 -1081.824 -684.3993 
80000.0 80.0 -94574.1503 -120767.4351 -68380.8656 -1.1822 -1.5096 -0.8548 -906.613 -1192.3354 -620.8906 
90000.0 90.0 -102308.53 -136295.6593 -68321.4007 -1.1368 -1.5144 -0.7591 -880.806 -1261.164 -500.448 
100000.0 100.0 -105649.1343 -145843.1809 -65455.0878 -1.0565 -1.4584 -0.6546 -779.8753 -1249.5529 -310.1978 
110000.0 110.0 -110357.2377 -157596.4117 -63118.0636 -1.0032 -1.4327 -0.5738 -723.8723 -1246.8105 -200.9342 
120000.0 120.0 -113294.832 -168854.3817 -57735.2823 -0.9441 -1.4071 -0.4811 -644.6497 -1224.8344 -64.465 
130000.0 130.0 -114493.7733 -176564.9046 -52422.6421 -0.8807 -1.3582 -0.4033 -547.881 -1155.2272 59.4652 
140000.0 140.0 -114802.0857 -185363.9949 -44240.1765 -0.82 -1.324 -0.316 -452.3897 -1128.2014 223.4221 
150000.0 150.0 -114842.5663 -195620.0308 -34065.1019 -0.7656 -1.3041 -0.2271 -369.956 -1121.5895 381.6775 
160000.0 160.0 -113777.9477 -204427.0825 -23128.8128 -0.7111 -1.2777 -0.1446 -283.1333 -1094.145 527.8783 
170000.0 170.0 -112251.0247 -213128.4675 -11373.5818 -0.6603 -1.2537 -0.0669 -203.61 -1072.442 665.222 
180000.0 180.0 -109971.8287 -217496.6271 -2447.0302 -0.611 -1.2083 -0.0136 -124.6283 -965.1011 715.8444 
190000.0 190.0 -107574.8993 -220674.6813 5524.8826 -0.5662 -1.1614 0.0291 -57.4357 -857.3752 742.5039 
200000.0 200.0 -105531.7803 -222866.1151 11802.5544 -0.5277 -1.1143 0.059 -10.675 -753.6839 732.3339 
210000.0 210.0 -101234.4583 -220754.2078 18285.2911 -0.4821 -1.0512 0.0871 70.6843 -572.9286 714.2973 
220000.0 220.0 -96991.8013 -216910.5783 22926.9756 -0.4409 -0.986 0.1042 135.8973 -388.1019 659.8965 
230000.0 230.0 -92883.424 -213270.9975 27504.1495 -0.4038 -0.9273 0.1196 186.8527 -248.6702 622.3756 
240000.0 240.0 -88041.6277 -206630.5465 30547.2912 -0.3668 -0.861 0.1273 241.1177 -91.0298 573.2652 
250000.0 250.0 -83100.2933 -200140.2748 33939.6882 -0.3324 -0.8006 0.1358 287.721 48.9104 526.5316 
260000.0 260.0 -78754.4037 -193330.9426 35822.1352 -0.3029 -0.7436 0.1378 314.5357 165.5167 463.5546 
270000.0 270.0 -73466.2767 -188541.1121 41608.5588 -0.2721 -0.6983 0.1541 353.8907 213.1784 494.603 
280000.0 280.0 -68040.6293 -184467.3187 48386.0601 -0.243 -0.6588 0.1728 388.2367 214.6644 561.809 
290000.0 290.0 -63176.1703 -182669.2847 56316.9441 -0.2178 -0.6299 0.1942 405.4957 189.674 621.3174 
300000.0 300.0 -59860.0907 -182029.4405 62309.2592 -0.1995 -0.6068 0.2077 393.054 168.0354 618.0726 
310000.0 310.0 -55360.854 -183461.2215 72739.5135 -0.1786 -0.5918 0.2346 403.6533 94.5846 712.7221 
320000.0 320.0 -50997.227 -187163.225 85168.771 -0.1594 -0.5849 0.2662 409.4793 -12.9465 831.9051 
330000.0 330.0 -46054.3207 -187419.5088 95310.8675 -0.1396 -0.5679 0.2888 425.8027 -24.231 875.8364 
340000.0 340.0 -39276.921 -182292.4295 103738.5875 -0.1155 -0.5362 0.3051 472.204 49.7752 894.6328 
350000.0 350.0 -32449.35 -176288.6728 111389.9728 -0.0927 -0.5037 0.3183 510.6887 118.3568 903.0205 
360000.0 360.0 -25509.7497 -169157.5709 118138.0715 -0.0709 -0.4699 0.3282 544.477 197.1166 891.8374 
370000.0 370.0 -17708.4657 -162861.8312 127444.8999 -0.0479 -0.4402 0.3444 587.4863 222.7403 952.2323 
380000.0 380.0 -9764.456 -155588.382 136059.47 -0.0257 -0.4094 0.3581 625.317 255.9733 994.6607 
390000.0 390.0 -1549.8957 -148912.1089 145812.3176 -0.004 -0.3818 0.3739 661.317 301.5513 1021.0827 
400000.0 400.0 6474.007 -143620.7756 156568.7896 0.0162 -0.3591 0.3914 687.0263 289.0924 1084.9602 
410000.0 410.0 14602.0667 -137791.6215 166995.7548 0.0356 -0.3361 0.4073 709.886 278.4459 1141.3261 
420000.0 420.0 22398.1937 -131386.0881 176182.4755 0.0533 -0.3128 0.4195 722.928 281.3412 1164.5148 
430000.0 430.0 30380.1193 -127124.1083 187884.3469 0.0707 -0.2956 0.4369 737.2133 259.1698 1215.2569 
440000.0 440.0 39236.1577 -122526.3452 200998.6605 0.0892 -0.2785 0.4568 764.456 247.1295 1281.7825 
450000.0 450.0 47740.63 -118348.2486 213829.5086 0.1061 -0.263 0.4752 780.306 232.4182 1328.1938 
460000.0 460.0 55910.0013 -114781.5981 226601.6008 0.1215 -0.2495 0.4926 786.6497 226.0582 1347.2411 
470000.0 470.0 64538.2317 -110721.5759 239798.0392 0.1373 -0.2356 0.5102 800.6723 235.4985 1365.8462 
480000.0 480.0 72518.1967 -105116.8155 250153.2089 0.1511 -0.219 0.5212 800.1653 282.1675 1318.1632 
490000.0 490.0 80540.061 -98412.5351 259492.6571 0.1644 -0.2008 0.5296 800.2023 352.4682 1247.9365 
500000.0 500.0 89306.7103 -91937.416 270550.8367 0.1786 -0.1839 0.5411 813.825 383.5762 1244.0738 
510000.0 510.0 98055.442 -86506.5104 282617.3944 0.1923 -0.1696 0.5542 825.5327 411.3032 1239.7621 
520000.0 520.0 107429.6287 -79716.4218 294575.6792 0.2066 -0.1533 0.5665 845.734 458.1398 1233.3282 
530000.0 530.0 117443.682 -72484.6073 307371.9713 0.2216 -0.1368 0.5799 874.422 475.6534 1273.1906 
540000.0 540.0 127719.8387 -64396.1441 319835.8214 0.2365 -0.1193 0.5923 902.2853 517.8159 1286.7547 
550000.0 550.0 137622.499 -56143.7424 331388.7404 0.2502 -0.1021 0.6025 918.1013 550.5401 1285.6625 
560000.0 560.0 146208.393 -47659.3832 340076.1692 0.2611 -0.0851 0.6073 908.0413 592.0734 1224.0092 
570000.0 570.0 155869.5073 -36882.8635 348621.8782 0.2735 -0.0647 0.6116 918.8733 649.1123 1188.6343 
580000.0 580.0 166395.77 -28986.7587 361778.2987 0.2869 -0.05 0.6238 943.4593 615.4537 1271.465 
590000.0 590.0 177099.3247 -21295.4039 375494.0532 0.3002 -0.0361 0.6364 966.9653 603.7134 1330.2173 
600000.0 600.0 187711.6163 -14623.7909 390047.0236 0.3129 -0.0244 0.6501 984.0787 571.6047 1396.5526 
610000.0 610.0 197609.5547 -7381.1901 402600.2994 0.324 -0.0121 0.66 984.931 520.0162 1449.8458 
620000.0 620.0 208521.998 -125.5853 417169.5813 0.3363 -0.0002 0.6729 1004.708 512.1673 1497.2487 
630000.0 630.0 220133.619 7924.299 432342.939 0.3494 0.0126 0.6863 1033.1567 530.719 1535.5944 
640000.0 640.0 231063.2107 15799.446 446326.9753 0.361 0.0247 0.6974 1043.7303 508.3736 1579.0871 
650000.0 650.0 242806.6073 23621.0725 461992.1422 0.3735 0.0363 0.7108 1068.028 527.2226 1608.8334 
660000.0 660.0 254119.2143 31462.2063 476776.2223 0.385 0.0477 0.7224 1079.9837 498.9802 1660.9872 
670000.0 670.0 266344.4483 39384.8767 493304.02 0.3975 0.0588 0.7363 1105.8117 523.9783 1687.645 
680000.0 680.0 278877.117 46702.4269 511051.8071 0.4101 0.0687 0.7515 1132.3413 549.7409 1714.9418 
690000.0 690.0 291709.2467 53150.46 530268.0334 0.4228 0.077 0.7685 1160.1793 578.1561 1742.2025 
700000.0 700.0 304545.181 59681.8925 549408.4695 0.4351 0.0853 0.7849 1182.2873 577.0099 1787.5647 
710000.0 710.0 317739.0857 66714.3453 568763.8261 0.4475 0.094 0.8011 1207.3027 583.1018 1831.5035 
720000.0 720.0 330662.8633 74460.0196 586865.7071 0.4593 0.1034 0.8151 1222.852 605.2888 1840.4152 
730000.0 730.0 343327.439 80474.1184 606180.7596 0.4703 0.1102 0.8304 1230.7293 552.14 1909.3186 
740000.0 740.0 354987.0623 84641.5638 625332.5609 0.4797 0.1144 0.845 1218.6607 496.0429 1941.2785 
750000.0 750.0 367376.149 92059.6119 642692.6861 0.4898 0.1227 0.8569 1223.1243 494.4519 1951.7968 
760000.0 760.0 380692.1943 100379.6581 661004.7305 0.5009 0.1321 0.8697 1243.1563 536.9736 1949.3391 
770000.0 770.0 394312.116 109154.6151 679469.6169 0.5121 0.1418 0.8824 1264.8957 582.3697 1947.4216 
780000.0 780.0 407436.6623 118573.3828 696299.9419 0.5224 0.152 0.8927 1273.3693 633.5515 1913.1871 
790000.0 790.0 420703.6883 127226.5732 714180.8035 0.5325 0.161 0.904 1283.3977 663.1622 1903.6331 
800000.0 800.0 433848.1783 136187.7551 731508.6015 0.5423 0.1702 0.9144 1289.0423 709.2644 1868.8203 
810000.0 810.0 446934.732 145422.2197 748447.2443 0.5518 0.1795 0.924 1292.462 749.6337 1835.2903 
820000.0 820.0 460497.4057 153816.5414 767178.2699 0.5616 0.1876 0.9356 1304.0093 765.8739 1842.1448 
830000.0 830.0 474146.5587 161864.1923 786428.925 0.5713 0.195 0.9475 1315.239 774.5431 1855.9349 
840000.0 840.0 487734.366 170528.7319 804940.0001 0.5806 0.203 0.9583 1323.5073 790.3179 1856.6967 
850000.0 850.0 501634.6333 179882.4731 823386.7935 0.5902 0.2116 0.9687 1335.5853 805.6743 1865.4964 
860000.0 860.0 516142.3627 190772.0914 841512.634 0.6002 0.2218 0.9785 1356.4093 842.5668 1870.2519 
870000.0 870.0 530394.6303 199712.3164 861076.9443 0.6096 0.2296 0.9897 1369.6203 821.7839 1917.4567 
880000.0 880.0 544397.837 208181.11 880614.564 0.6186 0.2366 1.0007 1374.955 799.3523 1950.5577 
890000.0 890.0 558745.0453 216923.1424 900566.9483 0.6278 0.2437 1.0119 1386.046 777.5514 1994.5406 
900000.0 900.0 573223.8627 227328.8704 919118.855 0.6369 0.2526 1.0212 1397.3593 787.0945 2007.6242 
910000.0 910.0 587149.0683 236764.0525 937534.0842 0.6452 0.2602 1.0303 1396.8847 785.7005 2008.0689 
920000.0 920.0 601007.6493 243501.4802 958513.8184 0.6533 0.2647 1.0419 1394.1903 729.2861 2059.0946 
930000.0 930.0 615356.9047 252193.8407 978519.9686 0.6617 0.2712 1.0522 1401.187 699.6942 2102.6798 
940000.0 940.0 630386.1583 263476.4345 997295.8822 0.6706 0.2803 1.061 1419.933 717.0698 2122.7962 
950000.0 950.0 645351.8163 274784.3409 1015919.2918 0.6793 0.2892 1.0694 1433.9953 718.2993 2149.6914 
960000.0 960.0 660674.5897 287952.7693 1033396.4101 0.6882 0.3 1.0765 1452.0787 788.3439 2115.8134 
970000.0 970.0 676308.8827 302068.7933 1050548.972 0.6972 0.3114 1.083 1472.559 852.1191 2092.9989 
980000.0 980.0 691693.8453 316658.0428 1066729.6479 0.7058 0.3231 1.0885 1484.8737 899.8612 2069.8862 
990000.0 990.0 707112.0427 331044.5237 1083179.5616 0.7143 0.3344 1.0941 1495.4043 937.5526 2053.256 
1000000.0 1000.0 723196.8617 343402.8677 1102990.8556 0.7232 0.3434 1.103 1516.383 956.9497 2075.8163 
1010000.0 1010.0 738443.4513 353122.7299 1123764.1727 0.7311 0.3496 1.1126 1517.764 924.6977 2110.8303 
1020000.0 1020.0 753870.6483 363254.3876 1144486.9091 0.7391 0.3561 1.122 1522.3817 906.9672 2137.7961 
1030000.0 1030.0 769129.492 373439.3681 1164819.6159 0.7467 0.3626 1.1309 1522.942 886.4927 2159.3913 
1040000.0 1040.0 784071.029 385352.0296 1182790.0284 0.7539 0.3705 1.1373 1518.49 895.8604 2141.1196 
1050000.0 1050.0 799690.7143 398177.9122 1201203.5165 0.7616 0.3792 1.144 1526.182 924.8887 2127.4753 
1060000.0 1060.0 815594.1083 410806.4665 1220381.7502 0.7694 0.3876 1.1513 1538.1293 959.6975 2116.5612 
1070000.0 1070.0 831344.7627 424033.3828 1238656.1425 0.777 0.3963 1.1576 1545.6857 982.0844 2109.2869 
1080000.0 1080.0 847305.498 435951.4965 1258659.4995 0.7845 0.4037 1.1654 1554.957 977.1371 2132.7769 
1090000.0 1090.0 863231.6663 448281.6682 1278181.6645 0.792 0.4113 1.1726 1561.9953 1002.2779 2121.7128 
1100000.0 1100.0 879075.4 460426.8995 1297723.9005 0.7992 0.4186 1.1797 1566.3103 1012.5866 2120.0341 
1110000.0 1110.0 895669.7763 472779.5103 1318560.0423 0.8069 0.4259 1.1879 1583.2777 1024.4571 2142.0983 
1120000.0 1120.0 911863.0087 484957.6515 1338768.3659 0.8142 0.433 1.1953 1589.921 1008.0979 2171.7441 
1130000.0 1130.0 927798.9113 497829.714 1357768.1087 0.8211 0.4406 1.2016 1590.503 996.6869 2184.3191 
1140000.0 1140.0 943878.61 510746.4758 1377010.7442 0.828 0.448 1.2079 1593.7257 995.5977 2191.8537 
1150000.0 1150.0 959881.6283 523156.726 1396606.5307 0.8347 0.4549 1.2144 1594.7343 969.7306 2219.738 
1160000.0 1160.0 976269.1707 535668.3086 1416870.0328 0.8416 0.4618 1.2214 1602.449 968.7071 2236.1909 
1170000.0 1170.0 992608.275 547568.3161 1437648.2339 0.8484 0.468 1.2288 1608.4513 983.3945 2233.5082 
1180000.0 1180.0 1008769.0793 559224.0046 1458314.154 0.8549 0.4739 1.2359 1609.9563 981.6372 2238.2755 
1190000.0 1190.0 1025306.9773 570401.6785 1480212.2762 0.8616 0.4793 1.2439 1618.0113 976.047 2259.9756 
1200000.0 1200.0 1041874.8977 580280.6885 1503469.1068 0.8682 0.4836 1.2529 1624.9417 961.7656 2288.1177 
1210000.0 1210.0 1057669.218 586121.2542 1529217.1818 0.8741 0.4844 1.2638 1616.2527 839.2618 2393.2435 
1220000.0 1220.0 1074176.0937 595379.8246 1552972.3627 0.8805 0.488 1.2729 1622.4913 826.6485 2418.3342 
1230000.0 1230.0 1090551.6007 604751.6014 1576351.5999 0.8866 0.4917 1.2816 1625.8423 806.9191 2444.7655 
1240000.0 1240.0 1107153.8423 615319.1565 1598988.5282 0.8929 0.4962 1.2895 1632.6457 820.6153 2444.6761 
1250000.0 1250.0 1123639.1317 626014.2159 1621264.0474 0.8989 0.5008 1.297 1635.6517 827.1656 2444.1377 
1260000.0 1260.0 1139886.514 634406.3468 1645366.6812 0.9047 0.5035 1.3058 1633.7823 796.0729 2471.4917 
1270000.0 1270.0 1155966.6447 642229.6692 1669703.6201 0.9102 0.5057 1.3147 1629.0137 766.2472 2491.7801 
1280000.0 1280.0 1171903.849 648179.9243 1695627.7737 0.9155 0.5064 1.3247 1622.9843 713.5768 2532.3919 
1290000.0 1290.0 1188758.631 658073.174 1719444.088 0.9215 0.5101 1.3329 1634.8737 746.5272 2523.2201 
1300000.0 1300.0 1205431.5867 669407.7577 1741455.4156 0.9273 0.5149 1.3396 1640.3087 779.7956 2500.8217 
1310000.0 1310.0 1222335.0663 678220.4317 1766449.701 0.9331 0.5177 1.3484 1649.3427 777.4723 2521.213 
1320000.0 1320.0 1239562.5293 688031.7608 1791093.2979 0.9391 0.5212 1.3569 1662.89 784.5822 2541.1978 
1330000.0 1330.0 1256214.3327 695333.3047 1817095.3606 0.9445 0.5228 1.3662 1663.3483 744.6531 2582.0435 
1340000.0 1340.0 1273493.985 703986.1674 1843001.8026 0.9504 0.5254 1.3754 1675.2623 748.8815 2601.6432 
1350000.0 1350.0 1290799.5323 714407.8113 1867191.2534 0.9561 0.5292 1.3831 1685.7093 788.0269 2583.3918 
1360000.0 1360.0 1307927.6467 725222.1618 1890633.1315 0.9617 0.5333 1.3902 1690.6347 833.0674 2548.2019 
1370000.0 1370.0 1325442.8427 737479.8134 1913405.872 0.9675 0.5383 1.3966 1701.8843 884.4546 2519.3141 
1380000.0 1380.0 1342755.8583 748843.9749 1936667.7418 0.973 0.5426 1.4034 1707.063 903.3753 2510.7507 
1390000.0 1390.0 1359160.0197 760113.1993 1958206.84 0.9778 0.5468 1.4088 1695.1283 917.7809 2472.4758 
1400000.0 1400.0 1375984.3113 771417.2748 1980551.3479 0.9828 0.551 1.4147 1693.1757 939.1461 2447.2053 
1410000.0 1410.0 1392949.8593 781622.2499 2004277.4687 0.9879 0.5543 1.4215 1693.8757 935.4812 2452.2701 
1420000.0 1420.0 1409748.4357 791558.5905 2027938.2808 0.9928 0.5574 1.4281 1691.3453 917.2784 2465.4123 
1430000.0 1430.0 1426529.936 803533.2689 2049526.6031 0.9976 0.5619 1.4332 1689.1383 939.7324 2438.5443 
1440000.0 1440.0 1443145.6157 815795.0077 2070496.2236 1.0022 0.5665 1.4378 1684.4417 954.1549 2414.7285 
1450000.0 1450.0 1460122.3847 828024.3307 2092220.4387 1.007 0.5711 1.4429 1686.805 982.1449 2391.4651 
1460000.0 1460.0 1476870.069 838883.5822 2114856.5558 1.0116 0.5746 1.4485 1684.5753 978.7783 2390.3724 
1470000.0 1470.0 1493164.0817 848248.1609 2138080.0024 1.0158 0.577 1.4545 1674.0897 941.0736 2407.1057 
1480000.0 1480.0 1507720.0697 849995.8266 2165444.3128 1.0187 0.5743 1.4631 1634.803 759.3307 2510.2753 
1490000.0 1490.0 1522008.353 849228.4858 2194788.2202 1.0215 0.57 1.473 1598.1223 560.2656 2635.9791 
1500000.0 1500.0 1537645.2583 852611.173 2222679.3437 1.0251 0.5684 1.4818 1592.784 480.6461 2704.9219 
1510000.0 1510.0 1553577.825 858043.0054 2249112.6446 1.0289 0.5682 1.4895 1593.5267 462.1506 2724.9028 
1520000.0 1520.0 1570539.488 866469.2726 2274609.7034 1.0332 0.57 1.4965 1612.165 527.4065 2696.9235 
1530000.0 1530.0 1587462.226 876364.3857 2298560.0663 1.0376 0.5728 1.5023 1626.8837 598.9187 2654.8487 
1540000.0 1540.0 1604783.1597 885962.915 2323603.4044 1.0421 0.5753 1.5088 1645.854 656.2384 2635.4696 
1550000.0 1550.0 1621844.7493 896222.5228 2347466.9759 1.0464 0.5782 1.5145 1657.3407 713.3064 2601.375 
1560000.0 1560.0 1638712.208 906193.2813 2371231.1347 1.0505 0.5809 1.52 1662.1077 741.5101 2582.7053 
1570000.0 1570.0 1655702.9393 916343.6783 2395062.2004 1.0546 0.5837 1.5255 1668.6753 780.6705 2556.6802 
1580000.0 1580.0 1672268.55 924078.9587 2420458.1413 1.0584 0.5849 1.5319 1666.1953 756.9689 2575.4218 
1590000.0 1590.0 1688752.0603 933736.4243 2443767.6964 1.0621 0.5873 1.537 1662.9143 784.03 2541.7987 
1600000.0 1600.0 1705383.885 943917.38 2466850.39 1.0659 0.5899 1.5418 1662.6487 817.7352 2507.5622 
1610000.0 1610.0 1721610.2317 951704.6591 2491515.8042 1.0693 0.5911 1.5475 1654.9253 793.6418 2516.2089 
1620000.0 1620.0 1737516.6043 959801.7533 2515231.4553 1.0725 0.5925 1.5526 1642.999 783.4708 2502.5272 
1630000.0 1630.0 1753163.7917 964327.9181 2541999.6652 1.0756 0.5916 1.5595 1628.381 705.8613 2550.9007 
1640000.0 1640.0 1769899.4007 973872.6268 2565926.1746 1.0792 0.5938 1.5646 1637.0247 747.2543 2526.795 
1650000.0 1650.0 1786068.522 983405.2833 2588731.7607 1.0825 0.596 1.5689 1633.0957 777.5866 2488.6047 
1660000.0 1660.0 1802069.465 991395.3548 2612743.5752 1.0856 0.5972 1.5739 1627.1017 775.3791 2478.8243 
1670000.0 1670.0 1818802.0107 1000126.692 2637477.3293 1.0891 0.5989 1.5793 1635.4653 778.5869 2492.3438 
1680000.0 1680.0 1835262.017 1008236.3399 2662287.6941 1.0924 0.6001 1.5847 1637.3607 771.7616 2502.9597 
1690000.0 1690.0 1851866.0243 1018291.0801 2685440.9686 1.0958 0.6025 1.589 1641.7287 797.9039 2485.5534 
1700000.0 1700.0 1868828.0233 1026733.0705 2710922.9762 1.0993 0.604 1.5947 1652.153 796.4349 2507.8711 
1710000.0 1710.0 1886049.2553 1037174.5596 2734923.951 1.103 0.6065 1.5994 1665.024 832.1825 2497.8655 
1720000.0 1720.0 1903226.5067 1048645.5831 2757807.4303 1.1065 0.6097 1.6034 1674.4403 877.5097 2471.3709 
1730000.0 1730.0 1919950.5063 1057731.1872 2782169.8254 1.1098 0.6114 1.6082 1673.8453 887.7647 2459.9259 
1740000.0 1740.0 1936813.9203 1067909.4904 2805718.3503 1.1131 0.6137 1.6125 1676.4043 913.8901 2438.9186 
1750000.0 1750.0 1953538.0947 1077565.7329 2829510.4565 1.1163 0.6158 1.6169 1675.7587 918.1708 2433.3466 
1760000.0 1760.0 1970734.3543 1087811.9338 2853656.7748 1.1197 0.6181 1.6214 1683.6657 933.8802 2433.4511 
1770000.0 1770.0 1987505.3557 1098623.5349 2876387.1764 1.1229 0.6207 1.6251 1682.2297 955.5853 2408.874 
1780000.0 1780.0 2004220.0663 1107612.2803 2900827.8524 1.126 0.6223 1.6297 1680.189 941.0582 2419.3198 
1790000.0 1790.0 2020712.1057 1115546.3083 2925877.903 1.1289 0.6232 1.6346 1674.868 910.7588 2438.9772 
1800000.0 1800.0 2038158.0507 1125401.1073 2950914.994 1.1323 0.6252 1.6394 1687.868 917.0541 2458.6819 
1810000.0 1810.0 2055419.3677 1134309.8624 2976528.8729 1.1356 0.6267 1.6445 1694.966 899.0007 2490.9313 
1820000.0 1820.0 2072832.5593 1143941.8388 3001723.2799 1.1389 0.6285 1.6493 1703.2593 894.5155 2512.0032 
1830000.0 1830.0 2090345.679 1153062.4396 3027628.9184 1.1423 0.6301 1.6544 1712.3983 884.6634 2540.1333 
1840000.0 1840.0 2107985.7507 1162242.7673 3053728.734 1.1456 0.6317 1.6596 1721.6827 869.5682 2573.7971 
1850000.0 1850.0 2124946.5133 1169683.2861 3080209.7406 1.1486 0.6323 1.665 1716.6493 828.2568 2605.0418 
1860000.0 1860.0 2142799.65 1179934.5989 3105664.7011 1.152 0.6344 1.6697 1729.4937 851.5758 2607.4115 
1870000.0 1870.0 2160458.2627 1191243.1574 3129673.368 1.1553 0.637 1.6736 1736.1723 887.6008 2584.7438 
1880000.0 1880.0 2177946.8537 1202672.6408 3153221.0666 1.1585 0.6397 1.6772 1738.41 915.0655 2561.7545 
1890000.0 1890.0 2195684.1037 1212498.4303 3178869.777 1.1617 0.6415 1.6819 1745.3493 914.7207 2575.9779 
1900000.0 1900.0 2213699.5643 1223412.931 3203986.1976 1.1651 0.6439 1.6863 1755.5197 923.8871 2587.1522 
1910000.0 1910.0 2231862.649 1234320.057 3229405.241 1.1685 0.6462 1.6908 1766.4497 936.4544 2596.4449 
1920000.0 1920.0 2249736.006 1246408.4961 3253063.5159 1.1717 0.6492 1.6943 1769.9837 955.4642 2584.5031 
1930000.0 1930.0 2267351.3193 1259156.6331 3275546.0055 1.1748 0.6524 1.6972 1768.6167 980.8692 2556.3641 
1940000.0 1940.0 2284367.0173 1266360.4942 3302373.5405 1.1775 0.6528 1.7023 1756.752 903.2431 2610.2609 
1950000.0 1950.0 2301793.507 1276537.4165 3327049.5975 1.1804 0.6546 1.7062 1754.1013 890.5224 2617.6803 
1960000.0 1960.0 2319152.6033 1288065.0131 3350240.1936 1.1832 0.6572 1.7093 1751.011 913.7558 2588.2662 
1970000.0 1970.0 2336999.798 1299370.4062 3374629.1898 1.1863 0.6596 1.713 1757.334 938.0648 2576.6032 
1980000.0 1980.0 2354768.7267 1310442.9518 3399094.5015 1.1893 0.6618 1.7167 1761.173 929.0501 2593.2959 
1990000.0 1990.0 2372934.058 1321444.5403 3424423.5757 1.1924 0.664 1.7208 1771.4387 940.7312 2602.1462 
2000000.0 2000.0 2391071.2223 1331945.4508 3450196.9938 1.1955 0.666 1.7251 1779.0343 933.0902 2624.9784 
2010000.0 2010.0 2408463.254 1340416.7053 3476509.8027 1.1982 0.6669 1.7296 1771.74 905.4655 2638.0145 
2020000.0 2020.0 2425579.9093 1348232.1631 3502927.6556 1.2008 0.6674 1.7341 1760.8497 874.6656 2647.0337 
2030000.0 2030.0 2442881.8637 1352586.8553 3533176.872 1.2034 0.6663 1.7405 1755.287 775.1578 2735.4162 
2040000.0 2040.0 2461430.4227 1361786.8722 3561073.9731 1.2066 0.6675 1.7456 1773.1197 773.1307 2773.1086 
2050000.0 2050.0 2480021.0677 1372656.5163 3587385.619 1.2098 0.6696 1.7499 1788.829 796.5155 2781.1425 
2060000.0 2060.0 2498383.7793 1381985.4452 3614782.1134 1.2128 0.6709 1.7547 1797.6017 796.4648 2798.7385 
2070000.0 2070.0 2516726.189 1391364.7592 3642087.6188 1.2158 0.6722 1.7595 1804.4293 785.5821 2823.2766 
2080000.0 2080.0 2534785.1163 1399999.1146 3669571.1181 1.2186 0.6731 1.7642 1804.645 769.5738 2839.7162 
2090000.0 2090.0 2552848.1177 1410743.4365 3694952.7988 1.2215 0.675 1.7679 1804.758 784.3945 2825.1215 
2100000.0 2100.0 2570079.68 1418366.6132 3721792.7468 1.2238 0.6754 1.7723 1790.2667 746.3738 2834.1595 
2110000.0 2110.0 2588019.3467 1427557.8289 3748480.8644 1.2265 0.6766 1.7765 1790.974 747.4147 2834.5333 
2120000.0 2120.0 2606046.772 1438480.7527 3773612.7913 1.2293 0.6785 1.78 1793.0827 777.4836 2808.6817 
2130000.0 2130.0 2624509.0653 1452189.7259 3796828.4048 1.2322 0.6818 1.7825 1802.451 855.8729 2749.0291 
2140000.0 2140.0 2642934.8977 1465121.9775 3820747.8178 1.235 0.6846 1.7854 1809.69 904.7054 2714.6746 
2150000.0 2150.0 2661285.8833 1478561.5996 3844010.1671 1.2378 0.6877 1.7879 1814.4517 948.1203 2680.783 
2160000.0 2160.0 2679778.2163 1491310.8636 3868245.5691 1.2406 0.6904 1.7909 1820.979 972.8734 2669.0846 
2170000.0 2170.0 2697947.1933 1502610.566 3893283.8206 1.2433 0.6924 1.7941 1819.8493 969.8809 2669.8178 
2180000.0 2180.0 2716196.3747 1513576.0129 3918816.7365 1.246 0.6943 1.7976 1820.9087 970.5074 2671.31 
2190000.0 2190.0 2734538.3673 1524778.5373 3944298.1973 1.2486 0.6962 1.801 1823.7383 956.3918 2691.0849 
2200000.0 2200.0 2752702.602 1534123.0586 3971282.1454 1.2512 0.6973 1.8051 1822.1903 924.886 2719.4946 
2210000.0 2210.0 2771023.1107 1545104.3235 3996941.8978 1.2539 0.6991 1.8086 1823.833 934.8352 2712.8308 
2220000.0 2220.0 2789592.1383 1556164.7994 4023019.4772 1.2566 0.701 1.8122 1829.6983 921.9556 2737.4411 
2230000.0 2230.0 2808257.066 1568485.9598 4048028.1722 1.2593 0.7034 1.8153 1836.558 948.3627 2724.7533 
2240000.0 2240.0 2826693.8037 1579190.2074 4074197.3999 1.2619 0.705 1.8188 1837.9237 955.7633 2720.084 
2250000.0 2250.0 2844498.6937 1587767.5942 4101229.7932 1.2642 0.7057 1.8228 1827.0147 917.6997 2736.3296 
2260000.0 2260.0 2862876.8737 1598351.2212 4127402.5261 1.2668 0.7072 1.8263 1828.7987 935.9981 2721.5992 
2270000.0 2270.0 2880921.5903 1608883.4231 4152959.7575 1.2691 0.7088 1.8295 1823.8653 942.7088 2705.0218 
2280000.0 2280.0 2898627.7853 1620815.2257 4176440.345 1.2713 0.7109 1.8318 1814.153 964.2343 2664.0717 
2290000.0 2290.0 2916634.896 1632153.0921 4201116.6999 1.2736 0.7127 1.8345 1811.783 977.3392 2646.2268 
2300000.0 2300.0 2934180.3367 1642371.116 4225989.5573 1.2757 0.7141 1.8374 1801.4797 972.1927 2630.7666 
2310000.0 2310.0 2952455.3027 1650623.0136 4254287.5917 1.2781 0.7146 1.8417 1806.3517 922.3067 2690.3967 
2320000.0 2320.0 2971208.221 1661643.3065 4280773.1355 1.2807 0.7162 1.8452 1818.9513 927.9755 2709.9271 
2330000.0 2330.0 2989812.2497 1672832.6458 4306791.8535 1.2832 0.718 1.8484 1826.6213 929.5961 2723.6466 
2340000.0 2340.0 3008518.3353 1683434.0312 4333602.6394 1.2857 0.7194 1.852 1834.681 923.0562 2746.3058 
2350000.0 2350.0 3026958.7617 1693687.5712 4360229.9521 1.2881 0.7207 1.8554 1836.5883 906.8216 2766.3551 
2360000.0 2360.0 3045892.9573 1705006.0989 4386779.8158 1.2906 0.7225 1.8588 1846.9527 911.0778 2782.8275 
2370000.0 2370.0 3064820.452 1716628.4957 4413012.4083 1.2932 0.7243 1.862 1855.0217 923.9236 2786.1197 
2380000.0 2380.0 3083300.2277 1729057.6294 4437542.8259 1.2955 0.7265 1.8645 1853.5597 967.9049 2739.2144 
2390000.0 2390.0 3101954.649 1740677.0376 4463232.2604 1.2979 0.7283 1.8675 1855.428 983.347 2727.509 
2400000.0 2400.0 3120350.8663 1753195.6692 4487506.0634 1.3001 0.7305 1.8698 1852.765 1014.6771 2690.8529 
2410000.0 2410.0 3139033.0623 1764694.237 4513371.8877 1.3025 0.7322 1.8728 1855.8083 1026.1143 2685.5023 
2420000.0 2420.0 3157665.4743 1776361.2182 4538969.7305 1.3048 0.734 1.8756 1857.3287 1037.7961 2676.8612 
2430000.0 2430.0 3176656.2797 1787589.5033 4565723.0561 1.3073 0.7356 1.8789 1865.0413 1025.1136 2704.9691 
2440000.0 2440.0 3195361.614 1798787.8015 4591935.4265 1.3096 0.7372 1.8819 1865.926 1014.4621 2717.3899 
2450000.0 2450.0 3214269.886 1809376.253 4619163.519 1.3119 0.7385 1.8854 1870.7777 1012.8754 2728.6799 
2460000.0 2460.0 3233065.5453 1820587.9151 4645543.1756 1.3143 0.7401 1.8884 1872.4277 1023.2246 2721.6308 
2470000.0 2470.0 3251776.109 1831872.2516 4671679.9664 1.3165 0.7416 1.8914 1871.788 1030.4762 2713.0998 
2480000.0 2480.0 3270279.0583 1840701.3639 4699856.7528 1.3187 0.7422 1.8951 1867.669 994.4824 2740.8556 
2490000.0 2490.0 3289440.4283 1851444.6444 4727436.2123 1.3211 0.7436 1.8986 1877.199 995.4372 2758.9608 
2500000.0 2500.0 3308445.464 1864383.4129 4752507.5151 1.3234 0.7458 1.901 1881.278 1042.0833 2720.4727 
2510000.0 2510.0 3326629.907 1873294.4101 4779965.4039 1.3254 0.7463 1.9044 1870.3347 995.7261 2744.9432 
2520000.0 2520.0 3345316.5793 1883911.9551 4806721.2036 1.3275 0.7476 1.9074 1869.883 987.1983 2752.5677 
2530000.0 2530.0 3364369.72 1895933.3677 4832806.0723 1.3298 0.7494 1.9102 1876.6287 1005.6974 2747.5599 
2540000.0 2540.0 3383614.4187 1907029.6338 4860199.2035 1.3321 0.7508 1.9135 1885.1477 999.1005 2771.1948 
2550000.0 2550.0 3402063.4907 1917755.436 4886371.5453 1.3341 0.7521 1.9162 1877.28 988.2911 2766.2689 
2560000.0 2560.0 3420132.5193 1926751.0153 4913514.0233 1.336 0.7526 1.9193 1863.9533 939.2832 2788.6234 
2570000.0 2570.0 3439304.6957 1939401.4408 4939207.9505 1.3383 0.7546 1.9219 1873.9753 965.3271 2782.6235 
2580000.0 2580.0 3458273.5127 1951964.9987 4964582.0266 1.3404 0.7566 1.9243 1878.4453 988.4482 2768.4424 
2590000.0 2590.0 3477259.0857 1964550.4836 4989967.6878 1.3426 0.7585 1.9266 1882.1317 1023.5408 2740.7225 
2600000.0 2600.0 3495589.2173 1978287.2678 5012891.1669 1.3445 0.7609 1.928 1871.8783 1040.3362 2703.4205 
2610000.0 2610.0 3514700.1627 1990556.5557 5038843.7696 1.3466 0.7627 1.9306 1878.8553 1047.0346 2710.6761 
2620000.0 2620.0 3533984.4187 2003758.8674 5064209.9699 1.3488 0.7648 1.9329 1887.6663 1072.8631 2702.4695 
2630000.0 2630.0 3553098.2403 2015591.4556 5090605.025 1.351 0.7664 1.9356 1891.313 1086.1614 2696.4646 
2640000.0 2640.0 3571384.6923 2027366.9863 5115402.3983 1.3528 0.7679 1.9377 1879.8997 1112.0234 2647.776 
2650000.0 2650.0 3590236.88 2039669.3339 5140804.4261 1.3548 0.7697 1.9399 1881.4077 1128.3304 2634.4849 
2660000.0 2660.0 3609335.5967 2052082.2649 5166588.9285 1.3569 0.7715 1.9423 1886.445 1139.1471 2633.7429 
2670000.0 2670.0 3628039.554 2063125.4841 5192953.6239 1.3588 0.7727 1.9449 1883.3413 1123.4013 2643.2814 
2680000.0 2680.0 3646161.8897 2072823.6124 5219500.1669 1.3605 0.7734 1.9476 1870.8323 1084.5511 2657.1136 
2690000.0 2690.0 3664964.321 2082339.3801 5247589.2619 1.3624 0.7741 1.9508 1872.5873 1053.3917 2691.7829 
2700000.0 2700.0 3683869.9033 2091840.5761 5275899.2306 1.3644 0.7748 1.954 1875.6037 1032.9616 2718.2458 
2710000.0 2710.0 3702675.4233 2102106.2464 5303244.6003 1.3663 0.7757 1.9569 1876.0533 1036.3769 2715.7298 
2720000.0 2720.0 3721304.571 2112130.8711 5330478.2709 1.3681 0.7765 1.9597 1874.0727 1024.3697 2723.7757 
2730000.0 2730.0 3740349.852 2124804.4933 5355895.2107 1.3701 0.7783 1.9619 1879.591 1061.9819 2697.2001 
2740000.0 2740.0 3759262.7453 2137655.3037 5380870.1869 1.372 0.7802 1.9638 1881.9943 1097.5205 2666.4681 
2750000.0 2750.0 3777529.508 2150222.0541 5404836.9619 1.3736 0.7819 1.9654 1870.2443 1144.1568 2596.3319 
2760000.0 2760.0 3796672.2307 2161179.4458 5432165.0155 1.3756 0.783 1.9682 1878.3033 1128.6151 2627.9916 
2770000.0 2770.0 3816101.2817 2173775.9076 5458426.6557 1.3777 0.7848 1.9706 1889.9857 1154.141 2625.8304 
2780000.0 2780.0 3834261.0483 2187193.5957 5481328.5009 1.3792 0.7868 1.9717 1875.1237 1188.1096 2562.1377 
2790000.0 2790.0 3853034.2787 2197591.4424 5508477.115 1.381 0.7877 1.9744 1875.3977 1167.5643 2583.231 
2800000.0 2800.0 3872396.8203 2207998.9485 5536794.6922 1.383 0.7886 1.9774 1886.7083 1146.1846 2627.2321 
2810000.0 2810.0 3891485.4907 2217466.8748 5565504.1065 1.3849 0.7891 1.9806 1890.589 1108.8777 2672.3003 
2820000.0 2820.0 3910661.475 2225671.5153 5595651.4347 1.3868 0.7892 1.9843 1895.8367 1056.4245 2735.2488 
2830000.0 2830.0 3930284.4573 2235061.8978 5625507.0169 1.3888 0.7898 1.9878 1908.169 1035.8818 2780.4562 
2840000.0 2840.0 3950021.9503 2246286.194 5653757.7067 1.3909 0.7909 1.9908 1920.309 1051.3565 2789.2615 
2850000.0 2850.0 3969554.29 2254827.3326 5684281.2474 1.3928 0.7912 1.9945 1926.3243 1013.975 2838.6737 
2860000.0 2860.0 3988443.9423 2265161.4635 5711726.4211 1.3946 0.792 1.9971 1919.6703 1017.5658 2821.7749 
2870000.0 2870.0 4007626.1483 2273891.979 5741360.3177 1.3964 0.7923 2.0005 1919.544 987.4532 2851.6348 
2880000.0 2880.0 4026804.2593 2283885.5256 5769722.9931 1.3982 0.793 2.0034 1919.2487 987.9301 2850.5672 
2890000.0 2890.0 4046092.135 2294048.1576 5798136.1124 1.4 0.7938 2.0063 1920.6653 991.4786 2849.8521 
2900000.0 2900.0 4065103.085 2303426.9208 5826779.2492 1.4018 0.7943 2.0092 1916.294 975.4685 2857.1195 
2910000.0 2910.0 4084242.1113 2312994.3794 5855489.8433 1.4035 0.7948 2.0122 1915.774 969.5952 2861.9528 
2920000.0 2920.0 4103504.639 2322653.6933 5884355.5847 1.4053 0.7954 2.0152 1918.3223 967.1442 2869.5005 
2930000.0 2930.0 4123012.9297 2330582.385 5915443.4743 1.4072 0.7954 2.0189 1924.6227 934.0484 2915.1969 
2940000.0 2940.0 4142957.0217 2339261.7344 5946652.309 1.4092 0.7957 2.0227 1937.2617 920.9245 2953.5989 
2950000.0 2950.0 4161953.5823 2345568.5106 5978338.654 1.4108 0.7951 2.0266 1930.4057 868.2479 2992.5634 
2960000.0 2960.0 4181421.4573 2355418.1103 6007424.8043 1.4126 0.7957 2.0295 1933.4237 889.8078 2977.0396 
2970000.0 2970.0 4201688.5147 2366032.6607 6037344.3687 1.4147 0.7966 2.0328 1950.321 919.8505 2980.7915 
2980000.0 2980.0 4221500.1197 2377640.5548 6065359.6845 1.4166 0.7979 2.0354 1955.8297 961.9623 2949.697 
2990000.0 2990.0 4240312.337 2385016.739 6095607.935 1.4182 0.7977 2.0387 1942.1697 908.882 2975.4574 
3000000.0 3000.0 4259788.3557 2394589.2711 6124987.4402 1.4199 0.7982 2.0417 1943.3567 916.8908 2969.8226 
3010000.0 3010.0 4280142.9383 2405308.4367 6154977.4399 1.422 0.7991 2.0448 1960.364 945.9974 2974.7306 
3020000.0 3020.0 4300673.2493 2415807.9759 6185538.5227 1.4241 0.7999 2.0482 1977.3633 962.52 2992.2066 
3030000.0 3030.0 4321600.0733 2426794.4451 6216405.7015 1.4263 0.8009 2.0516 1998.6167 985.8028 3011.4305 
3040000.0 3040.0 4342093.821 2436012.5214 6248175.1206 1.4283 0.8013 2.0553 2007.9583 967.2488 3048.6679 
3050000.0 3050.0 4362806.89 2446415.3912 6279198.3888 1.4304 0.8021 2.0588 2019.5657 978.9623 3060.1691 
3060000.0 3060.0 4383443.1853 2455003.1198 6311883.2509 1.4325 0.8023 2.0627 2027.663 955.9398 3099.3862 
3070000.0 3070.0 4404034.028 2464933.2291 6343134.8269 1.4345 0.8029 2.0662 2033.5523 964.7143 3102.3903 
3080000.0 3080.0 4424313.4333 2474825.1244 6373801.7422 1.4365 0.8035 2.0694 2032.5553 972.6301 3092.4806 
3090000.0 3090.0 4444860.8167 2485860.9067 6403860.7267 1.4385 0.8045 2.0724 2036.3997 997.472 3075.3274 
3100000.0 3100.0 4465333.0753 2496053.9504 6434612.2002 1.4404 0.8052 2.0757 2038.786 1003.3644 3074.2076 
3110000.0 3110.0 4484974.163 2506177.1262 6463771.1998 1.4421 0.8058 2.0784 2025.285 1007.0582 3043.5118 
3120000.0 3120.0 4504624.734 2513319.2521 6495930.2159 1.4438 0.8056 2.082 2013.7003 949.8468 3077.5539 
3130000.0 3130.0 4524429.1453 2523010.2774 6525848.0133 1.4455 0.8061 2.0849 2007.1757 953.0352 3061.3162 
3140000.0 3140.0 4543968.2957 2532344.9804 6555591.6109 1.4471 0.8065 2.0878 1997.625 947.8834 3047.3666 
3150000.0 3150.0 4563407.1953 2539635.574 6587178.8167 1.4487 0.8062 2.0912 1988.58 910.2228 3066.9372 
3160000.0 3160.0 4583148.7857 2546885.1305 6619412.4408 1.4504 0.806 2.0948 1986.571 878.6546 3094.4874 
3170000.0 3170.0 4603363.7373 2555811.658 6650915.8167 1.4522 0.8062 2.0981 1993.338 882.6552 3104.0208 
3180000.0 3180.0 4623589.8037 2568140.1291 6679039.4782 1.454 0.8076 2.1003 1998.7153 948.7258 3048.7049 
3190000.0 3190.0 4643921.6903 2577949.7033 6709893.6773 1.4558 0.8081 2.1034 2005.1653 954.4209 3055.9098 
3200000.0 3200.0 4664390.6373 2590265.8547 6738515.42 1.4576 0.8095 2.1058 2012.9087 1004.9339 3020.8835 
3210000.0 3210.0 4685232.6557 2604130.9984 6766334.3129 1.4596 0.8113 2.1079 2025.9793 1073.598 2978.3607 
3220000.0 3220.0 4705900.1427 2617484.848 6794315.4373 1.4615 0.8129 2.11 2033.506 1121.194 2945.818 
3230000.0 3230.0 4725812.2223 2626652.6409 6824971.8038 1.4631 0.8132 2.113 2024.9653 1080.7016 2969.2291 
3240000.0 3240.0 4746162.9803 2638806.0896 6853519.8711 1.4649 0.8144 2.1153 2027.137 1104.1476 2950.1264 
3250000.0 3250.0 4766271.8803 2648510.8942 6884032.8665 1.4665 0.8149 2.1182 2024.0733 1077.5813 2970.5654 
3260000.0 3260.0 4786721.9027 2659317.6988 6914126.1066 1.4683 0.8157 2.1209 2027.8017 1076.3276 2979.2757 
3270000.0 3270.0 4806696.643 2671675.5452 6941717.7408 1.4699 0.817 2.1228 2022.6317 1095.647 2949.6163 
3280000.0 3280.0 4827732.7523 2684501.2542 6970964.2505 1.4719 0.8184 2.1253 2037.6837 1127.5692 2947.7982 
3290000.0 3290.0 4847865.4393 2692016.9607 7003713.918 1.4735 0.8182 2.1288 2033.0297 1057.9122 3008.1472 
3300000.0 3300.0 4868082.87 2699912.828 7036252.912 1.4752 0.8182 2.1322 2030.6907 1004.2 3057.1813 
3310000.0 3310.0 4888763.0777 2711280.682 7066245.4733 1.477 0.8191 2.1348 2037.7593 1030.7737 3044.7449 
3320000.0 3320.0 4909352.5847 2721500.587 7097204.5824 1.4787 0.8197 2.1377 2041.6237 1028.3654 3054.8819 
3330000.0 3330.0 4929940.449 2733242.2706 7126638.6274 1.4805 0.8208 2.1401 2044.263 1053.9406 3034.5854 
3340000.0 3340.0 4950356.2397 2745206.8186 7155505.6607 1.4821 0.8219 2.1424 2043.9933 1076.6136 3011.3731 
3350000.0 3350.0 4970961.212 2756988.0241 7184934.3999 1.4839 0.823 2.1448 2046.9817 1093.3464 3000.6169 
3360000.0 3360.0 4991168.7427 2768848.0305 7213489.4549 1.4855 0.8241 2.1469 2042.1287 1106.6252 2977.6322 
3370000.0 3370.0 5010583.3527 2775700.3526 7245466.3528 1.4868 0.8236 2.15 2023.1157 1024.9183 3021.313 
3380000.0 3380.0 5031289.0737 2787567.2788 7275010.8686 1.4885 0.8247 2.1524 2031.8433 1053.3249 3010.3618 
3390000.0 3390.0 5051912.3357 2798944.7269 7304879.9444 1.4902 0.8256 2.1548 2037.4427 1068.0597 3006.8256 
3400000.0 3400.0 5071753.295 2807123.3131 7336383.2769 1.4917 0.8256 2.1578 2027.6933 1023.1818 3032.2049 
3410000.0 3410.0 5091818.115 2817277.1373 7366359.0927 1.4932 0.8262 2.1602 2024.1763 1021.7408 3026.6119 
3420000.0 3420.0 5111569.9033 2825436.0711 7397703.7356 1.4946 0.8262 2.1631 2014.6063 983.9446 3045.2681 
3430000.0 3430.0 5130683.573 2831259.9439 7430107.2021 1.4958 0.8254 2.1662 1995.269 911.0264 3079.5116 
3440000.0 3440.0 5150690.0607 2841898.0589 7459482.0625 1.4973 0.8261 2.1685 1996.404 940.0504 3052.7576 
3450000.0 3450.0 5171115.1227 2851199.1014 7491031.144 1.4989 0.8264 2.1713 2004.7077 936.9788 3072.4365 
3460000.0 3460.0 5191855.816 2862010.3662 7521701.2658 1.5005 0.8272 2.1739 2017.316 963.4232 3071.2088 
3470000.0 3470.0 5212290.5773 2873809.8404 7550771.3143 1.5021 0.8282 2.176 2021.7377 1002.2063 3041.269 
3480000.0 3480.0 5231323.1343 2882270.6751 7580375.5936 1.5033 0.8282 2.1783 1999.7903 970.9128 3028.6679 
3490000.0 3490.0 5251604.487 2892499.6121 7610709.3619 1.5048 0.8288 2.1807 2004.7943 978.5164 3031.0723 
3500000.0 3500.0 5272227.2733 2904173.4054 7640281.1413 1.5064 0.8298 2.1829 2015.4653 1012.3148 3018.6158 
3510000.0 3510.0 5292590.369 2915977.5845 7669203.1535 1.5079 0.8308 2.185 2019.2217 1041.3838 2997.0595 
3520000.0 3520.0 5313361.2187 2927493.7134 7699228.7239 1.5095 0.8317 2.1873 2029.6707 1060.591 2998.7503 
3530000.0 3530.0 5333771.9457 2938013.8482 7729530.0431 1.511 0.8323 2.1897 2032.116 1056.722 3007.51 
3540000.0 3540.0 5353839.623 2949518.1027 7758161.1433 1.5124 0.8332 2.1916 2027.342 1070.3977 2984.2863 
3550000.0 3550.0 5374106.319 2958784.9671 7789427.6709 1.5138 0.8335 2.1942 2027.4837 1037.4908 3017.4766 
3560000.0 3560.0 5394941.4203 2971327.1917 7818555.649 1.5154 0.8346 2.1962 2037.581 1068.8799 3006.2821 
3570000.0 3570.0 5415646.014 2983205.8168 7848086.2112 1.517 0.8356 2.1983 2043.4987 1082.5154 3004.4819 
3580000.0 3580.0 5436190.795 2994887.6388 7877493.9512 1.5185 0.8366 2.2004 2045.2217 1093.946 2996.4973 
3590000.0 3590.0 5457038.6017 3006220.2088 7907856.9945 1.5201 0.8374 2.2027 2052.431 1095.7564 3009.1056 
3600000.0 3600.0 5477858.5583 3016657.1943 7939059.9223 1.5216 0.838 2.2053 2058.2153 1086.9363 3029.4944 
3610000.0 3610.0 5498447.31 3026325.9406 7970568.6794 1.5231 0.8383 2.2079 2058.108 1065.0918 3051.1242 
3620000.0 3620.0 5518234.9637 3035819.8768 8000650.0505 1.5244 0.8386 2.2101 2043.545 1049.5945 3037.4955 
3630000.0 3630.0 5538336.8317 3045861.4162 8030812.2471 1.5257 0.8391 2.2123 2037.5883 1043.9354 3031.2413 
3640000.0 3640.0 5558023.5093 3056071.2847 8059975.734 1.5269 0.8396 2.2143 2024.8713 1039.9843 3009.7584 
3650000.0 3650.0 5578107.646 3066826.9403 8089388.3517 1.5282 0.8402 2.2163 2022.3077 1047.419 2997.1963 
3660000.0 3660.0 5598682.7707 3078299.6557 8119065.8856 1.5297 0.8411 2.2183 2028.5467 1065.3404 2991.753 
3670000.0 3670.0 5619265.9267 3088279.1167 8150252.7366 1.5311 0.8415 2.2208 2034.047 1051.3638 3016.7302 
3680000.0 3680.0 5637681.4427 3098568.9581 8176793.9272 1.532 0.842 2.222 1998.3217 1033.3041 2963.3393 
3690000.0 3690.0 5658002.3487 3109769.2908 8206235.4065 1.5333 0.8428 2.2239 2004.8647 1045.879 2963.8503 
3700000.0 3700.0 5678272.0647 3121789.8631 8234754.2662 1.5347 0.8437 2.2256 2008.7783 1067.2356 2950.3211 
3710000.0 3710.0 5698744.839 3134229.0262 8263260.6518 1.536 0.8448 2.2273 2015.9247 1095.8703 2935.979 
3720000.0 3720.0 5719117.5777 3145644.9596 8292590.1957 1.5374 0.8456 2.2292 2019.897 1102.4775 2937.3165 
3730000.0 3730.0 5739499.3343 3157103.6629 8321895.0057 1.5387 0.8464 2.2311 2023.1317 1110.3771 2935.8862 
3740000.0 3740.0 5760193.2767 3168518.5278 8351868.0255 1.5402 0.8472 2.2331 2031.6457 1116.7792 2946.5122 
3750000.0 3750.0 5780696.7547 3179088.3265 8382305.1828 1.5415 0.8478 2.2353 2035.3127 1108.3073 2962.318 
3760000.0 3760.0 5801388.79 3188909.9571 8413867.6229 1.5429 0.8481 2.2377 2041.7247 1085.6907 2997.7587 
3770000.0 3770.0 5821946.8193 3199910.7919 8443982.8468 1.5443 0.8488 2.2398 2044.144 1086.7731 3001.5149 
3780000.0 3780.0 5842645.1767 3212106.3071 8473184.0462 1.5457 0.8498 2.2416 2048.668 1107.2425 2990.0935 
3790000.0 3790.0 5863722.0027 3224526.242 8502917.7633 1.5472 0.8508 2.2435 2059.404 1123.3254 2995.4826 
3800000.0 3800.0 5884647.8007 3237101.0454 8532194.5559 1.5486 0.8519 2.2453 2065.602 1139.645 2991.559 
3810000.0 3810.0 5905874.7213 3249448.8875 8562300.5552 1.5501 0.8529 2.2473 2076.083 1154.9116 2997.2544 
3820000.0 3820.0 5927744.4077 3262745.176 8592743.6393 1.5518 0.8541 2.2494 2096.3577 1181.9634 3010.752 
3830000.0 3830.0 5949382.0527 3275012.057 8623752.0483 1.5534 0.8551 2.2516 2108.496 1189.2599 3027.7321 
3840000.0 3840.0 5971221.7367 3288078.3909 8654365.0824 1.555 0.8563 2.2537 2122.407 1208.9807 3035.8333 
3850000.0 3850.0 5992819.0677 3302485.162 8683152.9733 1.5566 0.8578 2.2554 2129.2687 1255.0476 3003.4897 
3860000.0 3860.0 6014744.6533 3315426.0052 8714063.3015 1.5582 0.8589 2.2575 2140.7483 1265.1053 3016.3914 
3870000.0 3870.0 6036633.5833 3328414.106 8744853.0607 1.5599 0.8601 2.2597 2149.7647 1271.882 3027.6473 
3880000.0 3880.0 6057945.275 3341252.8384 8774637.7116 1.5613 0.8611 2.2615 2146.4763 1276.4705 3016.4822 
3890000.0 3890.0 6079564.902 3354505.6857 8804624.1183 1.5629 0.8623 2.2634 2149.3287 1284.8306 3013.8267 
3900000.0 3900.0 6101032.5547 3365848.3951 8836216.7142 1.5644 0.863 2.2657 2148.4773 1254.9839 3041.9707 
3910000.0 3910.0 6122891.8893 3377418.4571 8868365.3216 1.566 0.8638 2.2681 2155.1257 1235.2657 3074.9856 
3920000.0 3920.0 6144920.0453 3390352.0663 8899488.0243 1.5676 0.8649 2.2703 2163.9233 1247.3265 3080.5201 
3930000.0 3930.0 6166634.1697 3405261.7434 8928006.5959 1.5691 0.8665 2.2718 2165.4703 1290.2916 3040.6491 
3940000.0 3940.0 6189015.2413 3419354.8368 8958675.6459 1.5708 0.8679 2.2738 2178.9063 1310.9681 3046.8446 
3950000.0 3950.0 6211400.7313 3433131.7781 8989669.6845 1.5725 0.8691 2.2759 2189.7287 1321.1372 3058.3201 
3960000.0 3960.0 6233018.1487 3445769.4312 9020266.8662 1.574 0.8701 2.2778 2184.587 1310.3114 3058.8626 
3970000.0 3970.0 6254652.952 3457295.185 9052010.719 1.5755 0.8709 2.2801 2180.6337 1282.0364 3079.2309 
3980000.0 3980.0 6276424.3827 3471132.9744 9081715.7909 1.577 0.8721 2.2818 2179.8733 1299.3521 3060.3946 
3990000.0 3990.0 6298964.7247 3485372.937 9112556.5124 1.5787 0.8735 2.2838 2193.515 1320.9211 3066.1089 
4000000.0 4000.0 6321118.4017 3497541.1032 9144695.7001 1.5803 0.8744 2.2862 2197.399 1301.2872 3093.5108 
4010000.0 4010.0 6342618.5947 3509782.5136 9175454.6757 1.5817 0.8753 2.2881 2188.1363 1279.7575 3096.5152 
4020000.0 4020.0 6364107.9527 3522939.4738 9205276.4315 1.5831 0.8764 2.2899 2180.8983 1279.9894 3081.8073 
4030000.0 4030.0 6384787.0937 3534661.0053 9234913.182 1.5843 0.8771 2.2915 2160.1433 1240.6087 3079.678 
4040000.0 4040.0 6405824.0167 3547587.6716 9264060.3618 1.5856 0.8781 2.2931 2150.343 1231.317 3069.369 
4050000.0 4050.0 6427066.7683 3557411.9341 9296721.6026 1.5869 0.8784 2.2955 2145.409 1183.4401 3107.3779 
4060000.0 4060.0 6448727.0427 3568070.5795 9329383.5058 1.5884 0.8788 2.2979 2149.221 1159.8157 3138.6263 
4070000.0 4070.0 6470160.107 3577316.9034 9363003.3106 1.5897 0.8789 2.3005 2148.114 1119.2538 3176.9742 
4080000.0 4080.0 6491869.5793 3589921.6561 9393817.5026 1.5911 0.8799 2.3024 2152.3577 1146.9451 3157.7702 
4090000.0 4090.0 6513506.3053 3600545.2836 9426467.3271 1.5925 0.8803 2.3048 2154.894 1136.3268 3173.4612 
4100000.0 4100.0 6535326.6543 3611667.3069 9458986.0018 1.594 0.8809 2.3071 2159.716 1129.0437 3190.3883 
4110000.0 4110.0 6557351.215 3624093.5856 9490608.8444 1.5955 0.8818 2.3092 2167.392 1150.6263 3184.1577 
4120000.0 4120.0 6579455.4403 3638297.3329 9520613.5478 1.597 0.8831 2.3108 2175.5923 1199.0672 3152.1175 
4130000.0 4130.0 6601218.0947 3650474.1576 9551962.0317 1.5984 0.8839 2.3128 2175.462 1203.2093 3147.7147 
4140000.0 4140.0 6623116.4537 3662078.553 9584154.3544 1.5998 0.8846 2.315 2178.2853 1194.6096 3161.9611 
4150000.0 4150.0 6644862.0503 3673124.8454 9616599.2553 1.6012 0.8851 2.3173 2177.8853 1180.3484 3175.4222 
4160000.0 4160.0 6666575.3977 3682875.0045 9650275.7908 1.6025 0.8853 2.3198 2176.4577 1141.5452 3211.3702 
4170000.0 4170.0 6688721.3027 3694639.8419 9682802.7635 1.604 0.886 2.322 2183.5773 1145.0232 3222.1315 
4180000.0 4180.0 6710330.706 3705622.1362 9715039.2758 1.6053 0.8865 2.3242 2179.2273 1137.2657 3221.1889 
4190000.0 4190.0 6731360.2057 3717648.1993 9745072.212 1.6065 0.8873 2.3258 2165.3513 1153.1514 3177.5513 
4200000.0 4200.0 6752675.876 3730392.3665 9774959.3855 1.6078 0.8882 2.3274 2159.8753 1175.7943 3143.9563 
4210000.0 4210.0 6774540.589 3742493.7793 9806587.3987 1.6092 0.889 2.3294 2164.7507 1182.7507 3146.7506 
4220000.0 4220.0 6795907.049 3753096.7872 9838717.3108 1.6104 0.8894 2.3314 2160.01 1160.3207 3159.6993 
4230000.0 4230.0 6817470.1473 3765230.1772 9869710.1175 1.6117 0.8901 2.3333 2159.134 1170.5943 3147.6737 
4240000.0 4240.0 6839227.5293 3776458.5849 9901996.4737 1.613 0.8907 2.3354 2162.0837 1162.4786 3161.6887 
4250000.0 4250.0 6859741.597 3785919.026 9933564.168 1.6141 0.8908 2.3373 2140.8913 1121.5553 3160.2273 
4260000.0 4260.0 6880862.1863 3799054.8625 9962669.5102 1.6152 0.8918 2.3387 2135.7937 1156.6218 3114.9656 
4270000.0 4270.0 6901991.3703 3811666.7692 9992315.9715 1.6164 0.8927 2.3401 2131.7833 1174.7566 3088.8101 
4280000.0 4280.0 6923243.4617 3825223.9795 10021262.9439 1.6176 0.8937 2.3414 2130.2517 1207.0433 3053.46 
4290000.0 4290.0 6944398.64 3838158.966 10050638.314 1.6187 0.8947 2.3428 2127.823 1223.6253 3032.0207 
4300000.0 4300.0 6966032.5517 3851499.1462 10080565.9572 1.62 0.8957 2.3443 2134.397 1244.5266 3024.2674 
4310000.0 4310.0 6987758.0063 3865401.3909 10110114.6218 1.6213 0.8968 2.3457 2141.382 1271.0272 3011.7368 
4320000.0 4320.0 7009123.3117 3879327.2164 10138919.407 1.6225 0.898 2.347 2140.4577 1293.83 2987.0853 
4330000.0 4330.0 7030428.654 3893823.9862 10167033.3218 1.6237 0.8993 2.348 2138.8627 1323.2246 2954.5008 
4340000.0 4340.0 7051607.0813 3905391.6191 10197822.5436 1.6248 0.8999 2.3497 2135.1117 1293.6224 2976.6009 
4350000.0 4350.0 7072661.8667 3917414.3536 10227909.3797 1.6259 0.9006 2.3512 2129.7407 1275.4296 2984.0517 
4360000.0 4360.0 7094012.8757 3930965.293 10257060.4583 1.6271 0.9016 2.3525 2130.6157 1287.6835 2973.5479 
4370000.0 4370.0 7115285.3113 3943583.0959 10286987.5268 1.6282 0.9024 2.354 2130.2317 1279.9187 2980.5446 
4380000.0 4380.0 7135963.9387 3957015.281 10314912.5964 1.6292 0.9034 2.355 2118.1803 1281.6141 2954.7465 
4390000.0 4390.0 7155778.4293 3967093.4687 10344463.39 1.63 0.9037 2.3564 2092.3897 1221.3691 2963.4103 
4400000.0 4400.0 7176157.0777 3977055.8063 10375258.349 1.6309 0.9039 2.358 2082.8317 1179.4871 2986.1763 
4410000.0 4410.0 7196967.2313 3989773.6314 10404160.8312 1.632 0.9047 2.3592 2082.2473 1197.4905 2967.0041 
4420000.0 4420.0 7217474.5693 4000426.9115 10434522.2272 1.6329 0.9051 2.3608 2076.643 1174.854 2978.432 
4430000.0 4430.0 7237996.0993 4012922.1078 10463070.0908 1.6339 0.9059 2.3619 2072.3073 1186.9653 2957.6493 
4440000.0 4440.0 7258613.2983 4023606.4057 10493620.191 1.6348 0.9062 2.3634 2070.3333 1165.6188 2975.0479 
4450000.0 4450.0 7278999.8717 4038288.7029 10519711.0404 1.6357 0.9075 2.364 2063.233 1214.4077 2912.0583 
4460000.0 4460.0 7300506.5857 4051889.8698 10549123.3015 1.6369 0.9085 2.3653 2079.502 1242.8114 2916.1926 
4470000.0 4470.0 7322087.9133 4064111.5815 10580064.2452 1.6381 0.9092 2.3669 2094.0167 1238.9922 2949.0411 
4480000.0 4480.0 7343743.1013 4078636.2553 10608849.9473 1.6392 0.9104 2.368 2106.637 1279.3397 2933.9343 
4490000.0 4490.0 7364972.4603 4092209.0349 10637735.8857 1.6403 0.9114 2.3692 2109.5443 1294.4443 2924.6444 
4500000.0 4500.0 7385996.1123 4104949.7566 10667042.4681 1.6413 0.9122 2.3705 2107.698 1289.1675 2926.2285 
4510000.0 4510.0 7407176.4887 4118719.6571 10695633.3202 1.6424 0.9132 2.3715 2109.4657 1306.1687 2912.7626 
4520000.0 4520.0 7427760.2617 4128900.9491 10726619.5743 1.6433 0.9135 2.3731 2099.9437 1251.6586 2948.2287 
4530000.0 4530.0 7448853.6507 4142231.6452 10755475.6562 1.6443 0.9144 2.3743 2101.8637 1266.7986 2936.9287 
4540000.0 4540.0 7469342.98 4154631.713 10784054.247 1.6452 0.9151 2.3753 2092.2317 1259.8102 2924.6531 
4550000.0 4550.0 7490728.056 4166048.7378 10815407.3742 1.6463 0.9156 2.377 2100.6503 1238.1137 2963.187 
4560000.0 4560.0 7511492.9473 4177139.7511 10845846.1436 1.6473 0.916 2.3785 2095.5207 1214.4072 2976.6341 
4570000.0 4570.0 7532633.623 4189549.6946 10875717.5514 1.6483 0.9168 2.3798 2099.0197 1219.2955 2978.7438 
4580000.0 4580.0 7554184.7493 4202600.6739 10905768.8247 1.6494 0.9176 2.3812 2109.331 1235.3135 2983.3485 
4590000.0 4590.0 7574330.003 4211277.9413 10937382.0647 1.6502 0.9175 2.3829 2091.1657 1165.5058 3016.8255 
4600000.0 4600.0 7595439.6317 4222097.9749 10968781.2884 1.6512 0.9178 2.3845 2094.7343 1149.197 3040.2717 
4610000.0 4610.0 7615904.6313 4232242.2427 10999567.02 1.652 0.9181 2.386 2085.4283 1124.4772 3046.3795 
4620000.0 4620.0 7636885.7257 4242592.2176 11031179.2338 1.653 0.9183 2.3877 2088.025 1106.1188 3069.9312 
4630000.0 4630.0 7658136.6757 4254447.8386 11061825.5127 1.654 0.9189 2.3892 2094.2637 1120.6049 3067.9224 
4640000.0 4640.0 7678287.5443 4265664.9852 11090910.1034 1.6548 0.9193 2.3903 2079.358 1120.0525 3038.6635 
4650000.0 4650.0 7699596.304 4279860.4719 11119332.1361 1.6558 0.9204 2.3913 2088.6273 1174.1008 3003.1538 
4660000.0 4660.0 7720529.461 4295091.6298 11145967.2922 1.6568 0.9217 2.3918 2089.3457 1239.7852 2938.9061 
4670000.0 4670.0 7741739.0483 4309298.0682 11174180.0284 1.6578 0.9228 2.3928 2095.2727 1272.4323 2918.113 
4680000.0 4680.0 7763264.7267 4323723.6259 11202805.8274 1.6588 0.9239 2.3938 2105.9723 1303.357 2908.5877 
4690000.0 4690.0 7784689.2983 4336926.27 11232452.3267 1.6598 0.9247 2.395 2112.783 1306.7295 2918.8365 
4700000.0 4700.0 7805655.8197 4347646.4132 11263665.2262 1.6608 0.925 2.3965 2110.2187 1265.4468 2954.9905 
4710000.0 4710.0 7826629.6873 4359280.8987 11293978.476 1.6617 0.9255 2.3979 2107.9023 1247.6507 2968.1539 
4720000.0 4720.0 7847183.133 4370750.7899 11323615.4761 1.6625 0.926 2.3991 2098.0167 1228.0893 2967.9441 
4730000.0 4730.0 7868203.3607 4381570.4106 11354836.3107 1.6635 0.9263 2.4006 2099.187 1201.3879 2996.9861 
4740000.0 4740.0 7889081.022 4392158.4383 11386003.6057 1.6644 0.9266 2.4021 2097.1407 1175.7199 3018.5615 
4750000.0 4750.0 7909818.5923 4403258.1254 11416379.0593 1.6652 0.927 2.4034 2093.195 1164.3595 3022.0305 
4760000.0 4760.0 7931283.919 4416240.0227 11446327.8153 1.6662 0.9278 2.4047 2103.701 1188.7709 3018.6311 
4770000.0 4770.0 7952364.3963 4428016.9886 11476711.8041 1.6672 0.9283 2.406 2104.7433 1185.0502 3024.4365 
4780000.0 4780.0 7972615.594 4436639.0385 11508592.1495 1.6679 0.9282 2.4077 2090.367 1119.1134 3061.6206 
4790000.0 4790.0 7993380.8027 4447104.0065 11539657.5989 1.6688 0.9284 2.4091 2088.5727 1105.5399 3071.6054 
4800000.0 4800.0 8014646.694 4460463.8376 11568829.5504 1.6697 0.9293 2.4102 2095.2317 1139.5074 3050.9559 
4810000.0 4810.0 8035606.2847 4472849.2428 11598363.3265 1.6706 0.9299 2.4113 2095.3863 1154.0673 3036.7054 
4820000.0 4820.0 8056063.6393 4487632.5677 11624494.7109 1.6714 0.931 2.4117 2086.6543 1207.5951 2965.7135 
4830000.0 4830.0 8076856.3147 4501573.3483 11652139.281 1.6722 0.932 2.4125 2085.024 1224.389 2945.659 
4840000.0 4840.0 8098162.0107 4515337.4256 11680986.5957 1.6732 0.9329 2.4134 2093.637 1241.2569 2946.0171 
4850000.0 4850.0 8119967.554 4530053.6926 11709881.4154 1.6742 0.934 2.4144 2109.742 1276.8832 2942.6008 
4860000.0 4860.0 8141150.2683 4543568.364 11738732.1727 1.6751 0.9349 2.4154 2110.6853 1287.2227 2934.1479 
4870000.0 4870.0 8162104.216 4556514.754 11767693.678 1.676 0.9356 2.4164 2107.8593 1287.1766 2928.5421 
4880000.0 4880.0 8183357.275 4569638.4411 11797076.1089 1.6769 0.9364 2.4174 2110.891 1290.347 2931.435 
4890000.0 4890.0 8203359.8187 4577181.5391 11829538.0982 1.6776 0.936 2.4191 2091.157 1188.6925 2993.6215 
4900000.0 4900.0 8224180.9817 4587511.3594 11860850.6039 1.6784 0.9362 2.4206 2089.875 1156.0952 3023.6548 
4910000.0 4910.0 8245643.694 4602057.8444 11889229.5436 1.6794 0.9373 2.4214 2100.2947 1210.054 2990.5353 
4920000.0 4920.0 8267134.92 4615656.149 11918613.691 1.6803 0.9381 2.4225 2109.534 1235.7669 2983.3011 
4930000.0 4930.0 8288741.7353 4627440.466 11950043.0047 1.6813 0.9386 2.4239 2118.83 1221.1216 3016.5384 
4940000.0 4940.0 8310913.776 4640413.0175 11981414.5345 1.6824 0.9394 2.4254 2136.7707 1234.9147 3038.6266 
4950000.0 4950.0 8332833.508 4653886.5213 12011780.4947 1.6834 0.9402 2.4266 2146.6723 1257.251 3036.0937 
4960000.0 4960.0 8354615.5083 4665992.3586 12043238.658 1.6844 0.9407 2.4281 2152.4563 1247.4158 3057.4969 
4970000.0 4970.0 8376927.022 4680552.783 12073301.261 1.6855 0.9418 2.4292 2166.967 1281.3916 3052.5424 
4980000.0 4980.0 8399045.3643 4695348.6941 12102742.0346 1.6866 0.9428 2.4303 2175.1387 1318.7598 3031.5176 
4990000.0 4990.0 8421176.7417 4709040.9687 12133312.5146 1.6876 0.9437 2.4315 2182.2933 1329.0201 3035.5666 
5000000.0 5000.0 8443200.6793 4723370.2972 12163031.0615 1.6886 0.9447 2.4326 2186.1967 1350.3981 3021.9952 
5010000.0 5010.0 8465181.1043 4736985.9982 12193376.2105 1.6897 0.9455 2.4338 2188.4683 1353.1638 3023.7729 
5020000.0 5020.0 8487468.3407 4751578.8186 12223357.8627 1.6907 0.9465 2.4349 2196.3043 1373.3019 3019.3068 
5030000.0 5030.0 8509819.795 4765617.0731 12254022.5169 1.6918 0.9474 2.4362 2203.159 1377.9528 3028.3652 
5040000.0 5040.0 8532277.2027 4781311.5034 12283242.9019 1.6929 0.9487 2.4372 2211.1807 1412.7632 3009.5981 
5050000.0 5050.0 8554765.6647 4795871.6604 12313659.669 1.694 0.9497 2.4383 2217.943 1419.337 3016.549 
5060000.0 5060.0 8577075.6673 4810053.8985 12344097.4361 1.6951 0.9506 2.4395 2220.339 1417.1408 3023.5372 
5070000.0 5070.0 8599456.3533 4824209.9935 12374702.7132 1.6961 0.9515 2.4408 2223.3483 1415.6539 3031.0428 
5080000.0 5080.0 8621474.719 4838867.4599 12404081.9781 1.6971 0.9525 2.4417 2218.962 1420.6784 3017.2456 
5090000.0 5090.0 8643164.7457 4854266.2876 12432063.2037 1.6981 0.9537 2.4424 2209.657 1436.8826 2982.4314 
5100000.0 5100.0 8664644.675 4868767.8003 12460521.5497 1.6989 0.9547 2.4432 2198.774 1431.7678 2965.7802 
5110000.0 5110.0 8686497.746 4882921.4115 12490074.0805 1.6999 0.9556 2.4442 2195.8693 1426.1599 2965.5788 
5120000.0 5120.0 8708253.324 4896301.2905 12520205.3575 1.7008 0.9563 2.4454 2192.145 1409.0951 2975.1949 
5130000.0 5130.0 8730077.003 4909322.5002 12550831.5058 1.7018 0.957 2.4466 2190.324 1390.0469 2990.6011 
5140000.0 5140.0 8751719.079 4922491.3749 12580946.7831 1.7027 0.9577 2.4477 2185.709 1375.7439 2995.6741 
5150000.0 5150.0 8773386.4667 4936868.3571 12609904.5763 1.7036 0.9586 2.4485 2182.1063 1385.3656 2978.8471 
5160000.0 5160.0 8794882.4943 4950232.5448 12639532.4439 1.7044 0.9593 2.4495 2176.0253 1374.6302 2977.4205 
5170000.0 5170.0 8816790.0587 4964371.8208 12669208.2966 1.7054 0.9602 2.4505 2178.3423 1380.5851 2976.0996 
5180000.0 5180.0 8839082.633 4978362.0082 12699803.2578 1.7064 0.9611 2.4517 2187.757 1383.6427 2991.8713 
5190000.0 5190.0 8861001.4697 4990477.985 12731524.9543 1.7073 0.9616 2.4531 2188.7413 1353.6299 3023.8527 
5200000.0 5200.0 8883080.716 5005074.4748 12761086.9572 1.7083 0.9625 2.4541 2192.4387 1371.6729 3013.2044 
5210000.0 5210.0 8905032.9337 5020019.5672 12790046.3002 1.7092 0.9635 2.4549 2192.5243 1391.9376 2993.1111 
5220000.0 5220.0 8926267.8763 5035028.2467 12817507.506 1.71 0.9646 2.4555 2179.9937 1411.1147 2948.8727 
5230000.0 5230.0 8947210.0633 5048894.9523 12845525.1744 1.7107 0.9654 2.4561 2163.882 1407.1426 2920.6214 
5240000.0 5240.0 8968667.2433 5063401.747 12873932.7397 1.7116 0.9663 2.4569 2160.8593 1415.2118 2906.5068 
5250000.0 5250.0 8990117.509 5078470.8693 12901764.1487 1.7124 0.9673 2.4575 2158.333 1433.8439 2882.8221 
5260000.0 5260.0 9011573.2527 5093332.5658 12929813.9396 1.7132 0.9683 2.4581 2156.065 1441.6709 2870.4591 
5270000.0 5270.0 9033454.681 5107810.9164 12959098.4456 1.7141 0.9692 2.459 2162.2913 1440.1588 2884.4238 
5280000.0 5280.0 9055553.0437 5123427.6072 12987678.4801 1.7151 0.9703 2.4598 2170.9887 1457.2181 2884.7592 
5290000.0 5290.0 9077308.157 5137282.7793 13017333.5347 1.7159 0.9711 2.4607 2171.8107 1438.6411 2904.9802 
5300000.0 5300.0 9099045.1223 5151588.2154 13046502.0292 1.7168 0.972 2.4616 2171.8933 1435.3691 2908.4175 
5310000.0 5310.0 9120892.6617 5165894.8888 13075890.4345 1.7177 0.9729 2.4625 2174.5367 1434.9025 2914.1708 
5320000.0 5320.0 9142246.601 5179125.9698 13105367.2322 1.7185 0.9735 2.4634 2167.183 1414.5247 2919.8413 
5330000.0 5330.0 9163738.1307 5192137.4344 13135338.827 1.7193 0.9741 2.4644 2164.0437 1394.525 2933.5623 
5340000.0 5340.0 9185772.6783 5206066.8852 13165478.4715 1.7202 0.9749 2.4654 2171.3033 1393.5819 2949.0248 
5350000.0 5350.0 9207044.0677 5219672.9995 13194415.1358 1.7209 0.9756 2.4662 2163.3953 1385.5382 2941.2524 
5360000.0 5360.0 9228708.469 5234136.0913 13223280.8467 1.7218 0.9765 2.467 2163.8543 1393.8342 2933.8744 
5370000.0 5370.0 9250229.735 5247793.7238 13252665.7462 1.7226 0.9772 2.4679 2161.6077 1387.3924 2935.823 
5380000.0 5380.0 9271902.546 5262395.5892 13281409.5028 1.7234 0.9781 2.4687 2162.6467 1398.9485 2926.3448 
5390000.0 5390.0 9293277.8543 5276219.4087 13310336.2999 1.7242 0.9789 2.4695 2157.916 1395.0179 2920.8141 
5400000.0 5400.0 9314677.953 5290186.8686 13339169.0374 1.7249 0.9797 2.4702 2154.3997 1396.8145 2911.9848 
5410000.0 5410.0 9336019.891 5304350.6484 13367689.1336 1.7257 0.9805 2.4709 2150.743 1401.7739 2899.7121 
5420000.0 5420.0 9357224.4423 5316781.2901 13397667.5946 1.7264 0.981 2.4719 2145.3623 1371.8662 2918.8585 
5430000.0 5430.0 9378917.5853 5330144.3849 13427690.7858 1.7272 0.9816 2.4729 2149.7777 1364.1528 2935.4025 
5440000.0 5440.0 9400908.1667 5343943.1833 13457873.1501 1.7281 0.9823 2.4739 2158.7437 1362.5731 2954.9142 
5450000.0 5450.0 9422552.579 5356389.3239 13488715.8341 1.7289 0.9828 2.475 2159.8447 1337.1482 2982.5411 
5460000.0 5460.0 9444087.7687 5369265.2999 13518910.2375 1.7297 0.9834 2.476 2158.304 1325.2627 2991.3453 
5470000.0 5470.0 9465513.9843 5383059.1676 13547968.8011 1.7304 0.9841 2.4768 2155.4203 1334.7156 2976.125 
5480000.0 5480.0 9486611.5007 5394994.1507 13578228.8506 1.7311 0.9845 2.4778 2147.0927 1309.6787 2984.5067 
5490000.0 5490.0 9508268.7043 5407786.5035 13608750.9052 1.7319 0.985 2.4788 2150.5237 1305.3245 2995.7229 
5500000.0 5500.0 9530346.3753 5420410.5499 13640282.2008 1.7328 0.9855 2.4801 2161.1253 1298.5017 3023.749 
5510000.0 5510.0 9552102.4557 5434703.1411 13669501.7703 1.7336 0.9863 2.4809 2163.572 1320.7559 3006.3881 
5520000.0 5520.0 9573610.2333 5448565.44 13698655.0266 1.7343 0.9871 2.4816 2160.9 1332.9906 2988.8094 
5530000.0 5530.0 9594385.0273 5460677.7875 13728092.2672 1.735 0.9875 2.4825 2145.619 1308.8347 2982.4033 
5540000.0 5540.0 9614919.8487 5471597.4972 13758242.2001 1.7355 0.9877 2.4834 2128.748 1268.6351 2988.8609 
5550000.0 5550.0 9633795.4737 5475624.8732 13791966.0741 1.7358 0.9866 2.485 2084.8343 1112.0568 3057.6119 
5560000.0 5560.0 9655667.7277 5490699.142 13820636.3133 1.7366 0.9875 2.4857 2103.6197 1180.382 3026.8574 
5570000.0 5570.0 9676980.4793 5503378.7563 13850582.2024 1.7373 0.988 2.4866 2109.3657 1194.3577 3024.3736 
5580000.0 5580.0 9698552.21 5517474.7676 13879629.6524 1.7381 0.9888 2.4874 2117.7907 1226.7472 3008.8342 
5590000.0 5590.0 9720104.3147 5531603.0691 13908605.5602 1.7388 0.9896 2.4881 2124.8377 1250.2003 2999.475 
5600000.0 5600.0 9741011.9357 5544849.6882 13937174.1831 1.7395 0.9902 2.4888 2118.919 1247.5558 2990.2822 
5610000.0 5610.0 9762684.5813 5559102.9336 13966266.2291 1.7402 0.9909 2.4895 2127.4827 1280.0093 2974.956 
5620000.0 5620.0 9784370.7677 5571848.5875 13996892.9478 1.741 0.9914 2.4906 2134.8083 1273.9835 2995.6331 
5630000.0 5630.0 9806520.4983 5586445.9041 14026595.0926 1.7418 0.9923 2.4914 2149.2113 1306.2571 2992.1656 
5640000.0 5640.0 9828513.7207 5600043.5533 14056983.888 1.7426 0.9929 2.4924 2158.2563 1311.1485 3005.3642 
5650000.0 5650.0 9849922.0957 5614864.2277 14084979.9636 1.7433 0.9938 2.4929 2155.5033 1334.0331 2976.9736 
5660000.0 5660.0 9871602.3193 5629670.902 14113533.7367 1.7441 0.9946 2.4936 2157.5003 1355.3774 2959.6232 
5670000.0 5670.0 9893113.826 5643809.4509 14142418.2011 1.7448 0.9954 2.4943 2156.4743 1360.3515 2952.5971 
5680000.0 5680.0 9914649.966 5657191.7737 14172108.1583 1.7455 0.996 2.4951 2155.9893 1358.5084 2953.4702 
5690000.0 5690.0 9936491.129 5671545.1081 14201437.1499 1.7463 0.9968 2.4959 2161.0727 1375.0288 2947.1165 
5700000.0 5700.0 9957711.2913 5684955.488 14230467.0947 1.747 0.9974 2.4966 2153.8693 1369.1965 2938.5422 
5710000.0 5710.0 9979037.531 5699011.1234 14259063.9386 1.7476 0.9981 2.4972 2149.9547 1371.3831 2928.5263 
5720000.0 5720.0 10000342.1767 5714295.5815 14286388.7718 1.7483 0.999 2.4976 2146.5133 1398.0541 2894.9725 
5730000.0 5730.0 10021582.2007 5728698.1266 14314466.2748 1.749 0.9998 2.4982 2142.622 1404.4785 2880.7655 
5740000.0 5740.0 10042661.1767 5742902.9195 14342419.4338 1.7496 1.0005 2.4987 2136.0627 1403.6386 2868.4868 
5750000.0 5750.0 10063782.891 5756001.1673 14371564.6147 1.7502 1.001 2.4994 2131.8443 1383.3762 2880.3125 
5760000.0 5760.0 10084512.655 5770635.5928 14398389.7172 1.7508 1.0018 2.4997 2121.196 1381.7938 2860.5982 
5770000.0 5770.0 10105317.4007 5786825.5564 14423809.245 1.7514 1.0029 2.4998 2113.6227 1411.5174 2815.7279 
5780000.0 5780.0 10126325.465 5800484.7944 14452166.1356 1.752 1.0035 2.5004 2111.752 1397.3301 2826.1739 
5790000.0 5790.0 10147498.7343 5813964.4225 14481033.0462 1.7526 1.0041 2.501 2112.4827 1382.4335 2842.5319 
5800000.0 5800.0 10168191.654 5826241.2739 14510142.0341 1.7531 1.0045 2.5017 2104.844 1353.5589 2856.1291 
5810000.0 5810.0 10188923.6163 5839485.6386 14538361.5941 1.7537 1.0051 2.5023 2098.49 1342.7983 2854.1817 
5820000.0 5820.0 10209997.1223 5851711.9748 14568282.2699 1.7543 1.0054 2.5031 2100.015 1321.7644 2878.2656 
5830000.0 5830.0 10231549.133 5866032.782 14597065.484 1.755 1.0062 2.5038 2110.2893 1339.1007 2881.478 
5840000.0 5840.0 10252480.1263 5879396.6629 14625563.5897 1.7556 1.0067 2.5044 2106.8117 1333.9008 2879.7225 
5850000.0 5850.0 10272916.0973 5892990.8999 14652841.2948 1.7561 1.0073 2.5048 2095.4417 1331.1353 2859.7481 
5860000.0 5860.0 10293152.8823 5906187.6508 14680118.1138 1.7565 1.0079 2.5051 2082.668 1320.0338 2845.3022 
5870000.0 5870.0 10313567.195 5916474.7553 14710659.6347 1.757 1.0079 2.5061 2074.9933 1262.5645 2887.4222 
5880000.0 5880.0 10334329.1807 5928275.9725 14740382.3888 1.7575 1.0082 2.5069 2075.3853 1247.7875 2902.9832 
5890000.0 5890.0 10355502.3643 5940414.0836 14770590.645 1.7581 1.0086 2.5077 2082.8603 1241.9692 2923.7514 
5900000.0 5900.0 10376550.8777 5951622.7902 14801478.9651 1.7587 1.0087 2.5087 2086.9293 1217.2231 2956.6356 
5910000.0 5910.0 10397748.5207 5963734.1603 14831762.8811 1.7593 1.0091 2.5096 2093.0543 1214.4313 2971.6774 
5920000.0 5920.0 10419250.7697 5975966.1754 14862535.3639 1.76 1.0095 2.5106 2103.4597 1214.4804 2992.4389 
5930000.0 5930.0 10440684.2297 5988959.1369 14892409.3224 1.7607 1.0099 2.5114 2110.602 1227.3348 2993.8692 
5940000.0 5940.0 10461830.412 6001778.2356 14921882.5884 1.7613 1.0104 2.5121 2111.523 1230.5548 2992.4912 
5950000.0 5950.0 10482864.24 6016129.6539 14949598.8261 1.7618 1.0111 2.5125 2110.2987 1258.4068 2962.1905 
5960000.0 5960.0 10504156.2793 6030913.2152 14977399.3435 1.7624 1.0119 2.513 2113.9707 1290.2644 2937.6769 
5970000.0 5970.0 10526200.7863 6046643.4365 15005758.1362 1.7632 1.0128 2.5135 2130.2567 1345.7352 2914.7782 
5980000.0 5980.0 10547593.6913 6059723.6702 15035463.7124 1.7638 1.0133 2.5143 2131.817 1342.7208 2920.9132 
5990000.0 5990.0 10569301.5003 6072922.4281 15065680.5726 1.7645 1.0138 2.5151 2139.458 1338.7085 2940.2075 
6000000.0 6000.0 10591322.1887 6087334.5612 15095309.8161 1.7652 1.0146 2.5159 2150.703 1356.6644 2944.7416 
