10000.0 10.0 -13304.6634 -14544.8174 -12064.5094 -1.3305 -1.4545 -1.2065 -243.4816 -266.1013 -220.8619 
20000.0 20.0 -26489.4044 -29234.3677 -23744.4411 -1.3245 -1.4617 -1.1872 -440.071 -486.1323 -394.0097 
30000.0 30.0 -39541.1554 -41901.2473 -37181.0635 -1.318 -1.3967 -1.2394 -597.8242 -628.9685 -566.6799 
40000.0 40.0 -51357.0222 -54587.7289 -48126.3155 -1.2839 -1.3647 -1.2032 -704.624 -749.7001 -659.5479 
50000.0 50.0 -62051.9802 -66887.6887 -57216.2717 -1.241 -1.3378 -1.1443 -771.0706 -836.5087 -705.6325 
60000.0 60.0 -69771.1984 -77587.9731 -61954.4237 -1.1629 -1.2931 -1.0326 -771.3456 -882.79 -659.9012 
70000.0 70.0 -79297.5034 -89977.151 -68617.8558 -1.1328 -1.2854 -0.9803 -803.8872 -947.1875 -660.5869 
80000.0 80.0 -85257.0444 -96998.5774 -73515.5114 -1.0657 -1.2125 -0.9189 -763.4088 -899.0697 -627.7479 
90000.0 90.0 -91481.6962 -107002.0843 -75961.3081 -1.0165 -1.1889 -0.844 -739.0188 -927.7389 -550.2987 
100000.0 100.0 -95879.5314 -115278.5698 -76480.493 -0.9588 -1.1528 -0.7648 -682.104 -919.3604 -444.8476 
110000.0 110.0 -101395.9054 -120723.1243 -82068.6865 -0.9218 -1.0975 -0.7461 -658.293 -864.4396 -452.1464 
120000.0 120.0 -107097.9444 -128627.6899 -85568.1989 -0.8925 -1.0719 -0.7131 -641.722 -864.5905 -418.8535 
130000.0 130.0 -111285.0394 -136446.4963 -86123.5825 -0.856 -1.0496 -0.6625 -600.1582 -854.4049 -345.9115 
140000.0 140.0 -112916.0574 -139505.28 -86326.8348 -0.8065 -0.9965 -0.6166 -519.04 -750.2113 -287.8687 
150000.0 150.0 -112396.2864 -139093.448 -85699.1248 -0.7493 -0.9273 -0.5713 -413.8212 -617.5958 -210.0466 
160000.0 160.0 -110365.983 -137448.6705 -83283.2955 -0.6898 -0.8591 -0.5205 -300.4162 -479.6209 -121.2115 
170000.0 170.0 -108742.2972 -135302.3998 -82182.1946 -0.6397 -0.7959 -0.4834 -216.6704 -362.7227 -70.6181 
180000.0 180.0 -107414.1316 -135165.736 -79662.5272 -0.5967 -0.7509 -0.4426 -152.9684 -297.9529 -7.9839 
190000.0 190.0 -106731.4114 -134961.3704 -78501.4524 -0.5617 -0.7103 -0.4132 -111.4846 -247.8742 24.905 
200000.0 200.0 -106148.6944 -135164.8593 -77132.5295 -0.5307 -0.6758 -0.3857 -80.626 -226.0673 64.8153 
210000.0 210.0 -103750.5876 -134888.003 -72613.1722 -0.4941 -0.6423 -0.3458 -21.6822 -196.4132 153.0488 
220000.0 220.0 -99001.9006 -131895.2731 -66108.5281 -0.45 -0.5995 -0.3005 69.5464 -135.8025 274.8953 
230000.0 230.0 -95517.9218 -130742.9529 -60292.8907 -0.4153 -0.5684 -0.2621 121.6362 -140.8525 384.1249 
240000.0 240.0 -90845.1244 -125387.2842 -56302.9646 -0.3785 -0.5224 -0.2346 185.461 -65.2349 436.1569 
250000.0 250.0 -86977.5336 -120700.3396 -53254.7276 -0.3479 -0.4828 -0.213 221.8006 -59.2167 502.8179 
260000.0 260.0 -82714.999 -116560.3096 -48869.6884 -0.3181 -0.4483 -0.188 259.504 9.1542 509.8538 
270000.0 270.0 -77019.195 -112887.2494 -41151.1406 -0.2853 -0.4181 -0.1524 315.9828 61.4554 570.5102 
280000.0 280.0 -71734.2788 -109889.7332 -33578.8244 -0.2562 -0.3925 -0.1199 355.5122 95.0027 616.0217 
290000.0 290.0 -64540.5544 -105277.4632 -23803.6456 -0.2226 -0.363 -0.0821 422.5454 151.634 693.4568 
300000.0 300.0 -58424.358 -102177.0602 -14671.6558 -0.1947 -0.3406 -0.0489 456.7892 197.0664 716.512 
310000.0 310.0 -51384.0566 -98534.2897 -4233.8235 -0.1658 -0.3179 -0.0137 502.1488 224.2257 780.0719 
320000.0 320.0 -44509.4862 -94490.5926 5471.6202 -0.1391 -0.2953 0.0171 535.8228 256.8359 814.8097 
330000.0 330.0 -37467.1206 -92346.3069 17412.0657 -0.1135 -0.2798 0.0528 566.2514 245.467 887.0358 
340000.0 340.0 -30447.9498 -90165.3995 29269.4999 -0.0896 -0.2652 0.0861 591.48 233.3262 949.6338 
350000.0 350.0 -22508.6016 -85743.5125 40726.3093 -0.0643 -0.245 0.1164 628.4064 257.5721 999.2407 
360000.0 360.0 -14704.2686 -80948.1215 51539.5843 -0.0408 -0.2249 0.1432 656.2524 288.364 1024.1408 
370000.0 370.0 -6336.2622 -75452.0781 62779.5537 -0.0171 -0.2039 0.1697 689.234 321.472 1056.996 
380000.0 380.0 2309.6284 -69073.7692 73693.026 0.0061 -0.1818 0.1939 721.4508 367.9778 1074.9238 
390000.0 390.0 11114.3984 -62422.9305 84651.7273 0.0285 -0.1601 0.2171 750.362 417.5086 1083.2154 
400000.0 400.0 19869.0928 -55999.1482 95737.3338 0.0497 -0.14 0.2393 773.2468 452.246 1094.2476 
410000.0 410.0 29110.0892 -49258.7905 107478.9689 0.071 -0.1201 0.2621 801.0476 490.9391 1111.1561 
420000.0 420.0 38646.3198 -42120.9373 119413.5769 0.092 -0.1003 0.2843 829.3882 520.0723 1138.7041 
430000.0 430.0 48654.2958 -35098.302 132406.8936 0.1131 -0.0816 0.3079 860.8152 535.7161 1185.9143 
440000.0 440.0 58815.832 -28195.4691 145827.1331 0.1337 -0.0641 0.3314 889.5148 547.4284 1231.6012 
450000.0 450.0 69829.8704 -20700.141 160359.8818 0.1552 -0.046 0.3564 928.5304 568.0375 1289.0233 
460000.0 460.0 81626.8546 -12387.276 175640.9852 0.1774 -0.0269 0.3818 974.4188 596.0093 1352.8283 
470000.0 470.0 92508.3438 -5148.9628 190165.6504 0.1968 -0.011 0.4046 994.9734 599.7056 1390.2412 
480000.0 480.0 103495.6786 2232.1109 204759.2463 0.2156 0.0047 0.4266 1013.9418 606.2394 1421.6442 
490000.0 490.0 113872.7042 8804.7794 218940.629 0.2324 0.018 0.4468 1018.6646 605.2139 1432.1153 
500000.0 500.0 124702.4994 16595.604 232809.3948 0.2494 0.0332 0.4656 1030.766 616.3471 1445.1849 
510000.0 510.0 136217.972 24459.2109 247976.7331 0.2671 0.048 0.4862 1052.88 628.0369 1477.7231 
520000.0 520.0 147757.297 32658.9842 262855.6098 0.2841 0.0628 0.5055 1071.183 652.1589 1490.2071 
530000.0 530.0 158855.873 41393.9727 276317.7733 0.2997 0.0781 0.5214 1077.8376 677.8568 1477.8184 
540000.0 540.0 170978.8126 49855.4405 292102.1847 0.3166 0.0923 0.5409 1102.6274 689.7992 1515.4556 
550000.0 550.0 182771.5686 58160.1114 307383.0258 0.3323 0.1057 0.5589 1116.5178 694.4558 1538.5798 
560000.0 560.0 194491.9614 66095.6786 322888.2442 0.3473 0.118 0.5766 1126.5112 694.3171 1558.7053 
570000.0 570.0 205952.9718 72495.8766 339410.067 0.3613 0.1272 0.5955 1130.1244 673.815 1586.4338 
580000.0 580.0 217886.7344 80182.7067 355590.7621 0.3757 0.1382 0.6131 1141.7538 685.2326 1598.275 
590000.0 590.0 229290.1436 87171.2554 371409.0318 0.3886 0.1477 0.6295 1141.8256 682.4744 1601.1768 
600000.0 600.0 240926.8176 94288.2054 387565.4298 0.4015 0.1571 0.6459 1145.4216 681.702 1609.1412 
610000.0 610.0 252195.6876 101151.2637 403240.1115 0.4134 0.1658 0.661 1142.2282 677.397 1607.0594 
620000.0 620.0 263545.1526 107296.8879 419793.4173 0.4251 0.1731 0.6771 1140.1338 660.3646 1619.903 
630000.0 630.0 274993.0418 113781.6027 436204.4809 0.4365 0.1806 0.6924 1141.6452 650.9058 1632.3846 
640000.0 640.0 286674.4736 121477.9542 451870.993 0.4479 0.1898 0.706 1146.5926 664.3561 1628.8291 
650000.0 650.0 298680.7316 129367.5626 467993.9006 0.4595 0.199 0.72 1156.5848 673.5053 1639.6643 
660000.0 660.0 310969.3334 137202.8717 484735.7951 0.4712 0.2079 0.7344 1170.2738 677.5055 1663.0421 
670000.0 670.0 323095.5088 145638.2396 500552.778 0.4822 0.2174 0.7471 1177.9858 690.677 1665.2946 
680000.0 680.0 335441.1852 154005.3654 516877.005 0.4933 0.2265 0.7601 1188.5416 696.1742 1680.909 
690000.0 690.0 347771.0566 162564.5487 532977.5645 0.504 0.2356 0.7724 1197.1092 699.606 1694.6124 
700000.0 700.0 360586.8424 171632.1829 549541.5019 0.5151 0.2452 0.7851 1212.8826 717.0934 1708.6718 
710000.0 710.0 372983.33 179143.645 566823.015 0.5253 0.2523 0.7983 1218.4662 705.068 1731.8644 
720000.0 720.0 386130.0466 187805.5335 584454.5597 0.5363 0.2608 0.8117 1235.7712 726.0837 1745.4587 
730000.0 730.0 398580.1662 194043.871 603116.4614 0.546 0.2658 0.8262 1237.7874 697.8649 1777.7099 
740000.0 740.0 410504.845 201253.9449 619755.7451 0.5547 0.272 0.8375 1229.8434 681.092 1778.5948 
750000.0 750.0 422829.0664 208812.9964 636845.1364 0.5638 0.2784 0.8491 1230.8852 678.3712 1783.3992 
760000.0 760.0 435940.8094 217873.564 654008.0548 0.5736 0.2867 0.8605 1245.7082 706.4089 1785.0075 
770000.0 770.0 449156.633 226958.7562 671354.5098 0.5833 0.2948 0.8719 1259.582 730.3003 1788.8637 
780000.0 780.0 462678.998 236443.0627 688914.9333 0.5932 0.3031 0.8832 1276.3842 757.3529 1795.4155 
790000.0 790.0 476351.894 246033.9746 706669.8134 0.603 0.3114 0.8945 1293.2858 785.1244 1801.4472 
800000.0 800.0 490048.3516 255662.5235 724434.1797 0.6126 0.3196 0.9055 1307.2316 811.2502 1803.213 
810000.0 810.0 503611.3476 264992.1106 742230.5846 0.6217 0.3272 0.9163 1316.2968 825.661 1806.9326 
820000.0 820.0 517498.6896 274445.4426 760551.9366 0.6311 0.3347 0.9275 1329.4718 836.3959 1822.5477 
830000.0 830.0 531654.7468 285012.7218 778296.7718 0.6405 0.3434 0.9377 1345.146 863.5033 1826.7887 
840000.0 840.0 546040.1434 296707.9087 795372.3781 0.65 0.3532 0.9469 1362.294 906.6536 1817.9344 
850000.0 850.0 560285.3178 308231.2992 812339.3364 0.6592 0.3626 0.9557 1374.1958 950.7618 1797.6298 
860000.0 860.0 575109.7662 319754.105 830465.4274 0.6687 0.3718 0.9657 1394.0056 981.6384 1806.3728 
870000.0 870.0 589772.0896 329899.3222 849644.857 0.6779 0.3792 0.9766 1406.758 973.3781 1840.1379 
880000.0 880.0 604299.3184 339552.7648 869045.872 0.6867 0.3859 0.9876 1415.2258 964.1308 1866.3208 
890000.0 890.0 618706.632 348818.732 888594.532 0.6952 0.3919 0.9984 1419.2666 947.5063 1891.0269 
900000.0 900.0 633400.269 358879.33 907921.208 0.7038 0.3988 1.0088 1428.2776 947.8507 1908.7045 
910000.0 910.0 647940.6238 368376.5076 927504.74 0.712 0.4048 1.0192 1433.2584 939.9683 1926.5485 
920000.0 920.0 662584.7726 378375.2888 946794.2564 0.7202 0.4113 1.0291 1439.0472 940.717 1937.3774 
930000.0 930.0 677498.6888 389330.8644 965666.5132 0.7285 0.4186 1.0384 1448.9436 963.5811 1934.3061 
940000.0 940.0 692529.8626 400188.8118 984870.9134 0.7367 0.4257 1.0477 1458.6786 980.054 1937.3032 
950000.0 950.0 707553.7394 410812.3656 1004295.1132 0.7448 0.4324 1.0572 1467.0816 988.5076 1945.6556 
960000.0 960.0 722518.4722 423094.6516 1021942.2928 0.7526 0.4407 1.0645 1472.4644 1018.3517 1926.5771 
970000.0 970.0 738353.9938 436007.9121 1040700.0755 0.7612 0.4495 1.0729 1492.8078 1060.2077 1925.4079 
980000.0 980.0 754316.6968 448263.6767 1060369.7169 0.7697 0.4574 1.082 1512.2178 1082.9967 1941.4389 
990000.0 990.0 769943.205 459773.5977 1080112.8123 0.7777 0.4644 1.091 1521.2882 1089.0805 1953.4959 
1000000.0 1000.0 784927.0638 471036.3052 1098817.8224 0.7849 0.471 1.0988 1516.7854 1092.1445 1941.4263 
1010000.0 1010.0 800742.5086 484018.0607 1117466.9565 0.7928 0.4792 1.1064 1529.01 1127.69 1930.33 
1020000.0 1020.0 816481.0472 496361.5115 1136600.5829 0.8005 0.4866 1.1143 1537.4922 1142.6647 1932.3197 
1030000.0 1030.0 831712.738 507608.7618 1155816.7142 0.8075 0.4928 1.1222 1534.8706 1134.2593 1935.4819 
1040000.0 1040.0 847494.843 519825.9188 1175163.7672 0.8149 0.4998 1.13 1542.7958 1145.2177 1940.3739 
1050000.0 1050.0 863484.6916 533215.9385 1193753.4447 0.8224 0.5078 1.1369 1552.9218 1176.0774 1929.7662 
1060000.0 1060.0 879596.2774 546809.6361 1212382.9187 0.8298 0.5159 1.1438 1563.4968 1209.6812 1917.3124 
1070000.0 1070.0 895813.593 560381.1673 1231246.0187 0.8372 0.5237 1.1507 1573.9724 1234.9195 1913.0253 
1080000.0 1080.0 912030.0792 574518.8804 1249541.278 0.8445 0.532 1.157 1582.6384 1264.6131 1900.6637 
1090000.0 1090.0 927893.8118 588532.8598 1267254.7638 0.8513 0.5399 1.1626 1583.3954 1286.4671 1880.3237 
1100000.0 1100.0 943861.9576 603038.3315 1284685.5837 0.8581 0.5482 1.1679 1585.9246 1317.9482 1853.901 
1110000.0 1110.0 959923.2658 616997.3127 1302849.2189 0.8648 0.5559 1.1737 1589.1078 1325.1528 1853.0628 
1120000.0 1120.0 976330.688 632143.51 1320517.866 0.8717 0.5644 1.179 1598.828 1353.7561 1843.8999 
1130000.0 1130.0 993004.1252 647073.5438 1338934.7066 0.8788 0.5726 1.1849 1611.7008 1372.7656 1850.636 
1140000.0 1140.0 1009590.383 661734.309 1357446.457 0.8856 0.5805 1.1907 1620.0124 1383.6882 1856.3366 
1150000.0 1150.0 1026127.8378 676045.966 1376209.7096 0.8923 0.5879 1.1967 1626.1728 1385.2297 1867.1159 
1160000.0 1160.0 1042850.6882 690919.4125 1394781.9639 0.899 0.5956 1.2024 1634.6448 1399.2405 1870.0491 
1170000.0 1170.0 1059607.7182 706025.4481 1413189.9883 0.9056 0.6034 1.2079 1642.3178 1412.8175 1871.8181 
1180000.0 1180.0 1076507.4918 720451.3123 1432563.6713 0.9123 0.6106 1.214 1650.8264 1412.2249 1889.4279 
1190000.0 1190.0 1093702.8584 735917.7133 1451488.0035 0.9191 0.6184 1.2197 1663.429 1431.1414 1895.7166 
1200000.0 1200.0 1110710.7738 750600.1827 1470821.3649 0.9256 0.6255 1.2257 1669.8172 1430.454 1909.1804 
1210000.0 1210.0 1127181.9712 764625.5963 1489738.3461 0.9316 0.6319 1.2312 1666.2258 1424.8057 1907.6459 
1220000.0 1220.0 1143868.49 780799.3977 1506937.5823 0.9376 0.64 1.2352 1667.1154 1455.0376 1879.1932 
1230000.0 1230.0 1160978.79 796406.8635 1525550.7165 0.9439 0.6475 1.2403 1675.3054 1463.0504 1887.5604 
1240000.0 1240.0 1177354.4692 811032.7847 1543676.1537 0.9495 0.6541 1.2449 1667.9354 1456.2232 1879.6476 
1250000.0 1250.0 1194533.6552 826235.8424 1562831.468 0.9556 0.661 1.2503 1677.2472 1455.3999 1899.0945 
1260000.0 1260.0 1211773.1634 841846.1095 1581700.2173 0.9617 0.6681 1.2553 1685.8468 1467.9249 1903.7687 
1270000.0 1270.0 1228987.9944 857267.0007 1600708.9881 0.9677 0.675 1.2604 1692.5274 1473.7817 1911.2731 
1280000.0 1280.0 1246251.7308 872421.4977 1620081.9639 0.9736 0.6816 1.2657 1698.354 1465.8294 1930.8786 
1290000.0 1290.0 1263953.7534 888308.196 1639599.3108 0.9798 0.6886 1.271 1711.5694 1474.2371 1948.9017 
1300000.0 1300.0 1281861.0266 904151.6782 1659570.375 0.986 0.6955 1.2766 1726.0272 1484.0259 1968.0285 
1310000.0 1310.0 1299521.7256 919635.7826 1679407.6686 0.992 0.702 1.282 1733.3756 1479.9814 1986.7698 
1320000.0 1320.0 1316847.9142 934794.0287 1698901.7997 0.9976 0.7082 1.287 1732.9352 1469.1969 1996.6735 
1330000.0 1330.0 1334197.5954 950117.7156 1718277.4752 1.0032 0.7144 1.2919 1733.3442 1468.0673 1998.6211 
1340000.0 1340.0 1351706.0454 965295.5401 1738116.5507 1.0087 0.7204 1.2971 1736.1906 1467.0097 2005.3715 
1350000.0 1350.0 1369114.9906 980433.3278 1757796.6534 1.0142 0.7262 1.3021 1737.0696 1463.8693 2010.2699 
1360000.0 1360.0 1386495.1046 995998.1667 1776992.0425 1.0195 0.7324 1.3066 1737.1562 1463.5097 2010.8027 
1370000.0 1370.0 1403734.9922 1011527.3095 1795942.6749 1.0246 0.7383 1.3109 1734.9232 1463.1739 2006.6725 
1380000.0 1380.0 1420893.0768 1027224.0182 1814562.1354 1.0296 0.7444 1.3149 1731.4806 1462.2656 2000.6956 
1390000.0 1390.0 1438225.808 1042987.3439 1833464.2721 1.0347 0.7504 1.319 1731.9944 1463.3511 2000.6377 
1400000.0 1400.0 1456187.5236 1059568.6795 1852806.3677 1.0401 0.7568 1.3234 1743.8184 1484.1837 2003.4531 
1410000.0 1410.0 1473644.0862 1075546.8583 1871741.3141 1.0451 0.7628 1.3275 1744.6128 1498.9921 1990.2335 
1420000.0 1420.0 1491358.5708 1091260.2061 1891456.9355 1.0503 0.7685 1.332 1749.4626 1500.6631 1998.2621 
1430000.0 1430.0 1509431.6018 1107738.3299 1911124.8737 1.0555 0.7746 1.3365 1759.9498 1506.0128 2013.8868 
1440000.0 1440.0 1526910.4082 1124177.1935 1929643.6229 1.0604 0.7807 1.34 1757.4566 1518.344 1996.5692 
1450000.0 1450.0 1544034.946 1140587.88 1947482.012 1.0649 0.7866 1.3431 1749.5426 1525.6327 1973.4525 
1460000.0 1460.0 1561917.7458 1157036.7202 1966798.7714 1.0698 0.7925 1.3471 1756.7492 1538.4255 1975.0729 
1470000.0 1470.0 1579452.925 1173526.3523 1985379.4977 1.0745 0.7983 1.3506 1756.1434 1545.7061 1966.5807 
1480000.0 1480.0 1596894.2692 1189873.4079 2003915.1305 1.079 0.804 1.354 1754.1296 1568.2071 1940.0521 
1490000.0 1490.0 1615005.1432 1206475.9632 2023534.3232 1.0839 0.8097 1.3581 1764.8708 1578.36 1951.3816 
1500000.0 1500.0 1632761.664 1222079.1035 2043444.2245 1.0885 0.8147 1.3623 1767.4254 1565.6354 1969.2154 
1510000.0 1510.0 1651132.5372 1238157.638 2064107.4364 1.0935 0.82 1.367 1780.4598 1566.9513 1993.9683 
1520000.0 1520.0 1669456.5514 1254406.4902 2084506.6126 1.0983 0.8253 1.3714 1789.8668 1570.3086 2009.425 
1530000.0 1530.0 1687749.688 1270837.3171 2104662.0589 1.1031 0.8306 1.3756 1797.2722 1578.8217 2015.7227 
1540000.0 1540.0 1705839.1382 1286762.7697 2124915.5067 1.1077 0.8356 1.3798 1799.3962 1577.3989 2021.3935 
1550000.0 1550.0 1724425.6978 1303374.0128 2145477.3828 1.1125 0.8409 1.3842 1810.1346 1579.7062 2040.563 
1560000.0 1560.0 1742592.3544 1319614.1817 2165570.5271 1.117 0.8459 1.3882 1811.5868 1576.631 2046.5426 
1570000.0 1570.0 1761149.8278 1336287.3215 2186012.3341 1.1218 0.8511 1.3924 1819.894 1585.2347 2054.5533 
1580000.0 1580.0 1779662.7422 1353125.2946 2206200.1898 1.1264 0.8564 1.3963 1825.4624 1592.0586 2058.8662 
1590000.0 1590.0 1798233.5462 1370322.9905 2226144.1019 1.131 0.8618 1.4001 1831.2068 1605.9571 2056.4565 
1600000.0 1600.0 1816351.5348 1387208.6441 2245494.4255 1.1352 0.867 1.4034 1827.5134 1609.6991 2045.3277 
1610000.0 1610.0 1834743.2432 1403563.8167 2265922.6697 1.1396 0.8718 1.4074 1829.8248 1604.8682 2054.7814 
1620000.0 1620.0 1852967.1852 1420172.3949 2285761.9755 1.1438 0.8766 1.411 1828.2268 1604.7811 2051.6725 
1630000.0 1630.0 1871057.7196 1436659.1655 2305456.2737 1.1479 0.8814 1.4144 1824.9224 1609.2157 2040.6291 
1640000.0 1640.0 1889559.5696 1453083.6061 2326035.5331 1.1522 0.886 1.4183 1829.5126 1612.2202 2046.805 
1650000.0 1650.0 1908505.1662 1469857.3725 2347152.9599 1.1567 0.8908 1.4225 1841.2356 1619.2333 2063.2379 
1660000.0 1660.0 1927052.7376 1486534.5798 2367570.8954 1.1609 0.8955 1.4262 1843.7182 1628.8114 2058.625 
1670000.0 1670.0 1945986.7464 1502647.519 2389325.9738 1.1653 0.8998 1.4307 1853.0712 1617.5251 2088.6173 
1680000.0 1680.0 1964054.6962 1518213.4097 2409895.9827 1.1691 0.9037 1.4345 1844.2482 1581.9304 2106.566 
1690000.0 1690.0 1982551.2068 1533985.6383 2431116.7753 1.1731 0.9077 1.4385 1845.3046 1555.5111 2135.0981 
1700000.0 1700.0 2001229.5818 1550070.2557 2452388.9079 1.1772 0.9118 1.4426 1849.3936 1553.1955 2145.5917 
1710000.0 1710.0 2020352.5074 1566698.5715 2474006.4433 1.1815 0.9162 1.4468 1860.81 1567.7919 2153.8281 
1720000.0 1720.0 2039356.721 1584131.4433 2494581.9987 1.1857 0.921 1.4503 1868.2876 1595.181 2141.3942 
1730000.0 1730.0 2058341.0566 1601036.9174 2515645.1958 1.1898 0.9255 1.4541 1873.9834 1604.4351 2143.5317 
1740000.0 1740.0 2077198.904 1617982.1643 2536415.6437 1.1938 0.9299 1.4577 1875.6948 1610.7724 2140.6172 
1750000.0 1750.0 2095932.6136 1634776.9528 2557088.2744 1.1977 0.9342 1.4612 1875.1602 1612.3039 2138.0165 
1760000.0 1760.0 2114392.7526 1650080.2568 2578705.2484 1.2014 0.9375 1.4652 1869.7286 1595.0189 2144.4383 
1770000.0 1770.0 2132443.5558 1666955.6588 2597931.4528 1.2048 0.9418 1.4678 1857.9346 1607.8096 2108.0596 
1780000.0 1780.0 2151212.3746 1682937.4425 2619487.3067 1.2085 0.9455 1.4716 1861.082 1600.904 2121.26 
1790000.0 1790.0 2169806.0236 1699258.3455 2640353.7017 1.2122 0.9493 1.4751 1860.7972 1596.4915 2125.1029 
1800000.0 1800.0 2188576.5372 1715371.7659 2661781.3085 1.2159 0.953 1.4788 1863.9308 1585.7469 2142.1147 
1810000.0 1810.0 2207960.154 1732056.0487 2683864.2593 1.2199 0.9569 1.4828 1877.4792 1592.4304 2162.528 
1820000.0 1820.0 2227319.208 1748161.2726 2706477.1434 1.2238 0.9605 1.4871 1888.1598 1593.689 2182.6306 
1830000.0 1830.0 2246656.961 1764325.5867 2728988.3353 1.2277 0.9641 1.4913 1896.6922 1592.7488 2200.6356 
1840000.0 1840.0 2265977.9832 1780275.1531 2751680.8133 1.2315 0.9675 1.4955 1903.034 1583.0169 2223.0511 
1850000.0 1850.0 2285709.057 1796992.5658 2774425.5482 1.2355 0.9713 1.4997 1915.983 1594.6317 2237.3343 
1860000.0 1860.0 2305384.9454 1814374.2419 2796395.6489 1.2395 0.9755 1.5034 1925.094 1616.4721 2233.7159 
1870000.0 1870.0 2324847.6354 1831133.3176 2818561.9532 1.2432 0.9792 1.5073 1929.148 1617.8187 2240.4773 
1880000.0 1880.0 2344554.5764 1848533.9547 2840575.1981 1.2471 0.9833 1.5109 1936.8956 1632.9717 2240.8195 
1890000.0 1890.0 2364026.3166 1865284.4824 2862768.1508 1.2508 0.9869 1.5147 1938.7886 1623.2872 2254.29 
1900000.0 1900.0 2383672.5686 1882178.0131 2885167.1241 1.2546 0.9906 1.5185 1943.5522 1621.8874 2265.217 
1910000.0 1910.0 2403329.912 1898825.553 2907834.271 1.2583 0.9941 1.5224 1947.7376 1623.5904 2271.8848 
1920000.0 1920.0 2423003.5754 1915344.6557 2930662.4951 1.262 0.9976 1.5264 1951.1904 1622.723 2279.6578 
1930000.0 1930.0 2442652.9208 1931579.6382 2953726.2034 1.2656 1.0008 1.5304 1953.6832 1618.4757 2288.8907 
1940000.0 1940.0 2462309.191 1947797.9491 2976820.4329 1.2692 1.004 1.5344 1955.9256 1616.4397 2295.4115 
1950000.0 1950.0 2481861.489 1964731.0355 2998991.9425 1.2727 1.0076 1.5379 1956.0254 1625.3671 2286.6837 
1960000.0 1960.0 2501424.707 1981522.6027 3021326.8113 1.2762 1.011 1.5415 1956.0854 1628.2209 2283.9499 
1970000.0 1970.0 2521035.7088 1998482.6595 3043588.7581 1.2797 1.0145 1.545 1957.2074 1631.8099 2282.6049 
1980000.0 1980.0 2540762.4304 2015577.7342 3065947.1266 1.2832 1.018 1.5485 1960.182 1638.0848 2282.2792 
1990000.0 1990.0 2560812.7876 2032500.4898 3089125.0854 1.2868 1.0214 1.5523 1968.1722 1645.367 2290.9774 
2000000.0 2000.0 2580721.1656 2049355.4709 3112086.8603 1.2904 1.0247 1.556 1972.4978 1647.9909 2297.0047 
2010000.0 2010.0 2601081.176 2066545.1854 3135617.1666 1.2941 1.0281 1.56 1984.3434 1656.1835 2312.5033 
2020000.0 2020.0 2621160.868 2083717.0552 3158604.6808 1.2976 1.0315 1.5637 1988.7852 1659.8826 2317.6878 
2030000.0 2030.0 2640645.9544 2100428.8807 3180863.0281 1.3008 1.0347 1.5669 1981.9028 1651.6932 2312.1124 
2040000.0 2040.0 2660613.8842 2117648.4601 3203579.3083 1.3042 1.0381 1.5704 1984.49 1660.4087 2308.5713 
2050000.0 2050.0 2680556.8536 2135094.206 3226019.5012 1.3076 1.0415 1.5737 1986.8354 1665.9536 2307.7172 
2060000.0 2060.0 2700652.8128 2152219.0004 3249086.6252 1.311 1.0448 1.5772 1991.0358 1668.3019 2313.7697 
2070000.0 2070.0 2720818.2318 2169521.8101 3272114.6535 1.3144 1.0481 1.5807 1995.6706 1676.9763 2314.3649 
2080000.0 2080.0 2740992.2114 2187196.4015 3294788.0213 1.3178 1.0515 1.584 1999.5356 1692.1948 2306.8764 
2090000.0 2090.0 2760858.3724 2204468.758 3317247.9868 1.321 1.0548 1.5872 1997.3872 1696.8194 2297.955 
2100000.0 2100.0 2780976.9222 2221651.8942 3340301.9502 1.3243 1.0579 1.5906 2000.2502 1700.2794 2300.221 
2110000.0 2110.0 2801382.0602 2238609.7599 3364154.3605 1.3277 1.061 1.5944 2007.5614 1696.3616 2318.7612 
2120000.0 2120.0 2821824.2606 2255554.1602 3388094.361 1.331 1.0639 1.5982 2014.0456 1692.4222 2335.669 
2130000.0 2130.0 2842481.135 2272736.4968 3412225.7732 1.3345 1.067 1.602 2023.5376 1693.3926 2353.6826 
2140000.0 2140.0 2863106.9304 2290371.1925 3435842.6683 1.3379 1.0703 1.6055 2030.4324 1702.2326 2358.6322 
2150000.0 2150.0 2883255.8318 2307267.9373 3459243.7263 1.341 1.0731 1.609 2027.7696 1697.7532 2357.786 
2160000.0 2160.0 2903567.578 2324264.0977 3482871.0583 1.3442 1.076 1.6124 2028.3058 1695.0039 2361.6077 
2170000.0 2170.0 2922961.5878 2339420.5779 3506502.5977 1.347 1.0781 1.6159 2011.834 1666.0685 2357.5995 
2180000.0 2180.0 2942617.6094 2355041.2152 3530194.0036 1.3498 1.0803 1.6194 2003.9396 1648.5337 2359.3455 
2190000.0 2190.0 2962856.3394 2372143.867 3553568.8118 1.3529 1.0832 1.6226 2007.6308 1655.3647 2359.8969 
2200000.0 2200.0 2983247.8752 2389479.1081 3577016.6423 1.356 1.0861 1.6259 2013.441 1666.0719 2360.8101 
2210000.0 2210.0 3003660.1864 2407371.5205 3599948.8523 1.3591 1.0893 1.6289 2018.5786 1685.9355 2351.2217 
2220000.0 2220.0 3023947.5126 2424702.74 3623192.2852 1.3621 1.0922 1.6321 2020.692 1689.5396 2351.8444 
2230000.0 2230.0 3044137.1204 2442200.9846 3646073.2562 1.3651 1.0952 1.635 2020.214 1698.4102 2342.0178 
2240000.0 2240.0 3064315.7046 2459748.7498 3668882.6594 1.368 1.0981 1.6379 2019.5118 1706.4847 2332.5389 
2250000.0 2250.0 3084654.3358 2477418.0489 3691890.6227 1.371 1.1011 1.6408 2022.0552 1713.4808 2330.6296 
2260000.0 2260.0 3104911.6208 2495072.2167 3714751.0249 1.3739 1.104 1.6437 2022.9002 1720.7084 2325.092 
2270000.0 2270.0 3125450.8408 2512714.1451 3738187.5365 1.3769 1.1069 1.6468 2028.5308 1725.6036 2331.458 
2280000.0 2280.0 3146072.601 2530365.9622 3761779.2398 1.3799 1.1098 1.6499 2034.9094 1732.5087 2337.3101 
2290000.0 2290.0 3167037.3032 2548403.387 3785671.2194 1.383 1.1128 1.6531 2046.3496 1745.403 2347.2962 
2300000.0 2300.0 3187958.9164 2566444.2789 3809473.5539 1.3861 1.1158 1.6563 2054.6598 1754.432 2354.8876 
2310000.0 2310.0 3209239.1018 2584638.2954 3833839.9082 1.3893 1.1189 1.6597 2068.0974 1764.4379 2371.7569 
2320000.0 2320.0 3230089.7614 2602671.5701 3857507.9527 1.3923 1.1218 1.6627 2071.167 1769.8402 2372.4938 
2330000.0 2330.0 3250379.2342 2620497.3417 3880261.1267 1.395 1.1247 1.6653 2063.1992 1771.3746 2355.0238 
2340000.0 2340.0 3270669.429 2638599.8216 3902739.0364 1.3977 1.1276 1.6678 2056.4924 1776.4724 2336.5124 
2350000.0 2350.0 3291122.3438 2656397.196 3925847.4916 1.4005 1.1304 1.6706 2054.1944 1774.507 2333.8818 
2360000.0 2360.0 3311314.8038 2674250.6757 3948378.9319 1.4031 1.1332 1.673 2047.9098 1774.9239 2320.8957 
2370000.0 2370.0 3331788.2756 2692286.0876 3971290.4636 1.4058 1.136 1.6756 2047.7986 1779.0181 2316.5791 
2380000.0 2380.0 3352392.38 2710931.3748 3993853.3852 1.4086 1.139 1.6781 2050.1528 1793.0578 2307.2478 
2390000.0 2390.0 3372926.4032 2729078.9467 4016773.8597 1.4113 1.1419 1.6807 2050.648 1794.0777 2307.2183 
2400000.0 2400.0 3392940.689 2746705.4846 4039175.8934 1.4137 1.1445 1.683 2041.0438 1782.1308 2299.9568 
2410000.0 2410.0 3413656.15 2764710.8018 4062601.4982 1.4165 1.1472 1.6857 2046.2936 1780.7988 2311.7884 
2420000.0 2420.0 3433881.2782 2782587.4008 4085175.1556 1.419 1.1498 1.6881 2042.3712 1778.6049 2306.1375 
2430000.0 2430.0 3454684.9456 2800497.8297 4108872.0615 1.4217 1.1525 1.6909 2049.284 1776.8176 2321.7504 
2440000.0 2440.0 3475443.6222 2818689.1042 4132198.1402 1.4244 1.1552 1.6935 2054.123 1780.1293 2328.1167 
2450000.0 2450.0 3495949.6882 2836548.6503 4155350.7261 1.4269 1.1578 1.6961 2053.626 1776.3599 2330.8921 
2460000.0 2460.0 3517092.2236 2854810.9602 4179373.487 1.4297 1.1605 1.6989 2064.861 1776.3248 2353.3972 
2470000.0 2470.0 3537834.3682 2873233.9067 4202434.8297 1.4323 1.1633 1.7014 2066.5392 1781.5803 2351.4981 
2480000.0 2480.0 3558525.357 2891064.6326 4225986.0814 1.4349 1.1658 1.704 2067.087 1771.6346 2362.5394 
2490000.0 2490.0 3579405.1178 2908820.5073 4249989.7283 1.4375 1.1682 1.7068 2071.0712 1767.4808 2374.6616 
2500000.0 2500.0 3600342.3418 2926060.858 4274623.8256 1.4401 1.1704 1.7098 2075.2502 1754.4136 2396.0868 
2510000.0 2510.0 3621038.5392 2943603.6156 4298473.4628 1.4426 1.1728 1.7125 2074.3928 1746.9442 2401.8414 
2520000.0 2520.0 3641896.8856 2961714.3838 4322079.3874 1.4452 1.1753 1.7151 2076.6496 1752.3796 2400.9196 
2530000.0 2530.0 3663142.3144 2980069.363 4346215.2658 1.4479 1.1779 1.7179 2085.1724 1764.4434 2405.9014 
2540000.0 2540.0 3684371.108 2998322.0099 4370420.2061 1.4505 1.1804 1.7206 2092.1458 1771.304 2412.9876 
2550000.0 2550.0 3704780.642 3015847.3845 4393713.8995 1.4529 1.1827 1.723 2082.588 1763.4064 2401.7696 
2560000.0 2560.0 3725538.7804 3033472.0816 4417605.4792 1.4553 1.185 1.7256 2081.9986 1760.0028 2403.9944 
2570000.0 2570.0 3746920.504 3052116.4941 4441724.5139 1.4579 1.1876 1.7283 2092.4496 1778.7746 2406.1246 
2580000.0 2580.0 3767803.2582 3070427.2177 4465179.2987 1.4604 1.1901 1.7307 2091.6382 1786.9857 2396.2907 
2590000.0 2590.0 3789050.2786 3088893.7321 4489206.8251 1.463 1.1926 1.7333 2097.7366 1797.3604 2398.1128 
2600000.0 2600.0 3810376.2802 3107576.6946 4513175.8658 1.4655 1.1952 1.7358 2103.9918 1805.1658 2402.8178 
2610000.0 2610.0 3831775.988 3126663.2 4536888.776 1.4681 1.198 1.7383 2110.6014 1817.3799 2403.8229 
2620000.0 2620.0 3852764.6152 3145415.1933 4560114.0371 1.4705 1.2005 1.7405 2108.2634 1823.3935 2393.1333 
2630000.0 2630.0 3873389.2144 3163918.7169 4582859.7119 1.4728 1.203 1.7425 2100.0276 1825.9068 2374.1484 
2640000.0 2640.0 3894425.0186 3182609.2576 4606240.7796 1.4752 1.2055 1.7448 2100.6238 1834.1038 2367.1438 
2650000.0 2650.0 3915380.2082 3201257.541 4629502.8754 1.4775 1.208 1.747 2099.927 1832.6284 2367.2256 
2660000.0 2660.0 3936155.4142 3219881.9658 4652428.8626 1.4798 1.2105 1.749 2096.194 1831.0636 2361.3244 
2670000.0 2670.0 3957064.1774 3239221.857 4674906.4978 1.482 1.2132 1.7509 2095.3164 1841.3062 2349.3266 
2680000.0 2680.0 3978079.7934 3258537.7802 4697621.8066 1.4844 1.2159 1.7528 2096.3244 1844.078 2348.5708 
2690000.0 2690.0 3998851.2176 3276768.2989 4720934.1363 1.4866 1.2181 1.755 2092.8922 1833.5878 2352.1966 
2700000.0 2700.0 4020002.6926 3295525.4426 4744479.9426 1.4889 1.2206 1.7572 2097.1604 1839.988 2354.3328 
2710000.0 2710.0 4041201.9548 3314145.584 4768258.3256 1.4912 1.2229 1.7595 2101.337 1843.1299 2359.5441 
2720000.0 2720.0 4062545.7104 3332961.6149 4792129.8059 1.4936 1.2254 1.7618 2107.4984 1847.7256 2367.2712 
2730000.0 2730.0 4083381.3146 3351686.2906 4815076.3386 1.4957 1.2277 1.7638 2102.7866 1848.1424 2357.4308 
2740000.0 2740.0 4104137.6474 3370259.1863 4838016.1085 1.4979 1.23 1.7657 2097.6048 1842.1816 2353.028 
2750000.0 2750.0 4124781.0978 3388018.8852 4861543.3104 1.4999 1.232 1.7678 2091.5724 1823.7647 2359.3801 
2760000.0 2760.0 4145774.1982 3406312.6658 4885235.7306 1.5021 1.2342 1.77 2092.8614 1822.4101 2363.3127 
2770000.0 2770.0 4166486.1188 3424237.6207 4908734.6169 1.5041 1.2362 1.7721 2088.8798 1814.0515 2363.7081 
2780000.0 2780.0 4186945.6242 3442124.6896 4931766.5588 1.5061 1.2382 1.774 2080.8226 1803.0864 2358.5588 
2790000.0 2790.0 4207614.334 3460259.3161 4954969.3519 1.5081 1.2402 1.776 2078.3334 1794.8485 2361.8183 
2800000.0 2800.0 4228342.4138 3478778.1585 4977906.6691 1.5101 1.2424 1.7778 2077.0734 1794.5256 2359.6212 
2810000.0 2810.0 4248944.5874 3496910.071 5000979.1038 1.5121 1.2445 1.7797 2074.0066 1782.074 2365.9392 
2820000.0 2820.0 4269580.5962 3515080.0483 5024081.1441 1.514 1.2465 1.7816 2071.9556 1776.7439 2367.1673 
2830000.0 2830.0 4289871.1038 3533409.2747 5046332.9329 1.5159 1.2486 1.7832 2063.3342 1770.1238 2356.5446 
2840000.0 2840.0 4309972.5496 3551297.712 5068647.3872 1.5176 1.2505 1.7847 2053.55 1758.2984 2348.8016 
2850000.0 2850.0 4330546.7478 3569127.4428 5091966.0528 1.5195 1.2523 1.7867 2054.358 1748.1185 2360.5975 
2860000.0 2860.0 4350697.4136 3587316.8569 5114077.9703 1.5212 1.2543 1.7881 2047.3318 1729.1032 2365.5604 
2870000.0 2870.0 4369707.8746 3605585.2786 5133830.4706 1.5225 1.2563 1.7888 2020.5764 1666.9242 2374.2286 
2880000.0 2880.0 4389693.028 3622669.5076 5156716.5484 1.5242 1.2579 1.7905 2016.669 1651.8706 2381.4674 
2890000.0 2890.0 4410181.4602 3640816.6654 5179546.255 1.526 1.2598 1.7922 2022.7512 1664.5417 2380.9607 
2900000.0 2900.0 4430423.4148 3658434.9532 5202411.8764 1.5277 1.2615 1.7939 2022.7974 1665.9546 2379.6402 
2910000.0 2910.0 4450183.9106 3674787.1228 5225580.6984 1.5293 1.2628 1.7957 2013.6376 1642.1002 2385.175 
2920000.0 2920.0 4471014.4938 3692580.0413 5249448.9463 1.5312 1.2646 1.7978 2026.5454 1665.2981 2387.7927 
2930000.0 2930.0 4491793.8576 3711015.8959 5272571.8193 1.533 1.2666 1.7995 2035.9914 1686.3431 2385.6397 
2940000.0 2940.0 4512560.0196 3729606.2868 5295513.7524 1.5349 1.2686 1.8012 2043.6 1711.4537 2375.7463 
2950000.0 2950.0 4532435.8846 3746909.5545 5317962.2147 1.5364 1.2701 1.8027 2033.0668 1691.0141 2375.1195 
2960000.0 2960.0 4552693.3256 3764447.7445 5340938.9067 1.5381 1.2718 1.8044 2031.6794 1694.4273 2368.9315 
2970000.0 2970.0 4572990.18 3783277.3466 5362703.0134 1.5397 1.2738 1.8056 2031.1758 1705.5928 2356.7588 
2980000.0 2980.0 4593560.3626 3801554.7326 5385565.9926 1.5415 1.2757 1.8072 2035.8818 1714.741 2357.0226 
2990000.0 2990.0 4614083.721 3819537.7332 5408629.7088 1.5432 1.2774 1.8089 2038.7318 1720.512 2356.9516 
3000000.0 3000.0 4634782.7336 3837519.9836 5432045.4836 1.5449 1.2792 1.8107 2044.6934 1736.6416 2352.7452 
3010000.0 3010.0 4655501.6304 3855902.2615 5455100.9993 1.5467 1.281 1.8123 2049.4224 1760.0314 2338.8134 
3020000.0 3020.0 4676337.0388 3874243.5532 5478430.5244 1.5485 1.2829 1.814 2055.7534 1775.3796 2336.1272 
3030000.0 3030.0 4697160.9262 3892583.0204 5501738.832 1.5502 1.2847 1.8158 2060.4236 1785.0608 2335.7864 
3040000.0 3040.0 4718048.7332 3911349.3243 5524748.1421 1.552 1.2866 1.8174 2065.8794 1795.4817 2336.2771 
3050000.0 3050.0 4739181.2282 3930391.09 5547971.3664 1.5538 1.2887 1.819 2074.6522 1815.7035 2333.6009 
3060000.0 3060.0 4760083.4112 3949404.2309 5570762.5915 1.5556 1.2907 1.8205 2077.179 1832.4226 2321.9354 
3070000.0 3070.0 4780775.7706 3967483.1142 5594068.427 1.5573 1.2923 1.8222 2075.5906 1829.6453 2321.5359 
3080000.0 3080.0 4801592.3588 3985508.9027 5617675.8149 1.559 1.294 1.8239 2076.7666 1825.6126 2327.9206 
3090000.0 3090.0 4822443.9914 4003599.5957 5641288.3871 1.5607 1.2957 1.8257 2078.466 1821.4535 2335.4785 
3100000.0 3100.0 4843220.0704 4022168.4972 5664271.6436 1.5623 1.2975 1.8272 2077.8278 1823.7705 2331.8851 
3110000.0 3110.0 4863930.9514 4040745.0382 5687116.8646 1.564 1.2993 1.8287 2076.5288 1828.4215 2324.6361 
3120000.0 3120.0 4884642.5366 4059179.9459 5710105.1273 1.5656 1.301 1.8302 2075.6704 1830.3368 2321.004 
3130000.0 3130.0 4905246.9744 4077664.6781 5732829.2707 1.5672 1.3028 1.8316 2072.974 1829.4367 2316.5113 
3140000.0 3140.0 4925752.6974 4096330.3585 5755175.0363 1.5687 1.3046 1.8329 2068.9694 1832.475 2305.4638 
3150000.0 3150.0 4945918.2684 4113511.2688 5778325.268 1.5701 1.3059 1.8344 2059.7296 1811.6977 2307.7615 
3160000.0 3160.0 4966936.7726 4132493.1573 5801380.3879 1.5718 1.3078 1.8359 2067.4368 1821.0188 2313.8548 
3170000.0 3170.0 4987804.342 4151372.1572 5824236.5268 1.5734 1.3096 1.8373 2070.8812 1820.0204 2321.742 
3180000.0 3180.0 5008929.8996 4170636.0375 5847223.7617 1.5751 1.3115 1.8387 2078.548 1829.0716 2328.0244 
3190000.0 3190.0 5029939.017 4189348.5728 5870529.4612 1.5768 1.3133 1.8403 2082.7404 1829.8076 2335.6732 
3200000.0 3200.0 5050774.517 4208022.8581 5893526.1759 1.5784 1.315 1.8417 2082.7306 1832.2421 2333.2191 
3210000.0 3210.0 5071409.1162 4226439.0999 5916379.1325 1.5799 1.3166 1.8431 2079.2162 1826.9891 2331.4433 
3220000.0 3220.0 5091801.0946 4244485.805 5939116.3842 1.5813 1.3182 1.8444 2072.1734 1815.2521 2329.0947 
3230000.0 3230.0 5112051.621 4263422.2933 5960680.9487 1.5827 1.3199 1.8454 2063.1626 1832.6355 2293.6897 
3240000.0 3240.0 5133202.9896 4282396.1376 5984009.8416 1.5843 1.3217 1.8469 2072.6536 1834.3531 2310.9541 
3250000.0 3250.0 5154354.8072 4301199.5984 6007510.016 1.586 1.3234 1.8485 2080.6654 1838.4215 2322.9093 
3260000.0 3260.0 5175124.4334 4319803.2327 6030445.6341 1.5875 1.3251 1.8498 2079.924 1839.9532 2319.8948 
3270000.0 3270.0 5196084.4744 4338062.6642 6054106.2846 1.589 1.3266 1.8514 2082.917 1829.4163 2336.4177 
3280000.0 3280.0 5217496.1786 4357326.0984 6077666.2588 1.5907 1.3285 1.8529 2093.5922 1842.2785 2344.9059 
3290000.0 3290.0 5238773.5116 4376632.1913 6100914.8319 1.5923 1.3303 1.8544 2099.5878 1853.4742 2345.7014 
3300000.0 3300.0 5260304.573 4396072.2264 6124536.9196 1.594 1.3321 1.8559 2109.5384 1866.7332 2352.3436 
3310000.0 3310.0 5281615.7734 4415630.7943 6147600.7525 1.5957 1.334 1.8573 2113.5474 1872.5319 2354.5629 
3320000.0 3320.0 5302790.2134 4434758.3097 6170822.1171 1.5972 1.3358 1.8587 2114.4646 1873.3491 2355.5801 
3330000.0 3330.0 5323560.7982 4452645.2641 6194476.3323 1.5987 1.3371 1.8602 2107.0494 1853.5258 2360.573 
3340000.0 3340.0 5344836.9336 4471823.865 6217850.0022 1.6003 1.3389 1.8616 2110.771 1863.98 2357.562 
3350000.0 3350.0 5365712.0476 4490717.122 6240706.9732 1.6017 1.3405 1.8629 2106.2712 1865.4056 2347.1368 
3360000.0 3360.0 5387082.9612 4510160.8608 6264005.0616 1.6033 1.3423 1.8643 2111.9844 1879.7135 2344.2553 
3370000.0 3370.0 5408175.3808 4529196.8048 6287153.9568 1.6048 1.344 1.8656 2111.4458 1879.2968 2343.5948 
3380000.0 3380.0 5429514.9648 4548111.5063 6310918.4233 1.6064 1.3456 1.8671 2115.5794 1876.3904 2354.7684 
3390000.0 3390.0 5450731.8562 4567358.7082 6334105.0042 1.6079 1.3473 1.8685 2116.5084 1883.8704 2349.1464 
3400000.0 3400.0 5472017.4386 4586468.2375 6357566.6397 1.6094 1.349 1.8699 2118.9512 1888.5463 2349.3561 
3410000.0 3410.0 5492752.1874 4604517.301 6380987.0738 1.6108 1.3503 1.8713 2110.1416 1871.2881 2348.9951 
3420000.0 3420.0 5514065.183 4623283.6043 6404846.7617 1.6123 1.3518 1.8728 2113.6748 1867.7434 2359.6062 
3430000.0 3430.0 5535580.5578 4642445.6657 6428715.4499 1.6139 1.3535 1.8743 2120.517 1875.5292 2365.5048 
3440000.0 3440.0 5556970.0162 4661482.8234 6452457.209 1.6154 1.3551 1.8757 2123.622 1875.771 2371.473 
3450000.0 3450.0 5578029.2268 4679898.4451 6476160.0085 1.6168 1.3565 1.8771 2120.3424 1864.6003 2376.0845 
3460000.0 3460.0 5599410.595 4699026.1969 6499794.9931 1.6183 1.3581 1.8786 2123.6444 1870.4019 2376.8869 
3470000.0 3470.0 5620929.2848 4718151.8869 6523706.6827 1.6199 1.3597 1.88 2128.975 1872.9727 2384.9773 
3480000.0 3480.0 5642167.4488 4737006.8367 6547328.0609 1.6213 1.3612 1.8814 2128.0894 1867.231 2388.9478 
3490000.0 3490.0 5663813.8264 4756278.9945 6571348.6583 1.6229 1.3628 1.8829 2134.987 1871.9429 2398.0311 
3500000.0 3500.0 5684710.5192 4774846.6402 6594574.3982 1.6242 1.3642 1.8842 2126.6526 1860.127 2393.1782 
3510000.0 3510.0 5705838.848 4793466.5593 6618211.1367 1.6256 1.3657 1.8855 2124.1068 1857.0776 2391.136 
3520000.0 3520.0 5726991.1876 4811851.0258 6642131.3494 1.627 1.367 1.887 2122.5042 1849.6831 2395.3253 
3530000.0 3530.0 5748184.5348 4830109.2308 6666259.8388 1.6284 1.3683 1.8885 2121.9828 1840.138 2403.8276 
3540000.0 3540.0 5769355.897 4848173.6689 6690538.1251 1.6298 1.3695 1.89 2121.189 1833.5375 2408.8405 
3550000.0 3550.0 5790672.7228 4866291.8041 6715053.6415 1.6312 1.3708 1.8916 2123.0382 1827.1539 2418.9225 
3560000.0 3560.0 5812294.6774 4884741.5716 6739847.7832 1.6327 1.3721 1.8932 2130.1166 1831.8223 2428.4109 
3570000.0 3570.0 5833951.492 4903538.3351 6764364.6489 1.6342 1.3735 1.8948 2136.67 1839.6504 2433.6896 
3580000.0 3580.0 5855502.0524 4922493.0996 6788511.0052 1.6356 1.375 1.8962 2140.1778 1847.5581 2432.7975 
3590000.0 3590.0 5877197.376 4941598.3498 6812796.4022 1.6371 1.3765 1.8977 2145.6872 1858.7003 2432.6741 
3600000.0 3600.0 5898602.5682 4960335.4713 6836869.6651 1.6385 1.3779 1.8991 2144.504 1858.0481 2430.9599 
3610000.0 3610.0 5919603.0888 4979007.8506 6860198.327 1.6398 1.3792 1.9003 2136.3214 1853.9866 2418.6562 
3620000.0 3620.0 5940751.2816 4997800.3578 6883702.2054 1.6411 1.3806 1.9016 2132.243 1852.4984 2411.9876 
3630000.0 3630.0 5961455.7912 5015594.6557 6907316.9267 1.6423 1.3817 1.9028 2120.929 1831.1634 2410.6946 
3640000.0 3640.0 5982414.9648 5033839.5718 6930990.3578 1.6435 1.3829 1.9041 2116.123 1821.7903 2410.4557 
3650000.0 3650.0 6003421.1512 5052540.1101 6954302.1923 1.6448 1.3843 1.9053 2113.5366 1825.5035 2401.5697 
3660000.0 3660.0 6024783.4754 5071423.1414 6978143.8094 1.6461 1.3856 1.9066 2117.7692 1833.6238 2401.9146 
3670000.0 3670.0 6045542.2292 5090093.6026 7000990.8558 1.6473 1.3869 1.9076 2109.8354 1833.6415 2386.0293 
3680000.0 3680.0 6066334.8286 5108977.1064 7023692.5508 1.6485 1.3883 1.9086 2104.037 1836.3013 2371.7727 
3690000.0 3690.0 6087106.9436 5127365.5381 7046848.3491 1.6496 1.3895 1.9097 2099.1026 1828.5324 2369.6728 
3700000.0 3700.0 6107943.6312 5146339.2046 7069548.0578 1.6508 1.3909 1.9107 2096.4472 1829.7897 2363.1047 
3710000.0 3710.0 6128892.716 5164892.7005 7092892.7315 1.652 1.3922 1.9118 2096.3934 1826.9669 2365.8199 
3720000.0 3720.0 6149887.1776 5183621.6025 7116152.7527 1.6532 1.3934 1.9129 2097.0022 1830.408 2363.5964 
3730000.0 3730.0 6170712.5314 5201721.0021 7139704.0607 1.6543 1.3946 1.9141 2094.1726 1828.4264 2359.9188 
3740000.0 3740.0 6191330.677 5219738.4868 7162922.8672 1.6554 1.3957 1.9152 2087.9658 1823.6272 2352.3044 
3750000.0 3750.0 6211688.1742 5237747.0821 7185629.2663 1.6565 1.3967 1.9162 2078.1154 1815.7789 2340.4519 
3760000.0 3760.0 6232176.1826 5255853.5538 7208498.8114 1.6575 1.3978 1.9172 2072.7608 1811.6943 2333.8273 
3770000.0 3770.0 6253024.7422 5274106.7367 7231942.7477 1.6586 1.399 1.9183 2075.0726 1809.3838 2340.7614 
3780000.0 3780.0 6273587.3268 5292400.8224 7254773.8312 1.6597 1.4001 1.9193 2071.49 1808.4644 2334.5156 
3790000.0 3790.0 6294156.105 5310252.6972 7278059.5128 1.6607 1.4011 1.9203 2068.9386 1804.6957 2333.1815 
3800000.0 3800.0 6313765.1426 5329017.3801 7298512.9051 1.6615 1.4024 1.9207 2049.904 1810.6925 2289.1155 
3810000.0 3810.0 6332104.4496 5347329.3339 7316879.5653 1.662 1.4035 1.9204 2010.262 1775.1174 2245.4066 
3820000.0 3820.0 6352158.651 5365306.4798 7339010.8222 1.6629 1.4045 1.9212 2010.1654 1775.845 2244.4858 
3830000.0 3830.0 6372983.4616 5383930.4127 7362036.5105 1.664 1.4057 1.9222 2023.4978 1797.1392 2249.8564 
3840000.0 3840.0 6393958.4744 5402625.1202 7385291.8286 1.6651 1.4069 1.9233 2037.028 1810.0341 2264.0219 
3850000.0 3850.0 6414944.355 5421498.4088 7408390.3012 1.6662 1.4082 1.9243 2048.2178 1825.1975 2271.2381 
3860000.0 3860.0 6435798.682 5440243.0516 7431354.3124 1.6673 1.4094 1.9252 2055.2142 1834.4565 2275.9719 
3870000.0 3870.0 6456784.2494 5458493.5205 7455074.9783 1.6684 1.4105 1.9264 2063.2904 1836.11 2290.4708 
3880000.0 3880.0 6478194.2406 5477600.8336 7478787.6476 1.6696 1.4118 1.9275 2077.6434 1846.8939 2308.3929 
3890000.0 3890.0 6499066.3084 5496139.521 7501993.0958 1.6707 1.4129 1.9285 2079.0382 1844.7806 2313.2958 
3900000.0 3900.0 6520116.0334 5515040.2531 7525191.8137 1.6718 1.4141 1.9295 2083.6986 1849.5866 2317.8106 
3910000.0 3910.0 6541015.1442 5534131.1927 7547899.0957 1.6729 1.4154 1.9304 2085.0216 1855.8672 2314.176 
3920000.0 3920.0 6561790.1466 5552730.1374 7570850.1558 1.6739 1.4165 1.9313 2083.3676 1852.3647 2314.3705 
3930000.0 3930.0 6582407.4114 5570840.7124 7593974.1104 1.6749 1.4175 1.9323 2079.5468 1839.5091 2319.5845 
3940000.0 3940.0 6603364.1642 5589343.6831 7617384.6453 1.676 1.4186 1.9333 2082.7708 1834.0734 2331.4682 
3950000.0 3950.0 6624362.0654 5607549.786 7641174.3448 1.6771 1.4196 1.9345 2085.83 1830.4811 2341.1789 
3960000.0 3960.0 6644974.9164 5624784.6482 7665165.1846 1.678 1.4204 1.9356 2081.179 1811.5668 2350.7912 
3970000.0 3970.0 6666121.6374 5642679.7805 7689563.4943 1.6791 1.4213 1.9369 2087.304 1805.1726 2369.4354 
3980000.0 3980.0 6687071.0684 5661145.7587 7712996.3781 1.6802 1.4224 1.9379 2088.4626 1809.3481 2367.5771 
3990000.0 3990.0 6708519.6782 5680171.9362 7736867.4202 1.6813 1.4236 1.9391 2098.6758 1821.745 2375.6066 
4000000.0 4000.0 6729852.7984 5699341.2535 7760364.3433 1.6825 1.4248 1.9401 2105.0878 1835.8969 2374.2787 
4010000.0 4010.0 6751200.5138 5717874.9388 7784526.0888 1.6836 1.4259 1.9413 2110.2476 1838.6787 2381.8165 
4020000.0 4020.0 6772631.1386 5737091.4064 7808170.8708 1.6847 1.4271 1.9423 2116.1836 1852.8715 2379.4957 
4030000.0 4030.0 6794024.1824 5756684.1683 7831364.1965 1.6859 1.4285 1.9433 2120.3024 1870.0085 2370.5963 
4040000.0 4040.0 6815627.4372 5776376.2785 7854878.5959 1.687 1.4298 1.9443 2127.5096 1886.302 2368.7172 
4050000.0 4050.0 6837263.1424 5795658.4599 7878867.8249 1.6882 1.431 1.9454 2134.2096 1892.0863 2376.3329 
4060000.0 4060.0 6858489.083 5814742.6501 7902235.5159 1.6893 1.4322 1.9464 2131.941 1890.7632 2373.1188 
4070000.0 4070.0 6879869.5112 5833707.956 7926031.0664 1.6904 1.4333 1.9474 2133.1112 1886.8913 2379.3311 
4080000.0 4080.0 6901104.8172 5851742.3445 7950467.2899 1.6914 1.4343 1.9486 2131.1128 1866.6052 2395.6204 
4090000.0 4090.0 6922434.8554 5870737.2674 7974132.4434 1.6925 1.4354 1.9497 2131.3672 1868.7797 2393.9547 
4100000.0 4100.0 6943799.691 5889931.1056 7997668.2764 1.6936 1.4366 1.9507 2132.479 1874.345 2390.613 
4110000.0 4110.0 6965140.7858 5908901.2474 8021380.3242 1.6947 1.4377 1.9517 2132.778 1874.8862 2390.6698 
4120000.0 4120.0 6986891.0504 5928323.8009 8045458.2999 1.6958 1.4389 1.9528 2140.6008 1883.526 2397.6756 
4130000.0 4130.0 7008340.3134 5947715.1766 8068965.4502 1.6969 1.4401 1.9537 2141.7288 1889.0791 2394.3785 
4140000.0 4140.0 7029980.0012 5966752.7373 8093207.2651 1.6981 1.4412 1.9549 2145.6358 1889.4295 2401.8421 
4150000.0 4150.0 7051489.3164 5985825.9686 8117152.6642 1.6992 1.4424 1.9559 2146.6442 1892.4142 2400.8742 
4160000.0 4160.0 7072463.3408 6004865.4863 8140061.1953 1.7001 1.4435 1.9567 2137.6388 1894.6568 2380.6208 
4170000.0 4170.0 7093531.9022 6023639.733 8163424.0714 1.7011 1.4445 1.9577 2132.087 1891.4739 2372.7001 
4180000.0 4180.0 7115435.4504 6043178.0018 8187692.899 1.7023 1.4457 1.9588 2142.4922 1900.5847 2384.3997 
4190000.0 4190.0 7136753.3022 6062455.559 8211051.0454 1.7033 1.4469 1.9597 2140.4114 1903.094 2377.7288 
4200000.0 4200.0 7157959.6208 6081394.6252 8234524.6164 1.7043 1.448 1.9606 2136.8258 1901.6726 2371.979 
4210000.0 4210.0 7178411.4 6101310.4307 8255512.3693 1.7051 1.4492 1.9609 2119.1026 1909.8323 2328.3729 
4220000.0 4220.0 7199716.812 6120508.1909 8278925.4331 1.7061 1.4504 1.9618 2121.1404 1910.0518 2332.229 
4230000.0 4230.0 7221449.7674 6140092.1357 8302807.3991 1.7072 1.4516 1.9628 2130.6376 1915.4767 2345.7985 
4240000.0 4240.0 7242649.7736 6159261.162 8326038.3852 1.7082 1.4527 1.9637 2129.0534 1913.983 2344.1238 
4250000.0 4250.0 7264256.8198 6178310.4826 8350203.157 1.7092 1.4537 1.9648 2134.838 1909.9657 2359.7103 
4260000.0 4260.0 7285763.6834 6197507.6554 8374019.7114 1.7103 1.4548 1.9657 2137.5466 1905.8332 2369.26 
4270000.0 4270.0 7307173.475 6216915.5483 8397431.4017 1.7113 1.456 1.9666 2138.1056 1908.428 2367.7832 
4280000.0 4280.0 7328345.4248 6235995.1156 8420695.734 1.7122 1.457 1.9675 2134.3738 1905.2648 2363.4828 
4290000.0 4290.0 7349751.7582 6255469.2194 8444034.297 1.7132 1.4582 1.9683 2135.2222 1906.8707 2363.5737 
4300000.0 4300.0 7370735.1502 6274056.6266 8467413.6738 1.7141 1.4591 1.9692 2128.3268 1898.0443 2358.6093 
4310000.0 4310.0 7392460.8178 6293150.1786 8491771.457 1.7152 1.4601 1.9702 2136.3254 1899.7139 2372.9369 
4320000.0 4320.0 7414136.6638 6313034.0088 8515239.3188 1.7162 1.4614 1.9711 2142.0534 1912.9848 2371.122 
4330000.0 4330.0 7435602.0772 6332910.2636 8538293.8908 1.7172 1.4626 1.9719 2143.2696 1919.2313 2367.3079 
4340000.0 4340.0 7457321.0856 6353035.0224 8561607.1488 1.7183 1.4638 1.9727 2148.7636 1929.8886 2367.6386 
4350000.0 4350.0 7479354.5766 6373201.2813 8585507.8719 1.7194 1.4651 1.9737 2158.5952 1940.5724 2376.618 
4360000.0 4360.0 7501238.2402 6392909.6724 8609566.808 1.7205 1.4663 1.9747 2164.0818 1939.7819 2388.3817 
4370000.0 4370.0 7523002.365 6412904.3239 8633100.4061 1.7215 1.4675 1.9755 2166.2214 1943.2051 2389.2377 
4380000.0 4380.0 7544288.2132 6432448.2657 8656128.1607 1.7224 1.4686 1.9763 2158.8252 1933.3639 2384.2865 
4390000.0 4390.0 7565687.5316 6451193.865 8680181.1982 1.7234 1.4695 1.9773 2155.0918 1923.7709 2386.4127 
4400000.0 4400.0 7587041.0216 6470516.1084 8703565.9348 1.7243 1.4706 1.9781 2151.5054 1922.0714 2380.9394 
4410000.0 4410.0 7608258.4316 6490106.2574 8726410.6058 1.7252 1.4717 1.9788 2146.1654 1916.6291 2375.7017 
4420000.0 4420.0 7629556.0558 6509400.6016 8749711.51 1.7261 1.4727 1.9796 2143.0118 1907.9687 2378.0549 
4430000.0 4430.0 7650418.8544 6528174.5178 8772663.191 1.727 1.4736 1.9803 2132.3964 1892.7971 2371.9957 
4440000.0 4440.0 7671876.5416 6547511.0372 8796242.046 1.7279 1.4747 1.9811 2135.0044 1895.1425 2374.8663 
4450000.0 4450.0 7693002.8776 6566921.9782 8819083.777 1.7288 1.4757 1.9818 2130.759 1896.2093 2365.3087 
4460000.0 4460.0 7713886.0954 6586193.9016 8841578.2892 1.7296 1.4767 1.9824 2123.3008 1890.8484 2355.7532 
4470000.0 4470.0 7735381.3226 6605787.7537 8864974.8915 1.7305 1.4778 1.9832 2128.0804 1894.6063 2361.5545 
4480000.0 4480.0 7756463.5536 6624623.784 8888303.3232 1.7314 1.4787 1.984 2124.272 1892.1149 2356.4291 
4490000.0 4490.0 7777612.2204 6643780.4069 8911444.0339 1.7322 1.4797 1.9847 2122.5014 1892.5958 2352.407 
4500000.0 4500.0 7799189.1726 6663076.0988 8935302.2464 1.7332 1.4807 1.9856 2128.6842 1893.0099 2364.3585 
4510000.0 4510.0 7820746.3362 6682910.4214 8958582.251 1.7341 1.4818 1.9864 2133.5558 1904.7535 2362.3581 
4520000.0 4520.0 7841827.3924 6702270.142 8981384.6428 1.7349 1.4828 1.987 2128.8674 1907.1141 2350.6207 
4530000.0 4530.0 7863152.1372 6722198.9268 9004105.3476 1.7358 1.4839 1.9877 2129.2896 1911.8087 2346.7705 
4540000.0 4540.0 7884375.1804 6742213.3137 9026537.0471 1.7366 1.4851 1.9882 2128.2214 1913.4181 2343.0247 
4550000.0 4550.0 7905936.915 6762260.4779 9049613.3521 1.7376 1.4862 1.9889 2133.4712 1921.2692 2345.6732 
4560000.0 4560.0 7927390.7392 6782069.8038 9072711.6746 1.7385 1.4873 1.9896 2135.6716 1923.324 2348.0192 
4570000.0 4570.0 7948729.2722 6801971.8452 9095486.6992 1.7393 1.4884 1.9903 2135.4224 1929.6084 2341.2364 
4580000.0 4580.0 7970347.7672 6821887.7779 9118807.7565 1.7403 1.4895 1.991 2140.4934 1938.2763 2342.7105 
4590000.0 4590.0 7991904.2086 6841380.4166 9142428.0006 1.7412 1.4905 1.9918 2143.0368 1936.5561 2349.5175 
4600000.0 4600.0 8013540.22 6860840.9469 9166239.4931 1.7421 1.4915 1.9927 2146.8248 1935.6117 2358.0379 
4610000.0 4610.0 8035317.0484 6880513.6688 9190120.428 1.743 1.4925 1.9935 2152.5698 1936.0098 2369.1298 
4620000.0 4620.0 8057051.549 6899821.1639 9214281.9341 1.744 1.4935 1.9944 2156.3934 1935.2816 2377.5052 
4630000.0 4630.0 8078836.3404 6919800.9643 9237871.7165 1.7449 1.4946 1.9952 2160.3904 1939.8411 2380.9397 
4640000.0 4640.0 8100486.5824 6939859.9062 9261113.2586 1.7458 1.4957 1.9959 2161.4172 1947.5585 2375.2759 
4650000.0 4650.0 8122430.5746 6959684.7831 9285176.3661 1.7468 1.4967 1.9968 2167.4988 1949.0895 2385.9081 
4660000.0 4660.0 8143843.7746 6979083.5814 9308603.9678 1.7476 1.4977 1.9976 2162.684 1937.2025 2388.1655 
4670000.0 4670.0 8164664.4022 6998850.2006 9330478.6038 1.7483 1.4987 1.998 2146.8598 1916.9542 2376.7654 
4680000.0 4680.0 8185589.3482 7018552.1006 9352626.5958 1.7491 1.4997 1.9984 2135.803 1890.3757 2381.2303 
4690000.0 4690.0 8205854.479 7037691.8358 9374017.1222 1.7496 1.5006 1.9987 2115.569 1851.366 2379.772 
4700000.0 4700.0 8226633.9212 7057229.8857 9396037.9567 1.7503 1.5015 1.9992 2108.3804 1837.4514 2379.3094 
4710000.0 4710.0 8248149.0814 7077181.4974 9419116.6654 1.7512 1.5026 1.9998 2116.4722 1864.0084 2368.936 
4720000.0 4720.0 8269635.8494 7097102.0219 9442169.6769 1.752 1.5036 2.0005 2122.0914 1882.9563 2361.2265 
4730000.0 4730.0 8290869.7362 7117411.8653 9464327.6071 1.7528 1.5047 2.0009 2122.2168 1911.0517 2333.3819 
4740000.0 4740.0 8312357.344 7137084.6139 9487630.0741 1.7537 1.5057 2.0016 2127.2016 1926.6983 2327.7049 
4750000.0 4750.0 8333891.6128 7156704.2095 9511079.0161 1.7545 1.5067 2.0023 2132.0052 1932.9334 2331.077 
4760000.0 4760.0 8355295.4584 7176282.9952 9534307.9216 1.7553 1.5076 2.003 2133.7454 1934.7474 2332.7434 
4770000.0 4770.0 8376737.9482 7196090.5769 9557385.3195 1.7561 1.5086 2.0036 2135.7774 1940.5894 2330.9654 
4780000.0 4780.0 8398245.1 7215982.5229 9580507.6771 1.757 1.5096 2.0043 2138.6838 1949.2279 2328.1397 
4790000.0 4790.0 8419087.0448 7235860.7897 9602313.2999 1.7576 1.5106 2.0047 2129.0018 1948.5748 2309.4288 
4800000.0 4800.0 8440584.2238 7255083.9012 9626084.5464 1.7585 1.5115 2.0054 2132.7636 1942.2303 2323.2969 
4810000.0 4810.0 8462123.4608 7274304.7609 9649942.1607 1.7593 1.5123 2.0062 2136.5346 1936.7404 2336.3288 
4820000.0 4820.0 8483079.0286 7292189.486 9673968.5712 1.76 1.5129 2.007 2129.0534 1913.524 2344.5828 
4830000.0 4830.0 8504568.9522 7311545.0142 9697592.8902 1.7608 1.5138 2.0078 2132.6626 1915.6543 2349.6709 
4840000.0 4840.0 8526504.7994 7331329.6316 9721679.9672 1.7617 1.5147 2.0086 2143.992 1926.8551 2361.1289 
4850000.0 4850.0 8548547.4412 7351352.0677 9745742.8147 1.7626 1.5157 2.0094 2155.0332 1938.5124 2371.554 
4860000.0 4860.0 8570098.982 7371287.1583 9768910.8057 1.7634 1.5167 2.0101 2155.1558 1942.5707 2367.7409 
4870000.0 4870.0 8591832.4452 7391753.1495 9791911.7409 1.7642 1.5178 2.0107 2158.5612 1956.9875 2360.1349 
4880000.0 4880.0 8613563.018 7411833.7023 9815292.3337 1.7651 1.5188 2.0113 2161.0598 1958.2848 2363.8348 
4890000.0 4890.0 8634475.7542 7431369.9542 9837581.5542 1.7657 1.5197 2.0118 2147.4906 1933.4233 2361.5579 
4900000.0 4900.0 8655462.296 7450390.9191 9860533.6729 1.7664 1.5205 2.0124 2138.8368 1911.0358 2366.6378 
4910000.0 4910.0 8676625.4452 7470504.9211 9882745.9693 1.7671 1.5215 2.0128 2134.906 1907.6316 2362.1804 
4920000.0 4920.0 8697780.9312 7490194.6162 9905367.2462 1.7678 1.5224 2.0133 2131.5134 1902.572 2360.4548 
4930000.0 4930.0 8718403.4684 7509647.7271 9927159.2097 1.7684 1.5233 2.0136 2119.8694 1879.8775 2359.8613 
4940000.0 4940.0 8739722.6138 7528842.3032 9950602.9244 1.7692 1.5241 2.0143 2121.9608 1876.2478 2367.6738 
4950000.0 4950.0 8760593.7572 7547303.8168 9973883.6976 1.7698 1.5247 2.0149 2115.9734 1861.5381 2370.4087 
4960000.0 4960.0 8782210.3112 7566666.9129 9997753.7095 1.7706 1.5255 2.0157 2124.2822 1866.3012 2382.2632 
4970000.0 4970.0 8803367.1084 7585545.9373 10021188.2795 1.7713 1.5263 2.0163 2122.6846 1866.5425 2378.8267 
4980000.0 4980.0 8824542.445 7604554.4579 10044530.4321 1.772 1.527 2.017 2121.4878 1869.3461 2373.6295 
4990000.0 4990.0 8845761.9066 7623994.028 10067529.7852 1.7727 1.5279 2.0175 2121.7274 1873.1114 2370.3434 
5000000.0 5000.0 8867091.1534 7643575.9811 10090606.3257 1.7734 1.5287 2.0181 2123.8808 1880.7896 2366.972 
5010000.0 5010.0 8888418.321 7662651.6779 10114184.9641 1.7741 1.5295 2.0188 2125.3188 1884.6329 2366.0047 
5020000.0 5020.0 8909696.0446 7681328.6536 10138063.4356 1.7748 1.5301 2.0195 2125.9378 1879.1739 2372.7017 
5030000.0 5030.0 8931091.737 7700041.6194 10162141.8546 1.7756 1.5308 2.0203 2128.283 1873.7819 2382.7841 
5040000.0 5040.0 8952625.9182 7719167.2169 10186084.6195 1.7763 1.5316 2.021 2133.3288 1876.2588 2390.3988 
5050000.0 5050.0 8974084.32 7737804.0538 10210364.5862 1.777 1.5322 2.0219 2135.336 1874.0254 2396.6466 
5060000.0 5060.0 8995583.0544 7756784.9788 10234381.13 1.7778 1.533 2.0226 2138.0606 1873.0462 2403.075 
5070000.0 5070.0 9017368.908 7776557.0363 10258180.7797 1.7786 1.5338 2.0233 2145.5086 1886.4592 2404.558 
5080000.0 5080.0 9038663.4044 7795556.3964 10281770.4124 1.7793 1.5346 2.024 2142.8144 1886.9032 2398.7256 
5090000.0 5090.0 9060346.2296 7814942.034 10305750.4252 1.78 1.5354 2.0247 2147.4066 1892.373 2402.4402 
5100000.0 5100.0 9081575.9796 7834168.4632 10328983.496 1.7807 1.5361 2.0253 2142.5306 1892.7354 2392.3258 
5110000.0 5110.0 9102766.8234 7852903.29 10352630.3568 1.7814 1.5368 2.026 2138.3268 1883.4088 2393.2448 
5120000.0 5120.0 9124170.1188 7871969.4135 10376370.8241 1.7821 1.5375 2.0266 2139.0166 1882.854 2395.1792 
5130000.0 5130.0 9145596.4716 7891283.4318 10399909.5114 1.7828 1.5383 2.0273 2139.9436 1887.6516 2392.2356 
5140000.0 5140.0 9167332.5074 7911196.8919 10423468.1229 1.7835 1.5391 2.0279 2146.2808 1901.7758 2390.7858 
5150000.0 5150.0 9189151.8822 7931202.1231 10447101.6413 1.7843 1.54 2.0286 2153.0096 1915.0141 2391.0051 
5160000.0 5160.0 9210955.7012 7950834.2836 10471077.1188 1.7851 1.5409 2.0293 2157.7932 1921.5438 2394.0426 
5170000.0 5170.0 9232273.7232 7969534.5484 10495012.898 1.7857 1.5415 2.03 2152.7902 1908.7503 2396.8301 
5180000.0 5180.0 9253274.6842 7986924.11 10519625.2584 1.7863 1.5419 2.0308 2143.4164 1873.9536 2412.8792 
5190000.0 5190.0 9274575.8098 8005438.7284 10543712.8912 1.787 1.5425 2.0315 2140.9314 1861.8118 2420.051 
5200000.0 5200.0 9296614.6234 8025132.5511 10568096.6957 1.7878 1.5433 2.0323 2152.409 1873.7914 2431.0266 
5210000.0 5210.0 9318192.6458 8044205.1976 10592180.094 1.7885 1.544 2.033 2153.4258 1876.7747 2430.0769 
5220000.0 5220.0 9339819.6704 8063060.8128 10616578.528 1.7892 1.5446 2.0338 2155.3854 1874.4541 2436.3167 
5230000.0 5230.0 9361373.0476 8082295.2129 10640450.8823 1.7899 1.5454 2.0345 2155.3452 1876.8638 2433.8266 
5240000.0 5240.0 9382847.836 8101420.9683 10664274.7037 1.7906 1.5461 2.0352 2153.7634 1882.3736 2425.1532 
5250000.0 5250.0 9404811.426 8121027.9702 10688594.8818 1.7914 1.5469 2.0359 2161.56 1895.8798 2427.2402 
5260000.0 5260.0 9426713.8008 8140908.0635 10712519.5381 1.7922 1.5477 2.0366 2166.9072 1907.6523 2426.1621 
5270000.0 5270.0 9448436.4446 8159808.4652 10737064.424 1.7929 1.5484 2.0374 2167.7984 1901.8035 2433.7933 
5280000.0 5280.0 9470087.8916 8178520.4167 10761655.3665 1.7936 1.549 2.0382 2167.2046 1892.2317 2442.1775 
5290000.0 5290.0 9491865.29 8197438.6725 10786291.9075 1.7943 1.5496 2.039 2169.1442 1886.3027 2451.9857 
5300000.0 5300.0 9513488.8026 8216438.1077 10810539.4975 1.795 1.5503 2.0397 2167.688 1882.1582 2453.2178 
5310000.0 5310.0 9535231.757 8236056.3652 10834407.1488 1.7957 1.551 2.0404 2169.0364 1889.11 2448.9628 
5320000.0 5320.0 9557181.0252 8255881.1813 10858480.8691 1.7965 1.5519 2.0411 2173.8958 1896.8354 2450.9562 
5330000.0 5330.0 9578612.9492 8275610.9341 10881614.9643 1.7971 1.5526 2.0416 2168.062 1900.4199 2435.7041 
5340000.0 5340.0 9600054.0566 8295317.0386 10904791.0746 1.7978 1.5534 2.0421 2163.6458 1902.2109 2425.0807 
5350000.0 5350.0 9620924.7558 8315087.9211 10926761.5905 1.7983 1.5542 2.0424 2148.9076 1886.2519 2411.5633 
5360000.0 5360.0 9642163.5866 8335236.4978 10949090.6754 1.7989 1.5551 2.0427 2144.2328 1906.3766 2382.089 
5370000.0 5370.0 9664043.8984 8355352.3047 10972735.4921 1.7996 1.5559 2.0433 2152.1146 1924.8712 2379.358 
5380000.0 5380.0 9685857.8392 8374975.9527 10996739.7257 1.8003 1.5567 2.044 2157.4364 1935.0133 2379.8595 
5390000.0 5390.0 9707506.8104 8394596.4771 11020417.1437 1.801 1.5574 2.0446 2158.7082 1940.7824 2376.634 
5400000.0 5400.0 9729016.2968 8414279.1835 11043753.4101 1.8017 1.5582 2.0451 2157.2464 1946.0988 2368.394 
5410000.0 5410.0 9750989.4898 8434783.3909 11067195.5887 1.8024 1.5591 2.0457 2164.5502 1960.8443 2368.2561 
5420000.0 5420.0 9772643.4466 8454667.0193 11090619.8739 1.8031 1.5599 2.0462 2164.6974 1963.3679 2366.0269 
5430000.0 5430.0 9794313.6284 8474262.1437 11114365.1131 1.8037 1.5606 2.0468 2165.1566 1961.497 2368.8162 
5440000.0 5440.0 9816130.2488 8493795.233 11138465.2646 1.8044 1.5614 2.0475 2168.2124 1957.8858 2378.539 
5450000.0 5450.0 9837825.2286 8513573.3081 11162077.1491 1.8051 1.5621 2.0481 2168.6074 1956.5222 2380.6926 
5460000.0 5460.0 9859557.618 8533346.9969 11185768.2391 1.8058 1.5629 2.0487 2169.4264 1958.9397 2379.9131 
5470000.0 5470.0 9880772.5146 8553104.9298 11208440.0994 1.8064 1.5636 2.0491 2160.6816 1960.5985 2360.7647 
5480000.0 5480.0 9901864.0004 8573015.4031 11230712.5977 1.8069 1.5644 2.0494 2151.2836 1959.2941 2343.2731 
5490000.0 5490.0 9923055.0566 8592354.6393 11253755.4739 1.8075 1.5651 2.0499 2145.3026 1941.3273 2349.2779 
5500000.0 5500.0 9944567.4154 8611802.0426 11277332.7882 1.8081 1.5658 2.0504 2146.5012 1937.7946 2355.2078 
5510000.0 5510.0 9966071.397 8630946.5952 11301196.1988 1.8087 1.5664 2.051 2147.5782 1932.8078 2362.3486 
5520000.0 5520.0 9988148.9284 8650787.6608 11325510.196 1.8094 1.5672 2.0517 2158.7158 1935.6164 2381.8152 
5530000.0 5530.0 10010305.0542 8671060.892 11349549.2164 1.8102 1.568 2.0524 2169.124 1946.0242 2392.2238 
5540000.0 5540.0 10032360.8784 8691619.4888 11373102.268 1.8109 1.5689 2.0529 2175.6826 1956.3484 2395.0168 
5550000.0 5550.0 10054305.2254 8711725.8375 11396884.6133 1.8116 1.5697 2.0535 2179.1866 1956.4531 2401.9201 
5560000.0 5560.0 10076417.742 8731487.2441 11421348.2399 1.8123 1.5704 2.0542 2185.4124 1955.2381 2415.5867 
5570000.0 5570.0 10098460.0598 8751134.5889 11445785.5307 1.813 1.5711 2.0549 2188.935 1952.8066 2425.0634 
5580000.0 5580.0 10120725.73 8771131.8918 11470319.5682 1.8138 1.5719 2.0556 2195.8962 1953.452 2438.3404 
5590000.0 5590.0 10143134.6486 8791413.5756 11494855.7216 1.8145 1.5727 2.0563 2204.0552 1958.6961 2449.4143 
5600000.0 5600.0 10165443.0152 8811879.4625 11519006.5679 1.8153 1.5735 2.057 2209.1592 1968.1036 2450.2148 
5610000.0 5610.0 10187463.1732 8832120.5352 11542805.8112 1.8159 1.5744 2.0575 2207.651 1970.0838 2445.2182 
5620000.0 5620.0 10209588.619 8852011.9661 11567165.2719 1.8167 1.5751 2.0582 2208.5578 1973.2153 2443.9003 
5630000.0 5630.0 10231920.5814 8872619.5278 11591221.635 1.8174 1.576 2.0588 2213.0972 1985.0987 2441.0957 
5640000.0 5640.0 10254448.0236 8893014.3008 11615881.7464 1.8182 1.5768 2.0596 2220.4172 1992.2111 2448.6233 
5650000.0 5650.0 10276891.0354 8913642.1302 11640139.9406 1.8189 1.5776 2.0602 2224.888 1995.3342 2454.4418 
5660000.0 5660.0 10299182.4724 8934379.1239 11663985.8209 1.8196 1.5785 2.0608 2225.4166 2000.1292 2450.704 
5670000.0 5670.0 10321330.9796 8954571.8124 11688090.1468 1.8203 1.5793 2.0614 2223.1854 1995.2208 2451.15 
5680000.0 5680.0 10343697.4054 8974895.7034 11712499.1074 1.8211 1.5801 2.0621 2225.5038 1992.8736 2458.134 
5690000.0 5690.0 10366054.328 8995779.9254 11736328.7306 1.8218 1.581 2.0626 2227.2814 2000.3635 2454.1993 
5700000.0 5700.0 10388125.1104 9017051.6714 11759198.5494 1.8225 1.5819 2.063 2223.6726 2006.7818 2440.5634 
5710000.0 5710.0 10410204.1748 9038156.5898 11782251.7598 1.8232 1.5829 2.0634 2221.042 2012.7196 2429.3644 
5720000.0 5720.0 10432070.6214 9059741.0068 11804400.236 1.8238 1.5839 2.0637 2214.5916 2013.2065 2415.9767 
5730000.0 5730.0 10453975.1102 9080453.3889 11827496.8315 1.8244 1.5847 2.0641 2210.2354 2005.431 2415.0398 
5740000.0 5740.0 10475543.1646 9101013.6918 11850072.6374 1.825 1.5855 2.0645 2200.7888 1990.8888 2410.6888 
5750000.0 5750.0 10497443.1714 9121823.9525 11873062.3903 1.8256 1.5864 2.0649 2198.4982 1988.6588 2408.3376 
5760000.0 5760.0 10519621.3148 9142836.9458 11896405.6838 1.8263 1.5873 2.0653 2201.9406 1988.9133 2414.9679 
5770000.0 5770.0 10541727.2618 9164108.5177 11919346.0059 1.827 1.5882 2.0657 2203.4678 1993.0674 2413.8682 
5780000.0 5780.0 10564054.7558 9185296.1383 11942813.3733 1.8277 1.5892 2.0662 2208.6664 2005.6294 2411.7034 
5790000.0 5790.0 10585827.244 9206161.3586 11965493.1294 1.8283 1.59 2.0666 2202.472 2007.8662 2397.0778 
5800000.0 5800.0 10607845.9104 9227372.1305 11988319.6903 1.8289 1.5909 2.067 2202.5396 2005.6927 2399.3865 
5810000.0 5810.0 10629888.644 9248157.5645 12011619.7235 1.8296 1.5918 2.0674 2202.7754 2001.2484 2404.3024 
5820000.0 5820.0 10652186.9756 9268796.3268 12035577.6244 1.8303 1.5926 2.068 2207.9572 2008.1087 2407.8057 
5830000.0 5830.0 10674053.9744 9288768.8519 12059339.0969 1.8309 1.5933 2.0685 2203.8558 2004.6978 2403.0138 
5840000.0 5840.0 10696021.137 9309092.9172 12082949.3568 1.8315 1.594 2.069 2202.6334 1997.7549 2407.5119 
5850000.0 5850.0 10717852.3656 9329314.6645 12106390.0667 1.8321 1.5948 2.0695 2199.0132 1990.3252 2407.7012 
5860000.0 5860.0 10739831.909 9349898.5849 12129765.2331 1.8327 1.5955 2.0699 2198.5826 1990.7692 2406.396 
5870000.0 5870.0 10761440.1864 9369401.4536 12153478.9192 1.8333 1.5962 2.0704 2191.7318 1976.9888 2406.4748 
5880000.0 5880.0 10783401.1498 9389489.2089 12177313.0907 1.8339 1.5969 2.071 2192.743 1981.4445 2404.0415 
5890000.0 5890.0 10805427.8386 9409880.1206 12200975.5566 1.8345 1.5976 2.0715 2194.463 1983.3391 2405.5869 
5900000.0 5900.0 10827593.4436 9430186.2727 12225000.6145 1.8352 1.5983 2.072 2198.6762 1985.6039 2411.7485 
5910000.0 5910.0 10849486.1044 9450559.4705 12248412.7383 1.8358 1.5991 2.0725 2196.9646 1989.9027 2404.0265 
5920000.0 5920.0 10871781.1276 9471224.1764 12272338.0788 1.8364 1.5999 2.073 2202.9378 1993.7284 2412.1472 
5930000.0 5930.0 10894293.1298 9491833.553 12296752.7066 1.8371 1.6006 2.0737 2211.6876 1997.6149 2425.7603 
5940000.0 5940.0 10916441.6318 9512167.9953 12320715.2683 1.8378 1.6014 2.0742 2212.0702 1995.0931 2429.0473 
5950000.0 5950.0 10938215.0398 9532357.1387 12344072.9409 1.8384 1.6021 2.0746 2205.6374 1987.3276 2423.9472 
5960000.0 5960.0 10960416.0006 9552687.1355 12368144.8657 1.839 1.6028 2.0752 2208.3624 1987.8304 2428.8944 
5970000.0 5970.0 10982719.4848 9573246.821 12392192.1486 1.8397 1.6036 2.0757 2212.605 1995.5371 2429.6729 
5980000.0 5980.0 11004984.8744 9593915.7328 12416054.016 1.8403 1.6043 2.0763 2215.1558 2001.2671 2429.0445 
5990000.0 5990.0 11026867.1224 9614115.6889 12439618.5559 1.8409 1.605 2.0767 2209.9438 1999.0202 2420.8674 
6000000.0 6000.0 11048680.8366 9634694.5079 12462667.1653 1.8414 1.6058 2.0771 2204.8126 2003.1312 2406.494 
