10000 10 169.553 12.397 0.126 0.6659 0 0 0 
20000 22 325.242 47.761 0.82 1.2656 0 0 0 
30000 90 226.387 54.408 0.38 1.5324 0 0 0 
40000 116 289.16 101.332 0.942 2.2049 0 0 0 
50000 209 154.068 93.318 0.174 1.2555 0 0 0 
60000 255 203.241 87.065 0.025 1.6796 0 0 0 
70000 275 308.269 95.433 0.155 2.5579 0 0 0 
80000 306 313.651 47.947 -0.697 2.6095 0 0 0 
90000 346 283.058 -101.569 -2.368 2.3677 0 0 0 
100000 376 299.681 -116.897 -1.67 2.4959 0 0 0 
110000 405 325.444 -150.347 -1.27 2.7149 0 0 0 
120000 431 335.111 -205.651 -1.342 2.7939 0 0 0 
130000 457 362.397 -334.516 -2.978 3.0154 0 0 0 
140000 483 362.057 -378.286 -2.41 3.0218 0 0 0 
150000 501 412.989 -497.48 -3.661 3.448 0 0 0 
160000 523 434.111 -560.284 -3.403 3.608 0 0 0 
170000 556 371.505 -613.14 -2.439 3.0827 0 0 0 
180000 578 399.168 -640.253 -2.013 3.3224 0 0 0 
190000 593 475.036 -647.248 -1.562 3.9544 0 0 0 
200000 622 402.445 -797.49 -3.515 3.351 0 0 0 
210000 651 390.453 -855.394 -2.767 3.245 0 0 0 
220000 683 348.395 -913.844 -2.276 2.8997 0 0 0 
230000 715 333.801 -940.754 -1.691 2.8002 0 0 0 
240000 750 303.147 -1039.608 -2.509 2.5598 0 0 0 
250000 792 256.675 -1085.936 -1.85 2.1808 0 0 0 
260000 827 281.855 -1113.934 -1.102 2.4114 0 0 0 
270000 854 313.532 -1146.014 -0.748 2.6711 0 0 0 
280000 891 286.501 -1157.343 -0.863 2.4577 0 0 0 
290000 909 373.338 -1100.427 0.423 3.1959 0 0 0 
300000 939 357.123 -1132.91 -0.314 3.0606 0 0 0 
310000 976 311.131 -1147.649 -0.215 2.6721 0 0 0 
320000 1010 292.206 -1172.351 -0.4 2.5051 0 0 0 
330000 1041 301.164 -1156.112 -0.013 2.572 0 0 0 
340000 1087 243.761 -1143.773 0.176 2.0903 0 0 0 
350000 1115 290.99 -1136.56 0.154 2.509 0 0 0 
360000 1151 273.713 -1192.801 -0.706 2.3499 0 0 0 
370000 1212 183.277 -1327.938 -1.324 1.5966 0 0 0 
380000 1247 236.367 -1390.702 -1.676 2.0563 0 0 0 
390000 1285 249.104 -1509.52 -2.19 2.1607 0 0 0 
400000 1335 209.24 -1600.755 -1.975 1.8202 0 0 0 
410000 1406 142.624 -1605.525 -0.538 1.2363 0 0 0 
420000 1466 165.982 -1636.201 -0.393 1.4335 0 0 0 
