1000 125 7.307 -123.0 -0.905 0.0049 0 0 0 
2000 250 7.945 -246.0 -0.974 0.008 0 0 0 
3000 377 7.915 -369.0 -0.973 0.0081 0 0 0 
4000 504 7.847 -486.0 -0.917 0.0058 0 0 0 
5000 630 7.93 -604.0 -0.943 0.0053 0 0 0 
6000 756 7.972 -726.0 -0.971 0.0069 0 0 0 
7000 881 7.998 -851.0 -0.998 0.0058 0 0 0 
8000 1007 7.927 -971.0 -0.948 0.0071 0 0 0 
9000 1134 7.842 -1090.0 -0.916 0.0059 0 0 0 
10000 1261 7.877 -1209.0 -0.939 0.0076 0 0 0 
11000 1387 7.974 -1333.0 -0.99 0.0072 0 0 0 
12000 1513 7.907 -1455.0 -0.97 0.0059 0 0 0 
13000 1639 7.971 -1575.0 -0.959 0.0104 0 0 0 
14000 1765 7.869 -1699.0 -0.96 0.0091 0 0 0 
15000 1891 7.87 -1823.0 -0.957 0.0073 0 0 0 
16000 2017 7.964 -1945.0 -0.986 0.0073 0 0 0 
17000 2143 7.987 -2069.0 -0.994 0.0212 0 0 0 
18000 2268 7.999 -2194.0 -1.0 0.0306 0 0 0 
19000 2395 7.892 -2313.0 -0.949 0.0295 0 0 0 
20000 2521 7.963 -2433.0 -0.965 0.0406 0 0 0 
21000 2648 7.803 -2552.0 -0.93 0.0329 0 0 0 
22000 2773 7.984 -2677.0 -0.994 0.0303 0 0 0 
23000 2899 7.906 -2797.0 -0.943 0.0279 0 0 0 
24000 3026 7.861 -2918.0 -0.937 0.0279 0 0 0 
25000 3153 7.89 -3039.0 -0.948 0.0302 0 0 0 
26000 3278 7.97 -3160.0 -0.973 0.0334 0 0 0 
27000 3404 7.993 -3284.0 -0.994 0.0343 0 0 0 
28000 3529 7.953 -3407.0 -0.969 0.0304 0 0 0 
29000 3655 7.956 -3529.0 -0.983 0.029 0 0 0 
30000 3782 7.949 -3650.0 -0.974 0.0293 0 0 0 
31000 3908 7.941 -3772.0 -0.98 0.0298 0 0 0 
32000 4033 7.995 -3895.0 -0.989 0.0304 0 0 0 
33000 4161 7.876 -4011.0 -0.942 0.0387 0 0 0 
34000 4288 7.851 -4132.0 -0.912 0.0366 0 0 0 
35000 4413 7.988 -4257.0 -0.993 0.0338 0 0 0 
36000 4538 7.999 -4382.0 -0.999 0.0386 0 0 0 
37000 4664 7.974 -4502.0 -0.982 0.0323 0 0 0 
38000 4790 7.968 -4622.0 -0.939 0.0399 0 0 0 
39000 4915 7.974 -4745.0 -0.986 0.0319 0 0 0 
40000 5041 7.984 -4869.0 -0.994 0.0318 0 0 0 
41000 5166 7.95 -4992.0 -0.967 0.0286 0 0 0 
42000 5295 7.66 -5111.0 -0.874 0.0272 0 0 0 
43000 5420 7.97 -5232.0 -0.97 0.0281 0 0 0 
44000 5546 7.979 -5354.0 -0.991 0.0372 0 0 0 
45000 5672 7.971 -5474.0 -0.947 0.0303 0 0 0 
46000 5798 7.947 -5596.0 -0.946 0.0288 0 0 0 
47000 5925 7.842 -5715.0 -0.917 0.0286 0 0 0 
48000 6050 7.963 -5838.0 -0.977 0.0284 0 0 0 
49000 6176 7.911 -5956.0 -0.93 0.0278 0 0 0 
50000 6305 7.648 -6071.0 -0.85 0.0276 0 0 0 
51000 6433 7.882 -6191.0 -0.95 0.0278 0 0 0 
52000 6558 7.988 -6312.0 -0.986 0.0287 0 0 0 
53000 6685 7.898 -6429.0 -0.928 0.0283 0 0 0 
54000 6813 7.797 -6545.0 -0.909 0.029 0 0 0 
55000 6939 7.963 -6667.0 -0.975 0.028 0 0 0 
56000 7065 7.964 -6787.0 -0.956 0.0287 0 0 0 
57000 7192 7.863 -6906.0 -0.914 0.0284 0 0 0 
58000 7319 7.893 -7023.0 -0.915 0.0281 0 0 0 
59000 7448 7.749 -7138.0 -0.9 0.0273 0 0 0 
60000 7576 7.856 -7258.0 -0.937 0.0277 0 0 0 
61000 7703 7.911 -7373.0 -0.922 0.0284 0 0 0 
62000 7830 7.766 -7492.0 -0.894 0.0277 0 0 0 
63000 7960 7.739 -7608.0 -0.889 0.0276 0 0 0 
64000 8089 7.754 -7719.0 -0.886 0.0359 0 0 0 
65000 8222 7.372 -7826.0 -0.738 0.0267 0 0 0 
66000 8351 7.693 -7933.0 -0.811 0.0278 0 0 0 
67000 8480 7.859 -8046.0 -0.906 0.0271 0 0 0 
68000 8609 7.767 -8147.0 -0.783 0.028 0 0 0 
69000 8741 7.532 -8247.0 -0.755 0.0264 0 0 0 
70000 8871 7.548 -8349.0 -0.78 0.0267 0 0 0 
71000 8999 7.856 -8463.0 -0.914 0.0279 0 0 0 
72000 9131 7.455 -8563.0 -0.69 0.0263 0 0 0 
73000 9265 7.516 -8653.0 -0.707 0.0272 0 0 0 
74000 9398 7.615 -8740.0 -0.69 0.0285 0 0 0 
75000 9530 7.625 -8830.0 -0.688 0.0338 0 0 0 
76000 9663 7.437 -8921.0 -0.667 0.0303 0 0 0 
77000 9801 7.309 -8991.0 -0.55 0.0284 0 0 0 
78000 9933 7.498 -9091.0 -0.715 0.0313 0 0 0 
79000 10072 7.098 -9164.0 -0.495 0.025 0 0 0 
80000 10208 7.274 -9248.0 -0.59 0.0277 0 0 0 
81000 10350 7.011 -9304.0 -0.428 0.0256 0 0 0 
82000 10481 7.59 -9399.0 -0.701 0.0274 0 0 0 
83000 10621 7.127 -9463.0 -0.459 0.0254 0 0 0 
84000 10759 7.193 -9537.0 -0.533 0.0258 0 0 0 
85000 10909 6.506 -9581.0 -0.258 0.0234 0 0 0 
86000 11054 7.027 -9620.0 -0.332 0.0256 0 0 0 
87000 11206 6.704 -9646.0 -0.181 0.0241 0 0 0 
88000 11350 6.812 -9676.0 -0.234 0.0246 0 0 0 
89000 11501 6.552 -9699.0 -0.138 0.0233 0 0 0 
90000 11655 6.46 -9711.0 -0.107 0.0308 0 0 0 
91000 11813 6.161 -9723.0 0.002 0.0228 0 0 0 
92000 11975 6.016 -9711.0 0.244 0.0247 0 0 0 
93000 12131 6.194 -9713.0 0.044 0.0253 0 0 0 
94000 12303 6.004 -9677.0 0.143 0.0229 0 0 0 
95000 12465 6.356 -9665.0 -0.0 0.0229 0 0 0 
96000 12648 5.436 -9618.0 0.267 0.0206 0 0 0 
97000 12818 5.51 -9568.0 0.466 0.0255 0 0 0 
98000 12996 5.508 -9502.0 0.354 0.026 0 0 0 
99000 13176 5.404 -9434.0 0.367 0.0497 0 0 0 
100000 13365 5.235 -9331.0 0.504 0.0364 0 0 0 
101000 13548 5.639 -9270.0 0.258 0.0299 0 0 0 
102000 13730 5.362 -9188.0 0.505 0.0316 0 0 0 
103000 13909 5.669 -9121.0 0.318 0.0376 0 0 0 
104000 14094 5.457 -9032.0 0.535 0.0219 0 0 0 
105000 14277 5.714 -8959.0 0.326 0.0217 0 0 0 
106000 14472 4.896 -8842.0 0.642 0.0182 0 0 0 
107000 14661 5.514 -8757.0 0.415 0.0207 0 0 0 
108000 14856 5.105 -8644.0 0.535 0.0206 0 0 0 
109000 15038 5.341 -8562.0 0.525 0.0194 0 0 0 
110000 15222 5.669 -8476.0 0.334 0.0235 0 0 0 
111000 15408 5.692 -8394.0 0.325 0.0252 0 0 0 
112000 15600 5.359 -8284.0 0.528 0.0329 0 0 0 
113000 15788 5.197 -8176.0 0.603 0.0199 0 0 0 
114000 15983 5.077 -8067.0 0.56 0.0192 0 0 0 
115000 16187 4.631 -7937.0 0.758 0.017 0 0 0 
116000 16384 5.301 -7808.0 0.64 0.0194 0 0 0 
117000 16587 4.908 -7655.0 0.78 0.0179 0 0 0 
118000 16786 4.989 -7522.0 0.717 0.0181 0 0 0 
119000 16993 4.836 -7373.0 0.691 0.0174 0 0 0 
120000 17199 4.739 -7205.0 0.858 0.0177 0 0 0 
121000 17413 4.805 -7037.0 0.739 0.0176 0 0 0 
122000 17615 4.991 -6907.0 0.621 0.0232 0 0 0 
123000 17812 4.983 -6776.0 0.719 0.0199 0 0 0 
124000 18023 4.724 -6619.0 0.831 0.022 0 0 0 
125000 18234 4.651 -6458.0 0.8 0.0184 0 0 0 
126000 18438 4.853 -6316.0 0.694 0.0177 0 0 0 
127000 18643 4.886 -6171.0 0.738 0.0176 0 0 0 
128000 18860 4.505 -5992.0 0.768 0.0273 0 0 0 
129000 19074 4.804 -5816.0 0.749 0.0186 0 0 0 
130000 19282 4.974 -5648.0 0.747 0.0183 0 0 0 
131000 19494 4.755 -5484.0 0.741 0.0171 0 0 0 
132000 19710 4.625 -5314.0 0.78 0.017 0 0 0 
133000 19906 4.968 -5190.0 0.608 0.018 0 0 0 
134000 20106 5.054 -5064.0 0.587 0.0178 0 0 0 
135000 20315 4.578 -4901.0 0.92 0.0163 0 0 0 
136000 20532 4.209 -4714.0 0.911 0.0155 0 0 0 
137000 20745 4.423 -4555.0 0.759 0.016 0 0 0 
138000 20967 4.599 -4361.0 0.849 0.0223 0 0 0 
139000 21177 4.686 -4187.0 0.792 0.0219 0 0 0 
140000 21400 4.515 -3994.0 0.833 0.016 0 0 0 
141000 21623 4.433 -3807.0 0.83 0.0157 0 0 0 
142000 21829 4.793 -3641.0 0.783 0.0171 0 0 0 
143000 22045 4.875 -3463.0 0.806 0.0174 0 0 0 
144000 22257 4.548 -3283.0 0.868 0.0319 0 0 0 
145000 22476 4.696 -3090.0 0.872 0.019 0 0 0 
146000 22704 4.137 -2886.0 0.921 0.0154 0 0 0 
147000 22924 4.564 -2684.0 0.918 0.0171 0 0 0 
148000 23137 4.734 -2491.0 0.866 0.0207 0 0 0 
149000 23352 4.648 -2322.0 0.759 0.0174 0 0 0 
150000 23555 5.092 -2179.0 0.631 0.019 0 0 0 
151000 23762 4.712 -2032.0 0.81 0.0174 0 0 0 
152000 23967 4.777 -1875.0 0.78 0.0173 0 0 0 
153000 24175 4.919 -1717.0 0.73 0.0224 0 0 0 
154000 24376 4.67 -1582.0 0.804 0.029 0 0 0 
155000 24572 5.208 -1450.0 0.632 0.0206 0 0 0 
156000 24772 4.721 -1294.0 0.813 0.018 0 0 0 
157000 24985 4.728 -1121.0 0.827 0.0175 0 0 0 
158000 25200 4.63 -946.0 0.906 0.0207 0 0 0 
159000 25421 4.636 -751.0 0.905 0.0196 0 0 0 
160000 25644 4.787 -548.0 0.902 0.0194 0 0 0 
161000 25854 4.859 -378.0 0.766 0.0182 0 0 0 
162000 26076 4.394 -184.0 0.848 0.0157 0 0 0 
163000 26300 4.544 16.0 0.902 0.0315 0 0 0 
164000 26519 4.567 207.0 0.879 0.0169 0 0 0 
165000 26741 4.602 393.0 0.85 0.0163 0 0 0 
166000 26969 4.374 591.0 0.907 0.0156 0 0 0 
167000 27179 4.79 769.0 0.851 0.017 0 0 0 
168000 27392 4.962 940.0 0.748 0.0176 0 0 0 
169000 27614 4.483 1116.0 0.761 0.0169 0 0 0 
170000 27836 4.383 1314.0 0.932 0.0152 0 0 0 
171000 28065 4.462 1513.0 0.843 0.0156 0 0 0 
172000 28288 4.345 1718.0 0.956 0.015 0 0 0 
173000 28505 4.528 1915.0 0.879 0.0157 0 0 0 
174000 28718 4.463 2088.0 0.853 0.0156 0 0 0 
175000 28939 4.545 2281.0 0.813 0.0159 0 0 0 
176000 29162 4.505 2474.0 0.822 0.016 0 0 0 
177000 29378 4.725 2660.0 0.846 0.0168 0 0 0 
178000 29602 4.707 2844.0 0.759 0.0162 0 0 0 
179000 29823 4.571 3033.0 0.866 0.0158 0 0 0 
180000 30037 4.705 3209.0 0.804 0.0161 0 0 0 
181000 30251 4.529 3381.0 0.798 0.0162 0 0 0 
182000 30460 4.916 3548.0 0.795 0.0177 0 0 0 
183000 30671 4.715 3713.0 0.793 0.0197 0 0 0 
184000 30875 5.009 3873.0 0.797 0.0189 0 0 0 
185000 31075 5.245 4021.0 0.698 0.0202 0 0 0 
186000 31283 5.154 4175.0 0.712 0.0243 0 0 0 
187000 31493 4.857 4329.0 0.703 0.0176 0 0 0 
188000 31685 5.176 4447.0 0.65 0.0189 0 0 0 
189000 31897 4.667 4621.0 0.881 0.0168 0 0 0 
190000 32106 4.749 4774.0 0.779 0.0173 0 0 0 
191000 32317 4.416 4947.0 0.855 0.0153 0 0 0 
192000 32536 4.607 5136.0 0.85 0.0201 0 0 0 
193000 32758 4.816 5320.0 0.763 0.0174 0 0 0 
194000 32981 4.533 5517.0 0.889 0.0158 0 0 0 
195000 33200 4.629 5710.0 0.884 0.0162 0 0 0 
196000 33425 4.368 5921.0 0.964 0.0157 0 0 0 
197000 33648 4.437 6122.0 0.925 0.0154 0 0 0 
198000 33876 4.498 6324.0 0.841 0.016 0 0 0 
199000 34102 4.477 6520.0 0.855 0.0154 0 0 0 
200000 34326 4.489 6720.0 0.92 0.0159 0 0 0 
