10000 25 166.744 4.072 0.072 0.6009 0 0 0 
20000 57 232.307 6.712 0.072 0.8491 0 0 0 
30000 350 32.323 6.758 0.004 0.2437 0 0 0 
40000 742 19.207 1.888 -0.008 0.1731 0 0 0 
50000 1102 30.093 -3.494 -0.017 0.2397 0 0 0 
60000 1191 133.944 -7.231 -0.049 0.8281 0 0 0 
70000 1496 26.788 -10.232 -0.004 0.2243 0 0 0 
80000 2226 16.691 -9.431 -0.003 0.162 0 0 0 
90000 2885 16.354 -11.444 0.001 0.1611 0 0 0 
100000 3227 23.613 -11.275 0.004 0.2031 0 0 0 
110000 3901 12.404 -9.777 0.002 0.1353 0 0 0 
120000 4748 11.114 -8.075 0.001 0.1276 0 0 0 
130000 5658 11.0 -7.588 0.0 0.1272 0 0 0 
140000 6017 43.721 3.271 0.054 0.313 0 0 0 
150000 6245 46.646 16.675 0.059 0.3324 0 0 0 
160000 6522 28.24 17.952 -0.001 0.2249 0 0 0 
170000 6807 62.577 24.904 0.064 0.4262 0 0 0 
180000 7040 40.855 38.1 0.06 0.2986 0 0 0 
190000 7277 43.183 54.192 0.073 0.3082 0 0 0 
200000 7489 48.371 71.854 0.087 0.3381 0 0 0 
210000 7724 42.559 90.511 0.084 0.307 0 0 0 
220000 7959 41.686 109.702 0.078 0.3038 0 0 0 
230000 8206 39.391 127.798 0.067 0.2924 0 0 0 
240000 8462 39.062 144.433 0.064 0.291 0 0 0 
250000 8707 41.419 162.026 0.074 0.3012 0 0 0 
260000 8950 41.218 179.371 0.071 0.301 0 0 0 
270000 9197 40.905 196.41 0.07 0.3035 0 0 0 
280000 9446 39.439 213.537 0.066 0.292 0 0 0 
290000 9702 39.181 230.909 0.068 0.2923 0 0 0 
300000 9955 39.161 248.145 0.064 0.291 0 0 0 
310000 10212 38.62 264.445 0.063 0.2882 0 0 0 
320000 10470 39.481 280.764 0.067 0.2941 0 0 0 
330000 10724 39.757 297.629 0.068 0.2913 0 0 0 
340000 10975 40.147 315.352 0.072 0.2976 0 0 0 
350000 11225 38.886 333.352 0.066 0.2897 0 0 0 
360000 11473 41.48 351.284 0.075 0.2999 0 0 0 
370000 11715 40.79 369.44 0.075 0.2976 0 0 0 
380000 11955 41.45 388.383 0.079 0.3034 0 0 0 
390000 12204 40.104 405.767 0.068 0.2934 0 0 0 
400000 12463 38.616 420.771 0.057 0.291 0 0 0 
410000 12723 39.025 435.865 0.063 0.2873 0 0 0 
420000 12962 43.346 454.558 0.088 0.3135 0 0 0 
430000 13184 45.533 475.615 0.097 0.3248 0 0 0 
440000 13403 45.588 496.693 0.096 0.324 0 0 0 
450000 13604 49.778 518.303 0.106 0.3494 0 0 0 
460000 13782 59.869 536.653 0.103 0.4067 0 0 0 
470000 13952 58.161 554.121 0.102 0.3954 0 0 0 
480000 14141 52.037 572.811 0.101 0.3645 0 0 0 
490000 14339 49.609 592.218 0.096 0.35 0 0 0 
500000 14537 49.866 610.879 0.092 0.3504 0 0 0 
510000 14731 49.455 630.319 0.098 0.3476 0 0 0 
520000 14930 49.474 650.855 0.104 0.351 0 0 0 
530000 15138 49.061 672.082 0.106 0.3471 0 0 0 
540000 15354 45.809 693.938 0.098 0.3299 0 0 0 
550000 15564 47.82 715.034 0.1 0.3421 0 0 0 
560000 15781 45.859 736.096 0.099 0.332 0 0 0 
570000 15993 46.987 757.52 0.1 0.3343 0 0 0 
580000 16203 47.658 778.85 0.1 0.333 0 0 0 
590000 16415 46.817 799.41 0.095 0.3361 0 0 0 
600000 16625 47.75 820.077 0.101 0.3401 0 0 0 
610000 16830 48.419 840.968 0.102 0.3416 0 0 0 
620000 17042 46.425 862.461 0.101 0.3308 0 0 0 
630000 17260 45.488 882.87 0.093 0.3264 0 0 0 
640000 17487 44.477 903.052 0.09 0.3233 0 0 0 
650000 17696 50.273 923.017 0.099 0.3543 0 0 0 
660000 17899 49.075 943.731 0.103 0.3501 0 0 0 
670000 18100 50.234 964.514 0.103 0.3507 0 0 0 
680000 18287 53.529 985.561 0.109 0.37 0 0 0 
690000 18452 63.965 1004.071 0.118 0.4281 0 0 0 
700000 18624 56.726 1022.014 0.106 0.3868 0 0 0 
710000 18806 54.851 1041.655 0.107 0.3776 0 0 0 
720000 18989 54.699 1060.168 0.101 0.3787 0 0 0 
730000 19187 48.286 1079.109 0.091 0.3397 0 0 0 
740000 19375 56.168 1097.338 0.098 0.3846 0 0 0 
750000 19549 58.003 1114.063 0.095 0.3973 0 0 0 
760000 19706 63.322 1128.562 0.091 0.4248 0 0 0 
770000 19846 72.58 1140.865 0.084 0.4742 0 0 0 
780000 19984 70.906 1152.674 0.086 0.4703 0 0 0 
790000 20133 67.433 1164.764 0.077 0.4452 0 0 0 
800000 20291 63.742 1178.032 0.087 0.4269 0 0 0 
810000 20453 61.48 1192.469 0.089 0.4156 0 0 0 
820000 20616 59.422 1206.084 0.084 0.4053 0 0 0 
830000 20783 60.168 1221.215 0.088 0.4086 0 0 0 
840000 20946 60.138 1235.685 0.088 0.4093 0 0 0 
850000 21110 61.535 1251.765 0.099 0.4157 0 0 0 
860000 21276 58.527 1268.394 0.098 0.3997 0 0 0 
870000 21456 56.066 1285.373 0.09 0.3861 0 0 0 
880000 21644 52.409 1301.476 0.085 0.3657 0 0 0 
890000 21847 51.719 1317.895 0.08 0.3585 0 0 0 
900000 22027 60.228 1332.272 0.08 0.408 0 0 0 
910000 22171 61.813 1344.414 0.086 0.4167 0 0 0 
920000 22373 49.048 1362.917 0.093 0.3446 0 0 0 
930000 22565 51.639 1381.291 0.093 0.3573 0 0 0 
940000 22758 52.522 1398.79 0.091 0.3632 0 0 0 
950000 22945 51.784 1417.056 0.097 0.3611 0 0 0 
960000 23139 52.762 1436.647 0.104 0.3688 0 0 0 
970000 23320 55.941 1455.115 0.101 0.3854 0 0 0 
980000 23491 61.515 1472.583 0.102 0.4144 0 0 0 
990000 23653 64.037 1489.96 0.109 0.4285 0 0 0 
1000000 23811 62.771 1506.951 0.106 0.4192 0 0 0 
1010000 23963 63.417 1523.328 0.107 0.4213 0 0 0 
1020000 24112 66.999 1537.751 0.096 0.4398 0 0 0 
1030000 24254 68.032 1551.631 0.101 0.4506 0 0 0 
1040000 24392 72.469 1565.146 0.101 0.4698 0 0 0 
1050000 24534 70.276 1579.621 0.102 0.4634 0 0 0 
1060000 24675 70.988 1593.905 0.101 0.4701 0 0 0 
1070000 24822 68.953 1607.944 0.093 0.4505 0 0 0 
1080000 24991 55.947 1625.108 0.105 0.3836 0 0 0 
1090000 25168 59.275 1643.977 0.101 0.4006 0 0 0 
1100000 25310 71.336 1655.515 0.08 0.4666 0 0 0 
1110000 25483 58.644 1671.883 0.101 0.4001 0 0 0 
1120000 25646 63.209 1688.734 0.096 0.4257 0 0 0 
1130000 25793 67.731 1704.265 0.105 0.4484 0 0 0 
1140000 25947 64.873 1721.339 0.116 0.4309 0 0 0 
1150000 26119 56.827 1742.329 0.126 0.386 0 0 0 
1160000 26292 58.946 1764.61 0.125 0.3942 0 0 0 
1170000 26453 61.5 1785.879 0.133 0.4118 0 0 0 
1180000 26641 51.075 1808.402 0.115 0.3585 0 0 0 
1190000 26849 48.376 1830.526 0.108 0.3469 0 0 0 
1200000 27053 50.11 1853.625 0.118 0.3531 0 0 0 
1210000 27250 52.44 1876.783 0.123 0.3613 0 0 0 
1220000 27422 59.673 1900.635 0.141 0.4055 0 0 0 
1230000 27584 62.314 1923.737 0.145 0.4152 0 0 0 
1240000 27743 62.721 1945.416 0.136 0.4164 0 0 0 
1250000 27902 64.023 1966.682 0.134 0.4215 0 0 0 
1260000 28056 65.291 1987.491 0.138 0.4317 0 0 0 
1270000 28215 63.688 2009.088 0.135 0.4226 0 0 0 
1280000 28370 64.061 2029.271 0.133 0.422 0 0 0 
1290000 28526 63.143 2052.225 0.142 0.4184 0 0 0 
1300000 28677 68.253 2074.888 0.15 0.4489 0 0 0 
1310000 28823 66.476 2096.173 0.147 0.4401 0 0 0 
1320000 28978 65.035 2117.974 0.14 0.4296 0 0 0 
1330000 29138 62.094 2141.236 0.143 0.4131 0 0 0 
1340000 29301 61.442 2164.301 0.143 0.41 0 0 0 
1350000 29467 61.222 2185.044 0.118 0.4133 0 0 0 
1360000 29640 57.633 2207.154 0.127 0.3879 0 0 0 
1370000 29817 55.285 2229.646 0.124 0.3796 0 0 0 
1380000 30001 56.061 2251.354 0.125 0.384 0 0 0 
1390000 30170 60.026 2272.155 0.128 0.4017 0 0 0 
1400000 30330 62.766 2293.521 0.135 0.4191 0 0 0 
1410000 30480 63.939 2311.638 0.118 0.4249 0 0 0 
1420000 30639 62.765 2329.907 0.114 0.415 0 0 0 
1430000 30799 62.653 2349.885 0.127 0.4145 0 0 0 
1440000 30958 63.237 2369.56 0.126 0.4187 0 0 0 
1450000 31117 63.954 2391.187 0.141 0.4252 0 0 0 
1460000 31271 65.762 2413.679 0.15 0.4324 0 0 0 
1470000 31423 65.205 2437.209 0.153 0.4311 0 0 0 
1480000 31572 66.789 2460.283 0.154 0.4411 0 0 0 
1490000 31722 66.696 2483.555 0.152 0.4374 0 0 0 
1500000 31874 66.437 2504.678 0.14 0.4367 0 0 0 
1510000 32025 67.914 2525.555 0.142 0.4446 0 0 0 
1520000 32176 66.304 2548.428 0.151 0.4378 0 0 0 
1530000 32311 74.708 2567.807 0.14 0.4878 0 0 0 
1540000 32440 77.855 2586.971 0.147 0.505 0 0 0 
1550000 32573 73.429 2605.977 0.144 0.474 0 0 0 
1560000 32697 80.839 2623.945 0.144 0.5293 0 0 0 
1570000 32797 102.832 2636.194 0.12 0.6426 0 0 0 
1580000 32901 94.43 2647.852 0.11 0.5962 0 0 0 
1590000 32974 125.217 2653.555 0.085 0.7741 0 0 0 
1600000 33057 116.427 2660.454 0.093 0.7267 0 0 0 
1610000 33178 93.154 2676.977 0.129 0.5956 0 0 0 
1620000 33273 109.18 2686.956 0.104 0.6855 0 0 0 
1630000 33363 107.684 2697.796 0.121 0.6743 0 0 0 
1640000 33420 145.06 2700.467 0.078 0.8886 0 0 0 
1650000 33508 108.47 2710.41 0.115 0.6784 0 0 0 
1660000 33606 99.975 2722.797 0.129 0.6226 0 0 0 
1670000 33730 79.988 2740.408 0.142 0.5126 0 0 0 
1680000 33854 78.768 2757.532 0.139 0.5018 0 0 0 
1690000 33980 81.596 2775.205 0.139 0.5233 0 0 0 
1700000 34110 74.558 2793.691 0.145 0.485 0 0 0 
1710000 34228 84.172 2810.778 0.146 0.5414 0 0 0 
1720000 34368 67.55 2830.155 0.134 0.4452 0 0 0 
1730000 34523 64.224 2850.871 0.134 0.4284 0 0 0 
1740000 34656 80.211 2869.155 0.14 0.5192 0 0 0 
1750000 34781 80.082 2886.732 0.145 0.5167 0 0 0 
1760000 34891 92.601 2903.271 0.149 0.5919 0 0 0 
1770000 35026 71.784 2923.083 0.146 0.4731 0 0 0 
1780000 35148 84.785 2943.289 0.168 0.5427 0 0 0 
1790000 35273 77.954 2963.658 0.161 0.5049 0 0 0 
1800000 35407 73.881 2986.626 0.168 0.4863 0 0 0 
1810000 35547 69.666 3010.465 0.168 0.4583 0 0 0 
1820000 35694 66.366 3034.492 0.159 0.4449 0 0 0 
1830000 35842 67.087 3057.782 0.157 0.4431 0 0 0 
1840000 36005 59.902 3082.145 0.148 0.4057 0 0 0 
1850000 36171 59.05 3106.739 0.145 0.403 0 0 0 
1860000 36330 63.461 3130.89 0.154 0.4273 0 0 0 
1870000 36487 64.508 3154.993 0.154 0.4297 0 0 0 
1880000 36654 60.955 3179.456 0.145 0.4125 0 0 0 
1890000 36794 68.789 3201.807 0.153 0.4574 0 0 0 
1900000 36949 65.293 3225.182 0.152 0.4361 0 0 0 
1910000 37097 66.922 3248.146 0.158 0.4491 0 0 0 
1920000 37226 72.264 3269.613 0.164 0.4772 0 0 0 
1930000 37359 73.8 3292.016 0.167 0.4852 0 0 0 
1940000 37487 74.457 3312.679 0.161 0.4885 0 0 0 
1950000 37605 84.394 3333.243 0.172 0.5439 0 0 0 
1960000 37734 82.642 3353.88 0.16 0.5307 0 0 0 
1970000 37839 90.28 3372.515 0.177 0.572 0 0 0 
1980000 37933 119.283 3388.106 0.167 0.7425 0 0 0 
1990000 38038 89.0 3404.847 0.159 0.5671 0 0 0 
2000000 38172 72.077 3426.674 0.163 0.4705 0 0 0 
2010000 38278 98.22 3444.826 0.17 0.6172 0 0 0 
2020000 38374 107.204 3461.962 0.179 0.6688 0 0 0 
2030000 38460 120.016 3478.198 0.196 0.7444 0 0 0 
2040000 38550 111.584 3494.13 0.182 0.689 0 0 0 
2050000 38655 95.482 3512.557 0.179 0.6032 0 0 0 
2060000 38744 106.028 3527.56 0.172 0.6638 0 0 0 
2070000 38829 114.162 3543.697 0.184 0.7089 0 0 0 
2080000 38912 131.267 3558.489 0.187 0.8059 0 0 0 
2090000 38994 130.921 3571.739 0.165 0.8053 0 0 0 
2100000 39124 73.855 3587.97 0.124 0.4876 0 0 0 
2110000 39159 167.54 3594.514 0.157 1.0203 0 0 0 
2120000 39198 214.341 3602.797 0.185 1.2799 0 0 0 
2130000 39227 275.436 3608.316 0.187 1.6189 0 0 0 
2140000 39270 257.957 3618.091 0.212 1.5274 0 0 0 
2150000 39319 220.104 3627.877 0.202 1.3132 0 0 0 
2160000 39365 216.666 3637.918 0.215 1.2891 0 0 0 
2170000 39407 231.363 3648.575 0.236 1.3716 0 0 0 
2180000 39449 235.859 3659.359 0.25 1.4035 0 0 0 
2190000 39490 236.625 3669.307 0.241 1.4035 0 0 0 
2200000 39523 276.448 3678.4 0.262 1.6335 0 0 0 
2210000 39553 303.24 3685.446 0.251 1.7838 0 0 0 
2220000 39586 306.45 3692.732 0.237 1.7987 0 0 0 
2230000 39637 234.501 3702.418 0.207 1.3955 0 0 0 
2240000 39686 205.936 3710.851 0.186 1.2344 0 0 0 
2250000 39741 191.255 3721.822 0.193 1.1456 0 0 0 
2260000 39795 188.069 3732.748 0.202 1.1313 0 0 0 
2270000 39833 228.267 3739.959 0.193 1.3718 0 0 0 
2280000 39852 324.44 3742.868 0.181 1.9438 0 0 0 
2290000 39906 228.753 3753.577 0.193 1.3874 0 0 0 
2300000 39976 173.553 3767.599 0.198 1.0545 0 0 0 
2310000 40051 135.025 3780.754 0.175 0.8288 0 0 0 
2320000 40094 185.195 3788.968 0.181 1.1219 0 0 0 
2330000 40185 126.153 3804.798 0.18 0.7786 0 0 0 
2340000 40274 102.969 3820.023 0.167 0.6473 0 0 0 
2350000 40358 128.352 3835.135 0.18 0.7905 0 0 0 
2360000 40458 96.081 3852.056 0.166 0.6105 0 0 0 
2370000 40573 79.416 3869.549 0.15 0.5143 0 0 0 
2380000 40678 103.41 3885.037 0.147 0.6557 0 0 0 
2390000 40778 104.605 3900.554 0.152 0.6547 0 0 0 
2400000 40887 89.715 3917.518 0.147 0.5693 0 0 0 
2410000 41020 72.735 3938.502 0.153 0.4748 0 0 0 
2420000 41135 88.419 3955.978 0.162 0.5689 0 0 0 
2430000 41204 128.986 3968.916 0.181 0.7967 0 0 0 
2440000 41256 167.637 3980.884 0.212 1.0165 0 0 0 
2450000 41318 165.392 3993.321 0.207 0.9991 0 0 0 
2460000 41367 190.617 4005.892 0.236 1.1411 0 0 0 
2470000 41415 198.976 4019.557 0.265 1.185 0 0 0 
2480000 41482 160.495 4034.472 0.231 0.9643 0 0 0 
2490000 41543 161.446 4050.692 0.256 0.9694 0 0 0 
2500000 41612 149.356 4070.21 0.279 0.9007 0 0 0 
2510000 41687 138.653 4090.043 0.272 0.8391 0 0 0 
2520000 41743 163.244 4107.599 0.294 0.9776 0 0 0 
2530000 41816 146.159 4124.658 0.255 0.8776 0 0 0 
2540000 41868 172.081 4137.636 0.248 1.0259 0 0 0 
2550000 41914 195.746 4149.921 0.258 1.1668 0 0 0 
2560000 41966 196.321 4163.611 0.26 1.1682 0 0 0 
2570000 42023 176.301 4176.615 0.232 1.0586 0 0 0 
2580000 42103 141.562 4191.596 0.205 0.8675 0 0 0 
2590000 42210 99.847 4210.306 0.179 0.6317 0 0 0 
2600000 42290 117.592 4225.76 0.189 0.7325 0 0 0 
2610000 42360 137.179 4241.283 0.212 0.8426 0 0 0 
2620000 42418 154.143 4255.615 0.233 0.941 0 0 0 
2630000 42533 80.059 4273.999 0.15 0.517 0 0 0 
2640000 42592 136.795 4287.954 0.206 0.8344 0 0 0 
2650000 42637 179.594 4300.127 0.245 1.0796 0 0 0 
2660000 42673 230.227 4309.874 0.258 1.3644 0 0 0 
2670000 42711 247.247 4318.543 0.244 1.4585 0 0 0 
2680000 42742 278.38 4327.907 0.268 1.6257 0 0 0 
2690000 42775 287.765 4334.291 0.238 1.687 0 0 0 
2700000 42809 286.441 4344.725 0.272 1.6758 0 0 0 
2710000 42841 293.455 4351.88 0.253 1.7049 0 0 0 
2720000 42863 351.432 4359.891 0.29 2.0336 0 0 0 
2730000 42910 269.106 4372.121 0.272 1.5747 0 0 0 
2740000 42945 276.66 4383.823 0.301 1.6232 0 0 0 
2750000 42994 230.151 4396.018 0.267 1.3641 0 0 0 
2760000 43053 193.346 4408.288 0.231 1.1526 0 0 0 
2770000 43106 190.944 4420.07 0.22 1.1484 0 0 0 
2780000 43162 175.859 4431.277 0.209 1.0592 0 0 0 
2790000 43201 218.169 4440.145 0.217 1.3074 0 0 0 
2800000 43251 203.243 4452.583 0.233 1.2199 0 0 0 
2810000 43292 228.699 4463.591 0.254 1.3639 0 0 0 
2820000 43316 303.374 4472.26 0.296 1.7892 0 0 0 
2830000 43349 296.468 4479.957 0.261 1.7535 0 0 0 
2840000 43379 320.967 4483.922 0.195 1.8982 0 0 0 
2850000 43413 302.258 4488.358 0.177 1.792 0 0 0 
2860000 43465 241.503 4499.887 0.214 1.4346 0 0 0 
2870000 43510 228.549 4510.615 0.224 1.373 0 0 0 
2880000 43553 225.307 4521.716 0.243 1.3512 0 0 0 
2890000 43637 142.023 4539.567 0.22 0.8704 0 0 0 
2900000 43686 184.475 4552.173 0.241 1.1085 0 0 0 
2910000 43758 149.189 4566.413 0.212 0.9035 0 0 0 
2920000 43830 143.894 4583.13 0.231 0.874 0 0 0 
2930000 43907 133.595 4599.664 0.218 0.8249 0 0 0 
2940000 43980 135.457 4616.764 0.234 0.8313 0 0 0 
2950000 44055 126.615 4633.03 0.21 0.7819 0 0 0 
2960000 44159 104.157 4651.477 0.175 0.6491 0 0 0 
2970000 44229 134.575 4668.076 0.22 0.8118 0 0 0 
2980000 44287 157.195 4680.021 0.205 0.9448 0 0 0 
2990000 44356 149.301 4693.788 0.201 0.9065 0 0 0 
3000000 44434 124.372 4707.63 0.178 0.7645 0 0 0 
3010000 44545 99.658 4724.053 0.156 0.6326 0 0 0 
3020000 44674 73.624 4739.854 0.118 0.4849 0 0 0 
3030000 44806 74.524 4756.915 0.13 0.4943 0 0 0 
3040000 44894 109.513 4771.142 0.163 0.6849 0 0 0 
3050000 44971 117.482 4787.17 0.192 0.7267 0 0 0 
3060000 45031 153.438 4801.057 0.219 0.9221 0 0 0 
3070000 45096 159.001 4812.881 0.187 0.9521 0 0 0 
3080000 45137 199.741 4822.086 0.205 1.182 0 0 0 
3090000 45210 145.038 4837.221 0.206 0.8785 0 0 0 
3100000 45271 158.023 4849.773 0.204 0.9479 0 0 0 
3110000 45324 171.694 4861.806 0.215 1.0277 0 0 0 
3120000 45380 170.092 4874.906 0.225 1.0275 0 0 0 
3130000 45446 162.065 4890.113 0.234 0.9788 0 0 0 
3140000 45498 176.873 4904.487 0.252 1.0576 0 0 0 
3150000 45556 174.617 4920.837 0.279 1.0469 0 0 0 
3160000 45616 170.333 4938.813 0.294 1.023 0 0 0 
3170000 45683 152.758 4956.037 0.263 0.9196 0 0 0 
3180000 45731 178.793 4969.081 0.262 1.0581 0 0 0 
3190000 45784 188.353 4982.77 0.257 1.121 0 0 0 
3200000 45852 159.165 4997.035 0.227 0.9621 0 0 0 
3210000 45898 189.033 5011.869 0.286 1.1288 0 0 0 
3220000 45951 197.536 5023.72 0.25 1.1746 0 0 0 
3230000 46000 198.767 5036.772 0.262 1.1779 0 0 0 
3240000 46046 220.192 5049.833 0.281 1.3041 0 0 0 
3250000 46100 194.954 5063.412 0.257 1.1596 0 0 0 
3260000 46160 160.689 5076.041 0.211 0.9679 0 0 0 
3270000 46235 133.985 5091.65 0.21 0.8205 0 0 0 
3280000 46296 161.475 5103.975 0.208 0.9746 0 0 0 
3290000 46368 138.129 5119.138 0.208 0.8514 0 0 0 
3300000 46425 166.627 5135.006 0.267 1.0031 0 0 0 
3310000 46486 159.531 5150.006 0.239 0.9607 0 0 0 
3320000 46572 121.43 5166.768 0.208 0.7527 0 0 0 
3330000 46654 123.975 5184.555 0.218 0.7615 0 0 0 
3340000 46752 110.33 5200.026 0.171 0.6904 0 0 0 
3350000 46849 103.467 5216.27 0.164 0.6465 0 0 0 
3360000 46954 93.213 5231.5 0.143 0.5932 0 0 0 
3370000 47052 107.202 5246.971 0.164 0.6739 0 0 0 
3380000 47149 103.296 5261.887 0.154 0.6465 0 0 0 
3390000 47255 87.935 5275.556 0.119 0.5599 0 0 0 
3400000 47357 97.395 5287.633 0.118 0.615 0 0 0 
3410000 47450 104.104 5300.946 0.139 0.6501 0 0 0 
3420000 47526 135.56 5315.594 0.198 0.8258 0 0 0 
3430000 47599 139.764 5330.773 0.209 0.8507 0 0 0 
3440000 47658 159.856 5343.901 0.215 0.963 0 0 0 
3450000 47729 150.754 5355.501 0.178 0.9118 0 0 0 
3460000 47798 151.488 5367.101 0.172 0.9157 0 0 0 
3470000 47837 204.394 5378.341 0.231 1.2169 0 0 0 
3480000 47874 239.666 5387.858 0.249 1.4244 0 0 0 
3490000 47916 237.256 5398.889 0.257 1.3983 0 0 0 
3500000 47975 192.881 5412.156 0.236 1.1502 0 0 0 
3510000 48033 178.726 5425.193 0.227 1.0695 0 0 0 
3520000 48080 203.11 5435.642 0.229 1.2102 0 0 0 
3530000 48141 173.991 5447.297 0.202 1.0474 0 0 0 
3540000 48198 172.336 5461.357 0.227 1.0348 0 0 0 
3550000 48287 116.107 5477.283 0.175 0.727 0 0 0 
3560000 48369 116.88 5492.614 0.182 0.7332 0 0 0 
3570000 48434 140.152 5507.23 0.205 0.8632 0 0 0 
3580000 48532 105.953 5523.374 0.173 0.6663 0 0 0 
3590000 48608 130.635 5538.284 0.197 0.8102 0 0 0 
3600000 48745 83.954 5557.031 0.143 0.5437 0 0 0 
3610000 48935 50.568 5578.956 0.113 0.35 0 0 0 
3620000 49007 123.901 5593.41 0.185 0.7512 0 0 0 
3630000 49092 107.353 5608.582 0.168 0.6696 0 0 0 
3640000 49160 133.577 5623.118 0.201 0.8223 0 0 0 
3650000 49253 93.506 5639.894 0.158 0.5968 0 0 0 
3660000 49327 129.448 5655.899 0.209 0.7948 0 0 0 
3670000 49384 167.199 5670.3 0.253 1.0076 0 0 0 
3680000 49446 158.136 5684.303 0.227 0.9547 0 0 0 
3690000 49517 136.348 5699.054 0.205 0.8322 0 0 0 
3700000 49592 142.103 5716.141 0.243 0.8692 0 0 0 
3710000 49675 133.559 5735.369 0.248 0.816 0 0 0 
3720000 49755 129.746 5753.729 0.245 0.7967 0 0 0 
3730000 49842 116.641 5772.01 0.215 0.7229 0 0 0 
3740000 49925 117.813 5791.685 0.231 0.7299 0 0 0 
3750000 50009 123.594 5810.575 0.231 0.7562 0 0 0 
3760000 50092 121.909 5829.825 0.239 0.7486 0 0 0 
3770000 50172 117.294 5850.523 0.233 0.7296 0 0 0 
3780000 50259 113.403 5871.306 0.24 0.702 0 0 0 
3790000 50367 92.176 5892.598 0.194 0.5871 0 0 0 
3800000 50458 102.974 5913.268 0.213 0.6472 0 0 0 
3810000 50542 116.12 5931.475 0.207 0.7211 0 0 0 
3820000 50634 112.262 5948.584 0.191 0.704 0 0 0 
3830000 50711 129.089 5964.073 0.201 0.7921 0 0 0 
3840000 50784 131.608 5979.87 0.212 0.8085 0 0 0 
3850000 50862 127.95 5997.804 0.222 0.7948 0 0 0 
3860000 50929 145.774 6013.899 0.241 0.8986 0 0 0 
3870000 51003 137.962 6030.194 0.225 0.8523 0 0 0 
3880000 51078 134.138 6044.64 0.196 0.832 0 0 0 
3890000 51145 145.482 6059.453 0.216 0.8914 0 0 0 
3900000 51219 139.159 6075.451 0.217 0.8624 0 0 0 
3910000 51289 137.435 6091.263 0.216 0.8472 0 0 0 
3920000 51356 145.721 6107.102 0.226 0.8956 0 0 0 
3930000 51443 121.383 6120.422 0.17 0.7527 0 0 0 
3940000 51510 149.51 6133.938 0.202 0.9169 0 0 0 
3950000 51567 165.838 6148.163 0.234 1.0115 0 0 0 
3960000 51625 176.755 6160.015 0.219 1.0755 0 0 0 
3970000 51695 150.463 6176.035 0.221 0.9265 0 0 0 
3980000 51753 159.292 6188.897 0.219 0.9719 0 0 0 
3990000 51817 158.475 6203.014 0.214 0.964 0 0 0 
4000000 51887 152.502 6218.72 0.235 0.9369 0 0 0 
4010000 51950 152.819 6232.999 0.224 0.9321 0 0 0 
4020000 52035 130.142 6248.353 0.197 0.8029 0 0 0 
4030000 52088 172.264 6259.723 0.215 1.0469 0 0 0 
4040000 52154 160.154 6270.698 0.178 0.9782 0 0 0 
4050000 52219 153.312 6283.581 0.19 0.9429 0 0 0 
4060000 52287 140.094 6295.237 0.161 0.8723 0 0 0 
4070000 52352 153.827 6306.973 0.189 0.9408 0 0 0 
4080000 52402 177.461 6319.531 0.22 1.0732 0 0 0 
4090000 52439 231.838 6333.467 0.307 1.3837 0 0 0 
4100000 52480 236.393 6346.49 0.306 1.4105 0 0 0 
4110000 52502 312.521 6358.209 0.401 1.8339 0 0 0 
4120000 52523 368.362 6372.613 0.482 2.151 0 0 0 
4130000 52553 357.001 6385.031 0.461 2.0894 0 0 0 
4140000 52580 354.578 6396.552 0.444 2.0762 0 0 0 
4150000 52609 351.846 6410.15 0.454 2.0626 0 0 0 
4160000 52638 348.167 6424.109 0.464 2.0471 0 0 0 
4170000 52674 304.236 6437.96 0.413 1.7978 0 0 0 
4180000 52736 203.001 6451.778 0.283 1.2218 0 0 0 
4190000 52805 157.666 6468.186 0.249 0.96 0 0 0 
4200000 52854 188.712 6483.089 0.287 1.14 0 0 0 
4210000 52875 297.874 6499.566 0.468 1.7633 0 0 0 
4220000 52895 360.214 6521.449 0.661 2.1006 0 0 0 
4230000 52915 403.331 6541.259 0.756 2.3377 0 0 0 
4240000 52939 404.004 6561.76 0.785 2.3425 0 0 0 
4250000 52959 435.626 6578.775 0.809 2.5326 0 0 0 
4260000 52983 431.843 6598.683 0.824 2.5009 0 0 0 
4270000 52999 480.146 6619.494 0.949 2.769 0 0 0 
4280000 53019 489.521 6638.91 0.959 2.8192 0 0 0 
4290000 53035 533.833 6655.072 0.989 3.0689 0 0 0 
4300000 53050 564.382 6674.003 1.06 3.2351 0 0 0 
4310000 53065 584.066 6690.169 1.04 3.3479 0 0 0 
4320000 53083 575.898 6709.962 1.066 3.3021 0 0 0 
4330000 53102 565.466 6732.14 1.107 3.2323 0 0 0 
4340000 53118 585.541 6755.855 1.215 3.3484 0 0 0 
4350000 53136 566.003 6779.523 1.222 3.2411 0 0 0 
4360000 53151 590.433 6801.523 1.287 3.3825 0 0 0 
4370000 53164 629.284 6828.837 1.454 3.6008 0 0 0 
4380000 53175 685.477 6854.477 1.635 3.927 0 0 0 
4390000 53188 708.667 6877.495 1.685 4.0704 0 0 0 
4400000 53205 669.468 6898.155 1.537 3.8635 0 0 0 
4410000 53222 647.259 6922.882 1.525 3.7406 0 0 0 
4420000 53236 667.291 6949.85 1.63 3.8617 0 0 0 
4430000 53246 728.335 6975.969 1.803 4.2154 0 0 0 
4440000 53256 778.213 7002.366 1.952 4.5057 0 0 0 
4450000 53266 818.967 7027.508 2.068 4.7474 0 0 0 
4460000 53277 837.437 7054.884 2.134 4.8665 0 0 0 
4470000 53289 834.754 7083.946 2.199 4.8497 0 0 0 
4480000 53301 835.885 7117.807 2.346 4.8499 0 0 0 
4490000 53312 849.333 7152.259 2.484 4.916 0 0 0 
4500000 53327 801.655 7189.495 2.488 4.6387 0 0 0 
4510000 53339 805.267 7224.557 2.57 4.6602 0 0 0 
4520000 53352 798.673 7257.666 2.577 4.621 0 0 0 
4530000 53365 788.773 7290.382 2.544 4.5762 0 0 0 
4540000 53379 771.142 7322.242 2.491 4.484 0 0 0 
4550000 53389 813.189 7355.414 2.636 4.7184 0 0 0 
4560000 53402 805.293 7381.925 2.501 4.6775 0 0 0 
4570000 53413 827.311 7412.392 2.561 4.7944 0 0 0 
4580000 53427 796.122 7443.161 2.458 4.6169 0 0 0 
4590000 53441 772.761 7476.264 2.415 4.4844 0 0 0 
4600000 53453 788.302 7512.4 2.545 4.57 0 0 0 
4610000 53467 766.355 7550.155 2.576 4.4394 0 0 0 
4620000 53480 766.396 7588.893 2.664 4.4237 0 0 0 
4630000 53493 764.089 7627.418 2.718 4.4119 0 0 0 
4640000 53505 781.172 7664.205 2.802 4.5022 0 0 0 
4650000 53515 821.385 7701.278 2.973 4.7244 0 0 0 
4660000 53527 821.678 7734.206 2.919 4.7281 0 0 0 
4670000 53540 810.275 7776.348 2.994 4.6588 0 0 0 
4680000 53550 845.164 7815.612 3.16 4.8535 0 0 0 
4690000 53562 844.566 7854.541 3.183 4.847 0 0 0 
4700000 53574 841.68 7892.334 3.175 4.8199 0 0 0 
4710000 53585 854.622 7934.438 3.309 4.8912 0 0 0 
4720000 53596 865.474 7976.876 3.417 4.9476 0 0 0 
4730000 53607 872.475 8021.377 3.542 5.0048 0 0 0 
4740000 53618 878.176 8066.236 3.635 5.0464 0 0 0 
4750000 53628 900.644 8113.325 3.833 5.1816 0 0 0 
4760000 53638 919.002 8159.825 3.979 5.2912 0 0 0 
4770000 53651 883.546 8205.853 3.873 5.0935 0 0 0 
4780000 53664 856.877 8246.694 3.701 4.9564 0 0 0 
4790000 53678 821.14 8289.603 3.549 4.7561 0 0 0 
4800000 53688 854.041 8333.833 3.708 4.9358 0 0 0 
4810000 53699 864.379 8377.942 3.768 4.9993 0 0 0 
4820000 53712 843.626 8423.764 3.717 4.8747 0 0 0 
4830000 53722 872.414 8468.999 3.866 5.0491 0 0 0 
4840000 53735 850.349 8513.071 3.767 4.923 0 0 0 
4850000 53747 849.136 8555.745 3.727 4.9148 0 0 0 
4860000 53759 844.061 8594.045 3.606 4.8766 0 0 0 
4870000 53769 872.77 8633.073 3.666 5.0447 0 0 0 
4880000 53786 790.111 8673.367 3.295 4.5847 0 0 0 
4890000 53802 745.8 8712.251 3.057 4.3299 0 0 0 
4900000 53814 763.84 8746.882 3.018 4.425 0 0 0 
4910000 53825 793.221 8786.036 3.127 4.5992 0 0 0 
4920000 53837 800.36 8824.398 3.128 4.6494 0 0 0 
4930000 53848 822.777 8859.58 3.142 4.7779 0 0 0 
4940000 53861 812.059 8899.349 3.129 4.7074 0 0 0 
4950000 53872 830.76 8939.946 3.241 4.8192 0 0 0 
4960000 53882 861.901 8976.869 3.321 4.9899 0 0 0 
4970000 53894 855.712 9012.685 3.25 4.9595 0 0 0 
4980000 53904 882.289 9049.648 3.328 5.1085 0 0 0 
4990000 53914 904.005 9089.38 3.446 5.2362 0 0 0 
5000000 53925 905.801 9126.914 3.445 5.2597 0 0 0 
5010000 53934 921.628 9167.294 3.555 5.3527 0 0 0 
5020000 53946 908.508 9207.607 3.523 5.2764 0 0 0 
5030000 53956 919.007 9248.401 3.608 5.3404 0 0 0 
5040000 53966 934.006 9285.677 3.628 5.4217 0 0 0 
5050000 53977 929.054 9321.261 3.572 5.3918 0 0 0 
5060000 53989 908.495 9354.783 3.398 5.2715 0 0 0 
5070000 54001 893.104 9382.219 3.181 5.1973 0 0 0 
5080000 54013 878.238 9413.2 3.026 5.1046 0 0 0 
5090000 54026 849.909 9448.724 2.961 4.9428 0 0 0 
5100000 54038 844.752 9485.427 2.96 4.9122 0 0 0 
5110000 54051 828.09 9522.886 2.93 4.8061 0 0 0 
5120000 54067 771.201 9564.152 2.823 4.4741 0 0 0 
5130000 54081 753.027 9605.627 2.831 4.3732 0 0 0 
5140000 54095 741.732 9650.308 2.934 4.3139 0 0 0 
5150000 54108 760.535 9691.666 3.039 4.4171 0 0 0 
5160000 54119 778.602 9735.912 3.19 4.5203 0 0 0 
5170000 54132 782.563 9774.919 3.168 4.5502 0 0 0 
5180000 54147 750.713 9816.422 3.074 4.3616 0 0 0 
5190000 54158 795.708 9846.201 3.042 4.6422 0 0 0 
5200000 54171 783.117 9884.807 2.988 4.5696 0 0 0 
5210000 54183 787.8 9924.22 3.054 4.5922 0 0 0 
5220000 54197 772.606 9964.606 2.999 4.5004 0 0 0 
5230000 54210 771.631 10000.009 2.951 4.4914 0 0 0 
5240000 54221 799.371 10040.406 3.076 4.6475 0 0 0 
5250000 54232 819.892 10079.553 3.183 4.7616 0 0 0 
5260000 54243 838.894 10116.756 3.224 4.8658 0 0 0 
5270000 54253 868.547 10152.776 3.283 5.0271 0 0 0 
5280000 54263 892.777 10193.377 3.438 5.1611 0 0 0 
5290000 54275 881.329 10230.874 3.378 5.1074 0 0 0 
5300000 54288 861.508 10267.856 3.275 5.0015 0 0 0 
5310000 54301 833.733 10309.174 3.209 4.854 0 0 0 
5320000 54311 864.331 10350.884 3.404 5.0275 0 0 0 
5330000 54322 874.745 10390.158 3.436 5.0885 0 0 0 
5340000 54335 850.054 10432.908 3.414 4.9423 0 0 0 
5350000 54349 824.234 10473.874 3.318 4.794 0 0 0 
5360000 54360 834.729 10517.92 3.415 4.8592 0 0 0 
5370000 54373 821.413 10565.073 3.477 4.7847 0 0 0 
5380000 54383 854.265 10609.59 3.671 4.9836 0 0 0 
5390000 54395 850.645 10655.742 3.71 4.9583 0 0 0 
5400000 54405 878.149 10702.015 3.869 5.1019 0 0 0 
5410000 54415 900.622 10754.689 4.125 5.2292 0 0 0 
5420000 54426 900.606 10809.153 4.279 5.2329 0 0 0 
5430000 54437 903.469 10864.816 4.427 5.245 0 0 0 
5440000 54447 921.31 10923.172 4.714 5.3375 0 0 0 
5450000 54457 935.887 10979.399 4.873 5.4218 0 0 0 
5460000 54467 947.798 11038.631 5.062 5.4942 0 0 0 
5470000 54478 940.091 11095.602 5.089 5.4558 0 0 0 
5480000 54488 951.233 11150.421 5.159 5.5303 0 0 0 
5490000 54498 960.337 11206.227 5.233 5.5829 0 0 0 
5500000 54510 931.624 11256.866 4.999 5.4173 0 0 0 
5510000 54520 944.315 11305.537 5.009 5.4868 0 0 0 
5520000 54530 954.684 11359.821 5.071 5.5482 0 0 0 
5530000 54541 947.068 11403.879 4.859 5.5119 0 0 0 
5540000 54555 889.225 11442.326 4.34 5.1794 0 0 0 
5550000 54567 877.139 11490.629 4.263 5.1134 0 0 0 
5560000 54578 883.162 11544.715 4.397 5.1477 0 0 0 
5570000 54589 887.179 11595.903 4.455 5.1647 0 0 0 
5580000 54603 847.011 11645.0 4.241 4.9289 0 0 0 
5590000 54613 875.179 11691.027 4.293 5.0829 0 0 0 
5600000 54624 881.233 11741.057 4.34 5.1144 0 0 0 
5610000 54635 887.398 11794.428 4.444 5.1468 0 0 0 
5620000 54645 908.179 11844.777 4.567 5.2722 0 0 0 
5630000 54658 876.716 11897.247 4.441 5.0839 0 0 0 
5640000 54670 867.088 11947.244 4.382 5.0249 0 0 0 
5650000 54680 891.584 12001.109 4.563 5.1572 0 0 0 
5660000 54690 911.599 12056.358 4.741 5.2634 0 0 0 
5670000 54700 927.953 12110.176 4.858 5.3517 0 0 0 
5680000 54711 922.532 12168.598 4.934 5.3188 0 0 0 
5690000 54721 936.886 12222.41 5.021 5.3981 0 0 0 
5700000 54731 948.614 12281.577 5.191 5.4564 0 0 0 
5710000 54741 958.197 12334.538 5.212 5.517 0 0 0 
5720000 54752 947.735 12386.443 5.108 5.4543 0 0 0 
5730000 54762 957.479 12439.041 5.139 5.5168 0 0 0 
5740000 54773 948.867 12487.67 5.012 5.4809 0 0 0 
5750000 54785 926.321 12538.353 4.856 5.3463 0 0 0 
5760000 54795 939.982 12592.469 4.961 5.4303 0 0 0 
5770000 54805 951.144 12646.154 5.038 5.5026 0 0 0 
5780000 54817 923.979 12689.999 4.721 5.3498 0 0 0 
5790000 54827 938.068 12736.653 4.708 5.4276 0 0 0 
5800000 54838 932.663 12783.918 4.628 5.4013 0 0 0 
5810000 54849 927.952 12832.265 4.576 5.3724 0 0 0 
5820000 54859 941.315 12879.599 4.609 5.4557 0 0 0 
5830000 54869 952.233 12931.618 4.717 5.5233 0 0 0 
5840000 54882 909.491 12975.684 4.412 5.2674 0 0 0 
5850000 54893 910.032 13023.418 4.404 5.2759 0 0 0 
5860000 54905 893.413 13074.566 4.373 5.1827 0 0 0 
5870000 54916 898.258 13122.523 4.378 5.2133 0 0 0 
5880000 54926 917.052 13171.466 4.475 5.3177 0 0 0 
5890000 54936 932.408 13220.472 4.556 5.403 0 0 0 
5900000 54947 929.453 13270.682 4.566 5.3863 0 0 0 
5910000 54958 926.972 13314.174 4.446 5.378 0 0 0 
5920000 54968 940.514 13355.097 4.379 5.4466 0 0 0 
5930000 54978 951.578 13399.509 4.396 5.5061 0 0 0 
5940000 54988 960.619 13449.098 4.499 5.5609 0 0 0 
5950000 54999 950.984 13500.407 4.539 5.5052 0 0 0 
5960000 55011 928.996 13550.192 4.466 5.3779 0 0 0 
5970000 55021 942.167 13600.705 4.573 5.4518 0 0 0 
5980000 55031 952.929 13646.698 4.578 5.504 0 0 0 
5990000 55042 944.46 13696.66 4.575 5.4575 0 0 0 
6000000 55054 920.049 13745.851 4.464 5.3209 0 0 0 
