10000 10 165.706 4659.799 77.406 0.1851 0 0 0 0.0 0.0 0.0 0.0 0.0 
20000 21 316.09 9369.543 146.892 0.3533 0 0 0 0.0 0.0 0.0 0.0 0.0 
30000 107 113.849 11731.509 40.032 0.5253 0 0 0 0.00491 -1.9866869 0.0421243 0.1887888 0.0378676 
40000 259 121.345 15017.878 43.604 1.0028 0 0 0 0.0043557 -3.6819534 0.0808258 0.1541685 0.0359814 
50000 356 168.349 18355.989 57.941 1.3867 0 0 0 0.0044487 -5.2787012 0.1539205 0.1280804 0.0317042 
60000 366 320.481 21881.295 109.039 2.6512 0 0 0 0.0033648 -6.8402674 0.1466555 0.1176374 0.0263828 
70000 376 443.17 26226.24 167.972 3.6669 0 0 0 0.0037805 -8.6750368 0.2500389 0.1045855 0.0239938 
80000 386 545.029 30728.359 219.575 4.5249 0 0 0 0.0029834 -10.5189362 0.1791245 0.0929684 0.0218582 
90000 397 626.048 34228.634 243.289 5.2116 0 0 0 0.0029012 -12.283729 0.2256697 0.0852307 0.019239 
100000 407 694.454 37876.953 265.856 5.7717 0 0 0 0.0029839 -14.0181181 0.3804853 0.0773435 0.0188897 
110000 418 739.092 42323.775 293.139 6.1547 0 0 0 0.002158 -16.2561928 0.2506914 0.078508 0.0188118 
120000 428 770.874 46545.168 312.751 6.434 0 0 0 0.003145 -18.1003986 0.656817 0.0796405 0.0202441 
130000 438 812.787 51048.49 335.155 6.7646 0 0 0 0.002524 -20.1925137 0.668111 0.0761224 0.0192263 
140000 448 847.033 55565.113 354.984 7.0546 0 0 0 0.0022627 -22.1861466 0.6104136 0.0736274 0.0180236 
150000 458 875.015 60205.632 375.736 7.2853 0 0 0 0.0028093 -24.073121 0.9582369 0.0719824 0.0187003 
160000 468 897.878 65101.641 397.234 7.4756 0 0 0 0.0023134 -25.9588135 0.6829938 0.0728063 0.0177374 
170000 478 916.559 70273.95 417.505 7.6522 0 0 0 0.0022999 -27.6920058 0.7423493 0.0680744 0.0161274 
180000 489 924.925 75459.105 435.749 7.7088 0 0 0 0.0024105 -29.5711098 0.9238384 0.0685587 0.015669 
190000 499 938.658 79984.371 435.439 7.8072 0 0 0 0.0023766 -31.435409 0.99613 0.0653214 0.015977 
200000 509 949.626 85551.444 459.238 7.8912 0 0 0 0.0024193 -33.4322964 1.5381103 0.0661027 0.0172032 
210000 519 958.841 91133.748 476.988 7.9701 0 0 0 0.0022763 -35.1723584 1.8751843 0.0621534 0.0151894 
220000 529 966.37 96659.065 491.677 8.0334 0 0 0 0.0021048 -36.912547 1.4482343 0.0589932 0.0154192 
230000 539 972.522 101741.204 494.473 8.0945 0 0 0 0.0021067 -38.5402289 1.4147316 0.0585826 0.0156642 
240000 549 977.548 106284.318 486.909 8.1396 0 0 0 0.0025171 -40.0867255 2.819937 0.0555974 0.015028 
250000 559 972.542 110689.632 471.139 8.1053 0 0 0 0.002026 -41.7057159 1.9136137 0.0568855 0.0149944 
260000 570 961.034 114993.349 456.936 8.0184 0 0 0 0.0016382 -42.8660604 1.2641691 0.0563276 0.0118724 
270000 582 936.722 119772.243 447.007 7.8273 0 0 0 0.0023071 -44.1928862 3.068908 0.057087 0.0143245 
280000 594 923.052 123604.581 423.148 7.7494 0 0 0 0.0023786 -45.1673159 1.995105 0.0581969 0.0145425 
290000 604 934.804 127625.52 417.361 7.8826 0 0 0 0.0021448 -46.9750953 1.8778452 0.0570829 0.0147764 
300000 614 946.73 133443.52 448.325 8.012 0 0 0 0.0023873 -48.3676854 4.2155918 0.0563998 0.0145237 
310000 624 956.475 138245.013 453.05 8.1126 0 0 0 0.0031165 -49.600667 4.7714731 0.055478 0.016491 
320000 634 964.437 142794.916 454.019 8.2016 0 0 0 0.0024105 -51.3723866 4.1740429 0.0583436 0.0145738 
330000 644 970.942 147737.01 460.902 8.2656 0 0 0 0.0022224 -53.1550061 2.7158121 0.0567925 0.0141995 
340000 654 976.258 152569.467 465.763 8.3257 0 0 0 0.0016599 -54.8805329 0.967187 0.0541898 0.0140341 
350000 665 950.223 158349.723 468.829 8.114 0 0 0 0.0029437 -56.3327227 4.7822915 0.0549878 0.0179577 
360000 676 944.776 164344.632 484.97 8.0787 0 0 0 0.0022354 -58.0180229 1.4507323 0.0564841 0.017288 
370000 686 954.878 170175.201 503.826 8.1651 0 0 0 0.0025924 -59.5665063 3.087527 0.0594588 0.0176652 
380000 696 963.132 175527.29 511.316 8.244 0 0 0 0.0023861 -60.9407927 3.3837745 0.0543989 0.0179233 
390000 707 956.172 180783.363 506.027 8.1791 0 0 0 0.0024911 -62.2325829 4.0898688 0.0541492 0.0180114 
400000 717 964.19 186223.946 513.773 8.2495 0 0 0 0.0032549 -63.4524365 5.7736654 0.056183 0.0195853 
410000 727 969.26 192439.543 531.348 8.2871 0 0 0 0.0028388 -64.5040137 4.2019587 0.0557131 0.0203605 
420000 737 974.883 198363.407 543.372 8.342 0 0 0 0.0030422 -65.6238503 7.6757623 0.0568798 0.019972 
430000 749 945.027 204746.153 542.405 8.0859 0 0 0 0.0027321 -66.5627534 4.6311726 0.0559802 0.0206414 
440000 760 939.912 210369.342 535.183 8.0241 0 0 0 0.0023276 -68.0831606 2.002626 0.0569105 0.019303 
450000 771 932.928 215777.363 525.634 7.9815 0 0 0 0.0036272 -70.0200683 6.6241407 0.0579985 0.0230539 
460000 781 945.198 221585.03 535.601 8.0896 0 0 0 0.0031301 -71.09089 5.8917113 0.0584587 0.0224656 
470000 791 955.222 227481.939 545.202 8.1879 0 0 0 0.0035224 -72.6538886 6.8613666 0.0589004 0.0252125 
480000 801 963.413 233660.267 557.496 8.2602 0 0 0 0.002791 -74.3594779 2.6990241 0.0563314 0.024227 
490000 811 970.106 238790.685 549.206 8.3304 0 0 0 0.0038061 -75.299703 6.230321 0.0546186 0.0252781 
500000 821 965.125 244829.04 552.724 8.2928 0 0 0 0.0032245 -76.7037977 5.2288745 0.0588158 0.027261 
510000 832 967.061 250700.27 557.656 8.2882 0 0 0 0.0035724 -77.7998465 5.943529 0.0576556 0.0268845 
520000 842 973.087 256796.424 567.088 8.3456 0 0 0 0.0039439 -78.7016089 7.6556248 0.057808 0.0281737 
530000 852 963.976 263147.468 574.035 8.2718 0 0 0 0.0032158 -79.8741155 4.210245 0.056724 0.0275692 
540000 863 957.73 269310.303 572.015 8.2392 0 0 0 0.0037563 -80.714303 7.2318178 0.0561015 0.0288262 
550000 874 951.997 275167.071 567.162 8.1871 0 0 0 0.0037002 -81.3356097 10.6697618 0.0531843 0.0257755 
560000 888 885.979 281446.711 533.167 7.6294 0 0 0 0.0033381 -82.5232083 6.5950554 0.0529719 0.0265831 
570000 900 870.765 286374.06 504.541 7.5084 0 0 0 0.0041354 -83.0870222 14.0553339 0.0505299 0.0258731 
580000 911 878.799 291855.873 504.081 7.5876 0 0 0 0.003283 -84.334237 5.6887918 0.0483735 0.0248566 
590000 922 887.824 298059.941 517.627 7.6654 0 0 0 0.0037974 -85.3029177 10.0037187 0.048 0.0253604 
600000 933 893.556 304307.007 528.302 7.7218 0 0 0 0.0031007 -86.2854749 4.0090914 0.0460917 0.0242494 
610000 943 913.027 310905.375 552.189 7.8695 0 0 0 0.0041065 -87.0532451 16.6297586 0.0435991 0.0234265 
620000 953 928.937 317622.003 573.268 7.9746 0 0 0 0.0029474 -88.329176 9.3092226 0.0435473 0.0220067 
630000 963 941.936 323542.528 576.52 8.0682 0 0 0 0.0039379 -88.98916 11.3654087 0.0445486 0.0246395 
640000 973 952.558 329955.658 588.165 8.1375 0 0 0 0.0025238 -89.8539436 4.6111715 0.0434044 0.0212664 
650000 984 942.012 336812.489 595.075 8.0363 0 0 0 0.0028184 -90.4908142 5.7935433 0.0429861 0.0223997 
660000 994 952.619 342681.486 593.397 8.1136 0 0 0 0.0027255 -91.4212232 6.1205107 0.0419963 0.0215237 
670000 1004 958.682 348822.563 595.757 8.1649 0 0 0 0.0021899 -91.7911271 4.4490849 0.0414285 0.0191245 
680000 1014 966.24 355039.36 600.365 8.2604 0 0 0 0.0024844 -92.6710798 4.5282662 0.0388706 0.019698 
690000 1024 972.416 361591.218 608.891 8.3293 0 0 0 0.0028893 -93.308955 9.1912673 0.0404417 0.0194015 
700000 1034 977.462 368380.104 621.207 8.3627 0 0 0 0.0020908 -93.8857289 4.7251662 0.0391534 0.0182005 
710000 1044 981.585 374701.436 625.096 8.3865 0 0 0 0.0024422 -94.6623167 8.1119232 0.0377228 0.0186756 
720000 1054 984.953 381767.034 637.437 8.4038 0 0 0 0.0031064 -95.0279013 10.7150755 0.0379994 0.0197952 
730000 1065 974.271 388929.56 645.766 8.3195 0 0 0 0.0024768 -95.6786767 7.6703788 0.0366723 0.0184602 
740000 1075 978.978 396269.624 661.467 8.3283 0 0 0 0.0022467 -96.4023953 4.7146307 0.035117 0.0183197 
750000 1085 982.823 404173.47 684.83 8.3504 0 0 0 0.003019 -97.2355128 8.4169196 0.0372838 0.0218839 
760000 1095 985.965 412176.169 705.722 8.3717 0 0 0 0.0027733 -98.4273907 11.6426471 0.0365638 0.0211773 
770000 1105 988.533 420044.557 718.948 8.3938 0 0 0 0.002869 -99.286456 9.441492 0.0375393 0.0235145 
780000 1115 990.63 428317.915 739.125 8.4007 0 0 0 0.003461 -99.9118406 13.8694164 0.0351995 0.0243773 
790000 1125 992.344 435920.267 741.682 8.4292 0 0 0 0.0031713 -101.1426006 13.0103311 0.0367238 0.0235197 
800000 1136 978.982 443553.638 734.165 8.3302 0 0 0 0.0026829 -101.9719291 6.7343056 0.0367637 0.0229234 
810000 1146 982.826 450232.561 721.011 8.3641 0 0 0 0.0030356 -102.7249548 8.4254708 0.0378657 0.0249357 
820000 1156 985.968 457599.48 724.668 8.4001 0 0 0 0.0024536 -103.250147 3.4176455 0.0349272 0.0221038 
830000 1166 988.535 465583.269 737.348 8.4197 0 0 0 0.0030563 -103.9408775 10.1128162 0.0343778 0.0246548 
840000 1176 990.632 473041.951 740.639 8.4302 0 0 0 0.003134 -104.7211619 10.8024486 0.0342854 0.0238181 
850000 1186 992.346 480533.552 741.435 8.4558 0 0 0 0.0033838 -105.387625 14.8841102 0.0348919 0.0259973 
860000 1196 993.746 488221.507 743.742 8.4671 0 0 0 0.0032289 -105.5178498 13.3235179 0.0326673 0.0251708 
870000 1206 994.89 495844.475 748.625 8.4844 0 0 0 0.003149 -106.2641042 8.135818 0.03161 0.0252368 
880000 1216 987.431 503304.699 742.762 8.445 0 0 0 0.0032522 -106.8268419 12.4635295 0.0314369 0.0249372 
890000 1226 989.73 512362.3 772.295 8.4603 0 0 0 0.0031625 -107.9879855 7.8483255 0.0319935 0.025933 
900000 1236 991.609 520383.732 776.7 8.4763 0 0 0 0.0031113 -108.8863505 6.0746894 0.0320845 0.0278828 
910000 1246 993.144 528728.713 790.419 8.5799 0 0 0 0.0032128 -109.396927 11.0538633 0.0317634 0.027772 
920000 1256 994.398 536733.584 795.651 8.5683 0 0 0 0.0036083 -110.3150775 18.1608467 0.0302453 0.027894 
930000 1266 995.423 544316.602 782.7 8.5759 0 0 0 0.003569 -110.8883496 8.314994 0.0304349 0.0287701 
940000 1277 980.066 551925.656 767.419 8.4295 0 0 0 0.0030963 -111.9365226 6.2977249 0.0303411 0.0278066 
950000 1287 983.712 558279.638 745.757 8.4529 0 0 0 0.003383 -112.4442662 6.1829782 0.0289639 0.0276702 
960000 1297 986.692 566083.535 752.319 8.4575 0 0 0 0.0033296 -113.0355394 10.3038397 0.0269157 0.028059 
970000 1307 989.126 574125.24 758.325 8.4785 0 0 0 0.0040179 -113.4918403 15.0081487 0.0277146 0.0305929 
980000 1318 981.644 583546.537 787.24 8.4082 0 0 0 0.0042473 -114.4222328 20.4459017 0.028157 0.031559 
990000 1328 985.002 593234.245 821.07 8.4329 0 0 0 0.0044944 -115.0149157 16.3852218 0.0280569 0.0339696 
1000000 1339 962.596 602464.25 816.996 8.2395 0 0 0 0.004087 -116.5403237 10.0675824 0.0276765 0.0349226 
1010000 1349 969.438 612871.162 856.939 8.2855 0 0 0 0.0037159 -117.4344073 6.6030665 0.0280476 0.0336088 
1020000 1359 972.87 622873.057 879.89 8.3046 0 0 0 0.0044948 -117.8487604 17.4558056 0.0297226 0.0363058 
1030000 1369 977.833 631840.888 883.009 8.3489 0 0 0 0.0042609 -119.7214136 5.7117246 0.0303518 0.0372269 
1040000 1379 981.888 641839.575 905.605 8.3738 0 0 0 0.0040028 -120.9253272 8.2003707 0.0298725 0.0350244 
1050000 1389 978.291 651831.441 918.544 8.411 0 0 0 0.0045298 -122.0281198 11.1699375 0.031579 0.0385271 
1060000 1399 982.262 661785.654 924.603 8.4319 0 0 0 0.0043735 -122.9457214 21.0818297 0.0308282 0.0366979 
1070000 1409 985.507 669887.418 912.485 8.4482 0 0 0 0.0046743 -123.8290741 20.132563 0.0309556 0.0369013 
1080000 1419 988.158 680301.681 931.25 8.4549 0 0 0 0.0043155 -125.5042933 8.6657277 0.0309271 0.0379141 
1090000 1429 990.324 689411.452 931.129 8.4573 0 0 0 0.0041521 -125.6388947 8.8627726 0.0322427 0.0376853 
1100000 1439 992.094 698742.646 929.163 8.4669 0 0 0 0.004523 -126.426917 13.7706158 0.0322458 0.0390173 
1110000 1449 993.54 708090.25 927.586 8.4767 0 0 0 0.0048344 -127.2612172 17.4049131 0.032278 0.0384963 
1120000 1459 994.722 718307.369 941.416 8.475 0 0 0 0.0045621 -128.576507 12.3539932 0.0312491 0.0381967 
1130000 1469 995.688 728869.974 967.007 8.4725 0 0 0 0.0044577 -129.4298799 16.2455464 0.0324235 0.0381821 
1140000 1479 996.476 738339.585 962.424 8.471 0 0 0 0.0042066 -130.8853323 8.8555864 0.0342271 0.0373852 
1150000 1489 997.121 748816.391 977.401 8.4703 0 0 0 0.0052075 -132.0556673 23.3405265 0.0329844 0.040766 
1160000 1499 997.648 759071.988 985.818 8.4776 0 0 0 0.0049397 -132.8721465 22.015275 0.0331509 0.0379908 
1170000 1509 998.078 769463.812 995.512 8.4759 0 0 0 0.0045135 -134.4036417 15.2715297 0.0347124 0.0388441 
1180000 1519 998.43 780314.307 1013.519 8.4862 0 0 0 0.0044806 -135.1170546 12.9695117 0.0330225 0.037401 
1190000 1529 998.717 790990.288 1021.846 8.486 0 0 0 0.0041284 -135.4059946 15.2689237 0.0346828 0.0364452 
1200000 1539 998.952 802158.904 1035.962 8.4847 0 0 0 0.0048126 -136.3859797 23.7596016 0.0346804 0.0370721 
1210000 1549 999.143 812029.702 1025.634 8.4845 0 0 0 0.0038806 -136.7560013 12.3093766 0.0336313 0.035482 
1220000 1559 999.3 822260.818 1031.208 8.4504 0 0 0 0.0047254 -136.8834002 30.3260045 0.0338941 0.0362893 
1230000 1569 999.428 833748.048 1047.625 8.427 0 0 0 0.0045552 -137.7841134 21.6947182 0.0341166 0.0366136 
1240000 1579 999.533 845677.851 1076.748 8.4049 0 0 0 0.0042413 -138.7870111 14.3215924 0.033294 0.0345057 
1250000 1589 999.618 855962.905 1071.359 8.3854 0 0 0 0.0042212 -138.9728609 15.0685769 0.0341466 0.0351018 
1260000 1599 999.688 867788.841 1092.917 8.3811 0 0 0 0.0047561 -139.9431283 19.9965399 0.0347902 0.0383254 
1270000 1609 999.745 880775.416 1128.049 8.3757 0 0 0 0.0043321 -141.2831286 16.6521807 0.0345989 0.0367791 
1280000 1619 999.792 889872.121 1092.716 8.3657 0 0 0 0.0046083 -141.2581328 25.9217256 0.0346181 0.0384736 
1290000 1629 999.83 897886.7 1043.7 8.3816 0 0 0 0.0038444 -142.0830436 9.1595155 0.0345808 0.0348693 
1300000 1639 999.861 908536.528 1039.799 8.3974 0 0 0 0.0050072 -142.7880611 29.2409998 0.033179 0.0364405 
1310000 1649 999.886 919911.142 1056.783 8.4064 0 0 0 0.0037813 -143.7258771 11.416202 0.0334624 0.0333257 
1320000 1659 999.907 930901.646 1055.623 8.4134 0 0 0 0.0041251 -144.5375923 19.5455942 0.0321761 0.0355318 
1330000 1669 999.924 943432.512 1088.862 8.4123 0 0 0 0.0038639 -145.3388777 14.8265006 0.0330255 0.0339085 
1340000 1679 999.938 955217.728 1107.305 8.4158 0 0 0 0.0039542 -145.6686843 16.4978745 0.0316794 0.0350331 
1350000 1689 999.949 967628.405 1128.763 8.4262 0 0 0 0.0039802 -146.8492663 18.6017599 0.0321443 0.0346856 
1360000 1699 999.959 981104.248 1169.953 8.4358 0 0 0 0.0039291 -148.2894352 9.5897858 0.0323768 0.0356362 
1370000 1709 999.966 992357.726 1173.625 8.4446 0 0 0 0.0042394 -149.5104662 21.5143527 0.0329771 0.0360947 
1380000 1720 986.135 1003676.334 1141.79 8.1765 0 0 0 0.0041844 -150.1944897 26.1898693 0.0317387 0.0349867 
1390000 1731 973.874 1016245.196 1142.043 8.1184 0 0 0 0.0042503 -151.3419157 19.3765916 0.0326195 0.0356585 
1400000 1741 978.653 1029316.881 1172.426 8.1797 0 0 0 0.0046393 -153.0500177 31.7511499 0.0312622 0.0380698 
1410000 1751 982.558 1041830.511 1185.385 8.2314 0 0 0 0.0044902 -153.6346504 36.3718518 0.031779 0.0375461 
1420000 1761 985.749 1054731.261 1206.797 8.2729 0 0 0 0.0043077 -155.4625941 27.1449369 0.0318109 0.0359209 
1430000 1771 988.356 1070592.588 1274.523 8.2872 0 0 0 0.0041893 -156.7666297 30.8258293 0.0313928 0.0356449 
1440000 1781 990.486 1084672.518 1304.691 8.299 0 0 0 0.0040813 -158.2181741 14.4486629 0.0306 0.0364041 
1450000 1791 992.226 1098509.972 1315.675 8.3152 0 0 0 0.004509 -159.2273527 42.6684776 0.0313803 0.0365465 
1460000 1801 993.648 1111422.465 1315.194 8.3406 0 0 0 0.0039553 -160.3327798 19.8993755 0.0331507 0.0363763 
1470000 1811 994.81 1124106.085 1303.165 8.359 0 0 0 0.0041991 -161.5526785 28.4963243 0.0322506 0.0363029 
1480000 1821 995.76 1135899.543 1281.724 8.3807 0 0 0 0.0038703 -162.3399372 18.1757533 0.0321104 0.0349497 
1490000 1831 996.535 1148797.472 1281.482 8.3932 0 0 0 0.0039689 -163.3684537 26.9650375 0.0330569 0.0349556 
1500000 1841 997.169 1163542.134 1315.444 8.4019 0 0 0 0.0040103 -164.4328263 26.0529858 0.0319221 0.0362762 
1510000 1851 997.687 1177922.164 1339.059 8.4117 0 0 0 0.0039578 -166.3381987 7.2836256 0.0336354 0.0371667 
1520000 1861 998.11 1192588.877 1359.977 8.4175 0 0 0 0.0042133 -167.1365591 31.9164399 0.0326925 0.0374473 
1530000 1871 998.456 1207879.823 1389.953 8.4235 0 0 0 0.0042384 -167.7078861 27.2164401 0.031914 0.0379712 
1540000 1881 998.738 1224685.405 1443.571 8.4452 0 0 0 0.0042408 -169.7175573 29.4506716 0.0338493 0.0365701 
1550000 1891 998.969 1240475.978 1467.475 8.4298 0 0 0 0.0047486 -170.9289993 47.1570449 0.0342141 0.0404607 
1560000 1901 999.158 1254542.279 1457.108 8.4358 0 0 0 0.0048793 -171.8157671 53.4627141 0.0335719 0.0399969 
1570000 1911 999.312 1268996.055 1454.047 8.4363 0 0 0 0.0047925 -172.6624827 38.4628639 0.0326971 0.0388932 
1580000 1921 999.438 1281748.362 1428.817 8.4619 0 0 0 0.0042988 -173.5635658 30.1908946 0.0336063 0.03899 
1590000 1931 999.541 1296875.536 1436.955 8.469 0 0 0 0.0044256 -174.395372 48.1393591 0.0340657 0.0378335 
1600000 1942 987.192 1311131.995 1420.07 8.3676 0 0 0 0.0043196 -175.1566841 43.2722274 0.0342207 0.0366954 
1610000 1952 978.055 1324687.412 1389.076 8.284 0 0 0 0.0043487 -175.5190472 28.1246493 0.0351615 0.0381922 
1620000 1962 982.069 1339130.594 1399.192 8.3289 0 0 0 0.0045739 -176.4178002 41.8986039 0.0348283 0.0395981 
1630000 1972 985.349 1354792.518 1428.531 8.3403 0 0 0 0.0042731 -177.1307516 11.5458602 0.0335351 0.0383029 
1640000 1982 988.029 1370463.442 1453.027 8.3471 0 0 0 0.0042219 -177.5675823 25.9772951 0.0345467 0.0373956 
1650000 1992 990.219 1385600.915 1468.363 8.3691 0 0 0 0.0049018 -177.7996863 50.0034297 0.0340193 0.0391847 
1660000 2002 992.008 1400658.508 1476.37 8.3732 0 0 0 0.0041556 -178.9033095 25.7741 0.0329239 0.0370448 
1670000 2012 993.47 1417769.747 1513.821 8.3885 0 0 0 0.0042893 -179.8597891 35.5146865 0.0338045 0.0381615 
1680000 2022 994.665 1434784.359 1549.819 8.4065 0 0 0 0.0044183 -181.277968 29.8746828 0.0341016 0.0377187 
1690000 2032 995.641 1450603.17 1565.797 8.4055 0 0 0 0.0044331 -182.0384635 29.2205475 0.0359101 0.0372135 
1700000 2042 996.438 1466561.821 1563.218 8.4159 0 0 0 0.0037692 -183.407193 12.5955582 0.0348711 0.035991 
1710000 2052 997.09 1483217.828 1587.737 8.4189 0 0 0 0.0045283 -183.8082099 48.5911304 0.0347578 0.0374711 
1720000 2062 997.622 1500224.103 1600.046 8.4125 0 0 0 0.0043977 -184.7719181 43.894077 0.034694 0.038444 
1730000 2072 998.057 1516636.894 1607.156 8.4169 0 0 0 0.0040775 -185.0831687 19.2815281 0.0340086 0.0370607 
1740000 2082 998.412 1534870.448 1656.516 8.3946 0 0 0 0.0041499 -185.9428348 24.8166622 0.0337638 0.0372296 
1750000 2092 998.703 1550927.257 1640.523 8.403 0 0 0 0.0043268 -186.3404016 36.8668982 0.0341496 0.0373619 
1760000 2102 998.94 1566001.648 1620.382 8.4104 0 0 0 0.0040595 -186.5893942 39.368342 0.0337952 0.035519 
1770000 2112 999.134 1576943.325 1538.72 8.4237 0 0 0 0.0038418 -186.7323728 16.132607 0.0337091 0.0356569 
1780000 2122 999.292 1590711.816 1493.492 8.4355 0 0 0 0.0043079 -186.7012195 49.8464671 0.0338066 0.0368816 
1790000 2132 999.422 1603803.445 1460.498 8.4402 0 0 0 0.0037906 -186.8400359 21.148433 0.0333264 0.0351848 
1800000 2142 999.528 1620967.658 1510.281 8.4439 0 0 0 0.0040557 -187.3575118 39.8003433 0.0339795 0.0334338 
1810000 2152 999.614 1638959.677 1560.991 8.443 0 0 0 0.0035902 -188.3767897 20.989569 0.0330695 0.0336655 
1820000 2162 999.685 1653536.651 1548.93 8.4426 0 0 0 0.003981 -188.4266581 45.7829394 0.0315709 0.0344806 
1830000 2172 999.742 1669342.222 1550.977 8.4491 0 0 0 0.0044505 -188.5469965 76.7528468 0.03301 0.0354679 
1840000 2182 999.789 1686083.904 1571.377 8.4406 0 0 0 0.0036499 -188.5481322 26.1270766 0.0328176 0.0321208 
1850000 2192 999.828 1700291.126 1543.868 8.4127 0 0 0 0.0036336 -188.9991241 31.5333451 0.0334216 0.0326611 
1860000 2202 999.859 1717055.973 1565.901 8.3844 0 0 0 0.0039845 -189.5329861 50.9936725 0.0345772 0.0337675 
1870000 2212 999.885 1731769.483 1559.102 8.3626 0 0 0 0.0038211 -189.4604703 30.992555 0.033123 0.0325313 
1880000 2222 999.906 1747257.205 1550.403 8.3625 0 0 0 0.0034768 -188.8573626 25.6925966 0.0337801 0.031239 
1890000 2233 988.57 1761839.091 1524.71 8.2669 0 0 0 0.0042236 -189.5925361 44.0490104 0.0337491 0.0330685 
1900000 2243 987.451 1773666.21 1453.666 8.2505 0 0 0 0.004093 -188.7874794 52.8679627 0.0355102 0.0342552 
1910000 2253 989.746 1788096.044 1449.562 8.265 0 0 0 0.0041551 -188.8926903 36.1841094 0.0342665 0.0345394 
1920000 2263 991.622 1802784.199 1455.479 8.2877 0 0 0 0.0044813 -189.0546496 63.0021164 0.0333886 0.0343736 
1930000 2273 987.592 1819109.876 1474.213 8.2484 0 0 0 0.0039246 -189.9813128 25.2096188 0.0342683 0.0344819 
1940000 2283 989.861 1835582.554 1507.051 8.2702 0 0 0 0.0043413 -189.7624482 66.0835119 0.0338335 0.0339369 
1950000 2293 991.716 1849309.248 1480.634 8.3209 0 0 0 0.0042614 -190.3140762 36.4786967 0.033894 0.0334502 
1960000 2303 993.231 1864477.75 1485.078 8.3551 0 0 0 0.0033476 -190.2354366 12.4627321 0.0330851 0.0318611 
1970000 2313 994.47 1881157.592 1515.458 8.3894 0 0 0 0.00355 -192.4955612 14.144892 0.033798 0.0332615 
1980000 2323 995.481 1897952.56 1541.074 8.4149 0 0 0 0.0038135 -193.1120165 39.1337515 0.0345598 0.0334219 
1990000 2333 996.308 1913424.204 1544.88 8.423 0 0 0 0.0042447 -194.1039262 51.0098731 0.0344368 0.0342895 
2000000 2343 996.983 1930352.672 1574.502 8.4478 0 0 0 0.0041708 -194.6230296 29.3110173 0.0332027 0.0335588 
2010000 2353 997.535 1947348.797 1595.577 8.458 0 0 0 0.0035493 -194.5438983 14.213691 0.0331865 0.0336441 
2020000 2363 997.986 1964114.288 1605.341 8.4695 0 0 0 0.0043238 -195.6723987 62.2964653 0.0330859 0.0339144 
2030000 2373 998.354 1981786.06 1641.365 8.4789 0 0 0 0.0045532 -196.2668751 44.8655235 0.0331294 0.0343466 
2040000 2383 998.655 1999105.366 1655.328 8.485 0 0 0 0.0046025 -196.8687616 67.7528946 0.033563 0.0358488 
2050000 2393 998.901 2017869.135 1697.754 8.4857 0 0 0 0.004294 -197.7850156 60.1147778 0.0335262 0.0341141 
2060000 2403 999.102 2034441.488 1688.521 8.4964 0 0 0 0.0040826 -198.4570253 31.1158324 0.033534 0.0355075 
2070000 2413 999.267 2050612.114 1676.618 8.5052 0 0 0 0.0036139 -199.7894453 14.8520857 0.0331886 0.0326728 
2080000 2423 999.401 2069790.242 1719.126 8.5005 0 0 0 0.0038276 -200.5010943 31.625351 0.0333575 0.0334732 
2090000 2433 999.51 2088588.481 1752.765 8.4969 0 0 0 0.004398 -201.3866947 75.6128968 0.0339449 0.0334117 
2100000 2444 986.76 2104704.096 1704.119 8.3891 0 0 0 0.0046994 -202.6134358 76.6682381 0.0336388 0.0328936 
2110000 2454 989.182 2123567.712 1733.498 8.4037 0 0 0 0.0037511 -204.1227259 37.2591261 0.0332946 0.0333297 
2120000 2464 991.161 2142705.874 1769.721 8.4382 0 0 0 0.0038996 -205.3034518 38.886931 0.0336846 0.0346775 
2130000 2475 976.382 2161129.925 1752.873 8.3042 0 0 0 0.0036011 -206.043484 45.4464199 0.0335014 0.0315927 
2140000 2486 965.618 2178188.483 1718.861 8.2331 0 0 0 0.003807 -206.7614512 38.4938082 0.033646 0.0321191 
2150000 2496 971.677 2195314.534 1716.129 8.2855 0 0 0 0.0035522 -207.9816468 32.0968457 0.0329407 0.0323225 
2160000 2506 976.858 2214549.481 1751.599 8.3156 0 0 0 0.0038324 -208.1056614 34.023363 0.0337307 0.0345063 
2170000 2516 981.091 2231493.966 1741.773 8.362 0 0 0 0.0041279 -208.9261031 43.5024725 0.0335931 0.0331559 
2180000 2526 984.55 2248924.86 1741.389 8.3952 0 0 0 0.004336 -209.3913561 86.0858079 0.0338535 0.0337402 
2190000 2537 974.372 2267105.048 1730.471 8.3193 0 0 0 0.0035644 -210.4345294 24.8066794 0.0333608 0.0333823 
2200000 2547 979.06 2286196.742 1764.975 8.3541 0 0 0 0.0041702 -210.7664248 63.6885297 0.0333366 0.0343801 
2210000 2557 982.891 2303403.966 1758.96 8.3833 0 0 0 0.0040345 -211.5334765 60.4097278 0.034067 0.0335882 
2220000 2567 986.021 2321502.659 1769.694 8.3953 0 0 0 0.0037153 -212.3847062 64.4232622 0.0328044 0.0315857 
2230000 2577 985.889 2340813.172 1795.549 8.3835 0 0 0 0.0036259 -213.0727946 22.1165665 0.0336303 0.0316945 
2240000 2587 988.47 2359104.264 1799.17 8.3905 0 0 0 0.0035773 -214.2240459 41.9476126 0.0337908 0.0317902 
2250000 2597 990.579 2376795.197 1794.903 8.4082 0 0 0 0.0037298 -214.3730795 58.2729245 0.0333183 0.0324644 
2260000 2607 992.302 2396900.194 1834.2 8.4073 0 0 0 0.0042454 -215.3131602 47.3985979 0.0329412 0.0330404 
2270000 2617 993.711 2417379.965 1872.85 8.4174 0 0 0 0.0039479 -216.6322559 38.3714279 0.0330812 0.0337041 
2280000 2627 994.861 2436501.506 1877.003 8.4294 0 0 0 0.0039124 -217.3448872 56.7990191 0.0338842 0.032312 
2290000 2637 992.9 2455423.503 1875.289 8.4219 0 0 0 0.0039636 -217.6074554 63.0723476 0.0338924 0.0325673 
2300000 2647 994.199 2473595.391 1867.608 8.4315 0 0 0 0.0039327 -218.2604053 60.7839414 0.0330988 0.0325839 
2310000 2657 995.26 2490028.902 1824.549 8.4375 0 0 0 0.0039382 -219.251393 59.7165156 0.034142 0.0327936 
2320000 2667 996.127 2502344.891 1716.166 8.4519 0 0 0 0.0035066 -218.5821725 35.2031775 0.0341188 0.031477 
2330000 2677 996.835 2517604.73 1684.733 8.4508 0 0 0 0.0037036 -218.6879158 53.6597954 0.0337601 0.0314143 
2340000 2687 997.414 2534210.431 1679.926 8.4673 0 0 0 0.0039622 -219.1752609 42.0257031 0.0341393 0.0327057 
2350000 2697 997.887 2547645.154 1611.751 8.4514 0 0 0 0.0033586 -219.3683785 37.808076 0.0340486 0.0305479 
2360000 2708 984.344 2560662.213 1534.101 8.3198 0 0 0 0.0037939 -218.8755586 58.9704671 0.0332393 0.0329659 
2370000 2718 987.208 2577810.574 1568.251 8.3389 0 0 0 0.003412 -219.2717099 18.4261669 0.0331386 0.030252 
2380000 2728 989.548 2597202.615 1634.398 8.3607 0 0 0 0.0034441 -219.775541 30.6158823 0.032575 0.0312567 
2390000 2738 991.46 2615140.522 1661.975 8.3759 0 0 0 0.003808 -220.5988516 60.4919881 0.0326476 0.0327364 
2400000 2748 993.022 2635899.82 1738.023 8.3826 0 0 0 0.0033942 -220.8333969 23.2172663 0.0319051 0.0309513 
2410000 2758 994.298 2655167.489 1772.228 8.3906 0 0 0 0.0037024 -222.066933 50.0119304 0.0323397 0.0311094 
2420000 2768 995.341 2674113.387 1796.15 8.41 0 0 0 0.0035792 -222.3847049 55.2685136 0.0329262 0.0303264 
2430000 2778 996.194 2692822.145 1812.019 8.4266 0 0 0 0.0038637 -222.4601045 60.650711 0.0326176 0.0308315 
2440000 2788 996.89 2711346.732 1819.21 8.4569 0 0 0 0.0037352 -223.6830636 54.0895114 0.0324442 0.0312576 
2450000 2798 997.459 2729779.503 1821.908 8.4606 0 0 0 0.0042045 -224.2320544 83.0166224 0.0331487 0.0331493 
2460000 2808 997.924 2749542.34 1849.638 8.4781 0 0 0 0.0034611 -224.7949655 28.9410363 0.0335652 0.0318759 
2470000 2818 994.746 2767829.688 1840.156 8.4511 0 0 0 0.0034245 -224.663456 49.0559305 0.0319692 0.0295193 
2480000 2828 995.707 2786977.747 1851.876 8.478 0 0 0 0.0035658 -225.1771724 48.231524 0.0314636 0.0309344 
2490000 2838 996.492 2808672.576 1909.365 8.49 0 0 0 0.0036975 -226.0237516 58.6705783 0.0313361 0.0315819 
2500000 2848 997.134 2828830.101 1925.972 8.489 0 0 0 0.0040178 -226.5285312 87.6162716 0.0311971 0.0317938 
2510000 2858 997.658 2849378.012 1947.238 8.4893 0 0 0 0.0033184 -228.2505942 31.2131582 0.0323664 0.0292871 
2520000 2868 998.087 2871380.482 1996.95 8.4986 0 0 0 0.0040394 -229.1608628 85.6559106 0.0330635 0.0308921 
2530000 2878 998.437 2893846.17 2038.79 8.4965 0 0 0 0.00372 -230.5927325 69.2410113 0.0324507 0.0305302 
2540000 2888 998.723 2914060.484 2044.773 8.5151 0 0 0 0.0034927 -232.2693953 57.57001 0.0321268 0.0286918 
2550000 2898 998.956 2930888.31 1972.274 8.5256 0 0 0 0.0035305 -233.372655 69.2719616 0.0322304 0.0295522 
2560000 2909 979.535 2952650.323 1967.593 8.3715 0 0 0 0.0035923 -234.8219172 67.3191237 0.0319887 0.0293335 
2570000 2919 983.279 2973851.49 1997.395 8.4015 0 0 0 0.0032149 -236.9152382 32.8071163 0.0325898 0.029108 
2580000 2929 986.337 2991823.755 1957.872 8.4379 0 0 0 0.0033284 -236.1626416 34.5929063 0.0323093 0.0285532 
2590000 2939 988.837 3014410.583 2013.076 8.4578 0 0 0 0.0038129 -237.6480283 77.2982786 0.0327956 0.0303467 
2600000 2950 976.221 3037006.655 2029.454 8.3575 0 0 0 0.0032297 -238.4180423 49.6762397 0.0324844 0.0286336 
2610000 2961 966.701 3057297.467 2000.562 8.2765 0 0 0 0.003696 -238.9250121 86.8021018 0.0325011 0.0286116 
2620000 2971 972.792 3078727.711 2028.499 8.3126 0 0 0 0.0035091 -239.8729358 74.4935654 0.0333061 0.0292416 
2630000 2981 977.769 3100547.726 2057.733 8.335 0 0 0 0.0033251 -241.027856 64.974396 0.0325194 0.027937 
2640000 2991 981.836 3115030.368 1945.681 8.3788 0 0 0 0.0030551 -241.1946049 23.5078916 0.0319194 0.0275562 
2650000 3001 985.158 3133999.022 1939.031 8.4141 0 0 0 0.0032849 -241.8180254 67.1547316 0.0319984 0.0277931 
2660000 3011 987.873 3153846.646 1944.087 8.4386 0 0 0 0.0030763 -241.7903106 42.3981956 0.0318397 0.0269875 
2670000 3021 990.092 3174807.385 1971.079 8.4545 0 0 0 0.0030242 -242.9826936 38.1132237 0.0306113 0.0274024 
2680000 3031 991.904 3196070.951 1998.747 8.4816 0 0 0 0.003285 -243.6863391 72.5208787 0.031293 0.0269139 
2690000 3041 993.385 3216718.96 2013.422 8.493 0 0 0 0.003107 -243.6407203 49.3161269 0.0314891 0.0273257 
2700000 3051 994.595 3237893.037 2032.444 8.491 0 0 0 0.0029819 -244.4519877 46.5722091 0.0324514 0.0261419 
2710000 3061 995.584 3259684.731 2058.747 8.4937 0 0 0 0.0035803 -244.6636315 62.0938892 0.0310786 0.027928 
2720000 3071 996.392 3282100.337 2091.902 8.4884 0 0 0 0.0028791 -245.1374332 27.3677706 0.0314406 0.0261864 
2730000 3081 997.052 3303797.382 2104.969 8.4957 0 0 0 0.0038976 -245.0080419 104.3410985 0.0316434 0.0295542 
2740000 3091 997.591 3325234.11 2114.247 8.5005 0 0 0 0.0036468 -245.1212582 90.2097137 0.0320445 0.0285652 
2750000 3101 998.032 3344701.714 2083.06 8.5185 0 0 0 0.0033335 -245.9426454 79.3068657 0.0331328 0.0266301 
2760000 3111 998.392 3365636.421 2086.728 8.5149 0 0 0 0.003193 -246.2944391 69.6385636 0.0319961 0.0275405 
2770000 3121 998.686 3386992.969 2094.975 8.5325 0 0 0 0.0034161 -245.9413082 86.4164969 0.0327761 0.0281559 
2780000 3131 998.926 3405236.784 2043.228 8.5223 0 0 0 0.0037674 -246.2017825 109.6343764 0.0325212 0.0283993 
2790000 3141 999.123 3425230.895 2037.3 8.5226 0 0 0 0.0035418 -245.94685 61.8249928 0.0325817 0.0280865 
2800000 3151 999.283 3446841.401 2058.291 8.5181 0 0 0 0.0034118 -246.050553 54.4575386 0.0320102 0.0284551 
2810000 3161 999.414 3466137.568 2036.932 8.5062 0 0 0 0.0030119 -246.0104429 40.4379009 0.0327076 0.0269032 
2820000 3171 999.521 3488630.925 2079.368 8.5018 0 0 0 0.0031613 -247.1000694 32.6845541 0.0322659 0.0280319 
2830000 3181 999.609 3510261.003 2091.848 8.5022 0 0 0 0.003458 -246.7393139 91.9505984 0.0327506 0.0284897 
2840000 3191 999.681 3531409.402 2095.493 8.5089 0 0 0 0.0034489 -248.0093539 89.9823817 0.0328224 0.0277459 
2850000 3201 999.739 3550733.898 2067.323 8.5191 0 0 0 0.0031906 -248.9459091 50.6047168 0.033986 0.0287525 
2860000 3211 999.787 3569980.759 2040.422 8.5254 0 0 0 0.0040897 -248.1012803 120.2548339 0.0335902 0.0297577 
2870000 3221 999.826 3587806.392 1994.202 8.5245 0 0 0 0.0034086 -247.8787689 85.6978499 0.0326596 0.0285497 
2880000 3231 999.858 3601726.886 1881.967 8.5237 0 0 0 0.0027433 -247.1835482 15.3635326 0.0334825 0.0264011 
2890000 3241 999.884 3613916.866 1759.659 8.5363 0 0 0 0.0034681 -244.5107298 48.0392065 0.0344654 0.0305625 
2900000 3251 999.905 3624995.182 1640.474 8.5417 0 0 0 0.0031821 -243.865732 68.3358423 0.0334498 0.027458 
2910000 3261 999.922 3641322.537 1638.309 8.54 0 0 0 0.0038429 -242.5479102 66.9050351 0.0338656 0.0309764 
2920000 3271 996.794 3657401.585 1632.898 8.5126 0 0 0 0.0033128 -241.6304173 42.0336783 0.0342725 0.0279928 
2930000 3281 997.38 3677076.517 1694.148 8.5157 0 0 0 0.0032888 -241.5021199 53.4356409 0.0336262 0.0275409 
2940000 3291 997.86 3697549.634 1753.798 8.5265 0 0 0 0.0032655 -241.0318023 33.9449559 0.0341233 0.0283126 
2950000 3301 998.251 3717706.056 1801.665 8.5333 0 0 0 0.0031624 -241.5988399 32.6826856 0.0345276 0.0289435 
2960000 3311 987.889 3736857.131 1809.503 8.446 0 0 0 0.0037402 -240.9419351 77.8973067 0.0342005 0.0290529 
2970000 3321 990.104 3758024.714 1855.92 8.4735 0 0 0 0.0040023 -241.4994047 78.0879024 0.0334477 0.0296748 
2980000 3332 984.845 3778989.267 1892.044 8.4169 0 0 0 0.0038523 -241.8994961 77.4241984 0.0338628 0.0308417 
2990000 3343 974.251 3798584.938 1880.317 8.3353 0 0 0 0.003791 -242.4938113 83.8566733 0.0342373 0.0305401 
3000000 3353 978.961 3819946.187 1925.697 8.3677 0 0 0 0.003497 -242.313502 59.2558664 0.0352259 0.0290366 
3010000 3363 982.81 3837217.918 1888.843 8.4042 0 0 0 0.0034931 -243.1097836 54.9643024 0.0339561 0.0293529 
3020000 3373 985.954 3858502.333 1932.906 8.4261 0 0 0 0.0037917 -242.0546146 52.0506047 0.0332223 0.0298252 
3030000 3383 988.524 3881068.275 1992.147 8.4653 0 0 0 0.0032815 -243.055735 28.9439938 0.0332137 0.0292303 
3040000 3393 990.623 3901756.201 2005.889 8.4834 0 0 0 0.0031402 -242.9299025 43.6493124 0.0336256 0.0279001 
3050000 3403 992.338 3924437.1 2053.522 8.5087 0 0 0 0.0036299 -243.7789111 83.9240712 0.0330676 0.0288435 
3060000 3413 993.74 3946879.181 2088.798 8.5078 0 0 0 0.0035128 -244.5705693 82.5793672 0.0334232 0.0293222 
3070000 3423 994.885 3962831.299 1996.768 8.5165 0 0 0 0.0036401 -244.0598244 69.6647468 0.033919 0.0279459 
3080000 3433 995.821 3982140.199 1984.917 8.5224 0 0 0 0.0033272 -245.7115476 80.9192946 0.0325438 0.0280356 
3090000 3443 996.585 4004518.114 2031.004 8.534 0 0 0 0.0039081 -247.2874167 105.1017159 0.0332166 0.0291273 
3100000 3453 997.21 4025589.268 2045.327 8.541 0 0 0 0.0031829 -249.2042852 58.9411164 0.0333529 0.0274366 
3110000 3463 997.72 4047238.406 2067.199 8.5411 0 0 0 0.0032412 -250.9668995 62.4910639 0.0331705 0.0280598 
3120000 3473 998.137 4066303.935 2037.194 8.5271 0 0 0 0.0033575 -251.3413517 83.1989927 0.0327322 0.0279509 
3130000 3483 998.478 4087742.345 2055.577 8.5165 0 0 0 0.0029753 -252.562593 42.2361954 0.0338997 0.0266703 
3140000 3493 998.756 4106699.202 2024.069 8.5242 0 0 0 0.003318 -252.3733919 81.983557 0.0321687 0.0277019 
3150000 3503 986.404 4122654.306 1920.187 8.435 0 0 0 0.0032703 -252.0233655 47.1960023 0.0318738 0.0284025 
3160000 3513 988.891 4140658.754 1902.081 8.4443 0 0 0 0.0029618 -252.3113266 47.0564312 0.0322412 0.0260459 
3170000 3523 990.923 4156196.731 1841.078 8.4616 0 0 0 0.0034537 -251.3542606 43.1132121 0.0325996 0.0262438 
3180000 3533 992.584 4170421.786 1758.086 8.4761 0 0 0 0.0035959 -248.9898764 95.7702695 0.0319387 0.0282057 
3190000 3543 993.94 4191978.465 1829.425 8.481 0 0 0 0.0033904 -250.3779337 89.1644518 0.0321499 0.0269662 
3200000 3553 995.049 4213134.341 1902.927 8.4793 0 0 0 0.0030043 -250.7261386 62.1996747 0.0328063 0.025584 
3210000 3563 995.954 4232699.914 1897.631 8.4822 0 0 0 0.0027741 -250.5421674 36.3135193 0.0333288 0.0248828 
3220000 3573 996.694 4254970.537 1958.652 8.497 0 0 0 0.0029405 -251.0982952 73.025707 0.0329727 0.0248986 
3230000 3583 997.299 4276112.591 1986.097 8.5084 0 0 0 0.0028098 -250.7989446 40.8505592 0.0330601 0.0251265 
3240000 3593 997.793 4298536.969 2032.841 8.5229 0 0 0 0.0027145 -251.1326953 21.3891658 0.0319711 0.0257392 
3250000 3603 998.197 4320931.982 2069.813 8.5204 0 0 0 0.0039008 -250.7551844 113.0129665 0.0326138 0.0278033 
3260000 3613 998.527 4341547.314 2068.985 8.5181 0 0 0 0.0031372 -251.2433156 64.9060789 0.0313831 0.02648 
3270000 3623 998.796 4363068.543 2086.08 8.5169 0 0 0 0.0030581 -252.2258527 54.8300818 0.0316962 0.0260996 
3280000 3633 999.016 4383672.848 2082.452 8.5287 0 0 0 0.0034292 -252.4754599 87.5338281 0.0301934 0.0267537 
3290000 3643 999.196 4404369.57 2075.023 8.5226 0 0 0 0.0036078 -252.4036926 100.3434457 0.0328401 0.0273507 
3300000 3653 999.343 4425695.903 2087.786 8.5078 0 0 0 0.0029721 -252.4064641 49.9560274 0.032446 0.0263658 
3310000 3663 999.463 4444779.247 2056.573 8.5033 0 0 0 0.0029201 -252.2914888 42.1772411 0.0321402 0.0254902 
3320000 3673 999.562 4465232.405 2052.773 8.5038 0 0 0 0.0032647 -252.6113863 70.8350053 0.0324166 0.0270855 
3330000 3683 999.642 4486893.176 2072.881 8.5205 0 0 0 0.0031044 -251.8094019 79.035573 0.0313745 0.0256484 
3340000 3693 999.707 4508627.451 2093.501 8.518 0 0 0 0.0029556 -252.5710385 61.8779672 0.0322968 0.0256172 
3350000 3703 999.761 4530615.32 2109.736 8.5223 0 0 0 0.0032749 -253.8653554 76.8397884 0.0311048 0.0262085 
3360000 3713 999.805 4549593.913 2092.528 8.5385 0 0 0 0.0033656 -253.7819363 105.8112471 0.031807 0.0263802 
3370000 3723 999.84 4568154.749 2034.429 8.539 0 0 0 0.0028887 -253.9071104 62.007002 0.0314059 0.0247567 
3380000 3733 999.87 4587952.383 2022.935 8.5465 0 0 0 0.003297 -254.6775927 90.8507721 0.0317454 0.0267019 
3390000 3743 999.893 4606028.624 1988.213 8.5363 0 0 0 0.0027537 -254.6573082 23.8567597 0.0326269 0.0256931 
3400000 3753 999.913 4627681.218 2019.01 8.5322 0 0 0 0.0033162 -254.1437512 79.8474689 0.0323806 0.0279415 
3410000 3763 999.929 4645238.682 1967.772 8.5268 0 0 0 0.0026584 -254.7696587 23.2261555 0.0325735 0.0250394 
3420000 3773 999.942 4660921.333 1912.059 8.528 0 0 0 0.0032679 -253.3940496 88.0617296 0.0325064 0.0256929 
3430000 3783 999.952 4673519.884 1789.128 8.5386 0 0 0 0.003412 -252.5954511 72.0568237 0.0319866 0.0268292 
3440000 3793 999.961 4694948.312 1842.849 8.5362 0 0 0 0.0031277 -252.2969345 51.1034607 0.0324472 0.0271884 
3450000 3803 999.968 4715479.664 1880.538 8.5262 0 0 0 0.0030588 -251.819821 62.0356047 0.0323679 0.025043 
3460000 3813 999.974 4735262.916 1904.927 8.5206 0 0 0 0.0034656 -251.6177613 93.6913259 0.032506 0.0270908 
3470000 3823 999.979 4756997.632 1946.315 8.5248 0 0 0 0.0035736 -250.934387 121.5317779 0.0324119 0.0276344 
3480000 3833 999.983 4778847.22 1989.838 8.5274 0 0 0 0.0031064 -251.441426 20.3139888 0.032684 0.0274599 
3490000 3843 999.986 4799015.999 1997.126 8.5324 0 0 0 0.0035439 -251.4856461 126.7353175 0.0323667 0.0271957 
3500000 3853 999.988 4818228.569 1993.837 8.5381 0 0 0 0.00333 -250.8030792 77.8504291 0.0321942 0.0277889 
3510000 3863 999.991 4838715.116 1991.733 8.5416 0 0 0 0.0030686 -250.8905973 48.1349462 0.0321149 0.0269806 
3520000 3873 999.992 4858029.562 1985.659 8.5335 0 0 0 0.0035615 -251.5095149 90.2028726 0.033594 0.0267909 
3530000 3883 999.994 4876319.261 1955.88 8.5274 0 0 0 0.0035255 -249.968281 76.3210349 0.033277 0.0280935 
3540000 3893 999.995 4893922.128 1920.597 8.5149 0 0 0 0.0031776 -249.5603324 51.8687251 0.033237 0.026767 
3550000 3903 999.996 4914572.092 1951.168 8.5173 0 0 0 0.0029893 -249.55872 52.3591368 0.0341023 0.0263328 
3560000 3913 999.997 4933055.594 1925.429 8.5261 0 0 0 0.0031767 -249.1805881 50.654107 0.0327666 0.0280769 
3570000 3923 999.997 4954513.631 1966.184 8.5344 0 0 0 0.003934 -249.1913494 115.6883435 0.0335676 0.0304272 
3580000 3933 999.998 4975300.036 1985.55 8.5337 0 0 0 0.0035178 -250.1050493 80.1794027 0.0332496 0.0290339 
3590000 3943 999.998 4996728.561 2016.815 8.5222 0 0 0 0.0031505 -250.2884962 43.6024213 0.0334902 0.0279183 
3600000 3953 999.998 5017904.234 2038.557 8.515 0 0 0 0.0031236 -250.8150522 55.5611783 0.0332657 0.0276248 
3610000 3963 999.999 5038986.999 2048.683 8.5179 0 0 0 0.0036725 -251.4015383 61.7296196 0.0331717 0.0294532 
3620000 3973 999.999 5058112.662 2027.102 8.5238 0 0 0 0.0032339 -251.9083591 39.1058936 0.0337192 0.0295396 
3630000 3983 999.999 5077183.911 2004.104 8.5063 0 0 0 0.0037008 -252.2790659 84.4354059 0.0325608 0.0295637 
3640000 3993 999.999 5097677.611 2011.379 8.4893 0 0 0 0.0034725 -252.1663393 71.8728942 0.0328729 0.0298184 
3650000 4003 999.999 5116573.201 1985.496 8.4842 0 0 0 0.0034372 -252.1121063 81.2536276 0.0334001 0.0289595 
3660000 4013 1000.0 5137813.537 2014.656 8.469 0 0 0 0.0030283 -253.3717443 39.7596098 0.03263 0.0276826 
3670000 4023 998.381 5158328.152 2015.717 8.4382 0 0 0 0.0035205 -252.6488189 99.1147591 0.0318812 0.0285707 
3680000 4033 998.677 5177816.169 2005.442 8.4373 0 0 0 0.0034259 -251.8384515 52.549511 0.0324985 0.0301955 
3690000 4043 998.919 5198201.354 2010.476 8.4183 0 0 0 0.0033905 -252.3110286 50.0492643 0.0336557 0.0290295 
3700000 4053 999.117 5216630.658 1976.789 8.4144 0 0 0 0.0030794 -251.925446 38.7621284 0.0334079 0.0284281 
3710000 4063 999.278 5237258.961 2015.261 8.4219 0 0 0 0.0034737 -251.4813067 103.6590957 0.034652 0.0285297 
3720000 4073 999.41 5254970.89 1957.525 8.4227 0 0 0 0.0038274 -251.9407347 131.5317564 0.0332422 0.0305728 
3730000 4083 999.518 5272405.797 1915.966 8.4308 0 0 0 0.003697 -251.905585 91.0088999 0.0342419 0.0301517 
3740000 4093 999.606 5293639.933 1952.605 8.4159 0 0 0 0.003052 -253.3534719 26.8157268 0.0345248 0.0276649 
3750000 4103 999.678 5313431.065 1980.543 8.4217 0 0 0 0.003627 -252.95183 123.9852875 0.0335556 0.0282373 
3760000 4113 999.737 5335527.656 2001.833 8.4309 0 0 0 0.00337 -253.9670587 84.1631557 0.0335004 0.0287568 
3770000 4124 993.615 5354138.761 1965.783 8.399 0 0 0 0.0031923 -253.2778 63.1242685 0.0336799 0.0275646 
3780000 4134 994.783 5375399.462 1995.012 8.4234 0 0 0 0.002849 -253.2776938 26.1673984 0.0333834 0.0265149 
3790000 4144 989.916 5394197.217 1959.728 8.3915 0 0 0 0.0030503 -253.5276317 52.8100333 0.0329391 0.0270465 
3800000 4154 984.373 5412534.751 1923.048 8.3538 0 0 0 0.0034322 -252.4569948 59.882134 0.0331056 0.029061 
3810000 4164 987.232 5428561.281 1864.155 8.3848 0 0 0 0.0028883 -252.7593116 23.4587362 0.0337917 0.0274226 
3820000 4174 989.567 5448040.841 1879.951 8.4033 0 0 0 0.0034658 -252.5570853 60.9173793 0.0329327 0.0300063 
3830000 4184 991.476 5467858.631 1894.015 8.4365 0 0 0 0.0030253 -252.788911 50.3961128 0.0326691 0.026092 
3840000 4194 993.035 5488405.292 1927.066 8.454 0 0 0 0.003434 -252.6137328 49.9688592 0.0330479 0.0280265 
3850000 4204 994.309 5508828.756 1961.877 8.473 0 0 0 0.0034841 -253.5072135 32.6051685 0.0323384 0.0277091 
3860000 4214 995.35 5527301.766 1928.594 8.4742 0 0 0 0.0031174 -252.7539881 65.5503815 0.0333322 0.0264475 
3870000 4224 996.201 5547393.655 1951.352 8.4752 0 0 0 0.0036757 -253.2089369 82.2897469 0.0323078 0.0299929 
3880000 4234 995.906 5566253.109 1930.284 8.4822 0 0 0 0.0033764 -253.2150762 65.5836131 0.0325383 0.0291889 
3890000 4244 996.655 5584719.289 1907.987 8.4896 0 0 0 0.0031602 -252.9611064 47.7513554 0.033383 0.0279154 
3900000 4254 997.267 5604427.76 1919.64 8.4902 0 0 0 0.0031988 -253.083298 40.2359742 0.0337842 0.0288854 
3910000 4264 997.767 5622627.038 1893.823 8.4751 0 0 0 0.0034943 -252.7093083 57.4140526 0.0330103 0.0294365 
3920000 4274 998.175 5641113.101 1897.462 8.4737 0 0 0 0.0032151 -253.2204174 73.6464499 0.0331141 0.0278306 
3930000 4284 998.509 5660917.06 1902.083 8.4654 0 0 0 0.0034068 -253.1421706 68.8473526 0.0325283 0.0290709 
3940000 4294 998.782 5680724.866 1918.016 8.464 0 0 0 0.0029942 -253.3018774 42.3978816 0.0337816 0.0269779 
3950000 4304 999.005 5699310.481 1908.951 8.4649 0 0 0 0.0039396 -252.4032466 116.0970819 0.0327757 0.0300726 
3960000 4314 999.187 5719481.854 1929.059 8.4574 0 0 0 0.0035529 -252.3867456 68.837926 0.0332748 0.0293585 
3970000 4324 999.336 5736015.55 1898.332 8.4663 0 0 0 0.0033661 -251.7653835 68.2909299 0.0333436 0.0284477 
3980000 4334 999.457 5752355.841 1831.32 8.4585 0 0 0 0.0033806 -250.0900424 53.5990653 0.0328109 0.0301811 
3990000 4344 999.556 5771466.713 1846.689 8.4461 0 0 0 0.0032642 -250.5867123 52.3404645 0.0321478 0.0287769 
4000000 4354 999.638 5787915.489 1810.544 8.4482 0 0 0 0.0035611 -250.3367514 44.8788664 0.0330534 0.0288362 
