10000 10 182.927 -13278.156 -242.968 0.1826 0 0 0 
20000 20 332.392 -26716.177 -444.112 0.3302 0 0 0 
30000 30 454.516 -38627.118 -580.918 0.8291 0 0 0 
40000 40 554.3 -48446.67 -650.292 1.231 0 0 0 
50000 50 635.83 -60983.044 -761.698 1.5634 0 0 0 
60000 60 702.447 -65780.76 -702.09 1.8349 0 0 0 
70000 70 756.877 -64990.06 -562.765 2.051 0 0 0 
80000 80 801.351 -63439.504 -431.348 2.2261 0 0 0 
90000 90 837.689 -75990.825 -579.287 2.3625 0 0 0 
100000 100 867.38 -85607.182 -650.535 2.4765 0 0 0 
110000 110 891.64 -97842.452 -755.672 2.5836 0 0 0 
120000 120 911.462 -109043.404 -819.82 2.6599 0 0 0 
130000 130 927.658 -109322.994 -675.337 2.7235 0 0 0 
140000 140 940.891 -114506.784 -650.873 2.7716 0 0 0 
150000 150 951.704 -123808.704 -701.341 2.8269 0 0 0 
160000 160 960.539 -127290.214 -636.991 2.8658 0 0 0 
170000 170 967.757 -133014.245 -622.492 2.896 0 0 0 
180000 180 973.655 -132307.306 -495.135 2.9098 0 0 0 
190000 190 978.474 -130145.946 -364.05 2.9267 0 0 0 
200000 200 982.412 -126753.954 -235.399 2.9408 0 0 0 
210000 210 985.629 -123587.873 -135.223 2.9526 0 0 0 
220000 220 988.258 -122224.035 -86.207 2.9706 0 0 0 
230000 230 990.406 -120128.701 -34.831 2.9838 0 0 0 
240000 240 992.161 -117388.39 22.339 2.9867 0 0 0 
250000 250 993.595 -113499.209 90.178 2.9903 0 0 0 
260000 260 994.767 -109581.643 145.737 2.9975 0 0 0 
270000 270 995.724 -105349.089 196.809 3.0046 0 0 0 
280000 280 996.506 -101115.582 238.008 3.0124 0 0 0 
290000 290 997.145 -96175.616 284.968 3.01 0 0 0 
300000 300 997.667 -91239.134 323.181 3.0112 0 0 0 
310000 310 998.094 -86123.226 358.054 3.0154 0 0 0 
320000 320 998.443 -80938.089 387.666 3.0273 0 0 0 
330000 330 998.728 -75306.155 419.565 3.0286 0 0 0 
340000 340 998.96 -70019.162 439.378 3.0316 0 0 0 
350000 350 999.151 -64663.539 457.031 3.0299 0 0 0 
360000 360 999.306 -59455.933 468.481 3.0313 0 0 0 
370000 370 999.433 -54238.84 478.443 3.0278 0 0 0 
380000 380 999.537 -48990.005 486.797 3.0309 0 0 0 
390000 390 999.621 -44626.236 477.889 3.025 0 0 0 
400000 400 999.691 -39519.745 484.061 3.0218 0 0 0 
410000 410 999.747 -34473.617 488.214 3.0314 0 0 0 
420000 420 999.793 -30191.948 476.81 3.0442 0 0 0 
430000 430 999.831 -25131.731 481.683 3.0426 0 0 0 
440000 440 999.862 -19876.964 490.263 3.0502 0 0 0 
450000 450 999.887 -14213.244 504.319 3.0611 0 0 0 
460000 460 999.908 -8226.174 521.881 3.0749 0 0 0 
470000 470 999.925 -6108.928 465.443 3.0782 0 0 0 
480000 480 999.939 130.598 494.224 3.0783 0 0 0 
490000 490 999.95 5942.632 510.962 3.0718 0 0 0 
500000 500 999.959 12118.901 530.747 3.0651 0 0 0 
510000 510 999.966 18924.481 558.22 3.0587 0 0 0 
520000 520 999.973 25778.819 581.605 3.0602 0 0 0 
530000 530 999.978 32523.201 598.647 3.0611 0 0 0 
540000 540 999.982 39229.947 611.585 3.062 0 0 0 
550000 550 999.985 44057.931 590.36 3.0548 0 0 0 
560000 560 999.988 51249.359 614.167 3.0551 0 0 0 
570000 570 999.99 58467.681 634.034 3.051 0 0 0 
580000 580 999.992 66432.379 663.892 3.0478 0 0 0 
590000 590 999.993 74679.694 693.284 3.0393 0 0 0 
600000 600 999.995 82465.884 708.72 3.0301 0 0 0 
610000 610 999.996 90679.602 729.493 3.0329 0 0 0 
620000 620 999.996 99474.034 757.059 3.0331 0 0 0 
630000 630 999.997 107953.447 773.931 3.0287 0 0 0 
640000 640 999.998 116462.067 787.97 3.0238 0 0 0 
650000 650 999.998 124860.949 797.201 3.0195 0 0 0 
660000 660 999.998 133799.132 815.013 3.0236 0 0 0 
670000 670 999.999 142811.853 831.165 3.0241 0 0 0 
680000 680 999.999 151152.982 831.788 3.0218 0 0 0 
690000 690 999.999 159753.155 837.563 3.0237 0 0 0 
700000 700 999.999 169554.335 864.155 3.0204 0 0 0 
710000 710 999.999 177966.67 860.571 3.0253 0 0 0 
720000 720 1000.0 187969.378 886.203 3.0215 0 0 0 
730000 730 1000.0 197910.105 906.419 3.0189 0 0 0 
740000 740 1000.0 208036.295 925.639 3.023 0 0 0 
750000 750 1000.0 218064.293 939.725 3.0188 0 0 0 
760000 760 1000.0 229725.393 980.909 3.0259 0 0 0 
770000 770 1000.0 240594.431 1000.33 3.0279 0 0 0 
780000 780 1000.0 252376.424 1032.934 3.0303 0 0 0 
790000 790 1000.0 263143.024 1040.863 3.022 0 0 0 
800000 800 1000.0 274466.111 1057.913 3.023 0 0 0 
810000 810 1000.0 286331.602 1081.581 3.0236 0 0 0 
820000 820 1000.0 297803.41 1093.808 3.0253 0 0 0 
830000 830 1000.0 307725.114 1074.395 3.0262 0 0 0 
840000 840 1000.0 319436.884 1092.664 3.0472 0 0 0 
850000 850 1000.0 331372.352 1110.552 3.0625 0 0 0 
860000 860 1000.0 342360.539 1107.452 3.0794 0 0 0 
870000 870 1000.0 354022.109 1118.264 3.0925 0 0 0 
880000 880 1000.0 365162.984 1117.072 3.0976 0 0 0 
890000 890 1000.0 373110.441 1055.155 3.0979 0 0 0 
900000 900 1000.0 378415.887 961.672 3.0906 0 0 0 
910000 910 1000.0 385063.392 908.502 3.092 0 0 0 
920000 920 1000.0 394486.88 914.689 3.0963 0 0 0 
930000 930 1000.0 404609.041 932.757 3.0935 0 0 0 
940000 940 1000.0 414893.492 950.344 3.0919 0 0 0 
950000 950 1000.0 425378.946 968.586 3.0846 0 0 0 
960000 960 1000.0 436918.974 1002.613 3.0832 0 0 0 
970000 970 1000.0 449015.214 1040.22 3.0827 0 0 0 
980000 980 1000.0 461006.737 1069.66 3.0692 0 0 0 
990000 990 1000.0 471555.851 1066.899 3.0605 0 0 0 
1000000 1000 1000.0 483602.686 1092.935 3.0524 0 0 0 
1010000 1010 1000.0 494281.451 1091.155 3.0446 0 0 0 
1020000 1020 1000.0 507301.435 1129.919 3.0318 0 0 0 
1030000 1030 1000.0 520019.438 1156.204 3.0166 0 0 0 
1040000 1040 1000.0 533313.539 1187.381 3.0176 0 0 0 
1050000 1050 1000.0 546329.954 1208.816 3.0226 0 0 0 
1060000 1060 1000.0 559372.943 1226.198 3.0233 0 0 0 
1070000 1070 1000.0 571772.98 1228.304 3.0178 0 0 0 
1080000 1080 1000.0 583144.979 1211.802 3.0181 0 0 0 
1090000 1090 1000.0 594904.374 1205.002 3.0216 0 0 0 
1100000 1100 1000.0 608190.311 1228.001 3.0207 0 0 0 
1110000 1110 1000.0 622485.368 1265.342 3.0196 0 0 0 
1120000 1120 1000.0 636055.448 1281.323 3.0268 0 0 0 
1130000 1130 1000.0 649103.967 1285.769 3.0309 0 0 0 
1140000 1140 1000.0 661979.908 1285.936 3.0339 0 0 0 
1150000 1150 1000.0 674929.344 1287.75 3.0352 0 0 0 
1160000 1160 1000.0 687669.445 1285.386 3.0474 0 0 0 
1170000 1170 1000.0 700717.667 1288.857 3.0362 0 0 0 
1180000 1180 1000.0 713849.335 1292.635 3.0378 0 0 0 
1190000 1190 1000.0 727278.313 1301.961 3.036 0 0 0 
1200000 1200 1000.0 741051.298 1316.021 3.0367 0 0 0 
1210000 1210 1000.0 755028.214 1330.917 3.0345 0 0 0 
1220000 1220 1000.0 768582.615 1335.084 3.0244 0 0 0 
1230000 1230 1000.0 782470.108 1345.045 3.0224 0 0 0 
1240000 1240 1000.0 797175.778 1367.943 3.0249 0 0 0 
1250000 1250 1000.0 811611.952 1382.146 3.0272 0 0 0 
1260000 1260 1000.0 825672.025 1385.981 3.0296 0 0 0 
1270000 1270 1000.0 839933.552 1392.84 3.0274 0 0 0 
1280000 1280 1000.0 854242.354 1399.664 3.0255 0 0 0 
1290000 1290 1000.0 868378.884 1402.688 3.0238 0 0 0 
1300000 1300 1000.0 882777.545 1409.549 3.0249 0 0 0 
1310000 1310 1000.0 897487.287 1421.431 3.0345 0 0 0 
1320000 1320 1000.0 912026.668 1427.302 3.0348 0 0 0 
1330000 1330 1000.0 925926.1 1420.141 3.0344 0 0 0 
1340000 1340 1000.0 939367.161 1406.135 3.0354 0 0 0 
1350000 1350 1000.0 953325.835 1404.583 3.038 0 0 0 
1360000 1360 1000.0 967883.483 1414.143 3.0386 0 0 0 
1370000 1370 1000.0 981535.151 1404.954 3.0369 0 0 0 
1380000 1380 1000.0 994648.069 1388.509 3.0336 0 0 0 
1390000 1390 1000.0 1008763.981 1392.863 3.0389 0 0 0 
1400000 1400 1000.0 1023170.786 1401.119 3.0351 0 0 0 
1410000 1410 1000.0 1037586.984 1408.825 3.0373 0 0 0 
1420000 1420 1000.0 1051361.503 1403.258 3.0369 0 0 0 
1430000 1430 1000.0 1064221.119 1381.78 3.0237 0 0 0 
1440000 1440 1000.0 1078723.56 1395.275 3.0258 0 0 0 
1450000 1450 1000.0 1094384.454 1426.548 3.023 0 0 0 
1460000 1460 1000.0 1109743.667 1446.471 3.0154 0 0 0 
1470000 1470 1000.0 1124465.445 1451.039 3.0203 0 0 0 
1480000 1480 1000.0 1138885.422 1449.545 3.0146 0 0 0 
1490000 1490 1000.0 1153194.393 1445.541 3.0178 0 0 0 
1500000 1500 1000.0 1166816.519 1430.988 3.022 0 0 0 
1510000 1510 1000.0 1180537.343 1419.148 3.0237 0 0 0 
1520000 1520 1000.0 1195249.852 1429.062 3.0307 0 0 0 
1530000 1530 1000.0 1210938.249 1454.497 3.0368 0 0 0 
1540000 1540 1000.0 1226372.104 1470.617 3.0408 0 0 0 
1550000 1550 1000.0 1241848.431 1484.69 3.039 0 0 0 
1560000 1560 1000.0 1256639.936 1484.262 3.0482 0 0 0 
1570000 1570 1000.0 1271564.864 1484.907 3.043 0 0 0 
1580000 1580 1000.0 1286129.256 1479.933 3.0408 0 0 0 
1590000 1590 1000.0 1301153.863 1484.643 3.0394 0 0 0 
1600000 1600 1000.0 1316330.492 1490.443 3.0377 0 0 0 
1610000 1610 1000.0 1331904.524 1503.012 3.0345 0 0 0 
1620000 1620 1000.0 1347851.444 1520.091 3.0383 0 0 0 
1630000 1630 1000.0 1363532.997 1528.69 3.0415 0 0 0 
1640000 1640 1000.0 1379915.31 1548.849 3.0451 0 0 0 
1650000 1650 1000.0 1397233.752 1582.379 3.0455 0 0 0 
1660000 1660 1000.0 1413854.9 1596.527 3.0405 0 0 0 
1670000 1670 1000.0 1430323.384 1605.75 3.041 0 0 0 
1680000 1680 1000.0 1447305.08 1622.946 3.032 0 0 0 
1690000 1690 1000.0 1463998.214 1631.166 3.0365 0 0 0 
1700000 1700 1000.0 1480594.964 1636.092 3.038 0 0 0 
1710000 1710 1000.0 1497440.167 1645.597 3.0394 0 0 0 
1720000 1720 1000.0 1514605.939 1658.38 3.037 0 0 0 
1730000 1730 1000.0 1531916.234 1671.616 3.0405 0 0 0 
1740000 1740 1000.0 1547863.732 1657.333 3.0365 0 0 0 
1750000 1750 1000.0 1564602.686 1660.506 3.0404 0 0 0 
1760000 1760 1000.0 1581259.237 1661.547 3.0396 0 0 0 
1770000 1770 1000.0 1597806.533 1660.088 3.0431 0 0 0 
1780000 1780 1000.0 1614468.436 1661.232 3.0439 0 0 0 
1790000 1790 1000.0 1630543.927 1650.408 3.0394 0 0 0 
1800000 1800 1000.0 1646133.31 1634.355 3.0446 0 0 0 
1810000 1810 1000.0 1662775.551 1639.73 3.0439 0 0 0 
1820000 1820 1000.0 1679043.061 1637.541 3.0468 0 0 0 
1830000 1830 1000.0 1695572.6 1640.554 3.0495 0 0 0 
1840000 1840 1000.0 1712535.058 1650.355 3.049 0 0 0 
1850000 1850 1000.0 1728959.355 1648.744 3.0451 0 0 0 
1860000 1860 1000.0 1745254.295 1645.369 3.0435 0 0 0 
1870000 1870 1000.0 1761792.992 1646.889 3.0388 0 0 0 
1880000 1880 1000.0 1778863.388 1658.337 3.0443 0 0 0 
1890000 1890 1000.0 1796441.412 1677.003 3.0442 0 0 0 
1900000 1900 1000.0 1812993.757 1672.65 3.0406 0 0 0 
1910000 1910 1000.0 1829941.832 1676.698 3.0465 0 0 0 
1920000 1920 1000.0 1847293.188 1687.781 3.0462 0 0 0 
1930000 1930 1000.0 1864713.478 1697.667 3.0435 0 0 0 
1940000 1940 1000.0 1882452.349 1711.632 3.042 0 0 0 
1950000 1950 1000.0 1899564.441 1711.776 3.038 0 0 0 
1960000 1960 1000.0 1916674.006 1712.198 3.0373 0 0 0 
1970000 1970 1000.0 1934164.732 1719.505 3.0373 0 0 0 
1980000 1980 1000.0 1951833.363 1728.066 3.0403 0 0 0 
1990000 1990 1000.0 1969563.756 1736.034 3.0419 0 0 0 
2000000 2000 1000.0 1987044.57 1738.497 3.0431 0 0 0 
2010000 2010 1000.0 2005295.261 1754.519 3.0378 0 0 0 
2020000 2020 1000.0 2023290.283 1762.638 3.0403 0 0 0 
2030000 2030 1000.0 2041778.402 1778.581 3.0451 0 0 0 
2040000 2040 1000.0 2059914.314 1784.788 3.0398 0 0 0 
2050000 2050 1000.0 2077391.845 1777.747 3.0307 0 0 0 
2060000 2060 1000.0 2095198.396 1778.365 3.0293 0 0 0 
2070000 2070 1000.0 2113412.012 1786.293 3.0308 0 0 0 
2080000 2080 1000.0 2131104.462 1782.923 3.0306 0 0 0 
2090000 2090 1000.0 2148713.572 1778.917 3.0333 0 0 0 
2100000 2100 1000.0 2165743.536 1765.7 3.044 0 0 0 
2110000 2110 1000.0 2183076.851 1759.931 3.0459 0 0 0 
2120000 2120 1000.0 2198922.459 1727.62 3.0366 0 0 0 
2130000 2130 1000.0 2214097.884 1688.436 3.0364 0 0 0 
2140000 2140 1000.0 2231620.237 1700.232 3.0372 0 0 0 
2150000 2150 1000.0 2248594.577 1700.02 3.0286 0 0 0 
2160000 2160 1000.0 2265814.41 1704.218 3.0269 0 0 0 
2170000 2170 1000.0 2281684.814 1681.127 3.0359 0 0 0 
2180000 2180 1000.0 2298503.732 1681.444 3.0294 0 0 0 
2190000 2190 1000.0 2315649.739 1687.659 3.0349 0 0 0 
2200000 2200 1000.0 2332384.438 1685.261 3.0353 0 0 0 
2210000 2210 1000.0 2349639.375 1691.831 3.0291 0 0 0 
2220000 2220 1000.0 2367101.345 1702.611 3.0381 0 0 0 
2230000 2230 1000.0 2384635.549 1711.789 3.0358 0 0 0 
2240000 2240 1000.0 2402683.784 1729.021 3.035 0 0 0 
2250000 2250 1000.0 2420713.787 1742.147 3.0277 0 0 0 
2260000 2260 1000.0 2437592.062 1732.645 3.024 0 0 0 
2270000 2270 1000.0 2454708.025 1728.829 3.0177 0 0 0 
2280000 2280 1000.0 2472478.088 1737.554 3.0137 0 0 0 
2290000 2290 1000.0 2490441.412 1748.179 3.0248 0 0 0 
2300000 2300 1000.0 2508444.569 1757.747 3.0233 0 0 0 
2310000 2310 1000.0 2526836.083 1772.777 3.0166 0 0 0 
2320000 2320 1000.0 2545559.052 1790.919 3.018 0 0 0 
2330000 2330 1000.0 2562450.597 1773.873 3.0258 0 0 0 
2340000 2340 1000.0 2580714.902 1783.747 3.0307 0 0 0 
2350000 2350 1000.0 2598744.086 1787.702 3.0305 0 0 0 
2360000 2360 1000.0 2616681.104 1788.639 3.0215 0 0 0 
2370000 2370 1000.0 2634783.58 1792.565 3.0195 0 0 0 
2380000 2380 1000.0 2653078.07 1799.011 3.0188 0 0 0 
2390000 2390 1000.0 2671199.285 1801.618 3.0174 0 0 0 
2400000 2400 1000.0 2688746.729 1792.75 3.0177 0 0 0 
2410000 2410 1000.0 2706067.519 1781.887 3.0206 0 0 0 
2420000 2420 1000.0 2723266.766 1770.271 3.0227 0 0 0 
2430000 2430 1000.0 2740938.938 1769.701 3.0171 0 0 0 
2440000 2440 1000.0 2758037.279 1759.559 3.0204 0 0 0 
2450000 2450 1000.0 2776056.393 1767.566 3.0227 0 0 0 
2460000 2460 1000.0 2793989.616 1772.451 3.02 0 0 0 
2470000 2470 1000.0 2812141.186 1779.988 3.0343 0 0 0 
2480000 2480 1000.0 2830361.038 1788.195 3.0297 0 0 0 
2490000 2490 1000.0 2848029.287 1783.918 3.0277 0 0 0 
2500000 2500 1000.0 2866324.084 1792.362 3.0296 0 0 0 
2510000 2510 1000.0 2884431.639 1795.414 3.0267 0 0 0 
2520000 2520 1000.0 2902581.998 1799.04 3.0234 0 0 0 
2530000 2530 1000.0 2920725.822 1801.596 3.03 0 0 0 
2540000 2540 1000.0 2939433.651 1814.07 3.0315 0 0 0 
2550000 2550 1000.0 2957744.393 1817.53 3.0321 0 0 0 
2560000 2560 1000.0 2975888.864 1816.664 3.0306 0 0 0 
2570000 2570 1000.0 2994210.266 1819.455 3.0315 0 0 0 
2580000 2580 1000.0 3012515.307 1821.336 3.0331 0 0 0 
2590000 2590 1000.0 3030658.824 1820.454 3.0319 0 0 0 
2600000 2600 1000.0 3048573.839 1815.079 3.035 0 0 0 
2610000 2610 1000.0 3066535.294 1811.845 3.0375 0 0 0 
2620000 2620 1000.0 3084228.193 1804.604 3.0364 0 0 0 
2630000 2630 1000.0 3101759.634 1795.573 3.0416 0 0 0 
2640000 2640 1000.0 3119628.655 1793.263 3.0278 0 0 0 
2650000 2650 1000.0 3137855.521 1798.994 3.0228 0 0 0 
2660000 2660 1000.0 3156372.688 1808.857 3.0199 0 0 0 
2670000 2670 1000.0 3174913.574 1817.868 3.0203 0 0 0 
2680000 2680 1000.0 3193399.651 1823.287 3.0298 0 0 0 
2690000 2690 1000.0 3212559.06 1841.238 3.0265 0 0 0 
2700000 2700 1000.0 3231507.746 1850.615 3.0261 0 0 0 
2710000 2710 1000.0 3249889.218 1848.429 3.0324 0 0 0 
2720000 2720 1000.0 3268827.899 1856.239 3.0351 0 0 0 
2730000 2730 1000.0 3287700.236 1861.806 3.0397 0 0 0 
2740000 2740 1000.0 3306272.456 1860.214 3.0411 0 0 0 
2750000 2750 1000.0 3324865.773 1860.285 3.0442 0 0 0 
2760000 2760 1000.0 3343742.18 1865.459 3.0454 0 0 0 
2770000 2770 1000.0 3362747.837 1871.734 3.0516 0 0 0 
2780000 2780 1000.0 3381495.912 1872.407 3.0522 0 0 0 
2790000 2790 1000.0 3400197.474 1871.427 3.0562 0 0 0 
2800000 2800 1000.0 3418113.496 1857.107 3.0404 0 0 0 
2810000 2810 1000.0 3433925.43 1803.91 3.0385 0 0 0 
2820000 2820 1000.0 3452274.544 1809.81 3.0394 0 0 0 
2830000 2830 1000.0 3470547.749 1813.133 3.0268 0 0 0 
2840000 2840 1000.0 3483204.699 1711.453 3.0347 0 0 0 
2850000 2850 1000.0 3501324.528 1729.567 3.0408 0 0 0 
2860000 2860 1000.0 3518459.185 1727.439 3.0318 0 0 0 
2870000 2870 1000.0 3537083.362 1752.636 3.0268 0 0 0 
2880000 2880 1000.0 3555432.753 1767.559 3.0334 0 0 0 
2890000 2890 1000.0 3573713.277 1778.586 3.0317 0 0 0 
2900000 2900 1000.0 3592253.848 1792.135 3.04 0 0 0 
2910000 2910 1000.0 3610297.811 1794.207 3.0439 0 0 0 
2920000 2920 1000.0 3627938.251 1788.967 3.0386 0 0 0 
2930000 2930 1000.0 3646210.907 1796.442 3.0387 0 0 0 
2940000 2940 1000.0 3664757.428 1807.175 3.0522 0 0 0 
2950000 2950 1000.0 3683300.659 1815.802 3.0558 0 0 0 
2960000 2960 1000.0 3701870.324 1823.422 3.0578 0 0 0 
2970000 2970 1000.0 3720882.37 1837.921 3.0514 0 0 0 
2980000 2980 1000.0 3740053.931 1852.113 3.0534 0 0 0 
2990000 2990 1000.0 3758606.03 1852.953 3.055 0 0 0 
3000000 3000 1000.0 3775434.529 1821.961 3.054 0 0 0 
3010000 3010 1000.0 3792829.765 1807.164 3.0644 0 0 0 
3020000 3020 1000.0 3812004.364 1827.781 3.0589 0 0 0 
3030000 3030 1000.0 3831353.27 1847.456 3.0538 0 0 0 
3040000 3040 1000.0 3851112.047 1870.927 3.0494 0 0 0 
3050000 3050 1000.0 3871190.769 1895.534 3.0468 0 0 0 
3060000 3060 1000.0 3891406.348 1918.798 3.0478 0 0 0 
3070000 3070 1000.0 3911036.196 1926.33 3.0448 0 0 0 
3080000 3080 1000.0 3930930.494 1938.217 3.0505 0 0 0 
3090000 3090 1000.0 3950196.049 1935.88 3.0607 0 0 0 
3100000 3100 1000.0 3970076.644 1945.464 3.0511 0 0 0 
3110000 3110 1000.0 3989392.156 1942.853 3.0508 0 0 0 
3120000 3120 1000.0 4008900.227 1944.07 3.04 0 0 0 
3130000 3130 1000.0 4028738.513 1951.221 3.0433 0 0 0 
3140000 3140 1000.0 4047514.928 1937.148 3.0458 0 0 0 
3150000 3150 1000.0 4065869.652 1918.957 3.044 0 0 0 
3160000 3160 1000.0 4085194.551 1921.409 3.0547 0 0 0 
3170000 3170 1000.0 4104872.407 1929.666 3.0554 0 0 0 
3180000 3180 1000.0 4124363.609 1932.989 3.0497 0 0 0 
3190000 3190 1000.0 4143716.611 1933.365 3.0474 0 0 0 
3200000 3200 1000.0 4163358.624 1939.066 3.0398 0 0 0 
3210000 3210 1000.0 4183105.954 1945.816 3.0414 0 0 0 
3220000 3220 1000.0 4202080.504 1936.246 3.0516 0 0 0 
3230000 3230 1000.0 4220983.491 1928.05 3.0572 0 0 0 
3240000 3240 1000.0 4240595.274 1934.265 3.0518 0 0 0 
3250000 3250 1000.0 4260339.002 1941.359 3.0579 0 0 0 
3260000 3260 1000.0 4280176.206 1949.003 3.0572 0 0 0 
3270000 3270 1000.0 4299459.801 1945.068 3.0522 0 0 0 
3280000 3280 1000.0 4318774.901 1942.325 3.052 0 0 0 
3290000 3290 1000.0 4338132.044 1941.165 3.0569 0 0 0 
3300000 3300 1000.0 4357008.285 1930.865 3.0582 0 0 0 
3310000 3310 1000.0 4375749.85 1920.514 3.0527 0 0 0 
3320000 3320 1000.0 4395327.435 1926.869 3.0495 0 0 0 
3330000 3330 1000.0 4414619.37 1927.189 3.0549 0 0 0 
3340000 3340 1000.0 4434190.537 1932.235 3.0548 0 0 0 
3350000 3350 1000.0 4454071.658 1942.263 3.0514 0 0 0 
3360000 3360 1000.0 4473321.565 1938.894 3.0459 0 0 0 
3370000 3370 1000.0 4493036.981 1945.197 3.0449 0 0 0 
3380000 3380 1000.0 4512616.358 1947.623 3.0442 0 0 0 
3390000 3390 1000.0 4532172.939 1949.224 3.0494 0 0 0 
3400000 3400 1000.0 4552215.397 1959.841 3.053 0 0 0 
3410000 3410 1000.0 4572458.284 1971.84 3.0593 0 0 0 
3420000 3420 1000.0 4592711.515 1981.459 3.0695 0 0 0 
3430000 3430 1000.0 4612918.848 1988.434 3.0638 0 0 0 
3440000 3440 1000.0 4633053.387 1993.069 3.0711 0 0 0 
3450000 3450 1000.0 4653150.871 1996.423 3.063 0 0 0 
3460000 3460 1000.0 4672709.987 1988.679 3.0589 0 0 0 
3470000 3470 1000.0 4691697.716 1972.219 3.0643 0 0 0 
3480000 3480 1000.0 4711618.463 1975.674 3.0695 0 0 0 
3490000 3490 1000.0 4731285.897 1973.93 3.0679 0 0 0 
3500000 3500 1000.0 4750360.349 1961.979 3.078 0 0 0 
3510000 3510 1000.0 4770155.807 1965.015 3.075 0 0 0 
3520000 3520 1000.0 4789627.078 1961.853 3.0796 0 0 0 
3530000 3530 1000.0 4809267.594 1962.552 3.0675 0 0 0 
3540000 3540 1000.0 4829294.875 1970.085 3.0652 0 0 0 
3550000 3550 1000.0 4849008.129 1970.097 3.0706 0 0 0 
3560000 3560 1000.0 4867925.63 1955.522 3.066 0 0 0 
3570000 3570 1000.0 4887502.633 1956.004 3.0681 0 0 0 
3580000 3580 1000.0 4907186.663 1958.797 3.0656 0 0 0 
3590000 3590 1000.0 4926893.29 1960.754 3.0584 0 0 0 
3600000 3600 1000.0 4945998.693 1951.702 3.0578 0 0 0 
3610000 3610 1000.0 4964131.321 1926.253 3.0541 0 0 0 
3620000 3620 1000.0 4982636.968 1912.273 3.0529 0 0 0 
3630000 3630 1000.0 5001631.922 1910.157 3.058 0 0 0 
3640000 3640 1000.0 5021118.135 1916.949 3.0653 0 0 0 
3650000 3650 1000.0 5041140.861 1932.504 3.0673 0 0 0 
3660000 3660 1000.0 5061189.9 1945.69 3.0606 0 0 0 
3670000 3670 1000.0 5080876.688 1949.683 3.0697 0 0 0 
3680000 3680 1000.0 5099571.169 1935.317 3.0624 0 0 0 
3690000 3690 1000.0 5118760.104 1932.651 3.0538 0 0 0 
3700000 3700 1000.0 5137739.184 1926.612 3.0561 0 0 0 
3710000 3710 1000.0 5156556.222 1918.185 3.0518 0 0 0 
3720000 3720 1000.0 5174986.35 1904.199 3.0449 0 0 0 
3730000 3730 1000.0 5193812.97 1899.842 3.0461 0 0 0 
3740000 3740 1000.0 5213083.16 1905.407 3.0584 0 0 0 
3750000 3750 1000.0 5232542.885 1912.919 3.0627 0 0 0 
3760000 3760 1000.0 5251841.405 1916.059 3.0617 0 0 0 
3770000 3770 1000.0 5271367.216 1922.608 3.0597 0 0 0 
3780000 3780 1000.0 5290048.035 1912.455 3.0704 0 0 0 
3790000 3790 1000.0 5308958.882 1908.226 3.0621 0 0 0 
3800000 3800 1000.0 5328025.108 1907.685 3.065 0 0 0 
3810000 3810 1000.0 5345796.262 1883.927 3.0616 0 0 0 
3820000 3820 1000.0 5364201.918 1876.329 3.0599 0 0 0 
3830000 3830 1000.0 5383047.628 1878.455 3.0591 0 0 0 
3840000 3840 1000.0 5402587.232 1892.211 3.0637 0 0 0 
3850000 3850 1000.0 5421972.475 1901.089 3.0626 0 0 0 
3860000 3860 1000.0 5440944.665 1899.947 3.0664 0 0 0 
3870000 3870 1000.0 5460773.387 1914.944 3.0634 0 0 0 
3880000 3880 1000.0 5479479.646 1906.674 3.0626 0 0 0 
3890000 3890 1000.0 5498786.005 1911.405 3.0615 0 0 0 
3900000 3900 1000.0 5518392.823 1920.02 3.0627 0 0 0 
3910000 3910 1000.0 5537913.525 1925.917 3.0643 0 0 0 
3920000 3920 1000.0 5557475.372 1931.927 3.0608 0 0 0 
3930000 3930 1000.0 5577293.353 1940.769 3.0629 0 0 0 
3940000 3940 1000.0 5597015.924 1946.854 3.0698 0 0 0 
3950000 3950 1000.0 5616430.599 1945.576 3.0659 0 0 0 
3960000 3960 1000.0 5635396.562 1936.665 3.0599 0 0 0 
3970000 3970 1000.0 5654933.965 1939.744 3.0576 0 0 0 
3980000 3980 1000.0 5674694.485 1946.295 3.0615 0 0 0 
3990000 3990 1000.0 5693883.026 1941.287 3.0587 0 0 0 
4000000 4000 1000.0 5712949.715 1935.001 3.0592 0 0 0 
4010000 4010 1000.0 5732245.094 1934.268 3.06 0 0 0 
4020000 4020 1000.0 5751876.336 1939.408 3.0551 0 0 0 
4030000 4030 1000.0 5771418.805 1942.222 3.0619 0 0 0 
4040000 4040 1000.0 5791252.826 1949.911 3.0601 0 0 0 
4050000 4050 1000.0 5811073.536 1955.634 3.0511 0 0 0 
4060000 4060 1000.0 5831026.841 1962.684 3.0453 0 0 0 
4070000 4070 1000.0 5850243.364 1955.319 3.0511 0 0 0 
4080000 4080 1000.0 5869813.055 1955.711 3.0481 0 0 0 
4090000 4090 1000.0 5890022.372 1967.824 3.0546 0 0 0 
4100000 4100 1000.0 5910262.602 1978.115 3.0515 0 0 0 
4110000 4110 1000.0 5930213.48 1981.163 3.0434 0 0 0 
4120000 4120 1000.0 5949806.83 1976.814 3.0507 0 0 0 
4130000 4130 1000.0 5969405.972 1973.723 3.0498 0 0 0 
4140000 4140 1000.0 5988728.165 1965.921 3.0484 0 0 0 
4150000 4150 1000.0 6007920.439 1957.547 3.0477 0 0 0 
4160000 4160 1000.0 6027498.448 1957.642 3.0415 0 0 0 
4170000 4170 1000.0 6047365.623 1962.786 3.0421 0 0 0 
4180000 4180 1000.0 6067378.744 1970.052 3.0417 0 0 0 
4190000 4190 1000.0 6087055.28 1969.593 3.0444 0 0 0 
4200000 4200 1000.0 6107424.563 1981.904 3.039 0 0 0 
4210000 4210 1000.0 6127810.618 1992.28 3.0396 0 0 0 
4220000 4220 1000.0 6147700.107 1991.587 3.0519 0 0 0 
4230000 4230 1000.0 6167426.193 1988.473 3.0529 0 0 0 
4240000 4240 1000.0 6187474.185 1991.237 3.0497 0 0 0 
4250000 4250 1000.0 6207524.12 1993.94 3.0497 0 0 0 
4260000 4260 1000.0 6227409.548 1992.828 3.0437 0 0 0 
4270000 4270 1000.0 6247359.106 1993.076 3.0415 0 0 0 
4280000 4280 1000.0 6265639.845 1963.159 3.0372 0 0 0 
4290000 4290 1000.0 6284760.177 1953.822 3.0411 0 0 0 
4300000 4300 1000.0 6305231.751 1970.997 3.0425 0 0 0 
4310000 4310 1000.0 6325473.086 1980.734 3.0484 0 0 0 
4320000 4320 1000.0 6345732.303 1988.938 3.052 0 0 0 
4330000 4330 1000.0 6365736.496 1990.817 3.0557 0 0 0 
4340000 4340 1000.0 6385387.914 1986.182 3.0511 0 0 0 
4350000 4350 1000.0 6405198.32 1984.926 3.0518 0 0 0 
4360000 4360 1000.0 6424744.617 1979.23 3.0511 0 0 0 
4370000 4370 1000.0 6444119.779 1971.683 3.0531 0 0 0 
4380000 4380 1000.0 6463477.739 1965.168 3.0465 0 0 0 
4390000 4390 1000.0 6483401.862 1970.054 3.0518 0 0 0 
4400000 4400 1000.0 6503427.045 1976.359 3.0469 0 0 0 
4410000 4410 1000.0 6523003.786 1972.299 3.0502 0 0 0 
4420000 4420 1000.0 6542493.565 1967.969 3.055 0 0 0 
4430000 4430 1000.0 6561146.524 1948.44 3.0527 0 0 0 
4440000 4440 1000.0 6580734.486 1950.476 3.0525 0 0 0 
4450000 4450 1000.0 6600668.582 1958.564 3.0525 0 0 0 
4460000 4460 1000.0 6620883.311 1969.935 3.0625 0 0 0 
4470000 4470 1000.0 6640799.272 1973.611 3.063 0 0 0 
4480000 4480 1000.0 6660839.716 1979.021 3.0679 0 0 0 
4490000 4490 1000.0 6680498.767 1976.741 3.0693 0 0 0 
4500000 4500 1000.0 6699476.405 1962.128 3.0645 0 0 0 
4510000 4510 1000.0 6719259.346 1965.181 3.0565 0 0 0 
4520000 4520 1000.0 6738997.686 1966.583 3.0535 0 0 0 
4530000 4530 1000.0 6758506.446 1963.98 3.0515 0 0 0 
4540000 4540 1000.0 6778015.943 1961.576 3.052 0 0 0 
4550000 4550 1000.0 6797669.334 1961.941 3.0493 0 0 0 
4560000 4560 1000.0 6817117.824 1958.679 3.0526 0 0 0 
4570000 4570 1000.0 6836681.339 1958.374 3.0487 0 0 0 
4580000 4580 1000.0 6855663.516 1947.165 3.0551 0 0 0 
4590000 4590 1000.0 6874754.565 1939.967 3.0585 0 0 0 
4600000 4600 1000.0 6893168.466 1921.647 3.0631 0 0 0 
4610000 4610 1000.0 6911805.372 1911.108 3.0612 0 0 0 
4620000 4620 1000.0 6930556.837 1904.707 3.0584 0 0 0 
4630000 4630 1000.0 6949402.719 1901.027 3.0594 0 0 0 
4640000 4640 1000.0 6967700.954 1888.227 3.057 0 0 0 
4650000 4650 1000.0 6986817.543 1892.76 3.0617 0 0 0 
4660000 4660 1000.0 7006197.589 1901.185 3.0553 0 0 0 
4670000 4670 1000.0 7025837.225 1912.728 3.055 0 0 0 
4680000 4680 1000.0 7045387.965 1920.373 3.0496 0 0 0 
4690000 4690 1000.0 7065411.636 1935.056 3.0553 0 0 0 
4700000 4700 1000.0 7085026.714 1939.842 3.0608 0 0 0 
4710000 4710 1000.0 7104347.913 1938.538 3.0535 0 0 0 
4720000 4720 1000.0 7123663.646 1937.174 3.0541 0 0 0 
4730000 4730 1000.0 7142906.114 1934.593 3.0689 0 0 0 
4740000 4740 1000.0 7162513.389 1939.456 3.0701 0 0 0 
4750000 4750 1000.0 7182149.926 1943.817 3.0689 0 0 0 
4760000 4760 1000.0 7201752.711 1947.047 3.0675 0 0 0 
4770000 4770 1000.0 7221238.007 1947.31 3.077 0 0 0 
4780000 4780 1000.0 7240866.923 1949.827 3.0738 0 0 0 
4790000 4790 1000.0 7260338.298 1949.198 3.0707 0 0 0 
4800000 4800 1000.0 7279680.88 1946.444 3.0655 0 0 0 
4810000 4810 1000.0 7299410.22 1951.275 3.0675 0 0 0 
4820000 4820 1000.0 7318978.244 1952.356 3.0664 0 0 0 
4830000 4830 1000.0 7338299.677 1948.003 3.0684 0 0 0 
4840000 4840 1000.0 7357972.994 1951.688 3.0698 0 0 0 
4850000 4850 1000.0 7377739.397 1955.916 3.0639 0 0 0 
4860000 4860 1000.0 7397705.695 1963.409 3.0638 0 0 0 
4870000 4870 1000.0 7417632.002 1968.905 3.0647 0 0 0 
4880000 4880 1000.0 7436800.907 1959.13 3.0668 0 0 0 
4890000 4890 1000.0 7455612.427 1944.805 3.0728 0 0 0 
4900000 4900 1000.0 7474609.409 1936.513 3.0681 0 0 0 
4910000 4910 1000.0 7493867.206 1935.128 3.0666 0 0 0 
4920000 4920 1000.0 7513315.54 1937.29 3.0652 0 0 0 
4930000 4930 1000.0 7532837.639 1939.861 3.0693 0 0 0 
4940000 4940 1000.0 7552663.277 1947.602 3.066 0 0 0 
4950000 4950 1000.0 7572101.15 1946.746 3.0635 0 0 0 
4960000 4960 1000.0 7591626.766 1947.934 3.0609 0 0 0 
4970000 4970 1000.0 7611368.744 1952.791 3.0649 0 0 0 
4980000 4980 1000.0 7630378.47 1943.391 3.0773 0 0 0 
4990000 4990 1000.0 7649593.407 1939.555 3.0662 0 0 0 
5000000 5000 1000.0 7669234.233 1943.716 3.0585 0 0 0 
5010000 5010 1000.0 7688641.366 1943.248 3.0592 0 0 0 
5020000 5020 1000.0 7708326.646 1947.75 3.0589 0 0 0 
5030000 5030 1000.0 7727869.597 1948.769 3.0692 0 0 0 
5040000 5040 1000.0 7747114.778 1944.358 3.0724 0 0 0 
5050000 5050 1000.0 7766057.828 1935.35 3.0728 0 0 0 
5060000 5060 1000.0 7784990.966 1927.634 3.0733 0 0 0 
5070000 5070 1000.0 7804317.064 1928.608 3.0677 0 0 0 
5080000 5080 1000.0 7823916.27 1934.589 3.0652 0 0 0 
5090000 5090 1000.0 7843272.105 1934.489 3.057 0 0 0 
5100000 5100 1000.0 7863034.425 1942.156 3.0683 0 0 0 
5110000 5110 1000.0 7882475.856 1942.552 3.0682 0 0 0 
5120000 5120 1000.0 7902721.835 1957.406 3.0726 0 0 0 
5130000 5130 1000.0 7922460.6 1960.564 3.0713 0 0 0 
5140000 5140 1000.0 7942256.061 1963.925 3.0782 0 0 0 
5150000 5150 1000.0 7961694.14 1960.439 3.072 0 0 0 
5160000 5160 1000.0 7981327.14 1960.974 3.0667 0 0 0 
5170000 5170 1000.0 8000936.671 1960.731 3.063 0 0 0 
5180000 5180 1000.0 8020546.761 1960.922 3.0652 0 0 0 
5190000 5190 1000.0 8040382.081 1965.091 3.0683 0 0 0 
5200000 5200 1000.0 8060345.395 1970.893 3.0727 0 0 0 
5210000 5210 1000.0 8080212.095 1973.497 3.076 0 0 0 
5220000 5220 1000.0 8100017.019 1974.814 3.0707 0 0 0 
5230000 5230 1000.0 8119893.741 1976.95 3.0771 0 0 0 
5240000 5240 1000.0 8139140.6 1967.236 3.0781 0 0 0 
5250000 5250 1000.0 8158944.46 1969.809 3.0719 0 0 0 
5260000 5260 1000.0 8178084.362 1959.753 3.0733 0 0 0 
5270000 5270 1000.0 8198051.324 1966.517 3.0733 0 0 0 
5280000 5280 1000.0 8218066.082 1972.933 3.0733 0 0 0 
5290000 5290 1000.0 8237953.45 1975.905 3.0776 0 0 0 
5300000 5300 1000.0 8258317.094 1986.902 3.079 0 0 0 
5310000 5310 1000.0 8278452.198 1991.742 3.0659 0 0 0 
5320000 5320 1000.0 8298831.356 2000.296 3.0683 0 0 0 
5330000 5330 1000.0 8319407.356 2010.653 3.0652 0 0 0 
5340000 5340 1000.0 8339827.036 2015.974 3.07 0 0 0 
5350000 5350 1000.0 8360613.208 2027.214 3.067 0 0 0 
5360000 5360 1000.0 8381120.595 2031.361 3.0679 0 0 0 
5370000 5370 1000.0 8401555.431 2033.746 3.0709 0 0 0 
5380000 5380 1000.0 8421612.786 2028.902 3.0701 0 0 0 
5390000 5390 1000.0 8441703.192 2025.339 3.0742 0 0 0 
5400000 5400 1000.0 8461527.191 2017.179 3.0749 0 0 0 
5410000 5410 1000.0 8480784.66 2000.741 3.0695 0 0 0 
5420000 5420 1000.0 8500588.687 1997.331 3.072 0 0 0 
5430000 5430 1000.0 8520924.926 2003.96 3.0659 0 0 0 
5440000 5440 1000.0 8541368.396 2011.042 3.0587 0 0 0 
5450000 5450 1000.0 8562179.451 2023.843 3.0631 0 0 0 
5460000 5460 1000.0 8582771.666 2030.466 3.0652 0 0 0 
5470000 5470 1000.0 8603343.6 2035.702 3.0606 0 0 0 
5480000 5480 1000.0 8624207.026 2044.929 3.066 0 0 0 
5490000 5490 1000.0 8644991.679 2050.782 3.0779 0 0 0 
5500000 5500 1000.0 8665215.285 2045.604 3.073 0 0 0 
5510000 5510 1000.0 8685074.342 2034.387 3.0764 0 0 0 
5520000 5520 1000.0 8705144.914 2029.537 3.0751 0 0 0 
5530000 5530 1000.0 8725498.478 2030.391 3.0728 0 0 0 
5540000 5540 1000.0 8745875.098 2031.7 3.0657 0 0 0 
5550000 5550 1000.0 8766188.928 2031.68 3.064 0 0 0 
5560000 5560 1000.0 8786648.592 2034.116 3.0671 0 0 0 
5570000 5570 1000.0 8807068.309 2035.397 3.0644 0 0 0 
5580000 5580 1000.0 8827722.024 2041.03 3.07 0 0 0 
5590000 5590 1000.0 8848083.117 2039.814 3.0686 0 0 0 
5600000 5600 1000.0 8868269.277 2035.904 3.0661 0 0 0 
5610000 5610 1000.0 8888236.408 2028.643 3.0664 0 0 0 
5620000 5620 1000.0 8907628.877 2012.235 3.0649 0 0 0 
5630000 5630 1000.0 8927203.76 2002.293 3.0647 0 0 0 
5640000 5640 1000.0 8946755.495 1993.646 3.0716 0 0 0 
5650000 5650 1000.0 8967390.23 2006.563 3.0687 0 0 0 
5660000 5660 1000.0 8987663.884 2010.179 3.0669 0 0 0 
5670000 5670 1000.0 9008107.339 2016.329 3.0665 0 0 0 
5680000 5680 1000.0 9027825.427 2007.901 3.0723 0 0 0 
5690000 5690 1000.0 9046628.43 1983.788 3.0699 0 0 0 
5700000 5700 1000.0 9065456.511 1965.066 3.0788 0 0 0 
5710000 5710 1000.0 9084847.068 1960.511 3.0709 0 0 0 
5720000 5720 1000.0 9104042.658 1953.347 3.0696 0 0 0 
5730000 5730 1000.0 9123146.67 1945.785 3.0662 0 0 0 
5740000 5740 1000.0 9142114.484 1936.684 3.0651 0 0 0 
5750000 5750 1000.0 9160757.649 1923.563 3.0552 0 0 0 
5760000 5760 1000.0 9179615.071 1916.674 3.0545 0 0 0 
5770000 5770 1000.0 9199236.441 1925.475 3.0514 0 0 0 
5780000 5780 1000.0 9218454.66 1924.879 3.0523 0 0 0 
5790000 5790 1000.0 9237313.703 1917.924 3.058 0 0 0 
5800000 5800 1000.0 9255955.295 1908.293 3.0714 0 0 0 
5810000 5810 1000.0 9275305.61 1912.936 3.0698 0 0 0 
5820000 5820 1000.0 9295426.235 1931.166 3.0721 0 0 0 
5830000 5830 1000.0 9315297.387 1941.267 3.0702 0 0 0 
5840000 5840 1000.0 9333709.428 1922.996 3.0622 0 0 0 
5850000 5850 1000.0 9353764.735 1937.968 3.0614 0 0 0 
5860000 5860 1000.0 9373451.202 1943.79 3.06 0 0 0 
5870000 5870 1000.0 9394009.923 1964.456 3.0615 0 0 0 
5880000 5880 1000.0 9414016.386 1971.082 3.0648 0 0 0 
5890000 5890 1000.0 9433859.985 1973.297 3.0655 0 0 0 
5900000 5900 1000.0 9452635.377 1956.066 3.0691 0 0 0 
5910000 5910 1000.0 9471706.972 1947.233 3.0742 0 0 0 
5920000 5920 1000.0 9490936.347 1943.065 3.0798 0 0 0 
5930000 5930 1000.0 9510080.264 1938.58 3.0808 0 0 0 
5940000 5940 1000.0 9529855.968 1945.451 3.073 0 0 0 
5950000 5950 1000.0 9548883.849 1938.289 3.068 0 0 0 
5960000 5960 1000.0 9568659.003 1945.41 3.0647 0 0 0 
5970000 5970 1000.0 9589130.408 1964.25 3.0564 0 0 0 
5980000 5980 1000.0 9609000.192 1968.241 3.0516 0 0 0 
5990000 5990 1000.0 9628846.79 1971.122 3.056 0 0 0 
6000000 6000 1000.0 9648636.546 1972.518 3.0646 0 0 0 
