10000 265 35.982 -3.912 -0.026 0.1812 0 0 0 
20000 507 38.54 -7.497 -0.02 0.1899 0 0 0 
30000 679 35.065 -2.117 0.021 0.2531 0 0 0 
40000 1038 36.081 2.084 0.008 0.2664 0 0 0 
50000 1048 210.54 -0.77 -0.042 1.2762 0 0 0 
60000 1059 360.954 -5.436 -0.124 2.1343 0 0 0 
70000 1069 467.263 -7.772 -0.144 2.7558 0 0 0 
80000 1080 553.982 -7.94 -0.118 3.3062 0 0 0 
90000 1118 391.752 -9.11 -0.071 2.3546 0 0 0 
100000 1261 76.795 -8.571 0.0 0.4976 0 0 0 
110000 1384 86.471 -6.12 0.018 0.5508 0 0 0 
120000 1464 123.316 -5.93 0.001 0.754 0 0 0 
130000 1536 143.337 -7.028 -0.014 0.8603 0 0 0 
140000 1554 262.875 -8.093 -0.026 1.526 0 0 0 
150000 1578 316.336 -9.855 -0.044 1.8339 0 0 0 
160000 1598 383.05 -11.156 -0.052 2.2171 0 0 0 
170000 1668 187.059 -11.596 -0.019 1.1223 0 0 0 
180000 1722 196.181 -16.218 -0.064 1.1803 0 0 0 
190000 1742 296.328 -17.831 -0.071 1.7479 0 0 0 
200000 1806 181.18 -18.603 -0.028 1.0803 0 0 0 
210000 1908 91.536 -21.659 -0.031 0.5785 0 0 0 
220000 2131 42.066 -23.714 -0.004 0.3047 0 0 0 
230000 2189 151.397 -27.036 -0.047 0.9026 0 0 0 
240000 2208 267.639 -27.258 -0.037 1.5564 0 0 0 
250000 2231 318.35 -27.172 -0.021 1.8651 0 0 0 
260000 2298 176.143 -22.938 0.049 1.0653 0 0 0 
270000 2366 166.157 -17.999 0.063 1.0346 0 0 0 
280000 2392 257.699 -16.06 0.07 1.6036 0 0 0 
290000 2433 246.278 -11.62 0.093 1.5431 0 0 0 
300000 2453 328.122 -10.139 0.087 1.9995 0 0 0 
310000 2524 166.883 -5.759 0.065 1.0347 0 0 0 
320000 2626 111.419 1.942 0.076 0.6979 0 0 0 
330000 2674 182.464 6.83 0.092 1.1177 0 0 0 
340000 2806 78.662 15.458 0.068 0.511 0 0 0 
350000 2947 69.697 24.339 0.062 0.4584 0 0 0 
360000 3048 82.517 31.159 0.07 0.5367 0 0 0 
370000 3185 70.022 42.803 0.087 0.4594 0 0 0 
380000 3337 67.338 56.433 0.088 0.4424 0 0 0 
390000 3491 64.878 70.605 0.093 0.4328 0 0 0 
400000 3640 68.774 85.266 0.101 0.4523 0 0 0 
410000 3751 85.787 95.377 0.095 0.5518 0 0 0 
420000 3847 112.228 103.429 0.082 0.7088 0 0 0 
430000 3866 240.116 103.271 0.053 1.4779 0 0 0 
440000 3985 84.621 111.6 0.078 0.5535 0 0 0 
450000 4160 59.455 125.402 0.101 0.4061 0 0 0 
460000 4320 65.029 144.11 0.119 0.4391 0 0 0 
470000 4455 71.229 163.515 0.139 0.4715 0 0 0 
480000 4519 119.028 175.817 0.18 0.7387 0 0 0 
490000 4600 117.5 191.626 0.192 0.7324 0 0 0 
500000 4714 89.672 211.714 0.176 0.5768 0 0 0 
510000 4842 67.006 231.219 0.15 0.452 0 0 0 
520000 4937 93.012 248.619 0.176 0.5998 0 0 0 
530000 5050 86.434 269.094 0.171 0.5577 0 0 0 
540000 5107 162.8 281.829 0.224 0.9833 0 0 0 
550000 5142 242.476 288.561 0.212 1.4396 0 0 0 
560000 5185 235.039 295.694 0.188 1.3798 0 0 0 
570000 5241 195.138 305.633 0.181 1.1563 0 0 0 
580000 5296 173.513 313.439 0.157 1.0245 0 0 0 
590000 5424 77.07 330.307 0.143 0.5047 0 0 0 
600000 5523 91.536 346.708 0.169 0.5824 0 0 0 
610000 5655 87.59 366.427 0.155 0.5621 0 0 0 
620000 5749 98.254 382.415 0.165 0.6152 0 0 0 
630000 5859 94.018 401.132 0.175 0.5906 0 0 0 
640000 6008 63.693 423.544 0.151 0.4304 0 0 0 
650000 6143 70.877 444.485 0.155 0.4657 0 0 0 
660000 6299 61.242 468.417 0.148 0.4212 0 0 0 
670000 6456 61.48 490.965 0.14 0.4185 0 0 0 
680000 6598 71.51 513.24 0.161 0.4738 0 0 0 
690000 6705 83.804 534.633 0.185 0.5405 0 0 0 
700000 6819 84.392 556.099 0.184 0.5386 0 0 0 
710000 6949 83.801 579.971 0.197 0.5364 0 0 0 
720000 7068 87.11 602.699 0.198 0.5505 0 0 0 
730000 7187 86.784 624.844 0.19 0.5557 0 0 0 
740000 7343 64.909 650.674 0.163 0.4398 0 0 0 
750000 7491 63.98 675.365 0.164 0.434 0 0 0 
760000 7623 73.431 698.701 0.174 0.4848 0 0 0 
770000 7706 118.61 716.891 0.213 0.7338 0 0 0 
780000 7765 152.813 728.063 0.196 0.9174 0 0 0 
790000 7809 190.813 734.8 0.165 1.1208 0 0 0 
800000 7899 122.804 749.218 0.16 0.7501 0 0 0 
810000 7949 171.621 758.597 0.177 1.0226 0 0 0 
820000 8039 118.369 775.658 0.189 0.7366 0 0 0 
830000 8153 89.292 797.197 0.191 0.5656 0 0 0 
840000 8277 79.551 815.529 0.147 0.5145 0 0 0 
850000 8352 138.475 829.19 0.181 0.8338 0 0 0 
860000 8426 141.857 843.225 0.185 0.8627 0 0 0 
870000 8573 70.778 868.015 0.166 0.4628 0 0 0 
880000 8676 93.535 885.219 0.172 0.5905 0 0 0 
890000 8791 90.277 903.716 0.159 0.5776 0 0 0 
900000 8889 106.849 920.381 0.169 0.6732 0 0 0 
910000 9022 75.754 942.378 0.167 0.5002 0 0 0 
920000 9148 72.818 962.639 0.161 0.4823 0 0 0 
930000 9279 85.712 985.589 0.18 0.5507 0 0 0 
940000 9352 135.544 1000.235 0.202 0.8296 0 0 0 
950000 9421 138.364 1014.398 0.201 0.8442 0 0 0 
960000 9473 168.762 1027.437 0.231 1.0166 0 0 0 
970000 9571 121.159 1045.787 0.194 0.7451 0 0 0 
980000 9644 154.878 1056.464 0.171 0.9388 0 0 0 
990000 9698 176.636 1068.451 0.207 1.057 0 0 0 
1000000 9753 173.233 1080.626 0.215 1.0406 0 0 0 
1010000 9822 140.529 1096.972 0.225 0.8534 0 0 0 
1020000 9898 125.327 1113.828 0.214 0.7658 0 0 0 
1030000 9964 144.97 1129.835 0.236 0.8822 0 0 0 
1040000 10008 193.035 1141.176 0.244 1.1529 0 0 0 
1050000 10094 124.459 1160.652 0.226 0.7677 0 0 0 
1060000 10195 95.32 1182.196 0.207 0.6083 0 0 0 
1070000 10300 96.42 1202.939 0.2 0.6108 0 0 0 
1080000 10390 111.057 1222.717 0.22 0.6967 0 0 0 
1090000 10487 113.569 1242.159 0.214 0.7113 0 0 0 
1100000 10556 147.125 1257.529 0.225 0.8965 0 0 0 
1110000 10635 132.101 1273.53 0.207 0.8052 0 0 0 
1120000 10714 126.866 1290.527 0.214 0.7804 0 0 0 
1130000 10773 157.622 1304.43 0.229 0.9475 0 0 0 
1140000 10832 155.824 1319.212 0.245 0.9409 0 0 0 
1150000 10879 187.675 1332.324 0.262 1.1215 0 0 0 
1160000 10919 210.014 1344.769 0.282 1.2465 0 0 0 
1170000 10973 195.097 1359.095 0.273 1.1611 0 0 0 
1180000 11019 206.682 1372.397 0.282 1.2251 0 0 0 
1190000 11064 212.229 1383.956 0.263 1.2575 0 0 0 
1200000 11104 223.247 1393.931 0.255 1.3185 0 0 0 
1210000 11158 181.07 1408.07 0.251 1.0849 0 0 0 
1220000 11202 204.505 1419.038 0.253 1.2159 0 0 0 
1230000 11259 184.273 1432.339 0.241 1.1033 0 0 0 
1240000 11303 210.223 1442.479 0.237 1.2436 0 0 0 
1250000 11350 210.673 1453.489 0.238 1.2487 0 0 0 
1260000 11410 175.025 1468.162 0.246 1.0492 0 0 0 
1270000 11465 178.498 1481.213 0.239 1.0681 0 0 0 
1280000 11504 218.071 1490.527 0.239 1.2914 0 0 0 
1290000 11524 309.456 1494.313 0.224 1.802 0 0 0 
1300000 11563 274.662 1500.216 0.182 1.6152 0 0 0 
1310000 11592 299.85 1507.665 0.214 1.7453 0 0 0 
1320000 11617 339.086 1517.332 0.285 1.9622 0 0 0 
1330000 11642 361.217 1526.579 0.318 2.0785 0 0 0 
1340000 11689 266.778 1540.861 0.307 1.5634 0 0 0 
1350000 11749 192.972 1556.711 0.276 1.1482 0 0 0 
1360000 11800 186.828 1572.055 0.284 1.1095 0 0 0 
1370000 11844 208.002 1586.618 0.317 1.2239 0 0 0 
1380000 11892 214.646 1601.689 0.318 1.261 0 0 0 
1390000 11926 249.84 1616.45 0.371 1.4566 0 0 0 
1400000 11959 275.655 1629.442 0.383 1.603 0 0 0 
1410000 11984 334.138 1641.842 0.439 1.9202 0 0 0 
1420000 12001 406.912 1651.584 0.477 2.3205 0 0 0 
1430000 12021 440.348 1662.335 0.494 2.5075 0 0 0 
1440000 12051 398.644 1671.92 0.417 2.2696 0 0 0 
1450000 12078 382.508 1684.177 0.426 2.1888 0 0 0 
1460000 12119 301.165 1698.621 0.384 1.7429 0 0 0 
1470000 12168 234.637 1717.483 0.372 1.3731 0 0 0 
1480000 12231 180.625 1738.149 0.342 1.0772 0 0 0 
1490000 12273 216.275 1755.288 0.379 1.2748 0 0 0 
1500000 12327 184.992 1772.576 0.329 1.1083 0 0 0 
1510000 12368 222.241 1786.427 0.343 1.3163 0 0 0 
1520000 12416 205.791 1808.258 0.407 1.2242 0 0 0 
1530000 12449 255.832 1825.509 0.473 1.5013 0 0 0 
1540000 12479 289.803 1843.504 0.531 1.6804 0 0 0 
1550000 12523 243.917 1861.757 0.446 1.4386 0 0 0 
1560000 12554 288.475 1879.696 0.52 1.6956 0 0 0 
1570000 12588 288.005 1898.27 0.53 1.6925 0 0 0 
1580000 12624 290.293 1917.66 0.549 1.697 0 0 0 
1590000 12662 268.746 1936.902 0.508 1.5841 0 0 0 
1600000 12701 259.586 1959.426 0.537 1.533 0 0 0 
1610000 12731 291.011 1977.092 0.547 1.7121 0 0 0 
1620000 12750 367.638 1998.963 0.75 2.1415 0 0 0 
1630000 12779 350.955 2019.762 0.722 2.0543 0 0 0 
1640000 12805 354.919 2038.119 0.699 2.08 0 0 0 
1650000 12829 377.349 2056.996 0.732 2.2028 0 0 0 
1660000 12861 346.856 2079.395 0.717 2.0183 0 0 0 
1670000 12878 409.792 2103.792 0.913 2.3737 0 0 0 
1680000 12899 432.145 2130.79 1.042 2.4972 0 0 0 
1690000 12925 408.034 2158.577 1.039 2.3641 0 0 0 
1700000 12949 407.677 2189.631 1.124 2.3639 0 0 0 
1710000 12982 357.042 2215.265 0.956 2.086 0 0 0 
1720000 13039 233.732 2244.042 0.651 1.3922 0 0 0 
1730000 13070 276.124 2272.491 0.784 1.6242 0 0 0 
1740000 13095 323.235 2297.433 0.861 1.8784 0 0 0 
1750000 13122 342.589 2327.66 0.965 1.9796 0 0 0 
1760000 13143 389.195 2355.062 1.091 2.2477 0 0 0 
1770000 13174 357.42 2383.768 1.007 2.0651 0 0 0 
1780000 13201 356.729 2414.47 1.047 2.0712 0 0 0 
1790000 13233 337.755 2444.687 0.996 1.971 0 0 0 
1800000 13255 382.814 2471.338 1.085 2.2185 0 0 0 
1810000 13290 329.555 2503.792 0.992 1.924 0 0 0 
1820000 13318 340.228 2535.211 1.046 1.9921 0 0 0 
1830000 13347 341.668 2565.96 1.045 2.0149 0 0 0 
1840000 13376 348.786 2596.934 1.066 2.0543 0 0 0 
1850000 13398 385.798 2630.931 1.248 2.2622 0 0 0 
1860000 13417 431.736 2662.878 1.388 2.5196 0 0 0 
1870000 13444 411.804 2699.394 1.393 2.4135 0 0 0 
1880000 13472 384.771 2735.18 1.327 2.2653 0 0 0 
1890000 13501 366.299 2769.581 1.27 2.1543 0 0 0 
1900000 13523 398.297 2802.949 1.359 2.3261 0 0 0 
1910000 13540 456.758 2827.22 1.384 2.6393 0 0 0 
1920000 13562 463.444 2858.248 1.404 2.681 0 0 0 
1930000 13577 516.482 2881.767 1.451 2.9764 0 0 0 
1940000 13600 482.789 2907.209 1.314 2.785 0 0 0 
1950000 13616 524.039 2930.71 1.367 3.0072 0 0 0 
1960000 13631 557.539 2957.967 1.474 3.1879 0 0 0 
1970000 13648 570.587 2982.311 1.468 3.2619 0 0 0 
1980000 13663 596.862 3008.28 1.535 3.4148 0 0 0 
1990000 13680 598.098 3034.193 1.539 3.4164 0 0 0 
2000000 13695 614.253 3057.821 1.548 3.5045 0 0 0 
2010000 13713 588.526 3083.963 1.492 3.3669 0 0 0 
2020000 13729 587.455 3112.604 1.56 3.3571 0 0 0 
2030000 13747 586.698 3138.798 1.535 3.3458 0 0 0 
2040000 13762 596.014 3167.56 1.598 3.3969 0 0 0 
2050000 13775 635.629 3192.433 1.694 3.6149 0 0 0 
2060000 13798 568.929 3225.009 1.592 3.2503 0 0 0 
2070000 13815 568.629 3258.151 1.683 3.2575 0 0 0 
2080000 13837 519.963 3293.579 1.645 2.9999 0 0 0 
2090000 13857 518.234 3321.598 1.573 2.9815 0 0 0 
2100000 13875 525.136 3352.537 1.605 3.0158 0 0 0 
2110000 13895 518.578 3382.003 1.567 2.975 0 0 0 
2120000 13915 512.944 3413.249 1.571 2.9412 0 0 0 
2130000 13933 515.712 3442.724 1.548 2.9497 0 0 0 
2140000 13949 542.631 3475.45 1.687 3.1038 0 0 0 
2150000 13966 549.562 3504.351 1.673 3.1405 0 0 0 
2160000 13981 583.69 3537.199 1.819 3.3261 0 0 0 
2170000 13999 577.07 3570.354 1.836 3.281 0 0 0 
2180000 14025 507.574 3598.937 1.552 2.8942 0 0 0 
2190000 14046 502.651 3623.395 1.427 2.8641 0 0 0 
2200000 14069 479.299 3652.517 1.377 2.726 0 0 0 
2210000 14097 414.667 3683.481 1.229 2.3698 0 0 0 
2220000 14118 432.171 3712.733 1.28 2.467 0 0 0 
2230000 14133 497.826 3740.663 1.435 2.8251 0 0 0 
2240000 14154 484.503 3769.904 1.413 2.7479 0 0 0 
2250000 14174 486.375 3796.997 1.386 2.7569 0 0 0 
2260000 14197 469.547 3826.876 1.354 2.6643 0 0 0 
2270000 14214 502.438 3856.479 1.468 2.8609 0 0 0 
2280000 14234 506.812 3887.366 1.502 2.8972 0 0 0 
2290000 14264 430.076 3918.185 1.298 2.481 0 0 0 
2300000 14281 469.498 3947.297 1.402 2.7015 0 0 0 
2310000 14303 472.079 3978.537 1.441 2.7362 0 0 0 
2320000 14325 457.691 4008.302 1.376 2.6412 0 0 0 
2330000 14347 453.969 4038.681 1.382 2.6157 0 0 0 
2340000 14370 452.763 4069.528 1.382 2.6146 0 0 0 
2350000 14387 482.513 4096.651 1.426 2.7856 0 0 0 
2360000 14404 520.088 4128.023 1.556 2.9929 0 0 0 
2370000 14428 479.015 4163.016 1.508 2.7677 0 0 0 
2380000 14449 475.726 4197.258 1.554 2.7552 0 0 0 
2390000 14471 458.673 4232.484 1.538 2.6482 0 0 0 
2400000 14498 425.459 4264.238 1.408 2.4638 0 0 0 
2410000 14517 448.461 4296.464 1.488 2.5859 0 0 0 
2420000 14540 454.452 4334.351 1.571 2.6097 0 0 0 
2430000 14557 487.833 4364.377 1.616 2.7879 0 0 0 
2440000 14583 448.453 4395.887 1.457 2.576 0 0 0 
2450000 14609 418.507 4426.929 1.352 2.4065 0 0 0 
2460000 14632 430.634 4460.695 1.401 2.4759 0 0 0 
2470000 14659 402.43 4495.213 1.346 2.3236 0 0 0 
2480000 14679 434.408 4528.838 1.46 2.5008 0 0 0 
2490000 14700 446.001 4561.491 1.484 2.5587 0 0 0 
2500000 14722 449.058 4593.583 1.471 2.5738 0 0 0 
2510000 14749 420.604 4627.83 1.409 2.4187 0 0 0 
2520000 14773 420.689 4663.183 1.437 2.42 0 0 0 
2530000 14794 436.509 4700.026 1.527 2.5052 0 0 0 
2540000 14814 462.117 4734.998 1.627 2.6512 0 0 0 
2550000 14831 493.459 4771.116 1.748 2.8167 0 0 0 
2560000 14853 476.326 4804.734 1.66 2.7207 0 0 0 
2570000 14871 499.892 4838.239 1.719 2.8515 0 0 0 
2580000 14893 479.406 4873.7 1.667 2.7417 0 0 0 
2590000 14911 503.854 4908.956 1.756 2.8878 0 0 0 
2600000 14931 501.289 4946.506 1.799 2.8704 0 0 0 
2610000 14953 486.133 4984.291 1.785 2.7923 0 0 0 
2620000 14965 559.701 5017.426 1.982 3.2051 0 0 0 
2630000 14987 517.47 5052.529 1.837 2.985 0 0 0 
2640000 15009 493.24 5085.388 1.712 2.8556 0 0 0 
2650000 15023 546.159 5114.577 1.8 3.1505 0 0 0 
2660000 15042 538.505 5143.619 1.712 3.0944 0 0 0 
2670000 15061 531.876 5175.944 1.7 3.0542 0 0 0 
2680000 15076 566.934 5210.661 1.858 3.2468 0 0 0 
2690000 15093 572.229 5243.851 1.891 3.2834 0 0 0 
2700000 15106 618.82 5274.778 2.002 3.5382 0 0 0 
2710000 15128 561.285 5308.891 1.851 3.2154 0 0 0 
2720000 15144 577.303 5340.951 1.893 3.2975 0 0 0 
2730000 15162 572.1 5373.988 1.879 3.271 0 0 0 
2740000 15177 594.877 5407.427 1.962 3.3926 0 0 0 
2750000 15197 563.696 5441.919 1.882 3.2161 0 0 0 
2760000 15218 534.453 5478.81 1.844 3.0508 0 0 0 
2770000 15233 573.045 5509.755 1.909 3.2652 0 0 0 
2780000 15251 570.358 5542.091 1.884 3.2563 0 0 0 
2790000 15271 548.976 5573.594 1.787 3.1411 0 0 0 
2800000 15283 610.068 5603.901 1.94 3.4769 0 0 0 
2810000 15298 625.944 5636.759 1.998 3.566 0 0 0 
2820000 15312 651.785 5667.618 2.053 3.6973 0 0 0 
2830000 15329 634.132 5701.681 2.046 3.6043 0 0 0 
2840000 15342 668.753 5734.744 2.172 3.791 0 0 0 
2850000 15358 658.631 5770.387 2.196 3.7389 0 0 0 
2860000 15371 685.376 5803.805 2.286 3.8826 0 0 0 
2870000 15383 717.959 5837.74 2.408 4.0691 0 0 0 
2880000 15398 704.989 5872.148 2.373 3.9952 0 0 0 
2890000 15412 706.731 5902.196 2.321 4.0096 0 0 0 
2900000 15426 710.525 5935.641 2.345 4.0399 0 0 0 
2910000 15445 647.058 5968.181 2.123 3.6868 0 0 0 
2920000 15460 648.967 6002.463 2.155 3.6975 0 0 0 
2930000 15480 604.847 6038.75 2.06 3.4455 0 0 0 
2940000 15496 612.993 6074.255 2.109 3.4997 0 0 0 
2950000 15519 550.042 6112.171 1.948 3.1527 0 0 0 
2960000 15537 555.245 6145.756 1.93 3.1685 0 0 0 
2970000 15559 525.381 6178.955 1.8 3.0032 0 0 0 
2980000 15588 445.622 6214.545 1.544 2.5661 0 0 0 
2990000 15612 438.429 6249.142 1.524 2.5183 0 0 0 
3000000 15630 475.783 6282.998 1.634 2.7273 0 0 0 
3010000 15652 466.597 6319.625 1.637 2.6852 0 0 0 
3020000 15675 461.22 6359.253 1.696 2.6513 0 0 0 
3030000 15696 461.948 6396.905 1.703 2.6586 0 0 0 
3040000 15717 463.842 6429.706 1.643 2.6763 0 0 0 
3050000 15734 494.864 6462.681 1.725 2.8566 0 0 0 
3060000 15755 479.709 6494.105 1.642 2.768 0 0 0 
3070000 15786 413.993 6528.385 1.404 2.3977 0 0 0 
3080000 15813 402.244 6565.884 1.418 2.3324 0 0 0 
3090000 15840 390.282 6600.803 1.37 2.2618 0 0 0 
3100000 15860 425.087 6636.499 1.502 2.4621 0 0 0 
3110000 15880 443.895 6672.439 1.58 2.5655 0 0 0 
3120000 15900 466.258 6711.185 1.71 2.6962 0 0 0 
3130000 15919 487.026 6748.927 1.807 2.8096 0 0 0 
3140000 15935 517.778 6784.301 1.883 2.9826 0 0 0 
3150000 15961 474.172 6821.837 1.754 2.736 0 0 0 
3160000 15986 432.886 6859.275 1.614 2.512 0 0 0 
3170000 16006 467.061 6890.841 1.637 2.7109 0 0 0 
3180000 16024 483.433 6925.287 1.684 2.7965 0 0 0 
3190000 16045 489.28 6961.931 1.733 2.827 0 0 0 
3200000 16069 450.926 6996.257 1.589 2.6131 0 0 0 
3210000 16097 407.558 7032.319 1.453 2.3695 0 0 0 
3220000 16122 415.904 7071.815 1.531 2.4288 0 0 0 
3230000 16155 367.776 7108.853 1.353 2.1511 0 0 0 
3240000 16179 390.665 7142.559 1.375 2.2705 0 0 0 
3250000 16206 383.696 7177.081 1.345 2.2366 0 0 0 
3260000 16228 417.059 7213.407 1.491 2.4284 0 0 0 
3270000 16241 486.394 7246.923 1.71 2.8117 0 0 0 
3280000 16257 521.249 7282.178 1.833 3.0065 0 0 0 
3290000 16273 550.311 7319.069 1.959 3.1732 0 0 0 
3300000 16289 572.562 7353.898 2.032 3.3043 0 0 0 
3310000 16303 608.956 7389.846 2.159 3.5186 0 0 0 
3320000 16317 637.67 7427.423 2.297 3.6792 0 0 0 
3330000 16328 692.917 7464.827 2.519 3.9893 0 0 0 
3340000 16348 637.568 7502.808 2.351 3.6768 0 0 0 
3350000 16362 654.852 7540.381 2.425 3.7679 0 0 0 
3360000 16384 573.451 7579.819 2.16 3.2979 0 0 0 
3370000 16401 573.73 7617.6 2.163 3.2931 0 0 0 
3380000 16419 569.785 7654.48 2.135 3.2684 0 0 0 
3390000 16437 560.17 7691.72 2.11 3.2101 0 0 0 
3400000 16465 476.301 7729.275 1.792 2.7544 0 0 0 
3410000 16485 483.094 7768.354 1.844 2.797 0 0 0 
3420000 16504 500.049 7804.642 1.877 2.8901 0 0 0 
3430000 16522 513.214 7841.27 1.905 2.9602 0 0 0 
3440000 16542 503.932 7874.961 1.813 2.9058 0 0 0 
3450000 16564 488.997 7911.797 1.77 2.815 0 0 0 
3460000 16579 539.05 7950.19 1.995 3.0931 0 0 0 
3470000 16591 597.328 7987.861 2.219 3.4235 0 0 0 
3480000 16604 636.219 8023.931 2.345 3.6323 0 0 0 
3490000 16618 657.447 8059.004 2.386 3.7452 0 0 0 
3500000 16633 658.139 8092.298 2.343 3.7418 0 0 0 
3510000 16649 650.243 8128.318 2.328 3.7078 0 0 0 
3520000 16663 664.355 8164.593 2.387 3.7874 0 0 0 
3530000 16676 689.887 8199.765 2.482 3.9226 0 0 0 
3540000 16691 680.111 8234.477 2.415 3.8707 0 0 0 
3550000 16704 707.824 8270.321 2.526 4.0176 0 0 0 
3560000 16718 712.977 8307.163 2.564 4.0503 0 0 0 
3570000 16732 708.039 8345.286 2.579 4.0299 0 0 0 
3580000 16746 708.254 8382.665 2.594 4.0292 0 0 0 
3590000 16759 722.544 8420.518 2.666 4.1103 0 0 0 
3600000 16769 773.481 8459.654 2.901 4.3929 0 0 0 
3610000 16782 772.839 8496.3 2.892 4.402 0 0 0 
3620000 16800 706.31 8536.738 2.686 4.0195 0 0 0 
3630000 16814 711.094 8574.502 2.697 4.0424 0 0 0 
3640000 16831 675.848 8612.928 2.575 3.8423 0 0 0 
3650000 16854 589.213 8651.12 2.249 3.3581 0 0 0 
3660000 16868 616.327 8692.529 2.41 3.5199 0 0 0 
3670000 16887 587.259 8730.709 2.282 3.3555 0 0 0 
3680000 16904 590.997 8769.734 2.291 3.3734 0 0 0 
3690000 16919 609.874 8808.763 2.375 3.4766 0 0 0 
3700000 16937 595.136 8851.033 2.373 3.3883 0 0 0 
3710000 16959 543.201 8889.736 2.145 3.095 0 0 0 
3720000 16980 521.528 8926.951 2.028 2.9869 0 0 0 
3730000 17000 510.01 8962.692 1.928 2.9322 0 0 0 
3740000 17021 495.255 8998.899 1.855 2.854 0 0 0 
3750000 17040 500.706 9032.981 1.814 2.8916 0 0 0 
3760000 17061 496.789 9069.744 1.815 2.8689 0 0 0 
3770000 17079 512.047 9103.806 1.826 2.9569 0 0 0 
3780000 17104 471.219 9143.358 1.743 2.7242 0 0 0 
3790000 17137 387.4 9182.801 1.47 2.256 0 0 0 
3800000 17159 413.877 9220.255 1.555 2.3991 0 0 0 
3810000 17184 407.544 9255.828 1.502 2.3584 0 0 0 
3820000 17207 416.39 9291.137 1.515 2.402 0 0 0 
3830000 17232 409.093 9328.21 1.499 2.3657 0 0 0 
3840000 17251 444.269 9362.938 1.595 2.5497 0 0 0 
3850000 17267 493.045 9396.826 1.742 2.8195 0 0 0 
3860000 17287 492.52 9430.207 1.711 2.8132 0 0 0 
3870000 17305 516.034 9460.174 1.703 2.9537 0 0 0 
3880000 17323 527.434 9491.789 1.725 3.0189 0 0 0 
3890000 17340 542.47 9526.166 1.808 3.1043 0 0 0 
3900000 17360 528.58 9557.856 1.737 3.0399 0 0 0 
3910000 17379 531.949 9590.136 1.735 3.0501 0 0 0 
3920000 17402 495.538 9623.202 1.623 2.8432 0 0 0 
3930000 17419 519.009 9654.461 1.679 2.9831 0 0 0 
3940000 17435 546.169 9686.46 1.761 3.1278 0 0 0 
3950000 17445 629.37 9712.986 1.928 3.5999 0 0 0 
3960000 17458 663.505 9742.323 2.005 3.7913 0 0 0 
3970000 17472 676.755 9771.908 2.037 3.8547 0 0 0 
3980000 17489 653.465 9808.631 2.079 3.7306 0 0 0 
3990000 17508 615.003 9842.027 1.984 3.5168 0 0 0 
4000000 17526 598.37 9878.088 1.996 3.4328 0 0 0 
4010000 17544 570.814 9914.264 1.954 3.2815 0 0 0 
4020000 17559 593.875 9948.549 2.024 3.4059 0 0 0 
4030000 17578 579.724 9983.59 1.992 3.3307 0 0 0 
4040000 17599 550.898 10018.084 1.898 3.1771 0 0 0 
4050000 17701 117.249 10047.274 0.353 0.7305 0 0 0 
4060000 18104 23.045 10054.298 0.011 0.2 0 0 0 
4070000 18525 25.92 10054.934 -0.007 0.2137 0 0 0 
4080000 18901 33.063 10052.21 0.012 0.2575 0 0 0 
4090000 19087 101.428 10068.075 0.259 0.6463 0 0 0 
4100000 19114 211.859 10104.562 0.7 1.2827 0 0 0 
4110000 19137 300.058 10135.879 0.959 1.7894 0 0 0 
4120000 19159 355.636 10168.458 1.139 2.1092 0 0 0 
4130000 19179 398.604 10201.324 1.299 2.3434 0 0 0 
4140000 19197 448.452 10225.142 1.312 2.6272 0 0 0 
4150000 19211 514.502 10249.937 1.433 2.9917 0 0 0 
4160000 19222 583.967 10269.101 1.47 3.3707 0 0 0 
4170000 19235 626.14 10291.371 1.518 3.5911 0 0 0 
4180000 19250 640.942 10325.35 1.717 3.6891 0 0 0 
4190000 19264 658.823 10353.156 1.783 3.8001 0 0 0 
4200000 19280 641.417 10380.992 1.755 3.7054 0 0 0 
4210000 19292 681.503 10410.177 1.882 3.9506 0 0 0 
4220000 19307 677.505 10441.323 1.938 3.9292 0 0 0 
4230000 19320 700.485 10469.369 1.994 4.0623 0 0 0 
4240000 19330 753.307 10497.744 2.149 4.3714 0 0 0 
4250000 19341 784.091 10530.383 2.297 4.5458 0 0 0 
4260000 19351 823.769 10559.921 2.417 4.7754 0 0 0 
4270000 19363 835.259 10590.354 2.474 4.8423 0 0 0 
4280000 19377 798.234 10624.163 2.436 4.625 0 0 0 
4290000 19388 820.667 10653.217 2.48 4.7517 0 0 0 
4300000 19404 763.633 10686.65 2.363 4.4174 0 0 0 
4310000 19421 712.101 10721.16 2.263 4.1199 0 0 0 
4320000 19435 708.709 10755.699 2.313 4.0954 0 0 0 
4330000 19452 687.527 10781.576 2.123 3.9644 0 0 0 
4340000 19470 646.133 10812.775 2.01 3.7274 0 0 0 
4350000 19484 651.991 10838.585 1.923 3.7587 0 0 0 
4360000 19495 713.877 10870.844 2.165 4.116 0 0 0 
4370000 19508 725.85 10904.944 2.268 4.1828 0 0 0 
4380000 19524 692.579 10940.331 2.232 3.9978 0 0 0 
4390000 19535 734.74 10975.474 2.414 4.2336 0 0 0 
4400000 19546 768.267 11007.686 2.522 4.4183 0 0 0 
4410000 19556 810.84 11040.103 2.657 4.6656 0 0 0 
4420000 19568 820.291 11072.663 2.682 4.7109 0 0 0 
4430000 19579 831.149 11110.13 2.804 4.7613 0 0 0 
4440000 19590 845.324 11144.541 2.868 4.8341 0 0 0 
4450000 19601 856.669 11176.087 2.863 4.8932 0 0 0 
4460000 19612 865.709 11203.859 2.776 4.937 0 0 0 
4470000 19623 875.907 11234.69 2.79 4.9944 0 0 0 
4480000 19638 816.781 11268.27 2.641 4.6637 0 0 0 
4490000 19653 779.936 11303.644 2.581 4.4693 0 0 0 
4500000 19669 734.762 11333.844 2.385 4.2181 0 0 0 
4510000 19682 744.338 11365.018 2.4 4.2691 0 0 0 
4520000 19693 775.925 11394.061 2.442 4.4412 0 0 0 
4530000 19707 766.559 11421.237 2.335 4.3803 0 0 0 
4540000 19724 714.108 11452.123 2.185 4.0916 0 0 0 
4550000 20267 10.305 11464.116 -0.003 0.1223 0 0 0 
4560000 20282 181.709 11497.343 0.567 1.0712 0 0 0 
4570000 20297 305.526 11529.952 0.989 1.7737 0 0 0 
4580000 20313 400.595 11565.254 1.343 2.3255 0 0 0 
4590000 20325 488.181 11592.405 1.511 2.8286 0 0 0 
4600000 20340 538.713 11624.151 1.676 3.106 0 0 0 
4610000 20357 551.024 11658.317 1.77 3.173 0 0 0 
4620000 20369 611.796 11689.012 1.941 3.5064 0 0 0 
4630000 20380 671.835 11718.524 2.1 3.8452 0 0 0 
4640000 20392 707.221 11746.624 2.152 4.0424 0 0 0 
4650000 20409 671.497 11779.266 2.079 3.8402 0 0 0 
4660000 20423 677.221 11807.878 2.061 3.8816 0 0 0 
4670000 20440 647.072 11834.926 1.929 3.7113 0 0 0 
4680000 20452 687.497 11861.754 1.99 3.9366 0 0 0 
4690000 20466 690.051 11893.675 2.049 3.9593 0 0 0 
4700000 20482 672.959 11927.902 2.08 3.8674 0 0 0 
4710000 20499 647.298 11959.689 2.022 3.7235 0 0 0 
4720000 20519 597.724 11994.061 1.915 3.4427 0 0 0 
4730000 20534 619.168 12023.626 1.93 3.5564 0 0 0 
4740000 20549 636.605 12050.583 1.912 3.6525 0 0 0 
4750000 20567 611.133 12080.963 1.847 3.5097 0 0 0 
4760000 20581 638.538 12111.435 1.926 3.6665 0 0 0 
4770000 20595 656.788 12142.333 1.998 3.779 0 0 0 
4780000 20612 638.501 12175.554 1.983 3.6822 0 0 0 
4790000 20629 629.146 12212.375 2.05 3.6308 0 0 0 
4800000 20648 598.964 12247.963 1.999 3.4646 0 0 0 
4810000 20661 633.008 12281.552 2.115 3.6729 0 0 0 
4820000 20676 641.746 12319.078 2.22 3.7165 0 0 0 
4830000 20692 640.386 12350.991 2.167 3.7048 0 0 0 
4840000 20707 650.677 12385.851 2.219 3.7674 0 0 0 
4850000 20720 675.43 12419.225 2.291 3.8995 0 0 0 
4860000 20735 674.729 12451.405 2.263 3.8932 0 0 0 
4870000 20751 660.041 12486.271 2.233 3.8128 0 0 0 
4880000 20764 683.503 12518.816 2.295 3.9503 0 0 0 
4890000 20780 668.148 12554.021 2.265 3.8739 0 0 0 
4900000 20796 654.684 12586.345 2.197 3.793 0 0 0 
4910000 20813 632.806 12619.948 2.125 3.6668 0 0 0 
4920000 20829 634.764 12654.893 2.156 3.675 0 0 0 
4930000 20843 655.434 12691.707 2.274 3.7926 0 0 0 
4940000 20860 638.836 12727.512 2.235 3.7032 0 0 0 
4950000 20874 658.724 12756.788 2.204 3.8113 0 0 0 
4960000 20890 647.112 12789.449 2.159 3.7413 0 0 0 
4970000 20907 628.19 12823.429 2.106 3.6315 0 0 0 
4980000 20920 663.623 12858.318 2.246 3.8311 0 0 0 
4990000 20932 697.571 12892.306 2.367 4.0186 0 0 0 
5000000 20946 698.046 12929.021 2.42 4.0156 0 0 0 
5010000 20958 710.972 12965.678 2.496 4.087 0 0 0 
5020000 20969 750.921 13001.657 2.648 4.3082 0 0 0 
5030000 20981 768.793 13039.233 2.746 4.4051 0 0 0 
5040000 20991 811.27 13075.118 2.907 4.6565 0 0 0 
5050000 21002 831.598 13112.679 3.006 4.7628 0 0 0 
5060000 21013 848.375 13145.156 3.003 4.8528 0 0 0 
5070000 21025 844.704 13180.307 2.986 4.8313 0 0 0 
5080000 21037 843.233 13216.101 2.979 4.8176 0 0 0 
5090000 21052 799.314 13255.763 2.91 4.5753 0 0 0 
5100000 21062 836.208 13295.665 3.108 4.7881 0 0 0 
5110000 21073 850.42 13335.109 3.2 4.8765 0 0 0 
5120000 21084 862.587 13376.281 3.29 4.891 0 0 0 
5130000 21095 870.807 13414.897 3.343 4.9433 0 0 0 
5140000 21106 888.731 13453.469 3.415 5.0385 0 0 0 
5150000 21116 899.263 13491.125 3.445 5.1063 0 0 0 
5160000 21128 884.269 13526.348 3.348 5.0337 0 0 0 
5170000 21139 886.52 13562.614 3.313 5.0514 0 0 0 
5180000 21155 816.649 13598.374 3.019 4.6556 0 0 0 
5190000 21170 772.34 13636.098 2.873 4.4179 0 0 0 
5200000 21184 761.592 13671.014 2.803 4.3607 0 0 0 
5210000 21198 743.644 13700.674 2.617 4.2534 0 0 0 
5220000 21214 708.911 13736.498 2.482 4.0662 0 0 0 
5230000 21228 710.919 13773.332 2.535 4.0837 0 0 0 
5240000 21239 751.542 13811.343 2.728 4.3126 0 0 0 
5250000 21250 784.06 13849.487 2.878 4.5025 0 0 0 
5260000 21260 823.744 13888.842 3.065 4.7144 0 0 0 
5270000 21271 841.439 13925.229 3.127 4.8096 0 0 0 
5280000 21285 816.502 13961.378 3.01 4.6568 0 0 0 
5290000 21300 771.618 13996.126 2.804 4.404 0 0 0 
5300000 21317 716.497 14030.672 2.57 4.092 0 0 0 
5310000 21334 679.249 14067.248 2.445 3.8906 0 0 0 
5320000 21347 701.749 14103.444 2.532 4.0128 0 0 0 
5330000 21362 694.313 14140.451 2.523 3.9659 0 0 0 
5340000 21410 406.34 14176.41 1.466 2.3476 0 0 0 
5350000 21431 425.148 14211.042 1.51 2.4584 0 0 0 
5360000 21447 481.583 14250.293 1.779 2.7701 0 0 0 
5370000 21459 557.241 14288.266 2.073 3.2097 0 0 0 
5380000 21472 609.502 14323.488 2.232 3.4911 0 0 0 
5390000 21493 563.268 14358.799 2.04 3.2348 0 0 0 
5400000 21507 592.863 14394.108 2.137 3.398 0 0 0 
5410000 21522 613.153 14430.663 2.21 3.5166 0 0 0 
5420000 21540 594.429 14467.252 2.149 3.4201 0 0 0 
5430000 21554 621.571 14501.783 2.218 3.5793 0 0 0 
5440000 21568 642.85 14537.255 2.286 3.6922 0 0 0 
5450000 21582 660.631 14575.23 2.389 3.7987 0 0 0 
5460000 21592 722.894 14609.858 2.598 4.1439 0 0 0 
5470000 21602 773.767 14643.487 2.732 4.4227 0 0 0 
5480000 21612 815.334 14676.596 2.841 4.6553 0 0 0 
5490000 21623 832.423 14708.232 2.845 4.751 0 0 0 
5500000 21635 835.077 14738.841 2.78 4.7714 0 0 0 
5510000 21648 819.531 14769.874 2.691 4.6752 0 0 0 
5520000 21660 822.371 14803.019 2.706 4.6932 0 0 0 
5530000 21679 729.968 14833.95 2.363 4.181 0 0 0 
5540000 21698 668.516 14867.061 2.188 3.8335 0 0 0 
5550000 21710 695.985 14899.225 2.267 3.9832 0 0 0 
5560000 21723 718.29 14932.278 2.351 4.1032 0 0 0 
5570000 21744 629.048 14967.66 2.093 3.5967 0 0 0 
5580000 21762 604.232 14999.46 1.993 3.4573 0 0 0 
5590000 21776 633.714 15032.504 2.1 3.6213 0 0 0 
5600000 21786 700.901 15065.653 2.319 3.996 0 0 0 
5610000 21799 713.667 15100.217 2.389 4.0744 0 0 0 
5620000 21810 750.199 15138.396 2.592 4.2801 0 0 0 
5630000 21820 796.077 15178.511 2.854 4.543 0 0 0 
5640000 21830 833.563 15216.57 3.033 4.751 0 0 0 
5650000 21840 864.192 15254.119 3.163 4.9432 0 0 0 
5660000 21850 889.218 15292.207 3.276 5.0721 0 0 0 
5670000 21864 843.714 15330.738 3.142 4.8133 0 0 0 
5680000 21883 743.628 15371.001 2.819 4.2496 0 0 0 
5690000 21895 764.502 15413.109 2.976 4.3571 0 0 0 
5700000 21916 663.938 15452.854 2.594 3.7961 0 0 0 
5710000 22065 70.485 15481.834 0.21 0.4729 0 0 0 
5720000 22227 96.582 15511.109 0.331 0.6143 0 0 0 
5730000 22238 256.678 15547.428 0.917 1.5152 0 0 0 
5740000 22252 372.459 15581.019 1.288 2.1665 0 0 0 
5750000 22263 480.534 15618.99 1.73 2.7837 0 0 0 
5760000 22273 575.741 15654.159 2.052 3.3217 0 0 0 
5770000 22284 643.923 15685.242 2.213 3.7018 0 0 0 
5780000 22294 709.242 15717.159 2.39 4.0664 0 0 0 
5790000 22304 762.613 15748.576 2.526 4.3601 0 0 0 
5800000 22314 806.22 15777.606 2.596 4.5901 0 0 0 
5810000 22324 841.851 15809.275 2.699 4.7981 0 0 0 
5820000 22335 856.004 15841.453 2.751 4.8723 0 0 0 
5830000 22346 867.737 15871.346 2.744 4.9256 0 0 0 
5840000 22357 875.224 15900.181 2.721 4.9691 0 0 0 
5850000 22368 881.398 15929.526 2.707 5.0118 0 0 0 
5860000 22380 871.518 15961.003 2.687 4.9627 0 0 0 
5870000 22393 849.005 15990.168 2.594 4.8331 0 0 0 
5880000 22405 846.787 16018.749 2.552 4.8161 0 0 0 
5890000 22416 858.359 16043.567 2.491 4.8845 0 0 0 
5900000 22426 884.452 16068.212 2.487 5.0284 0 0 0 
5910000 22438 874.972 16092.796 2.397 4.9719 0 0 0 
5920000 22450 868.337 16117.854 2.338 4.9411 0 0 0 
5930000 22460 892.605 16144.541 2.4 5.0816 0 0 0 
5940000 22471 897.442 16172.947 2.442 5.1182 0 0 0 
5950000 22482 899.552 16203.889 2.513 5.1333 0 0 0 
5960000 22496 855.06 16236.146 2.469 4.8988 0 0 0 
5970000 22509 835.703 16269.602 2.497 4.7693 0 0 0 
5980000 22520 851.884 16306.717 2.678 4.8683 0 0 0 
5990000 22531 864.799 16346.741 2.874 4.9288 0 0 0 
6000000 22541 889.714 16383.943 3.029 5.0631 0 0 0 
