10000 10 182.927 -13588.433 -248.558 0.1848 0 0 0 0.0 0.0 0.0 0.0 0.0 
20000 20 332.392 -27151.603 -451.213 0.3344 0 0 0 0.0 0.0 0.0 0.0 0.0 
30000 30 454.516 -40760.705 -617.26 1.8033 0 0 0 0.013373 2.5096814 0.0683557 0.1197199 0.0451032 
40000 40 554.3 -53662.284 -739.135 2.9969 0 0 0 0.0106014 4.6403713 0.1769432 0.0979193 0.0337789 
50000 50 635.83 -65441.87 -818.728 3.9699 0 0 0 0.0097256 6.510192 0.4026705 0.0937115 0.0333327 
60000 60 702.447 -76708.779 -874.61 4.7615 0 0 0 0.0106877 8.2350064 0.6269105 0.0923808 0.0330552 
70000 70 756.877 -87660.412 -913.974 5.4144 0 0 0 0.0109863 9.772455 0.8013013 0.0916835 0.0332246 
80000 80 801.351 -98210.94 -939.18 5.9492 0 0 0 0.0113781 11.0759499 1.1763641 0.0914716 0.0335089 
90000 90 837.689 -109148.029 -966.486 6.3805 0 0 0 0.0110068 12.0531437 1.1076993 0.0945364 0.0357076 
100000 100 867.38 -117525.598 -942.86 6.7265 0 0 0 0.0118402 13.125233 1.2238506 0.1003631 0.0389139 
110000 110 891.64 -127362.605 -950.403 7.0116 0 0 0 0.0127113 13.7542362 1.3443842 0.1047147 0.0419695 
120000 120 911.462 -137398.127 -959.447 7.2483 0 0 0 0.0125763 14.2048874 1.2357696 0.1067551 0.0425568 
130000 130 927.658 -145969.367 -940.669 7.4424 0 0 0 0.0139951 14.460788 1.4130653 0.116532 0.0491726 
140000 140 940.891 -153307.758 -902.571 7.593 0 0 0 0.0151117 14.6446936 1.7745425 0.1239172 0.0545907 
150000 150 951.704 -161031.606 -878.749 7.7182 0 0 0 0.0154516 14.8915706 1.7303341 0.1291802 0.0587959 
160000 160 960.539 -171716.039 -913.795 7.8281 0 0 0 0.0149904 14.7642522 1.8237966 0.1282252 0.0579597 
170000 170 967.757 -175197.251 -808.029 7.9094 0 0 0 0.0147021 14.1082127 1.9490542 0.1309111 0.0611512 
180000 180 973.655 -175848.489 -671.873 7.9768 0 0 0 0.0155735 12.8831651 2.2149493 0.1357919 0.0647028 
190000 190 978.474 -176015.222 -554.215 8.0336 0 0 0 0.0153826 11.047614 2.3590722 0.1355517 0.0644195 
200000 200 982.412 -180791.191 -541.838 8.0781 0 0 0 0.015134 9.4492774 2.317835 0.1383358 0.0658743 
210000 210 985.629 -183908.75 -500.498 8.1275 0 0 0 0.0157055 7.5123403 2.5275388 0.1413209 0.0682793 
220000 220 988.258 -187674.223 -478.2 8.1706 0 0 0 0.0151356 4.9634807 2.6689578 0.1422715 0.0691033 
230000 230 990.406 -185071.06 -342.137 8.2107 0 0 0 0.0147298 -0.1591298 2.840765 0.1426173 0.068834 
240000 240 992.161 -180370.044 -193.064 8.2458 0 0 0 0.0153445 -5.3026268 2.9131753 0.1434975 0.0686984 
250000 250 993.595 -176953.641 -94.851 8.2632 0 0 0 0.0152599 -9.8738103 3.1814885 0.1453296 0.0702275 
260000 260 994.767 -176361.112 -66.404 8.2723 0 0 0 0.0146845 -13.2550993 3.1082103 0.1465301 0.0718997 
270000 270 995.724 -177219.952 -69.67 8.2803 0 0 0 0.0148112 -16.0721841 3.2491999 0.1476851 0.0721548 
280000 280 996.506 -173545.997 8.421 8.2928 0 0 0 0.0139438 -19.1821028 3.2123611 0.1441236 0.0712867 
290000 290 997.145 -169860.164 74.925 8.3016 0 0 0 0.0131683 -22.1482108 3.4055714 0.143614 0.0705705 
300000 300 997.667 -167057.028 110.84 8.3022 0 0 0 0.0126787 -25.3235262 2.6437794 0.1410529 0.0684973 
310000 310 998.094 -164493.266 136.335 8.305 0 0 0 0.012561 -27.8697872 2.5736069 0.1430598 0.0710026 
320000 320 998.443 -167476.456 57.13 8.3115 0 0 0 0.012684 -30.5167604 3.225558 0.1406476 0.0690755 
330000 330 998.728 -166646.997 63.911 8.3153 0 0 0 0.0119992 -32.6218233 3.5972103 0.1365208 0.0667963 
340000 340 998.96 -162438.733 128.768 8.3178 0 0 0 0.0108433 -34.4942422 3.5179498 0.128612 0.0617777 
350000 350 999.151 -158016.583 187.325 8.3267 0 0 0 0.009963 -36.4522862 3.5327731 0.1214124 0.0573356 
360000 360 999.306 -154506.057 217.787 8.3305 0 0 0 0.0092251 -38.7629295 3.2173947 0.1165441 0.0548044 
370000 370 999.433 -149004.195 278.465 8.334 0 0 0 0.0085768 -40.6861613 5.0154615 0.1089023 0.0504847 
380000 380 999.537 -143675.597 324.976 8.3397 0 0 0 0.0078892 -42.9623225 4.0528511 0.1037212 0.0478363 
390000 390 999.621 -138737.197 355.037 8.3488 0 0 0 0.007129 -45.0682463 3.7371794 0.1008244 0.0466441 
400000 400 999.691 -135540.449 348.078 8.3469 0 0 0 0.007215 -46.8375498 3.6022105 0.0987428 0.0454396 
410000 410 999.747 -136056.16 280.224 8.3502 0 0 0 0.0069233 -49.0071596 3.6183254 0.0957712 0.0443706 
420000 420 999.793 -131236.859 316.9 8.3606 0 0 0 0.0067899 -51.867075 3.4248447 0.0942219 0.0436153 
430000 430 999.831 -126152.361 351.484 8.355 0 0 0 0.006196 -53.8936253 3.1756106 0.0907868 0.0413323 
440000 440 999.862 -122705.592 347.18 8.3526 0 0 0 0.0064204 -56.0972607 3.5859484 0.0942138 0.0437736 
450000 450 999.887 -117610.411 377.138 8.3549 0 0 0 0.0056892 -57.7586879 6.6036024 0.0900138 0.041787 
460000 460 999.908 -112565.722 399.748 8.3583 0 0 0 0.0058235 -59.6822133 4.438758 0.091467 0.0425021 
470000 470 999.925 -106664.253 434.381 8.3556 0 0 0 0.0062988 -61.493529 7.1658369 0.0932327 0.0445541 
480000 480 999.939 -100149.551 473.809 8.3532 0 0 0 0.006088 -63.0967358 4.7726898 0.0955872 0.0462374 
490000 490 999.95 -93762.435 503.036 8.4071 0 0 0 0.0061624 -64.5006444 6.5320763 0.0923069 0.044945 
500000 500 999.959 -92998.913 425.798 8.4822 0 0 0 0.006302 -65.6230605 6.7382944 0.0943996 0.0462197 
510000 510 999.966 -88563.955 428.323 8.5358 0 0 0 0.0064041 -67.3884402 7.7431811 0.0916701 0.0449773 
520000 520 999.973 -81791.991 474.113 8.5761 0 0 0 0.0061846 -69.1881318 6.670127 0.0912838 0.0453099 
530000 530 999.978 -75344.544 505.164 8.6124 0 0 0 0.0055803 -70.7396715 6.3258061 0.0907096 0.0450499 
540000 540 999.982 -68568.79 536.557 8.6357 0 0 0 0.0063628 -72.5433542 10.2425081 0.0983119 0.0505294 
550000 550 999.985 -62122.49 556.844 8.6524 0 0 0 0.0065668 -74.4226619 4.4764828 0.1018076 0.0524222 
560000 560 999.988 -55449.345 577.541 8.644 0 0 0 0.007073 -76.5219333 7.3558307 0.1080888 0.056983 
570000 570 999.99 -46956.638 627.427 8.6338 0 0 0 0.0064932 -78.1916526 7.6234178 0.1114405 0.059248 
580000 580 999.992 -38222.689 672.23 8.6023 0 0 0 0.0064388 -79.57103 8.0263987 0.1149895 0.0606373 
590000 590 999.993 -30138.856 697.362 8.5618 0 0 0 0.0065186 -80.8635129 10.3595254 0.1160991 0.060828 
600000 600 999.995 -22107.395 716.712 8.5239 0 0 0 0.006706 -82.3044321 7.6986305 0.1157194 0.0604634 
610000 610 999.996 -14496.106 724.833 8.4972 0 0 0 0.0068031 -83.476958 5.4659536 0.1172958 0.061065 
620000 620 999.996 -6279.629 742.596 8.4765 0 0 0 0.0070367 -84.1155918 15.41926 0.1191528 0.0629184 
630000 630 999.997 2062.628 759.314 8.4578 0 0 0 0.0066821 -85.1734442 6.5257392 0.1242867 0.0659588 
640000 640 999.998 10167.846 768.466 8.4501 0 0 0 0.0073765 -86.0310305 8.8975996 0.1280474 0.0678561 
650000 650 999.998 17953.353 769.899 8.4387 0 0 0 0.0074346 -86.9720513 6.3063006 0.1309415 0.0696864 
660000 660 999.998 26174.957 779.531 8.4265 0 0 0 0.0070625 -88.2467032 11.2916361 0.131149 0.0691401 
670000 670 999.999 34777.493 794.414 8.4141 0 0 0 0.0067134 -89.5924401 7.2216978 0.1325755 0.0703766 
680000 680 999.999 43674.709 811.985 8.4128 0 0 0 0.0071012 -90.6579789 15.2471165 0.1372145 0.0733434 
690000 690 999.999 52378.516 822.776 8.4026 0 0 0 0.006969 -91.5923407 8.8940961 0.1384619 0.0739707 
700000 700 999.999 60541.845 821.795 8.397 0 0 0 0.0068073 -92.9326361 5.5720705 0.1392057 0.0734437 
710000 710 999.999 69092.641 828.301 8.3946 0 0 0 0.0069015 -93.9429392 6.3970201 0.1401938 0.074763 
720000 720 1000.0 78191.321 842.92 8.3888 0 0 0 0.0061526 -94.7714288 6.7755368 0.1401074 0.0738038 
730000 730 1000.0 87104.309 852.352 8.3888 0 0 0 0.0063252 -95.8237899 7.526158 0.1419294 0.0740994 
740000 740 1000.0 96409.706 866.936 8.3824 0 0 0 0.0059643 -96.8478931 8.0892706 0.1423609 0.0744106 
750000 750 1000.0 106279.348 888.447 8.3819 0 0 0 0.0064568 -97.9932437 4.9068149 0.1455168 0.0760422 
760000 760 1000.0 115834.603 900.992 8.3809 0 0 0 0.006806 -99.0085874 7.7564665 0.1460202 0.0757276 
770000 770 1000.0 125514.643 913.25 8.3813 0 0 0 0.0068101 -100.0937817 16.1573434 0.1489586 0.0780461 
780000 780 1000.0 134303.096 908.011 8.3838 0 0 0 0.006863 -101.1787893 13.1294195 0.1497184 0.0788114 
790000 790 1000.0 144913.846 936.89 8.3764 0 0 0 0.0068846 -102.5341425 10.3783259 0.1533653 0.0818812 
800000 800 1000.0 154759.656 945.953 8.3856 0 0 0 0.0068595 -103.9621857 7.1413111 0.1542273 0.082203 
810000 810 1000.0 164357.008 948.843 8.396 0 0 0 0.0075884 -105.2952843 15.4318821 0.156505 0.0842724 
820000 820 1000.0 174914.933 968.261 8.4008 0 0 0 0.0071895 -106.7369394 9.8574703 0.1565366 0.0838824 
830000 830 1000.0 184474.024 966.303 8.3968 0 0 0 0.0072763 -107.9044033 13.1429284 0.1575625 0.0841796 
840000 840 1000.0 195355.132 988.626 8.4001 0 0 0 0.0078999 -109.4322812 9.4907802 0.1580855 0.0845096 
850000 850 1000.0 204739.337 981.276 8.3994 0 0 0 0.0080465 -110.6397396 15.1239274 0.1592733 0.085739 
860000 860 1000.0 215444.684 998.114 8.3948 0 0 0 0.0076828 -112.097592 19.5015731 0.1589506 0.0847753 
870000 870 1000.0 226859.707 1024.697 8.4055 0 0 0 0.0074097 -113.6237931 11.3637541 0.159088 0.0852036 
880000 880 1000.0 237421.237 1030.494 8.4008 0 0 0 0.0082985 -115.0523501 15.6233122 0.159469 0.0857906 
890000 890 1000.0 248163.362 1039.489 8.3971 0 0 0 0.0071971 -116.6959613 13.7716134 0.1581599 0.0844036 
900000 900 1000.0 258503.485 1037.519 8.3979 0 0 0 0.0077897 -118.1065545 27.2132274 0.1613472 0.0868511 
910000 910 1000.0 271565.876 1087.073 8.4063 0 0 0 0.0071224 -119.8732265 8.7011738 0.1596656 0.0849799 
920000 920 1000.0 284677.982 1127.633 8.4075 0 0 0 0.0072972 -121.643417 16.5806952 0.1623891 0.0871859 
930000 930 1000.0 297989.331 1164.96 8.4062 0 0 0 0.0079706 -123.4862206 6.4309454 0.1615972 0.0860722 
940000 940 1000.0 309228.223 1155.997 8.4071 0 0 0 0.0079119 -124.8554965 15.5635319 0.1639516 0.0888981 
950000 950 1000.0 320994.202 1158.138 8.4064 0 0 0 0.0080035 -126.0746817 12.6391357 0.161958 0.0856369 
960000 960 1000.0 333626.461 1177.538 8.4129 0 0 0 0.007956 -127.5951109 38.7480811 0.1611222 0.0857035 
970000 970 1000.0 346750.061 1201.933 8.4138 0 0 0 0.0072667 -129.5030046 20.9958985 0.1589035 0.0838562 
980000 980 1000.0 359425.234 1214.145 8.4103 0 0 0 0.0072473 -131.0352802 17.2479146 0.1612638 0.0854162 
990000 990 1000.0 372180.941 1223.984 8.4098 0 0 0 0.0078654 -132.4463286 20.12371 0.161365 0.0848809 
1000000 1000 1000.0 381343.079 1167.762 8.4036 0 0 0 0.0074693 -133.9985777 19.0771637 0.1609073 0.0842938 
1010000 1010 1000.0 392839.391 1163.543 8.3987 0 0 0 0.0076748 -135.1654314 19.5745574 0.1591886 0.0828618 
1020000 1020 1000.0 405850.464 1189.536 8.4001 0 0 0 0.0073377 -136.9269729 15.445864 0.1604193 0.0836087 
1030000 1030 1000.0 417642.343 1187.323 8.396 0 0 0 0.0075696 -137.8728399 12.8125415 0.1600308 0.0832593 
1040000 1040 1000.0 430604.078 1207.906 8.3944 0 0 0 0.0070995 -139.2122149 20.4375146 0.1572365 0.0807156 
1050000 1050 1000.0 442824.241 1209.48 8.3953 0 0 0 0.0075036 -140.7344847 28.4027052 0.1585059 0.0816342 
1060000 1060 1000.0 456495.757 1237.844 8.3937 0 0 0 0.0076764 -142.27255 26.3746698 0.1606603 0.0827244 
1070000 1070 1000.0 470273.251 1263.634 8.3967 0 0 0 0.0067715 -143.8850274 13.3979318 0.1554872 0.0787733 
1080000 1080 1000.0 484638.511 1294.945 8.3902 0 0 0 0.0073934 -145.6351521 8.8620997 0.1593598 0.0818393 
1090000 1090 1000.0 498235.986 1308.556 8.3881 0 0 0 0.0069158 -147.0711618 11.8084426 0.1586251 0.0813028 
1100000 1100 1000.0 512461.322 1329.562 8.3949 0 0 0 0.0071688 -149.0995681 16.5058614 0.1581957 0.0813057 
1110000 1110 1000.0 525221.682 1321.07 8.3983 0 0 0 0.0069929 -150.1842829 14.1078978 0.1581989 0.0809488 
1120000 1120 1000.0 539774.657 1345.728 8.3917 0 0 0 0.0068894 -151.5853621 30.0354662 0.1581353 0.0820358 
1130000 1130 1000.0 554538.639 1369.563 8.3941 0 0 0 0.0074889 -153.351757 25.3292843 0.1583026 0.0818925 
1140000 1140 1000.0 569390.726 1390.476 8.4005 0 0 0 0.006977 -154.5329958 31.9706721 0.1567667 0.0811057 
1150000 1150 1000.0 585074.337 1423.793 8.4076 0 0 0 0.0069809 -156.302837 26.3935802 0.1571166 0.0800384 
1160000 1160 1000.0 598323.571 1406.327 8.4079 0 0 0 0.0069952 -157.3617101 15.6797429 0.1564315 0.0801301 
1170000 1170 1000.0 614029.861 1436.245 8.4003 0 0 0 0.0070713 -158.8923378 34.1168559 0.1575666 0.0806715 
1180000 1180 1000.0 628972.072 1446.364 8.3989 0 0 0 0.0067642 -160.1545565 15.7532307 0.1542634 0.0779427 
1190000 1190 1000.0 644172.337 1460.112 8.3942 0 0 0 0.0067899 -161.9682149 28.6380579 0.156926 0.0805283 
1200000 1200 1000.0 659365.901 1471.202 8.3921 0 0 0 0.0071555 -163.110688 28.0583755 0.1569101 0.0802776 
1210000 1210 1000.0 673339.995 1456.0 8.3866 0 0 0 0.006652 -164.3000456 30.9025927 0.1560196 0.07904 
1220000 1220 1000.0 689011.094 1476.424 8.3942 0 0 0 0.0068899 -165.3693924 28.1156556 0.1573642 0.0797263 
1230000 1230 1000.0 702601.618 1456.048 8.3949 0 0 0 0.0064936 -166.4751838 19.9533578 0.1555634 0.0787822 
1240000 1240 1000.0 719057.862 1490.204 8.3967 0 0 0 0.0062609 -167.7473653 23.5253926 0.1570144 0.0793372 
1250000 1250 1000.0 735332.911 1515.335 8.3986 0 0 0 0.006872 -168.6570975 42.4196074 0.1589777 0.0815186 
1260000 1260 1000.0 751284.859 1529.91 8.3981 0 0 0 0.0064573 -169.6720238 28.5846978 0.1583587 0.0799419 
1270000 1270 1000.0 766648.15 1531.416 8.4022 0 0 0 0.0064861 -170.8856149 33.6263833 0.1606178 0.081647 
1280000 1280 1000.0 781878.174 1530.591 8.4028 0 0 0 0.0063417 -171.8636379 20.6605562 0.1617517 0.0830089 
1290000 1290 1000.0 798121.596 1548.305 8.396 0 0 0 0.0066575 -173.3778379 34.2127262 0.1626307 0.0840637 
1300000 1300 1000.0 814333.382 1562.415 8.3932 0 0 0 0.0065091 -174.2688016 43.3624204 0.1631817 0.0844273 
1310000 1310 1000.0 831434.829 1589.709 8.3862 0 0 0 0.0063207 -176.0461867 26.5557364 0.1637722 0.0844289 
1320000 1320 1000.0 848545.446 1612.47 8.3881 0 0 0 0.0065994 -176.8379337 44.5783691 0.1655797 0.0865469 
1330000 1330 1000.0 866094.867 1638.85 8.3904 0 0 0 0.0065289 -178.389075 47.2810711 0.1651279 0.0854391 
1340000 1340 1000.0 885120.201 1687.467 8.394 0 0 0 0.0060607 -179.5322931 52.2485025 0.1661398 0.085925 
1350000 1350 1000.0 901917.528 1684.545 8.3939 0 0 0 0.0064215 -180.7557418 31.1415995 0.16504 0.0853785 
1360000 1360 1000.0 919774.151 1702.265 8.3901 0 0 0 0.0063275 -182.2145876 45.8148286 0.1654521 0.0849672 
1370000 1370 1000.0 935686.86 1681.736 8.3945 0 0 0 0.0062288 -183.0225883 30.5332482 0.167837 0.0872141 
1380000 1380 1000.0 951756.012 1668.666 8.3995 0 0 0 0.0059371 -184.4709759 18.4264496 0.1675463 0.0868645 
1390000 1390 1000.0 968754.684 1674.188 8.4015 0 0 0 0.0067782 -185.3400835 37.6272574 0.1695644 0.0874026 
1400000 1400 1000.0 986005.589 1683.977 8.398 0 0 0 0.0066653 -186.618275 38.1033799 0.1707151 0.0891318 
1410000 1410 1000.0 1003689.836 1699.922 8.3965 0 0 0 0.006533 -187.6987981 39.8599142 0.1698852 0.0883472 
1420000 1420 1000.0 1021597.577 1716.413 8.3967 0 0 0 0.0067761 -188.8785385 42.2912434 0.1714493 0.0899152 
1430000 1430 1000.0 1038787.042 1716.928 8.3932 0 0 0 0.0066666 -190.3312649 22.3037022 0.1733502 0.0910395 
1440000 1440 1000.0 1055776.393 1713.109 8.3949 0 0 0 0.0069349 -190.8672171 71.6243508 0.1745582 0.0914652 
1450000 1450 1000.0 1072276.35 1701.741 8.3987 0 0 0 0.0070557 -192.4974005 54.9811779 0.1742044 0.091101 
1460000 1460 1000.0 1089521.687 1706.174 8.3977 0 0 0 0.0075095 -193.344819 26.9231067 0.1778454 0.095083 
1470000 1470 1000.0 1105232.339 1682.886 8.3931 0 0 0 0.0067353 -193.9113538 70.5164346 0.17601 0.0937316 
1480000 1480 1000.0 1123031.727 1701.363 8.3914 0 0 0 0.0066223 -195.4250583 55.0903451 0.1762226 0.094689 
1490000 1490 1000.0 1141103.223 1720.688 8.3878 0 0 0 0.0064291 -196.3093095 32.880189 0.1742698 0.0917898 
1500000 1500 1000.0 1158687.606 1728.551 8.3928 0 0 0 0.0065732 -197.2504064 26.3541186 0.1739482 0.0921523 
1510000 1510 1000.0 1176671.81 1741.226 8.39 0 0 0 0.0059019 -198.6897384 32.0367871 0.1751112 0.093673 
1520000 1520 1000.0 1195003.816 1758.431 8.3896 0 0 0 0.0064042 -199.7027556 31.7567096 0.173478 0.0922831 
1530000 1530 1000.0 1213407.202 1773.231 8.3939 0 0 0 0.0057363 -200.6492525 21.8658139 0.1744139 0.0928542 
1540000 1540 1000.0 1231207.822 1774.211 8.3988 0 0 0 0.0057991 -201.6381634 37.0872635 0.1745822 0.0936543 
1550000 1550 1000.0 1247874.347 1753.658 8.4048 0 0 0 0.0063783 -202.5676977 22.9831428 0.1739327 0.0926445 
1560000 1560 1000.0 1264812.668 1742.615 8.4077 0 0 0 0.0062581 -203.313234 45.2182928 0.17702 0.0958674 
1570000 1570 1000.0 1281468.237 1728.379 8.4153 0 0 0 0.0064581 -203.988671 51.0399889 0.1782722 0.0967138 
1580000 1580 1000.0 1298641.19 1727.383 8.4163 0 0 0 0.006394 -204.9574485 42.101269 0.17926 0.0983142 
1590000 1590 1000.0 1315826.473 1724.813 8.4165 0 0 0 0.0065764 -205.8541607 55.2280994 0.1778892 0.0981162 
1600000 1600 1000.0 1332175.019 1707.798 8.4144 0 0 0 0.0069157 -206.4481956 50.0911467 0.1796481 0.0992667 
1610000 1610 1000.0 1349572.048 1713.871 8.4153 0 0 0 0.0059754 -207.1919289 31.9888514 0.1808101 0.1008032 
1620000 1620 1000.0 1366676.315 1712.295 8.4207 0 0 0 0.0067759 -208.2361475 32.1997966 0.1827171 0.1026907 
1630000 1630 1000.0 1383672.262 1709.776 8.4301 0 0 0 0.0066497 -209.0413525 31.6583547 0.1823588 0.1026656 
1640000 1640 1000.0 1400725.25 1709.442 8.4288 0 0 0 0.0065675 -209.6821386 41.0485509 0.1806979 0.100646 
1650000 1650 1000.0 1417509.159 1703.906 8.424 0 0 0 0.0064601 -210.1095312 65.4004503 0.1826636 0.1037939 
1660000 1660 1000.0 1434975.488 1711.047 8.4247 0 0 0 0.0063748 -210.8030963 36.1621778 0.1805818 0.1008886 
1670000 1670 1000.0 1451108.631 1692.952 8.4324 0 0 0 0.0063682 -211.5778584 31.8824229 0.1820637 0.1026721 
1680000 1680 1000.0 1467401.532 1681.582 8.4334 0 0 0 0.0062484 -211.995856 58.6378056 0.1832684 0.1044276 
1690000 1690 1000.0 1483890.263 1675.631 8.4043 0 0 0 0.0064925 -212.2699156 60.1382869 0.1848132 0.1057737 
1700000 1700 1000.0 1501375.719 1688.987 8.312 0 0 0 0.0062001 -213.0880827 26.3591308 0.1836228 0.1038168 
1710000 1710 1000.0 1518818.005 1699.101 8.3114 0 0 0 0.0063084 -213.3049215 44.8428042 0.1873702 0.1083838 
1720000 1720 1000.0 1535488.018 1693.421 8.3226 0 0 0 0.0064234 -213.6709169 46.3703588 0.184851 0.1059223 
1730000 1730 1000.0 1553669.501 1716.214 8.3253 0 0 0 0.0063381 -214.2403682 33.8086273 0.1828103 0.1047899 
1740000 1740 1000.0 1571150.219 1722.161 8.3252 0 0 0 0.0063753 -214.5244361 81.7820596 0.1842935 0.1056938 
1750000 1750 1000.0 1589484.731 1742.651 8.3333 0 0 0 0.0063327 -215.2957267 50.8113691 0.1834958 0.1040926 
1760000 1760 1000.0 1607681.367 1756.154 8.3319 0 0 0 0.0065435 -215.5503445 65.3066899 0.1839429 0.1042362 
1770000 1770 1000.0 1624941.982 1750.786 8.3192 0 0 0 0.0062664 -216.4176301 46.3787224 0.1824306 0.1039466 
1780000 1780 1000.0 1642609.018 1753.723 8.3151 0 0 0 0.0059607 -216.8511073 30.1063463 0.1812294 0.1026099 
1790000 1790 1000.0 1661345.439 1775.689 8.3251 0 0 0 0.0056748 -217.7069057 35.6964626 0.182196 0.1040881 
1800000 1800 1000.0 1680043.32 1792.658 8.3325 0 0 0 0.0058338 -218.3198491 70.3357496 0.1788847 0.0999745 
1810000 1810 1000.0 1698415.058 1800.457 8.3337 0 0 0 0.0059769 -218.6281316 74.1020622 0.1786446 0.099543 
1820000 1820 1000.0 1716679.817 1804.991 8.3258 0 0 0 0.0061252 -219.0442614 65.5141818 0.1775392 0.0988847 
1830000 1830 1000.0 1733594.319 1786.313 8.3241 0 0 0 0.005293 -219.7835004 19.2272542 0.1763755 0.0981247 
1840000 1840 1000.0 1753116.246 1816.492 8.3155 0 0 0 0.0055401 -220.1370754 55.1557974 0.1771724 0.0994975 
1850000 1850 1000.0 1772225.119 1833.735 8.3153 0 0 0 0.0056204 -221.0667253 66.0825201 0.1735029 0.0953779 
1860000 1860 1000.0 1791712.824 1854.881 8.3168 0 0 0 0.0060084 -221.6994653 58.8541452 0.1773168 0.0991437 
1870000 1870 1000.0 1810283.68 1855.754 8.3138 0 0 0 0.0055133 -222.4898527 45.565257 0.174998 0.0967716 
1880000 1880 1000.0 1828906.684 1856.833 8.3073 0 0 0 0.0051993 -223.1231351 55.2325467 0.174403 0.0965227 
1890000 1890 1000.0 1847869.151 1864.308 8.3077 0 0 0 0.0054227 -223.8102587 67.4874473 0.1765296 0.0986814 
1900000 1900 1000.0 1866782.871 1869.58 8.3053 0 0 0 0.0053286 -224.5442648 58.9617804 0.175518 0.097493 
1910000 1910 1000.0 1885338.352 1867.099 8.3044 0 0 0 0.005637 -225.0036176 42.2789753 0.1709361 0.092971 
1920000 1920 1000.0 1903925.07 1865.585 8.3172 0 0 0 0.0050911 -225.8324471 44.1675916 0.1754681 0.0977193 
1930000 1930 1000.0 1922865.647 1870.466 8.3259 0 0 0 0.0047611 -226.9051314 31.5447264 0.1730157 0.0942749 
1940000 1940 1000.0 1942309.863 1884.238 8.3324 0 0 0 0.0049932 -227.2480025 50.0191073 0.1738987 0.0957184 
1950000 1950 1000.0 1961087.313 1883.008 8.3419 0 0 0 0.005113 -227.8596713 25.6486453 0.1750955 0.0962915 
1960000 1960 1000.0 1979956.623 1883.36 8.3541 0 0 0 0.0047846 -228.268436 38.1589434 0.1744444 0.096245 
1970000 1970 1000.0 1997805.919 1865.623 8.3681 0 0 0 0.0051767 -228.9511055 35.6843433 0.1758112 0.097627 
1980000 1980 1000.0 2016155.336 1859.957 8.375 0 0 0 0.004534 -229.235145 53.1247884 0.1742077 0.0958161 
1990000 1990 1000.0 2034291.707 1851.722 8.39 0 0 0 0.0048493 -229.6830182 77.5129113 0.1768077 0.0980263 
2000000 2000 1000.0 2052229.865 1841.127 8.3937 0 0 0 0.0048633 -230.0980067 39.346081 0.174692 0.0958778 
2010000 2010 1000.0 2070611.925 1840.428 8.4026 0 0 0 0.0046174 -230.6564927 62.16966 0.179511 0.1010528 
2020000 2020 1000.0 2089585.213 1850.817 8.4075 0 0 0 0.0052402 -230.5206766 111.5147558 0.178127 0.0992894 
2030000 2030 1000.0 2107919.477 1847.293 8.4015 0 0 0 0.0049741 -231.4154781 28.0760413 0.1773812 0.0981498 
2040000 2040 1000.0 2126422.802 1848.174 8.408 0 0 0 0.0051322 -232.0400648 31.0734289 0.1799148 0.100119 
2050000 2050 1000.0 2144875.567 1847.575 8.4097 0 0 0 0.0047294 -231.9636964 33.5213351 0.1826803 0.1034936 
2060000 2060 1000.0 2162809.397 1837.686 8.412 0 0 0 0.0050534 -232.5563823 33.3231565 0.181866 0.1031754 
2070000 2070 1000.0 2181130.731 1836.319 8.4081 0 0 0 0.005103 -232.4733087 76.2261179 0.1833701 0.1046051 
2080000 2080 1000.0 2197863.167 1808.81 8.4145 0 0 0 0.0050759 -232.3171381 53.8318143 0.1840593 0.106633 
2090000 2090 1000.0 2214965.622 1791.05 8.4143 0 0 0 0.0051993 -232.6190451 53.0220695 0.1842539 0.1072693 
2100000 2100 1000.0 2231831.932 1771.638 8.4112 0 0 0 0.005002 -232.6972032 62.7343366 0.1839482 0.1063401 
2110000 2110 1000.0 2250162.085 1783.211 8.4146 0 0 0 0.0051042 -233.4024058 59.414054 0.1823223 0.105829 
2120000 2120 1000.0 2269024.99 1801.553 8.4099 0 0 0 0.0055482 -233.4591847 29.5062623 0.1847232 0.10634 
2130000 2130 1000.0 2287043.036 1801.21 8.408 0 0 0 0.0051326 -233.6802949 51.3469424 0.184323 0.107194 
2140000 2140 1000.0 2306054.406 1819.235 8.3994 0 0 0 0.005229 -234.6311401 52.4466079 0.1842634 0.1061621 
2150000 2150 1000.0 2325114.409 1835.481 8.404 0 0 0 0.0050479 -234.8488225 42.2592405 0.1806081 0.1029454 
