10000 27 155.049 -19.334 -0.322 0.6812 0 0 0 
20000 45 271.999 -62.005 -0.713 1.1977 0 0 0 
30000 111 206.962 -130.527 -1.091 1.3005 0 0 0 
40000 127 314.366 -156.854 -1.217 2.1257 0 0 0 
50000 176 235.301 -363.44 -3.484 1.665 0 0 0 
60000 208 264.299 -407.158 -2.53 1.897 0 0 0 
70000 237 297.15 -466.102 -2.499 2.1467 0 0 0 
80000 274 288.723 -496.308 -1.688 2.0832 0 0 0 
90000 306 298.774 -526.873 -1.305 2.1426 0 0 0 
100000 332 320.226 -575.684 -1.527 2.2971 0 0 0 
110000 363 322.686 -645.543 -1.819 2.3026 0 0 0 
120000 390 330.056 -685.344 -1.55 2.3627 0 0 0 
130000 412 391.163 -704.09 -1.319 2.8117 0 0 0 
140000 450 325.581 -800.062 -1.882 2.3531 0 0 0 
150000 476 346.349 -851.898 -1.962 2.5115 0 0 0 
160000 505 337.521 -900.722 -1.764 2.4353 0 0 0 
170000 526 375.88 -914.937 -1.41 2.7088 0 0 0 
180000 563 331.511 -954.185 -1.188 2.4181 0 0 0 
190000 601 291.572 -1010.465 -1.337 2.1401 0 0 0 
200000 626 342.271 -1022.293 -1.028 2.4874 0 0 0 
210000 649 370.225 -1069.238 -1.385 2.635 0 0 0 
220000 674 373.588 -1111.966 -1.665 2.4554 0 0 0 
230000 704 360.516 -1156.537 -1.555 2.4066 0 0 0 
240000 729 369.229 -1223.576 -2.143 2.5592 0 0 0 
250000 760 344.831 -1256.924 -1.648 2.46 0 0 0 
260000 785 358.51 -1284.868 -1.417 2.5863 0 0 0 
270000 830 263.626 -1438.044 -2.548 1.9276 0 0 0 
280000 862 282.485 -1434.547 -1.314 2.077 0 0 0 
290000 884 353.273 -1443.244 -0.92 2.6042 0 0 0 
300000 915 335.106 -1466.847 -0.814 2.4606 0 0 0 
310000 930 413.331 -1493.354 -0.704 3.0344 0 0 0 
320000 957 390.607 -1531.835 -1.236 2.8469 0 0 0 
330000 985 383.369 -1548.278 -0.937 2.8016 0 0 0 
340000 1015 360.619 -1558.446 -0.617 2.6269 0 0 0 
350000 1046 342.516 -1613.453 -1.2 2.5062 0 0 0 
360000 1085 299.898 -1634.354 -0.839 2.2096 0 0 0 
370000 1122 271.269 -1651.643 -0.562 1.9959 0 0 0 
380000 1149 319.368 -1668.642 -0.564 2.3635 0 0 0 
390000 1169 376.561 -1817.587 -2.655 2.7822 0 0 0 
400000 1189 410.028 -1823.765 -1.865 3.0138 0 0 0 
410000 1210 438.346 -1839.98 -1.448 3.2079 0 0 0 
420000 1239 401.806 -1855.77 -1.003 2.9491 0 0 0 
430000 1256 439.788 -1866.952 -0.936 3.2127 0 0 0 
440000 1278 460.076 -1859.974 -0.468 3.3438 0 0 0 
450000 1309 387.337 -1882.85 -0.641 2.7965 0 0 0 
460000 1336 384.364 -1895.061 -0.554 2.7711 0 0 0 
470000 1357 405.695 -1927.682 -1.014 2.9219 0 0 0 
480000 1394 338.0 -1942.823 -0.713 2.4383 0 0 0 
490000 1421 339.485 -1958.14 -0.725 2.461 0 0 0 
500000 1443 393.239 -1976.38 -0.65 2.8408 0 0 0 
510000 1478 328.678 -1974.618 -0.336 2.3831 0 0 0 
520000 1496 395.976 -2080.213 -2.161 2.8612 0 0 0 
530000 1519 414.991 -2092.061 -1.505 2.9924 0 0 0 
540000 1543 414.716 -2149.379 -1.799 3.0052 0 0 0 
550000 1570 390.762 -2156.25 -1.159 2.8383 0 0 0 
560000 1607 314.866 -2173.499 -0.77 2.3001 0 0 0 
570000 1636 315.247 -2263.381 -1.603 2.3085 0 0 0 
580000 1664 336.645 -2282.905 -1.194 2.458 0 0 0 
590000 1712 254.444 -2285.051 -0.513 1.8552 0 0 0 
600000 1740 301.706 -2295.628 -0.469 2.1889 0 0 0 
610000 1768 320.022 -2308.271 -0.523 2.3217 0 0 0 
620000 1803 296.83 -2325.958 -0.509 2.1633 0 0 0 
630000 1846 247.999 -2361.443 -0.577 1.8177 0 0 0 
640000 1879 264.572 -2368.886 -0.417 1.9372 0 0 0 
650000 1904 327.334 -2383.148 -0.507 2.3933 0 0 0 
660000 1948 261.577 -2411.617 -0.543 1.9086 0 0 0 
670000 1980 280.073 -2441.551 -0.756 2.0327 0 0 0 
680000 2015 266.127 -2459.047 -0.657 1.9285 0 0 0 
690000 2054 248.591 -2485.51 -0.607 1.8023 0 0 0 
700000 2095 245.458 -2579.015 -1.494 1.7714 0 0 0 
710000 2137 226.733 -2575.034 -0.569 1.6395 0 0 0 
720000 2171 262.202 -2579.858 -0.404 1.9039 0 0 0 
730000 2217 238.774 -2658.826 -1.173 1.753 0 0 0 
740000 2247 275.81 -2689.603 -1.346 2.0258 0 0 0 
750000 2311 192.572 -2723.751 -0.585 1.42 0 0 0 
760000 2352 233.539 -2713.892 -0.148 1.6964 0 0 0 
770000 2386 268.518 -2688.488 0.371 1.9421 0 0 0 
780000 2422 280.582 -2734.593 -0.522 2.0388 0 0 0 
790000 2445 340.376 -2783.904 -1.127 2.4717 0 0 0 
800000 2482 286.607 -2771.026 -0.367 2.0914 0 0 0 
810000 2512 301.229 -2831.459 -1.102 2.1926 0 0 0 
820000 2556 248.92 -2894.154 -1.194 1.824 0 0 0 
830000 2601 241.413 -2874.928 -0.275 1.7779 0 0 0 
840000 2634 281.274 -3019.264 -2.436 2.0575 0 0 0 
850000 2681 235.572 -3026.931 -1.004 1.7307 0 0 0 
860000 2721 228.913 -2988.57 0.191 1.6666 0 0 0 
870000 2760 237.898 -2976.673 0.258 1.7271 0 0 0 
880000 2808 226.142 -2983.431 0.009 1.6373 0 0 0 
890000 2857 203.305 -3090.81 -1.006 1.4769 0 0 0 
900000 2913 177.315 -3090.153 -0.309 1.312 0 0 0 
910000 2973 172.18 -3080.799 0.076 1.2831 0 0 0 
920000 3032 169.3 -3046.151 0.427 1.2611 0 0 0 
930000 3082 190.753 -3023.424 0.376 1.421 0 0 0 
940000 3123 223.28 -2995.298 0.531 1.6477 0 0 0 
950000 3165 235.508 -2975.124 0.491 1.7365 0 0 0 
960000 3201 268.298 -2956.288 0.577 1.9671 0 0 0 
970000 3247 234.167 -2936.16 0.378 1.719 0 0 0 
980000 3276 274.192 -2917.416 0.489 2.0118 0 0 0 
990000 3305 302.52 -2903.823 0.454 2.2256 0 0 0 
1000000 3354 233.81 -2873.438 0.423 1.7222 0 0 0 
1010000 3394 245.62 -2847.797 0.579 1.8124 0 0 0 
1020000 3427 268.434 -2805.32 0.936 1.9604 0 0 0 
1030000 3465 264.754 -2743.622 1.283 1.9144 0 0 0 
1040000 3511 220.967 -2687.413 1.192 1.6021 0 0 0 
1050000 3548 242.244 -2636.614 1.455 1.7511 0 0 0 
1060000 3585 266.619 -2576.337 1.625 1.9134 0 0 0 
1070000 3624 270.398 -2580.149 0.662 1.9221 0 0 0 
1080000 3662 256.572 -2535.686 0.957 1.8347 0 0 0 
1090000 3727 195.389 -2532.895 -0.028 1.4144 0 0 0 
1100000 3775 197.158 -2471.134 0.851 1.433 0 0 0 
1110000 3827 189.687 -2389.813 1.254 1.3877 0 0 0 
1120000 3885 181.858 -2329.589 1.157 1.3406 0 0 0 
1130000 3937 186.08 -2237.718 1.459 1.3729 0 0 0 
1140000 4004 160.252 -2158.76 1.249 1.1951 0 0 0 
1150000 4088 109.227 -2064.04 1.135 0.8189 0 0 0 
1160000 4154 142.592 -1988.605 1.033 1.0613 0 0 0 
1170000 4204 182.33 -1935.754 1.195 1.3513 0 0 0 
1180000 4257 180.133 -1841.969 1.583 1.342 0 0 0 
1190000 4309 178.804 -1736.486 1.738 1.335 0 0 0 
1200000 4380 156.499 -1619.594 1.756 1.1657 0 0 0 
1210000 4451 149.017 -1510.346 1.56 1.1048 0 0 0 
1220000 4516 153.616 -1414.854 1.447 1.1331 0 0 0 
1230000 4576 174.889 -1323.312 1.572 1.2939 0 0 0 
1240000 4630 189.678 -1250.947 1.577 1.3729 0 0 0 
1250000 4692 172.028 -1165.211 1.56 1.2459 0 0 0 
1260000 4747 175.102 -1084.866 1.503 1.2618 0 0 0 
1270000 4800 183.03 -1083.65 0.829 1.3157 0 0 0 
1280000 4846 201.107 -984.248 1.623 1.4392 0 0 0 
1290000 4885 218.524 -873.169 2.277 1.5549 0 0 0 
1300000 4932 220.325 -799.915 1.832 1.5707 0 0 0 
1310000 4981 213.234 -717.175 1.828 1.5623 0 0 0 
1320000 5024 215.271 -630.288 1.891 1.58 0 0 0 
1330000 5073 204.737 -531.177 1.825 1.4934 0 0 0 
1340000 5111 236.379 -439.625 2.143 1.7304 0 0 0 
1350000 5164 200.316 -327.649 2.108 1.4749 0 0 0 
1360000 5219 192.273 -274.564 1.224 1.4205 0 0 0 
1370000 5269 199.268 -186.982 1.616 1.4647 0 0 0 
1380000 5306 239.157 -182.181 1.016 1.7452 0 0 0 
1390000 5352 233.975 -87.905 1.55 1.7082 0 0 0 
1400000 5396 227.84 15.307 1.974 1.6623 0 0 0 
1410000 5442 231.129 32.48 0.974 1.6907 0 0 0 
1420000 5488 224.442 97.587 1.343 1.6422 0 0 0 
1430000 5549 175.633 219.024 1.675 1.2847 0 0 0 
1440000 5601 194.583 283.012 1.416 1.415 0 0 0 
1450000 5645 203.773 278.291 0.895 1.4766 0 0 0 
1460000 5686 232.061 383.856 1.615 1.6914 0 0 0 
1470000 5748 186.744 456.956 1.407 1.3659 0 0 0 
1480000 5803 178.539 535.076 1.413 1.3021 0 0 0 
1490000 5857 183.198 637.203 1.724 1.3394 0 0 0 
1500000 5940 140.361 727.244 1.202 1.028 0 0 0 
1510000 5986 183.958 771.863 1.185 1.324 0 0 0 
1520000 6050 176.397 843.409 1.256 1.2934 0 0 0 
1530000 6107 179.866 907.583 1.036 1.3186 0 0 0 
1540000 6159 202.177 989.687 1.479 1.4735 0 0 0 
1550000 6220 169.795 1094.166 1.785 1.2442 0 0 0 
1560000 6273 175.886 1176.774 1.674 1.2907 0 0 0 
1570000 6328 182.607 1183.743 0.384 1.3481 0 0 0 
1580000 6375 197.792 1286.432 1.562 1.4482 0 0 0 
1590000 6430 191.347 1350.77 1.318 1.4055 0 0 0 
1600000 6479 201.585 1422.145 1.39 1.4725 0 0 0 
1610000 6532 191.395 1558.53 2.201 1.4004 0 0 0 
1620000 6575 222.047 1630.491 1.904 1.6224 0 0 0 
1630000 6625 214.971 1724.064 1.943 1.5767 0 0 0 
1640000 6677 203.9 1821.305 1.939 1.4856 0 0 0 
1650000 6723 208.25 1931.551 2.234 1.5108 0 0 0 
1660000 6775 199.184 2060.115 2.448 1.451 0 0 0 
1670000 6822 199.69 2138.175 1.929 1.4538 0 0 0 
1680000 6882 165.835 2277.52 1.955 1.2027 0 0 0 
1690000 6923 208.608 2390.336 2.462 1.4978 0 0 0 
1700000 6984 167.935 2548.863 2.375 1.2163 0 0 0 
1710000 7035 184.038 2648.044 2.066 1.3448 0 0 0 
1720000 7097 162.268 2813.017 2.474 1.1855 0 0 0 
1730000 7149 189.92 2955.849 2.679 1.3791 0 0 0 
1740000 7204 193.034 3065.215 2.198 1.4115 0 0 0 
1750000 7270 161.683 3238.189 2.343 1.1831 0 0 0 
1760000 7316 188.222 3350.516 2.484 1.3841 0 0 0 
1770000 7384 166.62 3515.673 2.489 1.2298 0 0 0 
1780000 7432 200.143 3623.363 2.424 1.461 0 0 0 
1790000 7483 196.835 3724.328 2.141 1.4389 0 0 0 
1800000 7529 191.961 3847.23 2.36 1.4091 0 0 0 
1810000 7597 166.495 3956.705 1.59 1.2252 0 0 0 
1820000 7655 181.311 4077.857 1.945 1.3241 0 0 0 
1830000 7691 238.866 4157.942 1.969 1.7153 0 0 0 
1840000 7733 231.279 4263.526 2.284 1.6434 0 0 0 
1850000 7797 167.078 4370.84 1.677 1.1932 0 0 0 
1860000 7851 184.089 4490.41 1.879 1.321 0 0 0 
1870000 7916 161.054 4614.865 2.11 1.1538 0 0 0 
1880000 7997 129.765 4684.061 1.256 0.9461 0 0 0 
1890000 8071 139.125 4830.848 1.825 1.0206 0 0 0 
1900000 8125 175.12 4983.335 2.528 1.2807 0 0 0 
1910000 8180 187.764 5148.488 3.021 1.3809 0 0 0 
1920000 8242 163.309 5260.064 2.043 1.2151 0 0 0 
1930000 8288 190.775 5374.841 2.322 1.4107 0 0 0 
1940000 8341 183.729 5517.604 2.605 1.3504 0 0 0 
1950000 8400 168.905 5571.547 1.499 1.2379 0 0 0 
1960000 8466 154.332 5721.361 2.129 1.1265 0 0 0 
1970000 8522 163.987 5879.963 2.427 1.1922 0 0 0 
1980000 8575 178.318 6039.11 2.847 1.3023 0 0 0 
1990000 8652 139.334 6174.189 1.987 1.0382 0 0 0 
2000000 8709 171.426 6274.167 1.843 1.2746 0 0 0 
2010000 8778 144.496 6452.413 2.303 1.0781 0 0 0 
2020000 8844 151.657 6597.983 2.395 1.1348 0 0 0 
2030000 8894 181.493 6769.756 3.048 1.3612 0 0 0 
2040000 8947 180.127 6943.547 3.153 1.3302 0 0 0 
2050000 8992 201.08 7077.002 3.164 1.464 0 0 0 
2060000 9019 267.628 7170.229 3.249 1.9196 0 0 0 
2070000 9059 256.009 7306.266 3.309 1.817 0 0 0 
2080000 9115 209.23 7500.409 3.54 1.4872 0 0 0 
2090000 9167 191.507 7653.052 3.222 1.3686 0 0 0 
2100000 9221 182.348 7797.18 2.844 1.3143 0 0 0 
2110000 9271 187.935 7970.991 3.228 1.3493 0 0 0 
2120000 9315 209.666 8126.287 3.339 1.5004 0 0 0 
2130000 9374 179.713 8296.964 3.007 1.2834 0 0 0 
2140000 9419 199.74 8441.971 3.071 1.4215 0 0 0 
2150000 9464 217.076 8561.654 2.821 1.5374 0 0 0 
2160000 9503 236.793 8688.877 3.007 1.6624 0 0 0 
2170000 9551 212.496 8809.384 2.788 1.5074 0 0 0 
2180000 9594 217.98 8951.086 2.954 1.5445 0 0 0 
2190000 9641 213.67 9090.075 3.087 1.5324 0 0 0 
2200000 9681 231.371 9238.375 3.317 1.6368 0 0 0 
2210000 9728 224.49 9396.804 3.403 1.591 0 0 0 
2220000 9767 243.324 9572.295 3.929 1.7476 0 0 0 
2230000 9806 236.491 9669.654 3.012 1.7202 0 0 0 
2240000 9869 188.136 9839.797 2.923 1.3813 0 0 0 
2250000 9919 192.645 9992.352 3.043 1.4061 0 0 0 
2260000 9956 223.95 10124.584 3.274 1.5927 0 0 0 
2270000 10001 229.06 10258.748 3.185 1.6219 0 0 0 
2280000 10045 230.71 10422.936 3.466 1.6353 0 0 0 
2290000 10088 232.822 10582.442 3.715 1.6633 0 0 0 
2300000 10125 251.66 10740.14 3.889 1.8103 0 0 0 
2310000 10182 206.965 10970.943 4.155 1.5188 0 0 0 
2320000 10226 218.825 11123.868 3.609 1.6177 0 0 0 
2330000 10274 213.617 11302.026 3.599 1.5922 0 0 0 
2340000 10333 178.502 11496.574 3.407 1.3373 0 0 0 
2350000 10375 209.854 11652.647 3.602 1.5671 0 0 0 
2360000 10415 227.228 11793.258 3.469 1.6907 0 0 0 
2370000 10470 199.381 11957.117 3.17 1.4873 0 0 0 
2380000 10514 214.095 12123.889 3.498 1.5904 0 0 0 
2390000 10554 234.507 12305.738 4.111 1.701 0 0 0 
2400000 10599 222.822 12455.709 3.617 1.6106 0 0 0 
2410000 10644 223.802 12662.973 4.156 1.6157 0 0 0 
2420000 10683 251.616 12836.674 4.441 1.8129 0 0 0 
2430000 10718 266.206 12945.48 3.831 1.9261 0 0 0 
2440000 10774 207.002 13184.977 4.115 1.504 0 0 0 
2450000 10823 208.591 13372.622 4.007 1.5174 0 0 0 
2460000 10866 216.393 13531.664 3.854 1.5755 0 0 0 
2470000 10911 217.866 13737.052 4.226 1.5867 0 0 0 
2480000 10952 231.718 13907.735 4.144 1.6836 0 0 0 
2490000 11003 212.606 14084.218 3.774 1.5368 0 0 0 
2500000 11053 205.796 14272.355 3.711 1.4812 0 0 0 
2510000 11098 221.998 14469.922 4.239 1.5951 0 0 0 
2520000 11149 211.059 14663.792 4.075 1.5121 0 0 0 
2530000 11190 227.88 14830.463 4.072 1.6339 0 0 0 
2540000 11242 208.766 15022.84 3.728 1.5069 0 0 0 
2550000 11282 227.436 15196.139 4.058 1.6825 0 0 0 
2560000 11327 223.287 15389.647 4.25 1.641 0 0 0 
2570000 11376 206.831 15571.016 3.866 1.5272 0 0 0 
2580000 11422 214.737 15660.261 2.662 1.5762 0 0 0 
2590000 11481 168.942 15845.951 2.866 1.2497 0 0 0 
2600000 11528 207.585 16032.666 3.717 1.5359 0 0 0 
2610000 11564 241.561 16200.994 4.285 1.799 0 0 0 
2620000 11598 255.575 16336.909 4.06 1.9212 0 0 0 
2630000 11648 218.239 16463.245 3.124 1.6232 0 0 0 
2640000 11699 189.927 16647.232 3.334 1.3986 0 0 0 
2650000 11753 186.623 16853.253 3.553 1.3661 0 0 0 
2660000 11796 208.973 17011.529 3.662 1.5167 0 0 0 
2670000 11833 239.151 17162.78 3.828 1.7297 0 0 0 
2680000 11889 199.265 17361.108 3.481 1.4293 0 0 0 
2690000 11930 220.378 17527.821 3.785 1.5896 0 0 0 
2700000 11973 224.273 17700.311 3.881 1.6189 0 0 0 
2710000 12022 217.091 17887.061 3.812 1.5678 0 0 0 
2720000 12067 220.555 18054.997 3.834 1.5857 0 0 0 
2730000 12108 226.824 18230.866 3.96 1.6373 0 0 0 
2740000 12166 185.963 18411.709 3.288 1.3454 0 0 0 
2750000 12211 210.338 18597.896 3.865 1.4959 0 0 0 
2760000 12258 217.997 18766.797 3.771 1.5631 0 0 0 
2770000 12300 232.156 18946.618 4.13 1.6679 0 0 0 
2780000 12353 201.718 19128.978 3.722 1.4527 0 0 0 
2790000 12399 207.65 19298.41 3.575 1.4978 0 0 0 
2800000 12444 217.774 19469.905 3.754 1.5772 0 0 0 
2810000 12490 207.936 19621.491 3.509 1.5092 0 0 0 
2820000 12546 196.686 19814.34 3.431 1.4286 0 0 0 
2830000 12598 203.099 19981.161 3.332 1.4855 0 0 0 
2840000 12654 186.321 20190.076 3.667 1.4066 0 0 0 
2850000 12708 183.961 20381.292 3.588 1.3653 0 0 0 
2860000 12752 213.267 20532.876 3.618 1.5646 0 0 0 
2870000 12803 192.802 20721.586 3.526 1.4074 0 0 0 
2880000 12844 223.824 20876.034 3.738 1.6196 0 0 0 
2890000 12895 208.134 21091.372 3.979 1.5016 0 0 0 
2900000 12956 182.777 21277.881 3.347 1.3202 0 0 0 
2910000 13007 192.969 21469.109 3.528 1.3991 0 0 0 
2920000 13055 200.028 21647.68 3.625 1.4602 0 0 0 
2930000 13114 185.401 21836.237 3.416 1.3698 0 0 0 
2940000 13166 186.998 21985.758 3.074 1.3954 0 0 0 
2950000 13219 181.283 22147.81 2.949 1.3612 0 0 0 
2960000 13280 172.475 22340.483 3.155 1.294 0 0 0 
2970000 13331 192.896 22521.948 3.521 1.4223 0 0 0 
2980000 13385 191.992 22724.957 3.599 1.4248 0 0 0 
2990000 13438 187.521 22913.669 3.673 1.3975 0 0 0 
3000000 13483 214.801 23078.743 3.658 1.5982 0 0 0 
3010000 13533 206.289 23281.702 3.812 1.543 0 0 0 
3020000 13573 227.584 23437.828 3.797 1.706 0 0 0 
3030000 13612 237.854 23613.509 4.108 1.7867 0 0 0 
3040000 13653 235.89 23788.236 4.221 1.7552 0 0 0 
3050000 13696 231.981 23983.994 4.412 1.7125 0 0 0 
3060000 13741 217.086 24174.669 4.197 1.6152 0 0 0 
3070000 13785 226.67 24334.397 3.962 1.6616 0 0 0 
3080000 13829 222.153 24531.864 4.257 1.6159 0 0 0 
3090000 13877 206.513 24721.079 3.818 1.5006 0 0 0 
3100000 13928 203.285 24866.368 3.278 1.4791 0 0 0 
3110000 13977 209.187 25076.861 4.078 1.5128 0 0 0 
3120000 14010 240.751 25233.288 4.314 1.7388 0 0 0 
3130000 14062 212.439 25383.126 3.366 1.5324 0 0 0 
3140000 14113 202.408 25576.711 3.683 1.4605 0 0 0 
3150000 14166 196.933 25767.387 3.813 1.4171 0 0 0 
3160000 14214 207.355 25911.236 3.347 1.496 0 0 0 
3170000 14264 197.803 26066.606 3.088 1.4394 0 0 0 
3180000 14321 184.101 26276.469 3.528 1.3468 0 0 0 
3190000 14375 180.986 26433.11 3.014 1.33 0 0 0 
3200000 14409 234.989 26555.444 3.268 1.7205 0 0 0 
3210000 14459 216.087 26688.793 2.836 1.5959 0 0 0 
3220000 14513 198.348 26884.027 3.401 1.4719 0 0 0 
3230000 14577 169.002 27084.74 3.27 1.2535 0 0 0 
3240000 14632 174.645 27225.492 2.678 1.2975 0 0 0 
3250000 14678 197.122 27391.578 3.315 1.4662 0 0 0 
3260000 14725 195.047 27586.324 3.607 1.4519 0 0 0 
3270000 14777 193.889 27764.434 3.492 1.4211 0 0 0 
3280000 14827 191.274 27956.919 3.68 1.3838 0 0 0 
3290000 14883 186.041 28152.743 3.684 1.3327 0 0 0 
3300000 14928 209.964 28331.261 3.87 1.4989 0 0 0 
3310000 14970 226.106 28477.397 3.541 1.619 0 0 0 
3320000 15015 210.464 28649.774 3.731 1.5073 0 0 0 
3330000 15054 235.194 28814.249 4.022 1.6535 0 0 0 
3340000 15098 224.0 28973.877 3.867 1.5871 0 0 0 
3350000 15138 236.927 29154.852 4.114 1.6918 0 0 0 
3360000 15180 230.887 29292.737 3.54 1.648 0 0 0 
3370000 15220 243.903 29461.43 3.84 1.7344 0 0 0 
3380000 15264 227.659 29644.882 4.016 1.6256 0 0 0 
3390000 15305 241.07 29794.194 3.723 1.7311 0 0 0 
3400000 15353 214.689 30001.939 4.063 1.5288 0 0 0 
3410000 15399 219.202 30190.583 4.155 1.5522 0 0 0 
3420000 15447 213.636 30395.829 4.271 1.5175 0 0 0 
3430000 15493 205.689 30592.183 4.216 1.488 0 0 0 
3440000 15536 228.603 30764.377 4.099 1.626 0 0 0 
3450000 15582 217.897 30919.909 3.749 1.5411 0 0 0 
3460000 15621 241.692 31057.527 3.587 1.6992 0 0 0 
3470000 15681 193.686 31278.305 3.843 1.4047 0 0 0 
3480000 15729 199.974 31420.727 3.359 1.4372 0 0 0 
3490000 15775 209.39 31584.019 3.48 1.4838 0 0 0 
3500000 15822 214.919 31755.318 3.615 1.5244 0 0 0 
3510000 15864 220.025 31927.792 3.891 1.5562 0 0 0 
3520000 15911 221.834 32079.886 3.638 1.5698 0 0 0 
3530000 15951 233.34 32259.579 4.004 1.6699 0 0 0 
3540000 16004 211.122 32422.033 3.336 1.4935 0 0 0 
3550000 16047 221.795 32585.711 3.706 1.5584 0 0 0 
3560000 16097 204.603 32778.914 3.776 1.4376 0 0 0 
3570000 16147 203.27 32974.27 3.802 1.431 0 0 0 
3580000 16191 220.464 33148.736 3.999 1.55 0 0 0 
3590000 16247 189.945 33339.402 3.642 1.3422 0 0 0 
3600000 16293 205.276 33503.462 3.653 1.4474 0 0 0 
3610000 16326 246.933 33640.384 3.887 1.7294 0 0 0 
3620000 16368 248.681 33811.419 4.141 1.7244 0 0 0 
3630000 16407 260.15 33943.641 3.773 1.8002 0 0 0 
3640000 16458 216.116 34138.353 3.823 1.5085 0 0 0 
3650000 16506 219.791 34286.338 3.412 1.5453 0 0 0 
3660000 16551 211.468 34432.737 3.257 1.4882 0 0 0 
3670000 16600 216.543 34641.504 4.156 1.5176 0 0 0 
3680000 16643 215.921 34756.211 3.157 1.5702 0 0 0 
3690000 16693 208.902 34926.802 3.288 1.57 0 0 0 
3700000 16751 183.572 35135.455 3.591 1.3609 0 0 0 
3710000 16789 214.964 35272.764 3.509 1.559 0 0 0 
3720000 16844 195.371 35461.891 3.296 1.4154 0 0 0 
3730000 16898 191.786 35607.329 3.019 1.377 0 0 0 
3740000 16946 199.054 35727.509 3.694 1.419 0 0 0 
3750000 16990 217.795 35915.708 3.445 1.5881 0 0 0 
3760000 17034 222.705 36112.898 4.076 1.6294 0 0 0 
3770000 17084 210.016 36254.413 3.32 1.5419 0 0 0 
3780000 17129 221.427 36410.539 3.441 1.6269 0 0 0 
3790000 17173 224.445 36568.911 3.47 1.6418 0 0 0 
3800000 17220 216.919 36718.64 3.211 1.5845 0 0 0 
3810000 17276 187.92 36913.753 3.468 1.3831 0 0 0 
3820000 17332 185.772 37098.871 3.379 1.3634 0 0 0 
3830000 17382 189.744 37271.021 3.404 1.3916 0 0 0 
3840000 17432 199.847 37424.975 3.214 1.4462 0 0 0 
3850000 17484 193.844 37596.205 3.24 1.4091 0 0 0 
3860000 17529 219.763 37754.332 3.511 1.5992 0 0 0 
3870000 17584 189.048 37957.242 3.503 1.3776 0 0 0 
3880000 17638 192.829 38145.266 3.512 1.3997 0 0 0 
3890000 17690 190.127 38341.177 3.639 1.382 0 0 0 
3900000 17729 209.401 38481.698 3.606 1.5181 0 0 0 
3910000 17765 251.401 38619.192 3.778 1.8241 0 0 0 
3920000 17814 218.786 38801.387 3.734 1.6037 0 0 0 
3930000 17850 252.785 38963.244 4.111 1.8518 0 0 0 
3940000 17893 233.659 39146.51 4.209 1.7098 0 0 0 
3950000 17939 221.968 39328.603 3.923 1.6212 0 0 0 
3960000 17973 246.497 39414.535 3.228 1.7933 0 0 0 
3970000 18017 242.108 39588.961 3.691 1.7412 0 0 0 
3980000 18071 203.099 39784.455 3.555 1.4819 0 0 0 
3990000 18124 186.552 39975.784 3.375 1.3636 0 0 0 
4000000 18171 207.818 40111.908 3.153 1.493 0 0 0 
