10000 12 173.613 -1.699 -0.034 0.5239 0 0 0 
20000 22 324.782 -7.471 -0.134 0.9761 0 0 0 
30000 118 159.158 -71.168 -0.554 0.7902 0 0 0 
40000 128 312.971 -76.914 -0.555 1.6898 0 0 0 
50000 139 443.017 -81.337 -0.524 2.448 0 0 0 
60000 149 544.904 -87.331 -0.538 3.0342 0 0 0 
70000 173 482.241 -90.62 -0.383 2.7141 0 0 0 
80000 204 418.52 -113.493 -0.547 2.3616 0 0 0 
90000 215 513.843 -120.435 -0.565 2.9185 0 0 0 
100000 234 514.237 -120.62 -0.364 2.9302 0 0 0 
110000 246 594.459 -121.767 -0.299 3.3971 0 0 0 
120000 258 638.306 -121.389 -0.233 3.6403 0 0 0 
130000 269 690.064 -127.03 -0.289 3.9349 0 0 0 
140000 279 742.242 -130.877 -0.308 4.2221 0 0 0 
150000 295 720.806 -136.486 -0.322 4.1096 0 0 0 
160000 313 675.214 -148.854 -0.428 3.8476 0 0 0 
170000 326 691.254 -153.793 -0.414 3.9582 0 0 0 
180000 375 405.904 -174.583 -0.378 2.3257 0 0 0 
190000 399 409.163 -175.783 -0.236 2.346 0 0 0 
200000 464 208.842 -198.275 -0.428 1.2115 0 0 0 
210000 510 198.414 -197.855 -0.226 1.1699 0 0 0 
220000 591 134.091 -224.74 -0.285 0.7716 0 0 0 
230000 658 155.907 -255.778 -0.358 0.8944 0 0 0 
240000 748 109.457 -202.728 0.467 0.6355 0 0 0 
250000 914 58.479 -193.764 -0.092 0.3429 0 0 0 
260000 1024 104.549 -241.638 -0.444 0.605 0 0 0 
270000 1134 86.3 -192.778 0.373 0.503 0 0 0 
280000 1231 95.096 -176.066 0.293 0.5499 0 0 0 
290000 1341 81.235 -108.938 0.534 0.476 0 0 0 
300000 1456 91.294 -60.591 0.4 0.533 0 0 0 
310000 1599 62.207 44.176 0.67 0.3665 0 0 0 
320000 1732 68.849 123.115 0.546 0.3984 0 0 0 
330000 1866 68.634 224.816 0.777 0.3957 0 0 0 
340000 2047 54.527 408.701 1.015 0.3147 0 0 0 
350000 2236 51.402 598.9 1.014 0.2973 0 0 0 
360000 2443 53.248 800.637 0.959 0.3084 0 0 0 
370000 2679 45.661 1041.809 1.023 0.2705 0 0 0 
380000 2902 43.82 1267.776 1.021 0.2693 0 0 0 
390000 3124 44.486 1488.676 0.993 0.2738 0 0 0 
400000 3309 50.34 1666.943 0.971 0.3073 0 0 0 
410000 3476 45.77 1829.152 0.985 0.2822 0 0 0 
420000 3682 52.625 2038.096 0.992 0.3227 0 0 0 
430000 3887 42.808 2238.006 0.972 0.2643 0 0 0 
440000 4107 46.434 2461.096 1.017 0.2817 0 0 0 
450000 4335 44.657 2686.26 1.008 0.2703 0 0 0 
460000 4530 44.725 2874.194 0.952 0.2708 0 0 0 
470000 4770 42.206 3115.268 1.003 0.2593 0 0 0 
480000 4996 43.727 3344.335 1.02 0.2686 0 0 0 
490000 5203 44.947 3546.586 0.984 0.278 0 0 0 
500000 5398 59.901 3740.668 1.007 0.3707 0 0 0 
510000 5569 49.246 3910.798 0.972 0.3055 0 0 0 
520000 5722 69.295 4050.589 0.873 0.4236 0 0 0 
530000 5951 44.201 4260.531 0.99 0.2696 0 0 0 
540000 6187 41.764 4499.523 1.02 0.2552 0 0 0 
550000 6415 42.358 4722.845 0.952 0.2622 0 0 0 
560000 6628 46.382 4903.178 0.803 0.2839 0 0 0 
570000 6809 49.731 5063.559 0.864 0.3032 0 0 0 
580000 7008 46.153 5227.83 0.875 0.2786 0 0 0 
590000 7196 49.189 5411.227 0.959 0.2927 0 0 0 
600000 7447 41.085 5657.45 1.002 0.2448 0 0 0 
610000 7690 39.257 5897.534 0.977 0.2323 0 0 0 
620000 7889 45.748 6097.404 1.021 0.2786 0 0 0 
630000 8140 38.68 6345.516 0.985 0.2419 0 0 0 
640000 8343 48.35 6545.251 0.969 0.3027 0 0 0 
650000 8567 48.815 6760.544 0.947 0.2976 0 0 0 
660000 8789 47.243 6971.579 0.96 0.2904 0 0 0 
670000 9018 47.822 7203.575 1.014 0.2932 0 0 0 
680000 9251 42.639 7433.688 0.97 0.2622 0 0 0 
690000 9462 41.816 7642.006 0.937 0.2548 0 0 0 
700000 9653 49.676 7817.841 0.904 0.2976 0 0 0 
710000 9859 43.971 8014.842 0.973 0.2641 0 0 0 
720000 10097 41.002 8249.921 0.997 0.2497 0 0 0 
730000 10304 44.242 8459.942 0.986 0.2722 0 0 0 
740000 10530 49.244 8690.948 1.024 0.2966 0 0 0 
750000 10772 39.167 8936.171 1.019 0.2344 0 0 0 
760000 10959 38.839 9120.425 1.004 0.2324 0 0 0 
770000 11180 44.627 9344.507 1.017 0.266 0 0 0 
780000 11404 45.251 9571.429 0.995 0.276 0 0 0 
790000 11610 43.528 9774.439 1.016 0.2654 0 0 0 
800000 11848 38.984 10015.57 1.02 0.2349 0 0 0 
810000 12082 43.135 10246.664 0.98 0.2603 0 0 0 
820000 12323 41.672 10486.719 1.011 0.2505 0 0 0 
830000 12580 42.017 10746.905 1.02 0.2534 0 0 0 
840000 12786 43.478 10951.608 0.991 0.2588 0 0 0 
850000 13044 37.343 11212.77 1.011 0.2228 0 0 0 
860000 13258 46.675 11427.781 1.014 0.284 0 0 0 
870000 13519 37.078 11688.099 0.999 0.2289 0 0 0 
880000 13732 42.487 11896.265 0.931 0.2592 0 0 0 
890000 13945 43.421 12106.372 0.972 0.2647 0 0 0 
900000 14182 44.469 12338.492 0.994 0.2707 0 0 0 
910000 14368 64.344 12525.825 0.992 0.3899 0 0 0 
920000 14563 50.651 12719.693 0.986 0.3134 0 0 0 
930000 14744 52.338 12891.577 0.998 0.3204 0 0 0 
940000 14951 44.567 13091.487 1.009 0.2736 0 0 0 
950000 15169 48.688 13310.454 1.014 0.303 0 0 0 
960000 15388 53.04 13530.921 0.999 0.3298 0 0 0 
970000 15630 39.635 13773.96 1.019 0.2508 0 0 0 
980000 15863 40.682 14008.009 1.013 0.2546 0 0 0 
990000 16079 43.929 14221.094 0.983 0.2712 0 0 0 
1000000 16297 43.312 14440.399 1.018 0.2645 0 0 0 
