10000 10 182.927 -11956.52 -218.476 0.1876 0 0 0 
20000 20 332.392 -24098.707 -401.051 0.3363 0 0 0 
30000 30 454.516 -37532.165 -573.416 0.8249 0 0 0 
40000 40 554.3 -48504.543 -668.725 1.2242 0 0 0 
50000 50 635.83 -59612.73 -748.441 1.5491 0 0 0 
60000 60 702.447 -69617.657 -790.308 1.8125 0 0 0 
70000 70 756.877 -74700.281 -738.853 2.0282 0 0 0 
80000 80 801.351 -78243.446 -669.098 2.1994 0 0 0 
90000 90 837.689 -83650.29 -646.188 2.3584 0 0 0 
100000 100 867.38 -90774.664 -659.285 2.4679 0 0 0 
110000 110 891.64 -97182.424 -653.158 2.5749 0 0 0 
120000 120 911.462 -106064.538 -700.407 2.6566 0 0 0 
130000 130 927.658 -117303.018 -776.217 2.731 0 0 0 
140000 140 940.891 -125627.862 -788.594 2.7845 0 0 0 
150000 150 951.704 -137089.45 -853.406 2.839 0 0 0 
160000 160 960.539 -143618.546 -814.631 2.8708 0 0 0 
170000 170 967.757 -148000.691 -746.278 2.8904 0 0 0 
180000 180 973.655 -149797.295 -642.358 2.9105 0 0 0 
190000 190 978.474 -149511.73 -519.757 2.9222 0 0 0 
200000 200 982.412 -150072.926 -435.064 2.9391 0 0 0 
210000 210 985.629 -151782.704 -387.432 2.9491 0 0 0 
220000 220 988.258 -164023.621 -540.614 2.9656 0 0 0 
230000 230 990.406 -164815.015 -451.82 2.9694 0 0 0 
240000 240 992.161 -166053.366 -391.37 2.9697 0 0 0 
250000 250 993.595 -164486.95 -291.857 2.9698 0 0 0 
260000 260 994.767 -163506.704 -221.516 2.9721 0 0 0 
270000 270 995.724 -159852.972 -113.736 2.9737 0 0 0 
280000 280 996.506 -163113.585 -154.069 2.9948 0 0 0 
290000 290 997.145 -160613.951 -77.794 2.9977 0 0 0 
300000 300 997.667 -156221.951 16.47 2.9998 0 0 0 
310000 310 998.094 -151307.062 103.547 2.9995 0 0 0 
320000 320 998.443 -148007.998 145.2 2.9943 0 0 0 
330000 330 998.728 -144787.148 177.974 2.992 0 0 0 
340000 340 998.96 -139996.239 233.456 2.992 0 0 0 
350000 350 999.151 -134454.018 292.274 2.9987 0 0 0 
360000 360 999.306 -128927.368 340.023 3.0023 0 0 0 
370000 370 999.433 -123283.314 381.362 2.9954 0 0 0 
380000 380 999.537 -117287.244 421.072 2.9794 0 0 0 
390000 390 999.621 -112226.39 436.901 2.984 0 0 0 
400000 400 999.691 -106273.376 465.794 2.9869 0 0 0 
410000 410 999.747 -99858.783 498.41 3.0016 0 0 0 
420000 420 999.793 -93638.831 519.768 3.0173 0 0 0 
430000 430 999.831 -89018.632 506.696 3.0284 0 0 0 
440000 440 999.862 -86392.348 465.472 3.0346 0 0 0 
450000 450 999.887 -80777.94 483.836 3.0287 0 0 0 
460000 460 999.908 -73524.331 527.56 3.04 0 0 0 
470000 470 999.925 -66458.985 559.846 3.0398 0 0 0 
480000 480 999.939 -59538.642 584.008 3.0547 0 0 0 
490000 490 999.95 -52952.368 597.28 3.0599 0 0 0 
500000 500 999.959 -46131.781 612.744 3.0578 0 0 0 
510000 510 999.966 -40532.352 599.922 3.0403 0 0 0 
520000 520 999.973 -33192.563 623.916 3.028 0 0 0 
530000 530 999.978 -25909.924 643.274 3.0184 0 0 0 
540000 540 999.982 -17013.432 688.624 3.0165 0 0 0 
550000 550 999.985 -7555.191 735.792 3.0126 0 0 0 
560000 560 999.988 1945.195 774.994 3.01 0 0 0 
570000 570 999.99 13916.947 851.929 3.008 0 0 0 
580000 580 999.992 25980.06 916.833 2.9995 0 0 0 
590000 590 999.993 37585.958 960.781 2.9951 0 0 0 
600000 600 999.995 48763.92 989.22 2.9898 0 0 0 
610000 610 999.996 58259.122 982.268 2.9863 0 0 0 
620000 620 999.996 68689.57 993.758 2.9898 0 0 0 
630000 630 999.997 79024.44 999.856 2.9884 0 0 0 
640000 640 999.998 87156.157 966.292 2.9987 0 0 0 
650000 650 999.998 98305.605 992.121 2.9922 0 0 0 
660000 660 999.998 104235.052 922.694 2.9888 0 0 0 
670000 670 999.999 109372.622 845.375 2.9887 0 0 0 
680000 680 999.999 120555.029 896.112 2.9897 0 0 0 
690000 690 999.999 131996.47 940.938 2.9778 0 0 0 
700000 700 999.999 144505.516 998.291 2.9836 0 0 0 
710000 710 999.999 157519.939 1054.65 2.9803 0 0 0 
720000 720 1000.0 171886.721 1124.74 2.9835 0 0 0 
730000 730 1000.0 184730.346 1154.182 2.9899 0 0 0 
740000 740 1000.0 198372.087 1192.001 2.9852 0 0 0 
750000 750 1000.0 212722.057 1236.206 2.9929 0 0 0 
760000 760 1000.0 227117.912 1273.748 2.9942 0 0 0 
770000 770 1000.0 240565.011 1286.462 2.9926 0 0 0 
780000 780 1000.0 252202.624 1262.437 2.9922 0 0 0 
790000 790 1000.0 264958.762 1265.544 3.0063 0 0 0 
800000 800 1000.0 278306.846 1276.804 3.0006 0 0 0 
810000 810 1000.0 291837.823 1291.674 3.0134 0 0 0 
820000 820 1000.0 304878.746 1293.501 3.015 0 0 0 
830000 830 1000.0 318557.26 1307.816 3.0054 0 0 0 
840000 840 1000.0 332773.388 1328.576 2.9982 0 0 0 
850000 850 1000.0 347078.039 1347.652 2.997 0 0 0 
860000 860 1000.0 361860.229 1371.212 2.9956 0 0 0 
870000 870 1000.0 373191.109 1325.357 2.9949 0 0 0 
880000 880 1000.0 386825.31 1332.687 2.987 0 0 0 
890000 890 1000.0 400112.192 1332.078 2.9777 0 0 0 
900000 900 1000.0 412773.135 1319.597 2.9721 0 0 0 
910000 910 1000.0 427127.66 1341.007 2.9732 0 0 0 
920000 920 1000.0 441290.822 1355.094 2.9692 0 0 0 
930000 930 1000.0 456043.659 1377.582 2.9702 0 0 0 
940000 940 1000.0 470585.483 1392.108 2.9749 0 0 0 
950000 950 1000.0 485196.441 1405.045 2.9687 0 0 0 
960000 960 1000.0 500227.444 1423.077 2.9661 0 0 0 
970000 970 1000.0 515531.877 1442.644 2.9709 0 0 0 
980000 980 1000.0 530032.545 1443.859 2.9647 0 0 0 
990000 990 1000.0 544584.382 1446.311 2.9646 0 0 0 
1000000 1000 1000.0 559628.708 1457.416 2.9683 0 0 0 
1010000 1010 1000.0 574666.785 1465.752 2.9628 0 0 0 
1020000 1020 1000.0 589361.095 1466.514 2.9645 0 0 0 
1030000 1030 1000.0 604241.087 1470.358 2.9581 0 0 0 
1040000 1040 1000.0 619155.465 1474.475 2.9675 0 0 0 
1050000 1050 1000.0 633955.07 1475.622 2.965 0 0 0 
1060000 1060 1000.0 649700.98 1494.111 2.9606 0 0 0 
1070000 1070 1000.0 665020.564 1500.846 2.9649 0 0 0 
1080000 1080 1000.0 680099.389 1502.056 2.9624 0 0 0 
1090000 1090 1000.0 695559.445 1509.986 2.9616 0 0 0 
1100000 1100 1000.0 711652.357 1528.476 2.9638 0 0 0 
1110000 1110 1000.0 726813.269 1525.22 2.9587 0 0 0 
1120000 1120 1000.0 742565.942 1534.205 2.9556 0 0 0 
1130000 1130 1000.0 757600.949 1528.492 2.9574 0 0 0 
1140000 1140 1000.0 773382.307 1537.62 2.9635 0 0 0 
1150000 1150 1000.0 789194.015 1545.184 2.9594 0 0 0 
1160000 1160 1000.0 803525.471 1523.14 2.9627 0 0 0 
1170000 1170 1000.0 818174.881 1510.289 2.9543 0 0 0 
1180000 1180 1000.0 834276.121 1529.08 2.9571 0 0 0 
1190000 1190 1000.0 849760.376 1532.739 2.9623 0 0 0 
1200000 1200 1000.0 865325.605 1536.5 2.959 0 0 0 
1210000 1210 1000.0 881095.396 1544.113 2.9686 0 0 0 
1220000 1220 1000.0 891395.274 1446.818 2.9688 0 0 0 
1230000 1230 1000.0 906877.044 1464.963 2.9576 0 0 0 
1240000 1240 1000.0 920522.314 1446.208 2.9603 0 0 0 
1250000 1250 1000.0 933736.78 1424.456 2.9548 0 0 0 
1260000 1260 1000.0 949058.019 1444.898 2.9596 0 0 0 
1270000 1270 1000.0 962880.669 1429.083 2.9625 0 0 0 
1280000 1280 1000.0 977526.659 1439.817 2.9652 0 0 0 
1290000 1290 1000.0 993269.889 1466.183 2.9646 0 0 0 
1300000 1300 1000.0 1008598.516 1479.3 2.9662 0 0 0 
1310000 1310 1000.0 1024318.822 1495.677 2.9691 0 0 0 
1320000 1320 1000.0 1041277.104 1531.918 2.9674 0 0 0 
1330000 1330 1000.0 1058501.954 1566.918 2.9676 0 0 0 
1340000 1340 1000.0 1076234.97 1604.819 2.9657 0 0 0 
1350000 1350 1000.0 1089392.956 1547.762 2.9605 0 0 0 
1360000 1360 1000.0 1105871.494 1566.198 2.9578 0 0 0 
1370000 1370 1000.0 1122107.385 1577.204 2.9581 0 0 0 
1380000 1380 1000.0 1139522.014 1607.256 2.9604 0 0 0 
1390000 1390 1000.0 1153434.932 1571.472 2.9675 0 0 0 
1400000 1400 1000.0 1170226.205 1590.799 2.9681 0 0 0 
1410000 1410 1000.0 1187208.909 1609.922 2.9586 0 0 0 
1420000 1420 1000.0 1204077.215 1624.521 2.9478 0 0 0 
1430000 1430 1000.0 1220983.682 1636.653 2.9434 0 0 0 
1440000 1440 1000.0 1237972.012 1647.986 2.9464 0 0 0 
1450000 1450 1000.0 1255257.211 1662.516 2.9534 0 0 0 
1460000 1460 1000.0 1272475.418 1673.698 2.9549 0 0 0 
1470000 1470 1000.0 1288807.48 1666.206 2.9634 0 0 0 
1480000 1480 1000.0 1305469.725 1666.216 2.9652 0 0 0 
1490000 1490 1000.0 1322044.866 1664.576 2.9702 0 0 0 
1500000 1500 1000.0 1338251.034 1656.441 2.9711 0 0 0 
1510000 1510 1000.0 1354762.052 1655.887 2.971 0 0 0 
1520000 1520 1000.0 1371358.071 1657.526 2.972 0 0 0 
1530000 1530 1000.0 1388854.642 1674.571 2.9719 0 0 0 
1540000 1540 1000.0 1405825.258 1678.853 2.9745 0 0 0 
1550000 1550 1000.0 1422727.371 1681.132 2.974 0 0 0 
1560000 1560 1000.0 1439326.422 1676.867 2.9696 0 0 0 
1570000 1570 1000.0 1457022.985 1693.715 2.9708 0 0 0 
1580000 1580 1000.0 1474007.207 1694.301 2.9694 0 0 0 
1590000 1590 1000.0 1491445.767 1703.237 2.973 0 0 0 
1600000 1600 1000.0 1509169.635 1715.776 2.9782 0 0 0 
1610000 1610 1000.0 1526665.034 1721.908 2.9745 0 0 0 
1620000 1620 1000.0 1544106.264 1726.436 2.9685 0 0 0 
1630000 1630 1000.0 1561627.832 1731.07 2.9679 0 0 0 
1640000 1640 1000.0 1578926.844 1730.577 2.9735 0 0 0 
1650000 1650 1000.0 1595408.179 1715.547 2.9723 0 0 0 
1660000 1660 1000.0 1612846.708 1720.41 2.9661 0 0 0 
1670000 1670 1000.0 1630046.945 1720.715 2.9697 0 0 0 
1680000 1680 1000.0 1647499.951 1724.941 2.9785 0 0 0 
1690000 1690 1000.0 1664670.588 1723.463 2.976 0 0 0 
1700000 1700 1000.0 1681810.662 1721.725 2.9736 0 0 0 
1710000 1710 1000.0 1698116.342 1705.332 2.9739 0 0 0 
1720000 1720 1000.0 1715264.628 1707.555 2.976 0 0 0 
1730000 1730 1000.0 1732290.209 1706.166 2.9755 0 0 0 
1740000 1740 1000.0 1748384.95 1688.668 2.9672 0 0 0 
1750000 1750 1000.0 1765404.454 1690.737 2.9543 0 0 0 
1760000 1760 1000.0 1782388.121 1692.576 2.9467 0 0 0 
1770000 1770 1000.0 1799395.243 1693.843 2.9589 0 0 0 
1780000 1780 1000.0 1816937.758 1704.958 2.9659 0 0 0 
1790000 1790 1000.0 1833873.492 1702.66 2.9655 0 0 0 
1800000 1800 1000.0 1851143.486 1707.072 2.9635 0 0 0 
1810000 1810 1000.0 1868996.702 1721.24 2.9645 0 0 0 
1820000 1820 1000.0 1886597.489 1728.982 2.9623 0 0 0 
1830000 1830 1000.0 1904487.133 1739.806 2.9684 0 0 0 
1840000 1840 1000.0 1921383.864 1731.568 2.9677 0 0 0 
1850000 1850 1000.0 1938670.518 1731.452 2.9659 0 0 0 
1860000 1860 1000.0 1955402.861 1721.105 2.9684 0 0 0 
1870000 1870 1000.0 1972382.127 1716.551 2.9673 0 0 0 
1880000 1880 1000.0 1989626.905 1718.026 2.9688 0 0 0 
1890000 1890 1000.0 2006442.163 1711.066 2.9728 0 0 0 
1900000 1900 1000.0 2023289.714 1705.483 2.9742 0 0 0 
1910000 1910 1000.0 2041140.202 1720.263 2.9782 0 0 0 
1920000 1920 1000.0 2054310.596 1643.576 2.9744 0 0 0 
1930000 1930 1000.0 2071324.709 1654.495 2.983 0 0 0 
1940000 1940 1000.0 2088762.071 1670.782 2.9812 0 0 0 
1950000 1950 1000.0 2105891.163 1678.557 2.9834 0 0 0 
1960000 1960 1000.0 2123530.528 1694.176 2.9853 0 0 0 
1970000 1970 1000.0 2140854.631 1701.181 2.9806 0 0 0 
1980000 1980 1000.0 2155089.952 1653.005 2.9865 0 0 0 
1990000 1990 1000.0 2171881.973 1657.944 2.9934 0 0 0 
2000000 2000 1000.0 2188529.327 1659.0 2.9893 0 0 0 
2010000 2010 1000.0 2205368.005 1663.3 2.9949 0 0 0 
2020000 2020 1000.0 2222828.105 1678.11 2.9999 0 0 0 
2030000 2030 1000.0 2240636.998 1696.895 3.0025 0 0 0 
2040000 2040 1000.0 2257919.531 1702.296 3.0033 0 0 0 
2050000 2050 1000.0 2275871.52 1719.201 2.9963 0 0 0 
2060000 2060 1000.0 2293413.554 1725.16 2.9891 0 0 0 
2070000 2070 1000.0 2311453.715 1740.135 2.991 0 0 0 
2080000 2080 1000.0 2330000.958 1761.178 2.9872 0 0 0 
2090000 2090 1000.0 2348019.02 1768.893 2.9889 0 0 0 
2100000 2100 1000.0 2366142.92 1776.7 2.9895 0 0 0 
2110000 2110 1000.0 2384179.953 1782.097 2.9931 0 0 0 
2120000 2120 1000.0 2402485.296 1791.084 2.9923 0 0 0 
2130000 2130 1000.0 2420771.953 1798.199 2.9969 0 0 0 
2140000 2140 1000.0 2438773.507 1798.349 3.003 0 0 0 
2150000 2150 1000.0 2454913.17 1764.36 2.9946 0 0 0 
2160000 2160 1000.0 2472468.901 1763.128 3.0002 0 0 0 
2170000 2170 1000.0 2486823.456 1702.713 2.9916 0 0 0 
2180000 2180 1000.0 2500024.189 1638.195 2.9744 0 0 0 
2190000 2190 1000.0 2516030.681 1633.487 2.9803 0 0 0 
2200000 2200 1000.0 2531873.782 1626.046 2.9784 0 0 0 
2210000 2210 1000.0 2549742.17 1655.239 2.9779 0 0 0 
2220000 2220 1000.0 2568038.276 1687.763 2.9749 0 0 0 
2230000 2230 1000.0 2586399.432 1715.074 2.9703 0 0 0 
2240000 2240 1000.0 2604626.648 1734.942 2.9727 0 0 0 
2250000 2250 1000.0 2622574.507 1745.945 2.9807 0 0 0 
2260000 2260 1000.0 2641120.939 1765.287 2.9761 0 0 0 
2270000 2270 1000.0 2658361.74 1758.111 2.9713 0 0 0 
2280000 2280 1000.0 2673520.333 1716.434 2.962 0 0 0 
2290000 2290 1000.0 2690845.954 1719.561 2.96 0 0 0 
2300000 2300 1000.0 2708196.679 1723.117 2.9636 0 0 0 
2310000 2310 1000.0 2726531.072 1743.862 2.9628 0 0 0 
2320000 2320 1000.0 2745187.524 1765.875 2.9667 0 0 0 
2330000 2330 1000.0 2763304.699 1774.769 2.9689 0 0 0 
2340000 2340 1000.0 2781552.434 1783.815 2.9715 0 0 0 
2350000 2350 1000.0 2799479.934 1785.776 2.9725 0 0 0 
2360000 2360 1000.0 2817722.896 1792.776 2.9709 0 0 0 
2370000 2370 1000.0 2836185.771 1803.393 2.9843 0 0 0 
2380000 2380 1000.0 2854743.888 1813.535 2.9761 0 0 0 
2390000 2390 1000.0 2873148.857 1818.431 2.9754 0 0 0 
2400000 2400 1000.0 2891574.643 1822.843 2.9827 0 0 0 
2410000 2410 1000.0 2909610.93 1819.031 2.9798 0 0 0 
2420000 2420 1000.0 2928383.876 1829.673 2.9836 0 0 0 
2430000 2430 1000.0 2947519.073 1845.045 2.9892 0 0 0 
2440000 2440 1000.0 2965789.527 1841.751 2.9836 0 0 0 
2450000 2450 1000.0 2983784.968 1835.032 2.9889 0 0 0 
2460000 2460 1000.0 3002257.833 1837.386 2.9835 0 0 0 
2470000 2470 1000.0 3016043.348 1756.133 2.9809 0 0 0 
2480000 2480 1000.0 3031741.148 1725.861 2.9786 0 0 0 
2490000 2490 1000.0 3049685.622 1738.649 2.9772 0 0 0 
2500000 2500 1000.0 3068513.973 1764.884 2.9829 0 0 0 
2510000 2510 1000.0 3086884.156 1777.666 2.9842 0 0 0 
2520000 2520 1000.0 3105444.545 1791.353 2.9805 0 0 0 
2530000 2530 1000.0 3122931.192 1783.921 2.9763 0 0 0 
2540000 2540 1000.0 3141381.524 1795.685 2.9833 0 0 0 
2550000 2550 1000.0 3159158.479 1792.218 2.9787 0 0 0 
2560000 2560 1000.0 3173698.785 1726.699 2.9779 0 0 0 
2570000 2570 1000.0 3190607.754 1718.44 2.9766 0 0 0 
2580000 2580 1000.0 3208519.879 1732.174 2.9734 0 0 0 
2590000 2590 1000.0 3226451.884 1743.652 2.9702 0 0 0 
2600000 2600 1000.0 3244002.731 1746.201 2.9638 0 0 0 
2610000 2610 1000.0 3262694.871 1768.333 2.9597 0 0 0 
2620000 2620 1000.0 3281219.144 1783.328 2.9739 0 0 0 
2630000 2630 1000.0 3298447.085 1773.585 2.9748 0 0 0 
2640000 2640 1000.0 3316828.764 1784.896 2.9809 0 0 0 
2650000 2650 1000.0 3335040.44 1791.73 2.982 0 0 0 
2660000 2660 1000.0 3352982.588 1791.937 2.9853 0 0 0 
2670000 2670 1000.0 3371386.622 1801.332 2.9901 0 0 0 
2680000 2680 1000.0 3389491.148 1802.688 2.9914 0 0 0 
2690000 2690 1000.0 3408131.201 1814.323 2.9946 0 0 0 
2700000 2700 1000.0 3426663.597 1821.529 2.9932 0 0 0 
2710000 2710 1000.0 3445294.61 1829.664 3.0022 0 0 0 
2720000 2720 1000.0 3463788.71 1832.706 3.0019 0 0 0 
2730000 2730 1000.0 3482324.183 1836.011 3.002 0 0 0 
2740000 2740 1000.0 3500872.17 1839.422 2.9953 0 0 0 
2750000 2750 1000.0 3519830.742 1849.945 2.992 0 0 0 
2760000 2760 1000.0 3538210.516 1847.631 2.9924 0 0 0 
2770000 2770 1000.0 3556524.017 1844.98 2.988 0 0 0 
2780000 2780 1000.0 3575842.528 1860.818 2.9779 0 0 0 
2790000 2790 1000.0 3594562.824 1863.409 2.9874 0 0 0 
2800000 2800 1000.0 3613191.155 1862.844 2.9763 0 0 0 
2810000 2810 1000.0 3630813.956 1843.916 2.9655 0 0 0 
2820000 2820 1000.0 3649500.599 1848.21 2.9672 0 0 0 
2830000 2830 1000.0 3667289.256 1835.501 2.9739 0 0 0 
2840000 2840 1000.0 3685641.638 1835.925 2.9749 0 0 0 
2850000 2850 1000.0 3704329.935 1841.616 2.9795 0 0 0 
2860000 2860 1000.0 3722965.938 1846.085 2.9823 0 0 0 
2870000 2870 1000.0 3740601.885 1830.441 2.9844 0 0 0 
2880000 2880 1000.0 3759407.438 1839.89 2.9888 0 0 0 
2890000 2890 1000.0 3777153.532 1828.019 2.9879 0 0 0 
2900000 2900 1000.0 3795192.142 1823.698 2.9915 0 0 0 
2910000 2910 1000.0 3813936.325 1833.51 2.9949 0 0 0 
2920000 2920 1000.0 3832458.805 1837.086 2.9912 0 0 0 
2930000 2930 1000.0 3851297.231 1845.515 3.0018 0 0 0 
2940000 2940 1000.0 3869924.858 1848.578 3.0032 0 0 0 
2950000 2950 1000.0 3888041.014 1842.06 2.9993 0 0 0 
2960000 2960 1000.0 3906626.441 1845.86 3.0037 0 0 0 
2970000 2970 1000.0 3925458.197 1853.158 2.9991 0 0 0 
2980000 2980 1000.0 3943393.179 1842.405 2.9951 0 0 0 
2990000 2990 1000.0 3962208.088 1849.671 2.9972 0 0 0 
3000000 3000 1000.0 3981410.047 1862.14 2.9888 0 0 0 
3010000 3010 1000.0 4000383.301 1868.637 2.9889 0 0 0 
3020000 3020 1000.0 4019310.155 1873.034 2.9922 0 0 0 
3030000 3030 1000.0 4037958.759 1871.662 2.9924 0 0 0 
3040000 3040 1000.0 4057185.902 1881.016 2.9979 0 0 0 
3050000 3050 1000.0 4076519.67 1890.484 2.9966 0 0 0 
3060000 3060 1000.0 4096139.721 1904.218 2.9943 0 0 0 
3070000 3070 1000.0 4115101.172 1902.374 2.992 0 0 0 
3080000 3080 1000.0 4134520.588 1909.789 2.9908 0 0 0 
3090000 3090 1000.0 4153655.245 1910.845 2.9903 0 0 0 
3100000 3100 1000.0 4172539.145 1906.633 2.9928 0 0 0 
3110000 3110 1000.0 4191397.689 1902.728 2.9846 0 0 0 
3120000 3120 1000.0 4210752.179 1909.178 2.9753 0 0 0 
3130000 3130 1000.0 4230279.684 1916.704 2.9836 0 0 0 
3140000 3140 1000.0 4249146.179 1911.091 2.9956 0 0 0 
3150000 3150 1000.0 4268305.007 1912.379 2.9973 0 0 0 
3160000 3160 1000.0 4288003.291 1923.146 2.9937 0 0 0 
3170000 3170 1000.0 4306719.99 1913.699 2.9967 0 0 0 
3180000 3180 1000.0 4325319.103 1903.55 3.0004 0 0 0 
3190000 3190 1000.0 4344861.287 1913.45 2.9969 0 0 0 
3200000 3200 1000.0 4364687.832 1926.094 2.9956 0 0 0 
3210000 3210 1000.0 4384106.315 1928.95 2.9907 0 0 0 
3220000 3220 1000.0 4403394.69 1928.413 2.987 0 0 0 
3230000 3230 1000.0 4422244.268 1920.717 2.996 0 0 0 
3240000 3240 1000.0 4440879.169 1910.585 3.0002 0 0 0 
3250000 3250 1000.0 4459931.226 1910.113 3.0026 0 0 0 
3260000 3260 1000.0 4478846.59 1907.295 3.0082 0 0 0 
3270000 3270 1000.0 4498150.989 1910.967 3.013 0 0 0 
3280000 3280 1000.0 4517291.851 1911.769 3.0138 0 0 0 
3290000 3290 1000.0 4536352.94 1910.807 3.0255 0 0 0 
3300000 3300 1000.0 4554983.164 1902.026 3.0182 0 0 0 
3310000 3310 1000.0 4574113.247 1903.515 3.0121 0 0 0 
3320000 3320 1000.0 4593094.54 1902.113 3.0091 0 0 0 
3330000 3330 1000.0 4610079.614 1866.287 3.0081 0 0 0 
3340000 3340 1000.0 4628888.266 1869.097 3.0117 0 0 0 
3350000 3350 1000.0 4647319.121 1864.6 3.0092 0 0 0 
3360000 3360 1000.0 4666046.957 1866.034 3.0101 0 0 0 
3370000 3370 1000.0 4684473.752 1862.769 3.0045 0 0 0 
3380000 3380 1000.0 4703158.796 1864.103 3.0095 0 0 0 
3390000 3390 1000.0 4721959.864 1866.902 3.0174 0 0 0 
3400000 3400 1000.0 4740939.903 1872.59 3.0138 0 0 0 
3410000 3410 1000.0 4760148.608 1881.355 3.0075 0 0 0 
3420000 3420 1000.0 4779422.595 1889.805 2.9923 0 0 0 
3430000 3430 1000.0 4798468.384 1892.93 2.9857 0 0 0 
3440000 3440 1000.0 4818115.768 1905.814 2.9873 0 0 0 
3450000 3450 1000.0 4837305.779 1908.087 2.9778 0 0 0 
3460000 3460 1000.0 4856797.669 1914.995 2.9792 0 0 0 
3470000 3470 1000.0 4875890.029 1914.15 2.9844 0 0 0 
3480000 3480 1000.0 4894849.901 1910.844 2.9853 0 0 0 
3490000 3490 1000.0 4913558.916 1903.411 2.9875 0 0 0 
3500000 3500 1000.0 4932831.942 1908.037 2.9865 0 0 0 
3510000 3510 1000.0 4952299.46 1915.013 2.9905 0 0 0 
3520000 3520 1000.0 4971365.229 1913.375 2.9957 0 0 0 
3530000 3530 1000.0 4990803.734 1919.171 2.9939 0 0 0 
3540000 3540 1000.0 5009936.944 1917.906 2.9909 0 0 0 
3550000 3550 1000.0 5028833.463 1912.708 2.9955 0 0 0 
3560000 3560 1000.0 5047743.489 1909.159 3.0023 0 0 0 
3570000 3570 1000.0 5066777.779 1908.256 2.9996 0 0 0 
3580000 3580 1000.0 5085281.689 1898.332 3.0034 0 0 0 
3590000 3590 1000.0 5103918.035 1892.095 3.0059 0 0 0 
3600000 3600 1000.0 5122832.953 1891.835 2.9999 0 0 0 
3610000 3610 1000.0 5142320.31 1902.2 2.993 0 0 0 
3620000 3620 1000.0 5161063.221 1897.011 3.0016 0 0 0 
3630000 3630 1000.0 5180153.694 1899.096 2.9991 0 0 0 
3640000 3640 1000.0 5199869.488 1912.628 3.001 0 0 0 
3650000 3650 1000.0 5219697.564 1925.573 3.008 0 0 0 
3660000 3660 1000.0 5238960.7 1925.891 3.0059 0 0 0 
3670000 3670 1000.0 5258563.261 1932.389 3.005 0 0 0 
3680000 3680 1000.0 5277507.504 1925.388 2.9986 0 0 0 
3690000 3690 1000.0 5296448.875 1919.871 3.0083 0 0 0 
3700000 3700 1000.0 5315022.118 1908.064 3.0026 0 0 0 
3710000 3710 1000.0 5333101.94 1889.847 3.0025 0 0 0 
3720000 3720 1000.0 5351344.412 1877.961 3.0039 0 0 0 
3730000 3730 1000.0 5369736.17 1871.23 2.9945 0 0 0 
3740000 3740 1000.0 5388791.787 1877.95 2.9887 0 0 0 
3750000 3750 1000.0 5407083.72 1869.353 3.0003 0 0 0 
3760000 3760 1000.0 5426296.411 1879.201 3.0017 0 0 0 
3770000 3770 1000.0 5445354.926 1883.965 3.0018 0 0 0 
3780000 3780 1000.0 5464067.167 1882.33 2.9964 0 0 0 
3790000 3790 1000.0 5482688.512 1878.168 2.9972 0 0 0 
3800000 3800 1000.0 5501236.695 1873.985 2.997 0 0 0 
3810000 3810 1000.0 5520369.706 1881.664 2.9916 0 0 0 
3820000 3820 1000.0 5539382.956 1884.964 2.9935 0 0 0 
3830000 3830 1000.0 5558414.522 1888.904 2.992 0 0 0 
3840000 3840 1000.0 5577407.929 1891.167 2.9914 0 0 0 
3850000 3850 1000.0 5596427.298 1893.382 2.9926 0 0 0 
3860000 3860 1000.0 5616279.529 1910.128 2.9989 0 0 0 
3870000 3870 1000.0 5635654.6 1915.26 3.0071 0 0 0 
3880000 3880 1000.0 5655374.283 1925.351 3.0104 0 0 0 
3890000 3890 1000.0 5675013.815 1932.481 3.0101 0 0 0 
3900000 3900 1000.0 5694921.097 1943.366 3.0089 0 0 0 
3910000 3910 1000.0 5715283.907 1960.553 3.0065 0 0 0 
3920000 3920 1000.0 5734763.162 1958.204 3.0016 0 0 0 
3930000 3930 1000.0 5754559.896 1961.662 3.0036 0 0 0 
3940000 3940 1000.0 5774519.815 1967.663 3.0012 0 0 0 
3950000 3950 1000.0 5794358.095 1970.91 2.9984 0 0 0 
3960000 3960 1000.0 5813129.317 1951.789 2.9973 0 0 0 
3970000 3970 1000.0 5832999.974 1958.313 2.997 0 0 0 
3980000 3980 1000.0 5852564.806 1958.283 3.0012 0 0 0 
3990000 3990 1000.0 5872456.895 1963.308 2.9967 0 0 0 
4000000 4000 1000.0 5892446.98 1969.85 3.002 0 0 0 
4010000 4010 1000.0 5912329.429 1973.723 3.0037 0 0 0 
4020000 4020 1000.0 5932433.026 1980.605 3.0004 0 0 0 
4030000 4030 1000.0 5952116.852 1978.009 2.9979 0 0 0 
4040000 4040 1000.0 5972181.596 1982.981 2.9994 0 0 0 
4050000 4050 1000.0 5993039.44 2002.138 3.002 0 0 0 
4060000 4060 1000.0 6013694.128 2013.782 3.0016 0 0 0 
4070000 4070 1000.0 6034198.275 2020.616 2.9979 0 0 0 
4080000 4080 1000.0 6055007.118 2031.48 2.9948 0 0 0 
4090000 4090 1000.0 6075797.407 2040.353 2.9961 0 0 0 
4100000 4100 1000.0 6096193.557 2040.113 3.0004 0 0 0 
4110000 4110 1000.0 6116072.419 2030.479 3.0003 0 0 0 
4120000 4120 1000.0 6135978.341 2023.304 2.9915 0 0 0 
4130000 4130 1000.0 6155588.07 2011.834 2.986 0 0 0 
4140000 4140 1000.0 6174853.991 1996.292 2.9856 0 0 0 
4150000 4150 1000.0 6194300.451 1986.883 2.9856 0 0 0 
4160000 4160 1000.0 6213288.895 1970.572 2.9874 0 0 0 
4170000 4170 1000.0 6232725.493 1965.52 2.9959 0 0 0 
4180000 4180 1000.0 6250288.919 1928.007 2.9935 0 0 0 
4190000 4190 1000.0 6268084.747 1901.997 2.9936 0 0 0 
4200000 4200 1000.0 6287918.642 1916.736 2.9907 0 0 0 
4210000 4210 1000.0 6306644.127 1908.124 2.9923 0 0 0 
4220000 4220 1000.0 6326098.044 1914.488 2.9844 0 0 0 
4230000 4230 1000.0 6345553.791 1920.029 2.986 0 0 0 
4240000 4240 1000.0 6365474.81 1933.43 2.9888 0 0 0 
4250000 4250 1000.0 6384559.651 1929.104 2.9884 0 0 0 
4260000 4260 1000.0 6404714.605 1945.373 2.9895 0 0 0 
4270000 4270 1000.0 6424994.983 1960.506 2.9894 0 0 0 
4280000 4280 1000.0 6444126.711 1952.187 3.0028 0 0 0 
4290000 4290 1000.0 6463180.333 1943.845 2.9983 0 0 0 
4300000 4300 1000.0 6483011.558 1950.809 2.9869 0 0 0 
4310000 4310 1000.0 6503367.611 1966.072 2.9831 0 0 0 
4320000 4320 1000.0 6522962.157 1964.591 2.9871 0 0 0 
4330000 4330 1000.0 6542658.475 1965.702 2.9809 0 0 0 
4340000 4340 1000.0 6562805.489 1974.508 2.9809 0 0 0 
4350000 4350 1000.0 6582713.501 1977.6 2.9842 0 0 0 
4360000 4360 1000.0 6602372.085 1975.661 2.9785 0 0 0 
4370000 4370 1000.0 6620930.919 1953.841 2.9783 0 0 0 
4380000 4380 1000.0 6641261.189 1968.969 2.9755 0 0 0 
4390000 4390 1000.0 6661000.614 1969.603 2.9684 0 0 0 
4400000 4400 1000.0 6681077.857 1976.648 2.9795 0 0 0 
4410000 4410 1000.0 6701489.61 1988.295 2.9858 0 0 0 
4420000 4420 1000.0 6721350.479 1987.902 2.992 0 0 0 
4430000 4430 1000.0 6741238.01 1988.021 2.9955 0 0 0 
4440000 4440 1000.0 6760674.986 1980.08 2.9959 0 0 0 
4450000 4450 1000.0 6780587.497 1982.457 2.9905 0 0 0 
4460000 4460 1000.0 6800142.486 1977.08 2.9953 0 0 0 
4470000 4470 1000.0 6820416.91 1986.187 2.9936 0 0 0 
4480000 4480 1000.0 6838930.195 1962.609 2.9995 0 0 0 
4490000 4490 1000.0 6856108.087 1911.114 3.0035 0 0 0 
4500000 4500 1000.0 6874682.775 1902.298 3.0027 0 0 0 
4510000 4510 1000.0 6894470.917 1916.198 2.9965 0 0 0 
4520000 4520 1000.0 6914106.157 1924.675 3.004 0 0 0 
4530000 4530 1000.0 6928668.314 1835.454 3.0035 0 0 0 
4540000 4540 1000.0 6948236.319 1857.448 3.0057 0 0 0 
4550000 4550 1000.0 6966794.766 1856.762 3.0042 0 0 0 
4560000 4560 1000.0 6985701.097 1864.107 2.9988 0 0 0 
4570000 4570 1000.0 7005946.747 1893.219 2.9955 0 0 0 
4580000 4580 1000.0 7025776.385 1909.952 2.9933 0 0 0 
4590000 4590 1000.0 7045804.371 1927.051 2.9903 0 0 0 
4600000 4600 1000.0 7065864.648 1940.581 2.9849 0 0 0 
4610000 4610 1000.0 7086777.401 1967.716 2.9789 0 0 0 
4620000 4620 1000.0 7106857.701 1974.241 2.9826 0 0 0 
4630000 4630 1000.0 7126925.999 1979.98 2.9849 0 0 0 
4640000 4640 1000.0 7146869.532 1982.713 2.9843 0 0 0 
4650000 4650 1000.0 7166228.864 1974.021 2.9903 0 0 0 
4660000 4660 1000.0 7184203.032 1940.707 2.9876 0 0 0 
4670000 4670 1000.0 7203782.988 1943.845 2.9916 0 0 0 
4680000 4680 1000.0 7223856.263 1955.585 2.9865 0 0 0 
4690000 4690 1000.0 7244052.066 1966.963 2.9924 0 0 0 
4700000 4700 1000.0 7261666.077 1928.992 2.9865 0 0 0 
4710000 4710 1000.0 7281990.554 1947.747 2.9819 0 0 0 
4720000 4720 1000.0 7302451.31 1966.266 2.9877 0 0 0 
4730000 4730 1000.0 7322904.141 1980.706 2.9888 0 0 0 
4740000 4740 1000.0 7342701.608 1980.609 2.9776 0 0 0 
4750000 4750 1000.0 7362722.094 1984.847 2.9809 0 0 0 
4760000 4760 1000.0 7383179.096 1995.971 2.9845 0 0 0 
4770000 4770 1000.0 7403796.785 2007.841 2.9789 0 0 0 
4780000 4780 1000.0 7423720.43 2005.335 2.9812 0 0 0 
4790000 4790 1000.0 7443875.939 2007.402 2.9713 0 0 0 
4800000 4800 1000.0 7463926.393 2006.965 2.9745 0 0 0 
4810000 4810 1000.0 7483469.263 1997.476 2.9823 0 0 0 
4820000 4820 1000.0 7503060.724 1990.607 2.9757 0 0 0 
4830000 4830 1000.0 7522900.539 1989.631 2.9795 0 0 0 
4840000 4840 1000.0 7543285.415 1997.862 2.9829 0 0 0 
4850000 4850 1000.0 7562989.206 1992.843 2.9855 0 0 0 
4860000 4860 1000.0 7582842.501 1991.764 2.982 0 0 0 
4870000 4870 1000.0 7603019.301 1996.722 2.9889 0 0 0 
4880000 4880 1000.0 7622766.537 1992.505 2.986 0 0 0 
4890000 4890 1000.0 7641119.962 1965.921 2.9824 0 0 0 
4900000 4900 1000.0 7660610.043 1962.547 2.9824 0 0 0 
4910000 4910 1000.0 7679805.774 1954.076 2.9755 0 0 0 
4920000 4920 1000.0 7699097.168 1949.679 2.9794 0 0 0 
4930000 4930 1000.0 7718110.466 1940.803 2.9806 0 0 0 
4940000 4940 1000.0 7738056.733 1950.377 2.9808 0 0 0 
4950000 4950 1000.0 7758043.021 1958.901 2.9901 0 0 0 
4960000 4960 1000.0 7777893.096 1963.287 2.9886 0 0 0 
4970000 4970 1000.0 7797143.548 1956.596 2.9863 0 0 0 
4980000 4980 1000.0 7815994.326 1943.348 2.9875 0 0 0 
4990000 4990 1000.0 7835504.149 1945.483 2.9836 0 0 0 
5000000 5000 1000.0 7855193.023 1949.85 2.9906 0 0 0 
5010000 5010 1000.0 7875467.638 1964.536 2.9899 0 0 0 
5020000 5020 1000.0 7895292.923 1967.726 2.9949 0 0 0 
5030000 5030 1000.0 7915044.812 1969.007 2.9929 0 0 0 
5040000 5040 1000.0 7934625.69 1966.773 2.9957 0 0 0 
5050000 5050 1000.0 7953928.546 1960.149 2.9978 0 0 0 
5060000 5060 1000.0 7973955.311 1968.351 2.99 0 0 0 
5070000 5070 1000.0 7993549.199 1966.446 2.9959 0 0 0 
5080000 5080 1000.0 8013650.997 1974.182 2.9971 0 0 0 
5090000 5090 1000.0 8033319.892 1972.666 2.9921 0 0 0 
5100000 5100 1000.0 8053355.1 1978.487 3.0004 0 0 0 
5110000 5110 1000.0 8074027.581 1994.742 3.0064 0 0 0 
5120000 5120 1000.0 8093954.412 1993.907 3.0098 0 0 0 
5130000 5130 1000.0 8113368.15 1984.135 3.0065 0 0 0 
5140000 5140 1000.0 8133107.754 1981.687 3.004 0 0 0 
5150000 5150 1000.0 8153409.33 1990.208 2.9943 0 0 0 
5160000 5160 1000.0 8173852.812 2000.07 2.9886 0 0 0 
5170000 5170 1000.0 8193500.274 1993.408 2.9889 0 0 0 
5180000 5180 1000.0 8214118.812 2005.703 2.9903 0 0 0 
5190000 5190 1000.0 8233595.985 1995.844 2.9925 0 0 0 
5200000 5200 1000.0 8251769.326 1961.174 2.9841 0 0 0 
5210000 5210 1000.0 8271443.808 1962.489 2.9824 0 0 0 
5220000 5220 1000.0 8291006.18 1961.412 2.9723 0 0 0 
5230000 5230 1000.0 8310839.796 1965.441 2.9704 0 0 0 
5240000 5240 1000.0 8330271.528 1961.386 2.9802 0 0 0 
5250000 5250 1000.0 8350554.067 1973.066 2.9758 0 0 0 
5260000 5260 1000.0 8370246.142 1972.417 2.9715 0 0 0 
5270000 5270 1000.0 8389583.439 1965.35 2.966 0 0 0 
5280000 5280 1000.0 8410102.403 1981.267 2.973 0 0 0 
5290000 5290 1000.0 8429961.001 1982.208 2.9841 0 0 0 
5300000 5300 1000.0 8449114.615 1970.145 2.9817 0 0 0 
5310000 5310 1000.0 8468833.918 1970.744 2.9832 0 0 0 
5320000 5320 1000.0 8488303.651 1966.463 2.9796 0 0 0 
5330000 5330 1000.0 8508066.112 1968.296 2.981 0 0 0 
5340000 5340 1000.0 8528143.954 1975.446 2.9891 0 0 0 
5350000 5350 1000.0 8548138.257 1979.431 2.9899 0 0 0 
5360000 5360 1000.0 8568021.832 1981.027 2.985 0 0 0 
5370000 5370 1000.0 8587784.855 1980.381 2.9846 0 0 0 
5380000 5380 1000.0 8607644.296 1981.601 2.9775 0 0 0 
5390000 5390 1000.0 8627056.996 1974.077 2.9901 0 0 0 
5400000 5400 1000.0 8646378.968 1966.488 2.996 0 0 0 
5410000 5410 1000.0 8665742.036 1959.882 2.9885 0 0 0 
5420000 5420 1000.0 8684988.936 1953.149 2.9872 0 0 0 
5430000 5430 1000.0 8704620.697 1954.756 2.9829 0 0 0 
5440000 5440 1000.0 8723909.46 1950.155 2.9893 0 0 0 
5450000 5450 1000.0 8743464.689 1951.564 2.9888 0 0 0 
5460000 5460 1000.0 8762900.907 1950.446 2.9948 0 0 0 
5470000 5470 1000.0 8782929.651 1960.07 2.9918 0 0 0 
5480000 5480 1000.0 8802029.257 1950.441 2.9977 0 0 0 
5490000 5490 1000.0 8821469.399 1949.9 2.9965 0 0 0 
5500000 5500 1000.0 8841338.341 1956.744 3.0026 0 0 0 
5510000 5510 1000.0 8861005.098 1958.032 3.0058 0 0 0 
5520000 5520 1000.0 8880865.882 1963.251 2.9995 0 0 0 
5530000 5530 1000.0 8900101.253 1956.249 2.9947 0 0 0 
5540000 5540 1000.0 8919333.599 1950.352 3.0033 0 0 0 
5550000 5550 1000.0 8938356.613 1941.192 3.0029 0 0 0 
5560000 5560 1000.0 8957814.975 1942.607 2.9974 0 0 0 
5570000 5570 1000.0 8977345.93 1944.399 2.9987 0 0 0 
5580000 5580 1000.0 8996968.645 1947.798 3.0037 0 0 0 
5590000 5590 1000.0 9016701.297 1952.394 2.9991 0 0 0 
5600000 5600 1000.0 9036139.329 1950.481 2.9988 0 0 0 
5610000 5610 1000.0 9055913.775 1955.531 2.9975 0 0 0 
5620000 5620 1000.0 9075320.362 1953.08 2.9981 0 0 0 
5630000 5630 1000.0 9095157.348 1958.63 3.0009 0 0 0 
5640000 5640 1000.0 9114898.357 1961.108 2.9962 0 0 0 
5650000 5650 1000.0 9134794.685 1966.226 2.9966 0 0 0 
5660000 5660 1000.0 9154873.901 1973.875 2.9931 0 0 0 
5670000 5670 1000.0 9174149.31 1965.877 2.9954 0 0 0 
5680000 5680 1000.0 9193783.936 1965.472 2.9921 0 0 0 
5690000 5690 1000.0 9213745.3 1970.832 2.9868 0 0 0 
5700000 5700 1000.0 9233256.385 1967.427 2.9853 0 0 0 
5710000 5710 1000.0 9252333.969 1956.331 2.9837 0 0 0 
5720000 5720 1000.0 9272045.047 1958.636 2.9845 0 0 0 
5730000 5730 1000.0 9291984.806 1964.926 2.9877 0 0 0 
5740000 5740 1000.0 9311363.212 1959.795 2.9883 0 0 0 
5750000 5750 1000.0 9330861.002 1957.751 2.9913 0 0 0 
5760000 5760 1000.0 9350359.135 1956.465 2.99 0 0 0 
5770000 5770 1000.0 9370297.13 1963.878 2.9909 0 0 0 
5780000 5780 1000.0 9390168.091 1968.24 2.9924 0 0 0 
5790000 5790 1000.0 9410010.865 1970.901 3.0025 0 0 0 
5800000 5800 1000.0 9429662.191 1970.271 3.0093 0 0 0 
5810000 5810 1000.0 9449701.045 1976.854 3.0007 0 0 0 
5820000 5820 1000.0 9470238.601 1990.835 3.0007 0 0 0 
5830000 5830 1000.0 9489973.877 1986.959 2.9975 0 0 0 
5840000 5840 1000.0 9509936.976 1988.58 3.0059 0 0 0 
5850000 5850 1000.0 9529824.497 1988.547 3.0156 0 0 0 
5860000 5860 1000.0 9550321.841 1999.724 3.0068 0 0 0 
5870000 5870 1000.0 9570894.014 2009.918 3.0008 0 0 0 
5880000 5880 1000.0 9590866.881 2007.557 2.9984 0 0 0 
5890000 5890 1000.0 9610703.465 2003.558 2.9975 0 0 0 
5900000 5900 1000.0 9630454.653 1998.356 3.0042 0 0 0 
5910000 5910 1000.0 9649639.935 1984.112 3.0012 0 0 0 
5920000 5920 1000.0 9669418.746 1983.488 3.0003 0 0 0 
5930000 5930 1000.0 9689019.156 1979.495 3.0002 0 0 0 
5940000 5940 1000.0 9708897.182 1981.625 3.0027 0 0 0 
5950000 5950 1000.0 9728659.351 1980.846 2.9996 0 0 0 
5960000 5960 1000.0 9748856.834 1988.033 2.9997 0 0 0 
5970000 5970 1000.0 9768720.435 1988.243 2.997 0 0 0 
5980000 5980 1000.0 9788267.386 1982.129 3.0024 0 0 0 
5990000 5990 1000.0 9808263.367 1985.39 3.0084 0 0 0 
6000000 6000 1000.0 9828537.774 1992.84 3.0102 0 0 0 
